
          -------------------------------------------------------
          Amber 18 PMEMD                              2018
          -------------------------------------------------------

| PMEMD implementation of SANDER, Release 18

| Run on 04/22/2022 at 01:10:24

|   Executable path: pmemd
| Working directory: /bgfs/lchong/dty7/ff15ipq-lig/charges/gaff_00/GenConformers/Conf1
|          Hostname: smp-n123

  [-O]verwriting output

File Assignments:
|   MDIN: ../../../amber/6.2_eq1.in                                             
|  MDOUT: 6.2_eq1.out                                                           
| INPCRD: 6.1_min.rst                                                           
|   PARM: ../../mon.top                                                         
| RESTRT: 6.2_eq1.rst                                                           
|   REFC: 6.1_min.rst                                                           
|  MDVEL: mdvel                                                                 
|   MDEN: mden                                                                  
|  MDCRD: mdcrd                                                                 
| MDINFO: mdinfo                                                                
|  MDFRC: mdfrc                                                                 

 
 Here is the input file:
 
&cntrl                                                                         
  imin      = 0,                                                               
  irest     = 0,                                                               
  ntx       = 1,                                                               
  ig        = -1,                                                              
  dt        = 0.002,                                                           
  nstlim    = 10000,                                                           
  nscm      = 500,                                                             
  ntr       = 1,                                                               
  restraintmask = ':1',                                                        
  restraint_wt  = 10.0,                                                        
  ntb       = 1,                                                               
  ntp       = 0,                                                               
  ntt       = 3,                                                               
  tempi     = 298.0,                                                           
  temp0     = 298.0,                                                           
  gamma_ln  = 1.0,                                                             
  ntf       = 2,                                                               
  ntc       = 2,                                                               
  cut       = 10.0,                                                            
  ntpr      = 500,                                                             
  ntxo      = 2,                                                               
  ntwr      = 10000,                                                           
  ioutfm    = 1,                                                               
  ntwx      = 500,                                                             
  iwrap     = 1,                                                               
&end                                                                           


Note: ig = -1. Setting random seed to   835269 based on wallclock time in 
      microseconds.
| irandom = 1, using AMBER's internal random number generator (default).
 
 
| Conditional Compilation Defines Used:
| PUBFFT
| BINTRAJ
| MKL
| EMIL
 
| Largest sphere to fit in unit cell has radius =    14.936

| New format PARM file being parsed.
| Version =    1.000 Date = 04/21/22 Time = 16:39:25

| Note: 1-4 EEL scale factors are being read from the topology file.

| Note: 1-4 VDW scale factors are being read from the topology file.
| Duplicated    0 dihedrals

| Duplicated    0 dihedrals

--------------------------------------------------------------------------------
   1.  RESOURCE   USE: 
--------------------------------------------------------------------------------

 getting box info from netcdf restart file
 NATOM  =    3240 NTYPES =      13 NBONH =    3220 MBONA  =      21
 NTHETH =      33 MTHETA =      29 NPHIH =      60 MPHIA  =      45
 NHPARM =       0 NPARM  =       0 NNB   =    4456 NRES   =    1069
 NBONA  =      21 NTHETA =      29 NPHIA =      45 NUMBND =      22
 NUMANG =      35 NPTRA  =      18 NATYP =      17 NPHB   =       0
 IFBOX  =       2 NMXRS  =      36 IFCAP =       0 NEXTRA =       0
 NCOPY  =       0

| Coordinate Index Table dimensions:     5    5    5
| Direct force subcell size =     7.3169    7.3169    7.3169

     BOX TYPE: TRUNCATED OCTAHEDRON

--------------------------------------------------------------------------------
   2.  CONTROL  DATA  FOR  THE  RUN
--------------------------------------------------------------------------------

MON                                                                             

General flags:
     imin    =       0, nmropt  =       0

Nature and format of input:
     ntx     =       1, irest   =       0, ntrx    =       1

Nature and format of output:
     ntxo    =       2, ntpr    =     500, ntrx    =       1, ntwr    =   10000
     iwrap   =       1, ntwx    =     500, ntwv    =       0, ntwe    =       0
     ioutfm  =       1, ntwprt  =       0, idecomp =       0, rbornstat=      0

Potential function:
     ntf     =       2, ntb     =       1, igb     =       0, nsnb    =      25
     ipol    =       0, gbsa    =       0, iesp    =       0
     dielc   =   1.00000, cut     =  10.00000, intdiel =   1.00000

Frozen or restrained atoms:
     ibelly  =       0, ntr     =       1
     restraint_wt =  10.00000

Molecular dynamics:
     nstlim  =     10000, nscm    =         0, nrespa  =         1
     t       =   0.00000, dt      =   0.00200, vlimit  =  20.00000

Langevin dynamics temperature regulation:
     ig      =  835269
     temp0   = 298.00000, tempi   = 298.00000, gamma_ln=   1.00000

SHAKE:
     ntc     =       2, jfastw  =       0
     tol     =   0.00001

| Intermolecular bonds treatment:
|     no_intermolecular_bonds =       1

| Energy averages sample interval:
|     ene_avg_sampling =     500

Ewald parameters:
     verbose =       0, ew_type =       0, nbflag  =       1, use_pme =       1
     vdwmeth =       1, eedmeth =       1, netfrc  =       1
     Box X =   36.584   Box Y =   36.584   Box Z =   36.584
     Alpha =  109.471   Beta  =  109.471   Gamma =  109.471
     NFFT1 =   40       NFFT2 =   40       NFFT3 =   40
     Cutoff=   10.000   Tol   =0.100E-04
     Ewald Coefficient =  0.27511
     Interpolation order =    4

    LOADING THE CONSTRAINED ATOMS AS GROUPS


   5.  REFERENCE ATOM COORDINATES

  MON                                                                             
     Mask :1; matches    36 atoms

--------------------------------------------------------------------------------
   3.  ATOMIC COORDINATES AND VELOCITIES
--------------------------------------------------------------------------------

MON                                                                             
 begin time read from input coords =     0.000 ps

 
 Number of triangulated 3-point waters found:     1068

     Sum of charges from parm topology file =  -0.00200217
     Forcing neutrality...

| Dynamic Memory, Types Used:
| Reals              237795
| Integers            92714

| Nonbonded Pairs Initial Allocation:      980019

--------------------------------------------------------------------------------
   4.  RESULTS
--------------------------------------------------------------------------------

 ---------------------------------------------------
 APPROXIMATING switch and d/dx switch using CUBIC SPLINE INTERPOLATION
 using   5000.0 points per unit in tabled values
 TESTING RELATIVE ERROR over r ranging from 0.0 to cutoff
| CHECK switch(x): max rel err =   0.3316E-14   at   2.351880
| CHECK d/dx switch(x): max rel err =   0.8066E-11   at   2.747240
 ---------------------------------------------------
|---------------------------------------------------
| APPROXIMATING direct energy using CUBIC SPLINE INTERPOLATION
|  with   50.0 points per unit in tabled values
| Relative Error Limit not exceeded for r .gt.   2.34
| APPROXIMATING direct force using CUBIC SPLINE INTERPOLATION
|  with   50.0 points per unit in tabled values
| Relative Error Limit not exceeded for r .gt.   2.81
|---------------------------------------------------

 NSTEP =        0   TIME(PS) =       0.000  TEMP(K) =   448.85  PRESS =     0.0
 Etot   =    -14463.7001  EKtot   =      2898.8199  EPtot      =    -17362.5200
 BOND   =         1.1308  ANGLE   =         5.1605  DIHED      =         7.9534
 1-4 NB =        10.0817  1-4 EEL =      -244.5560  VDWAALS    =      3705.2434
 EELEC  =    -20847.5338  EHBOND  =         0.0000  RESTRAINT  =         0.0000
 Ewald error estimate:   0.1230E-03
 ------------------------------------------------------------------------------


 NSTEP =      500   TIME(PS) =       1.000  TEMP(K) =   253.59  PRESS =     0.0
 Etot   =    -11177.5550  EKtot   =      1637.7901  EPtot      =    -12815.3451
 BOND   =         6.4788  ANGLE   =        14.3077  DIHED      =         9.8967
 1-4 NB =        10.9929  1-4 EEL =      -243.8450  VDWAALS    =      2500.6972
 EELEC  =    -15121.5989  EHBOND  =         0.0000  RESTRAINT  =         7.7256
 EAMBER (non-restraint)  =    -12823.0706
 Ewald error estimate:   0.5222E-04
 ------------------------------------------------------------------------------


 NSTEP =     1000   TIME(PS) =       2.000  TEMP(K) =   283.03  PRESS =     0.0
 Etot   =    -10710.9172  EKtot   =      1827.8974  EPtot      =    -12538.8146
 BOND   =         6.6261  ANGLE   =        14.8074  DIHED      =        10.2968
 1-4 NB =        12.0209  1-4 EEL =      -245.9128  VDWAALS    =      2447.9250
 EELEC  =    -14791.7676  EHBOND  =         0.0000  RESTRAINT  =         7.1896
 EAMBER (non-restraint)  =    -12546.0042
 Ewald error estimate:   0.1878E-03
 ------------------------------------------------------------------------------


 NSTEP =     1500   TIME(PS) =       3.000  TEMP(K) =   290.34  PRESS =     0.0
 Etot   =    -10514.0228  EKtot   =      1875.1400  EPtot      =    -12389.1628
 BOND   =         4.7458  ANGLE   =        13.9346  DIHED      =         9.4134
 1-4 NB =        10.0702  1-4 EEL =      -244.5833  VDWAALS    =      2271.7367
 EELEC  =    -14460.1236  EHBOND  =         0.0000  RESTRAINT  =         5.6434
 EAMBER (non-restraint)  =    -12394.8062
 Ewald error estimate:   0.2350E-03
 ------------------------------------------------------------------------------


 NSTEP =     2000   TIME(PS) =       4.000  TEMP(K) =   293.20  PRESS =     0.0
 Etot   =    -10499.5148  EKtot   =      1893.6084  EPtot      =    -12393.1232
 BOND   =         8.2973  ANGLE   =        17.2083  DIHED      =        11.9450
 1-4 NB =        11.1269  1-4 EEL =      -247.6899  VDWAALS    =      2357.2945
 EELEC  =    -14562.8585  EHBOND  =         0.0000  RESTRAINT  =        11.5532
 EAMBER (non-restraint)  =    -12404.6763
 Ewald error estimate:   0.1174E-03
 ------------------------------------------------------------------------------


 NSTEP =     2500   TIME(PS) =       5.000  TEMP(K) =   286.25  PRESS =     0.0
 Etot   =    -10483.0929  EKtot   =      1848.6953  EPtot      =    -12331.7882
 BOND   =         4.1207  ANGLE   =        14.1381  DIHED      =        11.5501
 1-4 NB =        12.0769  1-4 EEL =      -245.0520  VDWAALS    =      2205.0111
 EELEC  =    -14340.3789  EHBOND  =         0.0000  RESTRAINT  =         6.7458
 EAMBER (non-restraint)  =    -12338.5340
 Ewald error estimate:   0.5679E-03
 ------------------------------------------------------------------------------


 NSTEP =     3000   TIME(PS) =       6.000  TEMP(K) =   295.97  PRESS =     0.0
 Etot   =    -10400.8639  EKtot   =      1911.5095  EPtot      =    -12312.3735
 BOND   =         4.7486  ANGLE   =        13.3389  DIHED      =         8.9352
 1-4 NB =        10.3161  1-4 EEL =      -243.3977  VDWAALS    =      2228.9047
 EELEC  =    -14342.3225  EHBOND  =         0.0000  RESTRAINT  =         7.1032
 EAMBER (non-restraint)  =    -12319.4767
 Ewald error estimate:   0.1950E-03
 ------------------------------------------------------------------------------


 NSTEP =     3500   TIME(PS) =       7.000  TEMP(K) =   302.69  PRESS =     0.0
 Etot   =    -10385.7707  EKtot   =      1954.9106  EPtot      =    -12340.6813
 BOND   =         8.6417  ANGLE   =        14.8250  DIHED      =        12.5162
 1-4 NB =        11.0939  1-4 EEL =      -245.5441  VDWAALS    =      2297.4497
 EELEC  =    -14446.7579  EHBOND  =         0.0000  RESTRAINT  =         7.0942
 EAMBER (non-restraint)  =    -12347.7755
 Ewald error estimate:   0.9477E-04
 ------------------------------------------------------------------------------


 NSTEP =     4000   TIME(PS) =       8.000  TEMP(K) =   301.43  PRESS =     0.0
 Etot   =    -10413.8164  EKtot   =      1946.7591  EPtot      =    -12360.5756
 BOND   =         5.7967  ANGLE   =        18.0094  DIHED      =        10.6683
 1-4 NB =        10.3557  1-4 EEL =      -243.5753  VDWAALS    =      2318.0910
 EELEC  =    -14491.6787  EHBOND  =         0.0000  RESTRAINT  =        11.7573
 EAMBER (non-restraint)  =    -12372.3329
 Ewald error estimate:   0.5422E-03
 ------------------------------------------------------------------------------


 NSTEP =     4500   TIME(PS) =       9.000  TEMP(K) =   295.61  PRESS =     0.0
 Etot   =    -10415.0384  EKtot   =      1909.1460  EPtot      =    -12324.1844
 BOND   =         4.6661  ANGLE   =        11.3891  DIHED      =         9.4685
 1-4 NB =        12.6898  1-4 EEL =      -245.6077  VDWAALS    =      2347.3005
 EELEC  =    -14470.6349  EHBOND  =         0.0000  RESTRAINT  =         6.5442
 EAMBER (non-restraint)  =    -12330.7286
 Ewald error estimate:   0.1437E-03
 ------------------------------------------------------------------------------


 NSTEP =     5000   TIME(PS) =      10.000  TEMP(K) =   300.80  PRESS =     0.0
 Etot   =    -10425.3452  EKtot   =      1942.6947  EPtot      =    -12368.0399
 BOND   =         4.6693  ANGLE   =        14.5904  DIHED      =        11.6517
 1-4 NB =         9.4442  1-4 EEL =      -243.9562  VDWAALS    =      2399.3742
 EELEC  =    -14571.9193  EHBOND  =         0.0000  RESTRAINT  =         8.1058
 EAMBER (non-restraint)  =    -12376.1457
 Ewald error estimate:   0.1155E-03
 ------------------------------------------------------------------------------


 NSTEP =     5500   TIME(PS) =      11.000  TEMP(K) =   300.71  PRESS =     0.0
 Etot   =    -10433.3890  EKtot   =      1942.0857  EPtot      =    -12375.4747
 BOND   =         7.8010  ANGLE   =        11.8205  DIHED      =        12.4429
 1-4 NB =        11.8748  1-4 EEL =      -246.7435  VDWAALS    =      2258.7500
 EELEC  =    -14440.2082  EHBOND  =         0.0000  RESTRAINT  =         8.7877
 EAMBER (non-restraint)  =    -12384.2624
 Ewald error estimate:   0.4879E-04
 ------------------------------------------------------------------------------


 NSTEP =     6000   TIME(PS) =      12.000  TEMP(K) =   294.44  PRESS =     0.0
 Etot   =    -10399.0443  EKtot   =      1901.6135  EPtot      =    -12300.6578
 BOND   =         8.7991  ANGLE   =        14.9260  DIHED      =        14.0473
 1-4 NB =        11.1148  1-4 EEL =      -244.7537  VDWAALS    =      2252.2139
 EELEC  =    -14364.5807  EHBOND  =         0.0000  RESTRAINT  =         7.5756
 EAMBER (non-restraint)  =    -12308.2334
 Ewald error estimate:   0.3812E-03
 ------------------------------------------------------------------------------


 NSTEP =     6500   TIME(PS) =      13.000  TEMP(K) =   297.11  PRESS =     0.0
 Etot   =    -10426.2227  EKtot   =      1918.8207  EPtot      =    -12345.0434
 BOND   =         7.5620  ANGLE   =        17.6863  DIHED      =        11.1763
 1-4 NB =        13.9445  1-4 EEL =      -246.5597  VDWAALS    =      2304.1700
 EELEC  =    -14460.0371  EHBOND  =         0.0000  RESTRAINT  =         7.0144
 EAMBER (non-restraint)  =    -12352.0578
 Ewald error estimate:   0.2411E-04
 ------------------------------------------------------------------------------


 NSTEP =     7000   TIME(PS) =      14.000  TEMP(K) =   296.12  PRESS =     0.0
 Etot   =    -10429.8564  EKtot   =      1912.4492  EPtot      =    -12342.3056
 BOND   =         6.5974  ANGLE   =        11.7637  DIHED      =        11.0189
 1-4 NB =        11.3898  1-4 EEL =      -243.5554  VDWAALS    =      2283.0235
 EELEC  =    -14428.6065  EHBOND  =         0.0000  RESTRAINT  =         6.0630
 EAMBER (non-restraint)  =    -12348.3686
 Ewald error estimate:   0.9497E-04
 ------------------------------------------------------------------------------


 NSTEP =     7500   TIME(PS) =      15.000  TEMP(K) =   302.99  PRESS =     0.0
 Etot   =    -10372.2607  EKtot   =      1956.8063  EPtot      =    -12329.0671
 BOND   =         5.3323  ANGLE   =        13.3635  DIHED      =        10.0572
 1-4 NB =        10.9072  1-4 EEL =      -245.9754  VDWAALS    =      2312.1595
 EELEC  =    -14441.9733  EHBOND  =         0.0000  RESTRAINT  =         7.0619
 EAMBER (non-restraint)  =    -12336.1289
 Ewald error estimate:   0.1032E-03
 ------------------------------------------------------------------------------


 NSTEP =     8000   TIME(PS) =      16.000  TEMP(K) =   289.34  PRESS =     0.0
 Etot   =    -10443.1156  EKtot   =      1868.6889  EPtot      =    -12311.8045
 BOND   =         5.2205  ANGLE   =        10.5482  DIHED      =        12.6776
 1-4 NB =        10.0372  1-4 EEL =      -244.9928  VDWAALS    =      2249.1128
 EELEC  =    -14362.9449  EHBOND  =         0.0000  RESTRAINT  =         8.5370
 EAMBER (non-restraint)  =    -12320.3415
 Ewald error estimate:   0.7411E-04
 ------------------------------------------------------------------------------


 NSTEP =     8500   TIME(PS) =      17.000  TEMP(K) =   297.27  PRESS =     0.0
 Etot   =    -10396.9778  EKtot   =      1919.8879  EPtot      =    -12316.8658
 BOND   =         4.7980  ANGLE   =        13.1179  DIHED      =        11.7321
 1-4 NB =        12.0658  1-4 EEL =      -245.2039  VDWAALS    =      2217.1461
 EELEC  =    -14337.5431  EHBOND  =         0.0000  RESTRAINT  =         7.0213
 EAMBER (non-restraint)  =    -12323.8870
 Ewald error estimate:   0.1924E-03
 ------------------------------------------------------------------------------


 NSTEP =     9000   TIME(PS) =      18.000  TEMP(K) =   298.08  PRESS =     0.0
 Etot   =    -10315.9185  EKtot   =      1925.1244  EPtot      =    -12241.0429
 BOND   =         2.6831  ANGLE   =        12.6183  DIHED      =         9.3570
 1-4 NB =        12.0439  1-4 EEL =      -248.5279  VDWAALS    =      2196.0394
 EELEC  =    -14232.0233  EHBOND  =         0.0000  RESTRAINT  =         6.7667
 EAMBER (non-restraint)  =    -12247.8096
 Ewald error estimate:   0.1823E-03
 ------------------------------------------------------------------------------


 NSTEP =     9500   TIME(PS) =      19.000  TEMP(K) =   300.37  PRESS =     0.0
 Etot   =    -10438.6116  EKtot   =      1939.8929  EPtot      =    -12378.5045
 BOND   =         5.1926  ANGLE   =        13.4228  DIHED      =        11.1950
 1-4 NB =        11.3123  1-4 EEL =      -245.3480  VDWAALS    =      2237.2566
 EELEC  =    -14418.8473  EHBOND  =         0.0000  RESTRAINT  =         7.3115
 EAMBER (non-restraint)  =    -12385.8160
 Ewald error estimate:   0.8216E-05
 ------------------------------------------------------------------------------


 NSTEP =    10000   TIME(PS) =      20.000  TEMP(K) =   294.64  PRESS =     0.0
 Etot   =    -10430.9022  EKtot   =      1902.8736  EPtot      =    -12333.7758
 BOND   =         7.3872  ANGLE   =        14.1717  DIHED      =        13.3419
 1-4 NB =        10.7134  1-4 EEL =      -244.6980  VDWAALS    =      2222.2565
 EELEC  =    -14364.3291  EHBOND  =         0.0000  RESTRAINT  =         7.3804
 EAMBER (non-restraint)  =    -12341.1563
 Ewald error estimate:   0.1307E-03
 ------------------------------------------------------------------------------


      A V E R A G E S   O V E R      20 S T E P S


 NSTEP =    10000   TIME(PS) =      20.000  TEMP(K) =   293.70  PRESS =     0.0
 Etot   =    -10475.6118  EKtot   =      1896.8197  EPtot      =    -12372.4315
 BOND   =         6.0082  ANGLE   =        13.9994  DIHED      =        11.1694
 1-4 NB =        11.2796  1-4 EEL =      -245.2761  VDWAALS    =      2295.2956
 EELEC  =    -14472.5567  EHBOND  =         0.0000  RESTRAINT  =         7.6491
 EAMBER (non-restraint)  =    -12380.0806
 Ewald error estimate:   0.1746E-03
 ------------------------------------------------------------------------------


      R M S  F L U C T U A T I O N S


 NSTEP =    10000   TIME(PS) =      20.000  TEMP(K) =    10.58  PRESS =     0.0
 Etot   =       177.8817  EKtot   =        68.3370  EPtot      =       115.6665
 BOND   =         1.6293  ANGLE   =         1.9364  DIHED      =         1.3812
 1-4 NB =         1.0156  1-4 EEL =         1.3356  VDWAALS    =        79.6885
 EELEC  =       186.4439  EHBOND  =         0.0000  RESTRAINT  =         1.5153
 EAMBER (non-restraint)  =       114.1512
 Ewald error estimate:   0.1510E-03
 ------------------------------------------------------------------------------

--------------------------------------------------------------------------------
   5.  TIMINGS
--------------------------------------------------------------------------------

|  NonSetup CPU Time in Major Routines:
|
|     Routine           Sec        %
|     ------------------------------
|     Nonbond         112.84   95.20
|     Bond              0.05    0.05
|     Angle             0.07    0.06
|     Dihedral          0.14    0.11
|     Shake             0.80    0.68
|     RunMD             4.56    3.85
|     Other             0.07    0.06
|     ------------------------------
|     Total           118.53

|  PME Nonbond Pairlist CPU Time:
|
|     Routine              Sec        %
|     ---------------------------------
|     Set Up Cit           0.14    0.11
|     Build List          28.78   24.28
|     ---------------------------------
|     Total               28.92   24.40

|  PME Direct Force CPU Time:
|
|     Routine              Sec        %
|     ---------------------------------
|     NonBonded Calc      63.26   53.37
|     Exclude Masked       0.83    0.70
|     Other                0.68    0.58
|     ---------------------------------
|     Total               64.77   54.65

|  PME Reciprocal Force CPU Time:
|
|     Routine              Sec        %
|     ---------------------------------
|     1D bspline           1.23    1.04
|     Grid Charges         1.61    1.36
|     Scalar Sum           1.26    1.06
|     Gradient Sum         2.05    1.73
|     FFT                 13.09   11.04
|     ---------------------------------
|     Total               19.24   16.24

|  Final Performance Info:
|     -----------------------------------------------------
|     Average timings for last       1 steps:
|     Elapsed(s) =       0.00 Per Step(ms) =       4.69
|         ns/day =      36.83   seconds/ns =    2345.95
|
|     Average timings for all steps:
|     Elapsed(s) =     129.78 Per Step(ms) =      12.98
|         ns/day =      13.31   seconds/ns =    6489.02
|     -----------------------------------------------------

|  Setup CPU time:            0.03 seconds
|  NonSetup CPU time:       118.53 seconds
|  Total CPU time:          118.55 seconds     0.03 hours

|  Setup wall time:           3    seconds
|  NonSetup wall time:      130    seconds
|  Total wall time:         133    seconds     0.04 hours
