
          -------------------------------------------------------
          Amber 18 PMEMD                              2018
          -------------------------------------------------------

| PMEMD implementation of SANDER, Release 18

| Run on 03/12/2022 at 20:23:07

|   Executable path: pmemd.MPI
| Working directory: /bgfs/lchong/dty7/ff15ipq-lig/charges/gaff_00/GenConformers/Conf1
|          Hostname: smp-n123

  [-O]verwriting output

File Assignments:
|   MDIN: ../../../amber/6.3_eq2.in                                             
|  MDOUT: 6.3_eq2.out                                                           
| INPCRD: 6.2_eq1.rst                                                           
|   PARM: ../../mon.top                                                         
| RESTRT: 6.3_eq2.rst                                                           
|   REFC: 6.2_eq1.rst                                                           
|  MDVEL: mdvel                                                                 
|   MDEN: mden                                                                  
|  MDCRD: mdcrd                                                                 
| MDINFO: mdinfo                                                                
|LOGFILE: logfile                                                               
|  MDFRC: mdfrc                                                                 

 
 Here is the input file:
 
&cntrl                                                                         
  imin      = 0,                                                               
  irest     = 1,                                                               
  ntx       = 5,                                                               
  ig        = -1,                                                              
  dt        = 0.002,                                                           
  nstlim    = 50000,                                                           
  nscm      = 500,                                                             
  ntr       = 1,                                                               
  restraintmask = ':1',                                                        
  restraint_wt  = 10.0,                                                        
  ntb       = 2,                                                               
  ntp       = 1,                                                               
  barostat  = 2,                                                               
  pres0     = 1.0,                                                             
  mcbarint  = 100,                                                             
  comp      = 44.6,                                                            
  taup      = 1.0,                                                             
  ntt       = 3,                                                               
  temp0     = 298.0,                                                           
  gamma_ln  = 1.0,                                                             
  ntf       = 2,                                                               
  ntc       = 2,                                                               
  cut       = 10.0,                                                            
  ntpr      = 500,                                                             
  ntxo      = 1,                                                               
  ntwr      = 50000,                                                           
  ioutfm    = 1,                                                               
  ntwx      = 500,                                                             
  iwrap     = 1,                                                               
&end                                                                           


Note: ig = -1. Setting random seed to   279968 based on wallclock time in
      microseconds and disabling the synchronization of random numbers 
      between tasks to improve performance.
| irandom = 1, using AMBER's internal random number generator (default).
 
 
| Conditional Compilation Defines Used:
| MPI
| FFTW_FFT
| BINTRAJ
| MKL
| EMIL
 
| Largest sphere to fit in unit cell has radius =    14.737

| New format PARM file being parsed.
| Version =    1.000 Date = 03/12/22 Time = 14:58:37

| Note: 1-4 EEL scale factors are being read from the topology file.

| Note: 1-4 VDW scale factors are being read from the topology file.
| Duplicated    0 dihedrals

| Duplicated    0 dihedrals

--------------------------------------------------------------------------------
   1.  RESOURCE   USE: 
--------------------------------------------------------------------------------

 getting box info from netcdf restart file
 NATOM  =    3240 NTYPES =      13 NBONH =    3220 MBONA  =      21
 NTHETH =      33 MTHETA =      29 NPHIH =      60 MPHIA  =      45
 NHPARM =       0 NPARM  =       0 NNB   =    4456 NRES   =    1069
 NBONA  =      21 NTHETA =      29 NPHIA =      45 NUMBND =      22
 NUMANG =      35 NPTRA  =      18 NATYP =      17 NPHB   =       0
 IFBOX  =       2 NMXRS  =      36 IFCAP =       0 NEXTRA =       0
 NCOPY  =       0

| Coordinate Index Table dimensions:     5    5    5
| Direct force subcell size =     7.2194    7.2194    7.2194

     BOX TYPE: TRUNCATED OCTAHEDRON

--------------------------------------------------------------------------------
   2.  CONTROL  DATA  FOR  THE  RUN
--------------------------------------------------------------------------------

MON                                                                             

General flags:
     imin    =       0, nmropt  =       0

Nature and format of input:
     ntx     =       5, irest   =       1, ntrx    =       1

Nature and format of output:
     ntxo    =       1, ntpr    =     500, ntrx    =       1, ntwr    =   50000
     iwrap   =       1, ntwx    =     500, ntwv    =       0, ntwe    =       0
     ioutfm  =       1, ntwprt  =       0, idecomp =       0, rbornstat=      0

Potential function:
     ntf     =       2, ntb     =       2, igb     =       0, nsnb    =      25
     ipol    =       0, gbsa    =       0, iesp    =       0
     dielc   =   1.00000, cut     =  10.00000, intdiel =   1.00000

Frozen or restrained atoms:
     ibelly  =       0, ntr     =       1
     restraint_wt =  10.00000

Molecular dynamics:
     nstlim  =     50000, nscm    =         0, nrespa  =         1
     t       =   0.00000, dt      =   0.00200, vlimit  =  20.00000

Langevin dynamics temperature regulation:
     ig      =  279968
     temp0   = 298.00000, tempi   =   0.00000, gamma_ln=   1.00000

Pressure regulation:
     ntp     =       1
     pres0   =   1.00000, comp    =  44.60000, taup    =   1.00000
     Monte-Carlo Barostat:
     mcbarint  =     100

SHAKE:
     ntc     =       2, jfastw  =       0
     tol     =   0.00001

| Intermolecular bonds treatment:
|     no_intermolecular_bonds =       1

| Energy averages sample interval:
|     ene_avg_sampling =     500

Ewald parameters:
     verbose =       0, ew_type =       0, nbflag  =       1, use_pme =       1
     vdwmeth =       1, eedmeth =       1, netfrc  =       1
     Box X =   36.097   Box Y =   36.097   Box Z =   36.097
     Alpha =  109.471   Beta  =  109.471   Gamma =  109.471
     NFFT1 =   40       NFFT2 =   40       NFFT3 =   40
     Cutoff=   10.000   Tol   =0.100E-04
     Ewald Coefficient =  0.27511
     Interpolation order =    4

| PMEMD ewald parallel performance parameters:
|     block_fft =    0
|     fft_blk_y_divisor =    2
|     excl_recip =    0
|     excl_master =    0
|     atm_redist_freq =  320

    LOADING THE CONSTRAINED ATOMS AS GROUPS


   5.  REFERENCE ATOM COORDINATES

  MON                                                                             
     Mask :1; matches    36 atoms
| MONTE CARLO BAROSTAT IMPORTANT NOTE:
|   The Monte-Carlo barostat does not require the virial to adjust the system volume.
|   Since it is an expensive calculation, it is skipped for efficiency. A side-effect
|   is that the reported pressure is always 0 because it is not calculated.

--------------------------------------------------------------------------------
   3.  ATOMIC COORDINATES AND VELOCITIES
--------------------------------------------------------------------------------

MON                                                                             
 begin time read from input coords =    20.000 ps

 
 Number of triangulated 3-point waters found:     1068

     Sum of charges from parm topology file =  -0.00200217
     Forcing neutrality...

| Dynamic Memory, Types Used:
| Reals             1243214
| Integers           213778

| Nonbonded Pairs Initial Allocation:      317358

| Running AMBER/MPI version on    8 MPI task

 
--------------------------------------------------------------------------------
   4.  RESULTS
--------------------------------------------------------------------------------

 ---------------------------------------------------
 APPROXIMATING switch and d/dx switch using CUBIC SPLINE INTERPOLATION
 using   5000.0 points per unit in tabled values
 TESTING RELATIVE ERROR over r ranging from 0.0 to cutoff
| CHECK switch(x): max rel err =   0.3316E-14   at   2.351880
| CHECK d/dx switch(x): max rel err =   0.8066E-11   at   2.747240
 ---------------------------------------------------
|---------------------------------------------------
| APPROXIMATING direct energy using CUBIC SPLINE INTERPOLATION
|  with   50.0 points per unit in tabled values
| Relative Error Limit not exceeded for r .gt.   2.34
| APPROXIMATING direct force using CUBIC SPLINE INTERPOLATION
|  with   50.0 points per unit in tabled values
| Relative Error Limit not exceeded for r .gt.   2.81
|---------------------------------------------------
wrapping first mol.:       23.97511      -16.95296       29.36340

 NSTEP =      500   TIME(PS) =      21.000  TEMP(K) =   296.69  PRESS =     0.0
 Etot   =    -10560.8806  EKtot   =      1916.1385  EPtot      =    -12477.0191
 BOND   =        10.2057  ANGLE   =        14.9331  DIHED      =        11.7850
 1-4 NB =        10.3384  1-4 EEL =      -246.0537  VDWAALS    =      2283.4360
 EELEC  =    -14573.7269  EHBOND  =         0.0000  RESTRAINT  =        12.0633
 EAMBER (non-restraint)  =    -12489.0824
 EKCMT  =         0.0000  VIRIAL  =         0.0000  VOLUME     =     35804.1928
                                                    Density    =         0.9059
 Ewald error estimate:   0.1896E-03
 ------------------------------------------------------------------------------

wrapping first mol.:       23.87524      -16.88234       29.24108

 NSTEP =     1000   TIME(PS) =      22.000  TEMP(K) =   296.83  PRESS =     0.0
 Etot   =    -10495.9550  EKtot   =      1917.0468  EPtot      =    -12413.0018
 BOND   =         7.2604  ANGLE   =        13.8655  DIHED      =        13.2793
 1-4 NB =        10.2128  1-4 EEL =      -244.8957  VDWAALS    =      2527.3294
 EELEC  =    -14746.1507  EHBOND  =         0.0000  RESTRAINT  =         6.0973
 EAMBER (non-restraint)  =    -12419.0991
 EKCMT  =         0.0000  VIRIAL  =         0.0000  VOLUME     =     35358.5987
                                                    Density    =         0.9174
 Ewald error estimate:   0.2264E-04
 ------------------------------------------------------------------------------

wrapping first mol.:       23.79493      -16.82555       29.14272

 NSTEP =     1500   TIME(PS) =      23.000  TEMP(K) =   294.73  PRESS =     0.0
 Etot   =    -10597.8519  EKtot   =      1903.4671  EPtot      =    -12501.3190
 BOND   =         9.8361  ANGLE   =        17.4478  DIHED      =        10.7380
 1-4 NB =        11.5063  1-4 EEL =      -247.6658  VDWAALS    =      2459.7315
 EELEC  =    -14774.1409  EHBOND  =         0.0000  RESTRAINT  =        11.2280
 EAMBER (non-restraint)  =    -12512.5469
 EKCMT  =         0.0000  VIRIAL  =         0.0000  VOLUME     =     35002.9849
                                                    Density    =         0.9267
 Ewald error estimate:   0.1724E-03
 ------------------------------------------------------------------------------

wrapping first mol.:       23.64848      -16.72200       28.96336

 NSTEP =     2000   TIME(PS) =      24.000  TEMP(K) =   301.08  PRESS =     0.0
 Etot   =    -10599.1630  EKtot   =      1944.4936  EPtot      =    -12543.6567
 BOND   =         5.6176  ANGLE   =        11.0625  DIHED      =        14.9988
 1-4 NB =        11.5100  1-4 EEL =      -244.0442  VDWAALS    =      2505.9333
 EELEC  =    -14858.1092  EHBOND  =         0.0000  RESTRAINT  =         9.3745
 EAMBER (non-restraint)  =    -12553.0312
 EKCMT  =         0.0000  VIRIAL  =         0.0000  VOLUME     =     34360.6811
                                                    Density    =         0.9440
 Ewald error estimate:   0.2727E-04
 ------------------------------------------------------------------------------

wrapping first mol.:       23.56063      -16.65988       28.85576

 NSTEP =     2500   TIME(PS) =      25.000  TEMP(K) =   303.56  PRESS =     0.0
 Etot   =    -10566.5852  EKtot   =      1960.4821  EPtot      =    -12527.0673
 BOND   =         5.5854  ANGLE   =        13.2538  DIHED      =        11.4982
 1-4 NB =        11.3858  1-4 EEL =      -245.5210  VDWAALS    =      2560.9042
 EELEC  =    -14894.8519  EHBOND  =         0.0000  RESTRAINT  =        10.6783
 EAMBER (non-restraint)  =    -12537.7455
 EKCMT  =         0.0000  VIRIAL  =         0.0000  VOLUME     =     33979.1655
                                                    Density    =         0.9546
 Ewald error estimate:   0.4976E-03
 ------------------------------------------------------------------------------

wrapping first mol.:       23.48890      -16.60916       28.76791

 NSTEP =     3000   TIME(PS) =      26.000  TEMP(K) =   299.04  PRESS =     0.0
 Etot   =    -10573.3525  EKtot   =      1931.3203  EPtot      =    -12504.6728
 BOND   =         6.9224  ANGLE   =        16.1586  DIHED      =        13.5989
 1-4 NB =         9.8138  1-4 EEL =      -245.9118  VDWAALS    =      2592.0016
 EELEC  =    -14906.8639  EHBOND  =         0.0000  RESTRAINT  =         9.6076
 EAMBER (non-restraint)  =    -12514.2804
 EKCMT  =         0.0000  VIRIAL  =         0.0000  VOLUME     =     33669.7622
                                                    Density    =         0.9634
 Ewald error estimate:   0.2142E-03
 ------------------------------------------------------------------------------

wrapping first mol.:       23.41417      -16.55632       28.67639

 NSTEP =     3500   TIME(PS) =      27.000  TEMP(K) =   302.43  PRESS =     0.0
 Etot   =    -10515.8584  EKtot   =      1953.2309  EPtot      =    -12469.0893
 BOND   =        10.1776  ANGLE   =        18.6201  DIHED      =        12.5324
 1-4 NB =        10.8085  1-4 EEL =      -244.5597  VDWAALS    =      2464.2341
 EELEC  =    -14753.9177  EHBOND  =         0.0000  RESTRAINT  =        13.0156
 EAMBER (non-restraint)  =    -12482.1048
 EKCMT  =         0.0000  VIRIAL  =         0.0000  VOLUME     =     33349.4296
                                                    Density    =         0.9726
 Ewald error estimate:   0.2190E-03
 ------------------------------------------------------------------------------

wrapping first mol.:       23.32510      -16.49334       28.56730

 NSTEP =     4000   TIME(PS) =      28.000  TEMP(K) =   297.64  PRESS =     0.0
 Etot   =    -10650.5510  EKtot   =      1922.2676  EPtot      =    -12572.8187
 BOND   =         7.4176  ANGLE   =        19.1126  DIHED      =        12.2787
 1-4 NB =        10.1580  1-4 EEL =      -246.8312  VDWAALS    =      2453.6336
 EELEC  =    -14836.3173  EHBOND  =         0.0000  RESTRAINT  =         7.7292
 EAMBER (non-restraint)  =    -12580.5479
 EKCMT  =         0.0000  VIRIAL  =         0.0000  VOLUME     =     32970.2739
                                                    Density    =         0.9838
 Ewald error estimate:   0.8547E-04
 ------------------------------------------------------------------------------

wrapping first mol.:       23.34112      -16.50466       28.58692

 NSTEP =     4500   TIME(PS) =      29.000  TEMP(K) =   300.09  PRESS =     0.0
 Etot   =    -10642.7544  EKtot   =      1938.1054  EPtot      =    -12580.8598
 BOND   =         8.5776  ANGLE   =        14.5043  DIHED      =        11.3836
 1-4 NB =        10.0262  1-4 EEL =      -243.6482  VDWAALS    =      2369.4510
 EELEC  =    -14758.7543  EHBOND  =         0.0000  RESTRAINT  =         7.5999
 EAMBER (non-restraint)  =    -12588.4597
 EKCMT  =         0.0000  VIRIAL  =         0.0000  VOLUME     =     33038.2472
                                                    Density    =         0.9818
 Ewald error estimate:   0.2709E-03
 ------------------------------------------------------------------------------

wrapping first mol.:       23.23265      -16.42796       28.45406

 NSTEP =     5000   TIME(PS) =      30.000  TEMP(K) =   293.95  PRESS =     0.0
 Etot   =    -10701.8784  EKtot   =      1898.4355  EPtot      =    -12600.3139
 BOND   =         4.5500  ANGLE   =        17.6470  DIHED      =        11.2910
 1-4 NB =        12.9151  1-4 EEL =      -247.9315  VDWAALS    =      2495.8772
 EELEC  =    -14904.3626  EHBOND  =         0.0000  RESTRAINT  =         9.6999
 EAMBER (non-restraint)  =    -12610.0138
 EKCMT  =         0.0000  VIRIAL  =         0.0000  VOLUME     =     32579.7566
                                                    Density    =         0.9956
 Ewald error estimate:   0.3433E-03
 ------------------------------------------------------------------------------

wrapping first mol.:       23.17990      -16.39066       28.38947

 NSTEP =     5500   TIME(PS) =      31.000  TEMP(K) =   293.97  PRESS =     0.0
 Etot   =    -10734.5099  EKtot   =      1898.5469  EPtot      =    -12633.0569
 BOND   =         7.2132  ANGLE   =        16.8361  DIHED      =         8.3489
 1-4 NB =        13.6063  1-4 EEL =      -246.0567  VDWAALS    =      2431.5000
 EELEC  =    -14874.1621  EHBOND  =         0.0000  RESTRAINT  =         9.6575
 EAMBER (non-restraint)  =    -12642.7144
 EKCMT  =         0.0000  VIRIAL  =         0.0000  VOLUME     =     32358.3679
                                                    Density    =         1.0024
 Ewald error estimate:   0.3321E-03
 ------------------------------------------------------------------------------

wrapping first mol.:       23.17941      -16.39032       28.38887

 NSTEP =     6000   TIME(PS) =      32.000  TEMP(K) =   301.30  PRESS =     0.0
 Etot   =    -10702.1129  EKtot   =      1945.9038  EPtot      =    -12648.0167
 BOND   =         6.6244  ANGLE   =        16.6709  DIHED      =         9.7948
 1-4 NB =        10.5036  1-4 EEL =      -247.5083  VDWAALS    =      2433.5002
 EELEC  =    -14884.0905  EHBOND  =         0.0000  RESTRAINT  =         6.4882
 EAMBER (non-restraint)  =    -12654.5049
 EKCMT  =         0.0000  VIRIAL  =         0.0000  VOLUME     =     32356.3283
                                                    Density    =         1.0025
 Ewald error estimate:   0.6466E-03
 ------------------------------------------------------------------------------

wrapping first mol.:       23.13529      -16.35912       28.33483

 NSTEP =     6500   TIME(PS) =      33.000  TEMP(K) =   293.72  PRESS =     0.0
 Etot   =    -10671.8759  EKtot   =      1896.9676  EPtot      =    -12568.8435
 BOND   =         6.1103  ANGLE   =        13.6301  DIHED      =        13.0329
 1-4 NB =        11.0374  1-4 EEL =      -244.9807  VDWAALS    =      2442.0586
 EELEC  =    -14821.9351  EHBOND  =         0.0000  RESTRAINT  =        12.2031
 EAMBER (non-restraint)  =    -12581.0465
 EKCMT  =         0.0000  VIRIAL  =         0.0000  VOLUME     =     32171.8998
                                                    Density    =         1.0082
 Ewald error estimate:   0.1156E-03
 ------------------------------------------------------------------------------

wrapping first mol.:       23.14403      -16.36530       28.34553

 NSTEP =     7000   TIME(PS) =      34.000  TEMP(K) =   305.84  PRESS =     0.0
 Etot   =    -10784.5041  EKtot   =      1975.2350  EPtot      =    -12759.7392
 BOND   =         5.5797  ANGLE   =        18.5458  DIHED      =        10.5159
 1-4 NB =        11.0741  1-4 EEL =      -244.0599  VDWAALS    =      2568.3356
 EELEC  =    -15137.1846  EHBOND  =         0.0000  RESTRAINT  =         7.4542
 EAMBER (non-restraint)  =    -12767.1934
 EKCMT  =         0.0000  VIRIAL  =         0.0000  VOLUME     =     32208.3637
                                                    Density    =         1.0071
 Ewald error estimate:   0.1713E-03
 ------------------------------------------------------------------------------

wrapping first mol.:       23.14730      -16.36761       28.34954

 NSTEP =     7500   TIME(PS) =      35.000  TEMP(K) =   298.70  PRESS =     0.0
 Etot   =    -10785.5573  EKtot   =      1929.1402  EPtot      =    -12714.6975
 BOND   =         4.3741  ANGLE   =        17.0999  DIHED      =        11.3796
 1-4 NB =        13.2723  1-4 EEL =      -248.2868  VDWAALS    =      2367.7488
 EELEC  =    -14888.3875  EHBOND  =         0.0000  RESTRAINT  =         8.1021
 EAMBER (non-restraint)  =    -12722.7996
 EKCMT  =         0.0000  VIRIAL  =         0.0000  VOLUME     =     32222.0283
                                                    Density    =         1.0067
 Ewald error estimate:   0.4615E-04
 ------------------------------------------------------------------------------

wrapping first mol.:       23.05976      -16.30571       28.24232

 NSTEP =     8000   TIME(PS) =      36.000  TEMP(K) =   296.24  PRESS =     0.0
 Etot   =    -10720.1681  EKtot   =      1913.2212  EPtot      =    -12633.3893
 BOND   =         5.7104  ANGLE   =        17.2304  DIHED      =        13.1366
 1-4 NB =        10.6485  1-4 EEL =      -245.4806  VDWAALS    =      2510.3739
 EELEC  =    -14954.5618  EHBOND  =         0.0000  RESTRAINT  =         9.5533
 EAMBER (non-restraint)  =    -12642.9426
 EKCMT  =         0.0000  VIRIAL  =         0.0000  VOLUME     =     31857.8250
                                                    Density    =         1.0182
 Ewald error estimate:   0.7292E-04
 ------------------------------------------------------------------------------

wrapping first mol.:       23.09088      -16.32772       28.28044

 NSTEP =     8500   TIME(PS) =      37.000  TEMP(K) =   304.32  PRESS =     0.0
 Etot   =    -10644.3351  EKtot   =      1965.3817  EPtot      =    -12609.7168
 BOND   =         7.1188  ANGLE   =        15.3101  DIHED      =        12.0185
 1-4 NB =        13.0209  1-4 EEL =      -246.6733  VDWAALS    =      2469.6128
 EELEC  =    -14891.8724  EHBOND  =         0.0000  RESTRAINT  =        11.7479
 EAMBER (non-restraint)  =    -12621.4646
 EKCMT  =         0.0000  VIRIAL  =         0.0000  VOLUME     =     31986.9972
                                                    Density    =         1.0141
 Ewald error estimate:   0.1214E-03
 ------------------------------------------------------------------------------

wrapping first mol.:       23.13449      -16.35855       28.33385

 NSTEP =     9000   TIME(PS) =      38.000  TEMP(K) =   305.17  PRESS =     0.0
 Etot   =    -10640.7543  EKtot   =      1970.9116  EPtot      =    -12611.6659
 BOND   =         9.3759  ANGLE   =        16.8680  DIHED      =        11.4739
 1-4 NB =         9.9742  1-4 EEL =      -245.7599  VDWAALS    =      2381.4723
 EELEC  =    -14803.3352  EHBOND  =         0.0000  RESTRAINT  =         8.2649
 EAMBER (non-restraint)  =    -12619.9308
 EKCMT  =         0.0000  VIRIAL  =         0.0000  VOLUME     =     32168.5623
                                                    Density    =         1.0083
 Ewald error estimate:   0.9890E-04
 ------------------------------------------------------------------------------

wrapping first mol.:       23.16087      -16.37721       28.36616

 NSTEP =     9500   TIME(PS) =      39.000  TEMP(K) =   309.15  PRESS =     0.0
 Etot   =    -10556.4449  EKtot   =      1996.6208  EPtot      =    -12553.0656
 BOND   =         6.4748  ANGLE   =        12.2692  DIHED      =         9.2907
 1-4 NB =        11.3143  1-4 EEL =      -246.4423  VDWAALS    =      2441.5427
 EELEC  =    -14800.6835  EHBOND  =         0.0000  RESTRAINT  =        13.1685
 EAMBER (non-restraint)  =    -12566.2342
 EKCMT  =         0.0000  VIRIAL  =         0.0000  VOLUME     =     32278.7503
                                                    Density    =         1.0049
 Ewald error estimate:   0.5324E-04
 ------------------------------------------------------------------------------

wrapping first mol.:       23.16087      -16.37721       28.36616

 NSTEP =    10000   TIME(PS) =      40.000  TEMP(K) =   301.69  PRESS =     0.0
 Etot   =    -10649.1005  EKtot   =      1948.4007  EPtot      =    -12597.5013
 BOND   =         5.5669  ANGLE   =        13.2595  DIHED      =         9.8313
 1-4 NB =        10.8340  1-4 EEL =      -245.7170  VDWAALS    =      2498.0776
 EELEC  =    -14897.1412  EHBOND  =         0.0000  RESTRAINT  =         7.7877
 EAMBER (non-restraint)  =    -12605.2889
 EKCMT  =         0.0000  VIRIAL  =         0.0000  VOLUME     =     32278.7503
                                                    Density    =         1.0049
 Ewald error estimate:   0.8695E-04
 ------------------------------------------------------------------------------

wrapping first mol.:       23.16400      -16.37942       28.36999

 NSTEP =    10500   TIME(PS) =      41.000  TEMP(K) =   306.20  PRESS =     0.0
 Etot   =    -10659.3450  EKtot   =      1977.5345  EPtot      =    -12636.8795
 BOND   =         3.4788  ANGLE   =        13.4893  DIHED      =        12.3234
 1-4 NB =        10.7095  1-4 EEL =      -244.7481  VDWAALS    =      2429.5929
 EELEC  =    -14875.4024  EHBOND  =         0.0000  RESTRAINT  =        13.6771
 EAMBER (non-restraint)  =    -12650.5566
 EKCMT  =         0.0000  VIRIAL  =         0.0000  VOLUME     =     32291.8346
                                                    Density    =         1.0045
 Ewald error estimate:   0.5518E-04
 ------------------------------------------------------------------------------

wrapping first mol.:       23.14175      -16.36369       28.34274

 NSTEP =    11000   TIME(PS) =      42.000  TEMP(K) =   293.67  PRESS =     0.0
 Etot   =    -10702.8582  EKtot   =      1896.6013  EPtot      =    -12599.4595
 BOND   =         6.4150  ANGLE   =        14.1377  DIHED      =        12.0413
 1-4 NB =        10.8688  1-4 EEL =      -247.8912  VDWAALS    =      2482.5898
 EELEC  =    -14889.2280  EHBOND  =         0.0000  RESTRAINT  =        11.6072
 EAMBER (non-restraint)  =    -12611.0667
 EKCMT  =         0.0000  VIRIAL  =         0.0000  VOLUME     =     32198.8639
                                                    Density    =         1.0074
 Ewald error estimate:   0.1655E-03
 ------------------------------------------------------------------------------

wrapping first mol.:       23.17666      -16.38837       28.38549

 NSTEP =    11500   TIME(PS) =      43.000  TEMP(K) =   299.08  PRESS =     0.0
 Etot   =    -10705.9704  EKtot   =      1931.5885  EPtot      =    -12637.5589
 BOND   =         5.4960  ANGLE   =        15.8607  DIHED      =         9.7882
 1-4 NB =        11.3622  1-4 EEL =      -247.0741  VDWAALS    =      2507.0584
 EELEC  =    -14950.2329  EHBOND  =         0.0000  RESTRAINT  =        10.1827
 EAMBER (non-restraint)  =    -12647.7416
 EKCMT  =         0.0000  VIRIAL  =         0.0000  VOLUME     =     32344.7778
                                                    Density    =         1.0028
 Ewald error estimate:   0.7653E-04
 ------------------------------------------------------------------------------

wrapping first mol.:       23.13552      -16.35928       28.33511

 NSTEP =    12000   TIME(PS) =      44.000  TEMP(K) =   290.47  PRESS =     0.0
 Etot   =    -10704.3404  EKtot   =      1875.9650  EPtot      =    -12580.3054
 BOND   =         6.3147  ANGLE   =        11.5540  DIHED      =        11.9711
 1-4 NB =        10.0465  1-4 EEL =      -244.8051  VDWAALS    =      2433.2574
 EELEC  =    -14814.9829  EHBOND  =         0.0000  RESTRAINT  =         6.3388
 EAMBER (non-restraint)  =    -12586.6442
 EKCMT  =         0.0000  VIRIAL  =         0.0000  VOLUME     =     32172.8435
                                                    Density    =         1.0082
 Ewald error estimate:   0.3243E-04
 ------------------------------------------------------------------------------

wrapping first mol.:       23.08254      -16.32182       28.27023

 NSTEP =    12500   TIME(PS) =      45.000  TEMP(K) =   305.01  PRESS =     0.0
 Etot   =    -10749.8459  EKtot   =      1969.8382  EPtot      =    -12719.6841
 BOND   =         5.0360  ANGLE   =        17.6105  DIHED      =        13.0700
 1-4 NB =        11.4322  1-4 EEL =      -247.0271  VDWAALS    =      2421.0627
 EELEC  =    -14950.4955  EHBOND  =         0.0000  RESTRAINT  =         9.6271
 EAMBER (non-restraint)  =    -12729.3111
 EKCMT  =         0.0000  VIRIAL  =         0.0000  VOLUME     =     31952.3589
                                                    Density    =         1.0152
 Ewald error estimate:   0.1012E-04
 ------------------------------------------------------------------------------

wrapping first mol.:       23.06485      -16.30931       28.24856

 NSTEP =    13000   TIME(PS) =      46.000  TEMP(K) =   297.33  PRESS =     0.0
 Etot   =    -10757.1204  EKtot   =      1920.2519  EPtot      =    -12677.3723
 BOND   =         6.9691  ANGLE   =        11.7793  DIHED      =        13.2521
 1-4 NB =        10.2133  1-4 EEL =      -246.0065  VDWAALS    =      2458.3923
 EELEC  =    -14941.3199  EHBOND  =         0.0000  RESTRAINT  =         9.3479
 EAMBER (non-restraint)  =    -12686.7202
 EKCMT  =         0.0000  VIRIAL  =         0.0000  VOLUME     =     31878.9344
                                                    Density    =         1.0175
 Ewald error estimate:   0.4852E-03
 ------------------------------------------------------------------------------

wrapping first mol.:       23.14320      -16.36471       28.34451

 NSTEP =    13500   TIME(PS) =      47.000  TEMP(K) =   294.77  PRESS =     0.0
 Etot   =    -10842.9352  EKtot   =      1903.7602  EPtot      =    -12746.6954
 BOND   =         5.2027  ANGLE   =        19.0959  DIHED      =        10.6550
 1-4 NB =        11.9384  1-4 EEL =      -246.3214  VDWAALS    =      2524.8187
 EELEC  =    -15082.1830  EHBOND  =         0.0000  RESTRAINT  =        10.0981
 EAMBER (non-restraint)  =    -12756.7935
 EKCMT  =         0.0000  VIRIAL  =         0.0000  VOLUME     =     32204.8975
                                                    Density    =         1.0072
 Ewald error estimate:   0.2349E-04
 ------------------------------------------------------------------------------

wrapping first mol.:       23.10587      -16.33832       28.29880

 NSTEP =    14000   TIME(PS) =      48.000  TEMP(K) =   301.19  PRESS =     0.0
 Etot   =    -10736.4918  EKtot   =      1945.1905  EPtot      =    -12681.6824
 BOND   =         6.9242  ANGLE   =        19.2161  DIHED      =        12.1769
 1-4 NB =         9.9087  1-4 EEL =      -247.2437  VDWAALS    =      2412.8731
 EELEC  =    -14903.9323  EHBOND  =         0.0000  RESTRAINT  =         8.3946
 EAMBER (non-restraint)  =    -12690.0769
 EKCMT  =         0.0000  VIRIAL  =         0.0000  VOLUME     =     32049.3338
                                                    Density    =         1.0121
 Ewald error estimate:   0.1150E-03
 ------------------------------------------------------------------------------

wrapping first mol.:       23.10787      -16.33973       28.30124

 NSTEP =    14500   TIME(PS) =      49.000  TEMP(K) =   289.36  PRESS =     0.0
 Etot   =    -10782.0203  EKtot   =      1868.8243  EPtot      =    -12650.8446
 BOND   =         4.3328  ANGLE   =        13.2531  DIHED      =         8.5773
 1-4 NB =        11.5922  1-4 EEL =      -247.0730  VDWAALS    =      2341.1387
 EELEC  =    -14791.9984  EHBOND  =         0.0000  RESTRAINT  =         9.3328
 EAMBER (non-restraint)  =    -12660.1774
 EKCMT  =         0.0000  VIRIAL  =         0.0000  VOLUME     =     32057.6305
                                                    Density    =         1.0118
 Ewald error estimate:   0.4077E-03
 ------------------------------------------------------------------------------

wrapping first mol.:       23.07176      -16.31420       28.25702

 NSTEP =    15000   TIME(PS) =      50.000  TEMP(K) =   292.74  PRESS =     0.0
 Etot   =    -10767.3657  EKtot   =      1890.6465  EPtot      =    -12658.0122
 BOND   =         6.0785  ANGLE   =        12.4916  DIHED      =        12.3607
 1-4 NB =        10.4207  1-4 EEL =      -246.7643  VDWAALS    =      2552.2553
 EELEC  =    -15014.4090  EHBOND  =         0.0000  RESTRAINT  =         9.5543
 EAMBER (non-restraint)  =    -12667.5665
 EKCMT  =         0.0000  VIRIAL  =         0.0000  VOLUME     =     31907.6030
                                                    Density    =         1.0166
 Ewald error estimate:   0.6015E-04
 ------------------------------------------------------------------------------

wrapping first mol.:       23.14603      -16.36671       28.34798

 NSTEP =    15500   TIME(PS) =      51.000  TEMP(K) =   300.78  PRESS =     0.0
 Etot   =    -10667.4463  EKtot   =      1942.5622  EPtot      =    -12610.0085
 BOND   =         7.3752  ANGLE   =        15.7579  DIHED      =        10.7669
 1-4 NB =        11.2296  1-4 EEL =      -248.8996  VDWAALS    =      2420.3727
 EELEC  =    -14833.5464  EHBOND  =         0.0000  RESTRAINT  =         6.9353
 EAMBER (non-restraint)  =    -12616.9438
 EKCMT  =         0.0000  VIRIAL  =         0.0000  VOLUME     =     32216.7168
                                                    Density    =         1.0068
 Ewald error estimate:   0.6729E-04
 ------------------------------------------------------------------------------

wrapping first mol.:       23.20853      -16.41090       28.42452

 NSTEP =    16000   TIME(PS) =      52.000  TEMP(K) =   304.45  PRESS =     0.0
 Etot   =    -10730.1025  EKtot   =      1966.2559  EPtot      =    -12696.3584
 BOND   =         6.2265  ANGLE   =        13.5421  DIHED      =        11.3104
 1-4 NB =        10.9256  1-4 EEL =      -244.1069  VDWAALS    =      2557.6499
 EELEC  =    -15061.2386  EHBOND  =         0.0000  RESTRAINT  =         9.3326
 EAMBER (non-restraint)  =    -12705.6910
 EKCMT  =         0.0000  VIRIAL  =         0.0000  VOLUME     =     32478.3913
                                                    Density    =         0.9987
 Ewald error estimate:   0.5157E-05
 ------------------------------------------------------------------------------

wrapping first mol.:       23.13646      -16.35995       28.33626

 NSTEP =    16500   TIME(PS) =      53.000  TEMP(K) =   300.37  PRESS =     0.0
 Etot   =    -10673.1272  EKtot   =      1939.9026  EPtot      =    -12613.0298
 BOND   =         7.6006  ANGLE   =        13.5103  DIHED      =         9.5469
 1-4 NB =        10.8310  1-4 EEL =      -245.6120  VDWAALS    =      2465.3799
 EELEC  =    -14881.1582  EHBOND  =         0.0000  RESTRAINT  =         6.8717
 EAMBER (non-restraint)  =    -12619.9014
 EKCMT  =         0.0000  VIRIAL  =         0.0000  VOLUME     =     32176.7793
                                                    Density    =         1.0081
 Ewald error estimate:   0.4313E-03
 ------------------------------------------------------------------------------

wrapping first mol.:       23.04602      -16.29599       28.22550

 NSTEP =    17000   TIME(PS) =      54.000  TEMP(K) =   302.71  PRESS =     0.0
 Etot   =    -10780.3614  EKtot   =      1955.0042  EPtot      =    -12735.3655
 BOND   =         8.0550  ANGLE   =        11.5279  DIHED      =        14.0090
 1-4 NB =        11.2318  1-4 EEL =      -247.0672  VDWAALS    =      2470.4982
 EELEC  =    -15015.4033  EHBOND  =         0.0000  RESTRAINT  =        11.7831
 EAMBER (non-restraint)  =    -12747.1486
 EKCMT  =         0.0000  VIRIAL  =         0.0000  VOLUME     =     31800.9209
                                                    Density    =         1.0200
 Ewald error estimate:   0.3517E-03
 ------------------------------------------------------------------------------

wrapping first mol.:       23.09053      -16.32747       28.28001

 NSTEP =    17500   TIME(PS) =      55.000  TEMP(K) =   300.78  PRESS =     0.0
 Etot   =    -10768.8907  EKtot   =      1942.5686  EPtot      =    -12711.4593
 BOND   =         5.1956  ANGLE   =        18.3180  DIHED      =        12.5908
 1-4 NB =        10.8339  1-4 EEL =      -249.1752  VDWAALS    =      2507.4001
 EELEC  =    -15025.1544  EHBOND  =         0.0000  RESTRAINT  =         8.5320
 EAMBER (non-restraint)  =    -12719.9913
 EKCMT  =         0.0000  VIRIAL  =         0.0000  VOLUME     =     31985.5424
                                                    Density    =         1.0141
 Ewald error estimate:   0.2177E-03
 ------------------------------------------------------------------------------

wrapping first mol.:       23.09864      -16.33320       28.28994

 NSTEP =    18000   TIME(PS) =      56.000  TEMP(K) =   292.58  PRESS =     0.0
 Etot   =    -10730.3270  EKtot   =      1889.5897  EPtot      =    -12619.9168
 BOND   =         5.0475  ANGLE   =        14.4537  DIHED      =        12.6762
 1-4 NB =        12.5584  1-4 EEL =      -245.0570  VDWAALS    =      2541.0902
 EELEC  =    -14965.4257  EHBOND  =         0.0000  RESTRAINT  =         4.7399
 EAMBER (non-restraint)  =    -12624.6567
 EKCMT  =         0.0000  VIRIAL  =         0.0000  VOLUME     =     32019.2354
                                                    Density    =         1.0130
 Ewald error estimate:   0.3271E-04
 ------------------------------------------------------------------------------

wrapping first mol.:       23.10452      -16.33736       28.29714

 NSTEP =    18500   TIME(PS) =      57.000  TEMP(K) =   302.26  PRESS =     0.0
 Etot   =    -10709.7033  EKtot   =      1952.1096  EPtot      =    -12661.8128
 BOND   =         6.4718  ANGLE   =        10.9212  DIHED      =        11.5721
 1-4 NB =        10.5350  1-4 EEL =      -244.8699  VDWAALS    =      2496.1143
 EELEC  =    -14966.9222  EHBOND  =         0.0000  RESTRAINT  =        14.3650
 EAMBER (non-restraint)  =    -12676.1778
 EKCMT  =         0.0000  VIRIAL  =         0.0000  VOLUME     =     32043.7044
                                                    Density    =         1.0123
 Ewald error estimate:   0.3524E-04
 ------------------------------------------------------------------------------

wrapping first mol.:       23.14476      -16.36582       28.34643

 NSTEP =    19000   TIME(PS) =      58.000  TEMP(K) =   299.12  PRESS =     0.0
 Etot   =    -10677.0314  EKtot   =      1931.8031  EPtot      =    -12608.8346
 BOND   =         3.4155  ANGLE   =        14.9269  DIHED      =        10.8430
 1-4 NB =        13.1326  1-4 EEL =      -245.9229  VDWAALS    =      2459.7855
 EELEC  =    -14873.1629  EHBOND  =         0.0000  RESTRAINT  =         8.1477
 EAMBER (non-restraint)  =    -12616.9823
 EKCMT  =         0.0000  VIRIAL  =         0.0000  VOLUME     =     32211.4283
                                                    Density    =         1.0070
 Ewald error estimate:   0.1808E-03
 ------------------------------------------------------------------------------

wrapping first mol.:       23.07234      -16.31460       28.25772

 NSTEP =    19500   TIME(PS) =      59.000  TEMP(K) =   302.90  PRESS =     0.0
 Etot   =    -10704.5270  EKtot   =      1956.2616  EPtot      =    -12660.7886
 BOND   =         8.3381  ANGLE   =        19.8911  DIHED      =        10.8743
 1-4 NB =         9.6588  1-4 EEL =      -244.3744  VDWAALS    =      2589.5754
 EELEC  =    -15060.7134  EHBOND  =         0.0000  RESTRAINT  =         5.9615
 EAMBER (non-restraint)  =    -12666.7501
 EKCMT  =         0.0000  VIRIAL  =         0.0000  VOLUME     =     31909.9804
                                                    Density    =         1.0165
 Ewald error estimate:   0.1150E-03
 ------------------------------------------------------------------------------

wrapping first mol.:       23.01608      -16.27482       28.18882

 NSTEP =    20000   TIME(PS) =      60.000  TEMP(K) =   302.32  PRESS =     0.0
 Etot   =    -10756.7693  EKtot   =      1952.5036  EPtot      =    -12709.2730
 BOND   =         5.3255  ANGLE   =        11.8658  DIHED      =        12.6223
 1-4 NB =        10.7769  1-4 EEL =      -246.5483  VDWAALS    =      2604.7654
 EELEC  =    -15117.1372  EHBOND  =         0.0000  RESTRAINT  =         9.0568
 EAMBER (non-restraint)  =    -12718.3297
 EKCMT  =         0.0000  VIRIAL  =         0.0000  VOLUME     =     31677.1192
                                                    Density    =         1.0240
 Ewald error estimate:   0.9307E-04
 ------------------------------------------------------------------------------

wrapping first mol.:       22.98552      -16.25321       28.15139

 NSTEP =    20500   TIME(PS) =      61.000  TEMP(K) =   298.27  PRESS =     0.0
 Etot   =    -10709.7477  EKtot   =      1926.3107  EPtot      =    -12636.0584
 BOND   =         7.1362  ANGLE   =        18.9180  DIHED      =        10.3201
 1-4 NB =        10.0919  1-4 EEL =      -242.6765  VDWAALS    =      2517.6678
 EELEC  =    -14965.9760  EHBOND  =         0.0000  RESTRAINT  =         8.4600
 EAMBER (non-restraint)  =    -12644.5184
 EKCMT  =         0.0000  VIRIAL  =         0.0000  VOLUME     =     31551.1073
                                                    Density    =         1.0281
 Ewald error estimate:   0.3220E-03
 ------------------------------------------------------------------------------

wrapping first mol.:       23.00700      -16.26840       28.17770

 NSTEP =    21000   TIME(PS) =      62.000  TEMP(K) =   293.90  PRESS =     0.0
 Etot   =    -10754.3744  EKtot   =      1898.1164  EPtot      =    -12652.4908
 BOND   =         7.3861  ANGLE   =        19.2013  DIHED      =        12.7986
 1-4 NB =        10.9229  1-4 EEL =      -245.4709  VDWAALS    =      2428.0445
 EELEC  =    -14894.4520  EHBOND  =         0.0000  RESTRAINT  =         9.0788
 EAMBER (non-restraint)  =    -12661.5696
 EKCMT  =         0.0000  VIRIAL  =         0.0000  VOLUME     =     31639.6549
                                                    Density    =         1.0252
 Ewald error estimate:   0.4035E-03
 ------------------------------------------------------------------------------

wrapping first mol.:       23.03042      -16.28496       28.20639

 NSTEP =    21500   TIME(PS) =      63.000  TEMP(K) =   301.30  PRESS =     0.0
 Etot   =    -10741.5374  EKtot   =      1945.8851  EPtot      =    -12687.4225
 BOND   =         4.8637  ANGLE   =        17.4160  DIHED      =        11.3290
 1-4 NB =         9.7818  1-4 EEL =      -245.0368  VDWAALS    =      2494.7850
 EELEC  =    -14986.5753  EHBOND  =         0.0000  RESTRAINT  =         6.0140
 EAMBER (non-restraint)  =    -12693.4364
 EKCMT  =         0.0000  VIRIAL  =         0.0000  VOLUME     =     31736.3742
                                                    Density    =         1.0221
 Ewald error estimate:   0.5502E-03
 ------------------------------------------------------------------------------

wrapping first mol.:       23.09494      -16.33059       28.28541

 NSTEP =    22000   TIME(PS) =      64.000  TEMP(K) =   302.57  PRESS =     0.0
 Etot   =    -10732.7622  EKtot   =      1954.0926  EPtot      =    -12686.8548
 BOND   =         4.1851  ANGLE   =        11.4530  DIHED      =         9.0036
 1-4 NB =        10.5102  1-4 EEL =      -243.8630  VDWAALS    =      2433.2995
 EELEC  =    -14917.0935  EHBOND  =         0.0000  RESTRAINT  =         5.6504
 EAMBER (non-restraint)  =    -12692.5052
 EKCMT  =         0.0000  VIRIAL  =         0.0000  VOLUME     =     32003.8584
                                                    Density    =         1.0135
 Ewald error estimate:   0.1778E-03
 ------------------------------------------------------------------------------

wrapping first mol.:       23.08385      -16.32275       28.27183

 NSTEP =    22500   TIME(PS) =      65.000  TEMP(K) =   294.03  PRESS =     0.0
 Etot   =    -10742.7627  EKtot   =      1898.9583  EPtot      =    -12641.7210
 BOND   =         9.5810  ANGLE   =        11.6259  DIHED      =        11.5954
 1-4 NB =        11.0353  1-4 EEL =      -247.1719  VDWAALS    =      2505.8884
 EELEC  =    -14952.9945  EHBOND  =         0.0000  RESTRAINT  =         8.7195
 EAMBER (non-restraint)  =    -12650.4405
 EKCMT  =         0.0000  VIRIAL  =         0.0000  VOLUME     =     31957.7892
                                                    Density    =         1.0150
 Ewald error estimate:   0.2218E-04
 ------------------------------------------------------------------------------

wrapping first mol.:       23.13092      -16.35603       28.32948

 NSTEP =    23000   TIME(PS) =      66.000  TEMP(K) =   302.57  PRESS =     0.0
 Etot   =    -10752.9266  EKtot   =      1954.1276  EPtot      =    -12707.0541
 BOND   =         4.9513  ANGLE   =        15.9568  DIHED      =         8.7517
 1-4 NB =        10.3660  1-4 EEL =      -245.6636  VDWAALS    =      2451.3371
 EELEC  =    -14961.1768  EHBOND  =         0.0000  RESTRAINT  =         8.4233
 EAMBER (non-restraint)  =    -12715.4775
 EKCMT  =         0.0000  VIRIAL  =         0.0000  VOLUME     =     32153.6854
                                                    Density    =         1.0088
 Ewald error estimate:   0.3552E-03
 ------------------------------------------------------------------------------

wrapping first mol.:       23.10990      -16.34116       28.30373

 NSTEP =    23500   TIME(PS) =      67.000  TEMP(K) =   292.68  PRESS =     0.0
 Etot   =    -10723.4156  EKtot   =      1890.2388  EPtot      =    -12613.6545
 BOND   =         7.0236  ANGLE   =        12.2747  DIHED      =        10.8728
 1-4 NB =         8.6235  1-4 EEL =      -244.1432  VDWAALS    =      2514.1053
 EELEC  =    -14930.8082  EHBOND  =         0.0000  RESTRAINT  =         8.3971
 EAMBER (non-restraint)  =    -12622.0515
 EKCMT  =         0.0000  VIRIAL  =         0.0000  VOLUME     =     32066.0944
                                                    Density    =         1.0116
 Ewald error estimate:   0.3407E-03
 ------------------------------------------------------------------------------

wrapping first mol.:       23.13981      -16.36232       28.34037

 NSTEP =    24000   TIME(PS) =      68.000  TEMP(K) =   304.79  PRESS =     0.0
 Etot   =    -10765.8090  EKtot   =      1968.4431  EPtot      =    -12734.2521
 BOND   =         7.3966  ANGLE   =        13.4393  DIHED      =        11.7051
 1-4 NB =        10.3362  1-4 EEL =      -245.4746  VDWAALS    =      2548.9280
 EELEC  =    -15088.7535  EHBOND  =         0.0000  RESTRAINT  =         8.1709
 EAMBER (non-restraint)  =    -12742.4229
 EKCMT  =         0.0000  VIRIAL  =         0.0000  VOLUME     =     32190.7747
                                                    Density    =         1.0076
 Ewald error estimate:   0.9646E-04
 ------------------------------------------------------------------------------

wrapping first mol.:       23.14782      -16.36798       28.35018

 NSTEP =    24500   TIME(PS) =      69.000  TEMP(K) =   290.13  PRESS =     0.0
 Etot   =    -10825.5998  EKtot   =      1873.7726  EPtot      =    -12699.3725
 BOND   =         7.8424  ANGLE   =        12.8478  DIHED      =        10.6639
 1-4 NB =         9.5306  1-4 EEL =      -243.7671  VDWAALS    =      2540.5446
 EELEC  =    -15044.8024  EHBOND  =         0.0000  RESTRAINT  =         7.7677
 EAMBER (non-restraint)  =    -12707.1402
 EKCMT  =         0.0000  VIRIAL  =         0.0000  VOLUME     =     32224.2208
                                                    Density    =         1.0066
 Ewald error estimate:   0.2814E-04
 ------------------------------------------------------------------------------

wrapping first mol.:       23.11846      -16.34722       28.31422

 NSTEP =    25000   TIME(PS) =      70.000  TEMP(K) =   303.71  PRESS =     0.0
 Etot   =    -10740.0721  EKtot   =      1961.4934  EPtot      =    -12701.5655
 BOND   =         6.0543  ANGLE   =        13.9441  DIHED      =        10.3909
 1-4 NB =        10.4471  1-4 EEL =      -244.7249  VDWAALS    =      2445.7865
 EELEC  =    -14952.4335  EHBOND  =         0.0000  RESTRAINT  =         8.9700
 EAMBER (non-restraint)  =    -12710.5356
 EKCMT  =         0.0000  VIRIAL  =         0.0000  VOLUME     =     32101.7552
                                                    Density    =         1.0104
 Ewald error estimate:   0.1648E-03
 ------------------------------------------------------------------------------

wrapping first mol.:       23.09901      -16.33346       28.29039

 NSTEP =    25500   TIME(PS) =      71.000  TEMP(K) =   304.84  PRESS =     0.0
 Etot   =    -10696.3788  EKtot   =      1968.7950  EPtot      =    -12665.1737
 BOND   =         7.7726  ANGLE   =        10.6990  DIHED      =        10.3980
 1-4 NB =         9.4643  1-4 EEL =      -244.2287  VDWAALS    =      2454.2152
 EELEC  =    -14922.3093  EHBOND  =         0.0000  RESTRAINT  =         8.8151
 EAMBER (non-restraint)  =    -12673.9888
 EKCMT  =         0.0000  VIRIAL  =         0.0000  VOLUME     =     32020.7841
                                                    Density    =         1.0130
 Ewald error estimate:   0.2616E-03
 ------------------------------------------------------------------------------

wrapping first mol.:       23.09901      -16.33346       28.29039

 NSTEP =    26000   TIME(PS) =      72.000  TEMP(K) =   294.91  PRESS =     0.0
 Etot   =    -10789.0358  EKtot   =      1904.6370  EPtot      =    -12693.6728
 BOND   =         6.3809  ANGLE   =        10.7654  DIHED      =        11.8929
 1-4 NB =        10.5063  1-4 EEL =      -243.5660  VDWAALS    =      2357.7423
 EELEC  =    -14855.8159  EHBOND  =         0.0000  RESTRAINT  =         8.4213
 EAMBER (non-restraint)  =    -12702.0941
 EKCMT  =         0.0000  VIRIAL  =         0.0000  VOLUME     =     32020.7841
                                                    Density    =         1.0130
 Ewald error estimate:   0.3101E-03
 ------------------------------------------------------------------------------

wrapping first mol.:       23.06274      -16.30782       28.24597

 NSTEP =    26500   TIME(PS) =      73.000  TEMP(K) =   293.28  PRESS =     0.0
 Etot   =    -10838.7947  EKtot   =      1894.1087  EPtot      =    -12732.9033
 BOND   =         7.5416  ANGLE   =        19.0034  DIHED      =         9.7034
 1-4 NB =        10.4615  1-4 EEL =      -245.8459  VDWAALS    =      2503.3582
 EELEC  =    -15045.4839  EHBOND  =         0.0000  RESTRAINT  =         8.3585
 EAMBER (non-restraint)  =    -12741.2618
 EKCMT  =         0.0000  VIRIAL  =         0.0000  VOLUME     =     31870.1907
                                                    Density    =         1.0178
 Ewald error estimate:   0.8510E-04
 ------------------------------------------------------------------------------

wrapping first mol.:       23.05995      -16.30585       28.24256

 NSTEP =    27000   TIME(PS) =      74.000  TEMP(K) =   300.28  PRESS =     0.0
 Etot   =    -10656.7565  EKtot   =      1939.2987  EPtot      =    -12596.0552
 BOND   =         4.9921  ANGLE   =        19.1903  DIHED      =        11.1140
 1-4 NB =        12.0739  1-4 EEL =      -244.4914  VDWAALS    =      2507.4247
 EELEC  =    -14915.2856  EHBOND  =         0.0000  RESTRAINT  =         8.9266
 EAMBER (non-restraint)  =    -12604.9818
 EKCMT  =         0.0000  VIRIAL  =         0.0000  VOLUME     =     31858.6356
                                                    Density    =         1.0181
 Ewald error estimate:   0.1719E-03
 ------------------------------------------------------------------------------

wrapping first mol.:       23.15180      -16.37079       28.35505

 NSTEP =    27500   TIME(PS) =      75.000  TEMP(K) =   298.85  PRESS =     0.0
 Etot   =    -10694.9076  EKtot   =      1930.1164  EPtot      =    -12625.0240
 BOND   =         4.8934  ANGLE   =        13.2055  DIHED      =        13.8813
 1-4 NB =         9.3721  1-4 EEL =      -244.6375  VDWAALS    =      2495.3660
 EELEC  =    -14924.7416  EHBOND  =         0.0000  RESTRAINT  =         7.6368
 EAMBER (non-restraint)  =    -12632.6608
 EKCMT  =         0.0000  VIRIAL  =         0.0000  VOLUME     =     32240.8174
                                                    Density    =         1.0061
 Ewald error estimate:   0.1908E-03
 ------------------------------------------------------------------------------

wrapping first mol.:       23.15180      -16.37079       28.35505

 NSTEP =    28000   TIME(PS) =      76.000  TEMP(K) =   302.28  PRESS =     0.0
 Etot   =    -10703.6822  EKtot   =      1952.2534  EPtot      =    -12655.9356
 BOND   =         4.2351  ANGLE   =        13.7928  DIHED      =        13.6966
 1-4 NB =        10.4351  1-4 EEL =      -245.0057  VDWAALS    =      2399.6746
 EELEC  =    -14865.3449  EHBOND  =         0.0000  RESTRAINT  =        12.5808
 EAMBER (non-restraint)  =    -12668.5164
 EKCMT  =         0.0000  VIRIAL  =         0.0000  VOLUME     =     32240.8174
                                                    Density    =         1.0061
 Ewald error estimate:   0.7009E-04
 ------------------------------------------------------------------------------

wrapping first mol.:       23.13627      -16.35981       28.33603

 NSTEP =    28500   TIME(PS) =      77.000  TEMP(K) =   304.21  PRESS =     0.0
 Etot   =    -10681.4474  EKtot   =      1964.7115  EPtot      =    -12646.1588
 BOND   =        11.5863  ANGLE   =        12.9050  DIHED      =        10.1589
 1-4 NB =        10.4120  1-4 EEL =      -244.1363  VDWAALS    =      2470.5666
 EELEC  =    -14928.5190  EHBOND  =         0.0000  RESTRAINT  =        10.8678
 EAMBER (non-restraint)  =    -12657.0267
 EKCMT  =         0.0000  VIRIAL  =         0.0000  VOLUME     =     32176.0070
                                                    Density    =         1.0081
 Ewald error estimate:   0.2824E-03
 ------------------------------------------------------------------------------

wrapping first mol.:       23.04737      -16.29695       28.22715

 NSTEP =    29000   TIME(PS) =      78.000  TEMP(K) =   296.26  PRESS =     0.0
 Etot   =    -10679.3001  EKtot   =      1913.3556  EPtot      =    -12592.6557
 BOND   =         8.3442  ANGLE   =        15.2571  DIHED      =         8.7139
 1-4 NB =        11.6776  1-4 EEL =      -245.0167  VDWAALS    =      2417.4885
 EELEC  =    -14820.4334  EHBOND  =         0.0000  RESTRAINT  =        11.3129
 EAMBER (non-restraint)  =    -12603.9686
 EKCMT  =         0.0000  VIRIAL  =         0.0000  VOLUME     =     31806.5053
                                                    Density    =         1.0198
 Ewald error estimate:   0.1631E-03
 ------------------------------------------------------------------------------

wrapping first mol.:       23.08291      -16.32208       28.27067

 NSTEP =    29500   TIME(PS) =      79.000  TEMP(K) =   296.63  PRESS =     0.0
 Etot   =    -10649.1630  EKtot   =      1915.7555  EPtot      =    -12564.9185
 BOND   =        11.1178  ANGLE   =        14.7793  DIHED      =         9.9474
 1-4 NB =        11.6065  1-4 EEL =      -245.5185  VDWAALS    =      2443.4671
 EELEC  =    -14816.3984  EHBOND  =         0.0000  RESTRAINT  =         6.0804
 EAMBER (non-restraint)  =    -12570.9989
 EKCMT  =         0.0000  VIRIAL  =         0.0000  VOLUME     =     31953.8605
                                                    Density    =         1.0151
 Ewald error estimate:   0.2333E-03
 ------------------------------------------------------------------------------

wrapping first mol.:       23.10254      -16.33596       28.29471

 NSTEP =    30000   TIME(PS) =      80.000  TEMP(K) =   301.28  PRESS =     0.0
 Etot   =    -10651.8719  EKtot   =      1945.7589  EPtot      =    -12597.6308
 BOND   =         8.4945  ANGLE   =        12.7100  DIHED      =        10.0869
 1-4 NB =        11.2689  1-4 EEL =      -246.0837  VDWAALS    =      2399.2301
 EELEC  =    -14803.2936  EHBOND  =         0.0000  RESTRAINT  =         9.9562
 EAMBER (non-restraint)  =    -12607.5869
 EKCMT  =         0.0000  VIRIAL  =         0.0000  VOLUME     =     32035.4458
                                                    Density    =         1.0125
 Ewald error estimate:   0.3250E-03
 ------------------------------------------------------------------------------

wrapping first mol.:       23.06911      -16.31232       28.25378

 NSTEP =    30500   TIME(PS) =      81.000  TEMP(K) =   299.44  PRESS =     0.0
 Etot   =    -10729.8540  EKtot   =      1933.8659  EPtot      =    -12663.7200
 BOND   =         7.8839  ANGLE   =        13.3514  DIHED      =        13.6576
 1-4 NB =        11.7586  1-4 EEL =      -248.7157  VDWAALS    =      2470.1768
 EELEC  =    -14942.0350  EHBOND  =         0.0000  RESTRAINT  =        10.2026
 EAMBER (non-restraint)  =    -12673.9225
 EKCMT  =         0.0000  VIRIAL  =         0.0000  VOLUME     =     31896.6103
                                                    Density    =         1.0169
 Ewald error estimate:   0.1578E-03
 ------------------------------------------------------------------------------

wrapping first mol.:       23.05446      -16.30197       28.23584

 NSTEP =    31000   TIME(PS) =      82.000  TEMP(K) =   293.59  PRESS =     0.0
 Etot   =    -10668.3703  EKtot   =      1896.1088  EPtot      =    -12564.4792
 BOND   =         4.8415  ANGLE   =        14.9084  DIHED      =        10.7936
 1-4 NB =        12.8319  1-4 EEL =      -244.2926  VDWAALS    =      2503.1695
 EELEC  =    -14873.6682  EHBOND  =         0.0000  RESTRAINT  =         6.9368
 EAMBER (non-restraint)  =    -12571.4159
 EKCMT  =         0.0000  VIRIAL  =         0.0000  VOLUME     =     31835.8854
                                                    Density    =         1.0189
 Ewald error estimate:   0.3203E-03
 ------------------------------------------------------------------------------

wrapping first mol.:       23.03174      -16.28590       28.20801

 NSTEP =    31500   TIME(PS) =      83.000  TEMP(K) =   299.33  PRESS =     0.0
 Etot   =    -10697.2968  EKtot   =      1933.1903  EPtot      =    -12630.4871
 BOND   =        10.5224  ANGLE   =        12.1940  DIHED      =        12.5522
 1-4 NB =        11.4058  1-4 EEL =      -244.7957  VDWAALS    =      2456.0434
 EELEC  =    -14898.1308  EHBOND  =         0.0000  RESTRAINT  =         9.7216
 EAMBER (non-restraint)  =    -12640.2088
 EKCMT  =         0.0000  VIRIAL  =         0.0000  VOLUME     =     31741.8488
                                                    Density    =         1.0219
 Ewald error estimate:   0.3818E-03
 ------------------------------------------------------------------------------

wrapping first mol.:       23.08981      -16.32696       28.27913

 NSTEP =    32000   TIME(PS) =      84.000  TEMP(K) =   305.63  PRESS =     0.0
 Etot   =    -10746.2637  EKtot   =      1973.8770  EPtot      =    -12720.1407
 BOND   =         7.1969  ANGLE   =        19.3696  DIHED      =        11.7349
 1-4 NB =        12.5963  1-4 EEL =      -246.1700  VDWAALS    =      2461.7890
 EELEC  =    -14995.4436  EHBOND  =         0.0000  RESTRAINT  =         8.7862
 EAMBER (non-restraint)  =    -12728.9269
 EKCMT  =         0.0000  VIRIAL  =         0.0000  VOLUME     =     31982.5356
                                                    Density    =         1.0142
 Ewald error estimate:   0.1214E-05
 ------------------------------------------------------------------------------

wrapping first mol.:       23.06507      -16.30946       28.24882

 NSTEP =    32500   TIME(PS) =      85.000  TEMP(K) =   299.65  PRESS =     0.0
 Etot   =    -10765.6142  EKtot   =      1935.2359  EPtot      =    -12700.8501
 BOND   =         8.9692  ANGLE   =        10.7443  DIHED      =        13.7945
 1-4 NB =        10.8131  1-4 EEL =      -246.3766  VDWAALS    =      2521.2626
 EELEC  =    -15029.6527  EHBOND  =         0.0000  RESTRAINT  =         9.5956
 EAMBER (non-restraint)  =    -12710.4456
 EKCMT  =         0.0000  VIRIAL  =         0.0000  VOLUME     =     31879.8282
                                                    Density    =         1.0175
 Ewald error estimate:   0.5335E-03
 ------------------------------------------------------------------------------

wrapping first mol.:       23.06644      -16.31044       28.25051

 NSTEP =    33000   TIME(PS) =      86.000  TEMP(K) =   289.30  PRESS =     0.0
 Etot   =    -10814.9740  EKtot   =      1868.3836  EPtot      =    -12683.3575
 BOND   =         6.3198  ANGLE   =        12.0385  DIHED      =        11.6973
 1-4 NB =        11.6787  1-4 EEL =      -247.8482  VDWAALS    =      2464.9347
 EELEC  =    -14948.0390  EHBOND  =         0.0000  RESTRAINT  =         5.8606
 EAMBER (non-restraint)  =    -12689.2181
 EKCMT  =         0.0000  VIRIAL  =         0.0000  VOLUME     =     31885.5336
                                                    Density    =         1.0173
 Ewald error estimate:   0.6634E-04
 ------------------------------------------------------------------------------

wrapping first mol.:       23.13878      -16.36158       28.33910

 NSTEP =    33500   TIME(PS) =      87.000  TEMP(K) =   301.00  PRESS =     0.0
 Etot   =    -10671.7312  EKtot   =      1943.9976  EPtot      =    -12615.7288
 BOND   =         5.0141  ANGLE   =        15.2487  DIHED      =        12.7377
 1-4 NB =        10.6669  1-4 EEL =      -245.3248  VDWAALS    =      2397.3375
 EELEC  =    -14820.2073  EHBOND  =         0.0000  RESTRAINT  =         8.7983
 EAMBER (non-restraint)  =    -12624.5271
 EKCMT  =         0.0000  VIRIAL  =         0.0000  VOLUME     =     32186.4468
                                                    Density    =         1.0078
 Ewald error estimate:   0.1818E-03
 ------------------------------------------------------------------------------

wrapping first mol.:       23.08076      -16.32056       28.26805

 NSTEP =    34000   TIME(PS) =      88.000  TEMP(K) =   302.48  PRESS =     0.0
 Etot   =    -10726.7508  EKtot   =      1953.5487  EPtot      =    -12680.2995
 BOND   =         7.1171  ANGLE   =        19.6597  DIHED      =        11.6138
 1-4 NB =        10.6326  1-4 EEL =      -247.4252  VDWAALS    =      2510.0043
 EELEC  =    -15000.7171  EHBOND  =         0.0000  RESTRAINT  =         8.8153
 EAMBER (non-restraint)  =    -12689.1148
 EKCMT  =         0.0000  VIRIAL  =         0.0000  VOLUME     =     31944.9665
                                                    Density    =         1.0154
 Ewald error estimate:   0.2609E-03
 ------------------------------------------------------------------------------

wrapping first mol.:       23.05036      -16.29907       28.23081

 NSTEP =    34500   TIME(PS) =      89.000  TEMP(K) =   293.37  PRESS =     0.0
 Etot   =    -10717.4170  EKtot   =      1894.7234  EPtot      =    -12612.1404
 BOND   =         3.5954  ANGLE   =        18.7185  DIHED      =        16.5188
 1-4 NB =        11.5564  1-4 EEL =      -246.3902  VDWAALS    =      2504.0471
 EELEC  =    -14927.7891  EHBOND  =         0.0000  RESTRAINT  =         7.6028
 EAMBER (non-restraint)  =    -12619.7432
 EKCMT  =         0.0000  VIRIAL  =         0.0000  VOLUME     =     31818.8978
                                                    Density    =         1.0194
 Ewald error estimate:   0.6703E-04
 ------------------------------------------------------------------------------

wrapping first mol.:       23.06826      -16.31172       28.25273

 NSTEP =    35000   TIME(PS) =      90.000  TEMP(K) =   301.95  PRESS =     0.0
 Etot   =    -10695.8254  EKtot   =      1950.1029  EPtot      =    -12645.9283
 BOND   =         4.1489  ANGLE   =        15.0102  DIHED      =        16.2171
 1-4 NB =        10.9279  1-4 EEL =      -245.1890  VDWAALS    =      2491.0827
 EELEC  =    -14953.0418  EHBOND  =         0.0000  RESTRAINT  =        14.9155
 EAMBER (non-restraint)  =    -12660.8438
 EKCMT  =         0.0000  VIRIAL  =         0.0000  VOLUME     =     31893.0599
                                                    Density    =         1.0170
 Ewald error estimate:   0.1325E-03
 ------------------------------------------------------------------------------

wrapping first mol.:       23.11437      -16.34433       28.30921

 NSTEP =    35500   TIME(PS) =      91.000  TEMP(K) =   294.75  PRESS =     0.0
 Etot   =    -10764.9128  EKtot   =      1903.5916  EPtot      =    -12668.5043
 BOND   =         4.2920  ANGLE   =        10.9672  DIHED      =         9.7264
 1-4 NB =        10.2904  1-4 EEL =      -244.4541  VDWAALS    =      2391.4694
 EELEC  =    -14857.2098  EHBOND  =         0.0000  RESTRAINT  =         6.4142
 EAMBER (non-restraint)  =    -12674.9186
 EKCMT  =         0.0000  VIRIAL  =         0.0000  VOLUME     =     32084.7079
                                                    Density    =         1.0110
 Ewald error estimate:   0.2826E-03
 ------------------------------------------------------------------------------

wrapping first mol.:       23.12877      -16.35451       28.32684

 NSTEP =    36000   TIME(PS) =      92.000  TEMP(K) =   301.02  PRESS =     0.0
 Etot   =    -10738.1327  EKtot   =      1944.1262  EPtot      =    -12682.2589
 BOND   =         4.5595  ANGLE   =        11.7891  DIHED      =        10.4152
 1-4 NB =        11.6513  1-4 EEL =      -244.8948  VDWAALS    =      2479.2462
 EELEC  =    -14963.3133  EHBOND  =         0.0000  RESTRAINT  =         8.2880
 EAMBER (non-restraint)  =    -12690.5468
 EKCMT  =         0.0000  VIRIAL  =         0.0000  VOLUME     =     32144.6951
                                                    Density    =         1.0091
 Ewald error estimate:   0.1897E-03
 ------------------------------------------------------------------------------

wrapping first mol.:       23.10633      -16.33864       28.29936

 NSTEP =    36500   TIME(PS) =      93.000  TEMP(K) =   295.62  PRESS =     0.0
 Etot   =    -10783.3710  EKtot   =      1909.2062  EPtot      =    -12692.5772
 BOND   =         7.4538  ANGLE   =        12.9008  DIHED      =        12.1598
 1-4 NB =        10.0576  1-4 EEL =      -247.3197  VDWAALS    =      2447.7016
 EELEC  =    -14945.1430  EHBOND  =         0.0000  RESTRAINT  =         9.6120
 EAMBER (non-restraint)  =    -12702.1892
 EKCMT  =         0.0000  VIRIAL  =         0.0000  VOLUME     =     32051.2496
                                                    Density    =         1.0120
 Ewald error estimate:   0.1449E-03
 ------------------------------------------------------------------------------

wrapping first mol.:       23.09027      -16.32728       28.27969

 NSTEP =    37000   TIME(PS) =      94.000  TEMP(K) =   296.34  PRESS =     0.0
 Etot   =    -10809.7950  EKtot   =      1913.8454  EPtot      =    -12723.6405
 BOND   =         7.9442  ANGLE   =        14.4778  DIHED      =        11.5551
 1-4 NB =        11.4003  1-4 EEL =      -247.0937  VDWAALS    =      2460.1878
 EELEC  =    -14992.7982  EHBOND  =         0.0000  RESTRAINT  =        10.6863
 EAMBER (non-restraint)  =    -12734.3267
 EKCMT  =         0.0000  VIRIAL  =         0.0000  VOLUME     =     31984.4504
                                                    Density    =         1.0141
 Ewald error estimate:   0.1086E-03
 ------------------------------------------------------------------------------

wrapping first mol.:       23.05844      -16.30478       28.24071

 NSTEP =    37500   TIME(PS) =      95.000  TEMP(K) =   299.08  PRESS =     0.0
 Etot   =    -10779.3458  EKtot   =      1931.5832  EPtot      =    -12710.9290
 BOND   =         8.8914  ANGLE   =        15.0453  DIHED      =        10.1416
 1-4 NB =         9.8400  1-4 EEL =      -242.1187  VDWAALS    =      2458.3270
 EELEC  =    -14979.9155  EHBOND  =         0.0000  RESTRAINT  =         8.8598
 EAMBER (non-restraint)  =    -12719.7888
 EKCMT  =         0.0000  VIRIAL  =         0.0000  VOLUME     =     31852.3759
                                                    Density    =         1.0183
 Ewald error estimate:   0.1936E-03
 ------------------------------------------------------------------------------

wrapping first mol.:       23.15017      -16.36964       28.35306

 NSTEP =    38000   TIME(PS) =      96.000  TEMP(K) =   297.35  PRESS =     0.0
 Etot   =    -10640.2432  EKtot   =      1920.4249  EPtot      =    -12560.6681
 BOND   =         6.6514  ANGLE   =        14.6341  DIHED      =        11.4614
 1-4 NB =        12.0828  1-4 EEL =      -245.8933  VDWAALS    =      2414.1457
 EELEC  =    -14780.4205  EHBOND  =         0.0000  RESTRAINT  =         6.6704
 EAMBER (non-restraint)  =    -12567.3385
 EKCMT  =         0.0000  VIRIAL  =         0.0000  VOLUME     =     32234.0364
                                                    Density    =         1.0063
 Ewald error estimate:   0.6591E-03
 ------------------------------------------------------------------------------

wrapping first mol.:       23.14511      -16.36606       28.34685

 NSTEP =    38500   TIME(PS) =      97.000  TEMP(K) =   300.18  PRESS =     0.0
 Etot   =    -10663.6182  EKtot   =      1938.6763  EPtot      =    -12602.2945
 BOND   =         3.5673  ANGLE   =        15.9797  DIHED      =        12.5202
 1-4 NB =        12.2485  1-4 EEL =      -247.4343  VDWAALS    =      2344.6128
 EELEC  =    -14750.6851  EHBOND  =         0.0000  RESTRAINT  =         6.8964
 EAMBER (non-restraint)  =    -12609.1908
 EKCMT  =         0.0000  VIRIAL  =         0.0000  VOLUME     =     32212.8642
                                                    Density    =         1.0069
 Ewald error estimate:   0.2382E-03
 ------------------------------------------------------------------------------

wrapping first mol.:       23.11903      -16.34762       28.31492

 NSTEP =    39000   TIME(PS) =      98.000  TEMP(K) =   297.61  PRESS =     0.0
 Etot   =    -10667.2542  EKtot   =      1922.0603  EPtot      =    -12589.3144
 BOND   =         4.0144  ANGLE   =        14.1847  DIHED      =        10.1179
 1-4 NB =        11.3676  1-4 EEL =      -243.9681  VDWAALS    =      2364.7562
 EELEC  =    -14758.3041  EHBOND  =         0.0000  RESTRAINT  =         8.5170
 EAMBER (non-restraint)  =    -12597.8314
 EKCMT  =         0.0000  VIRIAL  =         0.0000  VOLUME     =     32104.1336
                                                    Density    =         1.0104
 Ewald error estimate:   0.2145E-03
 ------------------------------------------------------------------------------

wrapping first mol.:       23.15194      -16.37089       28.35522

 NSTEP =    39500   TIME(PS) =      99.000  TEMP(K) =   298.89  PRESS =     0.0
 Etot   =    -10675.9762  EKtot   =      1930.3183  EPtot      =    -12606.2944
 BOND   =         4.1942  ANGLE   =        13.6835  DIHED      =        11.6847
 1-4 NB =        13.1269  1-4 EEL =      -247.2000  VDWAALS    =      2443.9300
 EELEC  =    -14856.0886  EHBOND  =         0.0000  RESTRAINT  =        10.3749
 EAMBER (non-restraint)  =    -12616.6693
 EKCMT  =         0.0000  VIRIAL  =         0.0000  VOLUME     =     32241.4046
                                                    Density    =         1.0061
 Ewald error estimate:   0.1351E-03
 ------------------------------------------------------------------------------

wrapping first mol.:       23.15987      -16.37650       28.36493

 NSTEP =    40000   TIME(PS) =     100.000  TEMP(K) =   300.46  PRESS =     0.0
 Etot   =    -10668.8375  EKtot   =      1940.4596  EPtot      =    -12609.2971
 BOND   =         6.0490  ANGLE   =        11.9475  DIHED      =        14.2135
 1-4 NB =        10.8472  1-4 EEL =      -246.3586  VDWAALS    =      2457.3155
 EELEC  =    -14874.1199  EHBOND  =         0.0000  RESTRAINT  =        10.8088
 EAMBER (non-restraint)  =    -12620.1059
 EKCMT  =         0.0000  VIRIAL  =         0.0000  VOLUME     =     32274.5428
                                                    Density    =         1.0050
 Ewald error estimate:   0.1346E-03
 ------------------------------------------------------------------------------

wrapping first mol.:       23.15987      -16.37650       28.36493

 NSTEP =    40500   TIME(PS) =     101.000  TEMP(K) =   299.24  PRESS =     0.0
 Etot   =    -10648.1984  EKtot   =      1932.6040  EPtot      =    -12580.8024
 BOND   =         8.1543  ANGLE   =        16.3636  DIHED      =        10.4960
 1-4 NB =        10.9953  1-4 EEL =      -244.3155  VDWAALS    =      2337.3500
 EELEC  =    -14728.7461  EHBOND  =         0.0000  RESTRAINT  =         8.9001
 EAMBER (non-restraint)  =    -12589.7026
 EKCMT  =         0.0000  VIRIAL  =         0.0000  VOLUME     =     32274.5428
                                                    Density    =         1.0050
 Ewald error estimate:   0.9493E-04
 ------------------------------------------------------------------------------

wrapping first mol.:       23.15113      -16.37032       28.35423

 NSTEP =    41000   TIME(PS) =     102.000  TEMP(K) =   298.38  PRESS =     0.0
 Etot   =    -10658.5177  EKtot   =      1927.0236  EPtot      =    -12585.5412
 BOND   =         9.7210  ANGLE   =        20.3303  DIHED      =        13.5560
 1-4 NB =        10.2528  1-4 EEL =      -244.1189  VDWAALS    =      2491.8437
 EELEC  =    -14895.8849  EHBOND  =         0.0000  RESTRAINT  =         8.7587
 EAMBER (non-restraint)  =    -12594.3000
 EKCMT  =         0.0000  VIRIAL  =         0.0000  VOLUME     =     32238.0365
                                                    Density    =         1.0062
 Ewald error estimate:   0.1721E-03
 ------------------------------------------------------------------------------

wrapping first mol.:       23.20730      -16.41004       28.42302

 NSTEP =    41500   TIME(PS) =     103.000  TEMP(K) =   301.45  PRESS =     0.0
 Etot   =    -10684.9112  EKtot   =      1946.8550  EPtot      =    -12631.7662
 BOND   =         5.0899  ANGLE   =        15.7619  DIHED      =        10.9231
 1-4 NB =        11.0629  1-4 EEL =      -241.5154  VDWAALS    =      2458.4351
 EELEC  =    -14901.7806  EHBOND  =         0.0000  RESTRAINT  =        10.2568
 EAMBER (non-restraint)  =    -12642.0230
 EKCMT  =         0.0000  VIRIAL  =         0.0000  VOLUME     =     32473.2517
                                                    Density    =         0.9989
 Ewald error estimate:   0.3076E-03
 ------------------------------------------------------------------------------

wrapping first mol.:       23.07270      -16.31486       28.25817

 NSTEP =    42000   TIME(PS) =     104.000  TEMP(K) =   297.08  PRESS =     0.0
 Etot   =    -10718.6447  EKtot   =      1918.6614  EPtot      =    -12637.3061
 BOND   =         6.6952  ANGLE   =        14.8223  DIHED      =        12.3137
 1-4 NB =        11.8717  1-4 EEL =      -246.6532  VDWAALS    =      2517.9988
 EELEC  =    -14961.5033  EHBOND  =         0.0000  RESTRAINT  =         7.1487
 EAMBER (non-restraint)  =    -12644.4547
 EKCMT  =         0.0000  VIRIAL  =         0.0000  VOLUME     =     31911.4901
                                                    Density    =         1.0165
 Ewald error estimate:   0.4694E-03
 ------------------------------------------------------------------------------

wrapping first mol.:       23.19370      -16.40042       28.40637

 NSTEP =    42500   TIME(PS) =     105.000  TEMP(K) =   298.09  PRESS =     0.0
 Etot   =    -10645.8144  EKtot   =      1925.1755  EPtot      =    -12570.9899
 BOND   =         6.7926  ANGLE   =        15.2202  DIHED      =        16.4819
 1-4 NB =        11.9924  1-4 EEL =      -247.5815  VDWAALS    =      2456.2431
 EELEC  =    -14837.7618  EHBOND  =         0.0000  RESTRAINT  =         7.6234
 EAMBER (non-restraint)  =    -12578.6132
 EKCMT  =         0.0000  VIRIAL  =         0.0000  VOLUME     =     32416.2012
                                                    Density    =         1.0006
 Ewald error estimate:   0.1799E-04
 ------------------------------------------------------------------------------

wrapping first mol.:       23.06002      -16.30589       28.24264

 NSTEP =    43000   TIME(PS) =     106.000  TEMP(K) =   305.24  PRESS =     0.0
 Etot   =    -10596.5070  EKtot   =      1971.3383  EPtot      =    -12567.8454
 BOND   =         6.3573  ANGLE   =        22.7222  DIHED      =         9.8355
 1-4 NB =        11.8658  1-4 EEL =      -246.6767  VDWAALS    =      2439.2860
 EELEC  =    -14820.4034  EHBOND  =         0.0000  RESTRAINT  =         9.1680
 EAMBER (non-restraint)  =    -12577.0134
 EKCMT  =         0.0000  VIRIAL  =         0.0000  VOLUME     =     31858.9084
                                                    Density    =         1.0181
 Ewald error estimate:   0.3806E-03
 ------------------------------------------------------------------------------

wrapping first mol.:       23.06002      -16.30589       28.24264

 NSTEP =    43500   TIME(PS) =     107.000  TEMP(K) =   306.60  PRESS =     0.0
 Etot   =    -10619.5078  EKtot   =      1980.1154  EPtot      =    -12599.6232
 BOND   =         4.3178  ANGLE   =        17.1475  DIHED      =        10.0202
 1-4 NB =        10.7355  1-4 EEL =      -248.2659  VDWAALS    =      2482.5481
 EELEC  =    -14885.3402  EHBOND  =         0.0000  RESTRAINT  =         9.2137
 EAMBER (non-restraint)  =    -12608.8369
 EKCMT  =         0.0000  VIRIAL  =         0.0000  VOLUME     =     31858.9084
                                                    Density    =         1.0181
 Ewald error estimate:   0.1163E-04
 ------------------------------------------------------------------------------

wrapping first mol.:       23.06002      -16.30589       28.24264

 NSTEP =    44000   TIME(PS) =     108.000  TEMP(K) =   301.47  PRESS =     0.0
 Etot   =    -10563.0997  EKtot   =      1947.0027  EPtot      =    -12510.1024
 BOND   =         3.6766  ANGLE   =        14.6316  DIHED      =        14.8539
 1-4 NB =        10.9705  1-4 EEL =      -245.7281  VDWAALS    =      2483.4847
 EELEC  =    -14801.9610  EHBOND  =         0.0000  RESTRAINT  =         9.9694
 EAMBER (non-restraint)  =    -12520.0718
 EKCMT  =         0.0000  VIRIAL  =         0.0000  VOLUME     =     31858.9084
                                                    Density    =         1.0181
 Ewald error estimate:   0.6397E-04
 ------------------------------------------------------------------------------

wrapping first mol.:       23.02737      -16.28281       28.20266

 NSTEP =    44500   TIME(PS) =     109.000  TEMP(K) =   312.22  PRESS =     0.0
 Etot   =    -10685.6702  EKtot   =      2016.4304  EPtot      =    -12702.1006
 BOND   =         5.9573  ANGLE   =        13.2315  DIHED      =        10.8444
 1-4 NB =        10.4784  1-4 EEL =      -247.1399  VDWAALS    =      2449.0826
 EELEC  =    -14952.6776  EHBOND  =         0.0000  RESTRAINT  =         8.1228
 EAMBER (non-restraint)  =    -12710.2234
 EKCMT  =         0.0000  VIRIAL  =         0.0000  VOLUME     =     31723.7948
                                                    Density    =         1.0225
 Ewald error estimate:   0.3150E-03
 ------------------------------------------------------------------------------

wrapping first mol.:       23.09028      -16.32729       28.27970

 NSTEP =    45000   TIME(PS) =     110.000  TEMP(K) =   302.12  PRESS =     0.0
 Etot   =    -10652.8958  EKtot   =      1951.2111  EPtot      =    -12604.1069
 BOND   =         4.8539  ANGLE   =        17.9401  DIHED      =        11.8936
 1-4 NB =        11.0067  1-4 EEL =      -244.2571  VDWAALS    =      2382.4345
 EELEC  =    -14798.1924  EHBOND  =         0.0000  RESTRAINT  =        10.2137
 EAMBER (non-restraint)  =    -12614.3206
 EKCMT  =         0.0000  VIRIAL  =         0.0000  VOLUME     =     31984.4960
                                                    Density    =         1.0141
 Ewald error estimate:   0.4740E-03
 ------------------------------------------------------------------------------

wrapping first mol.:       23.07322      -16.31523       28.25880

 NSTEP =    45500   TIME(PS) =     111.000  TEMP(K) =   302.32  PRESS =     0.0
 Etot   =    -10663.1462  EKtot   =      1952.4912  EPtot      =    -12615.6374
 BOND   =         5.9373  ANGLE   =        10.9864  DIHED      =        11.6647
 1-4 NB =         9.9563  1-4 EEL =      -245.3270  VDWAALS    =      2391.6379
 EELEC  =    -14807.2062  EHBOND  =         0.0000  RESTRAINT  =         6.7132
 EAMBER (non-restraint)  =    -12622.3506
 EKCMT  =         0.0000  VIRIAL  =         0.0000  VOLUME     =     31913.6386
                                                    Density    =         1.0164
 Ewald error estimate:   0.1343E-03
 ------------------------------------------------------------------------------

wrapping first mol.:       23.02088      -16.27822       28.19470

 NSTEP =    46000   TIME(PS) =     112.000  TEMP(K) =   299.95  PRESS =     0.0
 Etot   =    -10696.9110  EKtot   =      1937.2084  EPtot      =    -12634.1194
 BOND   =         6.8802  ANGLE   =        22.7660  DIHED      =        11.7333
 1-4 NB =         9.4175  1-4 EEL =      -245.2324  VDWAALS    =      2521.6252
 EELEC  =    -14971.0083  EHBOND  =         0.0000  RESTRAINT  =         9.6992
 EAMBER (non-restraint)  =    -12643.8186
 EKCMT  =         0.0000  VIRIAL  =         0.0000  VOLUME     =     31696.9457
                                                    Density    =         1.0233
 Ewald error estimate:   0.4734E-03
 ------------------------------------------------------------------------------

wrapping first mol.:       23.07540      -16.31677       28.26148

 NSTEP =    46500   TIME(PS) =     113.000  TEMP(K) =   293.09  PRESS =     0.0
 Etot   =    -10710.6679  EKtot   =      1892.8703  EPtot      =    -12603.5382
 BOND   =         6.1536  ANGLE   =        17.6162  DIHED      =        10.3993
 1-4 NB =        10.4197  1-4 EEL =      -244.9243  VDWAALS    =      2522.5748
 EELEC  =    -14935.5103  EHBOND  =         0.0000  RESTRAINT  =         9.7329
 EAMBER (non-restraint)  =    -12613.2711
 EKCMT  =         0.0000  VIRIAL  =         0.0000  VOLUME     =     31922.6953
                                                    Density    =         1.0161
 Ewald error estimate:   0.1518E-03
 ------------------------------------------------------------------------------

wrapping first mol.:       23.10264      -16.33603       28.29484

 NSTEP =    47000   TIME(PS) =     114.000  TEMP(K) =   294.46  PRESS =     0.0
 Etot   =    -10726.9964  EKtot   =      1901.7473  EPtot      =    -12628.7436
 BOND   =         5.7187  ANGLE   =        15.7914  DIHED      =        15.0467
 1-4 NB =        11.9552  1-4 EEL =      -247.8582  VDWAALS    =      2501.8549
 EELEC  =    -14941.9333  EHBOND  =         0.0000  RESTRAINT  =        10.6810
 EAMBER (non-restraint)  =    -12639.4246
 EKCMT  =         0.0000  VIRIAL  =         0.0000  VOLUME     =     32035.8796
                                                    Density    =         1.0125
 Ewald error estimate:   0.5043E-04
 ------------------------------------------------------------------------------

wrapping first mol.:       23.17177      -16.38491       28.37950

 NSTEP =    47500   TIME(PS) =     115.000  TEMP(K) =   302.62  PRESS =     0.0
 Etot   =    -10681.3871  EKtot   =      1954.4035  EPtot      =    -12635.7905
 BOND   =         4.7183  ANGLE   =        14.7016  DIHED      =        11.4857
 1-4 NB =        10.4239  1-4 EEL =      -245.2196  VDWAALS    =      2568.0791
 EELEC  =    -15007.2010  EHBOND  =         0.0000  RESTRAINT  =         7.2215
 EAMBER (non-restraint)  =    -12643.0120
 EKCMT  =         0.0000  VIRIAL  =         0.0000  VOLUME     =     32324.3176
                                                    Density    =         1.0035
 Ewald error estimate:   0.1358E-03
 ------------------------------------------------------------------------------

wrapping first mol.:       23.13250      -16.35714       28.33141

 NSTEP =    48000   TIME(PS) =     116.000  TEMP(K) =   293.99  PRESS =     0.0
 Etot   =    -10726.5302  EKtot   =      1898.6921  EPtot      =    -12625.2223
 BOND   =         5.2800  ANGLE   =        12.3607  DIHED      =        11.2878
 1-4 NB =        11.7128  1-4 EEL =      -244.7029  VDWAALS    =      2561.1517
 EELEC  =    -14989.2856  EHBOND  =         0.0000  RESTRAINT  =         6.9732
 EAMBER (non-restraint)  =    -12632.1955
 EKCMT  =         0.0000  VIRIAL  =         0.0000  VOLUME     =     32160.2588
                                                    Density    =         1.0086
 Ewald error estimate:   0.2000E-03
 ------------------------------------------------------------------------------

wrapping first mol.:       23.19098      -16.39850       28.40304

 NSTEP =    48500   TIME(PS) =     117.000  TEMP(K) =   296.14  PRESS =     0.0
 Etot   =    -10747.4445  EKtot   =      1912.6114  EPtot      =    -12660.0559
 BOND   =         7.4580  ANGLE   =        13.9229  DIHED      =        11.2906
 1-4 NB =        11.5894  1-4 EEL =      -248.6157  VDWAALS    =      2421.9107
 EELEC  =    -14885.1194  EHBOND  =         0.0000  RESTRAINT  =         7.5076
 EAMBER (non-restraint)  =    -12667.5635
 EKCMT  =         0.0000  VIRIAL  =         0.0000  VOLUME     =     32404.7922
                                                    Density    =         1.0010
 Ewald error estimate:   0.3754E-04
 ------------------------------------------------------------------------------

wrapping first mol.:       23.16354      -16.37910       28.36943

 NSTEP =    49000   TIME(PS) =     118.000  TEMP(K) =   299.20  PRESS =     0.0
 Etot   =    -10732.9813  EKtot   =      1932.3189  EPtot      =    -12665.3003
 BOND   =         8.2813  ANGLE   =        21.2156  DIHED      =        11.8032
 1-4 NB =         9.9859  1-4 EEL =      -246.9112  VDWAALS    =      2499.1011
 EELEC  =    -14983.3615  EHBOND  =         0.0000  RESTRAINT  =        14.5853
 EAMBER (non-restraint)  =    -12679.8856
 EKCMT  =         0.0000  VIRIAL  =         0.0000  VOLUME     =     32289.9082
                                                    Density    =         1.0045
 Ewald error estimate:   0.2291E-03
 ------------------------------------------------------------------------------

wrapping first mol.:       23.16108      -16.37735       28.36641

 NSTEP =    49500   TIME(PS) =     119.000  TEMP(K) =   296.05  PRESS =     0.0
 Etot   =    -10733.7543  EKtot   =      1911.9746  EPtot      =    -12645.7289
 BOND   =         8.3659  ANGLE   =        17.7052  DIHED      =        10.9301
 1-4 NB =         9.8303  1-4 EEL =      -248.0928  VDWAALS    =      2457.9567
 EELEC  =    -14913.8897  EHBOND  =         0.0000  RESTRAINT  =        11.4654
 EAMBER (non-restraint)  =    -12657.1943
 EKCMT  =         0.0000  VIRIAL  =         0.0000  VOLUME     =     32279.5897
                                                    Density    =         1.0049
 Ewald error estimate:   0.2766E-03
 ------------------------------------------------------------------------------

wrapping first mol.:       23.18221      -16.39230       28.39230
wrapping first mol.:       23.18221      -16.39230       28.39230

 NSTEP =    50000   TIME(PS) =     120.000  TEMP(K) =   308.52  PRESS =     0.0
 Etot   =    -10700.5904  EKtot   =      1992.5679  EPtot      =    -12693.1582
 BOND   =         5.0741  ANGLE   =        13.1712  DIHED      =         9.9554
 1-4 NB =        12.9904  1-4 EEL =      -245.5442  VDWAALS    =      2524.9710
 EELEC  =    -15021.7462  EHBOND  =         0.0000  RESTRAINT  =         7.9699
 EAMBER (non-restraint)  =    -12701.1281
 EKCMT  =         0.0000  VIRIAL  =         0.0000  VOLUME     =     32368.0490
                                                    Density    =         1.0021
 Ewald error estimate:   0.1834E-03
 ------------------------------------------------------------------------------


      A V E R A G E S   O V E R     100 S T E P S


 NSTEP =    50000   TIME(PS) =     120.000  TEMP(K) =   299.26  PRESS =     0.0
 Etot   =    -10699.5088  EKtot   =      1932.7494  EPtot      =    -12632.2582
 BOND   =         6.5009  ANGLE   =        15.1217  DIHED      =        11.6439
 1-4 NB =        11.0038  1-4 EEL =      -245.7908  VDWAALS    =      2467.7245
 EELEC  =    -14907.5452  EHBOND  =         0.0000  RESTRAINT  =         9.0830
 EAMBER (non-restraint)  =    -12641.3412
 EKCMT  =         0.0000  VIRIAL  =         0.0000  VOLUME     =     32256.7371
                                                    Density    =         1.0060
 Ewald error estimate:   0.1989E-03
 ------------------------------------------------------------------------------


      R M S  F L U C T U A T I O N S


 NSTEP =    50000   TIME(PS) =     120.000  TEMP(K) =     4.51  PRESS =     0.0
 Etot   =        66.6551  EKtot   =        29.1384  EPtot      =        63.8052
 BOND   =         1.8093  ANGLE   =         2.8477  DIHED      =         1.6523
 1-4 NB =         0.9695  1-4 EEL =         1.4996  VDWAALS    =        60.2076
 EELEC  =        93.4747  EHBOND  =         0.0000  RESTRAINT  =         2.0247
 EAMBER (non-restraint)  =        61.7805
 EKCMT  =         0.0000  VIRIAL  =         0.0000  VOLUME     =       697.8880
                                                    Density    =         0.0204
 Ewald error estimate:   0.1514E-03
 ------------------------------------------------------------------------------

| MC Barostat:        500 volume changes attempted.
| MC Barostat:        220 changes successful ( 44.00%)
 ------------------------------------------------------------------------------

--------------------------------------------------------------------------------
   5.  TIMINGS
--------------------------------------------------------------------------------

|  NonSetup CPU Time in Major Routines, Average for All Tasks:
|
|     Routine           Sec        %
|     ------------------------------
|     DataDistrib       9.62    9.29
|     Nonbond          88.45   85.42
|     Bond              0.14    0.13
|     Angle             0.16    0.15
|     Dihedral          0.20    0.20
|     Shake             0.60    0.58
|     RunMD             4.18    4.04
|     Other             0.19    0.18
|     ------------------------------
|     Total           103.54

|  PME Nonbond Pairlist CPU Time, Average for All Tasks:
|
|     Routine              Sec        %
|     ---------------------------------
|     Set Up Cit           0.29    0.28
|     Build List          10.46   10.10
|     ---------------------------------
|     Total               10.75   10.38

|  PME Direct Force CPU Time, Average for All Tasks:
|
|     Routine              Sec        %
|     ---------------------------------
|     NonBonded Calc      61.21   59.12
|     Exclude Masked       0.67    0.65
|     Other                2.44    2.35
|     ---------------------------------
|     Total               64.32   62.12

|  PME Reciprocal Force CPU Time, Average for All Tasks:
|
|     Routine              Sec        %
|     ---------------------------------
|     1D bspline           1.11    1.07
|     Grid Charges         1.22    1.18
|     Scalar Sum           1.16    1.12
|     Gradient Sum         2.11    2.04
|     FFT                  7.49    7.23
|     ---------------------------------
|     Total               13.09   12.64

|  PME Load Balancing CPU Time, Average for All Tasks:
|
|     Routine                 Sec        %
|     ------------------------------------
|     Atom Reassign           0.00    0.00
|     Image Reassign          0.00    0.00
|     FFT Reassign            0.00    0.00
|     ------------------------------------
|     Total                   0.01    0.01

|  Final Performance Info:
|     -----------------------------------------------------
|     Average timings for last   20500 steps:
|     Elapsed(s) =      42.65 Per Step(ms) =       2.08
|         ns/day =      83.05   seconds/ns =    1040.33
|
|     Average timings for all steps:
|     Elapsed(s) =     103.62 Per Step(ms) =       2.07
|         ns/day =      83.38   seconds/ns =    1036.16
|     -----------------------------------------------------

|  Master Setup CPU time:            0.03 seconds
|  Master NonSetup CPU time:       103.30 seconds
|  Master Total CPU time:          103.34 seconds     0.03 hours

|  Master Setup wall time:           0    seconds
|  Master NonSetup wall time:      104    seconds
|  Master Total wall time:         104    seconds     0.03 hours
