
          -------------------------------------------------------
          Amber 18 PMEMD                              2018
          -------------------------------------------------------

| PMEMD implementation of SANDER, Release 18

| Run on 03/14/2022 at 21:18:19

|   Executable path: pmemd.MPI
| Working directory: /bgfs/lchong/dty7/ff15ipq-lig/charges/gaff_01/GenConformers/Conf11
|          Hostname: smp-n123

  [-O]verwriting output

File Assignments:
|   MDIN: ../../../amber/6.2_eq1.in                                             
|  MDOUT: 6.2_eq1.out                                                           
| INPCRD: 6.1_min.rst                                                           
|   PARM: ../../mon.top                                                         
| RESTRT: 6.2_eq1.rst                                                           
|   REFC: 6.1_min.rst                                                           
|  MDVEL: mdvel                                                                 
|   MDEN: mden                                                                  
|  MDCRD: mdcrd                                                                 
| MDINFO: mdinfo                                                                
|LOGFILE: logfile                                                               
|  MDFRC: mdfrc                                                                 

 
 Here is the input file:
 
&cntrl                                                                         
  imin      = 0,                                                               
  irest     = 0,                                                               
  ntx       = 1,                                                               
  ig        = -1,                                                              
  dt        = 0.002,                                                           
  nstlim    = 10000,                                                           
  nscm      = 500,                                                             
  ntr       = 1,                                                               
  restraintmask = ':1',                                                        
  restraint_wt  = 10.0,                                                        
  ntb       = 1,                                                               
  ntp       = 0,                                                               
  ntt       = 3,                                                               
  tempi     = 298.0,                                                           
  temp0     = 298.0,                                                           
  gamma_ln  = 1.0,                                                             
  ntf       = 2,                                                               
  ntc       = 2,                                                               
  cut       = 10.0,                                                            
  ntpr      = 500,                                                             
  ntxo      = 2,                                                               
  ntwr      = 10000,                                                           
  ioutfm    = 1,                                                               
  ntwx      = 500,                                                             
  iwrap     = 1,                                                               
&end                                                                           


Note: ig = -1. Setting random seed to   380919 based on wallclock time in
      microseconds and disabling the synchronization of random numbers 
      between tasks to improve performance.
| irandom = 1, using AMBER's internal random number generator (default).
 
 
| Conditional Compilation Defines Used:
| MPI
| FFTW_FFT
| BINTRAJ
| MKL
| EMIL
 
| Largest sphere to fit in unit cell has radius =    14.711

| New format PARM file being parsed.
| Version =    1.000 Date = 03/14/22 Time = 17:48:27

| Note: 1-4 EEL scale factors are being read from the topology file.

| Note: 1-4 VDW scale factors are being read from the topology file.
| Duplicated    0 dihedrals

| Duplicated    0 dihedrals

--------------------------------------------------------------------------------
   1.  RESOURCE   USE: 
--------------------------------------------------------------------------------

 getting box info from netcdf restart file
 NATOM  =    3240 NTYPES =      13 NBONH =    3220 MBONA  =      21
 NTHETH =      33 MTHETA =      29 NPHIH =      60 MPHIA  =      45
 NHPARM =       0 NPARM  =       0 NNB   =    4456 NRES   =    1069
 NBONA  =      21 NTHETA =      29 NPHIA =      45 NUMBND =      22
 NUMANG =      35 NPTRA  =      18 NATYP =      17 NPHB   =       0
 IFBOX  =       2 NMXRS  =      36 IFCAP =       0 NEXTRA =       0
 NCOPY  =       0

| Coordinate Index Table dimensions:     5    5    5
| Direct force subcell size =     7.2071    7.2071    7.2071

     BOX TYPE: TRUNCATED OCTAHEDRON

--------------------------------------------------------------------------------
   2.  CONTROL  DATA  FOR  THE  RUN
--------------------------------------------------------------------------------

default_name                                                                    

General flags:
     imin    =       0, nmropt  =       0

Nature and format of input:
     ntx     =       1, irest   =       0, ntrx    =       1

Nature and format of output:
     ntxo    =       2, ntpr    =     500, ntrx    =       1, ntwr    =   10000
     iwrap   =       1, ntwx    =     500, ntwv    =       0, ntwe    =       0
     ioutfm  =       1, ntwprt  =       0, idecomp =       0, rbornstat=      0

Potential function:
     ntf     =       2, ntb     =       1, igb     =       0, nsnb    =      25
     ipol    =       0, gbsa    =       0, iesp    =       0
     dielc   =   1.00000, cut     =  10.00000, intdiel =   1.00000

Frozen or restrained atoms:
     ibelly  =       0, ntr     =       1
     restraint_wt =  10.00000

Molecular dynamics:
     nstlim  =     10000, nscm    =         0, nrespa  =         1
     t       =   0.00000, dt      =   0.00200, vlimit  =  20.00000

Langevin dynamics temperature regulation:
     ig      =  380919
     temp0   = 298.00000, tempi   = 298.00000, gamma_ln=   1.00000

SHAKE:
     ntc     =       2, jfastw  =       0
     tol     =   0.00001

| Intermolecular bonds treatment:
|     no_intermolecular_bonds =       1

| Energy averages sample interval:
|     ene_avg_sampling =     500

Ewald parameters:
     verbose =       0, ew_type =       0, nbflag  =       1, use_pme =       1
     vdwmeth =       1, eedmeth =       1, netfrc  =       1
     Box X =   36.035   Box Y =   36.035   Box Z =   36.035
     Alpha =  109.471   Beta  =  109.471   Gamma =  109.471
     NFFT1 =   40       NFFT2 =   40       NFFT3 =   40
     Cutoff=   10.000   Tol   =0.100E-04
     Ewald Coefficient =  0.27511
     Interpolation order =    4

| PMEMD ewald parallel performance parameters:
|     block_fft =    0
|     fft_blk_y_divisor =    2
|     excl_recip =    0
|     excl_master =    0
|     atm_redist_freq =  320

    LOADING THE CONSTRAINED ATOMS AS GROUPS


   5.  REFERENCE ATOM COORDINATES

  default_name                                                                    
     Mask :1; matches    36 atoms

--------------------------------------------------------------------------------
   3.  ATOMIC COORDINATES AND VELOCITIES
--------------------------------------------------------------------------------

default_name                                                                    
 begin time read from input coords =     0.000 ps

 
 Number of triangulated 3-point waters found:     1068

     Sum of charges from parm topology file =  -0.00030117
     Forcing neutrality...

| Dynamic Memory, Types Used:
| Reals             1198019
| Integers           209528

| Nonbonded Pairs Initial Allocation:      317358

| Running AMBER/MPI version on    8 MPI task

 
--------------------------------------------------------------------------------
   4.  RESULTS
--------------------------------------------------------------------------------

 ---------------------------------------------------
 APPROXIMATING switch and d/dx switch using CUBIC SPLINE INTERPOLATION
 using   5000.0 points per unit in tabled values
 TESTING RELATIVE ERROR over r ranging from 0.0 to cutoff
| CHECK switch(x): max rel err =   0.3316E-14   at   2.351880
| CHECK d/dx switch(x): max rel err =   0.8066E-11   at   2.747240
 ---------------------------------------------------
|---------------------------------------------------
| APPROXIMATING direct energy using CUBIC SPLINE INTERPOLATION
|  with   50.0 points per unit in tabled values
| Relative Error Limit not exceeded for r .gt.   2.34
| APPROXIMATING direct force using CUBIC SPLINE INTERPOLATION
|  with   50.0 points per unit in tabled values
| Relative Error Limit not exceeded for r .gt.   2.81
|---------------------------------------------------

 NSTEP =        0   TIME(PS) =       0.000  TEMP(K) =   445.36  PRESS =     0.0
 Etot   =    -14871.4387  EKtot   =      2876.2897  EPtot      =    -17747.7283
 BOND   =         1.4042  ANGLE   =         4.8931  DIHED      =        10.4884
 1-4 NB =        11.8959  1-4 EEL =      -602.7377  VDWAALS    =      3616.4596
 EELEC  =    -20790.1319  EHBOND  =         0.0000  RESTRAINT  =         0.0000
 Ewald error estimate:   0.4622E-03
 ------------------------------------------------------------------------------

wrapping first mol.:       12.01181       16.98726       29.42280

 NSTEP =      500   TIME(PS) =       1.000  TEMP(K) =   240.69  PRESS =     0.0
 Etot   =    -11642.2458  EKtot   =      1554.4674  EPtot      =    -13196.7132
 BOND   =         6.2215  ANGLE   =        13.7802  DIHED      =        13.0834
 1-4 NB =        13.4510  1-4 EEL =      -603.1577  VDWAALS    =      2556.3127
 EELEC  =    -15203.1072  EHBOND  =         0.0000  RESTRAINT  =         6.7029
 EAMBER (non-restraint)  =    -13203.4162
 Ewald error estimate:   0.2792E-03
 ------------------------------------------------------------------------------

wrapping first mol.:       12.01181       16.98726       29.42280

 NSTEP =     1000   TIME(PS) =       2.000  TEMP(K) =   273.26  PRESS =     0.0
 Etot   =    -11196.1157  EKtot   =      1764.8092  EPtot      =    -12960.9249
 BOND   =        11.8263  ANGLE   =        16.3855  DIHED      =        13.2527
 1-4 NB =        12.3393  1-4 EEL =      -597.5652  VDWAALS    =      2568.0428
 EELEC  =    -14992.9587  EHBOND  =         0.0000  RESTRAINT  =         7.7524
 EAMBER (non-restraint)  =    -12968.6772
 Ewald error estimate:   0.1564E-03
 ------------------------------------------------------------------------------

wrapping first mol.:       12.01181       16.98726       29.42280

 NSTEP =     1500   TIME(PS) =       3.000  TEMP(K) =   290.64  PRESS =     0.0
 Etot   =    -10945.0724  EKtot   =      1877.0558  EPtot      =    -12822.1281
 BOND   =        10.4162  ANGLE   =        15.2360  DIHED      =        14.9499
 1-4 NB =        11.9540  1-4 EEL =      -602.5944  VDWAALS    =      2461.7165
 EELEC  =    -14742.2586  EHBOND  =         0.0000  RESTRAINT  =         8.4523
 EAMBER (non-restraint)  =    -12830.5804
 Ewald error estimate:   0.4224E-04
 ------------------------------------------------------------------------------

wrapping first mol.:       12.01181       16.98726       29.42280

 NSTEP =     2000   TIME(PS) =       4.000  TEMP(K) =   291.06  PRESS =     0.0
 Etot   =    -10876.4601  EKtot   =      1879.7445  EPtot      =    -12756.2046
 BOND   =         8.1288  ANGLE   =        14.8968  DIHED      =        12.9598
 1-4 NB =        13.8163  1-4 EEL =      -599.0282  VDWAALS    =      2396.4586
 EELEC  =    -14611.6961  EHBOND  =         0.0000  RESTRAINT  =         8.2593
 EAMBER (non-restraint)  =    -12764.4639
 Ewald error estimate:   0.2524E-03
 ------------------------------------------------------------------------------

wrapping first mol.:       12.01181       16.98726       29.42280

 NSTEP =     2500   TIME(PS) =       5.000  TEMP(K) =   288.31  PRESS =     0.0
 Etot   =    -10845.6190  EKtot   =      1862.0322  EPtot      =    -12707.6512
 BOND   =         7.9248  ANGLE   =        10.5212  DIHED      =        15.0928
 1-4 NB =        13.0108  1-4 EEL =      -604.9540  VDWAALS    =      2485.7188
 EELEC  =    -14641.7571  EHBOND  =         0.0000  RESTRAINT  =         6.7915
 EAMBER (non-restraint)  =    -12714.4427
 Ewald error estimate:   0.1318E-03
 ------------------------------------------------------------------------------

wrapping first mol.:       12.01181       16.98726       29.42280

 NSTEP =     3000   TIME(PS) =       6.000  TEMP(K) =   294.94  PRESS =     0.0
 Etot   =    -10889.8417  EKtot   =      1904.8321  EPtot      =    -12794.6737
 BOND   =         5.8996  ANGLE   =        12.2618  DIHED      =        14.7710
 1-4 NB =        12.1416  1-4 EEL =      -600.4202  VDWAALS    =      2303.1823
 EELEC  =    -14549.5883  EHBOND  =         0.0000  RESTRAINT  =         7.0786
 EAMBER (non-restraint)  =    -12801.7523
 Ewald error estimate:   0.2056E-05
 ------------------------------------------------------------------------------

wrapping first mol.:       12.01181       16.98726       29.42280

 NSTEP =     3500   TIME(PS) =       7.000  TEMP(K) =   297.03  PRESS =     0.0
 Etot   =    -10850.2031  EKtot   =      1918.3494  EPtot      =    -12768.5526
 BOND   =         8.3152  ANGLE   =        15.0220  DIHED      =        11.1532
 1-4 NB =        12.8747  1-4 EEL =      -599.7291  VDWAALS    =      2351.6086
 EELEC  =    -14575.0385  EHBOND  =         0.0000  RESTRAINT  =         7.2414
 EAMBER (non-restraint)  =    -12775.7940
 Ewald error estimate:   0.1432E-03
 ------------------------------------------------------------------------------

wrapping first mol.:       12.01181       16.98726       29.42280

 NSTEP =     4000   TIME(PS) =       8.000  TEMP(K) =   306.11  PRESS =     0.0
 Etot   =    -10768.2452  EKtot   =      1976.9799  EPtot      =    -12745.2250
 BOND   =         7.0530  ANGLE   =        11.2784  DIHED      =        10.6274
 1-4 NB =        11.5466  1-4 EEL =      -599.3818  VDWAALS    =      2285.5708
 EELEC  =    -14480.9642  EHBOND  =         0.0000  RESTRAINT  =         9.0448
 EAMBER (non-restraint)  =    -12754.2698
 Ewald error estimate:   0.3005E-03
 ------------------------------------------------------------------------------

wrapping first mol.:       12.01181       16.98726       29.42280

 NSTEP =     4500   TIME(PS) =       9.000  TEMP(K) =   295.12  PRESS =     0.0
 Etot   =    -10700.2415  EKtot   =      1906.0241  EPtot      =    -12606.2656
 BOND   =        10.5623  ANGLE   =        16.5155  DIHED      =        12.7548
 1-4 NB =        10.4271  1-4 EEL =      -602.1151  VDWAALS    =      2267.9612
 EELEC  =    -14335.5931  EHBOND  =         0.0000  RESTRAINT  =        13.2217
 EAMBER (non-restraint)  =    -12619.4873
 Ewald error estimate:   0.4434E-04
 ------------------------------------------------------------------------------

wrapping first mol.:       12.01181       16.98726       29.42280

 NSTEP =     5000   TIME(PS) =      10.000  TEMP(K) =   303.47  PRESS =     0.0
 Etot   =    -10681.2518  EKtot   =      1959.9221  EPtot      =    -12641.1739
 BOND   =         3.6303  ANGLE   =        12.9037  DIHED      =        11.7858
 1-4 NB =        12.2002  1-4 EEL =      -598.8621  VDWAALS    =      2435.6630
 EELEC  =    -14526.7793  EHBOND  =         0.0000  RESTRAINT  =         8.2845
 EAMBER (non-restraint)  =    -12649.4584
 Ewald error estimate:   0.3310E-03
 ------------------------------------------------------------------------------

wrapping first mol.:       12.01181       16.98726       29.42280

 NSTEP =     5500   TIME(PS) =      11.000  TEMP(K) =   296.13  PRESS =     0.0
 Etot   =    -10772.5818  EKtot   =      1912.5182  EPtot      =    -12685.1000
 BOND   =         3.9481  ANGLE   =        11.0349  DIHED      =        15.9742
 1-4 NB =        11.1050  1-4 EEL =      -596.1824  VDWAALS    =      2364.2304
 EELEC  =    -14505.2985  EHBOND  =         0.0000  RESTRAINT  =        10.0882
 EAMBER (non-restraint)  =    -12695.1882
 Ewald error estimate:   0.9708E-04
 ------------------------------------------------------------------------------

wrapping first mol.:       12.01181       16.98726       29.42280

 NSTEP =     6000   TIME(PS) =      12.000  TEMP(K) =   300.59  PRESS =     0.0
 Etot   =    -10781.4078  EKtot   =      1941.3512  EPtot      =    -12722.7590
 BOND   =         3.2995  ANGLE   =        11.8713  DIHED      =        14.1602
 1-4 NB =        12.5802  1-4 EEL =      -598.8509  VDWAALS    =      2360.1436
 EELEC  =    -14533.0445  EHBOND  =         0.0000  RESTRAINT  =         7.0816
 EAMBER (non-restraint)  =    -12729.8406
 Ewald error estimate:   0.5977E-05
 ------------------------------------------------------------------------------

wrapping first mol.:       12.01181       16.98726       29.42280

 NSTEP =     6500   TIME(PS) =      13.000  TEMP(K) =   303.10  PRESS =     0.0
 Etot   =    -10732.6651  EKtot   =      1957.5151  EPtot      =    -12690.1802
 BOND   =         2.6919  ANGLE   =        14.7582  DIHED      =        11.9789
 1-4 NB =        11.7949  1-4 EEL =      -600.9969  VDWAALS    =      2366.6422
 EELEC  =    -14503.0539  EHBOND  =         0.0000  RESTRAINT  =         6.0045
 EAMBER (non-restraint)  =    -12696.1848
 Ewald error estimate:   0.1885E-03
 ------------------------------------------------------------------------------

wrapping first mol.:       12.01181       16.98726       29.42280

 NSTEP =     7000   TIME(PS) =      14.000  TEMP(K) =   301.95  PRESS =     0.0
 Etot   =    -10733.4801  EKtot   =      1950.1093  EPtot      =    -12683.5895
 BOND   =         6.2606  ANGLE   =        15.4210  DIHED      =        10.4492
 1-4 NB =        10.8855  1-4 EEL =      -601.6829  VDWAALS    =      2307.9676
 EELEC  =    -14438.4326  EHBOND  =         0.0000  RESTRAINT  =         5.5421
 EAMBER (non-restraint)  =    -12689.1316
 Ewald error estimate:   0.1462E-03
 ------------------------------------------------------------------------------

wrapping first mol.:       12.01181       16.98726       29.42280

 NSTEP =     7500   TIME(PS) =      15.000  TEMP(K) =   299.67  PRESS =     0.0
 Etot   =    -10715.1729  EKtot   =      1935.3940  EPtot      =    -12650.5668
 BOND   =         8.7873  ANGLE   =        12.1121  DIHED      =        14.3698
 1-4 NB =        12.3206  1-4 EEL =      -601.3554  VDWAALS    =      2358.1810
 EELEC  =    -14462.8380  EHBOND  =         0.0000  RESTRAINT  =         7.8558
 EAMBER (non-restraint)  =    -12658.4227
 Ewald error estimate:   0.1549E-03
 ------------------------------------------------------------------------------

wrapping first mol.:       12.01181       16.98726       29.42280

 NSTEP =     8000   TIME(PS) =      16.000  TEMP(K) =   295.73  PRESS =     0.0
 Etot   =    -10686.4475  EKtot   =      1909.9488  EPtot      =    -12596.3964
 BOND   =         6.4490  ANGLE   =        15.8451  DIHED      =        12.4279
 1-4 NB =        11.0117  1-4 EEL =      -597.3141  VDWAALS    =      2313.9612
 EELEC  =    -14366.3174  EHBOND  =         0.0000  RESTRAINT  =         7.5403
 EAMBER (non-restraint)  =    -12603.9366
 Ewald error estimate:   0.3895E-03
 ------------------------------------------------------------------------------

wrapping first mol.:       12.01181       16.98726       29.42280

 NSTEP =     8500   TIME(PS) =      17.000  TEMP(K) =   292.63  PRESS =     0.0
 Etot   =    -10749.0763  EKtot   =      1889.8961  EPtot      =    -12638.9725
 BOND   =         4.7549  ANGLE   =        17.0544  DIHED      =        13.1614
 1-4 NB =        13.0234  1-4 EEL =      -605.1528  VDWAALS    =      2320.8020
 EELEC  =    -14413.4690  EHBOND  =         0.0000  RESTRAINT  =        10.8533
 EAMBER (non-restraint)  =    -12649.8258
 Ewald error estimate:   0.2623E-03
 ------------------------------------------------------------------------------

wrapping first mol.:       12.01181       16.98726       29.42280

 NSTEP =     9000   TIME(PS) =      18.000  TEMP(K) =   295.26  PRESS =     0.0
 Etot   =    -10778.6387  EKtot   =      1906.8903  EPtot      =    -12685.5290
 BOND   =         5.5297  ANGLE   =         9.8335  DIHED      =        11.9091
 1-4 NB =        12.0918  1-4 EEL =      -601.9676  VDWAALS    =      2286.2670
 EELEC  =    -14415.4342  EHBOND  =         0.0000  RESTRAINT  =         6.2417
 EAMBER (non-restraint)  =    -12691.7708
 Ewald error estimate:   0.2856E-03
 ------------------------------------------------------------------------------

wrapping first mol.:       12.01181       16.98726       29.42280

 NSTEP =     9500   TIME(PS) =      19.000  TEMP(K) =   301.63  PRESS =     0.0
 Etot   =    -10709.2022  EKtot   =      1948.0304  EPtot      =    -12657.2326
 BOND   =         9.1935  ANGLE   =        15.0272  DIHED      =        14.5367
 1-4 NB =        11.8848  1-4 EEL =      -602.2049  VDWAALS    =      2225.0604
 EELEC  =    -14342.2807  EHBOND  =         0.0000  RESTRAINT  =        11.5503
 EAMBER (non-restraint)  =    -12668.7830
 Ewald error estimate:   0.6107E-04
 ------------------------------------------------------------------------------

wrapping first mol.:       12.01181       16.98726       29.42280
wrapping first mol.:       12.01181       16.98726       29.42280

 NSTEP =    10000   TIME(PS) =      20.000  TEMP(K) =   303.09  PRESS =     0.0
 Etot   =    -10693.9276  EKtot   =      1957.4375  EPtot      =    -12651.3651
 BOND   =         5.8937  ANGLE   =        13.3460  DIHED      =        12.4372
 1-4 NB =        12.3007  1-4 EEL =      -598.6144  VDWAALS    =      2235.0431
 EELEC  =    -14339.8134  EHBOND  =         0.0000  RESTRAINT  =         8.0419
 EAMBER (non-restraint)  =    -12659.4070
 Ewald error estimate:   0.6496E-04
 ------------------------------------------------------------------------------


      A V E R A G E S   O V E R      20 S T E P S


 NSTEP =    10000   TIME(PS) =      20.000  TEMP(K) =   293.52  PRESS =     0.0
 Etot   =    -10837.3948  EKtot   =      1895.6654  EPtot      =    -12733.0602
 BOND   =         6.8393  ANGLE   =        13.7552  DIHED      =        13.0918
 1-4 NB =        12.1380  1-4 EEL =      -600.6065  VDWAALS    =      2362.5267
 EELEC  =    -14548.9862  EHBOND  =         0.0000  RESTRAINT  =         8.1815
 EAMBER (non-restraint)  =    -12741.2417
 Ewald error estimate:   0.1670E-03
 ------------------------------------------------------------------------------


      R M S  F L U C T U A T I O N S


 NSTEP =    10000   TIME(PS) =      20.000  TEMP(K) =    14.04  PRESS =     0.0
 Etot   =       218.5905  EKtot   =        90.6580  EPtot      =       134.4330
 BOND   =         2.4801  ANGLE   =         2.1099  DIHED      =         1.5106
 1-4 NB =         0.8464  1-4 EEL =         2.3784  VDWAALS    =        94.3123
 EELEC  =       212.8592  EHBOND  =         0.0000  RESTRAINT  =         1.8971
 EAMBER (non-restraint)  =       132.5359
 Ewald error estimate:   0.1119E-03
 ------------------------------------------------------------------------------

--------------------------------------------------------------------------------
   5.  TIMINGS
--------------------------------------------------------------------------------

|  NonSetup CPU Time in Major Routines, Average for All Tasks:
|
|     Routine           Sec        %
|     ------------------------------
|     DataDistrib       1.93   10.11
|     Nonbond          16.07   84.03
|     Bond              0.03    0.14
|     Angle             0.03    0.17
|     Dihedral          0.05    0.24
|     Shake             0.12    0.65
|     RunMD             0.86    4.52
|     Other             0.03    0.13
|     ------------------------------
|     Total            19.12

|  PME Nonbond Pairlist CPU Time, Average for All Tasks:
|
|     Routine              Sec        %
|     ---------------------------------
|     Set Up Cit           0.06    0.30
|     Build List           1.95   10.21
|     ---------------------------------
|     Total                2.01   10.50

|  PME Direct Force CPU Time, Average for All Tasks:
|
|     Routine              Sec        %
|     ---------------------------------
|     NonBonded Calc      10.79   56.41
|     Exclude Masked       0.13    0.70
|     Other                0.49    2.56
|     ---------------------------------
|     Total               11.41   59.67

|  PME Reciprocal Force CPU Time, Average for All Tasks:
|
|     Routine              Sec        %
|     ---------------------------------
|     1D bspline           0.22    1.15
|     Grid Charges         0.24    1.26
|     Scalar Sum           0.21    1.10
|     Gradient Sum         0.42    2.18
|     FFT                  1.50    7.86
|     ---------------------------------
|     Total                2.59   13.55

|  PME Load Balancing CPU Time, Average for All Tasks:
|
|     Routine                 Sec        %
|     ------------------------------------
|     Atom Reassign           0.00    0.00
|     Image Reassign          0.00    0.00
|     FFT Reassign            0.00    0.00
|     ------------------------------------
|     Total                   0.00    0.01

|  Final Performance Info:
|     -----------------------------------------------------
|     Average timings for last   10000 steps:
|     Elapsed(s) =      19.13 Per Step(ms) =       1.91
|         ns/day =      90.32   seconds/ns =     956.63
|
|     Average timings for all steps:
|     Elapsed(s) =      19.13 Per Step(ms) =       1.91
|         ns/day =      90.32   seconds/ns =     956.63
|     -----------------------------------------------------

|  Master Setup CPU time:            0.03 seconds
|  Master NonSetup CPU time:        19.11 seconds
|  Master Total CPU time:           19.14 seconds     0.01 hours

|  Master Setup wall time:           0    seconds
|  Master NonSetup wall time:       20    seconds
|  Master Total wall time:          20    seconds     0.01 hours
