
          -------------------------------------------------------
          Amber 18 PMEMD                              2018
          -------------------------------------------------------

| PMEMD implementation of SANDER, Release 18

| Run on 03/14/2022 at 20:56:14

|   Executable path: pmemd.MPI
| Working directory: /bgfs/lchong/dty7/ff15ipq-lig/charges/gaff_01/GenConformers/Conf2
|          Hostname: smp-n123

  [-O]verwriting output

File Assignments:
|   MDIN: ../../../amber/6.2_eq1.in                                             
|  MDOUT: 6.2_eq1.out                                                           
| INPCRD: 6.1_min.rst                                                           
|   PARM: ../../mon.top                                                         
| RESTRT: 6.2_eq1.rst                                                           
|   REFC: 6.1_min.rst                                                           
|  MDVEL: mdvel                                                                 
|   MDEN: mden                                                                  
|  MDCRD: mdcrd                                                                 
| MDINFO: mdinfo                                                                
|LOGFILE: logfile                                                               
|  MDFRC: mdfrc                                                                 

 
 Here is the input file:
 
&cntrl                                                                         
  imin      = 0,                                                               
  irest     = 0,                                                               
  ntx       = 1,                                                               
  ig        = -1,                                                              
  dt        = 0.002,                                                           
  nstlim    = 10000,                                                           
  nscm      = 500,                                                             
  ntr       = 1,                                                               
  restraintmask = ':1',                                                        
  restraint_wt  = 10.0,                                                        
  ntb       = 1,                                                               
  ntp       = 0,                                                               
  ntt       = 3,                                                               
  tempi     = 298.0,                                                           
  temp0     = 298.0,                                                           
  gamma_ln  = 1.0,                                                             
  ntf       = 2,                                                               
  ntc       = 2,                                                               
  cut       = 10.0,                                                            
  ntpr      = 500,                                                             
  ntxo      = 2,                                                               
  ntwr      = 10000,                                                           
  ioutfm    = 1,                                                               
  ntwx      = 500,                                                             
  iwrap     = 1,                                                               
&end                                                                           


Note: ig = -1. Setting random seed to   375164 based on wallclock time in
      microseconds and disabling the synchronization of random numbers 
      between tasks to improve performance.
| irandom = 1, using AMBER's internal random number generator (default).
 
 
| Conditional Compilation Defines Used:
| MPI
| FFTW_FFT
| BINTRAJ
| MKL
| EMIL
 
| Largest sphere to fit in unit cell has radius =    14.835

| New format PARM file being parsed.
| Version =    1.000 Date = 03/14/22 Time = 17:48:27

| Note: 1-4 EEL scale factors are being read from the topology file.

| Note: 1-4 VDW scale factors are being read from the topology file.
| Duplicated    0 dihedrals

| Duplicated    0 dihedrals

--------------------------------------------------------------------------------
   1.  RESOURCE   USE: 
--------------------------------------------------------------------------------

 getting box info from netcdf restart file
 NATOM  =    3240 NTYPES =      13 NBONH =    3220 MBONA  =      21
 NTHETH =      33 MTHETA =      29 NPHIH =      60 MPHIA  =      45
 NHPARM =       0 NPARM  =       0 NNB   =    4456 NRES   =    1069
 NBONA  =      21 NTHETA =      29 NPHIA =      45 NUMBND =      22
 NUMANG =      35 NPTRA  =      18 NATYP =      17 NPHB   =       0
 IFBOX  =       2 NMXRS  =      36 IFCAP =       0 NEXTRA =       0
 NCOPY  =       0

| Coordinate Index Table dimensions:     5    5    5
| Direct force subcell size =     7.2674    7.2674    7.2674

     BOX TYPE: TRUNCATED OCTAHEDRON

--------------------------------------------------------------------------------
   2.  CONTROL  DATA  FOR  THE  RUN
--------------------------------------------------------------------------------

default_name                                                                    

General flags:
     imin    =       0, nmropt  =       0

Nature and format of input:
     ntx     =       1, irest   =       0, ntrx    =       1

Nature and format of output:
     ntxo    =       2, ntpr    =     500, ntrx    =       1, ntwr    =   10000
     iwrap   =       1, ntwx    =     500, ntwv    =       0, ntwe    =       0
     ioutfm  =       1, ntwprt  =       0, idecomp =       0, rbornstat=      0

Potential function:
     ntf     =       2, ntb     =       1, igb     =       0, nsnb    =      25
     ipol    =       0, gbsa    =       0, iesp    =       0
     dielc   =   1.00000, cut     =  10.00000, intdiel =   1.00000

Frozen or restrained atoms:
     ibelly  =       0, ntr     =       1
     restraint_wt =  10.00000

Molecular dynamics:
     nstlim  =     10000, nscm    =         0, nrespa  =         1
     t       =   0.00000, dt      =   0.00200, vlimit  =  20.00000

Langevin dynamics temperature regulation:
     ig      =  375164
     temp0   = 298.00000, tempi   = 298.00000, gamma_ln=   1.00000

SHAKE:
     ntc     =       2, jfastw  =       0
     tol     =   0.00001

| Intermolecular bonds treatment:
|     no_intermolecular_bonds =       1

| Energy averages sample interval:
|     ene_avg_sampling =     500

Ewald parameters:
     verbose =       0, ew_type =       0, nbflag  =       1, use_pme =       1
     vdwmeth =       1, eedmeth =       1, netfrc  =       1
     Box X =   36.337   Box Y =   36.337   Box Z =   36.337
     Alpha =  109.471   Beta  =  109.471   Gamma =  109.471
     NFFT1 =   40       NFFT2 =   40       NFFT3 =   40
     Cutoff=   10.000   Tol   =0.100E-04
     Ewald Coefficient =  0.27511
     Interpolation order =    4

| PMEMD ewald parallel performance parameters:
|     block_fft =    0
|     fft_blk_y_divisor =    2
|     excl_recip =    0
|     excl_master =    0
|     atm_redist_freq =  320

    LOADING THE CONSTRAINED ATOMS AS GROUPS


   5.  REFERENCE ATOM COORDINATES

  default_name                                                                    
     Mask :1; matches    36 atoms

--------------------------------------------------------------------------------
   3.  ATOMIC COORDINATES AND VELOCITIES
--------------------------------------------------------------------------------

default_name                                                                    
 begin time read from input coords =     0.000 ps

 
 Number of triangulated 3-point waters found:     1068

     Sum of charges from parm topology file =  -0.00030117
     Forcing neutrality...

| Dynamic Memory, Types Used:
| Reals             1198026
| Integers           210564

| Nonbonded Pairs Initial Allocation:      317358

| Running AMBER/MPI version on    8 MPI task

 
--------------------------------------------------------------------------------
   4.  RESULTS
--------------------------------------------------------------------------------

 ---------------------------------------------------
 APPROXIMATING switch and d/dx switch using CUBIC SPLINE INTERPOLATION
 using   5000.0 points per unit in tabled values
 TESTING RELATIVE ERROR over r ranging from 0.0 to cutoff
| CHECK switch(x): max rel err =   0.3316E-14   at   2.351880
| CHECK d/dx switch(x): max rel err =   0.8066E-11   at   2.747240
 ---------------------------------------------------
|---------------------------------------------------
| APPROXIMATING direct energy using CUBIC SPLINE INTERPOLATION
|  with   50.0 points per unit in tabled values
| Relative Error Limit not exceeded for r .gt.   2.34
| APPROXIMATING direct force using CUBIC SPLINE INTERPOLATION
|  with   50.0 points per unit in tabled values
| Relative Error Limit not exceeded for r .gt.   2.81
|---------------------------------------------------

 NSTEP =        0   TIME(PS) =       0.000  TEMP(K) =   447.10  PRESS =     0.0
 Etot   =    -14757.1677  EKtot   =      2887.5531  EPtot      =    -17644.7208
 BOND   =         1.2749  ANGLE   =         3.9444  DIHED      =        10.7757
 1-4 NB =        11.9151  1-4 EEL =      -602.6958  VDWAALS    =      3681.3337
 EELEC  =    -20751.2689  EHBOND  =         0.0000  RESTRAINT  =         0.0000
 Ewald error estimate:   0.5071E-03
 ------------------------------------------------------------------------------

wrapping first mol.:       12.11235       17.12945       29.66908

 NSTEP =      500   TIME(PS) =       1.000  TEMP(K) =   244.70  PRESS =     0.0
 Etot   =    -11561.0752  EKtot   =      1580.3757  EPtot      =    -13141.4509
 BOND   =        11.5228  ANGLE   =         9.0122  DIHED      =        13.0548
 1-4 NB =        12.5734  1-4 EEL =      -610.4453  VDWAALS    =      2560.9386
 EELEC  =    -15142.9383  EHBOND  =         0.0000  RESTRAINT  =         4.8310
 EAMBER (non-restraint)  =    -13146.2819
 Ewald error estimate:   0.2028E-03
 ------------------------------------------------------------------------------

wrapping first mol.:       12.11235       17.12945       29.66908

 NSTEP =     1000   TIME(PS) =       2.000  TEMP(K) =   268.92  PRESS =     0.0
 Etot   =    -11145.5528  EKtot   =      1736.8019  EPtot      =    -12882.3547
 BOND   =         9.3402  ANGLE   =        11.4951  DIHED      =        12.6688
 1-4 NB =        13.9067  1-4 EEL =      -605.7357  VDWAALS    =      2496.9650
 EELEC  =    -14828.6423  EHBOND  =         0.0000  RESTRAINT  =         7.6475
 EAMBER (non-restraint)  =    -12890.0023
 Ewald error estimate:   0.1543E-03
 ------------------------------------------------------------------------------

wrapping first mol.:       12.11235       17.12945       29.66908

 NSTEP =     1500   TIME(PS) =       3.000  TEMP(K) =   284.64  PRESS =     0.0
 Etot   =    -10845.0855  EKtot   =      1838.3098  EPtot      =    -12683.3953
 BOND   =         5.7450  ANGLE   =        12.3142  DIHED      =        10.4054
 1-4 NB =        11.4975  1-4 EEL =      -601.6118  VDWAALS    =      2437.5365
 EELEC  =    -14565.4411  EHBOND  =         0.0000  RESTRAINT  =         6.1591
 EAMBER (non-restraint)  =    -12689.5544
 Ewald error estimate:   0.2067E-04
 ------------------------------------------------------------------------------

wrapping first mol.:       12.11235       17.12945       29.66908

 NSTEP =     2000   TIME(PS) =       4.000  TEMP(K) =   295.55  PRESS =     0.0
 Etot   =    -10712.6949  EKtot   =      1908.7575  EPtot      =    -12621.4523
 BOND   =         5.1804  ANGLE   =        14.0246  DIHED      =        14.7173
 1-4 NB =        10.9068  1-4 EEL =      -593.6426  VDWAALS    =      2380.7971
 EELEC  =    -14461.9861  EHBOND  =         0.0000  RESTRAINT  =         8.5502
 EAMBER (non-restraint)  =    -12630.0025
 Ewald error estimate:   0.8787E-04
 ------------------------------------------------------------------------------

wrapping first mol.:       12.11235       17.12945       29.66908

 NSTEP =     2500   TIME(PS) =       5.000  TEMP(K) =   292.90  PRESS =     0.0
 Etot   =    -10672.1780  EKtot   =      1891.6561  EPtot      =    -12563.8341
 BOND   =         6.8127  ANGLE   =        12.5869  DIHED      =        14.0319
 1-4 NB =        12.4678  1-4 EEL =      -598.3622  VDWAALS    =      2231.4346
 EELEC  =    -14248.8516  EHBOND  =         0.0000  RESTRAINT  =         6.0457
 EAMBER (non-restraint)  =    -12569.8798
 Ewald error estimate:   0.2234E-03
 ------------------------------------------------------------------------------

wrapping first mol.:       12.11235       17.12945       29.66908

 NSTEP =     3000   TIME(PS) =       6.000  TEMP(K) =   300.50  PRESS =     0.0
 Etot   =    -10660.6905  EKtot   =      1940.7395  EPtot      =    -12601.4300
 BOND   =         8.1683  ANGLE   =        14.3556  DIHED      =        10.1791
 1-4 NB =        14.0206  1-4 EEL =      -607.3992  VDWAALS    =      2419.5973
 EELEC  =    -14467.7854  EHBOND  =         0.0000  RESTRAINT  =         7.4337
 EAMBER (non-restraint)  =    -12608.8638
 Ewald error estimate:   0.2032E-03
 ------------------------------------------------------------------------------

wrapping first mol.:       12.11235       17.12945       29.66908

 NSTEP =     3500   TIME(PS) =       7.000  TEMP(K) =   294.85  PRESS =     0.0
 Etot   =    -10649.2116  EKtot   =      1904.2600  EPtot      =    -12553.4716
 BOND   =         7.4779  ANGLE   =        12.1109  DIHED      =        15.7548
 1-4 NB =        13.0590  1-4 EEL =      -605.6419  VDWAALS    =      2281.9007
 EELEC  =    -14286.3643  EHBOND  =         0.0000  RESTRAINT  =         8.2311
 EAMBER (non-restraint)  =    -12561.7028
 Ewald error estimate:   0.6045E-03
 ------------------------------------------------------------------------------

wrapping first mol.:       12.11235       17.12945       29.66908

 NSTEP =     4000   TIME(PS) =       8.000  TEMP(K) =   302.34  PRESS =     0.0
 Etot   =    -10628.2350  EKtot   =      1952.6342  EPtot      =    -12580.8692
 BOND   =         7.7366  ANGLE   =        13.1611  DIHED      =        14.8288
 1-4 NB =        12.0552  1-4 EEL =      -603.2544  VDWAALS    =      2341.6617
 EELEC  =    -14376.1952  EHBOND  =         0.0000  RESTRAINT  =         9.1370
 EAMBER (non-restraint)  =    -12590.0062
 Ewald error estimate:   0.8000E-04
 ------------------------------------------------------------------------------

wrapping first mol.:       12.11235       17.12945       29.66908

 NSTEP =     4500   TIME(PS) =       9.000  TEMP(K) =   295.09  PRESS =     0.0
 Etot   =    -10672.6190  EKtot   =      1905.7878  EPtot      =    -12578.4068
 BOND   =         9.0904  ANGLE   =        11.8778  DIHED      =        13.2423
 1-4 NB =        13.4640  1-4 EEL =      -603.1227  VDWAALS    =      2144.1731
 EELEC  =    -14172.5532  EHBOND  =         0.0000  RESTRAINT  =         5.4214
 EAMBER (non-restraint)  =    -12583.8283
 Ewald error estimate:   0.1617E-03
 ------------------------------------------------------------------------------

wrapping first mol.:       12.11235       17.12945       29.66908

 NSTEP =     5000   TIME(PS) =      10.000  TEMP(K) =   300.04  PRESS =     0.0
 Etot   =    -10553.6918  EKtot   =      1937.7646  EPtot      =    -12491.4564
 BOND   =         9.9957  ANGLE   =        13.8837  DIHED      =        12.1049
 1-4 NB =        14.0228  1-4 EEL =      -611.5484  VDWAALS    =      2247.8852
 EELEC  =    -14184.6987  EHBOND  =         0.0000  RESTRAINT  =         6.8982
 EAMBER (non-restraint)  =    -12498.3546
 Ewald error estimate:   0.2518E-03
 ------------------------------------------------------------------------------

wrapping first mol.:       12.11235       17.12945       29.66908

 NSTEP =     5500   TIME(PS) =      11.000  TEMP(K) =   293.72  PRESS =     0.0
 Etot   =    -10614.6913  EKtot   =      1896.9761  EPtot      =    -12511.6674
 BOND   =         7.1856  ANGLE   =        12.5270  DIHED      =        13.1860
 1-4 NB =        12.2550  1-4 EEL =      -601.8606  VDWAALS    =      2204.8243
 EELEC  =    -14165.3082  EHBOND  =         0.0000  RESTRAINT  =         5.5235
 EAMBER (non-restraint)  =    -12517.1908
 Ewald error estimate:   0.3173E-03
 ------------------------------------------------------------------------------

wrapping first mol.:       12.11235       17.12945       29.66908

 NSTEP =     6000   TIME(PS) =      12.000  TEMP(K) =   290.75  PRESS =     0.0
 Etot   =    -10594.2528  EKtot   =      1877.7493  EPtot      =    -12472.0021
 BOND   =         3.0255  ANGLE   =        13.7556  DIHED      =        15.8633
 1-4 NB =        11.6745  1-4 EEL =      -602.9138  VDWAALS    =      2224.1183
 EELEC  =    -14143.8069  EHBOND  =         0.0000  RESTRAINT  =         6.2813
 EAMBER (non-restraint)  =    -12478.2834
 Ewald error estimate:   0.2676E-03
 ------------------------------------------------------------------------------

wrapping first mol.:       12.11235       17.12945       29.66908

 NSTEP =     6500   TIME(PS) =      13.000  TEMP(K) =   302.59  PRESS =     0.0
 Etot   =    -10594.5394  EKtot   =      1954.2661  EPtot      =    -12548.8055
 BOND   =         5.1183  ANGLE   =        12.1646  DIHED      =        19.2467
 1-4 NB =        12.3646  1-4 EEL =      -606.7770  VDWAALS    =      2294.4238
 EELEC  =    -14292.2223  EHBOND  =         0.0000  RESTRAINT  =         6.8759
 EAMBER (non-restraint)  =    -12555.6813
 Ewald error estimate:   0.3521E-03
 ------------------------------------------------------------------------------

wrapping first mol.:       12.11235       17.12945       29.66908

 NSTEP =     7000   TIME(PS) =      14.000  TEMP(K) =   301.48  PRESS =     0.0
 Etot   =    -10583.3477  EKtot   =      1947.0554  EPtot      =    -12530.4031
 BOND   =         3.9320  ANGLE   =        11.7972  DIHED      =        13.8297
 1-4 NB =        12.6041  1-4 EEL =      -604.2248  VDWAALS    =      2269.9202
 EELEC  =    -14245.5203  EHBOND  =         0.0000  RESTRAINT  =         7.2588
 EAMBER (non-restraint)  =    -12537.6619
 Ewald error estimate:   0.3951E-03
 ------------------------------------------------------------------------------

wrapping first mol.:       12.11235       17.12945       29.66908

 NSTEP =     7500   TIME(PS) =      15.000  TEMP(K) =   302.59  PRESS =     0.0
 Etot   =    -10578.1800  EKtot   =      1954.2187  EPtot      =    -12532.3987
 BOND   =         5.8985  ANGLE   =        11.5293  DIHED      =        12.9631
 1-4 NB =        13.0247  1-4 EEL =      -602.3810  VDWAALS    =      2237.0523
 EELEC  =    -14218.0825  EHBOND  =         0.0000  RESTRAINT  =         7.5970
 EAMBER (non-restraint)  =    -12539.9957
 Ewald error estimate:   0.1335E-03
 ------------------------------------------------------------------------------

wrapping first mol.:       12.11235       17.12945       29.66908

 NSTEP =     8000   TIME(PS) =      16.000  TEMP(K) =   296.93  PRESS =     0.0
 Etot   =    -10664.5026  EKtot   =      1917.7100  EPtot      =    -12582.2126
 BOND   =         4.6144  ANGLE   =        13.0212  DIHED      =        17.3159
 1-4 NB =        12.4172  1-4 EEL =      -599.4254  VDWAALS    =      2318.8788
 EELEC  =    -14355.7896  EHBOND  =         0.0000  RESTRAINT  =         6.7551
 EAMBER (non-restraint)  =    -12588.9677
 Ewald error estimate:   0.2231E-03
 ------------------------------------------------------------------------------

wrapping first mol.:       12.11235       17.12945       29.66908

 NSTEP =     8500   TIME(PS) =      17.000  TEMP(K) =   301.36  PRESS =     0.0
 Etot   =    -10607.3041  EKtot   =      1946.3224  EPtot      =    -12553.6266
 BOND   =         6.9090  ANGLE   =        12.4005  DIHED      =        13.0555
 1-4 NB =        13.5899  1-4 EEL =      -602.7335  VDWAALS    =      2140.6691
 EELEC  =    -14145.6358  EHBOND  =         0.0000  RESTRAINT  =         8.1186
 EAMBER (non-restraint)  =    -12561.7452
 Ewald error estimate:   0.4573E-04
 ------------------------------------------------------------------------------

wrapping first mol.:       12.11235       17.12945       29.66908

 NSTEP =     9000   TIME(PS) =      18.000  TEMP(K) =   311.56  PRESS =     0.0
 Etot   =    -10549.5546  EKtot   =      2012.1855  EPtot      =    -12561.7401
 BOND   =         7.3202  ANGLE   =        11.0572  DIHED      =        12.1237
 1-4 NB =        13.7617  1-4 EEL =      -603.1775  VDWAALS    =      2227.0594
 EELEC  =    -14234.7932  EHBOND  =         0.0000  RESTRAINT  =         4.9085
 EAMBER (non-restraint)  =    -12566.6486
 Ewald error estimate:   0.1524E-03
 ------------------------------------------------------------------------------

wrapping first mol.:       12.11235       17.12945       29.66908

 NSTEP =     9500   TIME(PS) =      19.000  TEMP(K) =   297.83  PRESS =     0.0
 Etot   =    -10630.3205  EKtot   =      1923.4771  EPtot      =    -12553.7976
 BOND   =         6.6697  ANGLE   =        13.8172  DIHED      =        14.3573
 1-4 NB =        13.3368  1-4 EEL =      -607.6795  VDWAALS    =      2284.3345
 EELEC  =    -14283.4732  EHBOND  =         0.0000  RESTRAINT  =         4.8396
 EAMBER (non-restraint)  =    -12558.6372
 Ewald error estimate:   0.1453E-03
 ------------------------------------------------------------------------------

wrapping first mol.:       12.11235       17.12945       29.66908
wrapping first mol.:       12.11235       17.12945       29.66908

 NSTEP =    10000   TIME(PS) =      20.000  TEMP(K) =   309.09  PRESS =     0.0
 Etot   =    -10577.6528  EKtot   =      1996.2431  EPtot      =    -12573.8959
 BOND   =         2.6171  ANGLE   =        15.0178  DIHED      =        16.3372
 1-4 NB =        12.2065  1-4 EEL =      -597.6671  VDWAALS    =      2268.8575
 EELEC  =    -14301.0820  EHBOND  =         0.0000  RESTRAINT  =         9.8171
 EAMBER (non-restraint)  =    -12583.7130
 Ewald error estimate:   0.6051E-05
 ------------------------------------------------------------------------------


      A V E R A G E S   O V E R      20 S T E P S


 NSTEP =    10000   TIME(PS) =      20.000  TEMP(K) =   294.37  PRESS =     0.0
 Etot   =    -10704.7690  EKtot   =      1901.1645  EPtot      =    -12605.9335
 BOND   =         6.7180  ANGLE   =        12.5955  DIHED      =        13.9633
 1-4 NB =        12.7604  1-4 EEL =      -603.4802  VDWAALS    =      2300.6514
 EELEC  =    -14356.0585  EHBOND  =         0.0000  RESTRAINT  =         6.9165
 EAMBER (non-restraint)  =    -12612.8501
 Ewald error estimate:   0.2014E-03
 ------------------------------------------------------------------------------


      R M S  F L U C T U A T I O N S


 NSTEP =    10000   TIME(PS) =      20.000  TEMP(K) =    14.36  PRESS =     0.0
 Etot   =       234.8690  EKtot   =        92.7599  EPtot      =       148.0980
 BOND   =         2.2345  ANGLE   =         1.3277  DIHED      =         2.1491
 1-4 NB =         0.8620  1-4 EEL =         4.1801  VDWAALS    =       107.7913
 EELEC  =       242.2701  EHBOND  =         0.0000  RESTRAINT  =         1.4001
 EAMBER (non-restraint)  =       146.6980
 Ewald error estimate:   0.1380E-03
 ------------------------------------------------------------------------------

--------------------------------------------------------------------------------
   5.  TIMINGS
--------------------------------------------------------------------------------

|  NonSetup CPU Time in Major Routines, Average for All Tasks:
|
|     Routine           Sec        %
|     ------------------------------
|     DataDistrib       1.83    9.80
|     Nonbond          15.72   84.21
|     Bond              0.03    0.14
|     Angle             0.03    0.18
|     Dihedral          0.05    0.25
|     Shake             0.13    0.67
|     RunMD             0.86    4.61
|     Other             0.03    0.14
|     ------------------------------
|     Total            18.67

|  PME Nonbond Pairlist CPU Time, Average for All Tasks:
|
|     Routine              Sec        %
|     ---------------------------------
|     Set Up Cit           0.06    0.31
|     Build List           1.94   10.38
|     ---------------------------------
|     Total                2.00   10.69

|  PME Direct Force CPU Time, Average for All Tasks:
|
|     Routine              Sec        %
|     ---------------------------------
|     NonBonded Calc      10.49   56.17
|     Exclude Masked       0.13    0.72
|     Other                0.49    2.64
|     ---------------------------------
|     Total               11.12   59.53

|  PME Reciprocal Force CPU Time, Average for All Tasks:
|
|     Routine              Sec        %
|     ---------------------------------
|     1D bspline           0.22    1.18
|     Grid Charges         0.24    1.29
|     Scalar Sum           0.21    1.12
|     Gradient Sum         0.41    2.21
|     FFT                  1.47    7.87
|     ---------------------------------
|     Total                2.55   13.67

|  PME Load Balancing CPU Time, Average for All Tasks:
|
|     Routine                 Sec        %
|     ------------------------------------
|     Atom Reassign           0.00    0.00
|     Image Reassign          0.00    0.01
|     FFT Reassign            0.00    0.00
|     ------------------------------------
|     Total                   0.00    0.01

|  Final Performance Info:
|     -----------------------------------------------------
|     Average timings for last   10000 steps:
|     Elapsed(s) =      18.68 Per Step(ms) =       1.87
|         ns/day =      92.49   seconds/ns =     934.12
|
|     Average timings for all steps:
|     Elapsed(s) =      18.68 Per Step(ms) =       1.87
|         ns/day =      92.49   seconds/ns =     934.12
|     -----------------------------------------------------

|  Master Setup CPU time:            0.03 seconds
|  Master NonSetup CPU time:        18.66 seconds
|  Master Total CPU time:           18.69 seconds     0.01 hours

|  Master Setup wall time:           0    seconds
|  Master NonSetup wall time:       19    seconds
|  Master Total wall time:          19    seconds     0.01 hours
