
          -------------------------------------------------------
          Amber 18 PMEMD                              2018
          -------------------------------------------------------

| PMEMD implementation of SANDER, Release 18

| Run on 03/14/2022 at 20:56:33

|   Executable path: pmemd.MPI
| Working directory: /bgfs/lchong/dty7/ff15ipq-lig/charges/gaff_01/GenConformers/Conf2
|          Hostname: smp-n123

  [-O]verwriting output

File Assignments:
|   MDIN: ../../../amber/6.3_eq2.in                                             
|  MDOUT: 6.3_eq2.out                                                           
| INPCRD: 6.2_eq1.rst                                                           
|   PARM: ../../mon.top                                                         
| RESTRT: 6.3_eq2.rst                                                           
|   REFC: 6.2_eq1.rst                                                           
|  MDVEL: mdvel                                                                 
|   MDEN: mden                                                                  
|  MDCRD: mdcrd                                                                 
| MDINFO: mdinfo                                                                
|LOGFILE: logfile                                                               
|  MDFRC: mdfrc                                                                 

 
 Here is the input file:
 
&cntrl                                                                         
  imin      = 0,                                                               
  irest     = 1,                                                               
  ntx       = 5,                                                               
  ig        = -1,                                                              
  dt        = 0.002,                                                           
  nstlim    = 50000,                                                           
  nscm      = 500,                                                             
  ntr       = 1,                                                               
  restraintmask = ':1',                                                        
  restraint_wt  = 10.0,                                                        
  ntb       = 2,                                                               
  ntp       = 1,                                                               
  barostat  = 2,                                                               
  pres0     = 1.0,                                                             
  mcbarint  = 100,                                                             
  comp      = 44.6,                                                            
  taup      = 1.0,                                                             
  ntt       = 3,                                                               
  temp0     = 298.0,                                                           
  gamma_ln  = 1.0,                                                             
  ntf       = 2,                                                               
  ntc       = 2,                                                               
  cut       = 10.0,                                                            
  ntpr      = 500,                                                             
  ntxo      = 1,                                                               
  ntwr      = 50000,                                                           
  ioutfm    = 1,                                                               
  ntwx      = 500,                                                             
  iwrap     = 1,                                                               
&end                                                                           


Note: ig = -1. Setting random seed to   218081 based on wallclock time in
      microseconds and disabling the synchronization of random numbers 
      between tasks to improve performance.
| irandom = 1, using AMBER's internal random number generator (default).
 
 
| Conditional Compilation Defines Used:
| MPI
| FFTW_FFT
| BINTRAJ
| MKL
| EMIL
 
| Largest sphere to fit in unit cell has radius =    14.835

| New format PARM file being parsed.
| Version =    1.000 Date = 03/14/22 Time = 17:48:27

| Note: 1-4 EEL scale factors are being read from the topology file.

| Note: 1-4 VDW scale factors are being read from the topology file.
| Duplicated    0 dihedrals

| Duplicated    0 dihedrals

--------------------------------------------------------------------------------
   1.  RESOURCE   USE: 
--------------------------------------------------------------------------------

 getting box info from netcdf restart file
 NATOM  =    3240 NTYPES =      13 NBONH =    3220 MBONA  =      21
 NTHETH =      33 MTHETA =      29 NPHIH =      60 MPHIA  =      45
 NHPARM =       0 NPARM  =       0 NNB   =    4456 NRES   =    1069
 NBONA  =      21 NTHETA =      29 NPHIA =      45 NUMBND =      22
 NUMANG =      35 NPTRA  =      18 NATYP =      17 NPHB   =       0
 IFBOX  =       2 NMXRS  =      36 IFCAP =       0 NEXTRA =       0
 NCOPY  =       0

| Coordinate Index Table dimensions:     5    5    5
| Direct force subcell size =     7.2674    7.2674    7.2674

     BOX TYPE: TRUNCATED OCTAHEDRON

--------------------------------------------------------------------------------
   2.  CONTROL  DATA  FOR  THE  RUN
--------------------------------------------------------------------------------

default_name                                                                    

General flags:
     imin    =       0, nmropt  =       0

Nature and format of input:
     ntx     =       5, irest   =       1, ntrx    =       1

Nature and format of output:
     ntxo    =       1, ntpr    =     500, ntrx    =       1, ntwr    =   50000
     iwrap   =       1, ntwx    =     500, ntwv    =       0, ntwe    =       0
     ioutfm  =       1, ntwprt  =       0, idecomp =       0, rbornstat=      0

Potential function:
     ntf     =       2, ntb     =       2, igb     =       0, nsnb    =      25
     ipol    =       0, gbsa    =       0, iesp    =       0
     dielc   =   1.00000, cut     =  10.00000, intdiel =   1.00000

Frozen or restrained atoms:
     ibelly  =       0, ntr     =       1
     restraint_wt =  10.00000

Molecular dynamics:
     nstlim  =     50000, nscm    =         0, nrespa  =         1
     t       =   0.00000, dt      =   0.00200, vlimit  =  20.00000

Langevin dynamics temperature regulation:
     ig      =  218081
     temp0   = 298.00000, tempi   =   0.00000, gamma_ln=   1.00000

Pressure regulation:
     ntp     =       1
     pres0   =   1.00000, comp    =  44.60000, taup    =   1.00000
     Monte-Carlo Barostat:
     mcbarint  =     100

SHAKE:
     ntc     =       2, jfastw  =       0
     tol     =   0.00001

| Intermolecular bonds treatment:
|     no_intermolecular_bonds =       1

| Energy averages sample interval:
|     ene_avg_sampling =     500

Ewald parameters:
     verbose =       0, ew_type =       0, nbflag  =       1, use_pme =       1
     vdwmeth =       1, eedmeth =       1, netfrc  =       1
     Box X =   36.337   Box Y =   36.337   Box Z =   36.337
     Alpha =  109.471   Beta  =  109.471   Gamma =  109.471
     NFFT1 =   40       NFFT2 =   40       NFFT3 =   40
     Cutoff=   10.000   Tol   =0.100E-04
     Ewald Coefficient =  0.27511
     Interpolation order =    4

| PMEMD ewald parallel performance parameters:
|     block_fft =    0
|     fft_blk_y_divisor =    2
|     excl_recip =    0
|     excl_master =    0
|     atm_redist_freq =  320

    LOADING THE CONSTRAINED ATOMS AS GROUPS


   5.  REFERENCE ATOM COORDINATES

  default_name                                                                    
     Mask :1; matches    36 atoms
| MONTE CARLO BAROSTAT IMPORTANT NOTE:
|   The Monte-Carlo barostat does not require the virial to adjust the system volume.
|   Since it is an expensive calculation, it is skipped for efficiency. A side-effect
|   is that the reported pressure is always 0 because it is not calculated.

--------------------------------------------------------------------------------
   3.  ATOMIC COORDINATES AND VELOCITIES
--------------------------------------------------------------------------------

default_name                                                                    
 begin time read from input coords =    20.000 ps

 
 Number of triangulated 3-point waters found:     1068

     Sum of charges from parm topology file =  -0.00030117
     Forcing neutrality...

| Dynamic Memory, Types Used:
| Reals             1243214
| Integers           213778

| Nonbonded Pairs Initial Allocation:      317358

| Running AMBER/MPI version on    8 MPI task

 
--------------------------------------------------------------------------------
   4.  RESULTS
--------------------------------------------------------------------------------

 ---------------------------------------------------
 APPROXIMATING switch and d/dx switch using CUBIC SPLINE INTERPOLATION
 using   5000.0 points per unit in tabled values
 TESTING RELATIVE ERROR over r ranging from 0.0 to cutoff
| CHECK switch(x): max rel err =   0.3316E-14   at   2.351880
| CHECK d/dx switch(x): max rel err =   0.8066E-11   at   2.747240
 ---------------------------------------------------
|---------------------------------------------------
| APPROXIMATING direct energy using CUBIC SPLINE INTERPOLATION
|  with   50.0 points per unit in tabled values
| Relative Error Limit not exceeded for r .gt.   2.34
| APPROXIMATING direct force using CUBIC SPLINE INTERPOLATION
|  with   50.0 points per unit in tabled values
| Relative Error Limit not exceeded for r .gt.   2.81
|---------------------------------------------------
wrapping first mol.:       12.09930       17.11099       29.63711

 NSTEP =      500   TIME(PS) =      21.000  TEMP(K) =   295.17  PRESS =     0.0
 Etot   =    -10657.9364  EKtot   =      1906.3169  EPtot      =    -12564.2534
 BOND   =         3.1991  ANGLE   =        15.5697  DIHED      =        13.7345
 1-4 NB =        12.3046  1-4 EEL =      -597.3806  VDWAALS    =      2351.6157
 EELEC  =    -14371.0383  EHBOND  =         0.0000  RESTRAINT  =         7.7419
 EAMBER (non-restraint)  =    -12571.9953
 EKCMT  =         0.0000  VIRIAL  =         0.0000  VOLUME     =     36814.7903
                                                    Density    =         0.8811
 Ewald error estimate:   0.9278E-04
 ------------------------------------------------------------------------------

wrapping first mol.:       12.08516       17.09100       29.60248

 NSTEP =     1000   TIME(PS) =      22.000  TEMP(K) =   298.73  PRESS =     0.0
 Etot   =    -10654.6751  EKtot   =      1929.2977  EPtot      =    -12583.9728
 BOND   =        10.1560  ANGLE   =        11.7144  DIHED      =        13.1574
 1-4 NB =        11.2878  1-4 EEL =      -605.2524  VDWAALS    =      2282.6551
 EELEC  =    -14319.1175  EHBOND  =         0.0000  RESTRAINT  =        11.4265
 EAMBER (non-restraint)  =    -12595.3993
 EKCMT  =         0.0000  VIRIAL  =         0.0000  VOLUME     =     36685.9053
                                                    Density    =         0.8842
 Ewald error estimate:   0.3391E-04
 ------------------------------------------------------------------------------

wrapping first mol.:       12.07260       17.07323       29.57171

 NSTEP =     1500   TIME(PS) =      23.000  TEMP(K) =   304.90  PRESS =     0.0
 Etot   =    -10612.2620  EKtot   =      1969.1557  EPtot      =    -12581.4177
 BOND   =         6.4276  ANGLE   =        13.4554  DIHED      =        17.6019
 1-4 NB =        10.6776  1-4 EEL =      -593.2737  VDWAALS    =      2209.4070
 EELEC  =    -14254.4997  EHBOND  =         0.0000  RESTRAINT  =         8.7863
 EAMBER (non-restraint)  =    -12590.2039
 EKCMT  =         0.0000  VIRIAL  =         0.0000  VOLUME     =     36571.6126
                                                    Density    =         0.8869
 Ewald error estimate:   0.1910E-04
 ------------------------------------------------------------------------------

| MC Barostat: Decreasing size of volume moves
wrapping first mol.:       12.05244       17.04473       29.52233

 NSTEP =     2000   TIME(PS) =      24.000  TEMP(K) =   305.21  PRESS =     0.0
 Etot   =    -10538.7058  EKtot   =      1971.1424  EPtot      =    -12509.8482
 BOND   =         5.9296  ANGLE   =        19.3558  DIHED      =        14.6018
 1-4 NB =        13.5994  1-4 EEL =      -603.9494  VDWAALS    =      2270.3909
 EELEC  =    -14236.2226  EHBOND  =         0.0000  RESTRAINT  =         6.4463
 EAMBER (non-restraint)  =    -12516.2945
 EKCMT  =         0.0000  VIRIAL  =         0.0000  VOLUME     =     36388.7336
                                                    Density    =         0.8914
 Ewald error estimate:   0.1339E-03
 ------------------------------------------------------------------------------

wrapping first mol.:       12.00755       16.98124       29.41237

 NSTEP =     2500   TIME(PS) =      25.000  TEMP(K) =   301.20  PRESS =     0.0
 Etot   =    -10599.3792  EKtot   =      1945.2932  EPtot      =    -12544.6724
 BOND   =         9.1682  ANGLE   =        14.6453  DIHED      =        16.3555
 1-4 NB =        12.1144  1-4 EEL =      -603.0889  VDWAALS    =      2312.7949
 EELEC  =    -14316.4700  EHBOND  =         0.0000  RESTRAINT  =         9.8081
 EAMBER (non-restraint)  =    -12554.4805
 EKCMT  =         0.0000  VIRIAL  =         0.0000  VOLUME     =     35983.6348
                                                    Density    =         0.9014
 Ewald error estimate:   0.1909E-03
 ------------------------------------------------------------------------------

| MC Barostat: Decreasing size of volume moves
wrapping first mol.:       12.00755       16.98124       29.41237

 NSTEP =     3000   TIME(PS) =      26.000  TEMP(K) =   298.10  PRESS =     0.0
 Etot   =    -10626.8289  EKtot   =      1925.2378  EPtot      =    -12552.0667
 BOND   =         7.8015  ANGLE   =        13.0316  DIHED      =        18.1990
 1-4 NB =        12.0908  1-4 EEL =      -605.1797  VDWAALS    =      2254.4931
 EELEC  =    -14263.7771  EHBOND  =         0.0000  RESTRAINT  =        11.2742
 EAMBER (non-restraint)  =    -12563.3408
 EKCMT  =         0.0000  VIRIAL  =         0.0000  VOLUME     =     35983.6348
                                                    Density    =         0.9014
 Ewald error estimate:   0.8474E-04
 ------------------------------------------------------------------------------

wrapping first mol.:       11.96566       16.92200       29.30975

 NSTEP =     3500   TIME(PS) =      27.000  TEMP(K) =   304.89  PRESS =     0.0
 Etot   =    -10644.8806  EKtot   =      1969.0824  EPtot      =    -12613.9630
 BOND   =         5.9962  ANGLE   =        16.2308  DIHED      =        16.7786
 1-4 NB =        12.1038  1-4 EEL =      -602.3852  VDWAALS    =      2229.0336
 EELEC  =    -14301.3200  EHBOND  =         0.0000  RESTRAINT  =         9.5991
 EAMBER (non-restraint)  =    -12623.5621
 EKCMT  =         0.0000  VIRIAL  =         0.0000  VOLUME     =     35608.3167
                                                    Density    =         0.9109
 Ewald error estimate:   0.1374E-03
 ------------------------------------------------------------------------------

| MC Barostat: Increasing size of volume moves
wrapping first mol.:       11.87899       16.79943       29.09747

 NSTEP =     4000   TIME(PS) =      28.000  TEMP(K) =   298.59  PRESS =     0.0
 Etot   =    -10716.3637  EKtot   =      1928.4272  EPtot      =    -12644.7910
 BOND   =         7.2991  ANGLE   =        13.8772  DIHED      =        13.0097
 1-4 NB =        12.8088  1-4 EEL =      -596.4889  VDWAALS    =      2401.9622
 EELEC  =    -14507.5654  EHBOND  =         0.0000  RESTRAINT  =        10.3064
 EAMBER (non-restraint)  =    -12655.0973
 EKCMT  =         0.0000  VIRIAL  =         0.0000  VOLUME     =     34840.1957
                                                    Density    =         0.9310
 Ewald error estimate:   0.7192E-04
 ------------------------------------------------------------------------------

wrapping first mol.:       11.85593       16.76681       29.04097

 NSTEP =     4500   TIME(PS) =      29.000  TEMP(K) =   297.92  PRESS =     0.0
 Etot   =    -10826.3951  EKtot   =      1924.0735  EPtot      =    -12750.4686
 BOND   =         6.0191  ANGLE   =        12.2462  DIHED      =        13.2774
 1-4 NB =        11.3452  1-4 EEL =      -597.7859  VDWAALS    =      2383.4353
 EELEC  =    -14589.5343  EHBOND  =         0.0000  RESTRAINT  =        10.5284
 EAMBER (non-restraint)  =    -12760.9969
 EKCMT  =         0.0000  VIRIAL  =         0.0000  VOLUME     =     34637.6399
                                                    Density    =         0.9365
 Ewald error estimate:   0.1627E-03
 ------------------------------------------------------------------------------

wrapping first mol.:       11.82206       16.71891       28.95800

 NSTEP =     5000   TIME(PS) =      30.000  TEMP(K) =   292.52  PRESS =     0.0
 Etot   =    -10869.7920  EKtot   =      1889.1812  EPtot      =    -12758.9732
 BOND   =         7.8176  ANGLE   =        13.5497  DIHED      =        13.5342
 1-4 NB =        14.1027  1-4 EEL =      -601.6742  VDWAALS    =      2473.4815
 EELEC  =    -14686.2495  EHBOND  =         0.0000  RESTRAINT  =         6.4647
 EAMBER (non-restraint)  =    -12765.4379
 EKCMT  =         0.0000  VIRIAL  =         0.0000  VOLUME     =     34341.6195
                                                    Density    =         0.9445
 Ewald error estimate:   0.2807E-03
 ------------------------------------------------------------------------------

wrapping first mol.:       11.79754       16.68424       28.89795

 NSTEP =     5500   TIME(PS) =      31.000  TEMP(K) =   298.79  PRESS =     0.0
 Etot   =    -10882.9829  EKtot   =      1929.6849  EPtot      =    -12812.6678
 BOND   =         6.6933  ANGLE   =        12.7708  DIHED      =        10.2917
 1-4 NB =        14.6419  1-4 EEL =      -601.1116  VDWAALS    =      2456.5291
 EELEC  =    -14721.5004  EHBOND  =         0.0000  RESTRAINT  =         9.0174
 EAMBER (non-restraint)  =    -12821.6852
 EKCMT  =         0.0000  VIRIAL  =         0.0000  VOLUME     =     34128.4096
                                                    Density    =         0.9504
 Ewald error estimate:   0.1366E-03
 ------------------------------------------------------------------------------

wrapping first mol.:       11.75031       16.61745       28.78227

 NSTEP =     6000   TIME(PS) =      32.000  TEMP(K) =   296.77  PRESS =     0.0
 Etot   =    -10973.7875  EKtot   =      1916.6742  EPtot      =    -12890.4618
 BOND   =         9.3139  ANGLE   =        17.2655  DIHED      =        13.0734
 1-4 NB =        12.0784  1-4 EEL =      -600.7364  VDWAALS    =      2491.9544
 EELEC  =    -14843.1454  EHBOND  =         0.0000  RESTRAINT  =         9.7344
 EAMBER (non-restraint)  =    -12900.1962
 EKCMT  =         0.0000  VIRIAL  =         0.0000  VOLUME     =     33720.1805
                                                    Density    =         0.9619
 Ewald error estimate:   0.1901E-03
 ------------------------------------------------------------------------------

wrapping first mol.:       11.74342       16.60771       28.76540

 NSTEP =     6500   TIME(PS) =      33.000  TEMP(K) =   285.90  PRESS =     0.0
 Etot   =    -11066.6490  EKtot   =      1846.4633  EPtot      =    -12913.1123
 BOND   =         4.1248  ANGLE   =        12.5174  DIHED      =        14.0176
 1-4 NB =        11.7563  1-4 EEL =      -599.4372  VDWAALS    =      2467.1087
 EELEC  =    -14833.3342  EHBOND  =         0.0000  RESTRAINT  =        10.1344
 EAMBER (non-restraint)  =    -12923.2467
 EKCMT  =         0.0000  VIRIAL  =         0.0000  VOLUME     =     33660.9215
                                                    Density    =         0.9636
 Ewald error estimate:   0.1216E-03
 ------------------------------------------------------------------------------

wrapping first mol.:       11.65789       16.48675       28.55589

 NSTEP =     7000   TIME(PS) =      34.000  TEMP(K) =   287.76  PRESS =     0.0
 Etot   =    -11052.0097  EKtot   =      1858.4857  EPtot      =    -12910.4954
 BOND   =         5.0333  ANGLE   =        12.0166  DIHED      =        17.2847
 1-4 NB =        12.2987  1-4 EEL =      -601.1712  VDWAALS    =      2575.2293
 EELEC  =    -14939.0216  EHBOND  =         0.0000  RESTRAINT  =         7.8348
 EAMBER (non-restraint)  =    -12918.3302
 EKCMT  =         0.0000  VIRIAL  =         0.0000  VOLUME     =     32930.7777
                                                    Density    =         0.9850
 Ewald error estimate:   0.1011E-03
 ------------------------------------------------------------------------------

wrapping first mol.:       11.65087       16.47681       28.53867

 NSTEP =     7500   TIME(PS) =      35.000  TEMP(K) =   301.40  PRESS =     0.0
 Etot   =    -11039.1278  EKtot   =      1946.5699  EPtot      =    -12985.6977
 BOND   =         8.2946  ANGLE   =        11.7223  DIHED      =        16.1144
 1-4 NB =        13.6611  1-4 EEL =      -609.3354  VDWAALS    =      2525.7601
 EELEC  =    -14961.3132  EHBOND  =         0.0000  RESTRAINT  =         9.3984
 EAMBER (non-restraint)  =    -12995.0961
 EKCMT  =         0.0000  VIRIAL  =         0.0000  VOLUME     =     32871.2519
                                                    Density    =         0.9868
 Ewald error estimate:   0.7809E-04
 ------------------------------------------------------------------------------

wrapping first mol.:       11.61559       16.42693       28.45228

 NSTEP =     8000   TIME(PS) =      36.000  TEMP(K) =   299.24  PRESS =     0.0
 Etot   =    -10969.5392  EKtot   =      1932.5912  EPtot      =    -12902.1305
 BOND   =         6.7232  ANGLE   =        15.5342  DIHED      =        15.2985
 1-4 NB =        12.7406  1-4 EEL =      -604.9345  VDWAALS    =      2433.7094
 EELEC  =    -14789.3001  EHBOND  =         0.0000  RESTRAINT  =         8.0983
 EAMBER (non-restraint)  =    -12910.2288
 EKCMT  =         0.0000  VIRIAL  =         0.0000  VOLUME     =     32573.6197
                                                    Density    =         0.9958
 Ewald error estimate:   0.1932E-03
 ------------------------------------------------------------------------------

wrapping first mol.:       11.61756       16.42971       28.45709

 NSTEP =     8500   TIME(PS) =      37.000  TEMP(K) =   300.98  PRESS =     0.0
 Etot   =    -10950.7244  EKtot   =      1943.8267  EPtot      =    -12894.5511
 BOND   =         6.8108  ANGLE   =        17.5720  DIHED      =        13.2160
 1-4 NB =        11.2289  1-4 EEL =      -597.8440  VDWAALS    =      2479.2196
 EELEC  =    -14838.1550  EHBOND  =         0.0000  RESTRAINT  =        13.4005
 EAMBER (non-restraint)  =    -12907.9516
 EKCMT  =         0.0000  VIRIAL  =         0.0000  VOLUME     =     32590.1532
                                                    Density    =         0.9953
 Ewald error estimate:   0.1319E-03
 ------------------------------------------------------------------------------

wrapping first mol.:       11.61891       16.43162       28.46041

 NSTEP =     9000   TIME(PS) =      38.000  TEMP(K) =   291.36  PRESS =     0.0
 Etot   =    -10978.4186  EKtot   =      1881.7361  EPtot      =    -12860.1547
 BOND   =        10.8162  ANGLE   =        14.3001  DIHED      =        16.4669
 1-4 NB =        11.6763  1-4 EEL =      -599.2408  VDWAALS    =      2490.9814
 EELEC  =    -14816.1507  EHBOND  =         0.0000  RESTRAINT  =        10.9959
 EAMBER (non-restraint)  =    -12871.1506
 EKCMT  =         0.0000  VIRIAL  =         0.0000  VOLUME     =     32601.5484
                                                    Density    =         0.9949
 Ewald error estimate:   0.2040E-03
 ------------------------------------------------------------------------------

wrapping first mol.:       11.60212       16.40787       28.41926

 NSTEP =     9500   TIME(PS) =      39.000  TEMP(K) =   300.10  PRESS =     0.0
 Etot   =    -10958.8395  EKtot   =      1938.1467  EPtot      =    -12896.9862
 BOND   =         5.8225  ANGLE   =        13.3097  DIHED      =        16.7990
 1-4 NB =        10.4476  1-4 EEL =      -595.5724  VDWAALS    =      2452.1943
 EELEC  =    -14806.5048  EHBOND  =         0.0000  RESTRAINT  =         6.5178
 EAMBER (non-restraint)  =    -12903.5040
 EKCMT  =         0.0000  VIRIAL  =         0.0000  VOLUME     =     32460.3632
                                                    Density    =         0.9993
 Ewald error estimate:   0.2642E-04
 ------------------------------------------------------------------------------

wrapping first mol.:       11.60212       16.40787       28.41926

 NSTEP =    10000   TIME(PS) =      40.000  TEMP(K) =   297.89  PRESS =     0.0
 Etot   =    -10931.6005  EKtot   =      1923.8575  EPtot      =    -12855.4580
 BOND   =         7.0886  ANGLE   =        13.1190  DIHED      =        13.3726
 1-4 NB =        11.7763  1-4 EEL =      -598.4023  VDWAALS    =      2510.4890
 EELEC  =    -14821.4382  EHBOND  =         0.0000  RESTRAINT  =         8.5370
 EAMBER (non-restraint)  =    -12863.9950
 EKCMT  =         0.0000  VIRIAL  =         0.0000  VOLUME     =     32460.3632
                                                    Density    =         0.9993
 Ewald error estimate:   0.3768E-04
 ------------------------------------------------------------------------------

wrapping first mol.:       11.59370       16.39596       28.39863

 NSTEP =    10500   TIME(PS) =      41.000  TEMP(K) =   303.49  PRESS =     0.0
 Etot   =    -10943.3472  EKtot   =      1960.0604  EPtot      =    -12903.4075
 BOND   =         9.5705  ANGLE   =        13.8939  DIHED      =        12.9179
 1-4 NB =        10.4897  1-4 EEL =      -596.4140  VDWAALS    =      2502.1985
 EELEC  =    -14865.7333  EHBOND  =         0.0000  RESTRAINT  =         9.6692
 EAMBER (non-restraint)  =    -12913.0768
 EKCMT  =         0.0000  VIRIAL  =         0.0000  VOLUME     =     32389.7284
                                                    Density    =         1.0014
 Ewald error estimate:   0.1913E-03
 ------------------------------------------------------------------------------

wrapping first mol.:       11.57769       16.37332       28.35942

 NSTEP =    11000   TIME(PS) =      42.000  TEMP(K) =   292.38  PRESS =     0.0
 Etot   =    -11013.3362  EKtot   =      1888.3289  EPtot      =    -12901.6651
 BOND   =         6.6114  ANGLE   =        15.7026  DIHED      =        14.6081
 1-4 NB =        11.6332  1-4 EEL =      -602.1994  VDWAALS    =      2442.1561
 EELEC  =    -14801.0053  EHBOND  =         0.0000  RESTRAINT  =        10.8282
 EAMBER (non-restraint)  =    -12912.4934
 EKCMT  =         0.0000  VIRIAL  =         0.0000  VOLUME     =     32255.7531
                                                    Density    =         1.0056
 Ewald error estimate:   0.6014E-04
 ------------------------------------------------------------------------------

wrapping first mol.:       11.55469       16.34080       28.30309

 NSTEP =    11500   TIME(PS) =      43.000  TEMP(K) =   301.23  PRESS =     0.0
 Etot   =    -10930.3905  EKtot   =      1945.4431  EPtot      =    -12875.8336
 BOND   =         8.7753  ANGLE   =        18.7176  DIHED      =        18.3877
 1-4 NB =        13.0438  1-4 EEL =      -607.9713  VDWAALS    =      2532.3817
 EELEC  =    -14866.9999  EHBOND  =         0.0000  RESTRAINT  =         7.8315
 EAMBER (non-restraint)  =    -12883.6651
 EKCMT  =         0.0000  VIRIAL  =         0.0000  VOLUME     =     32063.9287
                                                    Density    =         1.0116
 Ewald error estimate:   0.5532E-03
 ------------------------------------------------------------------------------

wrapping first mol.:       11.54216       16.32308       28.27240

 NSTEP =    12000   TIME(PS) =      44.000  TEMP(K) =   298.66  PRESS =     0.0
 Etot   =    -10930.6828  EKtot   =      1928.8406  EPtot      =    -12859.5234
 BOND   =         4.2336  ANGLE   =        13.5697  DIHED      =        14.5659
 1-4 NB =        10.9545  1-4 EEL =      -597.8063  VDWAALS    =      2442.0891
 EELEC  =    -14757.3978  EHBOND  =         0.0000  RESTRAINT  =        10.2679
 EAMBER (non-restraint)  =    -12869.7914
 EKCMT  =         0.0000  VIRIAL  =         0.0000  VOLUME     =     31959.7120
                                                    Density    =         1.0149
 Ewald error estimate:   0.2016E-03
 ------------------------------------------------------------------------------

wrapping first mol.:       11.52876       16.30413       28.23958

 NSTEP =    12500   TIME(PS) =      45.000  TEMP(K) =   300.48  PRESS =     0.0
 Etot   =    -11005.3522  EKtot   =      1940.6158  EPtot      =    -12945.9679
 BOND   =         6.3342  ANGLE   =        13.4669  DIHED      =        12.2495
 1-4 NB =        11.5230  1-4 EEL =      -599.2214  VDWAALS    =      2537.5884
 EELEC  =    -14937.0305  EHBOND  =         0.0000  RESTRAINT  =         9.1220
 EAMBER (non-restraint)  =    -12955.0900
 EKCMT  =         0.0000  VIRIAL  =         0.0000  VOLUME     =     31848.5345
                                                    Density    =         1.0185
 Ewald error estimate:   0.2139E-03
 ------------------------------------------------------------------------------

wrapping first mol.:       11.53598       16.31433       28.25725

 NSTEP =    13000   TIME(PS) =      46.000  TEMP(K) =   302.05  PRESS =     0.0
 Etot   =    -10902.0567  EKtot   =      1950.7466  EPtot      =    -12852.8033
 BOND   =         4.8276  ANGLE   =        16.2838  DIHED      =        14.2614
 1-4 NB =        12.9987  1-4 EEL =      -600.9512  VDWAALS    =      2428.2851
 EELEC  =    -14737.4313  EHBOND  =         0.0000  RESTRAINT  =         8.9226
 EAMBER (non-restraint)  =    -12861.7260
 EKCMT  =         0.0000  VIRIAL  =         0.0000  VOLUME     =     31908.3871
                                                    Density    =         1.0166
 Ewald error estimate:   0.2651E-03
 ------------------------------------------------------------------------------

wrapping first mol.:       11.49965       16.26297       28.16828

 NSTEP =    13500   TIME(PS) =      47.000  TEMP(K) =   293.38  PRESS =     0.0
 Etot   =    -11055.4793  EKtot   =      1894.7441  EPtot      =    -12950.2234
 BOND   =        11.5611  ANGLE   =         9.9730  DIHED      =        12.7074
 1-4 NB =        13.5727  1-4 EEL =      -601.8851  VDWAALS    =      2545.3880
 EELEC  =    -14951.7703  EHBOND  =         0.0000  RESTRAINT  =        10.2297
 EAMBER (non-restraint)  =    -12960.4531
 EKCMT  =         0.0000  VIRIAL  =         0.0000  VOLUME     =     31607.9221
                                                    Density    =         1.0262
 Ewald error estimate:   0.1781E-03
 ------------------------------------------------------------------------------

wrapping first mol.:       11.50723       16.27368       28.18684

 NSTEP =    14000   TIME(PS) =      48.000  TEMP(K) =   297.66  PRESS =     0.0
 Etot   =    -11022.9398  EKtot   =      1922.3676  EPtot      =    -12945.3073
 BOND   =         7.7855  ANGLE   =        13.3508  DIHED      =        13.4680
 1-4 NB =        11.9989  1-4 EEL =      -598.0439  VDWAALS    =      2574.6154
 EELEC  =    -14979.6447  EHBOND  =         0.0000  RESTRAINT  =        11.1627
 EAMBER (non-restraint)  =    -12956.4701
 EKCMT  =         0.0000  VIRIAL  =         0.0000  VOLUME     =     31670.4259
                                                    Density    =         1.0242
 Ewald error estimate:   0.7611E-04
 ------------------------------------------------------------------------------

wrapping first mol.:       11.51852       16.28964       28.21448

 NSTEP =    14500   TIME(PS) =      49.000  TEMP(K) =   308.94  PRESS =     0.0
 Etot   =    -10943.0087  EKtot   =      1995.2702  EPtot      =    -12938.2790
 BOND   =         4.0216  ANGLE   =        11.9521  DIHED      =        14.7032
 1-4 NB =        12.6979  1-4 EEL =      -600.8970  VDWAALS    =      2482.2151
 EELEC  =    -14872.8653  EHBOND  =         0.0000  RESTRAINT  =         9.8936
 EAMBER (non-restraint)  =    -12948.1725
 EKCMT  =         0.0000  VIRIAL  =         0.0000  VOLUME     =     31763.7100
                                                    Density    =         1.0212
 Ewald error estimate:   0.1171E-03
 ------------------------------------------------------------------------------

wrapping first mol.:       11.54787       16.33116       28.28639

 NSTEP =    15000   TIME(PS) =      50.000  TEMP(K) =   305.50  PRESS =     0.0
 Etot   =    -10944.5637  EKtot   =      1973.0305  EPtot      =    -12917.5942
 BOND   =         8.5307  ANGLE   =        12.6556  DIHED      =        11.0327
 1-4 NB =        15.2607  1-4 EEL =      -608.1416  VDWAALS    =      2441.3350
 EELEC  =    -14811.0793  EHBOND  =         0.0000  RESTRAINT  =        12.8120
 EAMBER (non-restraint)  =    -12930.4062
 EKCMT  =         0.0000  VIRIAL  =         0.0000  VOLUME     =     32007.1939
                                                    Density    =         1.0134
 Ewald error estimate:   0.5677E-04
 ------------------------------------------------------------------------------

wrapping first mol.:       11.50700       16.27335       28.18627

 NSTEP =    15500   TIME(PS) =      51.000  TEMP(K) =   294.60  PRESS =     0.0
 Etot   =    -11058.8055  EKtot   =      1902.6547  EPtot      =    -12961.4602
 BOND   =         7.2760  ANGLE   =        13.7953  DIHED      =        14.9180
 1-4 NB =        11.8741  1-4 EEL =      -599.3462  VDWAALS    =      2609.6824
 EELEC  =    -15029.0924  EHBOND  =         0.0000  RESTRAINT  =         9.4328
 EAMBER (non-restraint)  =    -12970.8930
 EKCMT  =         0.0000  VIRIAL  =         0.0000  VOLUME     =     31668.5086
                                                    Density    =         1.0243
 Ewald error estimate:   0.2638E-03
 ------------------------------------------------------------------------------

wrapping first mol.:       11.52928       16.30486       28.24085

 NSTEP =    16000   TIME(PS) =      52.000  TEMP(K) =   299.34  PRESS =     0.0
 Etot   =    -11022.7061  EKtot   =      1933.2317  EPtot      =    -12955.9378
 BOND   =         5.7964  ANGLE   =        14.3761  DIHED      =        12.5561
 1-4 NB =        11.4044  1-4 EEL =      -593.9750  VDWAALS    =      2553.5057
 EELEC  =    -14967.6289  EHBOND  =         0.0000  RESTRAINT  =         8.0273
 EAMBER (non-restraint)  =    -12963.9651
 EKCMT  =         0.0000  VIRIAL  =         0.0000  VOLUME     =     31852.8352
                                                    Density    =         1.0183
 Ewald error estimate:   0.4300E-03
 ------------------------------------------------------------------------------

wrapping first mol.:       11.55099       16.33557       28.29404

 NSTEP =    16500   TIME(PS) =      53.000  TEMP(K) =   294.90  PRESS =     0.0
 Etot   =    -11089.4714  EKtot   =      1904.5681  EPtot      =    -12994.0395
 BOND   =         4.5140  ANGLE   =        12.7250  DIHED      =        20.9535
 1-4 NB =        13.5186  1-4 EEL =      -604.2192  VDWAALS    =      2600.7538
 EELEC  =    -15048.2764  EHBOND  =         0.0000  RESTRAINT  =         5.9912
 EAMBER (non-restraint)  =    -13000.0307
 EKCMT  =         0.0000  VIRIAL  =         0.0000  VOLUME     =     32033.1548
                                                    Density    =         1.0126
 Ewald error estimate:   0.1350E-03
 ------------------------------------------------------------------------------

wrapping first mol.:       11.55099       16.33557       28.29404

 NSTEP =    17000   TIME(PS) =      54.000  TEMP(K) =   305.44  PRESS =     0.0
 Etot   =    -11044.1624  EKtot   =      1972.6546  EPtot      =    -13016.8169
 BOND   =         4.2505  ANGLE   =        12.5034  DIHED      =        11.7976
 1-4 NB =        13.3436  1-4 EEL =      -603.8830  VDWAALS    =      2496.7163
 EELEC  =    -14961.1240  EHBOND  =         0.0000  RESTRAINT  =         9.5787
 EAMBER (non-restraint)  =    -13026.3956
 EKCMT  =         0.0000  VIRIAL  =         0.0000  VOLUME     =     32033.1548
                                                    Density    =         1.0126
 Ewald error estimate:   0.1972E-03
 ------------------------------------------------------------------------------

wrapping first mol.:       11.55998       16.34828       28.31605

 NSTEP =    17500   TIME(PS) =      55.000  TEMP(K) =   297.45  PRESS =     0.0
 Etot   =    -10974.7756  EKtot   =      1921.0422  EPtot      =    -12895.8178
 BOND   =         7.3999  ANGLE   =        11.3594  DIHED      =        13.2636
 1-4 NB =        13.3773  1-4 EEL =      -604.8794  VDWAALS    =      2548.1969
 EELEC  =    -14899.0630  EHBOND  =         0.0000  RESTRAINT  =        14.5274
 EAMBER (non-restraint)  =    -12910.3452
 EKCMT  =         0.0000  VIRIAL  =         0.0000  VOLUME     =     32107.9773
                                                    Density    =         1.0102
 Ewald error estimate:   0.3065E-03
 ------------------------------------------------------------------------------

wrapping first mol.:       11.59135       16.39264       28.39289

 NSTEP =    18000   TIME(PS) =      56.000  TEMP(K) =   293.35  PRESS =     0.0
 Etot   =    -10994.3122  EKtot   =      1894.5774  EPtot      =    -12888.8896
 BOND   =         5.7993  ANGLE   =        13.8924  DIHED      =        17.9269
 1-4 NB =        12.4844  1-4 EEL =      -600.4098  VDWAALS    =      2483.8572
 EELEC  =    -14830.6773  EHBOND  =         0.0000  RESTRAINT  =         8.2373
 EAMBER (non-restraint)  =    -12897.1269
 EKCMT  =         0.0000  VIRIAL  =         0.0000  VOLUME     =     32370.0694
                                                    Density    =         1.0021
 Ewald error estimate:   0.6440E-04
 ------------------------------------------------------------------------------

wrapping first mol.:       11.59286       16.39478       28.39658

 NSTEP =    18500   TIME(PS) =      57.000  TEMP(K) =   301.29  PRESS =     0.0
 Etot   =    -10852.3436  EKtot   =      1945.8452  EPtot      =    -12798.1888
 BOND   =         9.4362  ANGLE   =        18.8217  DIHED      =        12.2990
 1-4 NB =        11.8707  1-4 EEL =      -598.6556  VDWAALS    =      2508.0093
 EELEC  =    -14766.9732  EHBOND  =         0.0000  RESTRAINT  =         7.0031
 EAMBER (non-restraint)  =    -12805.1919
 EKCMT  =         0.0000  VIRIAL  =         0.0000  VOLUME     =     32382.7181
                                                    Density    =         1.0017
 Ewald error estimate:   0.1181E-03
 ------------------------------------------------------------------------------

wrapping first mol.:       11.61338       16.42380       28.44685

 NSTEP =    19000   TIME(PS) =      58.000  TEMP(K) =   302.88  PRESS =     0.0
 Etot   =    -10934.1353  EKtot   =      1956.1442  EPtot      =    -12890.2795
 BOND   =         7.3404  ANGLE   =        15.9734  DIHED      =        12.5619
 1-4 NB =        13.2029  1-4 EEL =      -602.7212  VDWAALS    =      2319.1281
 EELEC  =    -14664.7256  EHBOND  =         0.0000  RESTRAINT  =         8.9607
 EAMBER (non-restraint)  =    -12899.2402
 EKCMT  =         0.0000  VIRIAL  =         0.0000  VOLUME     =     32555.0012
                                                    Density    =         0.9964
 Ewald error estimate:   0.1074E-03
 ------------------------------------------------------------------------------

wrapping first mol.:       11.60542       16.41254       28.42736

 NSTEP =    19500   TIME(PS) =      59.000  TEMP(K) =   300.71  PRESS =     0.0
 Etot   =    -10950.0481  EKtot   =      1942.1110  EPtot      =    -12892.1592
 BOND   =         8.0902  ANGLE   =        11.9022  DIHED      =        16.7988
 1-4 NB =        12.1701  1-4 EEL =      -602.2404  VDWAALS    =      2463.0380
 EELEC  =    -14811.6237  EHBOND  =         0.0000  RESTRAINT  =         9.7057
 EAMBER (non-restraint)  =    -12901.8649
 EKCMT  =         0.0000  VIRIAL  =         0.0000  VOLUME     =     32488.1109
                                                    Density    =         0.9984
 Ewald error estimate:   0.8007E-05
 ------------------------------------------------------------------------------

wrapping first mol.:       11.58903       16.38937       28.38722

 NSTEP =    20000   TIME(PS) =      60.000  TEMP(K) =   297.73  PRESS =     0.0
 Etot   =    -10902.8646  EKtot   =      1922.8493  EPtot      =    -12825.7140
 BOND   =         4.5381  ANGLE   =        15.4919  DIHED      =        14.0479
 1-4 NB =        12.2161  1-4 EEL =      -597.3987  VDWAALS    =      2451.4649
 EELEC  =    -14733.6757  EHBOND  =         0.0000  RESTRAINT  =         7.6014
 EAMBER (non-restraint)  =    -12833.3154
 EKCMT  =         0.0000  VIRIAL  =         0.0000  VOLUME     =     32350.6858
                                                    Density    =         1.0027
 Ewald error estimate:   0.2608E-03
 ------------------------------------------------------------------------------

wrapping first mol.:       11.57185       16.36507       28.34513

 NSTEP =    20500   TIME(PS) =      61.000  TEMP(K) =   297.99  PRESS =     0.0
 Etot   =    -10902.7508  EKtot   =      1924.5545  EPtot      =    -12827.3053
 BOND   =         5.9205  ANGLE   =         9.6215  DIHED      =        14.9610
 1-4 NB =        11.8694  1-4 EEL =      -599.6050  VDWAALS    =      2441.6755
 EELEC  =    -14724.6863  EHBOND  =         0.0000  RESTRAINT  =        12.9382
 EAMBER (non-restraint)  =    -12840.2435
 EKCMT  =         0.0000  VIRIAL  =         0.0000  VOLUME     =     32207.0130
                                                    Density    =         1.0071
 Ewald error estimate:   0.5508E-06
 ------------------------------------------------------------------------------

wrapping first mol.:       11.59365       16.39589       28.39851

 NSTEP =    21000   TIME(PS) =      62.000  TEMP(K) =   297.82  PRESS =     0.0
 Etot   =    -10952.1708  EKtot   =      1923.4427  EPtot      =    -12875.6135
 BOND   =         6.3359  ANGLE   =        11.7193  DIHED      =        14.6295
 1-4 NB =        13.1952  1-4 EEL =      -600.7237  VDWAALS    =      2531.2042
 EELEC  =    -14861.1026  EHBOND  =         0.0000  RESTRAINT  =         9.1288
 EAMBER (non-restraint)  =    -12884.7422
 EKCMT  =         0.0000  VIRIAL  =         0.0000  VOLUME     =     32389.3134
                                                    Density    =         1.0015
 Ewald error estimate:   0.1802E-04
 ------------------------------------------------------------------------------

wrapping first mol.:       11.62666       16.44258       28.47939

 NSTEP =    21500   TIME(PS) =      63.000  TEMP(K) =   302.59  PRESS =     0.0
 Etot   =    -10963.5868  EKtot   =      1954.2689  EPtot      =    -12917.8557
 BOND   =         7.5235  ANGLE   =        14.3258  DIHED      =        14.9417
 1-4 NB =        13.2338  1-4 EEL =      -604.5569  VDWAALS    =      2432.5916
 EELEC  =    -14805.4774  EHBOND  =         0.0000  RESTRAINT  =         9.5621
 EAMBER (non-restraint)  =    -12927.4179
 EKCMT  =         0.0000  VIRIAL  =         0.0000  VOLUME     =     32666.8316
                                                    Density    =         0.9930
 Ewald error estimate:   0.3154E-03
 ------------------------------------------------------------------------------

wrapping first mol.:       11.57950       16.37589       28.36387

 NSTEP =    22000   TIME(PS) =      64.000  TEMP(K) =   291.33  PRESS =     0.0
 Etot   =    -10979.8639  EKtot   =      1881.5131  EPtot      =    -12861.3771
 BOND   =        10.2401  ANGLE   =        20.7434  DIHED      =        14.1038
 1-4 NB =        13.2636  1-4 EEL =      -606.2738  VDWAALS    =      2504.9161
 EELEC  =    -14828.1365  EHBOND  =         0.0000  RESTRAINT  =         9.7663
 EAMBER (non-restraint)  =    -12871.1433
 EKCMT  =         0.0000  VIRIAL  =         0.0000  VOLUME     =     32270.9101
                                                    Density    =         1.0051
 Ewald error estimate:   0.3851E-04
 ------------------------------------------------------------------------------

wrapping first mol.:       11.59014       16.39094       28.38994

 NSTEP =    22500   TIME(PS) =      65.000  TEMP(K) =   298.76  PRESS =     0.0
 Etot   =    -10957.8313  EKtot   =      1929.4987  EPtot      =    -12887.3300
 BOND   =         7.7524  ANGLE   =        17.4235  DIHED      =        12.4472
 1-4 NB =        10.5600  1-4 EEL =      -593.8319  VDWAALS    =      2457.2701
 EELEC  =    -14808.9789  EHBOND  =         0.0000  RESTRAINT  =        10.0276
 EAMBER (non-restraint)  =    -12897.3576
 EKCMT  =         0.0000  VIRIAL  =         0.0000  VOLUME     =     32359.9821
                                                    Density    =         1.0024
 Ewald error estimate:   0.5837E-04
 ------------------------------------------------------------------------------

wrapping first mol.:       11.60929       16.41801       28.43683

 NSTEP =    23000   TIME(PS) =      66.000  TEMP(K) =   299.30  PRESS =     0.0
 Etot   =    -10929.7092  EKtot   =      1933.0064  EPtot      =    -12862.7156
 BOND   =         6.1317  ANGLE   =        14.5722  DIHED      =        17.0372
 1-4 NB =        13.3490  1-4 EEL =      -603.7435  VDWAALS    =      2513.8825
 EELEC  =    -14832.6648  EHBOND  =         0.0000  RESTRAINT  =         8.7200
 EAMBER (non-restraint)  =    -12871.4356
 EKCMT  =         0.0000  VIRIAL  =         0.0000  VOLUME     =     32520.5953
                                                    Density    =         0.9974
 Ewald error estimate:   0.6598E-05
 ------------------------------------------------------------------------------

wrapping first mol.:       11.60122       16.40661       28.41707

 NSTEP =    23500   TIME(PS) =      67.000  TEMP(K) =   309.28  PRESS =     0.0
 Etot   =    -10923.2294  EKtot   =      1997.4311  EPtot      =    -12920.6605
 BOND   =         6.6477  ANGLE   =        11.9089  DIHED      =        16.0253
 1-4 NB =        13.0722  1-4 EEL =      -600.3050  VDWAALS    =      2466.9530
 EELEC  =    -14845.2140  EHBOND  =         0.0000  RESTRAINT  =        10.2514
 EAMBER (non-restraint)  =    -12930.9118
 EKCMT  =         0.0000  VIRIAL  =         0.0000  VOLUME     =     32452.8651
                                                    Density    =         0.9995
 Ewald error estimate:   0.1029E-03
 ------------------------------------------------------------------------------

wrapping first mol.:       11.58627       16.38545       28.38044

 NSTEP =    24000   TIME(PS) =      68.000  TEMP(K) =   299.61  PRESS =     0.0
 Etot   =    -10877.2931  EKtot   =      1935.0064  EPtot      =    -12812.2995
 BOND   =         6.0194  ANGLE   =        14.1711  DIHED      =        12.7086
 1-4 NB =        12.6590  1-4 EEL =      -599.4934  VDWAALS    =      2506.8291
 EELEC  =    -14773.8826  EHBOND  =         0.0000  RESTRAINT  =         8.6892
 EAMBER (non-restraint)  =    -12820.9887
 EKCMT  =         0.0000  VIRIAL  =         0.0000  VOLUME     =     32327.5041
                                                    Density    =         1.0034
 Ewald error estimate:   0.9973E-05
 ------------------------------------------------------------------------------

wrapping first mol.:       11.55092       16.33546       28.29385

 NSTEP =    24500   TIME(PS) =      69.000  TEMP(K) =   299.64  PRESS =     0.0
 Etot   =    -10899.9467  EKtot   =      1935.1785  EPtot      =    -12835.1252
 BOND   =         5.5475  ANGLE   =        15.4306  DIHED      =        11.3158
 1-4 NB =        13.2463  1-4 EEL =      -601.4254  VDWAALS    =      2541.6238
 EELEC  =    -14829.3142  EHBOND  =         0.0000  RESTRAINT  =         8.4504
 EAMBER (non-restraint)  =    -12843.5756
 EKCMT  =         0.0000  VIRIAL  =         0.0000  VOLUME     =     32032.5110
                                                    Density    =         1.0126
 Ewald error estimate:   0.2041E-03
 ------------------------------------------------------------------------------

wrapping first mol.:       11.56949       16.36173       28.33935

 NSTEP =    25000   TIME(PS) =      70.000  TEMP(K) =   308.92  PRESS =     0.0
 Etot   =    -10777.7206  EKtot   =      1995.0959  EPtot      =    -12772.8165
 BOND   =         7.9018  ANGLE   =        11.8279  DIHED      =        13.1910
 1-4 NB =        13.5716  1-4 EEL =      -603.0119  VDWAALS    =      2486.3898
 EELEC  =    -14716.2288  EHBOND  =         0.0000  RESTRAINT  =        13.5421
 EAMBER (non-restraint)  =    -12786.3586
 EKCMT  =         0.0000  VIRIAL  =         0.0000  VOLUME     =     32187.3080
                                                    Density    =         1.0077
 Ewald error estimate:   0.7454E-05
 ------------------------------------------------------------------------------

wrapping first mol.:       11.56330       16.35297       28.32418

 NSTEP =    25500   TIME(PS) =      71.000  TEMP(K) =   297.42  PRESS =     0.0
 Etot   =    -10880.1916  EKtot   =      1920.8254  EPtot      =    -12801.0170
 BOND   =         9.3688  ANGLE   =        14.9205  DIHED      =        13.3293
 1-4 NB =        13.9928  1-4 EEL =      -601.0745  VDWAALS    =      2436.1109
 EELEC  =    -14697.8442  EHBOND  =         0.0000  RESTRAINT  =        10.1794
 EAMBER (non-restraint)  =    -12811.1964
 EKCMT  =         0.0000  VIRIAL  =         0.0000  VOLUME     =     32135.6336
                                                    Density    =         1.0094
 Ewald error estimate:   0.1412E-03
 ------------------------------------------------------------------------------

wrapping first mol.:       11.56802       16.35965       28.33574

 NSTEP =    26000   TIME(PS) =      72.000  TEMP(K) =   292.48  PRESS =     0.0
 Etot   =    -10954.3849  EKtot   =      1888.9470  EPtot      =    -12843.3319
 BOND   =         4.3899  ANGLE   =         9.3560  DIHED      =        15.7060
 1-4 NB =        11.9947  1-4 EEL =      -604.4456  VDWAALS    =      2334.5675
 EELEC  =    -14624.0704  EHBOND  =         0.0000  RESTRAINT  =         9.1699
 EAMBER (non-restraint)  =    -12852.5018
 EKCMT  =         0.0000  VIRIAL  =         0.0000  VOLUME     =     32175.0226
                                                    Density    =         1.0081
 Ewald error estimate:   0.6394E-03
 ------------------------------------------------------------------------------

wrapping first mol.:       11.56662       16.35767       28.33231

 NSTEP =    26500   TIME(PS) =      73.000  TEMP(K) =   295.98  PRESS =     0.0
 Etot   =    -10933.1209  EKtot   =      1911.5305  EPtot      =    -12844.6514
 BOND   =         4.7510  ANGLE   =        13.4670  DIHED      =        14.7525
 1-4 NB =        13.8996  1-4 EEL =      -603.0091  VDWAALS    =      2463.1457
 EELEC  =    -14758.8643  EHBOND  =         0.0000  RESTRAINT  =         7.2061
 EAMBER (non-restraint)  =    -12851.8575
 EKCMT  =         0.0000  VIRIAL  =         0.0000  VOLUME     =     32163.3239
                                                    Density    =         1.0085
 Ewald error estimate:   0.2905E-03
 ------------------------------------------------------------------------------

wrapping first mol.:       11.56748       16.35888       28.33441

 NSTEP =    27000   TIME(PS) =      74.000  TEMP(K) =   294.97  PRESS =     0.0
 Etot   =    -10953.1725  EKtot   =      1905.0275  EPtot      =    -12858.2000
 BOND   =         5.5168  ANGLE   =        19.3353  DIHED      =        12.0271
 1-4 NB =        13.4793  1-4 EEL =      -599.4149  VDWAALS    =      2464.0321
 EELEC  =    -14783.1340  EHBOND  =         0.0000  RESTRAINT  =         9.9583
 EAMBER (non-restraint)  =    -12868.1583
 EKCMT  =         0.0000  VIRIAL  =         0.0000  VOLUME     =     32170.4769
                                                    Density    =         1.0083
 Ewald error estimate:   0.1754E-03
 ------------------------------------------------------------------------------

wrapping first mol.:       11.58267       16.38037       28.37164

 NSTEP =    27500   TIME(PS) =      75.000  TEMP(K) =   299.99  PRESS =     0.0
 Etot   =    -10850.8893  EKtot   =      1937.4187  EPtot      =    -12788.3080
 BOND   =         8.8070  ANGLE   =        16.9915  DIHED      =        11.5321
 1-4 NB =        11.7781  1-4 EEL =      -600.3876  VDWAALS    =      2326.8274
 EELEC  =    -14571.9048  EHBOND  =         0.0000  RESTRAINT  =         8.0484
 EAMBER (non-restraint)  =    -12796.3563
 EKCMT  =         0.0000  VIRIAL  =         0.0000  VOLUME     =     32297.4441
                                                    Density    =         1.0043
 Ewald error estimate:   0.7834E-04
 ------------------------------------------------------------------------------

wrapping first mol.:       11.55714       16.34426       28.30909

 NSTEP =    28000   TIME(PS) =      76.000  TEMP(K) =   304.09  PRESS =     0.0
 Etot   =    -10877.8662  EKtot   =      1963.8947  EPtot      =    -12841.7609
 BOND   =        11.3708  ANGLE   =        14.6110  DIHED      =        13.4730
 1-4 NB =        13.0124  1-4 EEL =      -606.5112  VDWAALS    =      2427.2808
 EELEC  =    -14725.2218  EHBOND  =         0.0000  RESTRAINT  =        10.2240
 EAMBER (non-restraint)  =    -12851.9849
 EKCMT  =         0.0000  VIRIAL  =         0.0000  VOLUME     =     32084.3163
                                                    Density    =         1.0110
 Ewald error estimate:   0.3263E-04
 ------------------------------------------------------------------------------

wrapping first mol.:       11.58319       16.38110       28.37290

 NSTEP =    28500   TIME(PS) =      77.000  TEMP(K) =   299.74  PRESS =     0.0
 Etot   =    -10936.3987  EKtot   =      1935.8082  EPtot      =    -12872.2069
 BOND   =        11.6703  ANGLE   =        16.9400  DIHED      =        13.8471
 1-4 NB =        13.5903  1-4 EEL =      -606.7325  VDWAALS    =      2449.1374
 EELEC  =    -14781.5026  EHBOND  =         0.0000  RESTRAINT  =        10.8431
 EAMBER (non-restraint)  =    -12883.0500
 EKCMT  =         0.0000  VIRIAL  =         0.0000  VOLUME     =     32301.7537
                                                    Density    =         1.0042
 Ewald error estimate:   0.1058E-03
 ------------------------------------------------------------------------------

wrapping first mol.:       11.58241       16.38000       28.37099

 NSTEP =    29000   TIME(PS) =      78.000  TEMP(K) =   303.46  PRESS =     0.0
 Etot   =    -10883.8503  EKtot   =      1959.8705  EPtot      =    -12843.7208
 BOND   =         8.8876  ANGLE   =        15.9744  DIHED      =        13.7672
 1-4 NB =        14.6125  1-4 EEL =      -608.2827  VDWAALS    =      2440.7609
 EELEC  =    -14737.3128  EHBOND  =         0.0000  RESTRAINT  =         7.8721
 EAMBER (non-restraint)  =    -12851.5930
 EKCMT  =         0.0000  VIRIAL  =         0.0000  VOLUME     =     32295.2446
                                                    Density    =         1.0044
 Ewald error estimate:   0.5392E-04
 ------------------------------------------------------------------------------

wrapping first mol.:       11.61589       16.42735       28.45299

 NSTEP =    29500   TIME(PS) =      79.000  TEMP(K) =   295.70  PRESS =     0.0
 Etot   =    -10976.8444  EKtot   =      1909.7659  EPtot      =    -12886.6102
 BOND   =         3.7835  ANGLE   =        12.7655  DIHED      =        11.3135
 1-4 NB =        13.3182  1-4 EEL =      -598.9759  VDWAALS    =      2431.7338
 EELEC  =    -14770.3531  EHBOND  =         0.0000  RESTRAINT  =         9.8043
 EAMBER (non-restraint)  =    -12896.4145
 EKCMT  =         0.0000  VIRIAL  =         0.0000  VOLUME     =     32576.0867
                                                    Density    =         0.9957
 Ewald error estimate:   0.3872E-03
 ------------------------------------------------------------------------------

wrapping first mol.:       11.58871       16.38891       28.38642

 NSTEP =    30000   TIME(PS) =      80.000  TEMP(K) =   295.24  PRESS =     0.0
 Etot   =    -11056.3347  EKtot   =      1906.7518  EPtot      =    -12963.0865
 BOND   =         7.3006  ANGLE   =        15.0730  DIHED      =        15.3444
 1-4 NB =        12.8909  1-4 EEL =      -603.2130  VDWAALS    =      2669.4313
 EELEC  =    -15086.5754  EHBOND  =         0.0000  RESTRAINT  =         6.6617
 EAMBER (non-restraint)  =    -12969.7481
 EKCMT  =         0.0000  VIRIAL  =         0.0000  VOLUME     =     32347.9532
                                                    Density    =         1.0027
 Ewald error estimate:   0.2784E-04
 ------------------------------------------------------------------------------

wrapping first mol.:       11.56894       16.36095       28.33799

 NSTEP =    30500   TIME(PS) =      81.000  TEMP(K) =   304.33  PRESS =     0.0
 Etot   =    -10990.9642  EKtot   =      1965.4481  EPtot      =    -12956.4123
 BOND   =         8.1406  ANGLE   =        17.2390  DIHED      =        14.7249
 1-4 NB =        12.2277  1-4 EEL =      -595.8244  VDWAALS    =      2513.2938
 EELEC  =    -14938.9900  EHBOND  =         0.0000  RESTRAINT  =        12.7761
 EAMBER (non-restraint)  =    -12969.1884
 EKCMT  =         0.0000  VIRIAL  =         0.0000  VOLUME     =     32182.6651
                                                    Density    =         1.0079
 Ewald error estimate:   0.1046E-04
 ------------------------------------------------------------------------------

wrapping first mol.:       11.55504       16.34129       28.30394

 NSTEP =    31000   TIME(PS) =      82.000  TEMP(K) =   292.44  PRESS =     0.0
 Etot   =    -11005.4566  EKtot   =      1888.7011  EPtot      =    -12894.1576
 BOND   =         5.2044  ANGLE   =        15.3474  DIHED      =        16.7827
 1-4 NB =        13.4884  1-4 EEL =      -601.2800  VDWAALS    =      2423.4085
 EELEC  =    -14780.0424  EHBOND  =         0.0000  RESTRAINT  =        12.9334
 EAMBER (non-restraint)  =    -12907.0911
 EKCMT  =         0.0000  VIRIAL  =         0.0000  VOLUME     =     32066.7931
                                                    Density    =         1.0115
 Ewald error estimate:   0.1159E-03
 ------------------------------------------------------------------------------

wrapping first mol.:       11.55504       16.34129       28.30394

 NSTEP =    31500   TIME(PS) =      83.000  TEMP(K) =   295.22  PRESS =     0.0
 Etot   =    -10981.3724  EKtot   =      1906.6139  EPtot      =    -12887.9863
 BOND   =         6.5639  ANGLE   =        14.5719  DIHED      =        15.6207
 1-4 NB =        13.9647  1-4 EEL =      -601.8790  VDWAALS    =      2510.7989
 EELEC  =    -14854.7089  EHBOND  =         0.0000  RESTRAINT  =         7.0814
 EAMBER (non-restraint)  =    -12895.0677
 EKCMT  =         0.0000  VIRIAL  =         0.0000  VOLUME     =     32066.7931
                                                    Density    =         1.0115
 Ewald error estimate:   0.5452E-04
 ------------------------------------------------------------------------------

wrapping first mol.:       11.54195       16.32278       28.27188

 NSTEP =    32000   TIME(PS) =      84.000  TEMP(K) =   304.49  PRESS =     0.0
 Etot   =    -10934.1361  EKtot   =      1966.5246  EPtot      =    -12900.6607
 BOND   =         7.1825  ANGLE   =        13.0203  DIHED      =        12.0090
 1-4 NB =        12.5266  1-4 EEL =      -601.1831  VDWAALS    =      2478.4605
 EELEC  =    -14831.3247  EHBOND  =         0.0000  RESTRAINT  =         8.6482
 EAMBER (non-restraint)  =    -12909.3089
 EKCMT  =         0.0000  VIRIAL  =         0.0000  VOLUME     =     31957.9435
                                                    Density    =         1.0150
 Ewald error estimate:   0.2797E-03
 ------------------------------------------------------------------------------

wrapping first mol.:       11.55133       16.33604       28.29485

 NSTEP =    32500   TIME(PS) =      85.000  TEMP(K) =   294.00  PRESS =     0.0
 Etot   =    -10931.7312  EKtot   =      1898.7693  EPtot      =    -12830.5004
 BOND   =         6.4716  ANGLE   =        15.6262  DIHED      =        14.9671
 1-4 NB =        12.3343  1-4 EEL =      -596.7037  VDWAALS    =      2391.3374
 EELEC  =    -14683.0633  EHBOND  =         0.0000  RESTRAINT  =         8.5300
 EAMBER (non-restraint)  =    -12839.0304
 EKCMT  =         0.0000  VIRIAL  =         0.0000  VOLUME     =     32035.9176
                                                    Density    =         1.0125
 Ewald error estimate:   0.1029E-03
 ------------------------------------------------------------------------------

wrapping first mol.:       11.53365       16.31104       28.25155

 NSTEP =    33000   TIME(PS) =      86.000  TEMP(K) =   293.53  PRESS =     0.0
 Etot   =    -10904.3003  EKtot   =      1895.7391  EPtot      =    -12800.0395
 BOND   =         8.8472  ANGLE   =        14.4873  DIHED      =        14.4855
 1-4 NB =        12.8457  1-4 EEL =      -601.1346  VDWAALS    =      2438.3180
 EELEC  =    -14695.5681  EHBOND  =         0.0000  RESTRAINT  =         7.6794
 EAMBER (non-restraint)  =    -12807.7189
 EKCMT  =         0.0000  VIRIAL  =         0.0000  VOLUME     =     31889.0556
                                                    Density    =         1.0172
 Ewald error estimate:   0.2490E-03
 ------------------------------------------------------------------------------

wrapping first mol.:       11.51424       16.28359       28.20401

 NSTEP =    33500   TIME(PS) =      87.000  TEMP(K) =   300.66  PRESS =     0.0
 Etot   =    -10895.4605  EKtot   =      1941.7669  EPtot      =    -12837.2273
 BOND   =         8.9834  ANGLE   =        11.9930  DIHED      =        14.2991
 1-4 NB =        10.5824  1-4 EEL =      -600.6338  VDWAALS    =      2419.9293
 EELEC  =    -14712.2927  EHBOND  =         0.0000  RESTRAINT  =         9.9120
 EAMBER (non-restraint)  =    -12847.1393
 EKCMT  =         0.0000  VIRIAL  =         0.0000  VOLUME     =     31728.3433
                                                    Density    =         1.0223
 Ewald error estimate:   0.3546E-04
 ------------------------------------------------------------------------------

wrapping first mol.:       11.53282       16.30987       28.24952

 NSTEP =    34000   TIME(PS) =      88.000  TEMP(K) =   294.65  PRESS =     0.0
 Etot   =    -10984.5562  EKtot   =      1902.9722  EPtot      =    -12887.5283
 BOND   =         7.2502  ANGLE   =        13.5183  DIHED      =        14.3403
 1-4 NB =        13.5255  1-4 EEL =      -600.3489  VDWAALS    =      2519.2847
 EELEC  =    -14860.4334  EHBOND  =         0.0000  RESTRAINT  =         5.3351
 EAMBER (non-restraint)  =    -12892.8634
 EKCMT  =         0.0000  VIRIAL  =         0.0000  VOLUME     =     31882.1903
                                                    Density    =         1.0174
 Ewald error estimate:   0.2723E-04
 ------------------------------------------------------------------------------

wrapping first mol.:       11.52923       16.30480       28.24073

 NSTEP =    34500   TIME(PS) =      89.000  TEMP(K) =   301.48  PRESS =     0.0
 Etot   =    -10886.4396  EKtot   =      1947.0462  EPtot      =    -12833.4858
 BOND   =         8.8848  ANGLE   =        15.0998  DIHED      =        14.3398
 1-4 NB =        11.3435  1-4 EEL =      -603.1300  VDWAALS    =      2461.7338
 EELEC  =    -14756.7021  EHBOND  =         0.0000  RESTRAINT  =        14.9445
 EAMBER (non-restraint)  =    -12848.4304
 EKCMT  =         0.0000  VIRIAL  =         0.0000  VOLUME     =     31852.4564
                                                    Density    =         1.0183
 Ewald error estimate:   0.2519E-03
 ------------------------------------------------------------------------------

wrapping first mol.:       11.52240       16.29513       28.22399

 NSTEP =    35000   TIME(PS) =      90.000  TEMP(K) =   302.76  PRESS =     0.0
 Etot   =    -10941.0491  EKtot   =      1955.3215  EPtot      =    -12896.3706
 BOND   =         6.9108  ANGLE   =        15.4085  DIHED      =        14.0349
 1-4 NB =        13.3684  1-4 EEL =      -604.2422  VDWAALS    =      2538.9588
 EELEC  =    -14887.9627  EHBOND  =         0.0000  RESTRAINT  =         7.1528
 EAMBER (non-restraint)  =    -12903.5234
 EKCMT  =         0.0000  VIRIAL  =         0.0000  VOLUME     =     31795.8374
                                                    Density    =         1.0202
 Ewald error estimate:   0.1876E-03
 ------------------------------------------------------------------------------

wrapping first mol.:       11.54254       16.32362       28.27333

 NSTEP =    35500   TIME(PS) =      91.000  TEMP(K) =   302.29  PRESS =     0.0
 Etot   =    -10913.6391  EKtot   =      1952.2936  EPtot      =    -12865.9327
 BOND   =         4.7773  ANGLE   =        13.8271  DIHED      =        10.3613
 1-4 NB =        11.8797  1-4 EEL =      -598.5685  VDWAALS    =      2460.4355
 EELEC  =    -14777.8889  EHBOND  =         0.0000  RESTRAINT  =         9.2440
 EAMBER (non-restraint)  =    -12875.1766
 EKCMT  =         0.0000  VIRIAL  =         0.0000  VOLUME     =     31962.8811
                                                    Density    =         1.0148
 Ewald error estimate:   0.1442E-03
 ------------------------------------------------------------------------------

wrapping first mol.:       11.53445       16.31217       28.25351

 NSTEP =    36000   TIME(PS) =      92.000  TEMP(K) =   289.78  PRESS =     0.0
 Etot   =    -10966.7646  EKtot   =      1871.4792  EPtot      =    -12838.2438
 BOND   =         8.2216  ANGLE   =        14.1301  DIHED      =        14.9038
 1-4 NB =        13.4117  1-4 EEL =      -604.0629  VDWAALS    =      2478.5555
 EELEC  =    -14769.4573  EHBOND  =         0.0000  RESTRAINT  =         6.0536
 EAMBER (non-restraint)  =    -12844.2975
 EKCMT  =         0.0000  VIRIAL  =         0.0000  VOLUME     =     31895.6938
                                                    Density    =         1.0170
 Ewald error estimate:   0.3503E-03
 ------------------------------------------------------------------------------

wrapping first mol.:       11.53248       16.30939       28.24869

 NSTEP =    36500   TIME(PS) =      93.000  TEMP(K) =   299.30  PRESS =     0.0
 Etot   =    -10947.5952  EKtot   =      1933.0198  EPtot      =    -12880.6149
 BOND   =         6.8468  ANGLE   =        20.4978  DIHED      =        17.5120
 1-4 NB =        12.1743  1-4 EEL =      -601.1471  VDWAALS    =      2440.7427
 EELEC  =    -14784.7626  EHBOND  =         0.0000  RESTRAINT  =         7.5211
 EAMBER (non-restraint)  =    -12888.1361
 EKCMT  =         0.0000  VIRIAL  =         0.0000  VOLUME     =     31879.3944
                                                    Density    =         1.0175
 Ewald error estimate:   0.8471E-04
 ------------------------------------------------------------------------------

wrapping first mol.:       11.55336       16.33892       28.29984

 NSTEP =    37000   TIME(PS) =      94.000  TEMP(K) =   298.23  PRESS =     0.0
 Etot   =    -10932.0166  EKtot   =      1926.0611  EPtot      =    -12858.0777
 BOND   =         4.8413  ANGLE   =        13.4473  DIHED      =        14.3492
 1-4 NB =        13.3950  1-4 EEL =      -600.3704  VDWAALS    =      2377.6472
 EELEC  =    -14694.8409  EHBOND  =         0.0000  RESTRAINT  =        13.4536
 EAMBER (non-restraint)  =    -12871.5313
 EKCMT  =         0.0000  VIRIAL  =         0.0000  VOLUME     =     32052.8672
                                                    Density    =         1.0120
 Ewald error estimate:   0.2073E-04
 ------------------------------------------------------------------------------

wrapping first mol.:       11.56917       16.36127       28.33856

 NSTEP =    37500   TIME(PS) =      95.000  TEMP(K) =   303.32  PRESS =     0.0
 Etot   =    -10884.5660  EKtot   =      1958.9539  EPtot      =    -12843.5199
 BOND   =         8.7533  ANGLE   =        13.5065  DIHED      =        14.2345
 1-4 NB =        16.1888  1-4 EEL =      -606.4014  VDWAALS    =      2500.4523
 EELEC  =    -14800.6423  EHBOND  =         0.0000  RESTRAINT  =        10.3883
 EAMBER (non-restraint)  =    -12853.9082
 EKCMT  =         0.0000  VIRIAL  =         0.0000  VOLUME     =     32184.5993
                                                    Density    =         1.0078
 Ewald error estimate:   0.3513E-03
 ------------------------------------------------------------------------------

wrapping first mol.:       11.56337       16.35307       28.32435

 NSTEP =    38000   TIME(PS) =      96.000  TEMP(K) =   289.29  PRESS =     0.0
 Etot   =    -10920.0755  EKtot   =      1868.3313  EPtot      =    -12788.4068
 BOND   =         6.5452  ANGLE   =        12.8982  DIHED      =        11.7110
 1-4 NB =        12.4362  1-4 EEL =      -598.5094  VDWAALS    =      2447.7103
 EELEC  =    -14691.1017  EHBOND  =         0.0000  RESTRAINT  =         9.9035
 EAMBER (non-restraint)  =    -12798.3103
 EKCMT  =         0.0000  VIRIAL  =         0.0000  VOLUME     =     32136.2322
                                                    Density    =         1.0093
 Ewald error estimate:   0.4413E-04
 ------------------------------------------------------------------------------

wrapping first mol.:       11.55426       16.34019       28.30203

 NSTEP =    38500   TIME(PS) =      97.000  TEMP(K) =   303.81  PRESS =     0.0
 Etot   =    -10826.6628  EKtot   =      1962.1313  EPtot      =    -12788.7940
 BOND   =         4.9839  ANGLE   =        13.2592  DIHED      =        13.8205
 1-4 NB =        11.7660  1-4 EEL =      -601.7124  VDWAALS    =      2460.4410
 EELEC  =    -14699.2843  EHBOND  =         0.0000  RESTRAINT  =         7.9320
 EAMBER (non-restraint)  =    -12796.7260
 EKCMT  =         0.0000  VIRIAL  =         0.0000  VOLUME     =     32060.3169
                                                    Density    =         1.0117
 Ewald error estimate:   0.2211E-03
 ------------------------------------------------------------------------------

wrapping first mol.:       11.55426       16.34019       28.30203

 NSTEP =    39000   TIME(PS) =      98.000  TEMP(K) =   307.81  PRESS =     0.0
 Etot   =    -10911.9729  EKtot   =      1987.9523  EPtot      =    -12899.9252
 BOND   =         6.6575  ANGLE   =        11.9258  DIHED      =        16.0378
 1-4 NB =        11.5889  1-4 EEL =      -599.5087  VDWAALS    =      2583.4526
 EELEC  =    -14939.9059  EHBOND  =         0.0000  RESTRAINT  =         9.8267
 EAMBER (non-restraint)  =    -12909.7519
 EKCMT  =         0.0000  VIRIAL  =         0.0000  VOLUME     =     32060.3169
                                                    Density    =         1.0117
 Ewald error estimate:   0.1173E-03
 ------------------------------------------------------------------------------

wrapping first mol.:       11.53524       16.31330       28.25546

 NSTEP =    39500   TIME(PS) =      99.000  TEMP(K) =   306.63  PRESS =     0.0
 Etot   =    -10898.6241  EKtot   =      1980.3411  EPtot      =    -12878.9651
 BOND   =         5.7376  ANGLE   =        17.0778  DIHED      =        14.4930
 1-4 NB =        12.3267  1-4 EEL =      -603.6099  VDWAALS    =      2583.0978
 EELEC  =    -14916.3800  EHBOND  =         0.0000  RESTRAINT  =         8.2920
 EAMBER (non-restraint)  =    -12887.2571
 EKCMT  =         0.0000  VIRIAL  =         0.0000  VOLUME     =     31902.3105
                                                    Density    =         1.0167
 Ewald error estimate:   0.4480E-03
 ------------------------------------------------------------------------------

wrapping first mol.:       11.54895       16.33268       28.28903

 NSTEP =    40000   TIME(PS) =     100.000  TEMP(K) =   293.78  PRESS =     0.0
 Etot   =    -10958.4262  EKtot   =      1897.3337  EPtot      =    -12855.7599
 BOND   =         9.5878  ANGLE   =        14.3062  DIHED      =        15.1003
 1-4 NB =        15.5497  1-4 EEL =      -604.0874  VDWAALS    =      2452.5971
 EELEC  =    -14772.3112  EHBOND  =         0.0000  RESTRAINT  =        13.4976
 EAMBER (non-restraint)  =    -12869.2575
 EKCMT  =         0.0000  VIRIAL  =         0.0000  VOLUME     =     32016.1366
                                                    Density    =         1.0131
 Ewald error estimate:   0.5566E-04
 ------------------------------------------------------------------------------

wrapping first mol.:       11.53710       16.31593       28.26002

 NSTEP =    40500   TIME(PS) =     101.000  TEMP(K) =   289.15  PRESS =     0.0
 Etot   =    -11038.9567  EKtot   =      1867.4626  EPtot      =    -12906.4193
 BOND   =         8.3829  ANGLE   =        16.9748  DIHED      =        15.4708
 1-4 NB =        13.0065  1-4 EEL =      -600.4532  VDWAALS    =      2596.6537
 EELEC  =    -14963.7067  EHBOND  =         0.0000  RESTRAINT  =         7.2520
 EAMBER (non-restraint)  =    -12913.6713
 EKCMT  =         0.0000  VIRIAL  =         0.0000  VOLUME     =     31917.7463
                                                    Density    =         1.0163
 Ewald error estimate:   0.2370E-04
 ------------------------------------------------------------------------------

wrapping first mol.:       11.50571       16.27153       28.18312

 NSTEP =    41000   TIME(PS) =     102.000  TEMP(K) =   294.51  PRESS =     0.0
 Etot   =    -11014.2388  EKtot   =      1902.0560  EPtot      =    -12916.2948
 BOND   =         8.9739  ANGLE   =        16.8080  DIHED      =        15.4651
 1-4 NB =        12.3061  1-4 EEL =      -600.2109  VDWAALS    =      2512.1586
 EELEC  =    -14889.8635  EHBOND  =         0.0000  RESTRAINT  =         8.0678
 EAMBER (non-restraint)  =    -12924.3627
 EKCMT  =         0.0000  VIRIAL  =         0.0000  VOLUME     =     31657.9027
                                                    Density    =         1.0246
 Ewald error estimate:   0.6128E-03
 ------------------------------------------------------------------------------

wrapping first mol.:       11.54358       16.32509       28.27588

 NSTEP =    41500   TIME(PS) =     103.000  TEMP(K) =   306.36  PRESS =     0.0
 Etot   =    -10920.0560  EKtot   =      1978.5881  EPtot      =    -12898.6441
 BOND   =        11.4119  ANGLE   =        13.9681  DIHED      =        12.0261
 1-4 NB =        14.8673  1-4 EEL =      -602.8623  VDWAALS    =      2390.9009
 EELEC  =    -14745.3753  EHBOND  =         0.0000  RESTRAINT  =         6.4192
 EAMBER (non-restraint)  =    -12905.0633
 EKCMT  =         0.0000  VIRIAL  =         0.0000  VOLUME     =     31971.5397
                                                    Density    =         1.0145
 Ewald error estimate:   0.2371E-03
 ------------------------------------------------------------------------------

wrapping first mol.:       11.55714       16.34427       28.30910

 NSTEP =    42000   TIME(PS) =     104.000  TEMP(K) =   295.25  PRESS =     0.0
 Etot   =    -10912.0479  EKtot   =      1906.8231  EPtot      =    -12818.8710
 BOND   =         5.0822  ANGLE   =        17.1610  DIHED      =        12.0150
 1-4 NB =        11.2302  1-4 EEL =      -598.2177  VDWAALS    =      2394.9593
 EELEC  =    -14669.8485  EHBOND  =         0.0000  RESTRAINT  =         8.7474
 EAMBER (non-restraint)  =    -12827.6184
 EKCMT  =         0.0000  VIRIAL  =         0.0000  VOLUME     =     32084.3411
                                                    Density    =         1.0110
 Ewald error estimate:   0.3476E-03
 ------------------------------------------------------------------------------

wrapping first mol.:       11.55820       16.34576       28.31168

 NSTEP =    42500   TIME(PS) =     105.000  TEMP(K) =   299.35  PRESS =     0.0
 Etot   =    -10912.9998  EKtot   =      1933.3399  EPtot      =    -12846.3397
 BOND   =         7.5518  ANGLE   =        15.3152  DIHED      =        12.4833
 1-4 NB =        12.4833  1-4 EEL =      -595.4879  VDWAALS    =      2467.0652
 EELEC  =    -14775.9848  EHBOND  =         0.0000  RESTRAINT  =        10.2343
 EAMBER (non-restraint)  =    -12856.5740
 EKCMT  =         0.0000  VIRIAL  =         0.0000  VOLUME     =     32093.1223
                                                    Density    =         1.0107
 Ewald error estimate:   0.9022E-05
 ------------------------------------------------------------------------------

wrapping first mol.:       11.58164       16.37891       28.36910

 NSTEP =    43000   TIME(PS) =     106.000  TEMP(K) =   289.16  PRESS =     0.0
 Etot   =    -10926.9069  EKtot   =      1867.5178  EPtot      =    -12794.4247
 BOND   =         4.2213  ANGLE   =        15.9478  DIHED      =        14.4722
 1-4 NB =        13.2313  1-4 EEL =      -602.8860  VDWAALS    =      2298.7328
 EELEC  =    -14548.6638  EHBOND  =         0.0000  RESTRAINT  =        10.5197
 EAMBER (non-restraint)  =    -12804.9444
 EKCMT  =         0.0000  VIRIAL  =         0.0000  VOLUME     =     32288.7940
                                                    Density    =         1.0046
 Ewald error estimate:   0.1507E-03
 ------------------------------------------------------------------------------

wrapping first mol.:       11.56201       16.35115       28.32102

 NSTEP =    43500   TIME(PS) =     107.000  TEMP(K) =   296.22  PRESS =     0.0
 Etot   =    -10964.0535  EKtot   =      1913.1148  EPtot      =    -12877.1683
 BOND   =         6.7727  ANGLE   =        14.0998  DIHED      =        16.4882
 1-4 NB =        12.5857  1-4 EEL =      -599.2380  VDWAALS    =      2443.1312
 EELEC  =    -14776.2495  EHBOND  =         0.0000  RESTRAINT  =         5.2417
 EAMBER (non-restraint)  =    -12882.4100
 EKCMT  =         0.0000  VIRIAL  =         0.0000  VOLUME     =     32124.8935
                                                    Density    =         1.0097
 Ewald error estimate:   0.3826E-03
 ------------------------------------------------------------------------------

wrapping first mol.:       11.58692       16.38638       28.38205

 NSTEP =    44000   TIME(PS) =     108.000  TEMP(K) =   300.43  PRESS =     0.0
 Etot   =    -10975.9772  EKtot   =      1940.2928  EPtot      =    -12916.2700
 BOND   =         8.7239  ANGLE   =        14.2968  DIHED      =        16.6836
 1-4 NB =        11.6379  1-4 EEL =      -600.5970  VDWAALS    =      2550.1490
 EELEC  =    -14927.2333  EHBOND  =         0.0000  RESTRAINT  =        10.0691
 EAMBER (non-restraint)  =    -12926.3391
 EKCMT  =         0.0000  VIRIAL  =         0.0000  VOLUME     =     32333.0115
                                                    Density    =         1.0032
 Ewald error estimate:   0.3107E-03
 ------------------------------------------------------------------------------

wrapping first mol.:       11.58992       16.39062       28.38939

 NSTEP =    44500   TIME(PS) =     109.000  TEMP(K) =   288.99  PRESS =     0.0
 Etot   =    -10966.3074  EKtot   =      1866.4004  EPtot      =    -12832.7078
 BOND   =         8.5123  ANGLE   =        18.9007  DIHED      =        20.7845
 1-4 NB =        12.3837  1-4 EEL =      -600.6377  VDWAALS    =      2510.3729
 EELEC  =    -14809.6143  EHBOND  =         0.0000  RESTRAINT  =         6.5903
 EAMBER (non-restraint)  =    -12839.2981
 EKCMT  =         0.0000  VIRIAL  =         0.0000  VOLUME     =     32358.0957
                                                    Density    =         1.0024
 Ewald error estimate:   0.2989E-04
 ------------------------------------------------------------------------------

wrapping first mol.:       11.58681       16.38622       28.38177

 NSTEP =    45000   TIME(PS) =     110.000  TEMP(K) =   292.17  PRESS =     0.0
 Etot   =    -10936.1364  EKtot   =      1886.9334  EPtot      =    -12823.0698
 BOND   =         8.9728  ANGLE   =        17.8556  DIHED      =        13.8591
 1-4 NB =        13.3976  1-4 EEL =      -606.8383  VDWAALS    =      2554.1768
 EELEC  =    -14835.4425  EHBOND  =         0.0000  RESTRAINT  =        10.9492
 EAMBER (non-restraint)  =    -12834.0189
 EKCMT  =         0.0000  VIRIAL  =         0.0000  VOLUME     =     32332.0592
                                                    Density    =         1.0032
 Ewald error estimate:   0.3252E-03
 ------------------------------------------------------------------------------

wrapping first mol.:       11.58064       16.37750       28.36665

 NSTEP =    45500   TIME(PS) =     111.000  TEMP(K) =   295.39  PRESS =     0.0
 Etot   =    -10947.6065  EKtot   =      1907.7700  EPtot      =    -12855.3765
 BOND   =         4.9707  ANGLE   =        16.1202  DIHED      =        17.8517
 1-4 NB =        11.9264  1-4 EEL =      -599.6798  VDWAALS    =      2552.7585
 EELEC  =    -14868.2336  EHBOND  =         0.0000  RESTRAINT  =         8.9095
 EAMBER (non-restraint)  =    -12864.2860
 EKCMT  =         0.0000  VIRIAL  =         0.0000  VOLUME     =     32280.4242
                                                    Density    =         1.0048
 Ewald error estimate:   0.1217E-03
 ------------------------------------------------------------------------------

wrapping first mol.:       11.55479       16.34094       28.30333

 NSTEP =    46000   TIME(PS) =     112.000  TEMP(K) =   297.76  PRESS =     0.0
 Etot   =    -10986.5954  EKtot   =      1923.0221  EPtot      =    -12909.6175
 BOND   =         7.3194  ANGLE   =        14.7993  DIHED      =        12.4988
 1-4 NB =        13.9991  1-4 EEL =      -606.8892  VDWAALS    =      2493.4694
 EELEC  =    -14855.4973  EHBOND  =         0.0000  RESTRAINT  =        10.6830
 EAMBER (non-restraint)  =    -12920.3005
 EKCMT  =         0.0000  VIRIAL  =         0.0000  VOLUME     =     32064.7271
                                                    Density    =         1.0116
 Ewald error estimate:   0.1651E-03
 ------------------------------------------------------------------------------

wrapping first mol.:       11.56120       16.35000       28.31903

 NSTEP =    46500   TIME(PS) =     113.000  TEMP(K) =   298.60  PRESS =     0.0
 Etot   =    -10935.1458  EKtot   =      1928.4746  EPtot      =    -12863.6204
 BOND   =         4.9006  ANGLE   =        14.5066  DIHED      =        16.2420
 1-4 NB =        12.3777  1-4 EEL =      -600.0546  VDWAALS    =      2393.3896
 EELEC  =    -14712.4936  EHBOND  =         0.0000  RESTRAINT  =         7.5113
 EAMBER (non-restraint)  =    -12871.1317
 EKCMT  =         0.0000  VIRIAL  =         0.0000  VOLUME     =     32118.1238
                                                    Density    =         1.0099
 Ewald error estimate:   0.3749E-03
 ------------------------------------------------------------------------------

wrapping first mol.:       11.57452       16.36884       28.35167

 NSTEP =    47000   TIME(PS) =     114.000  TEMP(K) =   299.63  PRESS =     0.0
 Etot   =    -10937.6660  EKtot   =      1935.1368  EPtot      =    -12872.8028
 BOND   =         4.2966  ANGLE   =        17.7064  DIHED      =        15.8693
 1-4 NB =        13.6268  1-4 EEL =      -602.7960  VDWAALS    =      2458.2747
 EELEC  =    -14789.2007  EHBOND  =         0.0000  RESTRAINT  =         9.4202
 EAMBER (non-restraint)  =    -12882.2230
 EKCMT  =         0.0000  VIRIAL  =         0.0000  VOLUME     =     32229.2905
                                                    Density    =         1.0064
 Ewald error estimate:   0.2648E-03
 ------------------------------------------------------------------------------

wrapping first mol.:       11.57452       16.36884       28.35167

 NSTEP =    47500   TIME(PS) =     115.000  TEMP(K) =   296.45  PRESS =     0.0
 Etot   =    -10948.8306  EKtot   =      1914.5917  EPtot      =    -12863.4223
 BOND   =         8.4801  ANGLE   =        16.3545  DIHED      =        13.9896
 1-4 NB =        13.9781  1-4 EEL =      -604.0822  VDWAALS    =      2384.0670
 EELEC  =    -14707.1813  EHBOND  =         0.0000  RESTRAINT  =        10.9719
 EAMBER (non-restraint)  =    -12874.3942
 EKCMT  =         0.0000  VIRIAL  =         0.0000  VOLUME     =     32229.2905
                                                    Density    =         1.0064
 Ewald error estimate:   0.1669E-03
 ------------------------------------------------------------------------------

wrapping first mol.:       11.60213       16.40789       28.41929

 NSTEP =    48000   TIME(PS) =     116.000  TEMP(K) =   299.26  PRESS =     0.0
 Etot   =    -10962.6113  EKtot   =      1932.7208  EPtot      =    -12895.3321
 BOND   =         7.7153  ANGLE   =        16.8430  DIHED      =        15.2469
 1-4 NB =        12.4303  1-4 EEL =      -602.9576  VDWAALS    =      2436.3440
 EELEC  =    -14792.1943  EHBOND  =         0.0000  RESTRAINT  =        11.2405
 EAMBER (non-restraint)  =    -12906.5725
 EKCMT  =         0.0000  VIRIAL  =         0.0000  VOLUME     =     32460.4712
                                                    Density    =         0.9993
 Ewald error estimate:   0.4362E-03
 ------------------------------------------------------------------------------

wrapping first mol.:       11.60330       16.40955       28.42217

 NSTEP =    48500   TIME(PS) =     117.000  TEMP(K) =   293.46  PRESS =     0.0
 Etot   =    -10918.2936  EKtot   =      1895.2748  EPtot      =    -12813.5684
 BOND   =        13.6196  ANGLE   =        16.0897  DIHED      =        14.0891
 1-4 NB =        12.0170  1-4 EEL =      -599.9483  VDWAALS    =      2436.4344
 EELEC  =    -14714.9063  EHBOND  =         0.0000  RESTRAINT  =         9.0364
 EAMBER (non-restraint)  =    -12822.6048
 EKCMT  =         0.0000  VIRIAL  =         0.0000  VOLUME     =     32470.3249
                                                    Density    =         0.9990
 Ewald error estimate:   0.5096E-03
 ------------------------------------------------------------------------------

wrapping first mol.:       11.60330       16.40955       28.42217

 NSTEP =    49000   TIME(PS) =     118.000  TEMP(K) =   298.29  PRESS =     0.0
 Etot   =    -10854.3800  EKtot   =      1926.4697  EPtot      =    -12780.8496
 BOND   =        13.1782  ANGLE   =        15.8709  DIHED      =        13.3492
 1-4 NB =        15.1902  1-4 EEL =      -615.3630  VDWAALS    =      2469.2854
 EELEC  =    -14701.9325  EHBOND  =         0.0000  RESTRAINT  =         9.5719
 EAMBER (non-restraint)  =    -12790.4216
 EKCMT  =         0.0000  VIRIAL  =         0.0000  VOLUME     =     32470.3249
                                                    Density    =         0.9990
 Ewald error estimate:   0.8659E-04
 ------------------------------------------------------------------------------

wrapping first mol.:       11.63342       16.45214       28.49594

 NSTEP =    49500   TIME(PS) =     119.000  TEMP(K) =   293.49  PRESS =     0.0
 Etot   =    -10895.9950  EKtot   =      1895.4835  EPtot      =    -12791.4785
 BOND   =        10.6838  ANGLE   =        16.7596  DIHED      =        14.4974
 1-4 NB =        12.7500  1-4 EEL =      -609.5143  VDWAALS    =      2426.4066
 EELEC  =    -14672.4202  EHBOND  =         0.0000  RESTRAINT  =         9.3585
 EAMBER (non-restraint)  =    -12800.8370
 EKCMT  =         0.0000  VIRIAL  =         0.0000  VOLUME     =     32723.8242
                                                    Density    =         0.9912
 Ewald error estimate:   0.1546E-03
 ------------------------------------------------------------------------------

wrapping first mol.:       11.61629       16.42791       28.45398
wrapping first mol.:       11.61629       16.42791       28.45398

 NSTEP =    50000   TIME(PS) =     120.000  TEMP(K) =   295.58  PRESS =     0.0
 Etot   =    -10918.2519  EKtot   =      1908.9934  EPtot      =    -12827.2453
 BOND   =        10.8410  ANGLE   =        12.9928  DIHED      =        13.5369
 1-4 NB =        12.8828  1-4 EEL =      -594.5982  VDWAALS    =      2391.6138
 EELEC  =    -14684.1366  EHBOND  =         0.0000  RESTRAINT  =         9.6222
 EAMBER (non-restraint)  =    -12836.8675
 EKCMT  =         0.0000  VIRIAL  =         0.0000  VOLUME     =     32579.4566
                                                    Density    =         0.9956
 Ewald error estimate:   0.2567E-03
 ------------------------------------------------------------------------------


      A V E R A G E S   O V E R     100 S T E P S


 NSTEP =    50000   TIME(PS) =     120.000  TEMP(K) =   298.30  PRESS =     0.0
 Etot   =    -10920.2170  EKtot   =      1926.5647  EPtot      =    -12846.7817
 BOND   =         7.2910  ANGLE   =        14.6595  DIHED      =        14.4371
 1-4 NB =        12.7020  1-4 EEL =      -601.4817  VDWAALS    =      2459.8241
 EELEC  =    -14763.5979  EHBOND  =         0.0000  RESTRAINT  =         9.3842
 EAMBER (non-restraint)  =    -12856.1660
 EKCMT  =         0.0000  VIRIAL  =         0.0000  VOLUME     =     32595.2978
                                                    Density    =         0.9963
 Ewald error estimate:   0.1705E-03
 ------------------------------------------------------------------------------


      R M S  F L U C T U A T I O N S


 NSTEP =    50000   TIME(PS) =     120.000  TEMP(K) =     4.95  PRESS =     0.0
 Etot   =       102.2098  EKtot   =        31.9855  EPtot      =        95.7718
 BOND   =         2.1445  ANGLE   =         2.2645  DIHED      =         2.0031
 1-4 NB =         1.1149  1-4 EEL =         3.6943  VDWAALS    =        82.3602
 EELEC  =       164.9280  EHBOND  =         0.0000  RESTRAINT  =         1.9597
 EAMBER (non-restraint)  =        93.8122
 EKCMT  =         0.0000  VIRIAL  =         0.0000  VOLUME     =      1162.0725
                                                    Density    =         0.0327
 Ewald error estimate:   0.1406E-03
 ------------------------------------------------------------------------------

| MC Barostat:        500 volume changes attempted.
| MC Barostat:        246 changes successful ( 49.20%)
 ------------------------------------------------------------------------------

--------------------------------------------------------------------------------
   5.  TIMINGS
--------------------------------------------------------------------------------

|  NonSetup CPU Time in Major Routines, Average for All Tasks:
|
|     Routine           Sec        %
|     ------------------------------
|     DataDistrib       9.26    9.01
|     Nonbond          88.06   85.64
|     Bond              0.13    0.13
|     Angle             0.16    0.15
|     Dihedral          0.20    0.20
|     Shake             0.61    0.59
|     RunMD             4.21    4.10
|     Other             0.19    0.18
|     ------------------------------
|     Total           102.83

|  PME Nonbond Pairlist CPU Time, Average for All Tasks:
|
|     Routine              Sec        %
|     ---------------------------------
|     Set Up Cit           0.29    0.28
|     Build List          10.48   10.19
|     ---------------------------------
|     Total               10.77   10.47

|  PME Direct Force CPU Time, Average for All Tasks:
|
|     Routine              Sec        %
|     ---------------------------------
|     NonBonded Calc      60.78   59.10
|     Exclude Masked       0.67    0.65
|     Other                2.40    2.33
|     ---------------------------------
|     Total               63.85   62.09

|  PME Reciprocal Force CPU Time, Average for All Tasks:
|
|     Routine              Sec        %
|     ---------------------------------
|     1D bspline           1.11    1.08
|     Grid Charges         1.22    1.18
|     Scalar Sum           1.17    1.14
|     Gradient Sum         2.12    2.06
|     FFT                  7.53    7.33
|     ---------------------------------
|     Total               13.15   12.79

|  PME Load Balancing CPU Time, Average for All Tasks:
|
|     Routine                 Sec        %
|     ------------------------------------
|     Atom Reassign           0.00    0.00
|     Image Reassign          0.00    0.00
|     FFT Reassign            0.00    0.00
|     ------------------------------------
|     Total                   0.01    0.01

|  Final Performance Info:
|     -----------------------------------------------------
|     Average timings for last   20000 steps:
|     Elapsed(s) =      41.46 Per Step(ms) =       2.07
|         ns/day =      83.37   seconds/ns =    1036.38
|
|     Average timings for all steps:
|     Elapsed(s) =     102.88 Per Step(ms) =       2.06
|         ns/day =      83.98   seconds/ns =    1028.79
|     -----------------------------------------------------

|  Master Setup CPU time:            0.03 seconds
|  Master NonSetup CPU time:       102.62 seconds
|  Master Total CPU time:          102.65 seconds     0.03 hours

|  Master Setup wall time:           0    seconds
|  Master NonSetup wall time:      103    seconds
|  Master Total wall time:         103    seconds     0.03 hours
