
          -------------------------------------------------------
          Amber 18 PMEMD                              2018
          -------------------------------------------------------

| PMEMD implementation of SANDER, Release 18

| Run on 04/22/2022 at 01:10:53

|   Executable path: pmemd
| Working directory: /bgfs/lchong/dty7/ff15ipq-lig/charges/gaff_00/GenConformers/Conf14
|          Hostname: smp-n123

  [-O]verwriting output

File Assignments:
|   MDIN: ../../../amber/6.2_eq1.in                                             
|  MDOUT: 6.2_eq1.out                                                           
| INPCRD: 6.1_min.rst                                                           
|   PARM: ../../mon.top                                                         
| RESTRT: 6.2_eq1.rst                                                           
|   REFC: 6.1_min.rst                                                           
|  MDVEL: mdvel                                                                 
|   MDEN: mden                                                                  
|  MDCRD: mdcrd                                                                 
| MDINFO: mdinfo                                                                
|  MDFRC: mdfrc                                                                 

 
 Here is the input file:
 
&cntrl                                                                         
  imin      = 0,                                                               
  irest     = 0,                                                               
  ntx       = 1,                                                               
  ig        = -1,                                                              
  dt        = 0.002,                                                           
  nstlim    = 10000,                                                           
  nscm      = 500,                                                             
  ntr       = 1,                                                               
  restraintmask = ':1',                                                        
  restraint_wt  = 10.0,                                                        
  ntb       = 1,                                                               
  ntp       = 0,                                                               
  ntt       = 3,                                                               
  tempi     = 298.0,                                                           
  temp0     = 298.0,                                                           
  gamma_ln  = 1.0,                                                             
  ntf       = 2,                                                               
  ntc       = 2,                                                               
  cut       = 10.0,                                                            
  ntpr      = 500,                                                             
  ntxo      = 2,                                                               
  ntwr      = 10000,                                                           
  ioutfm    = 1,                                                               
  ntwx      = 500,                                                             
  iwrap     = 1,                                                               
&end                                                                           


Note: ig = -1. Setting random seed to   635868 based on wallclock time in 
      microseconds.
| irandom = 1, using AMBER's internal random number generator (default).
 
 
| Conditional Compilation Defines Used:
| PUBFFT
| BINTRAJ
| MKL
| EMIL
 
| Largest sphere to fit in unit cell has radius =    14.779

| New format PARM file being parsed.
| Version =    1.000 Date = 04/21/22 Time = 16:39:25

| Note: 1-4 EEL scale factors are being read from the topology file.

| Note: 1-4 VDW scale factors are being read from the topology file.
| Duplicated    0 dihedrals

| Duplicated    0 dihedrals

--------------------------------------------------------------------------------
   1.  RESOURCE   USE: 
--------------------------------------------------------------------------------

 getting box info from netcdf restart file
 NATOM  =    3240 NTYPES =      13 NBONH =    3220 MBONA  =      21
 NTHETH =      33 MTHETA =      29 NPHIH =      60 MPHIA  =      45
 NHPARM =       0 NPARM  =       0 NNB   =    4456 NRES   =    1069
 NBONA  =      21 NTHETA =      29 NPHIA =      45 NUMBND =      22
 NUMANG =      35 NPTRA  =      18 NATYP =      17 NPHB   =       0
 IFBOX  =       2 NMXRS  =      36 IFCAP =       0 NEXTRA =       0
 NCOPY  =       0

| Coordinate Index Table dimensions:     5    5    5
| Direct force subcell size =     7.2402    7.2402    7.2402

     BOX TYPE: TRUNCATED OCTAHEDRON

--------------------------------------------------------------------------------
   2.  CONTROL  DATA  FOR  THE  RUN
--------------------------------------------------------------------------------

MON                                                                             

General flags:
     imin    =       0, nmropt  =       0

Nature and format of input:
     ntx     =       1, irest   =       0, ntrx    =       1

Nature and format of output:
     ntxo    =       2, ntpr    =     500, ntrx    =       1, ntwr    =   10000
     iwrap   =       1, ntwx    =     500, ntwv    =       0, ntwe    =       0
     ioutfm  =       1, ntwprt  =       0, idecomp =       0, rbornstat=      0

Potential function:
     ntf     =       2, ntb     =       1, igb     =       0, nsnb    =      25
     ipol    =       0, gbsa    =       0, iesp    =       0
     dielc   =   1.00000, cut     =  10.00000, intdiel =   1.00000

Frozen or restrained atoms:
     ibelly  =       0, ntr     =       1
     restraint_wt =  10.00000

Molecular dynamics:
     nstlim  =     10000, nscm    =         0, nrespa  =         1
     t       =   0.00000, dt      =   0.00200, vlimit  =  20.00000

Langevin dynamics temperature regulation:
     ig      =  635868
     temp0   = 298.00000, tempi   = 298.00000, gamma_ln=   1.00000

SHAKE:
     ntc     =       2, jfastw  =       0
     tol     =   0.00001

| Intermolecular bonds treatment:
|     no_intermolecular_bonds =       1

| Energy averages sample interval:
|     ene_avg_sampling =     500

Ewald parameters:
     verbose =       0, ew_type =       0, nbflag  =       1, use_pme =       1
     vdwmeth =       1, eedmeth =       1, netfrc  =       1
     Box X =   36.201   Box Y =   36.201   Box Z =   36.201
     Alpha =  109.471   Beta  =  109.471   Gamma =  109.471
     NFFT1 =   40       NFFT2 =   40       NFFT3 =   40
     Cutoff=   10.000   Tol   =0.100E-04
     Ewald Coefficient =  0.27511
     Interpolation order =    4

    LOADING THE CONSTRAINED ATOMS AS GROUPS


   5.  REFERENCE ATOM COORDINATES

  MON                                                                             
     Mask :1; matches    36 atoms

--------------------------------------------------------------------------------
   3.  ATOMIC COORDINATES AND VELOCITIES
--------------------------------------------------------------------------------

MON                                                                             
 begin time read from input coords =     0.000 ps

 
 Number of triangulated 3-point waters found:     1068

     Sum of charges from parm topology file =  -0.00200217
     Forcing neutrality...

| Dynamic Memory, Types Used:
| Reals              237795
| Integers            92714

| Nonbonded Pairs Initial Allocation:      980019

--------------------------------------------------------------------------------
   4.  RESULTS
--------------------------------------------------------------------------------

 ---------------------------------------------------
 APPROXIMATING switch and d/dx switch using CUBIC SPLINE INTERPOLATION
 using   5000.0 points per unit in tabled values
 TESTING RELATIVE ERROR over r ranging from 0.0 to cutoff
| CHECK switch(x): max rel err =   0.3316E-14   at   2.351880
| CHECK d/dx switch(x): max rel err =   0.8066E-11   at   2.747240
 ---------------------------------------------------
|---------------------------------------------------
| APPROXIMATING direct energy using CUBIC SPLINE INTERPOLATION
|  with   50.0 points per unit in tabled values
| Relative Error Limit not exceeded for r .gt.   2.34
| APPROXIMATING direct force using CUBIC SPLINE INTERPOLATION
|  with   50.0 points per unit in tabled values
| Relative Error Limit not exceeded for r .gt.   2.81
|---------------------------------------------------

 NSTEP =        0   TIME(PS) =       0.000  TEMP(K) =   444.55  PRESS =     0.0
 Etot   =    -14610.2248  EKtot   =      2871.0713  EPtot      =    -17481.2961
 BOND   =         0.6683  ANGLE   =         3.8813  DIHED      =         7.0884
 1-4 NB =        10.2573  1-4 EEL =      -246.6507  VDWAALS    =      3767.6537
 EELEC  =    -21024.1945  EHBOND  =         0.0000  RESTRAINT  =         0.0000
 Ewald error estimate:   0.1909E-03
 ------------------------------------------------------------------------------


 NSTEP =      500   TIME(PS) =       1.000  TEMP(K) =   242.44  PRESS =     0.0
 Etot   =    -11411.3612  EKtot   =      1565.7910  EPtot      =    -12977.1522
 BOND   =         6.2557  ANGLE   =        10.8264  DIHED      =         9.3317
 1-4 NB =        11.0991  1-4 EEL =      -246.8132  VDWAALS    =      2501.2572
 EELEC  =    -15273.9771  EHBOND  =         0.0000  RESTRAINT  =         4.8680
 EAMBER (non-restraint)  =    -12982.0202
 Ewald error estimate:   0.2565E-03
 ------------------------------------------------------------------------------


 NSTEP =     1000   TIME(PS) =       2.000  TEMP(K) =   273.90  PRESS =     0.0
 Etot   =    -10917.1266  EKtot   =      1768.9388  EPtot      =    -12686.0654
 BOND   =         2.4241  ANGLE   =        11.8397  DIHED      =        10.3041
 1-4 NB =        10.8476  1-4 EEL =      -245.4966  VDWAALS    =      2485.5780
 EELEC  =    -14970.6161  EHBOND  =         0.0000  RESTRAINT  =         9.0538
 EAMBER (non-restraint)  =    -12695.1192
 Ewald error estimate:   0.2175E-03
 ------------------------------------------------------------------------------


 NSTEP =     1500   TIME(PS) =       3.000  TEMP(K) =   282.55  PRESS =     0.0
 Etot   =    -10694.9130  EKtot   =      1824.8277  EPtot      =    -12519.7406
 BOND   =         6.4299  ANGLE   =        13.6483  DIHED      =        10.3652
 1-4 NB =        11.5419  1-4 EEL =      -245.9555  VDWAALS    =      2291.7060
 EELEC  =    -14615.1234  EHBOND  =         0.0000  RESTRAINT  =         7.6469
 EAMBER (non-restraint)  =    -12527.3875
 Ewald error estimate:   0.1172E-03
 ------------------------------------------------------------------------------


 NSTEP =     2000   TIME(PS) =       4.000  TEMP(K) =   293.86  PRESS =     0.0
 Etot   =    -10609.4341  EKtot   =      1897.8408  EPtot      =    -12507.2749
 BOND   =         4.9865  ANGLE   =        14.9520  DIHED      =         9.8974
 1-4 NB =        11.0166  1-4 EEL =      -244.6320  VDWAALS    =      2408.5193
 EELEC  =    -14721.0236  EHBOND  =         0.0000  RESTRAINT  =         9.0088
 EAMBER (non-restraint)  =    -12516.2838
 Ewald error estimate:   0.4579E-03
 ------------------------------------------------------------------------------


 NSTEP =     2500   TIME(PS) =       5.000  TEMP(K) =   295.73  PRESS =     0.0
 Etot   =    -10487.1037  EKtot   =      1909.9523  EPtot      =    -12397.0560
 BOND   =         4.6856  ANGLE   =        12.8813  DIHED      =        11.0883
 1-4 NB =        11.0019  1-4 EEL =      -248.1311  VDWAALS    =      2377.6452
 EELEC  =    -14573.2170  EHBOND  =         0.0000  RESTRAINT  =         6.9899
 EAMBER (non-restraint)  =    -12404.0459
 Ewald error estimate:   0.2980E-03
 ------------------------------------------------------------------------------


 NSTEP =     3000   TIME(PS) =       6.000  TEMP(K) =   288.32  PRESS =     0.0
 Etot   =    -10572.5272  EKtot   =      1862.1002  EPtot      =    -12434.6274
 BOND   =         5.2393  ANGLE   =        14.0109  DIHED      =        10.4972
 1-4 NB =         9.6766  1-4 EEL =      -246.5645  VDWAALS    =      2377.8264
 EELEC  =    -14611.0609  EHBOND  =         0.0000  RESTRAINT  =         5.7475
 EAMBER (non-restraint)  =    -12440.3749
 Ewald error estimate:   0.6923E-04
 ------------------------------------------------------------------------------


 NSTEP =     3500   TIME(PS) =       7.000  TEMP(K) =   292.05  PRESS =     0.0
 Etot   =    -10522.6137  EKtot   =      1886.1932  EPtot      =    -12408.8068
 BOND   =         5.8872  ANGLE   =        10.7290  DIHED      =        11.7480
 1-4 NB =        10.9520  1-4 EEL =      -246.9345  VDWAALS    =      2484.0585
 EELEC  =    -14690.5217  EHBOND  =         0.0000  RESTRAINT  =         5.2747
 EAMBER (non-restraint)  =    -12414.0815
 Ewald error estimate:   0.3646E-03
 ------------------------------------------------------------------------------


 NSTEP =     4000   TIME(PS) =       8.000  TEMP(K) =   292.94  PRESS =     0.0
 Etot   =    -10520.2049  EKtot   =      1891.8910  EPtot      =    -12412.0959
 BOND   =         5.1737  ANGLE   =        14.0416  DIHED      =        11.2634
 1-4 NB =        10.7423  1-4 EEL =      -248.4199  VDWAALS    =      2313.2560
 EELEC  =    -14525.3611  EHBOND  =         0.0000  RESTRAINT  =         7.2081
 EAMBER (non-restraint)  =    -12419.3040
 Ewald error estimate:   0.3496E-03
 ------------------------------------------------------------------------------


 NSTEP =     4500   TIME(PS) =       9.000  TEMP(K) =   292.96  PRESS =     0.0
 Etot   =    -10560.1408  EKtot   =      1892.0629  EPtot      =    -12452.2038
 BOND   =         6.9315  ANGLE   =        12.7883  DIHED      =         8.6225
 1-4 NB =        10.8792  1-4 EEL =      -248.4503  VDWAALS    =      2357.9303
 EELEC  =    -14610.0740  EHBOND  =         0.0000  RESTRAINT  =         9.1688
 EAMBER (non-restraint)  =    -12461.3725
 Ewald error estimate:   0.1694E-03
 ------------------------------------------------------------------------------


 NSTEP =     5000   TIME(PS) =      10.000  TEMP(K) =   295.27  PRESS =     0.0
 Etot   =    -10466.6550  EKtot   =      1906.9722  EPtot      =    -12373.6272
 BOND   =         7.5448  ANGLE   =        12.9016  DIHED      =        13.1225
 1-4 NB =        10.7427  1-4 EEL =      -246.8652  VDWAALS    =      2302.0143
 EELEC  =    -14479.9681  EHBOND  =         0.0000  RESTRAINT  =         6.8802
 EAMBER (non-restraint)  =    -12380.5074
 Ewald error estimate:   0.3096E-03
 ------------------------------------------------------------------------------


 NSTEP =     5500   TIME(PS) =      11.000  TEMP(K) =   299.79  PRESS =     0.0
 Etot   =    -10474.8548  EKtot   =      1936.1482  EPtot      =    -12411.0030
 BOND   =         9.2551  ANGLE   =        12.2816  DIHED      =        12.4241
 1-4 NB =        10.5572  1-4 EEL =      -245.4285  VDWAALS    =      2360.9882
 EELEC  =    -14576.5862  EHBOND  =         0.0000  RESTRAINT  =         5.5054
 EAMBER (non-restraint)  =    -12416.5084
 Ewald error estimate:   0.3415E-03
 ------------------------------------------------------------------------------


 NSTEP =     6000   TIME(PS) =      12.000  TEMP(K) =   296.64  PRESS =     0.0
 Etot   =    -10523.3783  EKtot   =      1915.8435  EPtot      =    -12439.2218
 BOND   =         3.5593  ANGLE   =        10.6789  DIHED      =        11.6537
 1-4 NB =         9.7968  1-4 EEL =      -245.0867  VDWAALS    =      2495.7253
 EELEC  =    -14732.4864  EHBOND  =         0.0000  RESTRAINT  =         6.9373
 EAMBER (non-restraint)  =    -12446.1590
 Ewald error estimate:   0.2911E-03
 ------------------------------------------------------------------------------


 NSTEP =     6500   TIME(PS) =      13.000  TEMP(K) =   292.30  PRESS =     0.0
 Etot   =    -10601.5750  EKtot   =      1887.7983  EPtot      =    -12489.3733
 BOND   =        10.2324  ANGLE   =        12.4484  DIHED      =        10.2798
 1-4 NB =         9.3298  1-4 EEL =      -248.8881  VDWAALS    =      2399.0894
 EELEC  =    -14688.0463  EHBOND  =         0.0000  RESTRAINT  =         6.1812
 EAMBER (non-restraint)  =    -12495.5545
 Ewald error estimate:   0.2427E-04
 ------------------------------------------------------------------------------


 NSTEP =     7000   TIME(PS) =      14.000  TEMP(K) =   284.32  PRESS =     0.0
 Etot   =    -10636.4483  EKtot   =      1836.2593  EPtot      =    -12472.7075
 BOND   =         7.1845  ANGLE   =        15.4944  DIHED      =         9.9042
 1-4 NB =        11.3909  1-4 EEL =      -248.4662  VDWAALS    =      2249.4929
 EELEC  =    -14523.3749  EHBOND  =         0.0000  RESTRAINT  =         5.6666
 EAMBER (non-restraint)  =    -12478.3741
 Ewald error estimate:   0.2329E-03
 ------------------------------------------------------------------------------


 NSTEP =     7500   TIME(PS) =      15.000  TEMP(K) =   297.08  PRESS =     0.0
 Etot   =    -10544.7528  EKtot   =      1918.6424  EPtot      =    -12463.3952
 BOND   =         5.7523  ANGLE   =        10.0511  DIHED      =         7.6484
 1-4 NB =        12.6530  1-4 EEL =      -248.6883  VDWAALS    =      2374.6021
 EELEC  =    -14632.9432  EHBOND  =         0.0000  RESTRAINT  =         7.5293
 EAMBER (non-restraint)  =    -12470.9245
 Ewald error estimate:   0.9445E-04
 ------------------------------------------------------------------------------


 NSTEP =     8000   TIME(PS) =      16.000  TEMP(K) =   301.64  PRESS =     0.0
 Etot   =    -10475.1857  EKtot   =      1948.1063  EPtot      =    -12423.2920
 BOND   =         7.7948  ANGLE   =        16.0846  DIHED      =         9.6001
 1-4 NB =        10.8870  1-4 EEL =      -246.9457  VDWAALS    =      2279.0842
 EELEC  =    -14507.6731  EHBOND  =         0.0000  RESTRAINT  =         7.8761
 EAMBER (non-restraint)  =    -12431.1680
 Ewald error estimate:   0.6591E-04
 ------------------------------------------------------------------------------


 NSTEP =     8500   TIME(PS) =      17.000  TEMP(K) =   301.27  PRESS =     0.0
 Etot   =    -10486.8998  EKtot   =      1945.7300  EPtot      =    -12432.6298
 BOND   =         4.0358  ANGLE   =        13.0147  DIHED      =        11.6753
 1-4 NB =        11.5212  1-4 EEL =      -247.7734  VDWAALS    =      2235.8143
 EELEC  =    -14469.1274  EHBOND  =         0.0000  RESTRAINT  =         8.2099
 EAMBER (non-restraint)  =    -12440.8396
 Ewald error estimate:   0.5403E-03
 ------------------------------------------------------------------------------


 NSTEP =     9000   TIME(PS) =      18.000  TEMP(K) =   299.86  PRESS =     0.0
 Etot   =    -10488.5361  EKtot   =      1936.5833  EPtot      =    -12425.1194
 BOND   =         7.2732  ANGLE   =         9.2036  DIHED      =         9.8146
 1-4 NB =        10.0073  1-4 EEL =      -244.9260  VDWAALS    =      2207.1239
 EELEC  =    -14429.9459  EHBOND  =         0.0000  RESTRAINT  =         6.3299
 EAMBER (non-restraint)  =    -12431.4493
 Ewald error estimate:   0.4198E-04
 ------------------------------------------------------------------------------


 NSTEP =     9500   TIME(PS) =      19.000  TEMP(K) =   298.67  PRESS =     0.0
 Etot   =    -10446.2290  EKtot   =      1928.9112  EPtot      =    -12375.1402
 BOND   =         8.9894  ANGLE   =        13.3566  DIHED      =        10.3531
 1-4 NB =         9.1468  1-4 EEL =      -246.6660  VDWAALS    =      2347.6856
 EELEC  =    -14527.8098  EHBOND  =         0.0000  RESTRAINT  =         9.8042
 EAMBER (non-restraint)  =    -12384.9444
 Ewald error estimate:   0.7194E-04
 ------------------------------------------------------------------------------


 NSTEP =    10000   TIME(PS) =      20.000  TEMP(K) =   292.05  PRESS =     0.0
 Etot   =    -10474.6862  EKtot   =      1886.1462  EPtot      =    -12360.8325
 BOND   =         7.8535  ANGLE   =        15.0025  DIHED      =        10.3927
 1-4 NB =         9.2694  1-4 EEL =      -246.0077  VDWAALS    =      2264.9979
 EELEC  =    -14431.0035  EHBOND  =         0.0000  RESTRAINT  =         8.6627
 EAMBER (non-restraint)  =    -12369.4952
 Ewald error estimate:   0.1433E-03
 ------------------------------------------------------------------------------


      A V E R A G E S   O V E R      20 S T E P S


 NSTEP =    10000   TIME(PS) =      20.000  TEMP(K) =   290.68  PRESS =     0.0
 Etot   =    -10595.7313  EKtot   =      1877.3369  EPtot      =    -12473.0682
 BOND   =         6.3744  ANGLE   =        12.8118  DIHED      =        10.4993
 1-4 NB =        10.6530  1-4 EEL =      -246.8570  VDWAALS    =      2355.7198
 EELEC  =    -14629.4970  EHBOND  =         0.0000  RESTRAINT  =         7.2275
 EAMBER (non-restraint)  =    -12480.2957
 Ewald error estimate:   0.2229E-03
 ------------------------------------------------------------------------------


      R M S  F L U C T U A T I O N S


 NSTEP =    10000   TIME(PS) =      20.000  TEMP(K) =    12.91  PRESS =     0.0
 Etot   =       214.3472  EKtot   =        83.3810  EPtot      =       134.5733
 BOND   =         1.9303  ANGLE   =         1.8182  DIHED      =         1.2437
 1-4 NB =         0.8613  1-4 EEL =         1.3208  VDWAALS    =        86.8445
 EELEC  =       192.2681  EHBOND  =         0.0000  RESTRAINT  =         1.4100
 EAMBER (non-restraint)  =       133.1632
 Ewald error estimate:   0.1424E-03
 ------------------------------------------------------------------------------

--------------------------------------------------------------------------------
   5.  TIMINGS
--------------------------------------------------------------------------------

|  NonSetup CPU Time in Major Routines:
|
|     Routine           Sec        %
|     ------------------------------
|     Nonbond         115.46   95.29
|     Bond              0.05    0.04
|     Angle             0.07    0.05
|     Dihedral          0.14    0.11
|     Shake             0.80    0.66
|     RunMD             4.58    3.78
|     Other             0.07    0.06
|     ------------------------------
|     Total           121.17

|  PME Nonbond Pairlist CPU Time:
|
|     Routine              Sec        %
|     ---------------------------------
|     Set Up Cit           0.14    0.11
|     Build List          29.05   23.97
|     ---------------------------------
|     Total               29.18   24.08

|  PME Direct Force CPU Time:
|
|     Routine              Sec        %
|     ---------------------------------
|     NonBonded Calc      65.31   53.90
|     Exclude Masked       0.84    0.69
|     Other                0.69    0.57
|     ---------------------------------
|     Total               66.84   55.16

|  PME Reciprocal Force CPU Time:
|
|     Routine              Sec        %
|     ---------------------------------
|     1D bspline           1.25    1.03
|     Grid Charges         1.64    1.35
|     Scalar Sum           1.27    1.04
|     Gradient Sum         2.06    1.70
|     FFT                 13.32   10.99
|     ---------------------------------
|     Total               19.53   16.12

|  Final Performance Info:
|     -----------------------------------------------------
|     Average timings for last     500 steps:
|     Elapsed(s) =       7.14 Per Step(ms) =      14.29
|         ns/day =      12.10   seconds/ns =    7142.99
|
|     Average timings for all steps:
|     Elapsed(s) =     136.79 Per Step(ms) =      13.68
|         ns/day =      12.63   seconds/ns =    6839.29
|     -----------------------------------------------------

|  Setup CPU time:            0.02 seconds
|  NonSetup CPU time:       121.17 seconds
|  Total CPU time:          121.19 seconds     0.03 hours

|  Setup wall time:           1    seconds
|  NonSetup wall time:      137    seconds
|  Total wall time:         138    seconds     0.04 hours
