
          -------------------------------------------------------
          Amber 18 PMEMD                              2018
          -------------------------------------------------------

| PMEMD implementation of SANDER, Release 18

| Run on 03/09/2022 at 00:53:09

|   Executable path: pmemd.MPI
| Working directory: /bgfs/lchong/dty7/ff15ipq-lig/charges/v00/GenConformers/Conf13
|          Hostname: smp-n123

  [-O]verwriting output

File Assignments:
|   MDIN: ../../../amber/6.2_eq1.in                                             
|  MDOUT: 6.2_eq1.out                                                           
| INPCRD: 6.1_min.rst                                                           
|   PARM: ../../mon.top                                                         
| RESTRT: 6.2_eq1.rst                                                           
|   REFC: 6.1_min.rst                                                           
|  MDVEL: mdvel                                                                 
|   MDEN: mden                                                                  
|  MDCRD: mdcrd                                                                 
| MDINFO: mdinfo                                                                
|LOGFILE: logfile                                                               
|  MDFRC: mdfrc                                                                 

 
 Here is the input file:
 
&cntrl                                                                         
  imin      = 0,                                                               
  irest     = 0,                                                               
  ntx       = 1,                                                               
  ig        = -1,                                                              
  dt        = 0.002,                                                           
  nstlim    = 10000,                                                           
  nscm      = 500,                                                             
  ntr       = 1,                                                               
  restraintmask = ':1',                                                        
  restraint_wt  = 10.0,                                                        
  ntb       = 1,                                                               
  ntp       = 0,                                                               
  ntt       = 3,                                                               
  tempi     = 298.0,                                                           
  temp0     = 298.0,                                                           
  gamma_ln  = 1.0,                                                             
  ntf       = 2,                                                               
  ntc       = 2,                                                               
  cut       = 10.0,                                                            
  ntpr      = 500,                                                             
  ntxo      = 2,                                                               
  ntwr      = 10000,                                                           
  ioutfm    = 1,                                                               
  ntwx      = 500,                                                             
  iwrap     = 1,                                                               
&end                                                                           


Note: ig = -1. Setting random seed to   258973 based on wallclock time in
      microseconds and disabling the synchronization of random numbers 
      between tasks to improve performance.
| irandom = 1, using AMBER's internal random number generator (default).
 
 
| Conditional Compilation Defines Used:
| MPI
| FFTW_FFT
| BINTRAJ
| MKL
| EMIL
 
| Largest sphere to fit in unit cell has radius =    14.726

| New format PARM file being parsed.
| Version =    1.000 Date = 03/08/22 Time = 18:50:46

| Note: 1-4 EEL scale factors are being read from the topology file.

| Note: 1-4 VDW scale factors are being read from the topology file.
| Duplicated    0 dihedrals

| Duplicated    0 dihedrals

--------------------------------------------------------------------------------
   1.  RESOURCE   USE: 
--------------------------------------------------------------------------------

 getting box info from netcdf restart file
 NATOM  =    3240 NTYPES =      14 NBONH =    3220 MBONA  =      21
 NTHETH =      33 MTHETA =      29 NPHIH =      58 MPHIA  =      46
 NHPARM =       0 NPARM  =       0 NNB   =    4456 NRES   =    1069
 NBONA  =      21 NTHETA =      29 NPHIA =      46 NUMBND =      22
 NUMANG =      35 NPTRA  =      22 NATYP =      17 NPHB   =       1
 IFBOX  =       2 NMXRS  =      36 IFCAP =       0 NEXTRA =       0
 NCOPY  =       0

| Coordinate Index Table dimensions:     5    5    5
| Direct force subcell size =     7.2145    7.2145    7.2145

     BOX TYPE: TRUNCATED OCTAHEDRON

--------------------------------------------------------------------------------
   2.  CONTROL  DATA  FOR  THE  RUN
--------------------------------------------------------------------------------

MON                                                                             

General flags:
     imin    =       0, nmropt  =       0

Nature and format of input:
     ntx     =       1, irest   =       0, ntrx    =       1

Nature and format of output:
     ntxo    =       2, ntpr    =     500, ntrx    =       1, ntwr    =   10000
     iwrap   =       1, ntwx    =     500, ntwv    =       0, ntwe    =       0
     ioutfm  =       1, ntwprt  =       0, idecomp =       0, rbornstat=      0

Potential function:
     ntf     =       2, ntb     =       1, igb     =       0, nsnb    =      25
     ipol    =       0, gbsa    =       0, iesp    =       0
     dielc   =   1.00000, cut     =  10.00000, intdiel =   1.00000

Frozen or restrained atoms:
     ibelly  =       0, ntr     =       1
     restraint_wt =  10.00000

Molecular dynamics:
     nstlim  =     10000, nscm    =         0, nrespa  =         1
     t       =   0.00000, dt      =   0.00200, vlimit  =  20.00000

Langevin dynamics temperature regulation:
     ig      =  258973
     temp0   = 298.00000, tempi   = 298.00000, gamma_ln=   1.00000

SHAKE:
     ntc     =       2, jfastw  =       0
     tol     =   0.00001

| Intermolecular bonds treatment:
|     no_intermolecular_bonds =       1

| Energy averages sample interval:
|     ene_avg_sampling =     500

Ewald parameters:
     verbose =       0, ew_type =       0, nbflag  =       1, use_pme =       1
     vdwmeth =       1, eedmeth =       1, netfrc  =       1
     Box X =   36.072   Box Y =   36.072   Box Z =   36.072
     Alpha =  109.471   Beta  =  109.471   Gamma =  109.471
     NFFT1 =   40       NFFT2 =   40       NFFT3 =   40
     Cutoff=   10.000   Tol   =0.100E-04
     Ewald Coefficient =  0.27511
     Interpolation order =    4

| PMEMD ewald parallel performance parameters:
|     block_fft =    0
|     fft_blk_y_divisor =    2
|     excl_recip =    0
|     excl_master =    0
|     atm_redist_freq =  320

    LOADING THE CONSTRAINED ATOMS AS GROUPS


   5.  REFERENCE ATOM COORDINATES

  MON                                                                             
     Mask :1; matches    36 atoms

--------------------------------------------------------------------------------
   3.  ATOMIC COORDINATES AND VELOCITIES
--------------------------------------------------------------------------------

MON                                                                             
 begin time read from input coords =     0.000 ps

 
 Number of triangulated 3-point waters found:     1068

     Sum of charges from parm topology file =  -0.00200217
     Forcing neutrality...

| Dynamic Memory, Types Used:
| Reals             1198095
| Integers           209519

| Nonbonded Pairs Initial Allocation:      317358

| Running AMBER/MPI version on    8 MPI task

 
--------------------------------------------------------------------------------
   4.  RESULTS
--------------------------------------------------------------------------------

 ---------------------------------------------------
 APPROXIMATING switch and d/dx switch using CUBIC SPLINE INTERPOLATION
 using   5000.0 points per unit in tabled values
 TESTING RELATIVE ERROR over r ranging from 0.0 to cutoff
| CHECK switch(x): max rel err =   0.3316E-14   at   2.351880
| CHECK d/dx switch(x): max rel err =   0.8066E-11   at   2.747240
 ---------------------------------------------------
|---------------------------------------------------
| APPROXIMATING direct energy using CUBIC SPLINE INTERPOLATION
|  with   50.0 points per unit in tabled values
| Relative Error Limit not exceeded for r .gt.   2.34
| APPROXIMATING direct force using CUBIC SPLINE INTERPOLATION
|  with   50.0 points per unit in tabled values
| Relative Error Limit not exceeded for r .gt.   2.81
|---------------------------------------------------

 NSTEP =        0   TIME(PS) =       0.000  TEMP(K) =   448.34  PRESS =     0.0
 Etot   =    -14636.9294  EKtot   =      2895.5204  EPtot      =    -17532.4498
 BOND   =         1.1035  ANGLE   =         6.8029  DIHED      =        14.6478
 1-4 NB =        11.3079  1-4 EEL =      -247.4013  VDWAALS    =      3719.6632
 EELEC  =    -21038.5738  EHBOND  =         0.0000  RESTRAINT  =         0.0000
 Ewald error estimate:   0.2294E-03
 ------------------------------------------------------------------------------

wrapping first mol.:       36.07231        0.00000        0.00000

 NSTEP =      500   TIME(PS) =       1.000  TEMP(K) =   242.85  PRESS =     0.0
 Etot   =    -11390.5223  EKtot   =      1568.4156  EPtot      =    -12958.9379
 BOND   =         6.4102  ANGLE   =        13.3551  DIHED      =        13.5952
 1-4 NB =        12.1280  1-4 EEL =      -247.4395  VDWAALS    =      2561.9611
 EELEC  =    -15325.7378  EHBOND  =         0.0000  RESTRAINT  =         6.7898
 EAMBER (non-restraint)  =    -12965.7277
 Ewald error estimate:   0.9259E-05
 ------------------------------------------------------------------------------

wrapping first mol.:       36.07231        0.00000        0.00000

 NSTEP =     1000   TIME(PS) =       2.000  TEMP(K) =   270.23  PRESS =     0.0
 Etot   =    -10933.6027  EKtot   =      1745.2248  EPtot      =    -12678.8274
 BOND   =         4.5465  ANGLE   =        12.1872  DIHED      =        16.9108
 1-4 NB =        11.7591  1-4 EEL =      -247.4028  VDWAALS    =      2485.3121
 EELEC  =    -14968.7732  EHBOND  =         0.0000  RESTRAINT  =         6.6328
 EAMBER (non-restraint)  =    -12685.4602
 Ewald error estimate:   0.8034E-04
 ------------------------------------------------------------------------------

wrapping first mol.:       36.07231        0.00000        0.00000

 NSTEP =     1500   TIME(PS) =       3.000  TEMP(K) =   285.86  PRESS =     0.0
 Etot   =    -10771.9648  EKtot   =      1846.1967  EPtot      =    -12618.1614
 BOND   =         6.6837  ANGLE   =        14.2638  DIHED      =        18.5107
 1-4 NB =        11.7014  1-4 EEL =      -248.2115  VDWAALS    =      2385.1777
 EELEC  =    -14819.0025  EHBOND  =         0.0000  RESTRAINT  =        12.7153
 EAMBER (non-restraint)  =    -12630.8767
 Ewald error estimate:   0.3392E-03
 ------------------------------------------------------------------------------

wrapping first mol.:       36.07231        0.00000        0.00000

 NSTEP =     2000   TIME(PS) =       4.000  TEMP(K) =   286.69  PRESS =     0.0
 Etot   =    -10651.7650  EKtot   =      1851.5656  EPtot      =    -12503.3306
 BOND   =         4.7778  ANGLE   =        15.3485  DIHED      =        20.0782
 1-4 NB =        10.8030  1-4 EEL =      -245.8238  VDWAALS    =      2375.2373
 EELEC  =    -14689.5883  EHBOND  =         0.0000  RESTRAINT  =         5.8368
 EAMBER (non-restraint)  =    -12509.1674
 Ewald error estimate:   0.1007E-03
 ------------------------------------------------------------------------------

wrapping first mol.:       36.07231        0.00000        0.00000

 NSTEP =     2500   TIME(PS) =       5.000  TEMP(K) =   287.98  PRESS =     0.0
 Etot   =    -10664.9230  EKtot   =      1859.8616  EPtot      =    -12524.7845
 BOND   =         7.3205  ANGLE   =        18.0092  DIHED      =        16.3216
 1-4 NB =        11.3824  1-4 EEL =      -245.0032  VDWAALS    =      2294.0080
 EELEC  =    -14631.7431  EHBOND  =         0.0000  RESTRAINT  =         4.9201
 EAMBER (non-restraint)  =    -12529.7046
 Ewald error estimate:   0.4773E-03
 ------------------------------------------------------------------------------

wrapping first mol.:       36.07231        0.00000        0.00000

 NSTEP =     3000   TIME(PS) =       6.000  TEMP(K) =   295.76  PRESS =     0.0
 Etot   =    -10583.1882  EKtot   =      1910.1130  EPtot      =    -12493.3012
 BOND   =         5.7659  ANGLE   =        11.6911  DIHED      =        16.3141
 1-4 NB =        12.3066  1-4 EEL =      -246.1445  VDWAALS    =      2411.2151
 EELEC  =    -14715.2851  EHBOND  =         0.0000  RESTRAINT  =        10.8355
 EAMBER (non-restraint)  =    -12504.1367
 Ewald error estimate:   0.3801E-03
 ------------------------------------------------------------------------------

wrapping first mol.:       36.07231        0.00000        0.00000

 NSTEP =     3500   TIME(PS) =       7.000  TEMP(K) =   292.79  PRESS =     0.0
 Etot   =    -10534.3087  EKtot   =      1890.9772  EPtot      =    -12425.2859
 BOND   =         8.4928  ANGLE   =        19.7827  DIHED      =        14.6550
 1-4 NB =        10.5714  1-4 EEL =      -246.1628  VDWAALS    =      2425.8283
 EELEC  =    -14666.3760  EHBOND  =         0.0000  RESTRAINT  =         7.9226
 EAMBER (non-restraint)  =    -12433.2085
 Ewald error estimate:   0.2136E-03
 ------------------------------------------------------------------------------

wrapping first mol.:       36.07231        0.00000        0.00000

 NSTEP =     4000   TIME(PS) =       8.000  TEMP(K) =   299.08  PRESS =     0.0
 Etot   =    -10464.6272  EKtot   =      1931.5846  EPtot      =    -12396.2118
 BOND   =        12.1222  ANGLE   =        11.9702  DIHED      =        15.6048
 1-4 NB =        12.4377  1-4 EEL =      -247.7596  VDWAALS    =      2293.0264
 EELEC  =    -14502.1727  EHBOND  =         0.0000  RESTRAINT  =         8.5591
 EAMBER (non-restraint)  =    -12404.7709
 Ewald error estimate:   0.1277E-03
 ------------------------------------------------------------------------------

wrapping first mol.:       36.07231        0.00000        0.00000

 NSTEP =     4500   TIME(PS) =       9.000  TEMP(K) =   290.96  PRESS =     0.0
 Etot   =    -10425.7997  EKtot   =      1879.1383  EPtot      =    -12304.9380
 BOND   =         5.5913  ANGLE   =        17.7185  DIHED      =        15.9389
 1-4 NB =        11.4693  1-4 EEL =      -246.4141  VDWAALS    =      2357.6065
 EELEC  =    -14475.8358  EHBOND  =         0.0000  RESTRAINT  =         8.9872
 EAMBER (non-restraint)  =    -12313.9253
 Ewald error estimate:   0.2367E-03
 ------------------------------------------------------------------------------

wrapping first mol.:       36.07231        0.00000        0.00000

 NSTEP =     5000   TIME(PS) =      10.000  TEMP(K) =   298.18  PRESS =     0.0
 Etot   =    -10448.5500  EKtot   =      1925.7422  EPtot      =    -12374.2922
 BOND   =         6.9124  ANGLE   =        14.5459  DIHED      =        13.3133
 1-4 NB =        11.6644  1-4 EEL =      -246.2414  VDWAALS    =      2307.0245
 EELEC  =    -14488.1319  EHBOND  =         0.0000  RESTRAINT  =         6.6206
 EAMBER (non-restraint)  =    -12380.9129
 Ewald error estimate:   0.2193E-03
 ------------------------------------------------------------------------------

wrapping first mol.:       36.07231        0.00000        0.00000

 NSTEP =     5500   TIME(PS) =      11.000  TEMP(K) =   283.53  PRESS =     0.0
 Etot   =    -10530.4041  EKtot   =      1831.1420  EPtot      =    -12361.5461
 BOND   =         7.0673  ANGLE   =        14.4440  DIHED      =        16.7393
 1-4 NB =        13.0404  1-4 EEL =      -247.6106  VDWAALS    =      2206.9546
 EELEC  =    -14378.1641  EHBOND  =         0.0000  RESTRAINT  =         5.9830
 EAMBER (non-restraint)  =    -12367.5291
 Ewald error estimate:   0.1578E-03
 ------------------------------------------------------------------------------

wrapping first mol.:       36.07231        0.00000        0.00000

 NSTEP =     6000   TIME(PS) =      12.000  TEMP(K) =   294.29  PRESS =     0.0
 Etot   =    -10475.5759  EKtot   =      1900.6145  EPtot      =    -12376.1904
 BOND   =         6.5722  ANGLE   =        16.8398  DIHED      =        20.5839
 1-4 NB =        11.6207  1-4 EEL =      -246.4915  VDWAALS    =      2333.6495
 EELEC  =    -14529.3651  EHBOND  =         0.0000  RESTRAINT  =        10.4001
 EAMBER (non-restraint)  =    -12386.5905
 Ewald error estimate:   0.2004E-04
 ------------------------------------------------------------------------------

wrapping first mol.:       36.07231        0.00000        0.00000

 NSTEP =     6500   TIME(PS) =      13.000  TEMP(K) =   296.09  PRESS =     0.0
 Etot   =    -10481.7290  EKtot   =      1912.2428  EPtot      =    -12393.9717
 BOND   =         9.1013  ANGLE   =        17.3132  DIHED      =        17.5889
 1-4 NB =        12.3369  1-4 EEL =      -246.6275  VDWAALS    =      2291.7941
 EELEC  =    -14503.6654  EHBOND  =         0.0000  RESTRAINT  =         8.1866
 EAMBER (non-restraint)  =    -12402.1584
 Ewald error estimate:   0.9062E-04
 ------------------------------------------------------------------------------

wrapping first mol.:       36.07231        0.00000        0.00000

 NSTEP =     7000   TIME(PS) =      14.000  TEMP(K) =   301.18  PRESS =     0.0
 Etot   =    -10305.9791  EKtot   =      1945.1574  EPtot      =    -12251.1366
 BOND   =         7.4538  ANGLE   =        15.1709  DIHED      =        20.0974
 1-4 NB =        12.4298  1-4 EEL =      -248.0360  VDWAALS    =      2268.6552
 EELEC  =    -14334.7881  EHBOND  =         0.0000  RESTRAINT  =         7.8805
 EAMBER (non-restraint)  =    -12259.0170
 Ewald error estimate:   0.1039E-03
 ------------------------------------------------------------------------------

wrapping first mol.:       36.07231        0.00000        0.00000

 NSTEP =     7500   TIME(PS) =      15.000  TEMP(K) =   306.70  PRESS =     0.0
 Etot   =    -10299.4259  EKtot   =      1980.7684  EPtot      =    -12280.1942
 BOND   =        10.0735  ANGLE   =        14.4952  DIHED      =        14.2790
 1-4 NB =        11.9951  1-4 EEL =      -248.6235  VDWAALS    =      2198.9052
 EELEC  =    -14288.3933  EHBOND  =         0.0000  RESTRAINT  =         7.0745
 EAMBER (non-restraint)  =    -12287.2687
 Ewald error estimate:   0.1311E-04
 ------------------------------------------------------------------------------

wrapping first mol.:       36.07231        0.00000        0.00000

 NSTEP =     8000   TIME(PS) =      16.000  TEMP(K) =   296.90  PRESS =     0.0
 Etot   =    -10330.8728  EKtot   =      1917.4962  EPtot      =    -12248.3690
 BOND   =         5.8977  ANGLE   =        15.9708  DIHED      =        16.9064
 1-4 NB =        11.7852  1-4 EEL =      -245.6863  VDWAALS    =      2165.1611
 EELEC  =    -14226.1024  EHBOND  =         0.0000  RESTRAINT  =         7.6986
 EAMBER (non-restraint)  =    -12256.0676
 Ewald error estimate:   0.8695E-04
 ------------------------------------------------------------------------------

wrapping first mol.:       36.07231        0.00000        0.00000

 NSTEP =     8500   TIME(PS) =      17.000  TEMP(K) =   301.33  PRESS =     0.0
 Etot   =    -10403.3295  EKtot   =      1946.1250  EPtot      =    -12349.4545
 BOND   =         6.9651  ANGLE   =        12.1720  DIHED      =        17.7687
 1-4 NB =         9.9753  1-4 EEL =      -244.7544  VDWAALS    =      2260.5264
 EELEC  =    -14420.3962  EHBOND  =         0.0000  RESTRAINT  =         8.2886
 EAMBER (non-restraint)  =    -12357.7431
 Ewald error estimate:   0.6851E-04
 ------------------------------------------------------------------------------

wrapping first mol.:       36.07231        0.00000        0.00000

 NSTEP =     9000   TIME(PS) =      18.000  TEMP(K) =   299.03  PRESS =     0.0
 Etot   =    -10446.7963  EKtot   =      1931.2327  EPtot      =    -12378.0290
 BOND   =         7.5598  ANGLE   =        15.6216  DIHED      =        15.4599
 1-4 NB =        11.4095  1-4 EEL =      -245.6849  VDWAALS    =      2313.6911
 EELEC  =    -14503.5966  EHBOND  =         0.0000  RESTRAINT  =         7.5105
 EAMBER (non-restraint)  =    -12385.5394
 Ewald error estimate:   0.3751E-03
 ------------------------------------------------------------------------------

wrapping first mol.:       36.07231        0.00000        0.00000

 NSTEP =     9500   TIME(PS) =      19.000  TEMP(K) =   289.66  PRESS =     0.0
 Etot   =    -10537.7585  EKtot   =      1870.7599  EPtot      =    -12408.5185
 BOND   =         5.6190  ANGLE   =        26.3746  DIHED      =        20.4001
 1-4 NB =        12.4478  1-4 EEL =      -249.0993  VDWAALS    =      2349.6709
 EELEC  =    -14581.8420  EHBOND  =         0.0000  RESTRAINT  =         7.9104
 EAMBER (non-restraint)  =    -12416.4288
 Ewald error estimate:   0.1122E-03
 ------------------------------------------------------------------------------

wrapping first mol.:       36.07231        0.00000        0.00000
wrapping first mol.:       36.07231        0.00000        0.00000

 NSTEP =    10000   TIME(PS) =      20.000  TEMP(K) =   300.63  PRESS =     0.0
 Etot   =    -10460.5942  EKtot   =      1941.5986  EPtot      =    -12402.1928
 BOND   =         5.1366  ANGLE   =        18.1862  DIHED      =        18.0498
 1-4 NB =        10.7107  1-4 EEL =      -244.6188  VDWAALS    =      2343.0726
 EELEC  =    -14560.4420  EHBOND  =         0.0000  RESTRAINT  =         7.7120
 EAMBER (non-restraint)  =    -12409.9048
 Ewald error estimate:   0.7725E-04
 ------------------------------------------------------------------------------


      A V E R A G E S   O V E R      20 S T E P S


 NSTEP =    10000   TIME(PS) =      20.000  TEMP(K) =   290.99  PRESS =     0.0
 Etot   =    -10557.0858  EKtot   =      1879.2978  EPtot      =    -12436.3837
 BOND   =         7.0035  ANGLE   =        15.7730  DIHED      =        16.9558
 1-4 NB =        11.6987  1-4 EEL =      -246.6918  VDWAALS    =      2331.4239
 EELEC  =    -14580.4701  EHBOND  =         0.0000  RESTRAINT  =         7.9232
 EAMBER (non-restraint)  =    -12444.3069
 Ewald error estimate:   0.1645E-03
 ------------------------------------------------------------------------------


      R M S  F L U C T U A T I O N S


 NSTEP =    10000   TIME(PS) =      20.000  TEMP(K) =    13.58  PRESS =     0.0
 Etot   =       243.0073  EKtot   =        87.7245  EPtot      =       161.4439
 BOND   =         1.7980  ANGLE   =         3.2952  DIHED      =         2.1483
 1-4 NB =         0.7337  1-4 EEL =         1.2505  VDWAALS    =        93.0307
 EELEC  =       243.0449  EHBOND  =         0.0000  RESTRAINT  =         1.7620
 EAMBER (non-restraint)  =       159.6820
 Ewald error estimate:   0.1313E-03
 ------------------------------------------------------------------------------

--------------------------------------------------------------------------------
   5.  TIMINGS
--------------------------------------------------------------------------------

|  NonSetup CPU Time in Major Routines, Average for All Tasks:
|
|     Routine           Sec        %
|     ------------------------------
|     DataDistrib       1.94   10.17
|     Nonbond          16.02   83.95
|     Bond              0.03    0.14
|     Angle             0.03    0.17
|     Dihedral          0.05    0.24
|     Shake             0.13    0.66
|     RunMD             0.86    4.52
|     Other             0.03    0.14
|     ------------------------------
|     Total            19.08

|  PME Nonbond Pairlist CPU Time, Average for All Tasks:
|
|     Routine              Sec        %
|     ---------------------------------
|     Set Up Cit           0.06    0.30
|     Build List           1.94   10.17
|     ---------------------------------
|     Total                2.00   10.46

|  PME Direct Force CPU Time, Average for All Tasks:
|
|     Routine              Sec        %
|     ---------------------------------
|     NonBonded Calc      10.75   56.31
|     Exclude Masked       0.13    0.70
|     Other                0.49    2.54
|     ---------------------------------
|     Total               11.37   59.56

|  PME Reciprocal Force CPU Time, Average for All Tasks:
|
|     Routine              Sec        %
|     ---------------------------------
|     1D bspline           0.22    1.16
|     Grid Charges         0.24    1.26
|     Scalar Sum           0.22    1.15
|     Gradient Sum         0.42    2.20
|     FFT                  1.50    7.84
|     ---------------------------------
|     Total                2.60   13.62

|  PME Load Balancing CPU Time, Average for All Tasks:
|
|     Routine                 Sec        %
|     ------------------------------------
|     Atom Reassign           0.00    0.00
|     Image Reassign          0.00    0.00
|     FFT Reassign            0.00    0.00
|     ------------------------------------
|     Total                   0.00    0.01

|  Final Performance Info:
|     -----------------------------------------------------
|     Average timings for last   10000 steps:
|     Elapsed(s) =      19.11 Per Step(ms) =       1.91
|         ns/day =      90.45   seconds/ns =     955.25
|
|     Average timings for all steps:
|     Elapsed(s) =      19.11 Per Step(ms) =       1.91
|         ns/day =      90.45   seconds/ns =     955.25
|     -----------------------------------------------------

|  Master Setup CPU time:            0.03 seconds
|  Master NonSetup CPU time:        19.06 seconds
|  Master Total CPU time:           19.09 seconds     0.01 hours

|  Master Setup wall time:           0    seconds
|  Master NonSetup wall time:       19    seconds
|  Master Total wall time:          19    seconds     0.01 hours
