            --------------------------------------------------------
                             AMBER SQM VERSION 19
 
                                     By
              Ross C. Walker, Michael F. Crowley, Scott Brozell,
                         Tim Giese, Andreas W. Goetz,
                        Tai-Sung Lee and David A. Case
 
            --------------------------------------------------------
 

--------------------------------------------------------------------------------
  QM CALCULATION INFO
--------------------------------------------------------------------------------

| QMMM: Citation for AMBER QMMM Run:
| QMMM: R.C. Walker, M.F. Crowley and D.A. Case, J. COMP. CHEM. 29:1019, 2008

QMMM: SINGLET STATE CALCULATION
QMMM: RHF CALCULATION, NO. OF DOUBLY OCCUPIED LEVELS = 53

| QMMM: *** Selected Hamiltonian *** 
| QMMM: AM1         

| QMMM: *** Parameter sets in use ***
| QMMM: C : M.J.S.DEWAR et al. JACS, 107, 3902, (1985)
| QMMM: O : M.J.S.DEWAR et al. JACS, 107, 3902, (1985)
| QMMM: N : M.J.S.DEWAR et al. JACS, 107, 3902, (1985)
| QMMM: S : M.J.S.DEWAR et al. INORG. CHEM., 29, 3881, (1990)
| QMMM: H : M.J.S.DEWAR et al. JACS, 107, 3902, (1985)

| QMMM: *** SCF convergence criteria ***
| QMMM: Energy change                :  0.1D-09 kcal/mol
| QMMM: Error matrix |FP-PF|         :  0.1D+00 au
| QMMM: Density matrix change        :  0.5D-06
| QMMM: Maximum number of SCF cycles :     1000
 
| QMMM: *** Diagonalization Routine Information ***
| QMMM: Pseudo diagonalizations are allowed.
| QMMM: Auto diagonalization routine selection is in use.
| QMMM:
| QMMM: Timing diagonalization routines:
| QMMM:                              norbs =       96
| QMMM:    diag iterations used for timing =       15
| QMMM:
| QMMM:              Internal diag routine = 0.020963 seconds
| QMMM:                 Dspev diag routine = 0.015862 seconds
| QMMM:                Dspevd diag routine = 0.008764 seconds
| QMMM:                Dspevx diag routine = 0.065552 seconds
| QMMM:                 Dsyev diag routine = 0.009460 seconds
| QMMM:                Dsyevd diag routine = 0.007560 seconds
| QMMM:                Dsyevr diag routine = 0.014219 seconds
| QMMM:
| QMMM:                Pseudo diag routine = 0.005004 seconds
| QMMM:
| QMMM: Using dsyevd routine (diag_routine=6).

  QMMM: QM Region Cartesian Coordinates (*=link atom) 
  QMMM: QM_NO.   MM_NO.  ATOM         X         Y         Z
  QMMM:     1        1      C       -1.2170   -1.9370    0.1030
  QMMM:     2        2      C       -0.3520   -1.0760   -0.8170
  QMMM:     3        3      O        0.2340   -0.0300   -0.1270
  QMMM:     4        4      C        1.1890   -0.1450    0.8280
  QMMM:     5        5      O        1.6530   -1.2530    1.0630
  QMMM:     6        6      C        1.7020    1.0410    1.6150
  QMMM:     7        7      C        1.3590    2.3560    1.3830
  QMMM:     8        8      C        0.4200    2.8580    0.3030
  QMMM:     9        9      N        1.9130    3.3960    2.1850
  QMMM:    10       10      C        2.8490    3.1340    3.2100
  QMMM:    11       11      S        3.4070    4.2160    3.9790
  QMMM:    12       12      N        3.2340    1.8010    3.4740
  QMMM:    13       13      C        2.6810    0.6730    2.7510
  QMMM:    14       14      C        1.9950   -0.2300    3.7580
  QMMM:    15       15      C        2.4710   -1.5320    3.9910
  QMMM:    16       16      C        1.8340   -2.3610    4.9180
  QMMM:    17       17      C        0.7180   -1.9000    5.6220
  QMMM:    18       18      C        0.2350   -0.6020    5.4010
  QMMM:    19       19      O       -0.8400   -0.1430    6.0730
  QMMM:    20       20      C        0.8730    0.2280    4.4730
  QMMM:    21       21      H       -0.6080   -2.4090    0.9010
  QMMM:    22       22      H       -1.7020   -2.7420   -0.4890
  QMMM:    23       23      H       -2.0060   -1.3130    0.5730
  QMMM:    24       24      H        0.4290   -1.6940   -1.3120
  QMMM:    25       25      H       -1.0080   -0.6500   -1.6050
  QMMM:    26       26      H       -0.0310    2.1340   -0.3800
  QMMM:    27       27      H        0.9740    3.5730   -0.3390
  QMMM:    28       28      H       -0.4180    3.4030    0.7870
  QMMM:    29       29      H        1.6350    4.3730    1.9940
  QMMM:    30       30      H        3.9230    1.6060    4.2190
  QMMM:    31       31      H        3.5390    0.1430    2.2800
  QMMM:    32       32      H        3.3340   -1.9070    3.4550
  QMMM:    33       33      H        2.2050   -3.3620    5.0910
  QMMM:    34       34      H        0.2320   -2.5510    6.3370
  QMMM:    35       35      H       -1.3120   -0.6840    6.7220
  QMMM:    36       36      H        0.4950    1.2300    4.3060

--------------------------------------------------------------------------------
  RESULTS
--------------------------------------------------------------------------------

      iter         sqm energy              rms gradient
      ----    -------------------    -----------------------
xmin    10      -69.5185 kcal/mol        1.5377 kcal/(mol*A)
xmin    20      -70.1661 kcal/mol        0.6439 kcal/(mol*A)
xmin    30      -70.3732 kcal/mol        0.8479 kcal/(mol*A)
xmin    40      -70.8210 kcal/mol        1.0688 kcal/(mol*A)
xmin    50      -71.0304 kcal/mol        0.2103 kcal/(mol*A)
xmin    60      -71.1359 kcal/mol        0.1436 kcal/(mol*A)
xmin    70      -71.1778 kcal/mol        0.1305 kcal/(mol*A)
xmin    80      -71.2224 kcal/mol        0.3142 kcal/(mol*A)
xmin    90      -71.2578 kcal/mol        0.1078 kcal/(mol*A)
xmin   100      -71.3305 kcal/mol        0.1705 kcal/(mol*A)
xmin   110      -71.4458 kcal/mol        0.2285 kcal/(mol*A)
xmin   120      -71.4727 kcal/mol        0.0814 kcal/(mol*A)
xmin   130      -71.4709 kcal/mol        0.1243 kcal/(mol*A)
xmin   140      -71.4841 kcal/mol        0.0256 kcal/(mol*A)
xmin   150      -71.4846 kcal/mol        0.0168 kcal/(mol*A)
xmin   160      -71.4855 kcal/mol        0.0214 kcal/(mol*A)
xmin   170      -71.4859 kcal/mol        0.0095 kcal/(mol*A)
xmin   180      -71.4860 kcal/mol        0.0177 kcal/(mol*A)
xmin   190      -71.4860 kcal/mol        0.0013 kcal/(mol*A)
  ... geometry converged !
 
 Final MO eigenvalues (eV):
 -41.8044  -40.5547  -40.1216  -37.9146  -37.0415  -36.2319  -34.6783  -32.2792
 -31.6428  -30.7583  -29.7883  -27.5049  -25.5320  -24.7500  -23.2757  -23.1089
 -22.4500  -20.4363  -19.8283  -19.3504  -18.6384  -17.6762  -17.6037  -17.2977
 -16.8546  -16.8286  -16.4994  -16.0190  -15.8541  -15.2014  -15.0717  -14.8427
 -14.6415  -14.5269  -14.3557  -14.0776  -13.9248  -13.7441  -13.4134  -12.9255
 -12.8116  -12.5575  -12.3723  -12.1528  -12.0880  -12.0218  -11.6474  -11.3817
  -9.9738   -9.6644   -9.2514   -9.1308   -8.8998   -0.7738    0.0943    0.2953
   0.3720    0.7081    1.4111    1.5902    1.7922    2.0501    2.5751    2.8043
   2.9145    3.2819    3.4562    3.5540    3.6342    3.6760    3.7461    3.8362
   3.8810    3.9135    3.9985    4.1241    4.1369    4.2296    4.2652    4.3098
   4.4854    4.5620    4.6302    4.7399    4.8906    4.9090    5.0381    5.0704
   5.2559    5.3926    5.4804    5.5914    5.6394    5.7117    6.1785    6.7273


 Heat of formation   =        -71.48605081 kcal/mol  (       -3.09986778 eV)

 Total SCF energy    =     -82605.22457322 kcal/mol  (    -3582.03133313 eV)
 Electronic energy   =    -555537.43665164 kcal/mol  (   -24089.91096013 eV)
 Core-core repulsion =     472932.21207842 kcal/mol  (    20507.87962701 eV)
 
    Atomic Charges for Step       1 :
  Atom    Element       Mulliken Charge
     1      C                 -0.244
     2      C                 -0.010
     3      O                 -0.286
     4      C                  0.372
     5      O                 -0.370
     6      C                 -0.259
     7      C                  0.142
     8      C                 -0.201
     9      N                 -0.284
    10      C                  0.137
    11      S                 -0.245
    12      N                 -0.301
    13      C                  0.113
    14      C                 -0.086
    15      C                 -0.144
    16      C                 -0.094
    17      C                 -0.205
    18      C                  0.077
    19      O                 -0.250
    20      C                 -0.144
    21      H                  0.098
    22      H                  0.086
    23      H                  0.084
    24      H                  0.102
    25      H                  0.100
    26      H                  0.121
    27      H                  0.090
    28      H                  0.125
    29      H                  0.274
    30      H                  0.266
    31      H                  0.134
    32      H                  0.157
    33      H                  0.137
    34      H                  0.135
    35      H                  0.219
    36      H                  0.152
 Total Mulliken Charge =      -0.000
 
                  X        Y        Z     TOTAL  
  QM DIPOLE    -3.488   -2.644   -2.076    4.844
 
 Final Structure

  QMMM: QM Region Cartesian Coordinates (*=link atom) 
  QMMM: QM_NO.   MM_NO.  ATOM         X         Y         Z
  QMMM:     1        1      C       -0.9547   -2.0777   -0.1543
  QMMM:     2        2      C       -0.1239   -1.0750   -0.9158
  QMMM:     3        3      O        0.2597    0.0222   -0.0723
  QMMM:     4        4      C        1.3345   -0.1632    0.7591
  QMMM:     5        5      O        1.9269   -1.2478    0.6967
  QMMM:     6        6      C        1.6706    0.9692    1.6160
  QMMM:     7        7      C        1.2440    2.2572    1.4273
  QMMM:     8        8      C        0.2655    2.6372    0.3643
  QMMM:     9        9      N        1.7315    3.2725    2.2450
  QMMM:    10       10      C        2.7826    3.0757    3.1541
  QMMM:    11       11      S        3.3890    4.3373    3.9528
  QMMM:    12       12      N        3.2868    1.7984    3.2814
  QMMM:    13       13      C        2.6080    0.6262    2.7548
  QMMM:    14       14      C        1.8663   -0.1593    3.8206
  QMMM:    15       15      C        1.9402   -1.5583    3.7871
  QMMM:    16       16      C        1.2801   -2.3181    4.7499
  QMMM:    17       17      C        0.5409   -1.6995    5.7561
  QMMM:    18       18      C        0.4654   -0.3006    5.7798
  QMMM:    19       19      O       -0.2500    0.3899    6.7321
  QMMM:    20       20      C        1.1254    0.4785    4.8146
  QMMM:    21       21      H       -0.3395   -2.5551    0.6468
  QMMM:    22       22      H       -1.3180   -2.8684   -0.8530
  QMMM:    23       23      H       -1.8342   -1.5814    0.3211
  QMMM:    24       24      H        0.7891   -1.5557   -1.3547
  QMMM:    25       25      H       -0.7219   -0.5676   -1.7204
  QMMM:    26       26      H        0.6403    2.2783   -0.6283
  QMMM:    27       27      H        0.0884    3.7387    0.3035
  QMMM:    28       28      H       -0.7098    2.1250    0.5687
  QMMM:    29       29      H        1.4343    4.2164    2.1057
  QMMM:    30       30      H        3.9288    1.6490    4.0317
  QMMM:    31       31      H        3.4256   -0.0478    2.3377
  QMMM:    32       32      H        2.5031   -2.0550    2.9796
  QMMM:    33       33      H        1.3421   -3.4163    4.7165
  QMMM:    34       34      H        0.0232   -2.2975    6.5186
  QMMM:    35       35      H       -0.6390   -0.2567    7.3388
  QMMM:    36       36      H        1.0374    1.5733    4.8644
 
           --------- Calculation Completed ----------
 
