
          -------------------------------------------------------
          Amber 18 PMEMD                              2018
          -------------------------------------------------------

| PMEMD implementation of SANDER, Release 18

| Run on 03/23/2022 at 18:24:25

|   Executable path: pmemd.MPI
| Working directory: /bgfs/lchong/dty7/ff15ipq-lig/charges/gaff_02/GenConformers/Conf17
|          Hostname: smp-n123

  [-O]verwriting output

File Assignments:
|   MDIN: ../../../amber/6.2_eq1.in                                             
|  MDOUT: 6.2_eq1.out                                                           
| INPCRD: 6.1_min.rst                                                           
|   PARM: ../../mon.top                                                         
| RESTRT: 6.2_eq1.rst                                                           
|   REFC: 6.1_min.rst                                                           
|  MDVEL: mdvel                                                                 
|   MDEN: mden                                                                  
|  MDCRD: mdcrd                                                                 
| MDINFO: mdinfo                                                                
|LOGFILE: logfile                                                               
|  MDFRC: mdfrc                                                                 

 
 Here is the input file:
 
&cntrl                                                                         
  imin      = 0,                                                               
  irest     = 0,                                                               
  ntx       = 1,                                                               
  ig        = -1,                                                              
  dt        = 0.002,                                                           
  nstlim    = 10000,                                                           
  nscm      = 500,                                                             
  ntr       = 1,                                                               
  restraintmask = ':1',                                                        
  restraint_wt  = 10.0,                                                        
  ntb       = 1,                                                               
  ntp       = 0,                                                               
  ntt       = 3,                                                               
  tempi     = 298.0,                                                           
  temp0     = 298.0,                                                           
  gamma_ln  = 1.0,                                                             
  ntf       = 2,                                                               
  ntc       = 2,                                                               
  cut       = 10.0,                                                            
  ntpr      = 500,                                                             
  ntxo      = 2,                                                               
  ntwr      = 10000,                                                           
  ioutfm    = 1,                                                               
  ntwx      = 500,                                                             
  iwrap     = 1,                                                               
&end                                                                           


Note: ig = -1. Setting random seed to   143212 based on wallclock time in
      microseconds and disabling the synchronization of random numbers 
      between tasks to improve performance.
| irandom = 1, using AMBER's internal random number generator (default).
 
 
| Conditional Compilation Defines Used:
| MPI
| FFTW_FFT
| BINTRAJ
| MKL
| EMIL
 
| Largest sphere to fit in unit cell has radius =    14.661

| New format PARM file being parsed.
| Version =    1.000 Date = 03/23/22 Time = 14:37:26

| Note: 1-4 EEL scale factors are being read from the topology file.

| Note: 1-4 VDW scale factors are being read from the topology file.
| Duplicated    0 dihedrals

| Duplicated    0 dihedrals

--------------------------------------------------------------------------------
   1.  RESOURCE   USE: 
--------------------------------------------------------------------------------

 getting box info from netcdf restart file
 NATOM  =    3240 NTYPES =      13 NBONH =    3220 MBONA  =      21
 NTHETH =      33 MTHETA =      29 NPHIH =      60 MPHIA  =      45
 NHPARM =       0 NPARM  =       0 NNB   =    4456 NRES   =    1069
 NBONA  =      21 NTHETA =      29 NPHIA =      45 NUMBND =      22
 NUMANG =      35 NPTRA  =      18 NATYP =      17 NPHB   =       0
 IFBOX  =       2 NMXRS  =      36 IFCAP =       0 NEXTRA =       0
 NCOPY  =       0

| Coordinate Index Table dimensions:     5    5    5
| Direct force subcell size =     7.1825    7.1825    7.1825

     BOX TYPE: TRUNCATED OCTAHEDRON

--------------------------------------------------------------------------------
   2.  CONTROL  DATA  FOR  THE  RUN
--------------------------------------------------------------------------------

default_name                                                                    

General flags:
     imin    =       0, nmropt  =       0

Nature and format of input:
     ntx     =       1, irest   =       0, ntrx    =       1

Nature and format of output:
     ntxo    =       2, ntpr    =     500, ntrx    =       1, ntwr    =   10000
     iwrap   =       1, ntwx    =     500, ntwv    =       0, ntwe    =       0
     ioutfm  =       1, ntwprt  =       0, idecomp =       0, rbornstat=      0

Potential function:
     ntf     =       2, ntb     =       1, igb     =       0, nsnb    =      25
     ipol    =       0, gbsa    =       0, iesp    =       0
     dielc   =   1.00000, cut     =  10.00000, intdiel =   1.00000

Frozen or restrained atoms:
     ibelly  =       0, ntr     =       1
     restraint_wt =  10.00000

Molecular dynamics:
     nstlim  =     10000, nscm    =         0, nrespa  =         1
     t       =   0.00000, dt      =   0.00200, vlimit  =  20.00000

Langevin dynamics temperature regulation:
     ig      =  143212
     temp0   = 298.00000, tempi   = 298.00000, gamma_ln=   1.00000

SHAKE:
     ntc     =       2, jfastw  =       0
     tol     =   0.00001

| Intermolecular bonds treatment:
|     no_intermolecular_bonds =       1

| Energy averages sample interval:
|     ene_avg_sampling =     500

Ewald parameters:
     verbose =       0, ew_type =       0, nbflag  =       1, use_pme =       1
     vdwmeth =       1, eedmeth =       1, netfrc  =       1
     Box X =   35.912   Box Y =   35.912   Box Z =   35.912
     Alpha =  109.471   Beta  =  109.471   Gamma =  109.471
     NFFT1 =   36       NFFT2 =   36       NFFT3 =   36
     Cutoff=   10.000   Tol   =0.100E-04
     Ewald Coefficient =  0.27511
     Interpolation order =    4

| PMEMD ewald parallel performance parameters:
|     block_fft =    0
|     fft_blk_y_divisor =    2
|     excl_recip =    0
|     excl_master =    0
|     atm_redist_freq =  320

    LOADING THE CONSTRAINED ATOMS AS GROUPS


   5.  REFERENCE ATOM COORDINATES

  default_name                                                                    
     Mask :1; matches    36 atoms

--------------------------------------------------------------------------------
   3.  ATOMIC COORDINATES AND VELOCITIES
--------------------------------------------------------------------------------

default_name                                                                    
 begin time read from input coords =     0.000 ps

 
 Number of triangulated 3-point waters found:     1068

     Sum of charges from parm topology file =  -0.00010118
     Forcing neutrality...

| Dynamic Memory, Types Used:
| Reals              946675
| Integers           209518

| Nonbonded Pairs Initial Allocation:      317358

| Running AMBER/MPI version on    8 MPI task

 
--------------------------------------------------------------------------------
   4.  RESULTS
--------------------------------------------------------------------------------

 ---------------------------------------------------
 APPROXIMATING switch and d/dx switch using CUBIC SPLINE INTERPOLATION
 using   5000.0 points per unit in tabled values
 TESTING RELATIVE ERROR over r ranging from 0.0 to cutoff
| CHECK switch(x): max rel err =   0.3316E-14   at   2.351880
| CHECK d/dx switch(x): max rel err =   0.8066E-11   at   2.747240
 ---------------------------------------------------
|---------------------------------------------------
| APPROXIMATING direct energy using CUBIC SPLINE INTERPOLATION
|  with   50.0 points per unit in tabled values
| Relative Error Limit not exceeded for r .gt.   2.34
| APPROXIMATING direct force using CUBIC SPLINE INTERPOLATION
|  with   50.0 points per unit in tabled values
| Relative Error Limit not exceeded for r .gt.   2.81
|---------------------------------------------------

 NSTEP =        0   TIME(PS) =       0.000  TEMP(K) =   437.64  PRESS =     0.0
 Etot   =    -14987.3119  EKtot   =      2826.4460  EPtot      =    -17813.7579
 BOND   =         1.5523  ANGLE   =         5.6733  DIHED      =        11.2030
 1-4 NB =        12.0880  1-4 EEL =      -665.1218  VDWAALS    =      3636.8539
 EELEC  =    -20816.0066  EHBOND  =         0.0000  RESTRAINT  =         0.0000
 Ewald error estimate:   0.2452E-03
 ------------------------------------------------------------------------------

wrapping first mol.:      -11.97081       33.85856        0.00000

 NSTEP =      500   TIME(PS) =       1.000  TEMP(K) =   247.98  PRESS =     0.0
 Etot   =    -11636.1409  EKtot   =      1601.5574  EPtot      =    -13237.6984
 BOND   =         3.7719  ANGLE   =        10.4980  DIHED      =        12.4929
 1-4 NB =        11.5674  1-4 EEL =      -659.0776  VDWAALS    =      2580.4612
 EELEC  =    -15205.7392  EHBOND  =         0.0000  RESTRAINT  =         8.3269
 EAMBER (non-restraint)  =    -13246.0253
 Ewald error estimate:   0.3776E-04
 ------------------------------------------------------------------------------

wrapping first mol.:      -11.97081       33.85856        0.00000

 NSTEP =     1000   TIME(PS) =       2.000  TEMP(K) =   276.78  PRESS =     0.0
 Etot   =    -11171.0402  EKtot   =      1787.5421  EPtot      =    -12958.5822
 BOND   =         9.7990  ANGLE   =        14.0254  DIHED      =        14.1356
 1-4 NB =        13.3987  1-4 EEL =      -662.8225  VDWAALS    =      2431.2708
 EELEC  =    -14785.9080  EHBOND  =         0.0000  RESTRAINT  =         7.5188
 EAMBER (non-restraint)  =    -12966.1011
 Ewald error estimate:   0.4202E-03
 ------------------------------------------------------------------------------

wrapping first mol.:      -11.97081       33.85856        0.00000

 NSTEP =     1500   TIME(PS) =       3.000  TEMP(K) =   290.97  PRESS =     0.0
 Etot   =    -10978.2501  EKtot   =      1879.1860  EPtot      =    -12857.4361
 BOND   =         2.9943  ANGLE   =        11.3481  DIHED      =        16.6260
 1-4 NB =        11.8529  1-4 EEL =      -661.6327  VDWAALS    =      2501.2762
 EELEC  =    -14744.0170  EHBOND  =         0.0000  RESTRAINT  =         4.1161
 EAMBER (non-restraint)  =    -12861.5522
 Ewald error estimate:   0.4862E-04
 ------------------------------------------------------------------------------

wrapping first mol.:      -11.97081       33.85856        0.00000

 NSTEP =     2000   TIME(PS) =       4.000  TEMP(K) =   295.10  PRESS =     0.0
 Etot   =    -10829.0206  EKtot   =      1905.8949  EPtot      =    -12734.9156
 BOND   =         7.0863  ANGLE   =        17.3758  DIHED      =        14.7273
 1-4 NB =        11.6835  1-4 EEL =      -664.1425  VDWAALS    =      2408.7222
 EELEC  =    -14536.8089  EHBOND  =         0.0000  RESTRAINT  =         6.4407
 EAMBER (non-restraint)  =    -12741.3562
 Ewald error estimate:   0.4895E-04
 ------------------------------------------------------------------------------

wrapping first mol.:      -11.97081       33.85856        0.00000

 NSTEP =     2500   TIME(PS) =       5.000  TEMP(K) =   304.00  PRESS =     0.0
 Etot   =    -10795.6937  EKtot   =      1963.3597  EPtot      =    -12759.0534
 BOND   =         8.4673  ANGLE   =        15.0534  DIHED      =        15.2318
 1-4 NB =        13.0338  1-4 EEL =      -669.2876  VDWAALS    =      2441.4555
 EELEC  =    -14592.8559  EHBOND  =         0.0000  RESTRAINT  =         9.8483
 EAMBER (non-restraint)  =    -12768.9017
 Ewald error estimate:   0.2235E-03
 ------------------------------------------------------------------------------

wrapping first mol.:      -11.97081       33.85856        0.00000

 NSTEP =     3000   TIME(PS) =       6.000  TEMP(K) =   307.26  PRESS =     0.0
 Etot   =    -10762.9213  EKtot   =      1984.4286  EPtot      =    -12747.3499
 BOND   =         8.6951  ANGLE   =        13.1044  DIHED      =        13.5211
 1-4 NB =        12.9804  1-4 EEL =      -667.8188  VDWAALS    =      2332.2391
 EELEC  =    -14467.4336  EHBOND  =         0.0000  RESTRAINT  =         7.3624
 EAMBER (non-restraint)  =    -12754.7123
 Ewald error estimate:   0.2724E-03
 ------------------------------------------------------------------------------

wrapping first mol.:      -11.97081       33.85856        0.00000

 NSTEP =     3500   TIME(PS) =       7.000  TEMP(K) =   301.20  PRESS =     0.0
 Etot   =    -10729.2266  EKtot   =      1945.2809  EPtot      =    -12674.5076
 BOND   =         5.2327  ANGLE   =        16.0785  DIHED      =        17.1734
 1-4 NB =        10.5435  1-4 EEL =      -658.0586  VDWAALS    =      2332.2585
 EELEC  =    -14403.2943  EHBOND  =         0.0000  RESTRAINT  =         5.5588
 EAMBER (non-restraint)  =    -12680.0663
 Ewald error estimate:   0.1627E-03
 ------------------------------------------------------------------------------

wrapping first mol.:      -11.97081       33.85856        0.00000

 NSTEP =     4000   TIME(PS) =       8.000  TEMP(K) =   292.70  PRESS =     0.0
 Etot   =    -10745.3359  EKtot   =      1890.3608  EPtot      =    -12635.6967
 BOND   =         9.1984  ANGLE   =        12.5638  DIHED      =        16.3389
 1-4 NB =        11.8305  1-4 EEL =      -665.7365  VDWAALS    =      2262.8239
 EELEC  =    -14290.4690  EHBOND  =         0.0000  RESTRAINT  =         7.7534
 EAMBER (non-restraint)  =    -12643.4501
 Ewald error estimate:   0.4972E-03
 ------------------------------------------------------------------------------

wrapping first mol.:      -11.97081       33.85856        0.00000

 NSTEP =     4500   TIME(PS) =       9.000  TEMP(K) =   289.49  PRESS =     0.0
 Etot   =    -10756.9957  EKtot   =      1869.6459  EPtot      =    -12626.6416
 BOND   =         4.6877  ANGLE   =        13.2605  DIHED      =        13.5121
 1-4 NB =        12.7728  1-4 EEL =      -662.2137  VDWAALS    =      2272.4702
 EELEC  =    -14288.6477  EHBOND  =         0.0000  RESTRAINT  =         7.5166
 EAMBER (non-restraint)  =    -12634.1582
 Ewald error estimate:   0.5950E-04
 ------------------------------------------------------------------------------

wrapping first mol.:      -11.97081       33.85856        0.00000

 NSTEP =     5000   TIME(PS) =      10.000  TEMP(K) =   292.16  PRESS =     0.0
 Etot   =    -10825.4156  EKtot   =      1886.8612  EPtot      =    -12712.2768
 BOND   =         7.4892  ANGLE   =        17.2693  DIHED      =        13.0732
 1-4 NB =        12.2591  1-4 EEL =      -663.7076  VDWAALS    =      2338.3021
 EELEC  =    -14444.3874  EHBOND  =         0.0000  RESTRAINT  =         7.4253
 EAMBER (non-restraint)  =    -12719.7021
 Ewald error estimate:   0.6960E-04
 ------------------------------------------------------------------------------

wrapping first mol.:      -11.97081       33.85856        0.00000

 NSTEP =     5500   TIME(PS) =      11.000  TEMP(K) =   290.16  PRESS =     0.0
 Etot   =    -10860.6775  EKtot   =      1873.9821  EPtot      =    -12734.6596
 BOND   =         6.3696  ANGLE   =        19.3419  DIHED      =        12.0142
 1-4 NB =        11.9145  1-4 EEL =      -665.2876  VDWAALS    =      2321.9663
 EELEC  =    -14452.6212  EHBOND  =         0.0000  RESTRAINT  =        11.6426
 EAMBER (non-restraint)  =    -12746.3023
 Ewald error estimate:   0.6009E-05
 ------------------------------------------------------------------------------

wrapping first mol.:      -11.97081       33.85856        0.00000

 NSTEP =     6000   TIME(PS) =      12.000  TEMP(K) =   295.85  PRESS =     0.0
 Etot   =    -10817.3316  EKtot   =      1910.7398  EPtot      =    -12728.0714
 BOND   =         9.5238  ANGLE   =        13.9252  DIHED      =        12.9103
 1-4 NB =        14.2322  1-4 EEL =      -668.3312  VDWAALS    =      2300.5063
 EELEC  =    -14417.4604  EHBOND  =         0.0000  RESTRAINT  =         6.6222
 EAMBER (non-restraint)  =    -12734.6936
 Ewald error estimate:   0.4524E-04
 ------------------------------------------------------------------------------

wrapping first mol.:      -11.97081       33.85856        0.00000

 NSTEP =     6500   TIME(PS) =      13.000  TEMP(K) =   302.71  PRESS =     0.0
 Etot   =    -10779.7250  EKtot   =      1955.0027  EPtot      =    -12734.7278
 BOND   =         6.1211  ANGLE   =        17.2604  DIHED      =        14.3416
 1-4 NB =        12.4343  1-4 EEL =      -667.4787  VDWAALS    =      2398.6141
 EELEC  =    -14523.4089  EHBOND  =         0.0000  RESTRAINT  =         7.3885
 EAMBER (non-restraint)  =    -12742.1163
 Ewald error estimate:   0.1987E-03
 ------------------------------------------------------------------------------

wrapping first mol.:      -11.97081       33.85856        0.00000

 NSTEP =     7000   TIME(PS) =      14.000  TEMP(K) =   293.53  PRESS =     0.0
 Etot   =    -10912.0929  EKtot   =      1895.7537  EPtot      =    -12807.8466
 BOND   =         7.3738  ANGLE   =        19.3771  DIHED      =        16.4368
 1-4 NB =        12.7349  1-4 EEL =      -661.4860  VDWAALS    =      2377.0245
 EELEC  =    -14587.0055  EHBOND  =         0.0000  RESTRAINT  =         7.6978
 EAMBER (non-restraint)  =    -12815.5444
 Ewald error estimate:   0.9701E-04
 ------------------------------------------------------------------------------

wrapping first mol.:      -11.97081       33.85856        0.00000

 NSTEP =     7500   TIME(PS) =      15.000  TEMP(K) =   289.10  PRESS =     0.0
 Etot   =    -10954.8553  EKtot   =      1867.0977  EPtot      =    -12821.9529
 BOND   =         6.4466  ANGLE   =        15.0598  DIHED      =        12.9201
 1-4 NB =        11.3320  1-4 EEL =      -659.3613  VDWAALS    =      2413.3503
 EELEC  =    -14631.5369  EHBOND  =         0.0000  RESTRAINT  =         9.8365
 EAMBER (non-restraint)  =    -12831.7895
 Ewald error estimate:   0.1137E-03
 ------------------------------------------------------------------------------

wrapping first mol.:      -11.97081       33.85856        0.00000

 NSTEP =     8000   TIME(PS) =      16.000  TEMP(K) =   293.55  PRESS =     0.0
 Etot   =    -10860.5969  EKtot   =      1895.8841  EPtot      =    -12756.4811
 BOND   =         9.7396  ANGLE   =        17.6324  DIHED      =        15.0637
 1-4 NB =        12.1546  1-4 EEL =      -656.3564  VDWAALS    =      2366.7660
 EELEC  =    -14528.1121  EHBOND  =         0.0000  RESTRAINT  =         6.6312
 EAMBER (non-restraint)  =    -12763.1123
 Ewald error estimate:   0.2196E-03
 ------------------------------------------------------------------------------

wrapping first mol.:      -11.97081       33.85856        0.00000

 NSTEP =     8500   TIME(PS) =      17.000  TEMP(K) =   291.42  PRESS =     0.0
 Etot   =    -10872.9398  EKtot   =      1882.1260  EPtot      =    -12755.0658
 BOND   =        14.4260  ANGLE   =        11.1072  DIHED      =        18.1693
 1-4 NB =        11.4659  1-4 EEL =      -666.0478  VDWAALS    =      2367.3559
 EELEC  =    -14517.9706  EHBOND  =         0.0000  RESTRAINT  =         6.4284
 EAMBER (non-restraint)  =    -12761.4942
 Ewald error estimate:   0.2429E-03
 ------------------------------------------------------------------------------

wrapping first mol.:      -11.97081       33.85856        0.00000

 NSTEP =     9000   TIME(PS) =      18.000  TEMP(K) =   295.83  PRESS =     0.0
 Etot   =    -10832.5672  EKtot   =      1910.6067  EPtot      =    -12743.1739
 BOND   =         6.4102  ANGLE   =        16.6547  DIHED      =        14.0226
 1-4 NB =        13.1272  1-4 EEL =      -668.5060  VDWAALS    =      2293.9262
 EELEC  =    -14426.1058  EHBOND  =         0.0000  RESTRAINT  =         7.2971
 EAMBER (non-restraint)  =    -12750.4710
 Ewald error estimate:   0.3842E-03
 ------------------------------------------------------------------------------

wrapping first mol.:      -11.97081       33.85856        0.00000

 NSTEP =     9500   TIME(PS) =      19.000  TEMP(K) =   295.81  PRESS =     0.0
 Etot   =    -10800.4928  EKtot   =      1910.4674  EPtot      =    -12710.9603
 BOND   =         6.7244  ANGLE   =        15.7870  DIHED      =        15.4859
 1-4 NB =        13.1185  1-4 EEL =      -669.4661  VDWAALS    =      2292.9972
 EELEC  =    -14392.3506  EHBOND  =         0.0000  RESTRAINT  =         6.7434
 EAMBER (non-restraint)  =    -12717.7037
 Ewald error estimate:   0.2662E-03
 ------------------------------------------------------------------------------

wrapping first mol.:      -11.97081       33.85856        0.00000
wrapping first mol.:      -11.97081       33.85856        0.00000

 NSTEP =    10000   TIME(PS) =      20.000  TEMP(K) =   289.83  PRESS =     0.0
 Etot   =    -10827.8143  EKtot   =      1871.8004  EPtot      =    -12699.6147
 BOND   =         6.1426  ANGLE   =        15.7519  DIHED      =        13.4727
 1-4 NB =        12.3965  1-4 EEL =      -664.8682  VDWAALS    =      2285.9212
 EELEC  =    -14376.5646  EHBOND  =         0.0000  RESTRAINT  =         8.1333
 EAMBER (non-restraint)  =    -12707.7480
 Ewald error estimate:   0.1764E-03
 ------------------------------------------------------------------------------


      A V E R A G E S   O V E R      20 S T E P S


 NSTEP =    10000   TIME(PS) =      20.000  TEMP(K) =   291.77  PRESS =     0.0
 Etot   =    -10887.4567  EKtot   =      1884.3789  EPtot      =    -12771.8356
 BOND   =         7.3350  ANGLE   =        15.1237  DIHED      =        14.5835
 1-4 NB =        12.3417  1-4 EEL =      -664.0844  VDWAALS    =      2365.9854
 EELEC  =    -14530.6349  EHBOND  =         0.0000  RESTRAINT  =         7.5144
 EAMBER (non-restraint)  =    -12779.3500
 Ewald error estimate:   0.1795E-03
 ------------------------------------------------------------------------------


      R M S  F L U C T U A T I O N S


 NSTEP =    10000   TIME(PS) =      20.000  TEMP(K) =    11.89  PRESS =     0.0
 Etot   =       197.4962  EKtot   =        76.7965  EPtot      =       128.9833
 BOND   =         2.4741  ANGLE   =         2.5402  DIHED      =         1.6529
 1-4 NB =         0.8345  1-4 EEL =         3.8022  VDWAALS    =        79.0903
 EELEC  =       200.0646  EHBOND  =         0.0000  RESTRAINT  =         1.5650
 EAMBER (non-restraint)  =       127.4183
 Ewald error estimate:   0.1351E-03
 ------------------------------------------------------------------------------

--------------------------------------------------------------------------------
   5.  TIMINGS
--------------------------------------------------------------------------------

|  NonSetup CPU Time in Major Routines, Average for All Tasks:
|
|     Routine           Sec        %
|     ------------------------------
|     DataDistrib       1.81    9.62
|     Nonbond          15.90   84.55
|     Bond              0.03    0.15
|     Angle             0.03    0.17
|     Dihedral          0.04    0.24
|     Shake             0.12    0.64
|     RunMD             0.85    4.50
|     Other             0.03    0.14
|     ------------------------------
|     Total            18.81

|  PME Nonbond Pairlist CPU Time, Average for All Tasks:
|
|     Routine              Sec        %
|     ---------------------------------
|     Set Up Cit           0.05    0.29
|     Build List           1.93   10.28
|     ---------------------------------
|     Total                1.99   10.57

|  PME Direct Force CPU Time, Average for All Tasks:
|
|     Routine              Sec        %
|     ---------------------------------
|     NonBonded Calc      10.92   58.08
|     Exclude Masked       0.14    0.72
|     Other                0.48    2.53
|     ---------------------------------
|     Total               11.54   61.33

|  PME Reciprocal Force CPU Time, Average for All Tasks:
|
|     Routine              Sec        %
|     ---------------------------------
|     1D bspline           0.22    1.18
|     Grid Charges         0.23    1.23
|     Scalar Sum           0.16    0.86
|     Gradient Sum         0.42    2.21
|     FFT                  1.29    6.87
|     ---------------------------------
|     Total                2.32   12.34

|  PME Load Balancing CPU Time, Average for All Tasks:
|
|     Routine                 Sec        %
|     ------------------------------------
|     Atom Reassign           0.00    0.00
|     Image Reassign          0.00    0.00
|     FFT Reassign            0.00    0.00
|     ------------------------------------
|     Total                   0.00    0.01

|  Final Performance Info:
|     -----------------------------------------------------
|     Average timings for last   10000 steps:
|     Elapsed(s) =      18.90 Per Step(ms) =       1.89
|         ns/day =      91.41   seconds/ns =     945.22
|
|     Average timings for all steps:
|     Elapsed(s) =      18.90 Per Step(ms) =       1.89
|         ns/day =      91.41   seconds/ns =     945.22
|     -----------------------------------------------------

|  Master Setup CPU time:            0.03 seconds
|  Master NonSetup CPU time:        18.79 seconds
|  Master Total CPU time:           18.82 seconds     0.01 hours

|  Master Setup wall time:           0    seconds
|  Master NonSetup wall time:       19    seconds
|  Master Total wall time:          19    seconds     0.01 hours
