<++>-----------------------------------------------------------------------<++>
<++> mdgx: A molecular dynamics engine in the AMBER suite of programs      <++>
<++>                                                                       <++>
<++> Written by David S. Cerutti, Case Group (2009)                        <++>
<++>-----------------------------------------------------------------------<++>

Run on Fri Apr  1 14:47:58 2022
<++>-----------------------------------------------------------------------<++>

INPUT LINE TEXT:

mdgx -i mon_concat.mdgx -O 


INPUT FILE TEXT:

&files
  -p      mon_V.top
  -o      concat.out
  -d      energies.dat
  -x      concat_coords.cdf
&end

&speval
  data    CONFS_OOUT/Conf*.oout
&end

<++>-----------------------------------------------------------------------<++>

<++>-----------------------------------------------------------------------<++>
(1.) Summary of successes and failures.  A total of 975 structures and 
     energies were read in, of which 975 passed inspection and were then 
     written to the output trajectory concat_coords.cdf and the energy data 
     file energies.dat.

<++>-----------------------------------------------------------------------<++>

