
          -------------------------------------------------------
          Amber 18 PMEMD                              2018
          -------------------------------------------------------

| PMEMD implementation of SANDER, Release 18

| Run on 03/14/2022 at 17:48:52

|   Executable path: pmemd.MPI
| Working directory: /bgfs/lchong/dty7/ff15ipq-lig/charges/gaff_01
|          Hostname: smp-n123

  [-O]verwriting output

File Assignments:
|   MDIN: ../amber/3_eq1.in                                                     
|  MDOUT: 3_eq1.out                                                             
| INPCRD: 2_min.rst                                                             
|   PARM: mon.top                                                               
| RESTRT: 3_eq1.rst                                                             
|   REFC: refc                                                                  
|  MDVEL: mdvel                                                                 
|   MDEN: mden                                                                  
|  MDCRD: mdcrd                                                                 
| MDINFO: mdinfo                                                                
|LOGFILE: logfile                                                               
|  MDFRC: mdfrc                                                                 

 
 Here is the input file:
 
&cntrl                                                                         
  imin      = 0,                                                               
  irest     = 0,                                                               
  ntx       = 1,                                                               
  ig        = -1,                                                              
  dt        = 0.002,                                                           
  nstlim    = 10000,                                                           
  nscm      = 500,                                                             
  ntr       = 0,                                                               
  ntb       = 1,                                                               
  ntp       = 0,                                                               
  ntt       = 3,                                                               
  tempi     = 450.0,                                                           
  temp0     = 450.0,                                                           
  gamma_ln  = 1.0,                                                             
  ntf       = 2,                                                               
  ntc       = 2,                                                               
  cut       = 10.0,                                                            
  ntpr      = 500,                                                             
  ntxo      = 2,                                                               
  ntwr      = 10000,                                                           
  ioutfm    = 1,                                                               
  ntwx      = 500,                                                             
  iwrap     = 1,                                                               
&end                                                                           


Note: ig = -1. Setting random seed to    68046 based on wallclock time in
      microseconds and disabling the synchronization of random numbers 
      between tasks to improve performance.
| irandom = 1, using AMBER's internal random number generator (default).
 
 
| Conditional Compilation Defines Used:
| MPI
| FFTW_FFT
| BINTRAJ
| MKL
| EMIL
 
| Largest sphere to fit in unit cell has radius =    15.105

| New format PARM file being parsed.
| Version =    1.000 Date = 03/14/22 Time = 17:48:27

| Note: 1-4 EEL scale factors are being read from the topology file.

| Note: 1-4 VDW scale factors are being read from the topology file.
| Duplicated    0 dihedrals

| Duplicated    0 dihedrals

--------------------------------------------------------------------------------
   1.  RESOURCE   USE: 
--------------------------------------------------------------------------------

 getting box info from netcdf restart file
 NATOM  =    3240 NTYPES =      13 NBONH =    3220 MBONA  =      21
 NTHETH =      33 MTHETA =      29 NPHIH =      60 MPHIA  =      45
 NHPARM =       0 NPARM  =       0 NNB   =    4456 NRES   =    1069
 NBONA  =      21 NTHETA =      29 NPHIA =      45 NUMBND =      22
 NUMANG =      35 NPTRA  =      18 NATYP =      17 NPHB   =       0
 IFBOX  =       2 NMXRS  =      36 IFCAP =       0 NEXTRA =       0
 NCOPY  =       0

| Coordinate Index Table dimensions:     5    5    5
| Direct force subcell size =     7.4000    7.4000    7.4000

     BOX TYPE: TRUNCATED OCTAHEDRON

--------------------------------------------------------------------------------
   2.  CONTROL  DATA  FOR  THE  RUN
--------------------------------------------------------------------------------

default_name                                                                    

General flags:
     imin    =       0, nmropt  =       0

Nature and format of input:
     ntx     =       1, irest   =       0, ntrx    =       1

Nature and format of output:
     ntxo    =       2, ntpr    =     500, ntrx    =       1, ntwr    =   10000
     iwrap   =       1, ntwx    =     500, ntwv    =       0, ntwe    =       0
     ioutfm  =       1, ntwprt  =       0, idecomp =       0, rbornstat=      0

Potential function:
     ntf     =       2, ntb     =       1, igb     =       0, nsnb    =      25
     ipol    =       0, gbsa    =       0, iesp    =       0
     dielc   =   1.00000, cut     =  10.00000, intdiel =   1.00000

Frozen or restrained atoms:
     ibelly  =       0, ntr     =       0

Molecular dynamics:
     nstlim  =     10000, nscm    =       500, nrespa  =         1
     t       =   0.00000, dt      =   0.00200, vlimit  =  20.00000

Langevin dynamics temperature regulation:
     ig      =   68046
     temp0   = 450.00000, tempi   = 450.00000, gamma_ln=   1.00000

SHAKE:
     ntc     =       2, jfastw  =       0
     tol     =   0.00001

| Intermolecular bonds treatment:
|     no_intermolecular_bonds =       1

| Energy averages sample interval:
|     ene_avg_sampling =     500

Ewald parameters:
     verbose =       0, ew_type =       0, nbflag  =       1, use_pme =       1
     vdwmeth =       1, eedmeth =       1, netfrc  =       1
     Box X =   37.000   Box Y =   37.000   Box Z =   37.000
     Alpha =  109.471   Beta  =  109.471   Gamma =  109.471
     NFFT1 =   40       NFFT2 =   40       NFFT3 =   40
     Cutoff=   10.000   Tol   =0.100E-04
     Ewald Coefficient =  0.27511
     Interpolation order =    4

| PMEMD ewald parallel performance parameters:
|     block_fft =    0
|     fft_blk_y_divisor =    2
|     excl_recip =    0
|     excl_master =    0
|     atm_redist_freq =  320

--------------------------------------------------------------------------------
   3.  ATOMIC COORDINATES AND VELOCITIES
--------------------------------------------------------------------------------

default_name                                                                    
 begin time read from input coords =     0.000 ps

 
 Number of triangulated 3-point waters found:     1068

     Sum of charges from parm topology file =  -0.00030117
     Forcing neutrality...

| Dynamic Memory, Types Used:
| Reals             1185069
| Integers           207494

| Nonbonded Pairs Initial Allocation:      317358

| Running AMBER/MPI version on    8 MPI task

 
--------------------------------------------------------------------------------
   4.  RESULTS
--------------------------------------------------------------------------------

 ---------------------------------------------------
 APPROXIMATING switch and d/dx switch using CUBIC SPLINE INTERPOLATION
 using   5000.0 points per unit in tabled values
 TESTING RELATIVE ERROR over r ranging from 0.0 to cutoff
| CHECK switch(x): max rel err =   0.3316E-14   at   2.351880
| CHECK d/dx switch(x): max rel err =   0.8066E-11   at   2.747240
 ---------------------------------------------------
|---------------------------------------------------
| APPROXIMATING direct energy using CUBIC SPLINE INTERPOLATION
|  with   50.0 points per unit in tabled values
| Relative Error Limit not exceeded for r .gt.   2.34
| APPROXIMATING direct force using CUBIC SPLINE INTERPOLATION
|  with   50.0 points per unit in tabled values
| Relative Error Limit not exceeded for r .gt.   2.81
|---------------------------------------------------

 NSTEP =        0   TIME(PS) =       0.000  TEMP(K) =   673.54  PRESS =     0.0
 Etot   =    -13243.5296  EKtot   =      4349.9415  EPtot      =    -17593.4712
 BOND   =         1.2913  ANGLE   =         4.2503  DIHED      =         9.5233
 1-4 NB =        11.0264  1-4 EEL =      -603.5094  VDWAALS    =      3936.5170
 EELEC  =    -20952.5700  EHBOND  =         0.0000  RESTRAINT  =         0.0000
 Ewald error estimate:   0.3213E-03
 ------------------------------------------------------------------------------

wrapping first mol.:      -37.00014        0.00000        0.00000

 NSTEP =      500   TIME(PS) =       1.000  TEMP(K) =   345.38  PRESS =     0.0
 Etot   =     -9589.9542  EKtot   =      2230.5942  EPtot      =    -11820.5484
 BOND   =        10.1694  ANGLE   =        14.6705  DIHED      =        12.2367
 1-4 NB =        12.4471  1-4 EEL =      -610.8947  VDWAALS    =      2183.2900
 EELEC  =    -13442.4675  EHBOND  =         0.0000  RESTRAINT  =         0.0000
 Ewald error estimate:   0.6334E-03
 ------------------------------------------------------------------------------


 NSTEP =     1000   TIME(PS) =       2.000  TEMP(K) =   384.94  PRESS =     0.0
 Etot   =     -8569.0642  EKtot   =      2486.1099  EPtot      =    -11055.1741
 BOND   =        13.2185  ANGLE   =        15.5424  DIHED      =        22.5397
 1-4 NB =        12.1591  1-4 EEL =      -606.1080  VDWAALS    =      1776.8918
 EELEC  =    -12289.4175  EHBOND  =         0.0000  RESTRAINT  =         0.0000
 Ewald error estimate:   0.5419E-04
 ------------------------------------------------------------------------------

wrapping first mol.:      -37.00014        0.00000        0.00000

 NSTEP =     1500   TIME(PS) =       3.000  TEMP(K) =   411.52  PRESS =     0.0
 Etot   =     -8060.9843  EKtot   =      2657.7282  EPtot      =    -10718.7125
 BOND   =        14.6641  ANGLE   =        24.5286  DIHED      =        15.5317
 1-4 NB =        13.0648  1-4 EEL =      -609.5326  VDWAALS    =      1733.6733
 EELEC  =    -11910.6424  EHBOND  =         0.0000  RESTRAINT  =         0.0000
 Ewald error estimate:   0.1132E-03
 ------------------------------------------------------------------------------


 NSTEP =     2000   TIME(PS) =       4.000  TEMP(K) =   425.78  PRESS =     0.0
 Etot   =     -7852.0372  EKtot   =      2749.8163  EPtot      =    -10601.8535
 BOND   =         8.7593  ANGLE   =        25.5293  DIHED      =        24.3694
 1-4 NB =        12.3532  1-4 EEL =      -606.9518  VDWAALS    =      1645.7525
 EELEC  =    -11711.6654  EHBOND  =         0.0000  RESTRAINT  =         0.0000
 Ewald error estimate:   0.1189E-03
 ------------------------------------------------------------------------------

wrapping first mol.:      -37.00014        0.00000        0.00000

 NSTEP =     2500   TIME(PS) =       5.000  TEMP(K) =   438.03  PRESS =     0.0
 Etot   =     -7650.4678  EKtot   =      2828.9351  EPtot      =    -10479.4029
 BOND   =        10.6675  ANGLE   =        27.5288  DIHED      =         9.6084
 1-4 NB =        12.8422  1-4 EEL =      -610.2918  VDWAALS    =      1683.0674
 EELEC  =    -11612.8254  EHBOND  =         0.0000  RESTRAINT  =         0.0000
 Ewald error estimate:   0.1078E-03
 ------------------------------------------------------------------------------

wrapping first mol.:      -37.00014        0.00000        0.00000

 NSTEP =     3000   TIME(PS) =       6.000  TEMP(K) =   434.45  PRESS =     0.0
 Etot   =     -7581.0974  EKtot   =      2805.8179  EPtot      =    -10386.9154
 BOND   =        12.7603  ANGLE   =        22.7920  DIHED      =        23.6777
 1-4 NB =        13.5743  1-4 EEL =      -608.3479  VDWAALS    =      1674.5146
 EELEC  =    -11525.8864  EHBOND  =         0.0000  RESTRAINT  =         0.0000
 Ewald error estimate:   0.1247E-03
 ------------------------------------------------------------------------------

wrapping first mol.:      -37.00014        0.00000        0.00000

 NSTEP =     3500   TIME(PS) =       7.000  TEMP(K) =   451.01  PRESS =     0.0
 Etot   =     -7442.6400  EKtot   =      2912.7608  EPtot      =    -10355.4008
 BOND   =         7.8041  ANGLE   =        25.2585  DIHED      =        20.8967
 1-4 NB =        12.4633  1-4 EEL =      -608.6718  VDWAALS    =      1651.5539
 EELEC  =    -11464.7054  EHBOND  =         0.0000  RESTRAINT  =         0.0000
 Ewald error estimate:   0.5801E-04
 ------------------------------------------------------------------------------


 NSTEP =     4000   TIME(PS) =       8.000  TEMP(K) =   434.79  PRESS =     0.0
 Etot   =     -7516.9109  EKtot   =      2808.0223  EPtot      =    -10324.9332
 BOND   =        13.3572  ANGLE   =        22.1153  DIHED      =        17.5723
 1-4 NB =        12.6464  1-4 EEL =      -603.1896  VDWAALS    =      1685.9270
 EELEC  =    -11473.3618  EHBOND  =         0.0000  RESTRAINT  =         0.0000
 Ewald error estimate:   0.4340E-05
 ------------------------------------------------------------------------------


 NSTEP =     4500   TIME(PS) =       9.000  TEMP(K) =   447.40  PRESS =     0.0
 Etot   =     -7453.9724  EKtot   =      2889.4858  EPtot      =    -10343.4582
 BOND   =         8.5311  ANGLE   =        22.9705  DIHED      =        13.5674
 1-4 NB =        11.7159  1-4 EEL =      -594.4536  VDWAALS    =      1706.2982
 EELEC  =    -11512.0877  EHBOND  =         0.0000  RESTRAINT  =         0.0000
 Ewald error estimate:   0.1597E-03
 ------------------------------------------------------------------------------


 NSTEP =     5000   TIME(PS) =      10.000  TEMP(K) =   461.50  PRESS =     0.0
 Etot   =     -7355.2384  EKtot   =      2980.5349  EPtot      =    -10335.7733
 BOND   =        14.6679  ANGLE   =        24.8988  DIHED      =        14.9481
 1-4 NB =        11.7088  1-4 EEL =      -595.5758  VDWAALS    =      1514.9508
 EELEC  =    -11321.3720  EHBOND  =         0.0000  RESTRAINT  =         0.0000
 Ewald error estimate:   0.2504E-03
 ------------------------------------------------------------------------------


 NSTEP =     5500   TIME(PS) =      11.000  TEMP(K) =   449.42  PRESS =     0.0
 Etot   =     -7385.9880  EKtot   =      2902.5321  EPtot      =    -10288.5201
 BOND   =        12.0601  ANGLE   =        21.4892  DIHED      =        14.6302
 1-4 NB =        11.4530  1-4 EEL =      -605.0628  VDWAALS    =      1605.9784
 EELEC  =    -11349.0681  EHBOND  =         0.0000  RESTRAINT  =         0.0000
 Ewald error estimate:   0.2386E-03
 ------------------------------------------------------------------------------


 NSTEP =     6000   TIME(PS) =      12.000  TEMP(K) =   445.94  PRESS =     0.0
 Etot   =     -7497.5943  EKtot   =      2880.0763  EPtot      =    -10377.6706
 BOND   =        10.4609  ANGLE   =        25.6687  DIHED      =        18.3333
 1-4 NB =        12.5985  1-4 EEL =      -603.5871  VDWAALS    =      1494.0904
 EELEC  =    -11335.2353  EHBOND  =         0.0000  RESTRAINT  =         0.0000
 Ewald error estimate:   0.4834E-03
 ------------------------------------------------------------------------------


 NSTEP =     6500   TIME(PS) =      13.000  TEMP(K) =   455.11  PRESS =     0.0
 Etot   =     -7417.6643  EKtot   =      2939.2758  EPtot      =    -10356.9401
 BOND   =         7.9752  ANGLE   =        28.6719  DIHED      =        21.9252
 1-4 NB =        11.6695  1-4 EEL =      -592.9740  VDWAALS    =      1681.1672
 EELEC  =    -11515.3751  EHBOND  =         0.0000  RESTRAINT  =         0.0000
 Ewald error estimate:   0.1851E-03
 ------------------------------------------------------------------------------


 NSTEP =     7000   TIME(PS) =      14.000  TEMP(K) =   458.23  PRESS =     0.0
 Etot   =     -7489.3953  EKtot   =      2959.4010  EPtot      =    -10448.7963
 BOND   =        14.3892  ANGLE   =        24.8100  DIHED      =        14.1728
 1-4 NB =        11.2337  1-4 EEL =      -596.8167  VDWAALS    =      1706.2720
 EELEC  =    -11622.8573  EHBOND  =         0.0000  RESTRAINT  =         0.0000
 Ewald error estimate:   0.2069E-03
 ------------------------------------------------------------------------------

wrapping first mol.:      -37.00014        0.00000        0.00000

 NSTEP =     7500   TIME(PS) =      15.000  TEMP(K) =   442.63  PRESS =     0.0
 Etot   =     -7387.9571  EKtot   =      2858.6477  EPtot      =    -10246.6048
 BOND   =        14.8323  ANGLE   =        19.7569  DIHED      =        20.7656
 1-4 NB =        10.2065  1-4 EEL =      -591.7186  VDWAALS    =      1614.5822
 EELEC  =    -11335.0297  EHBOND  =         0.0000  RESTRAINT  =         0.0000
 Ewald error estimate:   0.6178E-04
 ------------------------------------------------------------------------------

wrapping first mol.:      -37.00014        0.00000        0.00000

 NSTEP =     8000   TIME(PS) =      16.000  TEMP(K) =   456.04  PRESS =     0.0
 Etot   =     -7442.2873  EKtot   =      2945.2467  EPtot      =    -10387.5340
 BOND   =        10.2213  ANGLE   =        20.0537  DIHED      =        16.1031
 1-4 NB =        11.0435  1-4 EEL =      -595.9908  VDWAALS    =      1541.7158
 EELEC  =    -11390.6807  EHBOND  =         0.0000  RESTRAINT  =         0.0000
 Ewald error estimate:   0.6101E-03
 ------------------------------------------------------------------------------

wrapping first mol.:      -37.00014        0.00000        0.00000

 NSTEP =     8500   TIME(PS) =      17.000  TEMP(K) =   449.46  PRESS =     0.0
 Etot   =     -7455.4345  EKtot   =      2902.7565  EPtot      =    -10358.1910
 BOND   =         9.0469  ANGLE   =        22.7161  DIHED      =        14.3291
 1-4 NB =        12.8759  1-4 EEL =      -594.1018  VDWAALS    =      1601.7738
 EELEC  =    -11424.8310  EHBOND  =         0.0000  RESTRAINT  =         0.0000
 Ewald error estimate:   0.3881E-04
 ------------------------------------------------------------------------------

wrapping first mol.:      -37.00014        0.00000        0.00000

 NSTEP =     9000   TIME(PS) =      18.000  TEMP(K) =   445.31  PRESS =     0.0
 Etot   =     -7475.2405  EKtot   =      2875.9515  EPtot      =    -10351.1920
 BOND   =         7.6928  ANGLE   =        20.0511  DIHED      =        28.4119
 1-4 NB =        11.3081  1-4 EEL =      -597.4075  VDWAALS    =      1623.8894
 EELEC  =    -11445.1379  EHBOND  =         0.0000  RESTRAINT  =         0.0000
 Ewald error estimate:   0.2244E-03
 ------------------------------------------------------------------------------

wrapping first mol.:      -37.00014        0.00000        0.00000

 NSTEP =     9500   TIME(PS) =      19.000  TEMP(K) =   449.75  PRESS =     0.0
 Etot   =     -7438.4162  EKtot   =      2904.6621  EPtot      =    -10343.0783
 BOND   =         9.4099  ANGLE   =        22.6471  DIHED      =        24.0843
 1-4 NB =        14.5110  1-4 EEL =      -609.2988  VDWAALS    =      1558.9009
 EELEC  =    -11363.3326  EHBOND  =         0.0000  RESTRAINT  =         0.0000
 Ewald error estimate:   0.2458E-05
 ------------------------------------------------------------------------------


 NSTEP =    10000   TIME(PS) =      20.000  TEMP(K) =   460.44  PRESS =     0.0
 Etot   =     -7348.6606  EKtot   =      2973.7112  EPtot      =    -10322.3718
 BOND   =        11.9096  ANGLE   =        16.4446  DIHED      =        18.7200
 1-4 NB =        11.1032  1-4 EEL =      -599.0206  VDWAALS    =      1589.6723
 EELEC  =    -11371.2010  EHBOND  =         0.0000  RESTRAINT  =         0.0000
 Ewald error estimate:   0.4098E-03
 ------------------------------------------------------------------------------


      A V E R A G E S   O V E R      20 S T E P S


 NSTEP =    10000   TIME(PS) =      20.000  TEMP(K) =   437.36  PRESS =     0.0
 Etot   =     -7670.5502  EKtot   =      2824.6033  EPtot      =    -10495.1536
 BOND   =        11.1299  ANGLE   =        22.4072  DIHED      =        18.3212
 1-4 NB =        12.1489  1-4 EEL =      -601.9998  VDWAALS    =      1663.6981
 EELEC  =    -11620.8590  EHBOND  =         0.0000  RESTRAINT  =         0.0000
 Ewald error estimate:   0.2043E-03
 ------------------------------------------------------------------------------


      R M S  F L U C T U A T I O N S


 NSTEP =    10000   TIME(PS) =      20.000  TEMP(K) =    27.51  PRESS =     0.0
 Etot   =       523.8624  EKtot   =       177.6765  EPtot      =       352.4284
 BOND   =         2.4259  ANGLE   =         3.6924  DIHED      =         4.7476
 1-4 NB =         0.9712  1-4 EEL =         6.4735  VDWAALS    =       139.0092
 EELEC  =       475.0480  EHBOND  =         0.0000  RESTRAINT  =         0.0000
 Ewald error estimate:   0.1842E-03
 ------------------------------------------------------------------------------

--------------------------------------------------------------------------------
   5.  TIMINGS
--------------------------------------------------------------------------------

|  NonSetup CPU Time in Major Routines, Average for All Tasks:
|
|     Routine           Sec        %
|     ------------------------------
|     DataDistrib       2.25   11.78
|     Nonbond          15.73   82.40
|     Bond              0.03    0.14
|     Angle             0.03    0.18
|     Dihedral          0.05    0.25
|     Shake             0.12    0.65
|     RunMD             0.85    4.47
|     Other             0.03    0.14
|     ------------------------------
|     Total            19.09

|  PME Nonbond Pairlist CPU Time, Average for All Tasks:
|
|     Routine              Sec        %
|     ---------------------------------
|     Set Up Cit           0.07    0.39
|     Build List           2.46   12.90
|     ---------------------------------
|     Total                2.54   13.29

|  PME Direct Force CPU Time, Average for All Tasks:
|
|     Routine              Sec        %
|     ---------------------------------
|     NonBonded Calc       9.89   51.84
|     Exclude Masked       0.13    0.69
|     Other                0.48    2.54
|     ---------------------------------
|     Total               10.51   55.07

|  PME Reciprocal Force CPU Time, Average for All Tasks:
|
|     Routine              Sec        %
|     ---------------------------------
|     1D bspline           0.23    1.19
|     Grid Charges         0.24    1.26
|     Scalar Sum           0.21    1.11
|     Gradient Sum         0.42    2.19
|     FFT                  1.52    7.95
|     ---------------------------------
|     Total                2.62   13.70

|  PME Load Balancing CPU Time, Average for All Tasks:
|
|     Routine                 Sec        %
|     ------------------------------------
|     Atom Reassign           0.00    0.00
|     Image Reassign          0.00    0.01
|     FFT Reassign            0.00    0.00
|     ------------------------------------
|     Total                   0.00    0.02

|  Final Performance Info:
|     -----------------------------------------------------
|     Average timings for last   10000 steps:
|     Elapsed(s) =      19.09 Per Step(ms) =       1.91
|         ns/day =      90.50   seconds/ns =     954.71
|
|     Average timings for all steps:
|     Elapsed(s) =      19.09 Per Step(ms) =       1.91
|         ns/day =      90.50   seconds/ns =     954.71
|     -----------------------------------------------------

|  Master Setup CPU time:            0.03 seconds
|  Master NonSetup CPU time:        19.07 seconds
|  Master Total CPU time:           19.10 seconds     0.01 hours

|  Master Setup wall time:           0    seconds
|  Master NonSetup wall time:       19    seconds
|  Master Total wall time:          19    seconds     0.01 hours
