Run on Tue Mar 15 10:30:40 2022
<++>-----------------------------------------------------------------------<++>

INPUT LINE TEXT:

mdgx -i gaff_01/resp.in 


INPUT FILE TEXT:


&files
  -o    gaff_01/resp.out
&end

&fitq
  ipolq  gaff_01/GenConformers/Conf1/grid_output.vacu  gaff_01/GenConformers/Conf1/grid_output.solv   gaff_01/mon_V.top   1.0
  ipolq  gaff_01/GenConformers/Conf2/grid_output.vacu  gaff_01/GenConformers/Conf2/grid_output.solv   gaff_01/mon_V.top   1.0
  ipolq  gaff_01/GenConformers/Conf3/grid_output.vacu  gaff_01/GenConformers/Conf3/grid_output.solv   gaff_01/mon_V.top   1.0
  ipolq  gaff_01/GenConformers/Conf4/grid_output.vacu  gaff_01/GenConformers/Conf4/grid_output.solv   gaff_01/mon_V.top   1.0
  ipolq  gaff_01/GenConformers/Conf5/grid_output.vacu  gaff_01/GenConformers/Conf5/grid_output.solv   gaff_01/mon_V.top   1.0
  ipolq  gaff_01/GenConformers/Conf6/grid_output.vacu  gaff_01/GenConformers/Conf6/grid_output.solv   gaff_01/mon_V.top   1.0
  ipolq  gaff_01/GenConformers/Conf7/grid_output.vacu  gaff_01/GenConformers/Conf7/grid_output.solv   gaff_01/mon_V.top   1.0
  ipolq  gaff_01/GenConformers/Conf8/grid_output.vacu  gaff_01/GenConformers/Conf8/grid_output.solv   gaff_01/mon_V.top   1.0
  ipolq  gaff_01/GenConformers/Conf9/grid_output.vacu  gaff_01/GenConformers/Conf9/grid_output.solv   gaff_01/mon_V.top   1.0
  ipolq  gaff_01/GenConformers/Conf10/grid_output.vacu  gaff_01/GenConformers/Conf10/grid_output.solv   gaff_01/mon_V.top   1.0
  ipolq  gaff_01/GenConformers/Conf11/grid_output.vacu  gaff_01/GenConformers/Conf11/grid_output.solv   gaff_01/mon_V.top   1.0
  ipolq  gaff_01/GenConformers/Conf12/grid_output.vacu  gaff_01/GenConformers/Conf12/grid_output.solv   gaff_01/mon_V.top   1.0
  ipolq  gaff_01/GenConformers/Conf13/grid_output.vacu  gaff_01/GenConformers/Conf13/grid_output.solv   gaff_01/mon_V.top   1.0
  ipolq  gaff_01/GenConformers/Conf14/grid_output.vacu  gaff_01/GenConformers/Conf14/grid_output.solv   gaff_01/mon_V.top   1.0
  ipolq  gaff_01/GenConformers/Conf15/grid_output.vacu  gaff_01/GenConformers/Conf15/grid_output.solv   gaff_01/mon_V.top   1.0
  ipolq  gaff_01/GenConformers/Conf16/grid_output.vacu  gaff_01/GenConformers/Conf16/grid_output.solv   gaff_01/mon_V.top   1.0
  ipolq  gaff_01/GenConformers/Conf17/grid_output.vacu  gaff_01/GenConformers/Conf17/grid_output.solv   gaff_01/mon_V.top   1.0
  ipolq  gaff_01/GenConformers/Conf18/grid_output.vacu  gaff_01/GenConformers/Conf18/grid_output.solv   gaff_01/mon_V.top   1.0
  ipolq  gaff_01/GenConformers/Conf19/grid_output.vacu  gaff_01/GenConformers/Conf19/grid_output.solv   gaff_01/mon_V.top   1.0
  ipolq  gaff_01/GenConformers/Conf20/grid_output.vacu  gaff_01/GenConformers/Conf20/grid_output.solv   gaff_01/mon_V.top   1.0

  % The minimum proximity of any two points to be included in the fit
  flim      0.39

  % The number of fitting points to select from each electrostatic potential grid 
  nfpt      3750

  % Calculation settings
  maxmem    6GB
  verbose   1

  % Constraints on equivalent atoms
  equalq    ':MON & @H,H1,H2'
  equalq    ':MON & @H3,H4'
  equalq    ':MON & @H5,H6,H7'

  % Restrain charges on buried atoms
  minq      ':MON & @C7'
  minq      ':MON & @C8'
  minq      ':MON & @C3'

  % Force constant by which to restrain charges
  minqwt    1.0e-2

  % Sum of all charges (total charge restraint)
  qtot      0.0

  %%%%%%%%%%%%%%%%%%%%%%%%%%%%%%%%%%%%%%%%%%%%%%%%%%%%%%%%%%%%%
  %%% The following solvent probe parameters are for SPC/Eb %%%
  %%%%%%%%%%%%%%%%%%%%%%%%%%%%%%%%%%%%%%%%%%%%%%%%%%%%%%%%%%%%%
  % Lennard-Jones sigma (Å) of solvent probe
  psig      3.1657
  % Lennard-Jones epsilon (kcal/mol) of solvent probe
  peps      0.1553
  % The probe arm; points on the electrostatic potential grid that 
  % would be inaccessible to the solvent probe may still be included 
  % in the fit if they are within the probe arm’s reach
  parm      1.01

  % Maximum Lennard-Jones energy (kcal/mol) of solvent probe at which
  % a point will qualify for inclusion in the fit
  pnrg      0.0

&end
<++>-----------------------------------------------------------------------<++>

<++>-----------------------------------------------------------------------<++>
(1.) Overall accuracy of the derived charges.

  The electrostatic potential was fitted in two ways.  First, a traditional 
  REsP fit was performed to obtain a set of IPolQ charges by fitting them 
  directly to the average of the vacuum and condensed-phase potentials.  Next, 
  a two-component REsP was performed to fit a set of charges to the vacuum 
  phase potential only, restrained under the same conditions as the first set 
  of IPolQ charges, and to simultaneously fit a second set of IPolQ charges 
  composed of the vacuum charge set plus a minimal perturbation.  This second 
  approach to fitting IPolQ charges produces a result which can be related to 
  charges appropriate for potential energy surfaces of systems in vacuum, 
  which suggests a means of obtaining an appropriate set of torsion potential 
  Fourier terms for IPolQ charges.

                    Accuracy to Aggregate Target
   Charge Set      Correlation   RMS Error   Snap
 -------------     -----------  -----------  ----
 IPolQ (orig)           0.9912       1.9770     1
 Vacuum                 0.9842       2.1982     1
 IPolQ (pert)           0.9925       1.8333     1

  The electrostatic potential is easier to fit for some systems and targets 
  than others.  The following table gives values for individual systems.

                                   IPolQ (orig)      Vacuum      IPolQ (pert)
 System                            Corr   RMSE    Corr   RMSE    Corr   RMSE
 ------------------------------   ------ ------  ------ ------  ------ ------
 gaff_01/mon_V.top                 0.991   1.98   0.984   2.20   0.992   1.83
<++>-----------------------------------------------------------------------<++>

<++>-----------------------------------------------------------------------<++>
(2.) Charges on all atoms, proton units

 System 1: gaff_01/mon_V.top
 Atom  IPolQ,orig   Vacuum Q    Delta Q    IPolQ,pert
 ----  ----------  ----------  ----------  ----------
 C       -0.30179    -0.28277     0.00845    -0.27432
 C1       0.20695     0.17343     0.00824     0.18167
 O       -0.39355    -0.35730    -0.04975    -0.40705
 C2       0.66078     0.57089     0.28552     0.85641
 O1      -0.62922    -0.52164    -0.15286    -0.67450
 C3      -0.09829    -0.09862    -0.51228    -0.61091
 C4       0.23729     0.25303     0.29777     0.55080
 C5      -0.38029    -0.38167    -0.08239    -0.46405
 N       -0.40445    -0.37309    -0.18984    -0.56293
 C6       0.60177     0.45819     0.25740     0.71559
 S       -0.72794    -0.57095    -0.16345    -0.73440
 N1      -0.53790    -0.49159    -0.23153    -0.72313
 C7       0.02758     0.03119     0.56480     0.59600
 C8       0.03294     0.03581    -0.06371    -0.02789
 C9      -0.19717    -0.17594    -0.08592    -0.26186
 C10     -0.14953    -0.13295     0.05099    -0.08196
 C11     -0.31242    -0.28694    -0.07853    -0.36547
 C12      0.39326     0.34775     0.11125     0.45900
 O2      -0.58770    -0.49294    -0.10537    -0.59832
 C13     -0.29796    -0.26209    -0.09590    -0.35799
 H        0.09388     0.08758     0.00016     0.08774
 H1       0.09388     0.08758     0.00016     0.08774
 H2       0.09388     0.08758     0.00016     0.08774
 H3       0.05543     0.05532     0.00148     0.05680
 H4       0.05543     0.05532     0.00148     0.05680
 H5       0.14024     0.12988     0.02105     0.15093
 H6       0.14024     0.12988     0.02105     0.15093
 H7       0.14024     0.12988     0.02105     0.15093
 H8       0.37021     0.32766     0.05859     0.38625
 H9       0.40819     0.36684     0.04403     0.41087
 H10      0.14377     0.12366    -0.09442     0.02924
 H11      0.15013     0.13447     0.02137     0.15584
 H12      0.17756     0.15922     0.00670     0.16592
 H13      0.18878     0.17310     0.02225     0.19535
 H14      0.42912     0.35469     0.07528     0.42998
 H15      0.17666     0.15554     0.02671     0.18225
<++>-----------------------------------------------------------------------<++>

<++>-----------------------------------------------------------------------<++>
(3.) Charges on all atoms, prmtop format (proton units scaled by 18.2223)

 System 1: gaff_01/mon_V.top
 -4.99874121e+00  3.31044515e+00 -7.41738702e+00  1.56057595e+01 -1.22909410e+01
 -1.11321850e+01  1.00368426e+01 -8.45605809e+00 -1.02578791e+01  1.30396953e+01
 -1.33824568e+01 -1.31770915e+01  1.08604905e+01 -5.08219934e-01 -4.77169135e+00
 -1.49349967e+00 -6.65970381e+00  8.36403548e+00 -1.09027663e+01 -6.52340101e+00
  1.59882456e+00  1.59882456e+00  1.59882456e+00  1.03502661e+00  1.03502661e+00
  2.75029167e+00  2.75029167e+00  2.75029167e+00  7.03836319e+00  7.48699621e+00
  5.32820038e-01  2.83976316e+00  3.02344394e+00  3.55972621e+00  7.83522435e+00
  3.32101409e+00
<++>-----------------------------------------------------------------------<++>

<++>-----------------------------------------------------------------------<++>
(4.) Dipole moments on all conformations, (units of Debye)

                        IPolQ,orig        Vacuum        IPolQ,pert
 System               Mean   Stdev.    Mean   Stdev.    Mean   Stdev.
 -----------------   ------  ------   ------  ------   ------  ------
 gaff_01/mon_V.top     7.48    0.88     6.16    0.71     7.43    0.93
<++>-----------------------------------------------------------------------<++>

<++>-----------------------------------------------------------------------<++>
(5.) Timings for the fitting problem.

 Segment                 Time / Percentage
 ----------------------  ---------  ------
 Setup                        0.16    0.52
 Grid Reading                 8.08   26.62
 Grid Processing             12.10   39.86
 Point Sorting                8.09   26.66
 Point Selection              0.86    2.83
 Least Squares, REsP          0.12    0.41
 Least Squares, IPolQ         0.95    3.12
 Output Printing              0.00    0.01
 Total CPU Time              30.36  100.00
<++>-----------------------------------------------------------------------<++>

