
          -------------------------------------------------------
          Amber 18 PMEMD                              2018
          -------------------------------------------------------

| PMEMD implementation of SANDER, Release 18

| Run on 04/22/2022 at 01:11:06

|   Executable path: pmemd
| Working directory: /bgfs/lchong/dty7/ff15ipq-lig/charges/gaff_00/GenConformers/Conf12
|          Hostname: smp-n123

  [-O]verwriting output

File Assignments:
|   MDIN: ../../../amber/6.2_eq1.in                                             
|  MDOUT: 6.2_eq1.out                                                           
| INPCRD: 6.1_min.rst                                                           
|   PARM: ../../mon.top                                                         
| RESTRT: 6.2_eq1.rst                                                           
|   REFC: 6.1_min.rst                                                           
|  MDVEL: mdvel                                                                 
|   MDEN: mden                                                                  
|  MDCRD: mdcrd                                                                 
| MDINFO: mdinfo                                                                
|  MDFRC: mdfrc                                                                 

 
 Here is the input file:
 
&cntrl                                                                         
  imin      = 0,                                                               
  irest     = 0,                                                               
  ntx       = 1,                                                               
  ig        = -1,                                                              
  dt        = 0.002,                                                           
  nstlim    = 10000,                                                           
  nscm      = 500,                                                             
  ntr       = 1,                                                               
  restraintmask = ':1',                                                        
  restraint_wt  = 10.0,                                                        
  ntb       = 1,                                                               
  ntp       = 0,                                                               
  ntt       = 3,                                                               
  tempi     = 298.0,                                                           
  temp0     = 298.0,                                                           
  gamma_ln  = 1.0,                                                             
  ntf       = 2,                                                               
  ntc       = 2,                                                               
  cut       = 10.0,                                                            
  ntpr      = 500,                                                             
  ntxo      = 2,                                                               
  ntwr      = 10000,                                                           
  ioutfm    = 1,                                                               
  ntwx      = 500,                                                             
  iwrap     = 1,                                                               
&end                                                                           


Note: ig = -1. Setting random seed to    69026 based on wallclock time in 
      microseconds.
| irandom = 1, using AMBER's internal random number generator (default).
 
 
| Conditional Compilation Defines Used:
| PUBFFT
| BINTRAJ
| MKL
| EMIL
 
| Largest sphere to fit in unit cell has radius =    14.818

| New format PARM file being parsed.
| Version =    1.000 Date = 04/21/22 Time = 16:39:25

| Note: 1-4 EEL scale factors are being read from the topology file.

| Note: 1-4 VDW scale factors are being read from the topology file.
| Duplicated    0 dihedrals

| Duplicated    0 dihedrals

--------------------------------------------------------------------------------
   1.  RESOURCE   USE: 
--------------------------------------------------------------------------------

 getting box info from netcdf restart file
 NATOM  =    3240 NTYPES =      13 NBONH =    3220 MBONA  =      21
 NTHETH =      33 MTHETA =      29 NPHIH =      60 MPHIA  =      45
 NHPARM =       0 NPARM  =       0 NNB   =    4456 NRES   =    1069
 NBONA  =      21 NTHETA =      29 NPHIA =      45 NUMBND =      22
 NUMANG =      35 NPTRA  =      18 NATYP =      17 NPHB   =       0
 IFBOX  =       2 NMXRS  =      36 IFCAP =       0 NEXTRA =       0
 NCOPY  =       0

| Coordinate Index Table dimensions:     5    5    5
| Direct force subcell size =     7.2594    7.2594    7.2594

     BOX TYPE: TRUNCATED OCTAHEDRON

--------------------------------------------------------------------------------
   2.  CONTROL  DATA  FOR  THE  RUN
--------------------------------------------------------------------------------

MON                                                                             

General flags:
     imin    =       0, nmropt  =       0

Nature and format of input:
     ntx     =       1, irest   =       0, ntrx    =       1

Nature and format of output:
     ntxo    =       2, ntpr    =     500, ntrx    =       1, ntwr    =   10000
     iwrap   =       1, ntwx    =     500, ntwv    =       0, ntwe    =       0
     ioutfm  =       1, ntwprt  =       0, idecomp =       0, rbornstat=      0

Potential function:
     ntf     =       2, ntb     =       1, igb     =       0, nsnb    =      25
     ipol    =       0, gbsa    =       0, iesp    =       0
     dielc   =   1.00000, cut     =  10.00000, intdiel =   1.00000

Frozen or restrained atoms:
     ibelly  =       0, ntr     =       1
     restraint_wt =  10.00000

Molecular dynamics:
     nstlim  =     10000, nscm    =         0, nrespa  =         1
     t       =   0.00000, dt      =   0.00200, vlimit  =  20.00000

Langevin dynamics temperature regulation:
     ig      =   69026
     temp0   = 298.00000, tempi   = 298.00000, gamma_ln=   1.00000

SHAKE:
     ntc     =       2, jfastw  =       0
     tol     =   0.00001

| Intermolecular bonds treatment:
|     no_intermolecular_bonds =       1

| Energy averages sample interval:
|     ene_avg_sampling =     500

Ewald parameters:
     verbose =       0, ew_type =       0, nbflag  =       1, use_pme =       1
     vdwmeth =       1, eedmeth =       1, netfrc  =       1
     Box X =   36.297   Box Y =   36.297   Box Z =   36.297
     Alpha =  109.471   Beta  =  109.471   Gamma =  109.471
     NFFT1 =   40       NFFT2 =   40       NFFT3 =   40
     Cutoff=   10.000   Tol   =0.100E-04
     Ewald Coefficient =  0.27511
     Interpolation order =    4

    LOADING THE CONSTRAINED ATOMS AS GROUPS


   5.  REFERENCE ATOM COORDINATES

  MON                                                                             
     Mask :1; matches    36 atoms

--------------------------------------------------------------------------------
   3.  ATOMIC COORDINATES AND VELOCITIES
--------------------------------------------------------------------------------

MON                                                                             
 begin time read from input coords =     0.000 ps

 
 Number of triangulated 3-point waters found:     1068

     Sum of charges from parm topology file =  -0.00200217
     Forcing neutrality...

| Dynamic Memory, Types Used:
| Reals              237795
| Integers            92714

| Nonbonded Pairs Initial Allocation:      980019

--------------------------------------------------------------------------------
   4.  RESULTS
--------------------------------------------------------------------------------

 ---------------------------------------------------
 APPROXIMATING switch and d/dx switch using CUBIC SPLINE INTERPOLATION
 using   5000.0 points per unit in tabled values
 TESTING RELATIVE ERROR over r ranging from 0.0 to cutoff
| CHECK switch(x): max rel err =   0.3316E-14   at   2.351880
| CHECK d/dx switch(x): max rel err =   0.8066E-11   at   2.747240
 ---------------------------------------------------
|---------------------------------------------------
| APPROXIMATING direct energy using CUBIC SPLINE INTERPOLATION
|  with   50.0 points per unit in tabled values
| Relative Error Limit not exceeded for r .gt.   2.34
| APPROXIMATING direct force using CUBIC SPLINE INTERPOLATION
|  with   50.0 points per unit in tabled values
| Relative Error Limit not exceeded for r .gt.   2.81
|---------------------------------------------------

 NSTEP =        0   TIME(PS) =       0.000  TEMP(K) =   448.27  PRESS =     0.0
 Etot   =    -14551.4671  EKtot   =      2895.0937  EPtot      =    -17446.5607
 BOND   =         0.8259  ANGLE   =         3.8160  DIHED      =         9.5645
 1-4 NB =        10.6935  1-4 EEL =      -246.7326  VDWAALS    =      3764.2385
 EELEC  =    -20988.9667  EHBOND  =         0.0000  RESTRAINT  =         0.0000
 Ewald error estimate:   0.3940E-03
 ------------------------------------------------------------------------------

wrapping first mol.:       12.09905       17.11064       29.63649

 NSTEP =      500   TIME(PS) =       1.000  TEMP(K) =   245.46  PRESS =     0.0
 Etot   =    -11332.9737  EKtot   =      1585.2609  EPtot      =    -12918.2346
 BOND   =         5.0315  ANGLE   =        13.0556  DIHED      =        11.0700
 1-4 NB =        11.1632  1-4 EEL =      -245.3141  VDWAALS    =      2509.5893
 EELEC  =    -15233.1373  EHBOND  =         0.0000  RESTRAINT  =        10.3071
 EAMBER (non-restraint)  =    -12928.5417
 Ewald error estimate:   0.4667E-04
 ------------------------------------------------------------------------------

wrapping first mol.:       12.09905       17.11064       29.63649

 NSTEP =     1000   TIME(PS) =       2.000  TEMP(K) =   270.21  PRESS =     0.0
 Etot   =    -10914.1297  EKtot   =      1745.1451  EPtot      =    -12659.2748
 BOND   =         9.4779  ANGLE   =        17.8569  DIHED      =        12.0726
 1-4 NB =        10.8032  1-4 EEL =      -247.8856  VDWAALS    =      2471.9209
 EELEC  =    -14942.3138  EHBOND  =         0.0000  RESTRAINT  =         8.7931
 EAMBER (non-restraint)  =    -12668.0679
 Ewald error estimate:   0.7034E-04
 ------------------------------------------------------------------------------

wrapping first mol.:       12.09905       17.11064       29.63649

 NSTEP =     1500   TIME(PS) =       3.000  TEMP(K) =   287.93  PRESS =     0.0
 Etot   =    -10749.0449  EKtot   =      1859.5665  EPtot      =    -12608.6114
 BOND   =         7.4445  ANGLE   =        13.8719  DIHED      =        11.8477
 1-4 NB =        10.9292  1-4 EEL =      -248.6003  VDWAALS    =      2408.2667
 EELEC  =    -14819.4682  EHBOND  =         0.0000  RESTRAINT  =         7.0971
 EAMBER (non-restraint)  =    -12615.7085
 Ewald error estimate:   0.1600E-03
 ------------------------------------------------------------------------------

wrapping first mol.:       12.09905       17.11064       29.63649

 NSTEP =     2000   TIME(PS) =       4.000  TEMP(K) =   287.45  PRESS =     0.0
 Etot   =    -10604.8685  EKtot   =      1856.4800  EPtot      =    -12461.3485
 BOND   =         4.1831  ANGLE   =         9.3336  DIHED      =        12.4354
 1-4 NB =        12.0256  1-4 EEL =      -248.1596  VDWAALS    =      2381.3431
 EELEC  =    -14637.2279  EHBOND  =         0.0000  RESTRAINT  =         4.7183
 EAMBER (non-restraint)  =    -12466.0668
 Ewald error estimate:   0.2971E-03
 ------------------------------------------------------------------------------

wrapping first mol.:       12.09905       17.11064       29.63649

 NSTEP =     2500   TIME(PS) =       5.000  TEMP(K) =   290.74  PRESS =     0.0
 Etot   =    -10576.1849  EKtot   =      1877.6758  EPtot      =    -12453.8607
 BOND   =         7.2723  ANGLE   =        12.2831  DIHED      =        15.7126
 1-4 NB =        11.7025  1-4 EEL =      -248.0924  VDWAALS    =      2452.6596
 EELEC  =    -14711.8989  EHBOND  =         0.0000  RESTRAINT  =         6.5005
 EAMBER (non-restraint)  =    -12460.3612
 Ewald error estimate:   0.1726E-03
 ------------------------------------------------------------------------------

wrapping first mol.:       12.09905       17.11064       29.63649

 NSTEP =     3000   TIME(PS) =       6.000  TEMP(K) =   299.80  PRESS =     0.0
 Etot   =    -10495.0499  EKtot   =      1936.2290  EPtot      =    -12431.2790
 BOND   =         8.6611  ANGLE   =        13.8739  DIHED      =        10.6855
 1-4 NB =        12.0051  1-4 EEL =      -249.1403  VDWAALS    =      2213.4939
 EELEC  =    -14449.0228  EHBOND  =         0.0000  RESTRAINT  =         8.1648
 EAMBER (non-restraint)  =    -12439.4437
 Ewald error estimate:   0.5168E-03
 ------------------------------------------------------------------------------

wrapping first mol.:       12.09905       17.11064       29.63649

 NSTEP =     3500   TIME(PS) =       7.000  TEMP(K) =   304.77  PRESS =     0.0
 Etot   =    -10493.5875  EKtot   =      1968.3170  EPtot      =    -12461.9045
 BOND   =         4.3149  ANGLE   =        13.4276  DIHED      =        10.6388
 1-4 NB =        10.9031  1-4 EEL =      -247.3717  VDWAALS    =      2295.8463
 EELEC  =    -14558.3187  EHBOND  =         0.0000  RESTRAINT  =         8.6552
 EAMBER (non-restraint)  =    -12470.5597
 Ewald error estimate:   0.7122E-04
 ------------------------------------------------------------------------------

wrapping first mol.:       12.09905       17.11064       29.63649

 NSTEP =     4000   TIME(PS) =       8.000  TEMP(K) =   299.54  PRESS =     0.0
 Etot   =    -10423.8243  EKtot   =      1934.5561  EPtot      =    -12358.3805
 BOND   =         4.1390  ANGLE   =        11.9721  DIHED      =        10.3483
 1-4 NB =        11.5854  1-4 EEL =      -246.1270  VDWAALS    =      2349.4570
 EELEC  =    -14508.2627  EHBOND  =         0.0000  RESTRAINT  =         8.5074
 EAMBER (non-restraint)  =    -12366.8879
 Ewald error estimate:   0.2628E-03
 ------------------------------------------------------------------------------

wrapping first mol.:       12.09905       17.11064       29.63649

 NSTEP =     4500   TIME(PS) =       9.000  TEMP(K) =   295.60  PRESS =     0.0
 Etot   =    -10329.2504  EKtot   =      1909.0879  EPtot      =    -12238.3383
 BOND   =         4.1632  ANGLE   =        10.0818  DIHED      =        11.6982
 1-4 NB =        12.2372  1-4 EEL =      -248.6073  VDWAALS    =      2237.4521
 EELEC  =    -14276.6156  EHBOND  =         0.0000  RESTRAINT  =        11.2521
 EAMBER (non-restraint)  =    -12249.5905
 Ewald error estimate:   0.1408E-03
 ------------------------------------------------------------------------------

wrapping first mol.:       12.09905       17.11064       29.63649

 NSTEP =     5000   TIME(PS) =      10.000  TEMP(K) =   308.67  PRESS =     0.0
 Etot   =    -10391.7592  EKtot   =      1993.5079  EPtot      =    -12385.2671
 BOND   =         7.3068  ANGLE   =        12.9118  DIHED      =        11.8580
 1-4 NB =        11.1996  1-4 EEL =      -249.5293  VDWAALS    =      2341.0416
 EELEC  =    -14532.4632  EHBOND  =         0.0000  RESTRAINT  =        12.4077
 EAMBER (non-restraint)  =    -12397.6748
 Ewald error estimate:   0.1633E-03
 ------------------------------------------------------------------------------

wrapping first mol.:       12.09905       17.11064       29.63649

 NSTEP =     5500   TIME(PS) =      11.000  TEMP(K) =   305.16  PRESS =     0.0
 Etot   =    -10433.8415  EKtot   =      1970.8165  EPtot      =    -12404.6580
 BOND   =        11.9470  ANGLE   =        12.7809  DIHED      =        10.8219
 1-4 NB =        10.5378  1-4 EEL =      -245.5304  VDWAALS    =      2245.1785
 EELEC  =    -14461.1443  EHBOND  =         0.0000  RESTRAINT  =        10.7507
 EAMBER (non-restraint)  =    -12415.4087
 Ewald error estimate:   0.2030E-03
 ------------------------------------------------------------------------------

wrapping first mol.:       12.09905       17.11064       29.63649

 NSTEP =     6000   TIME(PS) =      12.000  TEMP(K) =   295.60  PRESS =     0.0
 Etot   =    -10457.3265  EKtot   =      1909.1260  EPtot      =    -12366.4525
 BOND   =         9.6422  ANGLE   =        13.0951  DIHED      =        12.6472
 1-4 NB =        10.7334  1-4 EEL =      -247.1388  VDWAALS    =      2360.5656
 EELEC  =    -14535.1892  EHBOND  =         0.0000  RESTRAINT  =         9.1919
 EAMBER (non-restraint)  =    -12375.6445
 Ewald error estimate:   0.2679E-03
 ------------------------------------------------------------------------------

wrapping first mol.:       12.09905       17.11064       29.63649

 NSTEP =     6500   TIME(PS) =      13.000  TEMP(K) =   303.05  PRESS =     0.0
 Etot   =    -10479.9693  EKtot   =      1957.2193  EPtot      =    -12437.1886
 BOND   =         4.8145  ANGLE   =        12.4255  DIHED      =        10.1672
 1-4 NB =        10.3322  1-4 EEL =      -247.0382  VDWAALS    =      2337.6034
 EELEC  =    -14571.5940  EHBOND  =         0.0000  RESTRAINT  =         6.1008
 EAMBER (non-restraint)  =    -12443.2894
 Ewald error estimate:   0.5776E-03
 ------------------------------------------------------------------------------

wrapping first mol.:       12.09905       17.11064       29.63649

 NSTEP =     7000   TIME(PS) =      14.000  TEMP(K) =   293.77  PRESS =     0.0
 Etot   =    -10535.5903  EKtot   =      1897.2698  EPtot      =    -12432.8601
 BOND   =         7.6777  ANGLE   =        12.7667  DIHED      =         8.8605
 1-4 NB =        11.0845  1-4 EEL =      -247.0128  VDWAALS    =      2270.9747
 EELEC  =    -14504.6521  EHBOND  =         0.0000  RESTRAINT  =         7.4406
 EAMBER (non-restraint)  =    -12440.3007
 Ewald error estimate:   0.4279E-04
 ------------------------------------------------------------------------------

wrapping first mol.:       12.09905       17.11064       29.63649

 NSTEP =     7500   TIME(PS) =      15.000  TEMP(K) =   297.92  PRESS =     0.0
 Etot   =    -10482.2510  EKtot   =      1924.0584  EPtot      =    -12406.3094
 BOND   =         6.6594  ANGLE   =        12.5754  DIHED      =        10.9228
 1-4 NB =        11.2989  1-4 EEL =      -247.7128  VDWAALS    =      2292.3952
 EELEC  =    -14497.5685  EHBOND  =         0.0000  RESTRAINT  =         5.1201
 EAMBER (non-restraint)  =    -12411.4295
 Ewald error estimate:   0.2929E-03
 ------------------------------------------------------------------------------

wrapping first mol.:       12.09905       17.11064       29.63649

 NSTEP =     8000   TIME(PS) =      16.000  TEMP(K) =   297.37  PRESS =     0.0
 Etot   =    -10470.0756  EKtot   =      1920.5359  EPtot      =    -12390.6115
 BOND   =         8.7565  ANGLE   =        18.1719  DIHED      =         9.9670
 1-4 NB =        11.0537  1-4 EEL =      -246.5440  VDWAALS    =      2334.2648
 EELEC  =    -14535.0834  EHBOND  =         0.0000  RESTRAINT  =         8.8019
 EAMBER (non-restraint)  =    -12399.4134
 Ewald error estimate:   0.1989E-03
 ------------------------------------------------------------------------------

wrapping first mol.:       12.09905       17.11064       29.63649

 NSTEP =     8500   TIME(PS) =      17.000  TEMP(K) =   306.06  PRESS =     0.0
 Etot   =    -10493.2127  EKtot   =      1976.6755  EPtot      =    -12469.8882
 BOND   =         6.9699  ANGLE   =        14.6854  DIHED      =        11.3317
 1-4 NB =        11.3661  1-4 EEL =      -248.9166  VDWAALS    =      2319.3321
 EELEC  =    -14592.3099  EHBOND  =         0.0000  RESTRAINT  =         7.6531
 EAMBER (non-restraint)  =    -12477.5414
 Ewald error estimate:   0.2445E-03
 ------------------------------------------------------------------------------

wrapping first mol.:       12.09905       17.11064       29.63649

 NSTEP =     9000   TIME(PS) =      18.000  TEMP(K) =   295.75  PRESS =     0.0
 Etot   =    -10434.5949  EKtot   =      1910.0440  EPtot      =    -12344.6389
 BOND   =         7.5121  ANGLE   =        16.4735  DIHED      =        12.8021
 1-4 NB =        10.7364  1-4 EEL =      -247.9657  VDWAALS    =      2327.1412
 EELEC  =    -14481.2747  EHBOND  =         0.0000  RESTRAINT  =         9.9363
 EAMBER (non-restraint)  =    -12354.5752
 Ewald error estimate:   0.3013E-04
 ------------------------------------------------------------------------------

wrapping first mol.:       12.09905       17.11064       29.63649

 NSTEP =     9500   TIME(PS) =      19.000  TEMP(K) =   301.17  PRESS =     0.0
 Etot   =    -10374.1457  EKtot   =      1945.0411  EPtot      =    -12319.1868
 BOND   =         6.4935  ANGLE   =        14.0140  DIHED      =        15.1158
 1-4 NB =        12.3490  1-4 EEL =      -246.6047  VDWAALS    =      2243.3442
 EELEC  =    -14374.0673  EHBOND  =         0.0000  RESTRAINT  =        10.1687
 EAMBER (non-restraint)  =    -12329.3555
 Ewald error estimate:   0.2056E-03
 ------------------------------------------------------------------------------

wrapping first mol.:       12.09905       17.11064       29.63649
wrapping first mol.:       12.09905       17.11064       29.63649

 NSTEP =    10000   TIME(PS) =      20.000  TEMP(K) =   301.55  PRESS =     0.0
 Etot   =    -10442.5697  EKtot   =      1947.5146  EPtot      =    -12390.0843
 BOND   =         6.8092  ANGLE   =        15.1787  DIHED      =        10.7075
 1-4 NB =        11.3431  1-4 EEL =      -249.0652  VDWAALS    =      2321.7930
 EELEC  =    -14515.2577  EHBOND  =         0.0000  RESTRAINT  =         8.4072
 EAMBER (non-restraint)  =    -12398.4914
 Ewald error estimate:   0.2427E-03
 ------------------------------------------------------------------------------


      A V E R A G E S   O V E R      20 S T E P S


 NSTEP =    10000   TIME(PS) =      20.000  TEMP(K) =   294.38  PRESS =     0.0
 Etot   =    -10545.7125  EKtot   =      1901.2064  EPtot      =    -12446.9189
 BOND   =         6.9638  ANGLE   =        13.5418  DIHED      =        11.5855
 1-4 NB =        11.2695  1-4 EEL =      -247.6178  VDWAALS    =      2335.6832
 EELEC  =    -14586.8435  EHBOND  =         0.0000  RESTRAINT  =         8.4987
 EAMBER (non-restraint)  =    -12455.4176
 Ewald error estimate:   0.2104E-03
 ------------------------------------------------------------------------------


      R M S  F L U C T U A T I O N S


 NSTEP =    10000   TIME(PS) =      20.000  TEMP(K) =    13.96  PRESS =     0.0
 Etot   =       221.5467  EKtot   =        90.1903  EPtot      =       140.2064
 BOND   =         2.0608  ANGLE   =         2.1333  DIHED      =         1.5912
 1-4 NB =         0.5508  1-4 EEL =         1.1721  VDWAALS    =        77.5121
 EELEC  =       204.8422  EHBOND  =         0.0000  RESTRAINT  =         1.9508
 EAMBER (non-restraint)  =       138.2556
 Ewald error estimate:   0.1395E-03
 ------------------------------------------------------------------------------

--------------------------------------------------------------------------------
   5.  TIMINGS
--------------------------------------------------------------------------------

|  NonSetup CPU Time in Major Routines:
|
|     Routine           Sec        %
|     ------------------------------
|     Nonbond         117.79   95.29
|     Bond              0.05    0.04
|     Angle             0.07    0.05
|     Dihedral          0.14    0.11
|     Shake             0.81    0.66
|     RunMD             4.67    3.78
|     Other             0.08    0.06
|     ------------------------------
|     Total           123.60

|  PME Nonbond Pairlist CPU Time:
|
|     Routine              Sec        %
|     ---------------------------------
|     Set Up Cit           0.14    0.12
|     Build List          29.48   23.85
|     ---------------------------------
|     Total               29.63   23.97

|  PME Direct Force CPU Time:
|
|     Routine              Sec        %
|     ---------------------------------
|     NonBonded Calc      66.01   53.41
|     Exclude Masked       0.85    0.69
|     Other                0.71    0.57
|     ---------------------------------
|     Total               67.57   54.66

|  PME Reciprocal Force CPU Time:
|
|     Routine              Sec        %
|     ---------------------------------
|     1D bspline           1.27    1.03
|     Grid Charges         1.70    1.37
|     Scalar Sum           1.35    1.09
|     Gradient Sum         2.20    1.78
|     FFT                 14.18   11.47
|     ---------------------------------
|     Total               20.69   16.74

|  Final Performance Info:
|     -----------------------------------------------------
|     Average timings for last    1000 steps:
|     Elapsed(s) =      13.65 Per Step(ms) =      13.65
|         ns/day =      12.66   seconds/ns =    6824.72
|
|     Average timings for all steps:
|     Elapsed(s) =     134.94 Per Step(ms) =      13.49
|         ns/day =      12.81   seconds/ns =    6747.20
|     -----------------------------------------------------

|  Setup CPU time:            0.03 seconds
|  NonSetup CPU time:       123.60 seconds
|  Total CPU time:          123.63 seconds     0.03 hours

|  Setup wall time:           2    seconds
|  NonSetup wall time:      135    seconds
|  Total wall time:         137    seconds     0.04 hours
