/ihome/lchong/dty7/bgfs-dty7/ff15ipq-lig/charges/gaff_00/GenConformers/Conf12
Running Conformation 12
removed ‘mdcrd’
mkdir: created directory ‘scratch’
IPolQ >> Sampling solvent charge density.

IPolQ >> Trimming charge cloud from 45360 atoms to 44557.
IPolQ >> Fitting shell charges.

IPolQ >> Shell charge fitting complete.
IPolQ >> Running vacuum phase quantum calculation with orca.
IPolQ >> Running solution phase quantum calculation with orca.
IPolQ >> Quantum and electrostatic potential calculations completed.
============================================================================
                               JOB STATISTICS                              
============================================================================
      SubmitTime: 2022-03-12T23:39:32
         EndTime: 2022-03-14T00:40:01
         RunTime: 07:04:41
           JobId: 5409642
            TRES: cpu=1,mem=8G,node=1
       Partition: smp
        NodeList: smp-n67
         Command: /bgfs/lchong/dty7/ff15ipq-lig/charges/gaff_00/GenConformers/Conf12/conf_12_mdgx_grid_gen.slurm
          StdOut: /bgfs/lchong/dty7/ff15ipq-lig/charges/gaff_00/GenConformers/Conf12/slurm_conf_12.out
More information:
    - `sacct -M smp -j 5409642 -S 2022-03-12T23:39:32 -E 2022-03-14T00:40:01`
   Print control:
    - List of all possible fields: `sacct --helpformat`
    - Add `--format=<field1,field2,etc>` with fields of interest
============================================================================
