
          -------------------------------------------------------
          Amber 18 PMEMD                              2018
          -------------------------------------------------------

| PMEMD implementation of SANDER, Release 18

| Run on 03/09/2022 at 00:58:16

|   Executable path: pmemd.MPI
| Working directory: /bgfs/lchong/dty7/ff15ipq-lig/charges/v00/GenConformers/Conf15
|          Hostname: smp-n123

  [-O]verwriting output

File Assignments:
|   MDIN: ../../../amber/6.3_eq2.in                                             
|  MDOUT: 6.3_eq2.out                                                           
| INPCRD: 6.2_eq1.rst                                                           
|   PARM: ../../mon.top                                                         
| RESTRT: 6.3_eq2.rst                                                           
|   REFC: 6.2_eq1.rst                                                           
|  MDVEL: mdvel                                                                 
|   MDEN: mden                                                                  
|  MDCRD: mdcrd                                                                 
| MDINFO: mdinfo                                                                
|LOGFILE: logfile                                                               
|  MDFRC: mdfrc                                                                 

 
 Here is the input file:
 
&cntrl                                                                         
  imin      = 0,                                                               
  irest     = 1,                                                               
  ntx       = 5,                                                               
  ig        = -1,                                                              
  dt        = 0.002,                                                           
  nstlim    = 50000,                                                           
  nscm      = 500,                                                             
  ntr       = 1,                                                               
  restraintmask = ':1',                                                        
  restraint_wt  = 10.0,                                                        
  ntb       = 2,                                                               
  ntp       = 1,                                                               
  barostat  = 2,                                                               
  pres0     = 1.0,                                                             
  mcbarint  = 100,                                                             
  comp      = 44.6,                                                            
  taup      = 1.0,                                                             
  ntt       = 3,                                                               
  temp0     = 298.0,                                                           
  gamma_ln  = 1.0,                                                             
  ntf       = 2,                                                               
  ntc       = 2,                                                               
  cut       = 10.0,                                                            
  ntpr      = 500,                                                             
  ntxo      = 1,                                                               
  ntwr      = 50000,                                                           
  ioutfm    = 1,                                                               
  ntwx      = 500,                                                             
  iwrap     = 1,                                                               
&end                                                                           


Note: ig = -1. Setting random seed to   882013 based on wallclock time in
      microseconds and disabling the synchronization of random numbers 
      between tasks to improve performance.
| irandom = 1, using AMBER's internal random number generator (default).
 
 
| Conditional Compilation Defines Used:
| MPI
| FFTW_FFT
| BINTRAJ
| MKL
| EMIL
 
| Largest sphere to fit in unit cell has radius =    14.744

| New format PARM file being parsed.
| Version =    1.000 Date = 03/08/22 Time = 18:50:46

| Note: 1-4 EEL scale factors are being read from the topology file.

| Note: 1-4 VDW scale factors are being read from the topology file.
| Duplicated    0 dihedrals

| Duplicated    0 dihedrals

--------------------------------------------------------------------------------
   1.  RESOURCE   USE: 
--------------------------------------------------------------------------------

 getting box info from netcdf restart file
 NATOM  =    3240 NTYPES =      14 NBONH =    3220 MBONA  =      21
 NTHETH =      33 MTHETA =      29 NPHIH =      58 MPHIA  =      46
 NHPARM =       0 NPARM  =       0 NNB   =    4456 NRES   =    1069
 NBONA  =      21 NTHETA =      29 NPHIA =      46 NUMBND =      22
 NUMANG =      35 NPTRA  =      22 NATYP =      17 NPHB   =       1
 IFBOX  =       2 NMXRS  =      36 IFCAP =       0 NEXTRA =       0
 NCOPY  =       0

| Coordinate Index Table dimensions:     5    5    5
| Direct force subcell size =     7.2233    7.2233    7.2233

     BOX TYPE: TRUNCATED OCTAHEDRON

--------------------------------------------------------------------------------
   2.  CONTROL  DATA  FOR  THE  RUN
--------------------------------------------------------------------------------

MON                                                                             

General flags:
     imin    =       0, nmropt  =       0

Nature and format of input:
     ntx     =       5, irest   =       1, ntrx    =       1

Nature and format of output:
     ntxo    =       1, ntpr    =     500, ntrx    =       1, ntwr    =   50000
     iwrap   =       1, ntwx    =     500, ntwv    =       0, ntwe    =       0
     ioutfm  =       1, ntwprt  =       0, idecomp =       0, rbornstat=      0

Potential function:
     ntf     =       2, ntb     =       2, igb     =       0, nsnb    =      25
     ipol    =       0, gbsa    =       0, iesp    =       0
     dielc   =   1.00000, cut     =  10.00000, intdiel =   1.00000

Frozen or restrained atoms:
     ibelly  =       0, ntr     =       1
     restraint_wt =  10.00000

Molecular dynamics:
     nstlim  =     50000, nscm    =         0, nrespa  =         1
     t       =   0.00000, dt      =   0.00200, vlimit  =  20.00000

Langevin dynamics temperature regulation:
     ig      =  882013
     temp0   = 298.00000, tempi   =   0.00000, gamma_ln=   1.00000

Pressure regulation:
     ntp     =       1
     pres0   =   1.00000, comp    =  44.60000, taup    =   1.00000
     Monte-Carlo Barostat:
     mcbarint  =     100

SHAKE:
     ntc     =       2, jfastw  =       0
     tol     =   0.00001

| Intermolecular bonds treatment:
|     no_intermolecular_bonds =       1

| Energy averages sample interval:
|     ene_avg_sampling =     500

Ewald parameters:
     verbose =       0, ew_type =       0, nbflag  =       1, use_pme =       1
     vdwmeth =       1, eedmeth =       1, netfrc  =       1
     Box X =   36.116   Box Y =   36.116   Box Z =   36.116
     Alpha =  109.471   Beta  =  109.471   Gamma =  109.471
     NFFT1 =   40       NFFT2 =   40       NFFT3 =   40
     Cutoff=   10.000   Tol   =0.100E-04
     Ewald Coefficient =  0.27511
     Interpolation order =    4

| PMEMD ewald parallel performance parameters:
|     block_fft =    0
|     fft_blk_y_divisor =    2
|     excl_recip =    0
|     excl_master =    0
|     atm_redist_freq =  320

    LOADING THE CONSTRAINED ATOMS AS GROUPS


   5.  REFERENCE ATOM COORDINATES

  MON                                                                             
     Mask :1; matches    36 atoms
| MONTE CARLO BAROSTAT IMPORTANT NOTE:
|   The Monte-Carlo barostat does not require the virial to adjust the system volume.
|   Since it is an expensive calculation, it is skipped for efficiency. A side-effect
|   is that the reported pressure is always 0 because it is not calculated.

--------------------------------------------------------------------------------
   3.  ATOMIC COORDINATES AND VELOCITIES
--------------------------------------------------------------------------------

MON                                                                             
 begin time read from input coords =    20.000 ps

 
 Number of triangulated 3-point waters found:     1068

     Sum of charges from parm topology file =  -0.00200217
     Forcing neutrality...

| Dynamic Memory, Types Used:
| Reals             1243290
| Integers           213799

| Nonbonded Pairs Initial Allocation:      317358

| Running AMBER/MPI version on    8 MPI task

 
--------------------------------------------------------------------------------
   4.  RESULTS
--------------------------------------------------------------------------------

 ---------------------------------------------------
 APPROXIMATING switch and d/dx switch using CUBIC SPLINE INTERPOLATION
 using   5000.0 points per unit in tabled values
 TESTING RELATIVE ERROR over r ranging from 0.0 to cutoff
| CHECK switch(x): max rel err =   0.3316E-14   at   2.351880
| CHECK d/dx switch(x): max rel err =   0.8066E-11   at   2.747240
 ---------------------------------------------------
|---------------------------------------------------
| APPROXIMATING direct energy using CUBIC SPLINE INTERPOLATION
|  with   50.0 points per unit in tabled values
| Relative Error Limit not exceeded for r .gt.   2.34
| APPROXIMATING direct force using CUBIC SPLINE INTERPOLATION
|  with   50.0 points per unit in tabled values
| Relative Error Limit not exceeded for r .gt.   2.81
|---------------------------------------------------

 NSTEP =      500   TIME(PS) =      21.000  TEMP(K) =   303.64  PRESS =     0.0
 Etot   =    -10418.1365  EKtot   =      1961.0086  EPtot      =    -12379.1451
 BOND   =        11.3503  ANGLE   =        16.5383  DIHED      =        14.3794
 1-4 NB =        12.2326  1-4 EEL =      -247.2330  VDWAALS    =      2420.9877
 EELEC  =    -14619.6088  EHBOND  =         0.0000  RESTRAINT  =        12.2082
 EAMBER (non-restraint)  =    -12391.3534
 EKCMT  =         0.0000  VIRIAL  =         0.0000  VOLUME     =     35738.6012
                                                    Density    =         0.9076
 Ewald error estimate:   0.5879E-04
 ------------------------------------------------------------------------------


 NSTEP =     1000   TIME(PS) =      22.000  TEMP(K) =   299.52  PRESS =     0.0
 Etot   =    -10393.3444  EKtot   =      1934.3854  EPtot      =    -12327.7298
 BOND   =        11.9134  ANGLE   =        15.6203  DIHED      =        12.0287
 1-4 NB =        12.5248  1-4 EEL =      -246.8016  VDWAALS    =      2426.3144
 EELEC  =    -14567.9098  EHBOND  =         0.0000  RESTRAINT  =         8.5800
 EAMBER (non-restraint)  =    -12336.3097
 EKCMT  =         0.0000  VIRIAL  =         0.0000  VOLUME     =     35137.8515
                                                    Density    =         0.9231
 Ewald error estimate:   0.1716E-03
 ------------------------------------------------------------------------------


 NSTEP =     1500   TIME(PS) =      23.000  TEMP(K) =   304.44  PRESS =     0.0
 Etot   =    -10474.3939  EKtot   =      1966.2041  EPtot      =    -12440.5980
 BOND   =        10.8308  ANGLE   =        21.4636  DIHED      =        12.2628
 1-4 NB =        11.1233  1-4 EEL =      -248.3195  VDWAALS    =      2417.0632
 EELEC  =    -14676.5152  EHBOND  =         0.0000  RESTRAINT  =        11.4930
 EAMBER (non-restraint)  =    -12452.0911
 EKCMT  =         0.0000  VIRIAL  =         0.0000  VOLUME     =     34678.5921
                                                    Density    =         0.9353
 Ewald error estimate:   0.2889E-03
 ------------------------------------------------------------------------------


 NSTEP =     2000   TIME(PS) =      24.000  TEMP(K) =   299.77  PRESS =     0.0
 Etot   =    -10504.0761  EKtot   =      1936.0383  EPtot      =    -12440.1143
 BOND   =         8.6603  ANGLE   =        15.9330  DIHED      =        12.2806
 1-4 NB =        10.9980  1-4 EEL =      -245.9287  VDWAALS    =      2401.4721
 EELEC  =    -14650.3416  EHBOND  =         0.0000  RESTRAINT  =         6.8118
 EAMBER (non-restraint)  =    -12446.9262
 EKCMT  =         0.0000  VIRIAL  =         0.0000  VOLUME     =     34511.3906
                                                    Density    =         0.9399
 Ewald error estimate:   0.2295E-04
 ------------------------------------------------------------------------------


 NSTEP =     2500   TIME(PS) =      25.000  TEMP(K) =   296.71  PRESS =     0.0
 Etot   =    -10601.1687  EKtot   =      1916.2943  EPtot      =    -12517.4630
 BOND   =        10.1088  ANGLE   =        16.2845  DIHED      =        13.4602
 1-4 NB =        11.0776  1-4 EEL =      -246.9999  VDWAALS    =      2550.2612
 EELEC  =    -14877.8613  EHBOND  =         0.0000  RESTRAINT  =         6.2059
 EAMBER (non-restraint)  =    -12523.6689
 EKCMT  =         0.0000  VIRIAL  =         0.0000  VOLUME     =     34018.6270
                                                    Density    =         0.9535
 Ewald error estimate:   0.4698E-04
 ------------------------------------------------------------------------------


 NSTEP =     3000   TIME(PS) =      26.000  TEMP(K) =   294.44  PRESS =     0.0
 Etot   =    -10695.9111  EKtot   =      1901.6231  EPtot      =    -12597.5342
 BOND   =         8.4159  ANGLE   =        17.2291  DIHED      =        13.4920
 1-4 NB =        12.8071  1-4 EEL =      -247.9616  VDWAALS    =      2332.9883
 EELEC  =    -14742.3977  EHBOND  =         0.0000  RESTRAINT  =         7.8928
 EAMBER (non-restraint)  =    -12605.4270
 EKCMT  =         0.0000  VIRIAL  =         0.0000  VOLUME     =     33889.3735
                                                    Density    =         0.9571
 Ewald error estimate:   0.2346E-05
 ------------------------------------------------------------------------------


 NSTEP =     3500   TIME(PS) =      27.000  TEMP(K) =   295.44  PRESS =     0.0
 Etot   =    -10646.1755  EKtot   =      1908.0605  EPtot      =    -12554.2360
 BOND   =         9.7194  ANGLE   =        13.8348  DIHED      =        10.6822
 1-4 NB =        11.3934  1-4 EEL =      -246.1807  VDWAALS    =      2394.9092
 EELEC  =    -14757.7653  EHBOND  =         0.0000  RESTRAINT  =         9.1711
 EAMBER (non-restraint)  =    -12563.4071
 EKCMT  =         0.0000  VIRIAL  =         0.0000  VOLUME     =     33575.9037
                                                    Density    =         0.9661
 Ewald error estimate:   0.5327E-04
 ------------------------------------------------------------------------------


 NSTEP =     4000   TIME(PS) =      28.000  TEMP(K) =   296.86  PRESS =     0.0
 Etot   =    -10710.7319  EKtot   =      1917.2153  EPtot      =    -12627.9472
 BOND   =         9.7495  ANGLE   =        18.2495  DIHED      =        14.1006
 1-4 NB =        11.7769  1-4 EEL =      -247.3400  VDWAALS    =      2473.9910
 EELEC  =    -14915.4670  EHBOND  =         0.0000  RESTRAINT  =         6.9923
 EAMBER (non-restraint)  =    -12634.9395
 EKCMT  =         0.0000  VIRIAL  =         0.0000  VOLUME     =     33048.4278
                                                    Density    =         0.9815
 Ewald error estimate:   0.6023E-04
 ------------------------------------------------------------------------------


 NSTEP =     4500   TIME(PS) =      29.000  TEMP(K) =   295.16  PRESS =     0.0
 Etot   =    -10675.8014  EKtot   =      1906.2522  EPtot      =    -12582.0536
 BOND   =         7.3354  ANGLE   =        14.9014  DIHED      =        10.5214
 1-4 NB =        11.6382  1-4 EEL =      -248.2400  VDWAALS    =      2570.4847
 EELEC  =    -14956.2657  EHBOND  =         0.0000  RESTRAINT  =         7.5710
 EAMBER (non-restraint)  =    -12589.6246
 EKCMT  =         0.0000  VIRIAL  =         0.0000  VOLUME     =     32618.3203
                                                    Density    =         0.9944
 Ewald error estimate:   0.1093E-03
 ------------------------------------------------------------------------------


 NSTEP =     5000   TIME(PS) =      30.000  TEMP(K) =   292.61  PRESS =     0.0
 Etot   =    -10701.0616  EKtot   =      1889.8084  EPtot      =    -12590.8700
 BOND   =         3.6073  ANGLE   =        20.3919  DIHED      =        12.9041
 1-4 NB =        11.7682  1-4 EEL =      -246.4849  VDWAALS    =      2445.0756
 EELEC  =    -14844.8800  EHBOND  =         0.0000  RESTRAINT  =         6.7478
 EAMBER (non-restraint)  =    -12597.6178
 EKCMT  =         0.0000  VIRIAL  =         0.0000  VOLUME     =     32399.1020
                                                    Density    =         1.0012
 Ewald error estimate:   0.1080E-03
 ------------------------------------------------------------------------------


 NSTEP =     5500   TIME(PS) =      31.000  TEMP(K) =   299.51  PRESS =     0.0
 Etot   =    -10734.8890  EKtot   =      1934.3371  EPtot      =    -12669.2261
 BOND   =         9.7562  ANGLE   =        19.4199  DIHED      =        13.1856
 1-4 NB =        10.9211  1-4 EEL =      -245.5312  VDWAALS    =      2539.0810
 EELEC  =    -15024.6772  EHBOND  =         0.0000  RESTRAINT  =         8.6185
 EAMBER (non-restraint)  =    -12677.8445
 EKCMT  =         0.0000  VIRIAL  =         0.0000  VOLUME     =     32210.5676
                                                    Density    =         1.0070
 Ewald error estimate:   0.2916E-03
 ------------------------------------------------------------------------------


 NSTEP =     6000   TIME(PS) =      32.000  TEMP(K) =   290.60  PRESS =     0.0
 Etot   =    -10806.7590  EKtot   =      1876.7936  EPtot      =    -12683.5526
 BOND   =        10.0599  ANGLE   =        16.9179  DIHED      =        13.6038
 1-4 NB =        12.3389  1-4 EEL =      -247.9492  VDWAALS    =      2476.2286
 EELEC  =    -14974.8197  EHBOND  =         0.0000  RESTRAINT  =        10.0673
 EAMBER (non-restraint)  =    -12693.6199
 EKCMT  =         0.0000  VIRIAL  =         0.0000  VOLUME     =     32239.5105
                                                    Density    =         1.0061
 Ewald error estimate:   0.1351E-04
 ------------------------------------------------------------------------------


 NSTEP =     6500   TIME(PS) =      33.000  TEMP(K) =   305.26  PRESS =     0.0
 Etot   =    -10704.7521  EKtot   =      1971.5087  EPtot      =    -12676.2607
 BOND   =        14.2367  ANGLE   =        18.4697  DIHED      =        11.2935
 1-4 NB =        11.7949  1-4 EEL =      -247.7110  VDWAALS    =      2458.7082
 EELEC  =    -14954.7309  EHBOND  =         0.0000  RESTRAINT  =        11.6781
 EAMBER (non-restraint)  =    -12687.9388
 EKCMT  =         0.0000  VIRIAL  =         0.0000  VOLUME     =     32215.7312
                                                    Density    =         1.0069
 Ewald error estimate:   0.9351E-04
 ------------------------------------------------------------------------------


 NSTEP =     7000   TIME(PS) =      34.000  TEMP(K) =   302.14  PRESS =     0.0
 Etot   =    -10783.5567  EKtot   =      1951.3023  EPtot      =    -12734.8590
 BOND   =         5.4666  ANGLE   =        17.4712  DIHED      =        11.8970
 1-4 NB =        12.0200  1-4 EEL =      -245.7480  VDWAALS    =      2452.4837
 EELEC  =    -14995.9819  EHBOND  =         0.0000  RESTRAINT  =         7.5324
 EAMBER (non-restraint)  =    -12742.3914
 EKCMT  =         0.0000  VIRIAL  =         0.0000  VOLUME     =     32521.9585
                                                    Density    =         0.9974
 Ewald error estimate:   0.5741E-04
 ------------------------------------------------------------------------------


 NSTEP =     7500   TIME(PS) =      35.000  TEMP(K) =   304.70  PRESS =     0.0
 Etot   =    -10686.6483  EKtot   =      1967.8814  EPtot      =    -12654.5297
 BOND   =         7.6436  ANGLE   =        16.6514  DIHED      =        14.3182
 1-4 NB =         9.8853  1-4 EEL =      -246.9256  VDWAALS    =      2504.0724
 EELEC  =    -14966.3551  EHBOND  =         0.0000  RESTRAINT  =         6.1801
 EAMBER (non-restraint)  =    -12660.7098
 EKCMT  =         0.0000  VIRIAL  =         0.0000  VOLUME     =     32257.0245
                                                    Density    =         1.0056
 Ewald error estimate:   0.2469E-03
 ------------------------------------------------------------------------------


 NSTEP =     8000   TIME(PS) =      36.000  TEMP(K) =   304.54  PRESS =     0.0
 Etot   =    -10716.0712  EKtot   =      1966.8056  EPtot      =    -12682.8768
 BOND   =         8.0360  ANGLE   =        16.7270  DIHED      =        11.8983
 1-4 NB =        10.9945  1-4 EEL =      -247.0161  VDWAALS    =      2532.0513
 EELEC  =    -15027.0994  EHBOND  =         0.0000  RESTRAINT  =        11.5317
 EAMBER (non-restraint)  =    -12694.4086
 EKCMT  =         0.0000  VIRIAL  =         0.0000  VOLUME     =     32296.0622
                                                    Density    =         1.0044
 Ewald error estimate:   0.2593E-03
 ------------------------------------------------------------------------------


 NSTEP =     8500   TIME(PS) =      37.000  TEMP(K) =   291.30  PRESS =     0.0
 Etot   =    -10785.2975  EKtot   =      1881.3004  EPtot      =    -12666.5980
 BOND   =         5.7257  ANGLE   =        13.8862  DIHED      =        13.3048
 1-4 NB =        11.1987  1-4 EEL =      -247.5543  VDWAALS    =      2425.2224
 EELEC  =    -14899.5755  EHBOND  =         0.0000  RESTRAINT  =        11.1940
 EAMBER (non-restraint)  =    -12677.7920
 EKCMT  =         0.0000  VIRIAL  =         0.0000  VOLUME     =     32286.3156
                                                    Density    =         1.0047
 Ewald error estimate:   0.1382E-03
 ------------------------------------------------------------------------------


 NSTEP =     9000   TIME(PS) =      38.000  TEMP(K) =   301.08  PRESS =     0.0
 Etot   =    -10750.4589  EKtot   =      1944.4573  EPtot      =    -12694.9162
 BOND   =        10.4045  ANGLE   =        15.7244  DIHED      =        14.2026
 1-4 NB =        10.9746  1-4 EEL =      -245.7558  VDWAALS    =      2547.8840
 EELEC  =    -15061.1718  EHBOND  =         0.0000  RESTRAINT  =        12.8212
 EAMBER (non-restraint)  =    -12707.7375
 EKCMT  =         0.0000  VIRIAL  =         0.0000  VOLUME     =     32380.5226
                                                    Density    =         1.0017
 Ewald error estimate:   0.5055E-03
 ------------------------------------------------------------------------------


 NSTEP =     9500   TIME(PS) =      39.000  TEMP(K) =   301.27  PRESS =     0.0
 Etot   =    -10777.1357  EKtot   =      1945.6998  EPtot      =    -12722.8355
 BOND   =         5.0713  ANGLE   =        18.2670  DIHED      =        15.1856
 1-4 NB =        11.6697  1-4 EEL =      -243.7953  VDWAALS    =      2489.2784
 EELEC  =    -15027.1460  EHBOND  =         0.0000  RESTRAINT  =         8.6338
 EAMBER (non-restraint)  =    -12731.4693
 EKCMT  =         0.0000  VIRIAL  =         0.0000  VOLUME     =     32388.6842
                                                    Density    =         1.0015
 Ewald error estimate:   0.3782E-04
 ------------------------------------------------------------------------------


 NSTEP =    10000   TIME(PS) =      40.000  TEMP(K) =   286.77  PRESS =     0.0
 Etot   =    -10859.7562  EKtot   =      1852.0508  EPtot      =    -12711.8071
 BOND   =         5.8137  ANGLE   =        11.2392  DIHED      =        15.6961
 1-4 NB =        10.6742  1-4 EEL =      -245.9932  VDWAALS    =      2589.6620
 EELEC  =    -15105.4741  EHBOND  =         0.0000  RESTRAINT  =         6.5751
 EAMBER (non-restraint)  =    -12718.3821
 EKCMT  =         0.0000  VIRIAL  =         0.0000  VOLUME     =     32285.3606
                                                    Density    =         1.0047
 Ewald error estimate:   0.4295E-03
 ------------------------------------------------------------------------------


 NSTEP =    10500   TIME(PS) =      41.000  TEMP(K) =   292.65  PRESS =     0.0
 Etot   =    -10879.1475  EKtot   =      1890.0584  EPtot      =    -12769.2059
 BOND   =         6.4676  ANGLE   =        15.9297  DIHED      =        15.5767
 1-4 NB =        10.7703  1-4 EEL =      -245.9094  VDWAALS    =      2554.1809
 EELEC  =    -15134.1651  EHBOND  =         0.0000  RESTRAINT  =         7.9435
 EAMBER (non-restraint)  =    -12777.1494
 EKCMT  =         0.0000  VIRIAL  =         0.0000  VOLUME     =     32129.7183
                                                    Density    =         1.0096
 Ewald error estimate:   0.1585E-03
 ------------------------------------------------------------------------------


 NSTEP =    11000   TIME(PS) =      42.000  TEMP(K) =   290.24  PRESS =     0.0
 Etot   =    -10917.9503  EKtot   =      1874.4687  EPtot      =    -12792.4190
 BOND   =         8.7859  ANGLE   =        12.8022  DIHED      =        13.2084
 1-4 NB =        10.5975  1-4 EEL =      -244.2610  VDWAALS    =      2562.2496
 EELEC  =    -15164.7790  EHBOND  =         0.0000  RESTRAINT  =         8.9773
 EAMBER (non-restraint)  =    -12801.3963
 EKCMT  =         0.0000  VIRIAL  =         0.0000  VOLUME     =     32195.9855
                                                    Density    =         1.0075
 Ewald error estimate:   0.3245E-03
 ------------------------------------------------------------------------------


 NSTEP =    11500   TIME(PS) =      43.000  TEMP(K) =   292.96  PRESS =     0.0
 Etot   =    -10798.1031  EKtot   =      1892.0752  EPtot      =    -12690.1783
 BOND   =         6.6469  ANGLE   =        20.6140  DIHED      =        14.4056
 1-4 NB =        14.6362  1-4 EEL =      -250.0351  VDWAALS    =      2558.0423
 EELEC  =    -15062.7264  EHBOND  =         0.0000  RESTRAINT  =         8.2382
 EAMBER (non-restraint)  =    -12698.4165
 EKCMT  =         0.0000  VIRIAL  =         0.0000  VOLUME     =     32337.8923
                                                    Density    =         1.0031
 Ewald error estimate:   0.2684E-03
 ------------------------------------------------------------------------------


 NSTEP =    12000   TIME(PS) =      44.000  TEMP(K) =   294.96  PRESS =     0.0
 Etot   =    -10757.7517  EKtot   =      1904.9832  EPtot      =    -12662.7348
 BOND   =         6.1666  ANGLE   =        20.3037  DIHED      =        18.9370
 1-4 NB =        12.1384  1-4 EEL =      -249.0092  VDWAALS    =      2645.0343
 EELEC  =    -15126.7294  EHBOND  =         0.0000  RESTRAINT  =        10.4239
 EAMBER (non-restraint)  =    -12673.1587
 EKCMT  =         0.0000  VIRIAL  =         0.0000  VOLUME     =     32212.1421
                                                    Density    =         1.0070
 Ewald error estimate:   0.1196E-03
 ------------------------------------------------------------------------------


 NSTEP =    12500   TIME(PS) =      45.000  TEMP(K) =   295.08  PRESS =     0.0
 Etot   =    -10798.2751  EKtot   =      1905.7061  EPtot      =    -12703.9812
 BOND   =         6.0098  ANGLE   =        22.1339  DIHED      =        13.2949
 1-4 NB =        11.2764  1-4 EEL =      -245.1883  VDWAALS    =      2490.6901
 EELEC  =    -15010.0635  EHBOND  =         0.0000  RESTRAINT  =         7.8655
 EAMBER (non-restraint)  =    -12711.8467
 EKCMT  =         0.0000  VIRIAL  =         0.0000  VOLUME     =     32224.5058
                                                    Density    =         1.0066
 Ewald error estimate:   0.5285E-03
 ------------------------------------------------------------------------------


 NSTEP =    13000   TIME(PS) =      46.000  TEMP(K) =   297.57  PRESS =     0.0
 Etot   =    -10786.0198  EKtot   =      1921.7938  EPtot      =    -12707.8136
 BOND   =         8.0793  ANGLE   =        16.4256  DIHED      =        13.2714
 1-4 NB =        11.3302  1-4 EEL =      -244.8125  VDWAALS    =      2502.1212
 EELEC  =    -15020.5467  EHBOND  =         0.0000  RESTRAINT  =         6.3178
 EAMBER (non-restraint)  =    -12714.1314
 EKCMT  =         0.0000  VIRIAL  =         0.0000  VOLUME     =     31860.3164
                                                    Density    =         1.0181
 Ewald error estimate:   0.7809E-04
 ------------------------------------------------------------------------------


 NSTEP =    13500   TIME(PS) =      47.000  TEMP(K) =   285.87  PRESS =     0.0
 Etot   =    -10908.4056  EKtot   =      1846.2564  EPtot      =    -12754.6620
 BOND   =         6.4427  ANGLE   =        16.6393  DIHED      =        14.2466
 1-4 NB =        10.6504  1-4 EEL =      -247.8029  VDWAALS    =      2581.3871
 EELEC  =    -15144.3233  EHBOND  =         0.0000  RESTRAINT  =         8.0980
 EAMBER (non-restraint)  =    -12762.7600
 EKCMT  =         0.0000  VIRIAL  =         0.0000  VOLUME     =     32019.9980
                                                    Density    =         1.0130
 Ewald error estimate:   0.9881E-04
 ------------------------------------------------------------------------------


 NSTEP =    14000   TIME(PS) =      48.000  TEMP(K) =   290.82  PRESS =     0.0
 Etot   =    -10890.8436  EKtot   =      1878.2505  EPtot      =    -12769.0941
 BOND   =         6.4126  ANGLE   =        15.2199  DIHED      =        11.2691
 1-4 NB =        12.2715  1-4 EEL =      -246.2484  VDWAALS    =      2614.8559
 EELEC  =    -15190.2056  EHBOND  =         0.0000  RESTRAINT  =         7.3309
 EAMBER (non-restraint)  =    -12776.4249
 EKCMT  =         0.0000  VIRIAL  =         0.0000  VOLUME     =     32039.2340
                                                    Density    =         1.0124
 Ewald error estimate:   0.4950E-03
 ------------------------------------------------------------------------------


 NSTEP =    14500   TIME(PS) =      49.000  TEMP(K) =   291.51  PRESS =     0.0
 Etot   =    -10835.5686  EKtot   =      1882.7113  EPtot      =    -12718.2799
 BOND   =        13.3404  ANGLE   =        15.6701  DIHED      =        14.1502
 1-4 NB =        11.6768  1-4 EEL =      -247.7014  VDWAALS    =      2531.2090
 EELEC  =    -15062.5588  EHBOND  =         0.0000  RESTRAINT  =         5.9338
 EAMBER (non-restraint)  =    -12724.2137
 EKCMT  =         0.0000  VIRIAL  =         0.0000  VOLUME     =     32188.9079
                                                    Density    =         1.0077
 Ewald error estimate:   0.1305E-04
 ------------------------------------------------------------------------------


 NSTEP =    15000   TIME(PS) =      50.000  TEMP(K) =   296.14  PRESS =     0.0
 Etot   =    -10848.0573  EKtot   =      1912.5512  EPtot      =    -12760.6086
 BOND   =         7.1786  ANGLE   =        16.8643  DIHED      =        13.0588
 1-4 NB =        11.5693  1-4 EEL =      -247.6476  VDWAALS    =      2531.6550
 EELEC  =    -15105.4603  EHBOND  =         0.0000  RESTRAINT  =        12.1733
 EAMBER (non-restraint)  =    -12772.7819
 EKCMT  =         0.0000  VIRIAL  =         0.0000  VOLUME     =     31956.7395
                                                    Density    =         1.0150
 Ewald error estimate:   0.2369E-04
 ------------------------------------------------------------------------------


 NSTEP =    15500   TIME(PS) =      51.000  TEMP(K) =   294.14  PRESS =     0.0
 Etot   =    -10744.3169  EKtot   =      1899.6773  EPtot      =    -12643.9942
 BOND   =         5.5267  ANGLE   =        18.0821  DIHED      =        12.5904
 1-4 NB =        12.9360  1-4 EEL =      -247.6154  VDWAALS    =      2498.3866
 EELEC  =    -14953.2607  EHBOND  =         0.0000  RESTRAINT  =         9.3601
 EAMBER (non-restraint)  =    -12653.3543
 EKCMT  =         0.0000  VIRIAL  =         0.0000  VOLUME     =     31939.9871
                                                    Density    =         1.0155
 Ewald error estimate:   0.2729E-03
 ------------------------------------------------------------------------------


 NSTEP =    16000   TIME(PS) =      52.000  TEMP(K) =   301.09  PRESS =     0.0
 Etot   =    -10825.0531  EKtot   =      1944.5641  EPtot      =    -12769.6172
 BOND   =         7.7271  ANGLE   =        15.5900  DIHED      =        10.7577
 1-4 NB =        10.2495  1-4 EEL =      -246.0695  VDWAALS    =      2519.4187
 EELEC  =    -15098.4130  EHBOND  =         0.0000  RESTRAINT  =        11.1223
 EAMBER (non-restraint)  =    -12780.7395
 EKCMT  =         0.0000  VIRIAL  =         0.0000  VOLUME     =     31890.8791
                                                    Density    =         1.0171
 Ewald error estimate:   0.4069E-04
 ------------------------------------------------------------------------------


 NSTEP =    16500   TIME(PS) =      53.000  TEMP(K) =   305.99  PRESS =     0.0
 Etot   =    -10735.1278  EKtot   =      1976.1843  EPtot      =    -12711.3121
 BOND   =         5.0111  ANGLE   =        18.1302  DIHED      =        11.8980
 1-4 NB =        10.8146  1-4 EEL =      -246.1247  VDWAALS    =      2477.1388
 EELEC  =    -14995.4739  EHBOND  =         0.0000  RESTRAINT  =         7.2938
 EAMBER (non-restraint)  =    -12718.6059
 EKCMT  =         0.0000  VIRIAL  =         0.0000  VOLUME     =     32142.4838
                                                    Density    =         1.0091
 Ewald error estimate:   0.3615E-03
 ------------------------------------------------------------------------------


 NSTEP =    17000   TIME(PS) =      54.000  TEMP(K) =   287.37  PRESS =     0.0
 Etot   =    -10759.2507  EKtot   =      1855.9465  EPtot      =    -12615.1972
 BOND   =         9.8811  ANGLE   =        15.8062  DIHED      =        15.4683
 1-4 NB =        11.3467  1-4 EEL =      -248.8847  VDWAALS    =      2365.8804
 EELEC  =    -14792.8389  EHBOND  =         0.0000  RESTRAINT  =         8.1437
 EAMBER (non-restraint)  =    -12623.3409
 EKCMT  =         0.0000  VIRIAL  =         0.0000  VOLUME     =     32392.5271
                                                    Density    =         1.0014
 Ewald error estimate:   0.4275E-04
 ------------------------------------------------------------------------------


 NSTEP =    17500   TIME(PS) =      55.000  TEMP(K) =   294.01  PRESS =     0.0
 Etot   =    -10775.8529  EKtot   =      1898.8224  EPtot      =    -12674.6753
 BOND   =         7.8386  ANGLE   =        15.1994  DIHED      =        14.6918
 1-4 NB =        12.2251  1-4 EEL =      -246.4299  VDWAALS    =      2492.2474
 EELEC  =    -14979.3355  EHBOND  =         0.0000  RESTRAINT  =         8.8877
 EAMBER (non-restraint)  =    -12683.5630
 EKCMT  =         0.0000  VIRIAL  =         0.0000  VOLUME     =     32171.5506
                                                    Density    =         1.0082
 Ewald error estimate:   0.2348E-04
 ------------------------------------------------------------------------------


 NSTEP =    18000   TIME(PS) =      56.000  TEMP(K) =   295.58  PRESS =     0.0
 Etot   =    -10801.8949  EKtot   =      1908.9430  EPtot      =    -12710.8379
 BOND   =         6.9519  ANGLE   =        15.6725  DIHED      =        13.5091
 1-4 NB =        11.4485  1-4 EEL =      -246.3452  VDWAALS    =      2459.3063
 EELEC  =    -14981.1808  EHBOND  =         0.0000  RESTRAINT  =         9.7999
 EAMBER (non-restraint)  =    -12720.6378
 EKCMT  =         0.0000  VIRIAL  =         0.0000  VOLUME     =     32505.6682
                                                    Density    =         0.9979
 Ewald error estimate:   0.4523E-03
 ------------------------------------------------------------------------------


 NSTEP =    18500   TIME(PS) =      57.000  TEMP(K) =   293.36  PRESS =     0.0
 Etot   =    -10865.0535  EKtot   =      1894.6032  EPtot      =    -12759.6566
 BOND   =         7.4760  ANGLE   =        12.0910  DIHED      =        17.7307
 1-4 NB =        11.6847  1-4 EEL =      -246.1087  VDWAALS    =      2626.4548
 EELEC  =    -15200.2527  EHBOND  =         0.0000  RESTRAINT  =        11.2676
 EAMBER (non-restraint)  =    -12770.9242
 EKCMT  =         0.0000  VIRIAL  =         0.0000  VOLUME     =     32149.6643
                                                    Density    =         1.0089
 Ewald error estimate:   0.5909E-04
 ------------------------------------------------------------------------------


 NSTEP =    19000   TIME(PS) =      58.000  TEMP(K) =   292.88  PRESS =     0.0
 Etot   =    -10779.6820  EKtot   =      1891.5250  EPtot      =    -12671.2069
 BOND   =         6.0015  ANGLE   =        14.7679  DIHED      =        15.6612
 1-4 NB =        10.9404  1-4 EEL =      -246.3431  VDWAALS    =      2549.1705
 EELEC  =    -15033.6350  EHBOND  =         0.0000  RESTRAINT  =        12.2297
 EAMBER (non-restraint)  =    -12683.4366
 EKCMT  =         0.0000  VIRIAL  =         0.0000  VOLUME     =     32334.0831
                                                    Density    =         1.0032
 Ewald error estimate:   0.4416E-03
 ------------------------------------------------------------------------------


 NSTEP =    19500   TIME(PS) =      59.000  TEMP(K) =   292.64  PRESS =     0.0
 Etot   =    -10791.8633  EKtot   =      1889.9490  EPtot      =    -12681.8123
 BOND   =         6.7878  ANGLE   =        17.3369  DIHED      =        12.4939
 1-4 NB =        10.8122  1-4 EEL =      -245.6632  VDWAALS    =      2496.2270
 EELEC  =    -14991.7073  EHBOND  =         0.0000  RESTRAINT  =        11.9003
 EAMBER (non-restraint)  =    -12693.7126
 EKCMT  =         0.0000  VIRIAL  =         0.0000  VOLUME     =     32206.6102
                                                    Density    =         1.0071
 Ewald error estimate:   0.4690E-04
 ------------------------------------------------------------------------------


 NSTEP =    20000   TIME(PS) =      60.000  TEMP(K) =   299.54  PRESS =     0.0
 Etot   =    -10726.8469  EKtot   =      1934.5666  EPtot      =    -12661.4134
 BOND   =         8.3355  ANGLE   =        16.2278  DIHED      =        15.0210
 1-4 NB =        11.0994  1-4 EEL =      -243.5949  VDWAALS    =      2479.9596
 EELEC  =    -14956.0627  EHBOND  =         0.0000  RESTRAINT  =         7.6009
 EAMBER (non-restraint)  =    -12669.0143
 EKCMT  =         0.0000  VIRIAL  =         0.0000  VOLUME     =     32376.4076
                                                    Density    =         1.0019
 Ewald error estimate:   0.7434E-04
 ------------------------------------------------------------------------------


 NSTEP =    20500   TIME(PS) =      61.000  TEMP(K) =   299.74  PRESS =     0.0
 Etot   =    -10764.0857  EKtot   =      1935.8261  EPtot      =    -12699.9118
 BOND   =         2.9215  ANGLE   =        18.1747  DIHED      =        13.9095
 1-4 NB =        13.1737  1-4 EEL =      -246.9819  VDWAALS    =      2456.4549
 EELEC  =    -14966.6705  EHBOND  =         0.0000  RESTRAINT  =         9.1063
 EAMBER (non-restraint)  =    -12709.0181
 EKCMT  =         0.0000  VIRIAL  =         0.0000  VOLUME     =     32180.9228
                                                    Density    =         1.0079
 Ewald error estimate:   0.2615E-03
 ------------------------------------------------------------------------------


 NSTEP =    21000   TIME(PS) =      62.000  TEMP(K) =   295.82  PRESS =     0.0
 Etot   =    -10714.6688  EKtot   =      1910.5049  EPtot      =    -12625.1737
 BOND   =         8.2465  ANGLE   =        14.5906  DIHED      =        12.8135
 1-4 NB =        11.5958  1-4 EEL =      -247.4190  VDWAALS    =      2417.5757
 EELEC  =    -14851.2138  EHBOND  =         0.0000  RESTRAINT  =         8.6370
 EAMBER (non-restraint)  =    -12633.8107
 EKCMT  =         0.0000  VIRIAL  =         0.0000  VOLUME     =     32235.1993
                                                    Density    =         1.0062
 Ewald error estimate:   0.8033E-04
 ------------------------------------------------------------------------------


 NSTEP =    21500   TIME(PS) =      63.000  TEMP(K) =   295.11  PRESS =     0.0
 Etot   =    -10715.9352  EKtot   =      1905.9348  EPtot      =    -12621.8700
 BOND   =         7.3060  ANGLE   =        15.8326  DIHED      =        15.2259
 1-4 NB =        11.3549  1-4 EEL =      -244.8465  VDWAALS    =      2470.6170
 EELEC  =    -14905.8644  EHBOND  =         0.0000  RESTRAINT  =         8.5046
 EAMBER (non-restraint)  =    -12630.3746
 EKCMT  =         0.0000  VIRIAL  =         0.0000  VOLUME     =     32126.4096
                                                    Density    =         1.0097
 Ewald error estimate:   0.3155E-03
 ------------------------------------------------------------------------------


 NSTEP =    22000   TIME(PS) =      64.000  TEMP(K) =   295.05  PRESS =     0.0
 Etot   =    -10717.6047  EKtot   =      1905.5452  EPtot      =    -12623.1498
 BOND   =         8.1655  ANGLE   =        19.6619  DIHED      =        11.8048
 1-4 NB =        10.9867  1-4 EEL =      -245.7760  VDWAALS    =      2478.1974
 EELEC  =    -14919.6937  EHBOND  =         0.0000  RESTRAINT  =        13.5035
 EAMBER (non-restraint)  =    -12636.6533
 EKCMT  =         0.0000  VIRIAL  =         0.0000  VOLUME     =     32195.2722
                                                    Density    =         1.0075
 Ewald error estimate:   0.7164E-04
 ------------------------------------------------------------------------------


 NSTEP =    22500   TIME(PS) =      65.000  TEMP(K) =   295.47  PRESS =     0.0
 Etot   =    -10755.6743  EKtot   =      1908.2481  EPtot      =    -12663.9224
 BOND   =         5.7137  ANGLE   =        21.9860  DIHED      =        12.9464
 1-4 NB =        12.2437  1-4 EEL =      -244.8069  VDWAALS    =      2558.6875
 EELEC  =    -15040.3998  EHBOND  =         0.0000  RESTRAINT  =         9.7070
 EAMBER (non-restraint)  =    -12673.6294
 EKCMT  =         0.0000  VIRIAL  =         0.0000  VOLUME     =     32076.9919
                                                    Density    =         1.0112
 Ewald error estimate:   0.2476E-03
 ------------------------------------------------------------------------------


 NSTEP =    23000   TIME(PS) =      66.000  TEMP(K) =   302.31  PRESS =     0.0
 Etot   =    -10726.3021  EKtot   =      1952.4217  EPtot      =    -12678.7238
 BOND   =         8.0408  ANGLE   =        12.2825  DIHED      =        16.8763
 1-4 NB =        11.8122  1-4 EEL =      -247.6745  VDWAALS    =      2491.9913
 EELEC  =    -14981.8264  EHBOND  =         0.0000  RESTRAINT  =         9.7738
 EAMBER (non-restraint)  =    -12688.4977
 EKCMT  =         0.0000  VIRIAL  =         0.0000  VOLUME     =     32225.8016
                                                    Density    =         1.0065
 Ewald error estimate:   0.2701E-03
 ------------------------------------------------------------------------------


 NSTEP =    23500   TIME(PS) =      67.000  TEMP(K) =   295.41  PRESS =     0.0
 Etot   =    -10727.9840  EKtot   =      1907.8738  EPtot      =    -12635.8578
 BOND   =         7.2253  ANGLE   =        15.5472  DIHED      =        14.2641
 1-4 NB =        11.9801  1-4 EEL =      -247.6401  VDWAALS    =      2508.1272
 EELEC  =    -14958.6472  EHBOND  =         0.0000  RESTRAINT  =        13.2856
 EAMBER (non-restraint)  =    -12649.1434
 EKCMT  =         0.0000  VIRIAL  =         0.0000  VOLUME     =     32089.5066
                                                    Density    =         1.0108
 Ewald error estimate:   0.2143E-04
 ------------------------------------------------------------------------------


 NSTEP =    24000   TIME(PS) =      68.000  TEMP(K) =   301.73  PRESS =     0.0
 Etot   =    -10625.7905  EKtot   =      1948.7147  EPtot      =    -12574.5053
 BOND   =         6.3808  ANGLE   =        19.3023  DIHED      =        11.7726
 1-4 NB =        12.4774  1-4 EEL =      -244.9394  VDWAALS    =      2504.9178
 EELEC  =    -14893.5131  EHBOND  =         0.0000  RESTRAINT  =         9.0964
 EAMBER (non-restraint)  =    -12583.6016
 EKCMT  =         0.0000  VIRIAL  =         0.0000  VOLUME     =     32057.9451
                                                    Density    =         1.0118
 Ewald error estimate:   0.7708E-04
 ------------------------------------------------------------------------------


 NSTEP =    24500   TIME(PS) =      69.000  TEMP(K) =   298.55  PRESS =     0.0
 Etot   =    -10536.5880  EKtot   =      1928.1322  EPtot      =    -12464.7202
 BOND   =         6.6617  ANGLE   =        15.3463  DIHED      =        11.4497
 1-4 NB =        11.3875  1-4 EEL =      -245.6130  VDWAALS    =      2497.9263
 EELEC  =    -14770.6175  EHBOND  =         0.0000  RESTRAINT  =         8.7388
 EAMBER (non-restraint)  =    -12473.4590
 EKCMT  =         0.0000  VIRIAL  =         0.0000  VOLUME     =     32075.7271
                                                    Density    =         1.0112
 Ewald error estimate:   0.2851E-03
 ------------------------------------------------------------------------------


 NSTEP =    25000   TIME(PS) =      70.000  TEMP(K) =   300.68  PRESS =     0.0
 Etot   =    -10692.8342  EKtot   =      1941.9191  EPtot      =    -12634.7533
 BOND   =         8.5046  ANGLE   =        15.0652  DIHED      =        13.9823
 1-4 NB =         9.9187  1-4 EEL =      -244.6236  VDWAALS    =      2430.4609
 EELEC  =    -14878.4836  EHBOND  =         0.0000  RESTRAINT  =        10.4223
 EAMBER (non-restraint)  =    -12645.1755
 EKCMT  =         0.0000  VIRIAL  =         0.0000  VOLUME     =     31956.7140
                                                    Density    =         1.0150
 Ewald error estimate:   0.4948E-03
 ------------------------------------------------------------------------------


 NSTEP =    25500   TIME(PS) =      71.000  TEMP(K) =   302.42  PRESS =     0.0
 Etot   =    -10668.3838  EKtot   =      1953.1569  EPtot      =    -12621.5408
 BOND   =         8.0723  ANGLE   =        12.5787  DIHED      =        15.0681
 1-4 NB =        10.1837  1-4 EEL =      -245.8208  VDWAALS    =      2426.9153
 EELEC  =    -14854.5727  EHBOND  =         0.0000  RESTRAINT  =         6.0345
 EAMBER (non-restraint)  =    -12627.5753
 EKCMT  =         0.0000  VIRIAL  =         0.0000  VOLUME     =     31963.8415
                                                    Density    =         1.0148
 Ewald error estimate:   0.2516E-03
 ------------------------------------------------------------------------------


 NSTEP =    26000   TIME(PS) =      72.000  TEMP(K) =   284.54  PRESS =     0.0
 Etot   =    -10728.1763  EKtot   =      1837.6484  EPtot      =    -12565.8247
 BOND   =         4.9800  ANGLE   =        17.7751  DIHED      =        14.2586
 1-4 NB =        10.8064  1-4 EEL =      -246.0020  VDWAALS    =      2461.3374
 EELEC  =    -14842.7377  EHBOND  =         0.0000  RESTRAINT  =        13.7575
 EAMBER (non-restraint)  =    -12579.5821
 EKCMT  =         0.0000  VIRIAL  =         0.0000  VOLUME     =     32042.9123
                                                    Density    =         1.0123
 Ewald error estimate:   0.1626E-03
 ------------------------------------------------------------------------------


 NSTEP =    26500   TIME(PS) =      73.000  TEMP(K) =   304.33  PRESS =     0.0
 Etot   =    -10637.6014  EKtot   =      1965.4981  EPtot      =    -12603.0995
 BOND   =         8.2461  ANGLE   =        15.9855  DIHED      =        11.2705
 1-4 NB =        11.8802  1-4 EEL =      -248.0591  VDWAALS    =      2497.3045
 EELEC  =    -14911.9535  EHBOND  =         0.0000  RESTRAINT  =        12.2262
 EAMBER (non-restraint)  =    -12615.3257
 EKCMT  =         0.0000  VIRIAL  =         0.0000  VOLUME     =     32067.5815
                                                    Density    =         1.0115
 Ewald error estimate:   0.7773E-04
 ------------------------------------------------------------------------------


 NSTEP =    27000   TIME(PS) =      74.000  TEMP(K) =   299.69  PRESS =     0.0
 Etot   =    -10706.1498  EKtot   =      1935.5092  EPtot      =    -12641.6590
 BOND   =         6.0000  ANGLE   =        22.0152  DIHED      =        15.9056
 1-4 NB =        11.0661  1-4 EEL =      -245.7341  VDWAALS    =      2536.7170
 EELEC  =    -14995.8741  EHBOND  =         0.0000  RESTRAINT  =         8.2454
 EAMBER (non-restraint)  =    -12649.9044
 EKCMT  =         0.0000  VIRIAL  =         0.0000  VOLUME     =     31705.6374
                                                    Density    =         1.0231
 Ewald error estimate:   0.9941E-04
 ------------------------------------------------------------------------------


 NSTEP =    27500   TIME(PS) =      75.000  TEMP(K) =   298.75  PRESS =     0.0
 Etot   =    -10726.1358  EKtot   =      1929.4523  EPtot      =    -12655.5882
 BOND   =         7.0707  ANGLE   =        15.8085  DIHED      =        14.6696
 1-4 NB =        12.1259  1-4 EEL =      -247.7987  VDWAALS    =      2611.2549
 EELEC  =    -15075.3493  EHBOND  =         0.0000  RESTRAINT  =         6.6302
 EAMBER (non-restraint)  =    -12662.2184
 EKCMT  =         0.0000  VIRIAL  =         0.0000  VOLUME     =     31839.8378
                                                    Density    =         1.0187
 Ewald error estimate:   0.4855E-03
 ------------------------------------------------------------------------------


 NSTEP =    28000   TIME(PS) =      76.000  TEMP(K) =   298.71  PRESS =     0.0
 Etot   =    -10704.3857  EKtot   =      1929.2053  EPtot      =    -12633.5910
 BOND   =         7.1577  ANGLE   =        11.9225  DIHED      =        15.0259
 1-4 NB =        10.3263  1-4 EEL =      -245.4055  VDWAALS    =      2390.5756
 EELEC  =    -14828.1229  EHBOND  =         0.0000  RESTRAINT  =         4.9295
 EAMBER (non-restraint)  =    -12638.5204
 EKCMT  =         0.0000  VIRIAL  =         0.0000  VOLUME     =     31887.7213
                                                    Density    =         1.0172
 Ewald error estimate:   0.1501E-03
 ------------------------------------------------------------------------------


 NSTEP =    28500   TIME(PS) =      77.000  TEMP(K) =   296.09  PRESS =     0.0
 Etot   =    -10711.0592  EKtot   =      1912.2812  EPtot      =    -12623.3404
 BOND   =         5.8955  ANGLE   =        16.6357  DIHED      =        11.5284
 1-4 NB =        11.7472  1-4 EEL =      -247.7357  VDWAALS    =      2401.6997
 EELEC  =    -14832.0764  EHBOND  =         0.0000  RESTRAINT  =         8.9652
 EAMBER (non-restraint)  =    -12632.3055
 EKCMT  =         0.0000  VIRIAL  =         0.0000  VOLUME     =     32210.8937
                                                    Density    =         1.0070
 Ewald error estimate:   0.3168E-03
 ------------------------------------------------------------------------------


 NSTEP =    29000   TIME(PS) =      78.000  TEMP(K) =   294.43  PRESS =     0.0
 Etot   =    -10680.6069  EKtot   =      1901.5458  EPtot      =    -12582.1527
 BOND   =         6.9907  ANGLE   =        17.3981  DIHED      =        11.9350
 1-4 NB =        14.2297  1-4 EEL =      -248.3603  VDWAALS    =      2500.1498
 EELEC  =    -14893.0286  EHBOND  =         0.0000  RESTRAINT  =         8.5330
 EAMBER (non-restraint)  =    -12590.6857
 EKCMT  =         0.0000  VIRIAL  =         0.0000  VOLUME     =     32197.8328
                                                    Density    =         1.0074
 Ewald error estimate:   0.3462E-03
 ------------------------------------------------------------------------------


 NSTEP =    29500   TIME(PS) =      79.000  TEMP(K) =   302.02  PRESS =     0.0
 Etot   =    -10730.5468  EKtot   =      1950.5638  EPtot      =    -12681.1106
 BOND   =         7.6340  ANGLE   =        16.2727  DIHED      =        14.0396
 1-4 NB =        10.1700  1-4 EEL =      -246.5557  VDWAALS    =      2584.2696
 EELEC  =    -15076.1282  EHBOND  =         0.0000  RESTRAINT  =         9.1874
 EAMBER (non-restraint)  =    -12690.2980
 EKCMT  =         0.0000  VIRIAL  =         0.0000  VOLUME     =     32215.6942
                                                    Density    =         1.0069
 Ewald error estimate:   0.1390E-03
 ------------------------------------------------------------------------------


 NSTEP =    30000   TIME(PS) =      80.000  TEMP(K) =   297.06  PRESS =     0.0
 Etot   =    -10744.5922  EKtot   =      1918.5164  EPtot      =    -12663.1086
 BOND   =         7.9214  ANGLE   =        19.6608  DIHED      =        14.9107
 1-4 NB =        11.5877  1-4 EEL =      -247.5463  VDWAALS    =      2504.9789
 EELEC  =    -14982.9113  EHBOND  =         0.0000  RESTRAINT  =         8.2895
 EAMBER (non-restraint)  =    -12671.3981
 EKCMT  =         0.0000  VIRIAL  =         0.0000  VOLUME     =     32311.7710
                                                    Density    =         1.0039
 Ewald error estimate:   0.1703E-03
 ------------------------------------------------------------------------------


 NSTEP =    30500   TIME(PS) =      81.000  TEMP(K) =   297.35  PRESS =     0.0
 Etot   =    -10719.0342  EKtot   =      1920.4220  EPtot      =    -12639.4561
 BOND   =         8.9039  ANGLE   =        12.6965  DIHED      =        14.8380
 1-4 NB =        10.5541  1-4 EEL =      -246.0033  VDWAALS    =      2456.0482
 EELEC  =    -14905.9270  EHBOND  =         0.0000  RESTRAINT  =         9.4335
 EAMBER (non-restraint)  =    -12648.8896
 EKCMT  =         0.0000  VIRIAL  =         0.0000  VOLUME     =     32208.3152
                                                    Density    =         1.0071
 Ewald error estimate:   0.5682E-04
 ------------------------------------------------------------------------------


 NSTEP =    31000   TIME(PS) =      82.000  TEMP(K) =   310.60  PRESS =     0.0
 Etot   =    -10550.2606  EKtot   =      2005.9967  EPtot      =    -12556.2573
 BOND   =         6.2817  ANGLE   =        15.5609  DIHED      =        12.8238
 1-4 NB =        10.9869  1-4 EEL =      -245.3890  VDWAALS    =      2493.8629
 EELEC  =    -14858.0249  EHBOND  =         0.0000  RESTRAINT  =         7.6404
 EAMBER (non-restraint)  =    -12563.8978
 EKCMT  =         0.0000  VIRIAL  =         0.0000  VOLUME     =     32208.3152
                                                    Density    =         1.0071
 Ewald error estimate:   0.7168E-04
 ------------------------------------------------------------------------------


 NSTEP =    31500   TIME(PS) =      83.000  TEMP(K) =   301.93  PRESS =     0.0
 Etot   =    -10667.6769  EKtot   =      1949.9517  EPtot      =    -12617.6287
 BOND   =        16.6752  ANGLE   =        15.9919  DIHED      =        14.6651
 1-4 NB =         9.3309  1-4 EEL =      -245.6827  VDWAALS    =      2445.3958
 EELEC  =    -14886.5474  EHBOND  =         0.0000  RESTRAINT  =        12.5425
 EAMBER (non-restraint)  =    -12630.1712
 EKCMT  =         0.0000  VIRIAL  =         0.0000  VOLUME     =     32281.3511
                                                    Density    =         1.0048
 Ewald error estimate:   0.2587E-03
 ------------------------------------------------------------------------------


 NSTEP =    32000   TIME(PS) =      84.000  TEMP(K) =   295.75  PRESS =     0.0
 Etot   =    -10698.2406  EKtot   =      1910.0908  EPtot      =    -12608.3314
 BOND   =        10.2440  ANGLE   =        18.0370  DIHED      =        15.1597
 1-4 NB =        14.1003  1-4 EEL =      -246.4891  VDWAALS    =      2586.7612
 EELEC  =    -15015.6731  EHBOND  =         0.0000  RESTRAINT  =         9.5286
 EAMBER (non-restraint)  =    -12617.8600
 EKCMT  =         0.0000  VIRIAL  =         0.0000  VOLUME     =     32146.4609
                                                    Density    =         1.0090
 Ewald error estimate:   0.5996E-04
 ------------------------------------------------------------------------------


 NSTEP =    32500   TIME(PS) =      85.000  TEMP(K) =   295.70  PRESS =     0.0
 Etot   =    -10666.9159  EKtot   =      1909.7499  EPtot      =    -12576.6658
 BOND   =         9.4627  ANGLE   =        12.8411  DIHED      =        12.7808
 1-4 NB =        12.4705  1-4 EEL =      -245.7648  VDWAALS    =      2466.2203
 EELEC  =    -14853.3256  EHBOND  =         0.0000  RESTRAINT  =         8.6492
 EAMBER (non-restraint)  =    -12585.3150
 EKCMT  =         0.0000  VIRIAL  =         0.0000  VOLUME     =     32390.2007
                                                    Density    =         1.0014
 Ewald error estimate:   0.3925E-04
 ------------------------------------------------------------------------------


 NSTEP =    33000   TIME(PS) =      86.000  TEMP(K) =   290.40  PRESS =     0.0
 Etot   =    -10688.0688  EKtot   =      1875.5419  EPtot      =    -12563.6107
 BOND   =         9.8636  ANGLE   =        15.8063  DIHED      =        12.4674
 1-4 NB =        12.0166  1-4 EEL =      -249.1448  VDWAALS    =      2338.5861
 EELEC  =    -14712.3952  EHBOND  =         0.0000  RESTRAINT  =         9.1894
 EAMBER (non-restraint)  =    -12572.8001
 EKCMT  =         0.0000  VIRIAL  =         0.0000  VOLUME     =     32594.8323
                                                    Density    =         0.9951
 Ewald error estimate:   0.7605E-04
 ------------------------------------------------------------------------------


 NSTEP =    33500   TIME(PS) =      87.000  TEMP(K) =   301.99  PRESS =     0.0
 Etot   =    -10637.3361  EKtot   =      1950.3606  EPtot      =    -12587.6967
 BOND   =        11.8666  ANGLE   =        15.2409  DIHED      =        12.2075
 1-4 NB =         9.9395  1-4 EEL =      -245.9346  VDWAALS    =      2444.3433
 EELEC  =    -14842.9043  EHBOND  =         0.0000  RESTRAINT  =         7.5444
 EAMBER (non-restraint)  =    -12595.2411
 EKCMT  =         0.0000  VIRIAL  =         0.0000  VOLUME     =     32252.1381
                                                    Density    =         1.0057
 Ewald error estimate:   0.1500E-03
 ------------------------------------------------------------------------------


 NSTEP =    34000   TIME(PS) =      88.000  TEMP(K) =   309.14  PRESS =     0.0
 Etot   =    -10586.6443  EKtot   =      1996.5616  EPtot      =    -12583.2059
 BOND   =         7.7767  ANGLE   =        17.5463  DIHED      =        13.1819
 1-4 NB =        11.7398  1-4 EEL =      -244.0707  VDWAALS    =      2436.3557
 EELEC  =    -14835.2717  EHBOND  =         0.0000  RESTRAINT  =         9.5360
 EAMBER (non-restraint)  =    -12592.7420
 EKCMT  =         0.0000  VIRIAL  =         0.0000  VOLUME     =     31946.3987
                                                    Density    =         1.0153
 Ewald error estimate:   0.4595E-03
 ------------------------------------------------------------------------------


 NSTEP =    34500   TIME(PS) =      89.000  TEMP(K) =   298.90  PRESS =     0.0
 Etot   =    -10629.8008  EKtot   =      1930.4181  EPtot      =    -12560.2189
 BOND   =         8.2271  ANGLE   =        17.9693  DIHED      =        13.6141
 1-4 NB =        11.5271  1-4 EEL =      -245.4688  VDWAALS    =      2496.9830
 EELEC  =    -14872.7293  EHBOND  =         0.0000  RESTRAINT  =         9.6585
 EAMBER (non-restraint)  =    -12569.8774
 EKCMT  =         0.0000  VIRIAL  =         0.0000  VOLUME     =     32263.4281
                                                    Density    =         1.0054
 Ewald error estimate:   0.1003E-03
 ------------------------------------------------------------------------------


 NSTEP =    35000   TIME(PS) =      90.000  TEMP(K) =   294.76  PRESS =     0.0
 Etot   =    -10697.9664  EKtot   =      1903.6945  EPtot      =    -12601.6609
 BOND   =        10.6875  ANGLE   =        18.5745  DIHED      =        12.2404
 1-4 NB =        10.5036  1-4 EEL =      -244.8553  VDWAALS    =      2432.9529
 EELEC  =    -14851.6743  EHBOND  =         0.0000  RESTRAINT  =         9.9099
 EAMBER (non-restraint)  =    -12611.5708
 EKCMT  =         0.0000  VIRIAL  =         0.0000  VOLUME     =     32102.0381
                                                    Density    =         1.0104
 Ewald error estimate:   0.3499E-04
 ------------------------------------------------------------------------------


 NSTEP =    35500   TIME(PS) =      91.000  TEMP(K) =   298.11  PRESS =     0.0
 Etot   =    -10693.5535  EKtot   =      1925.2915  EPtot      =    -12618.8450
 BOND   =         9.9710  ANGLE   =        19.8065  DIHED      =        13.5794
 1-4 NB =        12.0108  1-4 EEL =      -246.1446  VDWAALS    =      2527.7018
 EELEC  =    -14966.7485  EHBOND  =         0.0000  RESTRAINT  =        10.9785
 EAMBER (non-restraint)  =    -12629.8236
 EKCMT  =         0.0000  VIRIAL  =         0.0000  VOLUME     =     31913.2054
                                                    Density    =         1.0164
 Ewald error estimate:   0.1368E-03
 ------------------------------------------------------------------------------


 NSTEP =    36000   TIME(PS) =      92.000  TEMP(K) =   291.38  PRESS =     0.0
 Etot   =    -10787.8322  EKtot   =      1881.8606  EPtot      =    -12669.6928
 BOND   =         9.2008  ANGLE   =        14.6629  DIHED      =        11.7516
 1-4 NB =        11.2988  1-4 EEL =      -245.8591  VDWAALS    =      2392.2678
 EELEC  =    -14870.8484  EHBOND  =         0.0000  RESTRAINT  =         7.8327
 EAMBER (non-restraint)  =    -12677.5255
 EKCMT  =         0.0000  VIRIAL  =         0.0000  VOLUME     =     31923.0876
                                                    Density    =         1.0161
 Ewald error estimate:   0.6689E-04
 ------------------------------------------------------------------------------


 NSTEP =    36500   TIME(PS) =      93.000  TEMP(K) =   285.51  PRESS =     0.0
 Etot   =    -10811.3715  EKtot   =      1843.9116  EPtot      =    -12655.2831
 BOND   =         9.6612  ANGLE   =        16.9919  DIHED      =        12.5370
 1-4 NB =        10.4366  1-4 EEL =      -245.8409  VDWAALS    =      2432.7683
 EELEC  =    -14899.9503  EHBOND  =         0.0000  RESTRAINT  =         8.1131
 EAMBER (non-restraint)  =    -12663.3962
 EKCMT  =         0.0000  VIRIAL  =         0.0000  VOLUME     =     31915.6414
                                                    Density    =         1.0163
 Ewald error estimate:   0.2931E-03
 ------------------------------------------------------------------------------


 NSTEP =    37000   TIME(PS) =      94.000  TEMP(K) =   295.99  PRESS =     0.0
 Etot   =    -10728.1634  EKtot   =      1911.6400  EPtot      =    -12639.8034
 BOND   =         9.5396  ANGLE   =        10.7188  DIHED      =        15.0185
 1-4 NB =        10.9229  1-4 EEL =      -246.1547  VDWAALS    =      2526.3895
 EELEC  =    -14978.9104  EHBOND  =         0.0000  RESTRAINT  =        12.6724
 EAMBER (non-restraint)  =    -12652.4758
 EKCMT  =         0.0000  VIRIAL  =         0.0000  VOLUME     =     32098.0767
                                                    Density    =         1.0105
 Ewald error estimate:   0.2105E-03
 ------------------------------------------------------------------------------


 NSTEP =    37500   TIME(PS) =      95.000  TEMP(K) =   295.48  PRESS =     0.0
 Etot   =    -10781.1577  EKtot   =      1908.3149  EPtot      =    -12689.4726
 BOND   =        11.7810  ANGLE   =        18.1126  DIHED      =        12.7777
 1-4 NB =        10.3732  1-4 EEL =      -248.2496  VDWAALS    =      2508.5098
 EELEC  =    -15012.6929  EHBOND  =         0.0000  RESTRAINT  =         9.9157
 EAMBER (non-restraint)  =    -12699.3883
 EKCMT  =         0.0000  VIRIAL  =         0.0000  VOLUME     =     31918.3734
                                                    Density    =         1.0162
 Ewald error estimate:   0.3735E-04
 ------------------------------------------------------------------------------


 NSTEP =    38000   TIME(PS) =      96.000  TEMP(K) =   284.73  PRESS =     0.0
 Etot   =    -10792.6496  EKtot   =      1838.8682  EPtot      =    -12631.5178
 BOND   =         8.5757  ANGLE   =        20.2009  DIHED      =        15.5208
 1-4 NB =        11.5003  1-4 EEL =      -248.2790  VDWAALS    =      2569.0744
 EELEC  =    -15017.1451  EHBOND  =         0.0000  RESTRAINT  =         9.0342
 EAMBER (non-restraint)  =    -12640.5520
 EKCMT  =         0.0000  VIRIAL  =         0.0000  VOLUME     =     31904.9309
                                                    Density    =         1.0167
 Ewald error estimate:   0.2417E-03
 ------------------------------------------------------------------------------


 NSTEP =    38500   TIME(PS) =      97.000  TEMP(K) =   300.36  PRESS =     0.0
 Etot   =    -10689.9123  EKtot   =      1939.8587  EPtot      =    -12629.7711
 BOND   =         5.6953  ANGLE   =        11.1746  DIHED      =        12.8969
 1-4 NB =        10.2905  1-4 EEL =      -243.7529  VDWAALS    =      2468.6609
 EELEC  =    -14904.0734  EHBOND  =         0.0000  RESTRAINT  =         9.3370
 EAMBER (non-restraint)  =    -12639.1080
 EKCMT  =         0.0000  VIRIAL  =         0.0000  VOLUME     =     32062.5739
                                                    Density    =         1.0117
 Ewald error estimate:   0.1787E-04
 ------------------------------------------------------------------------------


 NSTEP =    39000   TIME(PS) =      98.000  TEMP(K) =   308.56  PRESS =     0.0
 Etot   =    -10649.8988  EKtot   =      1992.8240  EPtot      =    -12642.7228
 BOND   =        12.4210  ANGLE   =        16.2462  DIHED      =        10.9689
 1-4 NB =        12.8870  1-4 EEL =      -248.0048  VDWAALS    =      2455.8187
 EELEC  =    -14910.5780  EHBOND  =         0.0000  RESTRAINT  =         7.5181
 EAMBER (non-restraint)  =    -12650.2408
 EKCMT  =         0.0000  VIRIAL  =         0.0000  VOLUME     =     31719.7591
                                                    Density    =         1.0226
 Ewald error estimate:   0.1342E-03
 ------------------------------------------------------------------------------


 NSTEP =    39500   TIME(PS) =      99.000  TEMP(K) =   298.60  PRESS =     0.0
 Etot   =    -10701.2709  EKtot   =      1928.4988  EPtot      =    -12629.7697
 BOND   =         8.6891  ANGLE   =        19.9024  DIHED      =        14.0497
 1-4 NB =        11.0174  1-4 EEL =      -245.9887  VDWAALS    =      2436.5555
 EELEC  =    -14885.3326  EHBOND  =         0.0000  RESTRAINT  =        11.3377
 EAMBER (non-restraint)  =    -12641.1074
 EKCMT  =         0.0000  VIRIAL  =         0.0000  VOLUME     =     31886.9955
                                                    Density    =         1.0172
 Ewald error estimate:   0.1809E-03
 ------------------------------------------------------------------------------


 NSTEP =    40000   TIME(PS) =     100.000  TEMP(K) =   307.61  PRESS =     0.0
 Etot   =    -10652.6914  EKtot   =      1986.6697  EPtot      =    -12639.3611
 BOND   =        10.1589  ANGLE   =        15.4191  DIHED      =        14.1838
 1-4 NB =         9.3254  1-4 EEL =      -247.3206  VDWAALS    =      2533.0351
 EELEC  =    -14983.3407  EHBOND  =         0.0000  RESTRAINT  =         9.1779
 EAMBER (non-restraint)  =    -12648.5390
 EKCMT  =         0.0000  VIRIAL  =         0.0000  VOLUME     =     31807.9792
                                                    Density    =         1.0198
 Ewald error estimate:   0.7072E-04
 ------------------------------------------------------------------------------


 NSTEP =    40500   TIME(PS) =     101.000  TEMP(K) =   303.66  PRESS =     0.0
 Etot   =    -10738.4546  EKtot   =      1961.1604  EPtot      =    -12699.6150
 BOND   =         7.9899  ANGLE   =        10.9767  DIHED      =        13.6257
 1-4 NB =        10.8567  1-4 EEL =      -244.3057  VDWAALS    =      2470.5524
 EELEC  =    -14976.1743  EHBOND  =         0.0000  RESTRAINT  =         6.8637
 EAMBER (non-restraint)  =    -12706.4786
 EKCMT  =         0.0000  VIRIAL  =         0.0000  VOLUME     =     31807.9792
                                                    Density    =         1.0198
 Ewald error estimate:   0.2628E-03
 ------------------------------------------------------------------------------


 NSTEP =    41000   TIME(PS) =     102.000  TEMP(K) =   300.20  PRESS =     0.0
 Etot   =    -10674.8449  EKtot   =      1938.8316  EPtot      =    -12613.6765
 BOND   =        15.6063  ANGLE   =        14.8917  DIHED      =        13.1235
 1-4 NB =        10.4766  1-4 EEL =      -246.7108  VDWAALS    =      2497.2516
 EELEC  =    -14923.7777  EHBOND  =         0.0000  RESTRAINT  =         5.4623
 EAMBER (non-restraint)  =    -12619.1388
 EKCMT  =         0.0000  VIRIAL  =         0.0000  VOLUME     =     32175.2975
                                                    Density    =         1.0081
 Ewald error estimate:   0.1639E-03
 ------------------------------------------------------------------------------


 NSTEP =    41500   TIME(PS) =     103.000  TEMP(K) =   298.56  PRESS =     0.0
 Etot   =    -10608.4423  EKtot   =      1928.1940  EPtot      =    -12536.6364
 BOND   =         6.0828  ANGLE   =        17.4996  DIHED      =        12.0164
 1-4 NB =        12.1873  1-4 EEL =      -246.8557  VDWAALS    =      2386.4448
 EELEC  =    -14730.8610  EHBOND  =         0.0000  RESTRAINT  =         6.8496
 EAMBER (non-restraint)  =    -12543.4859
 EKCMT  =         0.0000  VIRIAL  =         0.0000  VOLUME     =     32500.3865
                                                    Density    =         0.9980
 Ewald error estimate:   0.2947E-03
 ------------------------------------------------------------------------------


 NSTEP =    42000   TIME(PS) =     104.000  TEMP(K) =   295.51  PRESS =     0.0
 Etot   =    -10636.5213  EKtot   =      1908.4891  EPtot      =    -12545.0105
 BOND   =         7.9833  ANGLE   =        14.2888  DIHED      =        12.1010
 1-4 NB =        12.2065  1-4 EEL =      -245.6629  VDWAALS    =      2401.5992
 EELEC  =    -14755.7195  EHBOND  =         0.0000  RESTRAINT  =         8.1931
 EAMBER (non-restraint)  =    -12553.2036
 EKCMT  =         0.0000  VIRIAL  =         0.0000  VOLUME     =     32216.4729
                                                    Density    =         1.0068
 Ewald error estimate:   0.2380E-04
 ------------------------------------------------------------------------------


 NSTEP =    42500   TIME(PS) =     105.000  TEMP(K) =   305.41  PRESS =     0.0
 Etot   =    -10617.7482  EKtot   =      1972.4393  EPtot      =    -12590.1876
 BOND   =         4.6999  ANGLE   =        16.9546  DIHED      =        12.4285
 1-4 NB =        13.4689  1-4 EEL =      -248.6350  VDWAALS    =      2396.5041
 EELEC  =    -14793.0220  EHBOND  =         0.0000  RESTRAINT  =         7.4135
 EAMBER (non-restraint)  =    -12597.6011
 EKCMT  =         0.0000  VIRIAL  =         0.0000  VOLUME     =     32456.0199
                                                    Density    =         0.9994
 Ewald error estimate:   0.3017E-04
 ------------------------------------------------------------------------------


 NSTEP =    43000   TIME(PS) =     106.000  TEMP(K) =   305.96  PRESS =     0.0
 Etot   =    -10650.7784  EKtot   =      1975.9741  EPtot      =    -12626.7526
 BOND   =         6.9408  ANGLE   =        16.1085  DIHED      =        15.1181
 1-4 NB =        12.7667  1-4 EEL =      -249.6092  VDWAALS    =      2526.8093
 EELEC  =    -14966.3920  EHBOND  =         0.0000  RESTRAINT  =        11.5053
 EAMBER (non-restraint)  =    -12638.2579
 EKCMT  =         0.0000  VIRIAL  =         0.0000  VOLUME     =     32431.9383
                                                    Density    =         1.0001
 Ewald error estimate:   0.5945E-05
 ------------------------------------------------------------------------------


 NSTEP =    43500   TIME(PS) =     107.000  TEMP(K) =   292.98  PRESS =     0.0
 Etot   =    -10723.8927  EKtot   =      1892.1443  EPtot      =    -12616.0370
 BOND   =         7.4159  ANGLE   =        14.3168  DIHED      =        15.2681
 1-4 NB =        11.4071  1-4 EEL =      -247.7727  VDWAALS    =      2451.9915
 EELEC  =    -14877.3544  EHBOND  =         0.0000  RESTRAINT  =         8.6907
 EAMBER (non-restraint)  =    -12624.7277
 EKCMT  =         0.0000  VIRIAL  =         0.0000  VOLUME     =     32201.7079
                                                    Density    =         1.0073
 Ewald error estimate:   0.1552E-03
 ------------------------------------------------------------------------------


 NSTEP =    44000   TIME(PS) =     108.000  TEMP(K) =   290.91  PRESS =     0.0
 Etot   =    -10705.8499  EKtot   =      1878.7982  EPtot      =    -12584.6481
 BOND   =         5.8365  ANGLE   =        16.8920  DIHED      =        15.5554
 1-4 NB =        11.8162  1-4 EEL =      -246.7103  VDWAALS    =      2477.3575
 EELEC  =    -14876.0553  EHBOND  =         0.0000  RESTRAINT  =        10.6599
 EAMBER (non-restraint)  =    -12595.3080
 EKCMT  =         0.0000  VIRIAL  =         0.0000  VOLUME     =     32110.6147
                                                    Density    =         1.0102
 Ewald error estimate:   0.3547E-03
 ------------------------------------------------------------------------------


 NSTEP =    44500   TIME(PS) =     109.000  TEMP(K) =   301.44  PRESS =     0.0
 Etot   =    -10669.4783  EKtot   =      1946.8250  EPtot      =    -12616.3032
 BOND   =         7.7135  ANGLE   =        17.2894  DIHED      =        14.3990
 1-4 NB =        11.7424  1-4 EEL =      -247.8478  VDWAALS    =      2397.6027
 EELEC  =    -14824.4318  EHBOND  =         0.0000  RESTRAINT  =         7.2294
 EAMBER (non-restraint)  =    -12623.5326
 EKCMT  =         0.0000  VIRIAL  =         0.0000  VOLUME     =     31998.1181
                                                    Density    =         1.0137
 Ewald error estimate:   0.2158E-03
 ------------------------------------------------------------------------------


 NSTEP =    45000   TIME(PS) =     110.000  TEMP(K) =   299.42  PRESS =     0.0
 Etot   =    -10680.8072  EKtot   =      1933.7516  EPtot      =    -12614.5588
 BOND   =        12.8759  ANGLE   =        18.1685  DIHED      =        12.2938
 1-4 NB =        12.2456  1-4 EEL =      -249.2765  VDWAALS    =      2475.6068
 EELEC  =    -14904.9387  EHBOND  =         0.0000  RESTRAINT  =         8.4657
 EAMBER (non-restraint)  =    -12623.0246
 EKCMT  =         0.0000  VIRIAL  =         0.0000  VOLUME     =     32192.7568
                                                    Density    =         1.0076
 Ewald error estimate:   0.3895E-03
 ------------------------------------------------------------------------------


 NSTEP =    45500   TIME(PS) =     111.000  TEMP(K) =   298.93  PRESS =     0.0
 Etot   =    -10680.4538  EKtot   =      1930.5725  EPtot      =    -12611.0263
 BOND   =         6.8203  ANGLE   =        27.8230  DIHED      =        13.0606
 1-4 NB =        10.6980  1-4 EEL =      -246.6348  VDWAALS    =      2517.3334
 EELEC  =    -14948.6037  EHBOND  =         0.0000  RESTRAINT  =         8.4770
 EAMBER (non-restraint)  =    -12619.5034
 EKCMT  =         0.0000  VIRIAL  =         0.0000  VOLUME     =     31905.3057
                                                    Density    =         1.0167
 Ewald error estimate:   0.1261E-03
 ------------------------------------------------------------------------------


 NSTEP =    46000   TIME(PS) =     112.000  TEMP(K) =   301.61  PRESS =     0.0
 Etot   =    -10721.8661  EKtot   =      1947.9416  EPtot      =    -12669.8077
 BOND   =         9.3761  ANGLE   =        15.0553  DIHED      =        12.9619
 1-4 NB =        11.2892  1-4 EEL =      -248.2742  VDWAALS    =      2506.8930
 EELEC  =    -14983.4350  EHBOND  =         0.0000  RESTRAINT  =         6.3261
 EAMBER (non-restraint)  =    -12676.1337
 EKCMT  =         0.0000  VIRIAL  =         0.0000  VOLUME     =     31932.6301
                                                    Density    =         1.0158
 Ewald error estimate:   0.5352E-04
 ------------------------------------------------------------------------------


 NSTEP =    46500   TIME(PS) =     113.000  TEMP(K) =   302.42  PRESS =     0.0
 Etot   =    -10710.7912  EKtot   =      1953.1552  EPtot      =    -12663.9464
 BOND   =         5.0382  ANGLE   =        18.1658  DIHED      =        14.4675
 1-4 NB =        13.5211  1-4 EEL =      -249.3552  VDWAALS    =      2408.6929
 EELEC  =    -14883.4617  EHBOND  =         0.0000  RESTRAINT  =         8.9850
 EAMBER (non-restraint)  =    -12672.9314
 EKCMT  =         0.0000  VIRIAL  =         0.0000  VOLUME     =     32145.4446
                                                    Density    =         1.0091
 Ewald error estimate:   0.2341E-03
 ------------------------------------------------------------------------------


 NSTEP =    47000   TIME(PS) =     114.000  TEMP(K) =   304.41  PRESS =     0.0
 Etot   =    -10676.3727  EKtot   =      1965.9740  EPtot      =    -12642.3466
 BOND   =        11.0933  ANGLE   =        18.2435  DIHED      =        14.1290
 1-4 NB =        12.1624  1-4 EEL =      -247.7137  VDWAALS    =      2494.5082
 EELEC  =    -14954.5577  EHBOND  =         0.0000  RESTRAINT  =         9.7883
 EAMBER (non-restraint)  =    -12652.1349
 EKCMT  =         0.0000  VIRIAL  =         0.0000  VOLUME     =     32026.9049
                                                    Density    =         1.0128
 Ewald error estimate:   0.8737E-04
 ------------------------------------------------------------------------------


 NSTEP =    47500   TIME(PS) =     115.000  TEMP(K) =   295.79  PRESS =     0.0
 Etot   =    -10777.3511  EKtot   =      1910.3262  EPtot      =    -12687.6773
 BOND   =         5.5410  ANGLE   =        16.8957  DIHED      =        15.4511
 1-4 NB =        10.9450  1-4 EEL =      -244.5047  VDWAALS    =      2482.1745
 EELEC  =    -14985.3346  EHBOND  =         0.0000  RESTRAINT  =        11.1547
 EAMBER (non-restraint)  =    -12698.8320
 EKCMT  =         0.0000  VIRIAL  =         0.0000  VOLUME     =     31995.4119
                                                    Density    =         1.0138
 Ewald error estimate:   0.1061E-03
 ------------------------------------------------------------------------------


 NSTEP =    48000   TIME(PS) =     116.000  TEMP(K) =   300.68  PRESS =     0.0
 Etot   =    -10767.7055  EKtot   =      1941.8863  EPtot      =    -12709.5917
 BOND   =         8.1345  ANGLE   =        23.2840  DIHED      =        14.8124
 1-4 NB =        11.4561  1-4 EEL =      -247.5942  VDWAALS    =      2443.7236
 EELEC  =    -14970.1199  EHBOND  =         0.0000  RESTRAINT  =         6.7118
 EAMBER (non-restraint)  =    -12716.3035
 EKCMT  =         0.0000  VIRIAL  =         0.0000  VOLUME     =     32136.2139
                                                    Density    =         1.0093
 Ewald error estimate:   0.1611E-03
 ------------------------------------------------------------------------------


 NSTEP =    48500   TIME(PS) =     117.000  TEMP(K) =   299.22  PRESS =     0.0
 Etot   =    -10753.4691  EKtot   =      1932.4699  EPtot      =    -12685.9390
 BOND   =         8.9286  ANGLE   =        18.5377  DIHED      =        14.8467
 1-4 NB =        11.2740  1-4 EEL =      -248.5072  VDWAALS    =      2549.5564
 EELEC  =    -15052.0303  EHBOND  =         0.0000  RESTRAINT  =        11.4550
 EAMBER (non-restraint)  =    -12697.3940
 EKCMT  =         0.0000  VIRIAL  =         0.0000  VOLUME     =     32233.9119
                                                    Density    =         1.0063
 Ewald error estimate:   0.5998E-04
 ------------------------------------------------------------------------------


 NSTEP =    49000   TIME(PS) =     118.000  TEMP(K) =   301.01  PRESS =     0.0
 Etot   =    -10763.5515  EKtot   =      1944.0665  EPtot      =    -12707.6179
 BOND   =         5.7171  ANGLE   =        19.6052  DIHED      =        13.2283
 1-4 NB =        11.0964  1-4 EEL =      -246.3016  VDWAALS    =      2493.9295
 EELEC  =    -15015.1766  EHBOND  =         0.0000  RESTRAINT  =        10.2837
 EAMBER (non-restraint)  =    -12717.9017
 EKCMT  =         0.0000  VIRIAL  =         0.0000  VOLUME     =     32170.3205
                                                    Density    =         1.0083
 Ewald error estimate:   0.1089E-04
 ------------------------------------------------------------------------------


 NSTEP =    49500   TIME(PS) =     119.000  TEMP(K) =   302.19  PRESS =     0.0
 Etot   =    -10771.6015  EKtot   =      1951.6568  EPtot      =    -12723.2583
 BOND   =         5.4861  ANGLE   =        19.3470  DIHED      =        15.9611
 1-4 NB =        13.2370  1-4 EEL =      -248.7880  VDWAALS    =      2486.5963
 EELEC  =    -15027.0651  EHBOND  =         0.0000  RESTRAINT  =        11.9672
 EAMBER (non-restraint)  =    -12735.2255
 EKCMT  =         0.0000  VIRIAL  =         0.0000  VOLUME     =     32304.0135
                                                    Density    =         1.0041
 Ewald error estimate:   0.9058E-04
 ------------------------------------------------------------------------------


 NSTEP =    50000   TIME(PS) =     120.000  TEMP(K) =   298.35  PRESS =     0.0
 Etot   =    -10721.6071  EKtot   =      1926.8823  EPtot      =    -12648.4894
 BOND   =         5.6229  ANGLE   =        18.0731  DIHED      =        14.0622
 1-4 NB =        12.3949  1-4 EEL =      -249.5399  VDWAALS    =      2531.5783
 EELEC  =    -14988.5699  EHBOND  =         0.0000  RESTRAINT  =         7.8890
 EAMBER (non-restraint)  =    -12656.3784
 EKCMT  =         0.0000  VIRIAL  =         0.0000  VOLUME     =     32112.8412
                                                    Density    =         1.0101
 Ewald error estimate:   0.1006E-03
 ------------------------------------------------------------------------------


      A V E R A G E S   O V E R     100 S T E P S


 NSTEP =    50000   TIME(PS) =     120.000  TEMP(K) =   297.70  PRESS =     0.0
 Etot   =    -10715.4833  EKtot   =      1922.6323  EPtot      =    -12638.1156
 BOND   =         8.1069  ANGLE   =        16.7649  DIHED      =        13.6177
 1-4 NB =        11.5182  1-4 EEL =      -246.7160  VDWAALS    =      2485.5899
 EELEC  =    -14936.1062  EHBOND  =         0.0000  RESTRAINT  =         9.1091
 EAMBER (non-restraint)  =    -12647.2246
 EKCMT  =         0.0000  VIRIAL  =         0.0000  VOLUME     =     32322.3583
                                                    Density    =         1.0039
 Ewald error estimate:   0.1687E-03
 ------------------------------------------------------------------------------


      R M S  F L U C T U A T I O N S


 NSTEP =    50000   TIME(PS) =     120.000  TEMP(K) =     5.41  PRESS =     0.0
 Etot   =        90.2254  EKtot   =        34.9311  EPtot      =        77.4697
 BOND   =         2.4199  ANGLE   =         2.7719  DIHED      =         1.5478
 1-4 NB =         0.9795  1-4 EEL =         1.4321  VDWAALS    =        62.2531
 EELEC  =       119.0782  EHBOND  =         0.0000  RESTRAINT  =         1.9712
 EAMBER (non-restraint)  =        75.4985
 EKCMT  =         0.0000  VIRIAL  =         0.0000  VOLUME     =       659.7082
                                                    Density    =         0.0192
 Ewald error estimate:   0.1385E-03
 ------------------------------------------------------------------------------

| MC Barostat:        500 volume changes attempted.
| MC Barostat:        244 changes successful ( 48.80%)
 ------------------------------------------------------------------------------

--------------------------------------------------------------------------------
   5.  TIMINGS
--------------------------------------------------------------------------------

|  NonSetup CPU Time in Major Routines, Average for All Tasks:
|
|     Routine           Sec        %
|     ------------------------------
|     DataDistrib       9.60    9.29
|     Nonbond          88.27   85.41
|     Bond              0.13    0.13
|     Angle             0.16    0.15
|     Dihedral          0.20    0.20
|     Shake             0.60    0.58
|     RunMD             4.19    4.06
|     Other             0.19    0.18
|     ------------------------------
|     Total           103.36

|  PME Nonbond Pairlist CPU Time, Average for All Tasks:
|
|     Routine              Sec        %
|     ---------------------------------
|     Set Up Cit           0.29    0.28
|     Build List          10.47   10.13
|     ---------------------------------
|     Total               10.76   10.41

|  PME Direct Force CPU Time, Average for All Tasks:
|
|     Routine              Sec        %
|     ---------------------------------
|     NonBonded Calc      61.01   59.02
|     Exclude Masked       0.67    0.65
|     Other                2.43    2.35
|     ---------------------------------
|     Total               64.10   62.02

|  PME Reciprocal Force CPU Time, Average for All Tasks:
|
|     Routine              Sec        %
|     ---------------------------------
|     1D bspline           1.11    1.07
|     Grid Charges         1.21    1.17
|     Scalar Sum           1.16    1.12
|     Gradient Sum         2.10    2.03
|     FFT                  7.53    7.28
|     ---------------------------------
|     Total               13.11   12.68

|  PME Load Balancing CPU Time, Average for All Tasks:
|
|     Routine                 Sec        %
|     ------------------------------------
|     Atom Reassign           0.00    0.00
|     Image Reassign          0.00    0.00
|     FFT Reassign            0.00    0.00
|     ------------------------------------
|     Total                   0.01    0.01

|  Final Performance Info:
|     -----------------------------------------------------
|     Average timings for last   20500 steps:
|     Elapsed(s) =      42.65 Per Step(ms) =       2.08
|         ns/day =      83.05   seconds/ns =    1040.34
|
|     Average timings for all steps:
|     Elapsed(s) =     103.41 Per Step(ms) =       2.07
|         ns/day =      83.55   seconds/ns =    1034.15
|     -----------------------------------------------------

|  Master Setup CPU time:            0.03 seconds
|  Master NonSetup CPU time:       103.07 seconds
|  Master Total CPU time:          103.11 seconds     0.03 hours

|  Master Setup wall time:           0    seconds
|  Master NonSetup wall time:      103    seconds
|  Master Total wall time:         103    seconds     0.03 hours
