/ihome/lchong/dty7/bgfs-dty7/ff15ipq-lig/charges/gaff_00/GenConformers/Conf4
Running Conformation 4
removed ‘mdcrd’
mkdir: created directory ‘scratch’
IPolQ >> Sampling solvent charge density.

IPolQ >> Trimming charge cloud from 42120 atoms to 41354.
IPolQ >> Fitting shell charges.

IPolQ >> Shell charge fitting complete.
IPolQ >> Running vacuum phase quantum calculation with orca.
IPolQ >> Running solution phase quantum calculation with orca.
IPolQ >> Quantum and electrostatic potential calculations completed.
============================================================================
                               JOB STATISTICS                              
============================================================================
      SubmitTime: 2022-03-12T23:39:30
         EndTime: 2022-03-14T00:40:01
         RunTime: 06:57:04
           JobId: 5409634
            TRES: cpu=1,mem=8G,node=1
       Partition: smp
        NodeList: smp-n33
         Command: /bgfs/lchong/dty7/ff15ipq-lig/charges/gaff_00/GenConformers/Conf4/conf_4_mdgx_grid_gen.slurm
          StdOut: /bgfs/lchong/dty7/ff15ipq-lig/charges/gaff_00/GenConformers/Conf4/slurm_conf_4.out
More information:
    - `sacct -M smp -j 5409634 -S 2022-03-12T23:39:30 -E 2022-03-14T00:40:01`
   Print control:
    - List of all possible fields: `sacct --helpformat`
    - Add `--format=<field1,field2,etc>` with fields of interest
============================================================================
