/ihome/lchong/dty7/bgfs-dty7/ff15ipq-lig/charges/gaff_00/GenConformers/Conf5
Running Conformation 5
removed ‘mdcrd’
mkdir: created directory ‘scratch’
IPolQ >> Sampling solvent charge density.

IPolQ >> Trimming charge cloud from 42120 atoms to 41261.
IPolQ >> Fitting shell charges.

IPolQ >> Shell charge fitting complete.
IPolQ >> Running vacuum phase quantum calculation with orca.
IPolQ >> Running solution phase quantum calculation with orca.
IPolQ >> Quantum and electrostatic potential calculations completed.
============================================================================
                               JOB STATISTICS                              
============================================================================
      SubmitTime: 2022-03-12T23:39:30
         EndTime: 2022-03-14T00:40:01
         RunTime: 07:23:40
           JobId: 5409635
            TRES: cpu=1,mem=8G,node=1
       Partition: smp
        NodeList: smp-n33
         Command: /bgfs/lchong/dty7/ff15ipq-lig/charges/gaff_00/GenConformers/Conf5/conf_5_mdgx_grid_gen.slurm
          StdOut: /bgfs/lchong/dty7/ff15ipq-lig/charges/gaff_00/GenConformers/Conf5/slurm_conf_5.out
More information:
    - `sacct -M smp -j 5409635 -S 2022-03-12T23:39:30 -E 2022-03-14T00:40:01`
   Print control:
    - List of all possible fields: `sacct --helpformat`
    - Add `--format=<field1,field2,etc>` with fields of interest
============================================================================
