
          -------------------------------------------------------
          Amber 18 PMEMD                              2018
          -------------------------------------------------------

| PMEMD implementation of SANDER, Release 18

| Run on 03/14/2022 at 21:35:31

|   Executable path: pmemd.MPI
| Working directory: /bgfs/lchong/dty7/ff15ipq-lig/charges/gaff_01/GenConformers/Conf18
|          Hostname: smp-n123

  [-O]verwriting output

File Assignments:
|   MDIN: ../../../amber/6.2_eq1.in                                             
|  MDOUT: 6.2_eq1.out                                                           
| INPCRD: 6.1_min.rst                                                           
|   PARM: ../../mon.top                                                         
| RESTRT: 6.2_eq1.rst                                                           
|   REFC: 6.1_min.rst                                                           
|  MDVEL: mdvel                                                                 
|   MDEN: mden                                                                  
|  MDCRD: mdcrd                                                                 
| MDINFO: mdinfo                                                                
|LOGFILE: logfile                                                               
|  MDFRC: mdfrc                                                                 

 
 Here is the input file:
 
&cntrl                                                                         
  imin      = 0,                                                               
  irest     = 0,                                                               
  ntx       = 1,                                                               
  ig        = -1,                                                              
  dt        = 0.002,                                                           
  nstlim    = 10000,                                                           
  nscm      = 500,                                                             
  ntr       = 1,                                                               
  restraintmask = ':1',                                                        
  restraint_wt  = 10.0,                                                        
  ntb       = 1,                                                               
  ntp       = 0,                                                               
  ntt       = 3,                                                               
  tempi     = 298.0,                                                           
  temp0     = 298.0,                                                           
  gamma_ln  = 1.0,                                                             
  ntf       = 2,                                                               
  ntc       = 2,                                                               
  cut       = 10.0,                                                            
  ntpr      = 500,                                                             
  ntxo      = 2,                                                               
  ntwr      = 10000,                                                           
  ioutfm    = 1,                                                               
  ntwx      = 500,                                                             
  iwrap     = 1,                                                               
&end                                                                           


Note: ig = -1. Setting random seed to   123968 based on wallclock time in
      microseconds and disabling the synchronization of random numbers 
      between tasks to improve performance.
| irandom = 1, using AMBER's internal random number generator (default).
 
 
| Conditional Compilation Defines Used:
| MPI
| FFTW_FFT
| BINTRAJ
| MKL
| EMIL
 
| Largest sphere to fit in unit cell has radius =    14.802

| New format PARM file being parsed.
| Version =    1.000 Date = 03/14/22 Time = 17:48:27

| Note: 1-4 EEL scale factors are being read from the topology file.

| Note: 1-4 VDW scale factors are being read from the topology file.
| Duplicated    0 dihedrals

| Duplicated    0 dihedrals

--------------------------------------------------------------------------------
   1.  RESOURCE   USE: 
--------------------------------------------------------------------------------

 getting box info from netcdf restart file
 NATOM  =    3240 NTYPES =      13 NBONH =    3220 MBONA  =      21
 NTHETH =      33 MTHETA =      29 NPHIH =      60 MPHIA  =      45
 NHPARM =       0 NPARM  =       0 NNB   =    4456 NRES   =    1069
 NBONA  =      21 NTHETA =      29 NPHIA =      45 NUMBND =      22
 NUMANG =      35 NPTRA  =      18 NATYP =      17 NPHB   =       0
 IFBOX  =       2 NMXRS  =      36 IFCAP =       0 NEXTRA =       0
 NCOPY  =       0

| Coordinate Index Table dimensions:     5    5    5
| Direct force subcell size =     7.2515    7.2515    7.2515

     BOX TYPE: TRUNCATED OCTAHEDRON

--------------------------------------------------------------------------------
   2.  CONTROL  DATA  FOR  THE  RUN
--------------------------------------------------------------------------------

default_name                                                                    

General flags:
     imin    =       0, nmropt  =       0

Nature and format of input:
     ntx     =       1, irest   =       0, ntrx    =       1

Nature and format of output:
     ntxo    =       2, ntpr    =     500, ntrx    =       1, ntwr    =   10000
     iwrap   =       1, ntwx    =     500, ntwv    =       0, ntwe    =       0
     ioutfm  =       1, ntwprt  =       0, idecomp =       0, rbornstat=      0

Potential function:
     ntf     =       2, ntb     =       1, igb     =       0, nsnb    =      25
     ipol    =       0, gbsa    =       0, iesp    =       0
     dielc   =   1.00000, cut     =  10.00000, intdiel =   1.00000

Frozen or restrained atoms:
     ibelly  =       0, ntr     =       1
     restraint_wt =  10.00000

Molecular dynamics:
     nstlim  =     10000, nscm    =         0, nrespa  =         1
     t       =   0.00000, dt      =   0.00200, vlimit  =  20.00000

Langevin dynamics temperature regulation:
     ig      =  123968
     temp0   = 298.00000, tempi   = 298.00000, gamma_ln=   1.00000

SHAKE:
     ntc     =       2, jfastw  =       0
     tol     =   0.00001

| Intermolecular bonds treatment:
|     no_intermolecular_bonds =       1

| Energy averages sample interval:
|     ene_avg_sampling =     500

Ewald parameters:
     verbose =       0, ew_type =       0, nbflag  =       1, use_pme =       1
     vdwmeth =       1, eedmeth =       1, netfrc  =       1
     Box X =   36.257   Box Y =   36.257   Box Z =   36.257
     Alpha =  109.471   Beta  =  109.471   Gamma =  109.471
     NFFT1 =   40       NFFT2 =   40       NFFT3 =   40
     Cutoff=   10.000   Tol   =0.100E-04
     Ewald Coefficient =  0.27511
     Interpolation order =    4

| PMEMD ewald parallel performance parameters:
|     block_fft =    0
|     fft_blk_y_divisor =    2
|     excl_recip =    0
|     excl_master =    0
|     atm_redist_freq =  320

    LOADING THE CONSTRAINED ATOMS AS GROUPS


   5.  REFERENCE ATOM COORDINATES

  default_name                                                                    
     Mask :1; matches    36 atoms

--------------------------------------------------------------------------------
   3.  ATOMIC COORDINATES AND VELOCITIES
--------------------------------------------------------------------------------

default_name                                                                    
 begin time read from input coords =     0.000 ps

 
 Number of triangulated 3-point waters found:     1068

     Sum of charges from parm topology file =  -0.00030117
     Forcing neutrality...

| Dynamic Memory, Types Used:
| Reals             1198019
| Integers           209488

| Nonbonded Pairs Initial Allocation:      317358

| Running AMBER/MPI version on    8 MPI task

 
--------------------------------------------------------------------------------
   4.  RESULTS
--------------------------------------------------------------------------------

 ---------------------------------------------------
 APPROXIMATING switch and d/dx switch using CUBIC SPLINE INTERPOLATION
 using   5000.0 points per unit in tabled values
 TESTING RELATIVE ERROR over r ranging from 0.0 to cutoff
| CHECK switch(x): max rel err =   0.3316E-14   at   2.351880
| CHECK d/dx switch(x): max rel err =   0.8066E-11   at   2.747240
 ---------------------------------------------------
|---------------------------------------------------
| APPROXIMATING direct energy using CUBIC SPLINE INTERPOLATION
|  with   50.0 points per unit in tabled values
| Relative Error Limit not exceeded for r .gt.   2.34
| APPROXIMATING direct force using CUBIC SPLINE INTERPOLATION
|  with   50.0 points per unit in tabled values
| Relative Error Limit not exceeded for r .gt.   2.81
|---------------------------------------------------

 NSTEP =        0   TIME(PS) =       0.000  TEMP(K) =   446.80  PRESS =     0.0
 Etot   =    -14764.9258  EKtot   =      2885.5960  EPtot      =    -17650.5217
 BOND   =         1.3459  ANGLE   =         3.7147  DIHED      =        14.0228
 1-4 NB =        11.6040  1-4 EEL =      -600.8167  VDWAALS    =      3680.4023
 EELEC  =    -20760.7948  EHBOND  =         0.0000  RESTRAINT  =         0.0000
 Ewald error estimate:   0.2098E-03
 ------------------------------------------------------------------------------

wrapping first mol.:      -12.08579       34.18378        0.00000

 NSTEP =      500   TIME(PS) =       1.000  TEMP(K) =   251.11  PRESS =     0.0
 Etot   =    -11483.7410  EKtot   =      1621.7796  EPtot      =    -13105.5206
 BOND   =         7.8261  ANGLE   =        10.1683  DIHED      =        17.3273
 1-4 NB =        11.5289  1-4 EEL =      -600.2158  VDWAALS    =      2531.9314
 EELEC  =    -15089.6650  EHBOND  =         0.0000  RESTRAINT  =         5.5783
 EAMBER (non-restraint)  =    -13111.0988
 Ewald error estimate:   0.8535E-04
 ------------------------------------------------------------------------------

wrapping first mol.:      -12.08579       34.18378        0.00000

 NSTEP =     1000   TIME(PS) =       2.000  TEMP(K) =   276.31  PRESS =     0.0
 Etot   =    -11070.5461  EKtot   =      1784.5431  EPtot      =    -12855.0892
 BOND   =         2.8887  ANGLE   =        14.4596  DIHED      =        14.7428
 1-4 NB =        10.5823  1-4 EEL =      -592.9963  VDWAALS    =      2419.4588
 EELEC  =    -14731.9664  EHBOND  =         0.0000  RESTRAINT  =         7.7413
 EAMBER (non-restraint)  =    -12862.8305
 Ewald error estimate:   0.2763E-03
 ------------------------------------------------------------------------------

wrapping first mol.:      -12.08579       34.18378        0.00000

 NSTEP =     1500   TIME(PS) =       3.000  TEMP(K) =   282.46  PRESS =     0.0
 Etot   =    -10925.4973  EKtot   =      1824.2315  EPtot      =    -12749.7288
 BOND   =         5.8320  ANGLE   =        13.5931  DIHED      =        23.7122
 1-4 NB =        10.8806  1-4 EEL =      -599.3429  VDWAALS    =      2311.1621
 EELEC  =    -14524.6813  EHBOND  =         0.0000  RESTRAINT  =         9.1153
 EAMBER (non-restraint)  =    -12758.8442
 Ewald error estimate:   0.2683E-04
 ------------------------------------------------------------------------------

wrapping first mol.:      -12.08579       34.18378        0.00000

 NSTEP =     2000   TIME(PS) =       4.000  TEMP(K) =   293.05  PRESS =     0.0
 Etot   =    -10831.7768  EKtot   =      1892.6016  EPtot      =    -12724.3784
 BOND   =         5.7721  ANGLE   =        13.4802  DIHED      =        16.5026
 1-4 NB =        12.2730  1-4 EEL =      -599.2693  VDWAALS    =      2349.6046
 EELEC  =    -14529.7557  EHBOND  =         0.0000  RESTRAINT  =         7.0143
 EAMBER (non-restraint)  =    -12731.3927
 Ewald error estimate:   0.5179E-03
 ------------------------------------------------------------------------------

wrapping first mol.:      -12.08579       34.18378        0.00000

 NSTEP =     2500   TIME(PS) =       5.000  TEMP(K) =   298.10  PRESS =     0.0
 Etot   =    -10765.0755  EKtot   =      1925.2309  EPtot      =    -12690.3064
 BOND   =         4.0150  ANGLE   =        12.6093  DIHED      =        14.8580
 1-4 NB =        12.3834  1-4 EEL =      -598.1199  VDWAALS    =      2335.8136
 EELEC  =    -14480.8079  EHBOND  =         0.0000  RESTRAINT  =         8.9421
 EAMBER (non-restraint)  =    -12699.2485
 Ewald error estimate:   0.2265E-03
 ------------------------------------------------------------------------------

wrapping first mol.:      -12.08579       34.18378        0.00000

 NSTEP =     3000   TIME(PS) =       6.000  TEMP(K) =   291.72  PRESS =     0.0
 Etot   =    -10664.8547  EKtot   =      1884.0259  EPtot      =    -12548.8805
 BOND   =         5.0931  ANGLE   =        11.7617  DIHED      =        15.2425
 1-4 NB =        11.9536  1-4 EEL =      -598.8073  VDWAALS    =      2360.2243
 EELEC  =    -14363.4198  EHBOND  =         0.0000  RESTRAINT  =         9.0713
 EAMBER (non-restraint)  =    -12557.9518
 Ewald error estimate:   0.2285E-03
 ------------------------------------------------------------------------------

wrapping first mol.:      -12.08579       34.18378        0.00000

 NSTEP =     3500   TIME(PS) =       7.000  TEMP(K) =   304.27  PRESS =     0.0
 Etot   =    -10660.0586  EKtot   =      1965.0625  EPtot      =    -12625.1211
 BOND   =         5.5605  ANGLE   =        13.8832  DIHED      =        16.1716
 1-4 NB =        11.8267  1-4 EEL =      -598.3707  VDWAALS    =      2248.3767
 EELEC  =    -14335.2181  EHBOND  =         0.0000  RESTRAINT  =        12.6490
 EAMBER (non-restraint)  =    -12637.7701
 Ewald error estimate:   0.6136E-03
 ------------------------------------------------------------------------------

wrapping first mol.:      -12.08579       34.18378        0.00000

 NSTEP =     4000   TIME(PS) =       8.000  TEMP(K) =   291.50  PRESS =     0.0
 Etot   =    -10734.1710  EKtot   =      1882.6228  EPtot      =    -12616.7938
 BOND   =         7.2302  ANGLE   =        10.0886  DIHED      =        16.2462
 1-4 NB =        11.2336  1-4 EEL =      -599.8109  VDWAALS    =      2278.6660
 EELEC  =    -14348.3919  EHBOND  =         0.0000  RESTRAINT  =         7.9445
 EAMBER (non-restraint)  =    -12624.7383
 Ewald error estimate:   0.9942E-04
 ------------------------------------------------------------------------------

wrapping first mol.:      -12.08579       34.18378        0.00000

 NSTEP =     4500   TIME(PS) =       9.000  TEMP(K) =   304.43  PRESS =     0.0
 Etot   =    -10723.8167  EKtot   =      1966.1199  EPtot      =    -12689.9365
 BOND   =         7.2678  ANGLE   =        13.7493  DIHED      =        20.9126
 1-4 NB =        11.9551  1-4 EEL =      -603.1828  VDWAALS    =      2350.9572
 EELEC  =    -14499.3084  EHBOND  =         0.0000  RESTRAINT  =         7.7128
 EAMBER (non-restraint)  =    -12697.6493
 Ewald error estimate:   0.6650E-04
 ------------------------------------------------------------------------------

wrapping first mol.:      -12.08579       34.18378        0.00000

 NSTEP =     5000   TIME(PS) =      10.000  TEMP(K) =   302.75  PRESS =     0.0
 Etot   =    -10644.6359  EKtot   =      1955.2598  EPtot      =    -12599.8956
 BOND   =         6.6303  ANGLE   =        14.9824  DIHED      =        16.9767
 1-4 NB =        13.7088  1-4 EEL =      -596.0764  VDWAALS    =      2414.2130
 EELEC  =    -14477.2996  EHBOND  =         0.0000  RESTRAINT  =         6.9692
 EAMBER (non-restraint)  =    -12606.8648
 Ewald error estimate:   0.1800E-03
 ------------------------------------------------------------------------------

wrapping first mol.:      -12.08579       34.18378        0.00000

 NSTEP =     5500   TIME(PS) =      11.000  TEMP(K) =   305.22  PRESS =     0.0
 Etot   =    -10635.2416  EKtot   =      1971.2116  EPtot      =    -12606.4532
 BOND   =         8.0378  ANGLE   =        15.2459  DIHED      =        17.0355
 1-4 NB =        11.8410  1-4 EEL =      -598.4943  VDWAALS    =      2226.8734
 EELEC  =    -14295.0676  EHBOND  =         0.0000  RESTRAINT  =         8.0750
 EAMBER (non-restraint)  =    -12614.5282
 Ewald error estimate:   0.1026E-03
 ------------------------------------------------------------------------------

wrapping first mol.:      -12.08579       34.18378        0.00000

 NSTEP =     6000   TIME(PS) =      12.000  TEMP(K) =   294.97  PRESS =     0.0
 Etot   =    -10676.9797  EKtot   =      1905.0542  EPtot      =    -12582.0339
 BOND   =         6.2995  ANGLE   =        17.0719  DIHED      =        15.5781
 1-4 NB =        10.6083  1-4 EEL =      -597.6176  VDWAALS    =      2392.2947
 EELEC  =    -14437.2167  EHBOND  =         0.0000  RESTRAINT  =        10.9478
 EAMBER (non-restraint)  =    -12592.9818
 Ewald error estimate:   0.6014E-05
 ------------------------------------------------------------------------------

wrapping first mol.:      -12.08579       34.18378        0.00000

 NSTEP =     6500   TIME(PS) =      13.000  TEMP(K) =   296.05  PRESS =     0.0
 Etot   =    -10611.2003  EKtot   =      1912.0010  EPtot      =    -12523.2013
 BOND   =         4.2386  ANGLE   =        15.4541  DIHED      =        13.6948
 1-4 NB =        12.7482  1-4 EEL =      -597.9991  VDWAALS    =      2257.7201
 EELEC  =    -14235.8376  EHBOND  =         0.0000  RESTRAINT  =         6.7795
 EAMBER (non-restraint)  =    -12529.9808
 Ewald error estimate:   0.3051E-03
 ------------------------------------------------------------------------------

wrapping first mol.:      -12.08579       34.18378        0.00000

 NSTEP =     7000   TIME(PS) =      14.000  TEMP(K) =   303.01  PRESS =     0.0
 Etot   =    -10654.6356  EKtot   =      1956.9323  EPtot      =    -12611.5679
 BOND   =         9.8034  ANGLE   =        16.1142  DIHED      =        16.9736
 1-4 NB =        13.8064  1-4 EEL =      -603.1539  VDWAALS    =      2303.3683
 EELEC  =    -14375.7042  EHBOND  =         0.0000  RESTRAINT  =         7.2244
 EAMBER (non-restraint)  =    -12618.7923
 Ewald error estimate:   0.3624E-03
 ------------------------------------------------------------------------------

wrapping first mol.:      -12.08579       34.18378        0.00000

 NSTEP =     7500   TIME(PS) =      15.000  TEMP(K) =   289.88  PRESS =     0.0
 Etot   =    -10647.2509  EKtot   =      1872.1598  EPtot      =    -12519.4106
 BOND   =         8.2949  ANGLE   =        10.7742  DIHED      =        18.4753
 1-4 NB =        13.2551  1-4 EEL =      -607.0064  VDWAALS    =      2181.1148
 EELEC  =    -14150.0030  EHBOND  =         0.0000  RESTRAINT  =         5.6843
 EAMBER (non-restraint)  =    -12525.0950
 Ewald error estimate:   0.1818E-03
 ------------------------------------------------------------------------------

wrapping first mol.:      -12.08579       34.18378        0.00000

 NSTEP =     8000   TIME(PS) =      16.000  TEMP(K) =   296.11  PRESS =     0.0
 Etot   =    -10690.4056  EKtot   =      1912.3845  EPtot      =    -12602.7901
 BOND   =         6.3307  ANGLE   =        13.3593  DIHED      =        15.6464
 1-4 NB =        13.4740  1-4 EEL =      -601.4007  VDWAALS    =      2210.3629
 EELEC  =    -14267.7473  EHBOND  =         0.0000  RESTRAINT  =         7.1845
 EAMBER (non-restraint)  =    -12609.9746
 Ewald error estimate:   0.1440E-04
 ------------------------------------------------------------------------------

wrapping first mol.:      -12.08579       34.18378        0.00000

 NSTEP =     8500   TIME(PS) =      17.000  TEMP(K) =   295.06  PRESS =     0.0
 Etot   =    -10626.6088  EKtot   =      1905.5940  EPtot      =    -12532.2029
 BOND   =         9.1624  ANGLE   =        14.3473  DIHED      =        12.8358
 1-4 NB =        12.0005  1-4 EEL =      -604.4470  VDWAALS    =      2206.7313
 EELEC  =    -14190.7421  EHBOND  =         0.0000  RESTRAINT  =         7.9090
 EAMBER (non-restraint)  =    -12540.1119
 Ewald error estimate:   0.2017E-03
 ------------------------------------------------------------------------------

wrapping first mol.:      -12.08579       34.18378        0.00000

 NSTEP =     9000   TIME(PS) =      18.000  TEMP(K) =   298.45  PRESS =     0.0
 Etot   =    -10681.7038  EKtot   =      1927.5220  EPtot      =    -12609.2258
 BOND   =         8.1683  ANGLE   =        15.0871  DIHED      =        15.8859
 1-4 NB =        10.7938  1-4 EEL =      -602.1763  VDWAALS    =      2237.1422
 EELEC  =    -14304.3744  EHBOND  =         0.0000  RESTRAINT  =        10.2475
 EAMBER (non-restraint)  =    -12619.4733
 Ewald error estimate:   0.1489E-03
 ------------------------------------------------------------------------------

wrapping first mol.:      -12.08579       34.18378        0.00000

 NSTEP =     9500   TIME(PS) =      19.000  TEMP(K) =   298.39  PRESS =     0.0
 Etot   =    -10602.3981  EKtot   =      1927.1144  EPtot      =    -12529.5125
 BOND   =         8.3633  ANGLE   =        13.5486  DIHED      =        17.8919
 1-4 NB =        10.2451  1-4 EEL =      -596.7013  VDWAALS    =      2242.4897
 EELEC  =    -14230.0455  EHBOND  =         0.0000  RESTRAINT  =         4.6957
 EAMBER (non-restraint)  =    -12534.2082
 Ewald error estimate:   0.1380E-04
 ------------------------------------------------------------------------------

wrapping first mol.:      -12.08579       34.18378        0.00000
wrapping first mol.:      -12.08579       34.18378        0.00000

 NSTEP =    10000   TIME(PS) =      20.000  TEMP(K) =   300.87  PRESS =     0.0
 Etot   =    -10645.1053  EKtot   =      1943.1271  EPtot      =    -12588.2325
 BOND   =         8.7490  ANGLE   =        15.6309  DIHED      =        18.5111
 1-4 NB =        11.1955  1-4 EEL =      -600.7804  VDWAALS    =      2258.3404
 EELEC  =    -14306.1894  EHBOND  =         0.0000  RESTRAINT  =         6.3104
 EAMBER (non-restraint)  =    -12594.5429
 Ewald error estimate:   0.1772E-03
 ------------------------------------------------------------------------------


      A V E R A G E S   O V E R      20 S T E P S


 NSTEP =    10000   TIME(PS) =      20.000  TEMP(K) =   293.69  PRESS =     0.0
 Etot   =    -10748.7852  EKtot   =      1896.7289  EPtot      =    -12645.5141
 BOND   =         6.7782  ANGLE   =        13.7705  DIHED      =        16.7610
 1-4 NB =        11.9147  1-4 EEL =      -599.7985  VDWAALS    =      2305.8423
 EELEC  =    -14408.6721  EHBOND  =         0.0000  RESTRAINT  =         7.8898
 EAMBER (non-restraint)  =    -12653.4039
 Ewald error estimate:   0.1917E-03
 ------------------------------------------------------------------------------


      R M S  F L U C T U A T I O N S


 NSTEP =    10000   TIME(PS) =      20.000  TEMP(K) =    12.09  PRESS =     0.0
 Etot   =       202.4643  EKtot   =        78.0913  EPtot      =       134.0778
 BOND   =         1.7957  ANGLE   =         1.8724  DIHED      =         2.3687
 1-4 NB =         1.0444  1-4 EEL =         3.0933  VDWAALS    =        86.3604
 EELEC  =       207.1021  EHBOND  =         0.0000  RESTRAINT  =         1.8486
 EAMBER (non-restraint)  =       132.2292
 Ewald error estimate:   0.1592E-03
 ------------------------------------------------------------------------------

--------------------------------------------------------------------------------
   5.  TIMINGS
--------------------------------------------------------------------------------

|  NonSetup CPU Time in Major Routines, Average for All Tasks:
|
|     Routine           Sec        %
|     ------------------------------
|     DataDistrib       1.88    9.95
|     Nonbond          15.86   84.08
|     Bond              0.03    0.14
|     Angle             0.03    0.18
|     Dihedral          0.05    0.26
|     Shake             0.13    0.67
|     RunMD             0.86    4.58
|     Other             0.03    0.14
|     ------------------------------
|     Total            18.86

|  PME Nonbond Pairlist CPU Time, Average for All Tasks:
|
|     Routine              Sec        %
|     ---------------------------------
|     Set Up Cit           0.06    0.30
|     Build List           1.94   10.28
|     ---------------------------------
|     Total                2.00   10.58

|  PME Direct Force CPU Time, Average for All Tasks:
|
|     Routine              Sec        %
|     ---------------------------------
|     NonBonded Calc      10.58   56.10
|     Exclude Masked       0.14    0.72
|     Other                0.50    2.63
|     ---------------------------------
|     Total               11.21   59.45

|  PME Reciprocal Force CPU Time, Average for All Tasks:
|
|     Routine              Sec        %
|     ---------------------------------
|     1D bspline           0.22    1.17
|     Grid Charges         0.24    1.28
|     Scalar Sum           0.21    1.11
|     Gradient Sum         0.42    2.21
|     FFT                  1.50    7.96
|     ---------------------------------
|     Total                2.59   13.73

|  PME Load Balancing CPU Time, Average for All Tasks:
|
|     Routine                 Sec        %
|     ------------------------------------
|     Atom Reassign           0.00    0.00
|     Image Reassign          0.00    0.01
|     FFT Reassign            0.00    0.00
|     ------------------------------------
|     Total                   0.00    0.01

|  Final Performance Info:
|     -----------------------------------------------------
|     Average timings for last   10000 steps:
|     Elapsed(s) =      18.89 Per Step(ms) =       1.89
|         ns/day =      91.48   seconds/ns =     944.47
|
|     Average timings for all steps:
|     Elapsed(s) =      18.89 Per Step(ms) =       1.89
|         ns/day =      91.48   seconds/ns =     944.47
|     -----------------------------------------------------

|  Master Setup CPU time:            0.03 seconds
|  Master NonSetup CPU time:        18.84 seconds
|  Master Total CPU time:           18.87 seconds     0.01 hours

|  Master Setup wall time:           0    seconds
|  Master NonSetup wall time:       19    seconds
|  Master Total wall time:          19    seconds     0.01 hours
