/ihome/lchong/dty7/bgfs-dty7/ff15ipq-lig/charges/gaff_01/GenConformers/Conf18
Running Conformation 18
removed ‘mdcrd’
mkdir: created directory ‘scratch’
IPolQ >> Sampling solvent charge density.

IPolQ >> Trimming charge cloud from 45360 atoms to 44405.
IPolQ >> Fitting shell charges.

IPolQ >> Shell charge fitting complete.
IPolQ >> Running vacuum phase quantum calculation with orca.
IPolQ >> Running solution phase quantum calculation with orca.
IPolQ >> Quantum and electrostatic potential calculations completed.
============================================================================
                               JOB STATISTICS                              
============================================================================
      SubmitTime: 2022-03-15T00:38:27
         EndTime: 2022-03-16T00:38:54
         RunTime: 06:26:43
           JobId: 5423840
            TRES: cpu=1,mem=8G,node=1
       Partition: smp
        NodeList: smp-n56
         Command: /bgfs/lchong/dty7/ff15ipq-lig/charges/gaff_01/GenConformers/Conf18/conf_18_mdgx_grid_gen.slurm
          StdOut: /bgfs/lchong/dty7/ff15ipq-lig/charges/gaff_01/GenConformers/Conf18/slurm_conf_18.out
More information:
    - `sacct -M smp -j 5423840 -S 2022-03-15T00:38:27 -E 2022-03-16T00:38:54`
   Print control:
    - List of all possible fields: `sacct --helpformat`
    - Add `--format=<field1,field2,etc>` with fields of interest
============================================================================
