
          -------------------------------------------------------
          Amber 18 PMEMD                              2018
          -------------------------------------------------------

| PMEMD implementation of SANDER, Release 18

| Run on 03/23/2022 at 17:46:59

|   Executable path: pmemd.MPI
| Working directory: /bgfs/lchong/dty7/ff15ipq-lig/charges/gaff_02/GenConformers/Conf2
|          Hostname: smp-n123

  [-O]verwriting output

File Assignments:
|   MDIN: ../../../amber/6.2_eq1.in                                             
|  MDOUT: 6.2_eq1.out                                                           
| INPCRD: 6.1_min.rst                                                           
|   PARM: ../../mon.top                                                         
| RESTRT: 6.2_eq1.rst                                                           
|   REFC: 6.1_min.rst                                                           
|  MDVEL: mdvel                                                                 
|   MDEN: mden                                                                  
|  MDCRD: mdcrd                                                                 
| MDINFO: mdinfo                                                                
|LOGFILE: logfile                                                               
|  MDFRC: mdfrc                                                                 

 
 Here is the input file:
 
&cntrl                                                                         
  imin      = 0,                                                               
  irest     = 0,                                                               
  ntx       = 1,                                                               
  ig        = -1,                                                              
  dt        = 0.002,                                                           
  nstlim    = 10000,                                                           
  nscm      = 500,                                                             
  ntr       = 1,                                                               
  restraintmask = ':1',                                                        
  restraint_wt  = 10.0,                                                        
  ntb       = 1,                                                               
  ntp       = 0,                                                               
  ntt       = 3,                                                               
  tempi     = 298.0,                                                           
  temp0     = 298.0,                                                           
  gamma_ln  = 1.0,                                                             
  ntf       = 2,                                                               
  ntc       = 2,                                                               
  cut       = 10.0,                                                            
  ntpr      = 500,                                                             
  ntxo      = 2,                                                               
  ntwr      = 10000,                                                           
  ioutfm    = 1,                                                               
  ntwx      = 500,                                                             
  iwrap     = 1,                                                               
&end                                                                           


Note: ig = -1. Setting random seed to   711491 based on wallclock time in
      microseconds and disabling the synchronization of random numbers 
      between tasks to improve performance.
| irandom = 1, using AMBER's internal random number generator (default).
 
 
| Conditional Compilation Defines Used:
| MPI
| FFTW_FFT
| BINTRAJ
| MKL
| EMIL
 
| Largest sphere to fit in unit cell has radius =    14.739

| New format PARM file being parsed.
| Version =    1.000 Date = 03/23/22 Time = 14:37:26

| Note: 1-4 EEL scale factors are being read from the topology file.

| Note: 1-4 VDW scale factors are being read from the topology file.
| Duplicated    0 dihedrals

| Duplicated    0 dihedrals

--------------------------------------------------------------------------------
   1.  RESOURCE   USE: 
--------------------------------------------------------------------------------

 getting box info from netcdf restart file
 NATOM  =    3240 NTYPES =      13 NBONH =    3220 MBONA  =      21
 NTHETH =      33 MTHETA =      29 NPHIH =      60 MPHIA  =      45
 NHPARM =       0 NPARM  =       0 NNB   =    4456 NRES   =    1069
 NBONA  =      21 NTHETA =      29 NPHIA =      45 NUMBND =      22
 NUMANG =      35 NPTRA  =      18 NATYP =      17 NPHB   =       0
 IFBOX  =       2 NMXRS  =      36 IFCAP =       0 NEXTRA =       0
 NCOPY  =       0

| Coordinate Index Table dimensions:     5    5    5
| Direct force subcell size =     7.2206    7.2206    7.2206

     BOX TYPE: TRUNCATED OCTAHEDRON

--------------------------------------------------------------------------------
   2.  CONTROL  DATA  FOR  THE  RUN
--------------------------------------------------------------------------------

default_name                                                                    

General flags:
     imin    =       0, nmropt  =       0

Nature and format of input:
     ntx     =       1, irest   =       0, ntrx    =       1

Nature and format of output:
     ntxo    =       2, ntpr    =     500, ntrx    =       1, ntwr    =   10000
     iwrap   =       1, ntwx    =     500, ntwv    =       0, ntwe    =       0
     ioutfm  =       1, ntwprt  =       0, idecomp =       0, rbornstat=      0

Potential function:
     ntf     =       2, ntb     =       1, igb     =       0, nsnb    =      25
     ipol    =       0, gbsa    =       0, iesp    =       0
     dielc   =   1.00000, cut     =  10.00000, intdiel =   1.00000

Frozen or restrained atoms:
     ibelly  =       0, ntr     =       1
     restraint_wt =  10.00000

Molecular dynamics:
     nstlim  =     10000, nscm    =         0, nrespa  =         1
     t       =   0.00000, dt      =   0.00200, vlimit  =  20.00000

Langevin dynamics temperature regulation:
     ig      =  711491
     temp0   = 298.00000, tempi   = 298.00000, gamma_ln=   1.00000

SHAKE:
     ntc     =       2, jfastw  =       0
     tol     =   0.00001

| Intermolecular bonds treatment:
|     no_intermolecular_bonds =       1

| Energy averages sample interval:
|     ene_avg_sampling =     500

Ewald parameters:
     verbose =       0, ew_type =       0, nbflag  =       1, use_pme =       1
     vdwmeth =       1, eedmeth =       1, netfrc  =       1
     Box X =   36.103   Box Y =   36.103   Box Z =   36.103
     Alpha =  109.471   Beta  =  109.471   Gamma =  109.471
     NFFT1 =   40       NFFT2 =   40       NFFT3 =   40
     Cutoff=   10.000   Tol   =0.100E-04
     Ewald Coefficient =  0.27511
     Interpolation order =    4

| PMEMD ewald parallel performance parameters:
|     block_fft =    0
|     fft_blk_y_divisor =    2
|     excl_recip =    0
|     excl_master =    0
|     atm_redist_freq =  320

    LOADING THE CONSTRAINED ATOMS AS GROUPS


   5.  REFERENCE ATOM COORDINATES

  default_name                                                                    
     Mask :1; matches    36 atoms

--------------------------------------------------------------------------------
   3.  ATOMIC COORDINATES AND VELOCITIES
--------------------------------------------------------------------------------

default_name                                                                    
 begin time read from input coords =     0.000 ps

 
 Number of triangulated 3-point waters found:     1068

     Sum of charges from parm topology file =  -0.00010118
     Forcing neutrality...

| Dynamic Memory, Types Used:
| Reals             1198019
| Integers           209468

| Nonbonded Pairs Initial Allocation:      317358

| Running AMBER/MPI version on    8 MPI task

 
--------------------------------------------------------------------------------
   4.  RESULTS
--------------------------------------------------------------------------------

 ---------------------------------------------------
 APPROXIMATING switch and d/dx switch using CUBIC SPLINE INTERPOLATION
 using   5000.0 points per unit in tabled values
 TESTING RELATIVE ERROR over r ranging from 0.0 to cutoff
| CHECK switch(x): max rel err =   0.3316E-14   at   2.351880
| CHECK d/dx switch(x): max rel err =   0.8066E-11   at   2.747240
 ---------------------------------------------------
|---------------------------------------------------
| APPROXIMATING direct energy using CUBIC SPLINE INTERPOLATION
|  with   50.0 points per unit in tabled values
| Relative Error Limit not exceeded for r .gt.   2.34
| APPROXIMATING direct force using CUBIC SPLINE INTERPOLATION
|  with   50.0 points per unit in tabled values
| Relative Error Limit not exceeded for r .gt.   2.81
|---------------------------------------------------

 NSTEP =        0   TIME(PS) =       0.000  TEMP(K) =   455.27  PRESS =     0.0
 Etot   =    -14790.2730  EKtot   =      2940.3354  EPtot      =    -17730.6083
 BOND   =         1.4603  ANGLE   =         4.6092  DIHED      =        16.2077
 1-4 NB =        12.1138  1-4 EEL =      -667.6201  VDWAALS    =      3754.6797
 EELEC  =    -20852.0590  EHBOND  =         0.0000  RESTRAINT  =         0.0000
 Ewald error estimate:   0.2337E-03
 ------------------------------------------------------------------------------

wrapping first mol.:      -24.06877       17.01919       29.47810

 NSTEP =      500   TIME(PS) =       1.000  TEMP(K) =   239.11  PRESS =     0.0
 Etot   =    -11600.2503  EKtot   =      1544.2725  EPtot      =    -13144.5228
 BOND   =         7.4450  ANGLE   =        14.1865  DIHED      =        19.0054
 1-4 NB =        13.3730  1-4 EEL =      -677.5381  VDWAALS    =      2597.8674
 EELEC  =    -15128.7690  EHBOND  =         0.0000  RESTRAINT  =         9.9071
 EAMBER (non-restraint)  =    -13154.4299
 Ewald error estimate:   0.4918E-03
 ------------------------------------------------------------------------------

wrapping first mol.:      -24.06877       17.01919       29.47810

 NSTEP =     1000   TIME(PS) =       2.000  TEMP(K) =   281.79  PRESS =     0.0
 Etot   =    -11067.8710  EKtot   =      1819.9022  EPtot      =    -12887.7732
 BOND   =        10.6213  ANGLE   =        10.5291  DIHED      =        19.4970
 1-4 NB =        12.0394  1-4 EEL =      -675.5029  VDWAALS    =      2457.1712
 EELEC  =    -14731.8306  EHBOND  =         0.0000  RESTRAINT  =         9.7023
 EAMBER (non-restraint)  =    -12897.4755
 Ewald error estimate:   0.1347E-03
 ------------------------------------------------------------------------------

wrapping first mol.:      -24.06877       17.01919       29.47810

 NSTEP =     1500   TIME(PS) =       3.000  TEMP(K) =   293.52  PRESS =     0.0
 Etot   =    -10893.9281  EKtot   =      1895.6796  EPtot      =    -12789.6078
 BOND   =         6.5452  ANGLE   =        13.8405  DIHED      =        20.8807
 1-4 NB =        12.5951  1-4 EEL =      -672.1792  VDWAALS    =      2381.7836
 EELEC  =    -14562.7794  EHBOND  =         0.0000  RESTRAINT  =         9.7058
 EAMBER (non-restraint)  =    -12799.3136
 Ewald error estimate:   0.1433E-03
 ------------------------------------------------------------------------------

wrapping first mol.:      -24.06877       17.01919       29.47810

 NSTEP =     2000   TIME(PS) =       4.000  TEMP(K) =   290.55  PRESS =     0.0
 Etot   =    -10847.0132  EKtot   =      1876.4801  EPtot      =    -12723.4933
 BOND   =         3.6173  ANGLE   =        12.8045  DIHED      =        18.9725
 1-4 NB =        12.2670  1-4 EEL =      -666.0140  VDWAALS    =      2497.4327
 EELEC  =    -14613.9145  EHBOND  =         0.0000  RESTRAINT  =        11.3413
 EAMBER (non-restraint)  =    -12734.8346
 Ewald error estimate:   0.8489E-04
 ------------------------------------------------------------------------------

wrapping first mol.:      -24.06877       17.01919       29.47810

 NSTEP =     2500   TIME(PS) =       5.000  TEMP(K) =   289.99  PRESS =     0.0
 Etot   =    -10824.5478  EKtot   =      1872.8745  EPtot      =    -12697.4223
 BOND   =         8.9731  ANGLE   =        16.5576  DIHED      =        19.9376
 1-4 NB =        11.5656  1-4 EEL =      -669.9060  VDWAALS    =      2333.8173
 EELEC  =    -14424.7842  EHBOND  =         0.0000  RESTRAINT  =         6.4167
 EAMBER (non-restraint)  =    -12703.8390
 Ewald error estimate:   0.2659E-03
 ------------------------------------------------------------------------------

wrapping first mol.:      -24.06877       17.01919       29.47810

 NSTEP =     3000   TIME(PS) =       6.000  TEMP(K) =   295.30  PRESS =     0.0
 Etot   =    -10761.6241  EKtot   =      1907.1329  EPtot      =    -12668.7570
 BOND   =         8.2854  ANGLE   =        16.6651  DIHED      =        20.9519
 1-4 NB =         9.8652  1-4 EEL =      -664.2914  VDWAALS    =      2157.2029
 EELEC  =    -14226.5472  EHBOND  =         0.0000  RESTRAINT  =         9.1111
 EAMBER (non-restraint)  =    -12677.8681
 Ewald error estimate:   0.4601E-04
 ------------------------------------------------------------------------------

wrapping first mol.:      -24.06877       17.01919       29.47810

 NSTEP =     3500   TIME(PS) =       7.000  TEMP(K) =   294.71  PRESS =     0.0
 Etot   =    -10726.9864  EKtot   =      1903.3162  EPtot      =    -12630.3025
 BOND   =         6.7227  ANGLE   =        10.4926  DIHED      =        16.2767
 1-4 NB =        13.6831  1-4 EEL =      -669.7853  VDWAALS    =      2360.8630
 EELEC  =    -14378.3563  EHBOND  =         0.0000  RESTRAINT  =         9.8010
 EAMBER (non-restraint)  =    -12640.1035
 Ewald error estimate:   0.3819E-03
 ------------------------------------------------------------------------------

wrapping first mol.:      -24.06877       17.01919       29.47810

 NSTEP =     4000   TIME(PS) =       8.000  TEMP(K) =   312.49  PRESS =     0.0
 Etot   =    -10627.5315  EKtot   =      2018.1674  EPtot      =    -12645.6990
 BOND   =         7.8078  ANGLE   =        13.6624  DIHED      =        19.6004
 1-4 NB =        13.5840  1-4 EEL =      -673.3974  VDWAALS    =      2270.9633
 EELEC  =    -14308.9261  EHBOND  =         0.0000  RESTRAINT  =        11.0065
 EAMBER (non-restraint)  =    -12656.7055
 Ewald error estimate:   0.3991E-04
 ------------------------------------------------------------------------------

wrapping first mol.:      -24.06877       17.01919       29.47810

 NSTEP =     4500   TIME(PS) =       9.000  TEMP(K) =   300.34  PRESS =     0.0
 Etot   =    -10652.2047  EKtot   =      1939.6977  EPtot      =    -12591.9024
 BOND   =         8.1234  ANGLE   =        15.6184  DIHED      =        20.2793
 1-4 NB =        13.1730  1-4 EEL =      -677.3217  VDWAALS    =      2230.9707
 EELEC  =    -14209.6160  EHBOND  =         0.0000  RESTRAINT  =         6.8705
 EAMBER (non-restraint)  =    -12598.7729
 Ewald error estimate:   0.3697E-05
 ------------------------------------------------------------------------------

wrapping first mol.:      -24.06877       17.01919       29.47810

 NSTEP =     5000   TIME(PS) =      10.000  TEMP(K) =   304.46  PRESS =     0.0
 Etot   =    -10684.1685  EKtot   =      1966.3223  EPtot      =    -12650.4908
 BOND   =        10.0674  ANGLE   =        13.6119  DIHED      =        18.0016
 1-4 NB =        11.5571  1-4 EEL =      -670.7272  VDWAALS    =      2276.2785
 EELEC  =    -14316.1814  EHBOND  =         0.0000  RESTRAINT  =         6.9013
 EAMBER (non-restraint)  =    -12657.3921
 Ewald error estimate:   0.1752E-03
 ------------------------------------------------------------------------------

wrapping first mol.:      -24.06877       17.01919       29.47810

 NSTEP =     5500   TIME(PS) =      11.000  TEMP(K) =   293.77  PRESS =     0.0
 Etot   =    -10772.4629  EKtot   =      1897.2818  EPtot      =    -12669.7448
 BOND   =         5.3846  ANGLE   =        14.2918  DIHED      =        17.8507
 1-4 NB =        12.9041  1-4 EEL =      -667.9365  VDWAALS    =      2245.0743
 EELEC  =    -14305.3114  EHBOND  =         0.0000  RESTRAINT  =         7.9976
 EAMBER (non-restraint)  =    -12677.7424
 Ewald error estimate:   0.7455E-04
 ------------------------------------------------------------------------------

wrapping first mol.:      -24.06877       17.01919       29.47810

 NSTEP =     6000   TIME(PS) =      12.000  TEMP(K) =   309.24  PRESS =     0.0
 Etot   =    -10658.0029  EKtot   =      1997.1794  EPtot      =    -12655.1823
 BOND   =         9.3811  ANGLE   =        13.6121  DIHED      =        19.9112
 1-4 NB =        11.7023  1-4 EEL =      -671.8131  VDWAALS    =      2336.4032
 EELEC  =    -14380.5965  EHBOND  =         0.0000  RESTRAINT  =         6.2173
 EAMBER (non-restraint)  =    -12661.3996
 Ewald error estimate:   0.4509E-04
 ------------------------------------------------------------------------------

wrapping first mol.:      -24.06877       17.01919       29.47810

 NSTEP =     6500   TIME(PS) =      13.000  TEMP(K) =   299.31  PRESS =     0.0
 Etot   =    -10710.9614  EKtot   =      1933.0237  EPtot      =    -12643.9851
 BOND   =         4.8982  ANGLE   =        13.6277  DIHED      =        20.4512
 1-4 NB =        10.8257  1-4 EEL =      -665.8157  VDWAALS    =      2317.2962
 EELEC  =    -14352.6821  EHBOND  =         0.0000  RESTRAINT  =         7.4137
 EAMBER (non-restraint)  =    -12651.3988
 Ewald error estimate:   0.1049E-03
 ------------------------------------------------------------------------------

wrapping first mol.:      -24.06877       17.01919       29.47810

 NSTEP =     7000   TIME(PS) =      14.000  TEMP(K) =   304.06  PRESS =     0.0
 Etot   =    -10712.1409  EKtot   =      1963.7159  EPtot      =    -12675.8568
 BOND   =         9.8491  ANGLE   =        14.2516  DIHED      =        19.6517
 1-4 NB =        13.3248  1-4 EEL =      -674.2515  VDWAALS    =      2284.2471
 EELEC  =    -14353.5354  EHBOND  =         0.0000  RESTRAINT  =        10.6058
 EAMBER (non-restraint)  =    -12686.4626
 Ewald error estimate:   0.1716E-03
 ------------------------------------------------------------------------------

wrapping first mol.:      -24.06877       17.01919       29.47810

 NSTEP =     7500   TIME(PS) =      15.000  TEMP(K) =   302.36  PRESS =     0.0
 Etot   =    -10653.7022  EKtot   =      1952.7336  EPtot      =    -12606.4358
 BOND   =         8.7269  ANGLE   =        14.9490  DIHED      =        19.0355
 1-4 NB =        11.8837  1-4 EEL =      -668.0107  VDWAALS    =      2268.3417
 EELEC  =    -14267.8870  EHBOND  =         0.0000  RESTRAINT  =         6.5252
 EAMBER (non-restraint)  =    -12612.9610
 Ewald error estimate:   0.1131E-04
 ------------------------------------------------------------------------------

wrapping first mol.:      -24.06877       17.01919       29.47810

 NSTEP =     8000   TIME(PS) =      16.000  TEMP(K) =   294.03  PRESS =     0.0
 Etot   =    -10756.2948  EKtot   =      1898.9727  EPtot      =    -12655.2675
 BOND   =         7.2346  ANGLE   =        12.6005  DIHED      =        23.0053
 1-4 NB =        11.7944  1-4 EEL =      -665.3152  VDWAALS    =      2305.8816
 EELEC  =    -14357.5982  EHBOND  =         0.0000  RESTRAINT  =         7.1295
 EAMBER (non-restraint)  =    -12662.3970
 Ewald error estimate:   0.1141E-03
 ------------------------------------------------------------------------------

wrapping first mol.:      -24.06877       17.01919       29.47810

 NSTEP =     8500   TIME(PS) =      17.000  TEMP(K) =   300.65  PRESS =     0.0
 Etot   =    -10760.1622  EKtot   =      1941.7318  EPtot      =    -12701.8939
 BOND   =         4.4153  ANGLE   =        10.5674  DIHED      =        17.0443
 1-4 NB =        12.1495  1-4 EEL =      -666.6967  VDWAALS    =      2374.4522
 EELEC  =    -14460.5967  EHBOND  =         0.0000  RESTRAINT  =         6.7710
 EAMBER (non-restraint)  =    -12708.6649
 Ewald error estimate:   0.3320E-03
 ------------------------------------------------------------------------------

wrapping first mol.:      -24.06877       17.01919       29.47810

 NSTEP =     9000   TIME(PS) =      18.000  TEMP(K) =   292.47  PRESS =     0.0
 Etot   =    -10698.9792  EKtot   =      1888.9042  EPtot      =    -12587.8835
 BOND   =         6.0213  ANGLE   =        15.8592  DIHED      =        20.1310
 1-4 NB =        13.4375  1-4 EEL =      -668.9673  VDWAALS    =      2348.1550
 EELEC  =    -14333.4310  EHBOND  =         0.0000  RESTRAINT  =        10.9109
 EAMBER (non-restraint)  =    -12598.7944
 Ewald error estimate:   0.6241E-04
 ------------------------------------------------------------------------------

wrapping first mol.:      -24.06877       17.01919       29.47810

 NSTEP =     9500   TIME(PS) =      19.000  TEMP(K) =   305.45  PRESS =     0.0
 Etot   =    -10679.9166  EKtot   =      1972.7263  EPtot      =    -12652.6429
 BOND   =         9.1768  ANGLE   =        18.8674  DIHED      =        16.1171
 1-4 NB =        12.7501  1-4 EEL =      -667.6268  VDWAALS    =      2312.9731
 EELEC  =    -14364.7774  EHBOND  =         0.0000  RESTRAINT  =         9.8767
 EAMBER (non-restraint)  =    -12662.5197
 Ewald error estimate:   0.9585E-04
 ------------------------------------------------------------------------------

wrapping first mol.:      -24.06877       17.01919       29.47810
wrapping first mol.:      -24.06877       17.01919       29.47810

 NSTEP =    10000   TIME(PS) =      20.000  TEMP(K) =   305.85  PRESS =     0.0
 Etot   =    -10635.5567  EKtot   =      1975.3057  EPtot      =    -12610.8623
 BOND   =         4.5366  ANGLE   =         9.3010  DIHED      =        21.1494
 1-4 NB =        12.6380  1-4 EEL =      -665.4065  VDWAALS    =      2264.8883
 EELEC  =    -14265.9399  EHBOND  =         0.0000  RESTRAINT  =         7.9709
 EAMBER (non-restraint)  =    -12618.8333
 Ewald error estimate:   0.2183E-03
 ------------------------------------------------------------------------------


      A V E R A G E S   O V E R      20 S T E P S


 NSTEP =    10000   TIME(PS) =      20.000  TEMP(K) =   295.47  PRESS =     0.0
 Etot   =    -10786.2153  EKtot   =      1908.2710  EPtot      =    -12694.4863
 BOND   =         7.3917  ANGLE   =        13.7948  DIHED      =        19.3875
 1-4 NB =        12.3556  1-4 EEL =      -669.9252  VDWAALS    =      2331.1032
 EELEC  =    -14417.2030  EHBOND  =         0.0000  RESTRAINT  =         8.6091
 EAMBER (non-restraint)  =    -12703.0954
 Ewald error estimate:   0.1499E-03
 ------------------------------------------------------------------------------


      R M S  F L U C T U A T I O N S


 NSTEP =    10000   TIME(PS) =      20.000  TEMP(K) =    14.82  PRESS =     0.0
 Etot   =       212.7129  EKtot   =        95.6831  EPtot      =       123.2720
 BOND   =         2.0142  ANGLE   =         2.3004  DIHED      =         1.6529
 1-4 NB =         0.9643  1-4 EEL =         3.9604  VDWAALS    =        96.5264
 EELEC  =       206.2276  EHBOND  =         0.0000  RESTRAINT  =         1.7095
 EAMBER (non-restraint)  =       121.5625
 Ewald error estimate:   0.1268E-03
 ------------------------------------------------------------------------------

--------------------------------------------------------------------------------
   5.  TIMINGS
--------------------------------------------------------------------------------

|  NonSetup CPU Time in Major Routines, Average for All Tasks:
|
|     Routine           Sec        %
|     ------------------------------
|     DataDistrib       1.96   10.31
|     Nonbond          15.91   83.78
|     Bond              0.03    0.14
|     Angle             0.03    0.18
|     Dihedral          0.05    0.27
|     Shake             0.13    0.66
|     RunMD             0.86    4.52
|     Other             0.03    0.13
|     ------------------------------
|     Total            18.99

|  PME Nonbond Pairlist CPU Time, Average for All Tasks:
|
|     Routine              Sec        %
|     ---------------------------------
|     Set Up Cit           0.06    0.30
|     Build List           1.93   10.18
|     ---------------------------------
|     Total                1.99   10.47

|  PME Direct Force CPU Time, Average for All Tasks:
|
|     Routine              Sec        %
|     ---------------------------------
|     NonBonded Calc      10.68   56.24
|     Exclude Masked       0.14    0.71
|     Other                0.49    2.57
|     ---------------------------------
|     Total               11.30   59.52

|  PME Reciprocal Force CPU Time, Average for All Tasks:
|
|     Routine              Sec        %
|     ---------------------------------
|     1D bspline           0.22    1.16
|     Grid Charges         0.24    1.26
|     Scalar Sum           0.21    1.09
|     Gradient Sum         0.41    2.17
|     FFT                  1.48    7.79
|     ---------------------------------
|     Total                2.56   13.48

|  PME Load Balancing CPU Time, Average for All Tasks:
|
|     Routine                 Sec        %
|     ------------------------------------
|     Atom Reassign           0.00    0.00
|     Image Reassign          0.00    0.00
|     FFT Reassign            0.00    0.00
|     ------------------------------------
|     Total                   0.00    0.01

|  Final Performance Info:
|     -----------------------------------------------------
|     Average timings for last   10000 steps:
|     Elapsed(s) =      19.01 Per Step(ms) =       1.90
|         ns/day =      90.91   seconds/ns =     950.38
|
|     Average timings for all steps:
|     Elapsed(s) =      19.01 Per Step(ms) =       1.90
|         ns/day =      90.91   seconds/ns =     950.38
|     -----------------------------------------------------

|  Master Setup CPU time:            0.03 seconds
|  Master NonSetup CPU time:        18.91 seconds
|  Master Total CPU time:           18.94 seconds     0.01 hours

|  Master Setup wall time:           0    seconds
|  Master NonSetup wall time:       19    seconds
|  Master Total wall time:          19    seconds     0.01 hours
