
          -------------------------------------------------------
          Amber 18 PMEMD                              2018
          -------------------------------------------------------

| PMEMD implementation of SANDER, Release 18

| Run on 03/23/2022 at 17:47:19

|   Executable path: pmemd.MPI
| Working directory: /bgfs/lchong/dty7/ff15ipq-lig/charges/gaff_02/GenConformers/Conf2
|          Hostname: smp-n123

  [-O]verwriting output

File Assignments:
|   MDIN: ../../../amber/6.3_eq2.in                                             
|  MDOUT: 6.3_eq2.out                                                           
| INPCRD: 6.2_eq1.rst                                                           
|   PARM: ../../mon.top                                                         
| RESTRT: 6.3_eq2.rst                                                           
|   REFC: 6.2_eq1.rst                                                           
|  MDVEL: mdvel                                                                 
|   MDEN: mden                                                                  
|  MDCRD: mdcrd                                                                 
| MDINFO: mdinfo                                                                
|LOGFILE: logfile                                                               
|  MDFRC: mdfrc                                                                 

 
 Here is the input file:
 
&cntrl                                                                         
  imin      = 0,                                                               
  irest     = 1,                                                               
  ntx       = 5,                                                               
  ig        = -1,                                                              
  dt        = 0.002,                                                           
  nstlim    = 50000,                                                           
  nscm      = 500,                                                             
  ntr       = 1,                                                               
  restraintmask = ':1',                                                        
  restraint_wt  = 10.0,                                                        
  ntb       = 2,                                                               
  ntp       = 1,                                                               
  barostat  = 2,                                                               
  pres0     = 1.0,                                                             
  mcbarint  = 100,                                                             
  comp      = 44.6,                                                            
  taup      = 1.0,                                                             
  ntt       = 3,                                                               
  temp0     = 298.0,                                                           
  gamma_ln  = 1.0,                                                             
  ntf       = 2,                                                               
  ntc       = 2,                                                               
  cut       = 10.0,                                                            
  ntpr      = 500,                                                             
  ntxo      = 1,                                                               
  ntwr      = 50000,                                                           
  ioutfm    = 1,                                                               
  ntwx      = 500,                                                             
  iwrap     = 1,                                                               
&end                                                                           


Note: ig = -1. Setting random seed to   278518 based on wallclock time in
      microseconds and disabling the synchronization of random numbers 
      between tasks to improve performance.
| irandom = 1, using AMBER's internal random number generator (default).
 
 
| Conditional Compilation Defines Used:
| MPI
| FFTW_FFT
| BINTRAJ
| MKL
| EMIL
 
| Largest sphere to fit in unit cell has radius =    14.739

| New format PARM file being parsed.
| Version =    1.000 Date = 03/23/22 Time = 14:37:26

| Note: 1-4 EEL scale factors are being read from the topology file.

| Note: 1-4 VDW scale factors are being read from the topology file.
| Duplicated    0 dihedrals

| Duplicated    0 dihedrals

--------------------------------------------------------------------------------
   1.  RESOURCE   USE: 
--------------------------------------------------------------------------------

 getting box info from netcdf restart file
 NATOM  =    3240 NTYPES =      13 NBONH =    3220 MBONA  =      21
 NTHETH =      33 MTHETA =      29 NPHIH =      60 MPHIA  =      45
 NHPARM =       0 NPARM  =       0 NNB   =    4456 NRES   =    1069
 NBONA  =      21 NTHETA =      29 NPHIA =      45 NUMBND =      22
 NUMANG =      35 NPTRA  =      18 NATYP =      17 NPHB   =       0
 IFBOX  =       2 NMXRS  =      36 IFCAP =       0 NEXTRA =       0
 NCOPY  =       0

| Coordinate Index Table dimensions:     5    5    5
| Direct force subcell size =     7.2206    7.2206    7.2206

     BOX TYPE: TRUNCATED OCTAHEDRON

--------------------------------------------------------------------------------
   2.  CONTROL  DATA  FOR  THE  RUN
--------------------------------------------------------------------------------

default_name                                                                    

General flags:
     imin    =       0, nmropt  =       0

Nature and format of input:
     ntx     =       5, irest   =       1, ntrx    =       1

Nature and format of output:
     ntxo    =       1, ntpr    =     500, ntrx    =       1, ntwr    =   50000
     iwrap   =       1, ntwx    =     500, ntwv    =       0, ntwe    =       0
     ioutfm  =       1, ntwprt  =       0, idecomp =       0, rbornstat=      0

Potential function:
     ntf     =       2, ntb     =       2, igb     =       0, nsnb    =      25
     ipol    =       0, gbsa    =       0, iesp    =       0
     dielc   =   1.00000, cut     =  10.00000, intdiel =   1.00000

Frozen or restrained atoms:
     ibelly  =       0, ntr     =       1
     restraint_wt =  10.00000

Molecular dynamics:
     nstlim  =     50000, nscm    =         0, nrespa  =         1
     t       =   0.00000, dt      =   0.00200, vlimit  =  20.00000

Langevin dynamics temperature regulation:
     ig      =  278518
     temp0   = 298.00000, tempi   =   0.00000, gamma_ln=   1.00000

Pressure regulation:
     ntp     =       1
     pres0   =   1.00000, comp    =  44.60000, taup    =   1.00000
     Monte-Carlo Barostat:
     mcbarint  =     100

SHAKE:
     ntc     =       2, jfastw  =       0
     tol     =   0.00001

| Intermolecular bonds treatment:
|     no_intermolecular_bonds =       1

| Energy averages sample interval:
|     ene_avg_sampling =     500

Ewald parameters:
     verbose =       0, ew_type =       0, nbflag  =       1, use_pme =       1
     vdwmeth =       1, eedmeth =       1, netfrc  =       1
     Box X =   36.103   Box Y =   36.103   Box Z =   36.103
     Alpha =  109.471   Beta  =  109.471   Gamma =  109.471
     NFFT1 =   40       NFFT2 =   40       NFFT3 =   40
     Cutoff=   10.000   Tol   =0.100E-04
     Ewald Coefficient =  0.27511
     Interpolation order =    4

| PMEMD ewald parallel performance parameters:
|     block_fft =    0
|     fft_blk_y_divisor =    2
|     excl_recip =    0
|     excl_master =    0
|     atm_redist_freq =  320

    LOADING THE CONSTRAINED ATOMS AS GROUPS


   5.  REFERENCE ATOM COORDINATES

  default_name                                                                    
     Mask :1; matches    36 atoms
| MONTE CARLO BAROSTAT IMPORTANT NOTE:
|   The Monte-Carlo barostat does not require the virial to adjust the system volume.
|   Since it is an expensive calculation, it is skipped for efficiency. A side-effect
|   is that the reported pressure is always 0 because it is not calculated.

--------------------------------------------------------------------------------
   3.  ATOMIC COORDINATES AND VELOCITIES
--------------------------------------------------------------------------------

default_name                                                                    
 begin time read from input coords =    20.000 ps

 
 Number of triangulated 3-point waters found:     1068

     Sum of charges from parm topology file =  -0.00010118
     Forcing neutrality...

| Dynamic Memory, Types Used:
| Reals             1243214
| Integers           213788

| Nonbonded Pairs Initial Allocation:      317358

| Running AMBER/MPI version on    8 MPI task

 
--------------------------------------------------------------------------------
   4.  RESULTS
--------------------------------------------------------------------------------

 ---------------------------------------------------
 APPROXIMATING switch and d/dx switch using CUBIC SPLINE INTERPOLATION
 using   5000.0 points per unit in tabled values
 TESTING RELATIVE ERROR over r ranging from 0.0 to cutoff
| CHECK switch(x): max rel err =   0.3316E-14   at   2.351880
| CHECK d/dx switch(x): max rel err =   0.8066E-11   at   2.747240
 ---------------------------------------------------
|---------------------------------------------------
| APPROXIMATING direct energy using CUBIC SPLINE INTERPOLATION
|  with   50.0 points per unit in tabled values
| Relative Error Limit not exceeded for r .gt.   2.34
| APPROXIMATING direct force using CUBIC SPLINE INTERPOLATION
|  with   50.0 points per unit in tabled values
| Relative Error Limit not exceeded for r .gt.   2.81
|---------------------------------------------------
wrapping first mol.:      -23.99649       16.96809       29.38958

 NSTEP =      500   TIME(PS) =      21.000  TEMP(K) =   295.51  PRESS =     0.0
 Etot   =    -10782.0975  EKtot   =      1908.5418  EPtot      =    -12690.6393
 BOND   =         6.0065  ANGLE   =        10.0787  DIHED      =        19.3325
 1-4 NB =        12.2231  1-4 EEL =      -670.7280  VDWAALS    =      2335.4126
 EELEC  =    -14411.3915  EHBOND  =         0.0000  RESTRAINT  =         8.4268
 EAMBER (non-restraint)  =    -12699.0661
 EKCMT  =         0.0000  VIRIAL  =         0.0000  VOLUME     =     35900.0710
                                                    Density    =         0.9035
 Ewald error estimate:   0.3301E-04
 ------------------------------------------------------------------------------

wrapping first mol.:      -23.91137       16.90790       29.28534

 NSTEP =     1000   TIME(PS) =      22.000  TEMP(K) =   292.78  PRESS =     0.0
 Etot   =    -10798.2142  EKtot   =      1890.8527  EPtot      =    -12689.0668
 BOND   =         7.4698  ANGLE   =         8.8367  DIHED      =        17.8288
 1-4 NB =        11.9075  1-4 EEL =      -668.2364  VDWAALS    =      2446.9420
 EELEC  =    -14519.1770  EHBOND  =         0.0000  RESTRAINT  =         5.3617
 EAMBER (non-restraint)  =    -12694.4286
 EKCMT  =         0.0000  VIRIAL  =         0.0000  VOLUME     =     35519.4017
                                                    Density    =         0.9132
 Ewald error estimate:   0.1144E-03
 ------------------------------------------------------------------------------

wrapping first mol.:      -23.76905       16.80726       29.11103

 NSTEP =     1500   TIME(PS) =      23.000  TEMP(K) =   302.20  PRESS =     0.0
 Etot   =    -10798.9376  EKtot   =      1951.7497  EPtot      =    -12750.6873
 BOND   =         8.1583  ANGLE   =         9.9870  DIHED      =        16.6814
 1-4 NB =        11.5841  1-4 EEL =      -662.9134  VDWAALS    =      2554.9226
 EELEC  =    -14698.1160  EHBOND  =         0.0000  RESTRAINT  =         9.0087
 EAMBER (non-restraint)  =    -12759.6960
 EKCMT  =         0.0000  VIRIAL  =         0.0000  VOLUME     =     34888.9243
                                                    Density    =         0.9297
 Ewald error estimate:   0.1262E-04
 ------------------------------------------------------------------------------

wrapping first mol.:      -23.60961       16.69452       28.91575

 NSTEP =     2000   TIME(PS) =      24.000  TEMP(K) =   293.00  PRESS =     0.0
 Etot   =    -10930.6330  EKtot   =      1892.2905  EPtot      =    -12822.9235
 BOND   =        10.2434  ANGLE   =        15.5693  DIHED      =        23.8371
 1-4 NB =        11.8636  1-4 EEL =      -670.1367  VDWAALS    =      2453.1030
 EELEC  =    -14674.6734  EHBOND  =         0.0000  RESTRAINT  =         7.2701
 EAMBER (non-restraint)  =    -12830.1936
 EKCMT  =         0.0000  VIRIAL  =         0.0000  VOLUME     =     34191.5319
                                                    Density    =         0.9487
 Ewald error estimate:   0.2713E-03
 ------------------------------------------------------------------------------

wrapping first mol.:      -23.56366       16.66203       28.85948

 NSTEP =     2500   TIME(PS) =      25.000  TEMP(K) =   298.19  PRESS =     0.0
 Etot   =    -10966.2313  EKtot   =      1925.8468  EPtot      =    -12892.0781
 BOND   =         6.4167  ANGLE   =        13.6010  DIHED      =        19.8936
 1-4 NB =        12.2893  1-4 EEL =      -664.5539  VDWAALS    =      2451.0527
 EELEC  =    -14737.4123  EHBOND  =         0.0000  RESTRAINT  =         6.6349
 EAMBER (non-restraint)  =    -12898.7130
 EKCMT  =         0.0000  VIRIAL  =         0.0000  VOLUME     =     33992.2930
                                                    Density    =         0.9542
 Ewald error estimate:   0.2092E-03
 ------------------------------------------------------------------------------

wrapping first mol.:      -23.45633       16.58614       28.72803

 NSTEP =     3000   TIME(PS) =      26.000  TEMP(K) =   297.87  PRESS =     0.0
 Etot   =    -10970.2470  EKtot   =      1923.7435  EPtot      =    -12893.9906
 BOND   =         8.7536  ANGLE   =        17.0740  DIHED      =        18.6543
 1-4 NB =        13.4808  1-4 EEL =      -673.3971  VDWAALS    =      2536.8122
 EELEC  =    -14824.8250  EHBOND  =         0.0000  RESTRAINT  =         9.4566
 EAMBER (non-restraint)  =    -12903.4471
 EKCMT  =         0.0000  VIRIAL  =         0.0000  VOLUME     =     33529.9150
                                                    Density    =         0.9674
 Ewald error estimate:   0.2138E-03
 ------------------------------------------------------------------------------

wrapping first mol.:      -23.38631       16.53662       28.64227

 NSTEP =     3500   TIME(PS) =      27.000  TEMP(K) =   310.10  PRESS =     0.0
 Etot   =    -10915.9963  EKtot   =      2002.7505  EPtot      =    -12918.7468
 BOND   =         7.7447  ANGLE   =         7.7051  DIHED      =        19.8726
 1-4 NB =        13.1921  1-4 EEL =      -673.7041  VDWAALS    =      2437.5442
 EELEC  =    -14739.0402  EHBOND  =         0.0000  RESTRAINT  =         7.9388
 EAMBER (non-restraint)  =    -12926.6856
 EKCMT  =         0.0000  VIRIAL  =         0.0000  VOLUME     =     33230.5297
                                                    Density    =         0.9761
 Ewald error estimate:   0.1516E-03
 ------------------------------------------------------------------------------

wrapping first mol.:      -23.38631       16.53662       28.64227

 NSTEP =     4000   TIME(PS) =      28.000  TEMP(K) =   302.62  PRESS =     0.0
 Etot   =    -10886.6427  EKtot   =      1954.4390  EPtot      =    -12841.0817
 BOND   =        13.0384  ANGLE   =        18.7167  DIHED      =        15.9758
 1-4 NB =        12.2975  1-4 EEL =      -664.5165  VDWAALS    =      2441.3816
 EELEC  =    -14687.2919  EHBOND  =         0.0000  RESTRAINT  =         9.3166
 EAMBER (non-restraint)  =    -12850.3983
 EKCMT  =         0.0000  VIRIAL  =         0.0000  VOLUME     =     33230.5297
                                                    Density    =         0.9761
 Ewald error estimate:   0.1841E-03
 ------------------------------------------------------------------------------

wrapping first mol.:      -23.27844       16.46034       28.51015

 NSTEP =     4500   TIME(PS) =      29.000  TEMP(K) =   298.96  PRESS =     0.0
 Etot   =    -10868.1772  EKtot   =      1930.8151  EPtot      =    -12798.9922
 BOND   =         9.7843  ANGLE   =        17.0048  DIHED      =        16.4971
 1-4 NB =        13.2198  1-4 EEL =      -670.3596  VDWAALS    =      2452.2541
 EELEC  =    -14646.3403  EHBOND  =         0.0000  RESTRAINT  =         8.9475
 EAMBER (non-restraint)  =    -12807.9397
 EKCMT  =         0.0000  VIRIAL  =         0.0000  VOLUME     =     32772.7971
                                                    Density    =         0.9897
 Ewald error estimate:   0.3603E-03
 ------------------------------------------------------------------------------

wrapping first mol.:      -23.25240       16.44193       28.47826

 NSTEP =     5000   TIME(PS) =      30.000  TEMP(K) =   294.63  PRESS =     0.0
 Etot   =    -10912.0526  EKtot   =      1902.8074  EPtot      =    -12814.8600
 BOND   =         9.7101  ANGLE   =        16.8602  DIHED      =        18.2864
 1-4 NB =        13.3060  1-4 EEL =      -670.3496  VDWAALS    =      2468.8078
 EELEC  =    -14679.5761  EHBOND  =         0.0000  RESTRAINT  =         8.0952
 EAMBER (non-restraint)  =    -12822.9552
 EKCMT  =         0.0000  VIRIAL  =         0.0000  VOLUME     =     32662.9489
                                                    Density    =         0.9931
 Ewald error estimate:   0.2300E-03
 ------------------------------------------------------------------------------

wrapping first mol.:      -23.18932       16.39733       28.40100

 NSTEP =     5500   TIME(PS) =      31.000  TEMP(K) =   301.07  PRESS =     0.0
 Etot   =    -10892.9024  EKtot   =      1944.4174  EPtot      =    -12837.3198
 BOND   =         5.7078  ANGLE   =        13.2261  DIHED      =        16.6515
 1-4 NB =        14.0798  1-4 EEL =      -670.7437  VDWAALS    =      2409.8138
 EELEC  =    -14635.3948  EHBOND  =         0.0000  RESTRAINT  =         9.3397
 EAMBER (non-restraint)  =    -12846.6594
 EKCMT  =         0.0000  VIRIAL  =         0.0000  VOLUME     =     32397.8260
                                                    Density    =         1.0012
 Ewald error estimate:   0.2384E-06
 ------------------------------------------------------------------------------

wrapping first mol.:      -23.15386       16.37226       28.35758

 NSTEP =     6000   TIME(PS) =      32.000  TEMP(K) =   298.82  PRESS =     0.0
 Etot   =    -10865.2468  EKtot   =      1929.8999  EPtot      =    -12795.1467
 BOND   =         9.3887  ANGLE   =        14.4348  DIHED      =        18.4900
 1-4 NB =        14.2279  1-4 EEL =      -673.5130  VDWAALS    =      2452.2726
 EELEC  =    -14642.4030  EHBOND  =         0.0000  RESTRAINT  =        11.9553
 EAMBER (non-restraint)  =    -12807.1020
 EKCMT  =         0.0000  VIRIAL  =         0.0000  VOLUME     =     32249.4621
                                                    Density    =         1.0058
 Ewald error estimate:   0.1837E-04
 ------------------------------------------------------------------------------

wrapping first mol.:      -23.15651       16.37413       28.36082

 NSTEP =     6500   TIME(PS) =      33.000  TEMP(K) =   305.89  PRESS =     0.0
 Etot   =    -10816.0366  EKtot   =      1975.5801  EPtot      =    -12791.6167
 BOND   =         7.0509  ANGLE   =        15.7302  DIHED      =        18.5961
 1-4 NB =        12.7478  1-4 EEL =      -665.9778  VDWAALS    =      2487.7759
 EELEC  =    -14677.7566  EHBOND  =         0.0000  RESTRAINT  =        10.2168
 EAMBER (non-restraint)  =    -12801.8335
 EKCMT  =         0.0000  VIRIAL  =         0.0000  VOLUME     =     32260.5105
                                                    Density    =         1.0055
 Ewald error estimate:   0.1401E-03
 ------------------------------------------------------------------------------

wrapping first mol.:      -23.10421       16.33715       28.29676

 NSTEP =     7000   TIME(PS) =      34.000  TEMP(K) =   309.03  PRESS =     0.0
 Etot   =    -10917.0142  EKtot   =      1995.8051  EPtot      =    -12912.8192
 BOND   =        10.1413  ANGLE   =        12.1260  DIHED      =        22.8646
 1-4 NB =        14.2314  1-4 EEL =      -676.3935  VDWAALS    =      2456.2799
 EELEC  =    -14763.0167  EHBOND  =         0.0000  RESTRAINT  =        10.9477
 EAMBER (non-restraint)  =    -12923.7669
 EKCMT  =         0.0000  VIRIAL  =         0.0000  VOLUME     =     32042.4168
                                                    Density    =         1.0123
 Ewald error estimate:   0.1442E-03
 ------------------------------------------------------------------------------

wrapping first mol.:      -23.28889       16.46774       28.52296

 NSTEP =     7500   TIME(PS) =      35.000  TEMP(K) =   297.29  PRESS =     0.0
 Etot   =    -10938.0603  EKtot   =      1920.0167  EPtot      =    -12858.0770
 BOND   =         8.1927  ANGLE   =        15.8654  DIHED      =        15.9382
 1-4 NB =        13.8440  1-4 EEL =      -668.9758  VDWAALS    =      2428.1636
 EELEC  =    -14680.0429  EHBOND  =         0.0000  RESTRAINT  =         8.9378
 EAMBER (non-restraint)  =    -12867.0148
 EKCMT  =         0.0000  VIRIAL  =         0.0000  VOLUME     =     32816.9799
                                                    Density    =         0.9884
 Ewald error estimate:   0.5643E-04
 ------------------------------------------------------------------------------

wrapping first mol.:      -23.27851       16.46040       28.51024

 NSTEP =     8000   TIME(PS) =      36.000  TEMP(K) =   294.84  PRESS =     0.0
 Etot   =    -11009.5556  EKtot   =      1904.1653  EPtot      =    -12913.7209
 BOND   =         6.3568  ANGLE   =        17.3166  DIHED      =        16.9081
 1-4 NB =        12.4890  1-4 EEL =      -668.2800  VDWAALS    =      2487.2711
 EELEC  =    -14794.8997  EHBOND  =         0.0000  RESTRAINT  =         9.1172
 EAMBER (non-restraint)  =    -12922.8381
 EKCMT  =         0.0000  VIRIAL  =         0.0000  VOLUME     =     32773.1107
                                                    Density    =         0.9897
 Ewald error estimate:   0.1329E-03
 ------------------------------------------------------------------------------

wrapping first mol.:      -23.31381       16.48536       28.55347

 NSTEP =     8500   TIME(PS) =      37.000  TEMP(K) =   298.78  PRESS =     0.0
 Etot   =    -11008.4788  EKtot   =      1929.6380  EPtot      =    -12938.1168
 BOND   =         6.3696  ANGLE   =        14.0506  DIHED      =        17.3530
 1-4 NB =        13.4878  1-4 EEL =      -666.5406  VDWAALS    =      2550.9103
 EELEC  =    -14882.1824  EHBOND  =         0.0000  RESTRAINT  =         8.4350
 EAMBER (non-restraint)  =    -12946.5517
 EKCMT  =         0.0000  VIRIAL  =         0.0000  VOLUME     =     32922.4133
                                                    Density    =         0.9852
 Ewald error estimate:   0.5552E-06
 ------------------------------------------------------------------------------

wrapping first mol.:      -23.25656       16.44488       28.48336

 NSTEP =     9000   TIME(PS) =      38.000  TEMP(K) =   293.74  PRESS =     0.0
 Etot   =    -11070.1398  EKtot   =      1897.0624  EPtot      =    -12967.2022
 BOND   =         7.4905  ANGLE   =        18.2404  DIHED      =        19.0443
 1-4 NB =        13.3426  1-4 EEL =      -666.5106  VDWAALS    =      2488.7930
 EELEC  =    -14857.8854  EHBOND  =         0.0000  RESTRAINT  =        10.2829
 EAMBER (non-restraint)  =    -12977.4852
 EKCMT  =         0.0000  VIRIAL  =         0.0000  VOLUME     =     32680.4880
                                                    Density    =         0.9925
 Ewald error estimate:   0.8784E-04
 ------------------------------------------------------------------------------

wrapping first mol.:      -23.20422       16.40787       28.41926

 NSTEP =     9500   TIME(PS) =      39.000  TEMP(K) =   300.34  PRESS =     0.0
 Etot   =    -11068.6565  EKtot   =      1939.6994  EPtot      =    -13008.3558
 BOND   =         8.8367  ANGLE   =        20.0328  DIHED      =        18.9686
 1-4 NB =        12.4184  1-4 EEL =      -668.6271  VDWAALS    =      2472.0329
 EELEC  =    -14883.6349  EHBOND  =         0.0000  RESTRAINT  =        11.6167
 EAMBER (non-restraint)  =    -13019.9725
 EKCMT  =         0.0000  VIRIAL  =         0.0000  VOLUME     =     32460.3414
                                                    Density    =         0.9993
 Ewald error estimate:   0.5064E-04
 ------------------------------------------------------------------------------

wrapping first mol.:      -23.23041       16.42639       28.45133

 NSTEP =    10000   TIME(PS) =      40.000  TEMP(K) =   294.89  PRESS =     0.0
 Etot   =    -11057.5477  EKtot   =      1904.4932  EPtot      =    -12962.0409
 BOND   =         8.9235  ANGLE   =        14.2424  DIHED      =        20.3258
 1-4 NB =        12.4818  1-4 EEL =      -671.9955  VDWAALS    =      2483.6048
 EELEC  =    -14838.7478  EHBOND  =         0.0000  RESTRAINT  =         9.1241
 EAMBER (non-restraint)  =    -12971.1650
 EKCMT  =         0.0000  VIRIAL  =         0.0000  VOLUME     =     32570.3769
                                                    Density    =         0.9959
 Ewald error estimate:   0.2602E-05
 ------------------------------------------------------------------------------

wrapping first mol.:      -23.24123       16.43404       28.46458

 NSTEP =    10500   TIME(PS) =      41.000  TEMP(K) =   291.63  PRESS =     0.0
 Etot   =    -11034.7184  EKtot   =      1883.4703  EPtot      =    -12918.1887
 BOND   =         8.6968  ANGLE   =         9.6255  DIHED      =        20.6119
 1-4 NB =        12.8019  1-4 EEL =      -665.2827  VDWAALS    =      2495.1236
 EELEC  =    -14804.9972  EHBOND  =         0.0000  RESTRAINT  =         5.2314
 EAMBER (non-restraint)  =    -12923.4201
 EKCMT  =         0.0000  VIRIAL  =         0.0000  VOLUME     =     32615.9107
                                                    Density    =         0.9945
 Ewald error estimate:   0.4026E-03
 ------------------------------------------------------------------------------

wrapping first mol.:      -23.19019       16.39794       28.40207

 NSTEP =    11000   TIME(PS) =      42.000  TEMP(K) =   291.29  PRESS =     0.0
 Etot   =    -10968.0908  EKtot   =      1881.2606  EPtot      =    -12849.3514
 BOND   =         8.1564  ANGLE   =        14.2921  DIHED      =        20.1888
 1-4 NB =        13.2603  1-4 EEL =      -668.5507  VDWAALS    =      2463.3872
 EELEC  =    -14710.6282  EHBOND  =         0.0000  RESTRAINT  =        10.5428
 EAMBER (non-restraint)  =    -12859.8941
 EKCMT  =         0.0000  VIRIAL  =         0.0000  VOLUME     =     32401.4844
                                                    Density    =         1.0011
 Ewald error estimate:   0.2129E-03
 ------------------------------------------------------------------------------

wrapping first mol.:      -23.18663       16.39543       28.39771

 NSTEP =    11500   TIME(PS) =      43.000  TEMP(K) =   303.20  PRESS =     0.0
 Etot   =    -10895.1954  EKtot   =      1958.1695  EPtot      =    -12853.3649
 BOND   =         6.2195  ANGLE   =        13.6958  DIHED      =        18.3817
 1-4 NB =        10.9584  1-4 EEL =      -660.7707  VDWAALS    =      2438.5607
 EELEC  =    -14689.9426  EHBOND  =         0.0000  RESTRAINT  =         9.5322
 EAMBER (non-restraint)  =    -12862.8971
 EKCMT  =         0.0000  VIRIAL  =         0.0000  VOLUME     =     32386.5764
                                                    Density    =         1.0015
 Ewald error estimate:   0.4209E-03
 ------------------------------------------------------------------------------

wrapping first mol.:      -23.20505       16.40845       28.42027

 NSTEP =    12000   TIME(PS) =      44.000  TEMP(K) =   299.31  PRESS =     0.0
 Etot   =    -10939.8362  EKtot   =      1933.0503  EPtot      =    -12872.8865
 BOND   =         7.2066  ANGLE   =        14.1484  DIHED      =        22.5343
 1-4 NB =        14.2531  1-4 EEL =      -684.2555  VDWAALS    =      2565.5680
 EELEC  =    -14819.1148  EHBOND  =         0.0000  RESTRAINT  =         6.7735
 EAMBER (non-restraint)  =    -12879.6600
 EKCMT  =         0.0000  VIRIAL  =         0.0000  VOLUME     =     32463.8001
                                                    Density    =         0.9992
 Ewald error estimate:   0.2580E-03
 ------------------------------------------------------------------------------

wrapping first mol.:      -23.10663       16.33886       28.29973

 NSTEP =    12500   TIME(PS) =      45.000  TEMP(K) =   297.47  PRESS =     0.0
 Etot   =    -11023.7511  EKtot   =      1921.1888  EPtot      =    -12944.9400
 BOND   =         8.5597  ANGLE   =        11.2071  DIHED      =        20.4733
 1-4 NB =        12.0101  1-4 EEL =      -662.7371  VDWAALS    =      2599.8202
 EELEC  =    -14942.0891  EHBOND  =         0.0000  RESTRAINT  =         7.8157
 EAMBER (non-restraint)  =    -12952.7557
 EKCMT  =         0.0000  VIRIAL  =         0.0000  VOLUME     =     32052.4987
                                                    Density    =         1.0120
 Ewald error estimate:   0.1362E-03
 ------------------------------------------------------------------------------

wrapping first mol.:      -23.09877       16.33330       28.29010

 NSTEP =    13000   TIME(PS) =      46.000  TEMP(K) =   298.88  PRESS =     0.0
 Etot   =    -10989.5094  EKtot   =      1930.3045  EPtot      =    -12919.8139
 BOND   =         9.4390  ANGLE   =        21.5590  DIHED      =        17.3984
 1-4 NB =        11.5985  1-4 EEL =      -664.8775  VDWAALS    =      2575.0736
 EELEC  =    -14900.3944  EHBOND  =         0.0000  RESTRAINT  =        10.3895
 EAMBER (non-restraint)  =    -12930.2034
 EKCMT  =         0.0000  VIRIAL  =         0.0000  VOLUME     =     32019.7791
                                                    Density    =         1.0130
 Ewald error estimate:   0.1982E-03
 ------------------------------------------------------------------------------

wrapping first mol.:      -23.10337       16.33655       28.29574

 NSTEP =    13500   TIME(PS) =      47.000  TEMP(K) =   294.21  PRESS =     0.0
 Etot   =    -10985.9378  EKtot   =      1900.1436  EPtot      =    -12886.0814
 BOND   =        13.8501  ANGLE   =        12.2833  DIHED      =        20.6842
 1-4 NB =        12.7694  1-4 EEL =      -669.2601  VDWAALS    =      2535.2623
 EELEC  =    -14821.0394  EHBOND  =         0.0000  RESTRAINT  =         9.3687
 EAMBER (non-restraint)  =    -12895.4501
 EKCMT  =         0.0000  VIRIAL  =         0.0000  VOLUME     =     32038.9323
                                                    Density    =         1.0124
 Ewald error estimate:   0.6201E-04
 ------------------------------------------------------------------------------

wrapping first mol.:      -23.12882       16.35455       28.32691

 NSTEP =    14000   TIME(PS) =      48.000  TEMP(K) =   306.78  PRESS =     0.0
 Etot   =    -10900.3591  EKtot   =      1981.2719  EPtot      =    -12881.6310
 BOND   =         5.2434  ANGLE   =        10.0696  DIHED      =        18.8424
 1-4 NB =        11.1854  1-4 EEL =      -662.4954  VDWAALS    =      2426.4110
 EELEC  =    -14700.5795  EHBOND  =         0.0000  RESTRAINT  =         9.6922
 EAMBER (non-restraint)  =    -12891.3231
 EKCMT  =         0.0000  VIRIAL  =         0.0000  VOLUME     =     32144.9233
                                                    Density    =         1.0091
 Ewald error estimate:   0.2010E-03
 ------------------------------------------------------------------------------

wrapping first mol.:      -23.16517       16.38025       28.37143

 NSTEP =    14500   TIME(PS) =      49.000  TEMP(K) =   301.03  PRESS =     0.0
 Etot   =    -10939.5512  EKtot   =      1944.1942  EPtot      =    -12883.7454
 BOND   =         5.5614  ANGLE   =         9.6117  DIHED      =        22.8127
 1-4 NB =        12.2563  1-4 EEL =      -664.5469  VDWAALS    =      2437.6003
 EELEC  =    -14715.1417  EHBOND  =         0.0000  RESTRAINT  =         8.1006
 EAMBER (non-restraint)  =    -12891.8461
 EKCMT  =         0.0000  VIRIAL  =         0.0000  VOLUME     =     32296.7259
                                                    Density    =         1.0043
 Ewald error estimate:   0.3305E-03
 ------------------------------------------------------------------------------

wrapping first mol.:      -23.19993       16.40483       28.41400

 NSTEP =    15000   TIME(PS) =      50.000  TEMP(K) =   292.95  PRESS =     0.0
 Etot   =    -10960.1184  EKtot   =      1891.9986  EPtot      =    -12852.1170
 BOND   =         6.7759  ANGLE   =        16.3622  DIHED      =        20.7011
 1-4 NB =        10.4975  1-4 EEL =      -663.9526  VDWAALS    =      2501.1946
 EELEC  =    -14750.4435  EHBOND  =         0.0000  RESTRAINT  =         6.7478
 EAMBER (non-restraint)  =    -12858.8649
 EKCMT  =         0.0000  VIRIAL  =         0.0000  VOLUME     =     32442.3267
                                                    Density    =         0.9998
 Ewald error estimate:   0.2349E-05
 ------------------------------------------------------------------------------

wrapping first mol.:      -23.18232       16.39238       28.39243

 NSTEP =    15500   TIME(PS) =      51.000  TEMP(K) =   288.62  PRESS =     0.0
 Etot   =    -11081.2596  EKtot   =      1864.0040  EPtot      =    -12945.2636
 BOND   =         6.2966  ANGLE   =        10.6210  DIHED      =        20.2618
 1-4 NB =        12.6971  1-4 EEL =      -673.4042  VDWAALS    =      2584.6001
 EELEC  =    -14919.8605  EHBOND  =         0.0000  RESTRAINT  =        13.5245
 EAMBER (non-restraint)  =    -12958.7881
 EKCMT  =         0.0000  VIRIAL  =         0.0000  VOLUME     =     32368.4916
                                                    Density    =         1.0021
 Ewald error estimate:   0.2119E-03
 ------------------------------------------------------------------------------

wrapping first mol.:      -23.25020       16.44038       28.47556

 NSTEP =    16000   TIME(PS) =      52.000  TEMP(K) =   305.69  PRESS =     0.0
 Etot   =    -10864.8022  EKtot   =      1974.2655  EPtot      =    -12839.0678
 BOND   =         6.0727  ANGLE   =        16.2704  DIHED      =        18.0497
 1-4 NB =        11.2591  1-4 EEL =      -667.8889  VDWAALS    =      2376.0365
 EELEC  =    -14609.8613  EHBOND  =         0.0000  RESTRAINT  =        10.9941
 EAMBER (non-restraint)  =    -12850.0618
 EKCMT  =         0.0000  VIRIAL  =         0.0000  VOLUME     =     32653.6673
                                                    Density    =         0.9934
 Ewald error estimate:   0.3904E-05
 ------------------------------------------------------------------------------

wrapping first mol.:      -23.15011       16.36960       28.35298

 NSTEP =    16500   TIME(PS) =      53.000  TEMP(K) =   312.70  PRESS =     0.0
 Etot   =    -10886.9074  EKtot   =      2019.5331  EPtot      =    -12906.4406
 BOND   =        11.9590  ANGLE   =        10.8394  DIHED      =        17.9037
 1-4 NB =        12.7265  1-4 EEL =      -667.5670  VDWAALS    =      2515.8229
 EELEC  =    -14817.1040  EHBOND  =         0.0000  RESTRAINT  =         8.9791
 EAMBER (non-restraint)  =    -12915.4197
 EKCMT  =         0.0000  VIRIAL  =         0.0000  VOLUME     =     32233.7807
                                                    Density    =         1.0063
 Ewald error estimate:   0.1005E-03
 ------------------------------------------------------------------------------

wrapping first mol.:      -23.12116       16.34913       28.31753

 NSTEP =    17000   TIME(PS) =      54.000  TEMP(K) =   297.80  PRESS =     0.0
 Etot   =    -10926.4965  EKtot   =      1923.3256  EPtot      =    -12849.8222
 BOND   =         7.7095  ANGLE   =        14.9537  DIHED      =        21.6564
 1-4 NB =        12.3493  1-4 EEL =      -662.9449  VDWAALS    =      2479.7346
 EELEC  =    -14730.7278  EHBOND  =         0.0000  RESTRAINT  =         7.4470
 EAMBER (non-restraint)  =    -12857.2692
 EKCMT  =         0.0000  VIRIAL  =         0.0000  VOLUME     =     32113.0075
                                                    Density    =         1.0101
 Ewald error estimate:   0.2641E-03
 ------------------------------------------------------------------------------

wrapping first mol.:      -23.14564       16.36644       28.34751

 NSTEP =    17500   TIME(PS) =      55.000  TEMP(K) =   291.25  PRESS =     0.0
 Etot   =    -11011.2583  EKtot   =      1881.0151  EPtot      =    -12892.2735
 BOND   =         6.6305  ANGLE   =        16.2882  DIHED      =        18.5402
 1-4 NB =        12.1139  1-4 EEL =      -666.4271  VDWAALS    =      2486.9722
 EELEC  =    -14775.0961  EHBOND  =         0.0000  RESTRAINT  =         8.7047
 EAMBER (non-restraint)  =    -12900.9782
 EKCMT  =         0.0000  VIRIAL  =         0.0000  VOLUME     =     32215.1216
                                                    Density    =         1.0069
 Ewald error estimate:   0.7908E-05
 ------------------------------------------------------------------------------

wrapping first mol.:      -23.08961       16.32682       28.27888

 NSTEP =    18000   TIME(PS) =      56.000  TEMP(K) =   303.21  PRESS =     0.0
 Etot   =    -11014.8119  EKtot   =      1958.2424  EPtot      =    -12973.0542
 BOND   =         9.7670  ANGLE   =        11.1582  DIHED      =        16.0335
 1-4 NB =        12.2707  1-4 EEL =      -668.1297  VDWAALS    =      2502.3130
 EELEC  =    -14863.4807  EHBOND  =         0.0000  RESTRAINT  =         7.0139
 EAMBER (non-restraint)  =    -12980.0681
 EKCMT  =         0.0000  VIRIAL  =         0.0000  VOLUME     =     31981.7101
                                                    Density    =         1.0142
 Ewald error estimate:   0.4777E-04
 ------------------------------------------------------------------------------

wrapping first mol.:      -23.08961       16.32682       28.27888

 NSTEP =    18500   TIME(PS) =      57.000  TEMP(K) =   299.25  PRESS =     0.0
 Etot   =    -11005.1059  EKtot   =      1932.6718  EPtot      =    -12937.7778
 BOND   =         6.4847  ANGLE   =        17.5784  DIHED      =        19.1488
 1-4 NB =        14.0488  1-4 EEL =      -668.8857  VDWAALS    =      2503.2324
 EELEC  =    -14839.3983  EHBOND  =         0.0000  RESTRAINT  =        10.0132
 EAMBER (non-restraint)  =    -12947.7910
 EKCMT  =         0.0000  VIRIAL  =         0.0000  VOLUME     =     31981.7101
                                                    Density    =         1.0142
 Ewald error estimate:   0.1930E-03
 ------------------------------------------------------------------------------

wrapping first mol.:      -23.08961       16.32682       28.27888

 NSTEP =    19000   TIME(PS) =      58.000  TEMP(K) =   296.38  PRESS =     0.0
 Etot   =    -11014.2979  EKtot   =      1914.1200  EPtot      =    -12928.4179
 BOND   =         6.0505  ANGLE   =        17.4000  DIHED      =        17.3453
 1-4 NB =        12.7531  1-4 EEL =      -671.5314  VDWAALS    =      2465.0927
 EELEC  =    -14784.7886  EHBOND  =         0.0000  RESTRAINT  =         9.2605
 EAMBER (non-restraint)  =    -12937.6783
 EKCMT  =         0.0000  VIRIAL  =         0.0000  VOLUME     =     31981.7101
                                                    Density    =         1.0142
 Ewald error estimate:   0.1835E-04
 ------------------------------------------------------------------------------

wrapping first mol.:      -23.02833       16.28349       28.20383

 NSTEP =    19500   TIME(PS) =      59.000  TEMP(K) =   303.63  PRESS =     0.0
 Etot   =    -10922.1339  EKtot   =      1960.9310  EPtot      =    -12883.0649
 BOND   =         7.1863  ANGLE   =        13.1961  DIHED      =        19.1743
 1-4 NB =        13.2631  1-4 EEL =      -669.9983  VDWAALS    =      2515.5620
 EELEC  =    -14788.2972  EHBOND  =         0.0000  RESTRAINT  =         6.8489
 EAMBER (non-restraint)  =    -12889.9138
 EKCMT  =         0.0000  VIRIAL  =         0.0000  VOLUME     =     31727.7573
                                                    Density    =         1.0223
 Ewald error estimate:   0.5786E-03
 ------------------------------------------------------------------------------

wrapping first mol.:      -23.02317       16.27984       28.19751

 NSTEP =    20000   TIME(PS) =      60.000  TEMP(K) =   300.86  PRESS =     0.0
 Etot   =    -11090.8674  EKtot   =      1943.0509  EPtot      =    -13033.9182
 BOND   =         7.5664  ANGLE   =        13.2233  DIHED      =        19.9113
 1-4 NB =        13.8705  1-4 EEL =      -674.1139  VDWAALS    =      2530.6812
 EELEC  =    -14952.1990  EHBOND  =         0.0000  RESTRAINT  =         7.1421
 EAMBER (non-restraint)  =    -13041.0603
 EKCMT  =         0.0000  VIRIAL  =         0.0000  VOLUME     =     31706.4367
                                                    Density    =         1.0230
 Ewald error estimate:   0.1475E-04
 ------------------------------------------------------------------------------

wrapping first mol.:      -23.04513       16.29537       28.22440

 NSTEP =    20500   TIME(PS) =      61.000  TEMP(K) =   297.17  PRESS =     0.0
 Etot   =    -11034.1605  EKtot   =      1919.2145  EPtot      =    -12953.3750
 BOND   =         8.5003  ANGLE   =        15.3301  DIHED      =        18.2622
 1-4 NB =        12.3385  1-4 EEL =      -674.9814  VDWAALS    =      2577.8393
 EELEC  =    -14919.2331  EHBOND  =         0.0000  RESTRAINT  =         8.5690
 EAMBER (non-restraint)  =    -12961.9440
 EKCMT  =         0.0000  VIRIAL  =         0.0000  VOLUME     =     31797.2313
                                                    Density    =         1.0201
 Ewald error estimate:   0.2661E-03
 ------------------------------------------------------------------------------

wrapping first mol.:      -23.05681       16.30363       28.23871

 NSTEP =    21000   TIME(PS) =      62.000  TEMP(K) =   295.76  PRESS =     0.0
 Etot   =    -11041.4179  EKtot   =      1910.1410  EPtot      =    -12951.5589
 BOND   =         7.9988  ANGLE   =         9.1510  DIHED      =        19.2240
 1-4 NB =        14.3850  1-4 EEL =      -674.5314  VDWAALS    =      2483.5992
 EELEC  =    -14818.2863  EHBOND  =         0.0000  RESTRAINT  =         6.9008
 EAMBER (non-restraint)  =    -12958.4597
 EKCMT  =         0.0000  VIRIAL  =         0.0000  VOLUME     =     31845.6135
                                                    Density    =         1.0186
 Ewald error estimate:   0.1836E-03
 ------------------------------------------------------------------------------

wrapping first mol.:      -23.09980       16.33403       28.29137

 NSTEP =    21500   TIME(PS) =      63.000  TEMP(K) =   298.22  PRESS =     0.0
 Etot   =    -11021.9675  EKtot   =      1926.0114  EPtot      =    -12947.9788
 BOND   =         6.4903  ANGLE   =        10.1165  DIHED      =        16.7437
 1-4 NB =        13.8804  1-4 EEL =      -674.5230  VDWAALS    =      2467.6250
 EELEC  =    -14795.1012  EHBOND  =         0.0000  RESTRAINT  =         6.7896
 EAMBER (non-restraint)  =    -12954.7684
 EKCMT  =         0.0000  VIRIAL  =         0.0000  VOLUME     =     32024.0912
                                                    Density    =         1.0129
 Ewald error estimate:   0.3712E-03
 ------------------------------------------------------------------------------

wrapping first mol.:      -23.14560       16.36642       28.34746

 NSTEP =    22000   TIME(PS) =      64.000  TEMP(K) =   294.44  PRESS =     0.0
 Etot   =    -10941.9459  EKtot   =      1901.5911  EPtot      =    -12843.5371
 BOND   =         5.3072  ANGLE   =         9.0545  DIHED      =        19.9342
 1-4 NB =        12.8625  1-4 EEL =      -667.0644  VDWAALS    =      2431.5024
 EELEC  =    -14670.9341  EHBOND  =         0.0000  RESTRAINT  =        15.8007
 EAMBER (non-restraint)  =    -12859.3377
 EKCMT  =         0.0000  VIRIAL  =         0.0000  VOLUME     =     32214.9523
                                                    Density    =         1.0069
 Ewald error estimate:   0.4206E-03
 ------------------------------------------------------------------------------

wrapping first mol.:      -23.19734       16.40300       28.41082

 NSTEP =    22500   TIME(PS) =      65.000  TEMP(K) =   300.44  PRESS =     0.0
 Etot   =    -10883.8513  EKtot   =      1940.3453  EPtot      =    -12824.1966
 BOND   =         4.8205  ANGLE   =        11.5446  DIHED      =        16.9673
 1-4 NB =        11.8930  1-4 EEL =      -668.9925  VDWAALS    =      2392.1651
 EELEC  =    -14604.7168  EHBOND  =         0.0000  RESTRAINT  =        12.1221
 EAMBER (non-restraint)  =    -12836.3187
 EKCMT  =         0.0000  VIRIAL  =         0.0000  VOLUME     =     32431.4541
                                                    Density    =         1.0002
 Ewald error estimate:   0.3517E-03
 ------------------------------------------------------------------------------

wrapping first mol.:      -23.13543       16.35922       28.33500

 NSTEP =    23000   TIME(PS) =      66.000  TEMP(K) =   299.35  PRESS =     0.0
 Etot   =    -10928.2023  EKtot   =      1933.3074  EPtot      =    -12861.5097
 BOND   =         7.5616  ANGLE   =        14.6441  DIHED      =        19.3874
 1-4 NB =        13.2853  1-4 EEL =      -671.1947  VDWAALS    =      2444.4447
 EELEC  =    -14701.1640  EHBOND  =         0.0000  RESTRAINT  =        11.5259
 EAMBER (non-restraint)  =    -12873.0357
 EKCMT  =         0.0000  VIRIAL  =         0.0000  VOLUME     =     32172.4843
                                                    Density    =         1.0082
 Ewald error estimate:   0.1969E-03
 ------------------------------------------------------------------------------

wrapping first mol.:      -23.06896       16.31222       28.25360

 NSTEP =    23500   TIME(PS) =      67.000  TEMP(K) =   296.25  PRESS =     0.0
 Etot   =    -11008.1177  EKtot   =      1913.2872  EPtot      =    -12921.4049
 BOND   =         5.5859  ANGLE   =         9.1298  DIHED      =        19.8331
 1-4 NB =        13.1075  1-4 EEL =      -670.4764  VDWAALS    =      2542.5268
 EELEC  =    -14848.4209  EHBOND  =         0.0000  RESTRAINT  =         7.3094
 EAMBER (non-restraint)  =    -12928.7143
 EKCMT  =         0.0000  VIRIAL  =         0.0000  VOLUME     =     31896.0015
                                                    Density    =         1.0169
 Ewald error estimate:   0.1726E-03
 ------------------------------------------------------------------------------

wrapping first mol.:      -23.05113       16.29961       28.23176

 NSTEP =    24000   TIME(PS) =      68.000  TEMP(K) =   298.89  PRESS =     0.0
 Etot   =    -10917.7950  EKtot   =      1930.3705  EPtot      =    -12848.1656
 BOND   =         8.7379  ANGLE   =        17.6220  DIHED      =        18.3277
 1-4 NB =        12.3481  1-4 EEL =      -672.9086  VDWAALS    =      2490.0497
 EELEC  =    -14731.1945  EHBOND  =         0.0000  RESTRAINT  =         8.8522
 EAMBER (non-restraint)  =    -12857.0177
 EKCMT  =         0.0000  VIRIAL  =         0.0000  VOLUME     =     31822.0863
                                                    Density    =         1.0193
 Ewald error estimate:   0.2499E-03
 ------------------------------------------------------------------------------

wrapping first mol.:      -23.04452       16.29494       28.22366

 NSTEP =    24500   TIME(PS) =      69.000  TEMP(K) =   303.40  PRESS =     0.0
 Etot   =    -10948.7415  EKtot   =      1959.4946  EPtot      =    -12908.2361
 BOND   =         6.5628  ANGLE   =        13.3969  DIHED      =        19.3478
 1-4 NB =        13.9824  1-4 EEL =      -673.6637  VDWAALS    =      2486.0632
 EELEC  =    -14780.0073  EHBOND  =         0.0000  RESTRAINT  =         6.0817
 EAMBER (non-restraint)  =    -12914.3179
 EKCMT  =         0.0000  VIRIAL  =         0.0000  VOLUME     =     31794.7224
                                                    Density    =         1.0202
 Ewald error estimate:   0.2151E-03
 ------------------------------------------------------------------------------

wrapping first mol.:      -23.05911       16.30525       28.24153

 NSTEP =    25000   TIME(PS) =      70.000  TEMP(K) =   290.91  PRESS =     0.0
 Etot   =    -11082.4064  EKtot   =      1878.7920  EPtot      =    -12961.1984
 BOND   =         5.0933  ANGLE   =        11.4268  DIHED      =        21.3520
 1-4 NB =        12.1497  1-4 EEL =      -668.5817  VDWAALS    =      2533.4864
 EELEC  =    -14884.9330  EHBOND  =         0.0000  RESTRAINT  =         8.8081
 EAMBER (non-restraint)  =    -12970.0065
 EKCMT  =         0.0000  VIRIAL  =         0.0000  VOLUME     =     31855.1344
                                                    Density    =         1.0183
 Ewald error estimate:   0.2916E-03
 ------------------------------------------------------------------------------

wrapping first mol.:      -23.09640       16.33163       28.28721

 NSTEP =    25500   TIME(PS) =      71.000  TEMP(K) =   297.97  PRESS =     0.0
 Etot   =    -10957.1006  EKtot   =      1924.3702  EPtot      =    -12881.4708
 BOND   =         6.4170  ANGLE   =        13.6285  DIHED      =        18.0174
 1-4 NB =        13.8941  1-4 EEL =      -668.9500  VDWAALS    =      2487.2095
 EELEC  =    -14761.8599  EHBOND  =         0.0000  RESTRAINT  =        10.1726
 EAMBER (non-restraint)  =    -12891.6433
 EKCMT  =         0.0000  VIRIAL  =         0.0000  VOLUME     =     32009.9577
                                                    Density    =         1.0133
 Ewald error estimate:   0.2440E-03
 ------------------------------------------------------------------------------

wrapping first mol.:      -23.16821       16.38240       28.37515

 NSTEP =    26000   TIME(PS) =      72.000  TEMP(K) =   295.26  PRESS =     0.0
 Etot   =    -11056.5588  EKtot   =      1906.8721  EPtot      =    -12963.4309
 BOND   =         5.4753  ANGLE   =        15.0449  DIHED      =        17.9714
 1-4 NB =        12.3274  1-4 EEL =      -664.5085  VDWAALS    =      2439.2586
 EELEC  =    -14797.4848  EHBOND  =         0.0000  RESTRAINT  =         8.4848
 EAMBER (non-restraint)  =    -12971.9157
 EKCMT  =         0.0000  VIRIAL  =         0.0000  VOLUME     =     32309.4409
                                                    Density    =         1.0039
 Ewald error estimate:   0.3651E-03
 ------------------------------------------------------------------------------

wrapping first mol.:      -23.19162       16.39896       28.40383

 NSTEP =    26500   TIME(PS) =      73.000  TEMP(K) =   295.56  PRESS =     0.0
 Etot   =    -11042.4283  EKtot   =      1908.8618  EPtot      =    -12951.2901
 BOND   =         8.7122  ANGLE   =        11.6895  DIHED      =        19.3313
 1-4 NB =        12.9072  1-4 EEL =      -670.5602  VDWAALS    =      2504.2639
 EELEC  =    -14844.0597  EHBOND  =         0.0000  RESTRAINT  =         6.4258
 EAMBER (non-restraint)  =    -12957.7159
 EKCMT  =         0.0000  VIRIAL  =         0.0000  VOLUME     =     32407.4997
                                                    Density    =         1.0009
 Ewald error estimate:   0.1561E-03
 ------------------------------------------------------------------------------

wrapping first mol.:      -23.18993       16.39776       28.40175

 NSTEP =    27000   TIME(PS) =      74.000  TEMP(K) =   298.58  PRESS =     0.0
 Etot   =    -10991.3551  EKtot   =      1928.3514  EPtot      =    -12919.7066
 BOND   =         9.3978  ANGLE   =        12.8955  DIHED      =        19.8211
 1-4 NB =        12.1959  1-4 EEL =      -667.0010  VDWAALS    =      2479.8413
 EELEC  =    -14796.5223  EHBOND  =         0.0000  RESTRAINT  =         9.6651
 EAMBER (non-restraint)  =    -12929.3717
 EKCMT  =         0.0000  VIRIAL  =         0.0000  VOLUME     =     32400.4018
                                                    Density    =         1.0011
 Ewald error estimate:   0.7877E-04
 ------------------------------------------------------------------------------

wrapping first mol.:      -23.12311       16.35051       28.31992

 NSTEP =    27500   TIME(PS) =      75.000  TEMP(K) =   300.13  PRESS =     0.0
 Etot   =    -11071.4733  EKtot   =      1938.3796  EPtot      =    -13009.8529
 BOND   =         4.4948  ANGLE   =         9.7458  DIHED      =        18.2191
 1-4 NB =        11.3664  1-4 EEL =      -668.0162  VDWAALS    =      2574.6774
 EELEC  =    -14969.5092  EHBOND  =         0.0000  RESTRAINT  =         9.1689
 EAMBER (non-restraint)  =    -13019.0218
 EKCMT  =         0.0000  VIRIAL  =         0.0000  VOLUME     =     32121.1339
                                                    Density    =         1.0098
 Ewald error estimate:   0.1308E-03
 ------------------------------------------------------------------------------

wrapping first mol.:      -23.17476       16.38704       28.38318

 NSTEP =    28000   TIME(PS) =      76.000  TEMP(K) =   300.91  PRESS =     0.0
 Etot   =    -11030.6146  EKtot   =      1943.3691  EPtot      =    -12973.9837
 BOND   =         7.8147  ANGLE   =        12.7367  DIHED      =        18.2772
 1-4 NB =        12.7792  1-4 EEL =      -671.0644  VDWAALS    =      2465.3156
 EELEC  =    -14829.0276  EHBOND  =         0.0000  RESTRAINT  =         9.1850
 EAMBER (non-restraint)  =    -12983.1687
 EKCMT  =         0.0000  VIRIAL  =         0.0000  VOLUME     =     32336.8737
                                                    Density    =         1.0031
 Ewald error estimate:   0.3533E-03
 ------------------------------------------------------------------------------

wrapping first mol.:      -23.18422       16.39372       28.39475

 NSTEP =    28500   TIME(PS) =      77.000  TEMP(K) =   298.84  PRESS =     0.0
 Etot   =    -11001.6274  EKtot   =      1929.9911  EPtot      =    -12931.6185
 BOND   =         6.7236  ANGLE   =        10.3107  DIHED      =        17.0884
 1-4 NB =        13.2381  1-4 EEL =      -668.2576  VDWAALS    =      2496.1038
 EELEC  =    -14815.4544  EHBOND  =         0.0000  RESTRAINT  =         8.6288
 EAMBER (non-restraint)  =    -12940.2474
 EKCMT  =         0.0000  VIRIAL  =         0.0000  VOLUME     =     32376.4577
                                                    Density    =         1.0019
 Ewald error estimate:   0.1938E-03
 ------------------------------------------------------------------------------

wrapping first mol.:      -23.23787       16.43166       28.46046

 NSTEP =    29000   TIME(PS) =      78.000  TEMP(K) =   305.40  PRESS =     0.0
 Etot   =    -11005.3682  EKtot   =      1972.3963  EPtot      =    -12977.7645
 BOND   =         5.0210  ANGLE   =        10.5217  DIHED      =        19.4329
 1-4 NB =        12.1847  1-4 EEL =      -671.9336  VDWAALS    =      2433.1456
 EELEC  =    -14793.5278  EHBOND  =         0.0000  RESTRAINT  =         7.3910
 EAMBER (non-restraint)  =    -12985.1555
 EKCMT  =         0.0000  VIRIAL  =         0.0000  VOLUME     =     32601.7510
                                                    Density    =         0.9949
 Ewald error estimate:   0.1236E-03
 ------------------------------------------------------------------------------

wrapping first mol.:      -23.18541       16.39456       28.39621

 NSTEP =    29500   TIME(PS) =      79.000  TEMP(K) =   294.07  PRESS =     0.0
 Etot   =    -11024.2376  EKtot   =      1899.2285  EPtot      =    -12923.4661
 BOND   =         7.2148  ANGLE   =        10.8739  DIHED      =        18.5240
 1-4 NB =        11.9268  1-4 EEL =      -668.9337  VDWAALS    =      2592.4559
 EELEC  =    -14906.3868  EHBOND  =         0.0000  RESTRAINT  =        10.8590
 EAMBER (non-restraint)  =    -12934.3251
 EKCMT  =         0.0000  VIRIAL  =         0.0000  VOLUME     =     32381.4403
                                                    Density    =         1.0017
 Ewald error estimate:   0.1129E-03
 ------------------------------------------------------------------------------

wrapping first mol.:      -23.16996       16.38364       28.37730

 NSTEP =    30000   TIME(PS) =      80.000  TEMP(K) =   301.10  PRESS =     0.0
 Etot   =    -10965.3028  EKtot   =      1944.6260  EPtot      =    -12909.9288
 BOND   =         7.7678  ANGLE   =        11.9966  DIHED      =        20.4079
 1-4 NB =        14.1658  1-4 EEL =      -667.8366  VDWAALS    =      2587.3427
 EELEC  =    -14890.2502  EHBOND  =         0.0000  RESTRAINT  =         6.4773
 EAMBER (non-restraint)  =    -12916.4061
 EKCMT  =         0.0000  VIRIAL  =         0.0000  VOLUME     =     32316.7748
                                                    Density    =         1.0037
 Ewald error estimate:   0.1120E-03
 ------------------------------------------------------------------------------

wrapping first mol.:      -23.15741       16.37477       28.36193

 NSTEP =    30500   TIME(PS) =      81.000  TEMP(K) =   306.64  PRESS =     0.0
 Etot   =    -10978.4458  EKtot   =      1980.4014  EPtot      =    -12958.8472
 BOND   =         7.8146  ANGLE   =        17.9139  DIHED      =        20.5889
 1-4 NB =        11.3689  1-4 EEL =      -666.3163  VDWAALS    =      2448.8526
 EELEC  =    -14808.2525  EHBOND  =         0.0000  RESTRAINT  =         9.1828
 EAMBER (non-restraint)  =    -12968.0299
 EKCMT  =         0.0000  VIRIAL  =         0.0000  VOLUME     =     32264.2900
                                                    Density    =         1.0053
 Ewald error estimate:   0.3888E-04
 ------------------------------------------------------------------------------

wrapping first mol.:      -23.13431       16.35843       28.33364

 NSTEP =    31000   TIME(PS) =      82.000  TEMP(K) =   295.21  PRESS =     0.0
 Etot   =    -11000.0866  EKtot   =      1906.5917  EPtot      =    -12906.6783
 BOND   =         6.7760  ANGLE   =        11.4272  DIHED      =        16.7750
 1-4 NB =        12.5269  1-4 EEL =      -668.9056  VDWAALS    =      2484.3988
 EELEC  =    -14779.8021  EHBOND  =         0.0000  RESTRAINT  =        10.1255
 EAMBER (non-restraint)  =    -12916.8038
 EKCMT  =         0.0000  VIRIAL  =         0.0000  VOLUME     =     32167.8426
                                                    Density    =         1.0084
 Ewald error estimate:   0.4694E-04
 ------------------------------------------------------------------------------

wrapping first mol.:      -23.16367       16.37919       28.36959

 NSTEP =    31500   TIME(PS) =      83.000  TEMP(K) =   289.30  PRESS =     0.0
 Etot   =    -11027.6602  EKtot   =      1868.3827  EPtot      =    -12896.0429
 BOND   =         7.5831  ANGLE   =        12.6153  DIHED      =        24.1778
 1-4 NB =        13.9129  1-4 EEL =      -674.5179  VDWAALS    =      2458.3715
 EELEC  =    -14744.6220  EHBOND  =         0.0000  RESTRAINT  =         6.4365
 EAMBER (non-restraint)  =    -12902.4793
 EKCMT  =         0.0000  VIRIAL  =         0.0000  VOLUME     =     32290.4470
                                                    Density    =         1.0045
 Ewald error estimate:   0.4103E-03
 ------------------------------------------------------------------------------

wrapping first mol.:      -23.13830       16.36125       28.33851

 NSTEP =    32000   TIME(PS) =      84.000  TEMP(K) =   290.35  PRESS =     0.0
 Etot   =    -11062.2326  EKtot   =      1875.2005  EPtot      =    -12937.4330
 BOND   =         6.5733  ANGLE   =        12.0135  DIHED      =        18.9610
 1-4 NB =        11.0893  1-4 EEL =      -662.1761  VDWAALS    =      2518.9742
 EELEC  =    -14852.5881  EHBOND  =         0.0000  RESTRAINT  =         9.7199
 EAMBER (non-restraint)  =    -12947.1529
 EKCMT  =         0.0000  VIRIAL  =         0.0000  VOLUME     =     32184.4548
                                                    Density    =         1.0078
 Ewald error estimate:   0.5023E-03
 ------------------------------------------------------------------------------

wrapping first mol.:      -23.15578       16.37362       28.35993

 NSTEP =    32500   TIME(PS) =      85.000  TEMP(K) =   296.21  PRESS =     0.0
 Etot   =    -11002.3450  EKtot   =      1913.0244  EPtot      =    -12915.3694
 BOND   =         6.5980  ANGLE   =        14.8210  DIHED      =        20.7204
 1-4 NB =        12.4904  1-4 EEL =      -670.0591  VDWAALS    =      2442.9216
 EELEC  =    -14750.4348  EHBOND  =         0.0000  RESTRAINT  =         7.5731
 EAMBER (non-restraint)  =    -12922.9425
 EKCMT  =         0.0000  VIRIAL  =         0.0000  VOLUME     =     32257.4856
                                                    Density    =         1.0056
 Ewald error estimate:   0.1408E-03
 ------------------------------------------------------------------------------

wrapping first mol.:      -23.07907       16.31937       28.26598

 NSTEP =    33000   TIME(PS) =      86.000  TEMP(K) =   297.53  PRESS =     0.0
 Etot   =    -10991.2773  EKtot   =      1921.5608  EPtot      =    -12912.8381
 BOND   =         9.4549  ANGLE   =        16.4692  DIHED      =        17.2687
 1-4 NB =        14.1954  1-4 EEL =      -670.9266  VDWAALS    =      2541.5021
 EELEC  =    -14849.8979  EHBOND  =         0.0000  RESTRAINT  =         9.0961
 EAMBER (non-restraint)  =    -12921.9342
 EKCMT  =         0.0000  VIRIAL  =         0.0000  VOLUME     =     31937.9593
                                                    Density    =         1.0156
 Ewald error estimate:   0.1920E-03
 ------------------------------------------------------------------------------

wrapping first mol.:      -23.14616       16.36681       28.34815

 NSTEP =    33500   TIME(PS) =      87.000  TEMP(K) =   310.90  PRESS =     0.0
 Etot   =    -10978.9909  EKtot   =      2007.9292  EPtot      =    -12986.9200
 BOND   =         6.1136  ANGLE   =        17.5864  DIHED      =        20.5085
 1-4 NB =        12.1622  1-4 EEL =      -667.0238  VDWAALS    =      2456.0525
 EELEC  =    -14840.3600  EHBOND  =         0.0000  RESTRAINT  =         8.0405
 EAMBER (non-restraint)  =    -12994.9605
 EKCMT  =         0.0000  VIRIAL  =         0.0000  VOLUME     =     32217.2926
                                                    Density    =         1.0068
 Ewald error estimate:   0.3488E-03
 ------------------------------------------------------------------------------

wrapping first mol.:      -23.21828       16.41781       28.43648

 NSTEP =    34000   TIME(PS) =      88.000  TEMP(K) =   305.84  PRESS =     0.0
 Etot   =    -10874.1050  EKtot   =      1975.2040  EPtot      =    -12849.3090
 BOND   =         6.5147  ANGLE   =        13.3288  DIHED      =        20.8755
 1-4 NB =        12.1492  1-4 EEL =      -667.0156  VDWAALS    =      2479.7547
 EELEC  =    -14722.6707  EHBOND  =         0.0000  RESTRAINT  =         7.7545
 EAMBER (non-restraint)  =    -12857.0635
 EKCMT  =         0.0000  VIRIAL  =         0.0000  VOLUME     =     32519.3881
                                                    Density    =         0.9975
 Ewald error estimate:   0.2407E-03
 ------------------------------------------------------------------------------

wrapping first mol.:      -23.21932       16.41854       28.43774

 NSTEP =    34500   TIME(PS) =      89.000  TEMP(K) =   300.54  PRESS =     0.0
 Etot   =    -10929.4342  EKtot   =      1940.9853  EPtot      =    -12870.4195
 BOND   =         8.4601  ANGLE   =        14.3265  DIHED      =        19.7960
 1-4 NB =        13.8654  1-4 EEL =      -669.0016  VDWAALS    =      2406.2740
 EELEC  =    -14674.3885  EHBOND  =         0.0000  RESTRAINT  =        10.2486
 EAMBER (non-restraint)  =    -12880.6681
 EKCMT  =         0.0000  VIRIAL  =         0.0000  VOLUME     =     32523.7227
                                                    Density    =         0.9973
 Ewald error estimate:   0.1807E-03
 ------------------------------------------------------------------------------

wrapping first mol.:      -23.10223       16.33575       28.29434

 NSTEP =    35000   TIME(PS) =      90.000  TEMP(K) =   309.30  PRESS =     0.0
 Etot   =    -10946.4767  EKtot   =      1997.5558  EPtot      =    -12944.0325
 BOND   =         5.2528  ANGLE   =         9.7676  DIHED      =        18.4385
 1-4 NB =        13.0996  1-4 EEL =      -670.7363  VDWAALS    =      2551.7378
 EELEC  =    -14885.0955  EHBOND  =         0.0000  RESTRAINT  =        13.5029
 EAMBER (non-restraint)  =    -12957.5354
 EKCMT  =         0.0000  VIRIAL  =         0.0000  VOLUME     =     32034.1891
                                                    Density    =         1.0126
 Ewald error estimate:   0.1423E-03
 ------------------------------------------------------------------------------

wrapping first mol.:      -23.09303       16.32924       28.28307

 NSTEP =    35500   TIME(PS) =      91.000  TEMP(K) =   298.09  PRESS =     0.0
 Etot   =    -10949.3030  EKtot   =      1925.1558  EPtot      =    -12874.4587
 BOND   =         7.0332  ANGLE   =        20.0011  DIHED      =        20.7130
 1-4 NB =        12.7674  1-4 EEL =      -673.6051  VDWAALS    =      2570.1160
 EELEC  =    -14841.3702  EHBOND  =         0.0000  RESTRAINT  =         9.8860
 EAMBER (non-restraint)  =    -12884.3447
 EKCMT  =         0.0000  VIRIAL  =         0.0000  VOLUME     =     31995.9311
                                                    Density    =         1.0138
 Ewald error estimate:   0.3081E-03
 ------------------------------------------------------------------------------

wrapping first mol.:      -23.09145       16.32812       28.28113

 NSTEP =    36000   TIME(PS) =      92.000  TEMP(K) =   291.55  PRESS =     0.0
 Etot   =    -11067.9685  EKtot   =      1882.9409  EPtot      =    -12950.9093
 BOND   =         4.9109  ANGLE   =        11.8626  DIHED      =        18.9477
 1-4 NB =        11.9888  1-4 EEL =      -664.5350  VDWAALS    =      2536.8328
 EELEC  =    -14881.7536  EHBOND  =         0.0000  RESTRAINT  =        10.8365
 EAMBER (non-restraint)  =    -12961.7458
 EKCMT  =         0.0000  VIRIAL  =         0.0000  VOLUME     =     31989.3466
                                                    Density    =         1.0140
 Ewald error estimate:   0.2086E-03
 ------------------------------------------------------------------------------

wrapping first mol.:      -23.05286       16.30084       28.23388

 NSTEP =    36500   TIME(PS) =      93.000  TEMP(K) =   299.19  PRESS =     0.0
 Etot   =    -11017.3640  EKtot   =      1932.3094  EPtot      =    -12949.6734
 BOND   =         6.2360  ANGLE   =        14.8564  DIHED      =        17.9813
 1-4 NB =        13.1145  1-4 EEL =      -665.7519  VDWAALS    =      2511.6229
 EELEC  =    -14856.7111  EHBOND  =         0.0000  RESTRAINT  =         8.9786
 EAMBER (non-restraint)  =    -12958.6520
 EKCMT  =         0.0000  VIRIAL  =         0.0000  VOLUME     =     31829.2538
                                                    Density    =         1.0191
 Ewald error estimate:   0.3455E-03
 ------------------------------------------------------------------------------

wrapping first mol.:      -23.09353       16.32960       28.28369

 NSTEP =    37000   TIME(PS) =      94.000  TEMP(K) =   307.11  PRESS =     0.0
 Etot   =    -10937.7036  EKtot   =      1983.4013  EPtot      =    -12921.1049
 BOND   =        13.4485  ANGLE   =        15.9606  DIHED      =        17.2740
 1-4 NB =        13.5169  1-4 EEL =      -676.3467  VDWAALS    =      2506.6047
 EELEC  =    -14821.2166  EHBOND  =         0.0000  RESTRAINT  =         9.6535
 EAMBER (non-restraint)  =    -12930.7584
 EKCMT  =         0.0000  VIRIAL  =         0.0000  VOLUME     =     31998.0256
                                                    Density    =         1.0137
 Ewald error estimate:   0.3893E-03
 ------------------------------------------------------------------------------

wrapping first mol.:      -23.09210       16.32858       28.28193

 NSTEP =    37500   TIME(PS) =      95.000  TEMP(K) =   307.83  PRESS =     0.0
 Etot   =    -10954.7505  EKtot   =      1988.0507  EPtot      =    -12942.8012
 BOND   =         6.8813  ANGLE   =        15.9270  DIHED      =        20.2670
 1-4 NB =        13.0786  1-4 EEL =      -663.6852  VDWAALS    =      2475.8543
 EELEC  =    -14821.0230  EHBOND  =         0.0000  RESTRAINT  =         9.8988
 EAMBER (non-restraint)  =    -12952.7000
 EKCMT  =         0.0000  VIRIAL  =         0.0000  VOLUME     =     31992.0525
                                                    Density    =         1.0139
 Ewald error estimate:   0.3193E-03
 ------------------------------------------------------------------------------

wrapping first mol.:      -23.09287       16.32913       28.28288

 NSTEP =    38000   TIME(PS) =      96.000  TEMP(K) =   294.19  PRESS =     0.0
 Etot   =    -10990.6914  EKtot   =      1899.9567  EPtot      =    -12890.6480
 BOND   =         6.9650  ANGLE   =        21.6687  DIHED      =        19.6067
 1-4 NB =        11.5508  1-4 EEL =      -663.4367  VDWAALS    =      2444.0314
 EELEC  =    -14740.7755  EHBOND  =         0.0000  RESTRAINT  =         9.7416
 EAMBER (non-restraint)  =    -12900.3897
 EKCMT  =         0.0000  VIRIAL  =         0.0000  VOLUME     =     31995.2667
                                                    Density    =         1.0138
 Ewald error estimate:   0.9552E-04
 ------------------------------------------------------------------------------

wrapping first mol.:      -23.18056       16.39114       28.39028

 NSTEP =    38500   TIME(PS) =      97.000  TEMP(K) =   294.16  PRESS =     0.0
 Etot   =    -10944.5694  EKtot   =      1899.8158  EPtot      =    -12844.3853
 BOND   =         8.4713  ANGLE   =        15.4416  DIHED      =        24.6868
 1-4 NB =        11.1178  1-4 EEL =      -667.8996  VDWAALS    =      2475.3482
 EELEC  =    -14720.6577  EHBOND  =         0.0000  RESTRAINT  =         9.1063
 EAMBER (non-restraint)  =    -12853.4916
 EKCMT  =         0.0000  VIRIAL  =         0.0000  VOLUME     =     32361.1575
                                                    Density    =         1.0023
 Ewald error estimate:   0.9702E-04
 ------------------------------------------------------------------------------

wrapping first mol.:      -23.17675       16.38844       28.38561

 NSTEP =    39000   TIME(PS) =      98.000  TEMP(K) =   295.54  PRESS =     0.0
 Etot   =    -11000.3096  EKtot   =      1908.6978  EPtot      =    -12909.0074
 BOND   =         4.5157  ANGLE   =        11.2127  DIHED      =        24.5477
 1-4 NB =        11.7466  1-4 EEL =      -666.3279  VDWAALS    =      2412.6353
 EELEC  =    -14716.4126  EHBOND  =         0.0000  RESTRAINT  =         9.0750
 EAMBER (non-restraint)  =    -12918.0824
 EKCMT  =         0.0000  VIRIAL  =         0.0000  VOLUME     =     32345.1793
                                                    Density    =         1.0028
 Ewald error estimate:   0.1584E-03
 ------------------------------------------------------------------------------

wrapping first mol.:      -23.06383       16.30859       28.24731

 NSTEP =    39500   TIME(PS) =      99.000  TEMP(K) =   297.82  PRESS =     0.0
 Etot   =    -10972.9964  EKtot   =      1923.4341  EPtot      =    -12896.4306
 BOND   =         6.9471  ANGLE   =        12.9766  DIHED      =        19.9157
 1-4 NB =        12.2514  1-4 EEL =      -668.4762  VDWAALS    =      2579.0094
 EELEC  =    -14865.3576  EHBOND  =         0.0000  RESTRAINT  =         6.3030
 EAMBER (non-restraint)  =    -12902.7335
 EKCMT  =         0.0000  VIRIAL  =         0.0000  VOLUME     =     31874.7143
                                                    Density    =         1.0176
 Ewald error estimate:   0.2958E-03
 ------------------------------------------------------------------------------

wrapping first mol.:      -23.13372       16.35802       28.33291

 NSTEP =    40000   TIME(PS) =     100.000  TEMP(K) =   302.20  PRESS =     0.0
 Etot   =    -10999.8178  EKtot   =      1951.7245  EPtot      =    -12951.5423
 BOND   =         7.1484  ANGLE   =        16.9256  DIHED      =        19.6451
 1-4 NB =        12.3730  1-4 EEL =      -667.5670  VDWAALS    =      2495.5443
 EELEC  =    -14844.3277  EHBOND  =         0.0000  RESTRAINT  =         8.7160
 EAMBER (non-restraint)  =    -12960.2583
 EKCMT  =         0.0000  VIRIAL  =         0.0000  VOLUME     =     32165.3723
                                                    Density    =         1.0084
 Ewald error estimate:   0.7599E-04
 ------------------------------------------------------------------------------

wrapping first mol.:      -23.08787       16.32559       28.27675

 NSTEP =    40500   TIME(PS) =     101.000  TEMP(K) =   293.53  PRESS =     0.0
 Etot   =    -11052.0572  EKtot   =      1895.7555  EPtot      =    -12947.8127
 BOND   =         5.0517  ANGLE   =        12.6073  DIHED      =        17.7210
 1-4 NB =        11.8419  1-4 EEL =      -669.1920  VDWAALS    =      2496.2393
 EELEC  =    -14830.3285  EHBOND  =         0.0000  RESTRAINT  =         8.2464
 EAMBER (non-restraint)  =    -12956.0592
 EKCMT  =         0.0000  VIRIAL  =         0.0000  VOLUME     =     31974.4803
                                                    Density    =         1.0145
 Ewald error estimate:   0.6729E-05
 ------------------------------------------------------------------------------

wrapping first mol.:      -23.09717       16.33217       28.28814

 NSTEP =    41000   TIME(PS) =     102.000  TEMP(K) =   296.42  PRESS =     0.0
 Etot   =    -10969.5024  EKtot   =      1914.4036  EPtot      =    -12883.9061
 BOND   =         7.6285  ANGLE   =        16.6643  DIHED      =        16.9716
 1-4 NB =        12.8850  1-4 EEL =      -665.0372  VDWAALS    =      2471.3311
 EELEC  =    -14754.6914  EHBOND  =         0.0000  RESTRAINT  =        10.3421
 EAMBER (non-restraint)  =    -12894.2481
 EKCMT  =         0.0000  VIRIAL  =         0.0000  VOLUME     =     32013.1313
                                                    Density    =         1.0132
 Ewald error estimate:   0.1753E-03
 ------------------------------------------------------------------------------

wrapping first mol.:      -23.11647       16.34582       28.31178

 NSTEP =    41500   TIME(PS) =     103.000  TEMP(K) =   297.45  PRESS =     0.0
 Etot   =    -11012.2861  EKtot   =      1921.0473  EPtot      =    -12933.3334
 BOND   =         7.9569  ANGLE   =        15.8894  DIHED      =        17.4918
 1-4 NB =        14.3210  1-4 EEL =      -669.4327  VDWAALS    =      2475.3879
 EELEC  =    -14804.3685  EHBOND  =         0.0000  RESTRAINT  =         9.4209
 EAMBER (non-restraint)  =    -12942.7543
 EKCMT  =         0.0000  VIRIAL  =         0.0000  VOLUME     =     32093.4723
                                                    Density    =         1.0107
 Ewald error estimate:   0.2585E-03
 ------------------------------------------------------------------------------

wrapping first mol.:      -23.10172       16.33539       28.29372

 NSTEP =    42000   TIME(PS) =     104.000  TEMP(K) =   292.11  PRESS =     0.0
 Etot   =    -11068.8031  EKtot   =      1886.5554  EPtot      =    -12955.3585
 BOND   =         5.5778  ANGLE   =        21.9434  DIHED      =        21.0841
 1-4 NB =        13.3666  1-4 EEL =      -667.0201  VDWAALS    =      2490.5839
 EELEC  =    -14851.4077  EHBOND  =         0.0000  RESTRAINT  =        10.5135
 EAMBER (non-restraint)  =    -12965.8720
 EKCMT  =         0.0000  VIRIAL  =         0.0000  VOLUME     =     32032.0792
                                                    Density    =         1.0126
 Ewald error estimate:   0.3660E-03
 ------------------------------------------------------------------------------

wrapping first mol.:      -23.05714       16.30387       28.23912

 NSTEP =    42500   TIME(PS) =     105.000  TEMP(K) =   301.41  PRESS =     0.0
 Etot   =    -11020.0888  EKtot   =      1946.6300  EPtot      =    -12966.7188
 BOND   =         7.9901  ANGLE   =        13.1837  DIHED      =        16.9541
 1-4 NB =        12.2954  1-4 EEL =      -668.0895  VDWAALS    =      2456.5866
 EELEC  =    -14813.7883  EHBOND  =         0.0000  RESTRAINT  =         8.1491
 EAMBER (non-restraint)  =    -12974.8679
 EKCMT  =         0.0000  VIRIAL  =         0.0000  VOLUME     =     31847.0040
                                                    Density    =         1.0185
 Ewald error estimate:   0.4653E-03
 ------------------------------------------------------------------------------

wrapping first mol.:      -23.14390       16.36521       28.34538

 NSTEP =    43000   TIME(PS) =     106.000  TEMP(K) =   292.13  PRESS =     0.0
 Etot   =    -11005.3613  EKtot   =      1886.6770  EPtot      =    -12892.0383
 BOND   =         7.0387  ANGLE   =        12.8601  DIHED      =        19.4736
 1-4 NB =        10.8918  1-4 EEL =      -663.9229  VDWAALS    =      2352.7640
 EELEC  =    -14640.1878  EHBOND  =         0.0000  RESTRAINT  =         9.0442
 EAMBER (non-restraint)  =    -12901.0825
 EKCMT  =         0.0000  VIRIAL  =         0.0000  VOLUME     =     32207.8437
                                                    Density    =         1.0071
 Ewald error estimate:   0.9590E-04
 ------------------------------------------------------------------------------

wrapping first mol.:      -23.11946       16.34793       28.31545

 NSTEP =    43500   TIME(PS) =     107.000  TEMP(K) =   297.71  PRESS =     0.0
 Etot   =    -11036.8096  EKtot   =      1922.7318  EPtot      =    -12959.5414
 BOND   =         7.0568  ANGLE   =        10.6823  DIHED      =        21.6854
 1-4 NB =        13.6252  1-4 EEL =      -674.7715  VDWAALS    =      2499.6137
 EELEC  =    -14847.1579  EHBOND  =         0.0000  RESTRAINT  =         9.7246
 EAMBER (non-restraint)  =    -12969.2660
 EKCMT  =         0.0000  VIRIAL  =         0.0000  VOLUME     =     32105.9349
                                                    Density    =         1.0103
 Ewald error estimate:   0.4309E-03
 ------------------------------------------------------------------------------

wrapping first mol.:      -23.09113       16.32790       28.28075

 NSTEP =    44000   TIME(PS) =     108.000  TEMP(K) =   312.51  PRESS =     0.0
 Etot   =    -10977.7615  EKtot   =      2018.3016  EPtot      =    -12996.0630
 BOND   =         7.5004  ANGLE   =        12.6951  DIHED      =        19.9416
 1-4 NB =        12.8745  1-4 EEL =      -671.9341  VDWAALS    =      2460.6228
 EELEC  =    -14843.7783  EHBOND  =         0.0000  RESTRAINT  =         6.0150
 EAMBER (non-restraint)  =    -13002.0780
 EKCMT  =         0.0000  VIRIAL  =         0.0000  VOLUME     =     31988.0529
                                                    Density    =         1.0140
 Ewald error estimate:   0.1074E-04
 ------------------------------------------------------------------------------

wrapping first mol.:      -23.05227       16.30042       28.23315

 NSTEP =    44500   TIME(PS) =     109.000  TEMP(K) =   300.18  PRESS =     0.0
 Etot   =    -11015.2778  EKtot   =      1938.6929  EPtot      =    -12953.9708
 BOND   =         9.3918  ANGLE   =        18.0405  DIHED      =        20.1624
 1-4 NB =        12.4225  1-4 EEL =      -671.6688  VDWAALS    =      2512.8919
 EELEC  =    -14862.5823  EHBOND  =         0.0000  RESTRAINT  =         7.3712
 EAMBER (non-restraint)  =    -12961.3419
 EKCMT  =         0.0000  VIRIAL  =         0.0000  VOLUME     =     31826.8103
                                                    Density    =         1.0192
 Ewald error estimate:   0.9478E-04
 ------------------------------------------------------------------------------

wrapping first mol.:      -23.16372       16.37923       28.36965

 NSTEP =    45000   TIME(PS) =     110.000  TEMP(K) =   301.06  PRESS =     0.0
 Etot   =    -10845.7596  EKtot   =      1944.3373  EPtot      =    -12790.0968
 BOND   =         7.3905  ANGLE   =        11.4334  DIHED      =        16.3640
 1-4 NB =        13.5078  1-4 EEL =      -669.8717  VDWAALS    =      2517.8213
 EELEC  =    -14693.3928  EHBOND  =         0.0000  RESTRAINT  =         6.6507
 EAMBER (non-restraint)  =    -12796.7475
 EKCMT  =         0.0000  VIRIAL  =         0.0000  VOLUME     =     32290.6548
                                                    Density    =         1.0045
 Ewald error estimate:   0.1611E-03
 ------------------------------------------------------------------------------

wrapping first mol.:      -23.21983       16.41890       28.43837

 NSTEP =    45500   TIME(PS) =     111.000  TEMP(K) =   298.81  PRESS =     0.0
 Etot   =    -10886.1777  EKtot   =      1929.8538  EPtot      =    -12816.0316
 BOND   =         5.1183  ANGLE   =        13.6785  DIHED      =        18.3518
 1-4 NB =        13.1613  1-4 EEL =      -668.6072  VDWAALS    =      2416.1373
 EELEC  =    -14620.8753  EHBOND  =         0.0000  RESTRAINT  =         7.0037
 EAMBER (non-restraint)  =    -12823.0353
 EKCMT  =         0.0000  VIRIAL  =         0.0000  VOLUME     =     32525.8898
                                                    Density    =         0.9973
 Ewald error estimate:   0.1142E-03
 ------------------------------------------------------------------------------

wrapping first mol.:      -23.23253       16.42788       28.45392

 NSTEP =    46000   TIME(PS) =     112.000  TEMP(K) =   304.87  PRESS =     0.0
 Etot   =    -10887.0836  EKtot   =      1968.9582  EPtot      =    -12856.0418
 BOND   =         6.3249  ANGLE   =        14.2667  DIHED      =        21.7577
 1-4 NB =        14.2332  1-4 EEL =      -676.7223  VDWAALS    =      2409.5969
 EELEC  =    -14653.1377  EHBOND  =         0.0000  RESTRAINT  =         7.6389
 EAMBER (non-restraint)  =    -12863.6807
 EKCMT  =         0.0000  VIRIAL  =         0.0000  VOLUME     =     32579.2665
                                                    Density    =         0.9956
 Ewald error estimate:   0.5218E-04
 ------------------------------------------------------------------------------

wrapping first mol.:      -23.20416       16.40782       28.41918

 NSTEP =    46500   TIME(PS) =     113.000  TEMP(K) =   291.21  PRESS =     0.0
 Etot   =    -10957.1920  EKtot   =      1880.7619  EPtot      =    -12837.9539
 BOND   =         6.8824  ANGLE   =        11.5595  DIHED      =        18.4337
 1-4 NB =        11.7610  1-4 EEL =      -661.8470  VDWAALS    =      2526.9954
 EELEC  =    -14762.5948  EHBOND  =         0.0000  RESTRAINT  =        10.8558
 EAMBER (non-restraint)  =    -12848.8098
 EKCMT  =         0.0000  VIRIAL  =         0.0000  VOLUME     =     32460.0698
                                                    Density    =         0.9993
 Ewald error estimate:   0.3783E-04
 ------------------------------------------------------------------------------

wrapping first mol.:      -23.22026       16.41921       28.43890

 NSTEP =    47000   TIME(PS) =     114.000  TEMP(K) =   294.20  PRESS =     0.0
 Etot   =    -10908.3159  EKtot   =      1900.0748  EPtot      =    -12808.3907
 BOND   =         6.1461  ANGLE   =        15.2421  DIHED      =        17.9645
 1-4 NB =        13.3323  1-4 EEL =      -675.7859  VDWAALS    =      2449.2114
 EELEC  =    -14646.4355  EHBOND  =         0.0000  RESTRAINT  =        11.9343
 EAMBER (non-restraint)  =    -12820.3250
 EKCMT  =         0.0000  VIRIAL  =         0.0000  VOLUME     =     32527.6971
                                                    Density    =         0.9972
 Ewald error estimate:   0.3340E-03
 ------------------------------------------------------------------------------

wrapping first mol.:      -23.13014       16.35548       28.32853

 NSTEP =    47500   TIME(PS) =     115.000  TEMP(K) =   292.13  PRESS =     0.0
 Etot   =    -11023.1309  EKtot   =      1886.6761  EPtot      =    -12909.8070
 BOND   =         6.6670  ANGLE   =        12.4903  DIHED      =        18.2942
 1-4 NB =        12.7943  1-4 EEL =      -669.4628  VDWAALS    =      2473.6490
 EELEC  =    -14770.1389  EHBOND  =         0.0000  RESTRAINT  =         5.8997
 EAMBER (non-restraint)  =    -12915.7068
 EKCMT  =         0.0000  VIRIAL  =         0.0000  VOLUME     =     32150.4392
                                                    Density    =         1.0089
 Ewald error estimate:   0.9246E-04
 ------------------------------------------------------------------------------

wrapping first mol.:      -23.09776       16.33259       28.28887

 NSTEP =    48000   TIME(PS) =     116.000  TEMP(K) =   286.45  PRESS =     0.0
 Etot   =    -11048.0535  EKtot   =      1849.9844  EPtot      =    -12898.0379
 BOND   =        10.3218  ANGLE   =        16.5481  DIHED      =        16.2534
 1-4 NB =        11.9558  1-4 EEL =      -664.8519  VDWAALS    =      2441.1877
 EELEC  =    -14740.8807  EHBOND  =         0.0000  RESTRAINT  =        11.4278
 EAMBER (non-restraint)  =    -12909.4657
 EKCMT  =         0.0000  VIRIAL  =         0.0000  VOLUME     =     32015.6172
                                                    Density    =         1.0131
 Ewald error estimate:   0.1183E-03
 ------------------------------------------------------------------------------

wrapping first mol.:      -23.16294       16.37868       28.36870

 NSTEP =    48500   TIME(PS) =     117.000  TEMP(K) =   294.46  PRESS =     0.0
 Etot   =    -11000.3624  EKtot   =      1901.7085  EPtot      =    -12902.0710
 BOND   =         9.4327  ANGLE   =        13.6366  DIHED      =        17.6129
 1-4 NB =        10.5528  1-4 EEL =      -668.3360  VDWAALS    =      2401.6076
 EELEC  =    -14695.7244  EHBOND  =         0.0000  RESTRAINT  =         9.1468
 EAMBER (non-restraint)  =    -12911.2178
 EKCMT  =         0.0000  VIRIAL  =         0.0000  VOLUME     =     32287.4130
                                                    Density    =         1.0046
 Ewald error estimate:   0.6270E-04
 ------------------------------------------------------------------------------

wrapping first mol.:      -23.16543       16.38044       28.37174

 NSTEP =    49000   TIME(PS) =     118.000  TEMP(K) =   299.59  PRESS =     0.0
 Etot   =    -10996.0944  EKtot   =      1934.8834  EPtot      =    -12930.9778
 BOND   =         7.6749  ANGLE   =        16.6944  DIHED      =        18.9324
 1-4 NB =        13.8141  1-4 EEL =      -665.4307  VDWAALS    =      2520.4803
 EELEC  =    -14850.8499  EHBOND  =         0.0000  RESTRAINT  =         7.7066
 EAMBER (non-restraint)  =    -12938.6845
 EKCMT  =         0.0000  VIRIAL  =         0.0000  VOLUME     =     32297.8072
                                                    Density    =         1.0043
 Ewald error estimate:   0.6289E-03
 ------------------------------------------------------------------------------

wrapping first mol.:      -23.16079       16.37716       28.36607

 NSTEP =    49500   TIME(PS) =     119.000  TEMP(K) =   290.77  PRESS =     0.0
 Etot   =    -10999.4313  EKtot   =      1877.9197  EPtot      =    -12877.3510
 BOND   =        11.6009  ANGLE   =        14.8581  DIHED      =        20.1310
 1-4 NB =        11.6403  1-4 EEL =      -671.4558  VDWAALS    =      2462.2777
 EELEC  =    -14736.3438  EHBOND  =         0.0000  RESTRAINT  =         9.9405
 EAMBER (non-restraint)  =    -12887.2916
 EKCMT  =         0.0000  VIRIAL  =         0.0000  VOLUME     =     32278.4283
                                                    Density    =         1.0049
 Ewald error estimate:   0.1532E-03
 ------------------------------------------------------------------------------

wrapping first mol.:      -23.16867       16.38273       28.37572
wrapping first mol.:      -23.16867       16.38273       28.37572

 NSTEP =    50000   TIME(PS) =     120.000  TEMP(K) =   296.75  PRESS =     0.0
 Etot   =    -11015.5642  EKtot   =      1916.5448  EPtot      =    -12932.1090
 BOND   =         7.1535  ANGLE   =        11.2326  DIHED      =        20.3411
 1-4 NB =        14.7380  1-4 EEL =      -675.3057  VDWAALS    =      2520.2289
 EELEC  =    -14841.6896  EHBOND  =         0.0000  RESTRAINT  =        11.1921
 EAMBER (non-restraint)  =    -12943.3011
 EKCMT  =         0.0000  VIRIAL  =         0.0000  VOLUME     =     32311.3870
                                                    Density    =         1.0039
 Ewald error estimate:   0.1444E-03
 ------------------------------------------------------------------------------


      A V E R A G E S   O V E R     100 S T E P S


 NSTEP =    50000   TIME(PS) =     120.000  TEMP(K) =   298.43  PRESS =     0.0
 Etot   =    -10972.3419  EKtot   =      1927.3465  EPtot      =    -12899.6884
 BOND   =         7.5052  ANGLE   =        13.8925  DIHED      =        19.1674
 1-4 NB =        12.7126  1-4 EEL =      -669.0111  VDWAALS    =      2483.5377
 EELEC  =    -14776.4514  EHBOND  =         0.0000  RESTRAINT  =         8.9587
 EAMBER (non-restraint)  =    -12908.6471
 EKCMT  =         0.0000  VIRIAL  =         0.0000  VOLUME     =     32387.9157
                                                    Density    =         1.0019
 Ewald error estimate:   0.1901E-03
 ------------------------------------------------------------------------------


      R M S  F L U C T U A T I O N S


 NSTEP =    50000   TIME(PS) =     120.000  TEMP(K) =     5.43  PRESS =     0.0
 Etot   =        67.7524  EKtot   =        35.0534  EPtot      =        62.1744
 BOND   =         1.8451  ANGLE   =         3.0641  DIHED      =         1.8788
 1-4 NB =         0.9515  1-4 EEL =         3.9836  VDWAALS    =        52.6446
 EELEC  =        94.5494  EHBOND  =         0.0000  RESTRAINT  =         1.8318
 EAMBER (non-restraint)  =        60.3426
 EKCMT  =         0.0000  VIRIAL  =         0.0000  VOLUME     =       679.2626
                                                    Density    =         0.0197
 Ewald error estimate:   0.1386E-03
 ------------------------------------------------------------------------------

| MC Barostat:        500 volume changes attempted.
| MC Barostat:        258 changes successful ( 51.60%)
 ------------------------------------------------------------------------------

--------------------------------------------------------------------------------
   5.  TIMINGS
--------------------------------------------------------------------------------

|  NonSetup CPU Time in Major Routines, Average for All Tasks:
|
|     Routine           Sec        %
|     ------------------------------
|     DataDistrib      10.36    9.98
|     Nonbond          87.98   84.74
|     Bond              0.14    0.13
|     Angle             0.16    0.15
|     Dihedral          0.20    0.20
|     Shake             0.60    0.58
|     RunMD             4.19    4.04
|     Other             0.19    0.18
|     ------------------------------
|     Total           103.82

|  PME Nonbond Pairlist CPU Time, Average for All Tasks:
|
|     Routine              Sec        %
|     ---------------------------------
|     Set Up Cit           0.28    0.27
|     Build List          10.46   10.07
|     ---------------------------------
|     Total               10.74   10.35

|  PME Direct Force CPU Time, Average for All Tasks:
|
|     Routine              Sec        %
|     ---------------------------------
|     NonBonded Calc      60.86   58.62
|     Exclude Masked       0.67    0.65
|     Other                2.39    2.30
|     ---------------------------------
|     Total               63.92   61.57

|  PME Reciprocal Force CPU Time, Average for All Tasks:
|
|     Routine              Sec        %
|     ---------------------------------
|     1D bspline           1.11    1.07
|     Grid Charges         1.22    1.17
|     Scalar Sum           1.16    1.12
|     Gradient Sum         2.10    2.03
|     FFT                  7.43    7.16
|     ---------------------------------
|     Total               13.02   12.54

|  PME Load Balancing CPU Time, Average for All Tasks:
|
|     Routine                 Sec        %
|     ------------------------------------
|     Atom Reassign           0.00    0.00
|     Image Reassign          0.00    0.00
|     FFT Reassign            0.00    0.00
|     ------------------------------------
|     Total                   0.01    0.01

|  Final Performance Info:
|     -----------------------------------------------------
|     Average timings for last   20500 steps:
|     Elapsed(s) =      43.19 Per Step(ms) =       2.11
|         ns/day =      82.02   seconds/ns =    1053.39
|
|     Average timings for all steps:
|     Elapsed(s) =     104.19 Per Step(ms) =       2.08
|         ns/day =      82.92   seconds/ns =    1041.95
|     -----------------------------------------------------

|  Master Setup CPU time:            0.03 seconds
|  Master NonSetup CPU time:       102.84 seconds
|  Master Total CPU time:          102.87 seconds     0.03 hours

|  Master Setup wall time:           0    seconds
|  Master NonSetup wall time:      104    seconds
|  Master Total wall time:         104    seconds     0.03 hours
