
          -------------------------------------------------------
          Amber 18 PMEMD                              2018
          -------------------------------------------------------

| PMEMD implementation of SANDER, Release 18

| Run on 03/23/2022 at 18:26:52

|   Executable path: pmemd.MPI
| Working directory: /bgfs/lchong/dty7/ff15ipq-lig/charges/gaff_02/GenConformers/Conf18
|          Hostname: smp-n123

  [-O]verwriting output

File Assignments:
|   MDIN: ../../../amber/6.2_eq1.in                                             
|  MDOUT: 6.2_eq1.out                                                           
| INPCRD: 6.1_min.rst                                                           
|   PARM: ../../mon.top                                                         
| RESTRT: 6.2_eq1.rst                                                           
|   REFC: 6.1_min.rst                                                           
|  MDVEL: mdvel                                                                 
|   MDEN: mden                                                                  
|  MDCRD: mdcrd                                                                 
| MDINFO: mdinfo                                                                
|LOGFILE: logfile                                                               
|  MDFRC: mdfrc                                                                 

 
 Here is the input file:
 
&cntrl                                                                         
  imin      = 0,                                                               
  irest     = 0,                                                               
  ntx       = 1,                                                               
  ig        = -1,                                                              
  dt        = 0.002,                                                           
  nstlim    = 10000,                                                           
  nscm      = 500,                                                             
  ntr       = 1,                                                               
  restraintmask = ':1',                                                        
  restraint_wt  = 10.0,                                                        
  ntb       = 1,                                                               
  ntp       = 0,                                                               
  ntt       = 3,                                                               
  tempi     = 298.0,                                                           
  temp0     = 298.0,                                                           
  gamma_ln  = 1.0,                                                             
  ntf       = 2,                                                               
  ntc       = 2,                                                               
  cut       = 10.0,                                                            
  ntpr      = 500,                                                             
  ntxo      = 2,                                                               
  ntwr      = 10000,                                                           
  ioutfm    = 1,                                                               
  ntwx      = 500,                                                             
  iwrap     = 1,                                                               
&end                                                                           


Note: ig = -1. Setting random seed to   720903 based on wallclock time in
      microseconds and disabling the synchronization of random numbers 
      between tasks to improve performance.
| irandom = 1, using AMBER's internal random number generator (default).
 
 
| Conditional Compilation Defines Used:
| MPI
| FFTW_FFT
| BINTRAJ
| MKL
| EMIL
 
| Largest sphere to fit in unit cell has radius =    14.836

| New format PARM file being parsed.
| Version =    1.000 Date = 03/23/22 Time = 14:37:26

| Note: 1-4 EEL scale factors are being read from the topology file.

| Note: 1-4 VDW scale factors are being read from the topology file.
| Duplicated    0 dihedrals

| Duplicated    0 dihedrals

--------------------------------------------------------------------------------
   1.  RESOURCE   USE: 
--------------------------------------------------------------------------------

 getting box info from netcdf restart file
 NATOM  =    3240 NTYPES =      13 NBONH =    3220 MBONA  =      21
 NTHETH =      33 MTHETA =      29 NPHIH =      60 MPHIA  =      45
 NHPARM =       0 NPARM  =       0 NNB   =    4456 NRES   =    1069
 NBONA  =      21 NTHETA =      29 NPHIA =      45 NUMBND =      22
 NUMANG =      35 NPTRA  =      18 NATYP =      17 NPHB   =       0
 IFBOX  =       2 NMXRS  =      36 IFCAP =       0 NEXTRA =       0
 NCOPY  =       0

| Coordinate Index Table dimensions:     5    5    5
| Direct force subcell size =     7.2683    7.2683    7.2683

     BOX TYPE: TRUNCATED OCTAHEDRON

--------------------------------------------------------------------------------
   2.  CONTROL  DATA  FOR  THE  RUN
--------------------------------------------------------------------------------

default_name                                                                    

General flags:
     imin    =       0, nmropt  =       0

Nature and format of input:
     ntx     =       1, irest   =       0, ntrx    =       1

Nature and format of output:
     ntxo    =       2, ntpr    =     500, ntrx    =       1, ntwr    =   10000
     iwrap   =       1, ntwx    =     500, ntwv    =       0, ntwe    =       0
     ioutfm  =       1, ntwprt  =       0, idecomp =       0, rbornstat=      0

Potential function:
     ntf     =       2, ntb     =       1, igb     =       0, nsnb    =      25
     ipol    =       0, gbsa    =       0, iesp    =       0
     dielc   =   1.00000, cut     =  10.00000, intdiel =   1.00000

Frozen or restrained atoms:
     ibelly  =       0, ntr     =       1
     restraint_wt =  10.00000

Molecular dynamics:
     nstlim  =     10000, nscm    =         0, nrespa  =         1
     t       =   0.00000, dt      =   0.00200, vlimit  =  20.00000

Langevin dynamics temperature regulation:
     ig      =  720903
     temp0   = 298.00000, tempi   = 298.00000, gamma_ln=   1.00000

SHAKE:
     ntc     =       2, jfastw  =       0
     tol     =   0.00001

| Intermolecular bonds treatment:
|     no_intermolecular_bonds =       1

| Energy averages sample interval:
|     ene_avg_sampling =     500

Ewald parameters:
     verbose =       0, ew_type =       0, nbflag  =       1, use_pme =       1
     vdwmeth =       1, eedmeth =       1, netfrc  =       1
     Box X =   36.342   Box Y =   36.342   Box Z =   36.342
     Alpha =  109.471   Beta  =  109.471   Gamma =  109.471
     NFFT1 =   40       NFFT2 =   40       NFFT3 =   40
     Cutoff=   10.000   Tol   =0.100E-04
     Ewald Coefficient =  0.27511
     Interpolation order =    4

| PMEMD ewald parallel performance parameters:
|     block_fft =    0
|     fft_blk_y_divisor =    2
|     excl_recip =    0
|     excl_master =    0
|     atm_redist_freq =  320

    LOADING THE CONSTRAINED ATOMS AS GROUPS


   5.  REFERENCE ATOM COORDINATES

  default_name                                                                    
     Mask :1; matches    36 atoms

--------------------------------------------------------------------------------
   3.  ATOMIC COORDINATES AND VELOCITIES
--------------------------------------------------------------------------------

default_name                                                                    
 begin time read from input coords =     0.000 ps

 
 Number of triangulated 3-point waters found:     1068

     Sum of charges from parm topology file =  -0.00010118
     Forcing neutrality...

| Dynamic Memory, Types Used:
| Reals             1198032
| Integers           210899

| Nonbonded Pairs Initial Allocation:      317358

| Running AMBER/MPI version on    8 MPI task

 
--------------------------------------------------------------------------------
   4.  RESULTS
--------------------------------------------------------------------------------

 ---------------------------------------------------
 APPROXIMATING switch and d/dx switch using CUBIC SPLINE INTERPOLATION
 using   5000.0 points per unit in tabled values
 TESTING RELATIVE ERROR over r ranging from 0.0 to cutoff
| CHECK switch(x): max rel err =   0.3316E-14   at   2.351880
| CHECK d/dx switch(x): max rel err =   0.8066E-11   at   2.747240
 ---------------------------------------------------
|---------------------------------------------------
| APPROXIMATING direct energy using CUBIC SPLINE INTERPOLATION
|  with   50.0 points per unit in tabled values
| Relative Error Limit not exceeded for r .gt.   2.34
| APPROXIMATING direct force using CUBIC SPLINE INTERPOLATION
|  with   50.0 points per unit in tabled values
| Relative Error Limit not exceeded for r .gt.   2.81
|---------------------------------------------------

 NSTEP =        0   TIME(PS) =       0.000  TEMP(K) =   448.76  PRESS =     0.0
 Etot   =    -14800.1739  EKtot   =      2898.2723  EPtot      =    -17698.4462
 BOND   =         1.3626  ANGLE   =         3.9630  DIHED      =        12.0726
 1-4 NB =        12.3576  1-4 EEL =      -664.4538  VDWAALS    =      3695.3136
 EELEC  =    -20759.0618  EHBOND  =         0.0000  RESTRAINT  =         0.0000
 Ewald error estimate:   0.1663E-03
 ------------------------------------------------------------------------------

wrapping first mol.:       12.11387       17.13160       29.67280

 NSTEP =      500   TIME(PS) =       1.000  TEMP(K) =   244.46  PRESS =     0.0
 Etot   =    -11559.7001  EKtot   =      1578.8342  EPtot      =    -13138.5343
 BOND   =         6.5143  ANGLE   =         8.8009  DIHED      =        15.5230
 1-4 NB =        11.2423  1-4 EEL =      -665.6785  VDWAALS    =      2541.7191
 EELEC  =    -15062.9649  EHBOND  =         0.0000  RESTRAINT  =         6.3095
 EAMBER (non-restraint)  =    -13144.8437
 Ewald error estimate:   0.1818E-04
 ------------------------------------------------------------------------------

wrapping first mol.:       12.11387       17.13160       29.67280

 NSTEP =     1000   TIME(PS) =       2.000  TEMP(K) =   285.90  PRESS =     0.0
 Etot   =    -11037.1871  EKtot   =      1846.4569  EPtot      =    -12883.6440
 BOND   =         8.2010  ANGLE   =        15.0315  DIHED      =        12.8841
 1-4 NB =        13.1010  1-4 EEL =      -664.2637  VDWAALS    =      2304.4410
 EELEC  =    -14583.3186  EHBOND  =         0.0000  RESTRAINT  =        10.2797
 EAMBER (non-restraint)  =    -12893.9238
 Ewald error estimate:   0.1116E-03
 ------------------------------------------------------------------------------

wrapping first mol.:       12.11387       17.13160       29.67280

 NSTEP =     1500   TIME(PS) =       3.000  TEMP(K) =   293.27  PRESS =     0.0
 Etot   =    -10858.5209  EKtot   =      1894.0380  EPtot      =    -12752.5589
 BOND   =        11.1100  ANGLE   =         8.0058  DIHED      =        14.2110
 1-4 NB =        13.4340  1-4 EEL =      -671.1643  VDWAALS    =      2366.8639
 EELEC  =    -14499.4961  EHBOND  =         0.0000  RESTRAINT  =         4.4768
 EAMBER (non-restraint)  =    -12757.0357
 Ewald error estimate:   0.1524E-03
 ------------------------------------------------------------------------------

wrapping first mol.:       12.11387       17.13160       29.67280

 NSTEP =     2000   TIME(PS) =       4.000  TEMP(K) =   292.68  PRESS =     0.0
 Etot   =    -10766.5503  EKtot   =      1890.2276  EPtot      =    -12656.7778
 BOND   =         4.9626  ANGLE   =        10.3183  DIHED      =        14.4078
 1-4 NB =        13.6014  1-4 EEL =      -663.6521  VDWAALS    =      2239.0344
 EELEC  =    -14285.7651  EHBOND  =         0.0000  RESTRAINT  =        10.3148
 EAMBER (non-restraint)  =    -12667.0926
 Ewald error estimate:   0.8795E-04
 ------------------------------------------------------------------------------

wrapping first mol.:       12.11387       17.13160       29.67280

 NSTEP =     2500   TIME(PS) =       5.000  TEMP(K) =   297.43  PRESS =     0.0
 Etot   =    -10734.2569  EKtot   =      1920.8969  EPtot      =    -12655.1538
 BOND   =         7.0471  ANGLE   =        15.7328  DIHED      =        14.8186
 1-4 NB =        11.3232  1-4 EEL =      -664.5115  VDWAALS    =      2277.6088
 EELEC  =    -14324.7123  EHBOND  =         0.0000  RESTRAINT  =         7.5395
 EAMBER (non-restraint)  =    -12662.6934
 Ewald error estimate:   0.1903E-03
 ------------------------------------------------------------------------------

wrapping first mol.:       12.11387       17.13160       29.67280

 NSTEP =     3000   TIME(PS) =       6.000  TEMP(K) =   302.59  PRESS =     0.0
 Etot   =    -10685.4925  EKtot   =      1954.2102  EPtot      =    -12639.7027
 BOND   =         8.3718  ANGLE   =        13.3929  DIHED      =        16.1698
 1-4 NB =        13.9297  1-4 EEL =      -670.6181  VDWAALS    =      2290.6102
 EELEC  =    -14321.8159  EHBOND  =         0.0000  RESTRAINT  =        10.2569
 EAMBER (non-restraint)  =    -12649.9596
 Ewald error estimate:   0.7876E-04
 ------------------------------------------------------------------------------

wrapping first mol.:       12.11387       17.13160       29.67280

 NSTEP =     3500   TIME(PS) =       7.000  TEMP(K) =   302.61  PRESS =     0.0
 Etot   =    -10793.0875  EKtot   =      1954.3735  EPtot      =    -12747.4610
 BOND   =         5.9618  ANGLE   =        15.0502  DIHED      =        14.2802
 1-4 NB =        12.8477  1-4 EEL =      -667.8569  VDWAALS    =      2303.5403
 EELEC  =    -14438.6773  EHBOND  =         0.0000  RESTRAINT  =         7.3930
 EAMBER (non-restraint)  =    -12754.8540
 Ewald error estimate:   0.4074E-03
 ------------------------------------------------------------------------------

wrapping first mol.:       12.11387       17.13160       29.67280

 NSTEP =     4000   TIME(PS) =       8.000  TEMP(K) =   293.39  PRESS =     0.0
 Etot   =    -10748.4719  EKtot   =      1894.7984  EPtot      =    -12643.2703
 BOND   =        11.4212  ANGLE   =        13.7491  DIHED      =        14.5126
 1-4 NB =        11.6360  1-4 EEL =      -652.3230  VDWAALS    =      2338.7664
 EELEC  =    -14387.8848  EHBOND  =         0.0000  RESTRAINT  =         6.8522
 EAMBER (non-restraint)  =    -12650.1225
 Ewald error estimate:   0.7375E-04
 ------------------------------------------------------------------------------

wrapping first mol.:       12.11387       17.13160       29.67280

 NSTEP =     4500   TIME(PS) =       9.000  TEMP(K) =   291.55  PRESS =     0.0
 Etot   =    -10763.3774  EKtot   =      1882.9382  EPtot      =    -12646.3155
 BOND   =         7.2041  ANGLE   =        13.7424  DIHED      =        17.2385
 1-4 NB =        14.6580  1-4 EEL =      -670.1736  VDWAALS    =      2345.1859
 EELEC  =    -14383.3968  EHBOND  =         0.0000  RESTRAINT  =         9.2259
 EAMBER (non-restraint)  =    -12655.5414
 Ewald error estimate:   0.1598E-03
 ------------------------------------------------------------------------------

wrapping first mol.:       12.11387       17.13160       29.67280

 NSTEP =     5000   TIME(PS) =      10.000  TEMP(K) =   291.24  PRESS =     0.0
 Etot   =    -10732.8896  EKtot   =      1880.9234  EPtot      =    -12613.8130
 BOND   =         8.9466  ANGLE   =        10.7912  DIHED      =        13.7853
 1-4 NB =        13.0945  1-4 EEL =      -665.3584  VDWAALS    =      2288.8838
 EELEC  =    -14289.2597  EHBOND  =         0.0000  RESTRAINT  =         5.3037
 EAMBER (non-restraint)  =    -12619.1167
 Ewald error estimate:   0.3429E-03
 ------------------------------------------------------------------------------

wrapping first mol.:       12.11387       17.13160       29.67280

 NSTEP =     5500   TIME(PS) =      11.000  TEMP(K) =   309.33  PRESS =     0.0
 Etot   =    -10655.9854  EKtot   =      1997.7539  EPtot      =    -12653.7394
 BOND   =         6.5264  ANGLE   =        15.3730  DIHED      =        17.5166
 1-4 NB =        11.0275  1-4 EEL =      -658.2868  VDWAALS    =      2246.5092
 EELEC  =    -14299.1697  EHBOND  =         0.0000  RESTRAINT  =         6.7644
 EAMBER (non-restraint)  =    -12660.5037
 Ewald error estimate:   0.1764E-03
 ------------------------------------------------------------------------------

wrapping first mol.:       12.11387       17.13160       29.67280

 NSTEP =     6000   TIME(PS) =      12.000  TEMP(K) =   299.45  PRESS =     0.0
 Etot   =    -10673.7815  EKtot   =      1933.9433  EPtot      =    -12607.7248
 BOND   =         9.4283  ANGLE   =        15.5922  DIHED      =        13.0210
 1-4 NB =        12.2688  1-4 EEL =      -665.5319  VDWAALS    =      2333.9556
 EELEC  =    -14334.1627  EHBOND  =         0.0000  RESTRAINT  =         7.7038
 EAMBER (non-restraint)  =    -12615.4286
 Ewald error estimate:   0.3301E-03
 ------------------------------------------------------------------------------

wrapping first mol.:       12.11387       17.13160       29.67280

 NSTEP =     6500   TIME(PS) =      13.000  TEMP(K) =   298.35  PRESS =     0.0
 Etot   =    -10720.8721  EKtot   =      1926.8389  EPtot      =    -12647.7110
 BOND   =         6.4043  ANGLE   =        16.1665  DIHED      =        16.7074
 1-4 NB =        13.6256  1-4 EEL =      -663.3324  VDWAALS    =      2260.5883
 EELEC  =    -14307.0625  EHBOND  =         0.0000  RESTRAINT  =         9.1919
 EAMBER (non-restraint)  =    -12656.9029
 Ewald error estimate:   0.4294E-03
 ------------------------------------------------------------------------------

wrapping first mol.:       12.11387       17.13160       29.67280

 NSTEP =     7000   TIME(PS) =      14.000  TEMP(K) =   293.53  PRESS =     0.0
 Etot   =    -10640.1364  EKtot   =      1895.7289  EPtot      =    -12535.8654
 BOND   =         9.9174  ANGLE   =        15.3680  DIHED      =        16.1373
 1-4 NB =        13.1822  1-4 EEL =      -671.1978  VDWAALS    =      2248.5382
 EELEC  =    -14176.4101  EHBOND  =         0.0000  RESTRAINT  =         8.5995
 EAMBER (non-restraint)  =    -12544.4648
 Ewald error estimate:   0.1719E-03
 ------------------------------------------------------------------------------

wrapping first mol.:       12.11387       17.13160       29.67280

 NSTEP =     7500   TIME(PS) =      15.000  TEMP(K) =   297.86  PRESS =     0.0
 Etot   =    -10655.1186  EKtot   =      1923.7156  EPtot      =    -12578.8342
 BOND   =         8.9836  ANGLE   =        17.2806  DIHED      =        16.0403
 1-4 NB =        12.8658  1-4 EEL =      -666.9228  VDWAALS    =      2307.3309
 EELEC  =    -14283.3447  EHBOND  =         0.0000  RESTRAINT  =         8.9321
 EAMBER (non-restraint)  =    -12587.7663
 Ewald error estimate:   0.7565E-04
 ------------------------------------------------------------------------------

wrapping first mol.:       12.11387       17.13160       29.67280

 NSTEP =     8000   TIME(PS) =      16.000  TEMP(K) =   295.47  PRESS =     0.0
 Etot   =    -10607.0621  EKtot   =      1908.2673  EPtot      =    -12515.3294
 BOND   =        12.1072  ANGLE   =        15.2646  DIHED      =        13.7187
 1-4 NB =        11.1588  1-4 EEL =      -657.8342  VDWAALS    =      2238.7447
 EELEC  =    -14154.3292  EHBOND  =         0.0000  RESTRAINT  =         5.8400
 EAMBER (non-restraint)  =    -12521.1694
 Ewald error estimate:   0.2886E-03
 ------------------------------------------------------------------------------

wrapping first mol.:       12.11387       17.13160       29.67280

 NSTEP =     8500   TIME(PS) =      17.000  TEMP(K) =   302.33  PRESS =     0.0
 Etot   =    -10630.9246  EKtot   =      1952.5582  EPtot      =    -12583.4828
 BOND   =         6.7048  ANGLE   =        14.2955  DIHED      =        13.8982
 1-4 NB =        14.5544  1-4 EEL =      -671.5136  VDWAALS    =      2195.1121
 EELEC  =    -14163.5419  EHBOND  =         0.0000  RESTRAINT  =         7.0076
 EAMBER (non-restraint)  =    -12590.4904
 Ewald error estimate:   0.2587E-03
 ------------------------------------------------------------------------------

wrapping first mol.:       12.11387       17.13160       29.67280

 NSTEP =     9000   TIME(PS) =      18.000  TEMP(K) =   308.10  PRESS =     0.0
 Etot   =    -10647.9962  EKtot   =      1989.7993  EPtot      =    -12637.7956
 BOND   =        11.1957  ANGLE   =        11.0968  DIHED      =        14.1063
 1-4 NB =        13.1511  1-4 EEL =      -668.4721  VDWAALS    =      2295.5787
 EELEC  =    -14321.3515  EHBOND  =         0.0000  RESTRAINT  =         6.8993
 EAMBER (non-restraint)  =    -12644.6949
 Ewald error estimate:   0.1509E-03
 ------------------------------------------------------------------------------

wrapping first mol.:       12.11387       17.13160       29.67280

 NSTEP =     9500   TIME(PS) =      19.000  TEMP(K) =   293.94  PRESS =     0.0
 Etot   =    -10743.5686  EKtot   =      1898.3954  EPtot      =    -12641.9640
 BOND   =         3.7155  ANGLE   =        11.8048  DIHED      =        13.6945
 1-4 NB =        11.9367  1-4 EEL =      -660.2758  VDWAALS    =      2398.8457
 EELEC  =    -14427.2451  EHBOND  =         0.0000  RESTRAINT  =         5.5597
 EAMBER (non-restraint)  =    -12647.5237
 Ewald error estimate:   0.3572E-03
 ------------------------------------------------------------------------------

wrapping first mol.:       12.11387       17.13160       29.67280
wrapping first mol.:       12.11387       17.13160       29.67280

 NSTEP =    10000   TIME(PS) =      20.000  TEMP(K) =   302.14  PRESS =     0.0
 Etot   =    -10710.2605  EKtot   =      1951.3604  EPtot      =    -12661.6209
 BOND   =         8.0912  ANGLE   =        17.5693  DIHED      =        14.8530
 1-4 NB =        14.4067  1-4 EEL =      -666.9856  VDWAALS    =      2219.3099
 EELEC  =    -14276.0888  EHBOND  =         0.0000  RESTRAINT  =         7.2235
 EAMBER (non-restraint)  =    -12668.8443
 Ewald error estimate:   0.3969E-04
 ------------------------------------------------------------------------------


      A V E R A G E S   O V E R      20 S T E P S


 NSTEP =    10000   TIME(PS) =      20.000  TEMP(K) =   294.78  PRESS =     0.0
 Etot   =    -10768.2620  EKtot   =      1903.8029  EPtot      =    -12672.0649
 BOND   =         8.1408  ANGLE   =        13.7213  DIHED      =        14.8762
 1-4 NB =        12.8523  1-4 EEL =      -665.2977  VDWAALS    =      2302.0584
 EELEC  =    -14365.9999  EHBOND  =         0.0000  RESTRAINT  =         7.5837
 EAMBER (non-restraint)  =    -12679.6486
 Ewald error estimate:   0.1951E-03
 ------------------------------------------------------------------------------


      R M S  F L U C T U A T I O N S


 NSTEP =    10000   TIME(PS) =      20.000  TEMP(K) =    12.88  PRESS =     0.0
 Etot   =       204.1342  EKtot   =        83.1908  EPtot      =       131.8880
 BOND   =         2.2103  ANGLE   =         2.6490  DIHED      =         1.3225
 1-4 NB =         1.1256  1-4 EEL =         4.9444  VDWAALS    =        74.2109
 EELEC  =       190.2903  EHBOND  =         0.0000  RESTRAINT  =         1.6704
 EAMBER (non-restraint)  =       130.2176
 Ewald error estimate:   0.1228E-03
 ------------------------------------------------------------------------------

--------------------------------------------------------------------------------
   5.  TIMINGS
--------------------------------------------------------------------------------

|  NonSetup CPU Time in Major Routines, Average for All Tasks:
|
|     Routine           Sec        %
|     ------------------------------
|     DataDistrib       1.89   10.10
|     Nonbond          15.72   83.92
|     Bond              0.03    0.14
|     Angle             0.03    0.18
|     Dihedral          0.04    0.24
|     Shake             0.13    0.67
|     RunMD             0.86    4.61
|     Other             0.03    0.14
|     ------------------------------
|     Total            18.73

|  PME Nonbond Pairlist CPU Time, Average for All Tasks:
|
|     Routine              Sec        %
|     ---------------------------------
|     Set Up Cit           0.06    0.29
|     Build List           1.94   10.36
|     ---------------------------------
|     Total                2.00   10.66

|  PME Direct Force CPU Time, Average for All Tasks:
|
|     Routine              Sec        %
|     ---------------------------------
|     NonBonded Calc      10.49   56.00
|     Exclude Masked       0.13    0.72
|     Other                0.48    2.56
|     ---------------------------------
|     Total               11.10   59.27

|  PME Reciprocal Force CPU Time, Average for All Tasks:
|
|     Routine              Sec        %
|     ---------------------------------
|     1D bspline           0.22    1.18
|     Grid Charges         0.24    1.28
|     Scalar Sum           0.21    1.12
|     Gradient Sum         0.42    2.22
|     FFT                  1.48    7.89
|     ---------------------------------
|     Total                2.56   13.69

|  PME Load Balancing CPU Time, Average for All Tasks:
|
|     Routine                 Sec        %
|     ------------------------------------
|     Atom Reassign           0.00    0.00
|     Image Reassign          0.00    0.01
|     FFT Reassign            0.00    0.00
|     ------------------------------------
|     Total                   0.00    0.01

|  Final Performance Info:
|     -----------------------------------------------------
|     Average timings for last   10000 steps:
|     Elapsed(s) =      18.83 Per Step(ms) =       1.88
|         ns/day =      91.78   seconds/ns =     941.39
|
|     Average timings for all steps:
|     Elapsed(s) =      18.83 Per Step(ms) =       1.88
|         ns/day =      91.78   seconds/ns =     941.39
|     -----------------------------------------------------

|  Master Setup CPU time:            0.03 seconds
|  Master NonSetup CPU time:        18.69 seconds
|  Master Total CPU time:           18.72 seconds     0.01 hours

|  Master Setup wall time:           0    seconds
|  Master NonSetup wall time:       19    seconds
|  Master Total wall time:          19    seconds     0.01 hours
