
          -------------------------------------------------------
          Amber 18 PMEMD                              2018
          -------------------------------------------------------

| PMEMD implementation of SANDER, Release 18

| Run on 03/23/2022 at 18:27:11

|   Executable path: pmemd.MPI
| Working directory: /bgfs/lchong/dty7/ff15ipq-lig/charges/gaff_02/GenConformers/Conf18
|          Hostname: smp-n123

  [-O]verwriting output

File Assignments:
|   MDIN: ../../../amber/6.3_eq2.in                                             
|  MDOUT: 6.3_eq2.out                                                           
| INPCRD: 6.2_eq1.rst                                                           
|   PARM: ../../mon.top                                                         
| RESTRT: 6.3_eq2.rst                                                           
|   REFC: 6.2_eq1.rst                                                           
|  MDVEL: mdvel                                                                 
|   MDEN: mden                                                                  
|  MDCRD: mdcrd                                                                 
| MDINFO: mdinfo                                                                
|LOGFILE: logfile                                                               
|  MDFRC: mdfrc                                                                 

 
 Here is the input file:
 
&cntrl                                                                         
  imin      = 0,                                                               
  irest     = 1,                                                               
  ntx       = 5,                                                               
  ig        = -1,                                                              
  dt        = 0.002,                                                           
  nstlim    = 50000,                                                           
  nscm      = 500,                                                             
  ntr       = 1,                                                               
  restraintmask = ':1',                                                        
  restraint_wt  = 10.0,                                                        
  ntb       = 2,                                                               
  ntp       = 1,                                                               
  barostat  = 2,                                                               
  pres0     = 1.0,                                                             
  mcbarint  = 100,                                                             
  comp      = 44.6,                                                            
  taup      = 1.0,                                                             
  ntt       = 3,                                                               
  temp0     = 298.0,                                                           
  gamma_ln  = 1.0,                                                             
  ntf       = 2,                                                               
  ntc       = 2,                                                               
  cut       = 10.0,                                                            
  ntpr      = 500,                                                             
  ntxo      = 1,                                                               
  ntwr      = 50000,                                                           
  ioutfm    = 1,                                                               
  ntwx      = 500,                                                             
  iwrap     = 1,                                                               
&end                                                                           


Note: ig = -1. Setting random seed to   952248 based on wallclock time in
      microseconds and disabling the synchronization of random numbers 
      between tasks to improve performance.
| irandom = 1, using AMBER's internal random number generator (default).
 
 
| Conditional Compilation Defines Used:
| MPI
| FFTW_FFT
| BINTRAJ
| MKL
| EMIL
 
| Largest sphere to fit in unit cell has radius =    14.836

| New format PARM file being parsed.
| Version =    1.000 Date = 03/23/22 Time = 14:37:26

| Note: 1-4 EEL scale factors are being read from the topology file.

| Note: 1-4 VDW scale factors are being read from the topology file.
| Duplicated    0 dihedrals

| Duplicated    0 dihedrals

--------------------------------------------------------------------------------
   1.  RESOURCE   USE: 
--------------------------------------------------------------------------------

 getting box info from netcdf restart file
 NATOM  =    3240 NTYPES =      13 NBONH =    3220 MBONA  =      21
 NTHETH =      33 MTHETA =      29 NPHIH =      60 MPHIA  =      45
 NHPARM =       0 NPARM  =       0 NNB   =    4456 NRES   =    1069
 NBONA  =      21 NTHETA =      29 NPHIA =      45 NUMBND =      22
 NUMANG =      35 NPTRA  =      18 NATYP =      17 NPHB   =       0
 IFBOX  =       2 NMXRS  =      36 IFCAP =       0 NEXTRA =       0
 NCOPY  =       0

| Coordinate Index Table dimensions:     5    5    5
| Direct force subcell size =     7.2683    7.2683    7.2683

     BOX TYPE: TRUNCATED OCTAHEDRON

--------------------------------------------------------------------------------
   2.  CONTROL  DATA  FOR  THE  RUN
--------------------------------------------------------------------------------

default_name                                                                    

General flags:
     imin    =       0, nmropt  =       0

Nature and format of input:
     ntx     =       5, irest   =       1, ntrx    =       1

Nature and format of output:
     ntxo    =       1, ntpr    =     500, ntrx    =       1, ntwr    =   50000
     iwrap   =       1, ntwx    =     500, ntwv    =       0, ntwe    =       0
     ioutfm  =       1, ntwprt  =       0, idecomp =       0, rbornstat=      0

Potential function:
     ntf     =       2, ntb     =       2, igb     =       0, nsnb    =      25
     ipol    =       0, gbsa    =       0, iesp    =       0
     dielc   =   1.00000, cut     =  10.00000, intdiel =   1.00000

Frozen or restrained atoms:
     ibelly  =       0, ntr     =       1
     restraint_wt =  10.00000

Molecular dynamics:
     nstlim  =     50000, nscm    =         0, nrespa  =         1
     t       =   0.00000, dt      =   0.00200, vlimit  =  20.00000

Langevin dynamics temperature regulation:
     ig      =  952248
     temp0   = 298.00000, tempi   =   0.00000, gamma_ln=   1.00000

Pressure regulation:
     ntp     =       1
     pres0   =   1.00000, comp    =  44.60000, taup    =   1.00000
     Monte-Carlo Barostat:
     mcbarint  =     100

SHAKE:
     ntc     =       2, jfastw  =       0
     tol     =   0.00001

| Intermolecular bonds treatment:
|     no_intermolecular_bonds =       1

| Energy averages sample interval:
|     ene_avg_sampling =     500

Ewald parameters:
     verbose =       0, ew_type =       0, nbflag  =       1, use_pme =       1
     vdwmeth =       1, eedmeth =       1, netfrc  =       1
     Box X =   36.342   Box Y =   36.342   Box Z =   36.342
     Alpha =  109.471   Beta  =  109.471   Gamma =  109.471
     NFFT1 =   40       NFFT2 =   40       NFFT3 =   40
     Cutoff=   10.000   Tol   =0.100E-04
     Ewald Coefficient =  0.27511
     Interpolation order =    4

| PMEMD ewald parallel performance parameters:
|     block_fft =    0
|     fft_blk_y_divisor =    2
|     excl_recip =    0
|     excl_master =    0
|     atm_redist_freq =  320

    LOADING THE CONSTRAINED ATOMS AS GROUPS


   5.  REFERENCE ATOM COORDINATES

  default_name                                                                    
     Mask :1; matches    36 atoms
| MONTE CARLO BAROSTAT IMPORTANT NOTE:
|   The Monte-Carlo barostat does not require the virial to adjust the system volume.
|   Since it is an expensive calculation, it is skipped for efficiency. A side-effect
|   is that the reported pressure is always 0 because it is not calculated.

--------------------------------------------------------------------------------
   3.  ATOMIC COORDINATES AND VELOCITIES
--------------------------------------------------------------------------------

default_name                                                                    
 begin time read from input coords =    20.000 ps

 
 Number of triangulated 3-point waters found:     1068

     Sum of charges from parm topology file =  -0.00010118
     Forcing neutrality...

| Dynamic Memory, Types Used:
| Reals             1243230
| Integers           215296

| Nonbonded Pairs Initial Allocation:      317358

| Running AMBER/MPI version on    8 MPI task

 
--------------------------------------------------------------------------------
   4.  RESULTS
--------------------------------------------------------------------------------

 ---------------------------------------------------
 APPROXIMATING switch and d/dx switch using CUBIC SPLINE INTERPOLATION
 using   5000.0 points per unit in tabled values
 TESTING RELATIVE ERROR over r ranging from 0.0 to cutoff
| CHECK switch(x): max rel err =   0.3316E-14   at   2.351880
| CHECK d/dx switch(x): max rel err =   0.8066E-11   at   2.747240
 ---------------------------------------------------
|---------------------------------------------------
| APPROXIMATING direct energy using CUBIC SPLINE INTERPOLATION
|  with   50.0 points per unit in tabled values
| Relative Error Limit not exceeded for r .gt.   2.34
| APPROXIMATING direct force using CUBIC SPLINE INTERPOLATION
|  with   50.0 points per unit in tabled values
| Relative Error Limit not exceeded for r .gt.   2.81
|---------------------------------------------------
wrapping first mol.:       12.07584       17.07782       29.57965

 NSTEP =      500   TIME(PS) =      21.000  TEMP(K) =   299.22  PRESS =     0.0
 Etot   =    -10761.5021  EKtot   =      1932.5031  EPtot      =    -12694.0052
 BOND   =         7.0621  ANGLE   =        12.3544  DIHED      =        12.2814
 1-4 NB =        13.7714  1-4 EEL =      -672.2073  VDWAALS    =      2174.7074
 EELEC  =    -14251.3218  EHBOND  =         0.0000  RESTRAINT  =         9.3471
 EAMBER (non-restraint)  =    -12703.3523
 EKCMT  =         0.0000  VIRIAL  =         0.0000  VOLUME     =     36601.1035
                                                    Density    =         0.8862
 Ewald error estimate:   0.1955E-03
 ------------------------------------------------------------------------------

wrapping first mol.:       12.07117       17.07122       29.56822

 NSTEP =     1000   TIME(PS) =      22.000  TEMP(K) =   301.46  PRESS =     0.0
 Etot   =    -10762.6295  EKtot   =      1946.9385  EPtot      =    -12709.5680
 BOND   =         6.6693  ANGLE   =         9.8030  DIHED      =        17.0565
 1-4 NB =        11.5519  1-4 EEL =      -662.0745  VDWAALS    =      2406.3469
 EELEC  =    -14511.4791  EHBOND  =         0.0000  RESTRAINT  =        12.5580
 EAMBER (non-restraint)  =    -12722.1260
 EKCMT  =         0.0000  VIRIAL  =         0.0000  VOLUME     =     36558.6625
                                                    Density    =         0.8872
 Ewald error estimate:   0.1912E-03
 ------------------------------------------------------------------------------

wrapping first mol.:       12.02291       17.00297       29.45000

 NSTEP =     1500   TIME(PS) =      23.000  TEMP(K) =   304.76  PRESS =     0.0
 Etot   =    -10792.5473  EKtot   =      1968.2414  EPtot      =    -12760.7888
 BOND   =         3.0764  ANGLE   =        15.0609  DIHED      =        14.2285
 1-4 NB =        11.5130  1-4 EEL =      -656.5284  VDWAALS    =      2440.9749
 EELEC  =    -14598.4165  EHBOND  =         0.0000  RESTRAINT  =         9.3025
 EAMBER (non-restraint)  =    -12770.0913
 EKCMT  =         0.0000  VIRIAL  =         0.0000  VOLUME     =     36121.9330
                                                    Density    =         0.8980
 Ewald error estimate:   0.1242E-03
 ------------------------------------------------------------------------------

wrapping first mol.:       11.98260       16.94596       29.35126

 NSTEP =     2000   TIME(PS) =      24.000  TEMP(K) =   289.63  PRESS =     0.0
 Etot   =    -10809.3768  EKtot   =      1870.5577  EPtot      =    -12679.9345
 BOND   =         2.7131  ANGLE   =        13.5533  DIHED      =        16.0272
 1-4 NB =        12.9794  1-4 EEL =      -660.4553  VDWAALS    =      2312.3918
 EELEC  =    -14388.1793  EHBOND  =         0.0000  RESTRAINT  =        11.0354
 EAMBER (non-restraint)  =    -12690.9699
 EKCMT  =         0.0000  VIRIAL  =         0.0000  VOLUME     =     35759.8100
                                                    Density    =         0.9071
 Ewald error estimate:   0.2404E-04
 ------------------------------------------------------------------------------

wrapping first mol.:       11.96588       16.92231       29.31029

 NSTEP =     2500   TIME(PS) =      25.000  TEMP(K) =   299.43  PRESS =     0.0
 Etot   =    -10741.5539  EKtot   =      1933.8354  EPtot      =    -12675.3893
 BOND   =         8.8550  ANGLE   =        15.3714  DIHED      =        13.9044
 1-4 NB =        14.1196  1-4 EEL =      -670.9855  VDWAALS    =      2242.4781
 EELEC  =    -14308.8359  EHBOND  =         0.0000  RESTRAINT  =         9.7036
 EAMBER (non-restraint)  =    -12685.0929
 EKCMT  =         0.0000  VIRIAL  =         0.0000  VOLUME     =     35610.2905
                                                    Density    =         0.9109
 Ewald error estimate:   0.3716E-03
 ------------------------------------------------------------------------------

wrapping first mol.:       11.91260       16.84696       29.17978

 NSTEP =     3000   TIME(PS) =      26.000  TEMP(K) =   300.83  PRESS =     0.0
 Etot   =    -10755.0864  EKtot   =      1942.8462  EPtot      =    -12697.9326
 BOND   =         8.1922  ANGLE   =        16.9534  DIHED      =        15.5308
 1-4 NB =        12.8679  1-4 EEL =      -665.0032  VDWAALS    =      2275.7168
 EELEC  =    -14369.1034  EHBOND  =         0.0000  RESTRAINT  =         6.9129
 EAMBER (non-restraint)  =    -12704.8455
 EKCMT  =         0.0000  VIRIAL  =         0.0000  VOLUME     =     35136.7152
                                                    Density    =         0.9232
 Ewald error estimate:   0.6910E-04
 ------------------------------------------------------------------------------

wrapping first mol.:       11.81263       16.70558       28.93490

 NSTEP =     3500   TIME(PS) =      27.000  TEMP(K) =   302.22  PRESS =     0.0
 Etot   =    -10784.5170  EKtot   =      1951.8567  EPtot      =    -12736.3737
 BOND   =         7.4243  ANGLE   =        18.8399  DIHED      =        17.2833
 1-4 NB =        12.9193  1-4 EEL =      -675.4067  VDWAALS    =      2349.5213
 EELEC  =    -14473.6399  EHBOND  =         0.0000  RESTRAINT  =         6.6848
 EAMBER (non-restraint)  =    -12743.0585
 EKCMT  =         0.0000  VIRIAL  =         0.0000  VOLUME     =     34259.5033
                                                    Density    =         0.9468
 Ewald error estimate:   0.3313E-03
 ------------------------------------------------------------------------------

wrapping first mol.:       11.75118       16.61868       28.78440

 NSTEP =     4000   TIME(PS) =      28.000  TEMP(K) =   295.72  PRESS =     0.0
 Etot   =    -10845.8272  EKtot   =      1909.8602  EPtot      =    -12755.6875
 BOND   =        11.5909  ANGLE   =        10.7410  DIHED      =        16.7172
 1-4 NB =        12.5488  1-4 EEL =      -665.3106  VDWAALS    =      2314.8118
 EELEC  =    -14465.7219  EHBOND  =         0.0000  RESTRAINT  =         8.9354
 EAMBER (non-restraint)  =    -12764.6228
 EKCMT  =         0.0000  VIRIAL  =         0.0000  VOLUME     =     33727.6831
                                                    Density    =         0.9617
 Ewald error estimate:   0.8134E-04
 ------------------------------------------------------------------------------

wrapping first mol.:       11.74584       16.61113       28.77132

 NSTEP =     4500   TIME(PS) =      29.000  TEMP(K) =   299.65  PRESS =     0.0
 Etot   =    -10827.0556  EKtot   =      1935.2408  EPtot      =    -12762.2964
 BOND   =         6.2152  ANGLE   =        17.5978  DIHED      =        16.3163
 1-4 NB =        12.1061  1-4 EEL =      -660.4335  VDWAALS    =      2390.7833
 EELEC  =    -14553.0625  EHBOND  =         0.0000  RESTRAINT  =         8.1809
 EAMBER (non-restraint)  =    -12770.4773
 EKCMT  =         0.0000  VIRIAL  =         0.0000  VOLUME     =     33681.7224
                                                    Density    =         0.9630
 Ewald error estimate:   0.5375E-04
 ------------------------------------------------------------------------------

wrapping first mol.:       11.71033       16.56090       28.68432

 NSTEP =     5000   TIME(PS) =      30.000  TEMP(K) =   305.64  PRESS =     0.0
 Etot   =    -10810.4478  EKtot   =      1973.9669  EPtot      =    -12784.4148
 BOND   =         6.4412  ANGLE   =        16.3930  DIHED      =        14.9562
 1-4 NB =        11.8495  1-4 EEL =      -666.7655  VDWAALS    =      2463.3145
 EELEC  =    -14640.6340  EHBOND  =         0.0000  RESTRAINT  =        10.0304
 EAMBER (non-restraint)  =    -12794.4452
 EKCMT  =         0.0000  VIRIAL  =         0.0000  VOLUME     =     33377.1112
                                                    Density    =         0.9718
 Ewald error estimate:   0.2399E-03
 ------------------------------------------------------------------------------

wrapping first mol.:       11.68399       16.52366       28.61982

 NSTEP =     5500   TIME(PS) =      31.000  TEMP(K) =   304.83  PRESS =     0.0
 Etot   =    -10831.1685  EKtot   =      1968.7172  EPtot      =    -12799.8857
 BOND   =        13.3712  ANGLE   =        12.6109  DIHED      =        13.7215
 1-4 NB =        13.0237  1-4 EEL =      -672.3233  VDWAALS    =      2366.4137
 EELEC  =    -14560.0926  EHBOND  =         0.0000  RESTRAINT  =        13.3892
 EAMBER (non-restraint)  =    -12813.2749
 EKCMT  =         0.0000  VIRIAL  =         0.0000  VOLUME     =     33152.4558
                                                    Density    =         0.9784
 Ewald error estimate:   0.5394E-04
 ------------------------------------------------------------------------------

wrapping first mol.:       11.66325       16.49432       28.56900

 NSTEP =     6000   TIME(PS) =      32.000  TEMP(K) =   311.63  PRESS =     0.0
 Etot   =    -10868.0737  EKtot   =      2012.5950  EPtot      =    -12880.6687
 BOND   =         6.9899  ANGLE   =        16.3993  DIHED      =        15.5645
 1-4 NB =        13.2096  1-4 EEL =      -672.5851  VDWAALS    =      2441.6350
 EELEC  =    -14710.6937  EHBOND  =         0.0000  RESTRAINT  =         8.8117
 EAMBER (non-restraint)  =    -12889.4804
 EKCMT  =         0.0000  VIRIAL  =         0.0000  VOLUME     =     32976.1604
                                                    Density    =         0.9836
 Ewald error estimate:   0.3066E-03
 ------------------------------------------------------------------------------

wrapping first mol.:       11.64504       16.46858       28.52441

 NSTEP =     6500   TIME(PS) =      33.000  TEMP(K) =   305.52  PRESS =     0.0
 Etot   =    -10810.6926  EKtot   =      1973.1690  EPtot      =    -12783.8617
 BOND   =        11.9797  ANGLE   =        16.7213  DIHED      =        13.9367
 1-4 NB =        11.1613  1-4 EEL =      -662.8704  VDWAALS    =      2418.9378
 EELEC  =    -14601.7818  EHBOND  =         0.0000  RESTRAINT  =         8.0538
 EAMBER (non-restraint)  =    -12791.9155
 EKCMT  =         0.0000  VIRIAL  =         0.0000  VOLUME     =     32821.9927
                                                    Density    =         0.9883
 Ewald error estimate:   0.1654E-03
 ------------------------------------------------------------------------------

wrapping first mol.:       11.63197       16.45009       28.49240

 NSTEP =     7000   TIME(PS) =      34.000  TEMP(K) =   299.69  PRESS =     0.0
 Etot   =    -10853.4310  EKtot   =      1935.5053  EPtot      =    -12788.9363
 BOND   =         8.3454  ANGLE   =        23.6915  DIHED      =        14.0305
 1-4 NB =        11.2550  1-4 EEL =      -667.0655  VDWAALS    =      2431.3351
 EELEC  =    -14618.7406  EHBOND  =         0.0000  RESTRAINT  =         8.2123
 EAMBER (non-restraint)  =    -12797.1486
 EKCMT  =         0.0000  VIRIAL  =         0.0000  VOLUME     =     32711.6084
                                                    Density    =         0.9916
 Ewald error estimate:   0.6794E-04
 ------------------------------------------------------------------------------

wrapping first mol.:       11.63638       16.45632       28.50318

 NSTEP =     7500   TIME(PS) =      35.000  TEMP(K) =   290.28  PRESS =     0.0
 Etot   =    -10951.6161  EKtot   =      1874.7506  EPtot      =    -12826.3667
 BOND   =        12.4793  ANGLE   =        12.9659  DIHED      =        15.0513
 1-4 NB =        13.4177  1-4 EEL =      -673.3317  VDWAALS    =      2518.8488
 EELEC  =    -14733.3350  EHBOND  =         0.0000  RESTRAINT  =         7.5370
 EAMBER (non-restraint)  =    -12833.9037
 EKCMT  =         0.0000  VIRIAL  =         0.0000  VOLUME     =     32748.7609
                                                    Density    =         0.9905
 Ewald error estimate:   0.1410E-03
 ------------------------------------------------------------------------------

wrapping first mol.:       11.66586       16.49801       28.57540

 NSTEP =     8000   TIME(PS) =      36.000  TEMP(K) =   298.47  PRESS =     0.0
 Etot   =    -10868.6067  EKtot   =      1927.5990  EPtot      =    -12796.2057
 BOND   =        17.1069  ANGLE   =        17.8741  DIHED      =        19.1593
 1-4 NB =        14.4840  1-4 EEL =      -675.7631  VDWAALS    =      2421.3788
 EELEC  =    -14624.2082  EHBOND  =         0.0000  RESTRAINT  =        13.7624
 EAMBER (non-restraint)  =    -12809.9681
 EKCMT  =         0.0000  VIRIAL  =         0.0000  VOLUME     =     32998.3113
                                                    Density    =         0.9830
 Ewald error estimate:   0.3884E-03
 ------------------------------------------------------------------------------

wrapping first mol.:       11.66555       16.49758       28.57464

 NSTEP =     8500   TIME(PS) =      37.000  TEMP(K) =   298.36  PRESS =     0.0
 Etot   =    -10878.2554  EKtot   =      1926.9211  EPtot      =    -12805.1765
 BOND   =         6.9699  ANGLE   =        20.5873  DIHED      =        15.6371
 1-4 NB =        12.3365  1-4 EEL =      -662.9448  VDWAALS    =      2474.4459
 EELEC  =    -14681.2158  EHBOND  =         0.0000  RESTRAINT  =         9.0074
 EAMBER (non-restraint)  =    -12814.1839
 EKCMT  =         0.0000  VIRIAL  =         0.0000  VOLUME     =     32995.6796
                                                    Density    =         0.9831
 Ewald error estimate:   0.2538E-03
 ------------------------------------------------------------------------------

wrapping first mol.:       11.63955       16.46080       28.51095

 NSTEP =     9000   TIME(PS) =      38.000  TEMP(K) =   304.79  PRESS =     0.0
 Etot   =    -11019.3999  EKtot   =      1968.4225  EPtot      =    -12987.8224
 BOND   =         9.2451  ANGLE   =        11.1322  DIHED      =        15.4084
 1-4 NB =        12.8734  1-4 EEL =      -667.8767  VDWAALS    =      2559.9239
 EELEC  =    -14934.4254  EHBOND  =         0.0000  RESTRAINT  =         5.8965
 EAMBER (non-restraint)  =    -12993.7190
 EKCMT  =         0.0000  VIRIAL  =         0.0000  VOLUME     =     32775.5385
                                                    Density    =         0.9897
 Ewald error estimate:   0.2270E-03
 ------------------------------------------------------------------------------

wrapping first mol.:       11.62043       16.43378       28.46413

 NSTEP =     9500   TIME(PS) =      39.000  TEMP(K) =   292.12  PRESS =     0.0
 Etot   =    -11080.2271  EKtot   =      1886.6506  EPtot      =    -12966.8777
 BOND   =         6.6278  ANGLE   =        13.5419  DIHED      =        14.5297
 1-4 NB =        14.1830  1-4 EEL =      -668.0540  VDWAALS    =      2588.7300
 EELEC  =    -14945.1443  EHBOND  =         0.0000  RESTRAINT  =         8.7083
 EAMBER (non-restraint)  =    -12975.5860
 EKCMT  =         0.0000  VIRIAL  =         0.0000  VOLUME     =     32614.3578
                                                    Density    =         0.9945
 Ewald error estimate:   0.2470E-03
 ------------------------------------------------------------------------------

wrapping first mol.:       11.62996       16.44725       28.48747

 NSTEP =    10000   TIME(PS) =      40.000  TEMP(K) =   289.77  PRESS =     0.0
 Etot   =    -11005.7305  EKtot   =      1871.4673  EPtot      =    -12877.1978
 BOND   =         9.9587  ANGLE   =        15.0356  DIHED      =        14.8365
 1-4 NB =        12.3377  1-4 EEL =      -665.0570  VDWAALS    =      2400.9771
 EELEC  =    -14674.6478  EHBOND  =         0.0000  RESTRAINT  =         9.3614
 EAMBER (non-restraint)  =    -12886.5591
 EKCMT  =         0.0000  VIRIAL  =         0.0000  VOLUME     =     32694.6389
                                                    Density    =         0.9921
 Ewald error estimate:   0.3115E-03
 ------------------------------------------------------------------------------

wrapping first mol.:       11.61667       16.42845       28.45491

 NSTEP =    10500   TIME(PS) =      41.000  TEMP(K) =   297.87  PRESS =     0.0
 Etot   =    -11000.4621  EKtot   =      1923.7860  EPtot      =    -12924.2480
 BOND   =         3.1109  ANGLE   =        13.3584  DIHED      =        13.3001
 1-4 NB =        11.4326  1-4 EEL =      -658.9929  VDWAALS    =      2613.1391
 EELEC  =    -14928.8694  EHBOND  =         0.0000  RESTRAINT  =         9.2732
 EAMBER (non-restraint)  =    -12933.5213
 EKCMT  =         0.0000  VIRIAL  =         0.0000  VOLUME     =     32582.6582
                                                    Density    =         0.9955
 Ewald error estimate:   0.3581E-04
 ------------------------------------------------------------------------------

wrapping first mol.:       11.62655       16.44242       28.47911

 NSTEP =    11000   TIME(PS) =      42.000  TEMP(K) =   295.00  PRESS =     0.0
 Etot   =    -10993.3903  EKtot   =      1905.2273  EPtot      =    -12898.6175
 BOND   =         7.5405  ANGLE   =        13.6213  DIHED      =        16.3758
 1-4 NB =        13.0713  1-4 EEL =      -663.9399  VDWAALS    =      2412.3804
 EELEC  =    -14705.1686  EHBOND  =         0.0000  RESTRAINT  =         7.5017
 EAMBER (non-restraint)  =    -12906.1192
 EKCMT  =         0.0000  VIRIAL  =         0.0000  VOLUME     =     32665.8530
                                                    Density    =         0.9930
 Ewald error estimate:   0.1936E-03
 ------------------------------------------------------------------------------

wrapping first mol.:       11.59944       16.40409       28.41272

 NSTEP =    11500   TIME(PS) =      43.000  TEMP(K) =   300.39  PRESS =     0.0
 Etot   =    -11005.7351  EKtot   =      1940.0045  EPtot      =    -12945.7396
 BOND   =         4.4653  ANGLE   =        15.1988  DIHED      =        14.2920
 1-4 NB =        12.1660  1-4 EEL =      -663.0309  VDWAALS    =      2497.8776
 EELEC  =    -14834.6908  EHBOND  =         0.0000  RESTRAINT  =         7.9825
 EAMBER (non-restraint)  =    -12953.7221
 EKCMT  =         0.0000  VIRIAL  =         0.0000  VOLUME     =     32437.9334
                                                    Density    =         1.0000
 Ewald error estimate:   0.1846E-03
 ------------------------------------------------------------------------------

wrapping first mol.:       11.59225       16.39392       28.39510

 NSTEP =    12000   TIME(PS) =      44.000  TEMP(K) =   292.15  PRESS =     0.0
 Etot   =    -10965.2212  EKtot   =      1886.7914  EPtot      =    -12852.0126
 BOND   =         5.0314  ANGLE   =        13.2517  DIHED      =        14.7131
 1-4 NB =        11.7910  1-4 EEL =      -661.5313  VDWAALS    =      2423.8247
 EELEC  =    -14669.6497  EHBOND  =         0.0000  RESTRAINT  =        10.5564
 EAMBER (non-restraint)  =    -12862.5691
 EKCMT  =         0.0000  VIRIAL  =         0.0000  VOLUME     =     32377.6353
                                                    Density    =         1.0018
 Ewald error estimate:   0.2661E-03
 ------------------------------------------------------------------------------

wrapping first mol.:       11.58706       16.38658       28.38239

 NSTEP =    12500   TIME(PS) =      45.000  TEMP(K) =   300.77  PRESS =     0.0
 Etot   =    -10889.4169  EKtot   =      1942.4711  EPtot      =    -12831.8880
 BOND   =         6.7639  ANGLE   =        22.8862  DIHED      =        12.4100
 1-4 NB =        11.9428  1-4 EEL =      -663.5321  VDWAALS    =      2433.4127
 EELEC  =    -14665.4201  EHBOND  =         0.0000  RESTRAINT  =         9.6486
 EAMBER (non-restraint)  =    -12841.5366
 EKCMT  =         0.0000  VIRIAL  =         0.0000  VOLUME     =     32334.1735
                                                    Density    =         1.0032
 Ewald error estimate:   0.1521E-03
 ------------------------------------------------------------------------------

wrapping first mol.:       11.58474       16.38329       28.37669

 NSTEP =    13000   TIME(PS) =      46.000  TEMP(K) =   298.56  PRESS =     0.0
 Etot   =    -10989.6562  EKtot   =      1928.2282  EPtot      =    -12917.8843
 BOND   =         7.2078  ANGLE   =        10.8053  DIHED      =        13.6658
 1-4 NB =        12.5201  1-4 EEL =      -664.3278  VDWAALS    =      2450.9623
 EELEC  =    -14754.6309  EHBOND  =         0.0000  RESTRAINT  =         5.9130
 EAMBER (non-restraint)  =    -12923.7973
 EKCMT  =         0.0000  VIRIAL  =         0.0000  VOLUME     =     32314.7131
                                                    Density    =         1.0038
 Ewald error estimate:   0.7434E-04
 ------------------------------------------------------------------------------

wrapping first mol.:       11.62190       16.43585       28.46772

 NSTEP =    13500   TIME(PS) =      47.000  TEMP(K) =   297.07  PRESS =     0.0
 Etot   =    -10955.1048  EKtot   =      1918.5685  EPtot      =    -12873.6733
 BOND   =         6.9426  ANGLE   =        14.8160  DIHED      =        15.5465
 1-4 NB =        11.0020  1-4 EEL =      -664.5293  VDWAALS    =      2437.1920
 EELEC  =    -14703.7637  EHBOND  =         0.0000  RESTRAINT  =         9.1206
 EAMBER (non-restraint)  =    -12882.7939
 EKCMT  =         0.0000  VIRIAL  =         0.0000  VOLUME     =     32626.6989
                                                    Density    =         0.9942
 Ewald error estimate:   0.1994E-03
 ------------------------------------------------------------------------------

wrapping first mol.:       11.58945       16.38996       28.38823

 NSTEP =    14000   TIME(PS) =      48.000  TEMP(K) =   302.83  PRESS =     0.0
 Etot   =    -10997.3545  EKtot   =      1955.7686  EPtot      =    -12953.1231
 BOND   =         7.8678  ANGLE   =        12.3479  DIHED      =        14.9861
 1-4 NB =        11.7333  1-4 EEL =      -664.4697  VDWAALS    =      2588.5472
 EELEC  =    -14933.6439  EHBOND  =         0.0000  RESTRAINT  =         9.5082
 EAMBER (non-restraint)  =    -12962.6314
 EKCMT  =         0.0000  VIRIAL  =         0.0000  VOLUME     =     32354.1552
                                                    Density    =         1.0025
 Ewald error estimate:   0.2449E-03
 ------------------------------------------------------------------------------

wrapping first mol.:       11.58345       16.38148       28.37355

 NSTEP =    14500   TIME(PS) =      49.000  TEMP(K) =   297.57  PRESS =     0.0
 Etot   =    -10995.9016  EKtot   =      1921.7995  EPtot      =    -12917.7011
 BOND   =         6.8062  ANGLE   =        13.8788  DIHED      =        13.3294
 1-4 NB =        12.0719  1-4 EEL =      -651.4361  VDWAALS    =      2455.3127
 EELEC  =    -14775.9522  EHBOND  =         0.0000  RESTRAINT  =         8.2883
 EAMBER (non-restraint)  =    -12925.9894
 EKCMT  =         0.0000  VIRIAL  =         0.0000  VOLUME     =     32303.9761
                                                    Density    =         1.0041
 Ewald error estimate:   0.3956E-03
 ------------------------------------------------------------------------------

wrapping first mol.:       11.57675       16.37200       28.35713

 NSTEP =    15000   TIME(PS) =      50.000  TEMP(K) =   301.45  PRESS =     0.0
 Etot   =    -10990.1490  EKtot   =      1946.8939  EPtot      =    -12937.0429
 BOND   =         5.5580  ANGLE   =        14.3057  DIHED      =        19.5798
 1-4 NB =        12.3720  1-4 EEL =      -661.7489  VDWAALS    =      2573.0506
 EELEC  =    -14909.0281  EHBOND  =         0.0000  RESTRAINT  =         8.8681
 EAMBER (non-restraint)  =    -12945.9110
 EKCMT  =         0.0000  VIRIAL  =         0.0000  VOLUME     =     32247.9126
                                                    Density    =         1.0059
 Ewald error estimate:   0.1929E-03
 ------------------------------------------------------------------------------

wrapping first mol.:       11.59360       16.39583       28.39841

 NSTEP =    15500   TIME(PS) =      51.000  TEMP(K) =   297.72  PRESS =     0.0
 Etot   =    -10974.3347  EKtot   =      1922.8139  EPtot      =    -12897.1486
 BOND   =         4.9475  ANGLE   =        19.4567  DIHED      =        17.4365
 1-4 NB =        12.2313  1-4 EEL =      -666.5804  VDWAALS    =      2472.1815
 EELEC  =    -14762.5464  EHBOND  =         0.0000  RESTRAINT  =         5.7246
 EAMBER (non-restraint)  =    -12902.8732
 EKCMT  =         0.0000  VIRIAL  =         0.0000  VOLUME     =     32388.9659
                                                    Density    =         1.0015
 Ewald error estimate:   0.5192E-04
 ------------------------------------------------------------------------------

wrapping first mol.:       11.57432       16.36856       28.35118

 NSTEP =    16000   TIME(PS) =      52.000  TEMP(K) =   298.58  PRESS =     0.0
 Etot   =    -10914.5426  EKtot   =      1928.3298  EPtot      =    -12842.8724
 BOND   =         6.8564  ANGLE   =        16.4983  DIHED      =        13.3114
 1-4 NB =        13.7041  1-4 EEL =      -667.0093  VDWAALS    =      2478.0428
 EELEC  =    -14715.2601  EHBOND  =         0.0000  RESTRAINT  =        10.9840
 EAMBER (non-restraint)  =    -12853.8564
 EKCMT  =         0.0000  VIRIAL  =         0.0000  VOLUME     =     32227.6211
                                                    Density    =         1.0065
 Ewald error estimate:   0.6307E-04
 ------------------------------------------------------------------------------

wrapping first mol.:       11.55130       16.33601       28.29479

 NSTEP =    16500   TIME(PS) =      53.000  TEMP(K) =   296.60  PRESS =     0.0
 Etot   =    -10962.3887  EKtot   =      1915.5577  EPtot      =    -12877.9464
 BOND   =         7.7150  ANGLE   =        13.1170  DIHED      =        15.4430
 1-4 NB =        12.3887  1-4 EEL =      -666.5370  VDWAALS    =      2553.5600
 EELEC  =    -14827.5345  EHBOND  =         0.0000  RESTRAINT  =        13.9013
 EAMBER (non-restraint)  =    -12891.8477
 EKCMT  =         0.0000  VIRIAL  =         0.0000  VOLUME     =     32035.7137
                                                    Density    =         1.0125
 Ewald error estimate:   0.2000E-03
 ------------------------------------------------------------------------------

wrapping first mol.:       11.56521       16.35567       28.32885

 NSTEP =    17000   TIME(PS) =      54.000  TEMP(K) =   295.84  PRESS =     0.0
 Etot   =    -10958.6946  EKtot   =      1910.6444  EPtot      =    -12869.3389
 BOND   =         6.4879  ANGLE   =        18.1503  DIHED      =        15.3847
 1-4 NB =        12.6596  1-4 EEL =      -668.8588  VDWAALS    =      2532.2015
 EELEC  =    -14794.2751  EHBOND  =         0.0000  RESTRAINT  =         8.9110
 EAMBER (non-restraint)  =    -12878.2499
 EKCMT  =         0.0000  VIRIAL  =         0.0000  VOLUME     =     32151.5419
                                                    Density    =         1.0089
 Ewald error estimate:   0.1604E-03
 ------------------------------------------------------------------------------

wrapping first mol.:       11.56416       16.35419       28.32629

 NSTEP =    17500   TIME(PS) =      55.000  TEMP(K) =   297.65  PRESS =     0.0
 Etot   =    -10977.6967  EKtot   =      1922.3327  EPtot      =    -12900.0295
 BOND   =        11.1700  ANGLE   =        15.2332  DIHED      =        14.7987
 1-4 NB =        13.0766  1-4 EEL =      -667.6009  VDWAALS    =      2486.0098
 EELEC  =    -14782.8146  EHBOND  =         0.0000  RESTRAINT  =        10.0977
 EAMBER (non-restraint)  =    -12910.1272
 EKCMT  =         0.0000  VIRIAL  =         0.0000  VOLUME     =     32142.8355
                                                    Density    =         1.0091
 Ewald error estimate:   0.2596E-03
 ------------------------------------------------------------------------------

wrapping first mol.:       11.52384       16.29717       28.22753

 NSTEP =    18000   TIME(PS) =      56.000  TEMP(K) =   305.39  PRESS =     0.0
 Etot   =    -10980.1558  EKtot   =      1972.3013  EPtot      =    -12952.4571
 BOND   =        11.8291  ANGLE   =        15.3400  DIHED      =        15.6302
 1-4 NB =        13.0381  1-4 EEL =      -665.9594  VDWAALS    =      2439.6885
 EELEC  =    -14789.1283  EHBOND  =         0.0000  RESTRAINT  =         7.1046
 EAMBER (non-restraint)  =    -12959.5617
 EKCMT  =         0.0000  VIRIAL  =         0.0000  VOLUME     =     31807.7928
                                                    Density    =         1.0198
 Ewald error estimate:   0.1011E-03
 ------------------------------------------------------------------------------

wrapping first mol.:       11.53130       16.30771       28.24579

 NSTEP =    18500   TIME(PS) =      57.000  TEMP(K) =   299.62  PRESS =     0.0
 Etot   =    -11035.3822  EKtot   =      1935.0734  EPtot      =    -12970.4556
 BOND   =         6.3795  ANGLE   =        23.2332  DIHED      =        14.2141
 1-4 NB =        13.0785  1-4 EEL =      -667.9721  VDWAALS    =      2656.2497
 EELEC  =    -15026.9907  EHBOND  =         0.0000  RESTRAINT  =        11.3522
 EAMBER (non-restraint)  =    -12981.8078
 EKCMT  =         0.0000  VIRIAL  =         0.0000  VOLUME     =     31869.5534
                                                    Density    =         1.0178
 Ewald error estimate:   0.3508E-03
 ------------------------------------------------------------------------------

wrapping first mol.:       11.54757       16.33073       28.28564

 NSTEP =    19000   TIME(PS) =      58.000  TEMP(K) =   302.13  PRESS =     0.0
 Etot   =    -10985.6576  EKtot   =      1951.2394  EPtot      =    -12936.8969
 BOND   =         4.5450  ANGLE   =        14.6241  DIHED      =        13.7912
 1-4 NB =        11.5130  1-4 EEL =      -659.1939  VDWAALS    =      2419.9760
 EELEC  =    -14752.2497  EHBOND  =         0.0000  RESTRAINT  =        10.0974
 EAMBER (non-restraint)  =    -12946.9944
 EKCMT  =         0.0000  VIRIAL  =         0.0000  VOLUME     =     32004.6569
                                                    Density    =         1.0135
 Ewald error estimate:   0.5871E-04
 ------------------------------------------------------------------------------

wrapping first mol.:       11.53899       16.31859       28.26463

 NSTEP =    19500   TIME(PS) =      59.000  TEMP(K) =   300.45  PRESS =     0.0
 Etot   =    -10975.0774  EKtot   =      1940.4478  EPtot      =    -12915.5251
 BOND   =         7.0037  ANGLE   =        21.6616  DIHED      =        17.1464
 1-4 NB =        12.9187  1-4 EEL =      -666.0063  VDWAALS    =      2489.3242
 EELEC  =    -14806.7228  EHBOND  =         0.0000  RESTRAINT  =         9.1494
 EAMBER (non-restraint)  =    -12924.6745
 EKCMT  =         0.0000  VIRIAL  =         0.0000  VOLUME     =     31933.3644
                                                    Density    =         1.0158
 Ewald error estimate:   0.1128E-03
 ------------------------------------------------------------------------------

wrapping first mol.:       11.53971       16.31962       28.26641

 NSTEP =    20000   TIME(PS) =      60.000  TEMP(K) =   304.37  PRESS =     0.0
 Etot   =    -10890.6230  EKtot   =      1965.7368  EPtot      =    -12856.3598
 BOND   =         6.0662  ANGLE   =        14.8681  DIHED      =        11.1019
 1-4 NB =        13.9508  1-4 EEL =      -664.1764  VDWAALS    =      2387.2504
 EELEC  =    -14634.5277  EHBOND  =         0.0000  RESTRAINT  =         9.1068
 EAMBER (non-restraint)  =    -12865.4666
 EKCMT  =         0.0000  VIRIAL  =         0.0000  VOLUME     =     31939.4054
                                                    Density    =         1.0156
 Ewald error estimate:   0.1614E-04
 ------------------------------------------------------------------------------

wrapping first mol.:       11.53226       16.30908       28.24816

 NSTEP =    20500   TIME(PS) =      61.000  TEMP(K) =   301.41  PRESS =     0.0
 Etot   =    -10984.4622  EKtot   =      1946.6396  EPtot      =    -12931.1018
 BOND   =         7.9238  ANGLE   =        21.1581  DIHED      =        16.9080
 1-4 NB =        12.9021  1-4 EEL =      -671.6650  VDWAALS    =      2550.3307
 EELEC  =    -14878.6894  EHBOND  =         0.0000  RESTRAINT  =        10.0299
 EAMBER (non-restraint)  =    -12941.1317
 EKCMT  =         0.0000  VIRIAL  =         0.0000  VOLUME     =     31877.5907
                                                    Density    =         1.0175
 Ewald error estimate:   0.4121E-03
 ------------------------------------------------------------------------------

wrapping first mol.:       11.52386       16.29720       28.22757

 NSTEP =    21000   TIME(PS) =      62.000  TEMP(K) =   296.57  PRESS =     0.0
 Etot   =    -11066.8764  EKtot   =      1915.3429  EPtot      =    -12982.2193
 BOND   =         5.2851  ANGLE   =        18.7261  DIHED      =        14.0779
 1-4 NB =        12.7373  1-4 EEL =      -671.6053  VDWAALS    =      2488.3874
 EELEC  =    -14857.8012  EHBOND  =         0.0000  RESTRAINT  =         7.9734
 EAMBER (non-restraint)  =    -12990.1927
 EKCMT  =         0.0000  VIRIAL  =         0.0000  VOLUME     =     31807.9315
                                                    Density    =         1.0198
 Ewald error estimate:   0.5442E-05
 ------------------------------------------------------------------------------

wrapping first mol.:       11.55350       16.33911       28.30017

 NSTEP =    21500   TIME(PS) =      63.000  TEMP(K) =   301.51  PRESS =     0.0
 Etot   =    -11046.3974  EKtot   =      1947.2575  EPtot      =    -12993.6549
 BOND   =         7.1702  ANGLE   =        14.7427  DIHED      =        14.9647
 1-4 NB =        13.8679  1-4 EEL =      -667.7189  VDWAALS    =      2396.7230
 EELEC  =    -14783.8742  EHBOND  =         0.0000  RESTRAINT  =        10.4698
 EAMBER (non-restraint)  =    -13004.1247
 EKCMT  =         0.0000  VIRIAL  =         0.0000  VOLUME     =     32053.9781
                                                    Density    =         1.0119
 Ewald error estimate:   0.2251E-04
 ------------------------------------------------------------------------------

wrapping first mol.:       11.55493       16.34114       28.30368

 NSTEP =    22000   TIME(PS) =      64.000  TEMP(K) =   290.88  PRESS =     0.0
 Etot   =    -11010.3356  EKtot   =      1878.6121  EPtot      =    -12888.9477
 BOND   =         5.7592  ANGLE   =        14.7145  DIHED      =        16.7122
 1-4 NB =        13.5947  1-4 EEL =      -667.5058  VDWAALS    =      2384.4735
 EELEC  =    -14664.2523  EHBOND  =         0.0000  RESTRAINT  =         7.5564
 EAMBER (non-restraint)  =    -12896.5041
 EKCMT  =         0.0000  VIRIAL  =         0.0000  VOLUME     =     32065.9091
                                                    Density    =         1.0116
 Ewald error estimate:   0.1040E-03
 ------------------------------------------------------------------------------

wrapping first mol.:       11.55810       16.34562       28.31145

 NSTEP =    22500   TIME(PS) =      65.000  TEMP(K) =   296.02  PRESS =     0.0
 Etot   =    -10958.8063  EKtot   =      1911.8287  EPtot      =    -12870.6350
 BOND   =         8.1466  ANGLE   =        14.9317  DIHED      =        13.1541
 1-4 NB =        11.5212  1-4 EEL =      -659.5824  VDWAALS    =      2427.1220
 EELEC  =    -14692.9892  EHBOND  =         0.0000  RESTRAINT  =         7.0610
 EAMBER (non-restraint)  =    -12877.6960
 EKCMT  =         0.0000  VIRIAL  =         0.0000  VOLUME     =     32092.3179
                                                    Density    =         1.0107
 Ewald error estimate:   0.1969E-03
 ------------------------------------------------------------------------------

wrapping first mol.:       11.55528       16.34164       28.30454

 NSTEP =    23000   TIME(PS) =      66.000  TEMP(K) =   293.56  PRESS =     0.0
 Etot   =    -11038.7839  EKtot   =      1895.9350  EPtot      =    -12934.7190
 BOND   =         9.4057  ANGLE   =        18.4028  DIHED      =        14.9304
 1-4 NB =        11.4108  1-4 EEL =      -664.7234  VDWAALS    =      2515.3521
 EELEC  =    -14850.4150  EHBOND  =         0.0000  RESTRAINT  =        10.9177
 EAMBER (non-restraint)  =    -12945.6367
 EKCMT  =         0.0000  VIRIAL  =         0.0000  VOLUME     =     32068.8420
                                                    Density    =         1.0115
 Ewald error estimate:   0.2487E-03
 ------------------------------------------------------------------------------

wrapping first mol.:       11.55528       16.34164       28.30454

 NSTEP =    23500   TIME(PS) =      67.000  TEMP(K) =   284.34  PRESS =     0.0
 Etot   =    -11170.5661  EKtot   =      1836.3737  EPtot      =    -13006.9398
 BOND   =        12.2452  ANGLE   =        18.2143  DIHED      =        13.8873
 1-4 NB =        12.9993  1-4 EEL =      -672.8260  VDWAALS    =      2607.4976
 EELEC  =    -15008.4275  EHBOND  =         0.0000  RESTRAINT  =         9.4699
 EAMBER (non-restraint)  =    -13016.4097
 EKCMT  =         0.0000  VIRIAL  =         0.0000  VOLUME     =     32068.8420
                                                    Density    =         1.0115
 Ewald error estimate:   0.4395E-04
 ------------------------------------------------------------------------------

wrapping first mol.:       11.59272       16.39458       28.39624

 NSTEP =    24000   TIME(PS) =      68.000  TEMP(K) =   291.49  PRESS =     0.0
 Etot   =    -11112.9406  EKtot   =      1882.5493  EPtot      =    -12995.4899
 BOND   =         8.6478  ANGLE   =        15.5815  DIHED      =        15.4156
 1-4 NB =        12.8266  1-4 EEL =      -666.2711  VDWAALS    =      2410.1024
 EELEC  =    -14800.4043  EHBOND  =         0.0000  RESTRAINT  =         8.6117
 EAMBER (non-restraint)  =    -13004.1016
 EKCMT  =         0.0000  VIRIAL  =         0.0000  VOLUME     =     32381.5416
                                                    Density    =         1.0017
 Ewald error estimate:   0.1684E-03
 ------------------------------------------------------------------------------

wrapping first mol.:       11.53988       16.31985       28.26681

 NSTEP =    24500   TIME(PS) =      69.000  TEMP(K) =   292.05  PRESS =     0.0
 Etot   =    -11129.6783  EKtot   =      1886.1918  EPtot      =    -13015.8701
 BOND   =         6.5721  ANGLE   =        13.5732  DIHED      =        11.9748
 1-4 NB =        12.7362  1-4 EEL =      -664.8418  VDWAALS    =      2549.8063
 EELEC  =    -14954.4209  EHBOND  =         0.0000  RESTRAINT  =         8.7300
 EAMBER (non-restraint)  =    -13024.6001
 EKCMT  =         0.0000  VIRIAL  =         0.0000  VOLUME     =     31940.7749
                                                    Density    =         1.0155
 Ewald error estimate:   0.5241E-04
 ------------------------------------------------------------------------------

wrapping first mol.:       11.56900       16.36103       28.33814

 NSTEP =    25000   TIME(PS) =      70.000  TEMP(K) =   300.55  PRESS =     0.0
 Etot   =    -11160.0902  EKtot   =      1941.0871  EPtot      =    -13101.1773
 BOND   =         5.7138  ANGLE   =        12.5782  DIHED      =        13.6282
 1-4 NB =        11.9900  1-4 EEL =      -660.0787  VDWAALS    =      2525.2331
 EELEC  =    -15019.4272  EHBOND  =         0.0000  RESTRAINT  =         9.1854
 EAMBER (non-restraint)  =    -13110.3627
 EKCMT  =         0.0000  VIRIAL  =         0.0000  VOLUME     =     32183.1721
                                                    Density    =         1.0079
 Ewald error estimate:   0.1616E-03
 ------------------------------------------------------------------------------

wrapping first mol.:       11.55215       16.33721       28.29687

 NSTEP =    25500   TIME(PS) =      71.000  TEMP(K) =   292.07  PRESS =     0.0
 Etot   =    -11130.0845  EKtot   =      1886.3248  EPtot      =    -13016.4093
 BOND   =         4.2114  ANGLE   =        16.5139  DIHED      =        13.6944
 1-4 NB =        11.5523  1-4 EEL =      -662.4641  VDWAALS    =      2537.7754
 EELEC  =    -14945.8820  EHBOND  =         0.0000  RESTRAINT  =         8.1895
 EAMBER (non-restraint)  =    -13024.5987
 EKCMT  =         0.0000  VIRIAL  =         0.0000  VOLUME     =     32042.7712
                                                    Density    =         1.0123
 Ewald error estimate:   0.1781E-03
 ------------------------------------------------------------------------------

wrapping first mol.:       11.55517       16.34148       28.30426

 NSTEP =    26000   TIME(PS) =      72.000  TEMP(K) =   293.82  PRESS =     0.0
 Etot   =    -11023.6982  EKtot   =      1897.6236  EPtot      =    -12921.3218
 BOND   =         6.2192  ANGLE   =        11.8962  DIHED      =        14.5376
 1-4 NB =        14.0301  1-4 EEL =      -670.9496  VDWAALS    =      2627.4600
 EELEC  =    -14938.3815  EHBOND  =         0.0000  RESTRAINT  =        13.8663
 EAMBER (non-restraint)  =    -12935.1880
 EKCMT  =         0.0000  VIRIAL  =         0.0000  VOLUME     =     32067.9060
                                                    Density    =         1.0115
 Ewald error estimate:   0.2528E-03
 ------------------------------------------------------------------------------

wrapping first mol.:       11.55282       16.33815       28.29850

 NSTEP =    26500   TIME(PS) =      73.000  TEMP(K) =   298.45  PRESS =     0.0
 Etot   =    -11109.9511  EKtot   =      1927.5299  EPtot      =    -13037.4809
 BOND   =         5.8044  ANGLE   =        13.5913  DIHED      =        15.3557
 1-4 NB =        14.1398  1-4 EEL =      -668.8690  VDWAALS    =      2490.2922
 EELEC  =    -14913.5247  EHBOND  =         0.0000  RESTRAINT  =         5.7294
 EAMBER (non-restraint)  =    -13043.2103
 EKCMT  =         0.0000  VIRIAL  =         0.0000  VOLUME     =     32048.3132
                                                    Density    =         1.0121
 Ewald error estimate:   0.2259E-03
 ------------------------------------------------------------------------------

wrapping first mol.:       11.52886       16.30427       28.23982

 NSTEP =    27000   TIME(PS) =      74.000  TEMP(K) =   291.83  PRESS =     0.0
 Etot   =    -11051.6750  EKtot   =      1884.7417  EPtot      =    -12936.4167
 BOND   =         7.1937  ANGLE   =        10.6189  DIHED      =        14.2247
 1-4 NB =        12.6034  1-4 EEL =      -666.6026  VDWAALS    =      2513.9985
 EELEC  =    -14835.4525  EHBOND  =         0.0000  RESTRAINT  =         6.9993
 EAMBER (non-restraint)  =    -12943.4160
 EKCMT  =         0.0000  VIRIAL  =         0.0000  VOLUME     =     31849.3592
                                                    Density    =         1.0184
 Ewald error estimate:   0.2193E-03
 ------------------------------------------------------------------------------

wrapping first mol.:       11.53461       16.31240       28.25391

 NSTEP =    27500   TIME(PS) =      75.000  TEMP(K) =   297.17  PRESS =     0.0
 Etot   =    -10998.5403  EKtot   =      1919.2216  EPtot      =    -12917.7619
 BOND   =         5.6711  ANGLE   =        12.3431  DIHED      =        17.6273
 1-4 NB =        11.9398  1-4 EEL =      -660.3377  VDWAALS    =      2456.7032
 EELEC  =    -14768.3305  EHBOND  =         0.0000  RESTRAINT  =         6.6218
 EAMBER (non-restraint)  =    -12924.3837
 EKCMT  =         0.0000  VIRIAL  =         0.0000  VOLUME     =     31897.0557
                                                    Density    =         1.0169
 Ewald error estimate:   0.1470E-03
 ------------------------------------------------------------------------------

wrapping first mol.:       11.51985       16.29152       28.21774

 NSTEP =    28000   TIME(PS) =      76.000  TEMP(K) =   297.52  PRESS =     0.0
 Etot   =    -10926.4688  EKtot   =      1921.4977  EPtot      =    -12847.9665
 BOND   =         8.1768  ANGLE   =        14.3433  DIHED      =        12.7695
 1-4 NB =        13.1667  1-4 EEL =      -664.0474  VDWAALS    =      2502.8437
 EELEC  =    -14742.0506  EHBOND  =         0.0000  RESTRAINT  =         6.8314
 EAMBER (non-restraint)  =    -12854.7980
 EKCMT  =         0.0000  VIRIAL  =         0.0000  VOLUME     =     31774.7128
                                                    Density    =         1.0208
 Ewald error estimate:   0.2619E-03
 ------------------------------------------------------------------------------

wrapping first mol.:       11.53475       16.31260       28.25425

 NSTEP =    28500   TIME(PS) =      77.000  TEMP(K) =   289.54  PRESS =     0.0
 Etot   =    -10978.1769  EKtot   =      1869.9657  EPtot      =    -12848.1427
 BOND   =         8.6580  ANGLE   =        13.7773  DIHED      =        14.1472
 1-4 NB =        12.6763  1-4 EEL =      -659.2663  VDWAALS    =      2445.4364
 EELEC  =    -14692.3598  EHBOND  =         0.0000  RESTRAINT  =         8.7882
 EAMBER (non-restraint)  =    -12856.9308
 EKCMT  =         0.0000  VIRIAL  =         0.0000  VOLUME     =     31898.2083
                                                    Density    =         1.0169
 Ewald error estimate:   0.1454E-03
 ------------------------------------------------------------------------------

wrapping first mol.:       11.54128       16.32183       28.27024

 NSTEP =    29000   TIME(PS) =      78.000  TEMP(K) =   296.85  PRESS =     0.0
 Etot   =    -10901.6762  EKtot   =      1917.1597  EPtot      =    -12818.8358
 BOND   =         7.2122  ANGLE   =        18.3895  DIHED      =        15.2833
 1-4 NB =        13.8005  1-4 EEL =      -666.9510  VDWAALS    =      2415.8565
 EELEC  =    -14631.9310  EHBOND  =         0.0000  RESTRAINT  =         9.5041
 EAMBER (non-restraint)  =    -12828.3400
 EKCMT  =         0.0000  VIRIAL  =         0.0000  VOLUME     =     31952.3966
                                                    Density    =         1.0152
 Ewald error estimate:   0.3204E-03
 ------------------------------------------------------------------------------

wrapping first mol.:       11.57897       16.37514       28.36257

 NSTEP =    29500   TIME(PS) =      79.000  TEMP(K) =   299.66  PRESS =     0.0
 Etot   =    -10874.7623  EKtot   =      1935.3094  EPtot      =    -12810.0716
 BOND   =         7.2694  ANGLE   =        15.9273  DIHED      =        17.9017
 1-4 NB =        13.5649  1-4 EEL =      -667.8875  VDWAALS    =      2353.8458
 EELEC  =    -14558.1403  EHBOND  =         0.0000  RESTRAINT  =         7.4470
 EAMBER (non-restraint)  =    -12817.5186
 EKCMT  =         0.0000  VIRIAL  =         0.0000  VOLUME     =     32266.5003
                                                    Density    =         1.0053
 Ewald error estimate:   0.1136E-03
 ------------------------------------------------------------------------------

wrapping first mol.:       11.58825       16.38826       28.38530

 NSTEP =    30000   TIME(PS) =      80.000  TEMP(K) =   301.58  PRESS =     0.0
 Etot   =    -10887.4581  EKtot   =      1947.7187  EPtot      =    -12835.1767
 BOND   =         6.8459  ANGLE   =        11.8922  DIHED      =        15.4664
 1-4 NB =        11.8541  1-4 EEL =      -656.8119  VDWAALS    =      2450.6257
 EELEC  =    -14683.5869  EHBOND  =         0.0000  RESTRAINT  =         8.5378
 EAMBER (non-restraint)  =    -12843.7145
 EKCMT  =         0.0000  VIRIAL  =         0.0000  VOLUME     =     32344.1126
                                                    Density    =         1.0029
 Ewald error estimate:   0.1424E-03
 ------------------------------------------------------------------------------

wrapping first mol.:       11.57974       16.37622       28.36445

 NSTEP =    30500   TIME(PS) =      81.000  TEMP(K) =   300.96  PRESS =     0.0
 Etot   =    -10872.3101  EKtot   =      1943.7252  EPtot      =    -12816.0353
 BOND   =        10.0529  ANGLE   =        19.5236  DIHED      =        20.9607
 1-4 NB =        11.8138  1-4 EEL =      -663.1837  VDWAALS    =      2391.2779
 EELEC  =    -14616.9004  EHBOND  =         0.0000  RESTRAINT  =        10.4199
 EAMBER (non-restraint)  =    -12826.4552
 EKCMT  =         0.0000  VIRIAL  =         0.0000  VOLUME     =     32272.9062
                                                    Density    =         1.0051
 Ewald error estimate:   0.7386E-04
 ------------------------------------------------------------------------------

wrapping first mol.:       11.55849       16.34617       28.31240

 NSTEP =    31000   TIME(PS) =      82.000  TEMP(K) =   297.63  PRESS =     0.0
 Etot   =    -10949.7821  EKtot   =      1922.2219  EPtot      =    -12872.0040
 BOND   =         5.0967  ANGLE   =        14.6319  DIHED      =        18.6443
 1-4 NB =        13.1349  1-4 EEL =      -666.6540  VDWAALS    =      2448.0217
 EELEC  =    -14715.5806  EHBOND  =         0.0000  RESTRAINT  =        10.7010
 EAMBER (non-restraint)  =    -12882.7050
 EKCMT  =         0.0000  VIRIAL  =         0.0000  VOLUME     =     32095.5692
                                                    Density    =         1.0106
 Ewald error estimate:   0.2247E-03
 ------------------------------------------------------------------------------

wrapping first mol.:       11.57698       16.37232       28.35769

 NSTEP =    31500   TIME(PS) =      83.000  TEMP(K) =   305.85  PRESS =     0.0
 Etot   =    -10903.6914  EKtot   =      1975.3115  EPtot      =    -12879.0029
 BOND   =         5.9723  ANGLE   =        18.7538  DIHED      =        12.2990
 1-4 NB =        12.5100  1-4 EEL =      -667.3427  VDWAALS    =      2367.9100
 EELEC  =    -14638.9755  EHBOND  =         0.0000  RESTRAINT  =         9.8702
 EAMBER (non-restraint)  =    -12888.8731
 EKCMT  =         0.0000  VIRIAL  =         0.0000  VOLUME     =     32249.8467
                                                    Density    =         1.0058
 Ewald error estimate:   0.4726E-03
 ------------------------------------------------------------------------------

wrapping first mol.:       11.55661       16.34351       28.30779

 NSTEP =    32000   TIME(PS) =      84.000  TEMP(K) =   300.58  PRESS =     0.0
 Etot   =    -10935.1629  EKtot   =      1941.2707  EPtot      =    -12876.4336
 BOND   =         8.8027  ANGLE   =        11.5910  DIHED      =        15.4597
 1-4 NB =        11.9880  1-4 EEL =      -660.8775  VDWAALS    =      2459.8794
 EELEC  =    -14733.2352  EHBOND  =         0.0000  RESTRAINT  =         9.9583
 EAMBER (non-restraint)  =    -12886.3919
 EKCMT  =         0.0000  VIRIAL  =         0.0000  VOLUME     =     32079.8758
                                                    Density    =         1.0111
 Ewald error estimate:   0.1666E-03
 ------------------------------------------------------------------------------

wrapping first mol.:       11.55661       16.34351       28.30779

 NSTEP =    32500   TIME(PS) =      85.000  TEMP(K) =   292.19  PRESS =     0.0
 Etot   =    -11015.9054  EKtot   =      1887.0830  EPtot      =    -12902.9884
 BOND   =         8.9504  ANGLE   =        18.3456  DIHED      =        15.3711
 1-4 NB =        10.6770  1-4 EEL =      -664.1650  VDWAALS    =      2398.2303
 EELEC  =    -14698.2099  EHBOND  =         0.0000  RESTRAINT  =         7.8121
 EAMBER (non-restraint)  =    -12910.8005
 EKCMT  =         0.0000  VIRIAL  =         0.0000  VOLUME     =     32079.8758
                                                    Density    =         1.0111
 Ewald error estimate:   0.2848E-03
 ------------------------------------------------------------------------------

wrapping first mol.:       11.52699       16.30162       28.23524

 NSTEP =    33000   TIME(PS) =      86.000  TEMP(K) =   304.17  PRESS =     0.0
 Etot   =    -10977.6525  EKtot   =      1964.4369  EPtot      =    -12942.0894
 BOND   =         5.8478  ANGLE   =        11.0281  DIHED      =        15.0636
 1-4 NB =        13.0553  1-4 EEL =      -667.1641  VDWAALS    =      2564.1237
 EELEC  =    -14889.7995  EHBOND  =         0.0000  RESTRAINT  =         5.7557
 EAMBER (non-restraint)  =    -12947.8451
 EKCMT  =         0.0000  VIRIAL  =         0.0000  VOLUME     =     31833.8533
                                                    Density    =         1.0189
 Ewald error estimate:   0.7253E-04
 ------------------------------------------------------------------------------

wrapping first mol.:       11.57244       16.36590       28.34656

 NSTEP =    33500   TIME(PS) =      87.000  TEMP(K) =   299.93  PRESS =     0.0
 Etot   =    -10987.4605  EKtot   =      1937.0502  EPtot      =    -12924.5108
 BOND   =        10.7632  ANGLE   =        13.5934  DIHED      =        13.8353
 1-4 NB =        12.0276  1-4 EEL =      -661.3759  VDWAALS    =      2388.7883
 EELEC  =    -14708.4807  EHBOND  =         0.0000  RESTRAINT  =         6.3379
 EAMBER (non-restraint)  =    -12930.8487
 EKCMT  =         0.0000  VIRIAL  =         0.0000  VOLUME     =     32211.8890
                                                    Density    =         1.0070
 Ewald error estimate:   0.4945E-03
 ------------------------------------------------------------------------------

wrapping first mol.:       11.56728       16.35860       28.33393

 NSTEP =    34000   TIME(PS) =      88.000  TEMP(K) =   293.93  PRESS =     0.0
 Etot   =    -11011.1442  EKtot   =      1898.3110  EPtot      =    -12909.4552
 BOND   =        13.5650  ANGLE   =        14.6964  DIHED      =        15.4917
 1-4 NB =        11.2129  1-4 EEL =      -672.1112  VDWAALS    =      2538.8930
 EELEC  =    -14839.8169  EHBOND  =         0.0000  RESTRAINT  =         8.6140
 EAMBER (non-restraint)  =    -12918.0691
 EKCMT  =         0.0000  VIRIAL  =         0.0000  VOLUME     =     32168.8378
                                                    Density    =         1.0083
 Ewald error estimate:   0.8061E-05
 ------------------------------------------------------------------------------

wrapping first mol.:       11.56396       16.35391       28.32580

 NSTEP =    34500   TIME(PS) =      89.000  TEMP(K) =   297.87  PRESS =     0.0
 Etot   =    -10979.6496  EKtot   =      1923.7757  EPtot      =    -12903.4253
 BOND   =         4.6727  ANGLE   =        12.3882  DIHED      =        14.2536
 1-4 NB =        12.1253  1-4 EEL =      -660.2099  VDWAALS    =      2498.1194
 EELEC  =    -14793.1956  EHBOND  =         0.0000  RESTRAINT  =         8.4210
 EAMBER (non-restraint)  =    -12911.8463
 EKCMT  =         0.0000  VIRIAL  =         0.0000  VOLUME     =     32141.1533
                                                    Density    =         1.0092
 Ewald error estimate:   0.1636E-03
 ------------------------------------------------------------------------------

wrapping first mol.:       11.56507       16.35547       28.32851

 NSTEP =    35000   TIME(PS) =      90.000  TEMP(K) =   307.13  PRESS =     0.0
 Etot   =    -10971.9651  EKtot   =      1983.5538  EPtot      =    -12955.5189
 BOND   =         5.0672  ANGLE   =        14.4561  DIHED      =        16.1000
 1-4 NB =        14.5901  1-4 EEL =      -669.8357  VDWAALS    =      2429.1083
 EELEC  =    -14772.0076  EHBOND  =         0.0000  RESTRAINT  =         7.0027
 EAMBER (non-restraint)  =    -12962.5216
 EKCMT  =         0.0000  VIRIAL  =         0.0000  VOLUME     =     32150.3833
                                                    Density    =         1.0089
 Ewald error estimate:   0.7051E-04
 ------------------------------------------------------------------------------

wrapping first mol.:       11.53173       16.30832       28.24684

 NSTEP =    35500   TIME(PS) =      91.000  TEMP(K) =   298.11  PRESS =     0.0
 Etot   =    -10935.9140  EKtot   =      1925.3125  EPtot      =    -12861.2265
 BOND   =         8.2611  ANGLE   =        15.2587  DIHED      =        17.3922
 1-4 NB =        12.6492  1-4 EEL =      -670.5804  VDWAALS    =      2481.8779
 EELEC  =    -14735.6084  EHBOND  =         0.0000  RESTRAINT  =         9.5232
 EAMBER (non-restraint)  =    -12870.7497
 EKCMT  =         0.0000  VIRIAL  =         0.0000  VOLUME     =     31873.1291
                                                    Density    =         1.0177
 Ewald error estimate:   0.3893E-03
 ------------------------------------------------------------------------------

wrapping first mol.:       11.61256       16.42264       28.44484

 NSTEP =    36000   TIME(PS) =      92.000  TEMP(K) =   299.81  PRESS =     0.0
 Etot   =    -10958.9830  EKtot   =      1936.2558  EPtot      =    -12895.2388
 BOND   =         4.5222  ANGLE   =        15.2938  DIHED      =        16.8409
 1-4 NB =        11.6979  1-4 EEL =      -660.9630  VDWAALS    =      2461.7639
 EELEC  =    -14753.9223  EHBOND  =         0.0000  RESTRAINT  =         9.5278
 EAMBER (non-restraint)  =    -12904.7666
 EKCMT  =         0.0000  VIRIAL  =         0.0000  VOLUME     =     32548.0870
                                                    Density    =         0.9966
 Ewald error estimate:   0.8970E-04
 ------------------------------------------------------------------------------

wrapping first mol.:       11.58495       16.38359       28.37721

 NSTEP =    36500   TIME(PS) =      93.000  TEMP(K) =   308.58  PRESS =     0.0
 Etot   =    -11007.0935  EKtot   =      1992.9301  EPtot      =    -13000.0237
 BOND   =         8.6607  ANGLE   =        17.4097  DIHED      =        13.9123
 1-4 NB =        12.4685  1-4 EEL =      -659.8372  VDWAALS    =      2451.8009
 EELEC  =    -14852.1335  EHBOND  =         0.0000  RESTRAINT  =         7.6950
 EAMBER (non-restraint)  =    -13007.7187
 EKCMT  =         0.0000  VIRIAL  =         0.0000  VOLUME     =     32316.4708
                                                    Density    =         1.0037
 Ewald error estimate:   0.2527E-03
 ------------------------------------------------------------------------------

wrapping first mol.:       11.53248       16.30939       28.24870

 NSTEP =    37000   TIME(PS) =      94.000  TEMP(K) =   298.77  PRESS =     0.0
 Etot   =    -11018.3611  EKtot   =      1929.5801  EPtot      =    -12947.9412
 BOND   =         4.7481  ANGLE   =        18.0156  DIHED      =        15.3062
 1-4 NB =        13.4502  1-4 EEL =      -665.2062  VDWAALS    =      2566.7423
 EELEC  =    -14911.0248  EHBOND  =         0.0000  RESTRAINT  =        10.0275
 EAMBER (non-restraint)  =    -12957.9687
 EKCMT  =         0.0000  VIRIAL  =         0.0000  VOLUME     =     31879.4087
                                                    Density    =         1.0175
 Ewald error estimate:   0.9247E-04
 ------------------------------------------------------------------------------

wrapping first mol.:       11.55258       16.33782       28.29793

 NSTEP =    37500   TIME(PS) =      95.000  TEMP(K) =   296.64  PRESS =     0.0
 Etot   =    -10991.6509  EKtot   =      1915.7944  EPtot      =    -12907.4452
 BOND   =         5.9968  ANGLE   =        15.2243  DIHED      =        11.6720
 1-4 NB =        12.2402  1-4 EEL =      -665.3250  VDWAALS    =      2403.3560
 EELEC  =    -14704.0625  EHBOND  =         0.0000  RESTRAINT  =        13.4531
 EAMBER (non-restraint)  =    -12920.8983
 EKCMT  =         0.0000  VIRIAL  =         0.0000  VOLUME     =     32046.3777
                                                    Density    =         1.0122
 Ewald error estimate:   0.1545E-03
 ------------------------------------------------------------------------------

wrapping first mol.:       11.56537       16.35590       28.32924

 NSTEP =    38000   TIME(PS) =      96.000  TEMP(K) =   296.46  PRESS =     0.0
 Etot   =    -10943.8024  EKtot   =      1914.6661  EPtot      =    -12858.4684
 BOND   =         5.6176  ANGLE   =        12.0271  DIHED      =        16.8897
 1-4 NB =        11.6560  1-4 EEL =      -664.9997  VDWAALS    =      2427.4932
 EELEC  =    -14679.9370  EHBOND  =         0.0000  RESTRAINT  =        12.7847
 EAMBER (non-restraint)  =    -12871.2531
 EKCMT  =         0.0000  VIRIAL  =         0.0000  VOLUME     =     32152.8735
                                                    Density    =         1.0088
 Ewald error estimate:   0.1149E-03
 ------------------------------------------------------------------------------

wrapping first mol.:       11.56717       16.35845       28.33366

 NSTEP =    38500   TIME(PS) =      97.000  TEMP(K) =   300.07  PRESS =     0.0
 Etot   =    -10972.9025  EKtot   =      1937.9584  EPtot      =    -12910.8609
 BOND   =         4.8969  ANGLE   =        16.2704  DIHED      =        17.7014
 1-4 NB =        13.3078  1-4 EEL =      -665.4660  VDWAALS    =      2432.9425
 EELEC  =    -14738.9089  EHBOND  =         0.0000  RESTRAINT  =         8.3951
 EAMBER (non-restraint)  =    -12919.2560
 EKCMT  =         0.0000  VIRIAL  =         0.0000  VOLUME     =     32167.9119
                                                    Density    =         1.0084
 Ewald error estimate:   0.2589E-03
 ------------------------------------------------------------------------------

wrapping first mol.:       11.56398       16.35394       28.32585

 NSTEP =    39000   TIME(PS) =      98.000  TEMP(K) =   303.08  PRESS =     0.0
 Etot   =    -10979.0823  EKtot   =      1957.3961  EPtot      =    -12936.4784
 BOND   =         9.9599  ANGLE   =        11.5233  DIHED      =        15.4411
 1-4 NB =        15.1829  1-4 EEL =      -671.2954  VDWAALS    =      2453.6794
 EELEC  =    -14778.8724  EHBOND  =         0.0000  RESTRAINT  =         7.9029
 EAMBER (non-restraint)  =    -12944.3813
 EKCMT  =         0.0000  VIRIAL  =         0.0000  VOLUME     =     32141.3286
                                                    Density    =         1.0092
 Ewald error estimate:   0.2840E-03
 ------------------------------------------------------------------------------

wrapping first mol.:       11.58591       16.38495       28.37956

 NSTEP =    39500   TIME(PS) =      99.000  TEMP(K) =   298.74  PRESS =     0.0
 Etot   =    -10960.3221  EKtot   =      1929.3556  EPtot      =    -12889.6776
 BOND   =         6.5880  ANGLE   =        16.0523  DIHED      =        12.7449
 1-4 NB =        13.9822  1-4 EEL =      -662.8749  VDWAALS    =      2453.7110
 EELEC  =    -14738.3709  EHBOND  =         0.0000  RESTRAINT  =         8.4896
 EAMBER (non-restraint)  =    -12898.1673
 EKCMT  =         0.0000  VIRIAL  =         0.0000  VOLUME     =     32324.5031
                                                    Density    =         1.0035
 Ewald error estimate:   0.5560E-05
 ------------------------------------------------------------------------------

wrapping first mol.:       11.60417       16.41078       28.42430

 NSTEP =    40000   TIME(PS) =     100.000  TEMP(K) =   299.26  PRESS =     0.0
 Etot   =    -10920.4232  EKtot   =      1932.7476  EPtot      =    -12853.1709
 BOND   =        10.5270  ANGLE   =        13.9419  DIHED      =        14.7896
 1-4 NB =        12.9193  1-4 EEL =      -664.1396  VDWAALS    =      2447.9415
 EELEC  =    -14697.1095  EHBOND  =         0.0000  RESTRAINT  =         7.9589
 EAMBER (non-restraint)  =    -12861.1297
 EKCMT  =         0.0000  VIRIAL  =         0.0000  VOLUME     =     32477.6287
                                                    Density    =         0.9987
 Ewald error estimate:   0.7926E-04
 ------------------------------------------------------------------------------

wrapping first mol.:       11.58605       16.38515       28.37990

 NSTEP =    40500   TIME(PS) =     101.000  TEMP(K) =   292.10  PRESS =     0.0
 Etot   =    -11023.1974  EKtot   =      1886.5111  EPtot      =    -12909.7084
 BOND   =        11.3168  ANGLE   =        16.5991  DIHED      =        13.0830
 1-4 NB =        14.6053  1-4 EEL =      -675.0436  VDWAALS    =      2485.6082
 EELEC  =    -14788.7430  EHBOND  =         0.0000  RESTRAINT  =        12.8658
 EAMBER (non-restraint)  =    -12922.5743
 EKCMT  =         0.0000  VIRIAL  =         0.0000  VOLUME     =     32325.6775
                                                    Density    =         1.0034
 Ewald error estimate:   0.2487E-03
 ------------------------------------------------------------------------------

wrapping first mol.:       11.56645       16.35743       28.33190

 NSTEP =    41000   TIME(PS) =     102.000  TEMP(K) =   310.92  PRESS =     0.0
 Etot   =    -10899.9384  EKtot   =      2008.0293  EPtot      =    -12907.9677
 BOND   =         6.0413  ANGLE   =        15.0488  DIHED      =        15.0246
 1-4 NB =        14.0722  1-4 EEL =      -671.6180  VDWAALS    =      2496.3934
 EELEC  =    -14791.9561  EHBOND  =         0.0000  RESTRAINT  =         9.0261
 EAMBER (non-restraint)  =    -12916.9938
 EKCMT  =         0.0000  VIRIAL  =         0.0000  VOLUME     =     32161.9278
                                                    Density    =         1.0085
 Ewald error estimate:   0.4201E-04
 ------------------------------------------------------------------------------

wrapping first mol.:       11.62195       16.43592       28.46785

 NSTEP =    41500   TIME(PS) =     103.000  TEMP(K) =   305.84  PRESS =     0.0
 Etot   =    -10915.1719  EKtot   =      1975.2421  EPtot      =    -12890.4140
 BOND   =        12.1201  ANGLE   =        12.1168  DIHED      =        15.4236
 1-4 NB =        13.2222  1-4 EEL =      -667.2696  VDWAALS    =      2342.4992
 EELEC  =    -14631.1030  EHBOND  =         0.0000  RESTRAINT  =        12.5768
 EAMBER (non-restraint)  =    -12902.9908
 EKCMT  =         0.0000  VIRIAL  =         0.0000  VOLUME     =     32627.1404
                                                    Density    =         0.9942
 Ewald error estimate:   0.1845E-03
 ------------------------------------------------------------------------------

wrapping first mol.:       11.62748       16.44374       28.48140

 NSTEP =    42000   TIME(PS) =     104.000  TEMP(K) =   305.41  PRESS =     0.0
 Etot   =    -10941.8956  EKtot   =      1972.4254  EPtot      =    -12914.3210
 BOND   =         9.2943  ANGLE   =        17.6312  DIHED      =        15.6777
 1-4 NB =        14.1916  1-4 EEL =      -668.6895  VDWAALS    =      2436.3128
 EELEC  =    -14752.5541  EHBOND  =         0.0000  RESTRAINT  =        13.8151
 EAMBER (non-restraint)  =    -12928.1361
 EKCMT  =         0.0000  VIRIAL  =         0.0000  VOLUME     =     32673.7373
                                                    Density    =         0.9927
 Ewald error estimate:   0.4890E-03
 ------------------------------------------------------------------------------

wrapping first mol.:       11.62930       16.44631       28.48584

 NSTEP =    42500   TIME(PS) =     105.000  TEMP(K) =   293.69  PRESS =     0.0
 Etot   =    -11002.8257  EKtot   =      1896.7448  EPtot      =    -12899.5705
 BOND   =         7.1660  ANGLE   =        19.3924  DIHED      =        12.5383
 1-4 NB =        12.1015  1-4 EEL =      -666.3584  VDWAALS    =      2429.4790
 EELEC  =    -14723.1304  EHBOND  =         0.0000  RESTRAINT  =         9.2410
 EAMBER (non-restraint)  =    -12908.8115
 EKCMT  =         0.0000  VIRIAL  =         0.0000  VOLUME     =     32689.0415
                                                    Density    =         0.9923
 Ewald error estimate:   0.4187E-03
 ------------------------------------------------------------------------------

wrapping first mol.:       11.58971       16.39033       28.38888

 NSTEP =    43000   TIME(PS) =     106.000  TEMP(K) =   305.14  PRESS =     0.0
 Etot   =    -10960.8512  EKtot   =      1970.7083  EPtot      =    -12931.5595
 BOND   =         5.1281  ANGLE   =        16.9112  DIHED      =        14.5038
 1-4 NB =        12.9164  1-4 EEL =      -662.1096  VDWAALS    =      2579.4125
 EELEC  =    -14906.9524  EHBOND  =         0.0000  RESTRAINT  =         8.6306
 EAMBER (non-restraint)  =    -12940.1901
 EKCMT  =         0.0000  VIRIAL  =         0.0000  VOLUME     =     32356.3576
                                                    Density    =         1.0025
 Ewald error estimate:   0.4837E-04
 ------------------------------------------------------------------------------

wrapping first mol.:       11.56706       16.35829       28.33339

 NSTEP =    43500   TIME(PS) =     107.000  TEMP(K) =   294.98  PRESS =     0.0
 Etot   =    -11001.1807  EKtot   =      1905.0692  EPtot      =    -12906.2499
 BOND   =         6.6852  ANGLE   =        19.7859  DIHED      =        15.9583
 1-4 NB =        13.6733  1-4 EEL =      -664.5799  VDWAALS    =      2566.9828
 EELEC  =    -14876.2551  EHBOND  =         0.0000  RESTRAINT  =        11.4997
 EAMBER (non-restraint)  =    -12917.7495
 EKCMT  =         0.0000  VIRIAL  =         0.0000  VOLUME     =     32166.9847
                                                    Density    =         1.0084
 Ewald error estimate:   0.2987E-03
 ------------------------------------------------------------------------------

wrapping first mol.:       11.56457       16.35476       28.32728

 NSTEP =    44000   TIME(PS) =     108.000  TEMP(K) =   289.26  PRESS =     0.0
 Etot   =    -11044.7600  EKtot   =      1868.1387  EPtot      =    -12912.8987
 BOND   =         9.9383  ANGLE   =        11.7243  DIHED      =        14.7030
 1-4 NB =        12.7149  1-4 EEL =      -664.2429  VDWAALS    =      2533.6849
 EELEC  =    -14840.4004  EHBOND  =         0.0000  RESTRAINT  =         8.9791
 EAMBER (non-restraint)  =    -12921.8778
 EKCMT  =         0.0000  VIRIAL  =         0.0000  VOLUME     =     32146.1967
                                                    Density    =         1.0090
 Ewald error estimate:   0.7039E-04
 ------------------------------------------------------------------------------

wrapping first mol.:       11.58689       16.38634       28.38196

 NSTEP =    44500   TIME(PS) =     109.000  TEMP(K) =   299.41  PRESS =     0.0
 Etot   =    -10983.7463  EKtot   =      1933.7099  EPtot      =    -12917.4562
 BOND   =         6.7650  ANGLE   =        19.5166  DIHED      =        18.4526
 1-4 NB =        13.1921  1-4 EEL =      -672.6079  VDWAALS    =      2501.1513
 EELEC  =    -14814.3929  EHBOND  =         0.0000  RESTRAINT  =        10.4670
 EAMBER (non-restraint)  =    -12927.9232
 EKCMT  =         0.0000  VIRIAL  =         0.0000  VOLUME     =     32332.7200
                                                    Density    =         1.0032
 Ewald error estimate:   0.7616E-04
 ------------------------------------------------------------------------------

wrapping first mol.:       11.58241       16.38000       28.37100

 NSTEP =    45000   TIME(PS) =     110.000  TEMP(K) =   296.01  PRESS =     0.0
 Etot   =    -10984.0106  EKtot   =      1911.7145  EPtot      =    -12895.7251
 BOND   =         9.6166  ANGLE   =        15.1856  DIHED      =        15.6110
 1-4 NB =        14.2394  1-4 EEL =      -673.6188  VDWAALS    =      2625.4078
 EELEC  =    -14911.3537  EHBOND  =         0.0000  RESTRAINT  =         9.1870
 EAMBER (non-restraint)  =    -12904.9121
 EKCMT  =         0.0000  VIRIAL  =         0.0000  VOLUME     =     32295.2578
                                                    Density    =         1.0044
 Ewald error estimate:   0.2261E-03
 ------------------------------------------------------------------------------

wrapping first mol.:       11.54825       16.33170       28.28733

 NSTEP =    45500   TIME(PS) =     111.000  TEMP(K) =   296.67  PRESS =     0.0
 Etot   =    -10953.4224  EKtot   =      1915.9775  EPtot      =    -12869.3999
 BOND   =         9.4141  ANGLE   =        14.0623  DIHED      =        15.8980
 1-4 NB =        12.2280  1-4 EEL =      -671.1166  VDWAALS    =      2586.2816
 EELEC  =    -14844.1469  EHBOND  =         0.0000  RESTRAINT  =         7.9796
 EAMBER (non-restraint)  =    -12877.3795
 EKCMT  =         0.0000  VIRIAL  =         0.0000  VOLUME     =     32010.3642
                                                    Density    =         1.0133
 Ewald error estimate:   0.2482E-03
 ------------------------------------------------------------------------------

wrapping first mol.:       11.55717       16.34430       28.30916

 NSTEP =    46000   TIME(PS) =     112.000  TEMP(K) =   302.37  PRESS =     0.0
 Etot   =    -10945.8759  EKtot   =      1952.8469  EPtot      =    -12898.7228
 BOND   =         7.7672  ANGLE   =        16.7170  DIHED      =        14.3020
 1-4 NB =        11.8383  1-4 EEL =      -668.1221  VDWAALS    =      2471.0061
 EELEC  =    -14759.9468  EHBOND  =         0.0000  RESTRAINT  =         7.7154
 EAMBER (non-restraint)  =    -12906.4383
 EKCMT  =         0.0000  VIRIAL  =         0.0000  VOLUME     =     32084.5490
                                                    Density    =         1.0110
 Ewald error estimate:   0.9027E-04
 ------------------------------------------------------------------------------

wrapping first mol.:       11.57765       16.37327       28.35933

 NSTEP =    46500   TIME(PS) =     113.000  TEMP(K) =   307.42  PRESS =     0.0
 Etot   =    -10885.7264  EKtot   =      1985.4082  EPtot      =    -12871.1346
 BOND   =         7.8929  ANGLE   =        14.7606  DIHED      =        13.8231
 1-4 NB =        11.7123  1-4 EEL =      -663.1557  VDWAALS    =      2504.1889
 EELEC  =    -14770.8038  EHBOND  =         0.0000  RESTRAINT  =        10.4471
 EAMBER (non-restraint)  =    -12881.5817
 EKCMT  =         0.0000  VIRIAL  =         0.0000  VOLUME     =     32255.4190
                                                    Density    =         1.0056
 Ewald error estimate:   0.2790E-03
 ------------------------------------------------------------------------------

wrapping first mol.:       11.56966       16.36197       28.33976

 NSTEP =    47000   TIME(PS) =     114.000  TEMP(K) =   299.84  PRESS =     0.0
 Etot   =    -10996.1299  EKtot   =      1936.4983  EPtot      =    -12932.6281
 BOND   =         5.2321  ANGLE   =        13.4441  DIHED      =        13.0461
 1-4 NB =        12.3336  1-4 EEL =      -666.2393  VDWAALS    =      2428.3930
 EELEC  =    -14746.5531  EHBOND  =         0.0000  RESTRAINT  =         7.7152
 EAMBER (non-restraint)  =    -12940.3434
 EKCMT  =         0.0000  VIRIAL  =         0.0000  VOLUME     =     32188.6967
                                                    Density    =         1.0077
 Ewald error estimate:   0.1777E-04
 ------------------------------------------------------------------------------

wrapping first mol.:       11.56966       16.36197       28.33976

 NSTEP =    47500   TIME(PS) =     115.000  TEMP(K) =   292.01  PRESS =     0.0
 Etot   =    -10988.5915  EKtot   =      1885.8926  EPtot      =    -12874.4841
 BOND   =         8.0105  ANGLE   =        13.5930  DIHED      =        14.5164
 1-4 NB =        13.6961  1-4 EEL =      -674.8798  VDWAALS    =      2482.1445
 EELEC  =    -14740.9388  EHBOND  =         0.0000  RESTRAINT  =         9.3741
 EAMBER (non-restraint)  =    -12883.8581
 EKCMT  =         0.0000  VIRIAL  =         0.0000  VOLUME     =     32188.6967
                                                    Density    =         1.0077
 Ewald error estimate:   0.3685E-03
 ------------------------------------------------------------------------------

wrapping first mol.:       11.57737       16.37287       28.35864

 NSTEP =    48000   TIME(PS) =     116.000  TEMP(K) =   294.63  PRESS =     0.0
 Etot   =    -11006.6481  EKtot   =      1902.8252  EPtot      =    -12909.4733
 BOND   =         9.5578  ANGLE   =        16.2453  DIHED      =        14.2778
 1-4 NB =        14.9087  1-4 EEL =      -665.6248  VDWAALS    =      2371.8651
 EELEC  =    -14680.3276  EHBOND  =         0.0000  RESTRAINT  =         9.6244
 EAMBER (non-restraint)  =    -12919.0977
 EKCMT  =         0.0000  VIRIAL  =         0.0000  VOLUME     =     32253.0760
                                                    Density    =         1.0057
 Ewald error estimate:   0.2604E-04
 ------------------------------------------------------------------------------

wrapping first mol.:       11.55263       16.33789       28.29805

 NSTEP =    48500   TIME(PS) =     117.000  TEMP(K) =   300.20  PRESS =     0.0
 Etot   =    -11012.7329  EKtot   =      1938.7917  EPtot      =    -12951.5246
 BOND   =         8.0788  ANGLE   =        19.1520  DIHED      =        14.4803
 1-4 NB =        13.1075  1-4 EEL =      -671.4701  VDWAALS    =      2470.8499
 EELEC  =    -14817.2924  EHBOND  =         0.0000  RESTRAINT  =        11.5694
 EAMBER (non-restraint)  =    -12963.0940
 EKCMT  =         0.0000  VIRIAL  =         0.0000  VOLUME     =     32046.7865
                                                    Density    =         1.0122
 Ewald error estimate:   0.2574E-04
 ------------------------------------------------------------------------------

wrapping first mol.:       11.55113       16.33576       28.29436

 NSTEP =    49000   TIME(PS) =     118.000  TEMP(K) =   296.24  PRESS =     0.0
 Etot   =    -10949.6380  EKtot   =      1913.2162  EPtot      =    -12862.8542
 BOND   =         6.4876  ANGLE   =        20.2002  DIHED      =        13.3672
 1-4 NB =        13.5920  1-4 EEL =      -669.7727  VDWAALS    =      2458.9989
 EELEC  =    -14715.1980  EHBOND  =         0.0000  RESTRAINT  =         9.4706
 EAMBER (non-restraint)  =    -12872.3248
 EKCMT  =         0.0000  VIRIAL  =         0.0000  VOLUME     =     32034.2594
                                                    Density    =         1.0126
 Ewald error estimate:   0.7822E-04
 ------------------------------------------------------------------------------

wrapping first mol.:       11.54240       16.32342       28.27298

 NSTEP =    49500   TIME(PS) =     119.000  TEMP(K) =   298.69  PRESS =     0.0
 Etot   =    -10949.3668  EKtot   =      1929.0804  EPtot      =    -12878.4472
 BOND   =         6.6671  ANGLE   =        18.4845  DIHED      =        14.1771
 1-4 NB =        11.8306  1-4 EEL =      -666.5587  VDWAALS    =      2446.3751
 EELEC  =    -14715.8682  EHBOND  =         0.0000  RESTRAINT  =         6.4453
 EAMBER (non-restraint)  =    -12884.8925
 EKCMT  =         0.0000  VIRIAL  =         0.0000  VOLUME     =     31961.7045
                                                    Density    =         1.0149
 Ewald error estimate:   0.3315E-03
 ------------------------------------------------------------------------------

wrapping first mol.:       11.55694       16.34398       28.30860
wrapping first mol.:       11.55694       16.34398       28.30860

 NSTEP =    50000   TIME(PS) =     120.000  TEMP(K) =   286.13  PRESS =     0.0
 Etot   =    -11065.2803  EKtot   =      1847.9273  EPtot      =    -12913.2077
 BOND   =         5.9146  ANGLE   =        22.8263  DIHED      =        11.1391
 1-4 NB =        12.5594  1-4 EEL =      -666.2937  VDWAALS    =      2468.8374
 EELEC  =    -14777.0932  EHBOND  =         0.0000  RESTRAINT  =         8.9024
 EAMBER (non-restraint)  =    -12922.1101
 EKCMT  =         0.0000  VIRIAL  =         0.0000  VOLUME     =     32082.6489
                                                    Density    =         1.0110
 Ewald error estimate:   0.1886E-04
 ------------------------------------------------------------------------------


      A V E R A G E S   O V E R     100 S T E P S


 NSTEP =    50000   TIME(PS) =     120.000  TEMP(K) =   298.50  PRESS =     0.0
 Etot   =    -10958.6037  EKtot   =      1927.8007  EPtot      =    -12886.4043
 BOND   =         7.5740  ANGLE   =        15.5922  DIHED      =        14.9947
 1-4 NB =        12.7451  1-4 EEL =      -666.0446  VDWAALS    =      2461.9525
 EELEC  =    -14742.3905  EHBOND  =         0.0000  RESTRAINT  =         9.1722
 EAMBER (non-restraint)  =    -12895.5766
 EKCMT  =         0.0000  VIRIAL  =         0.0000  VOLUME     =     32528.4659
                                                    Density    =         0.9980
 Ewald error estimate:   0.1792E-03
 ------------------------------------------------------------------------------


      R M S  F L U C T U A T I O N S


 NSTEP =    50000   TIME(PS) =     120.000  TEMP(K) =     5.16  PRESS =     0.0
 Etot   =        86.4305  EKtot   =        33.3395  EPtot      =        77.4821
 BOND   =         2.4643  ANGLE   =         3.0474  DIHED      =         1.7623
 1-4 NB =         0.9492  1-4 EEL =         4.5459  VDWAALS    =        81.8399
 EELEC  =       142.5304  EHBOND  =         0.0000  RESTRAINT  =         1.9110
 EAMBER (non-restraint)  =        75.5711
 EKCMT  =         0.0000  VIRIAL  =         0.0000  VOLUME     =       971.4146
                                                    Density    =         0.0275
 Ewald error estimate:   0.1213E-03
 ------------------------------------------------------------------------------

| MC Barostat:        500 volume changes attempted.
| MC Barostat:        232 changes successful ( 46.40%)
 ------------------------------------------------------------------------------

--------------------------------------------------------------------------------
   5.  TIMINGS
--------------------------------------------------------------------------------

|  NonSetup CPU Time in Major Routines, Average for All Tasks:
|
|     Routine           Sec        %
|     ------------------------------
|     DataDistrib       9.56    9.29
|     Nonbond          87.89   85.37
|     Bond              0.13    0.13
|     Angle             0.16    0.15
|     Dihedral          0.20    0.20
|     Shake             0.60    0.59
|     RunMD             4.21    4.09
|     Other             0.19    0.18
|     ------------------------------
|     Total           102.95

|  PME Nonbond Pairlist CPU Time, Average for All Tasks:
|
|     Routine              Sec        %
|     ---------------------------------
|     Set Up Cit           0.29    0.28
|     Build List          10.44   10.14
|     ---------------------------------
|     Total               10.73   10.42

|  PME Direct Force CPU Time, Average for All Tasks:
|
|     Routine              Sec        %
|     ---------------------------------
|     NonBonded Calc      60.63   58.89
|     Exclude Masked       0.67    0.66
|     Other                2.44    2.37
|     ---------------------------------
|     Total               63.74   61.91

|  PME Reciprocal Force CPU Time, Average for All Tasks:
|
|     Routine              Sec        %
|     ---------------------------------
|     1D bspline           1.11    1.08
|     Grid Charges         1.21    1.18
|     Scalar Sum           1.16    1.12
|     Gradient Sum         2.10    2.04
|     FFT                  7.55    7.33
|     ---------------------------------
|     Total               13.13   12.75

|  PME Load Balancing CPU Time, Average for All Tasks:
|
|     Routine                 Sec        %
|     ------------------------------------
|     Atom Reassign           0.00    0.00
|     Image Reassign          0.00    0.00
|     FFT Reassign            0.00    0.00
|     ------------------------------------
|     Total                   0.01    0.01

|  Final Performance Info:
|     -----------------------------------------------------
|     Average timings for last   20000 steps:
|     Elapsed(s) =      41.53 Per Step(ms) =       2.08
|         ns/day =      83.22   seconds/ns =    1038.21
|
|     Average timings for all steps:
|     Elapsed(s) =     103.07 Per Step(ms) =       2.06
|         ns/day =      83.83   seconds/ns =    1030.70
|     -----------------------------------------------------

|  Master Setup CPU time:            0.03 seconds
|  Master NonSetup CPU time:       102.56 seconds
|  Master Total CPU time:          102.59 seconds     0.03 hours

|  Master Setup wall time:           0    seconds
|  Master NonSetup wall time:      103    seconds
|  Master Total wall time:         103    seconds     0.03 hours
