
          -------------------------------------------------------
          Amber 18 PMEMD                              2018
          -------------------------------------------------------

| PMEMD implementation of SANDER, Release 18

| Run on 03/09/2022 at 00:26:08

|   Executable path: pmemd.MPI
| Working directory: /bgfs/lchong/dty7/ff15ipq-lig/charges/v00/GenConformers/Conf2
|          Hostname: smp-n123

  [-O]verwriting output

File Assignments:
|   MDIN: ../../../amber/6.2_eq1.in                                             
|  MDOUT: 6.2_eq1.out                                                           
| INPCRD: 6.1_min.rst                                                           
|   PARM: ../../mon.top                                                         
| RESTRT: 6.2_eq1.rst                                                           
|   REFC: 6.1_min.rst                                                           
|  MDVEL: mdvel                                                                 
|   MDEN: mden                                                                  
|  MDCRD: mdcrd                                                                 
| MDINFO: mdinfo                                                                
|LOGFILE: logfile                                                               
|  MDFRC: mdfrc                                                                 

 
 Here is the input file:
 
&cntrl                                                                         
  imin      = 0,                                                               
  irest     = 0,                                                               
  ntx       = 1,                                                               
  ig        = -1,                                                              
  dt        = 0.002,                                                           
  nstlim    = 10000,                                                           
  nscm      = 500,                                                             
  ntr       = 1,                                                               
  restraintmask = ':1',                                                        
  restraint_wt  = 10.0,                                                        
  ntb       = 1,                                                               
  ntp       = 0,                                                               
  ntt       = 3,                                                               
  tempi     = 298.0,                                                           
  temp0     = 298.0,                                                           
  gamma_ln  = 1.0,                                                             
  ntf       = 2,                                                               
  ntc       = 2,                                                               
  cut       = 10.0,                                                            
  ntpr      = 500,                                                             
  ntxo      = 2,                                                               
  ntwr      = 10000,                                                           
  ioutfm    = 1,                                                               
  ntwx      = 500,                                                             
  iwrap     = 1,                                                               
&end                                                                           


Note: ig = -1. Setting random seed to   795359 based on wallclock time in
      microseconds and disabling the synchronization of random numbers 
      between tasks to improve performance.
| irandom = 1, using AMBER's internal random number generator (default).
 
 
| Conditional Compilation Defines Used:
| MPI
| FFTW_FFT
| BINTRAJ
| MKL
| EMIL
 
| Largest sphere to fit in unit cell has radius =    14.715

| New format PARM file being parsed.
| Version =    1.000 Date = 03/08/22 Time = 18:50:46

| Note: 1-4 EEL scale factors are being read from the topology file.

| Note: 1-4 VDW scale factors are being read from the topology file.
| Duplicated    0 dihedrals

| Duplicated    0 dihedrals

--------------------------------------------------------------------------------
   1.  RESOURCE   USE: 
--------------------------------------------------------------------------------

 getting box info from netcdf restart file
 NATOM  =    3240 NTYPES =      14 NBONH =    3220 MBONA  =      21
 NTHETH =      33 MTHETA =      29 NPHIH =      58 MPHIA  =      46
 NHPARM =       0 NPARM  =       0 NNB   =    4456 NRES   =    1069
 NBONA  =      21 NTHETA =      29 NPHIA =      46 NUMBND =      22
 NUMANG =      35 NPTRA  =      22 NATYP =      17 NPHB   =       1
 IFBOX  =       2 NMXRS  =      36 IFCAP =       0 NEXTRA =       0
 NCOPY  =       0

| Coordinate Index Table dimensions:     5    5    5
| Direct force subcell size =     7.2087    7.2087    7.2087

     BOX TYPE: TRUNCATED OCTAHEDRON

--------------------------------------------------------------------------------
   2.  CONTROL  DATA  FOR  THE  RUN
--------------------------------------------------------------------------------

MON                                                                             

General flags:
     imin    =       0, nmropt  =       0

Nature and format of input:
     ntx     =       1, irest   =       0, ntrx    =       1

Nature and format of output:
     ntxo    =       2, ntpr    =     500, ntrx    =       1, ntwr    =   10000
     iwrap   =       1, ntwx    =     500, ntwv    =       0, ntwe    =       0
     ioutfm  =       1, ntwprt  =       0, idecomp =       0, rbornstat=      0

Potential function:
     ntf     =       2, ntb     =       1, igb     =       0, nsnb    =      25
     ipol    =       0, gbsa    =       0, iesp    =       0
     dielc   =   1.00000, cut     =  10.00000, intdiel =   1.00000

Frozen or restrained atoms:
     ibelly  =       0, ntr     =       1
     restraint_wt =  10.00000

Molecular dynamics:
     nstlim  =     10000, nscm    =         0, nrespa  =         1
     t       =   0.00000, dt      =   0.00200, vlimit  =  20.00000

Langevin dynamics temperature regulation:
     ig      =  795359
     temp0   = 298.00000, tempi   = 298.00000, gamma_ln=   1.00000

SHAKE:
     ntc     =       2, jfastw  =       0
     tol     =   0.00001

| Intermolecular bonds treatment:
|     no_intermolecular_bonds =       1

| Energy averages sample interval:
|     ene_avg_sampling =     500

Ewald parameters:
     verbose =       0, ew_type =       0, nbflag  =       1, use_pme =       1
     vdwmeth =       1, eedmeth =       1, netfrc  =       1
     Box X =   36.043   Box Y =   36.043   Box Z =   36.043
     Alpha =  109.471   Beta  =  109.471   Gamma =  109.471
     NFFT1 =   40       NFFT2 =   40       NFFT3 =   40
     Cutoff=   10.000   Tol   =0.100E-04
     Ewald Coefficient =  0.27511
     Interpolation order =    4

| PMEMD ewald parallel performance parameters:
|     block_fft =    0
|     fft_blk_y_divisor =    2
|     excl_recip =    0
|     excl_master =    0
|     atm_redist_freq =  320

    LOADING THE CONSTRAINED ATOMS AS GROUPS


   5.  REFERENCE ATOM COORDINATES

  MON                                                                             
     Mask :1; matches    36 atoms

--------------------------------------------------------------------------------
   3.  ATOMIC COORDINATES AND VELOCITIES
--------------------------------------------------------------------------------

MON                                                                             
 begin time read from input coords =     0.000 ps

 
 Number of triangulated 3-point waters found:     1068

     Sum of charges from parm topology file =  -0.00200217
     Forcing neutrality...

| Dynamic Memory, Types Used:
| Reals             1198103
| Integers           210297

| Nonbonded Pairs Initial Allocation:      317358

| Running AMBER/MPI version on    8 MPI task

 
--------------------------------------------------------------------------------
   4.  RESULTS
--------------------------------------------------------------------------------

 ---------------------------------------------------
 APPROXIMATING switch and d/dx switch using CUBIC SPLINE INTERPOLATION
 using   5000.0 points per unit in tabled values
 TESTING RELATIVE ERROR over r ranging from 0.0 to cutoff
| CHECK switch(x): max rel err =   0.3316E-14   at   2.351880
| CHECK d/dx switch(x): max rel err =   0.8066E-11   at   2.747240
 ---------------------------------------------------
|---------------------------------------------------
| APPROXIMATING direct energy using CUBIC SPLINE INTERPOLATION
|  with   50.0 points per unit in tabled values
| Relative Error Limit not exceeded for r .gt.   2.34
| APPROXIMATING direct force using CUBIC SPLINE INTERPOLATION
|  with   50.0 points per unit in tabled values
| Relative Error Limit not exceeded for r .gt.   2.81
|---------------------------------------------------

 NSTEP =        0   TIME(PS) =       0.000  TEMP(K) =   426.60  PRESS =     0.0
 Etot   =    -14825.4539  EKtot   =      2755.1559  EPtot      =    -17580.6098
 BOND   =         1.0646  ANGLE   =         5.8534  DIHED      =        11.6597
 1-4 NB =        11.1200  1-4 EEL =      -245.1139  VDWAALS    =      3689.2832
 EELEC  =    -21054.4768  EHBOND  =         0.0000  RESTRAINT  =         0.0000
 Ewald error estimate:   0.2717E-03
 ------------------------------------------------------------------------------

wrapping first mol.:       12.01444       16.99099       29.42925

 NSTEP =      500   TIME(PS) =       1.000  TEMP(K) =   243.58  PRESS =     0.0
 Etot   =    -11483.7140  EKtot   =      1573.1026  EPtot      =    -13056.8166
 BOND   =         4.1951  ANGLE   =        14.0104  DIHED      =        16.1227
 1-4 NB =        11.8345  1-4 EEL =      -245.9376  VDWAALS    =      2631.4194
 EELEC  =    -15493.7876  EHBOND  =         0.0000  RESTRAINT  =         5.3264
 EAMBER (non-restraint)  =    -13062.1430
 Ewald error estimate:   0.7871E-04
 ------------------------------------------------------------------------------

wrapping first mol.:       12.01444       16.99099       29.42925

 NSTEP =     1000   TIME(PS) =       2.000  TEMP(K) =   268.38  PRESS =     0.0
 Etot   =    -11029.3833  EKtot   =      1733.2732  EPtot      =    -12762.6565
 BOND   =         5.3594  ANGLE   =        14.8088  DIHED      =        13.2375
 1-4 NB =        11.1137  1-4 EEL =      -245.3220  VDWAALS    =      2487.4084
 EELEC  =    -15053.5730  EHBOND  =         0.0000  RESTRAINT  =         4.3107
 EAMBER (non-restraint)  =    -12766.9672
 Ewald error estimate:   0.3913E-03
 ------------------------------------------------------------------------------

wrapping first mol.:       12.01444       16.99099       29.42925

 NSTEP =     1500   TIME(PS) =       3.000  TEMP(K) =   281.54  PRESS =     0.0
 Etot   =    -10750.6637  EKtot   =      1818.3106  EPtot      =    -12568.9743
 BOND   =         6.6927  ANGLE   =        16.7606  DIHED      =        17.0476
 1-4 NB =        11.4839  1-4 EEL =      -244.5133  VDWAALS    =      2379.7689
 EELEC  =    -14761.3908  EHBOND  =         0.0000  RESTRAINT  =         5.1760
 EAMBER (non-restraint)  =    -12574.1503
 Ewald error estimate:   0.1590E-03
 ------------------------------------------------------------------------------

wrapping first mol.:       12.01444       16.99099       29.42925

 NSTEP =     2000   TIME(PS) =       4.000  TEMP(K) =   289.28  PRESS =     0.0
 Etot   =    -10624.6428  EKtot   =      1868.2503  EPtot      =    -12492.8931
 BOND   =         5.9061  ANGLE   =        14.6893  DIHED      =        18.1842
 1-4 NB =        10.2869  1-4 EEL =      -242.8592  VDWAALS    =      2369.3035
 EELEC  =    -14677.7010  EHBOND  =         0.0000  RESTRAINT  =         9.2972
 EAMBER (non-restraint)  =    -12502.1903
 Ewald error estimate:   0.3693E-03
 ------------------------------------------------------------------------------

wrapping first mol.:       12.01444       16.99099       29.42925

 NSTEP =     2500   TIME(PS) =       5.000  TEMP(K) =   296.40  PRESS =     0.0
 Etot   =    -10624.7306  EKtot   =      1914.2690  EPtot      =    -12538.9996
 BOND   =         4.9373  ANGLE   =        15.3644  DIHED      =        14.6280
 1-4 NB =        12.7239  1-4 EEL =      -243.8309  VDWAALS    =      2419.9158
 EELEC  =    -14769.1562  EHBOND  =         0.0000  RESTRAINT  =         6.4182
 EAMBER (non-restraint)  =    -12545.4178
 Ewald error estimate:   0.8073E-04
 ------------------------------------------------------------------------------

wrapping first mol.:       12.01444       16.99099       29.42925

 NSTEP =     3000   TIME(PS) =       6.000  TEMP(K) =   299.66  PRESS =     0.0
 Etot   =    -10590.5201  EKtot   =      1935.3065  EPtot      =    -12525.8266
 BOND   =         9.2121  ANGLE   =        18.0503  DIHED      =        16.1095
 1-4 NB =        11.6192  1-4 EEL =      -246.1618  VDWAALS    =      2330.1802
 EELEC  =    -14669.2539  EHBOND  =         0.0000  RESTRAINT  =         4.4178
 EAMBER (non-restraint)  =    -12530.2444
 Ewald error estimate:   0.1066E-04
 ------------------------------------------------------------------------------

wrapping first mol.:       12.01444       16.99099       29.42925

 NSTEP =     3500   TIME(PS) =       7.000  TEMP(K) =   299.97  PRESS =     0.0
 Etot   =    -10524.5824  EKtot   =      1937.3131  EPtot      =    -12461.8955
 BOND   =         7.9370  ANGLE   =        13.7058  DIHED      =        18.8204
 1-4 NB =        12.9941  1-4 EEL =      -246.6220  VDWAALS    =      2256.9347
 EELEC  =    -14532.3264  EHBOND  =         0.0000  RESTRAINT  =         6.6608
 EAMBER (non-restraint)  =    -12468.5563
 Ewald error estimate:   0.4146E-03
 ------------------------------------------------------------------------------

wrapping first mol.:       12.01444       16.99099       29.42925

 NSTEP =     4000   TIME(PS) =       8.000  TEMP(K) =   297.90  PRESS =     0.0
 Etot   =    -10433.7923  EKtot   =      1923.9312  EPtot      =    -12357.7235
 BOND   =        11.9593  ANGLE   =        20.2439  DIHED      =        16.3207
 1-4 NB =        12.1188  1-4 EEL =      -245.3514  VDWAALS    =      2383.8013
 EELEC  =    -14568.3775  EHBOND  =         0.0000  RESTRAINT  =        11.5614
 EAMBER (non-restraint)  =    -12369.2850
 Ewald error estimate:   0.1548E-04
 ------------------------------------------------------------------------------

wrapping first mol.:       12.01444       16.99099       29.42925

 NSTEP =     4500   TIME(PS) =       9.000  TEMP(K) =   301.10  PRESS =     0.0
 Etot   =    -10448.5533  EKtot   =      1944.6184  EPtot      =    -12393.1717
 BOND   =         8.4311  ANGLE   =        12.3488  DIHED      =        17.6788
 1-4 NB =        10.3818  1-4 EEL =      -245.6406  VDWAALS    =      2305.6452
 EELEC  =    -14511.3381  EHBOND  =         0.0000  RESTRAINT  =         9.3211
 EAMBER (non-restraint)  =    -12402.4928
 Ewald error estimate:   0.4737E-05
 ------------------------------------------------------------------------------

wrapping first mol.:       12.01444       16.99099       29.42925

 NSTEP =     5000   TIME(PS) =      10.000  TEMP(K) =   294.29  PRESS =     0.0
 Etot   =    -10499.7095  EKtot   =      1900.6309  EPtot      =    -12400.3404
 BOND   =         8.0624  ANGLE   =        14.3346  DIHED      =        16.2682
 1-4 NB =        12.6068  1-4 EEL =      -247.6149  VDWAALS    =      2360.6762
 EELEC  =    -14570.2980  EHBOND  =         0.0000  RESTRAINT  =         5.6243
 EAMBER (non-restraint)  =    -12405.9647
 Ewald error estimate:   0.6157E-04
 ------------------------------------------------------------------------------

wrapping first mol.:       12.01444       16.99099       29.42925

 NSTEP =     5500   TIME(PS) =      11.000  TEMP(K) =   290.69  PRESS =     0.0
 Etot   =    -10537.1219  EKtot   =      1877.3921  EPtot      =    -12414.5140
 BOND   =         9.5661  ANGLE   =        18.3896  DIHED      =        14.0010
 1-4 NB =        12.4448  1-4 EEL =      -247.5800  VDWAALS    =      2292.7966
 EELEC  =    -14524.5669  EHBOND  =         0.0000  RESTRAINT  =        10.4346
 EAMBER (non-restraint)  =    -12424.9486
 Ewald error estimate:   0.1766E-03
 ------------------------------------------------------------------------------

wrapping first mol.:       12.01444       16.99099       29.42925

 NSTEP =     6000   TIME(PS) =      12.000  TEMP(K) =   299.71  PRESS =     0.0
 Etot   =    -10538.9599  EKtot   =      1935.6575  EPtot      =    -12474.6174
 BOND   =         7.1447  ANGLE   =        14.9974  DIHED      =        16.4051
 1-4 NB =        11.4064  1-4 EEL =      -244.1872  VDWAALS    =      2332.0296
 EELEC  =    -14618.8247  EHBOND  =         0.0000  RESTRAINT  =         6.4113
 EAMBER (non-restraint)  =    -12481.0287
 Ewald error estimate:   0.1716E-03
 ------------------------------------------------------------------------------

wrapping first mol.:       12.01444       16.99099       29.42925

 NSTEP =     6500   TIME(PS) =      13.000  TEMP(K) =   300.03  PRESS =     0.0
 Etot   =    -10547.5814  EKtot   =      1937.6777  EPtot      =    -12485.2591
 BOND   =         5.3051  ANGLE   =        15.9166  DIHED      =        16.6231
 1-4 NB =        11.9224  1-4 EEL =      -246.0442  VDWAALS    =      2404.0394
 EELEC  =    -14699.6658  EHBOND  =         0.0000  RESTRAINT  =         6.6443
 EAMBER (non-restraint)  =    -12491.9034
 Ewald error estimate:   0.3298E-04
 ------------------------------------------------------------------------------

wrapping first mol.:       12.01444       16.99099       29.42925

 NSTEP =     7000   TIME(PS) =      14.000  TEMP(K) =   297.50  PRESS =     0.0
 Etot   =    -10609.2303  EKtot   =      1921.3434  EPtot      =    -12530.5736
 BOND   =         3.7231  ANGLE   =        15.0163  DIHED      =        16.8906
 1-4 NB =        13.9743  1-4 EEL =      -245.8548  VDWAALS    =      2337.7156
 EELEC  =    -14679.3512  EHBOND  =         0.0000  RESTRAINT  =         7.3123
 EAMBER (non-restraint)  =    -12537.8860
 Ewald error estimate:   0.2451E-03
 ------------------------------------------------------------------------------

wrapping first mol.:       12.01444       16.99099       29.42925

 NSTEP =     7500   TIME(PS) =      15.000  TEMP(K) =   297.62  PRESS =     0.0
 Etot   =    -10546.9909  EKtot   =      1922.1444  EPtot      =    -12469.1353
 BOND   =         6.6553  ANGLE   =        18.6059  DIHED      =        18.2405
 1-4 NB =        11.7328  1-4 EEL =      -243.7065  VDWAALS    =      2298.0940
 EELEC  =    -14586.9146  EHBOND  =         0.0000  RESTRAINT  =         8.1574
 EAMBER (non-restraint)  =    -12477.2926
 Ewald error estimate:   0.4309E-04
 ------------------------------------------------------------------------------

wrapping first mol.:       12.01444       16.99099       29.42925

 NSTEP =     8000   TIME(PS) =      16.000  TEMP(K) =   302.66  PRESS =     0.0
 Etot   =    -10435.6934  EKtot   =      1954.6822  EPtot      =    -12390.3755
 BOND   =         7.7406  ANGLE   =        18.6929  DIHED      =        18.9319
 1-4 NB =        11.9366  1-4 EEL =      -245.1103  VDWAALS    =      2339.3481
 EELEC  =    -14550.3597  EHBOND  =         0.0000  RESTRAINT  =         8.4443
 EAMBER (non-restraint)  =    -12398.8199
 Ewald error estimate:   0.3182E-03
 ------------------------------------------------------------------------------

wrapping first mol.:       12.01444       16.99099       29.42925

 NSTEP =     8500   TIME(PS) =      17.000  TEMP(K) =   293.59  PRESS =     0.0
 Etot   =    -10490.4811  EKtot   =      1896.0840  EPtot      =    -12386.5651
 BOND   =         7.0678  ANGLE   =        13.3629  DIHED      =        19.9529
 1-4 NB =        12.9867  1-4 EEL =      -244.9529  VDWAALS    =      2322.2591
 EELEC  =    -14524.3368  EHBOND  =         0.0000  RESTRAINT  =         7.0952
 EAMBER (non-restraint)  =    -12393.6603
 Ewald error estimate:   0.1125E-03
 ------------------------------------------------------------------------------

wrapping first mol.:       12.01444       16.99099       29.42925

 NSTEP =     9000   TIME(PS) =      18.000  TEMP(K) =   294.07  PRESS =     0.0
 Etot   =    -10426.9816  EKtot   =      1899.1969  EPtot      =    -12326.1786
 BOND   =         6.0239  ANGLE   =        17.0574  DIHED      =        17.0823
 1-4 NB =        12.1090  1-4 EEL =      -245.7657  VDWAALS    =      2245.5072
 EELEC  =    -14387.1784  EHBOND  =         0.0000  RESTRAINT  =         8.9857
 EAMBER (non-restraint)  =    -12335.1643
 Ewald error estimate:   0.1166E-03
 ------------------------------------------------------------------------------

wrapping first mol.:       12.01444       16.99099       29.42925

 NSTEP =     9500   TIME(PS) =      19.000  TEMP(K) =   303.61  PRESS =     0.0
 Etot   =    -10432.1524  EKtot   =      1960.8411  EPtot      =    -12392.9935
 BOND   =         6.1876  ANGLE   =        13.6828  DIHED      =        15.5274
 1-4 NB =        12.9948  1-4 EEL =      -245.8268  VDWAALS    =      2293.2655
 EELEC  =    -14496.4118  EHBOND  =         0.0000  RESTRAINT  =         7.5869
 EAMBER (non-restraint)  =    -12400.5804
 Ewald error estimate:   0.1203E-03
 ------------------------------------------------------------------------------

wrapping first mol.:       12.01444       16.99099       29.42925
wrapping first mol.:       12.01444       16.99099       29.42925

 NSTEP =    10000   TIME(PS) =      20.000  TEMP(K) =   290.18  PRESS =     0.0
 Etot   =    -10502.2864  EKtot   =      1874.1132  EPtot      =    -12376.3996
 BOND   =         7.5801  ANGLE   =        15.8202  DIHED      =        17.0468
 1-4 NB =        11.9310  1-4 EEL =      -246.1317  VDWAALS    =      2339.8296
 EELEC  =    -14531.0683  EHBOND  =         0.0000  RESTRAINT  =         8.5926
 EAMBER (non-restraint)  =    -12384.9922
 Ewald error estimate:   0.6065E-04
 ------------------------------------------------------------------------------


      A V E R A G E S   O V E R      20 S T E P S


 NSTEP =    10000   TIME(PS) =      20.000  TEMP(K) =   292.09  PRESS =     0.0
 Etot   =    -10603.8886  EKtot   =      1886.4069  EPtot      =    -12490.2955
 BOND   =         6.9843  ANGLE   =        15.7930  DIHED      =        16.7560
 1-4 NB =        12.0301  1-4 EEL =      -245.4507  VDWAALS    =      2356.4969
 EELEC  =    -14660.2940  EHBOND  =         0.0000  RESTRAINT  =         7.3889
 EAMBER (non-restraint)  =    -12497.6844
 Ewald error estimate:   0.1492E-03
 ------------------------------------------------------------------------------


      R M S  F L U C T U A T I O N S


 NSTEP =    10000   TIME(PS) =      20.000  TEMP(K) =    13.66  PRESS =     0.0
 Etot   =       242.4152  EKtot   =        88.1980  EPtot      =       161.1005
 BOND   =         1.9037  ANGLE   =         2.0737  DIHED      =         1.6125
 1-4 NB =         0.8707  1-4 EEL =         1.1797  VDWAALS    =        83.7088
 EELEC  =       234.8515  EHBOND  =         0.0000  RESTRAINT  =         1.9163
 EAMBER (non-restraint)  =       159.1842
 Ewald error estimate:   0.1280E-03
 ------------------------------------------------------------------------------

--------------------------------------------------------------------------------
   5.  TIMINGS
--------------------------------------------------------------------------------

|  NonSetup CPU Time in Major Routines, Average for All Tasks:
|
|     Routine           Sec        %
|     ------------------------------
|     DataDistrib       1.92   10.08
|     Nonbond          16.04   84.03
|     Bond              0.03    0.14
|     Angle             0.03    0.18
|     Dihedral          0.05    0.26
|     Shake             0.13    0.66
|     RunMD             0.86    4.51
|     Other             0.03    0.13
|     ------------------------------
|     Total            19.09

|  PME Nonbond Pairlist CPU Time, Average for All Tasks:
|
|     Routine              Sec        %
|     ---------------------------------
|     Set Up Cit           0.06    0.30
|     Build List           1.94   10.14
|     ---------------------------------
|     Total                1.99   10.43

|  PME Direct Force CPU Time, Average for All Tasks:
|
|     Routine              Sec        %
|     ---------------------------------
|     NonBonded Calc      10.78   56.47
|     Exclude Masked       0.14    0.71
|     Other                0.49    2.55
|     ---------------------------------
|     Total               11.40   59.74

|  PME Reciprocal Force CPU Time, Average for All Tasks:
|
|     Routine              Sec        %
|     ---------------------------------
|     1D bspline           0.22    1.16
|     Grid Charges         0.24    1.26
|     Scalar Sum           0.21    1.11
|     Gradient Sum         0.42    2.20
|     FFT                  1.49    7.82
|     ---------------------------------
|     Total                2.59   13.56

|  PME Load Balancing CPU Time, Average for All Tasks:
|
|     Routine                 Sec        %
|     ------------------------------------
|     Atom Reassign           0.00    0.00
|     Image Reassign          0.00    0.01
|     FFT Reassign            0.00    0.00
|     ------------------------------------
|     Total                   0.00    0.01

|  Final Performance Info:
|     -----------------------------------------------------
|     Average timings for last   10000 steps:
|     Elapsed(s) =      19.10 Per Step(ms) =       1.91
|         ns/day =      90.48   seconds/ns =     954.95
|
|     Average timings for all steps:
|     Elapsed(s) =      19.10 Per Step(ms) =       1.91
|         ns/day =      90.48   seconds/ns =     954.95
|     -----------------------------------------------------

|  Master Setup CPU time:            0.03 seconds
|  Master NonSetup CPU time:        19.06 seconds
|  Master Total CPU time:           19.09 seconds     0.01 hours

|  Master Setup wall time:           0    seconds
|  Master NonSetup wall time:       19    seconds
|  Master Total wall time:          19    seconds     0.01 hours
