
          -------------------------------------------------------
          Amber 18 PMEMD                              2018
          -------------------------------------------------------

| PMEMD implementation of SANDER, Release 18

| Run on 03/09/2022 at 00:26:28

|   Executable path: pmemd.MPI
| Working directory: /bgfs/lchong/dty7/ff15ipq-lig/charges/v00/GenConformers/Conf2
|          Hostname: smp-n123

  [-O]verwriting output

File Assignments:
|   MDIN: ../../../amber/6.3_eq2.in                                             
|  MDOUT: 6.3_eq2.out                                                           
| INPCRD: 6.2_eq1.rst                                                           
|   PARM: ../../mon.top                                                         
| RESTRT: 6.3_eq2.rst                                                           
|   REFC: 6.2_eq1.rst                                                           
|  MDVEL: mdvel                                                                 
|   MDEN: mden                                                                  
|  MDCRD: mdcrd                                                                 
| MDINFO: mdinfo                                                                
|LOGFILE: logfile                                                               
|  MDFRC: mdfrc                                                                 

 
 Here is the input file:
 
&cntrl                                                                         
  imin      = 0,                                                               
  irest     = 1,                                                               
  ntx       = 5,                                                               
  ig        = -1,                                                              
  dt        = 0.002,                                                           
  nstlim    = 50000,                                                           
  nscm      = 500,                                                             
  ntr       = 1,                                                               
  restraintmask = ':1',                                                        
  restraint_wt  = 10.0,                                                        
  ntb       = 2,                                                               
  ntp       = 1,                                                               
  barostat  = 2,                                                               
  pres0     = 1.0,                                                             
  mcbarint  = 100,                                                             
  comp      = 44.6,                                                            
  taup      = 1.0,                                                             
  ntt       = 3,                                                               
  temp0     = 298.0,                                                           
  gamma_ln  = 1.0,                                                             
  ntf       = 2,                                                               
  ntc       = 2,                                                               
  cut       = 10.0,                                                            
  ntpr      = 500,                                                             
  ntxo      = 1,                                                               
  ntwr      = 50000,                                                           
  ioutfm    = 1,                                                               
  ntwx      = 500,                                                             
  iwrap     = 1,                                                               
&end                                                                           


Note: ig = -1. Setting random seed to    44647 based on wallclock time in
      microseconds and disabling the synchronization of random numbers 
      between tasks to improve performance.
| irandom = 1, using AMBER's internal random number generator (default).
 
 
| Conditional Compilation Defines Used:
| MPI
| FFTW_FFT
| BINTRAJ
| MKL
| EMIL
 
| Largest sphere to fit in unit cell has radius =    14.715

| New format PARM file being parsed.
| Version =    1.000 Date = 03/08/22 Time = 18:50:46

| Note: 1-4 EEL scale factors are being read from the topology file.

| Note: 1-4 VDW scale factors are being read from the topology file.
| Duplicated    0 dihedrals

| Duplicated    0 dihedrals

--------------------------------------------------------------------------------
   1.  RESOURCE   USE: 
--------------------------------------------------------------------------------

 getting box info from netcdf restart file
 NATOM  =    3240 NTYPES =      14 NBONH =    3220 MBONA  =      21
 NTHETH =      33 MTHETA =      29 NPHIH =      58 MPHIA  =      46
 NHPARM =       0 NPARM  =       0 NNB   =    4456 NRES   =    1069
 NBONA  =      21 NTHETA =      29 NPHIA =      46 NUMBND =      22
 NUMANG =      35 NPTRA  =      22 NATYP =      17 NPHB   =       1
 IFBOX  =       2 NMXRS  =      36 IFCAP =       0 NEXTRA =       0
 NCOPY  =       0

| Coordinate Index Table dimensions:     5    5    5
| Direct force subcell size =     7.2087    7.2087    7.2087

     BOX TYPE: TRUNCATED OCTAHEDRON

--------------------------------------------------------------------------------
   2.  CONTROL  DATA  FOR  THE  RUN
--------------------------------------------------------------------------------

MON                                                                             

General flags:
     imin    =       0, nmropt  =       0

Nature and format of input:
     ntx     =       5, irest   =       1, ntrx    =       1

Nature and format of output:
     ntxo    =       1, ntpr    =     500, ntrx    =       1, ntwr    =   50000
     iwrap   =       1, ntwx    =     500, ntwv    =       0, ntwe    =       0
     ioutfm  =       1, ntwprt  =       0, idecomp =       0, rbornstat=      0

Potential function:
     ntf     =       2, ntb     =       2, igb     =       0, nsnb    =      25
     ipol    =       0, gbsa    =       0, iesp    =       0
     dielc   =   1.00000, cut     =  10.00000, intdiel =   1.00000

Frozen or restrained atoms:
     ibelly  =       0, ntr     =       1
     restraint_wt =  10.00000

Molecular dynamics:
     nstlim  =     50000, nscm    =         0, nrespa  =         1
     t       =   0.00000, dt      =   0.00200, vlimit  =  20.00000

Langevin dynamics temperature regulation:
     ig      =   44647
     temp0   = 298.00000, tempi   =   0.00000, gamma_ln=   1.00000

Pressure regulation:
     ntp     =       1
     pres0   =   1.00000, comp    =  44.60000, taup    =   1.00000
     Monte-Carlo Barostat:
     mcbarint  =     100

SHAKE:
     ntc     =       2, jfastw  =       0
     tol     =   0.00001

| Intermolecular bonds treatment:
|     no_intermolecular_bonds =       1

| Energy averages sample interval:
|     ene_avg_sampling =     500

Ewald parameters:
     verbose =       0, ew_type =       0, nbflag  =       1, use_pme =       1
     vdwmeth =       1, eedmeth =       1, netfrc  =       1
     Box X =   36.043   Box Y =   36.043   Box Z =   36.043
     Alpha =  109.471   Beta  =  109.471   Gamma =  109.471
     NFFT1 =   40       NFFT2 =   40       NFFT3 =   40
     Cutoff=   10.000   Tol   =0.100E-04
     Ewald Coefficient =  0.27511
     Interpolation order =    4

| PMEMD ewald parallel performance parameters:
|     block_fft =    0
|     fft_blk_y_divisor =    2
|     excl_recip =    0
|     excl_master =    0
|     atm_redist_freq =  320

    LOADING THE CONSTRAINED ATOMS AS GROUPS


   5.  REFERENCE ATOM COORDINATES

  MON                                                                             
     Mask :1; matches    36 atoms
| MONTE CARLO BAROSTAT IMPORTANT NOTE:
|   The Monte-Carlo barostat does not require the virial to adjust the system volume.
|   Since it is an expensive calculation, it is skipped for efficiency. A side-effect
|   is that the reported pressure is always 0 because it is not calculated.

--------------------------------------------------------------------------------
   3.  ATOMIC COORDINATES AND VELOCITIES
--------------------------------------------------------------------------------

MON                                                                             
 begin time read from input coords =    20.000 ps

 
 Number of triangulated 3-point waters found:     1068

     Sum of charges from parm topology file =  -0.00200217
     Forcing neutrality...

| Dynamic Memory, Types Used:
| Reals             1243306
| Integers           215292

| Nonbonded Pairs Initial Allocation:      317358

| Running AMBER/MPI version on    8 MPI task

 
--------------------------------------------------------------------------------
   4.  RESULTS
--------------------------------------------------------------------------------

 ---------------------------------------------------
 APPROXIMATING switch and d/dx switch using CUBIC SPLINE INTERPOLATION
 using   5000.0 points per unit in tabled values
 TESTING RELATIVE ERROR over r ranging from 0.0 to cutoff
| CHECK switch(x): max rel err =   0.3316E-14   at   2.351880
| CHECK d/dx switch(x): max rel err =   0.8066E-11   at   2.747240
 ---------------------------------------------------
|---------------------------------------------------
| APPROXIMATING direct energy using CUBIC SPLINE INTERPOLATION
|  with   50.0 points per unit in tabled values
| Relative Error Limit not exceeded for r .gt.   2.34
| APPROXIMATING direct force using CUBIC SPLINE INTERPOLATION
|  with   50.0 points per unit in tabled values
| Relative Error Limit not exceeded for r .gt.   2.81
|---------------------------------------------------
wrapping first mol.:       11.96497       16.92102       29.30806

 NSTEP =      500   TIME(PS) =      21.000  TEMP(K) =   299.10  PRESS =     0.0
 Etot   =    -10480.6890  EKtot   =      1931.7033  EPtot      =    -12412.3923
 BOND   =         5.7377  ANGLE   =        12.5893  DIHED      =        14.7887
 1-4 NB =        10.6564  1-4 EEL =      -244.4020  VDWAALS    =      2440.7164
 EELEC  =    -14660.5763  EHBOND  =         0.0000  RESTRAINT  =         8.0975
 EAMBER (non-restraint)  =    -12420.4897
 EKCMT  =         0.0000  VIRIAL  =         0.0000  VOLUME     =     35602.1371
                                                    Density    =         0.9111
 Ewald error estimate:   0.2284E-03
 ------------------------------------------------------------------------------

wrapping first mol.:       11.84086       16.74550       29.00405

 NSTEP =     1000   TIME(PS) =      22.000  TEMP(K) =   291.76  PRESS =     0.0
 Etot   =    -10565.0563  EKtot   =      1884.2977  EPtot      =    -12449.3540
 BOND   =         7.0564  ANGLE   =        16.8084  DIHED      =        14.5631
 1-4 NB =        11.1376  1-4 EEL =      -244.6797  VDWAALS    =      2498.0641
 EELEC  =    -14758.7398  EHBOND  =         0.0000  RESTRAINT  =         6.4357
 EAMBER (non-restraint)  =    -12455.7898
 EKCMT  =         0.0000  VIRIAL  =         0.0000  VOLUME     =     34505.7158
                                                    Density    =         0.9400
 Ewald error estimate:   0.1485E-03
 ------------------------------------------------------------------------------

wrapping first mol.:       11.79280       16.67754       28.88634

 NSTEP =     1500   TIME(PS) =      23.000  TEMP(K) =   293.66  PRESS =     0.0
 Etot   =    -10625.1813  EKtot   =      1896.5416  EPtot      =    -12521.7229
 BOND   =         4.2564  ANGLE   =        12.4822  DIHED      =        13.8021
 1-4 NB =        11.3252  1-4 EEL =      -243.5426  VDWAALS    =      2503.7088
 EELEC  =    -14831.9726  EHBOND  =         0.0000  RESTRAINT  =         8.2176
 EAMBER (non-restraint)  =    -12529.9405
 EKCMT  =         0.0000  VIRIAL  =         0.0000  VOLUME     =     34087.3049
                                                    Density    =         0.9516
 Ewald error estimate:   0.1189E-03
 ------------------------------------------------------------------------------

wrapping first mol.:       11.74532       16.61039       28.77004

 NSTEP =     2000   TIME(PS) =      24.000  TEMP(K) =   293.25  PRESS =     0.0
 Etot   =    -10676.2969  EKtot   =      1893.9448  EPtot      =    -12570.2416
 BOND   =         7.2230  ANGLE   =        20.0706  DIHED      =        13.6058
 1-4 NB =        11.6955  1-4 EEL =      -243.9476  VDWAALS    =      2462.1528
 EELEC  =    -14847.8070  EHBOND  =         0.0000  RESTRAINT  =         6.7653
 EAMBER (non-restraint)  =    -12577.0069
 EKCMT  =         0.0000  VIRIAL  =         0.0000  VOLUME     =     33677.2297
                                                    Density    =         0.9632
 Ewald error estimate:   0.1148E-03
 ------------------------------------------------------------------------------

wrapping first mol.:       11.72971       16.58831       28.73179

 NSTEP =     2500   TIME(PS) =      25.000  TEMP(K) =   296.21  PRESS =     0.0
 Etot   =    -10632.8608  EKtot   =      1913.0637  EPtot      =    -12545.9245
 BOND   =         9.3546  ANGLE   =        17.1866  DIHED      =        16.5263
 1-4 NB =        10.8228  1-4 EEL =      -244.6999  VDWAALS    =      2419.7781
 EELEC  =    -14784.8319  EHBOND  =         0.0000  RESTRAINT  =         9.9389
 EAMBER (non-restraint)  =    -12555.8634
 EKCMT  =         0.0000  VIRIAL  =         0.0000  VOLUME     =     33543.0888
                                                    Density    =         0.9670
 Ewald error estimate:   0.2176E-03
 ------------------------------------------------------------------------------

wrapping first mol.:       11.71220       16.56355       28.68891

 NSTEP =     3000   TIME(PS) =      26.000  TEMP(K) =   301.92  PRESS =     0.0
 Etot   =    -10507.4589  EKtot   =      1949.8993  EPtot      =    -12457.3582
 BOND   =         9.1621  ANGLE   =        18.3185  DIHED      =        14.6618
 1-4 NB =        10.9637  1-4 EEL =      -246.3996  VDWAALS    =      2415.8170
 EELEC  =    -14687.8913  EHBOND  =         0.0000  RESTRAINT  =         8.0096
 EAMBER (non-restraint)  =    -12465.3679
 EKCMT  =         0.0000  VIRIAL  =         0.0000  VOLUME     =     33393.1402
                                                    Density    =         0.9714
 Ewald error estimate:   0.8859E-04
 ------------------------------------------------------------------------------

wrapping first mol.:       11.70908       16.55915       28.68128

 NSTEP =     3500   TIME(PS) =      27.000  TEMP(K) =   297.46  PRESS =     0.0
 Etot   =    -10609.4749  EKtot   =      1921.1267  EPtot      =    -12530.6016
 BOND   =         8.1402  ANGLE   =        16.1555  DIHED      =        13.3574
 1-4 NB =        13.1644  1-4 EEL =      -247.5152  VDWAALS    =      2342.0923
 EELEC  =    -14683.1437  EHBOND  =         0.0000  RESTRAINT  =         7.1475
 EAMBER (non-restraint)  =    -12537.7492
 EKCMT  =         0.0000  VIRIAL  =         0.0000  VOLUME     =     33366.4882
                                                    Density    =         0.9721
 Ewald error estimate:   0.2809E-03
 ------------------------------------------------------------------------------

wrapping first mol.:       11.67759       16.51460       28.60413

 NSTEP =     4000   TIME(PS) =      28.000  TEMP(K) =   297.80  PRESS =     0.0
 Etot   =    -10666.8275  EKtot   =      1923.3051  EPtot      =    -12590.1326
 BOND   =         6.9218  ANGLE   =        21.6007  DIHED      =        17.0790
 1-4 NB =        11.0468  1-4 EEL =      -248.6020  VDWAALS    =      2514.6250
 EELEC  =    -14925.5765  EHBOND  =         0.0000  RESTRAINT  =        12.7726
 EAMBER (non-restraint)  =    -12602.9052
 EKCMT  =         0.0000  VIRIAL  =         0.0000  VOLUME     =     33097.9417
                                                    Density    =         0.9800
 Ewald error estimate:   0.3725E-03
 ------------------------------------------------------------------------------

wrapping first mol.:       11.66589       16.49806       28.57548

 NSTEP =     4500   TIME(PS) =      29.000  TEMP(K) =   301.29  PRESS =     0.0
 Etot   =    -10656.1921  EKtot   =      1945.8626  EPtot      =    -12602.0547
 BOND   =         7.4391  ANGLE   =        17.4015  DIHED      =        15.1093
 1-4 NB =        10.9265  1-4 EEL =      -245.0648  VDWAALS    =      2451.4390
 EELEC  =    -14865.8874  EHBOND  =         0.0000  RESTRAINT  =         6.5822
 EAMBER (non-restraint)  =    -12608.6369
 EKCMT  =         0.0000  VIRIAL  =         0.0000  VOLUME     =     32998.6083
                                                    Density    =         0.9830
 Ewald error estimate:   0.1865E-03
 ------------------------------------------------------------------------------

wrapping first mol.:       11.61237       16.42237       28.44437

 NSTEP =     5000   TIME(PS) =      30.000  TEMP(K) =   300.87  PRESS =     0.0
 Etot   =    -10610.1401  EKtot   =      1943.1212  EPtot      =    -12553.2613
 BOND   =         9.6870  ANGLE   =        15.3014  DIHED      =        19.2384
 1-4 NB =         9.9499  1-4 EEL =      -242.3270  VDWAALS    =      2542.5559
 EELEC  =    -14915.2796  EHBOND  =         0.0000  RESTRAINT  =         7.6127
 EAMBER (non-restraint)  =    -12560.8740
 EKCMT  =         0.0000  VIRIAL  =         0.0000  VOLUME     =     32546.4768
                                                    Density    =         0.9966
 Ewald error estimate:   0.4665E-03
 ------------------------------------------------------------------------------

wrapping first mol.:       11.58161       16.37886       28.36902

 NSTEP =     5500   TIME(PS) =      31.000  TEMP(K) =   308.84  PRESS =     0.0
 Etot   =    -10648.6206  EKtot   =      1994.6275  EPtot      =    -12643.2482
 BOND   =         9.1409  ANGLE   =        15.0692  DIHED      =        16.3639
 1-4 NB =        12.9293  1-4 EEL =      -249.3612  VDWAALS    =      2474.8269
 EELEC  =    -14933.2207  EHBOND  =         0.0000  RESTRAINT  =        11.0037
 EAMBER (non-restraint)  =    -12654.2518
 EKCMT  =         0.0000  VIRIAL  =         0.0000  VOLUME     =     32288.5059
                                                    Density    =         1.0046
 Ewald error estimate:   0.2641E-03
 ------------------------------------------------------------------------------

wrapping first mol.:       11.57642       16.37153       28.35632

 NSTEP =     6000   TIME(PS) =      32.000  TEMP(K) =   294.56  PRESS =     0.0
 Etot   =    -10774.0873  EKtot   =      1902.3748  EPtot      =    -12676.4621
 BOND   =         7.9744  ANGLE   =        12.1367  DIHED      =        14.8944
 1-4 NB =        12.0006  1-4 EEL =      -244.5271  VDWAALS    =      2538.0063
 EELEC  =    -15025.9448  EHBOND  =         0.0000  RESTRAINT  =         8.9973
 EAMBER (non-restraint)  =    -12685.4594
 EKCMT  =         0.0000  VIRIAL  =         0.0000  VOLUME     =     32245.1525
                                                    Density    =         1.0059
 Ewald error estimate:   0.1805E-03
 ------------------------------------------------------------------------------

wrapping first mol.:       11.57062       16.36332       28.34211

 NSTEP =     6500   TIME(PS) =      33.000  TEMP(K) =   296.98  PRESS =     0.0
 Etot   =    -10713.3793  EKtot   =      1918.0215  EPtot      =    -12631.4008
 BOND   =         5.0142  ANGLE   =        16.4594  DIHED      =        13.5446
 1-4 NB =        12.9234  1-4 EEL =      -245.5009  VDWAALS    =      2575.3812
 EELEC  =    -15021.7220  EHBOND  =         0.0000  RESTRAINT  =        12.4992
 EAMBER (non-restraint)  =    -12643.9000
 EKCMT  =         0.0000  VIRIAL  =         0.0000  VOLUME     =     32196.7006
                                                    Density    =         1.0075
 Ewald error estimate:   0.2708E-03
 ------------------------------------------------------------------------------

wrapping first mol.:       11.57409       16.36823       28.35061

 NSTEP =     7000   TIME(PS) =      34.000  TEMP(K) =   299.42  PRESS =     0.0
 Etot   =    -10660.8182  EKtot   =      1933.7412  EPtot      =    -12594.5594
 BOND   =         7.9752  ANGLE   =        15.8400  DIHED      =        15.4788
 1-4 NB =         9.6503  1-4 EEL =      -243.4119  VDWAALS    =      2512.3281
 EELEC  =    -14925.4769  EHBOND  =         0.0000  RESTRAINT  =        13.0570
 EAMBER (non-restraint)  =    -12607.6163
 EKCMT  =         0.0000  VIRIAL  =         0.0000  VOLUME     =     32225.6838
                                                    Density    =         1.0065
 Ewald error estimate:   0.4636E-03
 ------------------------------------------------------------------------------

wrapping first mol.:       11.56020       16.34860       28.31660

 NSTEP =     7500   TIME(PS) =      35.000  TEMP(K) =   299.70  PRESS =     0.0
 Etot   =    -10760.0875  EKtot   =      1935.5583  EPtot      =    -12695.6458
 BOND   =         7.8094  ANGLE   =        15.8752  DIHED      =        15.6840
 1-4 NB =        11.8930  1-4 EEL =      -245.4105  VDWAALS    =      2504.6433
 EELEC  =    -15014.5257  EHBOND  =         0.0000  RESTRAINT  =         8.3855
 EAMBER (non-restraint)  =    -12704.0313
 EKCMT  =         0.0000  VIRIAL  =         0.0000  VOLUME     =     32109.8380
                                                    Density    =         1.0102
 Ewald error estimate:   0.2303E-03
 ------------------------------------------------------------------------------

wrapping first mol.:       11.56020       16.34860       28.31660

 NSTEP =     8000   TIME(PS) =      36.000  TEMP(K) =   299.26  PRESS =     0.0
 Etot   =    -10715.8841  EKtot   =      1932.7171  EPtot      =    -12648.6012
 BOND   =         4.9487  ANGLE   =        16.6456  DIHED      =        16.2526
 1-4 NB =        13.6955  1-4 EEL =      -247.2865  VDWAALS    =      2444.1083
 EELEC  =    -14906.3026  EHBOND  =         0.0000  RESTRAINT  =         9.3373
 EAMBER (non-restraint)  =    -12657.9385
 EKCMT  =         0.0000  VIRIAL  =         0.0000  VOLUME     =     32109.8380
                                                    Density    =         1.0102
 Ewald error estimate:   0.1619E-03
 ------------------------------------------------------------------------------

wrapping first mol.:       11.60088       16.40612       28.41623

 NSTEP =     8500   TIME(PS) =      37.000  TEMP(K) =   295.89  PRESS =     0.0
 Etot   =    -10782.2427  EKtot   =      1910.9663  EPtot      =    -12693.2090
 BOND   =         4.7154  ANGLE   =        17.8087  DIHED      =        17.9638
 1-4 NB =        11.0578  1-4 EEL =      -246.8318  VDWAALS    =      2385.9455
 EELEC  =    -14891.7335  EHBOND  =         0.0000  RESTRAINT  =         7.8651
 EAMBER (non-restraint)  =    -12701.0741
 EKCMT  =         0.0000  VIRIAL  =         0.0000  VOLUME     =     32449.9558
                                                    Density    =         0.9996
 Ewald error estimate:   0.8574E-04
 ------------------------------------------------------------------------------

wrapping first mol.:       11.54923       16.33307       28.28971

 NSTEP =     9000   TIME(PS) =      38.000  TEMP(K) =   300.13  PRESS =     0.0
 Etot   =    -10756.9055  EKtot   =      1938.3732  EPtot      =    -12695.2788
 BOND   =         6.1132  ANGLE   =        14.5184  DIHED      =        16.9834
 1-4 NB =        11.8160  1-4 EEL =      -246.2800  VDWAALS    =      2420.6284
 EELEC  =    -14930.9590  EHBOND  =         0.0000  RESTRAINT  =        11.9008
 EAMBER (non-restraint)  =    -12707.1796
 EKCMT  =         0.0000  VIRIAL  =         0.0000  VOLUME     =     32018.4685
                                                    Density    =         1.0131
 Ewald error estimate:   0.3007E-05
 ------------------------------------------------------------------------------

wrapping first mol.:       11.56424       16.35431       28.32649

 NSTEP =     9500   TIME(PS) =      39.000  TEMP(K) =   294.97  PRESS =     0.0
 Etot   =    -10703.7928  EKtot   =      1905.0086  EPtot      =    -12608.8014
 BOND   =         7.0857  ANGLE   =        16.3971  DIHED      =        16.5836
 1-4 NB =        14.8306  1-4 EEL =      -248.3554  VDWAALS    =      2477.8959
 EELEC  =    -14904.6012  EHBOND  =         0.0000  RESTRAINT  =        11.3623
 EAMBER (non-restraint)  =    -12620.1637
 EKCMT  =         0.0000  VIRIAL  =         0.0000  VOLUME     =     32143.5160
                                                    Density    =         1.0091
 Ewald error estimate:   0.5448E-04
 ------------------------------------------------------------------------------

wrapping first mol.:       11.52489       16.29866       28.23010

 NSTEP =    10000   TIME(PS) =      40.000  TEMP(K) =   302.48  PRESS =     0.0
 Etot   =    -10691.0770  EKtot   =      1953.5410  EPtot      =    -12644.6181
 BOND   =         5.3711  ANGLE   =        15.5750  DIHED      =        17.2893
 1-4 NB =        13.5262  1-4 EEL =      -246.7621  VDWAALS    =      2368.4884
 EELEC  =    -14828.6565  EHBOND  =         0.0000  RESTRAINT  =        10.5506
 EAMBER (non-restraint)  =    -12655.1686
 EKCMT  =         0.0000  VIRIAL  =         0.0000  VOLUME     =     31816.5021
                                                    Density    =         1.0195
 Ewald error estimate:   0.2369E-03
 ------------------------------------------------------------------------------

wrapping first mol.:       11.54630       16.32893       28.28254

 NSTEP =    10500   TIME(PS) =      41.000  TEMP(K) =   296.25  PRESS =     0.0
 Etot   =    -10770.5287  EKtot   =      1913.2626  EPtot      =    -12683.7913
 BOND   =         9.1282  ANGLE   =        14.1485  DIHED      =        17.9972
 1-4 NB =        10.1328  1-4 EEL =      -245.9924  VDWAALS    =      2544.4554
 EELEC  =    -15044.6131  EHBOND  =         0.0000  RESTRAINT  =        10.9520
 EAMBER (non-restraint)  =    -12694.7433
 EKCMT  =         0.0000  VIRIAL  =         0.0000  VOLUME     =     31994.1226
                                                    Density    =         1.0138
 Ewald error estimate:   0.4712E-03
 ------------------------------------------------------------------------------

wrapping first mol.:       11.54107       16.32153       28.26972

 NSTEP =    11000   TIME(PS) =      42.000  TEMP(K) =   302.09  PRESS =     0.0
 Etot   =    -10736.1959  EKtot   =      1951.0321  EPtot      =    -12687.2280
 BOND   =         5.4219  ANGLE   =        14.6395  DIHED      =        15.1224
 1-4 NB =        10.1360  1-4 EEL =      -244.4804  VDWAALS    =      2501.3696
 EELEC  =    -14997.3835  EHBOND  =         0.0000  RESTRAINT  =         7.9466
 EAMBER (non-restraint)  =    -12695.1746
 EKCMT  =         0.0000  VIRIAL  =         0.0000  VOLUME     =     31950.6350
                                                    Density    =         1.0152
 Ewald error estimate:   0.8579E-04
 ------------------------------------------------------------------------------

wrapping first mol.:       11.60187       16.40753       28.41867

 NSTEP =    11500   TIME(PS) =      43.000  TEMP(K) =   295.32  PRESS =     0.0
 Etot   =    -10694.2071  EKtot   =      1907.2563  EPtot      =    -12601.4634
 BOND   =        14.3276  ANGLE   =        16.0643  DIHED      =        15.2575
 1-4 NB =        12.2529  1-4 EEL =      -244.1656  VDWAALS    =      2398.8399
 EELEC  =    -14823.0862  EHBOND  =         0.0000  RESTRAINT  =         9.0462
 EAMBER (non-restraint)  =    -12610.5096
 EKCMT  =         0.0000  VIRIAL  =         0.0000  VOLUME     =     32458.3270
                                                    Density    =         0.9993
 Ewald error estimate:   0.1303E-03
 ------------------------------------------------------------------------------

wrapping first mol.:       11.59268       16.39452       28.39614

 NSTEP =    12000   TIME(PS) =      44.000  TEMP(K) =   304.75  PRESS =     0.0
 Etot   =    -10640.1830  EKtot   =      1968.1725  EPtot      =    -12608.3555
 BOND   =         6.7140  ANGLE   =        15.1098  DIHED      =        14.9889
 1-4 NB =        13.7298  1-4 EEL =      -245.0352  VDWAALS    =      2410.4813
 EELEC  =    -14837.1288  EHBOND  =         0.0000  RESTRAINT  =        12.7846
 EAMBER (non-restraint)  =    -12621.1401
 EKCMT  =         0.0000  VIRIAL  =         0.0000  VOLUME     =     32381.1835
                                                    Density    =         1.0017
 Ewald error estimate:   0.2664E-04
 ------------------------------------------------------------------------------

wrapping first mol.:       11.57362       16.36757       28.34946

 NSTEP =    12500   TIME(PS) =      45.000  TEMP(K) =   302.77  PRESS =     0.0
 Etot   =    -10629.9137  EKtot   =      1955.4293  EPtot      =    -12585.3430
 BOND   =         5.6272  ANGLE   =        17.5281  DIHED      =        16.0985
 1-4 NB =        12.8748  1-4 EEL =      -244.8047  VDWAALS    =      2386.9998
 EELEC  =    -14788.8276  EHBOND  =         0.0000  RESTRAINT  =         9.1609
 EAMBER (non-restraint)  =    -12594.5038
 EKCMT  =         0.0000  VIRIAL  =         0.0000  VOLUME     =     32221.7666
                                                    Density    =         1.0067
 Ewald error estimate:   0.1073E-04
 ------------------------------------------------------------------------------

wrapping first mol.:       11.55365       16.33933       28.30055

 NSTEP =    13000   TIME(PS) =      46.000  TEMP(K) =   303.32  PRESS =     0.0
 Etot   =    -10698.9331  EKtot   =      1958.9750  EPtot      =    -12657.9082
 BOND   =         3.7590  ANGLE   =        21.3924  DIHED      =        14.9160
 1-4 NB =        11.2544  1-4 EEL =      -243.1942  VDWAALS    =      2484.5604
 EELEC  =    -14958.3800  EHBOND  =         0.0000  RESTRAINT  =         7.7838
 EAMBER (non-restraint)  =    -12665.6920
 EKCMT  =         0.0000  VIRIAL  =         0.0000  VOLUME     =     32055.2714
                                                    Density    =         1.0119
 Ewald error estimate:   0.1719E-03
 ------------------------------------------------------------------------------

wrapping first mol.:       11.53460       16.31239       28.25388

 NSTEP =    13500   TIME(PS) =      47.000  TEMP(K) =   301.74  PRESS =     0.0
 Etot   =    -10657.3608  EKtot   =      1948.7453  EPtot      =    -12606.1061
 BOND   =         7.0131  ANGLE   =        17.3363  DIHED      =        17.9578
 1-4 NB =        11.8643  1-4 EEL =      -245.5609  VDWAALS    =      2528.8166
 EELEC  =    -14954.8680  EHBOND  =         0.0000  RESTRAINT  =        11.3348
 EAMBER (non-restraint)  =    -12617.4409
 EKCMT  =         0.0000  VIRIAL  =         0.0000  VOLUME     =     31896.9580
                                                    Density    =         1.0169
 Ewald error estimate:   0.7722E-04
 ------------------------------------------------------------------------------

wrapping first mol.:       11.54430       16.32610       28.27763

 NSTEP =    14000   TIME(PS) =      48.000  TEMP(K) =   305.19  PRESS =     0.0
 Etot   =    -10621.6405  EKtot   =      1971.0020  EPtot      =    -12592.6425
 BOND   =         5.0289  ANGLE   =        15.5360  DIHED      =        14.4343
 1-4 NB =        12.1118  1-4 EEL =      -247.6138  VDWAALS    =      2424.5995
 EELEC  =    -14824.3802  EHBOND  =         0.0000  RESTRAINT  =         7.6409
 EAMBER (non-restraint)  =    -12600.2834
 EKCMT  =         0.0000  VIRIAL  =         0.0000  VOLUME     =     31977.4755
                                                    Density    =         1.0144
 Ewald error estimate:   0.2226E-03
 ------------------------------------------------------------------------------

wrapping first mol.:       11.51423       16.28357       28.20398

 NSTEP =    14500   TIME(PS) =      49.000  TEMP(K) =   300.73  PRESS =     0.0
 Etot   =    -10666.2211  EKtot   =      1942.2455  EPtot      =    -12608.4666
 BOND   =         4.6343  ANGLE   =        15.2079  DIHED      =        14.6096
 1-4 NB =        12.7711  1-4 EEL =      -245.4857  VDWAALS    =      2612.7292
 EELEC  =    -15034.2837  EHBOND  =         0.0000  RESTRAINT  =        11.3507
 EAMBER (non-restraint)  =    -12619.8174
 EKCMT  =         0.0000  VIRIAL  =         0.0000  VOLUME     =     31728.2385
                                                    Density    =         1.0223
 Ewald error estimate:   0.1652E-03
 ------------------------------------------------------------------------------

wrapping first mol.:       11.49812       16.26079       28.16452

 NSTEP =    15000   TIME(PS) =      50.000  TEMP(K) =   301.75  PRESS =     0.0
 Etot   =    -10693.5389  EKtot   =      1948.8060  EPtot      =    -12642.3449
 BOND   =         6.1403  ANGLE   =        16.1747  DIHED      =        12.9481
 1-4 NB =        12.4766  1-4 EEL =      -246.8236  VDWAALS    =      2627.1244
 EELEC  =    -15079.1232  EHBOND  =         0.0000  RESTRAINT  =         8.7377
 EAMBER (non-restraint)  =    -12651.0826
 EKCMT  =         0.0000  VIRIAL  =         0.0000  VOLUME     =     31595.2617
                                                    Density    =         1.0266
 Ewald error estimate:   0.2810E-04
 ------------------------------------------------------------------------------

wrapping first mol.:       11.53483       16.31271       28.25444

 NSTEP =    15500   TIME(PS) =      51.000  TEMP(K) =   295.53  PRESS =     0.0
 Etot   =    -10759.2203  EKtot   =      1908.6610  EPtot      =    -12667.8814
 BOND   =         4.4414  ANGLE   =        15.2829  DIHED      =        15.3546
 1-4 NB =        14.5741  1-4 EEL =      -247.6525  VDWAALS    =      2501.6757
 EELEC  =    -14981.3925  EHBOND  =         0.0000  RESTRAINT  =         9.8349
 EAMBER (non-restraint)  =    -12677.7162
 EKCMT  =         0.0000  VIRIAL  =         0.0000  VOLUME     =     31898.8410
                                                    Density    =         1.0169
 Ewald error estimate:   0.4581E-04
 ------------------------------------------------------------------------------

wrapping first mol.:       11.53934       16.31909       28.26550

 NSTEP =    16000   TIME(PS) =      52.000  TEMP(K) =   298.41  PRESS =     0.0
 Etot   =    -10745.6583  EKtot   =      1927.2595  EPtot      =    -12672.9178
 BOND   =         5.2349  ANGLE   =        19.7407  DIHED      =        16.9411
 1-4 NB =        12.7012  1-4 EEL =      -245.7296  VDWAALS    =      2416.6392
 EELEC  =    -14908.3571  EHBOND  =         0.0000  RESTRAINT  =         9.9118
 EAMBER (non-restraint)  =    -12682.8296
 EKCMT  =         0.0000  VIRIAL  =         0.0000  VOLUME     =     31936.3128
                                                    Density    =         1.0157
 Ewald error estimate:   0.3079E-03
 ------------------------------------------------------------------------------

wrapping first mol.:       11.56073       16.34934       28.31789

 NSTEP =    16500   TIME(PS) =      53.000  TEMP(K) =   297.63  PRESS =     0.0
 Etot   =    -10719.8963  EKtot   =      1922.2151  EPtot      =    -12642.1114
 BOND   =         4.4744  ANGLE   =        17.5679  DIHED      =        13.8928
 1-4 NB =        12.9225  1-4 EEL =      -246.4762  VDWAALS    =      2437.9998
 EELEC  =    -14890.6246  EHBOND  =         0.0000  RESTRAINT  =         8.1320
 EAMBER (non-restraint)  =    -12650.2434
 EKCMT  =         0.0000  VIRIAL  =         0.0000  VOLUME     =     32114.2302
                                                    Density    =         1.0100
 Ewald error estimate:   0.3189E-03
 ------------------------------------------------------------------------------

wrapping first mol.:       11.59993       16.40477       28.41390

 NSTEP =    17000   TIME(PS) =      54.000  TEMP(K) =   299.71  PRESS =     0.0
 Etot   =    -10659.1345  EKtot   =      1935.6560  EPtot      =    -12594.7905
 BOND   =         5.6712  ANGLE   =        17.5749  DIHED      =        14.6117
 1-4 NB =        12.7004  1-4 EEL =      -246.1463  VDWAALS    =      2366.9042
 EELEC  =    -14778.9693  EHBOND  =         0.0000  RESTRAINT  =        12.8627
 EAMBER (non-restraint)  =    -12607.6532
 EKCMT  =         0.0000  VIRIAL  =         0.0000  VOLUME     =     32441.9883
                                                    Density    =         0.9998
 Ewald error estimate:   0.1959E-03
 ------------------------------------------------------------------------------

wrapping first mol.:       11.59188       16.39339       28.39418

 NSTEP =    17500   TIME(PS) =      55.000  TEMP(K) =   303.50  PRESS =     0.0
 Etot   =    -10609.6957  EKtot   =      1960.1028  EPtot      =    -12569.7985
 BOND   =         5.5994  ANGLE   =        14.7283  DIHED      =        13.0505
 1-4 NB =        11.3758  1-4 EEL =      -244.4811  VDWAALS    =      2514.7867
 EELEC  =    -14893.3186  EHBOND  =         0.0000  RESTRAINT  =         8.4606
 EAMBER (non-restraint)  =    -12578.2591
 EKCMT  =         0.0000  VIRIAL  =         0.0000  VOLUME     =     32374.4811
                                                    Density    =         1.0019
 Ewald error estimate:   0.9747E-05
 ------------------------------------------------------------------------------

wrapping first mol.:       11.59816       16.40227       28.40957

 NSTEP =    18000   TIME(PS) =      56.000  TEMP(K) =   303.73  PRESS =     0.0
 Etot   =    -10558.2740  EKtot   =      1961.5704  EPtot      =    -12519.8443
 BOND   =         6.1698  ANGLE   =        13.7205  DIHED      =        13.7499
 1-4 NB =        11.5926  1-4 EEL =      -242.9047  VDWAALS    =      2336.5386
 EELEC  =    -14668.3487  EHBOND  =         0.0000  RESTRAINT  =         9.6377
 EAMBER (non-restraint)  =    -12529.4821
 EKCMT  =         0.0000  VIRIAL  =         0.0000  VOLUME     =     32427.1467
                                                    Density    =         1.0003
 Ewald error estimate:   0.3670E-03
 ------------------------------------------------------------------------------

wrapping first mol.:       11.58868       16.38886       28.38634

 NSTEP =    18500   TIME(PS) =      57.000  TEMP(K) =   299.79  PRESS =     0.0
 Etot   =    -10729.1296  EKtot   =      1936.1514  EPtot      =    -12665.2811
 BOND   =         5.7327  ANGLE   =        12.5438  DIHED      =        14.8900
 1-4 NB =        13.6590  1-4 EEL =      -247.0012  VDWAALS    =      2412.3312
 EELEC  =    -14884.9204  EHBOND  =         0.0000  RESTRAINT  =         7.4838
 EAMBER (non-restraint)  =    -12672.7649
 EKCMT  =         0.0000  VIRIAL  =         0.0000  VOLUME     =     32347.6738
                                                    Density    =         1.0027
 Ewald error estimate:   0.2689E-03
 ------------------------------------------------------------------------------

wrapping first mol.:       11.56511       16.35554       28.32862

 NSTEP =    19000   TIME(PS) =      58.000  TEMP(K) =   293.86  PRESS =     0.0
 Etot   =    -10671.1209  EKtot   =      1897.8691  EPtot      =    -12568.9900
 BOND   =         4.5019  ANGLE   =        16.1989  DIHED      =        17.0080
 1-4 NB =        11.7839  1-4 EEL =      -247.7288  VDWAALS    =      2415.1460
 EELEC  =    -14793.2666  EHBOND  =         0.0000  RESTRAINT  =         7.3668
 EAMBER (non-restraint)  =    -12576.3567
 EKCMT  =         0.0000  VIRIAL  =         0.0000  VOLUME     =     32150.7695
                                                    Density    =         1.0089
 Ewald error estimate:   0.5110E-04
 ------------------------------------------------------------------------------

wrapping first mol.:       11.54333       16.32473       28.27526

 NSTEP =    19500   TIME(PS) =      59.000  TEMP(K) =   297.14  PRESS =     0.0
 Etot   =    -10683.7568  EKtot   =      1919.0541  EPtot      =    -12602.8109
 BOND   =         5.3024  ANGLE   =        15.3487  DIHED      =        13.5450
 1-4 NB =        11.8235  1-4 EEL =      -245.2093  VDWAALS    =      2480.2449
 EELEC  =    -14894.2255  EHBOND  =         0.0000  RESTRAINT  =        10.3594
 EAMBER (non-restraint)  =    -12613.1703
 EKCMT  =         0.0000  VIRIAL  =         0.0000  VOLUME     =     31969.4166
                                                    Density    =         1.0146
 Ewald error estimate:   0.2222E-03
 ------------------------------------------------------------------------------

wrapping first mol.:       11.53759       16.31662       28.26121

 NSTEP =    20000   TIME(PS) =      60.000  TEMP(K) =   300.28  PRESS =     0.0
 Etot   =    -10659.1031  EKtot   =      1939.2881  EPtot      =    -12598.3912
 BOND   =         4.4495  ANGLE   =        16.5101  DIHED      =        18.3366
 1-4 NB =        10.9313  1-4 EEL =      -246.9338  VDWAALS    =      2410.1631
 EELEC  =    -14821.7536  EHBOND  =         0.0000  RESTRAINT  =         9.9056
 EAMBER (non-restraint)  =    -12608.2968
 EKCMT  =         0.0000  VIRIAL  =         0.0000  VOLUME     =     31921.7900
                                                    Density    =         1.0161
 Ewald error estimate:   0.6813E-04
 ------------------------------------------------------------------------------

wrapping first mol.:       11.50736       16.27387       28.18717

 NSTEP =    20500   TIME(PS) =      61.000  TEMP(K) =   304.63  PRESS =     0.0
 Etot   =    -10700.1412  EKtot   =      1967.4247  EPtot      =    -12667.5658
 BOND   =         5.6013  ANGLE   =        13.2576  DIHED      =        14.8315
 1-4 NB =        11.6420  1-4 EEL =      -244.3652  VDWAALS    =      2545.3377
 EELEC  =    -15023.4729  EHBOND  =         0.0000  RESTRAINT  =         9.6023
 EAMBER (non-restraint)  =    -12677.1681
 EKCMT  =         0.0000  VIRIAL  =         0.0000  VOLUME     =     31671.5443
                                                    Density    =         1.0242
 Ewald error estimate:   0.1281E-03
 ------------------------------------------------------------------------------

wrapping first mol.:       11.55729       16.34448       28.30946

 NSTEP =    21000   TIME(PS) =      62.000  TEMP(K) =   294.76  PRESS =     0.0
 Etot   =    -10712.9099  EKtot   =      1903.6937  EPtot      =    -12616.6036
 BOND   =         5.9827  ANGLE   =        11.5748  DIHED      =        15.7980
 1-4 NB =        12.0857  1-4 EEL =      -244.9871  VDWAALS    =      2471.0318
 EELEC  =    -14902.3328  EHBOND  =         0.0000  RESTRAINT  =        14.2433
 EAMBER (non-restraint)  =    -12630.8469
 EKCMT  =         0.0000  VIRIAL  =         0.0000  VOLUME     =     32085.5743
                                                    Density    =         1.0109
 Ewald error estimate:   0.2359E-03
 ------------------------------------------------------------------------------

wrapping first mol.:       11.55192       16.33688       28.29630

 NSTEP =    21500   TIME(PS) =      63.000  TEMP(K) =   298.33  PRESS =     0.0
 Etot   =    -10707.7362  EKtot   =      1926.7067  EPtot      =    -12634.4429
 BOND   =         5.4493  ANGLE   =        15.4167  DIHED      =        17.1531
 1-4 NB =        13.3092  1-4 EEL =      -249.0045  VDWAALS    =      2406.8589
 EELEC  =    -14853.9802  EHBOND  =         0.0000  RESTRAINT  =        10.3547
 EAMBER (non-restraint)  =    -12644.7975
 EKCMT  =         0.0000  VIRIAL  =         0.0000  VOLUME     =     32040.8357
                                                    Density    =         1.0124
 Ewald error estimate:   0.3191E-04
 ------------------------------------------------------------------------------

wrapping first mol.:       11.52057       16.29255       28.21952

 NSTEP =    22000   TIME(PS) =      64.000  TEMP(K) =   291.00  PRESS =     0.0
 Etot   =    -10680.1690  EKtot   =      1879.3764  EPtot      =    -12559.5454
 BOND   =         5.2431  ANGLE   =        12.2453  DIHED      =        14.4630
 1-4 NB =        13.4514  1-4 EEL =      -247.8083  VDWAALS    =      2474.8519
 EELEC  =    -14842.6692  EHBOND  =         0.0000  RESTRAINT  =        10.6772
 EAMBER (non-restraint)  =    -12570.2227
 EKCMT  =         0.0000  VIRIAL  =         0.0000  VOLUME     =     31780.7112
                                                    Density    =         1.0206
 Ewald error estimate:   0.2177E-03
 ------------------------------------------------------------------------------

wrapping first mol.:       11.55108       16.33569       28.29424

 NSTEP =    22500   TIME(PS) =      65.000  TEMP(K) =   297.99  PRESS =     0.0
 Etot   =    -10662.2118  EKtot   =      1924.5487  EPtot      =    -12586.7606
 BOND   =         8.0847  ANGLE   =        17.7672  DIHED      =        16.4323
 1-4 NB =        12.1158  1-4 EEL =      -244.7692  VDWAALS    =      2374.8023
 EELEC  =    -14777.2006  EHBOND  =         0.0000  RESTRAINT  =         6.0070
 EAMBER (non-restraint)  =    -12592.7676
 EKCMT  =         0.0000  VIRIAL  =         0.0000  VOLUME     =     32033.8485
                                                    Density    =         1.0126
 Ewald error estimate:   0.2074E-03
 ------------------------------------------------------------------------------

wrapping first mol.:       11.55493       16.34114       28.30368

 NSTEP =    23000   TIME(PS) =      66.000  TEMP(K) =   302.41  PRESS =     0.0
 Etot   =    -10705.4976  EKtot   =      1953.0928  EPtot      =    -12658.5905
 BOND   =         6.9072  ANGLE   =        14.0798  DIHED      =        16.7354
 1-4 NB =        11.3952  1-4 EEL =      -244.2494  VDWAALS    =      2448.3956
 EELEC  =    -14919.3718  EHBOND  =         0.0000  RESTRAINT  =         7.5175
 EAMBER (non-restraint)  =    -12666.1079
 EKCMT  =         0.0000  VIRIAL  =         0.0000  VOLUME     =     32065.9337
                                                    Density    =         1.0116
 Ewald error estimate:   0.2819E-03
 ------------------------------------------------------------------------------

wrapping first mol.:       11.51637       16.28661       28.20923

 NSTEP =    23500   TIME(PS) =      67.000  TEMP(K) =   297.78  PRESS =     0.0
 Etot   =    -10699.5110  EKtot   =      1923.1664  EPtot      =    -12622.6774
 BOND   =         8.0314  ANGLE   =        13.4829  DIHED      =        15.1492
 1-4 NB =        12.0633  1-4 EEL =      -242.8711  VDWAALS    =      2468.3134
 EELEC  =    -14907.7338  EHBOND  =         0.0000  RESTRAINT  =        10.8872
 EAMBER (non-restraint)  =    -12633.5646
 EKCMT  =         0.0000  VIRIAL  =         0.0000  VOLUME     =     31745.9591
                                                    Density    =         1.0218
 Ewald error estimate:   0.4289E-03
 ------------------------------------------------------------------------------

wrapping first mol.:       11.53161       16.30815       28.24655

 NSTEP =    24000   TIME(PS) =      68.000  TEMP(K) =   302.54  PRESS =     0.0
 Etot   =    -10651.2607  EKtot   =      1953.9209  EPtot      =    -12605.1816
 BOND   =         9.3258  ANGLE   =        15.1549  DIHED      =        14.2809
 1-4 NB =        11.1450  1-4 EEL =      -245.6360  VDWAALS    =      2424.4293
 EELEC  =    -14842.6968  EHBOND  =         0.0000  RESTRAINT  =         8.8151
 EAMBER (non-restraint)  =    -12613.9968
 EKCMT  =         0.0000  VIRIAL  =         0.0000  VOLUME     =     31872.1400
                                                    Density    =         1.0177
 Ewald error estimate:   0.1961E-03
 ------------------------------------------------------------------------------

wrapping first mol.:       11.52375       16.29704       28.22730

 NSTEP =    24500   TIME(PS) =      69.000  TEMP(K) =   300.57  PRESS =     0.0
 Etot   =    -10675.0122  EKtot   =      1941.2017  EPtot      =    -12616.2140
 BOND   =         8.8519  ANGLE   =        15.5942  DIHED      =        15.2895
 1-4 NB =        12.1508  1-4 EEL =      -245.0418  VDWAALS    =      2464.0569
 EELEC  =    -14897.0960  EHBOND  =         0.0000  RESTRAINT  =         9.9804
 EAMBER (non-restraint)  =    -12626.1944
 EKCMT  =         0.0000  VIRIAL  =         0.0000  VOLUME     =     31807.0056
                                                    Density    =         1.0198
 Ewald error estimate:   0.2380E-03
 ------------------------------------------------------------------------------

wrapping first mol.:       11.52317       16.29622       28.22587

 NSTEP =    25000   TIME(PS) =      70.000  TEMP(K) =   297.64  PRESS =     0.0
 Etot   =    -10722.3454  EKtot   =      1922.2649  EPtot      =    -12644.6103
 BOND   =         3.7777  ANGLE   =        20.7978  DIHED      =        19.0234
 1-4 NB =        12.3936  1-4 EEL =      -247.0371  VDWAALS    =      2490.9334
 EELEC  =    -14955.2897  EHBOND  =         0.0000  RESTRAINT  =        10.7906
 EAMBER (non-restraint)  =    -12655.4009
 EKCMT  =         0.0000  VIRIAL  =         0.0000  VOLUME     =     31802.2020
                                                    Density    =         1.0199
 Ewald error estimate:   0.1094E-03
 ------------------------------------------------------------------------------

wrapping first mol.:       11.52828       16.30346       28.23841

 NSTEP =    25500   TIME(PS) =      71.000  TEMP(K) =   303.62  PRESS =     0.0
 Etot   =    -10625.4008  EKtot   =      1960.9157  EPtot      =    -12586.3165
 BOND   =         5.3348  ANGLE   =        12.3330  DIHED      =        15.5667
 1-4 NB =        13.0850  1-4 EEL =      -245.6896  VDWAALS    =      2488.4360
 EELEC  =    -14882.7421  EHBOND  =         0.0000  RESTRAINT  =         7.3597
 EAMBER (non-restraint)  =    -12593.6762
 EKCMT  =         0.0000  VIRIAL  =         0.0000  VOLUME     =     31844.5965
                                                    Density    =         1.0186
 Ewald error estimate:   0.3161E-03
 ------------------------------------------------------------------------------

wrapping first mol.:       11.52330       16.29641       28.22621

 NSTEP =    26000   TIME(PS) =      72.000  TEMP(K) =   292.13  PRESS =     0.0
 Etot   =    -10764.3491  EKtot   =      1886.6641  EPtot      =    -12651.0132
 BOND   =        10.9536  ANGLE   =        12.5940  DIHED      =        14.4516
 1-4 NB =        10.8430  1-4 EEL =      -246.2924  VDWAALS    =      2553.7979
 EELEC  =    -15017.5137  EHBOND  =         0.0000  RESTRAINT  =        10.1528
 EAMBER (non-restraint)  =    -12661.1660
 EKCMT  =         0.0000  VIRIAL  =         0.0000  VOLUME     =     31803.3285
                                                    Density    =         1.0199
 Ewald error estimate:   0.2574E-03
 ------------------------------------------------------------------------------

wrapping first mol.:       11.55344       16.33904       28.30004

 NSTEP =    26500   TIME(PS) =      73.000  TEMP(K) =   306.75  PRESS =     0.0
 Etot   =    -10609.6304  EKtot   =      1981.1161  EPtot      =    -12590.7464
 BOND   =         6.7633  ANGLE   =        16.6353  DIHED      =        14.9383
 1-4 NB =        12.0346  1-4 EEL =      -247.3731  VDWAALS    =      2399.1074
 EELEC  =    -14798.5252  EHBOND  =         0.0000  RESTRAINT  =         5.6727
 EAMBER (non-restraint)  =    -12596.4192
 EKCMT  =         0.0000  VIRIAL  =         0.0000  VOLUME     =     32053.5402
                                                    Density    =         1.0119
 Ewald error estimate:   0.1240E-03
 ------------------------------------------------------------------------------

wrapping first mol.:       11.56571       16.35639       28.33009

 NSTEP =    27000   TIME(PS) =      74.000  TEMP(K) =   300.53  PRESS =     0.0
 Etot   =    -10641.9014  EKtot   =      1940.9414  EPtot      =    -12582.8427
 BOND   =         7.2350  ANGLE   =        20.8246  DIHED      =        20.3053
 1-4 NB =        11.1332  1-4 EEL =      -244.3530  VDWAALS    =      2357.9733
 EELEC  =    -14769.9930  EHBOND  =         0.0000  RESTRAINT  =        14.0318
 EAMBER (non-restraint)  =    -12596.8746
 EKCMT  =         0.0000  VIRIAL  =         0.0000  VOLUME     =     32155.7557
                                                    Density    =         1.0087
 Ewald error estimate:   0.4924E-04
 ------------------------------------------------------------------------------

wrapping first mol.:       11.58707       16.38659       28.38240

 NSTEP =    27500   TIME(PS) =      75.000  TEMP(K) =   297.31  PRESS =     0.0
 Etot   =    -10777.2723  EKtot   =      1920.1475  EPtot      =    -12697.4197
 BOND   =         6.3451  ANGLE   =        15.0504  DIHED      =        16.5227
 1-4 NB =        10.8934  1-4 EEL =      -243.1706  VDWAALS    =      2426.7831
 EELEC  =    -14936.9590  EHBOND  =         0.0000  RESTRAINT  =         7.1152
 EAMBER (non-restraint)  =    -12704.5349
 EKCMT  =         0.0000  VIRIAL  =         0.0000  VOLUME     =     32334.2208
                                                    Density    =         1.0032
 Ewald error estimate:   0.1474E-03
 ------------------------------------------------------------------------------

wrapping first mol.:       11.56406       16.35405       28.32605

 NSTEP =    28000   TIME(PS) =      76.000  TEMP(K) =   305.51  PRESS =     0.0
 Etot   =    -10682.5843  EKtot   =      1973.1041  EPtot      =    -12655.6884
 BOND   =         8.4610  ANGLE   =        15.6765  DIHED      =        19.4789
 1-4 NB =        11.3199  1-4 EEL =      -245.6995  VDWAALS    =      2569.6320
 EELEC  =    -15043.3239  EHBOND  =         0.0000  RESTRAINT  =         8.7667
 EAMBER (non-restraint)  =    -12664.4551
 EKCMT  =         0.0000  VIRIAL  =         0.0000  VOLUME     =     32142.0111
                                                    Density    =         1.0092
 Ewald error estimate:   0.1678E-03
 ------------------------------------------------------------------------------

wrapping first mol.:       11.56392       16.35385       28.32569

 NSTEP =    28500   TIME(PS) =      77.000  TEMP(K) =   306.92  PRESS =     0.0
 Etot   =    -10724.4334  EKtot   =      1982.1917  EPtot      =    -12706.6251
 BOND   =         5.8595  ANGLE   =        15.8223  DIHED      =        15.7340
 1-4 NB =        11.4129  1-4 EEL =      -246.4552  VDWAALS    =      2558.5057
 EELEC  =    -15077.2723  EHBOND  =         0.0000  RESTRAINT  =         9.7680
 EAMBER (non-restraint)  =    -12716.3931
 EKCMT  =         0.0000  VIRIAL  =         0.0000  VOLUME     =     32140.7806
                                                    Density    =         1.0092
 Ewald error estimate:   0.9394E-04
 ------------------------------------------------------------------------------

wrapping first mol.:       11.55306       16.33850       28.29911

 NSTEP =    29000   TIME(PS) =      78.000  TEMP(K) =   295.60  PRESS =     0.0
 Etot   =    -10682.2425  EKtot   =      1909.0880  EPtot      =    -12591.3304
 BOND   =         8.8998  ANGLE   =        11.9266  DIHED      =        16.5952
 1-4 NB =        13.5900  1-4 EEL =      -245.3037  VDWAALS    =      2519.9248
 EELEC  =    -14927.9490  EHBOND  =         0.0000  RESTRAINT  =        10.9858
 EAMBER (non-restraint)  =    -12602.3162
 EKCMT  =         0.0000  VIRIAL  =         0.0000  VOLUME     =     32050.3754
                                                    Density    =         1.0120
 Ewald error estimate:   0.3911E-03
 ------------------------------------------------------------------------------

wrapping first mol.:       11.52684       16.30141       28.23487

 NSTEP =    29500   TIME(PS) =      79.000  TEMP(K) =   305.81  PRESS =     0.0
 Etot   =    -10688.2528  EKtot   =      1975.0597  EPtot      =    -12663.3124
 BOND   =         5.8831  ANGLE   =        14.2401  DIHED      =        16.8697
 1-4 NB =        11.0342  1-4 EEL =      -244.9712  VDWAALS    =      2451.8920
 EELEC  =    -14927.0674  EHBOND  =         0.0000  RESTRAINT  =         8.8071
 EAMBER (non-restraint)  =    -12672.1195
 EKCMT  =         0.0000  VIRIAL  =         0.0000  VOLUME     =     31832.6246
                                                    Density    =         1.0190
 Ewald error estimate:   0.1673E-03
 ------------------------------------------------------------------------------

wrapping first mol.:       11.54782       16.33109       28.28627

 NSTEP =    30000   TIME(PS) =      80.000  TEMP(K) =   295.68  PRESS =     0.0
 Etot   =    -10673.0115  EKtot   =      1909.6266  EPtot      =    -12582.6380
 BOND   =        12.5420  ANGLE   =        15.9534  DIHED      =        14.9097
 1-4 NB =        13.8940  1-4 EEL =      -245.1787  VDWAALS    =      2540.3770
 EELEC  =    -14947.6099  EHBOND  =         0.0000  RESTRAINT  =        12.4744
 EAMBER (non-restraint)  =    -12595.1125
 EKCMT  =         0.0000  VIRIAL  =         0.0000  VOLUME     =     32006.7876
                                                    Density    =         1.0134
 Ewald error estimate:   0.2472E-03
 ------------------------------------------------------------------------------

wrapping first mol.:       11.53061       16.30675       28.24412

 NSTEP =    30500   TIME(PS) =      81.000  TEMP(K) =   301.55  PRESS =     0.0
 Etot   =    -10659.9078  EKtot   =      1947.5515  EPtot      =    -12607.4593
 BOND   =         9.6871  ANGLE   =        15.8256  DIHED      =        17.7228
 1-4 NB =        11.9647  1-4 EEL =      -246.1788  VDWAALS    =      2465.9885
 EELEC  =    -14890.5303  EHBOND  =         0.0000  RESTRAINT  =         8.0611
 EAMBER (non-restraint)  =    -12615.5204
 EKCMT  =         0.0000  VIRIAL  =         0.0000  VOLUME     =     31863.9103
                                                    Density    =         1.0180
 Ewald error estimate:   0.5357E-04
 ------------------------------------------------------------------------------

wrapping first mol.:       11.58662       16.38596       28.38131

 NSTEP =    31000   TIME(PS) =      82.000  TEMP(K) =   297.54  PRESS =     0.0
 Etot   =    -10694.0066  EKtot   =      1921.6295  EPtot      =    -12615.6360
 BOND   =         7.2463  ANGLE   =        12.5674  DIHED      =        17.8134
 1-4 NB =        14.1916  1-4 EEL =      -246.3973  VDWAALS    =      2441.9060
 EELEC  =    -14874.3330  EHBOND  =         0.0000  RESTRAINT  =        11.3696
 EAMBER (non-restraint)  =    -12627.0056
 EKCMT  =         0.0000  VIRIAL  =         0.0000  VOLUME     =     32330.4718
                                                    Density    =         1.0033
 Ewald error estimate:   0.1108E-03
 ------------------------------------------------------------------------------

wrapping first mol.:       11.58577       16.38475       28.37921

 NSTEP =    31500   TIME(PS) =      83.000  TEMP(K) =   305.01  PRESS =     0.0
 Etot   =    -10657.8731  EKtot   =      1969.8454  EPtot      =    -12627.7185
 BOND   =         4.5168  ANGLE   =        17.0862  DIHED      =        16.1346
 1-4 NB =        12.2482  1-4 EEL =      -245.7547  VDWAALS    =      2494.4658
 EELEC  =    -14933.9209  EHBOND  =         0.0000  RESTRAINT  =         7.5055
 EAMBER (non-restraint)  =    -12635.2239
 EKCMT  =         0.0000  VIRIAL  =         0.0000  VOLUME     =     32323.3274
                                                    Density    =         1.0035
 Ewald error estimate:   0.1851E-03
 ------------------------------------------------------------------------------

wrapping first mol.:       11.55440       16.34039       28.30238

 NSTEP =    32000   TIME(PS) =      84.000  TEMP(K) =   299.94  PRESS =     0.0
 Etot   =    -10740.2240  EKtot   =      1937.1362  EPtot      =    -12677.3602
 BOND   =        10.2968  ANGLE   =        17.4116  DIHED      =        14.5740
 1-4 NB =        11.9615  1-4 EEL =      -244.3076  VDWAALS    =      2562.2953
 EELEC  =    -15057.4055  EHBOND  =         0.0000  RESTRAINT  =         7.8138
 EAMBER (non-restraint)  =    -12685.1740
 EKCMT  =         0.0000  VIRIAL  =         0.0000  VOLUME     =     32061.4967
                                                    Density    =         1.0117
 Ewald error estimate:   0.8528E-04
 ------------------------------------------------------------------------------

wrapping first mol.:       11.53954       16.31937       28.26598

 NSTEP =    32500   TIME(PS) =      85.000  TEMP(K) =   304.47  PRESS =     0.0
 Etot   =    -10706.8592  EKtot   =      1966.3568  EPtot      =    -12673.2160
 BOND   =         8.2249  ANGLE   =        17.3679  DIHED      =        15.7098
 1-4 NB =        12.4167  1-4 EEL =      -246.6324  VDWAALS    =      2539.4339
 EELEC  =    -15025.6616  EHBOND  =         0.0000  RESTRAINT  =         5.9247
 EAMBER (non-restraint)  =    -12679.1406
 EKCMT  =         0.0000  VIRIAL  =         0.0000  VOLUME     =     31937.9626
                                                    Density    =         1.0156
 Ewald error estimate:   0.5277E-03
 ------------------------------------------------------------------------------

wrapping first mol.:       11.52497       16.29878       28.23030

 NSTEP =    33000   TIME(PS) =      86.000  TEMP(K) =   301.07  PRESS =     0.0
 Etot   =    -10682.0104  EKtot   =      1944.4380  EPtot      =    -12626.4484
 BOND   =         3.9823  ANGLE   =        13.8152  DIHED      =        15.2844
 1-4 NB =        13.2308  1-4 EEL =      -247.1373  VDWAALS    =      2545.9024
 EELEC  =    -14981.5937  EHBOND  =         0.0000  RESTRAINT  =        10.0675
 EAMBER (non-restraint)  =    -12636.5158
 EKCMT  =         0.0000  VIRIAL  =         0.0000  VOLUME     =     31817.1766
                                                    Density    =         1.0195
 Ewald error estimate:   0.5442E-03
 ------------------------------------------------------------------------------

wrapping first mol.:       11.53034       16.30637       28.24345

 NSTEP =    33500   TIME(PS) =      87.000  TEMP(K) =   299.67  PRESS =     0.0
 Etot   =    -10716.5252  EKtot   =      1935.3592  EPtot      =    -12651.8845
 BOND   =         5.8978  ANGLE   =        14.0026  DIHED      =        16.6408
 1-4 NB =        13.0230  1-4 EEL =      -247.3959  VDWAALS    =      2515.1902
 EELEC  =    -14981.2691  EHBOND  =         0.0000  RESTRAINT  =        12.0261
 EAMBER (non-restraint)  =    -12663.9106
 EKCMT  =         0.0000  VIRIAL  =         0.0000  VOLUME     =     31861.6605
                                                    Density    =         1.0180
 Ewald error estimate:   0.8336E-05
 ------------------------------------------------------------------------------

wrapping first mol.:       11.53074       16.30693       28.24443

 NSTEP =    34000   TIME(PS) =      88.000  TEMP(K) =   293.16  PRESS =     0.0
 Etot   =    -10696.9535  EKtot   =      1893.3391  EPtot      =    -12590.2926
 BOND   =         7.5083  ANGLE   =        15.5306  DIHED      =        16.5491
 1-4 NB =        12.4484  1-4 EEL =      -246.6082  VDWAALS    =      2434.0857
 EELEC  =    -14837.3493  EHBOND  =         0.0000  RESTRAINT  =         7.5428
 EAMBER (non-restraint)  =    -12597.8354
 EKCMT  =         0.0000  VIRIAL  =         0.0000  VOLUME     =     31864.9618
                                                    Density    =         1.0179
 Ewald error estimate:   0.1121E-03
 ------------------------------------------------------------------------------

wrapping first mol.:       11.53954       16.31937       28.26598

 NSTEP =    34500   TIME(PS) =      89.000  TEMP(K) =   307.68  PRESS =     0.0
 Etot   =    -10675.4382  EKtot   =      1987.0880  EPtot      =    -12662.5262
 BOND   =         6.2880  ANGLE   =        15.8897  DIHED      =        16.5741
 1-4 NB =        11.1706  1-4 EEL =      -245.3280  VDWAALS    =      2475.9737
 EELEC  =    -14952.0170  EHBOND  =         0.0000  RESTRAINT  =         8.9227
 EAMBER (non-restraint)  =    -12671.4489
 EKCMT  =         0.0000  VIRIAL  =         0.0000  VOLUME     =     31937.9406
                                                    Density    =         1.0156
 Ewald error estimate:   0.2730E-03
 ------------------------------------------------------------------------------

wrapping first mol.:       11.53809       16.31732       28.26242

 NSTEP =    35000   TIME(PS) =      90.000  TEMP(K) =   301.01  PRESS =     0.0
 Etot   =    -10686.0672  EKtot   =      1944.0449  EPtot      =    -12630.1121
 BOND   =         4.1595  ANGLE   =        11.8442  DIHED      =        14.5279
 1-4 NB =        13.4756  1-4 EEL =      -246.6838  VDWAALS    =      2528.0200
 EELEC  =    -14964.6241  EHBOND  =         0.0000  RESTRAINT  =         9.1686
 EAMBER (non-restraint)  =    -12639.2808
 EKCMT  =         0.0000  VIRIAL  =         0.0000  VOLUME     =     31925.8977
                                                    Density    =         1.0160
 Ewald error estimate:   0.8918E-04
 ------------------------------------------------------------------------------

wrapping first mol.:       11.55601       16.34267       28.30633

 NSTEP =    35500   TIME(PS) =      91.000  TEMP(K) =   295.68  PRESS =     0.0
 Etot   =    -10701.8595  EKtot   =      1909.5958  EPtot      =    -12611.4553
 BOND   =         5.7959  ANGLE   =        12.3119  DIHED      =        14.0943
 1-4 NB =        12.1911  1-4 EEL =      -246.8278  VDWAALS    =      2467.3123
 EELEC  =    -14882.7260  EHBOND  =         0.0000  RESTRAINT  =         6.3928
 EAMBER (non-restraint)  =    -12617.8481
 EKCMT  =         0.0000  VIRIAL  =         0.0000  VOLUME     =     32074.9407
                                                    Density    =         1.0113
 Ewald error estimate:   0.5647E-04
 ------------------------------------------------------------------------------

wrapping first mol.:       11.53700       16.31578       28.25976

 NSTEP =    36000   TIME(PS) =      92.000  TEMP(K) =   296.53  PRESS =     0.0
 Etot   =    -10735.9074  EKtot   =      1915.1186  EPtot      =    -12651.0260
 BOND   =         4.1355  ANGLE   =        16.3259  DIHED      =        14.8103
 1-4 NB =        13.2167  1-4 EEL =      -247.9994  VDWAALS    =      2505.7941
 EELEC  =    -14970.6748  EHBOND  =         0.0000  RESTRAINT  =        13.3657
 EAMBER (non-restraint)  =    -12664.3917
 EKCMT  =         0.0000  VIRIAL  =         0.0000  VOLUME     =     31916.8808
                                                    Density    =         1.0163
 Ewald error estimate:   0.9920E-05
 ------------------------------------------------------------------------------

wrapping first mol.:       11.58309       16.38096       28.37265

 NSTEP =    36500   TIME(PS) =      93.000  TEMP(K) =   284.86  PRESS =     0.0
 Etot   =    -10840.7719  EKtot   =      1839.7526  EPtot      =    -12680.5245
 BOND   =         4.0066  ANGLE   =        13.4114  DIHED      =        17.8231
 1-4 NB =        12.9164  1-4 EEL =      -248.0031  VDWAALS    =      2488.3902
 EELEC  =    -14977.0094  EHBOND  =         0.0000  RESTRAINT  =         7.9403
 EAMBER (non-restraint)  =    -12688.4649
 EKCMT  =         0.0000  VIRIAL  =         0.0000  VOLUME     =     32300.9082
                                                    Density    =         1.0042
 Ewald error estimate:   0.3613E-04
 ------------------------------------------------------------------------------

wrapping first mol.:       11.55256       16.33778       28.29787

 NSTEP =    37000   TIME(PS) =      94.000  TEMP(K) =   302.37  PRESS =     0.0
 Etot   =    -10733.3791  EKtot   =      1952.8282  EPtot      =    -12686.2072
 BOND   =         6.5763  ANGLE   =        11.3543  DIHED      =        15.7468
 1-4 NB =        11.3264  1-4 EEL =      -245.4425  VDWAALS    =      2611.5982
 EELEC  =    -15106.1516  EHBOND  =         0.0000  RESTRAINT  =         8.7850
 EAMBER (non-restraint)  =    -12694.9922
 EKCMT  =         0.0000  VIRIAL  =         0.0000  VOLUME     =     32046.1769
                                                    Density    =         1.0122
 Ewald error estimate:   0.1801E-03
 ------------------------------------------------------------------------------

wrapping first mol.:       11.56762       16.35909       28.33477

 NSTEP =    37500   TIME(PS) =      95.000  TEMP(K) =   299.02  PRESS =     0.0
 Etot   =    -10696.9674  EKtot   =      1931.1955  EPtot      =    -12628.1629
 BOND   =         4.7022  ANGLE   =        18.2426  DIHED      =        20.0608
 1-4 NB =        10.6545  1-4 EEL =      -245.3098  VDWAALS    =      2496.3870
 EELEC  =    -14940.3658  EHBOND  =         0.0000  RESTRAINT  =         7.4656
 EAMBER (non-restraint)  =    -12635.6285
 EKCMT  =         0.0000  VIRIAL  =         0.0000  VOLUME     =     32171.6952
                                                    Density    =         1.0082
 Ewald error estimate:   0.1114E-03
 ------------------------------------------------------------------------------

wrapping first mol.:       11.56308       16.35266       28.32364

 NSTEP =    38000   TIME(PS) =      96.000  TEMP(K) =   296.06  PRESS =     0.0
 Etot   =    -10664.0803  EKtot   =      1912.0549  EPtot      =    -12576.1351
 BOND   =         6.9651  ANGLE   =        14.3455  DIHED      =        18.6771
 1-4 NB =        10.8231  1-4 EEL =      -244.4247  VDWAALS    =      2457.5529
 EELEC  =    -14850.8002  EHBOND  =         0.0000  RESTRAINT  =        10.7260
 EAMBER (non-restraint)  =    -12586.8611
 EKCMT  =         0.0000  VIRIAL  =         0.0000  VOLUME     =     32133.7973
                                                    Density    =         1.0094
 Ewald error estimate:   0.3147E-04
 ------------------------------------------------------------------------------

wrapping first mol.:       11.56052       16.34904       28.31737

 NSTEP =    38500   TIME(PS) =      97.000  TEMP(K) =   306.77  PRESS =     0.0
 Etot   =    -10742.7013  EKtot   =      1981.2116  EPtot      =    -12723.9129
 BOND   =         5.7139  ANGLE   =        15.4835  DIHED      =        15.7066
 1-4 NB =        12.7322  1-4 EEL =      -247.2365  VDWAALS    =      2407.8588
 EELEC  =    -14945.0590  EHBOND  =         0.0000  RESTRAINT  =        10.8876
 EAMBER (non-restraint)  =    -12734.8005
 EKCMT  =         0.0000  VIRIAL  =         0.0000  VOLUME     =     32112.4802
                                                    Density    =         1.0101
 Ewald error estimate:   0.3904E-04
 ------------------------------------------------------------------------------

wrapping first mol.:       11.57491       16.36939       28.35261

 NSTEP =    39000   TIME(PS) =      98.000  TEMP(K) =   297.90  PRESS =     0.0
 Etot   =    -10745.6421  EKtot   =      1923.9815  EPtot      =    -12669.6235
 BOND   =        11.6269  ANGLE   =        16.6851  DIHED      =        15.8769
 1-4 NB =        12.0574  1-4 EEL =      -243.1741  VDWAALS    =      2513.0395
 EELEC  =    -15004.8339  EHBOND  =         0.0000  RESTRAINT  =         9.0987
 EAMBER (non-restraint)  =    -12678.7222
 EKCMT  =         0.0000  VIRIAL  =         0.0000  VOLUME     =     32232.5013
                                                    Density    =         1.0063
 Ewald error estimate:   0.1716E-03
 ------------------------------------------------------------------------------

wrapping first mol.:       11.57667       16.37188       28.35693

 NSTEP =    39500   TIME(PS) =      99.000  TEMP(K) =   293.49  PRESS =     0.0
 Etot   =    -10798.1026  EKtot   =      1895.4427  EPtot      =    -12693.5453
 BOND   =        11.4659  ANGLE   =        14.6692  DIHED      =        15.2804
 1-4 NB =        12.2694  1-4 EEL =      -245.9554  VDWAALS    =      2401.6453
 EELEC  =    -14915.1475  EHBOND  =         0.0000  RESTRAINT  =        12.2274
 EAMBER (non-restraint)  =    -12705.7727
 EKCMT  =         0.0000  VIRIAL  =         0.0000  VOLUME     =     32247.2549
                                                    Density    =         1.0059
 Ewald error estimate:   0.4535E-03
 ------------------------------------------------------------------------------

wrapping first mol.:       11.57667       16.37188       28.35693

 NSTEP =    40000   TIME(PS) =     100.000  TEMP(K) =   288.75  PRESS =     0.0
 Etot   =    -10797.6712  EKtot   =      1864.8383  EPtot      =    -12662.5095
 BOND   =        12.0945  ANGLE   =        16.8014  DIHED      =        15.9367
 1-4 NB =        11.8902  1-4 EEL =      -245.1746  VDWAALS    =      2441.6838
 EELEC  =    -14925.6972  EHBOND  =         0.0000  RESTRAINT  =         9.9558
 EAMBER (non-restraint)  =    -12672.4653
 EKCMT  =         0.0000  VIRIAL  =         0.0000  VOLUME     =     32247.2549
                                                    Density    =         1.0059
 Ewald error estimate:   0.2554E-03
 ------------------------------------------------------------------------------

wrapping first mol.:       11.58733       16.38695       28.38303

 NSTEP =    40500   TIME(PS) =     101.000  TEMP(K) =   296.15  PRESS =     0.0
 Etot   =    -10749.1498  EKtot   =      1912.6641  EPtot      =    -12661.8139
 BOND   =         9.3479  ANGLE   =        17.9290  DIHED      =        15.3624
 1-4 NB =        12.9404  1-4 EEL =      -247.1095  VDWAALS    =      2520.3211
 EELEC  =    -15000.6999  EHBOND  =         0.0000  RESTRAINT  =        10.0948
 EAMBER (non-restraint)  =    -12671.9086
 EKCMT  =         0.0000  VIRIAL  =         0.0000  VOLUME     =     32336.3761
                                                    Density    =         1.0031
 Ewald error estimate:   0.1063E-03
 ------------------------------------------------------------------------------

wrapping first mol.:       11.58489       16.38351       28.37707

 NSTEP =    41000   TIME(PS) =     102.000  TEMP(K) =   286.26  PRESS =     0.0
 Etot   =    -10765.4297  EKtot   =      1848.7927  EPtot      =    -12614.2224
 BOND   =         5.6468  ANGLE   =        14.3289  DIHED      =        14.8626
 1-4 NB =        11.1814  1-4 EEL =      -243.3894  VDWAALS    =      2423.6874
 EELEC  =    -14848.2538  EHBOND  =         0.0000  RESTRAINT  =         7.7136
 EAMBER (non-restraint)  =    -12621.9360
 EKCMT  =         0.0000  VIRIAL  =         0.0000  VOLUME     =     32315.9853
                                                    Density    =         1.0037
 Ewald error estimate:   0.2535E-03
 ------------------------------------------------------------------------------

wrapping first mol.:       11.56489       16.35522       28.32807

 NSTEP =    41500   TIME(PS) =     103.000  TEMP(K) =   293.44  PRESS =     0.0
 Etot   =    -10675.5292  EKtot   =      1895.1560  EPtot      =    -12570.6852
 BOND   =         7.6635  ANGLE   =        15.7509  DIHED      =        14.7337
 1-4 NB =        11.8368  1-4 EEL =      -244.4376  VDWAALS    =      2401.6033
 EELEC  =    -14785.3853  EHBOND  =         0.0000  RESTRAINT  =         7.5495
 EAMBER (non-restraint)  =    -12578.2348
 EKCMT  =         0.0000  VIRIAL  =         0.0000  VOLUME     =     32148.8928
                                                    Density    =         1.0089
 Ewald error estimate:   0.1055E-03
 ------------------------------------------------------------------------------

wrapping first mol.:       11.56102       16.34975       28.31859

 NSTEP =    42000   TIME(PS) =     104.000  TEMP(K) =   293.86  PRESS =     0.0
 Etot   =    -10702.6519  EKtot   =      1897.8801  EPtot      =    -12600.5320
 BOND   =         4.8974  ANGLE   =        17.7614  DIHED      =        15.7309
 1-4 NB =        11.8466  1-4 EEL =      -244.4060  VDWAALS    =      2429.7582
 EELEC  =    -14843.9925  EHBOND  =         0.0000  RESTRAINT  =         7.8719
 EAMBER (non-restraint)  =    -12608.4039
 EKCMT  =         0.0000  VIRIAL  =         0.0000  VOLUME     =     32116.6228
                                                    Density    =         1.0100
 Ewald error estimate:   0.2936E-03
 ------------------------------------------------------------------------------

wrapping first mol.:       11.56081       16.34945       28.31808

 NSTEP =    42500   TIME(PS) =     105.000  TEMP(K) =   301.49  PRESS =     0.0
 Etot   =    -10660.7810  EKtot   =      1947.1237  EPtot      =    -12607.9047
 BOND   =         8.2616  ANGLE   =        14.0957  DIHED      =        15.4343
 1-4 NB =        10.8469  1-4 EEL =      -244.7529  VDWAALS    =      2414.6177
 EELEC  =    -14833.8712  EHBOND  =         0.0000  RESTRAINT  =         7.4633
 EAMBER (non-restraint)  =    -12615.3680
 EKCMT  =         0.0000  VIRIAL  =         0.0000  VOLUME     =     32114.8713
                                                    Density    =         1.0100
 Ewald error estimate:   0.4828E-03
 ------------------------------------------------------------------------------

wrapping first mol.:       11.54649       16.32920       28.28299

 NSTEP =    43000   TIME(PS) =     106.000  TEMP(K) =   305.22  PRESS =     0.0
 Etot   =    -10719.1992  EKtot   =      1971.2557  EPtot      =    -12690.4548
 BOND   =         4.6164  ANGLE   =        16.3138  DIHED      =        17.2172
 1-4 NB =        12.9456  1-4 EEL =      -246.2912  VDWAALS    =      2434.4709
 EELEC  =    -14940.2298  EHBOND  =         0.0000  RESTRAINT  =        10.5022
 EAMBER (non-restraint)  =    -12700.9570
 EKCMT  =         0.0000  VIRIAL  =         0.0000  VOLUME     =     31995.6614
                                                    Density    =         1.0138
 Ewald error estimate:   0.1006E-03
 ------------------------------------------------------------------------------

wrapping first mol.:       11.54649       16.32920       28.28299

 NSTEP =    43500   TIME(PS) =     107.000  TEMP(K) =   294.92  PRESS =     0.0
 Etot   =    -10677.3235  EKtot   =      1904.6990  EPtot      =    -12582.0225
 BOND   =         9.1380  ANGLE   =        16.1315  DIHED      =        14.8868
 1-4 NB =        11.4079  1-4 EEL =      -245.9709  VDWAALS    =      2398.9112
 EELEC  =    -14794.1916  EHBOND  =         0.0000  RESTRAINT  =         7.6646
 EAMBER (non-restraint)  =    -12589.6871
 EKCMT  =         0.0000  VIRIAL  =         0.0000  VOLUME     =     31995.6614
                                                    Density    =         1.0138
 Ewald error estimate:   0.1325E-03
 ------------------------------------------------------------------------------

wrapping first mol.:       11.55110       16.33573       28.29431

 NSTEP =    44000   TIME(PS) =     108.000  TEMP(K) =   302.80  PRESS =     0.0
 Etot   =    -10734.2757  EKtot   =      1955.5860  EPtot      =    -12689.8617
 BOND   =         5.9452  ANGLE   =        12.3335  DIHED      =        16.0411
 1-4 NB =        12.5901  1-4 EEL =      -245.6905  VDWAALS    =      2490.8623
 EELEC  =    -14990.8812  EHBOND  =         0.0000  RESTRAINT  =         8.9379
 EAMBER (non-restraint)  =    -12698.7996
 EKCMT  =         0.0000  VIRIAL  =         0.0000  VOLUME     =     32034.0708
                                                    Density    =         1.0126
 Ewald error estimate:   0.1002E-03
 ------------------------------------------------------------------------------

wrapping first mol.:       11.56692       16.35809       28.33304

 NSTEP =    44500   TIME(PS) =     109.000  TEMP(K) =   308.74  PRESS =     0.0
 Etot   =    -10667.2144  EKtot   =      1993.9824  EPtot      =    -12661.1968
 BOND   =         5.8482  ANGLE   =        14.9041  DIHED      =        13.3889
 1-4 NB =        11.4121  1-4 EEL =      -242.9014  VDWAALS    =      2495.7736
 EELEC  =    -14968.6934  EHBOND  =         0.0000  RESTRAINT  =         9.0712
 EAMBER (non-restraint)  =    -12670.2680
 EKCMT  =         0.0000  VIRIAL  =         0.0000  VOLUME     =     32165.8218
                                                    Density    =         1.0084
 Ewald error estimate:   0.2026E-03
 ------------------------------------------------------------------------------

wrapping first mol.:       11.57932       16.37562       28.36341

 NSTEP =    45000   TIME(PS) =     110.000  TEMP(K) =   300.32  PRESS =     0.0
 Etot   =    -10690.4761  EKtot   =      1939.5640  EPtot      =    -12630.0401
 BOND   =         6.8700  ANGLE   =        14.7959  DIHED      =        16.1695
 1-4 NB =        13.1213  1-4 EEL =      -246.2263  VDWAALS    =      2509.8484
 EELEC  =    -14955.8532  EHBOND  =         0.0000  RESTRAINT  =        11.2343
 EAMBER (non-restraint)  =    -12641.2744
 EKCMT  =         0.0000  VIRIAL  =         0.0000  VOLUME     =     32269.3590
                                                    Density    =         1.0052
 Ewald error estimate:   0.2428E-04
 ------------------------------------------------------------------------------

wrapping first mol.:       11.58567       16.38461       28.37897

 NSTEP =    45500   TIME(PS) =     111.000  TEMP(K) =   299.87  PRESS =     0.0
 Etot   =    -10753.9391  EKtot   =      1936.7017  EPtot      =    -12690.6408
 BOND   =         8.3664  ANGLE   =        19.0294  DIHED      =        17.1589
 1-4 NB =        12.5011  1-4 EEL =      -245.4020  VDWAALS    =      2453.5197
 EELEC  =    -14965.3401  EHBOND  =         0.0000  RESTRAINT  =         9.5258
 EAMBER (non-restraint)  =    -12700.1666
 EKCMT  =         0.0000  VIRIAL  =         0.0000  VOLUME     =     32322.5065
                                                    Density    =         1.0035
 Ewald error estimate:   0.2239E-03
 ------------------------------------------------------------------------------

wrapping first mol.:       11.58886       16.38912       28.38679

 NSTEP =    46000   TIME(PS) =     112.000  TEMP(K) =   300.98  PRESS =     0.0
 Etot   =    -10736.8907  EKtot   =      1943.8392  EPtot      =    -12680.7300
 BOND   =         6.1846  ANGLE   =        20.0321  DIHED      =        18.0381
 1-4 NB =        11.8806  1-4 EEL =      -245.8014  VDWAALS    =      2531.8514
 EELEC  =    -15031.4812  EHBOND  =         0.0000  RESTRAINT  =         8.5659
 EAMBER (non-restraint)  =    -12689.2958
 EKCMT  =         0.0000  VIRIAL  =         0.0000  VOLUME     =     32349.2062
                                                    Density    =         1.0027
 Ewald error estimate:   0.2792E-03
 ------------------------------------------------------------------------------

wrapping first mol.:       11.55014       16.33436       28.29195

 NSTEP =    46500   TIME(PS) =     113.000  TEMP(K) =   302.96  PRESS =     0.0
 Etot   =    -10791.3815  EKtot   =      1956.6083  EPtot      =    -12747.9897
 BOND   =         6.3553  ANGLE   =        18.6230  DIHED      =        15.4742
 1-4 NB =        11.7145  1-4 EEL =      -245.9343  VDWAALS    =      2433.6656
 EELEC  =    -14997.3427  EHBOND  =         0.0000  RESTRAINT  =         9.4546
 EAMBER (non-restraint)  =    -12757.4443
 EKCMT  =         0.0000  VIRIAL  =         0.0000  VOLUME     =     32026.0575
                                                    Density    =         1.0128
 Ewald error estimate:   0.4096E-03
 ------------------------------------------------------------------------------

wrapping first mol.:       11.53348       16.31081       28.25115

 NSTEP =    47000   TIME(PS) =     114.000  TEMP(K) =   303.40  PRESS =     0.0
 Etot   =    -10698.2224  EKtot   =      1959.4869  EPtot      =    -12657.7093
 BOND   =         4.2372  ANGLE   =        16.1453  DIHED      =        18.6704
 1-4 NB =        13.5133  1-4 EEL =      -245.8616  VDWAALS    =      2499.2066
 EELEC  =    -14976.9658  EHBOND  =         0.0000  RESTRAINT  =        13.3452
 EAMBER (non-restraint)  =    -12671.0545
 EKCMT  =         0.0000  VIRIAL  =         0.0000  VOLUME     =     31887.7076
                                                    Density    =         1.0172
 Ewald error estimate:   0.5232E-03
 ------------------------------------------------------------------------------

wrapping first mol.:       11.50952       16.27691       28.19244

 NSTEP =    47500   TIME(PS) =     115.000  TEMP(K) =   301.98  PRESS =     0.0
 Etot   =    -10676.1941  EKtot   =      1950.3056  EPtot      =    -12626.4997
 BOND   =         7.1588  ANGLE   =        16.4033  DIHED      =        18.2698
 1-4 NB =        11.5586  1-4 EEL =      -246.5994  VDWAALS    =      2480.8439
 EELEC  =    -14920.2211  EHBOND  =         0.0000  RESTRAINT  =         6.0865
 EAMBER (non-restraint)  =    -12632.5861
 EKCMT  =         0.0000  VIRIAL  =         0.0000  VOLUME     =     31689.3146
                                                    Density    =         1.0236
 Ewald error estimate:   0.7241E-05
 ------------------------------------------------------------------------------

wrapping first mol.:       11.52371       16.29698       28.22719

 NSTEP =    48000   TIME(PS) =     116.000  TEMP(K) =   301.54  PRESS =     0.0
 Etot   =    -10656.5297  EKtot   =      1947.4574  EPtot      =    -12603.9871
 BOND   =        11.3345  ANGLE   =        19.1682  DIHED      =        17.0213
 1-4 NB =        12.2932  1-4 EEL =      -247.3016  VDWAALS    =      2411.7863
 EELEC  =    -14839.8650  EHBOND  =         0.0000  RESTRAINT  =        11.5759
 EAMBER (non-restraint)  =    -12615.5631
 EKCMT  =         0.0000  VIRIAL  =         0.0000  VOLUME     =     31806.6645
                                                    Density    =         1.0198
 Ewald error estimate:   0.1617E-03
 ------------------------------------------------------------------------------

wrapping first mol.:       11.53578       16.31405       28.25676

 NSTEP =    48500   TIME(PS) =     117.000  TEMP(K) =   295.77  PRESS =     0.0
 Etot   =    -10758.0538  EKtot   =      1910.1680  EPtot      =    -12668.2218
 BOND   =         5.8062  ANGLE   =        16.4215  DIHED      =        17.5362
 1-4 NB =        13.2487  1-4 EEL =      -248.4413  VDWAALS    =      2422.7366
 EELEC  =    -14904.5066  EHBOND  =         0.0000  RESTRAINT  =         8.9768
 EAMBER (non-restraint)  =    -12677.1986
 EKCMT  =         0.0000  VIRIAL  =         0.0000  VOLUME     =     31906.7100
                                                    Density    =         1.0166
 Ewald error estimate:   0.1461E-03
 ------------------------------------------------------------------------------

wrapping first mol.:       11.56365       16.35347       28.32504

 NSTEP =    49000   TIME(PS) =     118.000  TEMP(K) =   296.78  PRESS =     0.0
 Etot   =    -10773.8162  EKtot   =      1916.6870  EPtot      =    -12690.5032
 BOND   =         6.1413  ANGLE   =        16.9470  DIHED      =        14.6706
 1-4 NB =        11.0271  1-4 EEL =      -246.2183  VDWAALS    =      2487.9354
 EELEC  =    -14989.7113  EHBOND  =         0.0000  RESTRAINT  =         8.7051
 EAMBER (non-restraint)  =    -12699.2083
 EKCMT  =         0.0000  VIRIAL  =         0.0000  VOLUME     =     32138.5536
                                                    Density    =         1.0093
 Ewald error estimate:   0.2866E-03
 ------------------------------------------------------------------------------

wrapping first mol.:       11.58910       16.38946       28.38737

 NSTEP =    49500   TIME(PS) =     119.000  TEMP(K) =   299.29  PRESS =     0.0
 Etot   =    -10739.4732  EKtot   =      1932.9000  EPtot      =    -12672.3732
 BOND   =         4.9242  ANGLE   =        14.2149  DIHED      =        15.9818
 1-4 NB =        12.2430  1-4 EEL =      -245.7521  VDWAALS    =      2480.2645
 EELEC  =    -14963.4847  EHBOND  =         0.0000  RESTRAINT  =         9.2351
 EAMBER (non-restraint)  =    -12681.6083
 EKCMT  =         0.0000  VIRIAL  =         0.0000  VOLUME     =     32351.2041
                                                    Density    =         1.0026
 Ewald error estimate:   0.2913E-03
 ------------------------------------------------------------------------------

wrapping first mol.:       11.58910       16.38946       28.38737
wrapping first mol.:       11.58910       16.38946       28.38737

 NSTEP =    50000   TIME(PS) =     120.000  TEMP(K) =   290.59  PRESS =     0.0
 Etot   =    -10683.9685  EKtot   =      1876.7468  EPtot      =    -12560.7153
 BOND   =         5.2659  ANGLE   =        15.0813  DIHED      =        16.3138
 1-4 NB =        11.6270  1-4 EEL =      -243.6722  VDWAALS    =      2468.4381
 EELEC  =    -14844.2171  EHBOND  =         0.0000  RESTRAINT  =        10.4479
 EAMBER (non-restraint)  =    -12571.1632
 EKCMT  =         0.0000  VIRIAL  =         0.0000  VOLUME     =     32351.2041
                                                    Density    =         1.0026
 Ewald error estimate:   0.2372E-03
 ------------------------------------------------------------------------------


      A V E R A G E S   O V E R     100 S T E P S


 NSTEP =    50000   TIME(PS) =     120.000  TEMP(K) =   299.15  PRESS =     0.0
 Etot   =    -10693.1011  EKtot   =      1932.0521  EPtot      =    -12625.1532
 BOND   =         6.8093  ANGLE   =        15.7440  DIHED      =        15.9252
 1-4 NB =        12.0862  1-4 EEL =      -245.7272  VDWAALS    =      2469.2567
 EELEC  =    -14908.6526  EHBOND  =         0.0000  RESTRAINT  =         9.4051
 EAMBER (non-restraint)  =    -12634.5583
 EKCMT  =         0.0000  VIRIAL  =         0.0000  VOLUME     =     32232.6511
                                                    Density    =         1.0066
 Ewald error estimate:   0.1916E-03
 ------------------------------------------------------------------------------


      R M S  F L U C T U A T I O N S


 NSTEP =    50000   TIME(PS) =     120.000  TEMP(K) =     4.65  PRESS =     0.0
 Etot   =        58.4451  EKtot   =        30.0577  EPtot      =        56.5915
 BOND   =         2.1467  ANGLE   =         2.2313  DIHED      =         1.5731
 1-4 NB =         1.0278  1-4 EEL =         1.4770  VDWAALS    =        60.0163
 EELEC  =        91.7451  EHBOND  =         0.0000  RESTRAINT  =         1.9491
 EAMBER (non-restraint)  =        54.6424
 EKCMT  =         0.0000  VIRIAL  =         0.0000  VOLUME     =       581.7512
                                                    Density    =         0.0172
 Ewald error estimate:   0.1333E-03
 ------------------------------------------------------------------------------

| MC Barostat:        500 volume changes attempted.
| MC Barostat:        233 changes successful ( 46.60%)
 ------------------------------------------------------------------------------

--------------------------------------------------------------------------------
   5.  TIMINGS
--------------------------------------------------------------------------------

|  NonSetup CPU Time in Major Routines, Average for All Tasks:
|
|     Routine           Sec        %
|     ------------------------------
|     DataDistrib       9.69    9.32
|     Nonbond          88.78   85.40
|     Bond              0.14    0.13
|     Angle             0.16    0.15
|     Dihedral          0.20    0.20
|     Shake             0.60    0.58
|     RunMD             4.20    4.04
|     Other             0.19    0.18
|     ------------------------------
|     Total           103.96

|  PME Nonbond Pairlist CPU Time, Average for All Tasks:
|
|     Routine              Sec        %
|     ---------------------------------
|     Set Up Cit           0.29    0.27
|     Build List          10.61   10.20
|     ---------------------------------
|     Total               10.89   10.48

|  PME Direct Force CPU Time, Average for All Tasks:
|
|     Routine              Sec        %
|     ---------------------------------
|     NonBonded Calc      61.31   58.97
|     Exclude Masked       0.68    0.65
|     Other                2.37    2.28
|     ---------------------------------
|     Total               64.35   61.90

|  PME Reciprocal Force CPU Time, Average for All Tasks:
|
|     Routine              Sec        %
|     ---------------------------------
|     1D bspline           1.11    1.07
|     Grid Charges         1.22    1.17
|     Scalar Sum           1.18    1.13
|     Gradient Sum         2.14    2.05
|     FFT                  7.59    7.30
|     ---------------------------------
|     Total               13.24   12.73

|  PME Load Balancing CPU Time, Average for All Tasks:
|
|     Routine                 Sec        %
|     ------------------------------------
|     Atom Reassign           0.00    0.00
|     Image Reassign          0.01    0.01
|     FFT Reassign            0.00    0.00
|     ------------------------------------
|     Total                   0.01    0.01

|  Final Performance Info:
|     -----------------------------------------------------
|     Average timings for last   20500 steps:
|     Elapsed(s) =      42.72 Per Step(ms) =       2.08
|         ns/day =      82.92   seconds/ns =    1041.97
|
|     Average timings for all steps:
|     Elapsed(s) =     104.04 Per Step(ms) =       2.08
|         ns/day =      83.05   seconds/ns =    1040.36
|     -----------------------------------------------------

|  Master Setup CPU time:            0.03 seconds
|  Master NonSetup CPU time:       103.59 seconds
|  Master Total CPU time:          103.62 seconds     0.03 hours

|  Master Setup wall time:           0    seconds
|  Master NonSetup wall time:      104    seconds
|  Master Total wall time:         104    seconds     0.03 hours
