
          -------------------------------------------------------
          Amber 18 PMEMD                              2018
          -------------------------------------------------------

| PMEMD implementation of SANDER, Release 18

| Run on 03/09/2022 at 00:31:23

|   Executable path: pmemd.MPI
| Working directory: /bgfs/lchong/dty7/ff15ipq-lig/charges/v00/GenConformers/Conf4
|          Hostname: smp-n123

  [-O]verwriting output

File Assignments:
|   MDIN: ../../../amber/6.3_eq2.in                                             
|  MDOUT: 6.3_eq2.out                                                           
| INPCRD: 6.2_eq1.rst                                                           
|   PARM: ../../mon.top                                                         
| RESTRT: 6.3_eq2.rst                                                           
|   REFC: 6.2_eq1.rst                                                           
|  MDVEL: mdvel                                                                 
|   MDEN: mden                                                                  
|  MDCRD: mdcrd                                                                 
| MDINFO: mdinfo                                                                
|LOGFILE: logfile                                                               
|  MDFRC: mdfrc                                                                 

 
 Here is the input file:
 
&cntrl                                                                         
  imin      = 0,                                                               
  irest     = 1,                                                               
  ntx       = 5,                                                               
  ig        = -1,                                                              
  dt        = 0.002,                                                           
  nstlim    = 50000,                                                           
  nscm      = 500,                                                             
  ntr       = 1,                                                               
  restraintmask = ':1',                                                        
  restraint_wt  = 10.0,                                                        
  ntb       = 2,                                                               
  ntp       = 1,                                                               
  barostat  = 2,                                                               
  pres0     = 1.0,                                                             
  mcbarint  = 100,                                                             
  comp      = 44.6,                                                            
  taup      = 1.0,                                                             
  ntt       = 3,                                                               
  temp0     = 298.0,                                                           
  gamma_ln  = 1.0,                                                             
  ntf       = 2,                                                               
  ntc       = 2,                                                               
  cut       = 10.0,                                                            
  ntpr      = 500,                                                             
  ntxo      = 1,                                                               
  ntwr      = 50000,                                                           
  ioutfm    = 1,                                                               
  ntwx      = 500,                                                             
  iwrap     = 1,                                                               
&end                                                                           


Note: ig = -1. Setting random seed to   628531 based on wallclock time in
      microseconds and disabling the synchronization of random numbers 
      between tasks to improve performance.
| irandom = 1, using AMBER's internal random number generator (default).
 
 
| Conditional Compilation Defines Used:
| MPI
| FFTW_FFT
| BINTRAJ
| MKL
| EMIL
 
| Largest sphere to fit in unit cell has radius =    14.848

| New format PARM file being parsed.
| Version =    1.000 Date = 03/08/22 Time = 18:50:46

| Note: 1-4 EEL scale factors are being read from the topology file.

| Note: 1-4 VDW scale factors are being read from the topology file.
| Duplicated    0 dihedrals

| Duplicated    0 dihedrals

--------------------------------------------------------------------------------
   1.  RESOURCE   USE: 
--------------------------------------------------------------------------------

 getting box info from netcdf restart file
 NATOM  =    3240 NTYPES =      14 NBONH =    3220 MBONA  =      21
 NTHETH =      33 MTHETA =      29 NPHIH =      58 MPHIA  =      46
 NHPARM =       0 NPARM  =       0 NNB   =    4456 NRES   =    1069
 NBONA  =      21 NTHETA =      29 NPHIA =      46 NUMBND =      22
 NUMANG =      35 NPTRA  =      22 NATYP =      17 NPHB   =       1
 IFBOX  =       2 NMXRS  =      36 IFCAP =       0 NEXTRA =       0
 NCOPY  =       0

| Coordinate Index Table dimensions:     5    5    5
| Direct force subcell size =     7.2739    7.2739    7.2739

     BOX TYPE: TRUNCATED OCTAHEDRON

--------------------------------------------------------------------------------
   2.  CONTROL  DATA  FOR  THE  RUN
--------------------------------------------------------------------------------

MON                                                                             

General flags:
     imin    =       0, nmropt  =       0

Nature and format of input:
     ntx     =       5, irest   =       1, ntrx    =       1

Nature and format of output:
     ntxo    =       1, ntpr    =     500, ntrx    =       1, ntwr    =   50000
     iwrap   =       1, ntwx    =     500, ntwv    =       0, ntwe    =       0
     ioutfm  =       1, ntwprt  =       0, idecomp =       0, rbornstat=      0

Potential function:
     ntf     =       2, ntb     =       2, igb     =       0, nsnb    =      25
     ipol    =       0, gbsa    =       0, iesp    =       0
     dielc   =   1.00000, cut     =  10.00000, intdiel =   1.00000

Frozen or restrained atoms:
     ibelly  =       0, ntr     =       1
     restraint_wt =  10.00000

Molecular dynamics:
     nstlim  =     50000, nscm    =         0, nrespa  =         1
     t       =   0.00000, dt      =   0.00200, vlimit  =  20.00000

Langevin dynamics temperature regulation:
     ig      =  628531
     temp0   = 298.00000, tempi   =   0.00000, gamma_ln=   1.00000

Pressure regulation:
     ntp     =       1
     pres0   =   1.00000, comp    =  44.60000, taup    =   1.00000
     Monte-Carlo Barostat:
     mcbarint  =     100

SHAKE:
     ntc     =       2, jfastw  =       0
     tol     =   0.00001

| Intermolecular bonds treatment:
|     no_intermolecular_bonds =       1

| Energy averages sample interval:
|     ene_avg_sampling =     500

Ewald parameters:
     verbose =       0, ew_type =       0, nbflag  =       1, use_pme =       1
     vdwmeth =       1, eedmeth =       1, netfrc  =       1
     Box X =   36.370   Box Y =   36.370   Box Z =   36.370
     Alpha =  109.471   Beta  =  109.471   Gamma =  109.471
     NFFT1 =   40       NFFT2 =   40       NFFT3 =   40
     Cutoff=   10.000   Tol   =0.100E-04
     Ewald Coefficient =  0.27511
     Interpolation order =    4

| PMEMD ewald parallel performance parameters:
|     block_fft =    0
|     fft_blk_y_divisor =    2
|     excl_recip =    0
|     excl_master =    0
|     atm_redist_freq =  320

    LOADING THE CONSTRAINED ATOMS AS GROUPS


   5.  REFERENCE ATOM COORDINATES

  MON                                                                             
     Mask :1; matches    36 atoms
| MONTE CARLO BAROSTAT IMPORTANT NOTE:
|   The Monte-Carlo barostat does not require the virial to adjust the system volume.
|   Since it is an expensive calculation, it is skipped for efficiency. A side-effect
|   is that the reported pressure is always 0 because it is not calculated.

--------------------------------------------------------------------------------
   3.  ATOMIC COORDINATES AND VELOCITIES
--------------------------------------------------------------------------------

MON                                                                             
 begin time read from input coords =    20.000 ps

 
 Number of triangulated 3-point waters found:     1068

     Sum of charges from parm topology file =  -0.00200217
     Forcing neutrality...

| Dynamic Memory, Types Used:
| Reals             1243306
| Integers           215292

| Nonbonded Pairs Initial Allocation:      317358

| Running AMBER/MPI version on    8 MPI task

 
--------------------------------------------------------------------------------
   4.  RESULTS
--------------------------------------------------------------------------------

 ---------------------------------------------------
 APPROXIMATING switch and d/dx switch using CUBIC SPLINE INTERPOLATION
 using   5000.0 points per unit in tabled values
 TESTING RELATIVE ERROR over r ranging from 0.0 to cutoff
| CHECK switch(x): max rel err =   0.3316E-14   at   2.351880
| CHECK d/dx switch(x): max rel err =   0.8066E-11   at   2.747240
 ---------------------------------------------------
|---------------------------------------------------
| APPROXIMATING direct energy using CUBIC SPLINE INTERPOLATION
|  with   50.0 points per unit in tabled values
| Relative Error Limit not exceeded for r .gt.   2.34
| APPROXIMATING direct force using CUBIC SPLINE INTERPOLATION
|  with   50.0 points per unit in tabled values
| Relative Error Limit not exceeded for r .gt.   2.81
|---------------------------------------------------
wrapping first mol.:       12.03155       17.01518       29.47116

 NSTEP =      500   TIME(PS) =      21.000  TEMP(K) =   296.69  PRESS =     0.0
 Etot   =    -10449.6380  EKtot   =      1916.1638  EPtot      =    -12365.8018
 BOND   =         7.9689  ANGLE   =        15.0458  DIHED      =        12.9895
 1-4 NB =        11.0019  1-4 EEL =      -245.2541  VDWAALS    =      2467.5309
 EELEC  =    -14640.8934  EHBOND  =         0.0000  RESTRAINT  =         5.8087
 EAMBER (non-restraint)  =    -12371.6105
 EKCMT  =         0.0000  VIRIAL  =         0.0000  VOLUME     =     36199.8219
                                                    Density    =         0.8960
 Ewald error estimate:   0.6747E-04
 ------------------------------------------------------------------------------

wrapping first mol.:       11.96692       16.92378       29.31285

 NSTEP =     1000   TIME(PS) =      22.000  TEMP(K) =   301.41  PRESS =     0.0
 Etot   =    -10417.8126  EKtot   =      1946.6224  EPtot      =    -12364.4349
 BOND   =         8.6534  ANGLE   =        15.9008  DIHED      =        11.7452
 1-4 NB =        11.9322  1-4 EEL =      -246.4283  VDWAALS    =      2316.3687
 EELEC  =    -14492.1956  EHBOND  =         0.0000  RESTRAINT  =         9.5886
 EAMBER (non-restraint)  =    -12374.0235
 EKCMT  =         0.0000  VIRIAL  =         0.0000  VOLUME     =     35619.5867
                                                    Density    =         0.9106
 Ewald error estimate:   0.1396E-03
 ------------------------------------------------------------------------------

wrapping first mol.:       11.86414       16.77843       29.06110

 NSTEP =     1500   TIME(PS) =      23.000  TEMP(K) =   295.30  PRESS =     0.0
 Etot   =    -10539.1805  EKtot   =      1907.1643  EPtot      =    -12446.3448
 BOND   =         5.4608  ANGLE   =        15.3526  DIHED      =        12.1540
 1-4 NB =        11.8353  1-4 EEL =      -247.3281  VDWAALS    =      2483.6380
 EELEC  =    -14736.9933  EHBOND  =         0.0000  RESTRAINT  =         9.5359
 EAMBER (non-restraint)  =    -12455.8807
 EKCMT  =         0.0000  VIRIAL  =         0.0000  VOLUME     =     34709.7029
                                                    Density    =         0.9345
 Ewald error estimate:   0.2994E-03
 ------------------------------------------------------------------------------

wrapping first mol.:       11.83856       16.74226       28.99844

 NSTEP =     2000   TIME(PS) =      24.000  TEMP(K) =   291.34  PRESS =     0.0
 Etot   =    -10642.7929  EKtot   =      1881.6015  EPtot      =    -12524.3944
 BOND   =        10.4902  ANGLE   =        15.6797  DIHED      =        15.7495
 1-4 NB =        11.5568  1-4 EEL =      -245.9338  VDWAALS    =      2405.2244
 EELEC  =    -14745.4264  EHBOND  =         0.0000  RESTRAINT  =         8.2651
 EAMBER (non-restraint)  =    -12532.6596
 EKCMT  =         0.0000  VIRIAL  =         0.0000  VOLUME     =     34485.6762
                                                    Density    =         0.9406
 Ewald error estimate:   0.3009E-03
 ------------------------------------------------------------------------------

wrapping first mol.:       11.74664       16.61226       28.77328

 NSTEP =     2500   TIME(PS) =      25.000  TEMP(K) =   293.75  PRESS =     0.0
 Etot   =    -10630.1322  EKtot   =      1897.1625  EPtot      =    -12527.2947
 BOND   =        10.5143  ANGLE   =        14.9588  DIHED      =        13.7876
 1-4 NB =        10.9062  1-4 EEL =      -244.9630  VDWAALS    =      2626.2618
 EELEC  =    -14968.1368  EHBOND  =         0.0000  RESTRAINT  =         9.3764
 EAMBER (non-restraint)  =    -12536.6711
 EKCMT  =         0.0000  VIRIAL  =         0.0000  VOLUME     =     33688.5951
                                                    Density    =         0.9628
 Ewald error estimate:   0.1888E-03
 ------------------------------------------------------------------------------

wrapping first mol.:       11.71104       16.56192       28.68608

 NSTEP =     3000   TIME(PS) =      26.000  TEMP(K) =   295.67  PRESS =     0.0
 Etot   =    -10652.1479  EKtot   =      1909.5389  EPtot      =    -12561.6868
 BOND   =         5.2622  ANGLE   =        18.1153  DIHED      =        14.9345
 1-4 NB =        11.5853  1-4 EEL =      -247.9656  VDWAALS    =      2451.7541
 EELEC  =    -14827.3270  EHBOND  =         0.0000  RESTRAINT  =        11.9543
 EAMBER (non-restraint)  =    -12573.6411
 EKCMT  =         0.0000  VIRIAL  =         0.0000  VOLUME     =     33383.2339
                                                    Density    =         0.9716
 Ewald error estimate:   0.3185E-03
 ------------------------------------------------------------------------------

wrapping first mol.:       11.67798       16.51515       28.60508

 NSTEP =     3500   TIME(PS) =      27.000  TEMP(K) =   306.18  PRESS =     0.0
 Etot   =    -10661.4276  EKtot   =      1977.4235  EPtot      =    -12638.8511
 BOND   =         6.6670  ANGLE   =        13.8449  DIHED      =        10.3469
 1-4 NB =        11.5188  1-4 EEL =      -247.1605  VDWAALS    =      2526.9384
 EELEC  =    -14969.6360  EHBOND  =         0.0000  RESTRAINT  =         8.6294
 EAMBER (non-restraint)  =    -12647.4805
 EKCMT  =         0.0000  VIRIAL  =         0.0000  VOLUME     =     33101.2619
                                                    Density    =         0.9799
 Ewald error estimate:   0.3466E-03
 ------------------------------------------------------------------------------

wrapping first mol.:       11.65084       16.47678       28.53862

 NSTEP =     4000   TIME(PS) =      28.000  TEMP(K) =   294.93  PRESS =     0.0
 Etot   =    -10672.1974  EKtot   =      1904.7487  EPtot      =    -12576.9461
 BOND   =         7.7075  ANGLE   =        19.8852  DIHED      =        14.9486
 1-4 NB =        11.1937  1-4 EEL =      -244.9181  VDWAALS    =      2519.3182
 EELEC  =    -14912.0017  EHBOND  =         0.0000  RESTRAINT  =         6.9205
 EAMBER (non-restraint)  =    -12583.8666
 EKCMT  =         0.0000  VIRIAL  =         0.0000  VOLUME     =     32871.0624
                                                    Density    =         0.9868
 Ewald error estimate:   0.8107E-04
 ------------------------------------------------------------------------------

wrapping first mol.:       11.63779       16.45831       28.50664

 NSTEP =     4500   TIME(PS) =      29.000  TEMP(K) =   297.93  PRESS =     0.0
 Etot   =    -10642.4039  EKtot   =      1924.1601  EPtot      =    -12566.5640
 BOND   =         8.6467  ANGLE   =        20.5275  DIHED      =        13.3774
 1-4 NB =         9.7205  1-4 EEL =      -243.8285  VDWAALS    =      2416.4687
 EELEC  =    -14802.6196  EHBOND  =         0.0000  RESTRAINT  =        11.1435
 EAMBER (non-restraint)  =    -12577.7074
 EKCMT  =         0.0000  VIRIAL  =         0.0000  VOLUME     =     32760.6744
                                                    Density    =         0.9901
 Ewald error estimate:   0.3914E-03
 ------------------------------------------------------------------------------

wrapping first mol.:       11.64436       16.46761       28.52273

 NSTEP =     5000   TIME(PS) =      30.000  TEMP(K) =   291.53  PRESS =     0.0
 Etot   =    -10642.3603  EKtot   =      1882.8288  EPtot      =    -12525.1891
 BOND   =         6.2952  ANGLE   =        22.2288  DIHED      =        13.6201
 1-4 NB =        12.3084  1-4 EEL =      -249.5835  VDWAALS    =      2465.2266
 EELEC  =    -14801.9135  EHBOND  =         0.0000  RESTRAINT  =         6.6289
 EAMBER (non-restraint)  =    -12531.8180
 EKCMT  =         0.0000  VIRIAL  =         0.0000  VOLUME     =     32816.2066
                                                    Density    =         0.9884
 Ewald error estimate:   0.9129E-04
 ------------------------------------------------------------------------------

wrapping first mol.:       11.63896       16.45997       28.50950

 NSTEP =     5500   TIME(PS) =      31.000  TEMP(K) =   299.80  PRESS =     0.0
 Etot   =    -10651.5471  EKtot   =      1936.2043  EPtot      =    -12587.7514
 BOND   =         7.5308  ANGLE   =        20.9121  DIHED      =        14.4082
 1-4 NB =        11.3317  1-4 EEL =      -248.1318  VDWAALS    =      2520.7907
 EELEC  =    -14922.9287  EHBOND  =         0.0000  RESTRAINT  =         8.3356
 EAMBER (non-restraint)  =    -12596.0870
 EKCMT  =         0.0000  VIRIAL  =         0.0000  VOLUME     =     32770.5593
                                                    Density    =         0.9898
 Ewald error estimate:   0.3189E-03
 ------------------------------------------------------------------------------

wrapping first mol.:       11.64700       16.47134       28.52919

 NSTEP =     6000   TIME(PS) =      32.000  TEMP(K) =   296.92  PRESS =     0.0
 Etot   =    -10667.9592  EKtot   =      1917.5891  EPtot      =    -12585.5483
 BOND   =         4.1369  ANGLE   =        24.5954  DIHED      =        17.6493
 1-4 NB =        11.7762  1-4 EEL =      -246.5744  VDWAALS    =      2490.4369
 EELEC  =    -14897.2729  EHBOND  =         0.0000  RESTRAINT  =         9.7045
 EAMBER (non-restraint)  =    -12595.2527
 EKCMT  =         0.0000  VIRIAL  =         0.0000  VOLUME     =     32838.5080
                                                    Density    =         0.9878
 Ewald error estimate:   0.2151E-03
 ------------------------------------------------------------------------------

wrapping first mol.:       11.62604       16.44170       28.47787

 NSTEP =     6500   TIME(PS) =      33.000  TEMP(K) =   297.10  PRESS =     0.0
 Etot   =    -10754.6781  EKtot   =      1918.8042  EPtot      =    -12673.4823
 BOND   =         8.9244  ANGLE   =        14.0048  DIHED      =        12.7286
 1-4 NB =         9.9712  1-4 EEL =      -243.9447  VDWAALS    =      2495.4473
 EELEC  =    -14976.6401  EHBOND  =         0.0000  RESTRAINT  =         6.0261
 EAMBER (non-restraint)  =    -12679.5085
 EKCMT  =         0.0000  VIRIAL  =         0.0000  VOLUME     =     32661.5863
                                                    Density    =         0.9931
 Ewald error estimate:   0.4056E-03
 ------------------------------------------------------------------------------

wrapping first mol.:       11.60739       16.41533       28.43218

 NSTEP =     7000   TIME(PS) =      34.000  TEMP(K) =   298.79  PRESS =     0.0
 Etot   =    -10810.9479  EKtot   =      1929.7031  EPtot      =    -12740.6509
 BOND   =         7.4396  ANGLE   =        11.2222  DIHED      =        12.8413
 1-4 NB =        13.4270  1-4 EEL =      -247.6111  VDWAALS    =      2544.9654
 EELEC  =    -15089.3817  EHBOND  =         0.0000  RESTRAINT  =         6.4463
 EAMBER (non-restraint)  =    -12747.0973
 EKCMT  =         0.0000  VIRIAL  =         0.0000  VOLUME     =     32504.6474
                                                    Density    =         0.9979
 Ewald error estimate:   0.2349E-03
 ------------------------------------------------------------------------------

wrapping first mol.:       11.59196       16.39351       28.39439

 NSTEP =     7500   TIME(PS) =      35.000  TEMP(K) =   289.11  PRESS =     0.0
 Etot   =    -10862.0933  EKtot   =      1867.1545  EPtot      =    -12729.2477
 BOND   =         7.9689  ANGLE   =        13.0228  DIHED      =        11.6372
 1-4 NB =        11.0603  1-4 EEL =      -246.3710  VDWAALS    =      2520.4798
 EELEC  =    -15059.0209  EHBOND  =         0.0000  RESTRAINT  =        11.9753
 EAMBER (non-restraint)  =    -12741.2230
 EKCMT  =         0.0000  VIRIAL  =         0.0000  VOLUME     =     32375.1935
                                                    Density    =         1.0019
 Ewald error estimate:   0.2462E-03
 ------------------------------------------------------------------------------

wrapping first mol.:       11.58293       16.38074       28.37228

 NSTEP =     8000   TIME(PS) =      36.000  TEMP(K) =   290.36  PRESS =     0.0
 Etot   =    -10853.2656  EKtot   =      1875.2732  EPtot      =    -12728.5387
 BOND   =         5.3594  ANGLE   =        15.2859  DIHED      =        14.2428
 1-4 NB =        10.9613  1-4 EEL =      -244.3044  VDWAALS    =      2617.9853
 EELEC  =    -15159.3442  EHBOND  =         0.0000  RESTRAINT  =        11.2751
 EAMBER (non-restraint)  =    -12739.8138
 EKCMT  =         0.0000  VIRIAL  =         0.0000  VOLUME     =     32299.6283
                                                    Density    =         1.0042
 Ewald error estimate:   0.2270E-03
 ------------------------------------------------------------------------------

wrapping first mol.:       11.58028       16.37699       28.36578

 NSTEP =     8500   TIME(PS) =      37.000  TEMP(K) =   297.25  PRESS =     0.0
 Etot   =    -10759.4983  EKtot   =      1919.7205  EPtot      =    -12679.2188
 BOND   =         7.0249  ANGLE   =        13.7795  DIHED      =        11.8574
 1-4 NB =        11.3968  1-4 EEL =      -244.3835  VDWAALS    =      2489.0431
 EELEC  =    -14978.3676  EHBOND  =         0.0000  RESTRAINT  =        10.4306
 EAMBER (non-restraint)  =    -12689.6494
 EKCMT  =         0.0000  VIRIAL  =         0.0000  VOLUME     =     32277.4578
                                                    Density    =         1.0049
 Ewald error estimate:   0.2812E-05
 ------------------------------------------------------------------------------

wrapping first mol.:       11.56797       16.35958       28.33562

 NSTEP =     9000   TIME(PS) =      38.000  TEMP(K) =   300.02  PRESS =     0.0
 Etot   =    -10807.1747  EKtot   =      1937.6599  EPtot      =    -12744.8346
 BOND   =        10.3675  ANGLE   =        18.0051  DIHED      =        12.0102
 1-4 NB =        10.7783  1-4 EEL =      -248.1265  VDWAALS    =      2486.9476
 EELEC  =    -15042.3211  EHBOND  =         0.0000  RESTRAINT  =         7.5043
 EAMBER (non-restraint)  =    -12752.3389
 EKCMT  =         0.0000  VIRIAL  =         0.0000  VOLUME     =     32174.5838
                                                    Density    =         1.0081
 Ewald error estimate:   0.2304E-03
 ------------------------------------------------------------------------------

wrapping first mol.:       11.53665       16.31528       28.25890

 NSTEP =     9500   TIME(PS) =      39.000  TEMP(K) =   296.33  PRESS =     0.0
 Etot   =    -10751.6165  EKtot   =      1913.7994  EPtot      =    -12665.4160
 BOND   =         4.9992  ANGLE   =        18.6491  DIHED      =        14.6566
 1-4 NB =        11.5096  1-4 EEL =      -244.6769  VDWAALS    =      2548.5689
 EELEC  =    -15029.0081  EHBOND  =         0.0000  RESTRAINT  =         9.8856
 EAMBER (non-restraint)  =    -12675.3016
 EKCMT  =         0.0000  VIRIAL  =         0.0000  VOLUME     =     31913.9487
                                                    Density    =         1.0164
 Ewald error estimate:   0.3753E-03
 ------------------------------------------------------------------------------

wrapping first mol.:       11.54587       16.32833       28.28149

 NSTEP =    10000   TIME(PS) =      40.000  TEMP(K) =   297.96  PRESS =     0.0
 Etot   =    -10730.4637  EKtot   =      1924.3362  EPtot      =    -12654.7999
 BOND   =         6.4383  ANGLE   =        16.5964  DIHED      =        12.0404
 1-4 NB =        12.3380  1-4 EEL =      -247.5041  VDWAALS    =      2534.0687
 EELEC  =    -15000.0538  EHBOND  =         0.0000  RESTRAINT  =        11.2761
 EAMBER (non-restraint)  =    -12666.0760
 EKCMT  =         0.0000  VIRIAL  =         0.0000  VOLUME     =     31990.5527
                                                    Density    =         1.0139
 Ewald error estimate:   0.5309E-03
 ------------------------------------------------------------------------------

wrapping first mol.:       11.57043       16.36306       28.34165

 NSTEP =    10500   TIME(PS) =      41.000  TEMP(K) =   285.54  PRESS =     0.0
 Etot   =    -10786.5198  EKtot   =      1844.1506  EPtot      =    -12630.6704
 BOND   =         7.1039  ANGLE   =        24.2178  DIHED      =        12.5788
 1-4 NB =        11.9230  1-4 EEL =      -247.7885  VDWAALS    =      2479.0048
 EELEC  =    -14923.8339  EHBOND  =         0.0000  RESTRAINT  =         6.1237
 EAMBER (non-restraint)  =    -12636.7941
 EKCMT  =         0.0000  VIRIAL  =         0.0000  VOLUME     =     32195.1459
                                                    Density    =         1.0075
 Ewald error estimate:   0.1692E-03
 ------------------------------------------------------------------------------

wrapping first mol.:       11.58961       16.39018       28.38863

 NSTEP =    11000   TIME(PS) =      42.000  TEMP(K) =   303.97  PRESS =     0.0
 Etot   =    -10702.4263  EKtot   =      1963.1484  EPtot      =    -12665.5747
 BOND   =         5.8288  ANGLE   =        15.9009  DIHED      =        15.7599
 1-4 NB =        12.1217  1-4 EEL =      -248.9602  VDWAALS    =      2440.9089
 EELEC  =    -14914.7476  EHBOND  =         0.0000  RESTRAINT  =         7.6128
 EAMBER (non-restraint)  =    -12673.1875
 EKCMT  =         0.0000  VIRIAL  =         0.0000  VOLUME     =     32355.4990
                                                    Density    =         1.0025
 Ewald error estimate:   0.4579E-04
 ------------------------------------------------------------------------------

wrapping first mol.:       11.55004       16.33423       28.29171

 NSTEP =    11500   TIME(PS) =      43.000  TEMP(K) =   311.70  PRESS =     0.0
 Etot   =    -10625.0411  EKtot   =      2013.0810  EPtot      =    -12638.1221
 BOND   =         6.4566  ANGLE   =        16.8180  DIHED      =        15.8138
 1-4 NB =        11.6603  1-4 EEL =      -247.6384  VDWAALS    =      2427.2700
 EELEC  =    -14881.0365  EHBOND  =         0.0000  RESTRAINT  =        12.5341
 EAMBER (non-restraint)  =    -12650.6561
 EKCMT  =         0.0000  VIRIAL  =         0.0000  VOLUME     =     32025.2490
                                                    Density    =         1.0128
 Ewald error estimate:   0.2256E-03
 ------------------------------------------------------------------------------

wrapping first mol.:       11.55954       16.34765       28.31496

 NSTEP =    12000   TIME(PS) =      44.000  TEMP(K) =   300.56  PRESS =     0.0
 Etot   =    -10647.8102  EKtot   =      1941.1107  EPtot      =    -12588.9209
 BOND   =        13.8419  ANGLE   =        18.2807  DIHED      =        12.0897
 1-4 NB =        12.4858  1-4 EEL =      -247.8688  VDWAALS    =      2448.6360
 EELEC  =    -14856.2445  EHBOND  =         0.0000  RESTRAINT  =         9.8584
 EAMBER (non-restraint)  =    -12598.7793
 EKCMT  =         0.0000  VIRIAL  =         0.0000  VOLUME     =     32104.2696
                                                    Density    =         1.0104
 Ewald error estimate:   0.3765E-03
 ------------------------------------------------------------------------------

wrapping first mol.:       11.55498       16.34121       28.30380

 NSTEP =    12500   TIME(PS) =      45.000  TEMP(K) =   296.84  PRESS =     0.0
 Etot   =    -10660.7899  EKtot   =      1917.0843  EPtot      =    -12577.8742
 BOND   =        14.7480  ANGLE   =        16.5576  DIHED      =        13.2037
 1-4 NB =        12.3013  1-4 EEL =      -247.5231  VDWAALS    =      2434.8724
 EELEC  =    -14832.7058  EHBOND  =         0.0000  RESTRAINT  =        10.6716
 EAMBER (non-restraint)  =    -12588.5459
 EKCMT  =         0.0000  VIRIAL  =         0.0000  VOLUME     =     32066.3357
                                                    Density    =         1.0115
 Ewald error estimate:   0.1031E-03
 ------------------------------------------------------------------------------

wrapping first mol.:       11.56008       16.34842       28.31629

 NSTEP =    13000   TIME(PS) =      46.000  TEMP(K) =   302.59  PRESS =     0.0
 Etot   =    -10686.5917  EKtot   =      1954.2148  EPtot      =    -12640.8064
 BOND   =         5.3705  ANGLE   =        13.6371  DIHED      =        13.1499
 1-4 NB =        12.7516  1-4 EEL =      -248.3728  VDWAALS    =      2453.2762
 EELEC  =    -14900.1814  EHBOND  =         0.0000  RESTRAINT  =         9.5625
 EAMBER (non-restraint)  =    -12650.3689
 EKCMT  =         0.0000  VIRIAL  =         0.0000  VOLUME     =     32108.7938
                                                    Density    =         1.0102
 Ewald error estimate:   0.1244E-03
 ------------------------------------------------------------------------------

wrapping first mol.:       11.57393       16.36801       28.35022

 NSTEP =    13500   TIME(PS) =      47.000  TEMP(K) =   303.22  PRESS =     0.0
 Etot   =    -10652.7161  EKtot   =      1958.3312  EPtot      =    -12611.0473
 BOND   =         6.6555  ANGLE   =        13.3074  DIHED      =        11.6002
 1-4 NB =        12.1157  1-4 EEL =      -246.4426  VDWAALS    =      2417.9607
 EELEC  =    -14835.0091  EHBOND  =         0.0000  RESTRAINT  =         8.7649
 EAMBER (non-restraint)  =    -12619.8122
 EKCMT  =         0.0000  VIRIAL  =         0.0000  VOLUME     =     32224.3608
                                                    Density    =         1.0066
 Ewald error estimate:   0.8817E-04
 ------------------------------------------------------------------------------

wrapping first mol.:       11.57354       16.36745       28.34925

 NSTEP =    14000   TIME(PS) =      48.000  TEMP(K) =   294.50  PRESS =     0.0
 Etot   =    -10742.0386  EKtot   =      1901.9810  EPtot      =    -12644.0196
 BOND   =         6.1448  ANGLE   =        14.2538  DIHED      =        13.9791
 1-4 NB =        11.1981  1-4 EEL =      -245.6558  VDWAALS    =      2455.2009
 EELEC  =    -14909.1002  EHBOND  =         0.0000  RESTRAINT  =         9.9598
 EAMBER (non-restraint)  =    -12653.9794
 EKCMT  =         0.0000  VIRIAL  =         0.0000  VOLUME     =     32221.0643
                                                    Density    =         1.0067
 Ewald error estimate:   0.4702E-03
 ------------------------------------------------------------------------------

wrapping first mol.:       11.58294       16.38075       28.37229

 NSTEP =    14500   TIME(PS) =      49.000  TEMP(K) =   302.14  PRESS =     0.0
 Etot   =    -10745.6338  EKtot   =      1951.3316  EPtot      =    -12696.9654
 BOND   =         4.7294  ANGLE   =        12.7327  DIHED      =        11.7682
 1-4 NB =        12.1665  1-4 EEL =      -246.3715  VDWAALS    =      2482.1527
 EELEC  =    -14981.5590  EHBOND  =         0.0000  RESTRAINT  =         7.4157
 EAMBER (non-restraint)  =    -12704.3810
 EKCMT  =         0.0000  VIRIAL  =         0.0000  VOLUME     =     32299.6825
                                                    Density    =         1.0042
 Ewald error estimate:   0.3128E-03
 ------------------------------------------------------------------------------

wrapping first mol.:       11.58037       16.37712       28.36600

 NSTEP =    15000   TIME(PS) =      50.000  TEMP(K) =   293.66  PRESS =     0.0
 Etot   =    -10746.2917  EKtot   =      1896.5890  EPtot      =    -12642.8807
 BOND   =         7.2748  ANGLE   =        15.2936  DIHED      =        17.4494
 1-4 NB =        12.2722  1-4 EEL =      -246.1377  VDWAALS    =      2479.5190
 EELEC  =    -14934.8072  EHBOND  =         0.0000  RESTRAINT  =         6.2553
 EAMBER (non-restraint)  =    -12649.1360
 EKCMT  =         0.0000  VIRIAL  =         0.0000  VOLUME     =     32278.1832
                                                    Density    =         1.0049
 Ewald error estimate:   0.7711E-04
 ------------------------------------------------------------------------------

wrapping first mol.:       11.56619       16.35706       28.33126

 NSTEP =    15500   TIME(PS) =      51.000  TEMP(K) =   286.33  PRESS =     0.0
 Etot   =    -10804.9484  EKtot   =      1849.2086  EPtot      =    -12654.1570
 BOND   =         6.0524  ANGLE   =        12.7250  DIHED      =        14.7446
 1-4 NB =        11.4038  1-4 EEL =      -245.4506  VDWAALS    =      2542.6210
 EELEC  =    -15003.0888  EHBOND  =         0.0000  RESTRAINT  =         6.8355
 EAMBER (non-restraint)  =    -12660.9926
 EKCMT  =         0.0000  VIRIAL  =         0.0000  VOLUME     =     32159.7512
                                                    Density    =         1.0086
 Ewald error estimate:   0.4230E-03
 ------------------------------------------------------------------------------

wrapping first mol.:       11.56384       16.35374       28.32550

 NSTEP =    16000   TIME(PS) =      52.000  TEMP(K) =   295.47  PRESS =     0.0
 Etot   =    -10696.3810  EKtot   =      1908.2450  EPtot      =    -12604.6260
 BOND   =         6.0936  ANGLE   =        16.8514  DIHED      =        15.8770
 1-4 NB =        11.8295  1-4 EEL =      -247.2396  VDWAALS    =      2491.7383
 EELEC  =    -14908.7512  EHBOND  =         0.0000  RESTRAINT  =         8.9751
 EAMBER (non-restraint)  =    -12613.6011
 EKCMT  =         0.0000  VIRIAL  =         0.0000  VOLUME     =     32140.1403
                                                    Density    =         1.0092
 Ewald error estimate:   0.1880E-03
 ------------------------------------------------------------------------------

wrapping first mol.:       11.56456       16.35476       28.32728

 NSTEP =    16500   TIME(PS) =      53.000  TEMP(K) =   297.95  PRESS =     0.0
 Etot   =    -10719.4498  EKtot   =      1924.2989  EPtot      =    -12643.7487
 BOND   =         7.9314  ANGLE   =        14.2443  DIHED      =        12.1989
 1-4 NB =        13.6697  1-4 EEL =      -247.6758  VDWAALS    =      2414.1792
 EELEC  =    -14869.0232  EHBOND  =         0.0000  RESTRAINT  =        10.7269
 EAMBER (non-restraint)  =    -12654.4756
 EKCMT  =         0.0000  VIRIAL  =         0.0000  VOLUME     =     32146.1789
                                                    Density    =         1.0090
 Ewald error estimate:   0.5730E-04
 ------------------------------------------------------------------------------

wrapping first mol.:       11.59636       16.39972       28.40515

 NSTEP =    17000   TIME(PS) =      54.000  TEMP(K) =   305.73  PRESS =     0.0
 Etot   =    -10684.4380  EKtot   =      1974.5329  EPtot      =    -12658.9709
 BOND   =         7.6294  ANGLE   =        13.6823  DIHED      =        13.4325
 1-4 NB =        10.9750  1-4 EEL =      -244.9064  VDWAALS    =      2464.0606
 EELEC  =    -14931.6068  EHBOND  =         0.0000  RESTRAINT  =         7.7625
 EAMBER (non-restraint)  =    -12666.7333
 EKCMT  =         0.0000  VIRIAL  =         0.0000  VOLUME     =     32412.0401
                                                    Density    =         1.0008
 Ewald error estimate:   0.2006E-03
 ------------------------------------------------------------------------------

wrapping first mol.:       11.59976       16.40454       28.41349

 NSTEP =    17500   TIME(PS) =      55.000  TEMP(K) =   295.49  PRESS =     0.0
 Etot   =    -10687.0415  EKtot   =      1908.4015  EPtot      =    -12595.4430
 BOND   =         9.2171  ANGLE   =        15.3191  DIHED      =        12.0644
 1-4 NB =         9.4306  1-4 EEL =      -244.6006  VDWAALS    =      2448.0858
 EELEC  =    -14852.0849  EHBOND  =         0.0000  RESTRAINT  =         7.1256
 EAMBER (non-restraint)  =    -12602.5686
 EKCMT  =         0.0000  VIRIAL  =         0.0000  VOLUME     =     32440.5926
                                                    Density    =         0.9999
 Ewald error estimate:   0.1893E-03
 ------------------------------------------------------------------------------

wrapping first mol.:       11.58813       16.38808       28.38499

 NSTEP =    18000   TIME(PS) =      56.000  TEMP(K) =   295.49  PRESS =     0.0
 Etot   =    -10757.7221  EKtot   =      1908.3900  EPtot      =    -12666.1121
 BOND   =        12.0639  ANGLE   =        25.9520  DIHED      =        13.5830
 1-4 NB =        10.1483  1-4 EEL =      -246.7495  VDWAALS    =      2515.7230
 EELEC  =    -15005.6810  EHBOND  =         0.0000  RESTRAINT  =         8.8482
 EAMBER (non-restraint)  =    -12674.9603
 EKCMT  =         0.0000  VIRIAL  =         0.0000  VOLUME     =     32343.0770
                                                    Density    =         1.0029
 Ewald error estimate:   0.1482E-03
 ------------------------------------------------------------------------------

wrapping first mol.:       11.58857       16.38871       28.38607

 NSTEP =    18500   TIME(PS) =      57.000  TEMP(K) =   297.62  PRESS =     0.0
 Etot   =    -10774.0993  EKtot   =      1922.1314  EPtot      =    -12696.2306
 BOND   =         8.7661  ANGLE   =        21.7312  DIHED      =        15.6562
 1-4 NB =        10.8983  1-4 EEL =      -243.9561  VDWAALS    =      2504.2339
 EELEC  =    -15022.2395  EHBOND  =         0.0000  RESTRAINT  =         8.6793
 EAMBER (non-restraint)  =    -12704.9099
 EKCMT  =         0.0000  VIRIAL  =         0.0000  VOLUME     =     32346.7724
                                                    Density    =         1.0028
 Ewald error estimate:   0.2587E-03
 ------------------------------------------------------------------------------

wrapping first mol.:       11.59037       16.39126       28.39048

 NSTEP =    19000   TIME(PS) =      58.000  TEMP(K) =   300.92  PRESS =     0.0
 Etot   =    -10730.1164  EKtot   =      1943.4444  EPtot      =    -12673.5608
 BOND   =         7.5874  ANGLE   =        15.6791  DIHED      =        13.2873
 1-4 NB =        11.9197  1-4 EEL =      -247.6288  VDWAALS    =      2504.4531
 EELEC  =    -14983.8240  EHBOND  =         0.0000  RESTRAINT  =         4.9654
 EAMBER (non-restraint)  =    -12678.5262
 EKCMT  =         0.0000  VIRIAL  =         0.0000  VOLUME     =     32361.8526
                                                    Density    =         1.0023
 Ewald error estimate:   0.2289E-03
 ------------------------------------------------------------------------------

wrapping first mol.:       11.62156       16.43537       28.46689

 NSTEP =    19500   TIME(PS) =      59.000  TEMP(K) =   284.58  PRESS =     0.0
 Etot   =    -10862.0324  EKtot   =      1837.9391  EPtot      =    -12699.9715
 BOND   =        11.1935  ANGLE   =        13.8935  DIHED      =        13.0507
 1-4 NB =        11.1670  1-4 EEL =      -243.1634  VDWAALS    =      2450.3188
 EELEC  =    -14964.7259  EHBOND  =         0.0000  RESTRAINT  =         8.2941
 EAMBER (non-restraint)  =    -12708.2657
 EKCMT  =         0.0000  VIRIAL  =         0.0000  VOLUME     =     32623.8275
                                                    Density    =         0.9943
 Ewald error estimate:   0.3424E-03
 ------------------------------------------------------------------------------

wrapping first mol.:       11.59975       16.40453       28.41347

 NSTEP =    20000   TIME(PS) =      60.000  TEMP(K) =   297.68  PRESS =     0.0
 Etot   =    -10896.2703  EKtot   =      1922.5032  EPtot      =    -12818.7735
 BOND   =         6.3713  ANGLE   =        14.2455  DIHED      =        13.4086
 1-4 NB =        12.0626  1-4 EEL =      -245.4691  VDWAALS    =      2559.5678
 EELEC  =    -15189.0850  EHBOND  =         0.0000  RESTRAINT  =        10.1248
 EAMBER (non-restraint)  =    -12828.8983
 EKCMT  =         0.0000  VIRIAL  =         0.0000  VOLUME     =     32440.5286
                                                    Density    =         0.9999
 Ewald error estimate:   0.1736E-03
 ------------------------------------------------------------------------------

wrapping first mol.:       11.59296       16.39492       28.39684

 NSTEP =    20500   TIME(PS) =      61.000  TEMP(K) =   288.17  PRESS =     0.0
 Etot   =    -10775.0425  EKtot   =      1861.1276  EPtot      =    -12636.1701
 BOND   =         7.2293  ANGLE   =        17.6906  DIHED      =        13.4746
 1-4 NB =        11.2628  1-4 EEL =      -244.3162  VDWAALS    =      2441.2091
 EELEC  =    -14892.2893  EHBOND  =         0.0000  RESTRAINT  =         9.5688
 EAMBER (non-restraint)  =    -12645.7389
 EKCMT  =         0.0000  VIRIAL  =         0.0000  VOLUME     =     32383.5887
                                                    Density    =         1.0016
 Ewald error estimate:   0.1151E-03
 ------------------------------------------------------------------------------

wrapping first mol.:       11.59296       16.39492       28.39684

 NSTEP =    21000   TIME(PS) =      62.000  TEMP(K) =   305.31  PRESS =     0.0
 Etot   =    -10717.7420  EKtot   =      1971.8100  EPtot      =    -12689.5519
 BOND   =         7.9020  ANGLE   =        17.4979  DIHED      =        12.3629
 1-4 NB =        11.3067  1-4 EEL =      -247.9593  VDWAALS    =      2461.9124
 EELEC  =    -14961.5151  EHBOND  =         0.0000  RESTRAINT  =         8.9405
 EAMBER (non-restraint)  =    -12698.4925
 EKCMT  =         0.0000  VIRIAL  =         0.0000  VOLUME     =     32383.5887
                                                    Density    =         1.0016
 Ewald error estimate:   0.3310E-03
 ------------------------------------------------------------------------------

wrapping first mol.:       11.54271       16.32386       28.27375

 NSTEP =    21500   TIME(PS) =      63.000  TEMP(K) =   295.63  PRESS =     0.0
 Etot   =    -10787.8065  EKtot   =      1909.2780  EPtot      =    -12697.0845
 BOND   =        10.1730  ANGLE   =        20.1670  DIHED      =        13.4058
 1-4 NB =        10.0363  1-4 EEL =      -246.3446  VDWAALS    =      2607.9438
 EELEC  =    -15120.7475  EHBOND  =         0.0000  RESTRAINT  =         8.2818
 EAMBER (non-restraint)  =    -12705.3663
 EKCMT  =         0.0000  VIRIAL  =         0.0000  VOLUME     =     31964.3066
                                                    Density    =         1.0148
 Ewald error estimate:   0.4949E-04
 ------------------------------------------------------------------------------

wrapping first mol.:       11.51367       16.28278       28.20260

 NSTEP =    22000   TIME(PS) =      64.000  TEMP(K) =   301.20  PRESS =     0.0
 Etot   =    -10768.4733  EKtot   =      1945.2436  EPtot      =    -12713.7169
 BOND   =         4.9471  ANGLE   =        17.8594  DIHED      =        11.3723
 1-4 NB =        11.8148  1-4 EEL =      -246.6027  VDWAALS    =      2553.9410
 EELEC  =    -15072.5867  EHBOND  =         0.0000  RESTRAINT  =         5.5380
 EAMBER (non-restraint)  =    -12719.2549
 EKCMT  =         0.0000  VIRIAL  =         0.0000  VOLUME     =     31723.6102
                                                    Density    =         1.0225
 Ewald error estimate:   0.3019E-03
 ------------------------------------------------------------------------------

wrapping first mol.:       11.51879       16.29003       28.21515

 NSTEP =    22500   TIME(PS) =      65.000  TEMP(K) =   305.14  PRESS =     0.0
 Etot   =    -10704.5342  EKtot   =      1970.6886  EPtot      =    -12675.2227
 BOND   =         4.0484  ANGLE   =        15.7738  DIHED      =        13.3272
 1-4 NB =        12.3838  1-4 EEL =      -247.2903  VDWAALS    =      2523.0191
 EELEC  =    -15006.7487  EHBOND  =         0.0000  RESTRAINT  =        10.2639
 EAMBER (non-restraint)  =    -12685.4867
 EKCMT  =         0.0000  VIRIAL  =         0.0000  VOLUME     =     31765.9742
                                                    Density    =         1.0211
 Ewald error estimate:   0.2671E-03
 ------------------------------------------------------------------------------

wrapping first mol.:       11.51173       16.28004       28.19786

 NSTEP =    23000   TIME(PS) =      66.000  TEMP(K) =   303.28  PRESS =     0.0
 Etot   =    -10700.4400  EKtot   =      1958.6696  EPtot      =    -12659.1096
 BOND   =         6.3999  ANGLE   =        13.3356  DIHED      =        14.7234
 1-4 NB =        11.7435  1-4 EEL =      -243.2494  VDWAALS    =      2536.1475
 EELEC  =    -15005.3688  EHBOND  =         0.0000  RESTRAINT  =         7.1588
 EAMBER (non-restraint)  =    -12666.2684
 EKCMT  =         0.0000  VIRIAL  =         0.0000  VOLUME     =     31707.5965
                                                    Density    =         1.0230
 Ewald error estimate:   0.2980E-03
 ------------------------------------------------------------------------------

wrapping first mol.:       11.52507       16.29890       28.23053

 NSTEP =    23500   TIME(PS) =      67.000  TEMP(K) =   291.14  PRESS =     0.0
 Etot   =    -10785.9358  EKtot   =      1880.2843  EPtot      =    -12666.2201
 BOND   =         9.6806  ANGLE   =        17.2850  DIHED      =        12.6081
 1-4 NB =        11.1701  1-4 EEL =      -245.2356  VDWAALS    =      2418.2309
 EELEC  =    -14899.0305  EHBOND  =         0.0000  RESTRAINT  =         9.0713
 EAMBER (non-restraint)  =    -12675.2914
 EKCMT  =         0.0000  VIRIAL  =         0.0000  VOLUME     =     31817.9335
                                                    Density    =         1.0194
 Ewald error estimate:   0.1705E-03
 ------------------------------------------------------------------------------

wrapping first mol.:       11.48898       16.24787       28.14213

 NSTEP =    24000   TIME(PS) =      68.000  TEMP(K) =   296.13  PRESS =     0.0
 Etot   =    -10719.0283  EKtot   =      1912.5258  EPtot      =    -12631.5541
 BOND   =        11.6346  ANGLE   =        15.5097  DIHED      =        11.8477
 1-4 NB =        13.4517  1-4 EEL =      -250.5987  VDWAALS    =      2509.0101
 EELEC  =    -14949.0837  EHBOND  =         0.0000  RESTRAINT  =         6.6745
 EAMBER (non-restraint)  =    -12638.2286
 EKCMT  =         0.0000  VIRIAL  =         0.0000  VOLUME     =     31519.9626
                                                    Density    =         1.0291
 Ewald error estimate:   0.5573E-04
 ------------------------------------------------------------------------------

wrapping first mol.:       11.46758       16.21761       28.08973

 NSTEP =    24500   TIME(PS) =      69.000  TEMP(K) =   296.42  PRESS =     0.0
 Etot   =    -10696.4073  EKtot   =      1914.3591  EPtot      =    -12610.7664
 BOND   =         8.7173  ANGLE   =        19.4065  DIHED      =        14.0683
 1-4 NB =        11.2598  1-4 EEL =      -247.1923  VDWAALS    =      2473.9226
 EELEC  =    -14899.9123  EHBOND  =         0.0000  RESTRAINT  =         8.9636
 EAMBER (non-restraint)  =    -12619.7300
 EKCMT  =         0.0000  VIRIAL  =         0.0000  VOLUME     =     31344.2253
                                                    Density    =         1.0349
 Ewald error estimate:   0.2892E-03
 ------------------------------------------------------------------------------

wrapping first mol.:       11.47500       16.22810       28.10789

 NSTEP =    25000   TIME(PS) =      70.000  TEMP(K) =   300.05  PRESS =     0.0
 Etot   =    -10741.6092  EKtot   =      1937.8450  EPtot      =    -12679.4541
 BOND   =        10.2844  ANGLE   =        15.7417  DIHED      =        12.2413
 1-4 NB =        12.3644  1-4 EEL =      -246.8878  VDWAALS    =      2499.5108
 EELEC  =    -14993.4641  EHBOND  =         0.0000  RESTRAINT  =        10.7550
 EAMBER (non-restraint)  =    -12690.2092
 EKCMT  =         0.0000  VIRIAL  =         0.0000  VOLUME     =     31405.0485
                                                    Density    =         1.0328
 Ewald error estimate:   0.7642E-04
 ------------------------------------------------------------------------------

wrapping first mol.:       11.45808       16.20417       28.06644

 NSTEP =    25500   TIME(PS) =      71.000  TEMP(K) =   307.24  PRESS =     0.0
 Etot   =    -10634.2224  EKtot   =      1984.2912  EPtot      =    -12618.5136
 BOND   =         5.0677  ANGLE   =        17.3991  DIHED      =        13.7912
 1-4 NB =        12.5552  1-4 EEL =      -247.0363  VDWAALS    =      2528.3289
 EELEC  =    -14958.9297  EHBOND  =         0.0000  RESTRAINT  =        10.3102
 EAMBER (non-restraint)  =    -12628.8239
 EKCMT  =         0.0000  VIRIAL  =         0.0000  VOLUME     =     31266.3297
                                                    Density    =         1.0374
 Ewald error estimate:   0.1497E-03
 ------------------------------------------------------------------------------

wrapping first mol.:       11.48492       16.24212       28.13218

 NSTEP =    26000   TIME(PS) =      72.000  TEMP(K) =   304.03  PRESS =     0.0
 Etot   =    -10606.2818  EKtot   =      1963.5511  EPtot      =    -12569.8329
 BOND   =         8.2686  ANGLE   =        12.1120  DIHED      =        11.5802
 1-4 NB =        11.4132  1-4 EEL =      -244.1503  VDWAALS    =      2437.8557
 EELEC  =    -14814.6552  EHBOND  =         0.0000  RESTRAINT  =         7.7429
 EAMBER (non-restraint)  =    -12577.5758
 EKCMT  =         0.0000  VIRIAL  =         0.0000  VOLUME     =     31486.5561
                                                    Density    =         1.0302
 Ewald error estimate:   0.1594E-03
 ------------------------------------------------------------------------------

wrapping first mol.:       11.47324       16.22561       28.10357

 NSTEP =    26500   TIME(PS) =      73.000  TEMP(K) =   306.52  PRESS =     0.0
 Etot   =    -10668.2842  EKtot   =      1979.6182  EPtot      =    -12647.9024
 BOND   =         8.6106  ANGLE   =        17.9734  DIHED      =        13.6410
 1-4 NB =        11.0021  1-4 EEL =      -246.4506  VDWAALS    =      2367.6639
 EELEC  =    -14828.2893  EHBOND  =         0.0000  RESTRAINT  =         7.9465
 EAMBER (non-restraint)  =    -12655.8489
 EKCMT  =         0.0000  VIRIAL  =         0.0000  VOLUME     =     31390.5923
                                                    Density    =         1.0333
 Ewald error estimate:   0.4480E-03
 ------------------------------------------------------------------------------

wrapping first mol.:       11.48895       16.24783       28.14206

 NSTEP =    27000   TIME(PS) =      74.000  TEMP(K) =   297.77  PRESS =     0.0
 Etot   =    -10679.0995  EKtot   =      1923.0926  EPtot      =    -12602.1921
 BOND   =         6.6898  ANGLE   =        18.1050  DIHED      =        13.9215
 1-4 NB =        11.9802  1-4 EEL =      -247.3698  VDWAALS    =      2495.1503
 EELEC  =    -14909.1527  EHBOND  =         0.0000  RESTRAINT  =         8.4836
 EAMBER (non-restraint)  =    -12610.6757
 EKCMT  =         0.0000  VIRIAL  =         0.0000  VOLUME     =     31519.7289
                                                    Density    =         1.0291
 Ewald error estimate:   0.4663E-03
 ------------------------------------------------------------------------------

wrapping first mol.:       11.49685       16.25900       28.16142

 NSTEP =    27500   TIME(PS) =      75.000  TEMP(K) =   303.79  PRESS =     0.0
 Etot   =    -10663.5488  EKtot   =      1961.9879  EPtot      =    -12625.5367
 BOND   =         5.0155  ANGLE   =        15.4000  DIHED      =        13.1864
 1-4 NB =        13.0424  1-4 EEL =      -247.3798  VDWAALS    =      2410.9602
 EELEC  =    -14844.7716  EHBOND  =         0.0000  RESTRAINT  =         9.0101
 EAMBER (non-restraint)  =    -12634.5468
 EKCMT  =         0.0000  VIRIAL  =         0.0000  VOLUME     =     31584.8198
                                                    Density    =         1.0270
 Ewald error estimate:   0.6818E-04
 ------------------------------------------------------------------------------

wrapping first mol.:       11.49172       16.25175       28.14886

 NSTEP =    28000   TIME(PS) =      76.000  TEMP(K) =   295.50  PRESS =     0.0
 Etot   =    -10751.0897  EKtot   =      1908.4761  EPtot      =    -12659.5658
 BOND   =        12.1249  ANGLE   =        13.6041  DIHED      =        12.1543
 1-4 NB =        11.9111  1-4 EEL =      -245.2106  VDWAALS    =      2549.1278
 EELEC  =    -15020.7297  EHBOND  =         0.0000  RESTRAINT  =         7.4522
 EAMBER (non-restraint)  =    -12667.0180
 EKCMT  =         0.0000  VIRIAL  =         0.0000  VOLUME     =     31542.5888
                                                    Density    =         1.0283
 Ewald error estimate:   0.6901E-04
 ------------------------------------------------------------------------------

wrapping first mol.:       11.52096       16.29309       28.22047

 NSTEP =    28500   TIME(PS) =      77.000  TEMP(K) =   294.15  PRESS =     0.0
 Etot   =    -10757.4528  EKtot   =      1899.7062  EPtot      =    -12657.1590
 BOND   =         8.9669  ANGLE   =        18.7074  DIHED      =        10.5217
 1-4 NB =        11.3558  1-4 EEL =      -247.0313  VDWAALS    =      2461.8408
 EELEC  =    -14927.2772  EHBOND  =         0.0000  RESTRAINT  =         5.7569
 EAMBER (non-restraint)  =    -12662.9159
 EKCMT  =         0.0000  VIRIAL  =         0.0000  VOLUME     =     31783.9224
                                                    Density    =         1.0205
 Ewald error estimate:   0.1767E-03
 ------------------------------------------------------------------------------

wrapping first mol.:       11.53821       16.31749       28.26272

 NSTEP =    29000   TIME(PS) =      78.000  TEMP(K) =   299.14  PRESS =     0.0
 Etot   =    -10617.1641  EKtot   =      1931.9743  EPtot      =    -12549.1383
 BOND   =         4.0721  ANGLE   =        16.8905  DIHED      =        12.9978
 1-4 NB =        10.0432  1-4 EEL =      -244.7341  VDWAALS    =      2485.4352
 EELEC  =    -14840.8226  EHBOND  =         0.0000  RESTRAINT  =         6.9796
 EAMBER (non-restraint)  =    -12556.1179
 EKCMT  =         0.0000  VIRIAL  =         0.0000  VOLUME     =     31926.9118
                                                    Density    =         1.0160
 Ewald error estimate:   0.2678E-03
 ------------------------------------------------------------------------------

wrapping first mol.:       11.55774       16.34512       28.31057

 NSTEP =    29500   TIME(PS) =      79.000  TEMP(K) =   307.67  PRESS =     0.0
 Etot   =    -10620.8801  EKtot   =      1987.0347  EPtot      =    -12607.9147
 BOND   =         8.0273  ANGLE   =        12.3592  DIHED      =        14.5313
 1-4 NB =        10.5520  1-4 EEL =      -246.2497  VDWAALS    =      2430.3305
 EELEC  =    -14846.6082  EHBOND  =         0.0000  RESTRAINT  =         9.1429
 EAMBER (non-restraint)  =    -12617.0576
 EKCMT  =         0.0000  VIRIAL  =         0.0000  VOLUME     =     32089.3344
                                                    Density    =         1.0108
 Ewald error estimate:   0.1756E-04
 ------------------------------------------------------------------------------

wrapping first mol.:       11.53822       16.31751       28.26275

 NSTEP =    30000   TIME(PS) =      80.000  TEMP(K) =   299.47  PRESS =     0.0
 Etot   =    -10657.7571  EKtot   =      1934.0874  EPtot      =    -12591.8445
 BOND   =         5.6084  ANGLE   =        14.2699  DIHED      =        14.4043
 1-4 NB =        11.4464  1-4 EEL =      -244.2817  VDWAALS    =      2556.9621
 EELEC  =    -14957.9961  EHBOND  =         0.0000  RESTRAINT  =         7.7422
 EAMBER (non-restraint)  =    -12599.5867
 EKCMT  =         0.0000  VIRIAL  =         0.0000  VOLUME     =     31927.0028
                                                    Density    =         1.0160
 Ewald error estimate:   0.1208E-03
 ------------------------------------------------------------------------------

wrapping first mol.:       11.52846       16.30370       28.23883

 NSTEP =    30500   TIME(PS) =      81.000  TEMP(K) =   298.75  PRESS =     0.0
 Etot   =    -10658.0947  EKtot   =      1929.4636  EPtot      =    -12587.5583
 BOND   =         6.1747  ANGLE   =        17.4763  DIHED      =        12.8709
 1-4 NB =        12.2637  1-4 EEL =      -246.2445  VDWAALS    =      2436.9189
 EELEC  =    -14834.9919  EHBOND  =         0.0000  RESTRAINT  =         7.9736
 EAMBER (non-restraint)  =    -12595.5319
 EKCMT  =         0.0000  VIRIAL  =         0.0000  VOLUME     =     31846.0125
                                                    Density    =         1.0185
 Ewald error estimate:   0.2032E-03
 ------------------------------------------------------------------------------

wrapping first mol.:       11.51450       16.28395       28.20463

 NSTEP =    31000   TIME(PS) =      82.000  TEMP(K) =   301.64  PRESS =     0.0
 Etot   =    -10647.4730  EKtot   =      1948.0859  EPtot      =    -12595.5588
 BOND   =         9.0914  ANGLE   =        17.2171  DIHED      =        14.6426
 1-4 NB =        12.0892  1-4 EEL =      -248.0421  VDWAALS    =      2509.1255
 EELEC  =    -14916.9658  EHBOND  =         0.0000  RESTRAINT  =         7.2833
 EAMBER (non-restraint)  =    -12602.8421
 EKCMT  =         0.0000  VIRIAL  =         0.0000  VOLUME     =     31730.4623
                                                    Density    =         1.0223
 Ewald error estimate:   0.6845E-06
 ------------------------------------------------------------------------------

wrapping first mol.:       11.51450       16.28395       28.20463

 NSTEP =    31500   TIME(PS) =      83.000  TEMP(K) =   298.81  PRESS =     0.0
 Etot   =    -10726.4679  EKtot   =      1929.8383  EPtot      =    -12656.3062
 BOND   =         4.2549  ANGLE   =        15.0147  DIHED      =        12.9412
 1-4 NB =        11.5691  1-4 EEL =      -245.2861  VDWAALS    =      2539.3130
 EELEC  =    -15004.1019  EHBOND  =         0.0000  RESTRAINT  =         9.9890
 EAMBER (non-restraint)  =    -12666.2952
 EKCMT  =         0.0000  VIRIAL  =         0.0000  VOLUME     =     31730.4623
                                                    Density    =         1.0223
 Ewald error estimate:   0.6107E-03
 ------------------------------------------------------------------------------

wrapping first mol.:       11.53362       16.31100       28.25149

 NSTEP =    32000   TIME(PS) =      84.000  TEMP(K) =   295.14  PRESS =     0.0
 Etot   =    -10792.1841  EKtot   =      1906.1261  EPtot      =    -12698.3103
 BOND   =         5.8321  ANGLE   =        14.7643  DIHED      =        12.0495
 1-4 NB =        12.9786  1-4 EEL =      -248.3375  VDWAALS    =      2467.6135
 EELEC  =    -14970.4779  EHBOND  =         0.0000  RESTRAINT  =         7.2671
 EAMBER (non-restraint)  =    -12705.5774
 EKCMT  =         0.0000  VIRIAL  =         0.0000  VOLUME     =     31888.8478
                                                    Density    =         1.0172
 Ewald error estimate:   0.1313E-03
 ------------------------------------------------------------------------------

wrapping first mol.:       11.48710       16.24522       28.13754

 NSTEP =    32500   TIME(PS) =      85.000  TEMP(K) =   303.77  PRESS =     0.0
 Etot   =    -10679.0962  EKtot   =      1961.8624  EPtot      =    -12640.9586
 BOND   =         9.5734  ANGLE   =        17.7393  DIHED      =        12.9421
 1-4 NB =        10.1891  1-4 EEL =      -245.2559  VDWAALS    =      2442.9537
 EELEC  =    -14896.3417  EHBOND  =         0.0000  RESTRAINT  =         7.2414
 EAMBER (non-restraint)  =    -12648.2001
 EKCMT  =         0.0000  VIRIAL  =         0.0000  VOLUME     =     31504.5547
                                                    Density    =         1.0296
 Ewald error estimate:   0.8278E-04
 ------------------------------------------------------------------------------

wrapping first mol.:       11.49129       16.25114       28.14780

 NSTEP =    33000   TIME(PS) =      86.000  TEMP(K) =   296.18  PRESS =     0.0
 Etot   =    -10710.1708  EKtot   =      1912.8456  EPtot      =    -12623.0164
 BOND   =         7.2635  ANGLE   =        13.0982  DIHED      =        16.3045
 1-4 NB =        15.7279  1-4 EEL =      -248.1392  VDWAALS    =      2531.0776
 EELEC  =    -14967.6055  EHBOND  =         0.0000  RESTRAINT  =         9.2565
 EAMBER (non-restraint)  =    -12632.2729
 EKCMT  =         0.0000  VIRIAL  =         0.0000  VOLUME     =     31539.0299
                                                    Density    =         1.0285
 Ewald error estimate:   0.1888E-03
 ------------------------------------------------------------------------------

wrapping first mol.:       11.52017       16.29198       28.21853

 NSTEP =    33500   TIME(PS) =      87.000  TEMP(K) =   296.14  PRESS =     0.0
 Etot   =    -10719.6233  EKtot   =      1912.5874  EPtot      =    -12632.2108
 BOND   =         9.0126  ANGLE   =        14.6015  DIHED      =        12.4172
 1-4 NB =        11.4466  1-4 EEL =      -245.3346  VDWAALS    =      2412.9280
 EELEC  =    -14855.4012  EHBOND  =         0.0000  RESTRAINT  =         8.1191
 EAMBER (non-restraint)  =    -12640.3299
 EKCMT  =         0.0000  VIRIAL  =         0.0000  VOLUME     =     31777.3862
                                                    Density    =         1.0207
 Ewald error estimate:   0.3310E-03
 ------------------------------------------------------------------------------

wrapping first mol.:       11.55453       16.34057       28.30269

 NSTEP =    34000   TIME(PS) =      88.000  TEMP(K) =   310.87  PRESS =     0.0
 Etot   =    -10670.6286  EKtot   =      2007.6883  EPtot      =    -12678.3168
 BOND   =         8.3927  ANGLE   =        16.2462  DIHED      =        13.9264
 1-4 NB =        11.8070  1-4 EEL =      -246.6507  VDWAALS    =      2406.6010
 EELEC  =    -14899.9127  EHBOND  =         0.0000  RESTRAINT  =        11.2733
 EAMBER (non-restraint)  =    -12689.5902
 EKCMT  =         0.0000  VIRIAL  =         0.0000  VOLUME     =     32062.5663
                                                    Density    =         1.0117
 Ewald error estimate:   0.6032E-04
 ------------------------------------------------------------------------------

wrapping first mol.:       11.51757       16.28831       28.21218

 NSTEP =    34500   TIME(PS) =      89.000  TEMP(K) =   304.34  PRESS =     0.0
 Etot   =    -10639.7619  EKtot   =      1965.5312  EPtot      =    -12605.2931
 BOND   =         9.4736  ANGLE   =        14.3911  DIHED      =        15.8969
 1-4 NB =        12.9547  1-4 EEL =      -248.2518  VDWAALS    =      2494.0251
 EELEC  =    -14912.3568  EHBOND  =         0.0000  RESTRAINT  =         8.5741
 EAMBER (non-restraint)  =    -12613.8672
 EKCMT  =         0.0000  VIRIAL  =         0.0000  VOLUME     =     31755.9218
                                                    Density    =         1.0214
 Ewald error estimate:   0.3053E-03
 ------------------------------------------------------------------------------

wrapping first mol.:       11.54446       16.32633       28.27803

 NSTEP =    35000   TIME(PS) =      90.000  TEMP(K) =   294.10  PRESS =     0.0
 Etot   =    -10659.4437  EKtot   =      1899.3921  EPtot      =    -12558.8358
 BOND   =         8.7718  ANGLE   =        17.8841  DIHED      =        12.4693
 1-4 NB =        12.2362  1-4 EEL =      -248.0609  VDWAALS    =      2488.9839
 EELEC  =    -14860.4097  EHBOND  =         0.0000  RESTRAINT  =         9.2895
 EAMBER (non-restraint)  =    -12568.1253
 EKCMT  =         0.0000  VIRIAL  =         0.0000  VOLUME     =     31978.8223
                                                    Density    =         1.0143
 Ewald error estimate:   0.3424E-04
 ------------------------------------------------------------------------------

wrapping first mol.:       11.53413       16.31173       28.25274

 NSTEP =    35500   TIME(PS) =      91.000  TEMP(K) =   294.07  PRESS =     0.0
 Etot   =    -10769.3558  EKtot   =      1899.2071  EPtot      =    -12668.5628
 BOND   =         8.3344  ANGLE   =        16.5055  DIHED      =        12.5494
 1-4 NB =        11.6343  1-4 EEL =      -246.1358  VDWAALS    =      2414.4493
 EELEC  =    -14893.1090  EHBOND  =         0.0000  RESTRAINT  =         7.2092
 EAMBER (non-restraint)  =    -12675.7721
 EKCMT  =         0.0000  VIRIAL  =         0.0000  VOLUME     =     31893.1017
                                                    Density    =         1.0170
 Ewald error estimate:   0.2193E-03
 ------------------------------------------------------------------------------

wrapping first mol.:       11.56504       16.35543       28.32844

 NSTEP =    36000   TIME(PS) =      92.000  TEMP(K) =   288.63  PRESS =     0.0
 Etot   =    -10816.3488  EKtot   =      1864.0691  EPtot      =    -12680.4179
 BOND   =         7.8510  ANGLE   =        16.8853  DIHED      =        13.8096
 1-4 NB =        12.5470  1-4 EEL =      -248.9520  VDWAALS    =      2479.8093
 EELEC  =    -14970.2975  EHBOND  =         0.0000  RESTRAINT  =         7.9294
 EAMBER (non-restraint)  =    -12688.3473
 EKCMT  =         0.0000  VIRIAL  =         0.0000  VOLUME     =     32150.1339
                                                    Density    =         1.0089
 Ewald error estimate:   0.2216E-03
 ------------------------------------------------------------------------------

wrapping first mol.:       11.58417       16.38248       28.37529

 NSTEP =    36500   TIME(PS) =      93.000  TEMP(K) =   304.53  PRESS =     0.0
 Etot   =    -10692.8978  EKtot   =      1966.7986  EPtot      =    -12659.6964
 BOND   =         5.4797  ANGLE   =        20.0172  DIHED      =        13.2067
 1-4 NB =        11.3818  1-4 EEL =      -245.8121  VDWAALS    =      2439.5812
 EELEC  =    -14913.2232  EHBOND  =         0.0000  RESTRAINT  =         9.6723
 EAMBER (non-restraint)  =    -12669.3687
 EKCMT  =         0.0000  VIRIAL  =         0.0000  VOLUME     =     32309.9300
                                                    Density    =         1.0039
 Ewald error estimate:   0.1078E-03
 ------------------------------------------------------------------------------

wrapping first mol.:       11.56487       16.35520       28.32804

 NSTEP =    37000   TIME(PS) =      94.000  TEMP(K) =   305.18  PRESS =     0.0
 Etot   =    -10656.3846  EKtot   =      1970.9514  EPtot      =    -12627.3360
 BOND   =         8.8494  ANGLE   =        19.0709  DIHED      =        14.6628
 1-4 NB =        10.2791  1-4 EEL =      -245.4005  VDWAALS    =      2479.8389
 EELEC  =    -14923.5285  EHBOND  =         0.0000  RESTRAINT  =         8.8919
 EAMBER (non-restraint)  =    -12636.2279
 EKCMT  =         0.0000  VIRIAL  =         0.0000  VOLUME     =     32148.7736
                                                    Density    =         1.0090
 Ewald error estimate:   0.7353E-04
 ------------------------------------------------------------------------------

wrapping first mol.:       11.56352       16.35328       28.32471

 NSTEP =    37500   TIME(PS) =      95.000  TEMP(K) =   299.21  PRESS =     0.0
 Etot   =    -10652.0747  EKtot   =      1932.4333  EPtot      =    -12584.5080
 BOND   =         5.7579  ANGLE   =        13.8117  DIHED      =        10.9031
 1-4 NB =        11.6735  1-4 EEL =      -247.6572  VDWAALS    =      2495.6609
 EELEC  =    -14885.0282  EHBOND  =         0.0000  RESTRAINT  =        10.3702
 EAMBER (non-restraint)  =    -12594.8782
 EKCMT  =         0.0000  VIRIAL  =         0.0000  VOLUME     =     32137.4502
                                                    Density    =         1.0093
 Ewald error estimate:   0.6384E-04
 ------------------------------------------------------------------------------

wrapping first mol.:       11.56352       16.35328       28.32471

 NSTEP =    38000   TIME(PS) =      96.000  TEMP(K) =   293.27  PRESS =     0.0
 Etot   =    -10655.3588  EKtot   =      1894.0338  EPtot      =    -12549.3926
 BOND   =         7.2058  ANGLE   =        16.5098  DIHED      =        13.4001
 1-4 NB =        11.6059  1-4 EEL =      -246.0464  VDWAALS    =      2477.3271
 EELEC  =    -14839.0635  EHBOND  =         0.0000  RESTRAINT  =         9.6686
 EAMBER (non-restraint)  =    -12559.0612
 EKCMT  =         0.0000  VIRIAL  =         0.0000  VOLUME     =     32137.4502
                                                    Density    =         1.0093
 Ewald error estimate:   0.4441E-04
 ------------------------------------------------------------------------------

wrapping first mol.:       11.58331       16.38127       28.37319

 NSTEP =    38500   TIME(PS) =      97.000  TEMP(K) =   303.74  PRESS =     0.0
 Etot   =    -10559.3635  EKtot   =      1961.6766  EPtot      =    -12521.0401
 BOND   =         5.4115  ANGLE   =        19.4845  DIHED      =        12.7708
 1-4 NB =        12.2173  1-4 EEL =      -246.2438  VDWAALS    =      2443.0446
 EELEC  =    -14780.7187  EHBOND  =         0.0000  RESTRAINT  =        12.9936
 EAMBER (non-restraint)  =    -12534.0337
 EKCMT  =         0.0000  VIRIAL  =         0.0000  VOLUME     =     32302.7638
                                                    Density    =         1.0041
 Ewald error estimate:   0.7235E-04
 ------------------------------------------------------------------------------

wrapping first mol.:       11.54520       16.32737       28.27984

 NSTEP =    39000   TIME(PS) =      98.000  TEMP(K) =   293.48  PRESS =     0.0
 Etot   =    -10710.9821  EKtot   =      1895.4002  EPtot      =    -12606.3822
 BOND   =         4.3727  ANGLE   =        18.4112  DIHED      =        11.1606
 1-4 NB =        12.0492  1-4 EEL =      -245.5413  VDWAALS    =      2366.3204
 EELEC  =    -14782.1132  EHBOND  =         0.0000  RESTRAINT  =         8.9581
 EAMBER (non-restraint)  =    -12615.3403
 EKCMT  =         0.0000  VIRIAL  =         0.0000  VOLUME     =     31984.9491
                                                    Density    =         1.0141
 Ewald error estimate:   0.7415E-05
 ------------------------------------------------------------------------------

wrapping first mol.:       11.55591       16.34253       28.30609

 NSTEP =    39500   TIME(PS) =      99.000  TEMP(K) =   297.72  PRESS =     0.0
 Etot   =    -10726.3474  EKtot   =      1922.7767  EPtot      =    -12649.1241
 BOND   =         5.2147  ANGLE   =        17.7926  DIHED      =        14.0292
 1-4 NB =        11.4401  1-4 EEL =      -245.8602  VDWAALS    =      2438.6751
 EELEC  =    -14897.1757  EHBOND  =         0.0000  RESTRAINT  =         6.7601
 EAMBER (non-restraint)  =    -12655.8842
 EKCMT  =         0.0000  VIRIAL  =         0.0000  VOLUME     =     32074.1118
                                                    Density    =         1.0113
 Ewald error estimate:   0.5298E-03
 ------------------------------------------------------------------------------

wrapping first mol.:       11.58092       16.37790       28.36735

 NSTEP =    40000   TIME(PS) =     100.000  TEMP(K) =   296.71  PRESS =     0.0
 Etot   =    -10728.1586  EKtot   =      1916.2654  EPtot      =    -12644.4241
 BOND   =         9.4948  ANGLE   =        14.5338  DIHED      =        14.4630
 1-4 NB =        12.0682  1-4 EEL =      -245.6520  VDWAALS    =      2412.9292
 EELEC  =    -14869.0392  EHBOND  =         0.0000  RESTRAINT  =         6.7782
 EAMBER (non-restraint)  =    -12651.2022
 EKCMT  =         0.0000  VIRIAL  =         0.0000  VOLUME     =     32282.8130
                                                    Density    =         1.0048
 Ewald error estimate:   0.2032E-03
 ------------------------------------------------------------------------------

wrapping first mol.:       11.57182       16.36502       28.34505

 NSTEP =    40500   TIME(PS) =     101.000  TEMP(K) =   297.88  PRESS =     0.0
 Etot   =    -10749.7002  EKtot   =      1923.7982  EPtot      =    -12673.4984
 BOND   =         6.2584  ANGLE   =        19.5270  DIHED      =        12.0971
 1-4 NB =        10.0112  1-4 EEL =      -244.6915  VDWAALS    =      2395.0222
 EELEC  =    -14880.4839  EHBOND  =         0.0000  RESTRAINT  =         8.7609
 EAMBER (non-restraint)  =    -12682.2593
 EKCMT  =         0.0000  VIRIAL  =         0.0000  VOLUME     =     32206.7171
                                                    Density    =         1.0071
 Ewald error estimate:   0.1519E-04
 ------------------------------------------------------------------------------

wrapping first mol.:       11.56288       16.35238       28.32315

 NSTEP =    41000   TIME(PS) =     102.000  TEMP(K) =   292.14  PRESS =     0.0
 Etot   =    -10852.4715  EKtot   =      1886.7168  EPtot      =    -12739.1883
 BOND   =         5.4110  ANGLE   =        16.9738  DIHED      =        13.1098
 1-4 NB =        14.0509  1-4 EEL =      -246.8325  VDWAALS    =      2491.5312
 EELEC  =    -15043.3599  EHBOND  =         0.0000  RESTRAINT  =         9.9273
 EAMBER (non-restraint)  =    -12749.1156
 EKCMT  =         0.0000  VIRIAL  =         0.0000  VOLUME     =     32132.1524
                                                    Density    =         1.0095
 Ewald error estimate:   0.5200E-03
 ------------------------------------------------------------------------------

wrapping first mol.:       11.57371       16.36770       28.34968

 NSTEP =    41500   TIME(PS) =     103.000  TEMP(K) =   305.55  PRESS =     0.0
 Etot   =    -10772.8019  EKtot   =      1973.3272  EPtot      =    -12746.1291
 BOND   =         5.7396  ANGLE   =        16.6833  DIHED      =        12.9995
 1-4 NB =        10.7601  1-4 EEL =      -246.4408  VDWAALS    =      2546.6720
 EELEC  =    -15098.9882  EHBOND  =         0.0000  RESTRAINT  =         6.4454
 EAMBER (non-restraint)  =    -12752.5745
 EKCMT  =         0.0000  VIRIAL  =         0.0000  VOLUME     =     32222.5101
                                                    Density    =         1.0066
 Ewald error estimate:   0.1203E-03
 ------------------------------------------------------------------------------

wrapping first mol.:       11.53906       16.31869       28.26480

 NSTEP =    42000   TIME(PS) =     104.000  TEMP(K) =   299.64  PRESS =     0.0
 Etot   =    -10703.9194  EKtot   =      1935.1788  EPtot      =    -12639.0981
 BOND   =         9.0479  ANGLE   =        11.8738  DIHED      =        14.2547
 1-4 NB =        11.5021  1-4 EEL =      -247.3180  VDWAALS    =      2506.5713
 EELEC  =    -14953.8700  EHBOND  =         0.0000  RESTRAINT  =         8.8401
 EAMBER (non-restraint)  =    -12647.9382
 EKCMT  =         0.0000  VIRIAL  =         0.0000  VOLUME     =     31933.9532
                                                    Density    =         1.0157
 Ewald error estimate:   0.2807E-05
 ------------------------------------------------------------------------------

wrapping first mol.:       11.57094       16.36378       28.34290

 NSTEP =    42500   TIME(PS) =     105.000  TEMP(K) =   298.91  PRESS =     0.0
 Etot   =    -10614.3373  EKtot   =      1930.4650  EPtot      =    -12544.8022
 BOND   =         5.4677  ANGLE   =        17.8078  DIHED      =        11.2764
 1-4 NB =        12.0559  1-4 EEL =      -247.9906  VDWAALS    =      2348.2923
 EELEC  =    -14702.9524  EHBOND  =         0.0000  RESTRAINT  =        11.2407
 EAMBER (non-restraint)  =    -12556.0429
 EKCMT  =         0.0000  VIRIAL  =         0.0000  VOLUME     =     32199.4007
                                                    Density    =         1.0074
 Ewald error estimate:   0.4168E-04
 ------------------------------------------------------------------------------

wrapping first mol.:       11.55403       16.33987       28.30148

 NSTEP =    43000   TIME(PS) =     106.000  TEMP(K) =   291.37  PRESS =     0.0
 Etot   =    -10671.4984  EKtot   =      1881.8042  EPtot      =    -12553.3025
 BOND   =         8.4935  ANGLE   =        15.5464  DIHED      =        13.2332
 1-4 NB =        10.7790  1-4 EEL =      -242.8882  VDWAALS    =      2468.0144
 EELEC  =    -14833.4781  EHBOND  =         0.0000  RESTRAINT  =         6.9974
 EAMBER (non-restraint)  =    -12560.2999
 EKCMT  =         0.0000  VIRIAL  =         0.0000  VOLUME     =     32058.4472
                                                    Density    =         1.0118
 Ewald error estimate:   0.4278E-03
 ------------------------------------------------------------------------------

wrapping first mol.:       11.54460       16.32653       28.27838

 NSTEP =    43500   TIME(PS) =     107.000  TEMP(K) =   308.32  PRESS =     0.0
 Etot   =    -10652.2569  EKtot   =      1991.2454  EPtot      =    -12643.5023
 BOND   =         9.3614  ANGLE   =        11.4140  DIHED      =        13.0921
 1-4 NB =        10.6421  1-4 EEL =      -246.0599  VDWAALS    =      2530.2103
 EELEC  =    -14979.4161  EHBOND  =         0.0000  RESTRAINT  =         7.2539
 EAMBER (non-restraint)  =    -12650.7561
 EKCMT  =         0.0000  VIRIAL  =         0.0000  VOLUME     =     31979.9929
                                                    Density    =         1.0143
 Ewald error estimate:   0.1725E-03
 ------------------------------------------------------------------------------

wrapping first mol.:       11.54469       16.32665       28.27859

 NSTEP =    44000   TIME(PS) =     108.000  TEMP(K) =   302.73  PRESS =     0.0
 Etot   =    -10755.1043  EKtot   =      1955.1181  EPtot      =    -12710.2224
 BOND   =         6.4906  ANGLE   =        13.1030  DIHED      =        10.7965
 1-4 NB =        10.2639  1-4 EEL =      -243.6319  VDWAALS    =      2461.8446
 EELEC  =    -14976.5254  EHBOND  =         0.0000  RESTRAINT  =         7.4362
 EAMBER (non-restraint)  =    -12717.6586
 EKCMT  =         0.0000  VIRIAL  =         0.0000  VOLUME     =     31980.7277
                                                    Density    =         1.0143
 Ewald error estimate:   0.2908E-03
 ------------------------------------------------------------------------------

wrapping first mol.:       11.57325       16.36705       28.34855

 NSTEP =    44500   TIME(PS) =     109.000  TEMP(K) =   291.03  PRESS =     0.0
 Etot   =    -10778.3942  EKtot   =      1879.5535  EPtot      =    -12657.9477
 BOND   =         5.3086  ANGLE   =        15.3192  DIHED      =        12.7174
 1-4 NB =        13.3670  1-4 EEL =      -246.2179  VDWAALS    =      2508.5633
 EELEC  =    -14977.4883  EHBOND  =         0.0000  RESTRAINT  =        10.4830
 EAMBER (non-restraint)  =    -12668.4307
 EKCMT  =         0.0000  VIRIAL  =         0.0000  VOLUME     =     32218.6761
                                                    Density    =         1.0068
 Ewald error estimate:   0.1495E-03
 ------------------------------------------------------------------------------

wrapping first mol.:       11.59205       16.39364       28.39461

 NSTEP =    45000   TIME(PS) =     110.000  TEMP(K) =   300.39  PRESS =     0.0
 Etot   =    -10691.7041  EKtot   =      1940.0370  EPtot      =    -12631.7411
 BOND   =         4.5469  ANGLE   =        16.3348  DIHED      =        17.8680
 1-4 NB =        12.3602  1-4 EEL =      -247.3535  VDWAALS    =      2474.7691
 EELEC  =    -14921.9612  EHBOND  =         0.0000  RESTRAINT  =        11.6945
 EAMBER (non-restraint)  =    -12643.4356
 EKCMT  =         0.0000  VIRIAL  =         0.0000  VOLUME     =     32375.9788
                                                    Density    =         1.0019
 Ewald error estimate:   0.3697E-03
 ------------------------------------------------------------------------------

wrapping first mol.:       11.57189       16.36512       28.34521

 NSTEP =    45500   TIME(PS) =     111.000  TEMP(K) =   295.87  PRESS =     0.0
 Etot   =    -10669.8320  EKtot   =      1910.8106  EPtot      =    -12580.6426
 BOND   =         5.7952  ANGLE   =        18.9969  DIHED      =        14.1094
 1-4 NB =        11.6811  1-4 EEL =      -245.5114  VDWAALS    =      2477.0411
 EELEC  =    -14872.4442  EHBOND  =         0.0000  RESTRAINT  =         9.6890
 EAMBER (non-restraint)  =    -12590.3317
 EKCMT  =         0.0000  VIRIAL  =         0.0000  VOLUME     =     32207.2895
                                                    Density    =         1.0071
 Ewald error estimate:   0.2155E-03
 ------------------------------------------------------------------------------

wrapping first mol.:       11.57659       16.37177       28.35673

 NSTEP =    46000   TIME(PS) =     112.000  TEMP(K) =   301.82  PRESS =     0.0
 Etot   =    -10725.1521  EKtot   =      1949.2885  EPtot      =    -12674.4406
 BOND   =         7.7443  ANGLE   =        19.3376  DIHED      =        15.3916
 1-4 NB =        12.4684  1-4 EEL =      -246.6078  VDWAALS    =      2519.5100
 EELEC  =    -15009.4435  EHBOND  =         0.0000  RESTRAINT  =         7.1590
 EAMBER (non-restraint)  =    -12681.5996
 EKCMT  =         0.0000  VIRIAL  =         0.0000  VOLUME     =     32246.5718
                                                    Density    =         1.0059
 Ewald error estimate:   0.2786E-03
 ------------------------------------------------------------------------------

wrapping first mol.:       11.55663       16.34355       28.30785

 NSTEP =    46500   TIME(PS) =     113.000  TEMP(K) =   296.13  PRESS =     0.0
 Etot   =    -10760.2142  EKtot   =      1912.5018  EPtot      =    -12672.7160
 BOND   =         8.7404  ANGLE   =        19.5952  DIHED      =        15.9451
 1-4 NB =        12.5599  1-4 EEL =      -247.1817  VDWAALS    =      2475.1912
 EELEC  =    -14965.3469  EHBOND  =         0.0000  RESTRAINT  =         7.7808
 EAMBER (non-restraint)  =    -12680.4968
 EKCMT  =         0.0000  VIRIAL  =         0.0000  VOLUME     =     32080.0904
                                                    Density    =         1.0111
 Ewald error estimate:   0.3954E-04
 ------------------------------------------------------------------------------

wrapping first mol.:       11.52885       16.30426       28.23980

 NSTEP =    47000   TIME(PS) =     114.000  TEMP(K) =   301.63  PRESS =     0.0
 Etot   =    -10708.7252  EKtot   =      1948.0463  EPtot      =    -12656.7715
 BOND   =         6.6386  ANGLE   =        12.1829  DIHED      =        11.9798
 1-4 NB =        11.3266  1-4 EEL =      -246.8851  VDWAALS    =      2497.7842
 EELEC  =    -14956.9447  EHBOND  =         0.0000  RESTRAINT  =         7.1460
 EAMBER (non-restraint)  =    -12663.9176
 EKCMT  =         0.0000  VIRIAL  =         0.0000  VOLUME     =     31849.2861
                                                    Density    =         1.0184
 Ewald error estimate:   0.2987E-03
 ------------------------------------------------------------------------------

wrapping first mol.:       11.54154       16.32221       28.27089

 NSTEP =    47500   TIME(PS) =     115.000  TEMP(K) =   293.78  PRESS =     0.0
 Etot   =    -10613.3997  EKtot   =      1897.3720  EPtot      =    -12510.7717
 BOND   =        11.5368  ANGLE   =        14.9371  DIHED      =        12.7404
 1-4 NB =        11.6806  1-4 EEL =      -246.0374  VDWAALS    =      2385.9590
 EELEC  =    -14713.8304  EHBOND  =         0.0000  RESTRAINT  =        12.2422
 EAMBER (non-restraint)  =    -12523.0140
 EKCMT  =         0.0000  VIRIAL  =         0.0000  VOLUME     =     31954.6097
                                                    Density    =         1.0151
 Ewald error estimate:   0.1347E-04
 ------------------------------------------------------------------------------

wrapping first mol.:       11.54550       16.32781       28.28059

 NSTEP =    48000   TIME(PS) =     116.000  TEMP(K) =   309.46  PRESS =     0.0
 Etot   =    -10662.8547  EKtot   =      1998.6113  EPtot      =    -12661.4660
 BOND   =         8.9048  ANGLE   =        16.7643  DIHED      =        13.4844
 1-4 NB =        11.0666  1-4 EEL =      -247.3081  VDWAALS    =      2518.0331
 EELEC  =    -14989.5884  EHBOND  =         0.0000  RESTRAINT  =         7.1773
 EAMBER (non-restraint)  =    -12668.6433
 EKCMT  =         0.0000  VIRIAL  =         0.0000  VOLUME     =     31987.4951
                                                    Density    =         1.0140
 Ewald error estimate:   0.2189E-03
 ------------------------------------------------------------------------------

wrapping first mol.:       11.51458       16.28407       28.20483

 NSTEP =    48500   TIME(PS) =     117.000  TEMP(K) =   299.38  PRESS =     0.0
 Etot   =    -10789.0847  EKtot   =      1933.5297  EPtot      =    -12722.6144
 BOND   =         9.5374  ANGLE   =        15.6122  DIHED      =        13.5501
 1-4 NB =        10.7818  1-4 EEL =      -245.8671  VDWAALS    =      2568.8799
 EELEC  =    -15104.0885  EHBOND  =         0.0000  RESTRAINT  =         8.9796
 EAMBER (non-restraint)  =    -12731.5941
 EKCMT  =         0.0000  VIRIAL  =         0.0000  VOLUME     =     31731.1368
                                                    Density    =         1.0222
 Ewald error estimate:   0.7406E-04
 ------------------------------------------------------------------------------

wrapping first mol.:       11.54639       16.32907       28.28277

 NSTEP =    49000   TIME(PS) =     118.000  TEMP(K) =   299.58  PRESS =     0.0
 Etot   =    -10705.3985  EKtot   =      1934.8094  EPtot      =    -12640.2080
 BOND   =         9.0105  ANGLE   =        14.7706  DIHED      =        12.4340
 1-4 NB =        12.3435  1-4 EEL =      -246.8355  VDWAALS    =      2465.8209
 EELEC  =    -14916.1238  EHBOND  =         0.0000  RESTRAINT  =         8.3718
 EAMBER (non-restraint)  =    -12648.5798
 EKCMT  =         0.0000  VIRIAL  =         0.0000  VOLUME     =     31994.9051
                                                    Density    =         1.0138
 Ewald error estimate:   0.7585E-04
 ------------------------------------------------------------------------------

wrapping first mol.:       11.52908       16.30459       28.24037

 NSTEP =    49500   TIME(PS) =     119.000  TEMP(K) =   296.51  PRESS =     0.0
 Etot   =    -10730.9869  EKtot   =      1914.9963  EPtot      =    -12645.9832
 BOND   =         8.4526  ANGLE   =        14.2323  DIHED      =        13.6253
 1-4 NB =         9.9090  1-4 EEL =      -244.7988  VDWAALS    =      2522.5392
 EELEC  =    -14979.4174  EHBOND  =         0.0000  RESTRAINT  =         9.4746
 EAMBER (non-restraint)  =    -12655.4578
 EKCMT  =         0.0000  VIRIAL  =         0.0000  VOLUME     =     31851.2219
                                                    Density    =         1.0184
 Ewald error estimate:   0.2106E-03
 ------------------------------------------------------------------------------

wrapping first mol.:       11.51319       16.28211       28.20144
wrapping first mol.:       11.51319       16.28211       28.20144

 NSTEP =    50000   TIME(PS) =     120.000  TEMP(K) =   294.48  PRESS =     0.0
 Etot   =    -10752.9120  EKtot   =      1901.8462  EPtot      =    -12654.7582
 BOND   =         7.2727  ANGLE   =        16.2015  DIHED      =        12.8043
 1-4 NB =        11.9346  1-4 EEL =      -245.9338  VDWAALS    =      2441.6726
 EELEC  =    -14906.7686  EHBOND  =         0.0000  RESTRAINT  =         8.0585
 EAMBER (non-restraint)  =    -12662.8167
 EKCMT  =         0.0000  VIRIAL  =         0.0000  VOLUME     =     31719.6839
                                                    Density    =         1.0226
 Ewald error estimate:   0.1016E-03
 ------------------------------------------------------------------------------


      A V E R A G E S   O V E R     100 S T E P S


 NSTEP =    50000   TIME(PS) =     120.000  TEMP(K) =   298.31  PRESS =     0.0
 Etot   =    -10704.9146  EKtot   =      1926.5952  EPtot      =    -12631.5098
 BOND   =         7.5796  ANGLE   =        16.3869  DIHED      =        13.3751
 1-4 NB =        11.6641  1-4 EEL =      -246.3546  VDWAALS    =      2478.7085
 EELEC  =    -14921.5518  EHBOND  =         0.0000  RESTRAINT  =         8.6825
 EAMBER (non-restraint)  =    -12640.1922
 EKCMT  =         0.0000  VIRIAL  =         0.0000  VOLUME     =     32234.3584
                                                    Density    =         1.0068
 Ewald error estimate:   0.2024E-03
 ------------------------------------------------------------------------------


      R M S  F L U C T U A T I O N S


 NSTEP =    50000   TIME(PS) =     120.000  TEMP(K) =     5.45  PRESS =     0.0
 Etot   =        76.9500  EKtot   =        35.1878  EPtot      =        70.3837
 BOND   =         2.1512  ANGLE   =         2.8000  DIHED      =         1.4908
 1-4 NB =         0.9732  1-4 EEL =         1.4695  VDWAALS    =        55.0043
 EELEC  =       103.8713  EHBOND  =         0.0000  RESTRAINT  =         1.7012
 EAMBER (non-restraint)  =        68.6826
 EKCMT  =         0.0000  VIRIAL  =         0.0000  VOLUME     =       749.0772
                                                    Density    =         0.0219
 Ewald error estimate:   0.1395E-03
 ------------------------------------------------------------------------------

| MC Barostat:        500 volume changes attempted.
| MC Barostat:        239 changes successful ( 47.80%)
 ------------------------------------------------------------------------------

--------------------------------------------------------------------------------
   5.  TIMINGS
--------------------------------------------------------------------------------

|  NonSetup CPU Time in Major Routines, Average for All Tasks:
|
|     Routine           Sec        %
|     ------------------------------
|     DataDistrib       9.63    9.26
|     Nonbond          88.79   85.44
|     Bond              0.14    0.13
|     Angle             0.16    0.15
|     Dihedral          0.21    0.20
|     Shake             0.61    0.58
|     RunMD             4.21    4.05
|     Other             0.19    0.18
|     ------------------------------
|     Total           103.92

|  PME Nonbond Pairlist CPU Time, Average for All Tasks:
|
|     Routine              Sec        %
|     ---------------------------------
|     Set Up Cit           0.29    0.27
|     Build List          10.53   10.14
|     ---------------------------------
|     Total               10.82   10.41

|  PME Direct Force CPU Time, Average for All Tasks:
|
|     Routine              Sec        %
|     ---------------------------------
|     NonBonded Calc      61.39   59.07
|     Exclude Masked       0.68    0.65
|     Other                2.37    2.29
|     ---------------------------------
|     Total               64.44   62.01

|  PME Reciprocal Force CPU Time, Average for All Tasks:
|
|     Routine              Sec        %
|     ---------------------------------
|     1D bspline           1.11    1.07
|     Grid Charges         1.22    1.18
|     Scalar Sum           1.18    1.13
|     Gradient Sum         2.13    2.05
|     FFT                  7.58    7.30
|     ---------------------------------
|     Total               13.23   12.73

|  PME Load Balancing CPU Time, Average for All Tasks:
|
|     Routine                 Sec        %
|     ------------------------------------
|     Atom Reassign           0.00    0.00
|     Image Reassign          0.01    0.01
|     FFT Reassign            0.00    0.00
|     ------------------------------------
|     Total                   0.01    0.01

|  Final Performance Info:
|     -----------------------------------------------------
|     Average timings for last   20500 steps:
|     Elapsed(s) =      42.93 Per Step(ms) =       2.09
|         ns/day =      82.51   seconds/ns =    1047.14
|
|     Average timings for all steps:
|     Elapsed(s) =     104.03 Per Step(ms) =       2.08
|         ns/day =      83.05   seconds/ns =    1040.32
|     -----------------------------------------------------

|  Master Setup CPU time:            0.03 seconds
|  Master NonSetup CPU time:       103.54 seconds
|  Master Total CPU time:          103.58 seconds     0.03 hours

|  Master Setup wall time:           0    seconds
|  Master NonSetup wall time:      104    seconds
|  Master Total wall time:         104    seconds     0.03 hours
