
          -------------------------------------------------------
          Amber 18 PMEMD                              2018
          -------------------------------------------------------

| PMEMD implementation of SANDER, Release 18

| Run on 04/21/2022 at 16:39:48

|   Executable path: pmemd.MPI
| Working directory: /bgfs/lchong/dty7/ff15ipq-lig/charges/gaff_00
|          Hostname: smp-n123

  [-O]verwriting output

File Assignments:
|   MDIN: ../amber/3_eq1.in                                                     
|  MDOUT: 3_eq1.out                                                             
| INPCRD: 2_min.rst                                                             
|   PARM: mon.top                                                               
| RESTRT: 3_eq1.rst                                                             
|   REFC: refc                                                                  
|  MDVEL: mdvel                                                                 
|   MDEN: mden                                                                  
|  MDCRD: mdcrd                                                                 
| MDINFO: mdinfo                                                                
|LOGFILE: logfile                                                               
|  MDFRC: mdfrc                                                                 

 
 Here is the input file:
 
&cntrl                                                                         
  imin      = 0,                                                               
  irest     = 0,                                                               
  ntx       = 1,                                                               
  ig        = -1,                                                              
  dt        = 0.002,                                                           
  nstlim    = 10000,                                                           
  nscm      = 500,                                                             
  ntr       = 0,                                                               
  ntb       = 1,                                                               
  ntp       = 0,                                                               
  ntt       = 3,                                                               
  tempi     = 450.0,                                                           
  temp0     = 450.0,                                                           
  gamma_ln  = 1.0,                                                             
  ntf       = 2,                                                               
  ntc       = 2,                                                               
  cut       = 10.0,                                                            
  ntpr      = 500,                                                             
  ntxo      = 2,                                                               
  ntwr      = 10000,                                                           
  ioutfm    = 1,                                                               
  ntwx      = 500,                                                             
  iwrap     = 1,                                                               
&end                                                                           


Note: ig = -1. Setting random seed to   918508 based on wallclock time in
      microseconds and disabling the synchronization of random numbers 
      between tasks to improve performance.
| irandom = 1, using AMBER's internal random number generator (default).
 
 
| Conditional Compilation Defines Used:
| MPI
| FFTW_FFT
| BINTRAJ
| MKL
| EMIL
 
| Largest sphere to fit in unit cell has radius =    15.105

| New format PARM file being parsed.
| Version =    1.000 Date = 04/21/22 Time = 16:39:25

| Note: 1-4 EEL scale factors are being read from the topology file.

| Note: 1-4 VDW scale factors are being read from the topology file.
| Duplicated    0 dihedrals

| Duplicated    0 dihedrals

--------------------------------------------------------------------------------
   1.  RESOURCE   USE: 
--------------------------------------------------------------------------------

 getting box info from netcdf restart file
 NATOM  =    3240 NTYPES =      13 NBONH =    3220 MBONA  =      21
 NTHETH =      33 MTHETA =      29 NPHIH =      60 MPHIA  =      45
 NHPARM =       0 NPARM  =       0 NNB   =    4456 NRES   =    1069
 NBONA  =      21 NTHETA =      29 NPHIA =      45 NUMBND =      22
 NUMANG =      35 NPTRA  =      18 NATYP =      17 NPHB   =       0
 IFBOX  =       2 NMXRS  =      36 IFCAP =       0 NEXTRA =       0
 NCOPY  =       0

| Coordinate Index Table dimensions:     5    5    5
| Direct force subcell size =     7.4000    7.4000    7.4000

     BOX TYPE: TRUNCATED OCTAHEDRON

--------------------------------------------------------------------------------
   2.  CONTROL  DATA  FOR  THE  RUN
--------------------------------------------------------------------------------

MON                                                                             

General flags:
     imin    =       0, nmropt  =       0

Nature and format of input:
     ntx     =       1, irest   =       0, ntrx    =       1

Nature and format of output:
     ntxo    =       2, ntpr    =     500, ntrx    =       1, ntwr    =   10000
     iwrap   =       1, ntwx    =     500, ntwv    =       0, ntwe    =       0
     ioutfm  =       1, ntwprt  =       0, idecomp =       0, rbornstat=      0

Potential function:
     ntf     =       2, ntb     =       1, igb     =       0, nsnb    =      25
     ipol    =       0, gbsa    =       0, iesp    =       0
     dielc   =   1.00000, cut     =  10.00000, intdiel =   1.00000

Frozen or restrained atoms:
     ibelly  =       0, ntr     =       0

Molecular dynamics:
     nstlim  =     10000, nscm    =       500, nrespa  =         1
     t       =   0.00000, dt      =   0.00200, vlimit  =  20.00000

Langevin dynamics temperature regulation:
     ig      =  918508
     temp0   = 450.00000, tempi   = 450.00000, gamma_ln=   1.00000

SHAKE:
     ntc     =       2, jfastw  =       0
     tol     =   0.00001

| Intermolecular bonds treatment:
|     no_intermolecular_bonds =       1

| Energy averages sample interval:
|     ene_avg_sampling =     500

Ewald parameters:
     verbose =       0, ew_type =       0, nbflag  =       1, use_pme =       1
     vdwmeth =       1, eedmeth =       1, netfrc  =       1
     Box X =   37.000   Box Y =   37.000   Box Z =   37.000
     Alpha =  109.471   Beta  =  109.471   Gamma =  109.471
     NFFT1 =   40       NFFT2 =   40       NFFT3 =   40
     Cutoff=   10.000   Tol   =0.100E-04
     Ewald Coefficient =  0.27511
     Interpolation order =    4

| PMEMD ewald parallel performance parameters:
|     block_fft =    0
|     fft_blk_y_divisor =    4
|     excl_recip =    0
|     excl_master =    0
|     atm_redist_freq =  320

--------------------------------------------------------------------------------
   3.  ATOMIC COORDINATES AND VELOCITIES
--------------------------------------------------------------------------------

MON                                                                             
 begin time read from input coords =     0.000 ps

 
 Number of triangulated 3-point waters found:     1068

     Sum of charges from parm topology file =  -0.00200217
     Forcing neutrality...

| Dynamic Memory, Types Used:
| Reals              882659
| Integers           205682

| Nonbonded Pairs Initial Allocation:      126942

| Running AMBER/MPI version on   20 MPI task

 
--------------------------------------------------------------------------------
   4.  RESULTS
--------------------------------------------------------------------------------

 ---------------------------------------------------
 APPROXIMATING switch and d/dx switch using CUBIC SPLINE INTERPOLATION
 using   5000.0 points per unit in tabled values
 TESTING RELATIVE ERROR over r ranging from 0.0 to cutoff
| CHECK switch(x): max rel err =   0.3316E-14   at   2.351880
| CHECK d/dx switch(x): max rel err =   0.8066E-11   at   2.747240
 ---------------------------------------------------
|---------------------------------------------------
| APPROXIMATING direct energy using CUBIC SPLINE INTERPOLATION
|  with   50.0 points per unit in tabled values
| Relative Error Limit not exceeded for r .gt.   2.34
| APPROXIMATING direct force using CUBIC SPLINE INTERPOLATION
|  with   50.0 points per unit in tabled values
| Relative Error Limit not exceeded for r .gt.   2.81
|---------------------------------------------------

 NSTEP =        0   TIME(PS) =       0.000  TEMP(K) =   678.91  PRESS =     0.0
 Etot   =    -13001.4898  EKtot   =      4384.6374  EPtot      =    -17386.1272
 BOND   =         0.6254  ANGLE   =         3.6532  DIHED      =         7.6943
 1-4 NB =         9.9800  1-4 EEL =      -247.2524  VDWAALS    =      3949.5365
 EELEC  =    -21110.3642  EHBOND  =         0.0000  RESTRAINT  =         0.0000
 Ewald error estimate:   0.3202E-03
 ------------------------------------------------------------------------------

wrapping first mol.:      -37.00014        0.00000        0.00000

 NSTEP =      500   TIME(PS) =       1.000  TEMP(K) =   338.63  PRESS =     0.0
 Etot   =     -9377.1968  EKtot   =      2186.9804  EPtot      =    -11564.1772
 BOND   =         8.3956  ANGLE   =        20.9101  DIHED      =        14.9008
 1-4 NB =        10.5641  1-4 EEL =      -246.0233  VDWAALS    =      2043.5023
 EELEC  =    -13416.4269  EHBOND  =         0.0000  RESTRAINT  =         0.0000
 Ewald error estimate:   0.1045E-03
 ------------------------------------------------------------------------------


 NSTEP =     1000   TIME(PS) =       2.000  TEMP(K) =   387.51  PRESS =     0.0
 Etot   =     -8319.8698  EKtot   =      2502.7089  EPtot      =    -10822.5787
 BOND   =         3.9873  ANGLE   =        15.9204  DIHED      =        18.2789
 1-4 NB =        13.8702  1-4 EEL =      -253.2476  VDWAALS    =      1766.6804
 EELEC  =    -12388.0684  EHBOND  =         0.0000  RESTRAINT  =         0.0000
 Ewald error estimate:   0.1366E-04
 ------------------------------------------------------------------------------


 NSTEP =     1500   TIME(PS) =       3.000  TEMP(K) =   414.10  PRESS =     0.0
 Etot   =     -7791.8478  EKtot   =      2674.4409  EPtot      =    -10466.2888
 BOND   =        17.1678  ANGLE   =        32.1151  DIHED      =        22.4804
 1-4 NB =        12.4341  1-4 EEL =      -249.4202  VDWAALS    =      1810.7651
 EELEC  =    -12111.8310  EHBOND  =         0.0000  RESTRAINT  =         0.0000
 Ewald error estimate:   0.1693E-04
 ------------------------------------------------------------------------------


 NSTEP =     2000   TIME(PS) =       4.000  TEMP(K) =   429.29  PRESS =     0.0
 Etot   =     -7486.5351  EKtot   =      2772.5452  EPtot      =    -10259.0803
 BOND   =         6.9769  ANGLE   =        21.8366  DIHED      =        15.0615
 1-4 NB =        11.8193  1-4 EEL =      -246.8099  VDWAALS    =      1691.1348
 EELEC  =    -11759.0994  EHBOND  =         0.0000  RESTRAINT  =         0.0000
 Ewald error estimate:   0.3972E-03
 ------------------------------------------------------------------------------


 NSTEP =     2500   TIME(PS) =       5.000  TEMP(K) =   441.44  PRESS =     0.0
 Etot   =     -7339.3768  EKtot   =      2850.9652  EPtot      =    -10190.3420
 BOND   =        11.4377  ANGLE   =        25.5326  DIHED      =        22.9833
 1-4 NB =        12.2954  1-4 EEL =      -243.9489  VDWAALS    =      1566.5161
 EELEC  =    -11585.1583  EHBOND  =         0.0000  RESTRAINT  =         0.0000
 Ewald error estimate:   0.8928E-04
 ------------------------------------------------------------------------------


 NSTEP =     3000   TIME(PS) =       6.000  TEMP(K) =   447.19  PRESS =     0.0
 Etot   =     -7354.4255  EKtot   =      2888.1074  EPtot      =    -10242.5329
 BOND   =         9.0405  ANGLE   =        16.0142  DIHED      =        22.9828
 1-4 NB =         8.8765  1-4 EEL =      -244.5427  VDWAALS    =      1640.8812
 EELEC  =    -11695.7853  EHBOND  =         0.0000  RESTRAINT  =         0.0000
 Ewald error estimate:   0.3431E-03
 ------------------------------------------------------------------------------


 NSTEP =     3500   TIME(PS) =       7.000  TEMP(K) =   452.59  PRESS =     0.0
 Etot   =     -7184.0141  EKtot   =      2922.9908  EPtot      =    -10107.0049
 BOND   =         5.6281  ANGLE   =        21.9020  DIHED      =        19.0794
 1-4 NB =        15.0533  1-4 EEL =      -250.4244  VDWAALS    =      1674.1571
 EELEC  =    -11592.4005  EHBOND  =         0.0000  RESTRAINT  =         0.0000
 Ewald error estimate:   0.1510E-03
 ------------------------------------------------------------------------------


 NSTEP =     4000   TIME(PS) =       8.000  TEMP(K) =   453.90  PRESS =     0.0
 Etot   =     -7218.7468  EKtot   =      2931.4541  EPtot      =    -10150.2010
 BOND   =         8.4015  ANGLE   =        20.2031  DIHED      =        14.5240
 1-4 NB =        10.4778  1-4 EEL =      -242.9267  VDWAALS    =      1657.2951
 EELEC  =    -11618.1757  EHBOND  =         0.0000  RESTRAINT  =         0.0000
 Ewald error estimate:   0.3135E-03
 ------------------------------------------------------------------------------


 NSTEP =     4500   TIME(PS) =       9.000  TEMP(K) =   449.89  PRESS =     0.0
 Etot   =     -7194.7240  EKtot   =      2905.5685  EPtot      =    -10100.2924
 BOND   =        12.4774  ANGLE   =        19.6985  DIHED      =        12.8547
 1-4 NB =        12.3993  1-4 EEL =      -244.3519  VDWAALS    =      1751.0445
 EELEC  =    -11664.4150  EHBOND  =         0.0000  RESTRAINT  =         0.0000
 Ewald error estimate:   0.2282E-03
 ------------------------------------------------------------------------------


 NSTEP =     5000   TIME(PS) =      10.000  TEMP(K) =   448.43  PRESS =     0.0
 Etot   =     -7197.8267  EKtot   =      2896.0992  EPtot      =    -10093.9259
 BOND   =         8.5799  ANGLE   =        25.3689  DIHED      =        12.8767
 1-4 NB =        10.4608  1-4 EEL =      -244.0791  VDWAALS    =      1521.9305
 EELEC  =    -11429.0635  EHBOND  =         0.0000  RESTRAINT  =         0.0000
 Ewald error estimate:   0.5659E-03
 ------------------------------------------------------------------------------


 NSTEP =     5500   TIME(PS) =      11.000  TEMP(K) =   450.77  PRESS =     0.0
 Etot   =     -7192.3153  EKtot   =      2911.2595  EPtot      =    -10103.5748
 BOND   =         7.3475  ANGLE   =        13.6414  DIHED      =        18.7914
 1-4 NB =        14.0695  1-4 EEL =      -247.1451  VDWAALS    =      1715.6753
 EELEC  =    -11625.9548  EHBOND  =         0.0000  RESTRAINT  =         0.0000
 Ewald error estimate:   0.1741E-03
 ------------------------------------------------------------------------------


 NSTEP =     6000   TIME(PS) =      12.000  TEMP(K) =   453.69  PRESS =     0.0
 Etot   =     -7137.9570  EKtot   =      2930.1000  EPtot      =    -10068.0570
 BOND   =        12.2489  ANGLE   =        30.4667  DIHED      =        16.9131
 1-4 NB =        10.7026  1-4 EEL =      -245.9904  VDWAALS    =      1638.9935
 EELEC  =    -11531.3914  EHBOND  =         0.0000  RESTRAINT  =         0.0000
 Ewald error estimate:   0.1105E-03
 ------------------------------------------------------------------------------


 NSTEP =     6500   TIME(PS) =      13.000  TEMP(K) =   464.08  PRESS =     0.0
 Etot   =     -7164.9146  EKtot   =      2997.1986  EPtot      =    -10162.1132
 BOND   =        16.3254  ANGLE   =        24.1445  DIHED      =        22.2537
 1-4 NB =        14.2246  1-4 EEL =      -250.3886  VDWAALS    =      1754.8489
 EELEC  =    -11743.5217  EHBOND  =         0.0000  RESTRAINT  =         0.0000
 Ewald error estimate:   0.6282E-03
 ------------------------------------------------------------------------------


 NSTEP =     7000   TIME(PS) =      14.000  TEMP(K) =   460.86  PRESS =     0.0
 Etot   =     -7160.7369  EKtot   =      2976.4055  EPtot      =    -10137.1424
 BOND   =        10.8021  ANGLE   =        24.8403  DIHED      =        21.8249
 1-4 NB =         9.3278  1-4 EEL =      -244.7286  VDWAALS    =      1705.6055
 EELEC  =    -11664.8144  EHBOND  =         0.0000  RESTRAINT  =         0.0000
 Ewald error estimate:   0.4643E-03
 ------------------------------------------------------------------------------


 NSTEP =     7500   TIME(PS) =      15.000  TEMP(K) =   453.69  PRESS =     0.0
 Etot   =     -7166.9479  EKtot   =      2930.0949  EPtot      =    -10097.0429
 BOND   =        10.1535  ANGLE   =        25.9732  DIHED      =        22.5312
 1-4 NB =        12.2199  1-4 EEL =      -248.4770  VDWAALS    =      1593.7181
 EELEC  =    -11513.1618  EHBOND  =         0.0000  RESTRAINT  =         0.0000
 Ewald error estimate:   0.1086E-03
 ------------------------------------------------------------------------------


 NSTEP =     8000   TIME(PS) =      16.000  TEMP(K) =   452.46  PRESS =     0.0
 Etot   =     -7094.7145  EKtot   =      2922.1629  EPtot      =    -10016.8774
 BOND   =        13.4096  ANGLE   =        26.4157  DIHED      =        15.2271
 1-4 NB =         9.4860  1-4 EEL =      -245.8360  VDWAALS    =      1612.8627
 EELEC  =    -11448.4425  EHBOND  =         0.0000  RESTRAINT  =         0.0000
 Ewald error estimate:   0.4179E-04
 ------------------------------------------------------------------------------


 NSTEP =     8500   TIME(PS) =      17.000  TEMP(K) =   448.62  PRESS =     0.0
 Etot   =     -7234.0441  EKtot   =      2897.3648  EPtot      =    -10131.4089
 BOND   =         7.7289  ANGLE   =        22.4673  DIHED      =        15.1038
 1-4 NB =        12.4638  1-4 EEL =      -248.1806  VDWAALS    =      1661.8105
 EELEC  =    -11602.8025  EHBOND  =         0.0000  RESTRAINT  =         0.0000
 Ewald error estimate:   0.2937E-03
 ------------------------------------------------------------------------------


 NSTEP =     9000   TIME(PS) =      18.000  TEMP(K) =   453.79  PRESS =     0.0
 Etot   =     -7252.4669  EKtot   =      2930.7330  EPtot      =    -10183.1999
 BOND   =        12.1363  ANGLE   =        25.9343  DIHED      =        19.3980
 1-4 NB =        11.3796  1-4 EEL =      -249.6262  VDWAALS    =      1710.4884
 EELEC  =    -11712.9103  EHBOND  =         0.0000  RESTRAINT  =         0.0000
 Ewald error estimate:   0.3358E-03
 ------------------------------------------------------------------------------


 NSTEP =     9500   TIME(PS) =      19.000  TEMP(K) =   450.68  PRESS =     0.0
 Etot   =     -7225.7149  EKtot   =      2910.6827  EPtot      =    -10136.3977
 BOND   =        12.5570  ANGLE   =        18.5387  DIHED      =        15.1238
 1-4 NB =        13.0239  1-4 EEL =      -249.1751  VDWAALS    =      1534.7058
 EELEC  =    -11481.1719  EHBOND  =         0.0000  RESTRAINT  =         0.0000
 Ewald error estimate:   0.2257E-04
 ------------------------------------------------------------------------------


 NSTEP =    10000   TIME(PS) =      20.000  TEMP(K) =   427.60  PRESS =     0.0
 Etot   =     -7235.7844  EKtot   =      2761.5925  EPtot      =     -9997.3768
 BOND   =         7.2156  ANGLE   =        27.7561  DIHED      =        18.7760
 1-4 NB =        11.3178  1-4 EEL =      -246.3092  VDWAALS    =      1524.4136
 EELEC  =    -11340.5468  EHBOND  =         0.0000  RESTRAINT  =         0.0000
 Ewald error estimate:   0.4448E-03
 ------------------------------------------------------------------------------


      A V E R A G E S   O V E R      20 S T E P S


 NSTEP =    10000   TIME(PS) =      20.000  TEMP(K) =   438.96  PRESS =     0.0
 Etot   =     -7416.5080  EKtot   =      2834.9728  EPtot      =    -10251.4808
 BOND   =        10.1009  ANGLE   =        22.9840  DIHED      =        18.0983
 1-4 NB =        11.8233  1-4 EEL =      -247.0816  VDWAALS    =      1678.8515
 EELEC  =    -11746.2571  EHBOND  =         0.0000  RESTRAINT  =         0.0000
 Ewald error estimate:   0.2424E-03
 ------------------------------------------------------------------------------


      R M S  F L U C T U A T I O N S


 NSTEP =    10000   TIME(PS) =      20.000  TEMP(K) =    28.78  PRESS =     0.0
 Etot   =       527.1523  EKtot   =       185.8541  EPtot      =       348.6056
 BOND   =         3.3186  ANGLE   =         4.6885  DIHED      =         3.4337
 1-4 NB =         1.6689  1-4 EEL =         2.6427  VDWAALS    =       116.0988
 EELEC  =       445.9795  EHBOND  =         0.0000  RESTRAINT  =         0.0000
 Ewald error estimate:   0.1840E-03
 ------------------------------------------------------------------------------

--------------------------------------------------------------------------------
   5.  TIMINGS
--------------------------------------------------------------------------------

|  NonSetup CPU Time in Major Routines, Average for All Tasks:
|
|     Routine           Sec        %
|     ------------------------------
|     DataDistrib       2.47   23.93
|     Nonbond           7.07   68.40
|     Bond              0.03    0.27
|     Angle             0.03    0.29
|     Dihedral          0.04    0.34
|     Shake             0.07    0.70
|     RunMD             0.59    5.66
|     Other             0.04    0.40
|     ------------------------------
|     Total            10.34

|  PME Nonbond Pairlist CPU Time, Average for All Tasks:
|
|     Routine              Sec        %
|     ---------------------------------
|     Set Up Cit           0.07    0.67
|     Build List           1.06   10.29
|     ---------------------------------
|     Total                1.13   10.95

|  PME Direct Force CPU Time, Average for All Tasks:
|
|     Routine              Sec        %
|     ---------------------------------
|     NonBonded Calc       4.03   39.02
|     Exclude Masked       0.07    0.71
|     Other                0.44    4.24
|     ---------------------------------
|     Total                4.55   43.98

|  PME Reciprocal Force CPU Time, Average for All Tasks:
|
|     Routine              Sec        %
|     ---------------------------------
|     1D bspline           0.15    1.46
|     Grid Charges         0.13    1.29
|     Scalar Sum           0.09    0.90
|     Gradient Sum         0.19    1.81
|     FFT                  0.75    7.21
|     ---------------------------------
|     Total                1.31   12.67

|  PME Load Balancing CPU Time, Average for All Tasks:
|
|     Routine                 Sec        %
|     ------------------------------------
|     Atom Reassign           0.00    0.00
|     Image Reassign          0.00    0.02
|     FFT Reassign            0.00    0.00
|     ------------------------------------
|     Total                   0.00    0.03

|  Final Performance Info:
|     -----------------------------------------------------
|     Average timings for last   10000 steps:
|     Elapsed(s) =      10.36 Per Step(ms) =       1.04
|         ns/day =     166.83   seconds/ns =     517.90
|
|     Average timings for all steps:
|     Elapsed(s) =      10.36 Per Step(ms) =       1.04
|         ns/day =     166.83   seconds/ns =     517.90
|     -----------------------------------------------------

|  Master Setup CPU time:            0.03 seconds
|  Master NonSetup CPU time:        10.15 seconds
|  Master Total CPU time:           10.18 seconds     0.00 hours

|  Master Setup wall time:           0    seconds
|  Master NonSetup wall time:       10    seconds
|  Master Total wall time:          10    seconds     0.00 hours
