-I: Adding /ihome/crc/build/amber/amber18_x64/amber18/dat/leap/prep to search path.
-I: Adding /ihome/crc/build/amber/amber18_x64/amber18/dat/leap/lib to search path.
-I: Adding /ihome/crc/build/amber/amber18_x64/amber18/dat/leap/parm to search path.
-I: Adding /ihome/crc/build/amber/amber18_x64/amber18/dat/leap/cmd to search path.
-f: Source tleap_lib.in.

Welcome to LEaP!
(no leaprc in search path)
Sourcing: ./tleap_lib.in
----- Source: /ihome/crc/build/amber/amber18_x64/amber18/dat/leap/cmd/leaprc.gaff
----- Source of /ihome/crc/build/amber/amber18_x64/amber18/dat/leap/cmd/leaprc.gaff done
Log file: ./leap.log
Loading parameters: /ihome/crc/build/amber/amber18_x64/amber18/dat/leap/parm/gaff.dat
Reading title:
AMBER General Force Field for organic molecules (Version 1.81, May 2017)
Loading parameters: ./mon.frcmod
Reading force field modification type file (frcmod)
Reading title:
Remark line goes here
Loading Mol2 file: ./mon.mol2
Reading MOLECULE named MON
Checking 'MON'....
Checking parameters for unit 'MON'.
Checking for bond parameters.
Checking for angle parameters.
Unit is OK.
 Creating mon.lib
Building topology.
Building atom parameters.
	Quit

Exiting LEaP: Errors = 0; Warnings = 0; Notes = 0.
