
          -------------------------------------------------------
          Amber 18 PMEMD                              2018
          -------------------------------------------------------

| PMEMD implementation of SANDER, Release 18

| Run on 03/09/2022 at 00:46:06

|   Executable path: pmemd.MPI
| Working directory: /bgfs/lchong/dty7/ff15ipq-lig/charges/v00/GenConformers/Conf10
|          Hostname: smp-n123

  [-O]verwriting output

File Assignments:
|   MDIN: ../../../amber/6.3_eq2.in                                             
|  MDOUT: 6.3_eq2.out                                                           
| INPCRD: 6.2_eq1.rst                                                           
|   PARM: ../../mon.top                                                         
| RESTRT: 6.3_eq2.rst                                                           
|   REFC: 6.2_eq1.rst                                                           
|  MDVEL: mdvel                                                                 
|   MDEN: mden                                                                  
|  MDCRD: mdcrd                                                                 
| MDINFO: mdinfo                                                                
|LOGFILE: logfile                                                               
|  MDFRC: mdfrc                                                                 

 
 Here is the input file:
 
&cntrl                                                                         
  imin      = 0,                                                               
  irest     = 1,                                                               
  ntx       = 5,                                                               
  ig        = -1,                                                              
  dt        = 0.002,                                                           
  nstlim    = 50000,                                                           
  nscm      = 500,                                                             
  ntr       = 1,                                                               
  restraintmask = ':1',                                                        
  restraint_wt  = 10.0,                                                        
  ntb       = 2,                                                               
  ntp       = 1,                                                               
  barostat  = 2,                                                               
  pres0     = 1.0,                                                             
  mcbarint  = 100,                                                             
  comp      = 44.6,                                                            
  taup      = 1.0,                                                             
  ntt       = 3,                                                               
  temp0     = 298.0,                                                           
  gamma_ln  = 1.0,                                                             
  ntf       = 2,                                                               
  ntc       = 2,                                                               
  cut       = 10.0,                                                            
  ntpr      = 500,                                                             
  ntxo      = 1,                                                               
  ntwr      = 50000,                                                           
  ioutfm    = 1,                                                               
  ntwx      = 500,                                                             
  iwrap     = 1,                                                               
&end                                                                           


Note: ig = -1. Setting random seed to   319269 based on wallclock time in
      microseconds and disabling the synchronization of random numbers 
      between tasks to improve performance.
| irandom = 1, using AMBER's internal random number generator (default).
 
 
| Conditional Compilation Defines Used:
| MPI
| FFTW_FFT
| BINTRAJ
| MKL
| EMIL
 
| Largest sphere to fit in unit cell has radius =    14.968

| New format PARM file being parsed.
| Version =    1.000 Date = 03/08/22 Time = 18:50:46

| Note: 1-4 EEL scale factors are being read from the topology file.

| Note: 1-4 VDW scale factors are being read from the topology file.
| Duplicated    0 dihedrals

| Duplicated    0 dihedrals

--------------------------------------------------------------------------------
   1.  RESOURCE   USE: 
--------------------------------------------------------------------------------

 getting box info from netcdf restart file
 NATOM  =    3240 NTYPES =      14 NBONH =    3220 MBONA  =      21
 NTHETH =      33 MTHETA =      29 NPHIH =      58 MPHIA  =      46
 NHPARM =       0 NPARM  =       0 NNB   =    4456 NRES   =    1069
 NBONA  =      21 NTHETA =      29 NPHIA =      46 NUMBND =      22
 NUMANG =      35 NPTRA  =      22 NATYP =      17 NPHB   =       1
 IFBOX  =       2 NMXRS  =      36 IFCAP =       0 NEXTRA =       0
 NCOPY  =       0

| Coordinate Index Table dimensions:     5    5    5
| Direct force subcell size =     7.3326    7.3326    7.3326

     BOX TYPE: TRUNCATED OCTAHEDRON

--------------------------------------------------------------------------------
   2.  CONTROL  DATA  FOR  THE  RUN
--------------------------------------------------------------------------------

MON                                                                             

General flags:
     imin    =       0, nmropt  =       0

Nature and format of input:
     ntx     =       5, irest   =       1, ntrx    =       1

Nature and format of output:
     ntxo    =       1, ntpr    =     500, ntrx    =       1, ntwr    =   50000
     iwrap   =       1, ntwx    =     500, ntwv    =       0, ntwe    =       0
     ioutfm  =       1, ntwprt  =       0, idecomp =       0, rbornstat=      0

Potential function:
     ntf     =       2, ntb     =       2, igb     =       0, nsnb    =      25
     ipol    =       0, gbsa    =       0, iesp    =       0
     dielc   =   1.00000, cut     =  10.00000, intdiel =   1.00000

Frozen or restrained atoms:
     ibelly  =       0, ntr     =       1
     restraint_wt =  10.00000

Molecular dynamics:
     nstlim  =     50000, nscm    =         0, nrespa  =         1
     t       =   0.00000, dt      =   0.00200, vlimit  =  20.00000

Langevin dynamics temperature regulation:
     ig      =  319269
     temp0   = 298.00000, tempi   =   0.00000, gamma_ln=   1.00000

Pressure regulation:
     ntp     =       1
     pres0   =   1.00000, comp    =  44.60000, taup    =   1.00000
     Monte-Carlo Barostat:
     mcbarint  =     100

SHAKE:
     ntc     =       2, jfastw  =       0
     tol     =   0.00001

| Intermolecular bonds treatment:
|     no_intermolecular_bonds =       1

| Energy averages sample interval:
|     ene_avg_sampling =     500

Ewald parameters:
     verbose =       0, ew_type =       0, nbflag  =       1, use_pme =       1
     vdwmeth =       1, eedmeth =       1, netfrc  =       1
     Box X =   36.663   Box Y =   36.663   Box Z =   36.663
     Alpha =  109.471   Beta  =  109.471   Gamma =  109.471
     NFFT1 =   40       NFFT2 =   40       NFFT3 =   40
     Cutoff=   10.000   Tol   =0.100E-04
     Ewald Coefficient =  0.27511
     Interpolation order =    4

| PMEMD ewald parallel performance parameters:
|     block_fft =    0
|     fft_blk_y_divisor =    2
|     excl_recip =    0
|     excl_master =    0
|     atm_redist_freq =  320

    LOADING THE CONSTRAINED ATOMS AS GROUPS


   5.  REFERENCE ATOM COORDINATES

  MON                                                                             
     Mask :1; matches    36 atoms
| MONTE CARLO BAROSTAT IMPORTANT NOTE:
|   The Monte-Carlo barostat does not require the virial to adjust the system volume.
|   Since it is an expensive calculation, it is skipped for efficiency. A side-effect
|   is that the reported pressure is always 0 because it is not calculated.

--------------------------------------------------------------------------------
   3.  ATOMIC COORDINATES AND VELOCITIES
--------------------------------------------------------------------------------

MON                                                                             
 begin time read from input coords =    20.000 ps

 
 Number of triangulated 3-point waters found:     1068

     Sum of charges from parm topology file =  -0.00200217
     Forcing neutrality...

| Dynamic Memory, Types Used:
| Reals             1243290
| Integers           213799

| Nonbonded Pairs Initial Allocation:      317358

| Running AMBER/MPI version on    8 MPI task

 
--------------------------------------------------------------------------------
   4.  RESULTS
--------------------------------------------------------------------------------

 ---------------------------------------------------
 APPROXIMATING switch and d/dx switch using CUBIC SPLINE INTERPOLATION
 using   5000.0 points per unit in tabled values
 TESTING RELATIVE ERROR over r ranging from 0.0 to cutoff
| CHECK switch(x): max rel err =   0.3316E-14   at   2.351880
| CHECK d/dx switch(x): max rel err =   0.8066E-11   at   2.747240
 ---------------------------------------------------
|---------------------------------------------------
| APPROXIMATING direct energy using CUBIC SPLINE INTERPOLATION
|  with   50.0 points per unit in tabled values
| Relative Error Limit not exceeded for r .gt.   2.34
| APPROXIMATING direct force using CUBIC SPLINE INTERPOLATION
|  with   50.0 points per unit in tabled values
| Relative Error Limit not exceeded for r .gt.   2.81
|---------------------------------------------------
wrapping first mol.:       12.17413       17.21682       29.82041

 NSTEP =      500   TIME(PS) =      21.000  TEMP(K) =   292.69  PRESS =     0.0
 Etot   =    -10302.8853  EKtot   =      1890.2837  EPtot      =    -12193.1689
 BOND   =         5.6377  ANGLE   =        14.6598  DIHED      =        13.3721
 1-4 NB =        12.6381  1-4 EEL =      -249.8178  VDWAALS    =      2261.2958
 EELEC  =    -14258.1300  EHBOND  =         0.0000  RESTRAINT  =         7.1754
 EAMBER (non-restraint)  =    -12200.3444
 EKCMT  =         0.0000  VIRIAL  =         0.0000  VOLUME     =     37502.1090
                                                    Density    =         0.8649
 Ewald error estimate:   0.1607E-03
 ------------------------------------------------------------------------------

wrapping first mol.:       12.14818       17.18012       29.75684

 NSTEP =     1000   TIME(PS) =      22.000  TEMP(K) =   294.08  PRESS =     0.0
 Etot   =    -10373.3559  EKtot   =      1899.2857  EPtot      =    -12272.6416
 BOND   =         5.7907  ANGLE   =        15.2088  DIHED      =        16.7733
 1-4 NB =        11.4205  1-4 EEL =      -244.9065  VDWAALS    =      2322.7775
 EELEC  =    -14407.9465  EHBOND  =         0.0000  RESTRAINT  =         8.2407
 EAMBER (non-restraint)  =    -12280.8822
 EKCMT  =         0.0000  VIRIAL  =         0.0000  VOLUME     =     37262.7920
                                                    Density    =         0.8705
 Ewald error estimate:   0.4540E-04
 ------------------------------------------------------------------------------

wrapping first mol.:       12.14290       17.17265       29.74390

 NSTEP =     1500   TIME(PS) =      23.000  TEMP(K) =   311.64  PRESS =     0.0
 Etot   =    -10357.5478  EKtot   =      2012.7073  EPtot      =    -12370.2552
 BOND   =         3.3921  ANGLE   =        14.9281  DIHED      =        11.2657
 1-4 NB =        11.5279  1-4 EEL =      -246.3822  VDWAALS    =      2292.9666
 EELEC  =    -14468.7803  EHBOND  =         0.0000  RESTRAINT  =        10.8270
 EAMBER (non-restraint)  =    -12381.0821
 EKCMT  =         0.0000  VIRIAL  =         0.0000  VOLUME     =     37214.2135
                                                    Density    =         0.8716
 Ewald error estimate:   0.1974E-03
 ------------------------------------------------------------------------------

wrapping first mol.:       12.11931       17.13929       29.68612

 NSTEP =     2000   TIME(PS) =      24.000  TEMP(K) =   295.44  PRESS =     0.0
 Etot   =    -10463.9110  EKtot   =      1908.0792  EPtot      =    -12371.9902
 BOND   =         7.2199  ANGLE   =        14.3156  DIHED      =        12.5157
 1-4 NB =        10.9547  1-4 EEL =      -246.4974  VDWAALS    =      2337.3021
 EELEC  =    -14514.9788  EHBOND  =         0.0000  RESTRAINT  =         7.1780
 EAMBER (non-restraint)  =    -12379.1682
 EKCMT  =         0.0000  VIRIAL  =         0.0000  VOLUME     =     36997.7299
                                                    Density    =         0.8767
 Ewald error estimate:   0.1510E-03
 ------------------------------------------------------------------------------

wrapping first mol.:       12.10108       17.11351       29.64148

 NSTEP =     2500   TIME(PS) =      25.000  TEMP(K) =   295.66  PRESS =     0.0
 Etot   =    -10500.2995  EKtot   =      1909.4535  EPtot      =    -12409.7529
 BOND   =         4.4535  ANGLE   =        16.7880  DIHED      =        12.6484
 1-4 NB =        12.5383  1-4 EEL =      -249.2412  VDWAALS    =      2243.3051
 EELEC  =    -14458.6388  EHBOND  =         0.0000  RESTRAINT  =         8.3939
 EAMBER (non-restraint)  =    -12418.1468
 EKCMT  =         0.0000  VIRIAL  =         0.0000  VOLUME     =     36831.0748
                                                    Density    =         0.8807
 Ewald error estimate:   0.5225E-04
 ------------------------------------------------------------------------------

wrapping first mol.:       12.07770       17.08044       29.58419

 NSTEP =     3000   TIME(PS) =      26.000  TEMP(K) =   299.20  PRESS =     0.0
 Etot   =    -10485.5952  EKtot   =      1932.3760  EPtot      =    -12417.9712
 BOND   =        10.6412  ANGLE   =        14.0253  DIHED      =        12.8314
 1-4 NB =        11.5432  1-4 EEL =      -247.6651  VDWAALS    =      2340.6860
 EELEC  =    -14564.8534  EHBOND  =         0.0000  RESTRAINT  =         4.8201
 EAMBER (non-restraint)  =    -12422.7914
 EKCMT  =         0.0000  VIRIAL  =         0.0000  VOLUME     =     36617.9511
                                                    Density    =         0.8858
 Ewald error estimate:   0.7886E-04
 ------------------------------------------------------------------------------

wrapping first mol.:       12.04111       17.02870       29.49458

 NSTEP =     3500   TIME(PS) =      27.000  TEMP(K) =   302.91  PRESS =     0.0
 Etot   =    -10501.8609  EKtot   =      1956.3329  EPtot      =    -12458.1938
 BOND   =         5.8420  ANGLE   =        18.3857  DIHED      =        12.5256
 1-4 NB =        12.4802  1-4 EEL =      -249.2557  VDWAALS    =      2386.2136
 EELEC  =    -14653.4616  EHBOND  =         0.0000  RESTRAINT  =         9.0765
 EAMBER (non-restraint)  =    -12467.2703
 EKCMT  =         0.0000  VIRIAL  =         0.0000  VOLUME     =     36286.1945
                                                    Density    =         0.8939
 Ewald error estimate:   0.6204E-04
 ------------------------------------------------------------------------------

wrapping first mol.:       12.03036       17.01350       29.46825

 NSTEP =     4000   TIME(PS) =      28.000  TEMP(K) =   301.24  PRESS =     0.0
 Etot   =    -10469.4644  EKtot   =      1945.5337  EPtot      =    -12414.9981
 BOND   =         7.5511  ANGLE   =        15.7225  DIHED      =        13.6008
 1-4 NB =        12.2694  1-4 EEL =      -249.5884  VDWAALS    =      2333.8017
 EELEC  =    -14554.4969  EHBOND  =         0.0000  RESTRAINT  =         6.1416
 EAMBER (non-restraint)  =    -12421.1398
 EKCMT  =         0.0000  VIRIAL  =         0.0000  VOLUME     =     36189.1150
                                                    Density    =         0.8963
 Ewald error estimate:   0.3109E-03
 ------------------------------------------------------------------------------

wrapping first mol.:       11.93106       16.87307       29.22501

 NSTEP =     4500   TIME(PS) =      29.000  TEMP(K) =   299.23  PRESS =     0.0
 Etot   =    -10554.8970  EKtot   =      1932.5240  EPtot      =    -12487.4210
 BOND   =         8.6684  ANGLE   =        12.8587  DIHED      =        16.2664
 1-4 NB =        12.8129  1-4 EEL =      -249.2873  VDWAALS    =      2524.4754
 EELEC  =    -14819.3048  EHBOND  =         0.0000  RESTRAINT  =         6.0892
 EAMBER (non-restraint)  =    -12493.5102
 EKCMT  =         0.0000  VIRIAL  =         0.0000  VOLUME     =     35300.3374
                                                    Density    =         0.9189
 Ewald error estimate:   0.2842E-03
 ------------------------------------------------------------------------------

wrapping first mol.:       11.89144       16.81704       29.12796

 NSTEP =     5000   TIME(PS) =      30.000  TEMP(K) =   300.18  PRESS =     0.0
 Etot   =    -10622.0951  EKtot   =      1938.6680  EPtot      =    -12560.7630
 BOND   =         4.9353  ANGLE   =        15.7281  DIHED      =        14.9061
 1-4 NB =        11.8200  1-4 EEL =      -250.4637  VDWAALS    =      2409.7942
 EELEC  =    -14775.9943  EHBOND  =         0.0000  RESTRAINT  =         8.5112
 EAMBER (non-restraint)  =    -12569.2743
 EKCMT  =         0.0000  VIRIAL  =         0.0000  VOLUME     =     34949.8540
                                                    Density    =         0.9281
 Ewald error estimate:   0.1404E-03
 ------------------------------------------------------------------------------

wrapping first mol.:       11.84212       16.74729       29.00715

 NSTEP =     5500   TIME(PS) =      31.000  TEMP(K) =   302.18  PRESS =     0.0
 Etot   =    -10551.5095  EKtot   =      1951.5918  EPtot      =    -12503.1013
 BOND   =         3.3458  ANGLE   =        17.7444  DIHED      =        11.5771
 1-4 NB =        11.5481  1-4 EEL =      -248.8466  VDWAALS    =      2502.8607
 EELEC  =    -14809.9876  EHBOND  =         0.0000  RESTRAINT  =         8.6569
 EAMBER (non-restraint)  =    -12511.7582
 EKCMT  =         0.0000  VIRIAL  =         0.0000  VOLUME     =     34516.7814
                                                    Density    =         0.9397
 Ewald error estimate:   0.4805E-04
 ------------------------------------------------------------------------------

wrapping first mol.:       11.79721       16.68378       28.89715

 NSTEP =     6000   TIME(PS) =      32.000  TEMP(K) =   292.68  PRESS =     0.0
 Etot   =    -10654.8660  EKtot   =      1890.2117  EPtot      =    -12545.0777
 BOND   =         5.4741  ANGLE   =        15.4474  DIHED      =        15.7283
 1-4 NB =        12.9737  1-4 EEL =      -246.8434  VDWAALS    =      2456.7805
 EELEC  =    -14813.3527  EHBOND  =         0.0000  RESTRAINT  =         8.7145
 EAMBER (non-restraint)  =    -12553.7922
 EKCMT  =         0.0000  VIRIAL  =         0.0000  VOLUME     =     34125.5801
                                                    Density    =         0.9505
 Ewald error estimate:   0.9715E-04
 ------------------------------------------------------------------------------

wrapping first mol.:       11.74853       16.61493       28.77789

 NSTEP =     6500   TIME(PS) =      33.000  TEMP(K) =   291.27  PRESS =     0.0
 Etot   =    -10685.8315  EKtot   =      1881.1486  EPtot      =    -12566.9801
 BOND   =         4.6130  ANGLE   =        15.3614  DIHED      =        12.1468
 1-4 NB =        12.2367  1-4 EEL =      -249.2140  VDWAALS    =      2480.0572
 EELEC  =    -14851.9402  EHBOND  =         0.0000  RESTRAINT  =         9.7589
 EAMBER (non-restraint)  =    -12576.7390
 EKCMT  =         0.0000  VIRIAL  =         0.0000  VOLUME     =     33704.8204
                                                    Density    =         0.9624
 Ewald error estimate:   0.2470E-03
 ------------------------------------------------------------------------------

wrapping first mol.:       11.70476       16.55303       28.67069

 NSTEP =     7000   TIME(PS) =      34.000  TEMP(K) =   300.60  PRESS =     0.0
 Etot   =    -10659.1901  EKtot   =      1941.3614  EPtot      =    -12600.5516
 BOND   =        11.0465  ANGLE   =        14.6342  DIHED      =        15.5027
 1-4 NB =        13.1956  1-4 EEL =      -248.4905  VDWAALS    =      2614.7765
 EELEC  =    -15029.8674  EHBOND  =         0.0000  RESTRAINT  =         8.6510
 EAMBER (non-restraint)  =    -12609.2026
 EKCMT  =         0.0000  VIRIAL  =         0.0000  VOLUME     =     33329.5542
                                                    Density    =         0.9732
 Ewald error estimate:   0.2692E-03
 ------------------------------------------------------------------------------

wrapping first mol.:       11.68508       16.52520       28.62249

 NSTEP =     7500   TIME(PS) =      35.000  TEMP(K) =   297.18  PRESS =     0.0
 Etot   =    -10712.1316  EKtot   =      1919.3095  EPtot      =    -12631.4411
 BOND   =         5.0198  ANGLE   =        15.4821  DIHED      =        11.9240
 1-4 NB =        12.5190  1-4 EEL =      -245.6121  VDWAALS    =      2503.1763
 EELEC  =    -14940.4177  EHBOND  =         0.0000  RESTRAINT  =         6.4675
 EAMBER (non-restraint)  =    -12637.9086
 EKCMT  =         0.0000  VIRIAL  =         0.0000  VOLUME     =     33161.7163
                                                    Density    =         0.9781
 Ewald error estimate:   0.3727E-03
 ------------------------------------------------------------------------------

wrapping first mol.:       11.63758       16.45803       28.50614

 NSTEP =     8000   TIME(PS) =      36.000  TEMP(K) =   299.25  PRESS =     0.0
 Etot   =    -10721.6065  EKtot   =      1932.6978  EPtot      =    -12654.3043
 BOND   =         8.3947  ANGLE   =        13.5468  DIHED      =        14.3723
 1-4 NB =        11.8738  1-4 EEL =      -248.5752  VDWAALS    =      2558.0664
 EELEC  =    -15019.9137  EHBOND  =         0.0000  RESTRAINT  =         7.9305
 EAMBER (non-restraint)  =    -12662.2349
 EKCMT  =         0.0000  VIRIAL  =         0.0000  VOLUME     =     32758.9536
                                                    Density    =         0.9902
 Ewald error estimate:   0.1764E-03
 ------------------------------------------------------------------------------

wrapping first mol.:       11.60110       16.40643       28.41677

 NSTEP =     8500   TIME(PS) =      37.000  TEMP(K) =   298.54  PRESS =     0.0
 Etot   =    -10655.2215  EKtot   =      1928.0512  EPtot      =    -12583.2728
 BOND   =         3.6997  ANGLE   =        16.8618  DIHED      =        13.6379
 1-4 NB =        11.6371  1-4 EEL =      -248.6553  VDWAALS    =      2531.7931
 EELEC  =    -14920.9289  EHBOND  =         0.0000  RESTRAINT  =         8.6818
 EAMBER (non-restraint)  =    -12591.9546
 EKCMT  =         0.0000  VIRIAL  =         0.0000  VOLUME     =     32451.8354
                                                    Density    =         0.9995
 Ewald error estimate:   0.5756E-04
 ------------------------------------------------------------------------------

wrapping first mol.:       11.60973       16.41863       28.43791

 NSTEP =     9000   TIME(PS) =      38.000  TEMP(K) =   304.27  PRESS =     0.0
 Etot   =    -10721.5837  EKtot   =      1965.0694  EPtot      =    -12686.6531
 BOND   =         7.3856  ANGLE   =        17.8416  DIHED      =        12.6561
 1-4 NB =        12.7322  1-4 EEL =      -248.1214  VDWAALS    =      2370.0174
 EELEC  =    -14866.7416  EHBOND  =         0.0000  RESTRAINT  =         7.5769
 EAMBER (non-restraint)  =    -12694.2300
 EKCMT  =         0.0000  VIRIAL  =         0.0000  VOLUME     =     32524.2940
                                                    Density    =         0.9973
 Ewald error estimate:   0.2193E-03
 ------------------------------------------------------------------------------

wrapping first mol.:       11.63156       16.44951       28.49139

 NSTEP =     9500   TIME(PS) =      39.000  TEMP(K) =   293.91  PRESS =     0.0
 Etot   =    -10843.8975  EKtot   =      1898.1786  EPtot      =    -12742.0761
 BOND   =         5.5793  ANGLE   =        10.4471  DIHED      =        13.2193
 1-4 NB =        13.0055  1-4 EEL =      -248.8744  VDWAALS    =      2490.2701
 EELEC  =    -15035.9705  EHBOND  =         0.0000  RESTRAINT  =        10.2474
 EAMBER (non-restraint)  =    -12752.3235
 EKCMT  =         0.0000  VIRIAL  =         0.0000  VOLUME     =     32708.1363
                                                    Density    =         0.9917
 Ewald error estimate:   0.1614E-03
 ------------------------------------------------------------------------------

wrapping first mol.:       11.61557       16.42689       28.45221

 NSTEP =    10000   TIME(PS) =      40.000  TEMP(K) =   289.69  PRESS =     0.0
 Etot   =    -10819.1718  EKtot   =      1870.8946  EPtot      =    -12690.0664
 BOND   =         6.2728  ANGLE   =        12.1571  DIHED      =        14.5481
 1-4 NB =        12.1552  1-4 EEL =      -246.9741  VDWAALS    =      2457.2013
 EELEC  =    -14951.8714  EHBOND  =         0.0000  RESTRAINT  =         6.4447
 EAMBER (non-restraint)  =    -12696.5111
 EKCMT  =         0.0000  VIRIAL  =         0.0000  VOLUME     =     32573.3893
                                                    Density    =         0.9958
 Ewald error estimate:   0.4050E-03
 ------------------------------------------------------------------------------

wrapping first mol.:       11.62307       16.43750       28.47059

 NSTEP =    10500   TIME(PS) =      41.000  TEMP(K) =   291.96  PRESS =     0.0
 Etot   =    -10797.9636  EKtot   =      1885.5937  EPtot      =    -12683.5573
 BOND   =         8.0938  ANGLE   =        15.8613  DIHED      =        12.6366
 1-4 NB =        13.1612  1-4 EEL =      -251.4388  VDWAALS    =      2445.6264
 EELEC  =    -14936.3448  EHBOND  =         0.0000  RESTRAINT  =         8.8470
 EAMBER (non-restraint)  =    -12692.4043
 EKCMT  =         0.0000  VIRIAL  =         0.0000  VOLUME     =     32636.5592
                                                    Density    =         0.9939
 Ewald error estimate:   0.2588E-03
 ------------------------------------------------------------------------------

wrapping first mol.:       11.60396       16.41048       28.42378

 NSTEP =    11000   TIME(PS) =      42.000  TEMP(K) =   287.47  PRESS =     0.0
 Etot   =    -10752.6964  EKtot   =      1856.5577  EPtot      =    -12609.2541
 BOND   =         6.6937  ANGLE   =        15.7545  DIHED      =        15.4817
 1-4 NB =        12.8492  1-4 EEL =      -249.3758  VDWAALS    =      2450.1486
 EELEC  =    -14867.4611  EHBOND  =         0.0000  RESTRAINT  =         6.6552
 EAMBER (non-restraint)  =    -12615.9092
 EKCMT  =         0.0000  VIRIAL  =         0.0000  VOLUME     =     32475.8510
                                                    Density    =         0.9988
 Ewald error estimate:   0.2140E-03
 ------------------------------------------------------------------------------

wrapping first mol.:       11.61401       16.42470       28.44841

 NSTEP =    11500   TIME(PS) =      43.000  TEMP(K) =   294.87  PRESS =     0.0
 Etot   =    -10767.0942  EKtot   =      1904.3482  EPtot      =    -12671.4424
 BOND   =        10.9527  ANGLE   =        21.0656  DIHED      =        11.6648
 1-4 NB =        11.7536  1-4 EEL =      -247.7970  VDWAALS    =      2482.0730
 EELEC  =    -14968.3334  EHBOND  =         0.0000  RESTRAINT  =         7.1783
 EAMBER (non-restraint)  =    -12678.6207
 EKCMT  =         0.0000  VIRIAL  =         0.0000  VOLUME     =     32560.3300
                                                    Density    =         0.9962
 Ewald error estimate:   0.1441E-03
 ------------------------------------------------------------------------------

wrapping first mol.:       11.58655       16.38586       28.38114

 NSTEP =    12000   TIME(PS) =      44.000  TEMP(K) =   300.34  PRESS =     0.0
 Etot   =    -10644.1469  EKtot   =      1939.7122  EPtot      =    -12583.8592
 BOND   =         8.5710  ANGLE   =        19.0267  DIHED      =        11.9859
 1-4 NB =        10.6986  1-4 EEL =      -245.4540  VDWAALS    =      2412.5444
 EELEC  =    -14812.6383  EHBOND  =         0.0000  RESTRAINT  =        11.4065
 EAMBER (non-restraint)  =    -12595.2657
 EKCMT  =         0.0000  VIRIAL  =         0.0000  VOLUME     =     32329.9181
                                                    Density    =         1.0033
 Ewald error estimate:   0.4968E-04
 ------------------------------------------------------------------------------

wrapping first mol.:       11.58682       16.38624       28.38179

 NSTEP =    12500   TIME(PS) =      45.000  TEMP(K) =   299.82  PRESS =     0.0
 Etot   =    -10617.1486  EKtot   =      1936.3584  EPtot      =    -12553.5070
 BOND   =         8.3105  ANGLE   =        13.2575  DIHED      =        11.8184
 1-4 NB =        12.9104  1-4 EEL =      -249.4854  VDWAALS    =      2430.5778
 EELEC  =    -14788.6585  EHBOND  =         0.0000  RESTRAINT  =         7.7622
 EAMBER (non-restraint)  =    -12561.2692
 EKCMT  =         0.0000  VIRIAL  =         0.0000  VOLUME     =     32332.1355
                                                    Density    =         1.0032
 Ewald error estimate:   0.7679E-04
 ------------------------------------------------------------------------------

wrapping first mol.:       11.55572       16.34225       28.30561

 NSTEP =    13000   TIME(PS) =      46.000  TEMP(K) =   299.08  PRESS =     0.0
 Etot   =    -10693.8443  EKtot   =      1931.5668  EPtot      =    -12625.4111
 BOND   =         5.0300  ANGLE   =        18.8329  DIHED      =        14.5721
 1-4 NB =        12.1469  1-4 EEL =      -248.8602  VDWAALS    =      2447.6263
 EELEC  =    -14884.2181  EHBOND  =         0.0000  RESTRAINT  =         9.4590
 EAMBER (non-restraint)  =    -12634.8701
 EKCMT  =         0.0000  VIRIAL  =         0.0000  VOLUME     =     32072.4779
                                                    Density    =         1.0114
 Ewald error estimate:   0.1788E-04
 ------------------------------------------------------------------------------

wrapping first mol.:       11.52546       16.29945       28.23148

 NSTEP =    13500   TIME(PS) =      47.000  TEMP(K) =   297.50  PRESS =     0.0
 Etot   =    -10706.9206  EKtot   =      1921.3699  EPtot      =    -12628.2905
 BOND   =         6.9758  ANGLE   =        21.5332  DIHED      =        14.9684
 1-4 NB =        13.5279  1-4 EEL =      -246.4448  VDWAALS    =      2494.3012
 EELEC  =    -14943.8127  EHBOND  =         0.0000  RESTRAINT  =        10.6605
 EAMBER (non-restraint)  =    -12638.9510
 EKCMT  =         0.0000  VIRIAL  =         0.0000  VOLUME     =     31821.1568
                                                    Density    =         1.0193
 Ewald error estimate:   0.1062E-04
 ------------------------------------------------------------------------------

wrapping first mol.:       11.52909       16.30460       28.24039

 NSTEP =    14000   TIME(PS) =      48.000  TEMP(K) =   302.66  PRESS =     0.0
 Etot   =    -10670.4776  EKtot   =      1954.6954  EPtot      =    -12625.1730
 BOND   =         6.9676  ANGLE   =        17.8931  DIHED      =        11.5988
 1-4 NB =        12.8215  1-4 EEL =      -249.5043  VDWAALS    =      2427.0606
 EELEC  =    -14861.2305  EHBOND  =         0.0000  RESTRAINT  =         9.2202
 EAMBER (non-restraint)  =    -12634.3933
 EKCMT  =         0.0000  VIRIAL  =         0.0000  VOLUME     =     31851.2997
                                                    Density    =         1.0184
 Ewald error estimate:   0.2137E-03
 ------------------------------------------------------------------------------

wrapping first mol.:       11.50393       16.26901       28.17875

 NSTEP =    14500   TIME(PS) =      49.000  TEMP(K) =   296.29  PRESS =     0.0
 Etot   =    -10757.1523  EKtot   =      1913.5752  EPtot      =    -12670.7275
 BOND   =         5.3010  ANGLE   =        18.7451  DIHED      =        11.6814
 1-4 NB =        12.3893  1-4 EEL =      -247.2860  VDWAALS    =      2449.3375
 EELEC  =    -14930.6444  EHBOND  =         0.0000  RESTRAINT  =         9.7486
 EAMBER (non-restraint)  =    -12680.4761
 EKCMT  =         0.0000  VIRIAL  =         0.0000  VOLUME     =     31643.1709
                                                    Density    =         1.0251
 Ewald error estimate:   0.9027E-04
 ------------------------------------------------------------------------------

wrapping first mol.:       11.49488       16.25622       28.15659

 NSTEP =    15000   TIME(PS) =      50.000  TEMP(K) =   298.79  PRESS =     0.0
 Etot   =    -10665.0000  EKtot   =      1929.6808  EPtot      =    -12594.6808
 BOND   =         8.8701  ANGLE   =        15.0446  DIHED      =        15.2306
 1-4 NB =        11.0557  1-4 EEL =      -249.1650  VDWAALS    =      2353.8273
 EELEC  =    -14756.7285  EHBOND  =         0.0000  RESTRAINT  =         7.1844
 EAMBER (non-restraint)  =    -12601.8652
 EKCMT  =         0.0000  VIRIAL  =         0.0000  VOLUME     =     31568.5852
                                                    Density    =         1.0275
 Ewald error estimate:   0.1449E-03
 ------------------------------------------------------------------------------

wrapping first mol.:       11.47676       16.23059       28.11221

 NSTEP =    15500   TIME(PS) =      51.000  TEMP(K) =   302.02  PRESS =     0.0
 Etot   =    -10676.2122  EKtot   =      1950.5566  EPtot      =    -12626.7688
 BOND   =         9.4357  ANGLE   =        16.3643  DIHED      =        11.5554
 1-4 NB =        11.1206  1-4 EEL =      -245.9325  VDWAALS    =      2560.6240
 EELEC  =    -15000.7960  EHBOND  =         0.0000  RESTRAINT  =        10.8597
 EAMBER (non-restraint)  =    -12637.6285
 EKCMT  =         0.0000  VIRIAL  =         0.0000  VOLUME     =     31419.5366
                                                    Density    =         1.0324
 Ewald error estimate:   0.3128E-03
 ------------------------------------------------------------------------------

wrapping first mol.:       11.51059       16.27843       28.19506

 NSTEP =    16000   TIME(PS) =      52.000  TEMP(K) =   303.99  PRESS =     0.0
 Etot   =    -10629.0795  EKtot   =      1963.2671  EPtot      =    -12592.3467
 BOND   =         7.0954  ANGLE   =        18.7379  DIHED      =        13.7856
 1-4 NB =        13.0037  1-4 EEL =      -246.2735  VDWAALS    =      2499.9391
 EELEC  =    -14911.7239  EHBOND  =         0.0000  RESTRAINT  =        13.0889
 EAMBER (non-restraint)  =    -12605.4356
 EKCMT  =         0.0000  VIRIAL  =         0.0000  VOLUME     =     31698.1715
                                                    Density    =         1.0233
 Ewald error estimate:   0.1096E-03
 ------------------------------------------------------------------------------

wrapping first mol.:       11.55927       16.34728       28.31431

 NSTEP =    16500   TIME(PS) =      53.000  TEMP(K) =   305.01  PRESS =     0.0
 Etot   =    -10635.1255  EKtot   =      1969.8970  EPtot      =    -12605.0225
 BOND   =         5.6428  ANGLE   =        18.2657  DIHED      =        15.6019
 1-4 NB =        12.5400  1-4 EEL =      -246.7982  VDWAALS    =      2456.9923
 EELEC  =    -14875.7609  EHBOND  =         0.0000  RESTRAINT  =         8.4940
 EAMBER (non-restraint)  =    -12613.5165
 EKCMT  =         0.0000  VIRIAL  =         0.0000  VOLUME     =     32102.0709
                                                    Density    =         1.0104
 Ewald error estimate:   0.1996E-03
 ------------------------------------------------------------------------------

wrapping first mol.:       11.57543       16.37013       28.35389

 NSTEP =    17000   TIME(PS) =      54.000  TEMP(K) =   307.84  PRESS =     0.0
 Etot   =    -10681.8349  EKtot   =      1988.1761  EPtot      =    -12670.0110
 BOND   =         7.6352  ANGLE   =        18.1224  DIHED      =        11.2364
 1-4 NB =        12.4129  1-4 EEL =      -247.1884  VDWAALS    =      2428.8744
 EELEC  =    -14909.6933  EHBOND  =         0.0000  RESTRAINT  =         8.5896
 EAMBER (non-restraint)  =    -12678.6006
 EKCMT  =         0.0000  VIRIAL  =         0.0000  VOLUME     =     32236.8777
                                                    Density    =         1.0062
 Ewald error estimate:   0.1859E-03
 ------------------------------------------------------------------------------

wrapping first mol.:       11.49016       16.24954       28.14502

 NSTEP =    17500   TIME(PS) =      55.000  TEMP(K) =   298.69  PRESS =     0.0
 Etot   =    -10789.5421  EKtot   =      1929.0666  EPtot      =    -12718.6087
 BOND   =         7.5965  ANGLE   =        18.2725  DIHED      =        12.4788
 1-4 NB =         9.6799  1-4 EEL =      -246.6136  VDWAALS    =      2615.2599
 EELEC  =    -15143.4938  EHBOND  =         0.0000  RESTRAINT  =         8.2111
 EAMBER (non-restraint)  =    -12726.8198
 EKCMT  =         0.0000  VIRIAL  =         0.0000  VOLUME     =     31529.7021
                                                    Density    =         1.0288
 Ewald error estimate:   0.1378E-03
 ------------------------------------------------------------------------------

wrapping first mol.:       11.51736       16.28801       28.21166

 NSTEP =    18000   TIME(PS) =      56.000  TEMP(K) =   291.12  PRESS =     0.0
 Etot   =    -10812.2905  EKtot   =      1880.1501  EPtot      =    -12692.4406
 BOND   =         7.0182  ANGLE   =        16.2874  DIHED      =        14.3293
 1-4 NB =        10.7232  1-4 EEL =      -246.9889  VDWAALS    =      2519.7709
 EELEC  =    -15019.8013  EHBOND  =         0.0000  RESTRAINT  =         6.2205
 EAMBER (non-restraint)  =    -12698.6611
 EKCMT  =         0.0000  VIRIAL  =         0.0000  VOLUME     =     31754.1688
                                                    Density    =         1.0215
 Ewald error estimate:   0.1830E-03
 ------------------------------------------------------------------------------

wrapping first mol.:       11.49969       16.26301       28.16837

 NSTEP =    18500   TIME(PS) =      57.000  TEMP(K) =   289.17  PRESS =     0.0
 Etot   =    -10824.7276  EKtot   =      1867.5420  EPtot      =    -12692.2696
 BOND   =         7.7429  ANGLE   =        14.5939  DIHED      =        11.9655
 1-4 NB =        11.2865  1-4 EEL =      -248.7071  VDWAALS    =      2470.7052
 EELEC  =    -14967.8484  EHBOND  =         0.0000  RESTRAINT  =         7.9920
 EAMBER (non-restraint)  =    -12700.2616
 EKCMT  =         0.0000  VIRIAL  =         0.0000  VOLUME     =     31608.2112
                                                    Density    =         1.0262
 Ewald error estimate:   0.3610E-03
 ------------------------------------------------------------------------------

wrapping first mol.:       11.51310       16.28198       28.20121

 NSTEP =    19000   TIME(PS) =      58.000  TEMP(K) =   300.23  PRESS =     0.0
 Etot   =    -10807.2690  EKtot   =      1938.9734  EPtot      =    -12746.2424
 BOND   =        13.3811  ANGLE   =        17.5891  DIHED      =        10.1731
 1-4 NB =        11.1394  1-4 EEL =      -247.8026  VDWAALS    =      2510.2929
 EELEC  =    -15066.0393  EHBOND  =         0.0000  RESTRAINT  =         5.0239
 EAMBER (non-restraint)  =    -12751.2664
 EKCMT  =         0.0000  VIRIAL  =         0.0000  VOLUME     =     31718.9085
                                                    Density    =         1.0226
 Ewald error estimate:   0.1254E-03
 ------------------------------------------------------------------------------

wrapping first mol.:       11.51343       16.28244       28.20202

 NSTEP =    19500   TIME(PS) =      59.000  TEMP(K) =   297.25  PRESS =     0.0
 Etot   =    -10791.7570  EKtot   =      1919.7333  EPtot      =    -12711.4903
 BOND   =         8.8425  ANGLE   =        15.0603  DIHED      =        13.8718
 1-4 NB =        11.4626  1-4 EEL =      -247.0689  VDWAALS    =      2442.7801
 EELEC  =    -14965.2012  EHBOND  =         0.0000  RESTRAINT  =         8.7625
 EAMBER (non-restraint)  =    -12720.2527
 EKCMT  =         0.0000  VIRIAL  =         0.0000  VOLUME     =     31721.6267
                                                    Density    =         1.0225
 Ewald error estimate:   0.1843E-03
 ------------------------------------------------------------------------------

wrapping first mol.:       11.54277       16.32394       28.27389

 NSTEP =    20000   TIME(PS) =      60.000  TEMP(K) =   295.89  PRESS =     0.0
 Etot   =    -10689.1105  EKtot   =      1910.9954  EPtot      =    -12600.1059
 BOND   =        11.0973  ANGLE   =        18.3228  DIHED      =        13.4220
 1-4 NB =        12.3945  1-4 EEL =      -245.8337  VDWAALS    =      2496.6572
 EELEC  =    -14916.5294  EHBOND  =         0.0000  RESTRAINT  =        10.3634
 EAMBER (non-restraint)  =    -12610.4694
 EKCMT  =         0.0000  VIRIAL  =         0.0000  VOLUME     =     31964.7878
                                                    Density    =         1.0148
 Ewald error estimate:   0.2870E-04
 ------------------------------------------------------------------------------

wrapping first mol.:       11.54693       16.32982       28.28408

 NSTEP =    20500   TIME(PS) =      61.000  TEMP(K) =   301.66  PRESS =     0.0
 Etot   =    -10645.3871  EKtot   =      1948.2592  EPtot      =    -12593.6463
 BOND   =         6.5415  ANGLE   =        15.0004  DIHED      =        13.0523
 1-4 NB =        12.0477  1-4 EEL =      -246.1534  VDWAALS    =      2337.9465
 EELEC  =    -14742.0573  EHBOND  =         0.0000  RESTRAINT  =         9.9759
 EAMBER (non-restraint)  =    -12603.6222
 EKCMT  =         0.0000  VIRIAL  =         0.0000  VOLUME     =     31999.3348
                                                    Density    =         1.0137
 Ewald error estimate:   0.9032E-04
 ------------------------------------------------------------------------------

wrapping first mol.:       11.54564       16.32800       28.28093

 NSTEP =    21000   TIME(PS) =      62.000  TEMP(K) =   300.42  PRESS =     0.0
 Etot   =    -10685.3173  EKtot   =      1940.2018  EPtot      =    -12625.5190
 BOND   =         2.9641  ANGLE   =        15.5409  DIHED      =        15.0902
 1-4 NB =        12.2198  1-4 EEL =      -247.2028  VDWAALS    =      2413.5251
 EELEC  =    -14847.0060  EHBOND  =         0.0000  RESTRAINT  =         9.3496
 EAMBER (non-restraint)  =    -12634.8687
 EKCMT  =         0.0000  VIRIAL  =         0.0000  VOLUME     =     31988.6570
                                                    Density    =         1.0140
 Ewald error estimate:   0.1362E-03
 ------------------------------------------------------------------------------

wrapping first mol.:       11.53681       16.31552       28.25930

 NSTEP =    21500   TIME(PS) =      63.000  TEMP(K) =   302.92  PRESS =     0.0
 Etot   =    -10761.8418  EKtot   =      1956.3520  EPtot      =    -12718.1938
 BOND   =        11.8557  ANGLE   =        14.2617  DIHED      =        12.1580
 1-4 NB =        11.8407  1-4 EEL =      -247.4471  VDWAALS    =      2561.0094
 EELEC  =    -15089.6704  EHBOND  =         0.0000  RESTRAINT  =         7.7982
 EAMBER (non-restraint)  =    -12725.9920
 EKCMT  =         0.0000  VIRIAL  =         0.0000  VOLUME     =     31915.3264
                                                    Density    =         1.0163
 Ewald error estimate:   0.3831E-04
 ------------------------------------------------------------------------------

wrapping first mol.:       11.53681       16.31552       28.25930

 NSTEP =    22000   TIME(PS) =      64.000  TEMP(K) =   291.72  PRESS =     0.0
 Etot   =    -10760.3180  EKtot   =      1884.0158  EPtot      =    -12644.3339
 BOND   =        12.3263  ANGLE   =        22.4607  DIHED      =        10.9975
 1-4 NB =        11.6576  1-4 EEL =      -246.5239  VDWAALS    =      2478.2327
 EELEC  =    -14945.0922  EHBOND  =         0.0000  RESTRAINT  =        11.6074
 EAMBER (non-restraint)  =    -12655.9413
 EKCMT  =         0.0000  VIRIAL  =         0.0000  VOLUME     =     31915.3264
                                                    Density    =         1.0163
 Ewald error estimate:   0.5087E-04
 ------------------------------------------------------------------------------

wrapping first mol.:       11.50826       16.27514       28.18937

 NSTEP =    22500   TIME(PS) =      65.000  TEMP(K) =   297.39  PRESS =     0.0
 Etot   =    -10766.2444  EKtot   =      1920.6876  EPtot      =    -12686.9320
 BOND   =         4.3372  ANGLE   =        15.1541  DIHED      =        12.9408
 1-4 NB =        12.0736  1-4 EEL =      -247.3681  VDWAALS    =      2567.5961
 EELEC  =    -15059.4837  EHBOND  =         0.0000  RESTRAINT  =         7.8179
 EAMBER (non-restraint)  =    -12694.7500
 EKCMT  =         0.0000  VIRIAL  =         0.0000  VOLUME     =     31678.9723
                                                    Density    =         1.0239
 Ewald error estimate:   0.1538E-03
 ------------------------------------------------------------------------------

wrapping first mol.:       11.50826       16.27514       28.18937

 NSTEP =    23000   TIME(PS) =      66.000  TEMP(K) =   293.52  PRESS =     0.0
 Etot   =    -10777.3237  EKtot   =      1895.6902  EPtot      =    -12673.0139
 BOND   =         3.6945  ANGLE   =        15.4449  DIHED      =        14.0095
 1-4 NB =        12.8408  1-4 EEL =      -248.9693  VDWAALS    =      2560.4822
 EELEC  =    -15042.5656  EHBOND  =         0.0000  RESTRAINT  =        12.0491
 EAMBER (non-restraint)  =    -12685.0630
 EKCMT  =         0.0000  VIRIAL  =         0.0000  VOLUME     =     31678.9723
                                                    Density    =         1.0239
 Ewald error estimate:   0.2528E-04
 ------------------------------------------------------------------------------

wrapping first mol.:       11.53862       16.31807       28.26372

 NSTEP =    23500   TIME(PS) =      67.000  TEMP(K) =   297.20  PRESS =     0.0
 Etot   =    -10754.0822  EKtot   =      1919.4010  EPtot      =    -12673.4832
 BOND   =         3.6849  ANGLE   =        15.4801  DIHED      =        11.3233
 1-4 NB =        13.4394  1-4 EEL =      -249.4071  VDWAALS    =      2605.5795
 EELEC  =    -15083.6766  EHBOND  =         0.0000  RESTRAINT  =        10.0934
 EAMBER (non-restraint)  =    -12683.5765
 EKCMT  =         0.0000  VIRIAL  =         0.0000  VOLUME     =     31930.3041
                                                    Density    =         1.0159
 Ewald error estimate:   0.1759E-03
 ------------------------------------------------------------------------------

wrapping first mol.:       11.56484       16.35516       28.32796

 NSTEP =    24000   TIME(PS) =      68.000  TEMP(K) =   294.51  PRESS =     0.0
 Etot   =    -10773.9261  EKtot   =      1902.0696  EPtot      =    -12675.9956
 BOND   =         7.4431  ANGLE   =        12.8577  DIHED      =        11.5925
 1-4 NB =        11.2164  1-4 EEL =      -244.9497  VDWAALS    =      2561.2363
 EELEC  =    -15042.2765  EHBOND  =         0.0000  RESTRAINT  =         6.8847
 EAMBER (non-restraint)  =    -12682.8803
 EKCMT  =         0.0000  VIRIAL  =         0.0000  VOLUME     =     32148.5186
                                                    Density    =         1.0090
 Ewald error estimate:   0.3550E-03
 ------------------------------------------------------------------------------

wrapping first mol.:       11.56690       16.35807       28.33301

 NSTEP =    24500   TIME(PS) =      69.000  TEMP(K) =   292.63  PRESS =     0.0
 Etot   =    -10746.3501  EKtot   =      1889.9259  EPtot      =    -12636.2760
 BOND   =         7.0828  ANGLE   =        13.0167  DIHED      =        12.8417
 1-4 NB =        11.9622  1-4 EEL =      -247.9150  VDWAALS    =      2442.6370
 EELEC  =    -14881.8185  EHBOND  =         0.0000  RESTRAINT  =         5.9171
 EAMBER (non-restraint)  =    -12642.1931
 EKCMT  =         0.0000  VIRIAL  =         0.0000  VOLUME     =     32165.6975
                                                    Density    =         1.0084
 Ewald error estimate:   0.4052E-03
 ------------------------------------------------------------------------------

wrapping first mol.:       11.59274       16.39461       28.39629

 NSTEP =    25000   TIME(PS) =      70.000  TEMP(K) =   298.33  PRESS =     0.0
 Etot   =    -10732.1207  EKtot   =      1926.7009  EPtot      =    -12658.8216
 BOND   =         6.6655  ANGLE   =        14.2310  DIHED      =        13.3531
 1-4 NB =        11.1920  1-4 EEL =      -247.9496  VDWAALS    =      2527.3032
 EELEC  =    -14992.4681  EHBOND  =         0.0000  RESTRAINT  =         8.8513
 EAMBER (non-restraint)  =    -12667.6728
 EKCMT  =         0.0000  VIRIAL  =         0.0000  VOLUME     =     32381.6973
                                                    Density    =         1.0017
 Ewald error estimate:   0.1510E-03
 ------------------------------------------------------------------------------

wrapping first mol.:       11.51272       16.28144       28.20028

 NSTEP =    25500   TIME(PS) =      71.000  TEMP(K) =   304.33  PRESS =     0.0
 Etot   =    -10730.1303  EKtot   =      1965.5004  EPtot      =    -12695.6306
 BOND   =         9.6479  ANGLE   =        12.2539  DIHED      =        16.7293
 1-4 NB =        11.9092  1-4 EEL =      -250.0331  VDWAALS    =      2544.7674
 EELEC  =    -15048.5340  EHBOND  =         0.0000  RESTRAINT  =         7.6289
 EAMBER (non-restraint)  =    -12703.2596
 EKCMT  =         0.0000  VIRIAL  =         0.0000  VOLUME     =     31715.7624
                                                    Density    =         1.0227
 Ewald error estimate:   0.2483E-04
 ------------------------------------------------------------------------------

wrapping first mol.:       11.54799       16.33133       28.28669

 NSTEP =    26000   TIME(PS) =      72.000  TEMP(K) =   295.73  PRESS =     0.0
 Etot   =    -10755.4996  EKtot   =      1909.9604  EPtot      =    -12665.4600
 BOND   =         9.1068  ANGLE   =        17.6686  DIHED      =        13.4271
 1-4 NB =        11.4073  1-4 EEL =      -245.7926  VDWAALS    =      2464.1567
 EELEC  =    -14943.0332  EHBOND  =         0.0000  RESTRAINT  =         7.5994
 EAMBER (non-restraint)  =    -12673.0594
 EKCMT  =         0.0000  VIRIAL  =         0.0000  VOLUME     =     32008.2098
                                                    Density    =         1.0134
 Ewald error estimate:   0.1509E-03
 ------------------------------------------------------------------------------

wrapping first mol.:       11.56903       16.36108       28.33822

 NSTEP =    26500   TIME(PS) =      73.000  TEMP(K) =   298.14  PRESS =     0.0
 Etot   =    -10717.9244  EKtot   =      1925.4984  EPtot      =    -12643.4228
 BOND   =         4.3937  ANGLE   =        15.5931  DIHED      =        14.0479
 1-4 NB =        12.4599  1-4 EEL =      -249.2141  VDWAALS    =      2556.2872
 EELEC  =    -15003.9852  EHBOND  =         0.0000  RESTRAINT  =         6.9946
 EAMBER (non-restraint)  =    -12650.4174
 EKCMT  =         0.0000  VIRIAL  =         0.0000  VOLUME     =     32183.4443
                                                    Density    =         1.0079
 Ewald error estimate:   0.2081E-03
 ------------------------------------------------------------------------------

wrapping first mol.:       11.58323       16.38116       28.37300

 NSTEP =    27000   TIME(PS) =      74.000  TEMP(K) =   293.91  PRESS =     0.0
 Etot   =    -10787.6931  EKtot   =      1898.1543  EPtot      =    -12685.8474
 BOND   =         5.9331  ANGLE   =        17.4216  DIHED      =        13.0424
 1-4 NB =        11.6865  1-4 EEL =      -249.1655  VDWAALS    =      2516.0031
 EELEC  =    -15013.2008  EHBOND  =         0.0000  RESTRAINT  =        12.4322
 EAMBER (non-restraint)  =    -12698.2796
 EKCMT  =         0.0000  VIRIAL  =         0.0000  VOLUME     =     32302.0978
                                                    Density    =         1.0042
 Ewald error estimate:   0.2224E-03
 ------------------------------------------------------------------------------

wrapping first mol.:       11.56478       16.35507       28.32780

 NSTEP =    27500   TIME(PS) =      75.000  TEMP(K) =   298.45  PRESS =     0.0
 Etot   =    -10829.5873  EKtot   =      1927.5194  EPtot      =    -12757.1067
 BOND   =         9.1591  ANGLE   =        13.9470  DIHED      =        11.6800
 1-4 NB =        13.0042  1-4 EEL =      -248.5163  VDWAALS    =      2513.6853
 EELEC  =    -15078.4518  EHBOND  =         0.0000  RESTRAINT  =         8.3859
 EAMBER (non-restraint)  =    -12765.4925
 EKCMT  =         0.0000  VIRIAL  =         0.0000  VOLUME     =     32147.9772
                                                    Density    =         1.0090
 Ewald error estimate:   0.3294E-04
 ------------------------------------------------------------------------------

wrapping first mol.:       11.53958       16.31943       28.26607

 NSTEP =    28000   TIME(PS) =      76.000  TEMP(K) =   294.73  PRESS =     0.0
 Etot   =    -10809.6145  EKtot   =      1903.5000  EPtot      =    -12713.1145
 BOND   =        10.1235  ANGLE   =        17.7598  DIHED      =        13.1235
 1-4 NB =        11.4602  1-4 EEL =      -249.6139  VDWAALS    =      2488.4958
 EELEC  =    -15012.4057  EHBOND  =         0.0000  RESTRAINT  =         7.9423
 EAMBER (non-restraint)  =    -12721.0569
 EKCMT  =         0.0000  VIRIAL  =         0.0000  VOLUME     =     31938.2717
                                                    Density    =         1.0156
 Ewald error estimate:   0.9036E-04
 ------------------------------------------------------------------------------

wrapping first mol.:       11.55090       16.33544       28.29381

 NSTEP =    28500   TIME(PS) =      77.000  TEMP(K) =   297.71  PRESS =     0.0
 Etot   =    -10750.2021  EKtot   =      1922.7198  EPtot      =    -12672.9219
 BOND   =        12.0598  ANGLE   =        18.8194  DIHED      =        13.3712
 1-4 NB =        11.9202  1-4 EEL =      -249.3641  VDWAALS    =      2425.3528
 EELEC  =    -14912.7394  EHBOND  =         0.0000  RESTRAINT  =         7.6582
 EAMBER (non-restraint)  =    -12680.5801
 EKCMT  =         0.0000  VIRIAL  =         0.0000  VOLUME     =     32032.3744
                                                    Density    =         1.0126
 Ewald error estimate:   0.5765E-04
 ------------------------------------------------------------------------------

wrapping first mol.:       11.55008       16.33429       28.29181

 NSTEP =    29000   TIME(PS) =      78.000  TEMP(K) =   293.18  PRESS =     0.0
 Etot   =    -10788.5430  EKtot   =      1893.4463  EPtot      =    -12681.9893
 BOND   =         6.7105  ANGLE   =        15.5761  DIHED      =        13.6268
 1-4 NB =        10.8623  1-4 EEL =      -247.6715  VDWAALS    =      2468.4925
 EELEC  =    -14959.5490  EHBOND  =         0.0000  RESTRAINT  =         9.9630
 EAMBER (non-restraint)  =    -12691.9522
 EKCMT  =         0.0000  VIRIAL  =         0.0000  VOLUME     =     32025.5926
                                                    Density    =         1.0128
 Ewald error estimate:   0.2458E-03
 ------------------------------------------------------------------------------

wrapping first mol.:       11.55807       16.34558       28.31137

 NSTEP =    29500   TIME(PS) =      79.000  TEMP(K) =   297.59  PRESS =     0.0
 Etot   =    -10761.1700  EKtot   =      1921.9244  EPtot      =    -12683.0944
 BOND   =         7.7872  ANGLE   =        14.9862  DIHED      =        15.4215
 1-4 NB =        11.7055  1-4 EEL =      -246.7617  VDWAALS    =      2439.8793
 EELEC  =    -14933.3215  EHBOND  =         0.0000  RESTRAINT  =         7.2091
 EAMBER (non-restraint)  =    -12690.3035
 EKCMT  =         0.0000  VIRIAL  =         0.0000  VOLUME     =     32092.0551
                                                    Density    =         1.0107
 Ewald error estimate:   0.6409E-03
 ------------------------------------------------------------------------------

wrapping first mol.:       11.55807       16.34558       28.31137

 NSTEP =    30000   TIME(PS) =      80.000  TEMP(K) =   297.58  PRESS =     0.0
 Etot   =    -10757.8182  EKtot   =      1921.8723  EPtot      =    -12679.6905
 BOND   =         8.8296  ANGLE   =        18.6299  DIHED      =        15.7534
 1-4 NB =        12.7718  1-4 EEL =      -244.6065  VDWAALS    =      2449.0774
 EELEC  =    -14947.8811  EHBOND  =         0.0000  RESTRAINT  =         7.7349
 EAMBER (non-restraint)  =    -12687.4254
 EKCMT  =         0.0000  VIRIAL  =         0.0000  VOLUME     =     32092.0551
                                                    Density    =         1.0107
 Ewald error estimate:   0.4224E-03
 ------------------------------------------------------------------------------

wrapping first mol.:       11.54901       16.33276       28.28917

 NSTEP =    30500   TIME(PS) =      81.000  TEMP(K) =   295.62  PRESS =     0.0
 Etot   =    -10758.5211  EKtot   =      1909.2491  EPtot      =    -12667.7702
 BOND   =         4.9955  ANGLE   =        18.6758  DIHED      =        15.3678
 1-4 NB =        13.3197  1-4 EEL =      -247.0873  VDWAALS    =      2550.2524
 EELEC  =    -15032.3379  EHBOND  =         0.0000  RESTRAINT  =         9.0436
 EAMBER (non-restraint)  =    -12676.8139
 EKCMT  =         0.0000  VIRIAL  =         0.0000  VOLUME     =     32016.6418
                                                    Density    =         1.0131
 Ewald error estimate:   0.1680E-03
 ------------------------------------------------------------------------------

wrapping first mol.:       11.55352       16.33915       28.30024

 NSTEP =    31000   TIME(PS) =      82.000  TEMP(K) =   303.92  PRESS =     0.0
 Etot   =    -10691.0137  EKtot   =      1962.8280  EPtot      =    -12653.8416
 BOND   =         6.4495  ANGLE   =        14.5302  DIHED      =        13.9861
 1-4 NB =        11.7366  1-4 EEL =      -246.5719  VDWAALS    =      2600.6453
 EELEC  =    -15062.8589  EHBOND  =         0.0000  RESTRAINT  =         8.2415
 EAMBER (non-restraint)  =    -12662.0831
 EKCMT  =         0.0000  VIRIAL  =         0.0000  VOLUME     =     32054.2124
                                                    Density    =         1.0119
 Ewald error estimate:   0.2075E-03
 ------------------------------------------------------------------------------

wrapping first mol.:       11.56886       16.36084       28.33780

 NSTEP =    31500   TIME(PS) =      83.000  TEMP(K) =   303.09  PRESS =     0.0
 Etot   =    -10738.3039  EKtot   =      1957.4612  EPtot      =    -12695.7651
 BOND   =         5.4629  ANGLE   =        12.8248  DIHED      =        10.9923
 1-4 NB =        11.9041  1-4 EEL =      -247.5003  VDWAALS    =      2429.9584
 EELEC  =    -14927.4418  EHBOND  =         0.0000  RESTRAINT  =         8.0344
 EAMBER (non-restraint)  =    -12703.7995
 EKCMT  =         0.0000  VIRIAL  =         0.0000  VOLUME     =     32182.0382
                                                    Density    =         1.0079
 Ewald error estimate:   0.6872E-05
 ------------------------------------------------------------------------------

wrapping first mol.:       11.54882       16.33250       28.28872

 NSTEP =    32000   TIME(PS) =      84.000  TEMP(K) =   297.60  PRESS =     0.0
 Etot   =    -10700.2400  EKtot   =      1921.9938  EPtot      =    -12622.2338
 BOND   =         6.4116  ANGLE   =        15.5154  DIHED      =        14.6735
 1-4 NB =        11.4538  1-4 EEL =      -247.5179  VDWAALS    =      2498.2445
 EELEC  =    -14930.3241  EHBOND  =         0.0000  RESTRAINT  =         9.3094
 EAMBER (non-restraint)  =    -12631.5432
 EKCMT  =         0.0000  VIRIAL  =         0.0000  VOLUME     =     32015.1105
                                                    Density    =         1.0132
 Ewald error estimate:   0.1336E-03
 ------------------------------------------------------------------------------

wrapping first mol.:       11.53320       16.31041       28.25045

 NSTEP =    32500   TIME(PS) =      85.000  TEMP(K) =   293.74  PRESS =     0.0
 Etot   =    -10744.4155  EKtot   =      1897.1060  EPtot      =    -12641.5215
 BOND   =         7.7638  ANGLE   =        13.9071  DIHED      =        14.2813
 1-4 NB =        11.7454  1-4 EEL =      -249.7805  VDWAALS    =      2544.2763
 EELEC  =    -14990.8427  EHBOND  =         0.0000  RESTRAINT  =         7.1277
 EAMBER (non-restraint)  =    -12648.6492
 EKCMT  =         0.0000  VIRIAL  =         0.0000  VOLUME     =     31885.3560
                                                    Density    =         1.0173
 Ewald error estimate:   0.1012E-03
 ------------------------------------------------------------------------------

wrapping first mol.:       11.54483       16.32686       28.27894

 NSTEP =    33000   TIME(PS) =      86.000  TEMP(K) =   299.69  PRESS =     0.0
 Etot   =    -10724.7806  EKtot   =      1935.5119  EPtot      =    -12660.2925
 BOND   =         8.7480  ANGLE   =        12.1640  DIHED      =        12.7029
 1-4 NB =        11.6300  1-4 EEL =      -248.1224  VDWAALS    =      2488.0727
 EELEC  =    -14952.5578  EHBOND  =         0.0000  RESTRAINT  =         7.0701
 EAMBER (non-restraint)  =    -12667.3626
 EKCMT  =         0.0000  VIRIAL  =         0.0000  VOLUME     =     31981.9181
                                                    Density    =         1.0142
 Ewald error estimate:   0.6802E-04
 ------------------------------------------------------------------------------

wrapping first mol.:       11.55456       16.34062       28.30278

 NSTEP =    33500   TIME(PS) =      87.000  TEMP(K) =   303.50  PRESS =     0.0
 Etot   =    -10680.1806  EKtot   =      1960.1147  EPtot      =    -12640.2954
 BOND   =         6.6362  ANGLE   =        15.0991  DIHED      =        15.3364
 1-4 NB =        11.2514  1-4 EEL =      -246.6533  VDWAALS    =      2510.7742
 EELEC  =    -14962.9869  EHBOND  =         0.0000  RESTRAINT  =        10.2474
 EAMBER (non-restraint)  =    -12650.5428
 EKCMT  =         0.0000  VIRIAL  =         0.0000  VOLUME     =     32062.8435
                                                    Density    =         1.0117
 Ewald error estimate:   0.6034E-04
 ------------------------------------------------------------------------------

wrapping first mol.:       11.50669       16.27292       28.18552

 NSTEP =    34000   TIME(PS) =      88.000  TEMP(K) =   300.16  PRESS =     0.0
 Etot   =    -10714.2358  EKtot   =      1938.5579  EPtot      =    -12652.7938
 BOND   =         3.3793  ANGLE   =        20.6128  DIHED      =        12.5336
 1-4 NB =        12.2749  1-4 EEL =      -247.4940  VDWAALS    =      2565.6957
 EELEC  =    -15028.1657  EHBOND  =         0.0000  RESTRAINT  =         8.3696
 EAMBER (non-restraint)  =    -12661.1633
 EKCMT  =         0.0000  VIRIAL  =         0.0000  VOLUME     =     31665.9896
                                                    Density    =         1.0243
 Ewald error estimate:   0.1508E-03
 ------------------------------------------------------------------------------

wrapping first mol.:       11.53101       16.30731       28.24508

 NSTEP =    34500   TIME(PS) =      89.000  TEMP(K) =   299.11  PRESS =     0.0
 Etot   =    -10731.5897  EKtot   =      1931.7956  EPtot      =    -12663.3852
 BOND   =         4.6311  ANGLE   =        17.2341  DIHED      =        10.3044
 1-4 NB =        12.1724  1-4 EEL =      -246.3127  VDWAALS    =      2413.6474
 EELEC  =    -14885.9046  EHBOND  =         0.0000  RESTRAINT  =        10.8426
 EAMBER (non-restraint)  =    -12674.2279
 EKCMT  =         0.0000  VIRIAL  =         0.0000  VOLUME     =     31867.1610
                                                    Density    =         1.0179
 Ewald error estimate:   0.2123E-03
 ------------------------------------------------------------------------------

wrapping first mol.:       11.52420       16.29768       28.22841

 NSTEP =    35000   TIME(PS) =      90.000  TEMP(K) =   294.11  PRESS =     0.0
 Etot   =    -10779.3792  EKtot   =      1899.4427  EPtot      =    -12678.8219
 BOND   =         3.8282  ANGLE   =        16.7171  DIHED      =        14.4910
 1-4 NB =        12.2168  1-4 EEL =      -247.1446  VDWAALS    =      2485.9176
 EELEC  =    -14973.6174  EHBOND  =         0.0000  RESTRAINT  =         8.7695
 EAMBER (non-restraint)  =    -12687.5913
 EKCMT  =         0.0000  VIRIAL  =         0.0000  VOLUME     =     31810.7578
                                                    Density    =         1.0197
 Ewald error estimate:   0.3272E-04
 ------------------------------------------------------------------------------

wrapping first mol.:       11.52437       16.29791       28.22881

 NSTEP =    35500   TIME(PS) =      91.000  TEMP(K) =   297.94  PRESS =     0.0
 Etot   =    -10767.8747  EKtot   =      1924.2032  EPtot      =    -12692.0779
 BOND   =         3.6273  ANGLE   =        18.9366  DIHED      =        10.9799
 1-4 NB =        11.4198  1-4 EEL =      -247.8891  VDWAALS    =      2518.2970
 EELEC  =    -15016.8406  EHBOND  =         0.0000  RESTRAINT  =         9.3912
 EAMBER (non-restraint)  =    -12701.4690
 EKCMT  =         0.0000  VIRIAL  =         0.0000  VOLUME     =     31812.1289
                                                    Density    =         1.0196
 Ewald error estimate:   0.3097E-03
 ------------------------------------------------------------------------------

wrapping first mol.:       11.52183       16.29433       28.22261

 NSTEP =    36000   TIME(PS) =      92.000  TEMP(K) =   299.52  PRESS =     0.0
 Etot   =    -10745.7704  EKtot   =      1934.4283  EPtot      =    -12680.1986
 BOND   =         9.5127  ANGLE   =        16.0602  DIHED      =        13.7151
 1-4 NB =        12.5328  1-4 EEL =      -249.6156  VDWAALS    =      2527.5001
 EELEC  =    -15018.8408  EHBOND  =         0.0000  RESTRAINT  =         8.9369
 EAMBER (non-restraint)  =    -12689.1355
 EKCMT  =         0.0000  VIRIAL  =         0.0000  VOLUME     =     31791.1657
                                                    Density    =         1.0203
 Ewald error estimate:   0.2473E-03
 ------------------------------------------------------------------------------

wrapping first mol.:       11.52257       16.29538       28.22442

 NSTEP =    36500   TIME(PS) =      93.000  TEMP(K) =   298.24  PRESS =     0.0
 Etot   =    -10696.9215  EKtot   =      1926.1623  EPtot      =    -12623.0838
 BOND   =         5.3789  ANGLE   =        17.8377  DIHED      =        11.2808
 1-4 NB =        12.6817  1-4 EEL =      -249.6533  VDWAALS    =      2505.6083
 EELEC  =    -14934.6921  EHBOND  =         0.0000  RESTRAINT  =         8.4742
 EAMBER (non-restraint)  =    -12631.5579
 EKCMT  =         0.0000  VIRIAL  =         0.0000  VOLUME     =     31797.2770
                                                    Density    =         1.0201
 Ewald error estimate:   0.1473E-03
 ------------------------------------------------------------------------------

wrapping first mol.:       11.50574       16.27157       28.18319

 NSTEP =    37000   TIME(PS) =      94.000  TEMP(K) =   295.58  PRESS =     0.0
 Etot   =    -10683.9939  EKtot   =      1908.9923  EPtot      =    -12592.9862
 BOND   =         6.2805  ANGLE   =        17.5341  DIHED      =        12.0264
 1-4 NB =        11.8743  1-4 EEL =      -246.5314  VDWAALS    =      2485.9734
 EELEC  =    -14888.2931  EHBOND  =         0.0000  RESTRAINT  =         8.1496
 EAMBER (non-restraint)  =    -12601.1358
 EKCMT  =         0.0000  VIRIAL  =         0.0000  VOLUME     =     31658.1321
                                                    Density    =         1.0246
 Ewald error estimate:   0.1655E-03
 ------------------------------------------------------------------------------

wrapping first mol.:       11.50574       16.27157       28.18319

 NSTEP =    37500   TIME(PS) =      95.000  TEMP(K) =   305.49  PRESS =     0.0
 Etot   =    -10671.0143  EKtot   =      1972.9471  EPtot      =    -12643.9614
 BOND   =         9.3365  ANGLE   =        15.7911  DIHED      =        12.4472
 1-4 NB =        12.9361  1-4 EEL =      -250.2260  VDWAALS    =      2495.4965
 EELEC  =    -14947.0193  EHBOND  =         0.0000  RESTRAINT  =         7.2765
 EAMBER (non-restraint)  =    -12651.2379
 EKCMT  =         0.0000  VIRIAL  =         0.0000  VOLUME     =     31658.1321
                                                    Density    =         1.0246
 Ewald error estimate:   0.5362E-03
 ------------------------------------------------------------------------------

wrapping first mol.:       11.52116       16.29338       28.22096

 NSTEP =    38000   TIME(PS) =      96.000  TEMP(K) =   304.55  PRESS =     0.0
 Etot   =    -10635.6150  EKtot   =      1966.9007  EPtot      =    -12602.5157
 BOND   =         3.0893  ANGLE   =        15.5337  DIHED      =        13.5310
 1-4 NB =        13.3059  1-4 EEL =      -251.2726  VDWAALS    =      2528.6092
 EELEC  =    -14936.5692  EHBOND  =         0.0000  RESTRAINT  =        11.2569
 EAMBER (non-restraint)  =    -12613.7726
 EKCMT  =         0.0000  VIRIAL  =         0.0000  VOLUME     =     31785.5927
                                                    Density    =         1.0205
 Ewald error estimate:   0.3337E-03
 ------------------------------------------------------------------------------

wrapping first mol.:       11.51366       16.28277       28.20259

 NSTEP =    38500   TIME(PS) =      97.000  TEMP(K) =   304.60  PRESS =     0.0
 Etot   =    -10683.2007  EKtot   =      1967.2006  EPtot      =    -12650.4012
 BOND   =         7.9299  ANGLE   =        14.9669  DIHED      =        13.5308
 1-4 NB =        11.9773  1-4 EEL =      -246.2735  VDWAALS    =      2498.0262
 EELEC  =    -14959.9525  EHBOND  =         0.0000  RESTRAINT  =         9.3937
 EAMBER (non-restraint)  =    -12659.7949
 EKCMT  =         0.0000  VIRIAL  =         0.0000  VOLUME     =     31723.5601
                                                    Density    =         1.0225
 Ewald error estimate:   0.3472E-03
 ------------------------------------------------------------------------------

wrapping first mol.:       11.52333       16.29645       28.22627

 NSTEP =    39000   TIME(PS) =      98.000  TEMP(K) =   306.86  PRESS =     0.0
 Etot   =    -10681.6068  EKtot   =      1981.8414  EPtot      =    -12663.4482
 BOND   =         4.1263  ANGLE   =        18.5002  DIHED      =        13.3195
 1-4 NB =        12.2795  1-4 EEL =      -247.1414  VDWAALS    =      2470.7947
 EELEC  =    -14944.1025  EHBOND  =         0.0000  RESTRAINT  =         8.7756
 EAMBER (non-restraint)  =    -12672.2237
 EKCMT  =         0.0000  VIRIAL  =         0.0000  VOLUME     =     31803.5425
                                                    Density    =         1.0199
 Ewald error estimate:   0.2683E-03
 ------------------------------------------------------------------------------

wrapping first mol.:       11.53121       16.30760       28.24558

 NSTEP =    39500   TIME(PS) =      99.000  TEMP(K) =   299.91  PRESS =     0.0
 Etot   =    -10763.7698  EKtot   =      1936.9145  EPtot      =    -12700.6844
 BOND   =         9.1127  ANGLE   =        17.6698  DIHED      =        12.4061
 1-4 NB =        13.1364  1-4 EEL =      -250.0736  VDWAALS    =      2581.6316
 EELEC  =    -15096.2810  EHBOND  =         0.0000  RESTRAINT  =        11.7136
 EAMBER (non-restraint)  =    -12712.3979
 EKCMT  =         0.0000  VIRIAL  =         0.0000  VOLUME     =     31868.8688
                                                    Density    =         1.0178
 Ewald error estimate:   0.7836E-04
 ------------------------------------------------------------------------------

wrapping first mol.:       11.50934       16.27666       28.19200

 NSTEP =    40000   TIME(PS) =     100.000  TEMP(K) =   303.80  PRESS =     0.0
 Etot   =    -10652.5862  EKtot   =      1962.0412  EPtot      =    -12614.6274
 BOND   =         5.3373  ANGLE   =        18.6935  DIHED      =        12.8027
 1-4 NB =        11.3863  1-4 EEL =      -249.2120  VDWAALS    =      2500.5289
 EELEC  =    -14922.1135  EHBOND  =         0.0000  RESTRAINT  =         7.9495
 EAMBER (non-restraint)  =    -12622.5768
 EKCMT  =         0.0000  VIRIAL  =         0.0000  VOLUME     =     31687.8337
                                                    Density    =         1.0236
 Ewald error estimate:   0.8359E-04
 ------------------------------------------------------------------------------

wrapping first mol.:       11.51814       16.28911       28.21356

 NSTEP =    40500   TIME(PS) =     101.000  TEMP(K) =   300.89  PRESS =     0.0
 Etot   =    -10697.8932  EKtot   =      1943.2402  EPtot      =    -12641.1334
 BOND   =         9.9601  ANGLE   =        14.0232  DIHED      =        11.8991
 1-4 NB =        12.4551  1-4 EEL =      -248.8661  VDWAALS    =      2538.9408
 EELEC  =    -14990.7750  EHBOND  =         0.0000  RESTRAINT  =        11.2294
 EAMBER (non-restraint)  =    -12652.3628
 EKCMT  =         0.0000  VIRIAL  =         0.0000  VOLUME     =     31760.5910
                                                    Density    =         1.0213
 Ewald error estimate:   0.1176E-04
 ------------------------------------------------------------------------------

wrapping first mol.:       11.53842       16.31779       28.26323

 NSTEP =    41000   TIME(PS) =     102.000  TEMP(K) =   308.63  PRESS =     0.0
 Etot   =    -10680.5158  EKtot   =      1993.2795  EPtot      =    -12673.7953
 BOND   =         9.5731  ANGLE   =        16.0743  DIHED      =        13.3647
 1-4 NB =        11.0828  1-4 EEL =      -245.9702  VDWAALS    =      2591.6502
 EELEC  =    -15075.3164  EHBOND  =         0.0000  RESTRAINT  =         5.7463
 EAMBER (non-restraint)  =    -12679.5416
 EKCMT  =         0.0000  VIRIAL  =         0.0000  VOLUME     =     31928.6486
                                                    Density    =         1.0159
 Ewald error estimate:   0.1949E-05
 ------------------------------------------------------------------------------

wrapping first mol.:       11.51366       16.28278       28.20260

 NSTEP =    41500   TIME(PS) =     103.000  TEMP(K) =   298.85  PRESS =     0.0
 Etot   =    -10701.5885  EKtot   =      1930.0985  EPtot      =    -12631.6869
 BOND   =         9.1303  ANGLE   =        13.8210  DIHED      =        14.9937
 1-4 NB =        12.1607  1-4 EEL =      -248.0944  VDWAALS    =      2498.5380
 EELEC  =    -14941.3376  EHBOND  =         0.0000  RESTRAINT  =         9.1013
 EAMBER (non-restraint)  =    -12640.7883
 EKCMT  =         0.0000  VIRIAL  =         0.0000  VOLUME     =     31723.5909
                                                    Density    =         1.0225
 Ewald error estimate:   0.1450E-03
 ------------------------------------------------------------------------------

wrapping first mol.:       11.55067       16.33512       28.29325

 NSTEP =    42000   TIME(PS) =     104.000  TEMP(K) =   292.61  PRESS =     0.0
 Etot   =    -10770.3347  EKtot   =      1889.7565  EPtot      =    -12660.0912
 BOND   =         9.7205  ANGLE   =        10.3191  DIHED      =        12.2368
 1-4 NB =        11.3636  1-4 EEL =      -247.1507  VDWAALS    =      2390.2460
 EELEC  =    -14854.4905  EHBOND  =         0.0000  RESTRAINT  =         7.6640
 EAMBER (non-restraint)  =    -12667.7552
 EKCMT  =         0.0000  VIRIAL  =         0.0000  VOLUME     =     32030.4864
                                                    Density    =         1.0127
 Ewald error estimate:   0.2811E-03
 ------------------------------------------------------------------------------

wrapping first mol.:       11.58380       16.38197       28.37440

 NSTEP =    42500   TIME(PS) =     105.000  TEMP(K) =   293.81  PRESS =     0.0
 Etot   =    -10774.1011  EKtot   =      1897.5413  EPtot      =    -12671.6425
 BOND   =         3.7449  ANGLE   =        14.7070  DIHED      =        15.3242
 1-4 NB =        11.7108  1-4 EEL =      -248.4888  VDWAALS    =      2443.2020
 EELEC  =    -14918.7194  EHBOND  =         0.0000  RESTRAINT  =         6.8769
 EAMBER (non-restraint)  =    -12678.5194
 EKCMT  =         0.0000  VIRIAL  =         0.0000  VOLUME     =     32306.8810
                                                    Density    =         1.0040
 Ewald error estimate:   0.1606E-03
 ------------------------------------------------------------------------------

wrapping first mol.:       11.58660       16.38593       28.38126

 NSTEP =    43000   TIME(PS) =     106.000  TEMP(K) =   296.87  PRESS =     0.0
 Etot   =    -10835.0114  EKtot   =      1917.2933  EPtot      =    -12752.3047
 BOND   =        10.9607  ANGLE   =        12.9931  DIHED      =        12.0441
 1-4 NB =        12.7866  1-4 EEL =      -246.9341  VDWAALS    =      2509.9497
 EELEC  =    -15075.8512  EHBOND  =         0.0000  RESTRAINT  =        11.7464
 EAMBER (non-restraint)  =    -12764.0511
 EKCMT  =         0.0000  VIRIAL  =         0.0000  VOLUME     =     32330.3256
                                                    Density    =         1.0033
 Ewald error estimate:   0.2921E-03
 ------------------------------------------------------------------------------

wrapping first mol.:       11.58953       16.39007       28.38843

 NSTEP =    43500   TIME(PS) =     107.000  TEMP(K) =   298.88  PRESS =     0.0
 Etot   =    -10854.5162  EKtot   =      1930.2661  EPtot      =    -12784.7824
 BOND   =         6.2964  ANGLE   =        15.5012  DIHED      =        11.6867
 1-4 NB =        11.5286  1-4 EEL =      -246.6862  VDWAALS    =      2508.0966
 EELEC  =    -15098.8824  EHBOND  =         0.0000  RESTRAINT  =         7.6769
 EAMBER (non-restraint)  =    -12792.4592
 EKCMT  =         0.0000  VIRIAL  =         0.0000  VOLUME     =     32354.8408
                                                    Density    =         1.0025
 Ewald error estimate:   0.2879E-03
 ------------------------------------------------------------------------------

wrapping first mol.:       11.51342       16.28244       28.20201

 NSTEP =    44000   TIME(PS) =     108.000  TEMP(K) =   293.10  PRESS =     0.0
 Etot   =    -10855.0511  EKtot   =      1892.9682  EPtot      =    -12748.0193
 BOND   =         5.5077  ANGLE   =        17.7173  DIHED      =        11.8302
 1-4 NB =        13.6046  1-4 EEL =      -251.7148  VDWAALS    =      2642.2983
 EELEC  =    -15197.0444  EHBOND  =         0.0000  RESTRAINT  =         9.7817
 EAMBER (non-restraint)  =    -12757.8011
 EKCMT  =         0.0000  VIRIAL  =         0.0000  VOLUME     =     31721.6038
                                                    Density    =         1.0225
 Ewald error estimate:   0.1466E-03
 ------------------------------------------------------------------------------

wrapping first mol.:       11.52673       16.30125       28.23460

 NSTEP =    44500   TIME(PS) =     109.000  TEMP(K) =   298.72  PRESS =     0.0
 Etot   =    -10725.4846  EKtot   =      1929.2131  EPtot      =    -12654.6978
 BOND   =         8.2152  ANGLE   =        14.6708  DIHED      =        13.1457
 1-4 NB =        11.2018  1-4 EEL =      -246.9368  VDWAALS    =      2480.8966
 EELEC  =    -14942.2771  EHBOND  =         0.0000  RESTRAINT  =         6.3860
 EAMBER (non-restraint)  =    -12661.0838
 EKCMT  =         0.0000  VIRIAL  =         0.0000  VOLUME     =     31831.6993
                                                    Density    =         1.0190
 Ewald error estimate:   0.1569E-03
 ------------------------------------------------------------------------------

wrapping first mol.:       11.52673       16.30125       28.23460

 NSTEP =    45000   TIME(PS) =     110.000  TEMP(K) =   301.13  PRESS =     0.0
 Etot   =    -10753.1089  EKtot   =      1944.8219  EPtot      =    -12697.9307
 BOND   =         5.8854  ANGLE   =        15.5168  DIHED      =        15.6169
 1-4 NB =        10.3958  1-4 EEL =      -245.8250  VDWAALS    =      2394.0903
 EELEC  =    -14902.0526  EHBOND  =         0.0000  RESTRAINT  =         8.4417
 EAMBER (non-restraint)  =    -12706.3724
 EKCMT  =         0.0000  VIRIAL  =         0.0000  VOLUME     =     31831.6993
                                                    Density    =         1.0190
 Ewald error estimate:   0.1825E-03
 ------------------------------------------------------------------------------

wrapping first mol.:       11.52471       16.29840       28.22966

 NSTEP =    45500   TIME(PS) =     111.000  TEMP(K) =   290.22  PRESS =     0.0
 Etot   =    -10780.4670  EKtot   =      1874.3190  EPtot      =    -12654.7861
 BOND   =         5.9843  ANGLE   =        15.9915  DIHED      =        13.4040
 1-4 NB =        11.5201  1-4 EEL =      -246.4341  VDWAALS    =      2514.0087
 EELEC  =    -14981.2360  EHBOND  =         0.0000  RESTRAINT  =        11.9754
 EAMBER (non-restraint)  =    -12666.7615
 EKCMT  =         0.0000  VIRIAL  =         0.0000  VOLUME     =     31814.9986
                                                    Density    =         1.0195
 Ewald error estimate:   0.1881E-04
 ------------------------------------------------------------------------------

wrapping first mol.:       11.50401       16.26913       28.17896

 NSTEP =    46000   TIME(PS) =     112.000  TEMP(K) =   296.69  PRESS =     0.0
 Etot   =    -10685.1907  EKtot   =      1916.1627  EPtot      =    -12601.3535
 BOND   =         7.7335  ANGLE   =        18.6639  DIHED      =        13.2189
 1-4 NB =        11.1733  1-4 EEL =      -245.6962  VDWAALS    =      2402.3016
 EELEC  =    -14821.2414  EHBOND  =         0.0000  RESTRAINT  =        12.4929
 EAMBER (non-restraint)  =    -12613.8464
 EKCMT  =         0.0000  VIRIAL  =         0.0000  VOLUME     =     31643.8857
                                                    Density    =         1.0251
 Ewald error estimate:   0.2036E-03
 ------------------------------------------------------------------------------

wrapping first mol.:       11.50112       16.26504       28.17187

 NSTEP =    46500   TIME(PS) =     113.000  TEMP(K) =   293.72  PRESS =     0.0
 Etot   =    -10699.1291  EKtot   =      1896.9639  EPtot      =    -12596.0930
 BOND   =         7.2508  ANGLE   =        17.2436  DIHED      =        16.3506
 1-4 NB =        11.9436  1-4 EEL =      -248.5484  VDWAALS    =      2499.0688
 EELEC  =    -14909.8982  EHBOND  =         0.0000  RESTRAINT  =        10.4961
 EAMBER (non-restraint)  =    -12606.5891
 EKCMT  =         0.0000  VIRIAL  =         0.0000  VOLUME     =     31619.9932
                                                    Density    =         1.0258
 Ewald error estimate:   0.9318E-04
 ------------------------------------------------------------------------------

wrapping first mol.:       11.52701       16.30166       28.23530

 NSTEP =    47000   TIME(PS) =     114.000  TEMP(K) =   293.61  PRESS =     0.0
 Etot   =    -10808.7817  EKtot   =      1896.2324  EPtot      =    -12705.0140
 BOND   =         4.5040  ANGLE   =        20.4324  DIHED      =        11.3789
 1-4 NB =        12.2317  1-4 EEL =      -249.5769  VDWAALS    =      2529.6529
 EELEC  =    -15042.8893  EHBOND  =         0.0000  RESTRAINT  =         9.2523
 EAMBER (non-restraint)  =    -12714.2663
 EKCMT  =         0.0000  VIRIAL  =         0.0000  VOLUME     =     31834.0658
                                                    Density    =         1.0189
 Ewald error estimate:   0.1119E-03
 ------------------------------------------------------------------------------

wrapping first mol.:       11.53610       16.31451       28.25756

 NSTEP =    47500   TIME(PS) =     115.000  TEMP(K) =   302.12  PRESS =     0.0
 Etot   =    -10767.9790  EKtot   =      1951.1847  EPtot      =    -12719.1637
 BOND   =         5.8812  ANGLE   =        17.2248  DIHED      =        13.3088
 1-4 NB =        12.3846  1-4 EEL =      -248.3611  VDWAALS    =      2508.7130
 EELEC  =    -15039.1888  EHBOND  =         0.0000  RESTRAINT  =        10.8738
 EAMBER (non-restraint)  =    -12730.0375
 EKCMT  =         0.0000  VIRIAL  =         0.0000  VOLUME     =     31909.4279
                                                    Density    =         1.0165
 Ewald error estimate:   0.1540E-04
 ------------------------------------------------------------------------------

wrapping first mol.:       11.51446       16.28391       28.20455

 NSTEP =    48000   TIME(PS) =     116.000  TEMP(K) =   294.47  PRESS =     0.0
 Etot   =    -10796.4508  EKtot   =      1901.7800  EPtot      =    -12698.2308
 BOND   =         6.5851  ANGLE   =        14.8864  DIHED      =        10.6431
 1-4 NB =        11.8678  1-4 EEL =      -247.3269  VDWAALS    =      2562.7230
 EELEC  =    -15069.1473  EHBOND  =         0.0000  RESTRAINT  =        11.5381
 EAMBER (non-restraint)  =    -12709.7689
 EKCMT  =         0.0000  VIRIAL  =         0.0000  VOLUME     =     31730.1756
                                                    Density    =         1.0223
 Ewald error estimate:   0.2453E-03
 ------------------------------------------------------------------------------

wrapping first mol.:       11.53504       16.31301       28.25497

 NSTEP =    48500   TIME(PS) =     117.000  TEMP(K) =   291.77  PRESS =     0.0
 Etot   =    -10739.7935  EKtot   =      1884.3671  EPtot      =    -12624.1605
 BOND   =         7.6217  ANGLE   =        17.5395  DIHED      =        14.1660
 1-4 NB =        13.7389  1-4 EEL =      -252.6277  VDWAALS    =      2375.4437
 EELEC  =    -14808.6467  EHBOND  =         0.0000  RESTRAINT  =         8.6041
 EAMBER (non-restraint)  =    -12632.7646
 EKCMT  =         0.0000  VIRIAL  =         0.0000  VOLUME     =     31900.6331
                                                    Density    =         1.0168
 Ewald error estimate:   0.1426E-03
 ------------------------------------------------------------------------------

wrapping first mol.:       11.54261       16.32371       28.27349

 NSTEP =    49000   TIME(PS) =     118.000  TEMP(K) =   307.98  PRESS =     0.0
 Etot   =    -10775.4238  EKtot   =      1989.0716  EPtot      =    -12764.4954
 BOND   =         6.2939  ANGLE   =        21.9587  DIHED      =        11.4040
 1-4 NB =        12.7539  1-4 EEL =      -247.2986  VDWAALS    =      2626.3095
 EELEC  =    -15206.9086  EHBOND  =         0.0000  RESTRAINT  =        10.9918
 EAMBER (non-restraint)  =    -12775.4872
 EKCMT  =         0.0000  VIRIAL  =         0.0000  VOLUME     =     31963.4256
                                                    Density    =         1.0148
 Ewald error estimate:   0.2561E-04
 ------------------------------------------------------------------------------

wrapping first mol.:       11.53554       16.31372       28.25620

 NSTEP =    49500   TIME(PS) =     119.000  TEMP(K) =   307.85  PRESS =     0.0
 Etot   =    -10759.2464  EKtot   =      1988.1957  EPtot      =    -12747.4421
 BOND   =         4.4328  ANGLE   =        13.9368  DIHED      =        12.7053
 1-4 NB =        12.3596  1-4 EEL =      -246.3744  VDWAALS    =      2566.7106
 EELEC  =    -15121.1394  EHBOND  =         0.0000  RESTRAINT  =         9.9266
 EAMBER (non-restraint)  =    -12757.3687
 EKCMT  =         0.0000  VIRIAL  =         0.0000  VOLUME     =     31904.8011
                                                    Density    =         1.0167
 Ewald error estimate:   0.2894E-03
 ------------------------------------------------------------------------------

wrapping first mol.:       11.57196       16.36523       28.34540
wrapping first mol.:       11.57196       16.36523       28.34540

 NSTEP =    50000   TIME(PS) =     120.000  TEMP(K) =   307.76  PRESS =     0.0
 Etot   =    -10669.4484  EKtot   =      1987.6320  EPtot      =    -12657.0804
 BOND   =         7.8549  ANGLE   =        13.6277  DIHED      =        12.8682
 1-4 NB =        11.9077  1-4 EEL =      -247.4657  VDWAALS    =      2465.6499
 EELEC  =    -14929.8572  EHBOND  =         0.0000  RESTRAINT  =         8.3341
 EAMBER (non-restraint)  =    -12665.4145
 EKCMT  =         0.0000  VIRIAL  =         0.0000  VOLUME     =     32207.9289
                                                    Density    =         1.0071
 Ewald error estimate:   0.2306E-03
 ------------------------------------------------------------------------------


      A V E R A G E S   O V E R     100 S T E P S


 NSTEP =    50000   TIME(PS) =     120.000  TEMP(K) =   298.40  PRESS =     0.0
 Etot   =    -10705.3194  EKtot   =      1927.1905  EPtot      =    -12632.5099
 BOND   =         7.0174  ANGLE   =        16.1253  DIHED      =        13.2196
 1-4 NB =        12.0604  1-4 EEL =      -247.9041  VDWAALS    =      2479.8282
 EELEC  =    -14921.6239  EHBOND  =         0.0000  RESTRAINT  =         8.7671
 EAMBER (non-restraint)  =    -12641.2771
 EKCMT  =         0.0000  VIRIAL  =         0.0000  VOLUME     =     32518.7059
                                                    Density    =         0.9993
 Ewald error estimate:   0.1696E-03
 ------------------------------------------------------------------------------


      R M S  F L U C T U A T I O N S


 NSTEP =    50000   TIME(PS) =     120.000  TEMP(K) =     4.83  PRESS =     0.0
 Etot   =       102.5853  EKtot   =        31.1920  EPtot      =        97.8360
 BOND   =         2.3209  ANGLE   =         2.3561  DIHED      =         1.5248
 1-4 NB =         0.7564  1-4 EEL =         1.5766  VDWAALS    =        78.1210
 EELEC  =       160.2648  EHBOND  =         0.0000  RESTRAINT  =         1.7404
 EAMBER (non-restraint)  =        96.0955
 EKCMT  =         0.0000  VIRIAL  =         0.0000  VOLUME     =      1440.1206
                                                    Density    =         0.0402
 Ewald error estimate:   0.1197E-03
 ------------------------------------------------------------------------------

| MC Barostat:        500 volume changes attempted.
| MC Barostat:        238 changes successful ( 47.60%)
 ------------------------------------------------------------------------------

--------------------------------------------------------------------------------
   5.  TIMINGS
--------------------------------------------------------------------------------

|  NonSetup CPU Time in Major Routines, Average for All Tasks:
|
|     Routine           Sec        %
|     ------------------------------
|     DataDistrib       9.80    9.49
|     Nonbond          88.00   85.18
|     Bond              0.14    0.13
|     Angle             0.16    0.16
|     Dihedral          0.22    0.22
|     Shake             0.60    0.58
|     RunMD             4.19    4.06
|     Other             0.19    0.18
|     ------------------------------
|     Total           103.30

|  PME Nonbond Pairlist CPU Time, Average for All Tasks:
|
|     Routine              Sec        %
|     ---------------------------------
|     Set Up Cit           0.28    0.27
|     Build List          10.39   10.06
|     ---------------------------------
|     Total               10.67   10.33

|  PME Direct Force CPU Time, Average for All Tasks:
|
|     Routine              Sec        %
|     ---------------------------------
|     NonBonded Calc      60.85   58.90
|     Exclude Masked       0.68    0.66
|     Other                2.35    2.28
|     ---------------------------------
|     Total               63.87   61.83

|  PME Reciprocal Force CPU Time, Average for All Tasks:
|
|     Routine              Sec        %
|     ---------------------------------
|     1D bspline           1.11    1.07
|     Grid Charges         1.21    1.17
|     Scalar Sum           1.17    1.13
|     Gradient Sum         2.11    2.05
|     FFT                  7.55    7.31
|     ---------------------------------
|     Total               13.16   12.74

|  PME Load Balancing CPU Time, Average for All Tasks:
|
|     Routine                 Sec        %
|     ------------------------------------
|     Atom Reassign           0.00    0.00
|     Image Reassign          0.00    0.00
|     FFT Reassign            0.00    0.00
|     ------------------------------------
|     Total                   0.01    0.01

|  Final Performance Info:
|     -----------------------------------------------------
|     Average timings for last   20000 steps:
|     Elapsed(s) =      41.83 Per Step(ms) =       2.09
|         ns/day =      82.62   seconds/ns =    1045.76
|
|     Average timings for all steps:
|     Elapsed(s) =     103.37 Per Step(ms) =       2.07
|         ns/day =      83.59   seconds/ns =    1033.67
|     -----------------------------------------------------

|  Master Setup CPU time:            0.03 seconds
|  Master NonSetup CPU time:       103.07 seconds
|  Master Total CPU time:          103.11 seconds     0.03 hours

|  Master Setup wall time:           0    seconds
|  Master NonSetup wall time:      104    seconds
|  Master Total wall time:         104    seconds     0.03 hours
