
          -------------------------------------------------------
          Amber 18 PMEMD                              2018
          -------------------------------------------------------

| PMEMD implementation of SANDER, Release 18

| Run on 03/09/2022 at 00:43:44

|   Executable path: pmemd.MPI
| Working directory: /bgfs/lchong/dty7/ff15ipq-lig/charges/v00/GenConformers/Conf9
|          Hostname: smp-n123

  [-O]verwriting output

File Assignments:
|   MDIN: ../../../amber/6.3_eq2.in                                             
|  MDOUT: 6.3_eq2.out                                                           
| INPCRD: 6.2_eq1.rst                                                           
|   PARM: ../../mon.top                                                         
| RESTRT: 6.3_eq2.rst                                                           
|   REFC: 6.2_eq1.rst                                                           
|  MDVEL: mdvel                                                                 
|   MDEN: mden                                                                  
|  MDCRD: mdcrd                                                                 
| MDINFO: mdinfo                                                                
|LOGFILE: logfile                                                               
|  MDFRC: mdfrc                                                                 

 
 Here is the input file:
 
&cntrl                                                                         
  imin      = 0,                                                               
  irest     = 1,                                                               
  ntx       = 5,                                                               
  ig        = -1,                                                              
  dt        = 0.002,                                                           
  nstlim    = 50000,                                                           
  nscm      = 500,                                                             
  ntr       = 1,                                                               
  restraintmask = ':1',                                                        
  restraint_wt  = 10.0,                                                        
  ntb       = 2,                                                               
  ntp       = 1,                                                               
  barostat  = 2,                                                               
  pres0     = 1.0,                                                             
  mcbarint  = 100,                                                             
  comp      = 44.6,                                                            
  taup      = 1.0,                                                             
  ntt       = 3,                                                               
  temp0     = 298.0,                                                           
  gamma_ln  = 1.0,                                                             
  ntf       = 2,                                                               
  ntc       = 2,                                                               
  cut       = 10.0,                                                            
  ntpr      = 500,                                                             
  ntxo      = 1,                                                               
  ntwr      = 50000,                                                           
  ioutfm    = 1,                                                               
  ntwx      = 500,                                                             
  iwrap     = 1,                                                               
&end                                                                           


Note: ig = -1. Setting random seed to   626082 based on wallclock time in
      microseconds and disabling the synchronization of random numbers 
      between tasks to improve performance.
| irandom = 1, using AMBER's internal random number generator (default).
 
 
| Conditional Compilation Defines Used:
| MPI
| FFTW_FFT
| BINTRAJ
| MKL
| EMIL
 
| Largest sphere to fit in unit cell has radius =    14.791

| New format PARM file being parsed.
| Version =    1.000 Date = 03/08/22 Time = 18:50:46

| Note: 1-4 EEL scale factors are being read from the topology file.

| Note: 1-4 VDW scale factors are being read from the topology file.
| Duplicated    0 dihedrals

| Duplicated    0 dihedrals

--------------------------------------------------------------------------------
   1.  RESOURCE   USE: 
--------------------------------------------------------------------------------

 getting box info from netcdf restart file
 NATOM  =    3240 NTYPES =      14 NBONH =    3220 MBONA  =      21
 NTHETH =      33 MTHETA =      29 NPHIH =      58 MPHIA  =      46
 NHPARM =       0 NPARM  =       0 NNB   =    4456 NRES   =    1069
 NBONA  =      21 NTHETA =      29 NPHIA =      46 NUMBND =      22
 NUMANG =      35 NPTRA  =      22 NATYP =      17 NPHB   =       1
 IFBOX  =       2 NMXRS  =      36 IFCAP =       0 NEXTRA =       0
 NCOPY  =       0

| Coordinate Index Table dimensions:     5    5    5
| Direct force subcell size =     7.2460    7.2460    7.2460

     BOX TYPE: TRUNCATED OCTAHEDRON

--------------------------------------------------------------------------------
   2.  CONTROL  DATA  FOR  THE  RUN
--------------------------------------------------------------------------------

MON                                                                             

General flags:
     imin    =       0, nmropt  =       0

Nature and format of input:
     ntx     =       5, irest   =       1, ntrx    =       1

Nature and format of output:
     ntxo    =       1, ntpr    =     500, ntrx    =       1, ntwr    =   50000
     iwrap   =       1, ntwx    =     500, ntwv    =       0, ntwe    =       0
     ioutfm  =       1, ntwprt  =       0, idecomp =       0, rbornstat=      0

Potential function:
     ntf     =       2, ntb     =       2, igb     =       0, nsnb    =      25
     ipol    =       0, gbsa    =       0, iesp    =       0
     dielc   =   1.00000, cut     =  10.00000, intdiel =   1.00000

Frozen or restrained atoms:
     ibelly  =       0, ntr     =       1
     restraint_wt =  10.00000

Molecular dynamics:
     nstlim  =     50000, nscm    =         0, nrespa  =         1
     t       =   0.00000, dt      =   0.00200, vlimit  =  20.00000

Langevin dynamics temperature regulation:
     ig      =  626082
     temp0   = 298.00000, tempi   =   0.00000, gamma_ln=   1.00000

Pressure regulation:
     ntp     =       1
     pres0   =   1.00000, comp    =  44.60000, taup    =   1.00000
     Monte-Carlo Barostat:
     mcbarint  =     100

SHAKE:
     ntc     =       2, jfastw  =       0
     tol     =   0.00001

| Intermolecular bonds treatment:
|     no_intermolecular_bonds =       1

| Energy averages sample interval:
|     ene_avg_sampling =     500

Ewald parameters:
     verbose =       0, ew_type =       0, nbflag  =       1, use_pme =       1
     vdwmeth =       1, eedmeth =       1, netfrc  =       1
     Box X =   36.230   Box Y =   36.230   Box Z =   36.230
     Alpha =  109.471   Beta  =  109.471   Gamma =  109.471
     NFFT1 =   40       NFFT2 =   40       NFFT3 =   40
     Cutoff=   10.000   Tol   =0.100E-04
     Ewald Coefficient =  0.27511
     Interpolation order =    4

| PMEMD ewald parallel performance parameters:
|     block_fft =    0
|     fft_blk_y_divisor =    2
|     excl_recip =    0
|     excl_master =    0
|     atm_redist_freq =  320

    LOADING THE CONSTRAINED ATOMS AS GROUPS


   5.  REFERENCE ATOM COORDINATES

  MON                                                                             
     Mask :1; matches    36 atoms
| MONTE CARLO BAROSTAT IMPORTANT NOTE:
|   The Monte-Carlo barostat does not require the virial to adjust the system volume.
|   Since it is an expensive calculation, it is skipped for efficiency. A side-effect
|   is that the reported pressure is always 0 because it is not calculated.

--------------------------------------------------------------------------------
   3.  ATOMIC COORDINATES AND VELOCITIES
--------------------------------------------------------------------------------

MON                                                                             
 begin time read from input coords =    20.000 ps

 
 Number of triangulated 3-point waters found:     1068

     Sum of charges from parm topology file =  -0.00200217
     Forcing neutrality...

| Dynamic Memory, Types Used:
| Reals             1243290
| Integers           213819

| Nonbonded Pairs Initial Allocation:      317358

| Running AMBER/MPI version on    8 MPI task

 
--------------------------------------------------------------------------------
   4.  RESULTS
--------------------------------------------------------------------------------

 ---------------------------------------------------
 APPROXIMATING switch and d/dx switch using CUBIC SPLINE INTERPOLATION
 using   5000.0 points per unit in tabled values
 TESTING RELATIVE ERROR over r ranging from 0.0 to cutoff
| CHECK switch(x): max rel err =   0.3316E-14   at   2.351880
| CHECK d/dx switch(x): max rel err =   0.8066E-11   at   2.747240
 ---------------------------------------------------
|---------------------------------------------------
| APPROXIMATING direct energy using CUBIC SPLINE INTERPOLATION
|  with   50.0 points per unit in tabled values
| Relative Error Limit not exceeded for r .gt.   2.34
| APPROXIMATING direct force using CUBIC SPLINE INTERPOLATION
|  with   50.0 points per unit in tabled values
| Relative Error Limit not exceeded for r .gt.   2.81
|---------------------------------------------------
wrapping first mol.:      -12.02928      -17.01196       29.46559

 NSTEP =      500   TIME(PS) =      21.000  TEMP(K) =   292.55  PRESS =     0.0
 Etot   =    -10536.1557  EKtot   =      1889.4180  EPtot      =    -12425.5737
 BOND   =        11.2949  ANGLE   =        21.9872  DIHED      =         9.8197
 1-4 NB =        10.8321  1-4 EEL =      -245.5713  VDWAALS    =      2316.9704
 EELEC  =    -14558.7193  EHBOND  =         0.0000  RESTRAINT  =         7.8126
 EAMBER (non-restraint)  =    -12433.3863
 EKCMT  =         0.0000  VIRIAL  =         0.0000  VOLUME     =     36179.3246
                                                    Density    =         0.8966
 Ewald error estimate:   0.1671E-04
 ------------------------------------------------------------------------------

wrapping first mol.:      -11.95203      -16.90272       29.27637

 NSTEP =     1000   TIME(PS) =      22.000  TEMP(K) =   297.07  PRESS =     0.0
 Etot   =    -10556.0946  EKtot   =      1918.6066  EPtot      =    -12474.7012
 BOND   =        10.3536  ANGLE   =        16.1067  DIHED      =         9.2062
 1-4 NB =        13.2101  1-4 EEL =      -250.5115  VDWAALS    =      2326.5023
 EELEC  =    -14605.9198  EHBOND  =         0.0000  RESTRAINT  =         6.3512
 EAMBER (non-restraint)  =    -12481.0524
 EKCMT  =         0.0000  VIRIAL  =         0.0000  VOLUME     =     35486.7939
                                                    Density    =         0.9140
 Ewald error estimate:   0.6226E-04
 ------------------------------------------------------------------------------

wrapping first mol.:      -11.92400      -16.86308       29.20771

 NSTEP =     1500   TIME(PS) =      23.000  TEMP(K) =   297.06  PRESS =     0.0
 Etot   =    -10454.4311  EKtot   =      1918.5157  EPtot      =    -12372.9468
 BOND   =         6.3801  ANGLE   =        15.6636  DIHED      =        11.3666
 1-4 NB =        11.3934  1-4 EEL =      -249.4800  VDWAALS    =      2314.4027
 EELEC  =    -14489.1479  EHBOND  =         0.0000  RESTRAINT  =         6.4748
 EAMBER (non-restraint)  =    -12379.4215
 EKCMT  =         0.0000  VIRIAL  =         0.0000  VOLUME     =     35237.6973
                                                    Density    =         0.9205
 Ewald error estimate:   0.3126E-03
 ------------------------------------------------------------------------------

wrapping first mol.:      -11.84200      -16.74711       29.00686

 NSTEP =     2000   TIME(PS) =      24.000  TEMP(K) =   305.96  PRESS =     0.0
 Etot   =    -10457.3910  EKtot   =      1976.0159  EPtot      =    -12433.4069
 BOND   =         8.9061  ANGLE   =        19.4556  DIHED      =        12.3389
 1-4 NB =        11.7343  1-4 EEL =      -252.6501  VDWAALS    =      2465.0692
 EELEC  =    -14705.6910  EHBOND  =         0.0000  RESTRAINT  =         7.4302
 EAMBER (non-restraint)  =    -12440.8371
 EKCMT  =         0.0000  VIRIAL  =         0.0000  VOLUME     =     34515.7212
                                                    Density    =         0.9398
 Ewald error estimate:   0.2855E-03
 ------------------------------------------------------------------------------

wrapping first mol.:      -11.76176      -16.63364       28.81031

 NSTEP =     2500   TIME(PS) =      25.000  TEMP(K) =   296.50  PRESS =     0.0
 Etot   =    -10614.2585  EKtot   =      1914.9189  EPtot      =    -12529.1774
 BOND   =        10.0821  ANGLE   =        23.1092  DIHED      =        12.3647
 1-4 NB =         9.4521  1-4 EEL =      -245.7978  VDWAALS    =      2607.1658
 EELEC  =    -14954.2446  EHBOND  =         0.0000  RESTRAINT  =         8.6913
 EAMBER (non-restraint)  =    -12537.8687
 EKCMT  =         0.0000  VIRIAL  =         0.0000  VOLUME     =     33818.8427
                                                    Density    =         0.9591
 Ewald error estimate:   0.6492E-04
 ------------------------------------------------------------------------------

wrapping first mol.:      -11.75635      -16.62598       28.79705

 NSTEP =     3000   TIME(PS) =      26.000  TEMP(K) =   301.93  PRESS =     0.0
 Etot   =    -10655.6889  EKtot   =      1949.9784  EPtot      =    -12605.6673
 BOND   =        10.6902  ANGLE   =        17.4629  DIHED      =        14.2524
 1-4 NB =        11.1495  1-4 EEL =      -248.6767  VDWAALS    =      2480.0124
 EELEC  =    -14901.9058  EHBOND  =         0.0000  RESTRAINT  =        11.3478
 EAMBER (non-restraint)  =    -12617.0151
 EKCMT  =         0.0000  VIRIAL  =         0.0000  VOLUME     =     33772.1834
                                                    Density    =         0.9605
 Ewald error estimate:   0.1592E-03
 ------------------------------------------------------------------------------

wrapping first mol.:      -11.66186      -16.49236       28.56560

 NSTEP =     3500   TIME(PS) =      27.000  TEMP(K) =   298.22  PRESS =     0.0
 Etot   =    -10706.1452  EKtot   =      1925.9884  EPtot      =    -12632.1336
 BOND   =         9.7952  ANGLE   =        15.9139  DIHED      =        12.3532
 1-4 NB =        10.5881  1-4 EEL =      -245.4949  VDWAALS    =      2576.6674
 EELEC  =    -15020.6493  EHBOND  =         0.0000  RESTRAINT  =         8.6929
 EAMBER (non-restraint)  =    -12640.8265
 EKCMT  =         0.0000  VIRIAL  =         0.0000  VOLUME     =     32964.4020
                                                    Density    =         0.9840
 Ewald error estimate:   0.1569E-03
 ------------------------------------------------------------------------------

wrapping first mol.:      -11.63063      -16.44819       28.48911

 NSTEP =     4000   TIME(PS) =      28.000  TEMP(K) =   294.43  PRESS =     0.0
 Etot   =    -10728.3520  EKtot   =      1901.5703  EPtot      =    -12629.9223
 BOND   =        11.6922  ANGLE   =        13.9299  DIHED      =        10.1640
 1-4 NB =         9.9213  1-4 EEL =      -247.8118  VDWAALS    =      2559.2122
 EELEC  =    -14994.3328  EHBOND  =         0.0000  RESTRAINT  =         7.3028
 EAMBER (non-restraint)  =    -12637.2250
 EKCMT  =         0.0000  VIRIAL  =         0.0000  VOLUME     =     32700.2932
                                                    Density    =         0.9919
 Ewald error estimate:   0.2321E-03
 ------------------------------------------------------------------------------

wrapping first mol.:      -11.59580      -16.39893       28.40379

 NSTEP =     4500   TIME(PS) =      29.000  TEMP(K) =   305.09  PRESS =     0.0
 Etot   =    -10740.4362  EKtot   =      1970.4165  EPtot      =    -12710.8527
 BOND   =        11.4594  ANGLE   =        12.2751  DIHED      =         9.8158
 1-4 NB =         9.0949  1-4 EEL =      -247.0475  VDWAALS    =      2576.5649
 EELEC  =    -15090.5340  EHBOND  =         0.0000  RESTRAINT  =         7.5186
 EAMBER (non-restraint)  =    -12718.3714
 EKCMT  =         0.0000  VIRIAL  =         0.0000  VOLUME     =     32407.3831
                                                    Density    =         1.0009
 Ewald error estimate:   0.6465E-03
 ------------------------------------------------------------------------------

wrapping first mol.:      -11.60012      -16.40504       28.41437

 NSTEP =     5000   TIME(PS) =      30.000  TEMP(K) =   298.98  PRESS =     0.0
 Etot   =    -10756.6585  EKtot   =      1930.9278  EPtot      =    -12687.5863
 BOND   =         5.8879  ANGLE   =        17.4525  DIHED      =        12.0348
 1-4 NB =        11.2626  1-4 EEL =      -250.0248  VDWAALS    =      2417.4669
 EELEC  =    -14910.4809  EHBOND  =         0.0000  RESTRAINT  =         8.8148
 EAMBER (non-restraint)  =    -12696.4011
 EKCMT  =         0.0000  VIRIAL  =         0.0000  VOLUME     =     32443.6147
                                                    Density    =         0.9998
 Ewald error estimate:   0.4710E-04
 ------------------------------------------------------------------------------

wrapping first mol.:      -11.57231      -16.36571       28.34625

 NSTEP =     5500   TIME(PS) =      31.000  TEMP(K) =   303.92  PRESS =     0.0
 Etot   =    -10736.1661  EKtot   =      1962.8132  EPtot      =    -12698.9793
 BOND   =         8.5548  ANGLE   =        12.4780  DIHED      =         9.5775
 1-4 NB =        12.9643  1-4 EEL =      -251.6475  VDWAALS    =      2509.6175
 EELEC  =    -15008.4941  EHBOND  =         0.0000  RESTRAINT  =         7.9700
 EAMBER (non-restraint)  =    -12706.9494
 EKCMT  =         0.0000  VIRIAL  =         0.0000  VOLUME     =     32210.8265
                                                    Density    =         1.0070
 Ewald error estimate:   0.3824E-03
 ------------------------------------------------------------------------------

wrapping first mol.:      -11.56808      -16.35973       28.33589

 NSTEP =     6000   TIME(PS) =      32.000  TEMP(K) =   291.90  PRESS =     0.0
 Etot   =    -10816.2812  EKtot   =      1885.2105  EPtot      =    -12701.4917
 BOND   =         6.6074  ANGLE   =        15.6838  DIHED      =        10.7290
 1-4 NB =        10.3346  1-4 EEL =      -247.5018  VDWAALS    =      2479.2820
 EELEC  =    -14986.6228  EHBOND  =         0.0000  RESTRAINT  =         9.9962
 EAMBER (non-restraint)  =    -12711.4879
 EKCMT  =         0.0000  VIRIAL  =         0.0000  VOLUME     =     32175.5082
                                                    Density    =         1.0081
 Ewald error estimate:   0.3558E-04
 ------------------------------------------------------------------------------

wrapping first mol.:      -11.58215      -16.37964       28.37037

 NSTEP =     6500   TIME(PS) =      33.000  TEMP(K) =   303.87  PRESS =     0.0
 Etot   =    -10718.0219  EKtot   =      1962.5278  EPtot      =    -12680.5497
 BOND   =         7.9309  ANGLE   =        14.8102  DIHED      =        13.1559
 1-4 NB =        11.7222  1-4 EEL =      -249.6738  VDWAALS    =      2556.4332
 EELEC  =    -15040.7657  EHBOND  =         0.0000  RESTRAINT  =         5.8373
 EAMBER (non-restraint)  =    -12686.3870
 EKCMT  =         0.0000  VIRIAL  =         0.0000  VOLUME     =     32293.1182
                                                    Density    =         1.0044
 Ewald error estimate:   0.4005E-03
 ------------------------------------------------------------------------------

wrapping first mol.:      -11.56540      -16.35594       28.32932

 NSTEP =     7000   TIME(PS) =      34.000  TEMP(K) =   304.09  PRESS =     0.0
 Etot   =    -10604.0555  EKtot   =      1963.9343  EPtot      =    -12567.9898
 BOND   =         6.4367  ANGLE   =        14.8658  DIHED      =        12.0512
 1-4 NB =        10.9301  1-4 EEL =      -246.9442  VDWAALS    =      2438.7310
 EELEC  =    -14815.0580  EHBOND  =         0.0000  RESTRAINT  =        10.9976
 EAMBER (non-restraint)  =    -12578.9874
 EKCMT  =         0.0000  VIRIAL  =         0.0000  VOLUME     =     32153.1442
                                                    Density    =         1.0088
 Ewald error estimate:   0.1997E-04
 ------------------------------------------------------------------------------

wrapping first mol.:      -11.58127      -16.37840       28.36822

 NSTEP =     7500   TIME(PS) =      35.000  TEMP(K) =   302.51  PRESS =     0.0
 Etot   =    -10640.8654  EKtot   =      1953.7407  EPtot      =    -12594.6060
 BOND   =         7.4076  ANGLE   =        17.5312  DIHED      =        11.5467
 1-4 NB =        12.5583  1-4 EEL =      -250.3083  VDWAALS    =      2482.3463
 EELEC  =    -14884.5365  EHBOND  =         0.0000  RESTRAINT  =         8.8486
 EAMBER (non-restraint)  =    -12603.4546
 EKCMT  =         0.0000  VIRIAL  =         0.0000  VOLUME     =     32285.7652
                                                    Density    =         1.0047
 Ewald error estimate:   0.5830E-04
 ------------------------------------------------------------------------------

wrapping first mol.:      -11.52798      -16.30303       28.23768

 NSTEP =     8000   TIME(PS) =      36.000  TEMP(K) =   299.34  PRESS =     0.0
 Etot   =    -10662.6625  EKtot   =      1933.2766  EPtot      =    -12595.9390
 BOND   =         6.9322  ANGLE   =        13.2846  DIHED      =        12.1225
 1-4 NB =        10.5831  1-4 EEL =      -247.0853  VDWAALS    =      2372.0110
 EELEC  =    -14771.3954  EHBOND  =         0.0000  RESTRAINT  =         7.6083
 EAMBER (non-restraint)  =    -12603.5473
 EKCMT  =         0.0000  VIRIAL  =         0.0000  VOLUME     =     31842.1176
                                                    Density    =         1.0187
 Ewald error estimate:   0.1559E-03
 ------------------------------------------------------------------------------

wrapping first mol.:      -11.55846      -16.34612       28.31232

 NSTEP =     8500   TIME(PS) =      37.000  TEMP(K) =   299.18  PRESS =     0.0
 Etot   =    -10690.8697  EKtot   =      1932.2465  EPtot      =    -12623.1161
 BOND   =         4.3138  ANGLE   =        14.6107  DIHED      =        12.4025
 1-4 NB =        12.5657  1-4 EEL =      -248.4156  VDWAALS    =      2501.5355
 EELEC  =    -14929.4026  EHBOND  =         0.0000  RESTRAINT  =         9.2739
 EAMBER (non-restraint)  =    -12632.3900
 EKCMT  =         0.0000  VIRIAL  =         0.0000  VOLUME     =     32095.2959
                                                    Density    =         1.0106
 Ewald error estimate:   0.3157E-04
 ------------------------------------------------------------------------------

wrapping first mol.:      -11.52764      -16.30254       28.23684

 NSTEP =     9000   TIME(PS) =      38.000  TEMP(K) =   299.27  PRESS =     0.0
 Etot   =    -10691.9185  EKtot   =      1932.8091  EPtot      =    -12624.7277
 BOND   =         7.4904  ANGLE   =        17.3359  DIHED      =        13.4599
 1-4 NB =        12.1780  1-4 EEL =      -248.1720  VDWAALS    =      2455.4897
 EELEC  =    -14893.5617  EHBOND  =         0.0000  RESTRAINT  =        11.0521
 EAMBER (non-restraint)  =    -12635.7798
 EKCMT  =         0.0000  VIRIAL  =         0.0000  VOLUME     =     31839.2651
                                                    Density    =         1.0188
 Ewald error estimate:   0.6987E-04
 ------------------------------------------------------------------------------

wrapping first mol.:      -11.55360      -16.33926       28.30043

 NSTEP =     9500   TIME(PS) =      39.000  TEMP(K) =   294.74  PRESS =     0.0
 Etot   =    -10758.2127  EKtot   =      1903.5693  EPtot      =    -12661.7820
 BOND   =         8.5609  ANGLE   =        16.4259  DIHED      =        11.8156
 1-4 NB =        10.2251  1-4 EEL =      -248.3144  VDWAALS    =      2573.8816
 EELEC  =    -15043.0153  EHBOND  =         0.0000  RESTRAINT  =         8.6385
 EAMBER (non-restraint)  =    -12670.4205
 EKCMT  =         0.0000  VIRIAL  =         0.0000  VOLUME     =     32054.8884
                                                    Density    =         1.0119
 Ewald error estimate:   0.3528E-03
 ------------------------------------------------------------------------------

wrapping first mol.:      -11.55637      -16.34317       28.30720

 NSTEP =    10000   TIME(PS) =      40.000  TEMP(K) =   294.10  PRESS =     0.0
 Etot   =    -10796.2592  EKtot   =      1899.4158  EPtot      =    -12695.6750
 BOND   =         7.3689  ANGLE   =        19.3041  DIHED      =        14.1438
 1-4 NB =        12.0045  1-4 EEL =      -246.0630  VDWAALS    =      2564.5582
 EELEC  =    -15083.5411  EHBOND  =         0.0000  RESTRAINT  =        16.5495
 EAMBER (non-restraint)  =    -12712.2246
 EKCMT  =         0.0000  VIRIAL  =         0.0000  VOLUME     =     32077.8879
                                                    Density    =         1.0112
 Ewald error estimate:   0.1352E-04
 ------------------------------------------------------------------------------

wrapping first mol.:      -11.56752      -16.35895       28.33453

 NSTEP =    10500   TIME(PS) =      41.000  TEMP(K) =   301.82  PRESS =     0.0
 Etot   =    -10724.7259  EKtot   =      1949.2820  EPtot      =    -12674.0080
 BOND   =         4.9232  ANGLE   =        11.6781  DIHED      =        14.3296
 1-4 NB =        11.9421  1-4 EEL =      -246.0407  VDWAALS    =      2540.5400
 EELEC  =    -15020.6525  EHBOND  =         0.0000  RESTRAINT  =         9.2721
 EAMBER (non-restraint)  =    -12683.2801
 EKCMT  =         0.0000  VIRIAL  =         0.0000  VOLUME     =     32170.8833
                                                    Density    =         1.0083
 Ewald error estimate:   0.1032E-03
 ------------------------------------------------------------------------------

wrapping first mol.:      -11.57759      -16.37319       28.35920

 NSTEP =    11000   TIME(PS) =      42.000  TEMP(K) =   297.03  PRESS =     0.0
 Etot   =    -10679.1862  EKtot   =      1918.3538  EPtot      =    -12597.5400
 BOND   =        11.2151  ANGLE   =        14.1752  DIHED      =        10.5563
 1-4 NB =         9.7963  1-4 EEL =      -249.0630  VDWAALS    =      2436.3934
 EELEC  =    -14837.7467  EHBOND  =         0.0000  RESTRAINT  =         7.1332
 EAMBER (non-restraint)  =    -12604.6732
 EKCMT  =         0.0000  VIRIAL  =         0.0000  VOLUME     =     32254.9718
                                                    Density    =         1.0056
 Ewald error estimate:   0.1524E-03
 ------------------------------------------------------------------------------

wrapping first mol.:      -11.57018      -16.36271       28.34105

 NSTEP =    11500   TIME(PS) =      43.000  TEMP(K) =   300.63  PRESS =     0.0
 Etot   =    -10601.4776  EKtot   =      1941.5964  EPtot      =    -12543.0739
 BOND   =         8.4531  ANGLE   =        14.6289  DIHED      =         9.8587
 1-4 NB =        11.5737  1-4 EEL =      -246.8688  VDWAALS    =      2434.8296
 EELEC  =    -14785.2023  EHBOND  =         0.0000  RESTRAINT  =         9.6532
 EAMBER (non-restraint)  =    -12552.7272
 EKCMT  =         0.0000  VIRIAL  =         0.0000  VOLUME     =     32193.0891
                                                    Density    =         1.0076
 Ewald error estimate:   0.1530E-03
 ------------------------------------------------------------------------------

wrapping first mol.:      -11.57310      -16.36684       28.34820

 NSTEP =    12000   TIME(PS) =      44.000  TEMP(K) =   296.12  PRESS =     0.0
 Etot   =    -10677.5268  EKtot   =      1912.4222  EPtot      =    -12589.9490
 BOND   =         7.8852  ANGLE   =        16.2574  DIHED      =        13.3660
 1-4 NB =        12.0710  1-4 EEL =      -251.1494  VDWAALS    =      2416.1742
 EELEC  =    -14815.3221  EHBOND  =         0.0000  RESTRAINT  =        10.7687
 EAMBER (non-restraint)  =    -12600.7176
 EKCMT  =         0.0000  VIRIAL  =         0.0000  VOLUME     =     32217.4696
                                                    Density    =         1.0068
 Ewald error estimate:   0.1230E-03
 ------------------------------------------------------------------------------

wrapping first mol.:      -11.55935      -16.34738       28.31450

 NSTEP =    12500   TIME(PS) =      45.000  TEMP(K) =   299.67  PRESS =     0.0
 Etot   =    -10685.8458  EKtot   =      1935.4101  EPtot      =    -12621.2558
 BOND   =         4.0012  ANGLE   =        17.9326  DIHED      =        11.3801
 1-4 NB =        11.3749  1-4 EEL =      -248.0155  VDWAALS    =      2470.2095
 EELEC  =    -14894.0100  EHBOND  =         0.0000  RESTRAINT  =         5.8714
 EAMBER (non-restraint)  =    -12627.1272
 EKCMT  =         0.0000  VIRIAL  =         0.0000  VOLUME     =     32102.7214
                                                    Density    =         1.0104
 Ewald error estimate:   0.2300E-03
 ------------------------------------------------------------------------------

wrapping first mol.:      -11.54582      -16.32826       28.28138

 NSTEP =    13000   TIME(PS) =      46.000  TEMP(K) =   299.82  PRESS =     0.0
 Etot   =    -10716.5322  EKtot   =      1936.3455  EPtot      =    -12652.8777
 BOND   =         6.1751  ANGLE   =        13.2603  DIHED      =        12.6419
 1-4 NB =        11.0932  1-4 EEL =      -245.8050  VDWAALS    =      2567.0587
 EELEC  =    -15024.4179  EHBOND  =         0.0000  RESTRAINT  =         7.1160
 EAMBER (non-restraint)  =    -12659.9936
 EKCMT  =         0.0000  VIRIAL  =         0.0000  VOLUME     =     31990.1814
                                                    Density    =         1.0140
 Ewald error estimate:   0.4702E-04
 ------------------------------------------------------------------------------

wrapping first mol.:      -11.55713      -16.34425       28.30908

 NSTEP =    13500   TIME(PS) =      47.000  TEMP(K) =   299.26  PRESS =     0.0
 Etot   =    -10645.5842  EKtot   =      1932.7298  EPtot      =    -12578.3140
 BOND   =         4.5956  ANGLE   =        18.5077  DIHED      =        14.5669
 1-4 NB =        11.6798  1-4 EEL =      -246.9807  VDWAALS    =      2442.8930
 EELEC  =    -14831.9151  EHBOND  =         0.0000  RESTRAINT  =         8.3389
 EAMBER (non-restraint)  =    -12586.6529
 EKCMT  =         0.0000  VIRIAL  =         0.0000  VOLUME     =     32084.2698
                                                    Density    =         1.0110
 Ewald error estimate:   0.1492E-03
 ------------------------------------------------------------------------------

wrapping first mol.:      -11.55713      -16.34425       28.30908

 NSTEP =    14000   TIME(PS) =      48.000  TEMP(K) =   291.49  PRESS =     0.0
 Etot   =    -10796.9037  EKtot   =      1882.5535  EPtot      =    -12679.4573
 BOND   =         3.6959  ANGLE   =        17.2267  DIHED      =        12.5104
 1-4 NB =        11.7148  1-4 EEL =      -247.4163  VDWAALS    =      2565.7928
 EELEC  =    -15050.3548  EHBOND  =         0.0000  RESTRAINT  =         7.3733
 EAMBER (non-restraint)  =    -12686.8306
 EKCMT  =         0.0000  VIRIAL  =         0.0000  VOLUME     =     32084.2698
                                                    Density    =         1.0110
 Ewald error estimate:   0.1694E-03
 ------------------------------------------------------------------------------

wrapping first mol.:      -11.54348      -16.32494       28.27563

 NSTEP =    14500   TIME(PS) =      49.000  TEMP(K) =   289.58  PRESS =     0.0
 Etot   =    -10862.6487  EKtot   =      1870.1859  EPtot      =    -12732.8346
 BOND   =         5.8013  ANGLE   =        11.4209  DIHED      =        12.0815
 1-4 NB =        12.1440  1-4 EEL =      -249.1111  VDWAALS    =      2502.9211
 EELEC  =    -15036.0588  EHBOND  =         0.0000  RESTRAINT  =         7.9665
 EAMBER (non-restraint)  =    -12740.8012
 EKCMT  =         0.0000  VIRIAL  =         0.0000  VOLUME     =     31970.6854
                                                    Density    =         1.0146
 Ewald error estimate:   0.2112E-03
 ------------------------------------------------------------------------------

wrapping first mol.:      -11.57160      -16.36472       28.34452

 NSTEP =    15000   TIME(PS) =      50.000  TEMP(K) =   285.99  PRESS =     0.0
 Etot   =    -10882.7952  EKtot   =      1847.0150  EPtot      =    -12729.8102
 BOND   =         6.2832  ANGLE   =        16.1735  DIHED      =        13.1608
 1-4 NB =         9.9571  1-4 EEL =      -248.0441  VDWAALS    =      2577.0893
 EELEC  =    -15110.4021  EHBOND  =         0.0000  RESTRAINT  =         5.9721
 EAMBER (non-restraint)  =    -12735.7823
 EKCMT  =         0.0000  VIRIAL  =         0.0000  VOLUME     =     32204.9375
                                                    Density    =         1.0072
 Ewald error estimate:   0.1949E-03
 ------------------------------------------------------------------------------

wrapping first mol.:      -11.56716      -16.35843       28.33364

 NSTEP =    15500   TIME(PS) =      51.000  TEMP(K) =   293.69  PRESS =     0.0
 Etot   =    -10879.0439  EKtot   =      1896.7411  EPtot      =    -12775.7851
 BOND   =         8.1275  ANGLE   =        17.4152  DIHED      =        11.1010
 1-4 NB =        10.0692  1-4 EEL =      -246.0867  VDWAALS    =      2647.2685
 EELEC  =    -15230.3009  EHBOND  =         0.0000  RESTRAINT  =         6.6212
 EAMBER (non-restraint)  =    -12782.4063
 EKCMT  =         0.0000  VIRIAL  =         0.0000  VOLUME     =     32167.8515
                                                    Density    =         1.0084
 Ewald error estimate:   0.1222E-03
 ------------------------------------------------------------------------------

wrapping first mol.:      -11.55555      -16.34202       28.30521

 NSTEP =    16000   TIME(PS) =      52.000  TEMP(K) =   296.14  PRESS =     0.0
 Etot   =    -10791.7060  EKtot   =      1912.6007  EPtot      =    -12704.3066
 BOND   =         9.5809  ANGLE   =        15.1130  DIHED      =        10.0809
 1-4 NB =        11.5792  1-4 EEL =      -248.5355  VDWAALS    =      2410.0103
 EELEC  =    -14921.2067  EHBOND  =         0.0000  RESTRAINT  =         9.0712
 EAMBER (non-restraint)  =    -12713.3778
 EKCMT  =         0.0000  VIRIAL  =         0.0000  VOLUME     =     32071.1098
                                                    Density    =         1.0114
 Ewald error estimate:   0.2500E-03
 ------------------------------------------------------------------------------

wrapping first mol.:      -11.54405      -16.32575       28.27703

 NSTEP =    16500   TIME(PS) =      53.000  TEMP(K) =   298.73  PRESS =     0.0
 Etot   =    -10853.0477  EKtot   =      1929.2947  EPtot      =    -12782.3424
 BOND   =         6.8576  ANGLE   =        12.1001  DIHED      =        10.4535
 1-4 NB =        12.0921  1-4 EEL =      -247.4893  VDWAALS    =      2438.7614
 EELEC  =    -15023.3774  EHBOND  =         0.0000  RESTRAINT  =         8.2595
 EAMBER (non-restraint)  =    -12790.6019
 EKCMT  =         0.0000  VIRIAL  =         0.0000  VOLUME     =     31975.4352
                                                    Density    =         1.0144
 Ewald error estimate:   0.1152E-03
 ------------------------------------------------------------------------------

wrapping first mol.:      -11.57362      -16.36757       28.34947

 NSTEP =    17000   TIME(PS) =      54.000  TEMP(K) =   289.76  PRESS =     0.0
 Etot   =    -10801.4119  EKtot   =      1871.3615  EPtot      =    -12672.7733
 BOND   =         7.5923  ANGLE   =        15.8816  DIHED      =         9.4890
 1-4 NB =        11.5286  1-4 EEL =      -247.8125  VDWAALS    =      2470.9387
 EELEC  =    -14948.7317  EHBOND  =         0.0000  RESTRAINT  =         8.3406
 EAMBER (non-restraint)  =    -12681.1139
 EKCMT  =         0.0000  VIRIAL  =         0.0000  VOLUME     =     32221.7915
                                                    Density    =         1.0067
 Ewald error estimate:   0.3945E-03
 ------------------------------------------------------------------------------

wrapping first mol.:      -11.56154      -16.35049       28.31989

 NSTEP =    17500   TIME(PS) =      55.000  TEMP(K) =   294.00  PRESS =     0.0
 Etot   =    -10888.2160  EKtot   =      1898.7924  EPtot      =    -12787.0084
 BOND   =         4.3864  ANGLE   =        19.9918  DIHED      =        12.6738
 1-4 NB =        12.5512  1-4 EEL =      -248.0236  VDWAALS    =      2524.4566
 EELEC  =    -15122.8893  EHBOND  =         0.0000  RESTRAINT  =         9.8447
 EAMBER (non-restraint)  =    -12796.8531
 EKCMT  =         0.0000  VIRIAL  =         0.0000  VOLUME     =     32121.0327
                                                    Density    =         1.0098
 Ewald error estimate:   0.2219E-05
 ------------------------------------------------------------------------------

wrapping first mol.:      -11.57210      -16.36543       28.34575

 NSTEP =    18000   TIME(PS) =      56.000  TEMP(K) =   298.83  PRESS =     0.0
 Etot   =    -10693.6648  EKtot   =      1929.9631  EPtot      =    -12623.6280
 BOND   =         8.9854  ANGLE   =        18.8682  DIHED      =        10.3463
 1-4 NB =        11.7504  1-4 EEL =      -248.3582  VDWAALS    =      2447.6889
 EELEC  =    -14883.5650  EHBOND  =         0.0000  RESTRAINT  =        10.6560
 EAMBER (non-restraint)  =    -12634.2840
 EKCMT  =         0.0000  VIRIAL  =         0.0000  VOLUME     =     32209.1288
                                                    Density    =         1.0071
 Ewald error estimate:   0.1665E-03
 ------------------------------------------------------------------------------

wrapping first mol.:      -11.60084      -16.40607       28.41615

 NSTEP =    18500   TIME(PS) =      57.000  TEMP(K) =   301.72  PRESS =     0.0
 Etot   =    -10707.5873  EKtot   =      1948.6164  EPtot      =    -12656.2036
 BOND   =         7.9825  ANGLE   =        18.5621  DIHED      =        14.2210
 1-4 NB =        11.5437  1-4 EEL =      -247.0481  VDWAALS    =      2356.5134
 EELEC  =    -14828.4314  EHBOND  =         0.0000  RESTRAINT  =        10.4532
 EAMBER (non-restraint)  =    -12666.6568
 EKCMT  =         0.0000  VIRIAL  =         0.0000  VOLUME     =     32449.7114
                                                    Density    =         0.9996
 Ewald error estimate:   0.3870E-03
 ------------------------------------------------------------------------------

wrapping first mol.:      -11.60125      -16.40664       28.41713

 NSTEP =    19000   TIME(PS) =      58.000  TEMP(K) =   300.24  PRESS =     0.0
 Etot   =    -10722.3057  EKtot   =      1939.0902  EPtot      =    -12661.3959
 BOND   =         4.3712  ANGLE   =        16.7169  DIHED      =        10.1082
 1-4 NB =        11.4907  1-4 EEL =      -248.1587  VDWAALS    =      2403.3414
 EELEC  =    -14866.4846  EHBOND  =         0.0000  RESTRAINT  =         7.2190
 EAMBER (non-restraint)  =    -12668.6148
 EKCMT  =         0.0000  VIRIAL  =         0.0000  VOLUME     =     32453.0724
                                                    Density    =         0.9995
 Ewald error estimate:   0.1745E-03
 ------------------------------------------------------------------------------

wrapping first mol.:      -11.57479      -16.36923       28.35234

 NSTEP =    19500   TIME(PS) =      59.000  TEMP(K) =   295.05  PRESS =     0.0
 Etot   =    -10675.5859  EKtot   =      1905.5645  EPtot      =    -12581.1504
 BOND   =         5.9054  ANGLE   =        14.6509  DIHED      =        10.9389
 1-4 NB =        12.1560  1-4 EEL =      -249.5470  VDWAALS    =      2489.6123
 EELEC  =    -14877.7305  EHBOND  =         0.0000  RESTRAINT  =        12.8637
 EAMBER (non-restraint)  =    -12594.0141
 EKCMT  =         0.0000  VIRIAL  =         0.0000  VOLUME     =     32231.5985
                                                    Density    =         1.0064
 Ewald error estimate:   0.5657E-04
 ------------------------------------------------------------------------------

wrapping first mol.:      -11.56075      -16.34938       28.31795

 NSTEP =    20000   TIME(PS) =      60.000  TEMP(K) =   302.45  PRESS =     0.0
 Etot   =    -10706.5523  EKtot   =      1953.3063  EPtot      =    -12659.8585
 BOND   =        10.0184  ANGLE   =        17.0603  DIHED      =        12.1916
 1-4 NB =        10.6945  1-4 EEL =      -247.1045  VDWAALS    =      2500.9886
 EELEC  =    -14971.6525  EHBOND  =         0.0000  RESTRAINT  =         7.9450
 EAMBER (non-restraint)  =    -12667.8035
 EKCMT  =         0.0000  VIRIAL  =         0.0000  VOLUME     =     32114.4535
                                                    Density    =         1.0100
 Ewald error estimate:   0.3693E-03
 ------------------------------------------------------------------------------

wrapping first mol.:      -11.54947      -16.33341       28.29031

 NSTEP =    20500   TIME(PS) =      61.000  TEMP(K) =   292.36  PRESS =     0.0
 Etot   =    -10851.6566  EKtot   =      1888.1954  EPtot      =    -12739.8521
 BOND   =         7.4627  ANGLE   =        16.6685  DIHED      =        13.3173
 1-4 NB =        11.9224  1-4 EEL =      -247.4119  VDWAALS    =      2468.8416
 EELEC  =    -15019.7496  EHBOND  =         0.0000  RESTRAINT  =         9.0970
 EAMBER (non-restraint)  =    -12748.9490
 EKCMT  =         0.0000  VIRIAL  =         0.0000  VOLUME     =     32020.4835
                                                    Density    =         1.0130
 Ewald error estimate:   0.1227E-03
 ------------------------------------------------------------------------------

wrapping first mol.:      -11.55936      -16.34740       28.31453

 NSTEP =    21000   TIME(PS) =      62.000  TEMP(K) =   293.92  PRESS =     0.0
 Etot   =    -10790.3946  EKtot   =      1898.2186  EPtot      =    -12688.6132
 BOND   =         5.0182  ANGLE   =        14.1236  DIHED      =        11.1598
 1-4 NB =        12.3280  1-4 EEL =      -247.8636  VDWAALS    =      2427.1853
 EELEC  =    -14919.3566  EHBOND  =         0.0000  RESTRAINT  =         8.7919
 EAMBER (non-restraint)  =    -12697.4052
 EKCMT  =         0.0000  VIRIAL  =         0.0000  VOLUME     =     32102.8101
                                                    Density    =         1.0104
 Ewald error estimate:   0.2418E-03
 ------------------------------------------------------------------------------

wrapping first mol.:      -11.55936      -16.34740       28.31453

 NSTEP =    21500   TIME(PS) =      63.000  TEMP(K) =   296.06  PRESS =     0.0
 Etot   =    -10805.5102  EKtot   =      1912.0482  EPtot      =    -12717.5585
 BOND   =         4.9007  ANGLE   =        12.5560  DIHED      =        12.7763
 1-4 NB =        11.0951  1-4 EEL =      -246.2450  VDWAALS    =      2485.4050
 EELEC  =    -15006.7943  EHBOND  =         0.0000  RESTRAINT  =         8.7477
 EAMBER (non-restraint)  =    -12726.3062
 EKCMT  =         0.0000  VIRIAL  =         0.0000  VOLUME     =     32102.8101
                                                    Density    =         1.0104
 Ewald error estimate:   0.6965E-04
 ------------------------------------------------------------------------------

wrapping first mol.:      -11.57430      -16.36853       28.35113

 NSTEP =    22000   TIME(PS) =      64.000  TEMP(K) =   303.18  PRESS =     0.0
 Etot   =    -10696.7866  EKtot   =      1958.0682  EPtot      =    -12654.8548
 BOND   =         6.3744  ANGLE   =        17.8518  DIHED      =        11.1339
 1-4 NB =        13.0470  1-4 EEL =      -247.0456  VDWAALS    =      2482.2117
 EELEC  =    -14945.9240  EHBOND  =         0.0000  RESTRAINT  =         7.4959
 EAMBER (non-restraint)  =    -12662.3507
 EKCMT  =         0.0000  VIRIAL  =         0.0000  VOLUME     =     32227.4735
                                                    Density    =         1.0065
 Ewald error estimate:   0.3131E-03
 ------------------------------------------------------------------------------

wrapping first mol.:      -11.61827      -16.43072       28.45884

 NSTEP =    22500   TIME(PS) =      65.000  TEMP(K) =   301.34  PRESS =     0.0
 Etot   =    -10654.2896  EKtot   =      1946.1859  EPtot      =    -12600.4754
 BOND   =         6.1453  ANGLE   =        13.8749  DIHED      =        10.9690
 1-4 NB =        11.1915  1-4 EEL =      -248.1191  VDWAALS    =      2482.3473
 EELEC  =    -14884.7432  EHBOND  =         0.0000  RESTRAINT  =         7.8588
 EAMBER (non-restraint)  =    -12608.3342
 EKCMT  =         0.0000  VIRIAL  =         0.0000  VOLUME     =     32596.1699
                                                    Density    =         0.9951
 Ewald error estimate:   0.1624E-03
 ------------------------------------------------------------------------------

wrapping first mol.:      -11.61827      -16.43072       28.45884

 NSTEP =    23000   TIME(PS) =      66.000  TEMP(K) =   299.23  PRESS =     0.0
 Etot   =    -10732.2764  EKtot   =      1932.5539  EPtot      =    -12664.8304
 BOND   =         7.4204  ANGLE   =        12.8409  DIHED      =        13.7883
 1-4 NB =        10.0567  1-4 EEL =      -245.0545  VDWAALS    =      2545.1674
 EELEC  =    -15016.3601  EHBOND  =         0.0000  RESTRAINT  =         7.3106
 EAMBER (non-restraint)  =    -12672.1409
 EKCMT  =         0.0000  VIRIAL  =         0.0000  VOLUME     =     32596.1699
                                                    Density    =         0.9951
 Ewald error estimate:   0.3041E-03
 ------------------------------------------------------------------------------

wrapping first mol.:      -11.57078      -16.36356       28.34251

 NSTEP =    23500   TIME(PS) =      67.000  TEMP(K) =   296.95  PRESS =     0.0
 Etot   =    -10780.4360  EKtot   =      1917.8358  EPtot      =    -12698.2717
 BOND   =         4.9496  ANGLE   =        16.8956  DIHED      =        11.4600
 1-4 NB =        10.4169  1-4 EEL =      -246.6532  VDWAALS    =      2576.1783
 EELEC  =    -15080.7889  EHBOND  =         0.0000  RESTRAINT  =         9.2699
 EAMBER (non-restraint)  =    -12707.5417
 EKCMT  =         0.0000  VIRIAL  =         0.0000  VOLUME     =     32198.0900
                                                    Density    =         1.0074
 Ewald error estimate:   0.2457E-03
 ------------------------------------------------------------------------------

wrapping first mol.:      -11.55736      -16.34457       28.30963

 NSTEP =    24000   TIME(PS) =      68.000  TEMP(K) =   303.32  PRESS =     0.0
 Etot   =    -10655.8205  EKtot   =      1958.9287  EPtot      =    -12614.7493
 BOND   =         7.1261  ANGLE   =        18.0951  DIHED      =        10.0720
 1-4 NB =         9.7961  1-4 EEL =      -247.5840  VDWAALS    =      2418.0794
 EELEC  =    -14837.0322  EHBOND  =         0.0000  RESTRAINT  =         6.6982
 EAMBER (non-restraint)  =    -12621.4474
 EKCMT  =         0.0000  VIRIAL  =         0.0000  VOLUME     =     32086.1455
                                                    Density    =         1.0109
 Ewald error estimate:   0.1176E-03
 ------------------------------------------------------------------------------

wrapping first mol.:      -11.56529      -16.35579       28.32907

 NSTEP =    24500   TIME(PS) =      69.000  TEMP(K) =   299.84  PRESS =     0.0
 Etot   =    -10670.6428  EKtot   =      1936.4766  EPtot      =    -12607.1194
 BOND   =         6.5341  ANGLE   =        15.3826  DIHED      =        13.6278
 1-4 NB =        11.7321  1-4 EEL =      -247.5081  VDWAALS    =      2464.1565
 EELEC  =    -14880.0037  EHBOND  =         0.0000  RESTRAINT  =         8.9595
 EAMBER (non-restraint)  =    -12616.0788
 EKCMT  =         0.0000  VIRIAL  =         0.0000  VOLUME     =     32152.2821
                                                    Density    =         1.0088
 Ewald error estimate:   0.1807E-03
 ------------------------------------------------------------------------------

wrapping first mol.:      -11.53489      -16.31279       28.25459

 NSTEP =    25000   TIME(PS) =      70.000  TEMP(K) =   303.08  PRESS =     0.0
 Etot   =    -10641.9869  EKtot   =      1957.4245  EPtot      =    -12599.4114
 BOND   =        11.9877  ANGLE   =        14.6387  DIHED      =        11.2104
 1-4 NB =        10.3298  1-4 EEL =      -247.6769  VDWAALS    =      2412.5189
 EELEC  =    -14817.7650  EHBOND  =         0.0000  RESTRAINT  =         5.3449
 EAMBER (non-restraint)  =    -12604.7563
 EKCMT  =         0.0000  VIRIAL  =         0.0000  VOLUME     =     31899.3704
                                                    Density    =         1.0168
 Ewald error estimate:   0.1015E-03
 ------------------------------------------------------------------------------

wrapping first mol.:      -11.54250      -16.32355       28.27323

 NSTEP =    25500   TIME(PS) =      71.000  TEMP(K) =   294.08  PRESS =     0.0
 Etot   =    -10640.0613  EKtot   =      1899.2928  EPtot      =    -12539.3541
 BOND   =         7.6599  ANGLE   =        18.7455  DIHED      =        13.8307
 1-4 NB =        12.7037  1-4 EEL =      -251.1066  VDWAALS    =      2429.3525
 EELEC  =    -14778.1659  EHBOND  =         0.0000  RESTRAINT  =         7.6262
 EAMBER (non-restraint)  =    -12546.9803
 EKCMT  =         0.0000  VIRIAL  =         0.0000  VOLUME     =     31962.5287
                                                    Density    =         1.0148
 Ewald error estimate:   0.9561E-04
 ------------------------------------------------------------------------------

wrapping first mol.:      -11.54687      -16.32974       28.28394

 NSTEP =    26000   TIME(PS) =      72.000  TEMP(K) =   290.56  PRESS =     0.0
 Etot   =    -10750.7939  EKtot   =      1876.5350  EPtot      =    -12627.3289
 BOND   =         9.1221  ANGLE   =        12.5247  DIHED      =        11.4844
 1-4 NB =        12.4456  1-4 EEL =      -251.3521  VDWAALS    =      2474.8411
 EELEC  =    -14903.2578  EHBOND  =         0.0000  RESTRAINT  =         6.8632
 EAMBER (non-restraint)  =    -12634.1922
 EKCMT  =         0.0000  VIRIAL  =         0.0000  VOLUME     =     31998.8769
                                                    Density    =         1.0137
 Ewald error estimate:   0.5408E-03
 ------------------------------------------------------------------------------

wrapping first mol.:      -11.53059      -16.30672       28.24407

 NSTEP =    26500   TIME(PS) =      73.000  TEMP(K) =   298.60  PRESS =     0.0
 Etot   =    -10711.4412  EKtot   =      1928.4879  EPtot      =    -12639.9290
 BOND   =         5.5877  ANGLE   =        16.8067  DIHED      =        12.3921
 1-4 NB =        10.1414  1-4 EEL =      -246.5360  VDWAALS    =      2486.7860
 EELEC  =    -14931.0093  EHBOND  =         0.0000  RESTRAINT  =         5.9024
 EAMBER (non-restraint)  =    -12645.8314
 EKCMT  =         0.0000  VIRIAL  =         0.0000  VOLUME     =     31863.7566
                                                    Density    =         1.0180
 Ewald error estimate:   0.3360E-03
 ------------------------------------------------------------------------------

wrapping first mol.:      -11.52836      -16.30357       28.23861

 NSTEP =    27000   TIME(PS) =      74.000  TEMP(K) =   307.39  PRESS =     0.0
 Etot   =    -10719.8147  EKtot   =      1985.2230  EPtot      =    -12705.0377
 BOND   =         6.9306  ANGLE   =        16.4529  DIHED      =        12.6927
 1-4 NB =         9.7747  1-4 EEL =      -245.5010  VDWAALS    =      2526.6624
 EELEC  =    -15039.1582  EHBOND  =         0.0000  RESTRAINT  =         7.1081
 EAMBER (non-restraint)  =    -12712.1458
 EKCMT  =         0.0000  VIRIAL  =         0.0000  VOLUME     =     31845.2788
                                                    Density    =         1.0186
 Ewald error estimate:   0.3753E-03
 ------------------------------------------------------------------------------

wrapping first mol.:      -11.54763      -16.33082       28.28581

 NSTEP =    27500   TIME(PS) =      75.000  TEMP(K) =   299.50  PRESS =     0.0
 Etot   =    -10715.2166  EKtot   =      1934.2535  EPtot      =    -12649.4701
 BOND   =         8.8188  ANGLE   =        13.3304  DIHED      =        11.0128
 1-4 NB =        13.4530  1-4 EEL =      -252.6207  VDWAALS    =      2534.6099
 EELEC  =    -14985.6303  EHBOND  =         0.0000  RESTRAINT  =         7.5560
 EAMBER (non-restraint)  =    -12657.0261
 EKCMT  =         0.0000  VIRIAL  =         0.0000  VOLUME     =     32005.2066
                                                    Density    =         1.0135
 Ewald error estimate:   0.4069E-04
 ------------------------------------------------------------------------------

wrapping first mol.:      -11.56984      -16.36222       28.34020

 NSTEP =    28000   TIME(PS) =      76.000  TEMP(K) =   295.29  PRESS =     0.0
 Etot   =    -10734.2551  EKtot   =      1907.0742  EPtot      =    -12641.3293
 BOND   =         6.8610  ANGLE   =        20.1349  DIHED      =        10.0000
 1-4 NB =        11.7325  1-4 EEL =      -247.0138  VDWAALS    =      2443.5809
 EELEC  =    -14895.7019  EHBOND  =         0.0000  RESTRAINT  =         9.0772
 EAMBER (non-restraint)  =    -12650.4064
 EKCMT  =         0.0000  VIRIAL  =         0.0000  VOLUME     =     32190.2001
                                                    Density    =         1.0077
 Ewald error estimate:   0.2400E-03
 ------------------------------------------------------------------------------

wrapping first mol.:      -11.53737      -16.31630       28.26066

 NSTEP =    28500   TIME(PS) =      77.000  TEMP(K) =   300.11  PRESS =     0.0
 Etot   =    -10788.4115  EKtot   =      1938.2013  EPtot      =    -12726.6128
 BOND   =        11.9717  ANGLE   =        16.9443  DIHED      =        10.5392
 1-4 NB =        11.5091  1-4 EEL =      -246.7210  VDWAALS    =      2624.3102
 EELEC  =    -15166.2608  EHBOND  =         0.0000  RESTRAINT  =        11.0944
 EAMBER (non-restraint)  =    -12737.7073
 EKCMT  =         0.0000  VIRIAL  =         0.0000  VOLUME     =     31919.9283
                                                    Density    =         1.0162
 Ewald error estimate:   0.4490E-03
 ------------------------------------------------------------------------------

wrapping first mol.:      -11.52809      -16.30318       28.23794

 NSTEP =    29000   TIME(PS) =      78.000  TEMP(K) =   295.68  PRESS =     0.0
 Etot   =    -10788.6182  EKtot   =      1909.6185  EPtot      =    -12698.2367
 BOND   =         8.8393  ANGLE   =        14.9468  DIHED      =        12.4595
 1-4 NB =        11.5354  1-4 EEL =      -248.5492  VDWAALS    =      2596.5514
 EELEC  =    -15104.6802  EHBOND  =         0.0000  RESTRAINT  =        10.6603
 EAMBER (non-restraint)  =    -12708.8970
 EKCMT  =         0.0000  VIRIAL  =         0.0000  VOLUME     =     31842.9887
                                                    Density    =         1.0186
 Ewald error estimate:   0.8462E-04
 ------------------------------------------------------------------------------

wrapping first mol.:      -11.53941      -16.31919       28.26567

 NSTEP =    29500   TIME(PS) =      79.000  TEMP(K) =   301.06  PRESS =     0.0
 Etot   =    -10747.1130  EKtot   =      1944.3753  EPtot      =    -12691.4883
 BOND   =         5.0755  ANGLE   =        12.0118  DIHED      =        11.6705
 1-4 NB =        12.3308  1-4 EEL =      -249.9654  VDWAALS    =      2516.9236
 EELEC  =    -15007.0985  EHBOND  =         0.0000  RESTRAINT  =         7.5635
 EAMBER (non-restraint)  =    -12699.0518
 EKCMT  =         0.0000  VIRIAL  =         0.0000  VOLUME     =     31936.9119
                                                    Density    =         1.0156
 Ewald error estimate:   0.7797E-04
 ------------------------------------------------------------------------------

wrapping first mol.:      -11.52271      -16.29557       28.22475

 NSTEP =    30000   TIME(PS) =      80.000  TEMP(K) =   289.39  PRESS =     0.0
 Etot   =    -10826.5085  EKtot   =      1868.9982  EPtot      =    -12695.5067
 BOND   =         4.7180  ANGLE   =        11.0150  DIHED      =        14.1134
 1-4 NB =        13.0593  1-4 EEL =      -248.7095  VDWAALS    =      2507.1166
 EELEC  =    -15004.0367  EHBOND  =         0.0000  RESTRAINT  =         7.2173
 EAMBER (non-restraint)  =    -12702.7239
 EKCMT  =         0.0000  VIRIAL  =         0.0000  VOLUME     =     31798.4059
                                                    Density    =         1.0201
 Ewald error estimate:   0.1545E-03
 ------------------------------------------------------------------------------

wrapping first mol.:      -11.52620      -16.30051       28.23332

 NSTEP =    30500   TIME(PS) =      81.000  TEMP(K) =   299.49  PRESS =     0.0
 Etot   =    -10737.4270  EKtot   =      1934.2258  EPtot      =    -12671.6527
 BOND   =         6.1721  ANGLE   =        15.8472  DIHED      =        11.3819
 1-4 NB =        13.1819  1-4 EEL =      -249.2215  VDWAALS    =      2443.5480
 EELEC  =    -14922.5690  EHBOND  =         0.0000  RESTRAINT  =        10.0067
 EAMBER (non-restraint)  =    -12681.6595
 EKCMT  =         0.0000  VIRIAL  =         0.0000  VOLUME     =     31827.3772
                                                    Density    =         1.0191
 Ewald error estimate:   0.6972E-04
 ------------------------------------------------------------------------------

wrapping first mol.:      -11.56401      -16.35398       28.32593

 NSTEP =    31000   TIME(PS) =      82.000  TEMP(K) =   298.21  PRESS =     0.0
 Etot   =    -10752.9896  EKtot   =      1925.9745  EPtot      =    -12678.9642
 BOND   =         7.1535  ANGLE   =        13.4557  DIHED      =        10.4401
 1-4 NB =        12.7053  1-4 EEL =      -248.1575  VDWAALS    =      2445.8236
 EELEC  =    -14927.8274  EHBOND  =         0.0000  RESTRAINT  =         7.4425
 EAMBER (non-restraint)  =    -12686.4067
 EKCMT  =         0.0000  VIRIAL  =         0.0000  VOLUME     =     32141.5883
                                                    Density    =         1.0092
 Ewald error estimate:   0.1535E-03
 ------------------------------------------------------------------------------

wrapping first mol.:      -11.55911      -16.34705       28.31393

 NSTEP =    31500   TIME(PS) =      83.000  TEMP(K) =   300.25  PRESS =     0.0
 Etot   =    -10652.2168  EKtot   =      1939.1418  EPtot      =    -12591.3586
 BOND   =         9.5489  ANGLE   =        19.8809  DIHED      =        10.9953
 1-4 NB =        11.4173  1-4 EEL =      -250.1930  VDWAALS    =      2454.0301
 EELEC  =    -14853.9456  EHBOND  =         0.0000  RESTRAINT  =         6.9075
 EAMBER (non-restraint)  =    -12598.2662
 EKCMT  =         0.0000  VIRIAL  =         0.0000  VOLUME     =     32100.7550
                                                    Density    =         1.0105
 Ewald error estimate:   0.1504E-03
 ------------------------------------------------------------------------------

wrapping first mol.:      -11.55657      -16.34346       28.30771

 NSTEP =    32000   TIME(PS) =      84.000  TEMP(K) =   301.64  PRESS =     0.0
 Etot   =    -10686.3054  EKtot   =      1948.0927  EPtot      =    -12634.3980
 BOND   =         6.7346  ANGLE   =        21.7815  DIHED      =        10.3053
 1-4 NB =        11.4266  1-4 EEL =      -246.6429  VDWAALS    =      2456.4554
 EELEC  =    -14903.2423  EHBOND  =         0.0000  RESTRAINT  =         8.7837
 EAMBER (non-restraint)  =    -12643.1817
 EKCMT  =         0.0000  VIRIAL  =         0.0000  VOLUME     =     32079.6279
                                                    Density    =         1.0111
 Ewald error estimate:   0.2029E-03
 ------------------------------------------------------------------------------

wrapping first mol.:      -11.56549      -16.35608       28.32956

 NSTEP =    32500   TIME(PS) =      85.000  TEMP(K) =   300.89  PRESS =     0.0
 Etot   =    -10715.3780  EKtot   =      1943.2603  EPtot      =    -12658.6384
 BOND   =         7.0574  ANGLE   =        17.2411  DIHED      =        13.3447
 1-4 NB =        10.5261  1-4 EEL =      -247.7269  VDWAALS    =      2462.4518
 EELEC  =    -14932.6970  EHBOND  =         0.0000  RESTRAINT  =        11.1644
 EAMBER (non-restraint)  =    -12669.8028
 EKCMT  =         0.0000  VIRIAL  =         0.0000  VOLUME     =     32153.9576
                                                    Density    =         1.0088
 Ewald error estimate:   0.6754E-04
 ------------------------------------------------------------------------------

wrapping first mol.:      -11.56025      -16.34866       28.31671

 NSTEP =    33000   TIME(PS) =      86.000  TEMP(K) =   296.04  PRESS =     0.0
 Etot   =    -10744.3559  EKtot   =      1911.9156  EPtot      =    -12656.2716
 BOND   =         9.7456  ANGLE   =        14.3331  DIHED      =        10.2172
 1-4 NB =        10.5777  1-4 EEL =      -245.6378  VDWAALS    =      2422.4969
 EELEC  =    -14884.5309  EHBOND  =         0.0000  RESTRAINT  =         6.5266
 EAMBER (non-restraint)  =    -12662.7982
 EKCMT  =         0.0000  VIRIAL  =         0.0000  VOLUME     =     32110.2120
                                                    Density    =         1.0102
 Ewald error estimate:   0.8904E-04
 ------------------------------------------------------------------------------

wrapping first mol.:      -11.51388      -16.28308       28.20313

 NSTEP =    33500   TIME(PS) =      87.000  TEMP(K) =   293.64  PRESS =     0.0
 Etot   =    -10709.9675  EKtot   =      1896.4146  EPtot      =    -12606.3821
 BOND   =        10.1840  ANGLE   =        13.1697  DIHED      =        10.7385
 1-4 NB =        11.6267  1-4 EEL =      -249.6708  VDWAALS    =      2442.8499
 EELEC  =    -14853.0941  EHBOND  =         0.0000  RESTRAINT  =         7.8140
 EAMBER (non-restraint)  =    -12614.1961
 EKCMT  =         0.0000  VIRIAL  =         0.0000  VOLUME     =     31725.3934
                                                    Density    =         1.0224
 Ewald error estimate:   0.2789E-03
 ------------------------------------------------------------------------------

wrapping first mol.:      -11.52289      -16.29583       28.22522

 NSTEP =    34000   TIME(PS) =      88.000  TEMP(K) =   301.31  PRESS =     0.0
 Etot   =    -10727.7498  EKtot   =      1945.9678  EPtot      =    -12673.7176
 BOND   =         9.9556  ANGLE   =        15.1870  DIHED      =        13.5692
 1-4 NB =        11.7797  1-4 EEL =      -247.7163  VDWAALS    =      2483.5859
 EELEC  =    -14966.5035  EHBOND  =         0.0000  RESTRAINT  =         6.4247
 EAMBER (non-restraint)  =    -12680.1423
 EKCMT  =         0.0000  VIRIAL  =         0.0000  VOLUME     =     31799.9738
                                                    Density    =         1.0200
 Ewald error estimate:   0.2578E-03
 ------------------------------------------------------------------------------

wrapping first mol.:      -11.51312      -16.28201       28.20128

 NSTEP =    34500   TIME(PS) =      89.000  TEMP(K) =   296.14  PRESS =     0.0
 Etot   =    -10713.8018  EKtot   =      1912.6025  EPtot      =    -12626.4042
 BOND   =         7.8939  ANGLE   =        17.6522  DIHED      =        13.1332
 1-4 NB =        10.5346  1-4 EEL =      -246.0610  VDWAALS    =      2519.2348
 EELEC  =    -14954.5320  EHBOND  =         0.0000  RESTRAINT  =         5.7400
 EAMBER (non-restraint)  =    -12632.1442
 EKCMT  =         0.0000  VIRIAL  =         0.0000  VOLUME     =     31719.1384
                                                    Density    =         1.0226
 Ewald error estimate:   0.1018E-03
 ------------------------------------------------------------------------------

wrapping first mol.:      -11.53828      -16.31759       28.26289

 NSTEP =    35000   TIME(PS) =      90.000  TEMP(K) =   299.92  PRESS =     0.0
 Etot   =    -10729.2516  EKtot   =      1936.9886  EPtot      =    -12666.2403
 BOND   =         9.9316  ANGLE   =        18.9619  DIHED      =        14.0768
 1-4 NB =        10.8879  1-4 EEL =      -246.5006  VDWAALS    =      2558.3337
 EELEC  =    -15039.0170  EHBOND  =         0.0000  RESTRAINT  =         7.0854
 EAMBER (non-restraint)  =    -12673.3256
 EKCMT  =         0.0000  VIRIAL  =         0.0000  VOLUME     =     31927.4944
                                                    Density    =         1.0159
 Ewald error estimate:   0.1319E-03
 ------------------------------------------------------------------------------

wrapping first mol.:      -11.55917      -16.34713       28.31407

 NSTEP =    35500   TIME(PS) =      91.000  TEMP(K) =   303.42  PRESS =     0.0
 Etot   =    -10731.2717  EKtot   =      1959.6184  EPtot      =    -12690.8901
 BOND   =         6.0670  ANGLE   =        12.8971  DIHED      =        11.5238
 1-4 NB =        12.2338  1-4 EEL =      -248.6247  VDWAALS    =      2404.5465
 EELEC  =    -14897.5374  EHBOND  =         0.0000  RESTRAINT  =         8.0040
 EAMBER (non-restraint)  =    -12698.8941
 EKCMT  =         0.0000  VIRIAL  =         0.0000  VOLUME     =     32101.2461
                                                    Density    =         1.0104
 Ewald error estimate:   0.2763E-03
 ------------------------------------------------------------------------------

wrapping first mol.:      -11.55395      -16.33975       28.30129

 NSTEP =    36000   TIME(PS) =      92.000  TEMP(K) =   292.19  PRESS =     0.0
 Etot   =    -10748.2770  EKtot   =      1887.0490  EPtot      =    -12635.3260
 BOND   =         5.2216  ANGLE   =        15.1130  DIHED      =        10.4583
 1-4 NB =        12.2812  1-4 EEL =      -247.8195  VDWAALS    =      2414.0558
 EELEC  =    -14851.3775  EHBOND  =         0.0000  RESTRAINT  =         6.7411
 EAMBER (non-restraint)  =    -12642.0671
 EKCMT  =         0.0000  VIRIAL  =         0.0000  VOLUME     =     32057.7846
                                                    Density    =         1.0118
 Ewald error estimate:   0.1066E-03
 ------------------------------------------------------------------------------

wrapping first mol.:      -11.59162      -16.39303       28.39356

 NSTEP =    36500   TIME(PS) =      93.000  TEMP(K) =   293.34  PRESS =     0.0
 Etot   =    -10726.5123  EKtot   =      1894.5071  EPtot      =    -12621.0194
 BOND   =         6.3332  ANGLE   =        17.6539  DIHED      =        10.9285
 1-4 NB =        10.1538  1-4 EEL =      -245.2940  VDWAALS    =      2432.7704
 EELEC  =    -14861.3523  EHBOND  =         0.0000  RESTRAINT  =         7.7872
 EAMBER (non-restraint)  =    -12628.8065
 EKCMT  =         0.0000  VIRIAL  =         0.0000  VOLUME     =     32372.3653
                                                    Density    =         1.0020
 Ewald error estimate:   0.2503E-03
 ------------------------------------------------------------------------------

wrapping first mol.:      -11.55677      -16.34373       28.30818

 NSTEP =    37000   TIME(PS) =      94.000  TEMP(K) =   296.03  PRESS =     0.0
 Etot   =    -10726.1896  EKtot   =      1911.8580  EPtot      =    -12638.0476
 BOND   =         5.2290  ANGLE   =        16.8145  DIHED      =        11.8877
 1-4 NB =        10.7067  1-4 EEL =      -247.8366  VDWAALS    =      2470.7206
 EELEC  =    -14914.4814  EHBOND  =         0.0000  RESTRAINT  =         8.9119
 EAMBER (non-restraint)  =    -12646.9595
 EKCMT  =         0.0000  VIRIAL  =         0.0000  VOLUME     =     32081.2221
                                                    Density    =         1.0111
 Ewald error estimate:   0.3545E-04
 ------------------------------------------------------------------------------

wrapping first mol.:      -11.55422      -16.34013       28.30194

 NSTEP =    37500   TIME(PS) =      95.000  TEMP(K) =   296.74  PRESS =     0.0
 Etot   =    -10671.3711  EKtot   =      1916.4671  EPtot      =    -12587.8382
 BOND   =         6.4462  ANGLE   =        20.4673  DIHED      =        10.4248
 1-4 NB =        12.6630  1-4 EEL =      -248.1358  VDWAALS    =      2482.9856
 EELEC  =    -14880.9363  EHBOND  =         0.0000  RESTRAINT  =         8.2470
 EAMBER (non-restraint)  =    -12596.0852
 EKCMT  =         0.0000  VIRIAL  =         0.0000  VOLUME     =     32059.9912
                                                    Density    =         1.0117
 Ewald error estimate:   0.1089E-03
 ------------------------------------------------------------------------------

wrapping first mol.:      -11.59763      -16.40152       28.40828

 NSTEP =    38000   TIME(PS) =      96.000  TEMP(K) =   293.90  PRESS =     0.0
 Etot   =    -10764.7789  EKtot   =      1898.1373  EPtot      =    -12662.9162
 BOND   =         6.0439  ANGLE   =        15.8778  DIHED      =        11.4116
 1-4 NB =        11.7515  1-4 EEL =      -250.3487  VDWAALS    =      2441.8320
 EELEC  =    -14909.4692  EHBOND  =         0.0000  RESTRAINT  =         9.9850
 EAMBER (non-restraint)  =    -12672.9012
 EKCMT  =         0.0000  VIRIAL  =         0.0000  VOLUME     =     32422.7413
                                                    Density    =         1.0004
 Ewald error estimate:   0.4072E-03
 ------------------------------------------------------------------------------

wrapping first mol.:      -11.56756      -16.35900       28.33462

 NSTEP =    38500   TIME(PS) =      97.000  TEMP(K) =   301.06  PRESS =     0.0
 Etot   =    -10662.7046  EKtot   =      1944.3414  EPtot      =    -12607.0461
 BOND   =         7.8700  ANGLE   =        16.1562  DIHED      =        13.2541
 1-4 NB =        12.8060  1-4 EEL =      -249.7245  VDWAALS    =      2414.8260
 EELEC  =    -14834.3234  EHBOND  =         0.0000  RESTRAINT  =        12.0896
 EAMBER (non-restraint)  =    -12619.1356
 EKCMT  =         0.0000  VIRIAL  =         0.0000  VOLUME     =     32171.1805
                                                    Density    =         1.0082
 Ewald error estimate:   0.6779E-05
 ------------------------------------------------------------------------------

wrapping first mol.:      -11.54814      -16.33154       28.28706

 NSTEP =    39000   TIME(PS) =      98.000  TEMP(K) =   293.15  PRESS =     0.0
 Etot   =    -10719.0676  EKtot   =      1893.3004  EPtot      =    -12612.3681
 BOND   =         7.9122  ANGLE   =        16.4786  DIHED      =        11.8674
 1-4 NB =        11.5468  1-4 EEL =      -247.6363  VDWAALS    =      2588.5884
 EELEC  =    -15011.0960  EHBOND  =         0.0000  RESTRAINT  =         9.9708
 EAMBER (non-restraint)  =    -12622.3389
 EKCMT  =         0.0000  VIRIAL  =         0.0000  VOLUME     =     32009.4604
                                                    Density    =         1.0133
 Ewald error estimate:   0.1893E-03
 ------------------------------------------------------------------------------

wrapping first mol.:      -11.55737      -16.34459       28.30966

 NSTEP =    39500   TIME(PS) =      99.000  TEMP(K) =   291.78  PRESS =     0.0
 Etot   =    -10791.2394  EKtot   =      1884.4147  EPtot      =    -12675.6541
 BOND   =        10.6351  ANGLE   =        13.0726  DIHED      =        11.0459
 1-4 NB =        10.8334  1-4 EEL =      -246.2804  VDWAALS    =      2455.8264
 EELEC  =    -14939.8951  EHBOND  =         0.0000  RESTRAINT  =         9.1079
 EAMBER (non-restraint)  =    -12684.7620
 EKCMT  =         0.0000  VIRIAL  =         0.0000  VOLUME     =     32086.2596
                                                    Density    =         1.0109
 Ewald error estimate:   0.3060E-03
 ------------------------------------------------------------------------------

wrapping first mol.:      -11.55726      -16.34443       28.30939

 NSTEP =    40000   TIME(PS) =     100.000  TEMP(K) =   292.54  PRESS =     0.0
 Etot   =    -10833.2281  EKtot   =      1889.3376  EPtot      =    -12722.5657
 BOND   =         9.1636  ANGLE   =        16.2726  DIHED      =        16.4293
 1-4 NB =        10.6802  1-4 EEL =      -249.0717  VDWAALS    =      2507.8656
 EELEC  =    -15046.6767  EHBOND  =         0.0000  RESTRAINT  =        12.7715
 EAMBER (non-restraint)  =    -12735.3372
 EKCMT  =         0.0000  VIRIAL  =         0.0000  VOLUME     =     32085.3128
                                                    Density    =         1.0109
 Ewald error estimate:   0.1529E-03
 ------------------------------------------------------------------------------

wrapping first mol.:      -11.54206      -16.32294       28.27217

 NSTEP =    40500   TIME(PS) =     101.000  TEMP(K) =   294.96  PRESS =     0.0
 Etot   =    -10819.0800  EKtot   =      1904.9695  EPtot      =    -12724.0495
 BOND   =        13.4377  ANGLE   =        18.7798  DIHED      =        10.7479
 1-4 NB =        10.2406  1-4 EEL =      -247.4276  VDWAALS    =      2441.8909
 EELEC  =    -14977.7973  EHBOND  =         0.0000  RESTRAINT  =         6.0786
 EAMBER (non-restraint)  =    -12730.1281
 EKCMT  =         0.0000  VIRIAL  =         0.0000  VOLUME     =     31958.9296
                                                    Density    =         1.0149
 Ewald error estimate:   0.3094E-04
 ------------------------------------------------------------------------------

wrapping first mol.:      -11.52869      -16.30403       28.23942

 NSTEP =    41000   TIME(PS) =     102.000  TEMP(K) =   293.93  PRESS =     0.0
 Etot   =    -10718.4459  EKtot   =      1898.3229  EPtot      =    -12616.7688
 BOND   =        12.5577  ANGLE   =        14.5664  DIHED      =        13.0087
 1-4 NB =        11.5380  1-4 EEL =      -245.0212  VDWAALS    =      2561.0829
 EELEC  =    -14991.9011  EHBOND  =         0.0000  RESTRAINT  =         7.3999
 EAMBER (non-restraint)  =    -12624.1687
 EKCMT  =         0.0000  VIRIAL  =         0.0000  VOLUME     =     31848.0064
                                                    Density    =         1.0185
 Ewald error estimate:   0.1416E-03
 ------------------------------------------------------------------------------

wrapping first mol.:      -11.53913      -16.31879       28.26499

 NSTEP =    41500   TIME(PS) =     103.000  TEMP(K) =   292.82  PRESS =     0.0
 Etot   =    -10758.8996  EKtot   =      1891.1279  EPtot      =    -12650.0275
 BOND   =        12.0785  ANGLE   =        15.5106  DIHED      =        12.3149
 1-4 NB =        11.0382  1-4 EEL =      -245.4696  VDWAALS    =      2452.8025
 EELEC  =    -14916.6081  EHBOND  =         0.0000  RESTRAINT  =         8.3053
 EAMBER (non-restraint)  =    -12658.3328
 EKCMT  =         0.0000  VIRIAL  =         0.0000  VOLUME     =     31934.5874
                                                    Density    =         1.0157
 Ewald error estimate:   0.1444E-03
 ------------------------------------------------------------------------------

wrapping first mol.:      -11.55263      -16.33789       28.29805

 NSTEP =    42000   TIME(PS) =     104.000  TEMP(K) =   303.95  PRESS =     0.0
 Etot   =    -10708.6650  EKtot   =      1963.0032  EPtot      =    -12671.6682
 BOND   =         6.8670  ANGLE   =        13.0171  DIHED      =        10.2408
 1-4 NB =        11.6719  1-4 EEL =      -248.3063  VDWAALS    =      2398.8913
 EELEC  =    -14872.0847  EHBOND  =         0.0000  RESTRAINT  =         8.0349
 EAMBER (non-restraint)  =    -12679.7031
 EKCMT  =         0.0000  VIRIAL  =         0.0000  VOLUME     =     32046.7926
                                                    Density    =         1.0122
 Ewald error estimate:   0.4159E-04
 ------------------------------------------------------------------------------

wrapping first mol.:      -11.53355      -16.31090       28.25131

 NSTEP =    42500   TIME(PS) =     105.000  TEMP(K) =   292.11  PRESS =     0.0
 Etot   =    -10770.9228  EKtot   =      1886.5639  EPtot      =    -12657.4866
 BOND   =         8.4860  ANGLE   =        16.3149  DIHED      =        11.0301
 1-4 NB =        11.5424  1-4 EEL =      -248.7075  VDWAALS    =      2572.4093
 EELEC  =    -15037.8771  EHBOND  =         0.0000  RESTRAINT  =         9.3151
 EAMBER (non-restraint)  =    -12666.8017
 EKCMT  =         0.0000  VIRIAL  =         0.0000  VOLUME     =     31888.2496
                                                    Density    =         1.0172
 Ewald error estimate:   0.3474E-04
 ------------------------------------------------------------------------------

wrapping first mol.:      -11.49958      -16.26285       28.16810

 NSTEP =    43000   TIME(PS) =     106.000  TEMP(K) =   295.85  PRESS =     0.0
 Etot   =    -10731.0588  EKtot   =      1910.6899  EPtot      =    -12641.7487
 BOND   =         9.8713  ANGLE   =        16.4804  DIHED      =        15.3240
 1-4 NB =        10.1056  1-4 EEL =      -247.3202  VDWAALS    =      2517.9637
 EELEC  =    -14973.2698  EHBOND  =         0.0000  RESTRAINT  =         9.0964
 EAMBER (non-restraint)  =    -12650.8451
 EKCMT  =         0.0000  VIRIAL  =         0.0000  VOLUME     =     31607.3000
                                                    Density    =         1.0262
 Ewald error estimate:   0.1493E-03
 ------------------------------------------------------------------------------

wrapping first mol.:      -11.55987      -16.34812       28.31579

 NSTEP =    43500   TIME(PS) =     107.000  TEMP(K) =   295.25  PRESS =     0.0
 Etot   =    -10749.1698  EKtot   =      1906.8633  EPtot      =    -12656.0331
 BOND   =         7.3149  ANGLE   =        16.4809  DIHED      =        12.1206
 1-4 NB =        10.9763  1-4 EEL =      -247.3750  VDWAALS    =      2500.6176
 EELEC  =    -14966.0060  EHBOND  =         0.0000  RESTRAINT  =         9.8378
 EAMBER (non-restraint)  =    -12665.8709
 EKCMT  =         0.0000  VIRIAL  =         0.0000  VOLUME     =     32107.0835
                                                    Density    =         1.0103
 Ewald error estimate:   0.7414E-04
 ------------------------------------------------------------------------------

wrapping first mol.:      -11.54024      -16.32036       28.26770

 NSTEP =    44000   TIME(PS) =     108.000  TEMP(K) =   289.92  PRESS =     0.0
 Etot   =    -10713.7608  EKtot   =      1872.4126  EPtot      =    -12586.1734
 BOND   =         6.2290  ANGLE   =        13.2709  DIHED      =        12.9525
 1-4 NB =        12.4875  1-4 EEL =      -248.4536  VDWAALS    =      2426.3086
 EELEC  =    -14815.9091  EHBOND  =         0.0000  RESTRAINT  =         6.9407
 EAMBER (non-restraint)  =    -12593.1141
 EKCMT  =         0.0000  VIRIAL  =         0.0000  VOLUME     =     31943.7689
                                                    Density    =         1.0154
 Ewald error estimate:   0.1595E-04
 ------------------------------------------------------------------------------

wrapping first mol.:      -11.51918      -16.29058       28.21612

 NSTEP =    44500   TIME(PS) =     109.000  TEMP(K) =   300.65  PRESS =     0.0
 Etot   =    -10769.1054  EKtot   =      1941.7266  EPtot      =    -12710.8321
 BOND   =         4.7368  ANGLE   =        12.6687  DIHED      =        12.0505
 1-4 NB =        11.4805  1-4 EEL =      -247.9563  VDWAALS    =      2453.5198
 EELEC  =    -14964.0174  EHBOND  =         0.0000  RESTRAINT  =         6.6854
 EAMBER (non-restraint)  =    -12717.5174
 EKCMT  =         0.0000  VIRIAL  =         0.0000  VOLUME     =     31769.2384
                                                    Density    =         1.0210
 Ewald error estimate:   0.6910E-04
 ------------------------------------------------------------------------------

wrapping first mol.:      -11.51223      -16.28075       28.19909

 NSTEP =    45000   TIME(PS) =     110.000  TEMP(K) =   291.44  PRESS =     0.0
 Etot   =    -10828.0610  EKtot   =      1882.2251  EPtot      =    -12710.2860
 BOND   =         7.6324  ANGLE   =        12.2242  DIHED      =        11.3078
 1-4 NB =        10.3242  1-4 EEL =      -247.2416  VDWAALS    =      2418.7009
 EELEC  =    -14931.9555  EHBOND  =         0.0000  RESTRAINT  =         8.7216
 EAMBER (non-restraint)  =    -12719.0076
 EKCMT  =         0.0000  VIRIAL  =         0.0000  VOLUME     =     31711.7423
                                                    Density    =         1.0229
 Ewald error estimate:   0.1983E-03
 ------------------------------------------------------------------------------

wrapping first mol.:      -11.52548      -16.29949       28.23154

 NSTEP =    45500   TIME(PS) =     111.000  TEMP(K) =   296.53  PRESS =     0.0
 Etot   =    -10828.8408  EKtot   =      1915.1055  EPtot      =    -12743.9463
 BOND   =         4.7074  ANGLE   =        15.7425  DIHED      =        10.3548
 1-4 NB =        11.3791  1-4 EEL =      -246.2146  VDWAALS    =      2488.7393
 EELEC  =    -15034.5266  EHBOND  =         0.0000  RESTRAINT  =         5.8718
 EAMBER (non-restraint)  =    -12749.8181
 EKCMT  =         0.0000  VIRIAL  =         0.0000  VOLUME     =     31821.3652
                                                    Density    =         1.0193
 Ewald error estimate:   0.1059E-03
 ------------------------------------------------------------------------------

wrapping first mol.:      -11.53919      -16.31887       28.26512

 NSTEP =    46000   TIME(PS) =     112.000  TEMP(K) =   296.98  PRESS =     0.0
 Etot   =    -10848.1656  EKtot   =      1917.9945  EPtot      =    -12766.1601
 BOND   =         4.0109  ANGLE   =        14.1121  DIHED      =        10.7453
 1-4 NB =        12.2060  1-4 EEL =      -247.8385  VDWAALS    =      2505.3220
 EELEC  =    -15074.1005  EHBOND  =         0.0000  RESTRAINT  =         9.3826
 EAMBER (non-restraint)  =    -12775.5427
 EKCMT  =         0.0000  VIRIAL  =         0.0000  VOLUME     =     31935.0408
                                                    Density    =         1.0157
 Ewald error estimate:   0.3085E-03
 ------------------------------------------------------------------------------

wrapping first mol.:      -11.55530      -16.34166       28.30458

 NSTEP =    46500   TIME(PS) =     113.000  TEMP(K) =   302.92  PRESS =     0.0
 Etot   =    -10748.0415  EKtot   =      1956.3592  EPtot      =    -12704.4008
 BOND   =         6.5525  ANGLE   =        14.2232  DIHED      =        11.2798
 1-4 NB =        13.2597  1-4 EEL =      -247.6281  VDWAALS    =      2463.6182
 EELEC  =    -14971.4734  EHBOND  =         0.0000  RESTRAINT  =         5.7673
 EAMBER (non-restraint)  =    -12710.1681
 EKCMT  =         0.0000  VIRIAL  =         0.0000  VOLUME     =     32068.9925
                                                    Density    =         1.0115
 Ewald error estimate:   0.2384E-03
 ------------------------------------------------------------------------------

wrapping first mol.:      -11.54448      -16.32636       28.27810

 NSTEP =    47000   TIME(PS) =     114.000  TEMP(K) =   301.53  PRESS =     0.0
 Etot   =    -10844.2605  EKtot   =      1947.4131  EPtot      =    -12791.6735
 BOND   =         7.5542  ANGLE   =        14.9490  DIHED      =        10.3552
 1-4 NB =        11.8425  1-4 EEL =      -248.2740  VDWAALS    =      2438.8062
 EELEC  =    -15033.7745  EHBOND  =         0.0000  RESTRAINT  =         6.8680
 EAMBER (non-restraint)  =    -12798.5415
 EKCMT  =         0.0000  VIRIAL  =         0.0000  VOLUME     =     31979.0430
                                                    Density    =         1.0143
 Ewald error estimate:   0.3802E-03
 ------------------------------------------------------------------------------

wrapping first mol.:      -11.52531      -16.29925       28.23114

 NSTEP =    47500   TIME(PS) =     115.000  TEMP(K) =   274.59  PRESS =     0.0
 Etot   =    -10941.0634  EKtot   =      1773.4255  EPtot      =    -12714.4890
 BOND   =         7.3788  ANGLE   =        17.8147  DIHED      =        10.9185
 1-4 NB =        11.5429  1-4 EEL =      -246.1948  VDWAALS    =      2463.1080
 EELEC  =    -14987.0196  EHBOND  =         0.0000  RESTRAINT  =         7.9626
 EAMBER (non-restraint)  =    -12722.4516
 EKCMT  =         0.0000  VIRIAL  =         0.0000  VOLUME     =     31820.0030
                                                    Density    =         1.0194
 Ewald error estimate:   0.8856E-04
 ------------------------------------------------------------------------------

wrapping first mol.:      -11.50486      -16.27033       28.18104

 NSTEP =    48000   TIME(PS) =     116.000  TEMP(K) =   298.19  PRESS =     0.0
 Etot   =    -10843.2354  EKtot   =      1925.8511  EPtot      =    -12769.0865
 BOND   =         7.3002  ANGLE   =        16.3662  DIHED      =        12.9328
 1-4 NB =        11.3970  1-4 EEL =      -247.0930  VDWAALS    =      2511.7819
 EELEC  =    -15090.7187  EHBOND  =         0.0000  RESTRAINT  =         8.9470
 EAMBER (non-restraint)  =    -12778.0335
 EKCMT  =         0.0000  VIRIAL  =         0.0000  VOLUME     =     31650.9090
                                                    Density    =         1.0248
 Ewald error estimate:   0.1760E-03
 ------------------------------------------------------------------------------

wrapping first mol.:      -11.52020      -16.29202       28.21862

 NSTEP =    48500   TIME(PS) =     117.000  TEMP(K) =   295.91  PRESS =     0.0
 Etot   =    -10788.2427  EKtot   =      1911.1092  EPtot      =    -12699.3519
 BOND   =         6.1804  ANGLE   =        12.8284  DIHED      =        10.5165
 1-4 NB =        11.5380  1-4 EEL =      -248.4076  VDWAALS    =      2493.8265
 EELEC  =    -14994.4702  EHBOND  =         0.0000  RESTRAINT  =         8.6360
 EAMBER (non-restraint)  =    -12707.9879
 EKCMT  =         0.0000  VIRIAL  =         0.0000  VOLUME     =     31777.6694
                                                    Density    =         1.0207
 Ewald error estimate:   0.6489E-04
 ------------------------------------------------------------------------------

wrapping first mol.:      -11.51158      -16.27983       28.19750

 NSTEP =    49000   TIME(PS) =     118.000  TEMP(K) =   296.02  PRESS =     0.0
 Etot   =    -10729.8608  EKtot   =      1911.7762  EPtot      =    -12641.6370
 BOND   =        11.1000  ANGLE   =        13.8966  DIHED      =        11.8070
 1-4 NB =        12.4051  1-4 EEL =      -250.5457  VDWAALS    =      2500.3013
 EELEC  =    -14951.7011  EHBOND  =         0.0000  RESTRAINT  =        11.0999
 EAMBER (non-restraint)  =    -12652.7369
 EKCMT  =         0.0000  VIRIAL  =         0.0000  VOLUME     =     31706.3778
                                                    Density    =         1.0230
 Ewald error estimate:   0.7054E-04
 ------------------------------------------------------------------------------

wrapping first mol.:      -11.52294      -16.29590       28.22534

 NSTEP =    49500   TIME(PS) =     119.000  TEMP(K) =   305.98  PRESS =     0.0
 Etot   =    -10755.2362  EKtot   =      1976.1277  EPtot      =    -12731.3639
 BOND   =         6.7719  ANGLE   =        18.7230  DIHED      =        10.7087
 1-4 NB =        12.3049  1-4 EEL =      -248.2250  VDWAALS    =      2499.6467
 EELEC  =    -15040.0141  EHBOND  =         0.0000  RESTRAINT  =         8.7200
 EAMBER (non-restraint)  =    -12740.0839
 EKCMT  =         0.0000  VIRIAL  =         0.0000  VOLUME     =     31800.3863
                                                    Density    =         1.0200
 Ewald error estimate:   0.2288E-03
 ------------------------------------------------------------------------------

wrapping first mol.:      -11.50969      -16.27716       28.19288
wrapping first mol.:      -11.50969      -16.27716       28.19288

 NSTEP =    50000   TIME(PS) =     120.000  TEMP(K) =   296.29  PRESS =     0.0
 Etot   =    -10741.1609  EKtot   =      1913.5795  EPtot      =    -12654.7405
 BOND   =         6.0883  ANGLE   =        21.1649  DIHED      =        11.7605
 1-4 NB =        12.0377  1-4 EEL =      -247.6275  VDWAALS    =      2545.7775
 EELEC  =    -15013.4417  EHBOND  =         0.0000  RESTRAINT  =         9.5000
 EAMBER (non-restraint)  =    -12664.2404
 EKCMT  =         0.0000  VIRIAL  =         0.0000  VOLUME     =     31690.7972
                                                    Density    =         1.0235
 Ewald error estimate:   0.3354E-03
 ------------------------------------------------------------------------------


      A V E R A G E S   O V E R     100 S T E P S


 NSTEP =    50000   TIME(PS) =     120.000  TEMP(K) =   297.31  PRESS =     0.0
 Etot   =    -10731.9467  EKtot   =      1920.1538  EPtot      =    -12652.1005
 BOND   =         7.6064  ANGLE   =        15.9060  DIHED      =        11.8040
 1-4 NB =        11.4575  1-4 EEL =      -247.9272  VDWAALS    =      2480.7817
 EELEC  =    -14940.1576  EHBOND  =         0.0000  RESTRAINT  =         8.4287
 EAMBER (non-restraint)  =    -12660.5292
 EKCMT  =         0.0000  VIRIAL  =         0.0000  VOLUME     =     32232.8799
                                                    Density    =         1.0068
 Ewald error estimate:   0.1757E-03
 ------------------------------------------------------------------------------


      R M S  F L U C T U A T I O N S


 NSTEP =    50000   TIME(PS) =     120.000  TEMP(K) =     4.87  PRESS =     0.0
 Etot   =        81.6390  EKtot   =        31.4655  EPtot      =        71.9318
 BOND   =         2.1942  ANGLE   =         2.5276  DIHED      =         1.4209
 1-4 NB =         0.9470  1-4 EEL =         1.6143  VDWAALS    =        64.6524
 EELEC  =       114.8805  EHBOND  =         0.0000  RESTRAINT  =         1.8115
 EAMBER (non-restraint)  =        70.1204
 EKCMT  =         0.0000  VIRIAL  =         0.0000  VOLUME     =       727.7684
                                                    Density    =         0.0210
 Ewald error estimate:   0.1268E-03
 ------------------------------------------------------------------------------

| MC Barostat:        500 volume changes attempted.
| MC Barostat:        248 changes successful ( 49.60%)
 ------------------------------------------------------------------------------

--------------------------------------------------------------------------------
   5.  TIMINGS
--------------------------------------------------------------------------------

|  NonSetup CPU Time in Major Routines, Average for All Tasks:
|
|     Routine           Sec        %
|     ------------------------------
|     DataDistrib       9.51    9.14
|     Nonbond          89.08   85.59
|     Bond              0.14    0.13
|     Angle             0.16    0.15
|     Dihedral          0.20    0.20
|     Shake             0.61    0.58
|     RunMD             4.19    4.03
|     Other             0.19    0.18
|     ------------------------------
|     Total           104.08

|  PME Nonbond Pairlist CPU Time, Average for All Tasks:
|
|     Routine              Sec        %
|     ---------------------------------
|     Set Up Cit           0.29    0.28
|     Build List          10.46   10.05
|     ---------------------------------
|     Total               10.74   10.32

|  PME Direct Force CPU Time, Average for All Tasks:
|
|     Routine              Sec        %
|     ---------------------------------
|     NonBonded Calc      61.85   59.42
|     Exclude Masked       0.67    0.65
|     Other                2.43    2.33
|     ---------------------------------
|     Total               64.95   62.41

|  PME Reciprocal Force CPU Time, Average for All Tasks:
|
|     Routine              Sec        %
|     ---------------------------------
|     1D bspline           1.12    1.07
|     Grid Charges         1.22    1.18
|     Scalar Sum           1.16    1.12
|     Gradient Sum         2.11    2.03
|     FFT                  7.47    7.18
|     ---------------------------------
|     Total               13.09   12.57

|  PME Load Balancing CPU Time, Average for All Tasks:
|
|     Routine                 Sec        %
|     ------------------------------------
|     Atom Reassign           0.00    0.00
|     Image Reassign          0.00    0.00
|     FFT Reassign            0.00    0.00
|     ------------------------------------
|     Total                   0.01    0.01

|  Final Performance Info:
|     -----------------------------------------------------
|     Average timings for last   20500 steps:
|     Elapsed(s) =      43.01 Per Step(ms) =       2.10
|         ns/day =      82.36   seconds/ns =    1048.99
|
|     Average timings for all steps:
|     Elapsed(s) =     104.14 Per Step(ms) =       2.08
|         ns/day =      82.96   seconds/ns =    1041.41
|     -----------------------------------------------------

|  Master Setup CPU time:            0.03 seconds
|  Master NonSetup CPU time:       103.76 seconds
|  Master Total CPU time:          103.79 seconds     0.03 hours

|  Master Setup wall time:           0    seconds
|  Master NonSetup wall time:      104    seconds
|  Master Total wall time:         104    seconds     0.03 hours
