
          -------------------------------------------------------
          Amber 18 PMEMD                              2018
          -------------------------------------------------------

| PMEMD implementation of SANDER, Release 18

| Run on 03/09/2022 at 01:00:25

|   Executable path: pmemd.MPI
| Working directory: /bgfs/lchong/dty7/ff15ipq-lig/charges/v00/GenConformers/Conf16
|          Hostname: smp-n123

  [-O]verwriting output

File Assignments:
|   MDIN: ../../../amber/6.2_eq1.in                                             
|  MDOUT: 6.2_eq1.out                                                           
| INPCRD: 6.1_min.rst                                                           
|   PARM: ../../mon.top                                                         
| RESTRT: 6.2_eq1.rst                                                           
|   REFC: 6.1_min.rst                                                           
|  MDVEL: mdvel                                                                 
|   MDEN: mden                                                                  
|  MDCRD: mdcrd                                                                 
| MDINFO: mdinfo                                                                
|LOGFILE: logfile                                                               
|  MDFRC: mdfrc                                                                 

 
 Here is the input file:
 
&cntrl                                                                         
  imin      = 0,                                                               
  irest     = 0,                                                               
  ntx       = 1,                                                               
  ig        = -1,                                                              
  dt        = 0.002,                                                           
  nstlim    = 10000,                                                           
  nscm      = 500,                                                             
  ntr       = 1,                                                               
  restraintmask = ':1',                                                        
  restraint_wt  = 10.0,                                                        
  ntb       = 1,                                                               
  ntp       = 0,                                                               
  ntt       = 3,                                                               
  tempi     = 298.0,                                                           
  temp0     = 298.0,                                                           
  gamma_ln  = 1.0,                                                             
  ntf       = 2,                                                               
  ntc       = 2,                                                               
  cut       = 10.0,                                                            
  ntpr      = 500,                                                             
  ntxo      = 2,                                                               
  ntwr      = 10000,                                                           
  ioutfm    = 1,                                                               
  ntwx      = 500,                                                             
  iwrap     = 1,                                                               
&end                                                                           


Note: ig = -1. Setting random seed to   988142 based on wallclock time in
      microseconds and disabling the synchronization of random numbers 
      between tasks to improve performance.
| irandom = 1, using AMBER's internal random number generator (default).
 
 
| Conditional Compilation Defines Used:
| MPI
| FFTW_FFT
| BINTRAJ
| MKL
| EMIL
 
| Largest sphere to fit in unit cell has radius =    14.715

| New format PARM file being parsed.
| Version =    1.000 Date = 03/08/22 Time = 18:50:46

| Note: 1-4 EEL scale factors are being read from the topology file.

| Note: 1-4 VDW scale factors are being read from the topology file.
| Duplicated    0 dihedrals

| Duplicated    0 dihedrals

--------------------------------------------------------------------------------
   1.  RESOURCE   USE: 
--------------------------------------------------------------------------------

 getting box info from netcdf restart file
 NATOM  =    3240 NTYPES =      14 NBONH =    3220 MBONA  =      21
 NTHETH =      33 MTHETA =      29 NPHIH =      58 MPHIA  =      46
 NHPARM =       0 NPARM  =       0 NNB   =    4456 NRES   =    1069
 NBONA  =      21 NTHETA =      29 NPHIA =      46 NUMBND =      22
 NUMANG =      35 NPTRA  =      22 NATYP =      17 NPHB   =       1
 IFBOX  =       2 NMXRS  =      36 IFCAP =       0 NEXTRA =       0
 NCOPY  =       0

| Coordinate Index Table dimensions:     5    5    5
| Direct force subcell size =     7.2086    7.2086    7.2086

     BOX TYPE: TRUNCATED OCTAHEDRON

--------------------------------------------------------------------------------
   2.  CONTROL  DATA  FOR  THE  RUN
--------------------------------------------------------------------------------

MON                                                                             

General flags:
     imin    =       0, nmropt  =       0

Nature and format of input:
     ntx     =       1, irest   =       0, ntrx    =       1

Nature and format of output:
     ntxo    =       2, ntpr    =     500, ntrx    =       1, ntwr    =   10000
     iwrap   =       1, ntwx    =     500, ntwv    =       0, ntwe    =       0
     ioutfm  =       1, ntwprt  =       0, idecomp =       0, rbornstat=      0

Potential function:
     ntf     =       2, ntb     =       1, igb     =       0, nsnb    =      25
     ipol    =       0, gbsa    =       0, iesp    =       0
     dielc   =   1.00000, cut     =  10.00000, intdiel =   1.00000

Frozen or restrained atoms:
     ibelly  =       0, ntr     =       1
     restraint_wt =  10.00000

Molecular dynamics:
     nstlim  =     10000, nscm    =         0, nrespa  =         1
     t       =   0.00000, dt      =   0.00200, vlimit  =  20.00000

Langevin dynamics temperature regulation:
     ig      =  988142
     temp0   = 298.00000, tempi   = 298.00000, gamma_ln=   1.00000

SHAKE:
     ntc     =       2, jfastw  =       0
     tol     =   0.00001

| Intermolecular bonds treatment:
|     no_intermolecular_bonds =       1

| Energy averages sample interval:
|     ene_avg_sampling =     500

Ewald parameters:
     verbose =       0, ew_type =       0, nbflag  =       1, use_pme =       1
     vdwmeth =       1, eedmeth =       1, netfrc  =       1
     Box X =   36.043   Box Y =   36.043   Box Z =   36.043
     Alpha =  109.471   Beta  =  109.471   Gamma =  109.471
     NFFT1 =   40       NFFT2 =   40       NFFT3 =   40
     Cutoff=   10.000   Tol   =0.100E-04
     Ewald Coefficient =  0.27511
     Interpolation order =    4

| PMEMD ewald parallel performance parameters:
|     block_fft =    0
|     fft_blk_y_divisor =    2
|     excl_recip =    0
|     excl_master =    0
|     atm_redist_freq =  320

    LOADING THE CONSTRAINED ATOMS AS GROUPS


   5.  REFERENCE ATOM COORDINATES

  MON                                                                             
     Mask :1; matches    36 atoms

--------------------------------------------------------------------------------
   3.  ATOMIC COORDINATES AND VELOCITIES
--------------------------------------------------------------------------------

MON                                                                             
 begin time read from input coords =     0.000 ps

 
 Number of triangulated 3-point waters found:     1068

     Sum of charges from parm topology file =  -0.00200217
     Forcing neutrality...

| Dynamic Memory, Types Used:
| Reals             1198095
| Integers           209509

| Nonbonded Pairs Initial Allocation:      317358

| Running AMBER/MPI version on    8 MPI task

 
--------------------------------------------------------------------------------
   4.  RESULTS
--------------------------------------------------------------------------------

 ---------------------------------------------------
 APPROXIMATING switch and d/dx switch using CUBIC SPLINE INTERPOLATION
 using   5000.0 points per unit in tabled values
 TESTING RELATIVE ERROR over r ranging from 0.0 to cutoff
| CHECK switch(x): max rel err =   0.3316E-14   at   2.351880
| CHECK d/dx switch(x): max rel err =   0.8066E-11   at   2.747240
 ---------------------------------------------------
|---------------------------------------------------
| APPROXIMATING direct energy using CUBIC SPLINE INTERPOLATION
|  with   50.0 points per unit in tabled values
| Relative Error Limit not exceeded for r .gt.   2.34
| APPROXIMATING direct force using CUBIC SPLINE INTERPOLATION
|  with   50.0 points per unit in tabled values
| Relative Error Limit not exceeded for r .gt.   2.81
|---------------------------------------------------

 NSTEP =        0   TIME(PS) =       0.000  TEMP(K) =   441.09  PRESS =     0.0
 Etot   =    -14683.6550  EKtot   =      2848.7340  EPtot      =    -17532.3890
 BOND   =         0.8053  ANGLE   =         6.3261  DIHED      =        10.5227
 1-4 NB =        12.2710  1-4 EEL =      -246.8731  VDWAALS    =      3747.0233
 EELEC  =    -21062.4643  EHBOND  =         0.0000  RESTRAINT  =         0.0000
 Ewald error estimate:   0.1464E-03
 ------------------------------------------------------------------------------

wrapping first mol.:       24.02876       33.98180        0.00000

 NSTEP =      500   TIME(PS) =       1.000  TEMP(K) =   241.81  PRESS =     0.0
 Etot   =    -11418.0324  EKtot   =      1561.7111  EPtot      =    -12979.7435
 BOND   =         2.8055  ANGLE   =        13.9209  DIHED      =        13.4379
 1-4 NB =        14.4768  1-4 EEL =      -248.4406  VDWAALS    =      2509.0596
 EELEC  =    -15288.6701  EHBOND  =         0.0000  RESTRAINT  =         3.6664
 EAMBER (non-restraint)  =    -12983.4099
 Ewald error estimate:   0.1137E-03
 ------------------------------------------------------------------------------

wrapping first mol.:       24.02876       33.98180        0.00000

 NSTEP =     1000   TIME(PS) =       2.000  TEMP(K) =   270.11  PRESS =     0.0
 Etot   =    -10911.1675  EKtot   =      1744.4900  EPtot      =    -12655.6575
 BOND   =         6.1596  ANGLE   =        15.1399  DIHED      =        12.7887
 1-4 NB =        13.4379  1-4 EEL =      -247.0468  VDWAALS    =      2308.4274
 EELEC  =    -14771.6002  EHBOND  =         0.0000  RESTRAINT  =         7.0360
 EAMBER (non-restraint)  =    -12662.6935
 Ewald error estimate:   0.1474E-03
 ------------------------------------------------------------------------------

wrapping first mol.:       24.02876       33.98180        0.00000

 NSTEP =     1500   TIME(PS) =       3.000  TEMP(K) =   285.05  PRESS =     0.0
 Etot   =    -10740.7563  EKtot   =      1840.9620  EPtot      =    -12581.7183
 BOND   =         3.2188  ANGLE   =        16.4383  DIHED      =        13.1318
 1-4 NB =        13.1442  1-4 EEL =      -247.1179  VDWAALS    =      2413.5033
 EELEC  =    -14799.0078  EHBOND  =         0.0000  RESTRAINT  =         4.9712
 EAMBER (non-restraint)  =    -12586.6895
 Ewald error estimate:   0.1337E-04
 ------------------------------------------------------------------------------

wrapping first mol.:       24.02876       33.98180        0.00000

 NSTEP =     2000   TIME(PS) =       4.000  TEMP(K) =   295.62  PRESS =     0.0
 Etot   =    -10570.2883  EKtot   =      1909.2201  EPtot      =    -12479.5084
 BOND   =         3.2589  ANGLE   =        14.1438  DIHED      =        16.1331
 1-4 NB =        12.6530  1-4 EEL =      -246.1212  VDWAALS    =      2282.9249
 EELEC  =    -14568.6839  EHBOND  =         0.0000  RESTRAINT  =         6.1831
 EAMBER (non-restraint)  =    -12485.6915
 Ewald error estimate:   0.4965E-04
 ------------------------------------------------------------------------------

wrapping first mol.:       24.02876       33.98180        0.00000

 NSTEP =     2500   TIME(PS) =       5.000  TEMP(K) =   300.89  PRESS =     0.0
 Etot   =    -10474.4872  EKtot   =      1943.2806  EPtot      =    -12417.7678
 BOND   =         5.3158  ANGLE   =        10.8226  DIHED      =        13.3791
 1-4 NB =        13.3183  1-4 EEL =      -248.4181  VDWAALS    =      2304.5114
 EELEC  =    -14525.4637  EHBOND  =         0.0000  RESTRAINT  =         8.7669
 EAMBER (non-restraint)  =    -12426.5346
 Ewald error estimate:   0.2408E-03
 ------------------------------------------------------------------------------

wrapping first mol.:       24.02876       33.98180        0.00000

 NSTEP =     3000   TIME(PS) =       6.000  TEMP(K) =   301.29  PRESS =     0.0
 Etot   =    -10460.7751  EKtot   =      1945.8528  EPtot      =    -12406.6279
 BOND   =         6.5619  ANGLE   =        16.2525  DIHED      =        10.5228
 1-4 NB =        14.2972  1-4 EEL =      -248.1085  VDWAALS    =      2285.7820
 EELEC  =    -14499.1925  EHBOND  =         0.0000  RESTRAINT  =         7.2567
 EAMBER (non-restraint)  =    -12413.8846
 Ewald error estimate:   0.2752E-05
 ------------------------------------------------------------------------------

wrapping first mol.:       24.02876       33.98180        0.00000

 NSTEP =     3500   TIME(PS) =       7.000  TEMP(K) =   292.76  PRESS =     0.0
 Etot   =    -10550.2117  EKtot   =      1890.7269  EPtot      =    -12440.9386
 BOND   =         5.9366  ANGLE   =        17.1450  DIHED      =        14.6503
 1-4 NB =        12.6544  1-4 EEL =      -245.4734  VDWAALS    =      2330.0240
 EELEC  =    -14588.0368  EHBOND  =         0.0000  RESTRAINT  =        12.1613
 EAMBER (non-restraint)  =    -12453.0999
 Ewald error estimate:   0.2463E-04
 ------------------------------------------------------------------------------

wrapping first mol.:       24.02876       33.98180        0.00000

 NSTEP =     4000   TIME(PS) =       8.000  TEMP(K) =   294.53  PRESS =     0.0
 Etot   =    -10512.4748  EKtot   =      1902.1678  EPtot      =    -12414.6426
 BOND   =         5.6060  ANGLE   =        12.7487  DIHED      =        13.7659
 1-4 NB =        12.0526  1-4 EEL =      -245.5791  VDWAALS    =      2338.8591
 EELEC  =    -14558.8674  EHBOND  =         0.0000  RESTRAINT  =         6.7717
 EAMBER (non-restraint)  =    -12421.4143
 Ewald error estimate:   0.2092E-03
 ------------------------------------------------------------------------------

wrapping first mol.:       24.02876       33.98180        0.00000

 NSTEP =     4500   TIME(PS) =       9.000  TEMP(K) =   295.00  PRESS =     0.0
 Etot   =    -10488.0593  EKtot   =      1905.2083  EPtot      =    -12393.2677
 BOND   =         5.2207  ANGLE   =        11.4162  DIHED      =        13.7848
 1-4 NB =        13.0702  1-4 EEL =      -245.9769  VDWAALS    =      2372.0993
 EELEC  =    -14571.0864  EHBOND  =         0.0000  RESTRAINT  =         8.2043
 EAMBER (non-restraint)  =    -12401.4720
 Ewald error estimate:   0.1353E-03
 ------------------------------------------------------------------------------

wrapping first mol.:       24.02876       33.98180        0.00000

 NSTEP =     5000   TIME(PS) =      10.000  TEMP(K) =   304.82  PRESS =     0.0
 Etot   =    -10417.3763  EKtot   =      1968.6705  EPtot      =    -12386.0468
 BOND   =         8.3797  ANGLE   =        14.5179  DIHED      =        13.1568
 1-4 NB =        11.2411  1-4 EEL =      -247.2480  VDWAALS    =      2296.2530
 EELEC  =    -14486.0403  EHBOND  =         0.0000  RESTRAINT  =         3.6929
 EAMBER (non-restraint)  =    -12389.7398
 Ewald error estimate:   0.9485E-04
 ------------------------------------------------------------------------------

wrapping first mol.:       24.02876       33.98180        0.00000

 NSTEP =     5500   TIME(PS) =      11.000  TEMP(K) =   305.03  PRESS =     0.0
 Etot   =    -10382.1796  EKtot   =      1969.9724  EPtot      =    -12352.1520
 BOND   =         6.7799  ANGLE   =        17.8775  DIHED      =        13.8711
 1-4 NB =        13.2239  1-4 EEL =      -248.1319  VDWAALS    =      2343.7113
 EELEC  =    -14509.6582  EHBOND  =         0.0000  RESTRAINT  =        10.1743
 EAMBER (non-restraint)  =    -12362.3264
 Ewald error estimate:   0.1127E-03
 ------------------------------------------------------------------------------

wrapping first mol.:       24.02876       33.98180        0.00000

 NSTEP =     6000   TIME(PS) =      12.000  TEMP(K) =   296.75  PRESS =     0.0
 Etot   =    -10503.6442  EKtot   =      1916.5173  EPtot      =    -12420.1615
 BOND   =         7.9292  ANGLE   =        12.9724  DIHED      =        10.4643
 1-4 NB =        13.6534  1-4 EEL =      -245.4475  VDWAALS    =      2338.1433
 EELEC  =    -14568.3338  EHBOND  =         0.0000  RESTRAINT  =        10.4571
 EAMBER (non-restraint)  =    -12430.6186
 Ewald error estimate:   0.5448E-04
 ------------------------------------------------------------------------------

wrapping first mol.:       24.02876       33.98180        0.00000

 NSTEP =     6500   TIME(PS) =      13.000  TEMP(K) =   298.34  PRESS =     0.0
 Etot   =    -10468.6545  EKtot   =      1926.7965  EPtot      =    -12395.4510
 BOND   =         6.7209  ANGLE   =        14.6350  DIHED      =        12.0121
 1-4 NB =         9.5705  1-4 EEL =      -243.9454  VDWAALS    =      2339.3132
 EELEC  =    -14540.6322  EHBOND  =         0.0000  RESTRAINT  =         6.8750
 EAMBER (non-restraint)  =    -12402.3260
 Ewald error estimate:   0.5563E-04
 ------------------------------------------------------------------------------

wrapping first mol.:       24.02876       33.98180        0.00000

 NSTEP =     7000   TIME(PS) =      14.000  TEMP(K) =   306.76  PRESS =     0.0
 Etot   =    -10490.8002  EKtot   =      1981.1627  EPtot      =    -12471.9630
 BOND   =        12.4155  ANGLE   =        15.6549  DIHED      =        11.4431
 1-4 NB =        11.6446  1-4 EEL =      -247.0209  VDWAALS    =      2328.0784
 EELEC  =    -14612.3955  EHBOND  =         0.0000  RESTRAINT  =         8.2171
 EAMBER (non-restraint)  =    -12480.1801
 Ewald error estimate:   0.8631E-05
 ------------------------------------------------------------------------------

wrapping first mol.:       24.02876       33.98180        0.00000

 NSTEP =     7500   TIME(PS) =      15.000  TEMP(K) =   301.78  PRESS =     0.0
 Etot   =    -10477.3851  EKtot   =      1949.0372  EPtot      =    -12426.4223
 BOND   =         5.0590  ANGLE   =        14.6407  DIHED      =        16.0972
 1-4 NB =        11.3302  1-4 EEL =      -244.5613  VDWAALS    =      2397.5330
 EELEC  =    -14637.9575  EHBOND  =         0.0000  RESTRAINT  =        11.4363
 EAMBER (non-restraint)  =    -12437.8586
 Ewald error estimate:   0.2456E-03
 ------------------------------------------------------------------------------

wrapping first mol.:       24.02876       33.98180        0.00000

 NSTEP =     8000   TIME(PS) =      16.000  TEMP(K) =   297.05  PRESS =     0.0
 Etot   =    -10420.1415  EKtot   =      1918.4505  EPtot      =    -12338.5920
 BOND   =         7.0113  ANGLE   =        17.0759  DIHED      =        11.8681
 1-4 NB =        14.0518  1-4 EEL =      -249.3281  VDWAALS    =      2315.1212
 EELEC  =    -14460.4015  EHBOND  =         0.0000  RESTRAINT  =         6.0092
 EAMBER (non-restraint)  =    -12344.6013
 Ewald error estimate:   0.4183E-03
 ------------------------------------------------------------------------------

wrapping first mol.:       24.02876       33.98180        0.00000

 NSTEP =     8500   TIME(PS) =      17.000  TEMP(K) =   302.11  PRESS =     0.0
 Etot   =    -10510.3830  EKtot   =      1951.1206  EPtot      =    -12461.5036
 BOND   =         4.6234  ANGLE   =        19.7607  DIHED      =        14.7704
 1-4 NB =        14.7062  1-4 EEL =      -249.5953  VDWAALS    =      2315.9600
 EELEC  =    -14590.4334  EHBOND  =         0.0000  RESTRAINT  =         8.7043
 EAMBER (non-restraint)  =    -12470.2079
 Ewald error estimate:   0.1632E-03
 ------------------------------------------------------------------------------

wrapping first mol.:       24.02876       33.98180        0.00000

 NSTEP =     9000   TIME(PS) =      18.000  TEMP(K) =   298.87  PRESS =     0.0
 Etot   =    -10505.5976  EKtot   =      1930.2070  EPtot      =    -12435.8046
 BOND   =         3.2737  ANGLE   =        18.1180  DIHED      =        11.7761
 1-4 NB =        14.5174  1-4 EEL =      -247.8569  VDWAALS    =      2363.3071
 EELEC  =    -14606.5343  EHBOND  =         0.0000  RESTRAINT  =         7.5944
 EAMBER (non-restraint)  =    -12443.3990
 Ewald error estimate:   0.3650E-03
 ------------------------------------------------------------------------------

wrapping first mol.:       24.02876       33.98180        0.00000

 NSTEP =     9500   TIME(PS) =      19.000  TEMP(K) =   301.47  PRESS =     0.0
 Etot   =    -10443.3903  EKtot   =      1946.9780  EPtot      =    -12390.3683
 BOND   =         4.7528  ANGLE   =        16.1051  DIHED      =        14.3339
 1-4 NB =        12.8458  1-4 EEL =      -245.6677  VDWAALS    =      2346.9757
 EELEC  =    -14545.7060  EHBOND  =         0.0000  RESTRAINT  =         5.9922
 EAMBER (non-restraint)  =    -12396.3604
 Ewald error estimate:   0.1840E-03
 ------------------------------------------------------------------------------

wrapping first mol.:       24.02876       33.98180        0.00000
wrapping first mol.:       24.02876       33.98180        0.00000

 NSTEP =    10000   TIME(PS) =      20.000  TEMP(K) =   294.82  PRESS =     0.0
 Etot   =    -10478.5496  EKtot   =      1904.0461  EPtot      =    -12382.5956
 BOND   =         6.1529  ANGLE   =        17.2082  DIHED      =        11.5520
 1-4 NB =        11.6272  1-4 EEL =      -244.2093  VDWAALS    =      2264.9458
 EELEC  =    -14456.2562  EHBOND  =         0.0000  RESTRAINT  =         6.3838
 EAMBER (non-restraint)  =    -12388.9794
 Ewald error estimate:   0.4267E-03
 ------------------------------------------------------------------------------


      A V E R A G E S   O V E R      20 S T E P S


 NSTEP =    10000   TIME(PS) =      20.000  TEMP(K) =   294.24  PRESS =     0.0
 Etot   =    -10561.2177  EKtot   =      1900.3289  EPtot      =    -12461.5466
 BOND   =         5.8591  ANGLE   =        15.3297  DIHED      =        13.1470
 1-4 NB =        12.8758  1-4 EEL =      -246.7648  VDWAALS    =      2339.7267
 EELEC  =    -14609.2479  EHBOND  =         0.0000  RESTRAINT  =         7.5277
 EAMBER (non-restraint)  =    -12469.0744
 Ewald error estimate:   0.1533E-03
 ------------------------------------------------------------------------------


      R M S  F L U C T U A T I O N S


 NSTEP =    10000   TIME(PS) =      20.000  TEMP(K) =    14.36  PRESS =     0.0
 Etot   =       227.7372  EKtot   =        92.7278  EPtot      =       138.8095
 BOND   =         2.1345  ANGLE   =         2.2299  DIHED      =         1.5786
 1-4 NB =         1.2884  1-4 EEL =         1.6105  VDWAALS    =        53.0908
 EELEC  =       177.6905  EHBOND  =         0.0000  RESTRAINT  =         2.2520
 EAMBER (non-restraint)  =       136.5574
 Ewald error estimate:   0.1279E-03
 ------------------------------------------------------------------------------

--------------------------------------------------------------------------------
   5.  TIMINGS
--------------------------------------------------------------------------------

|  NonSetup CPU Time in Major Routines, Average for All Tasks:
|
|     Routine           Sec        %
|     ------------------------------
|     DataDistrib       1.93   10.13
|     Nonbond          16.04   84.04
|     Bond              0.03    0.14
|     Angle             0.03    0.16
|     Dihedral          0.04    0.21
|     Shake             0.13    0.66
|     RunMD             0.86    4.52
|     Other             0.03    0.14
|     ------------------------------
|     Total            19.09

|  PME Nonbond Pairlist CPU Time, Average for All Tasks:
|
|     Routine              Sec        %
|     ---------------------------------
|     Set Up Cit           0.06    0.30
|     Build List           1.95   10.23
|     ---------------------------------
|     Total                2.01   10.53

|  PME Direct Force CPU Time, Average for All Tasks:
|
|     Routine              Sec        %
|     ---------------------------------
|     NonBonded Calc      10.78   56.47
|     Exclude Masked       0.13    0.70
|     Other                0.49    2.54
|     ---------------------------------
|     Total               11.40   59.71

|  PME Reciprocal Force CPU Time, Average for All Tasks:
|
|     Routine              Sec        %
|     ---------------------------------
|     1D bspline           0.22    1.16
|     Grid Charges         0.24    1.27
|     Scalar Sum           0.21    1.10
|     Gradient Sum         0.42    2.19
|     FFT                  1.49    7.78
|     ---------------------------------
|     Total                2.58   13.50

|  PME Load Balancing CPU Time, Average for All Tasks:
|
|     Routine                 Sec        %
|     ------------------------------------
|     Atom Reassign           0.00    0.00
|     Image Reassign          0.00    0.00
|     FFT Reassign            0.00    0.00
|     ------------------------------------
|     Total                   0.00    0.01

|  Final Performance Info:
|     -----------------------------------------------------
|     Average timings for last   10000 steps:
|     Elapsed(s) =      19.10 Per Step(ms) =       1.91
|         ns/day =      90.49   seconds/ns =     954.81
|
|     Average timings for all steps:
|     Elapsed(s) =      19.10 Per Step(ms) =       1.91
|         ns/day =      90.49   seconds/ns =     954.81
|     -----------------------------------------------------

|  Master Setup CPU time:            0.03 seconds
|  Master NonSetup CPU time:        19.07 seconds
|  Master Total CPU time:           19.11 seconds     0.01 hours

|  Master Setup wall time:           0    seconds
|  Master NonSetup wall time:       19    seconds
|  Master Total wall time:          19    seconds     0.01 hours
