
          -------------------------------------------------------
          Amber 18 PMEMD                              2018
          -------------------------------------------------------

| PMEMD implementation of SANDER, Release 18

| Run on 03/23/2022 at 17:56:57

|   Executable path: pmemd.MPI
| Working directory: /bgfs/lchong/dty7/ff15ipq-lig/charges/gaff_02/GenConformers/Conf6
|          Hostname: smp-n123

  [-O]verwriting output

File Assignments:
|   MDIN: ../../../amber/6.2_eq1.in                                             
|  MDOUT: 6.2_eq1.out                                                           
| INPCRD: 6.1_min.rst                                                           
|   PARM: ../../mon.top                                                         
| RESTRT: 6.2_eq1.rst                                                           
|   REFC: 6.1_min.rst                                                           
|  MDVEL: mdvel                                                                 
|   MDEN: mden                                                                  
|  MDCRD: mdcrd                                                                 
| MDINFO: mdinfo                                                                
|LOGFILE: logfile                                                               
|  MDFRC: mdfrc                                                                 

 
 Here is the input file:
 
&cntrl                                                                         
  imin      = 0,                                                               
  irest     = 0,                                                               
  ntx       = 1,                                                               
  ig        = -1,                                                              
  dt        = 0.002,                                                           
  nstlim    = 10000,                                                           
  nscm      = 500,                                                             
  ntr       = 1,                                                               
  restraintmask = ':1',                                                        
  restraint_wt  = 10.0,                                                        
  ntb       = 1,                                                               
  ntp       = 0,                                                               
  ntt       = 3,                                                               
  tempi     = 298.0,                                                           
  temp0     = 298.0,                                                           
  gamma_ln  = 1.0,                                                             
  ntf       = 2,                                                               
  ntc       = 2,                                                               
  cut       = 10.0,                                                            
  ntpr      = 500,                                                             
  ntxo      = 2,                                                               
  ntwr      = 10000,                                                           
  ioutfm    = 1,                                                               
  ntwx      = 500,                                                             
  iwrap     = 1,                                                               
&end                                                                           


Note: ig = -1. Setting random seed to   709677 based on wallclock time in
      microseconds and disabling the synchronization of random numbers 
      between tasks to improve performance.
| irandom = 1, using AMBER's internal random number generator (default).
 
 
| Conditional Compilation Defines Used:
| MPI
| FFTW_FFT
| BINTRAJ
| MKL
| EMIL
 
| Largest sphere to fit in unit cell has radius =    14.812

| New format PARM file being parsed.
| Version =    1.000 Date = 03/23/22 Time = 14:37:26

| Note: 1-4 EEL scale factors are being read from the topology file.

| Note: 1-4 VDW scale factors are being read from the topology file.
| Duplicated    0 dihedrals

| Duplicated    0 dihedrals

--------------------------------------------------------------------------------
   1.  RESOURCE   USE: 
--------------------------------------------------------------------------------

 getting box info from netcdf restart file
 NATOM  =    3240 NTYPES =      13 NBONH =    3220 MBONA  =      21
 NTHETH =      33 MTHETA =      29 NPHIH =      60 MPHIA  =      45
 NHPARM =       0 NPARM  =       0 NNB   =    4456 NRES   =    1069
 NBONA  =      21 NTHETA =      29 NPHIA =      45 NUMBND =      22
 NUMANG =      35 NPTRA  =      18 NATYP =      17 NPHB   =       0
 IFBOX  =       2 NMXRS  =      36 IFCAP =       0 NEXTRA =       0
 NCOPY  =       0

| Coordinate Index Table dimensions:     5    5    5
| Direct force subcell size =     7.2566    7.2566    7.2566

     BOX TYPE: TRUNCATED OCTAHEDRON

--------------------------------------------------------------------------------
   2.  CONTROL  DATA  FOR  THE  RUN
--------------------------------------------------------------------------------

default_name                                                                    

General flags:
     imin    =       0, nmropt  =       0

Nature and format of input:
     ntx     =       1, irest   =       0, ntrx    =       1

Nature and format of output:
     ntxo    =       2, ntpr    =     500, ntrx    =       1, ntwr    =   10000
     iwrap   =       1, ntwx    =     500, ntwv    =       0, ntwe    =       0
     ioutfm  =       1, ntwprt  =       0, idecomp =       0, rbornstat=      0

Potential function:
     ntf     =       2, ntb     =       1, igb     =       0, nsnb    =      25
     ipol    =       0, gbsa    =       0, iesp    =       0
     dielc   =   1.00000, cut     =  10.00000, intdiel =   1.00000

Frozen or restrained atoms:
     ibelly  =       0, ntr     =       1
     restraint_wt =  10.00000

Molecular dynamics:
     nstlim  =     10000, nscm    =         0, nrespa  =         1
     t       =   0.00000, dt      =   0.00200, vlimit  =  20.00000

Langevin dynamics temperature regulation:
     ig      =  709677
     temp0   = 298.00000, tempi   = 298.00000, gamma_ln=   1.00000

SHAKE:
     ntc     =       2, jfastw  =       0
     tol     =   0.00001

| Intermolecular bonds treatment:
|     no_intermolecular_bonds =       1

| Energy averages sample interval:
|     ene_avg_sampling =     500

Ewald parameters:
     verbose =       0, ew_type =       0, nbflag  =       1, use_pme =       1
     vdwmeth =       1, eedmeth =       1, netfrc  =       1
     Box X =   36.283   Box Y =   36.283   Box Z =   36.283
     Alpha =  109.471   Beta  =  109.471   Gamma =  109.471
     NFFT1 =   40       NFFT2 =   40       NFFT3 =   40
     Cutoff=   10.000   Tol   =0.100E-04
     Ewald Coefficient =  0.27511
     Interpolation order =    4

| PMEMD ewald parallel performance parameters:
|     block_fft =    0
|     fft_blk_y_divisor =    2
|     excl_recip =    0
|     excl_master =    0
|     atm_redist_freq =  320

    LOADING THE CONSTRAINED ATOMS AS GROUPS


   5.  REFERENCE ATOM COORDINATES

  default_name                                                                    
     Mask :1; matches    36 atoms

--------------------------------------------------------------------------------
   3.  ATOMIC COORDINATES AND VELOCITIES
--------------------------------------------------------------------------------

default_name                                                                    
 begin time read from input coords =     0.000 ps

 
 Number of triangulated 3-point waters found:     1068

     Sum of charges from parm topology file =  -0.00010118
     Forcing neutrality...

| Dynamic Memory, Types Used:
| Reals             1198019
| Integers           209498

| Nonbonded Pairs Initial Allocation:      317358

| Running AMBER/MPI version on    8 MPI task

 
--------------------------------------------------------------------------------
   4.  RESULTS
--------------------------------------------------------------------------------

 ---------------------------------------------------
 APPROXIMATING switch and d/dx switch using CUBIC SPLINE INTERPOLATION
 using   5000.0 points per unit in tabled values
 TESTING RELATIVE ERROR over r ranging from 0.0 to cutoff
| CHECK switch(x): max rel err =   0.3316E-14   at   2.351880
| CHECK d/dx switch(x): max rel err =   0.8066E-11   at   2.747240
 ---------------------------------------------------
|---------------------------------------------------
| APPROXIMATING direct energy using CUBIC SPLINE INTERPOLATION
|  with   50.0 points per unit in tabled values
| Relative Error Limit not exceeded for r .gt.   2.34
| APPROXIMATING direct force using CUBIC SPLINE INTERPOLATION
|  with   50.0 points per unit in tabled values
| Relative Error Limit not exceeded for r .gt.   2.81
|---------------------------------------------------

 NSTEP =        0   TIME(PS) =       0.000  TEMP(K) =   442.87  PRESS =     0.0
 Etot   =    -14817.7900  EKtot   =      2860.2462  EPtot      =    -17678.0362
 BOND   =         1.6110  ANGLE   =         4.1120  DIHED      =        14.9943
 1-4 NB =        11.9249  1-4 EEL =      -670.3741  VDWAALS    =      3670.4635
 EELEC  =    -20710.7678  EHBOND  =         0.0000  RESTRAINT  =         0.0000
 Ewald error estimate:   0.5596E-03
 ------------------------------------------------------------------------------


 NSTEP =      500   TIME(PS) =       1.000  TEMP(K) =   244.02  PRESS =     0.0
 Etot   =    -11556.6986  EKtot   =      1575.9842  EPtot      =    -13132.6828
 BOND   =         3.1355  ANGLE   =        13.6706  DIHED      =        16.4722
 1-4 NB =        12.6601  1-4 EEL =      -670.7667  VDWAALS    =      2530.9951
 EELEC  =    -15045.3913  EHBOND  =         0.0000  RESTRAINT  =         6.5417
 EAMBER (non-restraint)  =    -13139.2245
 Ewald error estimate:   0.4100E-04
 ------------------------------------------------------------------------------


 NSTEP =     1000   TIME(PS) =       2.000  TEMP(K) =   275.45  PRESS =     0.0
 Etot   =    -11208.9817  EKtot   =      1778.9453  EPtot      =    -12987.9270
 BOND   =         5.6821  ANGLE   =        13.4099  DIHED      =        16.5473
 1-4 NB =        11.7757  1-4 EEL =      -670.9182  VDWAALS    =      2435.4587
 EELEC  =    -14805.4942  EHBOND  =         0.0000  RESTRAINT  =         5.6118
 EAMBER (non-restraint)  =    -12993.5388
 Ewald error estimate:   0.1865E-03
 ------------------------------------------------------------------------------


 NSTEP =     1500   TIME(PS) =       3.000  TEMP(K) =   287.78  PRESS =     0.0
 Etot   =    -10995.3674  EKtot   =      1858.5906  EPtot      =    -12853.9580
 BOND   =         6.6827  ANGLE   =        13.1185  DIHED      =        15.2920
 1-4 NB =        12.0231  1-4 EEL =      -669.6430  VDWAALS    =      2374.8340
 EELEC  =    -14613.5318  EHBOND  =         0.0000  RESTRAINT  =         7.2665
 EAMBER (non-restraint)  =    -12861.2245
 Ewald error estimate:   0.2917E-03
 ------------------------------------------------------------------------------


 NSTEP =     2000   TIME(PS) =       4.000  TEMP(K) =   287.54  PRESS =     0.0
 Etot   =    -10898.9785  EKtot   =      1857.0358  EPtot      =    -12756.0143
 BOND   =        11.0559  ANGLE   =        13.4310  DIHED      =        17.6730
 1-4 NB =        13.2260  1-4 EEL =      -676.7538  VDWAALS    =      2337.5377
 EELEC  =    -14482.4810  EHBOND  =         0.0000  RESTRAINT  =        10.2968
 EAMBER (non-restraint)  =    -12766.3111
 Ewald error estimate:   0.1918E-03
 ------------------------------------------------------------------------------


 NSTEP =     2500   TIME(PS) =       5.000  TEMP(K) =   288.72  PRESS =     0.0
 Etot   =    -10803.9125  EKtot   =      1864.6599  EPtot      =    -12668.5725
 BOND   =         6.3409  ANGLE   =        15.6287  DIHED      =        17.4459
 1-4 NB =        13.4721  1-4 EEL =      -678.1478  VDWAALS    =      2332.9175
 EELEC  =    -14385.2424  EHBOND  =         0.0000  RESTRAINT  =         9.0127
 EAMBER (non-restraint)  =    -12677.5852
 Ewald error estimate:   0.4112E-03
 ------------------------------------------------------------------------------


 NSTEP =     3000   TIME(PS) =       6.000  TEMP(K) =   289.97  PRESS =     0.0
 Etot   =    -10789.1917  EKtot   =      1872.7559  EPtot      =    -12661.9476
 BOND   =         7.8860  ANGLE   =        16.0087  DIHED      =        16.1008
 1-4 NB =        12.9908  1-4 EEL =      -670.3445  VDWAALS    =      2327.7242
 EELEC  =    -14377.6387  EHBOND  =         0.0000  RESTRAINT  =         5.3251
 EAMBER (non-restraint)  =    -12667.2727
 Ewald error estimate:   0.3779E-03
 ------------------------------------------------------------------------------


 NSTEP =     3500   TIME(PS) =       7.000  TEMP(K) =   291.21  PRESS =     0.0
 Etot   =    -10688.5290  EKtot   =      1880.7478  EPtot      =    -12569.2768
 BOND   =         8.6249  ANGLE   =        17.0631  DIHED      =        19.8819
 1-4 NB =        13.1868  1-4 EEL =      -674.0609  VDWAALS    =      2200.5439
 EELEC  =    -14163.0246  EHBOND  =         0.0000  RESTRAINT  =         8.5081
 EAMBER (non-restraint)  =    -12577.7849
 Ewald error estimate:   0.1344E-04
 ------------------------------------------------------------------------------


 NSTEP =     4000   TIME(PS) =       8.000  TEMP(K) =   295.97  PRESS =     0.0
 Etot   =    -10674.3780  EKtot   =      1911.4564  EPtot      =    -12585.8344
 BOND   =         8.7919  ANGLE   =        11.6543  DIHED      =        20.1672
 1-4 NB =        12.1880  1-4 EEL =      -673.8048  VDWAALS    =      2254.5437
 EELEC  =    -14226.6043  EHBOND  =         0.0000  RESTRAINT  =         7.2295
 EAMBER (non-restraint)  =    -12593.0639
 Ewald error estimate:   0.1267E-03
 ------------------------------------------------------------------------------


 NSTEP =     4500   TIME(PS) =       9.000  TEMP(K) =   298.91  PRESS =     0.0
 Etot   =    -10694.8985  EKtot   =      1930.4876  EPtot      =    -12625.3861
 BOND   =         6.3191  ANGLE   =        13.9504  DIHED      =        17.5752
 1-4 NB =        11.9178  1-4 EEL =      -667.5260  VDWAALS    =      2288.8922
 EELEC  =    -14303.6044  EHBOND  =         0.0000  RESTRAINT  =         7.0896
 EAMBER (non-restraint)  =    -12632.4757
 Ewald error estimate:   0.1649E-04
 ------------------------------------------------------------------------------


 NSTEP =     5000   TIME(PS) =      10.000  TEMP(K) =   297.89  PRESS =     0.0
 Etot   =    -10653.8193  EKtot   =      1923.8665  EPtot      =    -12577.6858
 BOND   =        10.3252  ANGLE   =        12.0158  DIHED      =        16.5829
 1-4 NB =        14.4925  1-4 EEL =      -672.1536  VDWAALS    =      2300.0942
 EELEC  =    -14267.3113  EHBOND  =         0.0000  RESTRAINT  =         8.2686
 EAMBER (non-restraint)  =    -12585.9544
 Ewald error estimate:   0.1815E-03
 ------------------------------------------------------------------------------


 NSTEP =     5500   TIME(PS) =      11.000  TEMP(K) =   304.09  PRESS =     0.0
 Etot   =    -10602.4252  EKtot   =      1963.9173  EPtot      =    -12566.3425
 BOND   =         6.2633  ANGLE   =        12.4535  DIHED      =        16.4836
 1-4 NB =        10.8293  1-4 EEL =      -668.7691  VDWAALS    =      2209.0733
 EELEC  =    -14159.7710  EHBOND  =         0.0000  RESTRAINT  =         7.0946
 EAMBER (non-restraint)  =    -12573.4371
 Ewald error estimate:   0.2623E-03
 ------------------------------------------------------------------------------


 NSTEP =     6000   TIME(PS) =      12.000  TEMP(K) =   301.53  PRESS =     0.0
 Etot   =    -10706.2728  EKtot   =      1947.3816  EPtot      =    -12653.6544
 BOND   =         6.4954  ANGLE   =         8.9570  DIHED      =        17.6628
 1-4 NB =        11.4104  1-4 EEL =      -668.2958  VDWAALS    =      2277.3662
 EELEC  =    -14312.0168  EHBOND  =         0.0000  RESTRAINT  =         4.7664
 EAMBER (non-restraint)  =    -12658.4208
 Ewald error estimate:   0.2119E-03
 ------------------------------------------------------------------------------


 NSTEP =     6500   TIME(PS) =      13.000  TEMP(K) =   304.65  PRESS =     0.0
 Etot   =    -10639.4192  EKtot   =      1967.5205  EPtot      =    -12606.9398
 BOND   =         8.8822  ANGLE   =        11.7033  DIHED      =        23.7804
 1-4 NB =        12.0087  1-4 EEL =      -672.6403  VDWAALS    =      2286.1696
 EELEC  =    -14284.1821  EHBOND  =         0.0000  RESTRAINT  =         7.3385
 EAMBER (non-restraint)  =    -12614.2783
 Ewald error estimate:   0.1504E-03
 ------------------------------------------------------------------------------


 NSTEP =     7000   TIME(PS) =      14.000  TEMP(K) =   297.78  PRESS =     0.0
 Etot   =    -10697.9941  EKtot   =      1923.1699  EPtot      =    -12621.1640
 BOND   =         6.8728  ANGLE   =        18.4130  DIHED      =        16.3223
 1-4 NB =        10.7617  1-4 EEL =      -665.2980  VDWAALS    =      2285.1004
 EELEC  =    -14303.8046  EHBOND  =         0.0000  RESTRAINT  =        10.4684
 EAMBER (non-restraint)  =    -12631.6324
 Ewald error estimate:   0.2890E-03
 ------------------------------------------------------------------------------


 NSTEP =     7500   TIME(PS) =      15.000  TEMP(K) =   290.39  PRESS =     0.0
 Etot   =    -10751.8011  EKtot   =      1875.4270  EPtot      =    -12627.2281
 BOND   =         9.3054  ANGLE   =        13.7600  DIHED      =        15.6203
 1-4 NB =        16.0098  1-4 EEL =      -676.5803  VDWAALS    =      2225.1027
 EELEC  =    -14236.5376  EHBOND  =         0.0000  RESTRAINT  =         6.0915
 EAMBER (non-restraint)  =    -12633.3197
 Ewald error estimate:   0.3229E-03
 ------------------------------------------------------------------------------


 NSTEP =     8000   TIME(PS) =      16.000  TEMP(K) =   298.51  PRESS =     0.0
 Etot   =    -10617.9022  EKtot   =      1927.9037  EPtot      =    -12545.8059
 BOND   =         3.8179  ANGLE   =        14.2141  DIHED      =        18.3206
 1-4 NB =        12.0101  1-4 EEL =      -669.3239  VDWAALS    =      2270.4815
 EELEC  =    -14204.0123  EHBOND  =         0.0000  RESTRAINT  =         8.6860
 EAMBER (non-restraint)  =    -12554.4919
 Ewald error estimate:   0.8289E-04
 ------------------------------------------------------------------------------


 NSTEP =     8500   TIME(PS) =      17.000  TEMP(K) =   307.25  PRESS =     0.0
 Etot   =    -10640.9636  EKtot   =      1984.3648  EPtot      =    -12625.3283
 BOND   =         8.7344  ANGLE   =        14.7667  DIHED      =        18.1360
 1-4 NB =        12.6552  1-4 EEL =      -670.7524  VDWAALS    =      2270.4053
 EELEC  =    -14285.4971  EHBOND  =         0.0000  RESTRAINT  =         6.2236
 EAMBER (non-restraint)  =    -12631.5519
 Ewald error estimate:   0.3280E-03
 ------------------------------------------------------------------------------


 NSTEP =     9000   TIME(PS) =      18.000  TEMP(K) =   295.07  PRESS =     0.0
 Etot   =    -10627.3211  EKtot   =      1905.6577  EPtot      =    -12532.9788
 BOND   =         7.6915  ANGLE   =        17.5401  DIHED      =        19.9728
 1-4 NB =        12.0328  1-4 EEL =      -678.1775  VDWAALS    =      2164.2507
 EELEC  =    -14081.6886  EHBOND  =         0.0000  RESTRAINT  =         5.3994
 EAMBER (non-restraint)  =    -12538.3782
 Ewald error estimate:   0.7487E-04
 ------------------------------------------------------------------------------


 NSTEP =     9500   TIME(PS) =      19.000  TEMP(K) =   294.10  PRESS =     0.0
 Etot   =    -10717.7677  EKtot   =      1899.3991  EPtot      =    -12617.1668
 BOND   =         7.7095  ANGLE   =        16.2558  DIHED      =        15.9974
 1-4 NB =        11.6647  1-4 EEL =      -668.2654  VDWAALS    =      2220.1315
 EELEC  =    -14225.9713  EHBOND  =         0.0000  RESTRAINT  =         5.3110
 EAMBER (non-restraint)  =    -12622.4778
 Ewald error estimate:   0.4434E-03
 ------------------------------------------------------------------------------


 NSTEP =    10000   TIME(PS) =      20.000  TEMP(K) =   305.09  PRESS =     0.0
 Etot   =    -10609.3952  EKtot   =      1970.3819  EPtot      =    -12579.7771
 BOND   =         4.8075  ANGLE   =        15.5170  DIHED      =        19.1843
 1-4 NB =        13.5802  1-4 EEL =      -668.7019  VDWAALS    =      2202.8640
 EELEC  =    -14174.2273  EHBOND  =         0.0000  RESTRAINT  =         7.1993
 EAMBER (non-restraint)  =    -12586.9764
 Ewald error estimate:   0.1328E-03
 ------------------------------------------------------------------------------


      A V E R A G E S   O V E R      20 S T E P S


 NSTEP =    10000   TIME(PS) =      20.000  TEMP(K) =   292.80  PRESS =     0.0
 Etot   =    -10778.8009  EKtot   =      1890.9827  EPtot      =    -12669.7835
 BOND   =         7.2712  ANGLE   =        14.1766  DIHED      =        17.7609
 1-4 NB =        12.5448  1-4 EEL =      -671.5462  VDWAALS    =      2289.7243
 EELEC  =    -14346.9016  EHBOND  =         0.0000  RESTRAINT  =         7.1865
 EAMBER (non-restraint)  =    -12676.9700
 Ewald error estimate:   0.2068E-03
 ------------------------------------------------------------------------------


      R M S  F L U C T U A T I O N S


 NSTEP =    10000   TIME(PS) =      20.000  TEMP(K) =    13.43  PRESS =     0.0
 Etot   =       229.9225  EKtot   =        86.7408  EPtot      =       150.0880
 BOND   =         1.9866  ANGLE   =         2.2319  DIHED      =         1.9851
 1-4 NB =         1.2090  1-4 EEL =         3.5845  VDWAALS    =        84.0627
 EELEC  =       228.0074  EHBOND  =         0.0000  RESTRAINT  =         1.5819
 EAMBER (non-restraint)  =       148.5061
 Ewald error estimate:   0.1270E-03
 ------------------------------------------------------------------------------

--------------------------------------------------------------------------------
   5.  TIMINGS
--------------------------------------------------------------------------------

|  NonSetup CPU Time in Major Routines, Average for All Tasks:
|
|     Routine           Sec        %
|     ------------------------------
|     DataDistrib       1.94   10.27
|     Nonbond          15.80   83.81
|     Bond              0.03    0.14
|     Angle             0.03    0.17
|     Dihedral          0.04    0.23
|     Shake             0.13    0.67
|     RunMD             0.86    4.57
|     Other             0.03    0.14
|     ------------------------------
|     Total            18.85

|  PME Nonbond Pairlist CPU Time, Average for All Tasks:
|
|     Routine              Sec        %
|     ---------------------------------
|     Set Up Cit           0.06    0.30
|     Build List           1.94   10.27
|     ---------------------------------
|     Total                1.99   10.57

|  PME Direct Force CPU Time, Average for All Tasks:
|
|     Routine              Sec        %
|     ---------------------------------
|     NonBonded Calc      10.56   56.01
|     Exclude Masked       0.13    0.71
|     Other                0.49    2.60
|     ---------------------------------
|     Total               11.18   59.32

|  PME Reciprocal Force CPU Time, Average for All Tasks:
|
|     Routine              Sec        %
|     ---------------------------------
|     1D bspline           0.22    1.17
|     Grid Charges         0.24    1.28
|     Scalar Sum           0.21    1.11
|     Gradient Sum         0.42    2.21
|     FFT                  1.48    7.84
|     ---------------------------------
|     Total                2.57   13.61

|  PME Load Balancing CPU Time, Average for All Tasks:
|
|     Routine                 Sec        %
|     ------------------------------------
|     Atom Reassign           0.00    0.00
|     Image Reassign          0.00    0.01
|     FFT Reassign            0.00    0.00
|     ------------------------------------
|     Total                   0.00    0.01

|  Final Performance Info:
|     -----------------------------------------------------
|     Average timings for last   10000 steps:
|     Elapsed(s) =      18.95 Per Step(ms) =       1.89
|         ns/day =      91.20   seconds/ns =     947.38
|
|     Average timings for all steps:
|     Elapsed(s) =      18.95 Per Step(ms) =       1.89
|         ns/day =      91.20   seconds/ns =     947.38
|     -----------------------------------------------------

|  Master Setup CPU time:            0.03 seconds
|  Master NonSetup CPU time:        18.75 seconds
|  Master Total CPU time:           18.78 seconds     0.01 hours

|  Master Setup wall time:           0    seconds
|  Master NonSetup wall time:       19    seconds
|  Master Total wall time:          19    seconds     0.01 hours
