
          -------------------------------------------------------
          Amber 18 PMEMD                              2018
          -------------------------------------------------------

| PMEMD implementation of SANDER, Release 18

| Run on 03/23/2022 at 17:44:49

|   Executable path: pmemd.MPI
| Working directory: /bgfs/lchong/dty7/ff15ipq-lig/charges/gaff_02/GenConformers/Conf1
|          Hostname: smp-n123

  [-O]verwriting output

File Assignments:
|   MDIN: ../../../amber/6.3_eq2.in                                             
|  MDOUT: 6.3_eq2.out                                                           
| INPCRD: 6.2_eq1.rst                                                           
|   PARM: ../../mon.top                                                         
| RESTRT: 6.3_eq2.rst                                                           
|   REFC: 6.2_eq1.rst                                                           
|  MDVEL: mdvel                                                                 
|   MDEN: mden                                                                  
|  MDCRD: mdcrd                                                                 
| MDINFO: mdinfo                                                                
|LOGFILE: logfile                                                               
|  MDFRC: mdfrc                                                                 

 
 Here is the input file:
 
&cntrl                                                                         
  imin      = 0,                                                               
  irest     = 1,                                                               
  ntx       = 5,                                                               
  ig        = -1,                                                              
  dt        = 0.002,                                                           
  nstlim    = 50000,                                                           
  nscm      = 500,                                                             
  ntr       = 1,                                                               
  restraintmask = ':1',                                                        
  restraint_wt  = 10.0,                                                        
  ntb       = 2,                                                               
  ntp       = 1,                                                               
  barostat  = 2,                                                               
  pres0     = 1.0,                                                             
  mcbarint  = 100,                                                             
  comp      = 44.6,                                                            
  taup      = 1.0,                                                             
  ntt       = 3,                                                               
  temp0     = 298.0,                                                           
  gamma_ln  = 1.0,                                                             
  ntf       = 2,                                                               
  ntc       = 2,                                                               
  cut       = 10.0,                                                            
  ntpr      = 500,                                                             
  ntxo      = 1,                                                               
  ntwr      = 50000,                                                           
  ioutfm    = 1,                                                               
  ntwx      = 500,                                                             
  iwrap     = 1,                                                               
&end                                                                           


Note: ig = -1. Setting random seed to   212477 based on wallclock time in
      microseconds and disabling the synchronization of random numbers 
      between tasks to improve performance.
| irandom = 1, using AMBER's internal random number generator (default).
 
 
| Conditional Compilation Defines Used:
| MPI
| FFTW_FFT
| BINTRAJ
| MKL
| EMIL
 
| Largest sphere to fit in unit cell has radius =    14.751

| New format PARM file being parsed.
| Version =    1.000 Date = 03/23/22 Time = 14:37:26

| Note: 1-4 EEL scale factors are being read from the topology file.

| Note: 1-4 VDW scale factors are being read from the topology file.
| Duplicated    0 dihedrals

| Duplicated    0 dihedrals

--------------------------------------------------------------------------------
   1.  RESOURCE   USE: 
--------------------------------------------------------------------------------

 getting box info from netcdf restart file
 NATOM  =    3240 NTYPES =      13 NBONH =    3220 MBONA  =      21
 NTHETH =      33 MTHETA =      29 NPHIH =      60 MPHIA  =      45
 NHPARM =       0 NPARM  =       0 NNB   =    4456 NRES   =    1069
 NBONA  =      21 NTHETA =      29 NPHIA =      45 NUMBND =      22
 NUMANG =      35 NPTRA  =      18 NATYP =      17 NPHB   =       0
 IFBOX  =       2 NMXRS  =      36 IFCAP =       0 NEXTRA =       0
 NCOPY  =       0

| Coordinate Index Table dimensions:     5    5    5
| Direct force subcell size =     7.2266    7.2266    7.2266

     BOX TYPE: TRUNCATED OCTAHEDRON

--------------------------------------------------------------------------------
   2.  CONTROL  DATA  FOR  THE  RUN
--------------------------------------------------------------------------------

default_name                                                                    

General flags:
     imin    =       0, nmropt  =       0

Nature and format of input:
     ntx     =       5, irest   =       1, ntrx    =       1

Nature and format of output:
     ntxo    =       1, ntpr    =     500, ntrx    =       1, ntwr    =   50000
     iwrap   =       1, ntwx    =     500, ntwv    =       0, ntwe    =       0
     ioutfm  =       1, ntwprt  =       0, idecomp =       0, rbornstat=      0

Potential function:
     ntf     =       2, ntb     =       2, igb     =       0, nsnb    =      25
     ipol    =       0, gbsa    =       0, iesp    =       0
     dielc   =   1.00000, cut     =  10.00000, intdiel =   1.00000

Frozen or restrained atoms:
     ibelly  =       0, ntr     =       1
     restraint_wt =  10.00000

Molecular dynamics:
     nstlim  =     50000, nscm    =         0, nrespa  =         1
     t       =   0.00000, dt      =   0.00200, vlimit  =  20.00000

Langevin dynamics temperature regulation:
     ig      =  212477
     temp0   = 298.00000, tempi   =   0.00000, gamma_ln=   1.00000

Pressure regulation:
     ntp     =       1
     pres0   =   1.00000, comp    =  44.60000, taup    =   1.00000
     Monte-Carlo Barostat:
     mcbarint  =     100

SHAKE:
     ntc     =       2, jfastw  =       0
     tol     =   0.00001

| Intermolecular bonds treatment:
|     no_intermolecular_bonds =       1

| Energy averages sample interval:
|     ene_avg_sampling =     500

Ewald parameters:
     verbose =       0, ew_type =       0, nbflag  =       1, use_pme =       1
     vdwmeth =       1, eedmeth =       1, netfrc  =       1
     Box X =   36.133   Box Y =   36.133   Box Z =   36.133
     Alpha =  109.471   Beta  =  109.471   Gamma =  109.471
     NFFT1 =   40       NFFT2 =   40       NFFT3 =   40
     Cutoff=   10.000   Tol   =0.100E-04
     Ewald Coefficient =  0.27511
     Interpolation order =    4

| PMEMD ewald parallel performance parameters:
|     block_fft =    0
|     fft_blk_y_divisor =    2
|     excl_recip =    0
|     excl_master =    0
|     atm_redist_freq =  320

    LOADING THE CONSTRAINED ATOMS AS GROUPS


   5.  REFERENCE ATOM COORDINATES

  default_name                                                                    
     Mask :1; matches    36 atoms
| MONTE CARLO BAROSTAT IMPORTANT NOTE:
|   The Monte-Carlo barostat does not require the virial to adjust the system volume.
|   Since it is an expensive calculation, it is skipped for efficiency. A side-effect
|   is that the reported pressure is always 0 because it is not calculated.

--------------------------------------------------------------------------------
   3.  ATOMIC COORDINATES AND VELOCITIES
--------------------------------------------------------------------------------

default_name                                                                    
 begin time read from input coords =    20.000 ps

 
 Number of triangulated 3-point waters found:     1068

     Sum of charges from parm topology file =  -0.00010118
     Forcing neutrality...

| Dynamic Memory, Types Used:
| Reals             1243214
| Integers           213778

| Nonbonded Pairs Initial Allocation:      317358

| Running AMBER/MPI version on    8 MPI task

 
--------------------------------------------------------------------------------
   4.  RESULTS
--------------------------------------------------------------------------------

 ---------------------------------------------------
 APPROXIMATING switch and d/dx switch using CUBIC SPLINE INTERPOLATION
 using   5000.0 points per unit in tabled values
 TESTING RELATIVE ERROR over r ranging from 0.0 to cutoff
| CHECK switch(x): max rel err =   0.3316E-14   at   2.351880
| CHECK d/dx switch(x): max rel err =   0.8066E-11   at   2.747240
 ---------------------------------------------------
|---------------------------------------------------
| APPROXIMATING direct energy using CUBIC SPLINE INTERPOLATION
|  with   50.0 points per unit in tabled values
| Relative Error Limit not exceeded for r .gt.   2.34
| APPROXIMATING direct force using CUBIC SPLINE INTERPOLATION
|  with   50.0 points per unit in tabled values
| Relative Error Limit not exceeded for r .gt.   2.81
|---------------------------------------------------
wrapping first mol.:       24.00036       33.94164        0.00000

 NSTEP =      500   TIME(PS) =      21.000  TEMP(K) =   302.35  PRESS =     0.0
 Etot   =    -10789.4249  EKtot   =      1952.7073  EPtot      =    -12742.1321
 BOND   =         6.7004  ANGLE   =        18.5289  DIHED      =        15.1076
 1-4 NB =        13.7964  1-4 EEL =      -673.9002  VDWAALS    =      2547.6066
 EELEC  =    -14678.6631  EHBOND  =         0.0000  RESTRAINT  =         8.6912
 EAMBER (non-restraint)  =    -12750.8233
 EKCMT  =         0.0000  VIRIAL  =         0.0000  VOLUME     =     35917.4334
                                                    Density    =         0.9031
 Ewald error estimate:   0.1353E-03
 ------------------------------------------------------------------------------

wrapping first mol.:       23.91157       33.81607        0.00000

 NSTEP =     1000   TIME(PS) =      22.000  TEMP(K) =   297.47  PRESS =     0.0
 Etot   =    -10829.2277  EKtot   =      1921.2013  EPtot      =    -12750.4290
 BOND   =         4.1082  ANGLE   =        15.2947  DIHED      =        17.3418
 1-4 NB =        15.0787  1-4 EEL =      -669.5854  VDWAALS    =      2441.6451
 EELEC  =    -14586.4275  EHBOND  =         0.0000  RESTRAINT  =        12.1152
 EAMBER (non-restraint)  =    -12762.5443
 EKCMT  =         0.0000  VIRIAL  =         0.0000  VOLUME     =     35520.2709
                                                    Density    =         0.9132
 Ewald error estimate:   0.2165E-03
 ------------------------------------------------------------------------------

wrapping first mol.:       23.83444       33.70699        0.00000

 NSTEP =     1500   TIME(PS) =      23.000  TEMP(K) =   305.04  PRESS =     0.0
 Etot   =    -10846.1504  EKtot   =      1970.0395  EPtot      =    -12816.1899
 BOND   =         7.1405  ANGLE   =        16.6031  DIHED      =        16.5866
 1-4 NB =        12.5165  1-4 EEL =      -667.9298  VDWAALS    =      2421.2402
 EELEC  =    -14629.7961  EHBOND  =         0.0000  RESTRAINT  =         7.4492
 EAMBER (non-restraint)  =    -12823.6390
 EKCMT  =         0.0000  VIRIAL  =         0.0000  VOLUME     =     35177.6445
                                                    Density    =         0.9221
 Ewald error estimate:   0.3831E-03
 ------------------------------------------------------------------------------

wrapping first mol.:       23.76441       33.60795        0.00000

 NSTEP =     2000   TIME(PS) =      24.000  TEMP(K) =   288.71  PRESS =     0.0
 Etot   =    -10895.9021  EKtot   =      1864.6141  EPtot      =    -12760.5162
 BOND   =         6.8000  ANGLE   =        15.9398  DIHED      =        11.8866
 1-4 NB =        12.3327  1-4 EEL =      -663.4229  VDWAALS    =      2381.8981
 EELEC  =    -14533.6624  EHBOND  =         0.0000  RESTRAINT  =         7.7119
 EAMBER (non-restraint)  =    -12768.2281
 EKCMT  =         0.0000  VIRIAL  =         0.0000  VOLUME     =     34868.4781
                                                    Density    =         0.9303
 Ewald error estimate:   0.3183E-03
 ------------------------------------------------------------------------------

wrapping first mol.:       23.69578       33.51089        0.00000

 NSTEP =     2500   TIME(PS) =      25.000  TEMP(K) =   308.65  PRESS =     0.0
 Etot   =    -10790.4280  EKtot   =      1993.3559  EPtot      =    -12783.7839
 BOND   =         6.4583  ANGLE   =         8.4507  DIHED      =        12.4083
 1-4 NB =        11.1263  1-4 EEL =      -660.3980  VDWAALS    =      2428.1625
 EELEC  =    -14600.1670  EHBOND  =         0.0000  RESTRAINT  =        10.1750
 EAMBER (non-restraint)  =    -12793.9590
 EKCMT  =         0.0000  VIRIAL  =         0.0000  VOLUME     =     34567.2455
                                                    Density    =         0.9384
 Ewald error estimate:   0.2635E-04
 ------------------------------------------------------------------------------

wrapping first mol.:       23.52810       33.27375        0.00000

 NSTEP =     3000   TIME(PS) =      26.000  TEMP(K) =   303.08  PRESS =     0.0
 Etot   =    -10921.6032  EKtot   =      1957.4295  EPtot      =    -12879.0327
 BOND   =         7.4043  ANGLE   =        14.8790  DIHED      =        11.5017
 1-4 NB =        11.6217  1-4 EEL =      -667.4105  VDWAALS    =      2537.4633
 EELEC  =    -14803.2067  EHBOND  =         0.0000  RESTRAINT  =         8.7145
 EAMBER (non-restraint)  =    -12887.7472
 EKCMT  =         0.0000  VIRIAL  =         0.0000  VOLUME     =     33838.5918
                                                    Density    =         0.9586
 Ewald error estimate:   0.4399E-03
 ------------------------------------------------------------------------------

wrapping first mol.:       23.43216       33.13807        0.00000

 NSTEP =     3500   TIME(PS) =      27.000  TEMP(K) =   305.44  PRESS =     0.0
 Etot   =    -10887.0101  EKtot   =      1972.6337  EPtot      =    -12859.6438
 BOND   =         5.1451  ANGLE   =        11.7211  DIHED      =        13.7618
 1-4 NB =        13.3571  1-4 EEL =      -668.2505  VDWAALS    =      2462.0824
 EELEC  =    -14707.4456  EHBOND  =         0.0000  RESTRAINT  =         9.9848
 EAMBER (non-restraint)  =    -12869.6287
 EKCMT  =         0.0000  VIRIAL  =         0.0000  VOLUME     =     33426.3310
                                                    Density    =         0.9704
 Ewald error estimate:   0.7185E-04
 ------------------------------------------------------------------------------

wrapping first mol.:       23.39144       33.08049        0.00000

 NSTEP =     4000   TIME(PS) =      28.000  TEMP(K) =   295.87  PRESS =     0.0
 Etot   =    -10934.5577  EKtot   =      1910.8472  EPtot      =    -12845.4048
 BOND   =         7.6249  ANGLE   =        12.9108  DIHED      =        12.3789
 1-4 NB =        12.2568  1-4 EEL =      -665.5020  VDWAALS    =      2394.5663
 EELEC  =    -14628.8093  EHBOND  =         0.0000  RESTRAINT  =         9.1688
 EAMBER (non-restraint)  =    -12854.5736
 EKCMT  =         0.0000  VIRIAL  =         0.0000  VOLUME     =     33252.3693
                                                    Density    =         0.9755
 Ewald error estimate:   0.1162E-03
 ------------------------------------------------------------------------------

wrapping first mol.:       23.36203       33.03890        0.00000

 NSTEP =     4500   TIME(PS) =      29.000  TEMP(K) =   296.02  PRESS =     0.0
 Etot   =    -10932.6223  EKtot   =      1911.7979  EPtot      =    -12844.4203
 BOND   =         9.8999  ANGLE   =        14.1630  DIHED      =        15.9711
 1-4 NB =        13.6876  1-4 EEL =      -670.7891  VDWAALS    =      2511.6274
 EELEC  =    -14747.9273  EHBOND  =         0.0000  RESTRAINT  =         8.9472
 EAMBER (non-restraint)  =    -12853.3675
 EKCMT  =         0.0000  VIRIAL  =         0.0000  VOLUME     =     33127.1112
                                                    Density    =         0.9792
 Ewald error estimate:   0.1527E-03
 ------------------------------------------------------------------------------

wrapping first mol.:       23.35319       33.02640        0.00000

 NSTEP =     5000   TIME(PS) =      30.000  TEMP(K) =   298.40  PRESS =     0.0
 Etot   =    -10963.2259  EKtot   =      1927.1613  EPtot      =    -12890.3872
 BOND   =         4.5152  ANGLE   =        11.9100  DIHED      =        12.5858
 1-4 NB =        12.2886  1-4 EEL =      -663.4207  VDWAALS    =      2434.3354
 EELEC  =    -14708.1201  EHBOND  =         0.0000  RESTRAINT  =         5.5188
 EAMBER (non-restraint)  =    -12895.9060
 EKCMT  =         0.0000  VIRIAL  =         0.0000  VOLUME     =     33089.5340
                                                    Density    =         0.9803
 Ewald error estimate:   0.2143E-03
 ------------------------------------------------------------------------------

wrapping first mol.:       23.28055       32.92367        0.00000

 NSTEP =     5500   TIME(PS) =      31.000  TEMP(K) =   301.39  PRESS =     0.0
 Etot   =    -10919.9248  EKtot   =      1946.4635  EPtot      =    -12866.3883
 BOND   =         5.1394  ANGLE   =        11.6276  DIHED      =        14.0701
 1-4 NB =        13.3276  1-4 EEL =      -664.2710  VDWAALS    =      2536.0133
 EELEC  =    -14791.4293  EHBOND  =         0.0000  RESTRAINT  =         9.1339
 EAMBER (non-restraint)  =    -12875.5222
 EKCMT  =         0.0000  VIRIAL  =         0.0000  VOLUME     =     32781.7121
                                                    Density    =         0.9895
 Ewald error estimate:   0.3201E-03
 ------------------------------------------------------------------------------

wrapping first mol.:       23.25165       32.88279        0.00000

 NSTEP =     6000   TIME(PS) =      32.000  TEMP(K) =   297.38  PRESS =     0.0
 Etot   =    -10999.2872  EKtot   =      1920.5736  EPtot      =    -12919.8608
 BOND   =         9.2227  ANGLE   =        14.4445  DIHED      =        14.3683
 1-4 NB =        12.3353  1-4 EEL =      -669.9800  VDWAALS    =      2532.7650
 EELEC  =    -14840.9980  EHBOND  =         0.0000  RESTRAINT  =         7.9814
 EAMBER (non-restraint)  =    -12927.8422
 EKCMT  =         0.0000  VIRIAL  =         0.0000  VOLUME     =     32659.7544
                                                    Density    =         0.9932
 Ewald error estimate:   0.2285E-03
 ------------------------------------------------------------------------------

wrapping first mol.:       23.25511       32.88769        0.00000

 NSTEP =     6500   TIME(PS) =      33.000  TEMP(K) =   295.90  PRESS =     0.0
 Etot   =    -10970.1043  EKtot   =      1911.0072  EPtot      =    -12881.1115
 BOND   =        11.6750  ANGLE   =        15.5229  DIHED      =        11.9636
 1-4 NB =        12.6926  1-4 EEL =      -666.7448  VDWAALS    =      2449.8271
 EELEC  =    -14723.7899  EHBOND  =         0.0000  RESTRAINT  =         7.7422
 EAMBER (non-restraint)  =    -12888.8536
 EKCMT  =         0.0000  VIRIAL  =         0.0000  VOLUME     =     32674.3438
                                                    Density    =         0.9927
 Ewald error estimate:   0.1759E-03
 ------------------------------------------------------------------------------

wrapping first mol.:       23.22023       32.83837        0.00000

 NSTEP =     7000   TIME(PS) =      34.000  TEMP(K) =   302.35  PRESS =     0.0
 Etot   =    -10961.4232  EKtot   =      1952.6985  EPtot      =    -12914.1217
 BOND   =         5.8146  ANGLE   =        14.0369  DIHED      =        11.6672
 1-4 NB =        12.4867  1-4 EEL =      -663.1200  VDWAALS    =      2468.4008
 EELEC  =    -14770.7195  EHBOND  =         0.0000  RESTRAINT  =         7.3116
 EAMBER (non-restraint)  =    -12921.4334
 EKCMT  =         0.0000  VIRIAL  =         0.0000  VOLUME     =     32527.5684
                                                    Density    =         0.9972
 Ewald error estimate:   0.2007E-04
 ------------------------------------------------------------------------------

wrapping first mol.:       23.24471       32.87299        0.00000

 NSTEP =     7500   TIME(PS) =      35.000  TEMP(K) =   295.18  PRESS =     0.0
 Etot   =    -11022.6104  EKtot   =      1906.3657  EPtot      =    -12928.9761
 BOND   =         6.1541  ANGLE   =        13.6650  DIHED      =        11.0780
 1-4 NB =        14.4315  1-4 EEL =      -671.7918  VDWAALS    =      2483.9950
 EELEC  =    -14793.5536  EHBOND  =         0.0000  RESTRAINT  =         7.0457
 EAMBER (non-restraint)  =    -12936.0218
 EKCMT  =         0.0000  VIRIAL  =         0.0000  VOLUME     =     32630.5569
                                                    Density    =         0.9941
 Ewald error estimate:   0.3312E-03
 ------------------------------------------------------------------------------

wrapping first mol.:       23.18978       32.79530        0.00000

 NSTEP =     8000   TIME(PS) =      36.000  TEMP(K) =   293.66  PRESS =     0.0
 Etot   =    -10967.5091  EKtot   =      1896.5772  EPtot      =    -12864.0862
 BOND   =         5.5441  ANGLE   =        15.7545  DIHED      =        15.6943
 1-4 NB =        12.2562  1-4 EEL =      -670.2548  VDWAALS    =      2506.3236
 EELEC  =    -14758.7097  EHBOND  =         0.0000  RESTRAINT  =         9.3056
 EAMBER (non-restraint)  =    -12873.3918
 EKCMT  =         0.0000  VIRIAL  =         0.0000  VOLUME     =     32399.7458
                                                    Density    =         1.0011
 Ewald error estimate:   0.1596E-03
 ------------------------------------------------------------------------------

wrapping first mol.:       23.17263       32.77104        0.00000

 NSTEP =     8500   TIME(PS) =      37.000  TEMP(K) =   294.75  PRESS =     0.0
 Etot   =    -11034.5304  EKtot   =      1903.6192  EPtot      =    -12938.1496
 BOND   =         7.7300  ANGLE   =        16.0332  DIHED      =        13.4498
 1-4 NB =        13.5995  1-4 EEL =      -665.3459  VDWAALS    =      2482.6225
 EELEC  =    -14816.7229  EHBOND  =         0.0000  RESTRAINT  =        10.4842
 EAMBER (non-restraint)  =    -12948.6338
 EKCMT  =         0.0000  VIRIAL  =         0.0000  VOLUME     =     32327.9103
                                                    Density    =         1.0034
 Ewald error estimate:   0.1504E-03
 ------------------------------------------------------------------------------

wrapping first mol.:       23.20322       32.81430        0.00000

 NSTEP =     9000   TIME(PS) =      38.000  TEMP(K) =   292.28  PRESS =     0.0
 Etot   =    -11034.8314  EKtot   =      1887.6391  EPtot      =    -12922.4705
 BOND   =        10.3286  ANGLE   =        17.0850  DIHED      =        14.6328
 1-4 NB =        12.8395  1-4 EEL =      -670.8673  VDWAALS    =      2591.6501
 EELEC  =    -14907.5603  EHBOND  =         0.0000  RESTRAINT  =         9.4211
 EAMBER (non-restraint)  =    -12931.8916
 EKCMT  =         0.0000  VIRIAL  =         0.0000  VOLUME     =     32456.1101
                                                    Density    =         0.9994
 Ewald error estimate:   0.2267E-03
 ------------------------------------------------------------------------------

wrapping first mol.:       23.12097       32.69799        0.00000

 NSTEP =     9500   TIME(PS) =      39.000  TEMP(K) =   305.23  PRESS =     0.0
 Etot   =    -11052.2807  EKtot   =      1971.2861  EPtot      =    -13023.5668
 BOND   =         4.5404  ANGLE   =        15.2514  DIHED      =        14.3428
 1-4 NB =        12.2460  1-4 EEL =      -668.2768  VDWAALS    =      2486.2655
 EELEC  =    -14893.5937  EHBOND  =         0.0000  RESTRAINT  =         5.6576
 EAMBER (non-restraint)  =    -13029.2244
 EKCMT  =         0.0000  VIRIAL  =         0.0000  VOLUME     =     32112.1909
                                                    Density    =         1.0101
 Ewald error estimate:   0.1974E-03
 ------------------------------------------------------------------------------

wrapping first mol.:       23.16380       32.75856        0.00000

 NSTEP =    10000   TIME(PS) =      40.000  TEMP(K) =   302.41  PRESS =     0.0
 Etot   =    -11094.5802  EKtot   =      1953.0687  EPtot      =    -13047.6490
 BOND   =         5.9168  ANGLE   =        15.4003  DIHED      =        12.3727
 1-4 NB =        12.0463  1-4 EEL =      -667.3402  VDWAALS    =      2405.8331
 EELEC  =    -14839.4906  EHBOND  =         0.0000  RESTRAINT  =         7.6128
 EAMBER (non-restraint)  =    -13055.2617
 EKCMT  =         0.0000  VIRIAL  =         0.0000  VOLUME     =     32290.9966
                                                    Density    =         1.0045
 Ewald error estimate:   0.1816E-03
 ------------------------------------------------------------------------------

wrapping first mol.:       23.13544       32.71845        0.00000

 NSTEP =    10500   TIME(PS) =      41.000  TEMP(K) =   287.93  PRESS =     0.0
 Etot   =    -11119.2943  EKtot   =      1859.5290  EPtot      =    -12978.8233
 BOND   =         5.2669  ANGLE   =        13.6582  DIHED      =        16.7428
 1-4 NB =        12.4730  1-4 EEL =      -670.2372  VDWAALS    =      2482.7511
 EELEC  =    -14846.1280  EHBOND  =         0.0000  RESTRAINT  =         6.6500
 EAMBER (non-restraint)  =    -12985.4733
 EKCMT  =         0.0000  VIRIAL  =         0.0000  VOLUME     =     32172.5207
                                                    Density    =         1.0082
 Ewald error estimate:   0.2932E-03
 ------------------------------------------------------------------------------

wrapping first mol.:       23.11940       32.69577        0.00000

 NSTEP =    11000   TIME(PS) =      42.000  TEMP(K) =   286.00  PRESS =     0.0
 Etot   =    -11170.0102  EKtot   =      1847.0911  EPtot      =    -13017.1013
 BOND   =         8.6252  ANGLE   =        15.5868  DIHED      =        14.4473
 1-4 NB =        14.9864  1-4 EEL =      -671.8880  VDWAALS    =      2560.0198
 EELEC  =    -14963.9592  EHBOND  =         0.0000  RESTRAINT  =         5.0804
 EAMBER (non-restraint)  =    -13022.1817
 EKCMT  =         0.0000  VIRIAL  =         0.0000  VOLUME     =     32105.6539
                                                    Density    =         1.0103
 Ewald error estimate:   0.4411E-03
 ------------------------------------------------------------------------------

wrapping first mol.:       23.15617       32.74777        0.00000

 NSTEP =    11500   TIME(PS) =      43.000  TEMP(K) =   302.15  PRESS =     0.0
 Etot   =    -11049.1660  EKtot   =      1951.4121  EPtot      =    -13000.5781
 BOND   =         6.4912  ANGLE   =        12.0826  DIHED      =        10.6509
 1-4 NB =        12.9920  1-4 EEL =      -668.2472  VDWAALS    =      2493.4282
 EELEC  =    -14876.1431  EHBOND  =         0.0000  RESTRAINT  =         8.1674
 EAMBER (non-restraint)  =    -13008.7454
 EKCMT  =         0.0000  VIRIAL  =         0.0000  VOLUME     =     32259.0773
                                                    Density    =         1.0055
 Ewald error estimate:   0.1043E-03
 ------------------------------------------------------------------------------

wrapping first mol.:       23.16150       32.75531        0.00000

 NSTEP =    12000   TIME(PS) =      44.000  TEMP(K) =   296.64  PRESS =     0.0
 Etot   =    -11041.2466  EKtot   =      1915.8273  EPtot      =    -12957.0740
 BOND   =         8.0998  ANGLE   =        14.5664  DIHED      =        11.2507
 1-4 NB =        11.3091  1-4 EEL =      -664.9342  VDWAALS    =      2494.8284
 EELEC  =    -14839.0271  EHBOND  =         0.0000  RESTRAINT  =         6.8330
 EAMBER (non-restraint)  =    -12963.9070
 EKCMT  =         0.0000  VIRIAL  =         0.0000  VOLUME     =     32281.3797
                                                    Density    =         1.0048
 Ewald error estimate:   0.1919E-03
 ------------------------------------------------------------------------------

wrapping first mol.:       23.21595       32.83231        0.00000

 NSTEP =    12500   TIME(PS) =      45.000  TEMP(K) =   294.02  PRESS =     0.0
 Etot   =    -11101.7140  EKtot   =      1898.8770  EPtot      =    -13000.5910
 BOND   =         6.8755  ANGLE   =        19.5345  DIHED      =        16.0121
 1-4 NB =        13.7095  1-4 EEL =      -665.3155  VDWAALS    =      2581.0946
 EELEC  =    -14982.8969  EHBOND  =         0.0000  RESTRAINT  =        10.3953
 EAMBER (non-restraint)  =    -13010.9862
 EKCMT  =         0.0000  VIRIAL  =         0.0000  VOLUME     =     32509.5793
                                                    Density    =         0.9978
 Ewald error estimate:   0.8286E-04
 ------------------------------------------------------------------------------

wrapping first mol.:       23.23604       32.86072        0.00000

 NSTEP =    13000   TIME(PS) =      46.000  TEMP(K) =   297.50  PRESS =     0.0
 Etot   =    -11110.3543  EKtot   =      1921.3632  EPtot      =    -13031.7176
 BOND   =         6.1380  ANGLE   =        14.0747  DIHED      =        14.7313
 1-4 NB =        12.2321  1-4 EEL =      -666.4020  VDWAALS    =      2507.5199
 EELEC  =    -14929.7077  EHBOND  =         0.0000  RESTRAINT  =         9.6961
 EAMBER (non-restraint)  =    -13041.4136
 EKCMT  =         0.0000  VIRIAL  =         0.0000  VOLUME     =     32594.0489
                                                    Density    =         0.9952
 Ewald error estimate:   0.2798E-03
 ------------------------------------------------------------------------------

wrapping first mol.:       23.24655       32.87559        0.00000

 NSTEP =    13500   TIME(PS) =      47.000  TEMP(K) =   297.06  PRESS =     0.0
 Etot   =    -10961.5536  EKtot   =      1918.5165  EPtot      =    -12880.0700
 BOND   =         6.7415  ANGLE   =        15.3668  DIHED      =        13.9097
 1-4 NB =        11.9300  1-4 EEL =      -660.0410  VDWAALS    =      2368.4036
 EELEC  =    -14643.1784  EHBOND  =         0.0000  RESTRAINT  =         6.7979
 EAMBER (non-restraint)  =    -12886.8679
 EKCMT  =         0.0000  VIRIAL  =         0.0000  VOLUME     =     32638.2896
                                                    Density    =         0.9938
 Ewald error estimate:   0.5143E-04
 ------------------------------------------------------------------------------

wrapping first mol.:       23.16758       32.76390        0.00000

 NSTEP =    14000   TIME(PS) =      48.000  TEMP(K) =   303.13  PRESS =     0.0
 Etot   =    -10960.6601  EKtot   =      1957.7155  EPtot      =    -12918.3755
 BOND   =         8.2279  ANGLE   =        15.2618  DIHED      =        17.5847
 1-4 NB =        12.2285  1-4 EEL =      -667.9770  VDWAALS    =      2493.9237
 EELEC  =    -14808.0340  EHBOND  =         0.0000  RESTRAINT  =        10.4089
 EAMBER (non-restraint)  =    -12928.7844
 EKCMT  =         0.0000  VIRIAL  =         0.0000  VOLUME     =     32306.7797
                                                    Density    =         1.0040
 Ewald error estimate:   0.2974E-04
 ------------------------------------------------------------------------------

wrapping first mol.:       23.15254       32.74264        0.00000

 NSTEP =    14500   TIME(PS) =      49.000  TEMP(K) =   303.30  PRESS =     0.0
 Etot   =    -10994.4754  EKtot   =      1958.8560  EPtot      =    -12953.3314
 BOND   =         5.0414  ANGLE   =        13.7890  DIHED      =        14.9571
 1-4 NB =        12.6170  1-4 EEL =      -665.5509  VDWAALS    =      2457.8440
 EELEC  =    -14803.5571  EHBOND  =         0.0000  RESTRAINT  =        11.5281
 EAMBER (non-restraint)  =    -12964.8595
 EKCMT  =         0.0000  VIRIAL  =         0.0000  VOLUME     =     32243.9196
                                                    Density    =         1.0060
 Ewald error estimate:   0.6291E-04
 ------------------------------------------------------------------------------

wrapping first mol.:       23.16544       32.76088        0.00000

 NSTEP =    15000   TIME(PS) =      50.000  TEMP(K) =   299.57  PRESS =     0.0
 Etot   =    -11014.1776  EKtot   =      1934.7502  EPtot      =    -12948.9278
 BOND   =        10.2082  ANGLE   =        13.5082  DIHED      =        12.6748
 1-4 NB =        11.6942  1-4 EEL =      -665.6034  VDWAALS    =      2416.0918
 EELEC  =    -14756.8716  EHBOND  =         0.0000  RESTRAINT  =         9.3700
 EAMBER (non-restraint)  =    -12958.2978
 EKCMT  =         0.0000  VIRIAL  =         0.0000  VOLUME     =     32297.8505
                                                    Density    =         1.0043
 Ewald error estimate:   0.1005E-03
 ------------------------------------------------------------------------------

wrapping first mol.:       23.17121       32.76903        0.00000

 NSTEP =    15500   TIME(PS) =      51.000  TEMP(K) =   299.05  PRESS =     0.0
 Etot   =    -10972.8021  EKtot   =      1931.3820  EPtot      =    -12904.1842
 BOND   =         8.6006  ANGLE   =        16.5910  DIHED      =        13.1757
 1-4 NB =        11.7649  1-4 EEL =      -667.0041  VDWAALS    =      2505.8210
 EELEC  =    -14801.5991  EHBOND  =         0.0000  RESTRAINT  =         8.4660
 EAMBER (non-restraint)  =    -12912.6501
 EKCMT  =         0.0000  VIRIAL  =         0.0000  VOLUME     =     32321.9632
                                                    Density    =         1.0035
 Ewald error estimate:   0.1039E-03
 ------------------------------------------------------------------------------

wrapping first mol.:       23.25152       32.88261        0.00000

 NSTEP =    16000   TIME(PS) =      52.000  TEMP(K) =   301.60  PRESS =     0.0
 Etot   =    -10947.2353  EKtot   =      1947.8665  EPtot      =    -12895.1019
 BOND   =         3.4181  ANGLE   =        11.0405  DIHED      =        16.0208
 1-4 NB =        13.0987  1-4 EEL =      -669.2695  VDWAALS    =      2430.5875
 EELEC  =    -14709.0249  EHBOND  =         0.0000  RESTRAINT  =         9.0271
 EAMBER (non-restraint)  =    -12904.1289
 EKCMT  =         0.0000  VIRIAL  =         0.0000  VOLUME     =     32659.2198
                                                    Density    =         0.9932
 Ewald error estimate:   0.3124E-04
 ------------------------------------------------------------------------------

wrapping first mol.:       23.25091       32.88175        0.00000

 NSTEP =    16500   TIME(PS) =      53.000  TEMP(K) =   295.56  PRESS =     0.0
 Etot   =    -11017.5855  EKtot   =      1908.8493  EPtot      =    -12926.4348
 BOND   =         7.8536  ANGLE   =        14.1642  DIHED      =        14.8586
 1-4 NB =        13.0678  1-4 EEL =      -665.2532  VDWAALS    =      2478.9551
 EELEC  =    -14797.7474  EHBOND  =         0.0000  RESTRAINT  =         7.6665
 EAMBER (non-restraint)  =    -12934.1013
 EKCMT  =         0.0000  VIRIAL  =         0.0000  VOLUME     =     32656.6520
                                                    Density    =         0.9933
 Ewald error estimate:   0.3213E-03
 ------------------------------------------------------------------------------

wrapping first mol.:       23.25483       32.88729        0.00000

 NSTEP =    17000   TIME(PS) =      54.000  TEMP(K) =   289.58  PRESS =     0.0
 Etot   =    -11121.7743  EKtot   =      1870.1973  EPtot      =    -12991.9716
 BOND   =         9.7181  ANGLE   =        14.0316  DIHED      =        12.1952
 1-4 NB =        13.3817  1-4 EEL =      -667.5280  VDWAALS    =      2477.5553
 EELEC  =    -14862.5556  EHBOND  =         0.0000  RESTRAINT  =        11.2301
 EAMBER (non-restraint)  =    -13003.2017
 EKCMT  =         0.0000  VIRIAL  =         0.0000  VOLUME     =     32673.1748
                                                    Density    =         0.9928
 Ewald error estimate:   0.2426E-04
 ------------------------------------------------------------------------------

wrapping first mol.:       23.22983       32.85195        0.00000

 NSTEP =    17500   TIME(PS) =      55.000  TEMP(K) =   291.74  PRESS =     0.0
 Etot   =    -11124.0984  EKtot   =      1884.1853  EPtot      =    -13008.2838
 BOND   =        11.7466  ANGLE   =        11.9394  DIHED      =        12.0751
 1-4 NB =        12.2785  1-4 EEL =      -670.1543  VDWAALS    =      2471.6681
 EELEC  =    -14864.2409  EHBOND  =         0.0000  RESTRAINT  =         6.4038
 EAMBER (non-restraint)  =    -13014.6875
 EKCMT  =         0.0000  VIRIAL  =         0.0000  VOLUME     =     32567.9313
                                                    Density    =         0.9960
 Ewald error estimate:   0.4767E-03
 ------------------------------------------------------------------------------

wrapping first mol.:       23.21614       32.83258        0.00000

 NSTEP =    18000   TIME(PS) =      56.000  TEMP(K) =   280.25  PRESS =     0.0
 Etot   =    -11134.8049  EKtot   =      1809.9327  EPtot      =    -12944.7376
 BOND   =         7.1837  ANGLE   =        11.9205  DIHED      =        10.6560
 1-4 NB =        13.1872  1-4 EEL =      -665.9634  VDWAALS    =      2512.0656
 EELEC  =    -14843.0666  EHBOND  =         0.0000  RESTRAINT  =         9.2795
 EAMBER (non-restraint)  =    -12954.0170
 EKCMT  =         0.0000  VIRIAL  =         0.0000  VOLUME     =     32510.3811
                                                    Density    =         0.9977
 Ewald error estimate:   0.1044E-03
 ------------------------------------------------------------------------------

wrapping first mol.:       23.17148       32.76941        0.00000

 NSTEP =    18500   TIME(PS) =      57.000  TEMP(K) =   292.47  PRESS =     0.0
 Etot   =    -11070.9952  EKtot   =      1888.9114  EPtot      =    -12959.9066
 BOND   =         6.0278  ANGLE   =        13.5954  DIHED      =        12.6839
 1-4 NB =        12.9608  1-4 EEL =      -667.9008  VDWAALS    =      2503.8567
 EELEC  =    -14847.3378  EHBOND  =         0.0000  RESTRAINT  =         6.2074
 EAMBER (non-restraint)  =    -12966.1140
 EKCMT  =         0.0000  VIRIAL  =         0.0000  VOLUME     =     32323.0928
                                                    Density    =         1.0035
 Ewald error estimate:   0.2749E-03
 ------------------------------------------------------------------------------

wrapping first mol.:       23.19078       32.79672        0.00000

 NSTEP =    19000   TIME(PS) =      58.000  TEMP(K) =   298.14  PRESS =     0.0
 Etot   =    -11080.1949  EKtot   =      1925.5263  EPtot      =    -13005.7213
 BOND   =         4.8781  ANGLE   =        13.4214  DIHED      =        10.6854
 1-4 NB =        12.1150  1-4 EEL =      -664.1180  VDWAALS    =      2585.1919
 EELEC  =    -14976.5184  EHBOND  =         0.0000  RESTRAINT  =         8.6234
 EAMBER (non-restraint)  =    -13014.3447
 EKCMT  =         0.0000  VIRIAL  =         0.0000  VOLUME     =     32403.9509
                                                    Density    =         1.0010
 Ewald error estimate:   0.4100E-03
 ------------------------------------------------------------------------------

wrapping first mol.:       23.21939       32.83718        0.00000

 NSTEP =    19500   TIME(PS) =      59.000  TEMP(K) =   300.01  PRESS =     0.0
 Etot   =    -11046.0063  EKtot   =      1937.5650  EPtot      =    -12983.5713
 BOND   =         6.9309  ANGLE   =        15.7632  DIHED      =        10.9170
 1-4 NB =        12.4044  1-4 EEL =      -664.5474  VDWAALS    =      2481.6331
 EELEC  =    -14855.9950  EHBOND  =         0.0000  RESTRAINT  =         9.3226
 EAMBER (non-restraint)  =    -12992.8939
 EKCMT  =         0.0000  VIRIAL  =         0.0000  VOLUME     =     32524.0294
                                                    Density    =         0.9973
 Ewald error estimate:   0.1074E-03
 ------------------------------------------------------------------------------

wrapping first mol.:       23.34269       33.01155        0.00000

 NSTEP =    20000   TIME(PS) =      60.000  TEMP(K) =   289.50  PRESS =     0.0
 Etot   =    -11136.1969  EKtot   =      1869.7153  EPtot      =    -13005.9122
 BOND   =         3.8102  ANGLE   =        11.3622  DIHED      =        12.4502
 1-4 NB =        12.7441  1-4 EEL =      -669.1345  VDWAALS    =      2516.6618
 EELEC  =    -14901.2444  EHBOND  =         0.0000  RESTRAINT  =         7.4382
 EAMBER (non-restraint)  =    -13013.3504
 EKCMT  =         0.0000  VIRIAL  =         0.0000  VOLUME     =     33044.9303
                                                    Density    =         0.9816
 Ewald error estimate:   0.5105E-04
 ------------------------------------------------------------------------------

wrapping first mol.:       23.34654       33.01699        0.00000

 NSTEP =    20500   TIME(PS) =      61.000  TEMP(K) =   291.11  PRESS =     0.0
 Etot   =    -11032.1756  EKtot   =      1880.0805  EPtot      =    -12912.2562
 BOND   =         6.4055  ANGLE   =        13.3254  DIHED      =        14.9163
 1-4 NB =        12.7706  1-4 EEL =      -672.0628  VDWAALS    =      2571.6330
 EELEC  =    -14870.1988  EHBOND  =         0.0000  RESTRAINT  =        10.9547
 EAMBER (non-restraint)  =    -12923.2108
 EKCMT  =         0.0000  VIRIAL  =         0.0000  VOLUME     =     33061.2526
                                                    Density    =         0.9811
 Ewald error estimate:   0.1533E-03
 ------------------------------------------------------------------------------

wrapping first mol.:       23.31354       32.97033        0.00000

 NSTEP =    21000   TIME(PS) =      62.000  TEMP(K) =   300.77  PRESS =     0.0
 Etot   =    -10990.3029  EKtot   =      1942.5098  EPtot      =    -12932.8128
 BOND   =         4.0576  ANGLE   =        18.9458  DIHED      =        14.4183
 1-4 NB =        12.6462  1-4 EEL =      -664.5895  VDWAALS    =      2397.4509
 EELEC  =    -14724.2504  EHBOND  =         0.0000  RESTRAINT  =         8.5084
 EAMBER (non-restraint)  =    -12941.3212
 EKCMT  =         0.0000  VIRIAL  =         0.0000  VOLUME     =     32921.2842
                                                    Density    =         0.9853
 Ewald error estimate:   0.4801E-03
 ------------------------------------------------------------------------------

wrapping first mol.:       23.23925       32.86526        0.00000

 NSTEP =    21500   TIME(PS) =      63.000  TEMP(K) =   292.20  PRESS =     0.0
 Etot   =    -11034.1616  EKtot   =      1887.1266  EPtot      =    -12921.2881
 BOND   =         5.4233  ANGLE   =        12.2666  DIHED      =        15.7182
 1-4 NB =        12.6690  1-4 EEL =      -667.8747  VDWAALS    =      2538.6520
 EELEC  =    -14844.2257  EHBOND  =         0.0000  RESTRAINT  =         6.0832
 EAMBER (non-restraint)  =    -12927.3714
 EKCMT  =         0.0000  VIRIAL  =         0.0000  VOLUME     =     32607.5579
                                                    Density    =         0.9948
 Ewald error estimate:   0.1830E-03
 ------------------------------------------------------------------------------

wrapping first mol.:       23.19643       32.80470        0.00000

 NSTEP =    22000   TIME(PS) =      64.000  TEMP(K) =   294.60  PRESS =     0.0
 Etot   =    -11090.5566  EKtot   =      1902.6457  EPtot      =    -12993.2023
 BOND   =        10.2798  ANGLE   =        13.5263  DIHED      =        13.8610
 1-4 NB =        12.7555  1-4 EEL =      -672.5450  VDWAALS    =      2417.0385
 EELEC  =    -14799.4307  EHBOND  =         0.0000  RESTRAINT  =        11.3124
 EAMBER (non-restraint)  =    -13004.5147
 EKCMT  =         0.0000  VIRIAL  =         0.0000  VOLUME     =     32427.6234
                                                    Density    =         1.0003
 Ewald error estimate:   0.1350E-03
 ------------------------------------------------------------------------------

wrapping first mol.:       23.22760       32.84878        0.00000

 NSTEP =    22500   TIME(PS) =      65.000  TEMP(K) =   299.15  PRESS =     0.0
 Etot   =    -11040.9335  EKtot   =      1932.0032  EPtot      =    -12972.9367
 BOND   =         4.5043  ANGLE   =        11.9289  DIHED      =        13.7099
 1-4 NB =        11.9355  1-4 EEL =      -664.1734  VDWAALS    =      2557.8695
 EELEC  =    -14915.9422  EHBOND  =         0.0000  RESTRAINT  =         7.2308
 EAMBER (non-restraint)  =    -12980.1675
 EKCMT  =         0.0000  VIRIAL  =         0.0000  VOLUME     =     32558.5331
                                                    Density    =         0.9963
 Ewald error estimate:   0.1433E-03
 ------------------------------------------------------------------------------

wrapping first mol.:       23.15391       32.74458        0.00000

 NSTEP =    23000   TIME(PS) =      66.000  TEMP(K) =   289.61  PRESS =     0.0
 Etot   =    -11057.9306  EKtot   =      1870.3880  EPtot      =    -12928.3186
 BOND   =         7.0998  ANGLE   =        13.5402  DIHED      =         9.8196
 1-4 NB =        12.0778  1-4 EEL =      -666.5056  VDWAALS    =      2566.9121
 EELEC  =    -14884.0540  EHBOND  =         0.0000  RESTRAINT  =        12.7916
 EAMBER (non-restraint)  =    -12941.1102
 EKCMT  =         0.0000  VIRIAL  =         0.0000  VOLUME     =     32249.6576
                                                    Density    =         1.0058
 Ewald error estimate:   0.2072E-03
 ------------------------------------------------------------------------------

wrapping first mol.:       23.19914       32.80854        0.00000

 NSTEP =    23500   TIME(PS) =      67.000  TEMP(K) =   294.78  PRESS =     0.0
 Etot   =    -11038.4037  EKtot   =      1903.8298  EPtot      =    -12942.2335
 BOND   =         8.3091  ANGLE   =        13.9066  DIHED      =        12.9791
 1-4 NB =        13.1474  1-4 EEL =      -664.6430  VDWAALS    =      2457.1646
 EELEC  =    -14794.7400  EHBOND  =         0.0000  RESTRAINT  =        11.6427
 EAMBER (non-restraint)  =    -12953.8761
 EKCMT  =         0.0000  VIRIAL  =         0.0000  VOLUME     =     32439.0100
                                                    Density    =         0.9999
 Ewald error estimate:   0.9243E-04
 ------------------------------------------------------------------------------

wrapping first mol.:       23.15476       32.74578        0.00000

 NSTEP =    24000   TIME(PS) =      68.000  TEMP(K) =   297.23  PRESS =     0.0
 Etot   =    -11017.2982  EKtot   =      1919.6026  EPtot      =    -12936.9008
 BOND   =         7.0881  ANGLE   =        16.3531  DIHED      =        13.4130
 1-4 NB =        10.9465  1-4 EEL =      -669.5485  VDWAALS    =      2494.2018
 EELEC  =    -14818.7310  EHBOND  =         0.0000  RESTRAINT  =         9.3763
 EAMBER (non-restraint)  =    -12946.2771
 EKCMT  =         0.0000  VIRIAL  =         0.0000  VOLUME     =     32253.2034
                                                    Density    =         1.0057
 Ewald error estimate:   0.7406E-04
 ------------------------------------------------------------------------------

wrapping first mol.:       23.19713       32.80569        0.00000

 NSTEP =    24500   TIME(PS) =      69.000  TEMP(K) =   290.27  PRESS =     0.0
 Etot   =    -11004.7267  EKtot   =      1874.6556  EPtot      =    -12879.3823
 BOND   =         7.5936  ANGLE   =        17.0662  DIHED      =        10.2310
 1-4 NB =        13.4400  1-4 EEL =      -666.5918  VDWAALS    =      2498.2332
 EELEC  =    -14771.3309  EHBOND  =         0.0000  RESTRAINT  =        11.9763
 EAMBER (non-restraint)  =    -12891.3586
 EKCMT  =         0.0000  VIRIAL  =         0.0000  VOLUME     =     32430.5528
                                                    Density    =         1.0002
 Ewald error estimate:   0.4201E-04
 ------------------------------------------------------------------------------

wrapping first mol.:       23.18063       32.78236        0.00000

 NSTEP =    25000   TIME(PS) =      70.000  TEMP(K) =   299.28  PRESS =     0.0
 Etot   =    -11059.2473  EKtot   =      1932.8809  EPtot      =    -12992.1282
 BOND   =         4.7615  ANGLE   =        13.5928  DIHED      =        12.0191
 1-4 NB =        12.6912  1-4 EEL =      -663.9548  VDWAALS    =      2445.1867
 EELEC  =    -14822.1066  EHBOND  =         0.0000  RESTRAINT  =         5.6819
 EAMBER (non-restraint)  =    -12997.8101
 EKCMT  =         0.0000  VIRIAL  =         0.0000  VOLUME     =     32361.4220
                                                    Density    =         1.0023
 Ewald error estimate:   0.1939E-03
 ------------------------------------------------------------------------------

wrapping first mol.:       23.13174       32.71322        0.00000

 NSTEP =    25500   TIME(PS) =      71.000  TEMP(K) =   292.08  PRESS =     0.0
 Etot   =    -11020.2642  EKtot   =      1886.3387  EPtot      =    -12906.6029
 BOND   =         6.2276  ANGLE   =        11.9233  DIHED      =        11.3441
 1-4 NB =        12.0200  1-4 EEL =      -661.3842  VDWAALS    =      2537.0939
 EELEC  =    -14831.5580  EHBOND  =         0.0000  RESTRAINT  =         7.7304
 EAMBER (non-restraint)  =    -12914.3333
 EKCMT  =         0.0000  VIRIAL  =         0.0000  VOLUME     =     32157.0830
                                                    Density    =         1.0087
 Ewald error estimate:   0.3042E-03
 ------------------------------------------------------------------------------

wrapping first mol.:       23.11913       32.69539        0.00000

 NSTEP =    26000   TIME(PS) =      72.000  TEMP(K) =   298.57  PRESS =     0.0
 Etot   =    -11031.5135  EKtot   =      1928.2654  EPtot      =    -12959.7789
 BOND   =         4.9907  ANGLE   =        16.7997  DIHED      =        13.9561
 1-4 NB =        12.9540  1-4 EEL =      -671.2299  VDWAALS    =      2375.1342
 EELEC  =    -14720.8251  EHBOND  =         0.0000  RESTRAINT  =         8.4413
 EAMBER (non-restraint)  =    -12968.2201
 EKCMT  =         0.0000  VIRIAL  =         0.0000  VOLUME     =     32104.5390
                                                    Density    =         1.0103
 Ewald error estimate:   0.1348E-03
 ------------------------------------------------------------------------------

wrapping first mol.:       23.09852       32.66624        0.00000

 NSTEP =    26500   TIME(PS) =      73.000  TEMP(K) =   298.94  PRESS =     0.0
 Etot   =    -11059.2713  EKtot   =      1930.6426  EPtot      =    -12989.9139
 BOND   =         6.9611  ANGLE   =        13.9991  DIHED      =        13.9745
 1-4 NB =        13.4358  1-4 EEL =      -670.3802  VDWAALS    =      2508.8860
 EELEC  =    -14883.5393  EHBOND  =         0.0000  RESTRAINT  =         6.7490
 EAMBER (non-restraint)  =    -12996.6629
 EKCMT  =         0.0000  VIRIAL  =         0.0000  VOLUME     =     32018.7399
                                                    Density    =         1.0130
 Ewald error estimate:   0.1780E-03
 ------------------------------------------------------------------------------

wrapping first mol.:       23.12923       32.70967        0.00000

 NSTEP =    27000   TIME(PS) =      74.000  TEMP(K) =   296.51  PRESS =     0.0
 Etot   =    -11039.6007  EKtot   =      1914.9492  EPtot      =    -12954.5499
 BOND   =         5.2978  ANGLE   =        15.1804  DIHED      =        12.7868
 1-4 NB =        12.5033  1-4 EEL =      -664.7752  VDWAALS    =      2405.4106
 EELEC  =    -14751.6639  EHBOND  =         0.0000  RESTRAINT  =        10.7102
 EAMBER (non-restraint)  =    -12965.2601
 EKCMT  =         0.0000  VIRIAL  =         0.0000  VOLUME     =     32146.6201
                                                    Density    =         1.0090
 Ewald error estimate:   0.2611E-03
 ------------------------------------------------------------------------------

wrapping first mol.:       23.11570       32.69054        0.00000

 NSTEP =    27500   TIME(PS) =      75.000  TEMP(K) =   291.38  PRESS =     0.0
 Etot   =    -11021.2642  EKtot   =      1881.8285  EPtot      =    -12903.0927
 BOND   =         5.2536  ANGLE   =        11.4429  DIHED      =        12.7650
 1-4 NB =        12.8335  1-4 EEL =      -661.1452  VDWAALS    =      2587.2218
 EELEC  =    -14879.2938  EHBOND  =         0.0000  RESTRAINT  =         7.8294
 EAMBER (non-restraint)  =    -12910.9222
 EKCMT  =         0.0000  VIRIAL  =         0.0000  VOLUME     =     32090.2593
                                                    Density    =         1.0108
 Ewald error estimate:   0.3127E-04
 ------------------------------------------------------------------------------

wrapping first mol.:       23.06162       32.61405        0.00000

 NSTEP =    28000   TIME(PS) =      76.000  TEMP(K) =   299.31  PRESS =     0.0
 Etot   =    -10949.4003  EKtot   =      1933.0681  EPtot      =    -12882.4684
 BOND   =         8.5748  ANGLE   =        15.1780  DIHED      =        18.6966
 1-4 NB =        12.8928  1-4 EEL =      -665.5976  VDWAALS    =      2490.4971
 EELEC  =    -14769.3167  EHBOND  =         0.0000  RESTRAINT  =         6.6065
 EAMBER (non-restraint)  =    -12889.0748
 EKCMT  =         0.0000  VIRIAL  =         0.0000  VOLUME     =     31865.5284
                                                    Density    =         1.0179
 Ewald error estimate:   0.8800E-04
 ------------------------------------------------------------------------------

wrapping first mol.:       23.04822       32.59511        0.00000

 NSTEP =    28500   TIME(PS) =      77.000  TEMP(K) =   293.67  PRESS =     0.0
 Etot   =    -10923.3654  EKtot   =      1896.6129  EPtot      =    -12819.9783
 BOND   =         6.0402  ANGLE   =        12.7052  DIHED      =        13.2368
 1-4 NB =        12.1184  1-4 EEL =      -667.5685  VDWAALS    =      2461.2197
 EELEC  =    -14669.8593  EHBOND  =         0.0000  RESTRAINT  =        12.1293
 EAMBER (non-restraint)  =    -12832.1076
 EKCMT  =         0.0000  VIRIAL  =         0.0000  VOLUME     =     31810.0424
                                                    Density    =         1.0197
 Ewald error estimate:   0.5311E-04
 ------------------------------------------------------------------------------

wrapping first mol.:       23.10802       32.67968        0.00000

 NSTEP =    29000   TIME(PS) =      78.000  TEMP(K) =   301.85  PRESS =     0.0
 Etot   =    -10869.1207  EKtot   =      1949.4897  EPtot      =    -12818.6104
 BOND   =         6.1522  ANGLE   =        12.3671  DIHED      =        13.6081
 1-4 NB =        12.2165  1-4 EEL =      -667.5362  VDWAALS    =      2321.9853
 EELEC  =    -14523.8670  EHBOND  =         0.0000  RESTRAINT  =         6.4635
 EAMBER (non-restraint)  =    -12825.0740
 EKCMT  =         0.0000  VIRIAL  =         0.0000  VOLUME     =     32058.2814
                                                    Density    =         1.0118
 Ewald error estimate:   0.2170E-03
 ------------------------------------------------------------------------------

wrapping first mol.:       23.13579       32.71895        0.00000

 NSTEP =    29500   TIME(PS) =      79.000  TEMP(K) =   308.95  PRESS =     0.0
 Etot   =    -10907.4512  EKtot   =      1995.3407  EPtot      =    -12902.7919
 BOND   =         7.6572  ANGLE   =        16.0403  DIHED      =        14.2956
 1-4 NB =        12.6576  1-4 EEL =      -668.4164  VDWAALS    =      2469.3818
 EELEC  =    -14763.6916  EHBOND  =         0.0000  RESTRAINT  =         9.2836
 EAMBER (non-restraint)  =    -12912.0756
 EKCMT  =         0.0000  VIRIAL  =         0.0000  VOLUME     =     32173.9998
                                                    Density    =         1.0082
 Ewald error estimate:   0.9557E-04
 ------------------------------------------------------------------------------

wrapping first mol.:       23.12999       32.71075        0.00000

 NSTEP =    30000   TIME(PS) =      80.000  TEMP(K) =   304.36  PRESS =     0.0
 Etot   =    -10887.3962  EKtot   =      1965.6736  EPtot      =    -12853.0698
 BOND   =         8.3754  ANGLE   =        16.3139  DIHED      =        14.2468
 1-4 NB =        12.4976  1-4 EEL =      -668.6853  VDWAALS    =      2492.4070
 EELEC  =    -14735.3410  EHBOND  =         0.0000  RESTRAINT  =         7.1156
 EAMBER (non-restraint)  =    -12860.1854
 EKCMT  =         0.0000  VIRIAL  =         0.0000  VOLUME     =     32149.8074
                                                    Density    =         1.0089
 Ewald error estimate:   0.2490E-04
 ------------------------------------------------------------------------------

wrapping first mol.:       23.07131       32.62775        0.00000

 NSTEP =    30500   TIME(PS) =      81.000  TEMP(K) =   305.03  PRESS =     0.0
 Etot   =    -10954.2640  EKtot   =      1970.0259  EPtot      =    -12924.2899
 BOND   =         8.1219  ANGLE   =        13.7698  DIHED      =        12.9232
 1-4 NB =        13.5280  1-4 EEL =      -666.7121  VDWAALS    =      2495.7552
 EELEC  =    -14809.2270  EHBOND  =         0.0000  RESTRAINT  =         7.5512
 EAMBER (non-restraint)  =    -12931.8411
 EKCMT  =         0.0000  VIRIAL  =         0.0000  VOLUME     =     31905.7124
                                                    Density    =         1.0166
 Ewald error estimate:   0.1849E-03
 ------------------------------------------------------------------------------

wrapping first mol.:       23.16225       32.75637        0.00000

 NSTEP =    31000   TIME(PS) =      82.000  TEMP(K) =   294.19  PRESS =     0.0
 Etot   =    -10989.2180  EKtot   =      1899.9850  EPtot      =    -12889.2030
 BOND   =        11.5417  ANGLE   =        14.2980  DIHED      =        14.1414
 1-4 NB =        11.4490  1-4 EEL =      -668.2672  VDWAALS    =      2380.4884
 EELEC  =    -14661.6915  EHBOND  =         0.0000  RESTRAINT  =         8.8373
 EAMBER (non-restraint)  =    -12898.0403
 EKCMT  =         0.0000  VIRIAL  =         0.0000  VOLUME     =     32284.4978
                                                    Density    =         1.0047
 Ewald error estimate:   0.1878E-03
 ------------------------------------------------------------------------------

wrapping first mol.:       23.09847       32.66617        0.00000

 NSTEP =    31500   TIME(PS) =      83.000  TEMP(K) =   291.04  PRESS =     0.0
 Etot   =    -11085.3088  EKtot   =      1879.6765  EPtot      =    -12964.9853
 BOND   =         6.7217  ANGLE   =        18.0985  DIHED      =        11.6844
 1-4 NB =        12.5708  1-4 EEL =      -665.2800  VDWAALS    =      2587.1449
 EELEC  =    -14944.8710  EHBOND  =         0.0000  RESTRAINT  =         8.9454
 EAMBER (non-restraint)  =    -12973.9308
 EKCMT  =         0.0000  VIRIAL  =         0.0000  VOLUME     =     32018.5369
                                                    Density    =         1.0131
 Ewald error estimate:   0.8037E-05
 ------------------------------------------------------------------------------

wrapping first mol.:       23.22485       32.84490        0.00000

 NSTEP =    32000   TIME(PS) =      84.000  TEMP(K) =   296.35  PRESS =     0.0
 Etot   =    -11074.6745  EKtot   =      1913.9206  EPtot      =    -12988.5951
 BOND   =         9.5575  ANGLE   =        14.8561  DIHED      =        14.3193
 1-4 NB =        13.0842  1-4 EEL =      -666.9599  VDWAALS    =      2627.1876
 EELEC  =    -15008.4036  EHBOND  =         0.0000  RESTRAINT  =         7.7638
 EAMBER (non-restraint)  =    -12996.3589
 EKCMT  =         0.0000  VIRIAL  =         0.0000  VOLUME     =     32546.9935
                                                    Density    =         0.9966
 Ewald error estimate:   0.3311E-05
 ------------------------------------------------------------------------------

wrapping first mol.:       23.22068       32.83900        0.00000

 NSTEP =    32500   TIME(PS) =      85.000  TEMP(K) =   297.61  PRESS =     0.0
 Etot   =    -10963.8159  EKtot   =      1922.0650  EPtot      =    -12885.8809
 BOND   =         6.8634  ANGLE   =        12.9243  DIHED      =        15.6802
 1-4 NB =        11.1486  1-4 EEL =      -664.8842  VDWAALS    =      2402.6274
 EELEC  =    -14681.0833  EHBOND  =         0.0000  RESTRAINT  =        10.8427
 EAMBER (non-restraint)  =    -12896.7236
 EKCMT  =         0.0000  VIRIAL  =         0.0000  VOLUME     =     32529.4606
                                                    Density    =         0.9971
 Ewald error estimate:   0.1454E-03
 ------------------------------------------------------------------------------

wrapping first mol.:       23.20431       32.81584        0.00000

 NSTEP =    33000   TIME(PS) =      86.000  TEMP(K) =   294.67  PRESS =     0.0
 Etot   =    -11033.8335  EKtot   =      1903.0947  EPtot      =    -12936.9282
 BOND   =        10.5993  ANGLE   =        14.9047  DIHED      =        15.2503
 1-4 NB =        11.2932  1-4 EEL =      -666.9456  VDWAALS    =      2544.6945
 EELEC  =    -14875.4418  EHBOND  =         0.0000  RESTRAINT  =         8.7172
 EAMBER (non-restraint)  =    -12945.6454
 EKCMT  =         0.0000  VIRIAL  =         0.0000  VOLUME     =     32460.6835
                                                    Density    =         0.9993
 Ewald error estimate:   0.1728E-03
 ------------------------------------------------------------------------------

wrapping first mol.:       23.14759       32.73564        0.00000

 NSTEP =    33500   TIME(PS) =      87.000  TEMP(K) =   299.19  PRESS =     0.0
 Etot   =    -11104.1354  EKtot   =      1932.3092  EPtot      =    -13036.4446
 BOND   =         8.4785  ANGLE   =         8.8134  DIHED      =        11.7113
 1-4 NB =        14.6157  1-4 EEL =      -670.5789  VDWAALS    =      2560.8371
 EELEC  =    -14980.5203  EHBOND  =         0.0000  RESTRAINT  =        10.1985
 EAMBER (non-restraint)  =    -13046.6431
 EKCMT  =         0.0000  VIRIAL  =         0.0000  VOLUME     =     32223.2515
                                                    Density    =         1.0066
 Ewald error estimate:   0.5152E-03
 ------------------------------------------------------------------------------

wrapping first mol.:       23.13258       32.71440        0.00000

 NSTEP =    34000   TIME(PS) =      88.000  TEMP(K) =   292.86  PRESS =     0.0
 Etot   =    -11106.8415  EKtot   =      1891.3682  EPtot      =    -12998.2097
 BOND   =        11.0932  ANGLE   =        13.8233  DIHED      =        10.8944
 1-4 NB =        12.9183  1-4 EEL =      -666.4142  VDWAALS    =      2475.3436
 EELEC  =    -14866.8374  EHBOND  =         0.0000  RESTRAINT  =        10.9691
 EAMBER (non-restraint)  =    -13009.1788
 EKCMT  =         0.0000  VIRIAL  =         0.0000  VOLUME     =     32160.5796
                                                    Density    =         1.0086
 Ewald error estimate:   0.3114E-03
 ------------------------------------------------------------------------------

wrapping first mol.:       23.24519       32.87366        0.00000

 NSTEP =    34500   TIME(PS) =      89.000  TEMP(K) =   291.08  PRESS =     0.0
 Etot   =    -11096.1398  EKtot   =      1879.9182  EPtot      =    -12976.0581
 BOND   =         4.6363  ANGLE   =        13.8719  DIHED      =        14.0456
 1-4 NB =        11.2454  1-4 EEL =      -661.7175  VDWAALS    =      2459.0076
 EELEC  =    -14822.7974  EHBOND  =         0.0000  RESTRAINT  =         5.6499
 EAMBER (non-restraint)  =    -12981.7080
 EKCMT  =         0.0000  VIRIAL  =         0.0000  VOLUME     =     32632.5462
                                                    Density    =         0.9940
 Ewald error estimate:   0.1830E-03
 ------------------------------------------------------------------------------

wrapping first mol.:       23.19016       32.79583        0.00000

 NSTEP =    35000   TIME(PS) =      90.000  TEMP(K) =   282.72  PRESS =     0.0
 Etot   =    -11039.2677  EKtot   =      1825.9373  EPtot      =    -12865.2051
 BOND   =         7.9629  ANGLE   =        13.9266  DIHED      =        13.0037
 1-4 NB =        10.5435  1-4 EEL =      -659.7350  VDWAALS    =      2541.4241
 EELEC  =    -14802.2635  EHBOND  =         0.0000  RESTRAINT  =         9.9327
 EAMBER (non-restraint)  =    -12875.1377
 EKCMT  =         0.0000  VIRIAL  =         0.0000  VOLUME     =     32401.3324
                                                    Density    =         1.0011
 Ewald error estimate:   0.1858E-04
 ------------------------------------------------------------------------------

wrapping first mol.:       23.19852       32.80766        0.00000

 NSTEP =    35500   TIME(PS) =      91.000  TEMP(K) =   295.24  PRESS =     0.0
 Etot   =    -11069.4804  EKtot   =      1906.7798  EPtot      =    -12976.2601
 BOND   =         8.6825  ANGLE   =        11.9826  DIHED      =        12.3885
 1-4 NB =        11.9407  1-4 EEL =      -666.3875  VDWAALS    =      2531.9283
 EELEC  =    -14896.2449  EHBOND  =         0.0000  RESTRAINT  =         9.4495
 EAMBER (non-restraint)  =    -12985.7097
 EKCMT  =         0.0000  VIRIAL  =         0.0000  VOLUME     =     32436.4137
                                                    Density    =         1.0000
 Ewald error estimate:   0.1775E-03
 ------------------------------------------------------------------------------

wrapping first mol.:       23.15643       32.74814        0.00000

 NSTEP =    36000   TIME(PS) =      92.000  TEMP(K) =   287.93  PRESS =     0.0
 Etot   =    -11086.2175  EKtot   =      1859.5647  EPtot      =    -12945.7822
 BOND   =         6.1082  ANGLE   =        14.3059  DIHED      =        16.2169
 1-4 NB =        13.6492  1-4 EEL =      -670.3713  VDWAALS    =      2418.1317
 EELEC  =    -14752.0722  EHBOND  =         0.0000  RESTRAINT  =         8.2495
 EAMBER (non-restraint)  =    -12954.0317
 EKCMT  =         0.0000  VIRIAL  =         0.0000  VOLUME     =     32260.1732
                                                    Density    =         1.0055
 Ewald error estimate:   0.8206E-04
 ------------------------------------------------------------------------------

wrapping first mol.:       23.11997       32.69658        0.00000

 NSTEP =    36500   TIME(PS) =      93.000  TEMP(K) =   304.99  PRESS =     0.0
 Etot   =    -10966.6680  EKtot   =      1969.7255  EPtot      =    -12936.3935
 BOND   =         8.7760  ANGLE   =        16.7284  DIHED      =        12.1027
 1-4 NB =        15.6149  1-4 EEL =      -670.6125  VDWAALS    =      2509.5538
 EELEC  =    -14838.8092  EHBOND  =         0.0000  RESTRAINT  =        10.2524
 EAMBER (non-restraint)  =    -12946.6459
 EKCMT  =         0.0000  VIRIAL  =         0.0000  VOLUME     =     32108.0463
                                                    Density    =         1.0102
 Ewald error estimate:   0.3282E-03
 ------------------------------------------------------------------------------

wrapping first mol.:       23.17622       32.77612        0.00000

 NSTEP =    37000   TIME(PS) =      94.000  TEMP(K) =   292.33  PRESS =     0.0
 Etot   =    -10956.5611  EKtot   =      1887.9485  EPtot      =    -12844.5096
 BOND   =        10.9458  ANGLE   =         9.3556  DIHED      =        14.7789
 1-4 NB =        11.1887  1-4 EEL =      -667.4834  VDWAALS    =      2464.1010
 EELEC  =    -14700.3481  EHBOND  =         0.0000  RESTRAINT  =        12.9520
 EAMBER (non-restraint)  =    -12857.4616
 EKCMT  =         0.0000  VIRIAL  =         0.0000  VOLUME     =     32342.9403
                                                    Density    =         1.0029
 Ewald error estimate:   0.4170E-05
 ------------------------------------------------------------------------------

wrapping first mol.:       23.17582       32.77556        0.00000

 NSTEP =    37500   TIME(PS) =      95.000  TEMP(K) =   301.38  PRESS =     0.0
 Etot   =    -11008.3375  EKtot   =      1946.4324  EPtot      =    -12954.7699
 BOND   =         6.1070  ANGLE   =        15.3691  DIHED      =        15.1917
 1-4 NB =        12.7594  1-4 EEL =      -672.4199  VDWAALS    =      2621.3800
 EELEC  =    -14962.1833  EHBOND  =         0.0000  RESTRAINT  =         9.0261
 EAMBER (non-restraint)  =    -12963.7960
 EKCMT  =         0.0000  VIRIAL  =         0.0000  VOLUME     =     32341.2851
                                                    Density    =         1.0029
 Ewald error estimate:   0.1304E-03
 ------------------------------------------------------------------------------

wrapping first mol.:       23.17582       32.77556        0.00000

 NSTEP =    38000   TIME(PS) =      96.000  TEMP(K) =   298.59  PRESS =     0.0
 Etot   =    -10953.1693  EKtot   =      1928.4354  EPtot      =    -12881.6047
 BOND   =         6.1613  ANGLE   =        12.1494  DIHED      =        11.2465
 1-4 NB =        12.5088  1-4 EEL =      -664.2434  VDWAALS    =      2457.1090
 EELEC  =    -14726.6617  EHBOND  =         0.0000  RESTRAINT  =        10.1255
 EAMBER (non-restraint)  =    -12891.7301
 EKCMT  =         0.0000  VIRIAL  =         0.0000  VOLUME     =     32341.2851
                                                    Density    =         1.0029
 Ewald error estimate:   0.2903E-04
 ------------------------------------------------------------------------------

wrapping first mol.:       23.11040       32.68304        0.00000

 NSTEP =    38500   TIME(PS) =      97.000  TEMP(K) =   296.75  PRESS =     0.0
 Etot   =    -10943.2240  EKtot   =      1916.5509  EPtot      =    -12859.7749
 BOND   =         4.3485  ANGLE   =        10.9045  DIHED      =        13.0964
 1-4 NB =        10.7218  1-4 EEL =      -655.6033  VDWAALS    =      2497.9261
 EELEC  =    -14751.6617  EHBOND  =         0.0000  RESTRAINT  =        10.4929
 EAMBER (non-restraint)  =    -12870.2678
 EKCMT  =         0.0000  VIRIAL  =         0.0000  VOLUME     =     32068.1796
                                                    Density    =         1.0115
 Ewald error estimate:   0.5565E-04
 ------------------------------------------------------------------------------

wrapping first mol.:       23.06122       32.61349        0.00000

 NSTEP =    39000   TIME(PS) =      98.000  TEMP(K) =   294.11  PRESS =     0.0
 Etot   =    -10992.9444  EKtot   =      1899.4727  EPtot      =    -12892.4171
 BOND   =         7.7196  ANGLE   =        15.8898  DIHED      =        13.3490
 1-4 NB =        12.1319  1-4 EEL =      -663.7355  VDWAALS    =      2504.9082
 EELEC  =    -14792.7707  EHBOND  =         0.0000  RESTRAINT  =        10.0906
 EAMBER (non-restraint)  =    -12902.5077
 EKCMT  =         0.0000  VIRIAL  =         0.0000  VOLUME     =     31863.8737
                                                    Density    =         1.0180
 Ewald error estimate:   0.4858E-03
 ------------------------------------------------------------------------------

wrapping first mol.:       23.08980       32.65391        0.00000

 NSTEP =    39500   TIME(PS) =      99.000  TEMP(K) =   300.57  PRESS =     0.0
 Etot   =    -10981.5940  EKtot   =      1941.1763  EPtot      =    -12922.7702
 BOND   =         5.6951  ANGLE   =        11.6613  DIHED      =        11.5940
 1-4 NB =        12.5017  1-4 EEL =      -664.6501  VDWAALS    =      2430.6745
 EELEC  =    -14740.4713  EHBOND  =         0.0000  RESTRAINT  =        10.2246
 EAMBER (non-restraint)  =    -12932.9948
 EKCMT  =         0.0000  VIRIAL  =         0.0000  VOLUME     =     31982.5044
                                                    Density    =         1.0142
 Ewald error estimate:   0.3046E-05
 ------------------------------------------------------------------------------

wrapping first mol.:       23.18179       32.78400        0.00000

 NSTEP =    40000   TIME(PS) =     100.000  TEMP(K) =   295.74  PRESS =     0.0
 Etot   =    -10966.0917  EKtot   =      1910.0218  EPtot      =    -12876.1135
 BOND   =        13.8533  ANGLE   =        10.8901  DIHED      =        12.2906
 1-4 NB =        13.8593  1-4 EEL =      -668.8612  VDWAALS    =      2477.8657
 EELEC  =    -14746.4130  EHBOND  =         0.0000  RESTRAINT  =        10.4017
 EAMBER (non-restraint)  =    -12886.5152
 EKCMT  =         0.0000  VIRIAL  =         0.0000  VOLUME     =     32366.2722
                                                    Density    =         1.0022
 Ewald error estimate:   0.3931E-03
 ------------------------------------------------------------------------------

wrapping first mol.:       23.12769       32.70749        0.00000

 NSTEP =    40500   TIME(PS) =     101.000  TEMP(K) =   300.12  PRESS =     0.0
 Etot   =    -11038.0993  EKtot   =      1938.3132  EPtot      =    -12976.4125
 BOND   =         5.5043  ANGLE   =        11.7782  DIHED      =        11.3092
 1-4 NB =        10.6158  1-4 EEL =      -658.8019  VDWAALS    =      2491.4047
 EELEC  =    -14861.0233  EHBOND  =         0.0000  RESTRAINT  =        12.8005
 EAMBER (non-restraint)  =    -12989.2130
 EKCMT  =         0.0000  VIRIAL  =         0.0000  VOLUME     =     32140.1983
                                                    Density    =         1.0092
 Ewald error estimate:   0.8644E-04
 ------------------------------------------------------------------------------

wrapping first mol.:       23.12577       32.70478        0.00000

 NSTEP =    41000   TIME(PS) =     102.000  TEMP(K) =   287.33  PRESS =     0.0
 Etot   =    -11118.2974  EKtot   =      1855.7040  EPtot      =    -12974.0014
 BOND   =         8.2113  ANGLE   =        15.0112  DIHED      =        12.6870
 1-4 NB =        14.5467  1-4 EEL =      -675.6269  VDWAALS    =      2552.0401
 EELEC  =    -14907.0264  EHBOND  =         0.0000  RESTRAINT  =         6.1555
 EAMBER (non-restraint)  =    -12980.1570
 EKCMT  =         0.0000  VIRIAL  =         0.0000  VOLUME     =     32132.2175
                                                    Density    =         1.0095
 Ewald error estimate:   0.2085E-03
 ------------------------------------------------------------------------------

wrapping first mol.:       23.12361       32.70172        0.00000

 NSTEP =    41500   TIME(PS) =     103.000  TEMP(K) =   291.64  PRESS =     0.0
 Etot   =    -11090.5786  EKtot   =      1883.5210  EPtot      =    -12974.0996
 BOND   =         7.0710  ANGLE   =        13.3386  DIHED      =        13.5264
 1-4 NB =        13.5358  1-4 EEL =      -669.1667  VDWAALS    =      2450.2116
 EELEC  =    -14811.6777  EHBOND  =         0.0000  RESTRAINT  =         9.0616
 EAMBER (non-restraint)  =    -12983.1611
 EKCMT  =         0.0000  VIRIAL  =         0.0000  VOLUME     =     32123.1885
                                                    Density    =         1.0098
 Ewald error estimate:   0.2766E-03
 ------------------------------------------------------------------------------

wrapping first mol.:       23.08087       32.64128        0.00000

 NSTEP =    42000   TIME(PS) =     104.000  TEMP(K) =   299.87  PRESS =     0.0
 Etot   =    -11015.0170  EKtot   =      1936.6733  EPtot      =    -12951.6904
 BOND   =         4.0766  ANGLE   =        10.9085  DIHED      =        12.3611
 1-4 NB =        12.0063  1-4 EEL =      -663.6726  VDWAALS    =      2529.8603
 EELEC  =    -14865.0943  EHBOND  =         0.0000  RESTRAINT  =         7.8637
 EAMBER (non-restraint)  =    -12959.5541
 EKCMT  =         0.0000  VIRIAL  =         0.0000  VOLUME     =     31945.3989
                                                    Density    =         1.0154
 Ewald error estimate:   0.3023E-03
 ------------------------------------------------------------------------------

wrapping first mol.:       23.09882       32.66667        0.00000

 NSTEP =    42500   TIME(PS) =     105.000  TEMP(K) =   296.76  PRESS =     0.0
 Etot   =    -11003.2102  EKtot   =      1916.5609  EPtot      =    -12919.7711
 BOND   =         2.7594  ANGLE   =        19.3996  DIHED      =        12.2431
 1-4 NB =        12.8730  1-4 EEL =      -663.1714  VDWAALS    =      2532.6419
 EELEC  =    -14845.3634  EHBOND  =         0.0000  RESTRAINT  =         8.8467
 EAMBER (non-restraint)  =    -12928.6178
 EKCMT  =         0.0000  VIRIAL  =         0.0000  VOLUME     =     32020.0035
                                                    Density    =         1.0130
 Ewald error estimate:   0.2669E-03
 ------------------------------------------------------------------------------

wrapping first mol.:       23.08213       32.64306        0.00000

 NSTEP =    43000   TIME(PS) =     106.000  TEMP(K) =   294.39  PRESS =     0.0
 Etot   =    -11079.3142  EKtot   =      1901.2964  EPtot      =    -12980.6107
 BOND   =         5.5573  ANGLE   =        13.7445  DIHED      =        14.6156
 1-4 NB =        12.7266  1-4 EEL =      -666.7320  VDWAALS    =      2532.4093
 EELEC  =    -14901.0053  EHBOND  =         0.0000  RESTRAINT  =         8.0734
 EAMBER (non-restraint)  =    -12988.6841
 EKCMT  =         0.0000  VIRIAL  =         0.0000  VOLUME     =     31950.6234
                                                    Density    =         1.0152
 Ewald error estimate:   0.2340E-03
 ------------------------------------------------------------------------------

wrapping first mol.:       23.09619       32.66294        0.00000

 NSTEP =    43500   TIME(PS) =     107.000  TEMP(K) =   296.71  PRESS =     0.0
 Etot   =    -11016.5282  EKtot   =      1916.2609  EPtot      =    -12932.7891
 BOND   =         9.9518  ANGLE   =        10.7440  DIHED      =        14.7548
 1-4 NB =        12.9399  1-4 EEL =      -670.7675  VDWAALS    =      2513.2254
 EELEC  =    -14834.8095  EHBOND  =         0.0000  RESTRAINT  =        11.1720
 EAMBER (non-restraint)  =    -12943.9610
 EKCMT  =         0.0000  VIRIAL  =         0.0000  VOLUME     =     32009.0414
                                                    Density    =         1.0134
 Ewald error estimate:   0.1669E-03
 ------------------------------------------------------------------------------

wrapping first mol.:       23.05841       32.60951        0.00000

 NSTEP =    44000   TIME(PS) =     108.000  TEMP(K) =   301.09  PRESS =     0.0
 Etot   =    -10947.4990  EKtot   =      1944.5474  EPtot      =    -12892.0464
 BOND   =         7.5580  ANGLE   =        12.3916  DIHED      =        10.5627
 1-4 NB =        11.6425  1-4 EEL =      -663.5339  VDWAALS    =      2553.7398
 EELEC  =    -14833.0620  EHBOND  =         0.0000  RESTRAINT  =         8.6548
 EAMBER (non-restraint)  =    -12900.7012
 EKCMT  =         0.0000  VIRIAL  =         0.0000  VOLUME     =     31852.2274
                                                    Density    =         1.0183
 Ewald error estimate:   0.3066E-03
 ------------------------------------------------------------------------------

wrapping first mol.:       23.07019       32.62618        0.00000

 NSTEP =    44500   TIME(PS) =     109.000  TEMP(K) =   305.32  PRESS =     0.0
 Etot   =    -10977.2554  EKtot   =      1971.8479  EPtot      =    -12949.1034
 BOND   =         9.8151  ANGLE   =        13.4084  DIHED      =        11.3804
 1-4 NB =        10.3538  1-4 EEL =      -660.0823  VDWAALS    =      2488.9743
 EELEC  =    -14831.2234  EHBOND  =         0.0000  RESTRAINT  =         8.2702
 EAMBER (non-restraint)  =    -12957.3736
 EKCMT  =         0.0000  VIRIAL  =         0.0000  VOLUME     =     31901.0867
                                                    Density    =         1.0168
 Ewald error estimate:   0.1010E-03
 ------------------------------------------------------------------------------

wrapping first mol.:       23.00315       32.53137        0.00000

 NSTEP =    45000   TIME(PS) =     110.000  TEMP(K) =   299.87  PRESS =     0.0
 Etot   =    -10984.1077  EKtot   =      1936.6592  EPtot      =    -12920.7669
 BOND   =         7.8890  ANGLE   =        14.0198  DIHED      =        11.8393
 1-4 NB =        13.5981  1-4 EEL =      -669.7864  VDWAALS    =      2568.8463
 EELEC  =    -14876.9128  EHBOND  =         0.0000  RESTRAINT  =         9.7399
 EAMBER (non-restraint)  =    -12930.5068
 EKCMT  =         0.0000  VIRIAL  =         0.0000  VOLUME     =     31623.7912
                                                    Density    =         1.0257
 Ewald error estimate:   0.3538E-03
 ------------------------------------------------------------------------------

wrapping first mol.:       23.10923       32.68138        0.00000

 NSTEP =    45500   TIME(PS) =     111.000  TEMP(K) =   290.80  PRESS =     0.0
 Etot   =    -11137.9658  EKtot   =      1878.1201  EPtot      =    -13016.0859
 BOND   =         5.4556  ANGLE   =        14.0524  DIHED      =        12.7260
 1-4 NB =        11.8564  1-4 EEL =      -665.1442  VDWAALS    =      2446.3414
 EELEC  =    -14848.7548  EHBOND  =         0.0000  RESTRAINT  =         7.3813
 EAMBER (non-restraint)  =    -13023.4672
 EKCMT  =         0.0000  VIRIAL  =         0.0000  VOLUME     =     32063.2913
                                                    Density    =         1.0116
 Ewald error estimate:   0.4572E-04
 ------------------------------------------------------------------------------

wrapping first mol.:       23.01185       32.54366        0.00000

 NSTEP =    46000   TIME(PS) =     112.000  TEMP(K) =   296.07  PRESS =     0.0
 Etot   =    -11076.4295  EKtot   =      1912.1098  EPtot      =    -12988.5393
 BOND   =         5.6875  ANGLE   =        12.0086  DIHED      =        14.1125
 1-4 NB =        11.6013  1-4 EEL =      -661.3104  VDWAALS    =      2499.4088
 EELEC  =    -14881.2807  EHBOND  =         0.0000  RESTRAINT  =        11.2331
 EAMBER (non-restraint)  =    -12999.7724
 EKCMT  =         0.0000  VIRIAL  =         0.0000  VOLUME     =     31659.6617
                                                    Density    =         1.0245
 Ewald error estimate:   0.7310E-04
 ------------------------------------------------------------------------------

wrapping first mol.:       23.03767       32.58019        0.00000

 NSTEP =    46500   TIME(PS) =     113.000  TEMP(K) =   302.17  PRESS =     0.0
 Etot   =    -10973.7535  EKtot   =      1951.5294  EPtot      =    -12925.2829
 BOND   =         5.1087  ANGLE   =        19.7504  DIHED      =        11.9541
 1-4 NB =        13.4152  1-4 EEL =      -666.6177  VDWAALS    =      2421.6807
 EELEC  =    -14741.0078  EHBOND  =         0.0000  RESTRAINT  =        10.4334
 EAMBER (non-restraint)  =    -12935.7163
 EKCMT  =         0.0000  VIRIAL  =         0.0000  VOLUME     =     31766.3807
                                                    Density    =         1.0211
 Ewald error estimate:   0.2304E-03
 ------------------------------------------------------------------------------

wrapping first mol.:       23.04874       32.59584        0.00000

 NSTEP =    47000   TIME(PS) =     114.000  TEMP(K) =   298.30  PRESS =     0.0
 Etot   =    -10883.9197  EKtot   =      1926.5496  EPtot      =    -12810.4693
 BOND   =         8.8161  ANGLE   =        18.1589  DIHED      =        12.7647
 1-4 NB =        15.4526  1-4 EEL =      -676.0286  VDWAALS    =      2432.6570
 EELEC  =    -14634.2095  EHBOND  =         0.0000  RESTRAINT  =        11.9196
 EAMBER (non-restraint)  =    -12822.3889
 EKCMT  =         0.0000  VIRIAL  =         0.0000  VOLUME     =     31812.1877
                                                    Density    =         1.0196
 Ewald error estimate:   0.1713E-03
 ------------------------------------------------------------------------------

wrapping first mol.:       23.05699       32.60751        0.00000

 NSTEP =    47500   TIME(PS) =     115.000  TEMP(K) =   300.30  PRESS =     0.0
 Etot   =    -10963.1695  EKtot   =      1939.4768  EPtot      =    -12902.6463
 BOND   =         8.0968  ANGLE   =        15.2493  DIHED      =        14.7307
 1-4 NB =        12.7927  1-4 EEL =      -663.2430  VDWAALS    =      2454.4776
 EELEC  =    -14753.0565  EHBOND  =         0.0000  RESTRAINT  =         8.3061
 EAMBER (non-restraint)  =    -12910.9525
 EKCMT  =         0.0000  VIRIAL  =         0.0000  VOLUME     =     31846.3507
                                                    Density    =         1.0185
 Ewald error estimate:   0.2823E-03
 ------------------------------------------------------------------------------

wrapping first mol.:       23.07793       32.63712        0.00000

 NSTEP =    48000   TIME(PS) =     116.000  TEMP(K) =   300.83  PRESS =     0.0
 Etot   =    -10966.2644  EKtot   =      1942.8545  EPtot      =    -12909.1189
 BOND   =         9.7624  ANGLE   =        16.8353  DIHED      =        12.4906
 1-4 NB =        11.8831  1-4 EEL =      -661.2458  VDWAALS    =      2501.2411
 EELEC  =    -14810.5654  EHBOND  =         0.0000  RESTRAINT  =        10.4798
 EAMBER (non-restraint)  =    -12919.5987
 EKCMT  =         0.0000  VIRIAL  =         0.0000  VOLUME     =     31933.1936
                                                    Density    =         1.0158
 Ewald error estimate:   0.2698E-03
 ------------------------------------------------------------------------------

wrapping first mol.:       23.13820       32.72236        0.00000

 NSTEP =    48500   TIME(PS) =     117.000  TEMP(K) =   302.94  PRESS =     0.0
 Etot   =    -10998.5938  EKtot   =      1956.4816  EPtot      =    -12955.0753
 BOND   =         8.9473  ANGLE   =        12.2662  DIHED      =        13.2516
 1-4 NB =        13.8427  1-4 EEL =      -665.5551  VDWAALS    =      2446.7531
 EELEC  =    -14792.6386  EHBOND  =         0.0000  RESTRAINT  =         8.0574
 EAMBER (non-restraint)  =    -12963.1328
 EKCMT  =         0.0000  VIRIAL  =         0.0000  VOLUME     =     32184.0572
                                                    Density    =         1.0078
 Ewald error estimate:   0.8075E-04
 ------------------------------------------------------------------------------

wrapping first mol.:       23.14467       32.73150        0.00000

 NSTEP =    49000   TIME(PS) =     118.000  TEMP(K) =   287.91  PRESS =     0.0
 Etot   =    -11046.2077  EKtot   =      1859.4094  EPtot      =    -12905.6171
 BOND   =         7.8853  ANGLE   =        13.5098  DIHED      =        14.4361
 1-4 NB =        14.7653  1-4 EEL =      -672.3082  VDWAALS    =      2447.9420
 EELEC  =    -14742.9351  EHBOND  =         0.0000  RESTRAINT  =        11.0878
 EAMBER (non-restraint)  =    -12916.7048
 EKCMT  =         0.0000  VIRIAL  =         0.0000  VOLUME     =     32211.0356
                                                    Density    =         1.0070
 Ewald error estimate:   0.7006E-04
 ------------------------------------------------------------------------------

wrapping first mol.:       23.09304       32.65849        0.00000

 NSTEP =    49500   TIME(PS) =     119.000  TEMP(K) =   292.20  PRESS =     0.0
 Etot   =    -11034.2955  EKtot   =      1887.1469  EPtot      =    -12921.4424
 BOND   =         8.4825  ANGLE   =        14.3347  DIHED      =        10.7489
 1-4 NB =        13.0485  1-4 EEL =      -666.0951  VDWAALS    =      2423.4260
 EELEC  =    -14733.3878  EHBOND  =         0.0000  RESTRAINT  =         8.0000
 EAMBER (non-restraint)  =    -12929.4424
 EKCMT  =         0.0000  VIRIAL  =         0.0000  VOLUME     =     31995.9775
                                                    Density    =         1.0138
 Ewald error estimate:   0.3966E-03
 ------------------------------------------------------------------------------

wrapping first mol.:       23.09600       32.66268        0.00000
wrapping first mol.:       23.09600       32.66268        0.00000

 NSTEP =    50000   TIME(PS) =     120.000  TEMP(K) =   292.05  PRESS =     0.0
 Etot   =    -11036.7683  EKtot   =      1886.1951  EPtot      =    -12922.9634
 BOND   =         8.2808  ANGLE   =        14.1280  DIHED      =        14.0734
 1-4 NB =        10.8975  1-4 EEL =      -668.8195  VDWAALS    =      2415.4166
 EELEC  =    -14730.8774  EHBOND  =         0.0000  RESTRAINT  =        13.9371
 EAMBER (non-restraint)  =    -12936.9006
 EKCMT  =         0.0000  VIRIAL  =         0.0000  VOLUME     =     32008.2694
                                                    Density    =         1.0134
 Ewald error estimate:   0.1539E-03
 ------------------------------------------------------------------------------


      A V E R A G E S   O V E R     100 S T E P S


 NSTEP =    50000   TIME(PS) =     120.000  TEMP(K) =   296.70  PRESS =     0.0
 Etot   =    -11008.5503  EKtot   =      1916.2275  EPtot      =    -12924.7778
 BOND   =         7.1969  ANGLE   =        14.1044  DIHED      =        13.3432
 1-4 NB =        12.6437  1-4 EEL =      -666.7445  VDWAALS    =      2486.0859
 EELEC  =    -14800.4028  EHBOND  =         0.0000  RESTRAINT  =         8.9953
 EAMBER (non-restraint)  =    -12933.7731
 EKCMT  =         0.0000  VIRIAL  =         0.0000  VOLUME     =     32470.7807
                                                    Density    =         0.9994
 Ewald error estimate:   0.1820E-03
 ------------------------------------------------------------------------------


      R M S  F L U C T U A T I O N S


 NSTEP =    50000   TIME(PS) =     120.000  TEMP(K) =     5.45  PRESS =     0.0
 Etot   =        76.3649  EKtot   =        35.2132  EPtot      =        62.5496
 BOND   =         2.0976  ANGLE   =         2.2375  DIHED      =         1.7596
 1-4 NB =         1.0399  1-4 EEL =         3.6392  VDWAALS    =        59.0438
 EELEC  =        95.7742  EHBOND  =         0.0000  RESTRAINT  =         1.8755
 EAMBER (non-restraint)  =        60.6740
 EKCMT  =         0.0000  VIRIAL  =         0.0000  VOLUME     =       736.6510
                                                    Density    =         0.0214
 Ewald error estimate:   0.1267E-03
 ------------------------------------------------------------------------------

| MC Barostat:        500 volume changes attempted.
| MC Barostat:        250 changes successful ( 50.00%)
 ------------------------------------------------------------------------------

--------------------------------------------------------------------------------
   5.  TIMINGS
--------------------------------------------------------------------------------

|  NonSetup CPU Time in Major Routines, Average for All Tasks:
|
|     Routine           Sec        %
|     ------------------------------
|     DataDistrib      10.71   10.28
|     Nonbond          88.00   84.44
|     Bond              0.14    0.13
|     Angle             0.16    0.15
|     Dihedral          0.20    0.20
|     Shake             0.60    0.58
|     RunMD             4.21    4.04
|     Other             0.19    0.18
|     ------------------------------
|     Total           104.21

|  PME Nonbond Pairlist CPU Time, Average for All Tasks:
|
|     Routine              Sec        %
|     ---------------------------------
|     Set Up Cit           0.29    0.27
|     Build List          10.39    9.97
|     ---------------------------------
|     Total               10.68   10.25

|  PME Direct Force CPU Time, Average for All Tasks:
|
|     Routine              Sec        %
|     ---------------------------------
|     NonBonded Calc      60.73   58.28
|     Exclude Masked       0.67    0.65
|     Other                2.42    2.32
|     ---------------------------------
|     Total               63.82   61.24

|  PME Reciprocal Force CPU Time, Average for All Tasks:
|
|     Routine              Sec        %
|     ---------------------------------
|     1D bspline           1.11    1.06
|     Grid Charges         1.21    1.16
|     Scalar Sum           1.16    1.11
|     Gradient Sum         2.10    2.01
|     FFT                  7.62    7.31
|     ---------------------------------
|     Total               13.20   12.66

|  PME Load Balancing CPU Time, Average for All Tasks:
|
|     Routine                 Sec        %
|     ------------------------------------
|     Atom Reassign           0.00    0.00
|     Image Reassign          0.00    0.00
|     FFT Reassign            0.00    0.00
|     ------------------------------------
|     Total                   0.01    0.01

|  Final Performance Info:
|     -----------------------------------------------------
|     Average timings for last   20500 steps:
|     Elapsed(s) =      43.09 Per Step(ms) =       2.10
|         ns/day =      82.21   seconds/ns =    1050.91
|
|     Average timings for all steps:
|     Elapsed(s) =     104.44 Per Step(ms) =       2.09
|         ns/day =      82.73   seconds/ns =    1044.41
|     -----------------------------------------------------

|  Master Setup CPU time:            0.03 seconds
|  Master NonSetup CPU time:       102.90 seconds
|  Master Total CPU time:          102.93 seconds     0.03 hours

|  Master Setup wall time:           0    seconds
|  Master NonSetup wall time:      105    seconds
|  Master Total wall time:         105    seconds     0.03 hours
