/ihome/lchong/dty7/bgfs-dty7/ff15ipq-lig/charges/gaff_02/GenConformers/Conf1
Running Conformation 1
removed ‘mdcrd’
mkdir: created directory ‘scratch’
IPolQ >> Sampling solvent charge density.

IPolQ >> Trimming charge cloud from 45360 atoms to 44421.
IPolQ >> Fitting shell charges.

IPolQ >> Shell charge fitting complete.
IPolQ >> Running vacuum phase quantum calculation with orca.
IPolQ >> Running solution phase quantum calculation with orca.
IPolQ >> Quantum and electrostatic potential calculations completed.
============================================================================
                               JOB STATISTICS                              
============================================================================
      SubmitTime: 2022-03-24T00:07:44
         EndTime: 2022-03-25T00:07:58
         RunTime: 06:27:54
           JobId: 5485168
            TRES: cpu=1,mem=8G,node=1
       Partition: smp
        NodeList: smp-n28
         Command: /bgfs/lchong/dty7/ff15ipq-lig/charges/gaff_02/GenConformers/Conf1/conf_1_mdgx_grid_gen.slurm
          StdOut: /bgfs/lchong/dty7/ff15ipq-lig/charges/gaff_02/GenConformers/Conf1/slurm_conf_1.out
More information:
    - `sacct -M smp -j 5485168 -S 2022-03-24T00:07:44 -E 2022-03-25T00:07:58`
   Print control:
    - List of all possible fields: `sacct --helpformat`
    - Add `--format=<field1,field2,etc>` with fields of interest
============================================================================
