
          -------------------------------------------------------
          Amber 18 PMEMD                              2018
          -------------------------------------------------------

| PMEMD implementation of SANDER, Release 18

| Run on 03/14/2022 at 21:40:25

|   Executable path: pmemd.MPI
| Working directory: /bgfs/lchong/dty7/ff15ipq-lig/charges/gaff_01/GenConformers/Conf20
|          Hostname: smp-n123

  [-O]verwriting output

File Assignments:
|   MDIN: ../../../amber/6.2_eq1.in                                             
|  MDOUT: 6.2_eq1.out                                                           
| INPCRD: 6.1_min.rst                                                           
|   PARM: ../../mon.top                                                         
| RESTRT: 6.2_eq1.rst                                                           
|   REFC: 6.1_min.rst                                                           
|  MDVEL: mdvel                                                                 
|   MDEN: mden                                                                  
|  MDCRD: mdcrd                                                                 
| MDINFO: mdinfo                                                                
|LOGFILE: logfile                                                               
|  MDFRC: mdfrc                                                                 

 
 Here is the input file:
 
&cntrl                                                                         
  imin      = 0,                                                               
  irest     = 0,                                                               
  ntx       = 1,                                                               
  ig        = -1,                                                              
  dt        = 0.002,                                                           
  nstlim    = 10000,                                                           
  nscm      = 500,                                                             
  ntr       = 1,                                                               
  restraintmask = ':1',                                                        
  restraint_wt  = 10.0,                                                        
  ntb       = 1,                                                               
  ntp       = 0,                                                               
  ntt       = 3,                                                               
  tempi     = 298.0,                                                           
  temp0     = 298.0,                                                           
  gamma_ln  = 1.0,                                                             
  ntf       = 2,                                                               
  ntc       = 2,                                                               
  cut       = 10.0,                                                            
  ntpr      = 500,                                                             
  ntxo      = 2,                                                               
  ntwr      = 10000,                                                           
  ioutfm    = 1,                                                               
  ntwx      = 500,                                                             
  iwrap     = 1,                                                               
&end                                                                           


Note: ig = -1. Setting random seed to   318831 based on wallclock time in
      microseconds and disabling the synchronization of random numbers 
      between tasks to improve performance.
| irandom = 1, using AMBER's internal random number generator (default).
 
 
| Conditional Compilation Defines Used:
| MPI
| FFTW_FFT
| BINTRAJ
| MKL
| EMIL
 
| Largest sphere to fit in unit cell has radius =    14.772

| New format PARM file being parsed.
| Version =    1.000 Date = 03/14/22 Time = 17:48:27

| Note: 1-4 EEL scale factors are being read from the topology file.

| Note: 1-4 VDW scale factors are being read from the topology file.
| Duplicated    0 dihedrals

| Duplicated    0 dihedrals

--------------------------------------------------------------------------------
   1.  RESOURCE   USE: 
--------------------------------------------------------------------------------

 getting box info from netcdf restart file
 NATOM  =    3240 NTYPES =      13 NBONH =    3220 MBONA  =      21
 NTHETH =      33 MTHETA =      29 NPHIH =      60 MPHIA  =      45
 NHPARM =       0 NPARM  =       0 NNB   =    4456 NRES   =    1069
 NBONA  =      21 NTHETA =      29 NPHIA =      45 NUMBND =      22
 NUMANG =      35 NPTRA  =      18 NATYP =      17 NPHB   =       0
 IFBOX  =       2 NMXRS  =      36 IFCAP =       0 NEXTRA =       0
 NCOPY  =       0

| Coordinate Index Table dimensions:     5    5    5
| Direct force subcell size =     7.2367    7.2367    7.2367

     BOX TYPE: TRUNCATED OCTAHEDRON

--------------------------------------------------------------------------------
   2.  CONTROL  DATA  FOR  THE  RUN
--------------------------------------------------------------------------------

default_name                                                                    

General flags:
     imin    =       0, nmropt  =       0

Nature and format of input:
     ntx     =       1, irest   =       0, ntrx    =       1

Nature and format of output:
     ntxo    =       2, ntpr    =     500, ntrx    =       1, ntwr    =   10000
     iwrap   =       1, ntwx    =     500, ntwv    =       0, ntwe    =       0
     ioutfm  =       1, ntwprt  =       0, idecomp =       0, rbornstat=      0

Potential function:
     ntf     =       2, ntb     =       1, igb     =       0, nsnb    =      25
     ipol    =       0, gbsa    =       0, iesp    =       0
     dielc   =   1.00000, cut     =  10.00000, intdiel =   1.00000

Frozen or restrained atoms:
     ibelly  =       0, ntr     =       1
     restraint_wt =  10.00000

Molecular dynamics:
     nstlim  =     10000, nscm    =         0, nrespa  =         1
     t       =   0.00000, dt      =   0.00200, vlimit  =  20.00000

Langevin dynamics temperature regulation:
     ig      =  318831
     temp0   = 298.00000, tempi   = 298.00000, gamma_ln=   1.00000

SHAKE:
     ntc     =       2, jfastw  =       0
     tol     =   0.00001

| Intermolecular bonds treatment:
|     no_intermolecular_bonds =       1

| Energy averages sample interval:
|     ene_avg_sampling =     500

Ewald parameters:
     verbose =       0, ew_type =       0, nbflag  =       1, use_pme =       1
     vdwmeth =       1, eedmeth =       1, netfrc  =       1
     Box X =   36.184   Box Y =   36.184   Box Z =   36.184
     Alpha =  109.471   Beta  =  109.471   Gamma =  109.471
     NFFT1 =   40       NFFT2 =   40       NFFT3 =   40
     Cutoff=   10.000   Tol   =0.100E-04
     Ewald Coefficient =  0.27511
     Interpolation order =    4

| PMEMD ewald parallel performance parameters:
|     block_fft =    0
|     fft_blk_y_divisor =    2
|     excl_recip =    0
|     excl_master =    0
|     atm_redist_freq =  320

    LOADING THE CONSTRAINED ATOMS AS GROUPS


   5.  REFERENCE ATOM COORDINATES

  default_name                                                                    
     Mask :1; matches    36 atoms

--------------------------------------------------------------------------------
   3.  ATOMIC COORDINATES AND VELOCITIES
--------------------------------------------------------------------------------

default_name                                                                    
 begin time read from input coords =     0.000 ps

 
 Number of triangulated 3-point waters found:     1068

     Sum of charges from parm topology file =  -0.00030117
     Forcing neutrality...

| Dynamic Memory, Types Used:
| Reals             1198019
| Integers           209488

| Nonbonded Pairs Initial Allocation:      317358

| Running AMBER/MPI version on    8 MPI task

 
--------------------------------------------------------------------------------
   4.  RESULTS
--------------------------------------------------------------------------------

 ---------------------------------------------------
 APPROXIMATING switch and d/dx switch using CUBIC SPLINE INTERPOLATION
 using   5000.0 points per unit in tabled values
 TESTING RELATIVE ERROR over r ranging from 0.0 to cutoff
| CHECK switch(x): max rel err =   0.3316E-14   at   2.351880
| CHECK d/dx switch(x): max rel err =   0.8066E-11   at   2.747240
 ---------------------------------------------------
|---------------------------------------------------
| APPROXIMATING direct energy using CUBIC SPLINE INTERPOLATION
|  with   50.0 points per unit in tabled values
| Relative Error Limit not exceeded for r .gt.   2.34
| APPROXIMATING direct force using CUBIC SPLINE INTERPOLATION
|  with   50.0 points per unit in tabled values
| Relative Error Limit not exceeded for r .gt.   2.81
|---------------------------------------------------

 NSTEP =        0   TIME(PS) =       0.000  TEMP(K) =   446.87  PRESS =     0.0
 Etot   =    -14770.4571  EKtot   =      2886.0427  EPtot      =    -17656.4998
 BOND   =         1.1380  ANGLE   =         5.7857  DIHED      =        11.5838
 1-4 NB =        11.2317  1-4 EEL =      -597.9519  VDWAALS    =      3774.0177
 EELEC  =    -20862.3049  EHBOND  =         0.0000  RESTRAINT  =         0.0000
 Ewald error estimate:   0.2509E-03
 ------------------------------------------------------------------------------

wrapping first mol.:       12.06119       17.05710       29.54376

 NSTEP =      500   TIME(PS) =       1.000  TEMP(K) =   245.28  PRESS =     0.0
 Etot   =    -11539.2057  EKtot   =      1584.0887  EPtot      =    -13123.2944
 BOND   =         3.7827  ANGLE   =        13.9369  DIHED      =        13.8914
 1-4 NB =        12.4486  1-4 EEL =      -599.5189  VDWAALS    =      2510.0601
 EELEC  =    -15088.1160  EHBOND  =         0.0000  RESTRAINT  =        10.2209
 EAMBER (non-restraint)  =    -13133.5153
 Ewald error estimate:   0.2071E-03
 ------------------------------------------------------------------------------

wrapping first mol.:       12.06119       17.05710       29.54376

 NSTEP =     1000   TIME(PS) =       2.000  TEMP(K) =   273.33  PRESS =     0.0
 Etot   =    -11120.1597  EKtot   =      1765.2647  EPtot      =    -12885.4244
 BOND   =         8.7248  ANGLE   =        14.6004  DIHED      =        10.0855
 1-4 NB =        12.4747  1-4 EEL =      -601.8534  VDWAALS    =      2409.5075
 EELEC  =    -14750.8744  EHBOND  =         0.0000  RESTRAINT  =        11.9105
 EAMBER (non-restraint)  =    -12897.3348
 Ewald error estimate:   0.4490E-03
 ------------------------------------------------------------------------------

wrapping first mol.:       12.06119       17.05710       29.54376

 NSTEP =     1500   TIME(PS) =       3.000  TEMP(K) =   290.31  PRESS =     0.0
 Etot   =    -10850.2459  EKtot   =      1874.9501  EPtot      =    -12725.1960
 BOND   =         7.4071  ANGLE   =        15.2616  DIHED      =        14.8714
 1-4 NB =        13.6293  1-4 EEL =      -600.3435  VDWAALS    =      2434.6500
 EELEC  =    -14622.5528  EHBOND  =         0.0000  RESTRAINT  =        11.8809
 EAMBER (non-restraint)  =    -12737.0769
 Ewald error estimate:   0.2902E-03
 ------------------------------------------------------------------------------

wrapping first mol.:       12.06119       17.05710       29.54376

 NSTEP =     2000   TIME(PS) =       4.000  TEMP(K) =   284.46  PRESS =     0.0
 Etot   =    -10787.1452  EKtot   =      1837.1269  EPtot      =    -12624.2721
 BOND   =         9.0116  ANGLE   =        16.6283  DIHED      =        11.7946
 1-4 NB =        11.8280  1-4 EEL =      -604.3710  VDWAALS    =      2372.2839
 EELEC  =    -14449.6936  EHBOND  =         0.0000  RESTRAINT  =         8.2462
 EAMBER (non-restraint)  =    -12632.5183
 Ewald error estimate:   0.1447E-03
 ------------------------------------------------------------------------------

wrapping first mol.:       12.06119       17.05710       29.54376

 NSTEP =     2500   TIME(PS) =       5.000  TEMP(K) =   293.66  PRESS =     0.0
 Etot   =    -10735.8220  EKtot   =      1896.5573  EPtot      =    -12632.3793
 BOND   =         6.4755  ANGLE   =        16.1151  DIHED      =        13.5881
 1-4 NB =        11.7551  1-4 EEL =      -599.0378  VDWAALS    =      2252.4438
 EELEC  =    -14341.6463  EHBOND  =         0.0000  RESTRAINT  =         7.9273
 EAMBER (non-restraint)  =    -12640.3066
 Ewald error estimate:   0.1431E-04
 ------------------------------------------------------------------------------

wrapping first mol.:       12.06119       17.05710       29.54376

 NSTEP =     3000   TIME(PS) =       6.000  TEMP(K) =   292.74  PRESS =     0.0
 Etot   =    -10781.6439  EKtot   =      1890.6342  EPtot      =    -12672.2781
 BOND   =         3.0153  ANGLE   =        15.8466  DIHED      =        12.4258
 1-4 NB =        12.4489  1-4 EEL =      -602.3323  VDWAALS    =      2340.9718
 EELEC  =    -14461.3360  EHBOND  =         0.0000  RESTRAINT  =         6.6817
 EAMBER (non-restraint)  =    -12678.9598
 Ewald error estimate:   0.4238E-03
 ------------------------------------------------------------------------------

wrapping first mol.:       12.06119       17.05710       29.54376

 NSTEP =     3500   TIME(PS) =       7.000  TEMP(K) =   288.16  PRESS =     0.0
 Etot   =    -10775.8289  EKtot   =      1861.0301  EPtot      =    -12636.8590
 BOND   =         7.2358  ANGLE   =        14.7458  DIHED      =        10.3240
 1-4 NB =        11.3435  1-4 EEL =      -600.9577  VDWAALS    =      2280.9343
 EELEC  =    -14370.5789  EHBOND  =         0.0000  RESTRAINT  =        10.0944
 EAMBER (non-restraint)  =    -12646.9533
 Ewald error estimate:   0.2064E-03
 ------------------------------------------------------------------------------

wrapping first mol.:       12.06119       17.05710       29.54376

 NSTEP =     4000   TIME(PS) =       8.000  TEMP(K) =   291.35  PRESS =     0.0
 Etot   =    -10723.4877  EKtot   =      1881.6211  EPtot      =    -12605.1088
 BOND   =         8.0050  ANGLE   =        19.6319  DIHED      =        12.5153
 1-4 NB =        14.8231  1-4 EEL =      -602.2837  VDWAALS    =      2217.4374
 EELEC  =    -14286.9811  EHBOND  =         0.0000  RESTRAINT  =        11.7434
 EAMBER (non-restraint)  =    -12616.8522
 Ewald error estimate:   0.1520E-03
 ------------------------------------------------------------------------------

wrapping first mol.:       12.06119       17.05710       29.54376

 NSTEP =     4500   TIME(PS) =       9.000  TEMP(K) =   287.25  PRESS =     0.0
 Etot   =    -10691.9161  EKtot   =      1855.1764  EPtot      =    -12547.0925
 BOND   =         8.0119  ANGLE   =        15.2620  DIHED      =        12.5385
 1-4 NB =        11.4314  1-4 EEL =      -598.0974  VDWAALS    =      2327.5330
 EELEC  =    -14331.3596  EHBOND  =         0.0000  RESTRAINT  =         7.5877
 EAMBER (non-restraint)  =    -12554.6802
 Ewald error estimate:   0.1030E-04
 ------------------------------------------------------------------------------

wrapping first mol.:       12.06119       17.05710       29.54376

 NSTEP =     5000   TIME(PS) =      10.000  TEMP(K) =   309.09  PRESS =     0.0
 Etot   =    -10569.1125  EKtot   =      1996.2287  EPtot      =    -12565.3412
 BOND   =         3.9868  ANGLE   =        11.6620  DIHED      =        12.2255
 1-4 NB =        12.2539  1-4 EEL =      -599.4518  VDWAALS    =      2259.6752
 EELEC  =    -14272.5287  EHBOND  =         0.0000  RESTRAINT  =         6.8358
 EAMBER (non-restraint)  =    -12572.1770
 Ewald error estimate:   0.2026E-04
 ------------------------------------------------------------------------------

wrapping first mol.:       12.06119       17.05710       29.54376

 NSTEP =     5500   TIME(PS) =      11.000  TEMP(K) =   300.51  PRESS =     0.0
 Etot   =    -10606.3966  EKtot   =      1940.8282  EPtot      =    -12547.2248
 BOND   =         3.5722  ANGLE   =        12.0470  DIHED      =        12.6569
 1-4 NB =        12.1224  1-4 EEL =      -598.4510  VDWAALS    =      2256.9722
 EELEC  =    -14250.7983  EHBOND  =         0.0000  RESTRAINT  =         4.6538
 EAMBER (non-restraint)  =    -12551.8785
 Ewald error estimate:   0.1701E-04
 ------------------------------------------------------------------------------

wrapping first mol.:       12.06119       17.05710       29.54376

 NSTEP =     6000   TIME(PS) =      12.000  TEMP(K) =   300.62  PRESS =     0.0
 Etot   =    -10652.2371  EKtot   =      1941.5419  EPtot      =    -12593.7790
 BOND   =         6.4034  ANGLE   =        17.4185  DIHED      =        12.6707
 1-4 NB =        13.0933  1-4 EEL =      -602.0638  VDWAALS    =      2307.9832
 EELEC  =    -14356.8574  EHBOND  =         0.0000  RESTRAINT  =         7.5731
 EAMBER (non-restraint)  =    -12601.3521
 Ewald error estimate:   0.1765E-03
 ------------------------------------------------------------------------------

wrapping first mol.:       12.06119       17.05710       29.54376

 NSTEP =     6500   TIME(PS) =      13.000  TEMP(K) =   301.14  PRESS =     0.0
 Etot   =    -10673.9198  EKtot   =      1944.8709  EPtot      =    -12618.7907
 BOND   =        10.3362  ANGLE   =        22.0599  DIHED      =        14.2353
 1-4 NB =        10.8337  1-4 EEL =      -599.2192  VDWAALS    =      2233.2344
 EELEC  =    -14319.3415  EHBOND  =         0.0000  RESTRAINT  =         9.0705
 EAMBER (non-restraint)  =    -12627.8612
 Ewald error estimate:   0.1235E-03
 ------------------------------------------------------------------------------

wrapping first mol.:       12.06119       17.05710       29.54376

 NSTEP =     7000   TIME(PS) =      14.000  TEMP(K) =   299.56  PRESS =     0.0
 Etot   =    -10687.7467  EKtot   =      1934.6749  EPtot      =    -12622.4215
 BOND   =         9.0602  ANGLE   =        15.8748  DIHED      =        14.5281
 1-4 NB =        12.4114  1-4 EEL =      -603.2794  VDWAALS    =      2199.5945
 EELEC  =    -14277.9289  EHBOND  =         0.0000  RESTRAINT  =         7.3179
 EAMBER (non-restraint)  =    -12629.7394
 Ewald error estimate:   0.1845E-03
 ------------------------------------------------------------------------------

wrapping first mol.:       12.06119       17.05710       29.54376

 NSTEP =     7500   TIME(PS) =      15.000  TEMP(K) =   296.40  PRESS =     0.0
 Etot   =    -10730.9725  EKtot   =      1914.2320  EPtot      =    -12645.2045
 BOND   =         7.2868  ANGLE   =        19.9189  DIHED      =        11.6861
 1-4 NB =        11.1022  1-4 EEL =      -597.6756  VDWAALS    =      2351.2502
 EELEC  =    -14457.0071  EHBOND  =         0.0000  RESTRAINT  =         8.2341
 EAMBER (non-restraint)  =    -12653.4386
 Ewald error estimate:   0.7585E-04
 ------------------------------------------------------------------------------

wrapping first mol.:       12.06119       17.05710       29.54376

 NSTEP =     8000   TIME(PS) =      16.000  TEMP(K) =   296.38  PRESS =     0.0
 Etot   =    -10678.7593  EKtot   =      1914.1505  EPtot      =    -12592.9097
 BOND   =        11.9456  ANGLE   =        13.4888  DIHED      =        11.6635
 1-4 NB =        12.5571  1-4 EEL =      -607.5570  VDWAALS    =      2360.4364
 EELEC  =    -14403.0976  EHBOND  =         0.0000  RESTRAINT  =         7.6534
 EAMBER (non-restraint)  =    -12600.5632
 Ewald error estimate:   0.1966E-03
 ------------------------------------------------------------------------------

wrapping first mol.:       12.06119       17.05710       29.54376

 NSTEP =     8500   TIME(PS) =      17.000  TEMP(K) =   303.32  PRESS =     0.0
 Etot   =    -10645.5440  EKtot   =      1958.9403  EPtot      =    -12604.4843
 BOND   =         6.1344  ANGLE   =        16.8850  DIHED      =        13.4820
 1-4 NB =        12.4684  1-4 EEL =      -595.1968  VDWAALS    =      2331.6702
 EELEC  =    -14397.0640  EHBOND  =         0.0000  RESTRAINT  =         7.1365
 EAMBER (non-restraint)  =    -12611.6208
 Ewald error estimate:   0.8102E-04
 ------------------------------------------------------------------------------

wrapping first mol.:       12.06119       17.05710       29.54376

 NSTEP =     9000   TIME(PS) =      18.000  TEMP(K) =   301.60  PRESS =     0.0
 Etot   =    -10679.4304  EKtot   =      1947.8221  EPtot      =    -12627.2525
 BOND   =         7.2997  ANGLE   =        13.4942  DIHED      =        13.0975
 1-4 NB =        12.7668  1-4 EEL =      -603.4054  VDWAALS    =      2312.4135
 EELEC  =    -14389.2117  EHBOND  =         0.0000  RESTRAINT  =         6.2929
 EAMBER (non-restraint)  =    -12633.5454
 Ewald error estimate:   0.2089E-03
 ------------------------------------------------------------------------------

wrapping first mol.:       12.06119       17.05710       29.54376

 NSTEP =     9500   TIME(PS) =      19.000  TEMP(K) =   301.75  PRESS =     0.0
 Etot   =    -10599.3823  EKtot   =      1948.8269  EPtot      =    -12548.2092
 BOND   =         7.4469  ANGLE   =        16.2165  DIHED      =        13.6023
 1-4 NB =        12.9353  1-4 EEL =      -597.3060  VDWAALS    =      2270.9630
 EELEC  =    -14283.7882  EHBOND  =         0.0000  RESTRAINT  =        11.7211
 EAMBER (non-restraint)  =    -12559.9303
 Ewald error estimate:   0.2674E-03
 ------------------------------------------------------------------------------

wrapping first mol.:       12.06119       17.05710       29.54376
wrapping first mol.:       12.06119       17.05710       29.54376

 NSTEP =    10000   TIME(PS) =      20.000  TEMP(K) =   300.11  PRESS =     0.0
 Etot   =    -10616.4724  EKtot   =      1938.2159  EPtot      =    -12554.6883
 BOND   =         7.5288  ANGLE   =        15.5229  DIHED      =        14.3147
 1-4 NB =        12.5594  1-4 EEL =      -601.0556  VDWAALS    =      2261.6685
 EELEC  =    -14273.1165  EHBOND  =         0.0000  RESTRAINT  =         7.8893
 EAMBER (non-restraint)  =    -12562.5776
 Ewald error estimate:   0.5743E-03
 ------------------------------------------------------------------------------


      A V E R A G E S   O V E R      20 S T E P S


 NSTEP =    10000   TIME(PS) =      20.000  TEMP(K) =   292.85  PRESS =     0.0
 Etot   =    -10757.2714  EKtot   =      1891.3391  EPtot      =    -12648.6105
 BOND   =         7.1335  ANGLE   =        15.8309  DIHED      =        12.8099
 1-4 NB =        12.3643  1-4 EEL =      -600.6729  VDWAALS    =      2314.5842
 EELEC  =    -14419.1939  EHBOND  =         0.0000  RESTRAINT  =         8.5336
 EAMBER (non-restraint)  =    -12657.1441
 Ewald error estimate:   0.1912E-03
 ------------------------------------------------------------------------------


      R M S  F L U C T U A T I O N S


 NSTEP =    10000   TIME(PS) =      20.000  TEMP(K) =    13.45  PRESS =     0.0
 Etot   =       213.3763  EKtot   =        86.8549  EPtot      =       131.7644
 BOND   =         2.2118  ANGLE   =         2.4912  DIHED      =         1.2716
 1-4 NB =         0.8763  1-4 EEL =         2.7733  VDWAALS    =        75.8044
 EELEC  =       195.1324  EHBOND  =         0.0000  RESTRAINT  =         2.0249
 EAMBER (non-restraint)  =       129.7395
 Ewald error estimate:   0.1485E-03
 ------------------------------------------------------------------------------

--------------------------------------------------------------------------------
   5.  TIMINGS
--------------------------------------------------------------------------------

|  NonSetup CPU Time in Major Routines, Average for All Tasks:
|
|     Routine           Sec        %
|     ------------------------------
|     DataDistrib       1.86    9.85
|     Nonbond          15.85   84.17
|     Bond              0.03    0.14
|     Angle             0.04    0.19
|     Dihedral          0.05    0.28
|     Shake             0.13    0.67
|     RunMD             0.86    4.56
|     Other             0.03    0.14
|     ------------------------------
|     Total            18.83

|  PME Nonbond Pairlist CPU Time, Average for All Tasks:
|
|     Routine              Sec        %
|     ---------------------------------
|     Set Up Cit           0.06    0.29
|     Build List           1.93   10.24
|     ---------------------------------
|     Total                1.98   10.53

|  PME Direct Force CPU Time, Average for All Tasks:
|
|     Routine              Sec        %
|     ---------------------------------
|     NonBonded Calc      10.63   56.47
|     Exclude Masked       0.14    0.72
|     Other                0.48    2.53
|     ---------------------------------
|     Total               11.25   59.72

|  PME Reciprocal Force CPU Time, Average for All Tasks:
|
|     Routine              Sec        %
|     ---------------------------------
|     1D bspline           0.22    1.17
|     Grid Charges         0.24    1.28
|     Scalar Sum           0.21    1.11
|     Gradient Sum         0.41    2.20
|     FFT                  1.48    7.84
|     ---------------------------------
|     Total                2.56   13.59

|  PME Load Balancing CPU Time, Average for All Tasks:
|
|     Routine                 Sec        %
|     ------------------------------------
|     Atom Reassign           0.00    0.00
|     Image Reassign          0.00    0.01
|     FFT Reassign            0.00    0.00
|     ------------------------------------
|     Total                   0.00    0.02

|  Final Performance Info:
|     -----------------------------------------------------
|     Average timings for last   10000 steps:
|     Elapsed(s) =      18.86 Per Step(ms) =       1.89
|         ns/day =      91.61   seconds/ns =     943.17
|
|     Average timings for all steps:
|     Elapsed(s) =      18.86 Per Step(ms) =       1.89
|         ns/day =      91.61   seconds/ns =     943.17
|     -----------------------------------------------------

|  Master Setup CPU time:            0.03 seconds
|  Master NonSetup CPU time:        18.82 seconds
|  Master Total CPU time:           18.85 seconds     0.01 hours

|  Master Setup wall time:           0    seconds
|  Master NonSetup wall time:       19    seconds
|  Master Total wall time:          19    seconds     0.01 hours
