
          -------------------------------------------------------
          Amber 18 PMEMD                              2018
          -------------------------------------------------------

| PMEMD implementation of SANDER, Release 18

| Run on 03/14/2022 at 21:40:44

|   Executable path: pmemd.MPI
| Working directory: /bgfs/lchong/dty7/ff15ipq-lig/charges/gaff_01/GenConformers/Conf20
|          Hostname: smp-n123

  [-O]verwriting output

File Assignments:
|   MDIN: ../../../amber/6.3_eq2.in                                             
|  MDOUT: 6.3_eq2.out                                                           
| INPCRD: 6.2_eq1.rst                                                           
|   PARM: ../../mon.top                                                         
| RESTRT: 6.3_eq2.rst                                                           
|   REFC: 6.2_eq1.rst                                                           
|  MDVEL: mdvel                                                                 
|   MDEN: mden                                                                  
|  MDCRD: mdcrd                                                                 
| MDINFO: mdinfo                                                                
|LOGFILE: logfile                                                               
|  MDFRC: mdfrc                                                                 

 
 Here is the input file:
 
&cntrl                                                                         
  imin      = 0,                                                               
  irest     = 1,                                                               
  ntx       = 5,                                                               
  ig        = -1,                                                              
  dt        = 0.002,                                                           
  nstlim    = 50000,                                                           
  nscm      = 500,                                                             
  ntr       = 1,                                                               
  restraintmask = ':1',                                                        
  restraint_wt  = 10.0,                                                        
  ntb       = 2,                                                               
  ntp       = 1,                                                               
  barostat  = 2,                                                               
  pres0     = 1.0,                                                             
  mcbarint  = 100,                                                             
  comp      = 44.6,                                                            
  taup      = 1.0,                                                             
  ntt       = 3,                                                               
  temp0     = 298.0,                                                           
  gamma_ln  = 1.0,                                                             
  ntf       = 2,                                                               
  ntc       = 2,                                                               
  cut       = 10.0,                                                            
  ntpr      = 500,                                                             
  ntxo      = 1,                                                               
  ntwr      = 50000,                                                           
  ioutfm    = 1,                                                               
  ntwx      = 500,                                                             
  iwrap     = 1,                                                               
&end                                                                           


Note: ig = -1. Setting random seed to   328054 based on wallclock time in
      microseconds and disabling the synchronization of random numbers 
      between tasks to improve performance.
| irandom = 1, using AMBER's internal random number generator (default).
 
 
| Conditional Compilation Defines Used:
| MPI
| FFTW_FFT
| BINTRAJ
| MKL
| EMIL
 
| Largest sphere to fit in unit cell has radius =    14.772

| New format PARM file being parsed.
| Version =    1.000 Date = 03/14/22 Time = 17:48:27

| Note: 1-4 EEL scale factors are being read from the topology file.

| Note: 1-4 VDW scale factors are being read from the topology file.
| Duplicated    0 dihedrals

| Duplicated    0 dihedrals

--------------------------------------------------------------------------------
   1.  RESOURCE   USE: 
--------------------------------------------------------------------------------

 getting box info from netcdf restart file
 NATOM  =    3240 NTYPES =      13 NBONH =    3220 MBONA  =      21
 NTHETH =      33 MTHETA =      29 NPHIH =      60 MPHIA  =      45
 NHPARM =       0 NPARM  =       0 NNB   =    4456 NRES   =    1069
 NBONA  =      21 NTHETA =      29 NPHIA =      45 NUMBND =      22
 NUMANG =      35 NPTRA  =      18 NATYP =      17 NPHB   =       0
 IFBOX  =       2 NMXRS  =      36 IFCAP =       0 NEXTRA =       0
 NCOPY  =       0

| Coordinate Index Table dimensions:     5    5    5
| Direct force subcell size =     7.2367    7.2367    7.2367

     BOX TYPE: TRUNCATED OCTAHEDRON

--------------------------------------------------------------------------------
   2.  CONTROL  DATA  FOR  THE  RUN
--------------------------------------------------------------------------------

default_name                                                                    

General flags:
     imin    =       0, nmropt  =       0

Nature and format of input:
     ntx     =       5, irest   =       1, ntrx    =       1

Nature and format of output:
     ntxo    =       1, ntpr    =     500, ntrx    =       1, ntwr    =   50000
     iwrap   =       1, ntwx    =     500, ntwv    =       0, ntwe    =       0
     ioutfm  =       1, ntwprt  =       0, idecomp =       0, rbornstat=      0

Potential function:
     ntf     =       2, ntb     =       2, igb     =       0, nsnb    =      25
     ipol    =       0, gbsa    =       0, iesp    =       0
     dielc   =   1.00000, cut     =  10.00000, intdiel =   1.00000

Frozen or restrained atoms:
     ibelly  =       0, ntr     =       1
     restraint_wt =  10.00000

Molecular dynamics:
     nstlim  =     50000, nscm    =         0, nrespa  =         1
     t       =   0.00000, dt      =   0.00200, vlimit  =  20.00000

Langevin dynamics temperature regulation:
     ig      =  328054
     temp0   = 298.00000, tempi   =   0.00000, gamma_ln=   1.00000

Pressure regulation:
     ntp     =       1
     pres0   =   1.00000, comp    =  44.60000, taup    =   1.00000
     Monte-Carlo Barostat:
     mcbarint  =     100

SHAKE:
     ntc     =       2, jfastw  =       0
     tol     =   0.00001

| Intermolecular bonds treatment:
|     no_intermolecular_bonds =       1

| Energy averages sample interval:
|     ene_avg_sampling =     500

Ewald parameters:
     verbose =       0, ew_type =       0, nbflag  =       1, use_pme =       1
     vdwmeth =       1, eedmeth =       1, netfrc  =       1
     Box X =   36.184   Box Y =   36.184   Box Z =   36.184
     Alpha =  109.471   Beta  =  109.471   Gamma =  109.471
     NFFT1 =   40       NFFT2 =   40       NFFT3 =   40
     Cutoff=   10.000   Tol   =0.100E-04
     Ewald Coefficient =  0.27511
     Interpolation order =    4

| PMEMD ewald parallel performance parameters:
|     block_fft =    0
|     fft_blk_y_divisor =    2
|     excl_recip =    0
|     excl_master =    0
|     atm_redist_freq =  320

    LOADING THE CONSTRAINED ATOMS AS GROUPS


   5.  REFERENCE ATOM COORDINATES

  default_name                                                                    
     Mask :1; matches    36 atoms
| MONTE CARLO BAROSTAT IMPORTANT NOTE:
|   The Monte-Carlo barostat does not require the virial to adjust the system volume.
|   Since it is an expensive calculation, it is skipped for efficiency. A side-effect
|   is that the reported pressure is always 0 because it is not calculated.

--------------------------------------------------------------------------------
   3.  ATOMIC COORDINATES AND VELOCITIES
--------------------------------------------------------------------------------

default_name                                                                    
 begin time read from input coords =    20.000 ps

 
 Number of triangulated 3-point waters found:     1068

     Sum of charges from parm topology file =  -0.00030117
     Forcing neutrality...

| Dynamic Memory, Types Used:
| Reals             1243214
| Integers           213778

| Nonbonded Pairs Initial Allocation:      317358

| Running AMBER/MPI version on    8 MPI task

 
--------------------------------------------------------------------------------
   4.  RESULTS
--------------------------------------------------------------------------------

 ---------------------------------------------------
 APPROXIMATING switch and d/dx switch using CUBIC SPLINE INTERPOLATION
 using   5000.0 points per unit in tabled values
 TESTING RELATIVE ERROR over r ranging from 0.0 to cutoff
| CHECK switch(x): max rel err =   0.3316E-14   at   2.351880
| CHECK d/dx switch(x): max rel err =   0.8066E-11   at   2.747240
 ---------------------------------------------------
|---------------------------------------------------
| APPROXIMATING direct energy using CUBIC SPLINE INTERPOLATION
|  with   50.0 points per unit in tabled values
| Relative Error Limit not exceeded for r .gt.   2.34
| APPROXIMATING direct force using CUBIC SPLINE INTERPOLATION
|  with   50.0 points per unit in tabled values
| Relative Error Limit not exceeded for r .gt.   2.81
|---------------------------------------------------
wrapping first mol.:       12.04140       17.02911       29.49528

 NSTEP =      500   TIME(PS) =      21.000  TEMP(K) =   295.86  PRESS =     0.0
 Etot   =    -10664.3132  EKtot   =      1910.7861  EPtot      =    -12575.0992
 BOND   =         6.0563  ANGLE   =        19.5401  DIHED      =        13.1966
 1-4 NB =        11.4933  1-4 EEL =      -597.7032  VDWAALS    =      2306.1165
 EELEC  =    -14342.3992  EHBOND  =         0.0000  RESTRAINT  =         8.6003
 EAMBER (non-restraint)  =    -12583.6995
 EKCMT  =         0.0000  VIRIAL  =         0.0000  VOLUME     =     36288.7949
                                                    Density    =         0.8938
 Ewald error estimate:   0.4844E-03
 ------------------------------------------------------------------------------

wrapping first mol.:       12.03034       17.01347       29.46819

 NSTEP =     1000   TIME(PS) =      22.000  TEMP(K) =   291.43  PRESS =     0.0
 Etot   =    -10691.5629  EKtot   =      1882.1577  EPtot      =    -12573.7205
 BOND   =         8.4170  ANGLE   =        12.0042  DIHED      =        15.1298
 1-4 NB =        12.6988  1-4 EEL =      -601.6490  VDWAALS    =      2312.6971
 EELEC  =    -14341.7960  EHBOND  =         0.0000  RESTRAINT  =         8.7776
 EAMBER (non-restraint)  =    -12582.4981
 EKCMT  =         0.0000  VIRIAL  =         0.0000  VOLUME     =     36188.8875
                                                    Density    =         0.8963
 Ewald error estimate:   0.1195E-03
 ------------------------------------------------------------------------------

wrapping first mol.:       11.99494       16.96340       29.38147

 NSTEP =     1500   TIME(PS) =      23.000  TEMP(K) =   301.52  PRESS =     0.0
 Etot   =    -10567.5317  EKtot   =      1947.3315  EPtot      =    -12514.8632
 BOND   =         6.2675  ANGLE   =        16.4967  DIHED      =        11.3197
 1-4 NB =        13.1149  1-4 EEL =      -599.7288  VDWAALS    =      2419.6719
 EELEC  =    -14393.2392  EHBOND  =         0.0000  RESTRAINT  =        11.2343
 EAMBER (non-restraint)  =    -12526.0975
 EKCMT  =         0.0000  VIRIAL  =         0.0000  VOLUME     =     35870.3586
                                                    Density    =         0.9043
 Ewald error estimate:   0.3377E-03
 ------------------------------------------------------------------------------

wrapping first mol.:       11.90664       16.83853       29.16519

 NSTEP =     2000   TIME(PS) =      24.000  TEMP(K) =   312.19  PRESS =     0.0
 Etot   =    -10638.7640  EKtot   =      2016.2648  EPtot      =    -12655.0288
 BOND   =         8.0599  ANGLE   =        18.3627  DIHED      =        12.1039
 1-4 NB =        11.8792  1-4 EEL =      -599.0751  VDWAALS    =      2270.4483
 EELEC  =    -14387.3743  EHBOND  =         0.0000  RESTRAINT  =        10.5667
 EAMBER (non-restraint)  =    -12665.5954
 EKCMT  =         0.0000  VIRIAL  =         0.0000  VOLUME     =     35084.0268
                                                    Density    =         0.9245
 Ewald error estimate:   0.1523E-03
 ------------------------------------------------------------------------------

wrapping first mol.:       11.87954       16.80020       29.09880

 NSTEP =     2500   TIME(PS) =      25.000  TEMP(K) =   298.52  PRESS =     0.0
 Etot   =    -10714.2635  EKtot   =      1927.9254  EPtot      =    -12642.1890
 BOND   =         8.6701  ANGLE   =        17.4531  DIHED      =        13.6581
 1-4 NB =        12.2408  1-4 EEL =      -605.1609  VDWAALS    =      2350.7266
 EELEC  =    -14447.3603  EHBOND  =         0.0000  RESTRAINT  =         7.5835
 EAMBER (non-restraint)  =    -12649.7725
 EKCMT  =         0.0000  VIRIAL  =         0.0000  VOLUME     =     34844.9747
                                                    Density    =         0.9309
 Ewald error estimate:   0.6297E-04
 ------------------------------------------------------------------------------

wrapping first mol.:       11.80134       16.68962       28.90726

 NSTEP =     3000   TIME(PS) =      26.000  TEMP(K) =   295.96  PRESS =     0.0
 Etot   =    -10803.0647  EKtot   =      1911.3967  EPtot      =    -12714.4614
 BOND   =         8.4312  ANGLE   =        12.2698  DIHED      =        13.6828
 1-4 NB =        12.8040  1-4 EEL =      -606.7373  VDWAALS    =      2476.1554
 EELEC  =    -14640.2398  EHBOND  =         0.0000  RESTRAINT  =         9.1725
 EAMBER (non-restraint)  =    -12723.6339
 EKCMT  =         0.0000  VIRIAL  =         0.0000  VOLUME     =     34161.4235
                                                    Density    =         0.9495
 Ewald error estimate:   0.6104E-04
 ------------------------------------------------------------------------------

wrapping first mol.:       11.74481       16.60967       28.76879

 NSTEP =     3500   TIME(PS) =      27.000  TEMP(K) =   302.91  PRESS =     0.0
 Etot   =    -10821.8535  EKtot   =      1956.3343  EPtot      =    -12778.1877
 BOND   =         7.4350  ANGLE   =        14.9496  DIHED      =        13.3533
 1-4 NB =        11.1897  1-4 EEL =      -597.2902  VDWAALS    =      2458.1575
 EELEC  =    -14697.9102  EHBOND  =         0.0000  RESTRAINT  =        11.9275
 EAMBER (non-restraint)  =    -12790.1152
 EKCMT  =         0.0000  VIRIAL  =         0.0000  VOLUME     =     33672.8371
                                                    Density    =         0.9633
 Ewald error estimate:   0.2590E-03
 ------------------------------------------------------------------------------

wrapping first mol.:       11.73419       16.59465       28.74277

 NSTEP =     4000   TIME(PS) =      28.000  TEMP(K) =   298.80  PRESS =     0.0
 Etot   =    -10772.0066  EKtot   =      1929.7398  EPtot      =    -12701.7464
 BOND   =         8.6396  ANGLE   =        16.2167  DIHED      =        15.3855
 1-4 NB =        11.6992  1-4 EEL =      -604.4985  VDWAALS    =      2349.5560
 EELEC  =    -14508.8133  EHBOND  =         0.0000  RESTRAINT  =        10.0683
 EAMBER (non-restraint)  =    -12711.8148
 EKCMT  =         0.0000  VIRIAL  =         0.0000  VOLUME     =     33581.5519
                                                    Density    =         0.9659
 Ewald error estimate:   0.1564E-03
 ------------------------------------------------------------------------------

wrapping first mol.:       11.63785       16.45841       28.50680

 NSTEP =     4500   TIME(PS) =      29.000  TEMP(K) =   307.68  PRESS =     0.0
 Etot   =    -10752.6144  EKtot   =      1987.1152  EPtot      =    -12739.7295
 BOND   =        11.0940  ANGLE   =        19.8667  DIHED      =        15.5305
 1-4 NB =        10.9933  1-4 EEL =      -606.0286  VDWAALS    =      2546.5646
 EELEC  =    -14748.7618  EHBOND  =         0.0000  RESTRAINT  =        11.0118
 EAMBER (non-restraint)  =    -12750.7413
 EKCMT  =         0.0000  VIRIAL  =         0.0000  VOLUME     =     32761.2347
                                                    Density    =         0.9901
 Ewald error estimate:   0.2053E-03
 ------------------------------------------------------------------------------

wrapping first mol.:       11.63800       16.45862       28.50716

 NSTEP =     5000   TIME(PS) =      30.000  TEMP(K) =   304.86  PRESS =     0.0
 Etot   =    -10792.8999  EKtot   =      1968.8698  EPtot      =    -12761.7697
 BOND   =         5.0594  ANGLE   =        12.9536  DIHED      =        12.9451
 1-4 NB =        11.9900  1-4 EEL =      -595.8055  VDWAALS    =      2396.6931
 EELEC  =    -14612.8562  EHBOND  =         0.0000  RESTRAINT  =         7.2509
 EAMBER (non-restraint)  =    -12769.0206
 EKCMT  =         0.0000  VIRIAL  =         0.0000  VOLUME     =     32762.4977
                                                    Density    =         0.9901
 Ewald error estimate:   0.1921E-05
 ------------------------------------------------------------------------------

wrapping first mol.:       11.63021       16.44760       28.48808

 NSTEP =     5500   TIME(PS) =      31.000  TEMP(K) =   307.54  PRESS =     0.0
 Etot   =    -10810.9389  EKtot   =      1986.1992  EPtot      =    -12797.1382
 BOND   =         6.8567  ANGLE   =        18.7451  DIHED      =        12.6724
 1-4 NB =        10.8067  1-4 EEL =      -602.6688  VDWAALS    =      2475.7042
 EELEC  =    -14730.3902  EHBOND  =         0.0000  RESTRAINT  =        11.1357
 EAMBER (non-restraint)  =    -12808.2739
 EKCMT  =         0.0000  VIRIAL  =         0.0000  VOLUME     =     32696.7501
                                                    Density    =         0.9920
 Ewald error estimate:   0.1080E-03
 ------------------------------------------------------------------------------

wrapping first mol.:       11.66488       16.49664       28.57301

 NSTEP =     6000   TIME(PS) =      32.000  TEMP(K) =   304.64  PRESS =     0.0
 Etot   =    -10809.3994  EKtot   =      1967.5063  EPtot      =    -12776.9056
 BOND   =         5.1949  ANGLE   =        11.0219  DIHED      =        15.8962
 1-4 NB =        12.8680  1-4 EEL =      -602.5526  VDWAALS    =      2395.9740
 EELEC  =    -14623.6937  EHBOND  =         0.0000  RESTRAINT  =         8.3856
 EAMBER (non-restraint)  =    -12785.2912
 EKCMT  =         0.0000  VIRIAL  =         0.0000  VOLUME     =     32990.0420
                                                    Density    =         0.9832
 Ewald error estimate:   0.5934E-04
 ------------------------------------------------------------------------------

wrapping first mol.:       11.65061       16.47645       28.53805

 NSTEP =     6500   TIME(PS) =      33.000  TEMP(K) =   297.79  PRESS =     0.0
 Etot   =    -10844.0317  EKtot   =      1923.2250  EPtot      =    -12767.2567
 BOND   =         9.6010  ANGLE   =        17.0416  DIHED      =        13.5222
 1-4 NB =        12.5805  1-4 EEL =      -602.8935  VDWAALS    =      2556.7897
 EELEC  =    -14782.9801  EHBOND  =         0.0000  RESTRAINT  =         9.0819
 EAMBER (non-restraint)  =    -12776.3386
 EKCMT  =         0.0000  VIRIAL  =         0.0000  VOLUME     =     32869.0987
                                                    Density    =         0.9868
 Ewald error estimate:   0.3402E-03
 ------------------------------------------------------------------------------

wrapping first mol.:       11.61760       16.42977       28.45719

 NSTEP =     7000   TIME(PS) =      34.000  TEMP(K) =   307.71  PRESS =     0.0
 Etot   =    -10770.5964  EKtot   =      1987.3086  EPtot      =    -12757.9050
 BOND   =         6.5650  ANGLE   =        14.6403  DIHED      =        15.1504
 1-4 NB =        12.8420  1-4 EEL =      -605.4185  VDWAALS    =      2553.5147
 EELEC  =    -14768.2225  EHBOND  =         0.0000  RESTRAINT  =        13.0236
 EAMBER (non-restraint)  =    -12770.9286
 EKCMT  =         0.0000  VIRIAL  =         0.0000  VOLUME     =     32590.4982
                                                    Density    =         0.9953
 Ewald error estimate:   0.9107E-05
 ------------------------------------------------------------------------------

wrapping first mol.:       11.62175       16.43564       28.46736

 NSTEP =     7500   TIME(PS) =      35.000  TEMP(K) =   297.29  PRESS =     0.0
 Etot   =    -10779.1028  EKtot   =      1920.0236  EPtot      =    -12699.1264
 BOND   =        10.0593  ANGLE   =        21.7235  DIHED      =        15.3682
 1-4 NB =        13.0865  1-4 EEL =      -602.4483  VDWAALS    =      2294.4684
 EELEC  =    -14464.7496  EHBOND  =         0.0000  RESTRAINT  =        13.3657
 EAMBER (non-restraint)  =    -12712.4921
 EKCMT  =         0.0000  VIRIAL  =         0.0000  VOLUME     =     32625.4436
                                                    Density    =         0.9942
 Ewald error estimate:   0.1805E-03
 ------------------------------------------------------------------------------

wrapping first mol.:       11.62263       16.43688       28.46951

 NSTEP =     8000   TIME(PS) =      36.000  TEMP(K) =   299.54  PRESS =     0.0
 Etot   =    -10803.7445  EKtot   =      1934.5125  EPtot      =    -12738.2570
 BOND   =        10.2420  ANGLE   =        21.4179  DIHED      =        15.1460
 1-4 NB =        12.5819  1-4 EEL =      -607.5388  VDWAALS    =      2389.4205
 EELEC  =    -14591.5798  EHBOND  =         0.0000  RESTRAINT  =        12.0533
 EAMBER (non-restraint)  =    -12750.3103
 EKCMT  =         0.0000  VIRIAL  =         0.0000  VOLUME     =     32632.8365
                                                    Density    =         0.9940
 Ewald error estimate:   0.5692E-04
 ------------------------------------------------------------------------------

wrapping first mol.:       11.61400       16.42468       28.44838

 NSTEP =     8500   TIME(PS) =      37.000  TEMP(K) =   297.69  PRESS =     0.0
 Etot   =    -10819.2905  EKtot   =      1922.6073  EPtot      =    -12741.8979
 BOND   =         9.5405  ANGLE   =        13.6520  DIHED      =        11.1188
 1-4 NB =        11.5876  1-4 EEL =      -599.0975  VDWAALS    =      2435.3332
 EELEC  =    -14633.8247  EHBOND  =         0.0000  RESTRAINT  =         9.7921
 EAMBER (non-restraint)  =    -12751.6900
 EKCMT  =         0.0000  VIRIAL  =         0.0000  VOLUME     =     32560.2246
                                                    Density    =         0.9962
 Ewald error estimate:   0.3628E-03
 ------------------------------------------------------------------------------

wrapping first mol.:       11.57857       16.37457       28.36158

 NSTEP =     9000   TIME(PS) =      38.000  TEMP(K) =   304.64  PRESS =     0.0
 Etot   =    -10804.4551  EKtot   =      1967.4938  EPtot      =    -12771.9488
 BOND   =         5.5100  ANGLE   =        17.7594  DIHED      =        10.9432
 1-4 NB =        11.9821  1-4 EEL =      -602.7913  VDWAALS    =      2545.1834
 EELEC  =    -14771.5141  EHBOND  =         0.0000  RESTRAINT  =        10.9783
 EAMBER (non-restraint)  =    -12782.9272
 EKCMT  =         0.0000  VIRIAL  =         0.0000  VOLUME     =     32263.1203
                                                    Density    =         1.0054
 Ewald error estimate:   0.4958E-04
 ------------------------------------------------------------------------------

wrapping first mol.:       11.59325       16.39533       28.39754

 NSTEP =     9500   TIME(PS) =      39.000  TEMP(K) =   298.18  PRESS =     0.0
 Etot   =    -10859.3685  EKtot   =      1925.7698  EPtot      =    -12785.1383
 BOND   =         6.5404  ANGLE   =        20.0384  DIHED      =        14.7448
 1-4 NB =        12.5610  1-4 EEL =      -604.6268  VDWAALS    =      2419.3860
 EELEC  =    -14664.1607  EHBOND  =         0.0000  RESTRAINT  =        10.3786
 EAMBER (non-restraint)  =    -12795.5169
 EKCMT  =         0.0000  VIRIAL  =         0.0000  VOLUME     =     32385.9873
                                                    Density    =         1.0016
 Ewald error estimate:   0.5992E-03
 ------------------------------------------------------------------------------

wrapping first mol.:       11.57137       16.36439       28.34395

 NSTEP =    10000   TIME(PS) =      40.000  TEMP(K) =   306.15  PRESS =     0.0
 Etot   =    -10777.7155  EKtot   =      1977.2255  EPtot      =    -12754.9410
 BOND   =         8.7889  ANGLE   =        13.3763  DIHED      =        15.0354
 1-4 NB =        10.6502  1-4 EEL =      -592.5984  VDWAALS    =      2401.6445
 EELEC  =    -14620.9806  EHBOND  =         0.0000  RESTRAINT  =         9.1426
 EAMBER (non-restraint)  =    -12764.0836
 EKCMT  =         0.0000  VIRIAL  =         0.0000  VOLUME     =     32202.9646
                                                    Density    =         1.0073
 Ewald error estimate:   0.2687E-03
 ------------------------------------------------------------------------------

wrapping first mol.:       11.59163       16.39304       28.39358

 NSTEP =    10500   TIME(PS) =      41.000  TEMP(K) =   296.90  PRESS =     0.0
 Etot   =    -10900.8333  EKtot   =      1917.5054  EPtot      =    -12818.3387
 BOND   =         5.3357  ANGLE   =        18.2686  DIHED      =        11.8009
 1-4 NB =        12.5859  1-4 EEL =      -595.8119  VDWAALS    =      2427.4248
 EELEC  =    -14711.5372  EHBOND  =         0.0000  RESTRAINT  =        13.5946
 EAMBER (non-restraint)  =    -12831.9332
 EKCMT  =         0.0000  VIRIAL  =         0.0000  VOLUME     =     32372.4422
                                                    Density    =         1.0020
 Ewald error estimate:   0.1810E-03
 ------------------------------------------------------------------------------

wrapping first mol.:       11.59163       16.39304       28.39358

 NSTEP =    11000   TIME(PS) =      42.000  TEMP(K) =   291.59  PRESS =     0.0
 Etot   =    -10907.0543  EKtot   =      1883.2141  EPtot      =    -12790.2684
 BOND   =         5.5272  ANGLE   =        18.1056  DIHED      =        14.0999
 1-4 NB =        12.1145  1-4 EEL =      -596.5110  VDWAALS    =      2502.8893
 EELEC  =    -14760.0974  EHBOND  =         0.0000  RESTRAINT  =        13.6035
 EAMBER (non-restraint)  =    -12803.8719
 EKCMT  =         0.0000  VIRIAL  =         0.0000  VOLUME     =     32372.4422
                                                    Density    =         1.0020
 Ewald error estimate:   0.4450E-04
 ------------------------------------------------------------------------------

wrapping first mol.:       11.57992       16.37648       28.36488

 NSTEP =    11500   TIME(PS) =      43.000  TEMP(K) =   294.96  PRESS =     0.0
 Etot   =    -10933.8147  EKtot   =      1904.9541  EPtot      =    -12838.7688
 BOND   =         7.6568  ANGLE   =        13.4392  DIHED      =        12.1780
 1-4 NB =        11.3903  1-4 EEL =      -598.7122  VDWAALS    =      2428.3263
 EELEC  =    -14720.6319  EHBOND  =         0.0000  RESTRAINT  =         7.5847
 EAMBER (non-restraint)  =    -12846.3535
 EKCMT  =         0.0000  VIRIAL  =         0.0000  VOLUME     =     32274.3892
                                                    Density    =         1.0050
 Ewald error estimate:   0.4699E-04
 ------------------------------------------------------------------------------

wrapping first mol.:       11.57992       16.37648       28.36488

 NSTEP =    12000   TIME(PS) =      44.000  TEMP(K) =   295.66  PRESS =     0.0
 Etot   =    -10880.5625  EKtot   =      1909.4715  EPtot      =    -12790.0339
 BOND   =         7.9571  ANGLE   =        20.0421  DIHED      =        14.0358
 1-4 NB =        13.2918  1-4 EEL =      -596.9219  VDWAALS    =      2476.8678
 EELEC  =    -14739.1090  EHBOND  =         0.0000  RESTRAINT  =        13.8022
 EAMBER (non-restraint)  =    -12803.8361
 EKCMT  =         0.0000  VIRIAL  =         0.0000  VOLUME     =     32274.3892
                                                    Density    =         1.0050
 Ewald error estimate:   0.1221E-03
 ------------------------------------------------------------------------------

wrapping first mol.:       11.57992       16.37648       28.36488

 NSTEP =    12500   TIME(PS) =      45.000  TEMP(K) =   297.27  PRESS =     0.0
 Etot   =    -10859.1275  EKtot   =      1919.8698  EPtot      =    -12778.9973
 BOND   =         5.7910  ANGLE   =        22.9138  DIHED      =        13.0164
 1-4 NB =        13.0495  1-4 EEL =      -603.2937  VDWAALS    =      2417.0839
 EELEC  =    -14657.1988  EHBOND  =         0.0000  RESTRAINT  =         9.6406
 EAMBER (non-restraint)  =    -12788.6380
 EKCMT  =         0.0000  VIRIAL  =         0.0000  VOLUME     =     32274.3892
                                                    Density    =         1.0050
 Ewald error estimate:   0.1386E-03
 ------------------------------------------------------------------------------

wrapping first mol.:       11.59099       16.39214       28.39201

 NSTEP =    13000   TIME(PS) =      46.000  TEMP(K) =   304.11  PRESS =     0.0
 Etot   =    -10863.9486  EKtot   =      1964.0546  EPtot      =    -12828.0032
 BOND   =         9.1126  ANGLE   =        20.6948  DIHED      =        12.6081
 1-4 NB =        12.1442  1-4 EEL =      -602.3934  VDWAALS    =      2357.6842
 EELEC  =    -14645.8760  EHBOND  =         0.0000  RESTRAINT  =         8.0223
 EAMBER (non-restraint)  =    -12836.0255
 EKCMT  =         0.0000  VIRIAL  =         0.0000  VOLUME     =     32367.0660
                                                    Density    =         1.0021
 Ewald error estimate:   0.4110E-04
 ------------------------------------------------------------------------------

wrapping first mol.:       11.56803       16.35967       28.33577

 NSTEP =    13500   TIME(PS) =      47.000  TEMP(K) =   299.76  PRESS =     0.0
 Etot   =    -10885.3287  EKtot   =      1935.9816  EPtot      =    -12821.3103
 BOND   =        11.2129  ANGLE   =        14.8261  DIHED      =        16.9141
 1-4 NB =        14.0305  1-4 EEL =      -611.1049  VDWAALS    =      2516.2422
 EELEC  =    -14789.9592  EHBOND  =         0.0000  RESTRAINT  =         6.5281
 EAMBER (non-restraint)  =    -12827.8384
 EKCMT  =         0.0000  VIRIAL  =         0.0000  VOLUME     =     32175.1081
                                                    Density    =         1.0081
 Ewald error estimate:   0.2172E-03
 ------------------------------------------------------------------------------

wrapping first mol.:       11.58959       16.39016       28.38858

 NSTEP =    14000   TIME(PS) =      48.000  TEMP(K) =   296.84  PRESS =     0.0
 Etot   =    -10901.2819  EKtot   =      1917.1135  EPtot      =    -12818.3954
 BOND   =         7.8936  ANGLE   =        18.4371  DIHED      =        13.2490
 1-4 NB =        12.5614  1-4 EEL =      -597.9266  VDWAALS    =      2406.4358
 EELEC  =    -14687.2079  EHBOND  =         0.0000  RESTRAINT  =         8.1623
 EAMBER (non-restraint)  =    -12826.5577
 EKCMT  =         0.0000  VIRIAL  =         0.0000  VOLUME     =     32355.3532
                                                    Density    =         1.0025
 Ewald error estimate:   0.1216E-03
 ------------------------------------------------------------------------------

wrapping first mol.:       11.56473       16.35500       28.32768

 NSTEP =    14500   TIME(PS) =      49.000  TEMP(K) =   291.94  PRESS =     0.0
 Etot   =    -10884.9560  EKtot   =      1885.4411  EPtot      =    -12770.3971
 BOND   =         8.4049  ANGLE   =        16.9302  DIHED      =        14.7145
 1-4 NB =        11.9732  1-4 EEL =      -595.4425  VDWAALS    =      2440.6360
 EELEC  =    -14675.2416  EHBOND  =         0.0000  RESTRAINT  =         7.6283
 EAMBER (non-restraint)  =    -12778.0254
 EKCMT  =         0.0000  VIRIAL  =         0.0000  VOLUME     =     32147.5580
                                                    Density    =         1.0090
 Ewald error estimate:   0.4392E-04
 ------------------------------------------------------------------------------

wrapping first mol.:       11.56997       16.36241       28.34052

 NSTEP =    15000   TIME(PS) =      50.000  TEMP(K) =   303.37  PRESS =     0.0
 Etot   =    -10998.4336  EKtot   =      1959.2784  EPtot      =    -12957.7120
 BOND   =        11.1337  ANGLE   =        19.9363  DIHED      =        12.0090
 1-4 NB =        10.8745  1-4 EEL =      -607.2832  VDWAALS    =      2457.1752
 EELEC  =    -14872.7032  EHBOND  =         0.0000  RESTRAINT  =        11.1457
 EAMBER (non-restraint)  =    -12968.8577
 EKCMT  =         0.0000  VIRIAL  =         0.0000  VOLUME     =     32191.2996
                                                    Density    =         1.0076
 Ewald error estimate:   0.1784E-04
 ------------------------------------------------------------------------------

wrapping first mol.:       11.54238       16.32340       28.27295

 NSTEP =    15500   TIME(PS) =      51.000  TEMP(K) =   291.78  PRESS =     0.0
 Etot   =    -11025.5157  EKtot   =      1884.4554  EPtot      =    -12909.9712
 BOND   =         5.1258  ANGLE   =        13.5655  DIHED      =        11.6991
 1-4 NB =        11.9381  1-4 EEL =      -602.7318  VDWAALS    =      2482.8156
 EELEC  =    -14845.0562  EHBOND  =         0.0000  RESTRAINT  =        12.6727
 EAMBER (non-restraint)  =    -12922.6439
 EKCMT  =         0.0000  VIRIAL  =         0.0000  VOLUME     =     31961.5819
                                                    Density    =         1.0149
 Ewald error estimate:   0.1782E-03
 ------------------------------------------------------------------------------

wrapping first mol.:       11.53596       16.31431       28.25721

 NSTEP =    16000   TIME(PS) =      52.000  TEMP(K) =   286.32  PRESS =     0.0
 Etot   =    -10976.7368  EKtot   =      1849.1743  EPtot      =    -12825.9111
 BOND   =        10.2158  ANGLE   =        16.5174  DIHED      =        12.6420
 1-4 NB =        12.2977  1-4 EEL =      -595.2109  VDWAALS    =      2451.6244
 EELEC  =    -14744.0923  EHBOND  =         0.0000  RESTRAINT  =        10.0949
 EAMBER (non-restraint)  =    -12836.0060
 EKCMT  =         0.0000  VIRIAL  =         0.0000  VOLUME     =     31908.2282
                                                    Density    =         1.0166
 Ewald error estimate:   0.4578E-03
 ------------------------------------------------------------------------------

wrapping first mol.:       11.56360       16.35341       28.32493

 NSTEP =    16500   TIME(PS) =      53.000  TEMP(K) =   295.39  PRESS =     0.0
 Etot   =    -10947.7339  EKtot   =      1907.7585  EPtot      =    -12855.4924
 BOND   =         7.3032  ANGLE   =        16.3669  DIHED      =        14.0895
 1-4 NB =        13.5425  1-4 EEL =      -602.9062  VDWAALS    =      2508.1157
 EELEC  =    -14822.2599  EHBOND  =         0.0000  RESTRAINT  =        10.2559
 EAMBER (non-restraint)  =    -12865.7483
 EKCMT  =         0.0000  VIRIAL  =         0.0000  VOLUME     =     32138.1853
                                                    Density    =         1.0093
 Ewald error estimate:   0.1370E-03
 ------------------------------------------------------------------------------

wrapping first mol.:       11.59612       16.39939       28.40458

 NSTEP =    17000   TIME(PS) =      54.000  TEMP(K) =   299.23  PRESS =     0.0
 Etot   =    -10988.0807  EKtot   =      1932.5182  EPtot      =    -12920.5989
 BOND   =         3.7340  ANGLE   =        18.7698  DIHED      =        14.2244
 1-4 NB =        11.5142  1-4 EEL =      -600.3892  VDWAALS    =      2588.3380
 EELEC  =    -14964.2594  EHBOND  =         0.0000  RESTRAINT  =         7.4692
 EAMBER (non-restraint)  =    -12928.0681
 EKCMT  =         0.0000  VIRIAL  =         0.0000  VOLUME     =     32410.0782
                                                    Density    =         1.0008
 Ewald error estimate:   0.1658E-03
 ------------------------------------------------------------------------------

wrapping first mol.:       11.60221       16.40801       28.41950

 NSTEP =    17500   TIME(PS) =      55.000  TEMP(K) =   296.89  PRESS =     0.0
 Etot   =    -11016.6520  EKtot   =      1917.4012  EPtot      =    -12934.0532
 BOND   =        10.5586  ANGLE   =        15.5802  DIHED      =        14.0582
 1-4 NB =        12.5280  1-4 EEL =      -603.9676  VDWAALS    =      2424.8152
 EELEC  =    -14817.7860  EHBOND  =         0.0000  RESTRAINT  =        10.1603
 EAMBER (non-restraint)  =    -12944.2135
 EKCMT  =         0.0000  VIRIAL  =         0.0000  VOLUME     =     32461.1833
                                                    Density    =         0.9992
 Ewald error estimate:   0.2134E-03
 ------------------------------------------------------------------------------

wrapping first mol.:       11.56277       16.35223       28.32289

 NSTEP =    18000   TIME(PS) =      56.000  TEMP(K) =   289.45  PRESS =     0.0
 Etot   =    -11042.7679  EKtot   =      1869.4019  EPtot      =    -12912.1698
 BOND   =         5.4958  ANGLE   =        18.5207  DIHED      =        10.8652
 1-4 NB =        11.0591  1-4 EEL =      -601.8109  VDWAALS    =      2502.3906
 EELEC  =    -14866.4666  EHBOND  =         0.0000  RESTRAINT  =         7.7762
 EAMBER (non-restraint)  =    -12919.9461
 EKCMT  =         0.0000  VIRIAL  =         0.0000  VOLUME     =     32131.2626
                                                    Density    =         1.0095
 Ewald error estimate:   0.3094E-03
 ------------------------------------------------------------------------------

wrapping first mol.:       11.58412       16.38242       28.37517

 NSTEP =    18500   TIME(PS) =      57.000  TEMP(K) =   297.42  PRESS =     0.0
 Etot   =    -10962.5591  EKtot   =      1920.8297  EPtot      =    -12883.3888
 BOND   =         5.8668  ANGLE   =        15.5204  DIHED      =        11.2867
 1-4 NB =        10.8205  1-4 EEL =      -597.2209  VDWAALS    =      2444.8152
 EELEC  =    -14782.6474  EHBOND  =         0.0000  RESTRAINT  =         8.1699
 EAMBER (non-restraint)  =    -12891.5587
 EKCMT  =         0.0000  VIRIAL  =         0.0000  VOLUME     =     32309.5218
                                                    Density    =         1.0039
 Ewald error estimate:   0.2937E-03
 ------------------------------------------------------------------------------

wrapping first mol.:       11.58154       16.37877       28.36886

 NSTEP =    19000   TIME(PS) =      58.000  TEMP(K) =   295.76  PRESS =     0.0
 Etot   =    -10967.3008  EKtot   =      1910.1415  EPtot      =    -12877.4423
 BOND   =         9.6831  ANGLE   =        17.2395  DIHED      =        13.3756
 1-4 NB =        14.4927  1-4 EEL =      -606.7712  VDWAALS    =      2513.3519
 EELEC  =    -14846.9161  EHBOND  =         0.0000  RESTRAINT  =         8.1022
 EAMBER (non-restraint)  =    -12885.5445
 EKCMT  =         0.0000  VIRIAL  =         0.0000  VOLUME     =     32287.9630
                                                    Density    =         1.0046
 Ewald error estimate:   0.1146E-03
 ------------------------------------------------------------------------------

wrapping first mol.:       11.58867       16.38885       28.38632

 NSTEP =    19500   TIME(PS) =      59.000  TEMP(K) =   308.58  PRESS =     0.0
 Etot   =    -10904.9564  EKtot   =      1992.9541  EPtot      =    -12897.9106
 BOND   =         5.7251  ANGLE   =        19.2628  DIHED      =        11.5562
 1-4 NB =        12.7979  1-4 EEL =      -604.0833  VDWAALS    =      2468.5815
 EELEC  =    -14822.3475  EHBOND  =         0.0000  RESTRAINT  =        10.5967
 EAMBER (non-restraint)  =    -12908.5073
 EKCMT  =         0.0000  VIRIAL  =         0.0000  VOLUME     =     32347.6139
                                                    Density    =         1.0028
 Ewald error estimate:   0.1466E-04
 ------------------------------------------------------------------------------

wrapping first mol.:       11.57881       16.37491       28.36217

 NSTEP =    20000   TIME(PS) =      60.000  TEMP(K) =   292.06  PRESS =     0.0
 Etot   =    -10979.8275  EKtot   =      1886.2021  EPtot      =    -12866.0296
 BOND   =         6.1831  ANGLE   =        20.9019  DIHED      =        15.5974
 1-4 NB =        12.0946  1-4 EEL =      -597.5216  VDWAALS    =      2464.0647
 EELEC  =    -14796.1328  EHBOND  =         0.0000  RESTRAINT  =         8.7831
 EAMBER (non-restraint)  =    -12874.8127
 EKCMT  =         0.0000  VIRIAL  =         0.0000  VOLUME     =     32265.1336
                                                    Density    =         1.0053
 Ewald error estimate:   0.1810E-03
 ------------------------------------------------------------------------------

wrapping first mol.:       11.57881       16.37491       28.36217

 NSTEP =    20500   TIME(PS) =      61.000  TEMP(K) =   298.86  PRESS =     0.0
 Etot   =    -10990.1676  EKtot   =      1930.1612  EPtot      =    -12920.3288
 BOND   =        12.8177  ANGLE   =        16.1311  DIHED      =        11.5711
 1-4 NB =        12.3385  1-4 EEL =      -600.3701  VDWAALS    =      2514.7083
 EELEC  =    -14898.4825  EHBOND  =         0.0000  RESTRAINT  =        10.9571
 EAMBER (non-restraint)  =    -12931.2859
 EKCMT  =         0.0000  VIRIAL  =         0.0000  VOLUME     =     32265.1336
                                                    Density    =         1.0053
 Ewald error estimate:   0.2054E-03
 ------------------------------------------------------------------------------

wrapping first mol.:       11.58092       16.37789       28.36734

 NSTEP =    21000   TIME(PS) =      62.000  TEMP(K) =   301.45  PRESS =     0.0
 Etot   =    -10933.1853  EKtot   =      1946.8983  EPtot      =    -12880.0836
 BOND   =         7.0192  ANGLE   =        15.9001  DIHED      =        14.4799
 1-4 NB =        12.5031  1-4 EEL =      -602.2741  VDWAALS    =      2576.1490
 EELEC  =    -14912.8510  EHBOND  =         0.0000  RESTRAINT  =         8.9902
 EAMBER (non-restraint)  =    -12889.0738
 EKCMT  =         0.0000  VIRIAL  =         0.0000  VOLUME     =     32282.7788
                                                    Density    =         1.0048
 Ewald error estimate:   0.1431E-03
 ------------------------------------------------------------------------------

wrapping first mol.:       11.59575       16.39886       28.40366

 NSTEP =    21500   TIME(PS) =      63.000  TEMP(K) =   303.38  PRESS =     0.0
 Etot   =    -10973.9636  EKtot   =      1959.3184  EPtot      =    -12933.2820
 BOND   =        13.1621  ANGLE   =        19.2169  DIHED      =        10.6278
 1-4 NB =        11.0311  1-4 EEL =      -602.6904  VDWAALS    =      2604.9037
 EELEC  =    -14999.4866  EHBOND  =         0.0000  RESTRAINT  =         9.9534
 EAMBER (non-restraint)  =    -12943.2355
 EKCMT  =         0.0000  VIRIAL  =         0.0000  VOLUME     =     32406.9209
                                                    Density    =         1.0009
 Ewald error estimate:   0.3881E-03
 ------------------------------------------------------------------------------

wrapping first mol.:       11.56839       16.36017       28.33665

 NSTEP =    22000   TIME(PS) =      64.000  TEMP(K) =   298.79  PRESS =     0.0
 Etot   =    -10962.5683  EKtot   =      1929.7109  EPtot      =    -12892.2791
 BOND   =         4.9531  ANGLE   =        15.2921  DIHED      =        12.7758
 1-4 NB =        13.1139  1-4 EEL =      -602.5230  VDWAALS    =      2496.9974
 EELEC  =    -14840.1177  EHBOND  =         0.0000  RESTRAINT  =         7.2294
 EAMBER (non-restraint)  =    -12899.5086
 EKCMT  =         0.0000  VIRIAL  =         0.0000  VOLUME     =     32178.1065
                                                    Density    =         1.0080
 Ewald error estimate:   0.6096E-04
 ------------------------------------------------------------------------------

wrapping first mol.:       11.56395       16.35389       28.32577

 NSTEP =    22500   TIME(PS) =      65.000  TEMP(K) =   297.22  PRESS =     0.0
 Etot   =    -10950.7786  EKtot   =      1919.5599  EPtot      =    -12870.3385
 BOND   =         8.8498  ANGLE   =        17.8744  DIHED      =        13.8396
 1-4 NB =        12.8176  1-4 EEL =      -605.6200  VDWAALS    =      2573.9681
 EELEC  =    -14900.7845  EHBOND  =         0.0000  RESTRAINT  =         8.7164
 EAMBER (non-restraint)  =    -12879.0549
 EKCMT  =         0.0000  VIRIAL  =         0.0000  VOLUME     =     32141.0610
                                                    Density    =         1.0092
 Ewald error estimate:   0.3838E-03
 ------------------------------------------------------------------------------

wrapping first mol.:       11.59676       16.40029       28.40614

 NSTEP =    23000   TIME(PS) =      66.000  TEMP(K) =   289.39  PRESS =     0.0
 Etot   =    -10900.4504  EKtot   =      1868.9948  EPtot      =    -12769.4452
 BOND   =         5.3903  ANGLE   =        13.4139  DIHED      =        15.2686
 1-4 NB =        11.5561  1-4 EEL =      -597.5576  VDWAALS    =      2431.8895
 EELEC  =    -14658.9201  EHBOND  =         0.0000  RESTRAINT  =         9.5140
 EAMBER (non-restraint)  =    -12778.9592
 EKCMT  =         0.0000  VIRIAL  =         0.0000  VOLUME     =     32415.4080
                                                    Density    =         1.0007
 Ewald error estimate:   0.3708E-03
 ------------------------------------------------------------------------------

wrapping first mol.:       11.57775       16.37341       28.35957

 NSTEP =    23500   TIME(PS) =      67.000  TEMP(K) =   300.51  PRESS =     0.0
 Etot   =    -10860.6012  EKtot   =      1940.8304  EPtot      =    -12801.4317
 BOND   =         5.3790  ANGLE   =        23.0080  DIHED      =        13.5194
 1-4 NB =         9.9329  1-4 EEL =      -595.5701  VDWAALS    =      2392.3422
 EELEC  =    -14665.8686  EHBOND  =         0.0000  RESTRAINT  =        15.8255
 EAMBER (non-restraint)  =    -12817.2571
 EKCMT  =         0.0000  VIRIAL  =         0.0000  VOLUME     =     32256.2605
                                                    Density    =         1.0056
 Ewald error estimate:   0.2544E-03
 ------------------------------------------------------------------------------

wrapping first mol.:       11.54059       16.32086       28.26855

 NSTEP =    24000   TIME(PS) =      68.000  TEMP(K) =   301.13  PRESS =     0.0
 Etot   =    -10869.9080  EKtot   =      1944.8144  EPtot      =    -12814.7224
 BOND   =         6.3773  ANGLE   =        14.7978  DIHED      =        16.6554
 1-4 NB =        12.8691  1-4 EEL =      -603.3506  VDWAALS    =      2390.7878
 EELEC  =    -14660.0142  EHBOND  =         0.0000  RESTRAINT  =         7.1550
 EAMBER (non-restraint)  =    -12821.8774
 EKCMT  =         0.0000  VIRIAL  =         0.0000  VOLUME     =     31946.6789
                                                    Density    =         1.0153
 Ewald error estimate:   0.2749E-03
 ------------------------------------------------------------------------------

wrapping first mol.:       11.55670       16.34364       28.30801

 NSTEP =    24500   TIME(PS) =      69.000  TEMP(K) =   296.10  PRESS =     0.0
 Etot   =    -10820.7933  EKtot   =      1912.3347  EPtot      =    -12733.1280
 BOND   =         5.8436  ANGLE   =        17.2212  DIHED      =        12.0861
 1-4 NB =        11.8142  1-4 EEL =      -603.7656  VDWAALS    =      2523.4128
 EELEC  =    -14710.2518  EHBOND  =         0.0000  RESTRAINT  =        10.5115
 EAMBER (non-restraint)  =    -12743.6395
 EKCMT  =         0.0000  VIRIAL  =         0.0000  VOLUME     =     32080.6202
                                                    Density    =         1.0111
 Ewald error estimate:   0.3952E-04
 ------------------------------------------------------------------------------

wrapping first mol.:       11.58231       16.37986       28.37075

 NSTEP =    25000   TIME(PS) =      70.000  TEMP(K) =   302.12  PRESS =     0.0
 Etot   =    -10751.5053  EKtot   =      1951.2181  EPtot      =    -12702.7234
 BOND   =         5.5660  ANGLE   =        13.6771  DIHED      =        17.5825
 1-4 NB =        11.1295  1-4 EEL =      -600.8564  VDWAALS    =      2353.7442
 EELEC  =    -14512.9629  EHBOND  =         0.0000  RESTRAINT  =         9.3966
 EAMBER (non-restraint)  =    -12712.1200
 EKCMT  =         0.0000  VIRIAL  =         0.0000  VOLUME     =     32294.4043
                                                    Density    =         1.0044
 Ewald error estimate:   0.2877E-03
 ------------------------------------------------------------------------------

wrapping first mol.:       11.59977       16.40455       28.41351

 NSTEP =    25500   TIME(PS) =      71.000  TEMP(K) =   303.59  PRESS =     0.0
 Etot   =    -10812.6556  EKtot   =      1960.6783  EPtot      =    -12773.3339
 BOND   =        10.4196  ANGLE   =        16.5416  DIHED      =        15.1568
 1-4 NB =        11.5369  1-4 EEL =      -595.7791  VDWAALS    =      2373.7805
 EELEC  =    -14614.9461  EHBOND  =         0.0000  RESTRAINT  =         9.9559
 EAMBER (non-restraint)  =    -12783.2898
 EKCMT  =         0.0000  VIRIAL  =         0.0000  VOLUME     =     32440.6511
                                                    Density    =         0.9999
 Ewald error estimate:   0.1327E-03
 ------------------------------------------------------------------------------

wrapping first mol.:       11.54944       16.33337       28.29023

 NSTEP =    26000   TIME(PS) =      72.000  TEMP(K) =   306.25  PRESS =     0.0
 Etot   =    -10755.0164  EKtot   =      1977.8580  EPtot      =    -12732.8744
 BOND   =         5.1804  ANGLE   =        20.4689  DIHED      =        17.4742
 1-4 NB =        12.7920  1-4 EEL =      -598.4674  VDWAALS    =      2517.4241
 EELEC  =    -14715.5626  EHBOND  =         0.0000  RESTRAINT  =         7.8160
 EAMBER (non-restraint)  =    -12740.6904
 EKCMT  =         0.0000  VIRIAL  =         0.0000  VOLUME     =     32020.2199
                                                    Density    =         1.0130
 Ewald error estimate:   0.9685E-04
 ------------------------------------------------------------------------------

wrapping first mol.:       11.57138       16.36440       28.34398

 NSTEP =    26500   TIME(PS) =      73.000  TEMP(K) =   297.35  PRESS =     0.0
 Etot   =    -10882.7694  EKtot   =      1920.3803  EPtot      =    -12803.1496
 BOND   =         7.9205  ANGLE   =        14.7420  DIHED      =        17.8451
 1-4 NB =        12.7332  1-4 EEL =      -599.7025  VDWAALS    =      2496.2601
 EELEC  =    -14765.6036  EHBOND  =         0.0000  RESTRAINT  =        12.6556
 EAMBER (non-restraint)  =    -12815.8052
 EKCMT  =         0.0000  VIRIAL  =         0.0000  VOLUME     =     32203.0669
                                                    Density    =         1.0073
 Ewald error estimate:   0.2058E-03
 ------------------------------------------------------------------------------

wrapping first mol.:       11.54674       16.32955       28.28361

 NSTEP =    27000   TIME(PS) =      74.000  TEMP(K) =   295.66  PRESS =     0.0
 Etot   =    -10886.0052  EKtot   =      1909.4639  EPtot      =    -12795.4691
 BOND   =         8.2374  ANGLE   =        14.6613  DIHED      =        15.0833
 1-4 NB =        12.2648  1-4 EEL =      -598.0615  VDWAALS    =      2428.5011
 EELEC  =    -14686.6841  EHBOND  =         0.0000  RESTRAINT  =        10.5288
 EAMBER (non-restraint)  =    -12805.9979
 EKCMT  =         0.0000  VIRIAL  =         0.0000  VOLUME     =     31997.7663
                                                    Density    =         1.0137
 Ewald error estimate:   0.2840E-03
 ------------------------------------------------------------------------------

wrapping first mol.:       11.54716       16.33014       28.28464

 NSTEP =    27500   TIME(PS) =      75.000  TEMP(K) =   308.04  PRESS =     0.0
 Etot   =    -10767.5352  EKtot   =      1989.4244  EPtot      =    -12756.9596
 BOND   =         4.9457  ANGLE   =        13.8054  DIHED      =        14.8066
 1-4 NB =        11.6353  1-4 EEL =      -601.2992  VDWAALS    =      2536.7457
 EELEC  =    -14745.9708  EHBOND  =         0.0000  RESTRAINT  =         8.3717
 EAMBER (non-restraint)  =    -12765.3312
 EKCMT  =         0.0000  VIRIAL  =         0.0000  VOLUME     =     32001.2361
                                                    Density    =         1.0136
 Ewald error estimate:   0.1340E-03
 ------------------------------------------------------------------------------

wrapping first mol.:       11.56087       16.34954       28.31822

 NSTEP =    28000   TIME(PS) =      76.000  TEMP(K) =   299.36  PRESS =     0.0
 Etot   =    -10775.0994  EKtot   =      1933.3900  EPtot      =    -12708.4894
 BOND   =         4.9388  ANGLE   =        17.3400  DIHED      =        14.4615
 1-4 NB =        12.8217  1-4 EEL =      -602.3039  VDWAALS    =      2356.4124
 EELEC  =    -14521.2409  EHBOND  =         0.0000  RESTRAINT  =         9.0811
 EAMBER (non-restraint)  =    -12717.5705
 EKCMT  =         0.0000  VIRIAL  =         0.0000  VOLUME     =     32115.3728
                                                    Density    =         1.0100
 Ewald error estimate:   0.1711E-04
 ------------------------------------------------------------------------------

wrapping first mol.:       11.50220       16.26656       28.17451

 NSTEP =    28500   TIME(PS) =      77.000  TEMP(K) =   300.11  PRESS =     0.0
 Etot   =    -10867.8755  EKtot   =      1938.2295  EPtot      =    -12806.1050
 BOND   =         6.5440  ANGLE   =        12.0104  DIHED      =        11.7983
 1-4 NB =        12.5571  1-4 EEL =      -599.6848  VDWAALS    =      2502.4792
 EELEC  =    -14759.1519  EHBOND  =         0.0000  RESTRAINT  =         7.3427
 EAMBER (non-restraint)  =    -12813.4477
 EKCMT  =         0.0000  VIRIAL  =         0.0000  VOLUME     =     31628.8979
                                                    Density    =         1.0255
 Ewald error estimate:   0.1292E-03
 ------------------------------------------------------------------------------

wrapping first mol.:       11.48950       16.24860       28.14340

 NSTEP =    29000   TIME(PS) =      78.000  TEMP(K) =   302.96  PRESS =     0.0
 Etot   =    -10911.8727  EKtot   =      1956.6134  EPtot      =    -12868.4861
 BOND   =         5.8740  ANGLE   =        11.6582  DIHED      =        14.4500
 1-4 NB =        11.0112  1-4 EEL =      -595.2046  VDWAALS    =      2548.6094
 EELEC  =    -14870.9720  EHBOND  =         0.0000  RESTRAINT  =         6.0877
 EAMBER (non-restraint)  =    -12874.5738
 EKCMT  =         0.0000  VIRIAL  =         0.0000  VOLUME     =     31524.2565
                                                    Density    =         1.0289
 Ewald error estimate:   0.3241E-03
 ------------------------------------------------------------------------------

wrapping first mol.:       11.48906       16.24799       28.14234

 NSTEP =    29500   TIME(PS) =      79.000  TEMP(K) =   298.75  PRESS =     0.0
 Etot   =    -10874.0744  EKtot   =      1929.4446  EPtot      =    -12803.5190
 BOND   =         9.6230  ANGLE   =        13.4203  DIHED      =        15.6197
 1-4 NB =        11.0820  1-4 EEL =      -595.8242  VDWAALS    =      2400.9071
 EELEC  =    -14665.4622  EHBOND  =         0.0000  RESTRAINT  =         7.1154
 EAMBER (non-restraint)  =    -12810.6343
 EKCMT  =         0.0000  VIRIAL  =         0.0000  VOLUME     =     31520.6754
                                                    Density    =         1.0291
 Ewald error estimate:   0.1213E-03
 ------------------------------------------------------------------------------

wrapping first mol.:       11.48906       16.24799       28.14234

 NSTEP =    30000   TIME(PS) =      80.000  TEMP(K) =   296.05  PRESS =     0.0
 Etot   =    -10824.0886  EKtot   =      1912.0060  EPtot      =    -12736.0947
 BOND   =         5.2546  ANGLE   =        17.2248  DIHED      =        12.3490
 1-4 NB =        13.2445  1-4 EEL =      -605.6622  VDWAALS    =      2499.0012
 EELEC  =    -14687.5953  EHBOND  =         0.0000  RESTRAINT  =        10.0887
 EAMBER (non-restraint)  =    -12746.1834
 EKCMT  =         0.0000  VIRIAL  =         0.0000  VOLUME     =     31520.6754
                                                    Density    =         1.0291
 Ewald error estimate:   0.4484E-04
 ------------------------------------------------------------------------------

wrapping first mol.:       11.46129       16.20870       28.07430

 NSTEP =    30500   TIME(PS) =      81.000  TEMP(K) =   303.97  PRESS =     0.0
 Etot   =    -10867.8493  EKtot   =      1963.1769  EPtot      =    -12831.0262
 BOND   =         8.1756  ANGLE   =        14.1407  DIHED      =        13.6338
 1-4 NB =        13.8863  1-4 EEL =      -600.7703  VDWAALS    =      2535.9714
 EELEC  =    -14824.5042  EHBOND  =         0.0000  RESTRAINT  =         8.4405
 EAMBER (non-restraint)  =    -12839.4668
 EKCMT  =         0.0000  VIRIAL  =         0.0000  VOLUME     =     31292.6014
                                                    Density    =         1.0366
 Ewald error estimate:   0.2350E-05
 ------------------------------------------------------------------------------

wrapping first mol.:       11.50485       16.27031       28.18100

 NSTEP =    31000   TIME(PS) =      82.000  TEMP(K) =   302.11  PRESS =     0.0
 Etot   =    -10870.8725  EKtot   =      1951.1354  EPtot      =    -12822.0078
 BOND   =         6.9645  ANGLE   =        19.0543  DIHED      =        15.6709
 1-4 NB =        11.8419  1-4 EEL =      -603.0740  VDWAALS    =      2391.7062
 EELEC  =    -14670.8967  EHBOND  =         0.0000  RESTRAINT  =         6.7251
 EAMBER (non-restraint)  =    -12828.7330
 EKCMT  =         0.0000  VIRIAL  =         0.0000  VOLUME     =     31650.7535
                                                    Density    =         1.0248
 Ewald error estimate:   0.1836E-03
 ------------------------------------------------------------------------------

wrapping first mol.:       11.49309       16.25369       28.15221

 NSTEP =    31500   TIME(PS) =      83.000  TEMP(K) =   298.93  PRESS =     0.0
 Etot   =    -10870.4301  EKtot   =      1930.6194  EPtot      =    -12801.0495
 BOND   =         5.3410  ANGLE   =        14.4932  DIHED      =        17.3600
 1-4 NB =        12.0280  1-4 EEL =      -600.7849  VDWAALS    =      2541.5421
 EELEC  =    -14805.2296  EHBOND  =         0.0000  RESTRAINT  =        14.2007
 EAMBER (non-restraint)  =    -12815.2502
 EKCMT  =         0.0000  VIRIAL  =         0.0000  VOLUME     =     31553.8674
                                                    Density    =         1.0280
 Ewald error estimate:   0.3828E-05
 ------------------------------------------------------------------------------

wrapping first mol.:       11.52983       16.30564       28.24219

 NSTEP =    32000   TIME(PS) =      84.000  TEMP(K) =   304.37  PRESS =     0.0
 Etot   =    -10883.3909  EKtot   =      1965.7497  EPtot      =    -12849.1407
 BOND   =         5.8153  ANGLE   =        14.0541  DIHED      =        13.0664
 1-4 NB =        11.4658  1-4 EEL =      -597.8678  VDWAALS    =      2341.7152
 EELEC  =    -14646.5902  EHBOND  =         0.0000  RESTRAINT  =         9.2004
 EAMBER (non-restraint)  =    -12858.3411
 EKCMT  =         0.0000  VIRIAL  =         0.0000  VOLUME     =     31857.3763
                                                    Density    =         1.0182
 Ewald error estimate:   0.7309E-04
 ------------------------------------------------------------------------------

wrapping first mol.:       11.54135       16.32193       28.27041

 NSTEP =    32500   TIME(PS) =      85.000  TEMP(K) =   296.91  PRESS =     0.0
 Etot   =    -10956.1962  EKtot   =      1917.5498  EPtot      =    -12873.7460
 BOND   =         5.9944  ANGLE   =        16.8990  DIHED      =        11.6748
 1-4 NB =        11.5344  1-4 EEL =      -596.8123  VDWAALS    =      2540.5082
 EELEC  =    -14872.6616  EHBOND  =         0.0000  RESTRAINT  =         9.1169
 EAMBER (non-restraint)  =    -12882.8630
 EKCMT  =         0.0000  VIRIAL  =         0.0000  VOLUME     =     31952.9696
                                                    Density    =         1.0151
 Ewald error estimate:   0.1780E-03
 ------------------------------------------------------------------------------

wrapping first mol.:       11.55851       16.34620       28.31245

 NSTEP =    33000   TIME(PS) =      86.000  TEMP(K) =   298.87  PRESS =     0.0
 Etot   =    -10922.9578  EKtot   =      1930.2082  EPtot      =    -12853.1659
 BOND   =        11.8021  ANGLE   =        16.5423  DIHED      =        15.6187
 1-4 NB =        10.9642  1-4 EEL =      -598.9227  VDWAALS    =      2452.2155
 EELEC  =    -14769.4701  EHBOND  =         0.0000  RESTRAINT  =         8.0840
 EAMBER (non-restraint)  =    -12861.2500
 EKCMT  =         0.0000  VIRIAL  =         0.0000  VOLUME     =     32095.7399
                                                    Density    =         1.0106
 Ewald error estimate:   0.1708E-03
 ------------------------------------------------------------------------------

wrapping first mol.:       11.56718       16.35846       28.33369

 NSTEP =    33500   TIME(PS) =      87.000  TEMP(K) =   295.47  PRESS =     0.0
 Etot   =    -10960.9666  EKtot   =      1908.2457  EPtot      =    -12869.2123
 BOND   =         9.5591  ANGLE   =        14.4044  DIHED      =        14.9080
 1-4 NB =         9.9316  1-4 EEL =      -589.8646  VDWAALS    =      2423.7106
 EELEC  =    -14759.8823  EHBOND  =         0.0000  RESTRAINT  =         8.0209
 EAMBER (non-restraint)  =    -12877.2332
 EKCMT  =         0.0000  VIRIAL  =         0.0000  VOLUME     =     32168.0200
                                                    Density    =         1.0083
 Ewald error estimate:   0.1910E-03
 ------------------------------------------------------------------------------

wrapping first mol.:       11.56711       16.35836       28.33351

 NSTEP =    34000   TIME(PS) =      88.000  TEMP(K) =   304.60  PRESS =     0.0
 Etot   =    -10899.6015  EKtot   =      1967.2473  EPtot      =    -12866.8488
 BOND   =        10.1481  ANGLE   =        14.0072  DIHED      =        12.3694
 1-4 NB =        11.9216  1-4 EEL =      -600.7128  VDWAALS    =      2455.3331
 EELEC  =    -14781.9486  EHBOND  =         0.0000  RESTRAINT  =        12.0333
 EAMBER (non-restraint)  =    -12878.8820
 EKCMT  =         0.0000  VIRIAL  =         0.0000  VOLUME     =     32167.3987
                                                    Density    =         1.0084
 Ewald error estimate:   0.3186E-03
 ------------------------------------------------------------------------------

wrapping first mol.:       11.59561       16.39867       28.40333

 NSTEP =    34500   TIME(PS) =      89.000  TEMP(K) =   296.73  PRESS =     0.0
 Etot   =    -10967.7260  EKtot   =      1916.4172  EPtot      =    -12884.1432
 BOND   =         4.9166  ANGLE   =        13.5928  DIHED      =        15.0172
 1-4 NB =        13.7981  1-4 EEL =      -601.0008  VDWAALS    =      2479.3318
 EELEC  =    -14819.0156  EHBOND  =         0.0000  RESTRAINT  =         9.2167
 EAMBER (non-restraint)  =    -12893.3599
 EKCMT  =         0.0000  VIRIAL  =         0.0000  VOLUME     =     32405.7948
                                                    Density    =         1.0009
 Ewald error estimate:   0.8747E-04
 ------------------------------------------------------------------------------

wrapping first mol.:       11.57533       16.36999       28.35364

 NSTEP =    35000   TIME(PS) =      90.000  TEMP(K) =   300.39  PRESS =     0.0
 Etot   =    -10953.3780  EKtot   =      1940.0173  EPtot      =    -12893.3953
 BOND   =         7.4347  ANGLE   =        18.6759  DIHED      =        13.2481
 1-4 NB =        12.1561  1-4 EEL =      -602.5804  VDWAALS    =      2536.2032
 EELEC  =    -14888.5978  EHBOND  =         0.0000  RESTRAINT  =        10.0651
 EAMBER (non-restraint)  =    -12903.4604
 EKCMT  =         0.0000  VIRIAL  =         0.0000  VOLUME     =     32236.0333
                                                    Density    =         1.0062
 Ewald error estimate:   0.3429E-03
 ------------------------------------------------------------------------------

wrapping first mol.:       11.57302       16.36672       28.34799

 NSTEP =    35500   TIME(PS) =      91.000  TEMP(K) =   298.52  PRESS =     0.0
 Etot   =    -10947.5884  EKtot   =      1927.9410  EPtot      =    -12875.5294
 BOND   =         7.2278  ANGLE   =        16.5073  DIHED      =        13.0402
 1-4 NB =        11.2562  1-4 EEL =      -600.3410  VDWAALS    =      2418.3498
 EELEC  =    -14747.8892  EHBOND  =         0.0000  RESTRAINT  =         6.3196
 EAMBER (non-restraint)  =    -12881.8489
 EKCMT  =         0.0000  VIRIAL  =         0.0000  VOLUME     =     32216.7379
                                                    Density    =         1.0068
 Ewald error estimate:   0.3759E-03
 ------------------------------------------------------------------------------

wrapping first mol.:       11.56880       16.36075       28.33764

 NSTEP =    36000   TIME(PS) =      92.000  TEMP(K) =   297.87  PRESS =     0.0
 Etot   =    -10894.5310  EKtot   =      1923.7788  EPtot      =    -12818.3098
 BOND   =         8.3991  ANGLE   =        18.6074  DIHED      =        13.1264
 1-4 NB =        10.9322  1-4 EEL =      -592.4752  VDWAALS    =      2374.5096
 EELEC  =    -14661.9151  EHBOND  =         0.0000  RESTRAINT  =        10.5058
 EAMBER (non-restraint)  =    -12828.8156
 EKCMT  =         0.0000  VIRIAL  =         0.0000  VOLUME     =     32181.4903
                                                    Density    =         1.0079
 Ewald error estimate:   0.3781E-03
 ------------------------------------------------------------------------------

wrapping first mol.:       11.52653       16.30097       28.23411

 NSTEP =    36500   TIME(PS) =      93.000  TEMP(K) =   311.34  PRESS =     0.0
 Etot   =    -10859.6684  EKtot   =      2010.7703  EPtot      =    -12870.4387
 BOND   =         9.6555  ANGLE   =        15.7569  DIHED      =        13.3252
 1-4 NB =        11.8433  1-4 EEL =      -599.0395  VDWAALS    =      2390.9010
 EELEC  =    -14721.9067  EHBOND  =         0.0000  RESTRAINT  =         9.0256
 EAMBER (non-restraint)  =    -12879.4642
 EKCMT  =         0.0000  VIRIAL  =         0.0000  VOLUME     =     31830.0405
                                                    Density    =         1.0191
 Ewald error estimate:   0.1460E-03
 ------------------------------------------------------------------------------

wrapping first mol.:       11.53318       16.31038       28.25040

 NSTEP =    37000   TIME(PS) =      94.000  TEMP(K) =   302.84  PRESS =     0.0
 Etot   =    -10886.6029  EKtot   =      1955.8615  EPtot      =    -12842.4644
 BOND   =         4.9963  ANGLE   =        22.2970  DIHED      =        12.0781
 1-4 NB =        12.1940  1-4 EEL =      -601.0942  VDWAALS    =      2454.2273
 EELEC  =    -14761.0412  EHBOND  =         0.0000  RESTRAINT  =        13.8784
 EAMBER (non-restraint)  =    -12856.3428
 EKCMT  =         0.0000  VIRIAL  =         0.0000  VOLUME     =     31885.1645
                                                    Density    =         1.0173
 Ewald error estimate:   0.6459E-03
 ------------------------------------------------------------------------------

wrapping first mol.:       11.56617       16.35703       28.33121

 NSTEP =    37500   TIME(PS) =      95.000  TEMP(K) =   304.69  PRESS =     0.0
 Etot   =    -10898.2718  EKtot   =      1967.8150  EPtot      =    -12866.0868
 BOND   =         8.6611  ANGLE   =        16.7284  DIHED      =        12.1912
 1-4 NB =        12.6341  1-4 EEL =      -598.7187  VDWAALS    =      2379.1605
 EELEC  =    -14707.1727  EHBOND  =         0.0000  RESTRAINT  =        10.4294
 EAMBER (non-restraint)  =    -12876.5162
 EKCMT  =         0.0000  VIRIAL  =         0.0000  VOLUME     =     32159.5644
                                                    Density    =         1.0086
 Ewald error estimate:   0.8358E-04
 ------------------------------------------------------------------------------

wrapping first mol.:       11.55906       16.34698       28.31379

 NSTEP =    38000   TIME(PS) =      96.000  TEMP(K) =   299.66  PRESS =     0.0
 Etot   =    -10882.1214  EKtot   =      1935.3473  EPtot      =    -12817.4688
 BOND   =        11.3353  ANGLE   =        18.8916  DIHED      =        14.1109
 1-4 NB =        11.6015  1-4 EEL =      -601.7728  VDWAALS    =      2443.6335
 EELEC  =    -14726.7478  EHBOND  =         0.0000  RESTRAINT  =        11.4791
 EAMBER (non-restraint)  =    -12828.9478
 EKCMT  =         0.0000  VIRIAL  =         0.0000  VOLUME     =     32100.3032
                                                    Density    =         1.0105
 Ewald error estimate:   0.2122E-03
 ------------------------------------------------------------------------------

wrapping first mol.:       11.58569       16.38465       28.37904

 NSTEP =    38500   TIME(PS) =      97.000  TEMP(K) =   294.74  PRESS =     0.0
 Etot   =    -10893.0991  EKtot   =      1903.5200  EPtot      =    -12796.6190
 BOND   =         8.7513  ANGLE   =        19.5114  DIHED      =        14.1752
 1-4 NB =        12.3057  1-4 EEL =      -601.2580  VDWAALS    =      2458.2061
 EELEC  =    -14718.9300  EHBOND  =         0.0000  RESTRAINT  =        10.6192
 EAMBER (non-restraint)  =    -12807.2383
 EKCMT  =         0.0000  VIRIAL  =         0.0000  VOLUME     =     32322.7200
                                                    Density    =         1.0035
 Ewald error estimate:   0.1575E-03
 ------------------------------------------------------------------------------

wrapping first mol.:       11.58201       16.37943       28.37001

 NSTEP =    39000   TIME(PS) =      98.000  TEMP(K) =   299.52  PRESS =     0.0
 Etot   =    -10945.8976  EKtot   =      1934.3948  EPtot      =    -12880.2925
 BOND   =         6.9921  ANGLE   =        14.3234  DIHED      =        13.2625
 1-4 NB =        12.0893  1-4 EEL =      -600.3905  VDWAALS    =      2476.9589
 EELEC  =    -14812.6344  EHBOND  =         0.0000  RESTRAINT  =         9.1064
 EAMBER (non-restraint)  =    -12889.3988
 EKCMT  =         0.0000  VIRIAL  =         0.0000  VOLUME     =     32291.8763
                                                    Density    =         1.0045
 Ewald error estimate:   0.2660E-03
 ------------------------------------------------------------------------------

wrapping first mol.:       11.59298       16.39494       28.39687

 NSTEP =    39500   TIME(PS) =      99.000  TEMP(K) =   295.18  PRESS =     0.0
 Etot   =    -10962.0237  EKtot   =      1906.3964  EPtot      =    -12868.4201
 BOND   =         7.5882  ANGLE   =        13.7406  DIHED      =        10.8052
 1-4 NB =        10.4999  1-4 EEL =      -599.0041  VDWAALS    =      2458.6319
 EELEC  =    -14781.1907  EHBOND  =         0.0000  RESTRAINT  =        10.5089
 EAMBER (non-restraint)  =    -12878.9290
 EKCMT  =         0.0000  VIRIAL  =         0.0000  VOLUME     =     32383.7028
                                                    Density    =         1.0016
 Ewald error estimate:   0.2624E-04
 ------------------------------------------------------------------------------

wrapping first mol.:       11.56822       16.35993       28.33623

 NSTEP =    40000   TIME(PS) =     100.000  TEMP(K) =   294.94  PRESS =     0.0
 Etot   =    -10856.1496  EKtot   =      1904.8541  EPtot      =    -12761.0037
 BOND   =         4.5085  ANGLE   =        14.1230  DIHED      =        14.9972
 1-4 NB =        11.7012  1-4 EEL =      -597.2618  VDWAALS    =      2413.6999
 EELEC  =    -14634.1746  EHBOND  =         0.0000  RESTRAINT  =        11.4029
 EAMBER (non-restraint)  =    -12772.4065
 EKCMT  =         0.0000  VIRIAL  =         0.0000  VOLUME     =     32176.6681
                                                    Density    =         1.0081
 Ewald error estimate:   0.1018E-03
 ------------------------------------------------------------------------------

wrapping first mol.:       11.55764       16.34497       28.31032

 NSTEP =    40500   TIME(PS) =     101.000  TEMP(K) =   303.98  PRESS =     0.0
 Etot   =    -10812.9574  EKtot   =      1963.1881  EPtot      =    -12776.1455
 BOND   =         6.8961  ANGLE   =        15.9621  DIHED      =        13.8129
 1-4 NB =        10.0646  1-4 EEL =      -597.8239  VDWAALS    =      2570.1224
 EELEC  =    -14802.9984  EHBOND  =         0.0000  RESTRAINT  =         7.8187
 EAMBER (non-restraint)  =    -12783.9642
 EKCMT  =         0.0000  VIRIAL  =         0.0000  VOLUME     =     32088.4953
                                                    Density    =         1.0108
 Ewald error estimate:   0.2439E-03
 ------------------------------------------------------------------------------

wrapping first mol.:       11.57625       16.37129       28.35590

 NSTEP =    41000   TIME(PS) =     102.000  TEMP(K) =   300.96  PRESS =     0.0
 Etot   =    -10921.6998  EKtot   =      1943.7293  EPtot      =    -12865.4291
 BOND   =         7.9311  ANGLE   =        15.8078  DIHED      =        13.1812
 1-4 NB =        12.1915  1-4 EEL =      -598.1059  VDWAALS    =      2400.4635
 EELEC  =    -14725.2853  EHBOND  =         0.0000  RESTRAINT  =         8.3871
 EAMBER (non-restraint)  =    -12873.8162
 EKCMT  =         0.0000  VIRIAL  =         0.0000  VOLUME     =     32243.7193
                                                    Density    =         1.0060
 Ewald error estimate:   0.1766E-03
 ------------------------------------------------------------------------------

wrapping first mol.:       11.58532       16.38411       28.37811

 NSTEP =    41500   TIME(PS) =     103.000  TEMP(K) =   297.44  PRESS =     0.0
 Etot   =    -10910.6895  EKtot   =      1920.9750  EPtot      =    -12831.6645
 BOND   =         5.5892  ANGLE   =        15.2215  DIHED      =        16.2427
 1-4 NB =        10.2985  1-4 EEL =      -594.4948  VDWAALS    =      2386.7155
 EELEC  =    -14679.4785  EHBOND  =         0.0000  RESTRAINT  =         8.2414
 EAMBER (non-restraint)  =    -12839.9060
 EKCMT  =         0.0000  VIRIAL  =         0.0000  VOLUME     =     32319.5681
                                                    Density    =         1.0036
 Ewald error estimate:   0.2159E-03
 ------------------------------------------------------------------------------

wrapping first mol.:       11.56455       16.35474       28.32724

 NSTEP =    42000   TIME(PS) =     104.000  TEMP(K) =   299.94  PRESS =     0.0
 Etot   =    -10905.8482  EKtot   =      1937.1161  EPtot      =    -12842.9643
 BOND   =         5.9810  ANGLE   =        17.3114  DIHED      =        15.4123
 1-4 NB =        11.2647  1-4 EEL =      -602.2803  VDWAALS    =      2552.3083
 EELEC  =    -14851.1174  EHBOND  =         0.0000  RESTRAINT  =         8.1557
 EAMBER (non-restraint)  =    -12851.1200
 EKCMT  =         0.0000  VIRIAL  =         0.0000  VOLUME     =     32146.0710
                                                    Density    =         1.0090
 Ewald error estimate:   0.2958E-04
 ------------------------------------------------------------------------------

wrapping first mol.:       11.56215       16.35135       28.32137

 NSTEP =    42500   TIME(PS) =     105.000  TEMP(K) =   300.24  PRESS =     0.0
 Etot   =    -10913.0498  EKtot   =      1939.0393  EPtot      =    -12852.0890
 BOND   =         5.6880  ANGLE   =        12.1644  DIHED      =        14.7504
 1-4 NB =        11.3199  1-4 EEL =      -599.9578  VDWAALS    =      2463.9798
 EELEC  =    -14766.9924  EHBOND  =         0.0000  RESTRAINT  =         6.9588
 EAMBER (non-restraint)  =    -12859.0478
 EKCMT  =         0.0000  VIRIAL  =         0.0000  VOLUME     =     32126.0903
                                                    Density    =         1.0097
 Ewald error estimate:   0.2472E-03
 ------------------------------------------------------------------------------

wrapping first mol.:       11.56766       16.35915       28.33487

 NSTEP =    43000   TIME(PS) =     106.000  TEMP(K) =   293.83  PRESS =     0.0
 Etot   =    -10892.3515  EKtot   =      1897.6950  EPtot      =    -12790.0466
 BOND   =         7.2298  ANGLE   =        14.9326  DIHED      =        12.8536
 1-4 NB =        10.0084  1-4 EEL =      -593.1597  VDWAALS    =      2442.6317
 EELEC  =    -14695.1442  EHBOND  =         0.0000  RESTRAINT  =        10.6012
 EAMBER (non-restraint)  =    -12800.6478
 EKCMT  =         0.0000  VIRIAL  =         0.0000  VOLUME     =     32172.0431
                                                    Density    =         1.0082
 Ewald error estimate:   0.2856E-03
 ------------------------------------------------------------------------------

wrapping first mol.:       11.55128       16.33597       28.29473

 NSTEP =    43500   TIME(PS) =     107.000  TEMP(K) =   305.86  PRESS =     0.0
 Etot   =    -10884.1916  EKtot   =      1975.3638  EPtot      =    -12859.5554
 BOND   =         6.1828  ANGLE   =        13.5276  DIHED      =        13.6944
 1-4 NB =        12.1988  1-4 EEL =      -599.6784  VDWAALS    =      2494.5918
 EELEC  =    -14807.6703  EHBOND  =         0.0000  RESTRAINT  =         7.5979
 EAMBER (non-restraint)  =    -12867.1533
 EKCMT  =         0.0000  VIRIAL  =         0.0000  VOLUME     =     32035.5006
                                                    Density    =         1.0125
 Ewald error estimate:   0.1469E-03
 ------------------------------------------------------------------------------

wrapping first mol.:       11.55128       16.33597       28.29473

 NSTEP =    44000   TIME(PS) =     108.000  TEMP(K) =   301.97  PRESS =     0.0
 Etot   =    -10954.4366  EKtot   =      1950.2361  EPtot      =    -12904.6727
 BOND   =         4.2732  ANGLE   =        16.2982  DIHED      =        13.0235
 1-4 NB =        11.7981  1-4 EEL =      -597.0350  VDWAALS    =      2520.7919
 EELEC  =    -14880.4425  EHBOND  =         0.0000  RESTRAINT  =         6.6199
 EAMBER (non-restraint)  =    -12911.2926
 EKCMT  =         0.0000  VIRIAL  =         0.0000  VOLUME     =     32035.5006
                                                    Density    =         1.0125
 Ewald error estimate:   0.1718E-03
 ------------------------------------------------------------------------------

wrapping first mol.:       11.53897       16.31857       28.26459

 NSTEP =    44500   TIME(PS) =     109.000  TEMP(K) =   295.98  PRESS =     0.0
 Etot   =    -10889.5357  EKtot   =      1911.5735  EPtot      =    -12801.1092
 BOND   =         4.6687  ANGLE   =        16.6828  DIHED      =        15.2348
 1-4 NB =        11.5056  1-4 EEL =      -604.2782  VDWAALS    =      2458.4871
 EELEC  =    -14709.4093  EHBOND  =         0.0000  RESTRAINT  =         5.9992
 EAMBER (non-restraint)  =    -12807.1084
 EKCMT  =         0.0000  VIRIAL  =         0.0000  VOLUME     =     31933.2372
                                                    Density    =         1.0158
 Ewald error estimate:   0.7847E-04
 ------------------------------------------------------------------------------

wrapping first mol.:       11.54617       16.32875       28.28223

 NSTEP =    45000   TIME(PS) =     110.000  TEMP(K) =   306.75  PRESS =     0.0
 Etot   =    -10869.9912  EKtot   =      1981.1049  EPtot      =    -12851.0961
 BOND   =        10.1683  ANGLE   =        19.6401  DIHED      =        11.8398
 1-4 NB =        11.7682  1-4 EEL =      -600.0663  VDWAALS    =      2457.2422
 EELEC  =    -14770.5177  EHBOND  =         0.0000  RESTRAINT  =         8.8293
 EAMBER (non-restraint)  =    -12859.9254
 EKCMT  =         0.0000  VIRIAL  =         0.0000  VOLUME     =     31993.0533
                                                    Density    =         1.0139
 Ewald error estimate:   0.2533E-03
 ------------------------------------------------------------------------------

wrapping first mol.:       11.54842       16.33193       28.28773

 NSTEP =    45500   TIME(PS) =     111.000  TEMP(K) =   299.64  PRESS =     0.0
 Etot   =    -10826.6017  EKtot   =      1935.1821  EPtot      =    -12761.7838
 BOND   =         8.3516  ANGLE   =        20.1318  DIHED      =        12.9979
 1-4 NB =         9.5223  1-4 EEL =      -596.6653  VDWAALS    =      2409.5570
 EELEC  =    -14636.9216  EHBOND  =         0.0000  RESTRAINT  =        11.2425
 EAMBER (non-restraint)  =    -12773.0263
 EKCMT  =         0.0000  VIRIAL  =         0.0000  VOLUME     =     32011.7237
                                                    Density    =         1.0133
 Ewald error estimate:   0.1107E-03
 ------------------------------------------------------------------------------

wrapping first mol.:       11.52697       16.30159       28.23519

 NSTEP =    46000   TIME(PS) =     112.000  TEMP(K) =   307.71  PRESS =     0.0
 Etot   =    -10796.2979  EKtot   =      1987.2763  EPtot      =    -12783.5742
 BOND   =        11.8238  ANGLE   =        14.6391  DIHED      =        12.2612
 1-4 NB =        13.6071  1-4 EEL =      -606.2952  VDWAALS    =      2514.0113
 EELEC  =    -14753.4288  EHBOND  =         0.0000  RESTRAINT  =         9.8073
 EAMBER (non-restraint)  =    -12793.3815
 EKCMT  =         0.0000  VIRIAL  =         0.0000  VOLUME     =     31833.6819
                                                    Density    =         1.0189
 Ewald error estimate:   0.2295E-03
 ------------------------------------------------------------------------------

wrapping first mol.:       11.50382       16.26886       28.17850

 NSTEP =    46500   TIME(PS) =     113.000  TEMP(K) =   301.41  PRESS =     0.0
 Etot   =    -10928.3716  EKtot   =      1946.5983  EPtot      =    -12874.9699
 BOND   =         9.3779  ANGLE   =        15.5923  DIHED      =        14.7205
 1-4 NB =        13.3082  1-4 EEL =      -605.0209  VDWAALS    =      2463.1583
 EELEC  =    -14796.3660  EHBOND  =         0.0000  RESTRAINT  =        10.2599
 EAMBER (non-restraint)  =    -12885.2298
 EKCMT  =         0.0000  VIRIAL  =         0.0000  VOLUME     =     31642.3267
                                                    Density    =         1.0251
 Ewald error estimate:   0.4190E-03
 ------------------------------------------------------------------------------

wrapping first mol.:       11.53572       16.31397       28.25663

 NSTEP =    47000   TIME(PS) =     114.000  TEMP(K) =   298.11  PRESS =     0.0
 Etot   =    -10991.1017  EKtot   =      1925.2769  EPtot      =    -12916.3786
 BOND   =         4.1735  ANGLE   =        13.2265  DIHED      =        13.5362
 1-4 NB =        10.9456  1-4 EEL =      -600.9310  VDWAALS    =      2460.0966
 EELEC  =    -14823.9583  EHBOND  =         0.0000  RESTRAINT  =         6.5323
 EAMBER (non-restraint)  =    -12922.9110
 EKCMT  =         0.0000  VIRIAL  =         0.0000  VOLUME     =     31906.2548
                                                    Density    =         1.0166
 Ewald error estimate:   0.2143E-03
 ------------------------------------------------------------------------------

wrapping first mol.:       11.51795       16.28884       28.21310

 NSTEP =    47500   TIME(PS) =     115.000  TEMP(K) =   291.34  PRESS =     0.0
 Etot   =    -11013.7030  EKtot   =      1881.5594  EPtot      =    -12895.2624
 BOND   =         6.5746  ANGLE   =        14.2326  DIHED      =        11.9327
 1-4 NB =        13.9875  1-4 EEL =      -604.5500  VDWAALS    =      2414.7945
 EELEC  =    -14758.7412  EHBOND  =         0.0000  RESTRAINT  =         6.5069
 EAMBER (non-restraint)  =    -12901.7694
 EKCMT  =         0.0000  VIRIAL  =         0.0000  VOLUME     =     31759.0419
                                                    Density    =         1.0213
 Ewald error estimate:   0.8690E-04
 ------------------------------------------------------------------------------

wrapping first mol.:       11.52063       16.29264       28.21967

 NSTEP =    48000   TIME(PS) =     116.000  TEMP(K) =   294.12  PRESS =     0.0
 Etot   =    -10960.0834  EKtot   =      1899.5061  EPtot      =    -12859.5894
 BOND   =        11.4298  ANGLE   =        16.5784  DIHED      =        10.2151
 1-4 NB =        12.6546  1-4 EEL =      -601.7063  VDWAALS    =      2503.7648
 EELEC  =    -14822.8275  EHBOND  =         0.0000  RESTRAINT  =        10.3017
 EAMBER (non-restraint)  =    -12869.8912
 EKCMT  =         0.0000  VIRIAL  =         0.0000  VOLUME     =     31781.2406
                                                    Density    =         1.0206
 Ewald error estimate:   0.1504E-03
 ------------------------------------------------------------------------------

wrapping first mol.:       11.53616       16.31459       28.25770

 NSTEP =    48500   TIME(PS) =     117.000  TEMP(K) =   290.66  PRESS =     0.0
 Etot   =    -11034.5472  EKtot   =      1877.1893  EPtot      =    -12911.7365
 BOND   =         6.1951  ANGLE   =        13.9153  DIHED      =        13.7022
 1-4 NB =        11.1802  1-4 EEL =      -600.3382  VDWAALS    =      2392.6416
 EELEC  =    -14759.2638  EHBOND  =         0.0000  RESTRAINT  =        10.2310
 EAMBER (non-restraint)  =    -12921.9676
 EKCMT  =         0.0000  VIRIAL  =         0.0000  VOLUME     =     31909.9029
                                                    Density    =         1.0165
 Ewald error estimate:   0.2441E-03
 ------------------------------------------------------------------------------

wrapping first mol.:       11.51080       16.27872       28.19557

 NSTEP =    49000   TIME(PS) =     118.000  TEMP(K) =   298.23  PRESS =     0.0
 Etot   =    -11016.2869  EKtot   =      1926.0871  EPtot      =    -12942.3740
 BOND   =         6.6771  ANGLE   =        18.8205  DIHED      =        12.1610
 1-4 NB =        12.2313  1-4 EEL =      -602.4451  VDWAALS    =      2495.4477
 EELEC  =    -14897.8279  EHBOND  =         0.0000  RESTRAINT  =        12.5614
 EAMBER (non-restraint)  =    -12954.9354
 EKCMT  =         0.0000  VIRIAL  =         0.0000  VOLUME     =     31699.8857
                                                    Density    =         1.0232
 Ewald error estimate:   0.2174E-03
 ------------------------------------------------------------------------------

wrapping first mol.:       11.51210       16.28057       28.19877

 NSTEP =    49500   TIME(PS) =     119.000  TEMP(K) =   286.58  PRESS =     0.0
 Etot   =    -11050.8174  EKtot   =      1850.8517  EPtot      =    -12901.6691
 BOND   =        10.3215  ANGLE   =        18.4275  DIHED      =        10.6868
 1-4 NB =        12.4591  1-4 EEL =      -600.5597  VDWAALS    =      2510.8250
 EELEC  =    -14871.7082  EHBOND  =         0.0000  RESTRAINT  =         7.8789
 EAMBER (non-restraint)  =    -12909.5480
 EKCMT  =         0.0000  VIRIAL  =         0.0000  VOLUME     =     31710.6723
                                                    Density    =         1.0229
 Ewald error estimate:   0.9110E-04
 ------------------------------------------------------------------------------

wrapping first mol.:       11.52960       16.30532       28.24165
wrapping first mol.:       11.52960       16.30532       28.24165

 NSTEP =    50000   TIME(PS) =     120.000  TEMP(K) =   295.25  PRESS =     0.0
 Etot   =    -11009.5035  EKtot   =      1906.8126  EPtot      =    -12916.3161
 BOND   =         7.9027  ANGLE   =        20.5373  DIHED      =        12.1627
 1-4 NB =        11.1072  1-4 EEL =      -599.2478  VDWAALS    =      2485.5850
 EELEC  =    -14863.7687  EHBOND  =         0.0000  RESTRAINT  =         9.4055
 EAMBER (non-restraint)  =    -12925.7216
 EKCMT  =         0.0000  VIRIAL  =         0.0000  VOLUME     =     31855.5371
                                                    Density    =         1.0182
 Ewald error estimate:   0.4898E-04
 ------------------------------------------------------------------------------


      A V E R A G E S   O V E R     100 S T E P S


 NSTEP =    50000   TIME(PS) =     120.000  TEMP(K) =   299.25  PRESS =     0.0
 Etot   =    -10882.5729  EKtot   =      1932.6625  EPtot      =    -12815.2354
 BOND   =         7.5294  ANGLE   =        16.5377  DIHED      =        13.6547
 1-4 NB =        11.9954  1-4 EEL =      -600.4928  VDWAALS    =      2455.1664
 EELEC  =    -14729.1957  EHBOND  =         0.0000  RESTRAINT  =         9.5693
 EAMBER (non-restraint)  =    -12824.8047
 EKCMT  =         0.0000  VIRIAL  =         0.0000  VOLUME     =     32374.3130
                                                    Density    =         1.0026
 Ewald error estimate:   0.1842E-03
 ------------------------------------------------------------------------------


      R M S  F L U C T U A T I O N S


 NSTEP =    50000   TIME(PS) =     120.000  TEMP(K) =     5.11  PRESS =     0.0
 Etot   =        89.8442  EKtot   =        32.9969  EPtot      =        80.3966
 BOND   =         2.1634  ANGLE   =         2.7141  DIHED      =         1.6918
 1-4 NB =         0.9756  1-4 EEL =         3.7051  VDWAALS    =        68.9829
 EELEC  =       125.6612  EHBOND  =         0.0000  RESTRAINT  =         2.0320
 EAMBER (non-restraint)  =        78.3646
 EKCMT  =         0.0000  VIRIAL  =         0.0000  VOLUME     =       868.2014
                                                    Density    =         0.0250
 Ewald error estimate:   0.1296E-03
 ------------------------------------------------------------------------------

| MC Barostat:        500 volume changes attempted.
| MC Barostat:        214 changes successful ( 42.80%)
 ------------------------------------------------------------------------------

--------------------------------------------------------------------------------
   5.  TIMINGS
--------------------------------------------------------------------------------

|  NonSetup CPU Time in Major Routines, Average for All Tasks:
|
|     Routine           Sec        %
|     ------------------------------
|     DataDistrib       9.56    9.28
|     Nonbond          87.98   85.40
|     Bond              0.14    0.13
|     Angle             0.16    0.15
|     Dihedral          0.20    0.20
|     Shake             0.60    0.59
|     RunMD             4.19    4.07
|     Other             0.19    0.18
|     ------------------------------
|     Total           103.02

|  PME Nonbond Pairlist CPU Time, Average for All Tasks:
|
|     Routine              Sec        %
|     ---------------------------------
|     Set Up Cit           0.29    0.28
|     Build List          10.48   10.17
|     ---------------------------------
|     Total               10.77   10.45

|  PME Direct Force CPU Time, Average for All Tasks:
|
|     Routine              Sec        %
|     ---------------------------------
|     NonBonded Calc      60.85   59.07
|     Exclude Masked       0.67    0.65
|     Other                2.38    2.31
|     ---------------------------------
|     Total               63.90   62.03

|  PME Reciprocal Force CPU Time, Average for All Tasks:
|
|     Routine              Sec        %
|     ---------------------------------
|     1D bspline           1.11    1.08
|     Grid Charges         1.21    1.18
|     Scalar Sum           1.16    1.12
|     Gradient Sum         2.10    2.04
|     FFT                  7.43    7.21
|     ---------------------------------
|     Total               13.01   12.63

|  PME Load Balancing CPU Time, Average for All Tasks:
|
|     Routine                 Sec        %
|     ------------------------------------
|     Atom Reassign           0.00    0.00
|     Image Reassign          0.01    0.01
|     FFT Reassign            0.00    0.00
|     ------------------------------------
|     Total                   0.01    0.01

|  Final Performance Info:
|     -----------------------------------------------------
|     Average timings for last   20000 steps:
|     Elapsed(s) =      41.51 Per Step(ms) =       2.08
|         ns/day =      83.26   seconds/ns =    1037.74
|
|     Average timings for all steps:
|     Elapsed(s) =     103.07 Per Step(ms) =       2.06
|         ns/day =      83.83   seconds/ns =    1030.70
|     -----------------------------------------------------

|  Master Setup CPU time:            0.03 seconds
|  Master NonSetup CPU time:       102.79 seconds
|  Master Total CPU time:          102.83 seconds     0.03 hours

|  Master Setup wall time:           0    seconds
|  Master NonSetup wall time:      103    seconds
|  Master Total wall time:         103    seconds     0.03 hours
