
          -------------------------------------------------------
          Amber 18 PMEMD                              2018
          -------------------------------------------------------

| PMEMD implementation of SANDER, Release 18

| Run on 03/14/2022 at 21:03:53

|   Executable path: pmemd.MPI
| Working directory: /bgfs/lchong/dty7/ff15ipq-lig/charges/gaff_01/GenConformers/Conf5
|          Hostname: smp-n123

  [-O]verwriting output

File Assignments:
|   MDIN: ../../../amber/6.3_eq2.in                                             
|  MDOUT: 6.3_eq2.out                                                           
| INPCRD: 6.2_eq1.rst                                                           
|   PARM: ../../mon.top                                                         
| RESTRT: 6.3_eq2.rst                                                           
|   REFC: 6.2_eq1.rst                                                           
|  MDVEL: mdvel                                                                 
|   MDEN: mden                                                                  
|  MDCRD: mdcrd                                                                 
| MDINFO: mdinfo                                                                
|LOGFILE: logfile                                                               
|  MDFRC: mdfrc                                                                 

 
 Here is the input file:
 
&cntrl                                                                         
  imin      = 0,                                                               
  irest     = 1,                                                               
  ntx       = 5,                                                               
  ig        = -1,                                                              
  dt        = 0.002,                                                           
  nstlim    = 50000,                                                           
  nscm      = 500,                                                             
  ntr       = 1,                                                               
  restraintmask = ':1',                                                        
  restraint_wt  = 10.0,                                                        
  ntb       = 2,                                                               
  ntp       = 1,                                                               
  barostat  = 2,                                                               
  pres0     = 1.0,                                                             
  mcbarint  = 100,                                                             
  comp      = 44.6,                                                            
  taup      = 1.0,                                                             
  ntt       = 3,                                                               
  temp0     = 298.0,                                                           
  gamma_ln  = 1.0,                                                             
  ntf       = 2,                                                               
  ntc       = 2,                                                               
  cut       = 10.0,                                                            
  ntpr      = 500,                                                             
  ntxo      = 1,                                                               
  ntwr      = 50000,                                                           
  ioutfm    = 1,                                                               
  ntwx      = 500,                                                             
  iwrap     = 1,                                                               
&end                                                                           


Note: ig = -1. Setting random seed to   691425 based on wallclock time in
      microseconds and disabling the synchronization of random numbers 
      between tasks to improve performance.
| irandom = 1, using AMBER's internal random number generator (default).
 
 
| Conditional Compilation Defines Used:
| MPI
| FFTW_FFT
| BINTRAJ
| MKL
| EMIL
 
| Largest sphere to fit in unit cell has radius =    14.884

| New format PARM file being parsed.
| Version =    1.000 Date = 03/14/22 Time = 17:48:27

| Note: 1-4 EEL scale factors are being read from the topology file.

| Note: 1-4 VDW scale factors are being read from the topology file.
| Duplicated    0 dihedrals

| Duplicated    0 dihedrals

--------------------------------------------------------------------------------
   1.  RESOURCE   USE: 
--------------------------------------------------------------------------------

 getting box info from netcdf restart file
 NATOM  =    3240 NTYPES =      13 NBONH =    3220 MBONA  =      21
 NTHETH =      33 MTHETA =      29 NPHIH =      60 MPHIA  =      45
 NHPARM =       0 NPARM  =       0 NNB   =    4456 NRES   =    1069
 NBONA  =      21 NTHETA =      29 NPHIA =      45 NUMBND =      22
 NUMANG =      35 NPTRA  =      18 NATYP =      17 NPHB   =       0
 IFBOX  =       2 NMXRS  =      36 IFCAP =       0 NEXTRA =       0
 NCOPY  =       0

| Coordinate Index Table dimensions:     5    5    5
| Direct force subcell size =     7.2914    7.2914    7.2914

     BOX TYPE: TRUNCATED OCTAHEDRON

--------------------------------------------------------------------------------
   2.  CONTROL  DATA  FOR  THE  RUN
--------------------------------------------------------------------------------

default_name                                                                    

General flags:
     imin    =       0, nmropt  =       0

Nature and format of input:
     ntx     =       5, irest   =       1, ntrx    =       1

Nature and format of output:
     ntxo    =       1, ntpr    =     500, ntrx    =       1, ntwr    =   50000
     iwrap   =       1, ntwx    =     500, ntwv    =       0, ntwe    =       0
     ioutfm  =       1, ntwprt  =       0, idecomp =       0, rbornstat=      0

Potential function:
     ntf     =       2, ntb     =       2, igb     =       0, nsnb    =      25
     ipol    =       0, gbsa    =       0, iesp    =       0
     dielc   =   1.00000, cut     =  10.00000, intdiel =   1.00000

Frozen or restrained atoms:
     ibelly  =       0, ntr     =       1
     restraint_wt =  10.00000

Molecular dynamics:
     nstlim  =     50000, nscm    =         0, nrespa  =         1
     t       =   0.00000, dt      =   0.00200, vlimit  =  20.00000

Langevin dynamics temperature regulation:
     ig      =  691425
     temp0   = 298.00000, tempi   =   0.00000, gamma_ln=   1.00000

Pressure regulation:
     ntp     =       1
     pres0   =   1.00000, comp    =  44.60000, taup    =   1.00000
     Monte-Carlo Barostat:
     mcbarint  =     100

SHAKE:
     ntc     =       2, jfastw  =       0
     tol     =   0.00001

| Intermolecular bonds treatment:
|     no_intermolecular_bonds =       1

| Energy averages sample interval:
|     ene_avg_sampling =     500

Ewald parameters:
     verbose =       0, ew_type =       0, nbflag  =       1, use_pme =       1
     vdwmeth =       1, eedmeth =       1, netfrc  =       1
     Box X =   36.457   Box Y =   36.457   Box Z =   36.457
     Alpha =  109.471   Beta  =  109.471   Gamma =  109.471
     NFFT1 =   40       NFFT2 =   40       NFFT3 =   40
     Cutoff=   10.000   Tol   =0.100E-04
     Ewald Coefficient =  0.27511
     Interpolation order =    4

| PMEMD ewald parallel performance parameters:
|     block_fft =    0
|     fft_blk_y_divisor =    2
|     excl_recip =    0
|     excl_master =    0
|     atm_redist_freq =  320

    LOADING THE CONSTRAINED ATOMS AS GROUPS


   5.  REFERENCE ATOM COORDINATES

  default_name                                                                    
     Mask :1; matches    36 atoms
| MONTE CARLO BAROSTAT IMPORTANT NOTE:
|   The Monte-Carlo barostat does not require the virial to adjust the system volume.
|   Since it is an expensive calculation, it is skipped for efficiency. A side-effect
|   is that the reported pressure is always 0 because it is not calculated.

--------------------------------------------------------------------------------
   3.  ATOMIC COORDINATES AND VELOCITIES
--------------------------------------------------------------------------------

default_name                                                                    
 begin time read from input coords =    20.000 ps

 
 Number of triangulated 3-point waters found:     1068

     Sum of charges from parm topology file =  -0.00030117
     Forcing neutrality...

| Dynamic Memory, Types Used:
| Reals             1243214
| Integers           213778

| Nonbonded Pairs Initial Allocation:      317358

| Running AMBER/MPI version on    8 MPI task

 
--------------------------------------------------------------------------------
   4.  RESULTS
--------------------------------------------------------------------------------

 ---------------------------------------------------
 APPROXIMATING switch and d/dx switch using CUBIC SPLINE INTERPOLATION
 using   5000.0 points per unit in tabled values
 TESTING RELATIVE ERROR over r ranging from 0.0 to cutoff
| CHECK switch(x): max rel err =   0.3316E-14   at   2.351880
| CHECK d/dx switch(x): max rel err =   0.8066E-11   at   2.747240
 ---------------------------------------------------
|---------------------------------------------------
| APPROXIMATING direct energy using CUBIC SPLINE INTERPOLATION
|  with   50.0 points per unit in tabled values
| Relative Error Limit not exceeded for r .gt.   2.34
| APPROXIMATING direct force using CUBIC SPLINE INTERPOLATION
|  with   50.0 points per unit in tabled values
| Relative Error Limit not exceeded for r .gt.   2.81
|---------------------------------------------------
wrapping first mol.:       24.19707      -17.10991       29.63524

 NSTEP =      500   TIME(PS) =      21.000  TEMP(K) =   292.97  PRESS =     0.0
 Etot   =    -10651.4629  EKtot   =      1892.1011  EPtot      =    -12543.5640
 BOND   =         5.7776  ANGLE   =        19.6570  DIHED      =        13.4301
 1-4 NB =        13.0211  1-4 EEL =      -607.1919  VDWAALS    =      2282.4386
 EELEC  =    -14276.3438  EHBOND  =         0.0000  RESTRAINT  =         5.6472
 EAMBER (non-restraint)  =    -12549.2112
 EKCMT  =         0.0000  VIRIAL  =         0.0000  VOLUME     =     36807.8336
                                                    Density    =         0.8812
 Ewald error estimate:   0.3654E-03
 ------------------------------------------------------------------------------

wrapping first mol.:       24.02597      -16.98892       29.42568

 NSTEP =     1000   TIME(PS) =      22.000  TEMP(K) =   291.21  PRESS =     0.0
 Etot   =    -10668.2562  EKtot   =      1880.7251  EPtot      =    -12548.9813
 BOND   =         5.8962  ANGLE   =        12.7918  DIHED      =        12.3578
 1-4 NB =        10.8648  1-4 EEL =      -596.9911  VDWAALS    =      2360.3904
 EELEC  =    -14358.5673  EHBOND  =         0.0000  RESTRAINT  =         4.2760
 EAMBER (non-restraint)  =    -12553.2574
 EKCMT  =         0.0000  VIRIAL  =         0.0000  VOLUME     =     36032.5130
                                                    Density    =         0.9002
 Ewald error estimate:   0.9422E-04
 ------------------------------------------------------------------------------

wrapping first mol.:       23.93675      -16.92584       29.31641

 NSTEP =     1500   TIME(PS) =      23.000  TEMP(K) =   296.23  PRESS =     0.0
 Etot   =    -10705.4416  EKtot   =      1913.1833  EPtot      =    -12618.6249
 BOND   =         5.2487  ANGLE   =        15.5519  DIHED      =        15.2215
 1-4 NB =        12.6429  1-4 EEL =      -597.7783  VDWAALS    =      2272.9337
 EELEC  =    -14351.3582  EHBOND  =         0.0000  RESTRAINT  =         8.9129
 EAMBER (non-restraint)  =    -12627.5378
 EKCMT  =         0.0000  VIRIAL  =         0.0000  VOLUME     =     35632.5958
                                                    Density    =         0.9103
 Ewald error estimate:   0.1252E-03
 ------------------------------------------------------------------------------

wrapping first mol.:       23.89426      -16.89579       29.26438

 NSTEP =     2000   TIME(PS) =      24.000  TEMP(K) =   298.81  PRESS =     0.0
 Etot   =    -10776.4490  EKtot   =      1929.7963  EPtot      =    -12706.2453
 BOND   =         5.8929  ANGLE   =        16.5284  DIHED      =        12.1550
 1-4 NB =        12.3762  1-4 EEL =      -599.5630  VDWAALS    =      2454.5120
 EELEC  =    -14617.1368  EHBOND  =         0.0000  RESTRAINT  =         8.9900
 EAMBER (non-restraint)  =    -12715.2354
 EKCMT  =         0.0000  VIRIAL  =         0.0000  VOLUME     =     35443.1832
                                                    Density    =         0.9152
 Ewald error estimate:   0.3275E-03
 ------------------------------------------------------------------------------

wrapping first mol.:       23.82711      -16.84831       29.18213

 NSTEP =     2500   TIME(PS) =      25.000  TEMP(K) =   295.69  PRESS =     0.0
 Etot   =    -10735.6248  EKtot   =      1909.7015  EPtot      =    -12645.3263
 BOND   =         9.9956  ANGLE   =        13.1175  DIHED      =        12.3829
 1-4 NB =        10.7179  1-4 EEL =      -602.4988  VDWAALS    =      2372.1066
 EELEC  =    -14469.9685  EHBOND  =         0.0000  RESTRAINT  =         8.8205
 EAMBER (non-restraint)  =    -12654.1468
 EKCMT  =         0.0000  VIRIAL  =         0.0000  VOLUME     =     35145.1799
                                                    Density    =         0.9229
 Ewald error estimate:   0.2257E-03
 ------------------------------------------------------------------------------

wrapping first mol.:       23.69797      -16.75700       29.02397

 NSTEP =     3000   TIME(PS) =      26.000  TEMP(K) =   293.84  PRESS =     0.0
 Etot   =    -10805.4891  EKtot   =      1897.7201  EPtot      =    -12703.2092
 BOND   =         5.4346  ANGLE   =        11.7781  DIHED      =        13.4927
 1-4 NB =        12.7317  1-4 EEL =      -600.3244  VDWAALS    =      2364.5485
 EELEC  =    -14517.8349  EHBOND  =         0.0000  RESTRAINT  =         6.9645
 EAMBER (non-restraint)  =    -12710.1737
 EKCMT  =         0.0000  VIRIAL  =         0.0000  VOLUME     =     34576.8537
                                                    Density    =         0.9381
 Ewald error estimate:   0.4543E-03
 ------------------------------------------------------------------------------

wrapping first mol.:       23.66406      -16.73301       28.98243

 NSTEP =     3500   TIME(PS) =      27.000  TEMP(K) =   301.39  PRESS =     0.0
 Etot   =    -10692.0740  EKtot   =      1946.5050  EPtot      =    -12638.5791
 BOND   =         9.5261  ANGLE   =        14.8617  DIHED      =        15.9331
 1-4 NB =        12.6502  1-4 EEL =      -607.5169  VDWAALS    =      2377.1448
 EELEC  =    -14474.0861  EHBOND  =         0.0000  RESTRAINT  =        12.9080
 EAMBER (non-restraint)  =    -12651.4871
 EKCMT  =         0.0000  VIRIAL  =         0.0000  VOLUME     =     34428.6010
                                                    Density    =         0.9421
 Ewald error estimate:   0.1259E-03
 ------------------------------------------------------------------------------

wrapping first mol.:       23.56965      -16.66626       28.86681

 NSTEP =     4000   TIME(PS) =      28.000  TEMP(K) =   302.01  PRESS =     0.0
 Etot   =    -10824.0650  EKtot   =      1950.4677  EPtot      =    -12774.5327
 BOND   =         7.3311  ANGLE   =        16.7113  DIHED      =        11.6641
 1-4 NB =        14.2606  1-4 EEL =      -607.8644  VDWAALS    =      2475.1608
 EELEC  =    -14697.7487  EHBOND  =         0.0000  RESTRAINT  =         5.9525
 EAMBER (non-restraint)  =    -12780.4851
 EKCMT  =         0.0000  VIRIAL  =         0.0000  VOLUME     =     34018.1877
                                                    Density    =         0.9535
 Ewald error estimate:   0.1496E-03
 ------------------------------------------------------------------------------

wrapping first mol.:       23.50156      -16.61811       28.78342

 NSTEP =     4500   TIME(PS) =      29.000  TEMP(K) =   295.62  PRESS =     0.0
 Etot   =    -10958.3866  EKtot   =      1909.2294  EPtot      =    -12867.6160
 BOND   =         3.9543  ANGLE   =        13.6906  DIHED      =        12.1099
 1-4 NB =        12.8008  1-4 EEL =      -601.0385  VDWAALS    =      2370.3380
 EELEC  =    -14685.9063  EHBOND  =         0.0000  RESTRAINT  =         6.4353
 EAMBER (non-restraint)  =    -12874.0513
 EKCMT  =         0.0000  VIRIAL  =         0.0000  VOLUME     =     33724.2228
                                                    Density    =         0.9618
 Ewald error estimate:   0.6562E-05
 ------------------------------------------------------------------------------

wrapping first mol.:       23.48825      -16.60870       28.76712

 NSTEP =     5000   TIME(PS) =      30.000  TEMP(K) =   298.59  PRESS =     0.0
 Etot   =    -10901.4292  EKtot   =      1928.4137  EPtot      =    -12829.8429
 BOND   =         8.3329  ANGLE   =        12.6497  DIHED      =        12.0909
 1-4 NB =        12.2429  1-4 EEL =      -603.1328  VDWAALS    =      2404.7435
 EELEC  =    -14683.9658  EHBOND  =         0.0000  RESTRAINT  =         7.1957
 EAMBER (non-restraint)  =    -12837.0387
 EKCMT  =         0.0000  VIRIAL  =         0.0000  VOLUME     =     33666.9591
                                                    Density    =         0.9635
 Ewald error estimate:   0.2578E-04
 ------------------------------------------------------------------------------

wrapping first mol.:       23.43418      -16.57046       28.70089

 NSTEP =     5500   TIME(PS) =      31.000  TEMP(K) =   299.73  PRESS =     0.0
 Etot   =    -10864.9539  EKtot   =      1935.7547  EPtot      =    -12800.7086
 BOND   =         8.4737  ANGLE   =         8.4997  DIHED      =        15.0592
 1-4 NB =        13.6091  1-4 EEL =      -606.6889  VDWAALS    =      2498.6799
 EELEC  =    -14746.4504  EHBOND  =         0.0000  RESTRAINT  =         8.1089
 EAMBER (non-restraint)  =    -12808.8175
 EKCMT  =         0.0000  VIRIAL  =         0.0000  VOLUME     =     33434.9662
                                                    Density    =         0.9701
 Ewald error estimate:   0.2914E-03
 ------------------------------------------------------------------------------

wrapping first mol.:       23.38115      -16.53297       28.63595

 NSTEP =     6000   TIME(PS) =      32.000  TEMP(K) =   294.37  PRESS =     0.0
 Etot   =    -11020.3566  EKtot   =      1901.1222  EPtot      =    -12921.4788
 BOND   =         6.1247  ANGLE   =         9.7830  DIHED      =        11.6531
 1-4 NB =        12.1059  1-4 EEL =      -599.3681  VDWAALS    =      2521.0157
 EELEC  =    -14888.8398  EHBOND  =         0.0000  RESTRAINT  =         6.0468
 EAMBER (non-restraint)  =    -12927.5255
 EKCMT  =         0.0000  VIRIAL  =         0.0000  VOLUME     =     33208.5301
                                                    Density    =         0.9768
 Ewald error estimate:   0.1651E-04
 ------------------------------------------------------------------------------

wrapping first mol.:       23.33201      -16.49822       28.57576

 NSTEP =     6500   TIME(PS) =      33.000  TEMP(K) =   295.11  PRESS =     0.0
 Etot   =    -10946.3707  EKtot   =      1905.9039  EPtot      =    -12852.2746
 BOND   =         7.2095  ANGLE   =        12.1260  DIHED      =        11.8291
 1-4 NB =        13.0982  1-4 EEL =      -604.2584  VDWAALS    =      2433.4916
 EELEC  =    -14734.2033  EHBOND  =         0.0000  RESTRAINT  =         8.4327
 EAMBER (non-restraint)  =    -12860.7074
 EKCMT  =         0.0000  VIRIAL  =         0.0000  VOLUME     =     32999.5681
                                                    Density    =         0.9829
 Ewald error estimate:   0.3478E-04
 ------------------------------------------------------------------------------

wrapping first mol.:       23.30691      -16.48047       28.54501

 NSTEP =     7000   TIME(PS) =      34.000  TEMP(K) =   290.82  PRESS =     0.0
 Etot   =    -11006.4933  EKtot   =      1878.2405  EPtot      =    -12884.7338
 BOND   =         5.2175  ANGLE   =        14.9107  DIHED      =        11.7173
 1-4 NB =        13.5337  1-4 EEL =      -604.4892  VDWAALS    =      2516.5486
 EELEC  =    -14850.1234  EHBOND  =         0.0000  RESTRAINT  =         7.9510
 EAMBER (non-restraint)  =    -12892.6848
 EKCMT  =         0.0000  VIRIAL  =         0.0000  VOLUME     =     32893.1705
                                                    Density    =         0.9861
 Ewald error estimate:   0.2319E-03
 ------------------------------------------------------------------------------

wrapping first mol.:       23.27591      -16.45855       28.50705

 NSTEP =     7500   TIME(PS) =      35.000  TEMP(K) =   292.21  PRESS =     0.0
 Etot   =    -10947.8761  EKtot   =      1887.1894  EPtot      =    -12835.0655
 BOND   =         9.8778  ANGLE   =        14.3106  DIHED      =        11.0796
 1-4 NB =        11.0119  1-4 EEL =      -595.2933  VDWAALS    =      2526.7831
 EELEC  =    -14821.7990  EHBOND  =         0.0000  RESTRAINT  =         8.9639
 EAMBER (non-restraint)  =    -12844.0294
 EKCMT  =         0.0000  VIRIAL  =         0.0000  VOLUME     =     32762.1043
                                                    Density    =         0.9901
 Ewald error estimate:   0.1709E-03
 ------------------------------------------------------------------------------

wrapping first mol.:       23.26141      -16.44830       28.48929

 NSTEP =     8000   TIME(PS) =      36.000  TEMP(K) =   297.78  PRESS =     0.0
 Etot   =    -10949.0620  EKtot   =      1923.1951  EPtot      =    -12872.2571
 BOND   =         6.9286  ANGLE   =        18.9143  DIHED      =        12.5281
 1-4 NB =        11.7358  1-4 EEL =      -598.5677  VDWAALS    =      2463.6122
 EELEC  =    -14796.5593  EHBOND  =         0.0000  RESTRAINT  =         9.1510
 EAMBER (non-restraint)  =    -12881.4080
 EKCMT  =         0.0000  VIRIAL  =         0.0000  VOLUME     =     32700.9122
                                                    Density    =         0.9919
 Ewald error estimate:   0.2223E-03
 ------------------------------------------------------------------------------

wrapping first mol.:       23.23830      -16.43196       28.46099

 NSTEP =     8500   TIME(PS) =      37.000  TEMP(K) =   295.54  PRESS =     0.0
 Etot   =    -10951.3766  EKtot   =      1908.7222  EPtot      =    -12860.0987
 BOND   =         9.0003  ANGLE   =        12.5280  DIHED      =        12.6044
 1-4 NB =        11.3021  1-4 EEL =      -597.5963  VDWAALS    =      2390.6476
 EELEC  =    -14707.4010  EHBOND  =         0.0000  RESTRAINT  =         8.8162
 EAMBER (non-restraint)  =    -12868.9149
 EKCMT  =         0.0000  VIRIAL  =         0.0000  VOLUME     =     32603.5600
                                                    Density    =         0.9949
 Ewald error estimate:   0.4005E-03
 ------------------------------------------------------------------------------

wrapping first mol.:       23.13790      -16.36096       28.33802

 NSTEP =     9000   TIME(PS) =      38.000  TEMP(K) =   302.34  PRESS =     0.0
 Etot   =    -11006.1841  EKtot   =      1952.5970  EPtot      =    -12958.7810
 BOND   =         4.8024  ANGLE   =        15.7224  DIHED      =         9.0388
 1-4 NB =        13.9433  1-4 EEL =      -599.0628  VDWAALS    =      2480.7051
 EELEC  =    -14895.4370  EHBOND  =         0.0000  RESTRAINT  =        11.5068
 EAMBER (non-restraint)  =    -12970.2879
 EKCMT  =         0.0000  VIRIAL  =         0.0000  VOLUME     =     32182.7696
                                                    Density    =         1.0079
 Ewald error estimate:   0.1105E-03
 ------------------------------------------------------------------------------

wrapping first mol.:       23.11405      -16.34410       28.30882

 NSTEP =     9500   TIME(PS) =      39.000  TEMP(K) =   300.58  PRESS =     0.0
 Etot   =    -11013.8043  EKtot   =      1941.2369  EPtot      =    -12955.0411
 BOND   =        12.2489  ANGLE   =        13.3888  DIHED      =        11.2352
 1-4 NB =        11.5248  1-4 EEL =      -600.9305  VDWAALS    =      2551.9578
 EELEC  =    -14962.9364  EHBOND  =         0.0000  RESTRAINT  =         8.4702
 EAMBER (non-restraint)  =    -12963.5113
 EKCMT  =         0.0000  VIRIAL  =         0.0000  VOLUME     =     32083.3901
                                                    Density    =         1.0110
 Ewald error estimate:   0.1545E-03
 ------------------------------------------------------------------------------

wrapping first mol.:       23.12681      -16.35312       28.32444

 NSTEP =    10000   TIME(PS) =      40.000  TEMP(K) =   306.05  PRESS =     0.0
 Etot   =    -10986.1818  EKtot   =      1976.5930  EPtot      =    -12962.7748
 BOND   =         7.1825  ANGLE   =        12.5106  DIHED      =        12.4878
 1-4 NB =        11.7945  1-4 EEL =      -597.1966  VDWAALS    =      2468.3516
 EELEC  =    -14885.7484  EHBOND  =         0.0000  RESTRAINT  =         7.8432
 EAMBER (non-restraint)  =    -12970.6180
 EKCMT  =         0.0000  VIRIAL  =         0.0000  VOLUME     =     32136.5170
                                                    Density    =         1.0093
 Ewald error estimate:   0.2474E-03
 ------------------------------------------------------------------------------

wrapping first mol.:       23.10481      -16.33756       28.29749

 NSTEP =    10500   TIME(PS) =      41.000  TEMP(K) =   298.84  PRESS =     0.0
 Etot   =    -10965.7766  EKtot   =      1930.0245  EPtot      =    -12895.8011
 BOND   =         8.8572  ANGLE   =        13.2652  DIHED      =        10.1907
 1-4 NB =        12.3844  1-4 EEL =      -597.3096  VDWAALS    =      2484.9140
 EELEC  =    -14837.6245  EHBOND  =         0.0000  RESTRAINT  =         9.5214
 EAMBER (non-restraint)  =    -12905.3226
 EKCMT  =         0.0000  VIRIAL  =         0.0000  VOLUME     =     32044.8975
                                                    Density    =         1.0122
 Ewald error estimate:   0.3831E-04
 ------------------------------------------------------------------------------

wrapping first mol.:       23.15720      -16.37461       28.36166

 NSTEP =    11000   TIME(PS) =      42.000  TEMP(K) =   293.54  PRESS =     0.0
 Etot   =    -10971.8434  EKtot   =      1895.7876  EPtot      =    -12867.6310
 BOND   =         7.4908  ANGLE   =        12.6375  DIHED      =        10.2427
 1-4 NB =        11.5910  1-4 EEL =      -598.7519  VDWAALS    =      2521.5927
 EELEC  =    -14840.5677  EHBOND  =         0.0000  RESTRAINT  =         8.1339
 EAMBER (non-restraint)  =    -12875.7648
 EKCMT  =         0.0000  VIRIAL  =         0.0000  VOLUME     =     32263.3814
                                                    Density    =         1.0054
 Ewald error estimate:   0.1690E-03
 ------------------------------------------------------------------------------

wrapping first mol.:       23.19078      -16.39835       28.40278

 NSTEP =    11500   TIME(PS) =      43.000  TEMP(K) =   304.23  PRESS =     0.0
 Etot   =    -10923.5774  EKtot   =      1964.8030  EPtot      =    -12888.3804
 BOND   =         5.0645  ANGLE   =        13.8888  DIHED      =        14.5666
 1-4 NB =        13.5053  1-4 EEL =      -599.4112  VDWAALS    =      2455.9819
 EELEC  =    -14798.4141  EHBOND  =         0.0000  RESTRAINT  =         6.4378
 EAMBER (non-restraint)  =    -12894.8182
 EKCMT  =         0.0000  VIRIAL  =         0.0000  VOLUME     =     32403.9292
                                                    Density    =         1.0010
 Ewald error estimate:   0.3195E-03
 ------------------------------------------------------------------------------

wrapping first mol.:       23.15810      -16.37525       28.36276

 NSTEP =    12000   TIME(PS) =      44.000  TEMP(K) =   304.12  PRESS =     0.0
 Etot   =    -10896.5647  EKtot   =      1964.0898  EPtot      =    -12860.6546
 BOND   =         5.2797  ANGLE   =        15.7190  DIHED      =        14.6159
 1-4 NB =        13.0026  1-4 EEL =      -604.1347  VDWAALS    =      2507.2640
 EELEC  =    -14818.9966  EHBOND  =         0.0000  RESTRAINT  =         6.5955
 EAMBER (non-restraint)  =    -12867.2501
 EKCMT  =         0.0000  VIRIAL  =         0.0000  VOLUME     =     32267.1524
                                                    Density    =         1.0053
 Ewald error estimate:   0.5967E-03
 ------------------------------------------------------------------------------

wrapping first mol.:       23.09881      -16.33333       28.29015

 NSTEP =    12500   TIME(PS) =      45.000  TEMP(K) =   296.56  PRESS =     0.0
 Etot   =    -10942.9491  EKtot   =      1915.2829  EPtot      =    -12858.2320
 BOND   =         8.9406  ANGLE   =        12.1887  DIHED      =         9.7157
 1-4 NB =        12.6033  1-4 EEL =      -600.5543  VDWAALS    =      2444.0336
 EELEC  =    -14756.0306  EHBOND  =         0.0000  RESTRAINT  =        10.8710
 EAMBER (non-restraint)  =    -12869.1030
 EKCMT  =         0.0000  VIRIAL  =         0.0000  VOLUME     =     32019.9685
                                                    Density    =         1.0130
 Ewald error estimate:   0.1852E-03
 ------------------------------------------------------------------------------

wrapping first mol.:       23.14420      -16.36542       28.34574

 NSTEP =    13000   TIME(PS) =      46.000  TEMP(K) =   299.22  PRESS =     0.0
 Etot   =    -10913.3413  EKtot   =      1932.4815  EPtot      =    -12845.8227
 BOND   =         5.4727  ANGLE   =        13.6357  DIHED      =        11.0872
 1-4 NB =        12.2897  1-4 EEL =      -595.9292  VDWAALS    =      2395.5245
 EELEC  =    -14700.1504  EHBOND  =         0.0000  RESTRAINT  =        12.2471
 EAMBER (non-restraint)  =    -12858.0699
 EKCMT  =         0.0000  VIRIAL  =         0.0000  VOLUME     =     32209.0985
                                                    Density    =         1.0071
 Ewald error estimate:   0.2056E-04
 ------------------------------------------------------------------------------

wrapping first mol.:       23.07499      -16.31648       28.26097

 NSTEP =    13500   TIME(PS) =      47.000  TEMP(K) =   294.91  PRESS =     0.0
 Etot   =    -10905.6228  EKtot   =      1904.6628  EPtot      =    -12810.2856
 BOND   =         7.7203  ANGLE   =        15.0201  DIHED      =         8.9512
 1-4 NB =        12.1001  1-4 EEL =      -597.1238  VDWAALS    =      2496.7521
 EELEC  =    -14760.3656  EHBOND  =         0.0000  RESTRAINT  =         6.6601
 EAMBER (non-restraint)  =    -12816.9457
 EKCMT  =         0.0000  VIRIAL  =         0.0000  VOLUME     =     31920.9771
                                                    Density    =         1.0162
 Ewald error estimate:   0.3336E-03
 ------------------------------------------------------------------------------

wrapping first mol.:       23.05840      -16.30475       28.24066

 NSTEP =    14000   TIME(PS) =      48.000  TEMP(K) =   301.58  PRESS =     0.0
 Etot   =    -10879.9315  EKtot   =      1947.7296  EPtot      =    -12827.6611
 BOND   =         7.0257  ANGLE   =        13.7232  DIHED      =         9.6142
 1-4 NB =        12.2336  1-4 EEL =      -598.4651  VDWAALS    =      2468.5604
 EELEC  =    -14747.0984  EHBOND  =         0.0000  RESTRAINT  =         6.7452
 EAMBER (non-restraint)  =    -12834.4063
 EKCMT  =         0.0000  VIRIAL  =         0.0000  VOLUME     =     31852.2047
                                                    Density    =         1.0183
 Ewald error estimate:   0.4868E-03
 ------------------------------------------------------------------------------

wrapping first mol.:       23.08727      -16.32516       28.27602

 NSTEP =    14500   TIME(PS) =      49.000  TEMP(K) =   293.25  PRESS =     0.0
 Etot   =    -10892.3371  EKtot   =      1893.9021  EPtot      =    -12786.2392
 BOND   =         8.2992  ANGLE   =        12.5221  DIHED      =        11.5847
 1-4 NB =        12.6970  1-4 EEL =      -602.7567  VDWAALS    =      2453.8871
 EELEC  =    -14687.6404  EHBOND  =         0.0000  RESTRAINT  =         5.1677
 EAMBER (non-restraint)  =    -12791.4069
 EKCMT  =         0.0000  VIRIAL  =         0.0000  VOLUME     =     31971.9868
                                                    Density    =         1.0145
 Ewald error estimate:   0.3214E-03
 ------------------------------------------------------------------------------

wrapping first mol.:       23.12599      -16.35254       28.32343

 NSTEP =    15000   TIME(PS) =      50.000  TEMP(K) =   295.58  PRESS =     0.0
 Etot   =    -10910.2695  EKtot   =      1908.9696  EPtot      =    -12819.2390
 BOND   =         4.0725  ANGLE   =        14.7522  DIHED      =        11.6776
 1-4 NB =        11.7923  1-4 EEL =      -602.5286  VDWAALS    =      2501.2922
 EELEC  =    -14765.9621  EHBOND  =         0.0000  RESTRAINT  =         5.6648
 EAMBER (non-restraint)  =    -12824.9039
 EKCMT  =         0.0000  VIRIAL  =         0.0000  VOLUME     =     32133.1064
                                                    Density    =         1.0094
 Ewald error estimate:   0.3092E-03
 ------------------------------------------------------------------------------

wrapping first mol.:       23.16803      -16.38227       28.37493

 NSTEP =    15500   TIME(PS) =      51.000  TEMP(K) =   290.89  PRESS =     0.0
 Etot   =    -10912.9600  EKtot   =      1878.6499  EPtot      =    -12791.6098
 BOND   =         7.3529  ANGLE   =        12.3355  DIHED      =         9.3393
 1-4 NB =        12.2762  1-4 EEL =      -599.7603  VDWAALS    =      2448.9225
 EELEC  =    -14687.8295  EHBOND  =         0.0000  RESTRAINT  =         5.7536
 EAMBER (non-restraint)  =    -12797.3635
 EKCMT  =         0.0000  VIRIAL  =         0.0000  VOLUME     =     32308.6785
                                                    Density    =         1.0040
 Ewald error estimate:   0.2200E-03
 ------------------------------------------------------------------------------

wrapping first mol.:       23.17136      -16.38462       28.37900

 NSTEP =    16000   TIME(PS) =      52.000  TEMP(K) =   294.06  PRESS =     0.0
 Etot   =    -10919.3674  EKtot   =      1899.1808  EPtot      =    -12818.5482
 BOND   =         7.7983  ANGLE   =        13.9842  DIHED      =        16.0008
 1-4 NB =        11.5960  1-4 EEL =      -601.3847  VDWAALS    =      2393.2239
 EELEC  =    -14668.9000  EHBOND  =         0.0000  RESTRAINT  =         9.1333
 EAMBER (non-restraint)  =    -12827.6815
 EKCMT  =         0.0000  VIRIAL  =         0.0000  VOLUME     =     32322.6044
                                                    Density    =         1.0035
 Ewald error estimate:   0.1763E-03
 ------------------------------------------------------------------------------

wrapping first mol.:       23.13267      -16.35726       28.33162

 NSTEP =    16500   TIME(PS) =      53.000  TEMP(K) =   291.54  PRESS =     0.0
 Etot   =    -10928.5526  EKtot   =      1882.8800  EPtot      =    -12811.4326
 BOND   =         8.7686  ANGLE   =        14.6294  DIHED      =        12.3400
 1-4 NB =        11.9404  1-4 EEL =      -595.5948  VDWAALS    =      2412.0516
 EELEC  =    -14684.5054  EHBOND  =         0.0000  RESTRAINT  =         8.9376
 EAMBER (non-restraint)  =    -12820.3702
 EKCMT  =         0.0000  VIRIAL  =         0.0000  VOLUME     =     32160.9596
                                                    Density    =         1.0086
 Ewald error estimate:   0.3993E-04
 ------------------------------------------------------------------------------

wrapping first mol.:       23.07232      -16.31459       28.25771

 NSTEP =    17000   TIME(PS) =      54.000  TEMP(K) =   301.40  PRESS =     0.0
 Etot   =    -11000.1439  EKtot   =      1946.5685  EPtot      =    -12946.7124
 BOND   =         7.7736  ANGLE   =        13.1864  DIHED      =        12.1080
 1-4 NB =        11.6657  1-4 EEL =      -603.2178  VDWAALS    =      2414.7772
 EELEC  =    -14814.2359  EHBOND  =         0.0000  RESTRAINT  =        11.2305
 EAMBER (non-restraint)  =    -12957.9429
 EKCMT  =         0.0000  VIRIAL  =         0.0000  VOLUME     =     31909.9317
                                                    Density    =         1.0165
 Ewald error estimate:   0.1235E-03
 ------------------------------------------------------------------------------

wrapping first mol.:       23.10041      -16.33445       28.29211

 NSTEP =    17500   TIME(PS) =      55.000  TEMP(K) =   301.26  PRESS =     0.0
 Etot   =    -10966.7296  EKtot   =      1945.6641  EPtot      =    -12912.3937
 BOND   =         4.8179  ANGLE   =        14.0630  DIHED      =        12.1118
 1-4 NB =        12.8528  1-4 EEL =      -602.4731  VDWAALS    =      2473.3943
 EELEC  =    -14831.6726  EHBOND  =         0.0000  RESTRAINT  =         4.5122
 EAMBER (non-restraint)  =    -12916.9059
 EKCMT  =         0.0000  VIRIAL  =         0.0000  VOLUME     =     32026.5992
                                                    Density    =         1.0128
 Ewald error estimate:   0.1691E-03
 ------------------------------------------------------------------------------

wrapping first mol.:       23.14999      -16.36951       28.35283

 NSTEP =    18000   TIME(PS) =      56.000  TEMP(K) =   303.04  PRESS =     0.0
 Etot   =    -10922.5162  EKtot   =      1957.1529  EPtot      =    -12879.6691
 BOND   =         4.9739  ANGLE   =         8.8060  DIHED      =         9.7307
 1-4 NB =        12.9164  1-4 EEL =      -600.3196  VDWAALS    =      2603.3724
 EELEC  =    -14927.0123  EHBOND  =         0.0000  RESTRAINT  =         7.8635
 EAMBER (non-restraint)  =    -12887.5325
 EKCMT  =         0.0000  VIRIAL  =         0.0000  VOLUME     =     32233.2501
                                                    Density    =         1.0063
 Ewald error estimate:   0.3410E-04
 ------------------------------------------------------------------------------

wrapping first mol.:       23.16820      -16.38239       28.37513

 NSTEP =    18500   TIME(PS) =      57.000  TEMP(K) =   300.44  PRESS =     0.0
 Etot   =    -10964.6567  EKtot   =      1940.3431  EPtot      =    -12904.9998
 BOND   =         6.6721  ANGLE   =        13.4050  DIHED      =        11.0319
 1-4 NB =        12.7298  1-4 EEL =      -603.5108  VDWAALS    =      2451.5180
 EELEC  =    -14805.3953  EHBOND  =         0.0000  RESTRAINT  =         8.5495
 EAMBER (non-restraint)  =    -12913.5493
 EKCMT  =         0.0000  VIRIAL  =         0.0000  VOLUME     =     32309.3768
                                                    Density    =         1.0039
 Ewald error estimate:   0.2442E-03
 ------------------------------------------------------------------------------

wrapping first mol.:       23.15333      -16.37187       28.35692

 NSTEP =    19000   TIME(PS) =      58.000  TEMP(K) =   294.36  PRESS =     0.0
 Etot   =    -10978.0851  EKtot   =      1901.0743  EPtot      =    -12879.1594
 BOND   =         6.5693  ANGLE   =        16.4878  DIHED      =        10.7244
 1-4 NB =        12.7847  1-4 EEL =      -600.1347  VDWAALS    =      2495.7100
 EELEC  =    -14827.3624  EHBOND  =         0.0000  RESTRAINT  =         6.0616
 EAMBER (non-restraint)  =    -12885.2210
 EKCMT  =         0.0000  VIRIAL  =         0.0000  VOLUME     =     32247.1993
                                                    Density    =         1.0059
 Ewald error estimate:   0.2127E-03
 ------------------------------------------------------------------------------

wrapping first mol.:       23.19483      -16.40122       28.40775

 NSTEP =    19500   TIME(PS) =      59.000  TEMP(K) =   294.91  PRESS =     0.0
 Etot   =    -10951.8223  EKtot   =      1904.6269  EPtot      =    -12856.4492
 BOND   =         9.2524  ANGLE   =        15.4372  DIHED      =        12.0821
 1-4 NB =        13.2867  1-4 EEL =      -599.9996  VDWAALS    =      2486.5179
 EELEC  =    -14802.3329  EHBOND  =         0.0000  RESTRAINT  =         9.3072
 EAMBER (non-restraint)  =    -12865.7563
 EKCMT  =         0.0000  VIRIAL  =         0.0000  VOLUME     =     32420.9206
                                                    Density    =         1.0005
 Ewald error estimate:   0.1420E-03
 ------------------------------------------------------------------------------

wrapping first mol.:       23.24503      -16.43672       28.46923

 NSTEP =    20000   TIME(PS) =      60.000  TEMP(K) =   290.98  PRESS =     0.0
 Etot   =    -10924.1972  EKtot   =      1879.2849  EPtot      =    -12803.4820
 BOND   =         8.1905  ANGLE   =        15.2597  DIHED      =        14.1394
 1-4 NB =        13.5093  1-4 EEL =      -604.1982  VDWAALS    =      2426.7021
 EELEC  =    -14686.1831  EHBOND  =         0.0000  RESTRAINT  =         9.0982
 EAMBER (non-restraint)  =    -12812.5803
 EKCMT  =         0.0000  VIRIAL  =         0.0000  VOLUME     =     32631.8907
                                                    Density    =         0.9940
 Ewald error estimate:   0.2370E-03
 ------------------------------------------------------------------------------

wrapping first mol.:       23.21353      -16.41444       28.43065

 NSTEP =    20500   TIME(PS) =      61.000  TEMP(K) =   292.60  PRESS =     0.0
 Etot   =    -10979.7088  EKtot   =      1889.7463  EPtot      =    -12869.4552
 BOND   =         8.2321  ANGLE   =        16.4162  DIHED      =        12.9901
 1-4 NB =        12.5467  1-4 EEL =      -603.2749  VDWAALS    =      2375.3475
 EELEC  =    -14700.0867  EHBOND  =         0.0000  RESTRAINT  =         8.3739
 EAMBER (non-restraint)  =    -12877.8290
 EKCMT  =         0.0000  VIRIAL  =         0.0000  VOLUME     =     32499.3890
                                                    Density    =         0.9981
 Ewald error estimate:   0.4948E-04
 ------------------------------------------------------------------------------

wrapping first mol.:       23.11431      -16.34428       28.30913

 NSTEP =    21000   TIME(PS) =      62.000  TEMP(K) =   297.09  PRESS =     0.0
 Etot   =    -10989.4059  EKtot   =      1918.7170  EPtot      =    -12908.1229
 BOND   =         6.7384  ANGLE   =        11.9775  DIHED      =        12.6959
 1-4 NB =        11.6265  1-4 EEL =      -599.2738  VDWAALS    =      2504.4432
 EELEC  =    -14864.5832  EHBOND  =         0.0000  RESTRAINT  =         8.2526
 EAMBER (non-restraint)  =    -12916.3755
 EKCMT  =         0.0000  VIRIAL  =         0.0000  VOLUME     =     32084.4552
                                                    Density    =         1.0110
 Ewald error estimate:   0.3141E-04
 ------------------------------------------------------------------------------

wrapping first mol.:       23.22885      -16.42528       28.44942

 NSTEP =    21500   TIME(PS) =      63.000  TEMP(K) =   291.33  PRESS =     0.0
 Etot   =    -10980.1585  EKtot   =      1881.5042  EPtot      =    -12861.6626
 BOND   =         6.0724  ANGLE   =        14.0161  DIHED      =         9.9683
 1-4 NB =        11.4567  1-4 EEL =      -601.8508  VDWAALS    =      2471.9705
 EELEC  =    -14782.6239  EHBOND  =         0.0000  RESTRAINT  =         9.3280
 EAMBER (non-restraint)  =    -12870.9906
 EKCMT  =         0.0000  VIRIAL  =         0.0000  VOLUME     =     32563.8112
                                                    Density    =         0.9961
 Ewald error estimate:   0.1758E-03
 ------------------------------------------------------------------------------

wrapping first mol.:       23.24554      -16.43707       28.46985

 NSTEP =    22000   TIME(PS) =      64.000  TEMP(K) =   303.19  PRESS =     0.0
 Etot   =    -10867.9242  EKtot   =      1958.1093  EPtot      =    -12826.0335
 BOND   =         5.7604  ANGLE   =        12.7189  DIHED      =        13.1415
 1-4 NB =        13.7544  1-4 EEL =      -603.9214  VDWAALS    =      2373.0697
 EELEC  =    -14650.8460  EHBOND  =         0.0000  RESTRAINT  =        10.2891
 EAMBER (non-restraint)  =    -12836.3226
 EKCMT  =         0.0000  VIRIAL  =         0.0000  VOLUME     =     32634.0219
                                                    Density    =         0.9939
 Ewald error estimate:   0.1035E-03
 ------------------------------------------------------------------------------

wrapping first mol.:       23.14209      -16.36393       28.34316

 NSTEP =    22500   TIME(PS) =      65.000  TEMP(K) =   298.34  PRESS =     0.0
 Etot   =    -10935.9941  EKtot   =      1926.7989  EPtot      =    -12862.7930
 BOND   =         6.1403  ANGLE   =        11.3284  DIHED      =        10.8562
 1-4 NB =        13.0303  1-4 EEL =      -602.9736  VDWAALS    =      2499.3011
 EELEC  =    -14807.2591  EHBOND  =         0.0000  RESTRAINT  =         6.7835
 EAMBER (non-restraint)  =    -12869.5765
 EKCMT  =         0.0000  VIRIAL  =         0.0000  VOLUME     =     32200.2831
                                                    Density    =         1.0073
 Ewald error estimate:   0.1638E-03
 ------------------------------------------------------------------------------

wrapping first mol.:       23.22989      -16.42601       28.45069

 NSTEP =    23000   TIME(PS) =      66.000  TEMP(K) =   297.61  PRESS =     0.0
 Etot   =    -10946.0807  EKtot   =      1922.0736  EPtot      =    -12868.1544
 BOND   =         8.8663  ANGLE   =        15.4518  DIHED      =        12.5871
 1-4 NB =        14.7647  1-4 EEL =      -606.9779  VDWAALS    =      2593.8387
 EELEC  =    -14916.8751  EHBOND  =         0.0000  RESTRAINT  =        10.1900
 EAMBER (non-restraint)  =    -12878.3443
 EKCMT  =         0.0000  VIRIAL  =         0.0000  VOLUME     =     32568.1834
                                                    Density    =         0.9960
 Ewald error estimate:   0.6657E-04
 ------------------------------------------------------------------------------

wrapping first mol.:       23.24312      -16.43536       28.46689

 NSTEP =    23500   TIME(PS) =      67.000  TEMP(K) =   300.32  PRESS =     0.0
 Etot   =    -10972.7579  EKtot   =      1939.5758  EPtot      =    -12912.3337
 BOND   =        10.1832  ANGLE   =        14.3047  DIHED      =         9.0097
 1-4 NB =        14.4524  1-4 EEL =      -609.4165  VDWAALS    =      2512.9431
 EELEC  =    -14872.3442  EHBOND  =         0.0000  RESTRAINT  =         8.5340
 EAMBER (non-restraint)  =    -12920.8677
 EKCMT  =         0.0000  VIRIAL  =         0.0000  VOLUME     =     32623.8287
                                                    Density    =         0.9943
 Ewald error estimate:   0.7158E-05
 ------------------------------------------------------------------------------

wrapping first mol.:       23.14764      -16.36785       28.34996

 NSTEP =    24000   TIME(PS) =      68.000  TEMP(K) =   294.98  PRESS =     0.0
 Etot   =    -11072.0756  EKtot   =      1905.1142  EPtot      =    -12977.1899
 BOND   =         7.5030  ANGLE   =        14.6614  DIHED      =        11.8435
 1-4 NB =        11.2435  1-4 EEL =      -598.6025  VDWAALS    =      2581.4138
 EELEC  =    -15017.5242  EHBOND  =         0.0000  RESTRAINT  =        12.2716
 EAMBER (non-restraint)  =    -12989.4615
 EKCMT  =         0.0000  VIRIAL  =         0.0000  VOLUME     =     32223.4621
                                                    Density    =         1.0066
 Ewald error estimate:   0.9355E-05
 ------------------------------------------------------------------------------

wrapping first mol.:       23.23522      -16.42978       28.45722

 NSTEP =    24500   TIME(PS) =      69.000  TEMP(K) =   294.24  PRESS =     0.0
 Etot   =    -11029.0617  EKtot   =      1900.3276  EPtot      =    -12929.3893
 BOND   =         6.7851  ANGLE   =        13.0225  DIHED      =        12.6263
 1-4 NB =        11.3808  1-4 EEL =      -600.8467  VDWAALS    =      2518.7059
 EELEC  =    -14899.4750  EHBOND  =         0.0000  RESTRAINT  =         8.4118
 EAMBER (non-restraint)  =    -12937.8011
 EKCMT  =         0.0000  VIRIAL  =         0.0000  VOLUME     =     32590.6010
                                                    Density    =         0.9953
 Ewald error estimate:   0.5795E-04
 ------------------------------------------------------------------------------

wrapping first mol.:       23.20648      -16.40946       28.42202

 NSTEP =    25000   TIME(PS) =      70.000  TEMP(K) =   297.00  PRESS =     0.0
 Etot   =    -11016.5909  EKtot   =      1918.1491  EPtot      =    -12934.7400
 BOND   =         7.5069  ANGLE   =        13.2950  DIHED      =         9.3471
 1-4 NB =        13.0136  1-4 EEL =      -600.2199  VDWAALS    =      2549.8602
 EELEC  =    -14941.9429  EHBOND  =         0.0000  RESTRAINT  =        14.4000
 EAMBER (non-restraint)  =    -12949.1400
 EKCMT  =         0.0000  VIRIAL  =         0.0000  VOLUME     =     32469.8097
                                                    Density    =         0.9990
 Ewald error estimate:   0.3093E-03
 ------------------------------------------------------------------------------

wrapping first mol.:       23.14621      -16.36684       28.34820

 NSTEP =    25500   TIME(PS) =      71.000  TEMP(K) =   299.21  PRESS =     0.0
 Etot   =    -10952.9526  EKtot   =      1932.4160  EPtot      =    -12885.3685
 BOND   =         9.1155  ANGLE   =        13.1241  DIHED      =        12.7874
 1-4 NB =        10.1797  1-4 EEL =      -591.2890  VDWAALS    =      2512.4817
 EELEC  =    -14860.9564  EHBOND  =         0.0000  RESTRAINT  =         9.1885
 EAMBER (non-restraint)  =    -12894.5570
 EKCMT  =         0.0000  VIRIAL  =         0.0000  VOLUME     =     32217.4653
                                                    Density    =         1.0068
 Ewald error estimate:   0.7123E-04
 ------------------------------------------------------------------------------

wrapping first mol.:       23.17093      -16.38432       28.37847

 NSTEP =    26000   TIME(PS) =      72.000  TEMP(K) =   295.67  PRESS =     0.0
 Etot   =    -10884.0383  EKtot   =      1909.5520  EPtot      =    -12793.5903
 BOND   =         7.0315  ANGLE   =        16.4283  DIHED      =        12.5191
 1-4 NB =        12.7908  1-4 EEL =      -601.9040  VDWAALS    =      2515.9101
 EELEC  =    -14767.7231  EHBOND  =         0.0000  RESTRAINT  =        11.3569
 EAMBER (non-restraint)  =    -12804.9472
 EKCMT  =         0.0000  VIRIAL  =         0.0000  VOLUME     =     32320.7997
                                                    Density    =         1.0036
 Ewald error estimate:   0.3712E-03
 ------------------------------------------------------------------------------

wrapping first mol.:       23.16078      -16.37714       28.36605

 NSTEP =    26500   TIME(PS) =      73.000  TEMP(K) =   301.30  PRESS =     0.0
 Etot   =    -10823.3610  EKtot   =      1945.9274  EPtot      =    -12769.2885
 BOND   =         7.3836  ANGLE   =        11.3553  DIHED      =        11.6278
 1-4 NB =        12.4879  1-4 EEL =      -602.9805  VDWAALS    =      2415.8884
 EELEC  =    -14631.4146  EHBOND  =         0.0000  RESTRAINT  =         6.3636
 EAMBER (non-restraint)  =    -12775.6521
 EKCMT  =         0.0000  VIRIAL  =         0.0000  VOLUME     =     32278.3719
                                                    Density    =         1.0049
 Ewald error estimate:   0.1957E-03
 ------------------------------------------------------------------------------

wrapping first mol.:       23.15810      -16.37525       28.36276

 NSTEP =    27000   TIME(PS) =      74.000  TEMP(K) =   301.35  PRESS =     0.0
 Etot   =    -10831.8417  EKtot   =      1946.2319  EPtot      =    -12778.0736
 BOND   =         6.6770  ANGLE   =        18.9365  DIHED      =        13.1217
 1-4 NB =        12.2568  1-4 EEL =      -603.3318  VDWAALS    =      2428.6237
 EELEC  =    -14664.1746  EHBOND  =         0.0000  RESTRAINT  =         9.8171
 EAMBER (non-restraint)  =    -12787.8907
 EKCMT  =         0.0000  VIRIAL  =         0.0000  VOLUME     =     32267.1442
                                                    Density    =         1.0053
 Ewald error estimate:   0.2965E-03
 ------------------------------------------------------------------------------

wrapping first mol.:       23.18412      -16.39365       28.39464

 NSTEP =    27500   TIME(PS) =      75.000  TEMP(K) =   302.66  PRESS =     0.0
 Etot   =    -10880.4908  EKtot   =      1954.6674  EPtot      =    -12835.1583
 BOND   =         3.0220  ANGLE   =        15.7381  DIHED      =         9.9848
 1-4 NB =        12.3354  1-4 EEL =      -601.4744  VDWAALS    =      2506.0100
 EELEC  =    -14789.5214  EHBOND  =         0.0000  RESTRAINT  =         8.7473
 EAMBER (non-restraint)  =    -12843.9055
 EKCMT  =         0.0000  VIRIAL  =         0.0000  VOLUME     =     32376.0484
                                                    Density    =         1.0019
 Ewald error estimate:   0.3576E-03
 ------------------------------------------------------------------------------

wrapping first mol.:       23.17769      -16.38910       28.38676

 NSTEP =    28000   TIME(PS) =      76.000  TEMP(K) =   293.99  PRESS =     0.0
 Etot   =    -10996.6325  EKtot   =      1898.6783  EPtot      =    -12895.3109
 BOND   =         6.9172  ANGLE   =        15.0084  DIHED      =        13.1472
 1-4 NB =        12.4406  1-4 EEL =      -605.1902  VDWAALS    =      2552.6853
 EELEC  =    -14899.4651  EHBOND  =         0.0000  RESTRAINT  =         9.1457
 EAMBER (non-restraint)  =    -12904.4566
 EKCMT  =         0.0000  VIRIAL  =         0.0000  VOLUME     =     32349.1112
                                                    Density    =         1.0027
 Ewald error estimate:   0.6505E-04
 ------------------------------------------------------------------------------

wrapping first mol.:       23.25186      -16.44154       28.47760

 NSTEP =    28500   TIME(PS) =      77.000  TEMP(K) =   292.27  PRESS =     0.0
 Etot   =    -11039.7668  EKtot   =      1887.5932  EPtot      =    -12927.3600
 BOND   =        10.9715  ANGLE   =        16.7869  DIHED      =         8.6405
 1-4 NB =        13.8652  1-4 EEL =      -606.9589  VDWAALS    =      2535.6986
 EELEC  =    -14915.3298  EHBOND  =         0.0000  RESTRAINT  =         8.9661
 EAMBER (non-restraint)  =    -12936.3261
 EKCMT  =         0.0000  VIRIAL  =         0.0000  VOLUME     =     32660.6550
                                                    Density    =         0.9931
 Ewald error estimate:   0.2907E-04
 ------------------------------------------------------------------------------

wrapping first mol.:       23.19001      -16.39781       28.40185

 NSTEP =    29000   TIME(PS) =      78.000  TEMP(K) =   296.69  PRESS =     0.0
 Etot   =    -10952.8632  EKtot   =      1916.1385  EPtot      =    -12869.0017
 BOND   =         6.4095  ANGLE   =        16.8441  DIHED      =        10.6488
 1-4 NB =        11.8343  1-4 EEL =      -602.3677  VDWAALS    =      2405.9653
 EELEC  =    -14726.2165  EHBOND  =         0.0000  RESTRAINT  =         7.8805
 EAMBER (non-restraint)  =    -12876.8822
 EKCMT  =         0.0000  VIRIAL  =         0.0000  VOLUME     =     32400.7389
                                                    Density    =         1.0011
 Ewald error estimate:   0.1066E-03
 ------------------------------------------------------------------------------

wrapping first mol.:       23.17859      -16.38973       28.38786

 NSTEP =    29500   TIME(PS) =      79.000  TEMP(K) =   301.81  PRESS =     0.0
 Etot   =    -10881.3492  EKtot   =      1949.2323  EPtot      =    -12830.5815
 BOND   =         9.4551  ANGLE   =        13.4003  DIHED      =        14.5380
 1-4 NB =        15.1380  1-4 EEL =      -602.4259  VDWAALS    =      2468.4152
 EELEC  =    -14760.9343  EHBOND  =         0.0000  RESTRAINT  =        11.8322
 EAMBER (non-restraint)  =    -12842.4136
 EKCMT  =         0.0000  VIRIAL  =         0.0000  VOLUME     =     32352.8671
                                                    Density    =         1.0026
 Ewald error estimate:   0.4651E-04
 ------------------------------------------------------------------------------

wrapping first mol.:       23.15484      -16.37294       28.35877

 NSTEP =    30000   TIME(PS) =      80.000  TEMP(K) =   301.03  PRESS =     0.0
 Etot   =    -10903.3205  EKtot   =      1944.1682  EPtot      =    -12847.4886
 BOND   =        13.4542  ANGLE   =        12.1883  DIHED      =        13.3844
 1-4 NB =        11.7616  1-4 EEL =      -599.6741  VDWAALS    =      2457.1720
 EELEC  =    -14761.8988  EHBOND  =         0.0000  RESTRAINT  =         6.1239
 EAMBER (non-restraint)  =    -12853.6126
 EKCMT  =         0.0000  VIRIAL  =         0.0000  VOLUME     =     32253.5303
                                                    Density    =         1.0057
 Ewald error estimate:   0.3529E-03
 ------------------------------------------------------------------------------

wrapping first mol.:       23.20943      -16.41154       28.42563

 NSTEP =    30500   TIME(PS) =      81.000  TEMP(K) =   293.11  PRESS =     0.0
 Etot   =    -10905.3464  EKtot   =      1893.0154  EPtot      =    -12798.3618
 BOND   =         6.9560  ANGLE   =        15.6185  DIHED      =        10.5297
 1-4 NB =        10.9236  1-4 EEL =      -596.4612  VDWAALS    =      2454.9912
 EELEC  =    -14708.0508  EHBOND  =         0.0000  RESTRAINT  =         7.1311
 EAMBER (non-restraint)  =    -12805.4929
 EKCMT  =         0.0000  VIRIAL  =         0.0000  VOLUME     =     32482.1875
                                                    Density    =         0.9986
 Ewald error estimate:   0.4912E-03
 ------------------------------------------------------------------------------

wrapping first mol.:       23.24941      -16.43981       28.47459

 NSTEP =    31000   TIME(PS) =      82.000  TEMP(K) =   301.04  PRESS =     0.0
 Etot   =    -10907.9893  EKtot   =      1944.2091  EPtot      =    -12852.1984
 BOND   =         4.7800  ANGLE   =        18.7128  DIHED      =        11.2112
 1-4 NB =        12.1607  1-4 EEL =      -597.6890  VDWAALS    =      2473.4969
 EELEC  =    -14783.1377  EHBOND  =         0.0000  RESTRAINT  =         8.2666
 EAMBER (non-restraint)  =    -12860.4650
 EKCMT  =         0.0000  VIRIAL  =         0.0000  VOLUME     =     32650.3270
                                                    Density    =         0.9935
 Ewald error estimate:   0.1417E-03
 ------------------------------------------------------------------------------

wrapping first mol.:       23.24941      -16.43981       28.47459

 NSTEP =    31500   TIME(PS) =      83.000  TEMP(K) =   304.83  PRESS =     0.0
 Etot   =    -10840.8130  EKtot   =      1968.7331  EPtot      =    -12809.5461
 BOND   =         9.1816  ANGLE   =        15.4996  DIHED      =        11.9736
 1-4 NB =        13.3804  1-4 EEL =      -599.5047  VDWAALS    =      2415.0711
 EELEC  =    -14682.7823  EHBOND  =         0.0000  RESTRAINT  =         7.6345
 EAMBER (non-restraint)  =    -12817.1806
 EKCMT  =         0.0000  VIRIAL  =         0.0000  VOLUME     =     32650.3270
                                                    Density    =         0.9935
 Ewald error estimate:   0.1219E-03
 ------------------------------------------------------------------------------

wrapping first mol.:       23.22355      -16.42153       28.44293

 NSTEP =    32000   TIME(PS) =      84.000  TEMP(K) =   306.58  PRESS =     0.0
 Etot   =    -10956.0313  EKtot   =      1980.0358  EPtot      =    -12936.0671
 BOND   =         7.6988  ANGLE   =        15.8324  DIHED      =         9.6116
 1-4 NB =        12.3427  1-4 EEL =      -602.5165  VDWAALS    =      2591.1586
 EELEC  =    -14977.0369  EHBOND  =         0.0000  RESTRAINT  =         6.8421
 EAMBER (non-restraint)  =    -12942.9092
 EKCMT  =         0.0000  VIRIAL  =         0.0000  VOLUME     =     32541.5234
                                                    Density    =         0.9968
 Ewald error estimate:   0.6419E-04
 ------------------------------------------------------------------------------

wrapping first mol.:       23.23319      -16.42834       28.45473

 NSTEP =    32500   TIME(PS) =      85.000  TEMP(K) =   299.79  PRESS =     0.0
 Etot   =    -10955.4477  EKtot   =      1936.1846  EPtot      =    -12891.6323
 BOND   =         8.2375  ANGLE   =        17.3208  DIHED      =        12.3661
 1-4 NB =        12.6753  1-4 EEL =      -601.2250  VDWAALS    =      2526.3065
 EELEC  =    -14874.6196  EHBOND  =         0.0000  RESTRAINT  =         7.3061
 EAMBER (non-restraint)  =    -12898.9385
 EKCMT  =         0.0000  VIRIAL  =         0.0000  VOLUME     =     32582.0405
                                                    Density    =         0.9955
 Ewald error estimate:   0.1403E-03
 ------------------------------------------------------------------------------

wrapping first mol.:       23.21886      -16.41821       28.43718

 NSTEP =    33000   TIME(PS) =      86.000  TEMP(K) =   287.09  PRESS =     0.0
 Etot   =    -11040.6249  EKtot   =      1854.1454  EPtot      =    -12894.7703
 BOND   =         7.0684  ANGLE   =        15.9746  DIHED      =        10.0654
 1-4 NB =        10.7972  1-4 EEL =      -595.7391  VDWAALS    =      2549.2542
 EELEC  =    -14901.1917  EHBOND  =         0.0000  RESTRAINT  =         9.0008
 EAMBER (non-restraint)  =    -12903.7711
 EKCMT  =         0.0000  VIRIAL  =         0.0000  VOLUME     =     32521.7888
                                                    Density    =         0.9974
 Ewald error estimate:   0.1250E-03
 ------------------------------------------------------------------------------

wrapping first mol.:       23.15855      -16.37557       28.36332

 NSTEP =    33500   TIME(PS) =      87.000  TEMP(K) =   303.77  PRESS =     0.0
 Etot   =    -10955.2470  EKtot   =      1961.8552  EPtot      =    -12917.1022
 BOND   =         8.6915  ANGLE   =        18.1635  DIHED      =        10.3280
 1-4 NB =        12.7140  1-4 EEL =      -600.9618  VDWAALS    =      2625.1396
 EELEC  =    -15000.8004  EHBOND  =         0.0000  RESTRAINT  =         9.6235
 EAMBER (non-restraint)  =    -12926.7257
 EKCMT  =         0.0000  VIRIAL  =         0.0000  VOLUME     =     32269.0482
                                                    Density    =         1.0052
 Ewald error estimate:   0.7440E-04
 ------------------------------------------------------------------------------

wrapping first mol.:       23.15855      -16.37557       28.36332

 NSTEP =    34000   TIME(PS) =      88.000  TEMP(K) =   295.88  PRESS =     0.0
 Etot   =    -11046.8013  EKtot   =      1910.9247  EPtot      =    -12957.7260
 BOND   =         6.2408  ANGLE   =        12.1309  DIHED      =        10.4784
 1-4 NB =        12.2905  1-4 EEL =      -596.2168  VDWAALS    =      2609.7541
 EELEC  =    -15019.9697  EHBOND  =         0.0000  RESTRAINT  =         7.5657
 EAMBER (non-restraint)  =    -12965.2918
 EKCMT  =         0.0000  VIRIAL  =         0.0000  VOLUME     =     32269.0482
                                                    Density    =         1.0052
 Ewald error estimate:   0.3072E-03
 ------------------------------------------------------------------------------

wrapping first mol.:       23.22836      -16.42493       28.44881

 NSTEP =    34500   TIME(PS) =      89.000  TEMP(K) =   291.60  PRESS =     0.0
 Etot   =    -10973.3295  EKtot   =      1883.2400  EPtot      =    -12856.5695
 BOND   =        10.7691  ANGLE   =        15.9787  DIHED      =        13.7914
 1-4 NB =        12.4671  1-4 EEL =      -602.1153  VDWAALS    =      2482.5392
 EELEC  =    -14799.8726  EHBOND  =         0.0000  RESTRAINT  =         9.8731
 EAMBER (non-restraint)  =    -12866.4425
 EKCMT  =         0.0000  VIRIAL  =         0.0000  VOLUME     =     32561.7185
                                                    Density    =         0.9962
 Ewald error estimate:   0.5884E-03
 ------------------------------------------------------------------------------

wrapping first mol.:       23.19845      -16.40378       28.41219

 NSTEP =    35000   TIME(PS) =      90.000  TEMP(K) =   295.31  PRESS =     0.0
 Etot   =    -10868.4795  EKtot   =      1907.2503  EPtot      =    -12775.7298
 BOND   =         7.5801  ANGLE   =        16.4234  DIHED      =        10.6588
 1-4 NB =        11.9498  1-4 EEL =      -593.8872  VDWAALS    =      2492.0603
 EELEC  =    -14730.1140  EHBOND  =         0.0000  RESTRAINT  =         9.5990
 EAMBER (non-restraint)  =    -12785.3288
 EKCMT  =         0.0000  VIRIAL  =         0.0000  VOLUME     =     32436.1178
                                                    Density    =         1.0000
 Ewald error estimate:   0.1231E-03
 ------------------------------------------------------------------------------

wrapping first mol.:       23.15746      -16.37479       28.36198

 NSTEP =    35500   TIME(PS) =      91.000  TEMP(K) =   296.46  PRESS =     0.0
 Etot   =    -10837.6697  EKtot   =      1914.6277  EPtot      =    -12752.2973
 BOND   =         8.7365  ANGLE   =        12.8467  DIHED      =        11.5339
 1-4 NB =        10.5294  1-4 EEL =      -593.4895  VDWAALS    =      2468.3822
 EELEC  =    -14676.3156  EHBOND  =         0.0000  RESTRAINT  =         5.4790
 EAMBER (non-restraint)  =    -12757.7763
 EKCMT  =         0.0000  VIRIAL  =         0.0000  VOLUME     =     32264.4757
                                                    Density    =         1.0053
 Ewald error estimate:   0.2930E-03
 ------------------------------------------------------------------------------

wrapping first mol.:       23.14742      -16.36770       28.34968

 NSTEP =    36000   TIME(PS) =      92.000  TEMP(K) =   303.53  PRESS =     0.0
 Etot   =    -10931.2345  EKtot   =      1960.3139  EPtot      =    -12891.5483
 BOND   =         6.9898  ANGLE   =         9.1173  DIHED      =        14.1673
 1-4 NB =        11.1247  1-4 EEL =      -593.5376  VDWAALS    =      2416.7522
 EELEC  =    -14761.6890  EHBOND  =         0.0000  RESTRAINT  =         5.5268
 EAMBER (non-restraint)  =    -12897.0752
 EKCMT  =         0.0000  VIRIAL  =         0.0000  VOLUME     =     32222.5324
                                                    Density    =         1.0066
 Ewald error estimate:   0.5000E-04
 ------------------------------------------------------------------------------

wrapping first mol.:       23.12620      -16.35269       28.32369

 NSTEP =    36500   TIME(PS) =      93.000  TEMP(K) =   297.94  PRESS =     0.0
 Etot   =    -10974.9020  EKtot   =      1924.1763  EPtot      =    -12899.0783
 BOND   =         5.3159  ANGLE   =         9.3250  DIHED      =        10.0974
 1-4 NB =        11.6706  1-4 EEL =      -598.9464  VDWAALS    =      2480.7573
 EELEC  =    -14823.3864  EHBOND  =         0.0000  RESTRAINT  =         6.0883
 EAMBER (non-restraint)  =    -12905.1666
 EKCMT  =         0.0000  VIRIAL  =         0.0000  VOLUME     =     32133.9737
                                                    Density    =         1.0094
 Ewald error estimate:   0.2783E-03
 ------------------------------------------------------------------------------

wrapping first mol.:       23.16946      -16.38328       28.37668

 NSTEP =    37000   TIME(PS) =      94.000  TEMP(K) =   292.08  PRESS =     0.0
 Etot   =    -11004.4258  EKtot   =      1886.3509  EPtot      =    -12890.7767
 BOND   =         4.1501  ANGLE   =        12.5399  DIHED      =        12.3962
 1-4 NB =        11.8058  1-4 EEL =      -598.7046  VDWAALS    =      2446.1431
 EELEC  =    -14784.6181  EHBOND  =         0.0000  RESTRAINT  =         5.5108
 EAMBER (non-restraint)  =    -12896.2875
 EKCMT  =         0.0000  VIRIAL  =         0.0000  VOLUME     =     32314.6558
                                                    Density    =         1.0038
 Ewald error estimate:   0.1297E-03
 ------------------------------------------------------------------------------

wrapping first mol.:       23.11112      -16.34203       28.30523

 NSTEP =    37500   TIME(PS) =      95.000  TEMP(K) =   297.27  PRESS =     0.0
 Etot   =    -11026.9109  EKtot   =      1919.8587  EPtot      =    -12946.7696
 BOND   =         5.4473  ANGLE   =        16.3260  DIHED      =        10.5291
 1-4 NB =        13.2733  1-4 EEL =      -597.4038  VDWAALS    =      2429.0290
 EELEC  =    -14831.1974  EHBOND  =         0.0000  RESTRAINT  =         7.2268
 EAMBER (non-restraint)  =    -12953.9964
 EKCMT  =         0.0000  VIRIAL  =         0.0000  VOLUME     =     32071.1799
                                                    Density    =         1.0114
 Ewald error estimate:   0.2804E-03
 ------------------------------------------------------------------------------

wrapping first mol.:       23.11810      -16.34697       28.31378

 NSTEP =    38000   TIME(PS) =      96.000  TEMP(K) =   299.27  PRESS =     0.0
 Etot   =    -11036.7862  EKtot   =      1932.7824  EPtot      =    -12969.5686
 BOND   =         5.2127  ANGLE   =        15.2584  DIHED      =        14.9845
 1-4 NB =        12.4284  1-4 EEL =      -603.0622  VDWAALS    =      2501.0498
 EELEC  =    -14922.5679  EHBOND  =         0.0000  RESTRAINT  =         7.1279
 EAMBER (non-restraint)  =    -12976.6964
 EKCMT  =         0.0000  VIRIAL  =         0.0000  VOLUME     =     32100.2575
                                                    Density    =         1.0105
 Ewald error estimate:   0.1328E-03
 ------------------------------------------------------------------------------

wrapping first mol.:       23.11810      -16.34697       28.31378

 NSTEP =    38500   TIME(PS) =      97.000  TEMP(K) =   299.58  PRESS =     0.0
 Etot   =    -10990.6013  EKtot   =      1934.7913  EPtot      =    -12925.3926
 BOND   =         5.4471  ANGLE   =        14.7268  DIHED      =         9.7195
 1-4 NB =        11.2181  1-4 EEL =      -596.4422  VDWAALS    =      2609.1744
 EELEC  =    -14987.5957  EHBOND  =         0.0000  RESTRAINT  =         8.3593
 EAMBER (non-restraint)  =    -12933.7519
 EKCMT  =         0.0000  VIRIAL  =         0.0000  VOLUME     =     32100.2575
                                                    Density    =         1.0105
 Ewald error estimate:   0.9870E-04
 ------------------------------------------------------------------------------

wrapping first mol.:       23.14012      -16.36253       28.34074

 NSTEP =    39000   TIME(PS) =      98.000  TEMP(K) =   286.95  PRESS =     0.0
 Etot   =    -11054.6367  EKtot   =      1853.2012  EPtot      =    -12907.8380
 BOND   =         8.0878  ANGLE   =        15.0560  DIHED      =        13.7116
 1-4 NB =        10.5176  1-4 EEL =      -595.9788  VDWAALS    =      2501.8050
 EELEC  =    -14867.8417  EHBOND  =         0.0000  RESTRAINT  =         6.8045
 EAMBER (non-restraint)  =    -12914.6425
 EKCMT  =         0.0000  VIRIAL  =         0.0000  VOLUME     =     32192.0454
                                                    Density    =         1.0076
 Ewald error estimate:   0.2438E-04
 ------------------------------------------------------------------------------

wrapping first mol.:       23.17195      -16.38504       28.37973

 NSTEP =    39500   TIME(PS) =      99.000  TEMP(K) =   291.03  PRESS =     0.0
 Etot   =    -11071.9264  EKtot   =      1879.5931  EPtot      =    -12951.5196
 BOND   =         5.7804  ANGLE   =        14.9697  DIHED      =        13.1508
 1-4 NB =        10.5332  1-4 EEL =      -600.8656  VDWAALS    =      2443.7331
 EELEC  =    -14846.9770  EHBOND  =         0.0000  RESTRAINT  =         8.1557
 EAMBER (non-restraint)  =    -12959.6753
 EKCMT  =         0.0000  VIRIAL  =         0.0000  VOLUME     =     32325.0964
                                                    Density    =         1.0034
 Ewald error estimate:   0.2191E-04
 ------------------------------------------------------------------------------

wrapping first mol.:       23.09038      -16.32736       28.27982

 NSTEP =    40000   TIME(PS) =     100.000  TEMP(K) =   288.09  PRESS =     0.0
 Etot   =    -11075.4975  EKtot   =      1860.5890  EPtot      =    -12936.0865
 BOND   =         7.7462  ANGLE   =        15.3906  DIHED      =        11.7297
 1-4 NB =        10.1956  1-4 EEL =      -587.0185  VDWAALS    =      2502.5331
 EELEC  =    -14904.5162  EHBOND  =         0.0000  RESTRAINT  =         7.8531
 EAMBER (non-restraint)  =    -12943.9396
 EKCMT  =         0.0000  VIRIAL  =         0.0000  VOLUME     =     31984.9075
                                                    Density    =         1.0141
 Ewald error estimate:   0.1047E-03
 ------------------------------------------------------------------------------

wrapping first mol.:       23.13438      -16.35848       28.33372

 NSTEP =    40500   TIME(PS) =     101.000  TEMP(K) =   297.81  PRESS =     0.0
 Etot   =    -11035.9121  EKtot   =      1923.3408  EPtot      =    -12959.2528
 BOND   =         4.2051  ANGLE   =        17.3565  DIHED      =        10.7927
 1-4 NB =        11.8464  1-4 EEL =      -599.1894  VDWAALS    =      2508.4428
 EELEC  =    -14919.0301  EHBOND  =         0.0000  RESTRAINT  =         6.3233
 EAMBER (non-restraint)  =    -12965.5761
 EKCMT  =         0.0000  VIRIAL  =         0.0000  VOLUME     =     32168.1116
                                                    Density    =         1.0083
 Ewald error estimate:   0.4461E-03
 ------------------------------------------------------------------------------

wrapping first mol.:       23.12245      -16.35004       28.31911

 NSTEP =    41000   TIME(PS) =     102.000  TEMP(K) =   296.18  PRESS =     0.0
 Etot   =    -11019.3803  EKtot   =      1912.8457  EPtot      =    -12932.2260
 BOND   =         3.5796  ANGLE   =        13.2715  DIHED      =         9.7541
 1-4 NB =        11.3294  1-4 EEL =      -593.7926  VDWAALS    =      2495.7835
 EELEC  =    -14880.5447  EHBOND  =         0.0000  RESTRAINT  =         8.3932
 EAMBER (non-restraint)  =    -12940.6192
 EKCMT  =         0.0000  VIRIAL  =         0.0000  VOLUME     =     32118.3769
                                                    Density    =         1.0099
 Ewald error estimate:   0.1359E-03
 ------------------------------------------------------------------------------

wrapping first mol.:       23.10019      -16.33430       28.29184

 NSTEP =    41500   TIME(PS) =     103.000  TEMP(K) =   294.87  PRESS =     0.0
 Etot   =    -10945.9154  EKtot   =      1904.4122  EPtot      =    -12850.3276
 BOND   =         4.4220  ANGLE   =        14.5199  DIHED      =        13.2116
 1-4 NB =        11.6611  1-4 EEL =      -602.4411  VDWAALS    =      2559.1680
 EELEC  =    -14857.6129  EHBOND  =         0.0000  RESTRAINT  =         6.7438
 EAMBER (non-restraint)  =    -12857.0714
 EKCMT  =         0.0000  VIRIAL  =         0.0000  VOLUME     =     32025.6912
                                                    Density    =         1.0128
 Ewald error estimate:   0.1296E-03
 ------------------------------------------------------------------------------

wrapping first mol.:       23.14520      -16.36612       28.34696

 NSTEP =    42000   TIME(PS) =     104.000  TEMP(K) =   297.88  PRESS =     0.0
 Etot   =    -10935.8725  EKtot   =      1923.8059  EPtot      =    -12859.6784
 BOND   =         4.7820  ANGLE   =        14.1803  DIHED      =        13.1104
 1-4 NB =        12.3052  1-4 EEL =      -600.0214  VDWAALS    =      2546.4924
 EELEC  =    -14855.8967  EHBOND  =         0.0000  RESTRAINT  =         5.3696
 EAMBER (non-restraint)  =    -12865.0479
 EKCMT  =         0.0000  VIRIAL  =         0.0000  VOLUME     =     32213.2478
                                                    Density    =         1.0069
 Ewald error estimate:   0.1392E-03
 ------------------------------------------------------------------------------

wrapping first mol.:       23.12366      -16.35090       28.32059

 NSTEP =    42500   TIME(PS) =     105.000  TEMP(K) =   296.70  PRESS =     0.0
 Etot   =    -10918.2414  EKtot   =      1916.1943  EPtot      =    -12834.4357
 BOND   =         5.2285  ANGLE   =        13.6176  DIHED      =        12.2225
 1-4 NB =        11.6502  1-4 EEL =      -598.9989  VDWAALS    =      2481.0182
 EELEC  =    -14769.5218  EHBOND  =         0.0000  RESTRAINT  =        10.3481
 EAMBER (non-restraint)  =    -12844.7838
 EKCMT  =         0.0000  VIRIAL  =         0.0000  VOLUME     =     32123.4201
                                                    Density    =         1.0097
 Ewald error estimate:   0.3741E-04
 ------------------------------------------------------------------------------

wrapping first mol.:       23.08115      -16.32083       28.26852

 NSTEP =    43000   TIME(PS) =     106.000  TEMP(K) =   295.72  PRESS =     0.0
 Etot   =    -10984.8697  EKtot   =      1909.8751  EPtot      =    -12894.7448
 BOND   =         4.3030  ANGLE   =        14.9485  DIHED      =        12.5538
 1-4 NB =        13.3517  1-4 EEL =      -603.4539  VDWAALS    =      2529.9747
 EELEC  =    -14872.2130  EHBOND  =         0.0000  RESTRAINT  =         5.7904
 EAMBER (non-restraint)  =    -12900.5352
 EKCMT  =         0.0000  VIRIAL  =         0.0000  VOLUME     =     31946.5547
                                                    Density    =         1.0153
 Ewald error estimate:   0.2126E-03
 ------------------------------------------------------------------------------

wrapping first mol.:       23.13393      -16.35816       28.33316

 NSTEP =    43500   TIME(PS) =     107.000  TEMP(K) =   300.28  PRESS =     0.0
 Etot   =    -10991.0422  EKtot   =      1939.3262  EPtot      =    -12930.3684
 BOND   =         9.3694  ANGLE   =        15.5243  DIHED      =        12.5727
 1-4 NB =        11.1487  1-4 EEL =      -600.3470  VDWAALS    =      2534.8511
 EELEC  =    -14922.5982  EHBOND  =         0.0000  RESTRAINT  =         9.1107
 EAMBER (non-restraint)  =    -12939.4790
 EKCMT  =         0.0000  VIRIAL  =         0.0000  VOLUME     =     32166.2245
                                                    Density    =         1.0084
 Ewald error estimate:   0.2094E-03
 ------------------------------------------------------------------------------

wrapping first mol.:       23.09510      -16.33070       28.28561

 NSTEP =    44000   TIME(PS) =     108.000  TEMP(K) =   310.81  PRESS =     0.0
 Etot   =    -10946.7231  EKtot   =      2007.3428  EPtot      =    -12954.0659
 BOND   =         6.4568  ANGLE   =        14.1953  DIHED      =        13.7460
 1-4 NB =        12.8922  1-4 EEL =      -610.7751  VDWAALS    =      2529.4830
 EELEC  =    -14928.7894  EHBOND  =         0.0000  RESTRAINT  =         8.7254
 EAMBER (non-restraint)  =    -12962.7913
 EKCMT  =         0.0000  VIRIAL  =         0.0000  VOLUME     =     32004.5258
                                                    Density    =         1.0135
 Ewald error estimate:   0.8214E-04
 ------------------------------------------------------------------------------

wrapping first mol.:       23.08402      -16.32286       28.27203

 NSTEP =    44500   TIME(PS) =     109.000  TEMP(K) =   305.36  PRESS =     0.0
 Etot   =    -10895.2274  EKtot   =      1972.1424  EPtot      =    -12867.3698
 BOND   =         5.6641  ANGLE   =        13.8405  DIHED      =        13.9173
 1-4 NB =        12.0546  1-4 EEL =      -595.6636  VDWAALS    =      2564.0604
 EELEC  =    -14888.8748  EHBOND  =         0.0000  RESTRAINT  =         7.6316
 EAMBER (non-restraint)  =    -12875.0015
 EKCMT  =         0.0000  VIRIAL  =         0.0000  VOLUME     =     31958.4750
                                                    Density    =         1.0150
 Ewald error estimate:   0.1580E-03
 ------------------------------------------------------------------------------

wrapping first mol.:       23.08402      -16.32286       28.27203

 NSTEP =    45000   TIME(PS) =     110.000  TEMP(K) =   299.72  PRESS =     0.0
 Etot   =    -10903.9286  EKtot   =      1935.6738  EPtot      =    -12839.6025
 BOND   =         5.0772  ANGLE   =        12.8193  DIHED      =        10.1380
 1-4 NB =        11.1092  1-4 EEL =      -597.0985  VDWAALS    =      2449.6118
 EELEC  =    -14738.7956  EHBOND  =         0.0000  RESTRAINT  =         7.5362
 EAMBER (non-restraint)  =    -12847.1387
 EKCMT  =         0.0000  VIRIAL  =         0.0000  VOLUME     =     31958.4750
                                                    Density    =         1.0150
 Ewald error estimate:   0.2584E-03
 ------------------------------------------------------------------------------

wrapping first mol.:       23.10568      -16.33818       28.29856

 NSTEP =    45500   TIME(PS) =     111.000  TEMP(K) =   295.74  PRESS =     0.0
 Etot   =    -10867.5362  EKtot   =      1909.9706  EPtot      =    -12777.5069
 BOND   =         7.2773  ANGLE   =        12.8649  DIHED      =        10.6073
 1-4 NB =        12.2100  1-4 EEL =      -600.3214  VDWAALS    =      2504.0895
 EELEC  =    -14733.9812  EHBOND  =         0.0000  RESTRAINT  =         9.7467
 EAMBER (non-restraint)  =    -12787.2535
 EKCMT  =         0.0000  VIRIAL  =         0.0000  VOLUME     =     32048.5262
                                                    Density    =         1.0121
 Ewald error estimate:   0.3561E-03
 ------------------------------------------------------------------------------

wrapping first mol.:       23.18917      -16.39721       28.40081

 NSTEP =    46000   TIME(PS) =     112.000  TEMP(K) =   294.53  PRESS =     0.0
 Etot   =    -10915.8364  EKtot   =      1902.1825  EPtot      =    -12818.0189
 BOND   =         7.3314  ANGLE   =        10.0925  DIHED      =        11.1069
 1-4 NB =        13.6963  1-4 EEL =      -599.0443  VDWAALS    =      2357.5652
 EELEC  =    -14627.5779  EHBOND  =         0.0000  RESTRAINT  =         8.8110
 EAMBER (non-restraint)  =    -12826.8299
 EKCMT  =         0.0000  VIRIAL  =         0.0000  VOLUME     =     32397.1840
                                                    Density    =         1.0012
 Ewald error estimate:   0.1267E-03
 ------------------------------------------------------------------------------

wrapping first mol.:       23.09578      -16.33118       28.28643

 NSTEP =    46500   TIME(PS) =     113.000  TEMP(K) =   300.91  PRESS =     0.0
 Etot   =    -10893.3922  EKtot   =      1943.3833  EPtot      =    -12836.7756
 BOND   =         7.5958  ANGLE   =        15.9549  DIHED      =        10.6452
 1-4 NB =        14.9008  1-4 EEL =      -606.2582  VDWAALS    =      2472.1105
 EELEC  =    -14759.4594  EHBOND  =         0.0000  RESTRAINT  =         7.7349
 EAMBER (non-restraint)  =    -12844.5105
 EKCMT  =         0.0000  VIRIAL  =         0.0000  VOLUME     =     32007.3356
                                                    Density    =         1.0134
 Ewald error estimate:   0.1071E-03
 ------------------------------------------------------------------------------

wrapping first mol.:       23.09578      -16.33118       28.28643

 NSTEP =    47000   TIME(PS) =     114.000  TEMP(K) =   296.04  PRESS =     0.0
 Etot   =    -10916.2257  EKtot   =      1911.9419  EPtot      =    -12828.1676
 BOND   =         8.5598  ANGLE   =        13.5800  DIHED      =        11.5770
 1-4 NB =        11.0204  1-4 EEL =      -600.2710  VDWAALS    =      2441.7851
 EELEC  =    -14721.6171  EHBOND  =         0.0000  RESTRAINT  =         7.1982
 EAMBER (non-restraint)  =    -12835.3659
 EKCMT  =         0.0000  VIRIAL  =         0.0000  VOLUME     =     32007.3356
                                                    Density    =         1.0134
 Ewald error estimate:   0.1036E-03
 ------------------------------------------------------------------------------

wrapping first mol.:       23.10940      -16.34081       28.30312

 NSTEP =    47500   TIME(PS) =     115.000  TEMP(K) =   290.82  PRESS =     0.0
 Etot   =    -10996.1443  EKtot   =      1878.2306  EPtot      =    -12874.3748
 BOND   =         5.8333  ANGLE   =        15.4698  DIHED      =        12.0030
 1-4 NB =        13.0354  1-4 EEL =      -601.6059  VDWAALS    =      2529.8725
 EELEC  =    -14855.0417  EHBOND  =         0.0000  RESTRAINT  =         6.0586
 EAMBER (non-restraint)  =    -12880.4335
 EKCMT  =         0.0000  VIRIAL  =         0.0000  VOLUME     =     32064.0101
                                                    Density    =         1.0116
 Ewald error estimate:   0.1736E-03
 ------------------------------------------------------------------------------

wrapping first mol.:       23.09725      -16.33222       28.28823

 NSTEP =    48000   TIME(PS) =     116.000  TEMP(K) =   289.52  PRESS =     0.0
 Etot   =    -11057.8516  EKtot   =      1869.7975  EPtot      =    -12927.6491
 BOND   =         6.5165  ANGLE   =        11.0832  DIHED      =        12.6858
 1-4 NB =        13.0690  1-4 EEL =      -602.6033  VDWAALS    =      2595.5713
 EELEC  =    -14972.4889  EHBOND  =         0.0000  RESTRAINT  =         8.5173
 EAMBER (non-restraint)  =    -12936.1664
 EKCMT  =         0.0000  VIRIAL  =         0.0000  VOLUME     =     32013.4496
                                                    Density    =         1.0132
 Ewald error estimate:   0.4469E-04
 ------------------------------------------------------------------------------

wrapping first mol.:       23.13621      -16.35977       28.33596

 NSTEP =    48500   TIME(PS) =     117.000  TEMP(K) =   299.24  PRESS =     0.0
 Etot   =    -10979.2091  EKtot   =      1932.6218  EPtot      =    -12911.8308
 BOND   =         6.7830  ANGLE   =        12.2104  DIHED      =        13.2864
 1-4 NB =        12.5877  1-4 EEL =      -601.0129  VDWAALS    =      2537.3594
 EELEC  =    -14900.6442  EHBOND  =         0.0000  RESTRAINT  =         7.5995
 EAMBER (non-restraint)  =    -12919.4303
 EKCMT  =         0.0000  VIRIAL  =         0.0000  VOLUME     =     32175.7421
                                                    Density    =         1.0081
 Ewald error estimate:   0.3288E-03
 ------------------------------------------------------------------------------

wrapping first mol.:       23.14729      -16.36760       28.34952

 NSTEP =    49000   TIME(PS) =     118.000  TEMP(K) =   294.25  PRESS =     0.0
 Etot   =    -10993.8390  EKtot   =      1900.3719  EPtot      =    -12894.2109
 BOND   =         8.1189  ANGLE   =        10.2073  DIHED      =        11.4916
 1-4 NB =        12.8116  1-4 EEL =      -599.9524  VDWAALS    =      2520.3072
 EELEC  =    -14865.7942  EHBOND  =         0.0000  RESTRAINT  =         8.5991
 EAMBER (non-restraint)  =    -12902.8100
 EKCMT  =         0.0000  VIRIAL  =         0.0000  VOLUME     =     32221.9718
                                                    Density    =         1.0067
 Ewald error estimate:   0.3406E-03
 ------------------------------------------------------------------------------

wrapping first mol.:       23.14729      -16.36760       28.34952

 NSTEP =    49500   TIME(PS) =     119.000  TEMP(K) =   301.01  PRESS =     0.0
 Etot   =    -10958.2754  EKtot   =      1944.0371  EPtot      =    -12902.3125
 BOND   =         9.0203  ANGLE   =        12.5509  DIHED      =        12.1616
 1-4 NB =        11.8803  1-4 EEL =      -601.8895  VDWAALS    =      2476.6458
 EELEC  =    -14830.5887  EHBOND  =         0.0000  RESTRAINT  =         7.9068
 EAMBER (non-restraint)  =    -12910.2193
 EKCMT  =         0.0000  VIRIAL  =         0.0000  VOLUME     =     32221.9718
                                                    Density    =         1.0067
 Ewald error estimate:   0.2199E-03
 ------------------------------------------------------------------------------

wrapping first mol.:       23.18318      -16.39298       28.39348
wrapping first mol.:       23.18318      -16.39298       28.39348

 NSTEP =    50000   TIME(PS) =     120.000  TEMP(K) =   291.97  PRESS =     0.0
 Etot   =    -10968.5230  EKtot   =      1885.6592  EPtot      =    -12854.1821
 BOND   =         9.4915  ANGLE   =        16.7849  DIHED      =        10.4861
 1-4 NB =        11.3456  1-4 EEL =      -599.8575  VDWAALS    =      2363.8865
 EELEC  =    -14672.6132  EHBOND  =         0.0000  RESTRAINT  =         6.2941
 EAMBER (non-restraint)  =    -12860.4762
 EKCMT  =         0.0000  VIRIAL  =         0.0000  VOLUME     =     32372.1092
                                                    Density    =         1.0020
 Ewald error estimate:   0.1081E-04
 ------------------------------------------------------------------------------


      A V E R A G E S   O V E R     100 S T E P S


 NSTEP =    50000   TIME(PS) =     120.000  TEMP(K) =   297.19  PRESS =     0.0
 Etot   =    -10935.9760  EKtot   =      1919.3531  EPtot      =    -12855.3292
 BOND   =         7.0881  ANGLE   =        14.1427  DIHED      =        11.8849
 1-4 NB =        12.3099  1-4 EEL =      -600.4623  VDWAALS    =      2477.1906
 EELEC  =    -14785.5985  EHBOND  =         0.0000  RESTRAINT  =         8.1155
 EAMBER (non-restraint)  =    -12863.4447
 EKCMT  =         0.0000  VIRIAL  =         0.0000  VOLUME     =     32569.6056
                                                    Density    =         0.9966
 Ewald error estimate:   0.1824E-03
 ------------------------------------------------------------------------------


      R M S  F L U C T U A T I O N S


 NSTEP =    50000   TIME(PS) =     120.000  TEMP(K) =     4.56  PRESS =     0.0
 Etot   =        83.4862  EKtot   =        29.4288  EPtot      =        82.4719
 BOND   =         1.8992  ANGLE   =         2.2149  DIHED      =         1.6184
 1-4 NB =         1.0172  1-4 EEL =         3.8269  VDWAALS    =        68.3553
 EELEC  =       135.6807  EHBOND  =         0.0000  RESTRAINT  =         1.8596
 EAMBER (non-restraint)  =        80.6123
 EKCMT  =         0.0000  VIRIAL  =         0.0000  VOLUME     =       893.1509
                                                    Density    =         0.0254
 Ewald error estimate:   0.1340E-03
 ------------------------------------------------------------------------------

| MC Barostat:        500 volume changes attempted.
| MC Barostat:        227 changes successful ( 45.40%)
 ------------------------------------------------------------------------------

--------------------------------------------------------------------------------
   5.  TIMINGS
--------------------------------------------------------------------------------

|  NonSetup CPU Time in Major Routines, Average for All Tasks:
|
|     Routine           Sec        %
|     ------------------------------
|     DataDistrib       9.35    9.09
|     Nonbond          88.04   85.56
|     Bond              0.14    0.13
|     Angle             0.16    0.15
|     Dihedral          0.20    0.20
|     Shake             0.61    0.59
|     RunMD             4.22    4.10
|     Other             0.19    0.18
|     ------------------------------
|     Total           102.90

|  PME Nonbond Pairlist CPU Time, Average for All Tasks:
|
|     Routine              Sec        %
|     ---------------------------------
|     Set Up Cit           0.28    0.28
|     Build List          10.47   10.17
|     ---------------------------------
|     Total               10.75   10.45

|  PME Direct Force CPU Time, Average for All Tasks:
|
|     Routine              Sec        %
|     ---------------------------------
|     NonBonded Calc      60.75   59.04
|     Exclude Masked       0.67    0.65
|     Other                2.39    2.32
|     ---------------------------------
|     Total               63.80   62.01

|  PME Reciprocal Force CPU Time, Average for All Tasks:
|
|     Routine              Sec        %
|     ---------------------------------
|     1D bspline           1.11    1.08
|     Grid Charges         1.22    1.18
|     Scalar Sum           1.17    1.14
|     Gradient Sum         2.13    2.07
|     FFT                  7.55    7.34
|     ---------------------------------
|     Total               13.18   12.81

|  PME Load Balancing CPU Time, Average for All Tasks:
|
|     Routine                 Sec        %
|     ------------------------------------
|     Atom Reassign           0.00    0.00
|     Image Reassign          0.02    0.02
|     FFT Reassign            0.00    0.00
|     ------------------------------------
|     Total                   0.02    0.02

|  Final Performance Info:
|     -----------------------------------------------------
|     Average timings for last   20500 steps:
|     Elapsed(s) =      42.61 Per Step(ms) =       2.08
|         ns/day =      83.14   seconds/ns =    1039.24
|
|     Average timings for all steps:
|     Elapsed(s) =     102.95 Per Step(ms) =       2.06
|         ns/day =      83.92   seconds/ns =    1029.51
|     -----------------------------------------------------

|  Master Setup CPU time:            0.03 seconds
|  Master NonSetup CPU time:       102.64 seconds
|  Master Total CPU time:          102.68 seconds     0.03 hours

|  Master Setup wall time:           0    seconds
|  Master NonSetup wall time:      103    seconds
|  Master Total wall time:         103    seconds     0.03 hours
