
          -------------------------------------------------------
          Amber 18 PMEMD                              2018
          -------------------------------------------------------

| PMEMD implementation of SANDER, Release 18

| Run on 03/23/2022 at 17:54:29

|   Executable path: pmemd.MPI
| Working directory: /bgfs/lchong/dty7/ff15ipq-lig/charges/gaff_02/GenConformers/Conf5
|          Hostname: smp-n123

  [-O]verwriting output

File Assignments:
|   MDIN: ../../../amber/6.2_eq1.in                                             
|  MDOUT: 6.2_eq1.out                                                           
| INPCRD: 6.1_min.rst                                                           
|   PARM: ../../mon.top                                                         
| RESTRT: 6.2_eq1.rst                                                           
|   REFC: 6.1_min.rst                                                           
|  MDVEL: mdvel                                                                 
|   MDEN: mden                                                                  
|  MDCRD: mdcrd                                                                 
| MDINFO: mdinfo                                                                
|LOGFILE: logfile                                                               
|  MDFRC: mdfrc                                                                 

 
 Here is the input file:
 
&cntrl                                                                         
  imin      = 0,                                                               
  irest     = 0,                                                               
  ntx       = 1,                                                               
  ig        = -1,                                                              
  dt        = 0.002,                                                           
  nstlim    = 10000,                                                           
  nscm      = 500,                                                             
  ntr       = 1,                                                               
  restraintmask = ':1',                                                        
  restraint_wt  = 10.0,                                                        
  ntb       = 1,                                                               
  ntp       = 0,                                                               
  ntt       = 3,                                                               
  tempi     = 298.0,                                                           
  temp0     = 298.0,                                                           
  gamma_ln  = 1.0,                                                             
  ntf       = 2,                                                               
  ntc       = 2,                                                               
  cut       = 10.0,                                                            
  ntpr      = 500,                                                             
  ntxo      = 2,                                                               
  ntwr      = 10000,                                                           
  ioutfm    = 1,                                                               
  ntwx      = 500,                                                             
  iwrap     = 1,                                                               
&end                                                                           


Note: ig = -1. Setting random seed to    10726 based on wallclock time in
      microseconds and disabling the synchronization of random numbers 
      between tasks to improve performance.
| irandom = 1, using AMBER's internal random number generator (default).
 
 
| Conditional Compilation Defines Used:
| MPI
| FFTW_FFT
| BINTRAJ
| MKL
| EMIL
 
| Largest sphere to fit in unit cell has radius =    14.821

| New format PARM file being parsed.
| Version =    1.000 Date = 03/23/22 Time = 14:37:26

| Note: 1-4 EEL scale factors are being read from the topology file.

| Note: 1-4 VDW scale factors are being read from the topology file.
| Duplicated    0 dihedrals

| Duplicated    0 dihedrals

--------------------------------------------------------------------------------
   1.  RESOURCE   USE: 
--------------------------------------------------------------------------------

 getting box info from netcdf restart file
 NATOM  =    3240 NTYPES =      13 NBONH =    3220 MBONA  =      21
 NTHETH =      33 MTHETA =      29 NPHIH =      60 MPHIA  =      45
 NHPARM =       0 NPARM  =       0 NNB   =    4456 NRES   =    1069
 NBONA  =      21 NTHETA =      29 NPHIA =      45 NUMBND =      22
 NUMANG =      35 NPTRA  =      18 NATYP =      17 NPHB   =       0
 IFBOX  =       2 NMXRS  =      36 IFCAP =       0 NEXTRA =       0
 NCOPY  =       0

| Coordinate Index Table dimensions:     5    5    5
| Direct force subcell size =     7.2610    7.2610    7.2610

     BOX TYPE: TRUNCATED OCTAHEDRON

--------------------------------------------------------------------------------
   2.  CONTROL  DATA  FOR  THE  RUN
--------------------------------------------------------------------------------

default_name                                                                    

General flags:
     imin    =       0, nmropt  =       0

Nature and format of input:
     ntx     =       1, irest   =       0, ntrx    =       1

Nature and format of output:
     ntxo    =       2, ntpr    =     500, ntrx    =       1, ntwr    =   10000
     iwrap   =       1, ntwx    =     500, ntwv    =       0, ntwe    =       0
     ioutfm  =       1, ntwprt  =       0, idecomp =       0, rbornstat=      0

Potential function:
     ntf     =       2, ntb     =       1, igb     =       0, nsnb    =      25
     ipol    =       0, gbsa    =       0, iesp    =       0
     dielc   =   1.00000, cut     =  10.00000, intdiel =   1.00000

Frozen or restrained atoms:
     ibelly  =       0, ntr     =       1
     restraint_wt =  10.00000

Molecular dynamics:
     nstlim  =     10000, nscm    =         0, nrespa  =         1
     t       =   0.00000, dt      =   0.00200, vlimit  =  20.00000

Langevin dynamics temperature regulation:
     ig      =   10726
     temp0   = 298.00000, tempi   = 298.00000, gamma_ln=   1.00000

SHAKE:
     ntc     =       2, jfastw  =       0
     tol     =   0.00001

| Intermolecular bonds treatment:
|     no_intermolecular_bonds =       1

| Energy averages sample interval:
|     ene_avg_sampling =     500

Ewald parameters:
     verbose =       0, ew_type =       0, nbflag  =       1, use_pme =       1
     vdwmeth =       1, eedmeth =       1, netfrc  =       1
     Box X =   36.305   Box Y =   36.305   Box Z =   36.305
     Alpha =  109.471   Beta  =  109.471   Gamma =  109.471
     NFFT1 =   40       NFFT2 =   40       NFFT3 =   40
     Cutoff=   10.000   Tol   =0.100E-04
     Ewald Coefficient =  0.27511
     Interpolation order =    4

| PMEMD ewald parallel performance parameters:
|     block_fft =    0
|     fft_blk_y_divisor =    2
|     excl_recip =    0
|     excl_master =    0
|     atm_redist_freq =  320

    LOADING THE CONSTRAINED ATOMS AS GROUPS


   5.  REFERENCE ATOM COORDINATES

  default_name                                                                    
     Mask :1; matches    36 atoms

--------------------------------------------------------------------------------
   3.  ATOMIC COORDINATES AND VELOCITIES
--------------------------------------------------------------------------------

default_name                                                                    
 begin time read from input coords =     0.000 ps

 
 Number of triangulated 3-point waters found:     1068

     Sum of charges from parm topology file =  -0.00010118
     Forcing neutrality...

| Dynamic Memory, Types Used:
| Reals             1198031
| Integers           210822

| Nonbonded Pairs Initial Allocation:      317358

| Running AMBER/MPI version on    8 MPI task

 
--------------------------------------------------------------------------------
   4.  RESULTS
--------------------------------------------------------------------------------

 ---------------------------------------------------
 APPROXIMATING switch and d/dx switch using CUBIC SPLINE INTERPOLATION
 using   5000.0 points per unit in tabled values
 TESTING RELATIVE ERROR over r ranging from 0.0 to cutoff
| CHECK switch(x): max rel err =   0.3316E-14   at   2.351880
| CHECK d/dx switch(x): max rel err =   0.8066E-11   at   2.747240
 ---------------------------------------------------
|---------------------------------------------------
| APPROXIMATING direct energy using CUBIC SPLINE INTERPOLATION
|  with   50.0 points per unit in tabled values
| Relative Error Limit not exceeded for r .gt.   2.34
| APPROXIMATING direct force using CUBIC SPLINE INTERPOLATION
|  with   50.0 points per unit in tabled values
| Relative Error Limit not exceeded for r .gt.   2.81
|---------------------------------------------------

 NSTEP =        0   TIME(PS) =       0.000  TEMP(K) =   461.46  PRESS =     0.0
 Etot   =    -14764.7249  EKtot   =      2980.3104  EPtot      =    -17745.0353
 BOND   =         1.8124  ANGLE   =         4.5895  DIHED      =        10.9272
 1-4 NB =        11.4306  1-4 EEL =      -669.1377  VDWAALS    =      3710.0801
 EELEC  =    -20814.7374  EHBOND  =         0.0000  RESTRAINT  =         0.0000
 Ewald error estimate:   0.2080E-03
 ------------------------------------------------------------------------------

wrapping first mol.:       12.10164       17.11430       29.64284

 NSTEP =      500   TIME(PS) =       1.000  TEMP(K) =   244.18  PRESS =     0.0
 Etot   =    -11645.2598  EKtot   =      1576.9811  EPtot      =    -13222.2410
 BOND   =         8.0801  ANGLE   =        14.4734  DIHED      =        14.4993
 1-4 NB =        10.8203  1-4 EEL =      -669.7936  VDWAALS    =      2590.5031
 EELEC  =    -15198.6908  EHBOND  =         0.0000  RESTRAINT  =         7.8671
 EAMBER (non-restraint)  =    -13230.1081
 Ewald error estimate:   0.3346E-03
 ------------------------------------------------------------------------------

wrapping first mol.:       12.10164       17.11430       29.64284

 NSTEP =     1000   TIME(PS) =       2.000  TEMP(K) =   278.22  PRESS =     0.0
 Etot   =    -11148.4681  EKtot   =      1796.8177  EPtot      =    -12945.2858
 BOND   =         6.9005  ANGLE   =        10.0344  DIHED      =        13.1172
 1-4 NB =        13.1467  1-4 EEL =      -676.3869  VDWAALS    =      2522.9859
 EELEC  =    -14843.2321  EHBOND  =         0.0000  RESTRAINT  =         8.1486
 EAMBER (non-restraint)  =    -12953.4344
 Ewald error estimate:   0.1098E-04
 ------------------------------------------------------------------------------

wrapping first mol.:       12.10164       17.11430       29.64284

 NSTEP =     1500   TIME(PS) =       3.000  TEMP(K) =   289.01  PRESS =     0.0
 Etot   =    -10921.4583  EKtot   =      1866.5372  EPtot      =    -12787.9955
 BOND   =         7.0737  ANGLE   =        10.0585  DIHED      =        15.7556
 1-4 NB =        11.6612  1-4 EEL =      -668.8650  VDWAALS    =      2418.0335
 EELEC  =    -14589.6583  EHBOND  =         0.0000  RESTRAINT  =         7.9454
 EAMBER (non-restraint)  =    -12795.9408
 Ewald error estimate:   0.2833E-03
 ------------------------------------------------------------------------------

wrapping first mol.:       12.10164       17.11430       29.64284

 NSTEP =     2000   TIME(PS) =       4.000  TEMP(K) =   303.77  PRESS =     0.0
 Etot   =    -10771.2781  EKtot   =      1961.8302  EPtot      =    -12733.1084
 BOND   =         6.1393  ANGLE   =        17.2650  DIHED      =        13.0561
 1-4 NB =        12.9931  1-4 EEL =      -672.3977  VDWAALS    =      2408.4923
 EELEC  =    -14525.9751  EHBOND  =         0.0000  RESTRAINT  =         7.3186
 EAMBER (non-restraint)  =    -12740.4270
 Ewald error estimate:   0.3749E-03
 ------------------------------------------------------------------------------

wrapping first mol.:       12.10164       17.11430       29.64284

 NSTEP =     2500   TIME(PS) =       5.000  TEMP(K) =   305.10  PRESS =     0.0
 Etot   =    -10662.7989  EKtot   =      1970.4691  EPtot      =    -12633.2680
 BOND   =         4.4647  ANGLE   =        14.5283  DIHED      =        12.6494
 1-4 NB =        11.8478  1-4 EEL =      -667.3673  VDWAALS    =      2316.3972
 EELEC  =    -14333.2019  EHBOND  =         0.0000  RESTRAINT  =         7.4137
 EAMBER (non-restraint)  =    -12640.6817
 Ewald error estimate:   0.4858E-05
 ------------------------------------------------------------------------------

wrapping first mol.:       12.10164       17.11430       29.64284

 NSTEP =     3000   TIME(PS) =       6.000  TEMP(K) =   300.25  PRESS =     0.0
 Etot   =    -10687.1108  EKtot   =      1939.1063  EPtot      =    -12626.2171
 BOND   =         5.4033  ANGLE   =        12.8326  DIHED      =        14.8116
 1-4 NB =        10.7947  1-4 EEL =      -670.3393  VDWAALS    =      2166.9356
 EELEC  =    -14172.7740  EHBOND  =         0.0000  RESTRAINT  =         6.1183
 EAMBER (non-restraint)  =    -12632.3354
 Ewald error estimate:   0.1019E-03
 ------------------------------------------------------------------------------

wrapping first mol.:       12.10164       17.11430       29.64284

 NSTEP =     3500   TIME(PS) =       7.000  TEMP(K) =   300.69  PRESS =     0.0
 Etot   =    -10666.0719  EKtot   =      1941.9764  EPtot      =    -12608.0483
 BOND   =         4.7443  ANGLE   =        15.3961  DIHED      =        10.6285
 1-4 NB =        10.7939  1-4 EEL =      -665.1635  VDWAALS    =      2361.9814
 EELEC  =    -14354.7282  EHBOND  =         0.0000  RESTRAINT  =         8.2993
 EAMBER (non-restraint)  =    -12616.3476
 Ewald error estimate:   0.4238E-03
 ------------------------------------------------------------------------------

wrapping first mol.:       12.10164       17.11430       29.64284

 NSTEP =     4000   TIME(PS) =       8.000  TEMP(K) =   294.68  PRESS =     0.0
 Etot   =    -10702.9509  EKtot   =      1903.1227  EPtot      =    -12606.0737
 BOND   =         6.9638  ANGLE   =        15.5402  DIHED      =        14.4360
 1-4 NB =        12.1565  1-4 EEL =      -673.3738  VDWAALS    =      2265.4706
 EELEC  =    -14253.9511  EHBOND  =         0.0000  RESTRAINT  =         6.6841
 EAMBER (non-restraint)  =    -12612.7578
 Ewald error estimate:   0.3142E-03
 ------------------------------------------------------------------------------

wrapping first mol.:       12.10164       17.11430       29.64284

 NSTEP =     4500   TIME(PS) =       9.000  TEMP(K) =   298.14  PRESS =     0.0
 Etot   =    -10757.4953  EKtot   =      1925.4873  EPtot      =    -12682.9826
 BOND   =         6.0746  ANGLE   =        15.4448  DIHED      =        12.3193
 1-4 NB =        11.9174  1-4 EEL =      -670.4293  VDWAALS    =      2402.2228
 EELEC  =    -14470.0664  EHBOND  =         0.0000  RESTRAINT  =         9.5343
 EAMBER (non-restraint)  =    -12692.5169
 Ewald error estimate:   0.7531E-04
 ------------------------------------------------------------------------------

wrapping first mol.:       12.10164       17.11430       29.64284

 NSTEP =     5000   TIME(PS) =      10.000  TEMP(K) =   298.24  PRESS =     0.0
 Etot   =    -10756.8224  EKtot   =      1926.1612  EPtot      =    -12682.9835
 BOND   =         3.6221  ANGLE   =        13.2116  DIHED      =        12.5541
 1-4 NB =        10.5383  1-4 EEL =      -662.4965  VDWAALS    =      2480.1314
 EELEC  =    -14548.4067  EHBOND  =         0.0000  RESTRAINT  =         7.8622
 EAMBER (non-restraint)  =    -12690.8457
 Ewald error estimate:   0.1105E-04
 ------------------------------------------------------------------------------

wrapping first mol.:       12.10164       17.11430       29.64284

 NSTEP =     5500   TIME(PS) =      11.000  TEMP(K) =   298.86  PRESS =     0.0
 Etot   =    -10766.7577  EKtot   =      1930.1609  EPtot      =    -12696.9187
 BOND   =         9.1358  ANGLE   =        13.0791  DIHED      =        13.6210
 1-4 NB =        12.4709  1-4 EEL =      -666.7453  VDWAALS    =      2340.5405
 EELEC  =    -14425.7892  EHBOND  =         0.0000  RESTRAINT  =         6.7685
 EAMBER (non-restraint)  =    -12703.6872
 Ewald error estimate:   0.3751E-03
 ------------------------------------------------------------------------------

wrapping first mol.:       12.10164       17.11430       29.64284

 NSTEP =     6000   TIME(PS) =      12.000  TEMP(K) =   290.84  PRESS =     0.0
 Etot   =    -10836.2401  EKtot   =      1878.3710  EPtot      =    -12714.6110
 BOND   =         9.4308  ANGLE   =        15.3635  DIHED      =        14.3118
 1-4 NB =        12.2835  1-4 EEL =      -668.3952  VDWAALS    =      2377.4464
 EELEC  =    -14486.0512  EHBOND  =         0.0000  RESTRAINT  =        10.9994
 EAMBER (non-restraint)  =    -12725.6104
 Ewald error estimate:   0.8350E-04
 ------------------------------------------------------------------------------

wrapping first mol.:       12.10164       17.11430       29.64284

 NSTEP =     6500   TIME(PS) =      13.000  TEMP(K) =   291.02  PRESS =     0.0
 Etot   =    -10831.8177  EKtot   =      1879.5044  EPtot      =    -12711.3220
 BOND   =         9.2073  ANGLE   =        14.8062  DIHED      =        14.0466
 1-4 NB =        11.3413  1-4 EEL =      -669.8396  VDWAALS    =      2345.6444
 EELEC  =    -14447.4737  EHBOND  =         0.0000  RESTRAINT  =        10.9454
 EAMBER (non-restraint)  =    -12722.2675
 Ewald error estimate:   0.4517E-03
 ------------------------------------------------------------------------------

wrapping first mol.:       12.10164       17.11430       29.64284

 NSTEP =     7000   TIME(PS) =      14.000  TEMP(K) =   301.09  PRESS =     0.0
 Etot   =    -10717.2941  EKtot   =      1944.5233  EPtot      =    -12661.8174
 BOND   =         8.2822  ANGLE   =        16.8690  DIHED      =        11.7468
 1-4 NB =        12.4481  1-4 EEL =      -674.6144  VDWAALS    =      2295.5825
 EELEC  =    -14337.0951  EHBOND  =         0.0000  RESTRAINT  =         4.9636
 EAMBER (non-restraint)  =    -12666.7810
 Ewald error estimate:   0.4722E-04
 ------------------------------------------------------------------------------

wrapping first mol.:       12.10164       17.11430       29.64284

 NSTEP =     7500   TIME(PS) =      15.000  TEMP(K) =   296.23  PRESS =     0.0
 Etot   =    -10695.7756  EKtot   =      1913.1568  EPtot      =    -12608.9324
 BOND   =         6.9345  ANGLE   =        16.8120  DIHED      =        14.5417
 1-4 NB =        12.1382  1-4 EEL =      -667.8972  VDWAALS    =      2283.6072
 EELEC  =    -14282.6837  EHBOND  =         0.0000  RESTRAINT  =         7.6149
 EAMBER (non-restraint)  =    -12616.5473
 Ewald error estimate:   0.2528E-03
 ------------------------------------------------------------------------------

wrapping first mol.:       12.10164       17.11430       29.64284

 NSTEP =     8000   TIME(PS) =      16.000  TEMP(K) =   300.55  PRESS =     0.0
 Etot   =    -10701.6678  EKtot   =      1941.0781  EPtot      =    -12642.7459
 BOND   =         6.0774  ANGLE   =        11.2394  DIHED      =        13.6285
 1-4 NB =        11.5484  1-4 EEL =      -663.2979  VDWAALS    =      2349.5557
 EELEC  =    -14380.6681  EHBOND  =         0.0000  RESTRAINT  =         9.1708
 EAMBER (non-restraint)  =    -12651.9167
 Ewald error estimate:   0.2294E-04
 ------------------------------------------------------------------------------

wrapping first mol.:       12.10164       17.11430       29.64284

 NSTEP =     8500   TIME(PS) =      17.000  TEMP(K) =   296.67  PRESS =     0.0
 Etot   =    -10728.6984  EKtot   =      1915.9810  EPtot      =    -12644.6795
 BOND   =         9.7848  ANGLE   =         9.0889  DIHED      =        13.7833
 1-4 NB =        11.5624  1-4 EEL =      -665.1031  VDWAALS    =      2326.9580
 EELEC  =    -14360.9118  EHBOND  =         0.0000  RESTRAINT  =        10.1580
 EAMBER (non-restraint)  =    -12654.8375
 Ewald error estimate:   0.4390E-03
 ------------------------------------------------------------------------------

wrapping first mol.:       12.10164       17.11430       29.64284

 NSTEP =     9000   TIME(PS) =      18.000  TEMP(K) =   287.26  PRESS =     0.0
 Etot   =    -10726.3781  EKtot   =      1855.2496  EPtot      =    -12581.6277
 BOND   =        11.4327  ANGLE   =        15.9173  DIHED      =        16.0378
 1-4 NB =        13.3137  1-4 EEL =      -677.8274  VDWAALS    =      2305.6700
 EELEC  =    -14274.6091  EHBOND  =         0.0000  RESTRAINT  =         8.4372
 EAMBER (non-restraint)  =    -12590.0649
 Ewald error estimate:   0.1346E-04
 ------------------------------------------------------------------------------

wrapping first mol.:       12.10164       17.11430       29.64284

 NSTEP =     9500   TIME(PS) =      19.000  TEMP(K) =   300.66  PRESS =     0.0
 Etot   =    -10763.0155  EKtot   =      1941.7816  EPtot      =    -12704.7971
 BOND   =         7.7228  ANGLE   =        14.8467  DIHED      =        18.9288
 1-4 NB =        13.2764  1-4 EEL =      -673.7940  VDWAALS    =      2283.5118
 EELEC  =    -14375.6168  EHBOND  =         0.0000  RESTRAINT  =         6.3272
 EAMBER (non-restraint)  =    -12711.1243
 Ewald error estimate:   0.3569E-04
 ------------------------------------------------------------------------------

wrapping first mol.:       12.10164       17.11430       29.64284
wrapping first mol.:       12.10164       17.11430       29.64284

 NSTEP =    10000   TIME(PS) =      20.000  TEMP(K) =   301.03  PRESS =     0.0
 Etot   =    -10671.4302  EKtot   =      1944.1349  EPtot      =    -12615.5651
 BOND   =         4.4946  ANGLE   =        23.7917  DIHED      =        13.8863
 1-4 NB =        13.1922  1-4 EEL =      -672.1591  VDWAALS    =      2288.2369
 EELEC  =    -14295.4546  EHBOND  =         0.0000  RESTRAINT  =         8.4468
 EAMBER (non-restraint)  =    -12624.0120
 Ewald error estimate:   0.1300E-03
 ------------------------------------------------------------------------------


      A V E R A G E S   O V E R      20 S T E P S


 NSTEP =    10000   TIME(PS) =      20.000  TEMP(K) =   293.82  PRESS =     0.0
 Etot   =    -10807.9395  EKtot   =      1897.6215  EPtot      =    -12705.5610
 BOND   =         7.0985  ANGLE   =        14.5299  DIHED      =        13.9180
 1-4 NB =        12.0122  1-4 EEL =      -669.8143  VDWAALS    =      2356.4954
 EELEC  =    -14447.8519  EHBOND  =         0.0000  RESTRAINT  =         8.0512
 EAMBER (non-restraint)  =    -12713.6122
 Ewald error estimate:   0.1893E-03
 ------------------------------------------------------------------------------


      R M S  F L U C T U A T I O N S


 NSTEP =    10000   TIME(PS) =      20.000  TEMP(K) =    13.00  PRESS =     0.0
 Etot   =       220.4552  EKtot   =        83.9674  EPtot      =       142.5623
 BOND   =         2.0013  ANGLE   =         3.1361  DIHED      =         1.7041
 1-4 NB =         0.8669  1-4 EEL =         4.0842  VDWAALS    =        93.6821
 EELEC  =       224.0542  EHBOND  =         0.0000  RESTRAINT  =         1.5216
 EAMBER (non-restraint)  =       141.0407
 Ewald error estimate:   0.1643E-03
 ------------------------------------------------------------------------------

--------------------------------------------------------------------------------
   5.  TIMINGS
--------------------------------------------------------------------------------

|  NonSetup CPU Time in Major Routines, Average for All Tasks:
|
|     Routine           Sec        %
|     ------------------------------
|     DataDistrib       2.06   10.90
|     Nonbond          15.73   83.21
|     Bond              0.03    0.14
|     Angle             0.03    0.17
|     Dihedral          0.04    0.23
|     Shake             0.13    0.66
|     RunMD             0.86    4.55
|     Other             0.03    0.14
|     ------------------------------
|     Total            18.90

|  PME Nonbond Pairlist CPU Time, Average for All Tasks:
|
|     Routine              Sec        %
|     ---------------------------------
|     Set Up Cit           0.06    0.30
|     Build List           1.93   10.20
|     ---------------------------------
|     Total                1.98   10.50

|  PME Direct Force CPU Time, Average for All Tasks:
|
|     Routine              Sec        %
|     ---------------------------------
|     NonBonded Calc      10.51   55.59
|     Exclude Masked       0.13    0.71
|     Other                0.49    2.57
|     ---------------------------------
|     Total               11.13   58.87

|  PME Reciprocal Force CPU Time, Average for All Tasks:
|
|     Routine              Sec        %
|     ---------------------------------
|     1D bspline           0.22    1.16
|     Grid Charges         0.24    1.27
|     Scalar Sum           0.21    1.10
|     Gradient Sum         0.41    2.19
|     FFT                  1.47    7.80
|     ---------------------------------
|     Total                2.56   13.53

|  PME Load Balancing CPU Time, Average for All Tasks:
|
|     Routine                 Sec        %
|     ------------------------------------
|     Atom Reassign           0.00    0.00
|     Image Reassign          0.00    0.01
|     FFT Reassign            0.00    0.00
|     ------------------------------------
|     Total                   0.00    0.01

|  Final Performance Info:
|     -----------------------------------------------------
|     Average timings for last   10000 steps:
|     Elapsed(s) =      19.09 Per Step(ms) =       1.91
|         ns/day =      90.53   seconds/ns =     954.37
|
|     Average timings for all steps:
|     Elapsed(s) =      19.09 Per Step(ms) =       1.91
|         ns/day =      90.53   seconds/ns =     954.37
|     -----------------------------------------------------

|  Master Setup CPU time:            0.03 seconds
|  Master NonSetup CPU time:        18.71 seconds
|  Master Total CPU time:           18.75 seconds     0.01 hours

|  Master Setup wall time:           0    seconds
|  Master NonSetup wall time:       19    seconds
|  Master Total wall time:          19    seconds     0.01 hours
