
          -------------------------------------------------------
          Amber 18 PMEMD                              2018
          -------------------------------------------------------

| PMEMD implementation of SANDER, Release 18

| Run on 03/23/2022 at 17:54:48

|   Executable path: pmemd.MPI
| Working directory: /bgfs/lchong/dty7/ff15ipq-lig/charges/gaff_02/GenConformers/Conf5
|          Hostname: smp-n123

  [-O]verwriting output

File Assignments:
|   MDIN: ../../../amber/6.3_eq2.in                                             
|  MDOUT: 6.3_eq2.out                                                           
| INPCRD: 6.2_eq1.rst                                                           
|   PARM: ../../mon.top                                                         
| RESTRT: 6.3_eq2.rst                                                           
|   REFC: 6.2_eq1.rst                                                           
|  MDVEL: mdvel                                                                 
|   MDEN: mden                                                                  
|  MDCRD: mdcrd                                                                 
| MDINFO: mdinfo                                                                
|LOGFILE: logfile                                                               
|  MDFRC: mdfrc                                                                 

 
 Here is the input file:
 
&cntrl                                                                         
  imin      = 0,                                                               
  irest     = 1,                                                               
  ntx       = 5,                                                               
  ig        = -1,                                                              
  dt        = 0.002,                                                           
  nstlim    = 50000,                                                           
  nscm      = 500,                                                             
  ntr       = 1,                                                               
  restraintmask = ':1',                                                        
  restraint_wt  = 10.0,                                                        
  ntb       = 2,                                                               
  ntp       = 1,                                                               
  barostat  = 2,                                                               
  pres0     = 1.0,                                                             
  mcbarint  = 100,                                                             
  comp      = 44.6,                                                            
  taup      = 1.0,                                                             
  ntt       = 3,                                                               
  temp0     = 298.0,                                                           
  gamma_ln  = 1.0,                                                             
  ntf       = 2,                                                               
  ntc       = 2,                                                               
  cut       = 10.0,                                                            
  ntpr      = 500,                                                             
  ntxo      = 1,                                                               
  ntwr      = 50000,                                                           
  ioutfm    = 1,                                                               
  ntwx      = 500,                                                             
  iwrap     = 1,                                                               
&end                                                                           


Note: ig = -1. Setting random seed to   443207 based on wallclock time in
      microseconds and disabling the synchronization of random numbers 
      between tasks to improve performance.
| irandom = 1, using AMBER's internal random number generator (default).
 
 
| Conditional Compilation Defines Used:
| MPI
| FFTW_FFT
| BINTRAJ
| MKL
| EMIL
 
| Largest sphere to fit in unit cell has radius =    14.821

| New format PARM file being parsed.
| Version =    1.000 Date = 03/23/22 Time = 14:37:26

| Note: 1-4 EEL scale factors are being read from the topology file.

| Note: 1-4 VDW scale factors are being read from the topology file.
| Duplicated    0 dihedrals

| Duplicated    0 dihedrals

--------------------------------------------------------------------------------
   1.  RESOURCE   USE: 
--------------------------------------------------------------------------------

 getting box info from netcdf restart file
 NATOM  =    3240 NTYPES =      13 NBONH =    3220 MBONA  =      21
 NTHETH =      33 MTHETA =      29 NPHIH =      60 MPHIA  =      45
 NHPARM =       0 NPARM  =       0 NNB   =    4456 NRES   =    1069
 NBONA  =      21 NTHETA =      29 NPHIA =      45 NUMBND =      22
 NUMANG =      35 NPTRA  =      18 NATYP =      17 NPHB   =       0
 IFBOX  =       2 NMXRS  =      36 IFCAP =       0 NEXTRA =       0
 NCOPY  =       0

| Coordinate Index Table dimensions:     5    5    5
| Direct force subcell size =     7.2610    7.2610    7.2610

     BOX TYPE: TRUNCATED OCTAHEDRON

--------------------------------------------------------------------------------
   2.  CONTROL  DATA  FOR  THE  RUN
--------------------------------------------------------------------------------

default_name                                                                    

General flags:
     imin    =       0, nmropt  =       0

Nature and format of input:
     ntx     =       5, irest   =       1, ntrx    =       1

Nature and format of output:
     ntxo    =       1, ntpr    =     500, ntrx    =       1, ntwr    =   50000
     iwrap   =       1, ntwx    =     500, ntwv    =       0, ntwe    =       0
     ioutfm  =       1, ntwprt  =       0, idecomp =       0, rbornstat=      0

Potential function:
     ntf     =       2, ntb     =       2, igb     =       0, nsnb    =      25
     ipol    =       0, gbsa    =       0, iesp    =       0
     dielc   =   1.00000, cut     =  10.00000, intdiel =   1.00000

Frozen or restrained atoms:
     ibelly  =       0, ntr     =       1
     restraint_wt =  10.00000

Molecular dynamics:
     nstlim  =     50000, nscm    =         0, nrespa  =         1
     t       =   0.00000, dt      =   0.00200, vlimit  =  20.00000

Langevin dynamics temperature regulation:
     ig      =  443207
     temp0   = 298.00000, tempi   =   0.00000, gamma_ln=   1.00000

Pressure regulation:
     ntp     =       1
     pres0   =   1.00000, comp    =  44.60000, taup    =   1.00000
     Monte-Carlo Barostat:
     mcbarint  =     100

SHAKE:
     ntc     =       2, jfastw  =       0
     tol     =   0.00001

| Intermolecular bonds treatment:
|     no_intermolecular_bonds =       1

| Energy averages sample interval:
|     ene_avg_sampling =     500

Ewald parameters:
     verbose =       0, ew_type =       0, nbflag  =       1, use_pme =       1
     vdwmeth =       1, eedmeth =       1, netfrc  =       1
     Box X =   36.305   Box Y =   36.305   Box Z =   36.305
     Alpha =  109.471   Beta  =  109.471   Gamma =  109.471
     NFFT1 =   40       NFFT2 =   40       NFFT3 =   40
     Cutoff=   10.000   Tol   =0.100E-04
     Ewald Coefficient =  0.27511
     Interpolation order =    4

| PMEMD ewald parallel performance parameters:
|     block_fft =    0
|     fft_blk_y_divisor =    2
|     excl_recip =    0
|     excl_master =    0
|     atm_redist_freq =  320

    LOADING THE CONSTRAINED ATOMS AS GROUPS


   5.  REFERENCE ATOM COORDINATES

  default_name                                                                    
     Mask :1; matches    36 atoms
| MONTE CARLO BAROSTAT IMPORTANT NOTE:
|   The Monte-Carlo barostat does not require the virial to adjust the system volume.
|   Since it is an expensive calculation, it is skipped for efficiency. A side-effect
|   is that the reported pressure is always 0 because it is not calculated.

--------------------------------------------------------------------------------
   3.  ATOMIC COORDINATES AND VELOCITIES
--------------------------------------------------------------------------------

default_name                                                                    
 begin time read from input coords =    20.000 ps

 
 Number of triangulated 3-point waters found:     1068

     Sum of charges from parm topology file =  -0.00010118
     Forcing neutrality...

| Dynamic Memory, Types Used:
| Reals             1243230
| Integers           215276

| Nonbonded Pairs Initial Allocation:      317358

| Running AMBER/MPI version on    8 MPI task

 
--------------------------------------------------------------------------------
   4.  RESULTS
--------------------------------------------------------------------------------

 ---------------------------------------------------
 APPROXIMATING switch and d/dx switch using CUBIC SPLINE INTERPOLATION
 using   5000.0 points per unit in tabled values
 TESTING RELATIVE ERROR over r ranging from 0.0 to cutoff
| CHECK switch(x): max rel err =   0.3316E-14   at   2.351880
| CHECK d/dx switch(x): max rel err =   0.8066E-11   at   2.747240
 ---------------------------------------------------
|---------------------------------------------------
| APPROXIMATING direct energy using CUBIC SPLINE INTERPOLATION
|  with   50.0 points per unit in tabled values
| Relative Error Limit not exceeded for r .gt.   2.34
| APPROXIMATING direct force using CUBIC SPLINE INTERPOLATION
|  with   50.0 points per unit in tabled values
| Relative Error Limit not exceeded for r .gt.   2.81
|---------------------------------------------------
wrapping first mol.:       12.00807       16.98197       29.41363

 NSTEP =      500   TIME(PS) =      21.000  TEMP(K) =   297.97  PRESS =     0.0
 Etot   =    -10716.5362  EKtot   =      1924.3995  EPtot      =    -12640.9357
 BOND   =         7.4699  ANGLE   =        17.2694  DIHED      =        13.8990
 1-4 NB =        13.5704  1-4 EEL =      -668.5776  VDWAALS    =      2357.3273
 EELEC  =    -14392.4229  EHBOND  =         0.0000  RESTRAINT  =        10.5289
 EAMBER (non-restraint)  =    -12651.4645
 EKCMT  =         0.0000  VIRIAL  =         0.0000  VOLUME     =     35988.2725
                                                    Density    =         0.9013
 Ewald error estimate:   0.4851E-04
 ------------------------------------------------------------------------------

wrapping first mol.:       11.98244       16.94573       29.35087

 NSTEP =     1000   TIME(PS) =      22.000  TEMP(K) =   308.27  PRESS =     0.0
 Etot   =    -10676.8343  EKtot   =      1990.9166  EPtot      =    -12667.7509
 BOND   =         6.5368  ANGLE   =        14.1174  DIHED      =        13.0653
 1-4 NB =        11.3629  1-4 EEL =      -666.7921  VDWAALS    =      2317.7280
 EELEC  =    -14371.9710  EHBOND  =         0.0000  RESTRAINT  =         8.2019
 EAMBER (non-restraint)  =    -12675.9527
 EKCMT  =         0.0000  VIRIAL  =         0.0000  VOLUME     =     35758.3707
                                                    Density    =         0.9071
 Ewald error estimate:   0.4336E-04
 ------------------------------------------------------------------------------

wrapping first mol.:       11.92781       16.86847       29.21704

 NSTEP =     1500   TIME(PS) =      23.000  TEMP(K) =   297.05  PRESS =     0.0
 Etot   =    -10760.7071  EKtot   =      1918.4785  EPtot      =    -12679.1856
 BOND   =         6.5907  ANGLE   =        17.1784  DIHED      =        10.8371
 1-4 NB =        11.9157  1-4 EEL =      -665.7332  VDWAALS    =      2398.7873
 EELEC  =    -14469.2736  EHBOND  =         0.0000  RESTRAINT  =        10.5121
 EAMBER (non-restraint)  =    -12689.6977
 EKCMT  =         0.0000  VIRIAL  =         0.0000  VOLUME     =     35271.4746
                                                    Density    =         0.9196
 Ewald error estimate:   0.2436E-03
 ------------------------------------------------------------------------------

wrapping first mol.:       11.91252       16.84685       29.17959

 NSTEP =     2000   TIME(PS) =      24.000  TEMP(K) =   299.77  PRESS =     0.0
 Etot   =    -10743.7553  EKtot   =      1936.0101  EPtot      =    -12679.7654
 BOND   =         8.5443  ANGLE   =        13.6956  DIHED      =        11.6830
 1-4 NB =        11.8332  1-4 EEL =      -667.2946  VDWAALS    =      2343.2285
 EELEC  =    -14411.2041  EHBOND  =         0.0000  RESTRAINT  =         9.7489
 EAMBER (non-restraint)  =    -12689.5142
 EKCMT  =         0.0000  VIRIAL  =         0.0000  VOLUME     =     35136.0170
                                                    Density    =         0.9232
 Ewald error estimate:   0.5775E-04
 ------------------------------------------------------------------------------

wrapping first mol.:       11.87816       16.79825       29.09542

 NSTEP =     2500   TIME(PS) =      25.000  TEMP(K) =   304.23  PRESS =     0.0
 Etot   =    -10777.5879  EKtot   =      1964.8133  EPtot      =    -12742.4011
 BOND   =         6.9486  ANGLE   =        14.4385  DIHED      =        11.0645
 1-4 NB =        12.6753  1-4 EEL =      -669.5391  VDWAALS    =      2308.3507
 EELEC  =    -14435.4121  EHBOND  =         0.0000  RESTRAINT  =         9.0723
 EAMBER (non-restraint)  =    -12751.4735
 EKCMT  =         0.0000  VIRIAL  =         0.0000  VOLUME     =     34832.8379
                                                    Density    =         0.9312
 Ewald error estimate:   0.1727E-03
 ------------------------------------------------------------------------------

wrapping first mol.:       11.83219       16.73324       28.98282

 NSTEP =     3000   TIME(PS) =      26.000  TEMP(K) =   291.29  PRESS =     0.0
 Etot   =    -10865.8690  EKtot   =      1881.2499  EPtot      =    -12747.1190
 BOND   =         6.9586  ANGLE   =        15.4659  DIHED      =        12.4015
 1-4 NB =        13.7304  1-4 EEL =      -670.4892  VDWAALS    =      2296.4701
 EELEC  =    -14430.5181  EHBOND  =         0.0000  RESTRAINT  =         8.8620
 EAMBER (non-restraint)  =    -12755.9809
 EKCMT  =         0.0000  VIRIAL  =         0.0000  VOLUME     =     34430.0010
                                                    Density    =         0.9421
 Ewald error estimate:   0.2224E-03
 ------------------------------------------------------------------------------

wrapping first mol.:       11.82282       16.71999       28.95986

 NSTEP =     3500   TIME(PS) =      27.000  TEMP(K) =   296.57  PRESS =     0.0
 Etot   =    -10855.3382  EKtot   =      1915.3494  EPtot      =    -12770.6876
 BOND   =        10.1918  ANGLE   =        16.8078  DIHED      =        13.1542
 1-4 NB =        13.3164  1-4 EEL =      -678.7911  VDWAALS    =      2356.2997
 EELEC  =    -14513.6465  EHBOND  =         0.0000  RESTRAINT  =        11.9800
 EAMBER (non-restraint)  =    -12782.6677
 EKCMT  =         0.0000  VIRIAL  =         0.0000  VOLUME     =     34348.2369
                                                    Density    =         0.9443
 Ewald error estimate:   0.2751E-04
 ------------------------------------------------------------------------------

wrapping first mol.:       11.74909       16.61572       28.77927

 NSTEP =     4000   TIME(PS) =      28.000  TEMP(K) =   300.76  PRESS =     0.0
 Etot   =    -10847.5686  EKtot   =      1942.4473  EPtot      =    -12790.0159
 BOND   =         5.8287  ANGLE   =        13.7810  DIHED      =        12.3088
 1-4 NB =        13.0105  1-4 EEL =      -669.2066  VDWAALS    =      2431.7693
 EELEC  =    -14606.4871  EHBOND  =         0.0000  RESTRAINT  =         8.9795
 EAMBER (non-restraint)  =    -12798.9954
 EKCMT  =         0.0000  VIRIAL  =         0.0000  VOLUME     =     33709.6428
                                                    Density    =         0.9622
 Ewald error estimate:   0.5215E-04
 ------------------------------------------------------------------------------

wrapping first mol.:       11.69660       16.54149       28.65070

 NSTEP =     4500   TIME(PS) =      29.000  TEMP(K) =   305.17  PRESS =     0.0
 Etot   =    -10807.5238  EKtot   =      1970.9329  EPtot      =    -12778.4567
 BOND   =         9.9349  ANGLE   =        14.3824  DIHED      =        16.7407
 1-4 NB =        11.0057  1-4 EEL =      -666.5296  VDWAALS    =      2442.7688
 EELEC  =    -14618.2804  EHBOND  =         0.0000  RESTRAINT  =        11.5209
 EAMBER (non-restraint)  =    -12789.9776
 EKCMT  =         0.0000  VIRIAL  =         0.0000  VOLUME     =     33259.8707
                                                    Density    =         0.9752
 Ewald error estimate:   0.2539E-03
 ------------------------------------------------------------------------------

wrapping first mol.:       11.63353       16.45230       28.49622

 NSTEP =     5000   TIME(PS) =      30.000  TEMP(K) =   304.11  PRESS =     0.0
 Etot   =    -10820.4050  EKtot   =      1964.0432  EPtot      =    -12784.4482
 BOND   =         8.5615  ANGLE   =        15.9310  DIHED      =        12.7278
 1-4 NB =        12.6385  1-4 EEL =      -671.2273  VDWAALS    =      2486.6807
 EELEC  =    -14656.9686  EHBOND  =         0.0000  RESTRAINT  =         7.2081
 EAMBER (non-restraint)  =    -12791.6564
 EKCMT  =         0.0000  VIRIAL  =         0.0000  VOLUME     =     32724.7631
                                                    Density    =         0.9912
 Ewald error estimate:   0.1496E-03
 ------------------------------------------------------------------------------

wrapping first mol.:       11.60632       16.41381       28.42955

 NSTEP =     5500   TIME(PS) =      31.000  TEMP(K) =   314.46  PRESS =     0.0
 Etot   =    -10766.2145  EKtot   =      2030.9001  EPtot      =    -12797.1146
 BOND   =         7.3939  ANGLE   =        13.3703  DIHED      =        16.2407
 1-4 NB =        14.0588  1-4 EEL =      -676.5773  VDWAALS    =      2410.5136
 EELEC  =    -14590.8802  EHBOND  =         0.0000  RESTRAINT  =         8.7655
 EAMBER (non-restraint)  =    -12805.8802
 EKCMT  =         0.0000  VIRIAL  =         0.0000  VOLUME     =     32495.6282
                                                    Density    =         0.9982
 Ewald error estimate:   0.3053E-03
 ------------------------------------------------------------------------------

wrapping first mol.:       11.63719       16.45748       28.50518

 NSTEP =     6000   TIME(PS) =      32.000  TEMP(K) =   306.08  PRESS =     0.0
 Etot   =    -10928.3979  EKtot   =      1976.7889  EPtot      =    -12905.1868
 BOND   =         5.4599  ANGLE   =        12.8331  DIHED      =        12.5956
 1-4 NB =        12.3179  1-4 EEL =      -667.4971  VDWAALS    =      2450.8336
 EELEC  =    -14745.4292  EHBOND  =         0.0000  RESTRAINT  =        13.6995
 EAMBER (non-restraint)  =    -12918.8863
 EKCMT  =         0.0000  VIRIAL  =         0.0000  VOLUME     =     32755.6687
                                                    Density    =         0.9903
 Ewald error estimate:   0.5099E-04
 ------------------------------------------------------------------------------

wrapping first mol.:       11.60788       16.41603       28.43339

 NSTEP =     6500   TIME(PS) =      33.000  TEMP(K) =   301.67  PRESS =     0.0
 Etot   =    -10961.7347  EKtot   =      1948.2995  EPtot      =    -12910.0342
 BOND   =         7.8631  ANGLE   =        13.9153  DIHED      =        11.2694
 1-4 NB =        10.6588  1-4 EEL =      -665.8420  VDWAALS    =      2509.0784
 EELEC  =    -14807.4381  EHBOND  =         0.0000  RESTRAINT  =        10.4610
 EAMBER (non-restraint)  =    -12920.4952
 EKCMT  =         0.0000  VIRIAL  =         0.0000  VOLUME     =     32508.7933
                                                    Density    =         0.9978
 Ewald error estimate:   0.5252E-03
 ------------------------------------------------------------------------------

wrapping first mol.:       11.59549       16.39850       28.40304

 NSTEP =     7000   TIME(PS) =      34.000  TEMP(K) =   295.89  PRESS =     0.0
 Etot   =    -10989.1077  EKtot   =      1910.9571  EPtot      =    -12900.0648
 BOND   =         6.9786  ANGLE   =        15.5178  DIHED      =        11.2497
 1-4 NB =        12.6901  1-4 EEL =      -666.5601  VDWAALS    =      2563.6056
 EELEC  =    -14854.3719  EHBOND  =         0.0000  RESTRAINT  =        10.8254
 EAMBER (non-restraint)  =    -12910.8902
 EKCMT  =         0.0000  VIRIAL  =         0.0000  VOLUME     =     32404.7903
                                                    Density    =         1.0010
 Ewald error estimate:   0.3497E-03
 ------------------------------------------------------------------------------

wrapping first mol.:       11.57441       16.36869       28.35140

 NSTEP =     7500   TIME(PS) =      35.000  TEMP(K) =   290.60  PRESS =     0.0
 Etot   =    -11054.9235  EKtot   =      1876.8071  EPtot      =    -12931.7306
 BOND   =         5.6338  ANGLE   =        15.2288  DIHED      =        11.9188
 1-4 NB =        10.2588  1-4 EEL =      -664.4748  VDWAALS    =      2523.1857
 EELEC  =    -14841.6566  EHBOND  =         0.0000  RESTRAINT  =         8.1750
 EAMBER (non-restraint)  =    -12939.9056
 EKCMT  =         0.0000  VIRIAL  =         0.0000  VOLUME     =     32228.3832
                                                    Density    =         1.0065
 Ewald error estimate:   0.2628E-03
 ------------------------------------------------------------------------------

wrapping first mol.:       11.56211       16.35129       28.32127

 NSTEP =     8000   TIME(PS) =      36.000  TEMP(K) =   291.71  PRESS =     0.0
 Etot   =    -11055.7627  EKtot   =      1883.9445  EPtot      =    -12939.7072
 BOND   =         7.3394  ANGLE   =        15.7031  DIHED      =        13.5658
 1-4 NB =        14.0188  1-4 EEL =      -672.9049  VDWAALS    =      2467.6771
 EELEC  =    -14795.1017  EHBOND  =         0.0000  RESTRAINT  =         9.9952
 EAMBER (non-restraint)  =    -12949.7024
 EKCMT  =         0.0000  VIRIAL  =         0.0000  VOLUME     =     32125.7316
                                                    Density    =         1.0097
 Ewald error estimate:   0.4358E-03
 ------------------------------------------------------------------------------

wrapping first mol.:       11.55457       16.34063       28.30279

 NSTEP =     8500   TIME(PS) =      37.000  TEMP(K) =   306.92  PRESS =     0.0
 Etot   =    -10909.7373  EKtot   =      1982.1892  EPtot      =    -12891.9265
 BOND   =         9.5043  ANGLE   =        21.9004  DIHED      =         9.0427
 1-4 NB =        12.4836  1-4 EEL =      -667.1917  VDWAALS    =      2442.7767
 EELEC  =    -14733.4856  EHBOND  =         0.0000  RESTRAINT  =        13.0430
 EAMBER (non-restraint)  =    -12904.9695
 EKCMT  =         0.0000  VIRIAL  =         0.0000  VOLUME     =     32062.9088
                                                    Density    =         1.0117
 Ewald error estimate:   0.1364E-03
 ------------------------------------------------------------------------------

wrapping first mol.:       11.54403       16.32572       28.27698

 NSTEP =     9000   TIME(PS) =      38.000  TEMP(K) =   302.30  PRESS =     0.0
 Etot   =    -10970.8568  EKtot   =      1952.3628  EPtot      =    -12923.2196
 BOND   =         9.5827  ANGLE   =        16.0120  DIHED      =        12.4272
 1-4 NB =        12.7611  1-4 EEL =      -665.4427  VDWAALS    =      2353.2730
 EELEC  =    -14673.6994  EHBOND  =         0.0000  RESTRAINT  =        11.8664
 EAMBER (non-restraint)  =    -12935.0860
 EKCMT  =         0.0000  VIRIAL  =         0.0000  VOLUME     =     31975.2639
                                                    Density    =         1.0144
 Ewald error estimate:   0.3318E-03
 ------------------------------------------------------------------------------

wrapping first mol.:       11.57530       16.36995       28.35358

 NSTEP =     9500   TIME(PS) =      39.000  TEMP(K) =   300.18  PRESS =     0.0
 Etot   =    -11005.3560  EKtot   =      1938.6973  EPtot      =    -12944.0533
 BOND   =         7.1212  ANGLE   =        18.9579  DIHED      =        10.0723
 1-4 NB =        13.6227  1-4 EEL =      -676.1529  VDWAALS    =      2469.4327
 EELEC  =    -14798.9248  EHBOND  =         0.0000  RESTRAINT  =        11.8176
 EAMBER (non-restraint)  =    -12955.8709
 EKCMT  =         0.0000  VIRIAL  =         0.0000  VOLUME     =     32235.8219
                                                    Density    =         1.0062
 Ewald error estimate:   0.5945E-03
 ------------------------------------------------------------------------------

wrapping first mol.:       11.55905       16.34697       28.31378

 NSTEP =    10000   TIME(PS) =      40.000  TEMP(K) =   301.59  PRESS =     0.0
 Etot   =    -10987.6434  EKtot   =      1947.8103  EPtot      =    -12935.4538
 BOND   =        10.1676  ANGLE   =        15.9267  DIHED      =        12.6384
 1-4 NB =        13.5191  1-4 EEL =      -669.1493  VDWAALS    =      2484.9077
 EELEC  =    -14813.9463  EHBOND  =         0.0000  RESTRAINT  =        10.4824
 EAMBER (non-restraint)  =    -12945.9361
 EKCMT  =         0.0000  VIRIAL  =         0.0000  VOLUME     =     32100.2518
                                                    Density    =         1.0105
 Ewald error estimate:   0.1534E-03
 ------------------------------------------------------------------------------

wrapping first mol.:       11.59886       16.40327       28.41130

 NSTEP =    10500   TIME(PS) =      41.000  TEMP(K) =   299.98  PRESS =     0.0
 Etot   =    -10969.0758  EKtot   =      1937.3629  EPtot      =    -12906.4387
 BOND   =         9.2171  ANGLE   =        15.0546  DIHED      =        12.6124
 1-4 NB =        13.2841  1-4 EEL =      -672.1133  VDWAALS    =      2394.7817
 EELEC  =    -14687.9333  EHBOND  =         0.0000  RESTRAINT  =         8.6581
 EAMBER (non-restraint)  =    -12915.0968
 EKCMT  =         0.0000  VIRIAL  =         0.0000  VOLUME     =     32433.0757
                                                    Density    =         1.0001
 Ewald error estimate:   0.3989E-04
 ------------------------------------------------------------------------------

wrapping first mol.:       11.57157       16.36468       28.34445

 NSTEP =    11000   TIME(PS) =      42.000  TEMP(K) =   297.45  PRESS =     0.0
 Etot   =    -11035.5750  EKtot   =      1921.0171  EPtot      =    -12956.5921
 BOND   =         8.3941  ANGLE   =        17.8825  DIHED      =        13.3629
 1-4 NB =        10.8437  1-4 EEL =      -662.2562  VDWAALS    =      2483.6038
 EELEC  =    -14838.2513  EHBOND  =         0.0000  RESTRAINT  =         9.8283
 EAMBER (non-restraint)  =    -12966.4204
 EKCMT  =         0.0000  VIRIAL  =         0.0000  VOLUME     =     32204.6848
                                                    Density    =         1.0072
 Ewald error estimate:   0.5355E-04
 ------------------------------------------------------------------------------

wrapping first mol.:       11.55264       16.33790       28.29807

 NSTEP =    11500   TIME(PS) =      43.000  TEMP(K) =   296.02  PRESS =     0.0
 Etot   =    -11081.6066  EKtot   =      1911.7875  EPtot      =    -12993.3940
 BOND   =         4.9546  ANGLE   =        22.7359  DIHED      =        13.3616
 1-4 NB =        11.9746  1-4 EEL =      -664.7355  VDWAALS    =      2520.5734
 EELEC  =    -14909.9675  EHBOND  =         0.0000  RESTRAINT  =         7.7087
 EAMBER (non-restraint)  =    -13001.1027
 EKCMT  =         0.0000  VIRIAL  =         0.0000  VOLUME     =     32046.8561
                                                    Density    =         1.0122
 Ewald error estimate:   0.1986E-03
 ------------------------------------------------------------------------------

wrapping first mol.:       11.53926       16.31897       28.26529

 NSTEP =    12000   TIME(PS) =      44.000  TEMP(K) =   306.45  PRESS =     0.0
 Etot   =    -10960.1475  EKtot   =      1979.1710  EPtot      =    -12939.3184
 BOND   =        15.0432  ANGLE   =        12.9484  DIHED      =        12.8870
 1-4 NB =        11.3898  1-4 EEL =      -673.7755  VDWAALS    =      2530.3934
 EELEC  =    -14858.9794  EHBOND  =         0.0000  RESTRAINT  =        10.7747
 EAMBER (non-restraint)  =    -12950.0931
 EKCMT  =         0.0000  VIRIAL  =         0.0000  VOLUME     =     31935.5991
                                                    Density    =         1.0157
 Ewald error estimate:   0.2337E-03
 ------------------------------------------------------------------------------

wrapping first mol.:       11.57875       16.37483       28.36203

 NSTEP =    12500   TIME(PS) =      45.000  TEMP(K) =   306.07  PRESS =     0.0
 Etot   =    -10959.7660  EKtot   =      1976.7305  EPtot      =    -12936.4965
 BOND   =         5.4389  ANGLE   =        18.8243  DIHED      =        14.6624
 1-4 NB =        13.7629  1-4 EEL =      -673.3947  VDWAALS    =      2347.9157
 EELEC  =    -14672.1756  EHBOND  =         0.0000  RESTRAINT  =         8.4698
 EAMBER (non-restraint)  =    -12944.9663
 EKCMT  =         0.0000  VIRIAL  =         0.0000  VOLUME     =     32264.6480
                                                    Density    =         1.0053
 Ewald error estimate:   0.1466E-03
 ------------------------------------------------------------------------------

wrapping first mol.:       11.61406       16.42476       28.44851

 NSTEP =    13000   TIME(PS) =      46.000  TEMP(K) =   298.34  PRESS =     0.0
 Etot   =    -10873.0445  EKtot   =      1926.7738  EPtot      =    -12799.8183
 BOND   =         5.6954  ANGLE   =        22.2253  DIHED      =        12.6846
 1-4 NB =        10.9999  1-4 EEL =      -667.4460  VDWAALS    =      2496.8788
 EELEC  =    -14689.3877  EHBOND  =         0.0000  RESTRAINT  =         8.5313
 EAMBER (non-restraint)  =    -12808.3497
 EKCMT  =         0.0000  VIRIAL  =         0.0000  VOLUME     =     32560.6899
                                                    Density    =         0.9962
 Ewald error estimate:   0.4906E-03
 ------------------------------------------------------------------------------

wrapping first mol.:       11.60845       16.41683       28.43478

 NSTEP =    13500   TIME(PS) =      47.000  TEMP(K) =   300.51  PRESS =     0.0
 Etot   =    -10929.5268  EKtot   =      1940.7792  EPtot      =    -12870.3060
 BOND   =         6.8941  ANGLE   =        15.8402  DIHED      =        12.4257
 1-4 NB =        12.0106  1-4 EEL =      -669.2914  VDWAALS    =      2504.1843
 EELEC  =    -14764.4105  EHBOND  =         0.0000  RESTRAINT  =        12.0410
 EAMBER (non-restraint)  =    -12882.3470
 EKCMT  =         0.0000  VIRIAL  =         0.0000  VOLUME     =     32513.5567
                                                    Density    =         0.9976
 Ewald error estimate:   0.2901E-03
 ------------------------------------------------------------------------------

wrapping first mol.:       11.57131       16.36431       28.34381

 NSTEP =    14000   TIME(PS) =      48.000  TEMP(K) =   299.30  PRESS =     0.0
 Etot   =    -10896.8642  EKtot   =      1933.0038  EPtot      =    -12829.8679
 BOND   =         9.6665  ANGLE   =        16.0297  DIHED      =        13.7637
 1-4 NB =        11.8828  1-4 EEL =      -666.4532  VDWAALS    =      2484.5328
 EELEC  =    -14709.9497  EHBOND  =         0.0000  RESTRAINT  =        10.6595
 EAMBER (non-restraint)  =    -12840.5274
 EKCMT  =         0.0000  VIRIAL  =         0.0000  VOLUME     =     32202.5119
                                                    Density    =         1.0073
 Ewald error estimate:   0.3524E-03
 ------------------------------------------------------------------------------

wrapping first mol.:       11.57818       16.37402       28.36063

 NSTEP =    14500   TIME(PS) =      49.000  TEMP(K) =   300.13  PRESS =     0.0
 Etot   =    -10929.3678  EKtot   =      1938.3370  EPtot      =    -12867.7048
 BOND   =        10.5900  ANGLE   =        18.9901  DIHED      =        11.4679
 1-4 NB =        11.6361  1-4 EEL =      -663.5696  VDWAALS    =      2455.1434
 EELEC  =    -14723.2341  EHBOND  =         0.0000  RESTRAINT  =        11.2714
 EAMBER (non-restraint)  =    -12878.9762
 EKCMT  =         0.0000  VIRIAL  =         0.0000  VOLUME     =     32259.8608
                                                    Density    =         1.0055
 Ewald error estimate:   0.4936E-03
 ------------------------------------------------------------------------------

wrapping first mol.:       11.58347       16.38149       28.37358

 NSTEP =    15000   TIME(PS) =      50.000  TEMP(K) =   305.02  PRESS =     0.0
 Etot   =    -10953.4971  EKtot   =      1969.9526  EPtot      =    -12923.4497
 BOND   =        10.4119  ANGLE   =        17.8201  DIHED      =        13.5169
 1-4 NB =        13.2339  1-4 EEL =      -661.6427  VDWAALS    =      2530.8219
 EELEC  =    -14860.2092  EHBOND  =         0.0000  RESTRAINT  =        12.5975
 EAMBER (non-restraint)  =    -12936.0472
 EKCMT  =         0.0000  VIRIAL  =         0.0000  VOLUME     =     32304.0655
                                                    Density    =         1.0041
 Ewald error estimate:   0.7063E-04
 ------------------------------------------------------------------------------

wrapping first mol.:       11.58190       16.37928       28.36974

 NSTEP =    15500   TIME(PS) =      51.000  TEMP(K) =   296.09  PRESS =     0.0
 Etot   =    -11033.7059  EKtot   =      1912.2474  EPtot      =    -12945.9533
 BOND   =         6.0749  ANGLE   =        15.9251  DIHED      =        11.0468
 1-4 NB =        12.2493  1-4 EEL =      -669.4310  VDWAALS    =      2557.1669
 EELEC  =    -14894.7614  EHBOND  =         0.0000  RESTRAINT  =        15.7761
 EAMBER (non-restraint)  =    -12961.7295
 EKCMT  =         0.0000  VIRIAL  =         0.0000  VOLUME     =     32290.9588
                                                    Density    =         1.0045
 Ewald error estimate:   0.3977E-03
 ------------------------------------------------------------------------------

wrapping first mol.:       11.58143       16.37862       28.36859

 NSTEP =    16000   TIME(PS) =      52.000  TEMP(K) =   295.69  PRESS =     0.0
 Etot   =    -11053.7699  EKtot   =      1909.6845  EPtot      =    -12963.4545
 BOND   =         7.4615  ANGLE   =        11.5908  DIHED      =        10.3260
 1-4 NB =        14.0677  1-4 EEL =      -670.5431  VDWAALS    =      2538.8270
 EELEC  =    -14883.4807  EHBOND  =         0.0000  RESTRAINT  =         8.2964
 EAMBER (non-restraint)  =    -12971.7508
 EKCMT  =         0.0000  VIRIAL  =         0.0000  VOLUME     =     32287.0448
                                                    Density    =         1.0046
 Ewald error estimate:   0.5024E-04
 ------------------------------------------------------------------------------

wrapping first mol.:       11.55240       16.33756       28.29749

 NSTEP =    16500   TIME(PS) =      53.000  TEMP(K) =   290.73  PRESS =     0.0
 Etot   =    -11007.4373  EKtot   =      1877.6319  EPtot      =    -12885.0692
 BOND   =        13.4358  ANGLE   =        14.4810  DIHED      =        11.4823
 1-4 NB =        11.8499  1-4 EEL =      -670.0143  VDWAALS    =      2558.5028
 EELEC  =    -14835.2143  EHBOND  =         0.0000  RESTRAINT  =        10.4076
 EAMBER (non-restraint)  =    -12895.4769
 EKCMT  =         0.0000  VIRIAL  =         0.0000  VOLUME     =     32044.8754
                                                    Density    =         1.0122
 Ewald error estimate:   0.4003E-03
 ------------------------------------------------------------------------------

wrapping first mol.:       11.53025       16.30624       28.24324

 NSTEP =    17000   TIME(PS) =      54.000  TEMP(K) =   290.32  PRESS =     0.0
 Etot   =    -11053.3962  EKtot   =      1875.0213  EPtot      =    -12928.4175
 BOND   =         8.2060  ANGLE   =        17.4835  DIHED      =        10.3656
 1-4 NB =        12.0663  1-4 EEL =      -666.5285  VDWAALS    =      2388.8741
 EELEC  =    -14705.0105  EHBOND  =         0.0000  RESTRAINT  =         6.1260
 EAMBER (non-restraint)  =    -12934.5435
 EKCMT  =         0.0000  VIRIAL  =         0.0000  VOLUME     =     31860.9279
                                                    Density    =         1.0181
 Ewald error estimate:   0.2854E-03
 ------------------------------------------------------------------------------

wrapping first mol.:       11.50851       16.27549       28.18997

 NSTEP =    17500   TIME(PS) =      55.000  TEMP(K) =   298.47  PRESS =     0.0
 Etot   =    -11087.2155  EKtot   =      1927.6075  EPtot      =    -13014.8231
 BOND   =         6.9113  ANGLE   =        15.2040  DIHED      =        15.3016
 1-4 NB =        11.0960  1-4 EEL =      -665.2258  VDWAALS    =      2522.1359
 EELEC  =    -14929.9435  EHBOND  =         0.0000  RESTRAINT  =         9.6974
 EAMBER (non-restraint)  =    -13024.5205
 EKCMT  =         0.0000  VIRIAL  =         0.0000  VOLUME     =     31680.9865
                                                    Density    =         1.0238
 Ewald error estimate:   0.7125E-04
 ------------------------------------------------------------------------------

wrapping first mol.:       11.49168       16.25169       28.14875

 NSTEP =    18000   TIME(PS) =      56.000  TEMP(K) =   294.76  PRESS =     0.0
 Etot   =    -11090.2533  EKtot   =      1903.6895  EPtot      =    -12993.9428
 BOND   =         7.2228  ANGLE   =        19.4638  DIHED      =        16.7936
 1-4 NB =        11.2555  1-4 EEL =      -671.0116  VDWAALS    =      2570.9549
 EELEC  =    -14960.2322  EHBOND  =         0.0000  RESTRAINT  =        11.6103
 EAMBER (non-restraint)  =    -13005.5531
 EKCMT  =         0.0000  VIRIAL  =         0.0000  VOLUME     =     31542.2122
                                                    Density    =         1.0284
 Ewald error estimate:   0.2440E-03
 ------------------------------------------------------------------------------

wrapping first mol.:       11.50628       16.27234       28.18451

 NSTEP =    18500   TIME(PS) =      57.000  TEMP(K) =   288.16  PRESS =     0.0
 Etot   =    -11151.7208  EKtot   =      1861.0428  EPtot      =    -13012.7636
 BOND   =         8.5077  ANGLE   =        13.4789  DIHED      =        11.8612
 1-4 NB =        12.1145  1-4 EEL =      -669.0622  VDWAALS    =      2461.9041
 EELEC  =    -14860.9829  EHBOND  =         0.0000  RESTRAINT  =         9.4150
 EAMBER (non-restraint)  =    -13022.1787
 EKCMT  =         0.0000  VIRIAL  =         0.0000  VOLUME     =     31662.5924
                                                    Density    =         1.0244
 Ewald error estimate:   0.2790E-03
 ------------------------------------------------------------------------------

wrapping first mol.:       11.52251       16.29529       28.22427

 NSTEP =    19000   TIME(PS) =      58.000  TEMP(K) =   301.93  PRESS =     0.0
 Etot   =    -10998.8848  EKtot   =      1949.9493  EPtot      =    -12948.8342
 BOND   =         7.3399  ANGLE   =        14.0869  DIHED      =        16.2861
 1-4 NB =        11.9622  1-4 EEL =      -667.0492  VDWAALS    =      2534.8375
 EELEC  =    -14876.9612  EHBOND  =         0.0000  RESTRAINT  =        10.6635
 EAMBER (non-restraint)  =    -12959.4977
 EKCMT  =         0.0000  VIRIAL  =         0.0000  VOLUME     =     31796.7829
                                                    Density    =         1.0201
 Ewald error estimate:   0.4071E-03
 ------------------------------------------------------------------------------

wrapping first mol.:       11.53217       16.30895       28.24794

 NSTEP =    19500   TIME(PS) =      59.000  TEMP(K) =   298.60  PRESS =     0.0
 Etot   =    -10942.4554  EKtot   =      1928.4950  EPtot      =    -12870.9504
 BOND   =         5.2071  ANGLE   =        16.1040  DIHED      =        14.4584
 1-4 NB =        13.0293  1-4 EEL =      -669.8551  VDWAALS    =      2410.8337
 EELEC  =    -14670.3967  EHBOND  =         0.0000  RESTRAINT  =         9.6689
 EAMBER (non-restraint)  =    -12880.6193
 EKCMT  =         0.0000  VIRIAL  =         0.0000  VOLUME     =     31876.8283
                                                    Density    =         1.0176
 Ewald error estimate:   0.1518E-03
 ------------------------------------------------------------------------------

wrapping first mol.:       11.53577       16.31405       28.25676

 NSTEP =    20000   TIME(PS) =      60.000  TEMP(K) =   301.64  PRESS =     0.0
 Etot   =    -10904.0253  EKtot   =      1948.1334  EPtot      =    -12852.1587
 BOND   =        12.1687  ANGLE   =        19.5987  DIHED      =        11.1940
 1-4 NB =        11.4605  1-4 EEL =      -668.2298  VDWAALS    =      2330.2124
 EELEC  =    -14575.4960  EHBOND  =         0.0000  RESTRAINT  =         6.9329
 EAMBER (non-restraint)  =    -12859.0916
 EKCMT  =         0.0000  VIRIAL  =         0.0000  VOLUME     =     31906.7048
                                                    Density    =         1.0166
 Ewald error estimate:   0.2190E-03
 ------------------------------------------------------------------------------

wrapping first mol.:       11.55451       16.34054       28.30264

 NSTEP =    20500   TIME(PS) =      61.000  TEMP(K) =   301.05  PRESS =     0.0
 Etot   =    -10983.6811  EKtot   =      1944.3201  EPtot      =    -12928.0012
 BOND   =        10.7173  ANGLE   =        18.4851  DIHED      =        11.9347
 1-4 NB =        11.5797  1-4 EEL =      -674.2589  VDWAALS    =      2468.8770
 EELEC  =    -14785.5681  EHBOND  =         0.0000  RESTRAINT  =        10.2319
 EAMBER (non-restraint)  =    -12938.2332
 EKCMT  =         0.0000  VIRIAL  =         0.0000  VOLUME     =     32062.3918
                                                    Density    =         1.0117
 Ewald error estimate:   0.1822E-03
 ------------------------------------------------------------------------------

wrapping first mol.:       11.54049       16.32072       28.26831

 NSTEP =    21000   TIME(PS) =      62.000  TEMP(K) =   298.48  PRESS =     0.0
 Etot   =    -11024.8971  EKtot   =      1927.6906  EPtot      =    -12952.5877
 BOND   =         9.1762  ANGLE   =        14.3252  DIHED      =        12.4373
 1-4 NB =        13.4567  1-4 EEL =      -668.3204  VDWAALS    =      2528.9634
 EELEC  =    -14872.7151  EHBOND  =         0.0000  RESTRAINT  =        10.0889
 EAMBER (non-restraint)  =    -12962.6767
 EKCMT  =         0.0000  VIRIAL  =         0.0000  VOLUME     =     31945.8588
                                                    Density    =         1.0154
 Ewald error estimate:   0.1824E-03
 ------------------------------------------------------------------------------

wrapping first mol.:       11.52666       16.30115       28.23442

 NSTEP =    21500   TIME(PS) =      63.000  TEMP(K) =   298.61  PRESS =     0.0
 Etot   =    -11005.9131  EKtot   =      1928.5085  EPtot      =    -12934.4216
 BOND   =        12.8045  ANGLE   =        12.7831  DIHED      =        12.8778
 1-4 NB =        13.7885  1-4 EEL =      -674.5847  VDWAALS    =      2510.0851
 EELEC  =    -14828.1454  EHBOND  =         0.0000  RESTRAINT  =         5.9695
 EAMBER (non-restraint)  =    -12940.3910
 EKCMT  =         0.0000  VIRIAL  =         0.0000  VOLUME     =     31831.1092
                                                    Density    =         1.0190
 Ewald error estimate:   0.1031E-03
 ------------------------------------------------------------------------------

wrapping first mol.:       11.51023       16.27792       28.19418

 NSTEP =    22000   TIME(PS) =      64.000  TEMP(K) =   298.84  PRESS =     0.0
 Etot   =    -11073.3291  EKtot   =      1930.0256  EPtot      =    -13003.3547
 BOND   =         9.0136  ANGLE   =        18.9766  DIHED      =        12.0124
 1-4 NB =        12.9642  1-4 EEL =      -676.5693  VDWAALS    =      2554.8278
 EELEC  =    -14942.3435  EHBOND  =         0.0000  RESTRAINT  =         7.7636
 EAMBER (non-restraint)  =    -13011.1183
 EKCMT  =         0.0000  VIRIAL  =         0.0000  VOLUME     =     31695.1739
                                                    Density    =         1.0234
 Ewald error estimate:   0.1178E-03
 ------------------------------------------------------------------------------

wrapping first mol.:       11.52865       16.30398       28.23932

 NSTEP =    22500   TIME(PS) =      65.000  TEMP(K) =   293.57  PRESS =     0.0
 Etot   =    -11117.0485  EKtot   =      1895.9823  EPtot      =    -13013.0309
 BOND   =        11.6504  ANGLE   =        17.1952  DIHED      =        12.6785
 1-4 NB =        13.3463  1-4 EEL =      -669.4286  VDWAALS    =      2508.0017
 EELEC  =    -14912.8837  EHBOND  =         0.0000  RESTRAINT  =         6.4093
 EAMBER (non-restraint)  =    -13019.4402
 EKCMT  =         0.0000  VIRIAL  =         0.0000  VOLUME     =     31847.6553
                                                    Density    =         1.0185
 Ewald error estimate:   0.2866E-03
 ------------------------------------------------------------------------------

wrapping first mol.:       11.52487       16.29863       28.23005

 NSTEP =    23000   TIME(PS) =      66.000  TEMP(K) =   286.21  PRESS =     0.0
 Etot   =    -11092.5276  EKtot   =      1848.4585  EPtot      =    -12940.9861
 BOND   =        11.4274  ANGLE   =        16.8828  DIHED      =        15.1538
 1-4 NB =        11.6403  1-4 EEL =      -670.5722  VDWAALS    =      2550.4764
 EELEC  =    -14886.3780  EHBOND  =         0.0000  RESTRAINT  =        10.3833
 EAMBER (non-restraint)  =    -12951.3694
 EKCMT  =         0.0000  VIRIAL  =         0.0000  VOLUME     =     31816.3148
                                                    Density    =         1.0195
 Ewald error estimate:   0.2093E-03
 ------------------------------------------------------------------------------

wrapping first mol.:       11.50943       16.27679       28.19222

 NSTEP =    23500   TIME(PS) =      67.000  TEMP(K) =   301.02  PRESS =     0.0
 Etot   =    -11042.9050  EKtot   =      1944.0683  EPtot      =    -12986.9734
 BOND   =         7.1117  ANGLE   =        16.3212  DIHED      =        12.7976
 1-4 NB =        11.7028  1-4 EEL =      -666.3169  VDWAALS    =      2679.2357
 EELEC  =    -15058.0429  EHBOND  =         0.0000  RESTRAINT  =        10.2174
 EAMBER (non-restraint)  =    -12997.1908
 EKCMT  =         0.0000  VIRIAL  =         0.0000  VOLUME     =     31688.5770
                                                    Density    =         1.0236
 Ewald error estimate:   0.7045E-04
 ------------------------------------------------------------------------------

wrapping first mol.:       11.51701       16.28752       28.21081

 NSTEP =    24000   TIME(PS) =      68.000  TEMP(K) =   303.43  PRESS =     0.0
 Etot   =    -11054.4484  EKtot   =      1959.6566  EPtot      =    -13014.1050
 BOND   =         7.9812  ANGLE   =        14.3060  DIHED      =        12.1325
 1-4 NB =        11.2543  1-4 EEL =      -665.6521  VDWAALS    =      2518.9595
 EELEC  =    -14922.8479  EHBOND  =         0.0000  RESTRAINT  =         9.7614
 EAMBER (non-restraint)  =    -13023.8664
 EKCMT  =         0.0000  VIRIAL  =         0.0000  VOLUME     =     31751.2976
                                                    Density    =         1.0216
 Ewald error estimate:   0.1536E-03
 ------------------------------------------------------------------------------

wrapping first mol.:       11.54463       16.32657       28.27845

 NSTEP =    24500   TIME(PS) =      69.000  TEMP(K) =   292.38  PRESS =     0.0
 Etot   =    -11101.5245  EKtot   =      1888.2801  EPtot      =    -12989.8046
 BOND   =         7.5115  ANGLE   =        11.8917  DIHED      =        12.5269
 1-4 NB =        11.9465  1-4 EEL =      -669.5353  VDWAALS    =      2451.7372
 EELEC  =    -14824.8919  EHBOND  =         0.0000  RESTRAINT  =         9.0088
 EAMBER (non-restraint)  =    -12998.8135
 EKCMT  =         0.0000  VIRIAL  =         0.0000  VOLUME     =     31980.2599
                                                    Density    =         1.0143
 Ewald error estimate:   0.7403E-04
 ------------------------------------------------------------------------------

wrapping first mol.:       11.56264       16.35204       28.32256

 NSTEP =    25000   TIME(PS) =      70.000  TEMP(K) =   293.73  PRESS =     0.0
 Etot   =    -11028.1864  EKtot   =      1897.0399  EPtot      =    -12925.2264
 BOND   =         9.0396  ANGLE   =        19.4870  DIHED      =        10.7471
 1-4 NB =        12.3212  1-4 EEL =      -672.4367  VDWAALS    =      2482.0141
 EELEC  =    -14795.2613  EHBOND  =         0.0000  RESTRAINT  =         8.8627
 EAMBER (non-restraint)  =    -12934.0890
 EKCMT  =         0.0000  VIRIAL  =         0.0000  VOLUME     =     32130.1146
                                                    Density    =         1.0095
 Ewald error estimate:   0.1960E-03
 ------------------------------------------------------------------------------

wrapping first mol.:       11.56602       16.35682       28.33084

 NSTEP =    25500   TIME(PS) =      71.000  TEMP(K) =   301.76  PRESS =     0.0
 Etot   =    -11051.5971  EKtot   =      1948.9050  EPtot      =    -13000.5020
 BOND   =         7.8582  ANGLE   =        20.5632  DIHED      =        13.2065
 1-4 NB =        12.7379  1-4 EEL =      -674.6562  VDWAALS    =      2504.5319
 EELEC  =    -14893.7863  EHBOND  =         0.0000  RESTRAINT  =         9.0426
 EAMBER (non-restraint)  =    -13009.5447
 EKCMT  =         0.0000  VIRIAL  =         0.0000  VOLUME     =     32158.3171
                                                    Density    =         1.0087
 Ewald error estimate:   0.1831E-04
 ------------------------------------------------------------------------------

wrapping first mol.:       11.54705       16.33000       28.28438

 NSTEP =    26000   TIME(PS) =      72.000  TEMP(K) =   295.38  PRESS =     0.0
 Etot   =    -11105.7652  EKtot   =      1907.6447  EPtot      =    -13013.4099
 BOND   =        10.0652  ANGLE   =        11.3966  DIHED      =        13.1809
 1-4 NB =        13.3317  1-4 EEL =      -665.4220  VDWAALS    =      2525.7098
 EELEC  =    -14929.8006  EHBOND  =         0.0000  RESTRAINT  =         8.1284
 EAMBER (non-restraint)  =    -13021.5384
 EKCMT  =         0.0000  VIRIAL  =         0.0000  VOLUME     =     32000.3671
                                                    Density    =         1.0136
 Ewald error estimate:   0.8090E-04
 ------------------------------------------------------------------------------

wrapping first mol.:       11.53620       16.31465       28.25780

 NSTEP =    26500   TIME(PS) =      73.000  TEMP(K) =   291.60  PRESS =     0.0
 Etot   =    -11104.7091  EKtot   =      1883.2327  EPtot      =    -12987.9418
 BOND   =         8.6657  ANGLE   =        16.6118  DIHED      =        14.2797
 1-4 NB =        12.9306  1-4 EEL =      -673.3916  VDWAALS    =      2486.6383
 EELEC  =    -14862.6813  EHBOND  =         0.0000  RESTRAINT  =         9.0050
 EAMBER (non-restraint)  =    -12996.9468
 EKCMT  =         0.0000  VIRIAL  =         0.0000  VOLUME     =     31910.2216
                                                    Density    =         1.0165
 Ewald error estimate:   0.7714E-04
 ------------------------------------------------------------------------------

wrapping first mol.:       11.50933       16.27666       28.19199

 NSTEP =    27000   TIME(PS) =      74.000  TEMP(K) =   297.82  PRESS =     0.0
 Etot   =    -11110.5379  EKtot   =      1923.4262  EPtot      =    -13033.9642
 BOND   =         7.1438  ANGLE   =        11.5960  DIHED      =        12.0404
 1-4 NB =        12.1916  1-4 EEL =      -663.4703  VDWAALS    =      2540.5502
 EELEC  =    -14965.1263  EHBOND  =         0.0000  RESTRAINT  =        11.1104
 EAMBER (non-restraint)  =    -13045.0746
 EKCMT  =         0.0000  VIRIAL  =         0.0000  VOLUME     =     31687.8215
                                                    Density    =         1.0236
 Ewald error estimate:   0.7746E-05
 ------------------------------------------------------------------------------

wrapping first mol.:       11.49549       16.25708       28.15809

 NSTEP =    27500   TIME(PS) =      75.000  TEMP(K) =   302.32  PRESS =     0.0
 Etot   =    -11044.3636  EKtot   =      1952.4728  EPtot      =    -12996.8364
 BOND   =         7.7513  ANGLE   =        13.3378  DIHED      =        15.0115
 1-4 NB =        11.6848  1-4 EEL =      -667.4487  VDWAALS    =      2545.8963
 EELEC  =    -14937.1845  EHBOND  =         0.0000  RESTRAINT  =        14.1150
 EAMBER (non-restraint)  =    -13010.9514
 EKCMT  =         0.0000  VIRIAL  =         0.0000  VOLUME     =     31573.6331
                                                    Density    =         1.0273
 Ewald error estimate:   0.1815E-03
 ------------------------------------------------------------------------------

wrapping first mol.:       11.53499       16.31294       28.25485

 NSTEP =    28000   TIME(PS) =      76.000  TEMP(K) =   298.50  PRESS =     0.0
 Etot   =    -10944.0228  EKtot   =      1927.8560  EPtot      =    -12871.8788
 BOND   =         8.3876  ANGLE   =        18.0879  DIHED      =        12.8748
 1-4 NB =        11.9985  1-4 EEL =      -667.8957  VDWAALS    =      2376.1229
 EELEC  =    -14639.5986  EHBOND  =         0.0000  RESTRAINT  =         8.1437
 EAMBER (non-restraint)  =    -12880.0226
 EKCMT  =         0.0000  VIRIAL  =         0.0000  VOLUME     =     31900.2278
                                                    Density    =         1.0168
 Ewald error estimate:   0.9887E-04
 ------------------------------------------------------------------------------

wrapping first mol.:       11.54114       16.32164       28.26991

 NSTEP =    28500   TIME(PS) =      77.000  TEMP(K) =   300.48  PRESS =     0.0
 Etot   =    -10983.2252  EKtot   =      1940.6209  EPtot      =    -12923.8462
 BOND   =         7.8223  ANGLE   =        16.2704  DIHED      =        14.3127
 1-4 NB =        13.3675  1-4 EEL =      -672.1080  VDWAALS    =      2440.7909
 EELEC  =    -14754.8735  EHBOND  =         0.0000  RESTRAINT  =        10.5716
 EAMBER (non-restraint)  =    -12934.4177
 EKCMT  =         0.0000  VIRIAL  =         0.0000  VOLUME     =     31951.2763
                                                    Density    =         1.0152
 Ewald error estimate:   0.1638E-03
 ------------------------------------------------------------------------------

wrapping first mol.:       11.50885       16.27597       28.19080

 NSTEP =    29000   TIME(PS) =      78.000  TEMP(K) =   297.07  PRESS =     0.0
 Etot   =    -10968.3244  EKtot   =      1918.5757  EPtot      =    -12886.9001
 BOND   =         4.0917  ANGLE   =        17.6136  DIHED      =        12.9933
 1-4 NB =        11.3964  1-4 EEL =      -663.5856  VDWAALS    =      2468.0328
 EELEC  =    -14749.1688  EHBOND  =         0.0000  RESTRAINT  =        11.7266
 EAMBER (non-restraint)  =    -12898.6267
 EKCMT  =         0.0000  VIRIAL  =         0.0000  VOLUME     =     31683.8059
                                                    Density    =         1.0238
 Ewald error estimate:   0.3982E-03
 ------------------------------------------------------------------------------

wrapping first mol.:       11.51182       16.28018       28.19809

 NSTEP =    29500   TIME(PS) =      79.000  TEMP(K) =   298.08  PRESS =     0.0
 Etot   =    -10945.9452  EKtot   =      1925.1283  EPtot      =    -12871.0736
 BOND   =        11.4457  ANGLE   =        12.9719  DIHED      =        16.7163
 1-4 NB =        12.1973  1-4 EEL =      -668.4043  VDWAALS    =      2441.7927
 EELEC  =    -14707.0501  EHBOND  =         0.0000  RESTRAINT  =         9.2570
 EAMBER (non-restraint)  =    -12880.3306
 EKCMT  =         0.0000  VIRIAL  =         0.0000  VOLUME     =     31708.3799
                                                    Density    =         1.0230
 Ewald error estimate:   0.1374E-03
 ------------------------------------------------------------------------------

wrapping first mol.:       11.50147       16.26553       28.17272

 NSTEP =    30000   TIME(PS) =      80.000  TEMP(K) =   305.36  PRESS =     0.0
 Etot   =    -10946.0278  EKtot   =      1972.1034  EPtot      =    -12918.1312
 BOND   =         9.3563  ANGLE   =        18.4389  DIHED      =        14.7258
 1-4 NB =        11.6696  1-4 EEL =      -667.0679  VDWAALS    =      2519.6056
 EELEC  =    -14834.6379  EHBOND  =         0.0000  RESTRAINT  =         9.7784
 EAMBER (non-restraint)  =    -12927.9096
 EKCMT  =         0.0000  VIRIAL  =         0.0000  VOLUME     =     31622.8664
                                                    Density    =         1.0257
 Ewald error estimate:   0.1289E-03
 ------------------------------------------------------------------------------

wrapping first mol.:       11.51851       16.28963       28.21446

 NSTEP =    30500   TIME(PS) =      81.000  TEMP(K) =   297.26  PRESS =     0.0
 Etot   =    -10993.2077  EKtot   =      1919.8159  EPtot      =    -12913.0236
 BOND   =        10.5996  ANGLE   =        11.2197  DIHED      =        11.2838
 1-4 NB =        10.3739  1-4 EEL =      -663.7497  VDWAALS    =      2357.6778
 EELEC  =    -14660.4814  EHBOND  =         0.0000  RESTRAINT  =        10.0526
 EAMBER (non-restraint)  =    -12923.0762
 EKCMT  =         0.0000  VIRIAL  =         0.0000  VOLUME     =     31763.6310
                                                    Density    =         1.0212
 Ewald error estimate:   0.8091E-04
 ------------------------------------------------------------------------------

wrapping first mol.:       11.52865       16.30397       28.23930

 NSTEP =    31000   TIME(PS) =      82.000  TEMP(K) =   297.44  PRESS =     0.0
 Etot   =    -10960.3879  EKtot   =      1921.0028  EPtot      =    -12881.3907
 BOND   =         8.2141  ANGLE   =        15.2742  DIHED      =        14.6843
 1-4 NB =        11.7217  1-4 EEL =      -666.0810  VDWAALS    =      2466.6155
 EELEC  =    -14742.0930  EHBOND  =         0.0000  RESTRAINT  =        10.2735
 EAMBER (non-restraint)  =    -12891.6642
 EKCMT  =         0.0000  VIRIAL  =         0.0000  VOLUME     =     31847.6081
                                                    Density    =         1.0185
 Ewald error estimate:   0.3217E-03
 ------------------------------------------------------------------------------

wrapping first mol.:       11.49118       16.25098       28.14752

 NSTEP =    31500   TIME(PS) =      83.000  TEMP(K) =   303.75  PRESS =     0.0
 Etot   =    -11027.3678  EKtot   =      1961.7081  EPtot      =    -12989.0760
 BOND   =         9.7752  ANGLE   =        13.9230  DIHED      =        11.8726
 1-4 NB =        11.9982  1-4 EEL =      -674.3013  VDWAALS    =      2469.2230
 EELEC  =    -14841.7730  EHBOND  =         0.0000  RESTRAINT  =        10.2063
 EAMBER (non-restraint)  =    -12999.2823
 EKCMT  =         0.0000  VIRIAL  =         0.0000  VOLUME     =     31538.0787
                                                    Density    =         1.0285
 Ewald error estimate:   0.2856E-04
 ------------------------------------------------------------------------------

wrapping first mol.:       11.49259       16.25298       28.15099

 NSTEP =    32000   TIME(PS) =      84.000  TEMP(K) =   298.11  PRESS =     0.0
 Etot   =    -11053.4502  EKtot   =      1925.3338  EPtot      =    -12978.7841
 BOND   =         6.0552  ANGLE   =        21.4825  DIHED      =        12.5780
 1-4 NB =        12.8834  1-4 EEL =      -667.6894  VDWAALS    =      2495.2249
 EELEC  =    -14867.7946  EHBOND  =         0.0000  RESTRAINT  =         8.4759
 EAMBER (non-restraint)  =    -12987.2599
 EKCMT  =         0.0000  VIRIAL  =         0.0000  VOLUME     =     31549.7477
                                                    Density    =         1.0281
 Ewald error estimate:   0.4807E-04
 ------------------------------------------------------------------------------

wrapping first mol.:       11.55315       16.33863       28.29933

 NSTEP =    32500   TIME(PS) =      85.000  TEMP(K) =   300.17  PRESS =     0.0
 Etot   =    -10954.8067  EKtot   =      1938.6248  EPtot      =    -12893.4315
 BOND   =         7.4173  ANGLE   =        13.8555  DIHED      =        14.4254
 1-4 NB =        12.3576  1-4 EEL =      -674.9837  VDWAALS    =      2402.1536
 EELEC  =    -14678.4767  EHBOND  =         0.0000  RESTRAINT  =         9.8195
 EAMBER (non-restraint)  =    -12903.2510
 EKCMT  =         0.0000  VIRIAL  =         0.0000  VOLUME     =     32051.1320
                                                    Density    =         1.0120
 Ewald error estimate:   0.1402E-04
 ------------------------------------------------------------------------------

wrapping first mol.:       11.56309       16.35268       28.32368

 NSTEP =    33000   TIME(PS) =      86.000  TEMP(K) =   302.76  PRESS =     0.0
 Etot   =    -10960.2572  EKtot   =      1955.3390  EPtot      =    -12915.5962
 BOND   =         6.6694  ANGLE   =        17.2621  DIHED      =        12.1899
 1-4 NB =        12.9397  1-4 EEL =      -676.3942  VDWAALS    =      2496.5885
 EELEC  =    -14791.1117  EHBOND  =         0.0000  RESTRAINT  =         6.2602
 EAMBER (non-restraint)  =    -12921.8563
 EKCMT  =         0.0000  VIRIAL  =         0.0000  VOLUME     =     32133.9303
                                                    Density    =         1.0094
 Ewald error estimate:   0.9544E-04
 ------------------------------------------------------------------------------

wrapping first mol.:       11.58353       16.38158       28.37373

 NSTEP =    33500   TIME(PS) =      87.000  TEMP(K) =   307.16  PRESS =     0.0
 Etot   =    -10939.7366  EKtot   =      1983.7378  EPtot      =    -12923.4744
 BOND   =        10.6850  ANGLE   =        17.6734  DIHED      =        11.1957
 1-4 NB =        14.0170  1-4 EEL =      -677.9756  VDWAALS    =      2461.2246
 EELEC  =    -14769.1649  EHBOND  =         0.0000  RESTRAINT  =         8.8704
 EAMBER (non-restraint)  =    -12932.3449
 EKCMT  =         0.0000  VIRIAL  =         0.0000  VOLUME     =     32304.5963
                                                    Density    =         1.0041
 Ewald error estimate:   0.1723E-04
 ------------------------------------------------------------------------------

wrapping first mol.:       11.56839       16.36017       28.33664

 NSTEP =    34000   TIME(PS) =      88.000  TEMP(K) =   300.01  PRESS =     0.0
 Etot   =    -10981.4279  EKtot   =      1937.5694  EPtot      =    -12918.9973
 BOND   =        10.6736  ANGLE   =        15.0461  DIHED      =        12.1896
 1-4 NB =        13.3582  1-4 EEL =      -668.5265  VDWAALS    =      2484.6071
 EELEC  =    -14795.6258  EHBOND  =         0.0000  RESTRAINT  =         9.2805
 EAMBER (non-restraint)  =    -12928.2778
 EKCMT  =         0.0000  VIRIAL  =         0.0000  VOLUME     =     32178.0867
                                                    Density    =         1.0080
 Ewald error estimate:   0.7966E-04
 ------------------------------------------------------------------------------

wrapping first mol.:       11.55664       16.34356       28.30788

 NSTEP =    34500   TIME(PS) =      89.000  TEMP(K) =   298.31  PRESS =     0.0
 Etot   =    -11030.6314  EKtot   =      1926.5919  EPtot      =    -12957.2233
 BOND   =         6.1166  ANGLE   =        15.4747  DIHED      =        12.5915
 1-4 NB =        11.0344  1-4 EEL =      -667.1669  VDWAALS    =      2502.5546
 EELEC  =    -14846.8298  EHBOND  =         0.0000  RESTRAINT  =         9.0016
 EAMBER (non-restraint)  =    -12966.2249
 EKCMT  =         0.0000  VIRIAL  =         0.0000  VOLUME     =     32080.1805
                                                    Density    =         1.0111
 Ewald error estimate:   0.4399E-04
 ------------------------------------------------------------------------------

wrapping first mol.:       11.58748       16.38718       28.38342

 NSTEP =    35000   TIME(PS) =      90.000  TEMP(K) =   297.53  PRESS =     0.0
 Etot   =    -11026.2156  EKtot   =      1921.5464  EPtot      =    -12947.7619
 BOND   =         8.7679  ANGLE   =        12.7617  DIHED      =        13.6838
 1-4 NB =        11.0174  1-4 EEL =      -668.6836  VDWAALS    =      2458.6313
 EELEC  =    -14791.9463  EHBOND  =         0.0000  RESTRAINT  =         8.0059
 EAMBER (non-restraint)  =    -12955.7678
 EKCMT  =         0.0000  VIRIAL  =         0.0000  VOLUME     =     32337.6997
                                                    Density    =         1.0031
 Ewald error estimate:   0.6860E-04
 ------------------------------------------------------------------------------

wrapping first mol.:       11.57651       16.37166       28.35654

 NSTEP =    35500   TIME(PS) =      91.000  TEMP(K) =   292.91  PRESS =     0.0
 Etot   =    -11030.6794  EKtot   =      1891.7054  EPtot      =    -12922.3848
 BOND   =         7.5236  ANGLE   =        16.1151  DIHED      =        12.5559
 1-4 NB =        12.8333  1-4 EEL =      -668.2445  VDWAALS    =      2496.0946
 EELEC  =    -14808.0047  EHBOND  =         0.0000  RESTRAINT  =         8.7419
 EAMBER (non-restraint)  =    -12931.1266
 EKCMT  =         0.0000  VIRIAL  =         0.0000  VOLUME     =     32245.9149
                                                    Density    =         1.0059
 Ewald error estimate:   0.4708E-04
 ------------------------------------------------------------------------------

wrapping first mol.:       11.53909       16.31874       28.26489

 NSTEP =    36000   TIME(PS) =      92.000  TEMP(K) =   306.48  PRESS =     0.0
 Etot   =    -11008.3112  EKtot   =      1979.3394  EPtot      =    -12987.6505
 BOND   =         6.3915  ANGLE   =        14.3020  DIHED      =        11.9812
 1-4 NB =        12.1016  1-4 EEL =      -672.3590  VDWAALS    =      2582.8794
 EELEC  =    -14956.3962  EHBOND  =         0.0000  RESTRAINT  =        13.4489
 EAMBER (non-restraint)  =    -13001.0994
 EKCMT  =         0.0000  VIRIAL  =         0.0000  VOLUME     =     31934.2642
                                                    Density    =         1.0157
 Ewald error estimate:   0.3555E-03
 ------------------------------------------------------------------------------

wrapping first mol.:       11.52345       16.29661       28.22656

 NSTEP =    36500   TIME(PS) =      93.000  TEMP(K) =   298.00  PRESS =     0.0
 Etot   =    -11055.0133  EKtot   =      1924.6162  EPtot      =    -12979.6294
 BOND   =         8.3970  ANGLE   =        12.3451  DIHED      =        10.0982
 1-4 NB =        11.9022  1-4 EEL =      -667.1441  VDWAALS    =      2511.9327
 EELEC  =    -14875.3174  EHBOND  =         0.0000  RESTRAINT  =         8.1569
 EAMBER (non-restraint)  =    -12987.7863
 EKCMT  =         0.0000  VIRIAL  =         0.0000  VOLUME     =     31804.5231
                                                    Density    =         1.0199
 Ewald error estimate:   0.1484E-03
 ------------------------------------------------------------------------------

wrapping first mol.:       11.55368       16.33937       28.30062

 NSTEP =    37000   TIME(PS) =      94.000  TEMP(K) =   298.41  PRESS =     0.0
 Etot   =    -11064.4489  EKtot   =      1927.2502  EPtot      =    -12991.6991
 BOND   =         7.4641  ANGLE   =        11.2690  DIHED      =        11.5210
 1-4 NB =        11.9384  1-4 EEL =      -670.8123  VDWAALS    =      2490.0926
 EELEC  =    -14863.3381  EHBOND  =         0.0000  RESTRAINT  =        10.1661
 EAMBER (non-restraint)  =    -13001.8652
 EKCMT  =         0.0000  VIRIAL  =         0.0000  VOLUME     =     32055.5250
                                                    Density    =         1.0119
 Ewald error estimate:   0.1459E-03
 ------------------------------------------------------------------------------

wrapping first mol.:       11.56793       16.35952       28.33552

 NSTEP =    37500   TIME(PS) =      95.000  TEMP(K) =   296.57  PRESS =     0.0
 Etot   =    -11017.0261  EKtot   =      1915.3276  EPtot      =    -12932.3537
 BOND   =         9.7501  ANGLE   =         9.3749  DIHED      =        12.1973
 1-4 NB =        10.1998  1-4 EEL =      -660.7180  VDWAALS    =      2326.1564
 EELEC  =    -14647.3566  EHBOND  =         0.0000  RESTRAINT  =         8.0425
 EAMBER (non-restraint)  =    -12940.3961
 EKCMT  =         0.0000  VIRIAL  =         0.0000  VOLUME     =     32174.2676
                                                    Density    =         1.0082
 Ewald error estimate:   0.2975E-03
 ------------------------------------------------------------------------------

wrapping first mol.:       11.54653       16.32926       28.28311

 NSTEP =    38000   TIME(PS) =      96.000  TEMP(K) =   289.74  PRESS =     0.0
 Etot   =    -11004.8736  EKtot   =      1871.2613  EPtot      =    -12876.1349
 BOND   =         8.0127  ANGLE   =        14.0302  DIHED      =        10.1734
 1-4 NB =        12.0368  1-4 EEL =      -669.7744  VDWAALS    =      2417.6088
 EELEC  =    -14675.2304  EHBOND  =         0.0000  RESTRAINT  =         7.0078
 EAMBER (non-restraint)  =    -12883.1427
 EKCMT  =         0.0000  VIRIAL  =         0.0000  VOLUME     =     31996.0460
                                                    Density    =         1.0138
 Ewald error estimate:   0.8752E-04
 ------------------------------------------------------------------------------

wrapping first mol.:       11.56038       16.34884       28.31702

 NSTEP =    38500   TIME(PS) =      97.000  TEMP(K) =   297.06  PRESS =     0.0
 Etot   =    -10962.2584  EKtot   =      1918.5363  EPtot      =    -12880.7946
 BOND   =         8.5510  ANGLE   =        20.0653  DIHED      =        13.5312
 1-4 NB =        12.7042  1-4 EEL =      -673.9695  VDWAALS    =      2400.4822
 EELEC  =    -14670.2619  EHBOND  =         0.0000  RESTRAINT  =         8.1029
 EAMBER (non-restraint)  =    -12888.8975
 EKCMT  =         0.0000  VIRIAL  =         0.0000  VOLUME     =     32111.2827
                                                    Density    =         1.0101
 Ewald error estimate:   0.5940E-04
 ------------------------------------------------------------------------------

wrapping first mol.:       11.57027       16.36283       28.34125

 NSTEP =    39000   TIME(PS) =      98.000  TEMP(K) =   294.98  PRESS =     0.0
 Etot   =    -11014.3717  EKtot   =      1905.0692  EPtot      =    -12919.4409
 BOND   =         9.7083  ANGLE   =        15.3213  DIHED      =        12.8090
 1-4 NB =        11.7493  1-4 EEL =      -664.4658  VDWAALS    =      2400.7622
 EELEC  =    -14714.4311  EHBOND  =         0.0000  RESTRAINT  =         9.1059
 EAMBER (non-restraint)  =    -12928.5469
 EKCMT  =         0.0000  VIRIAL  =         0.0000  VOLUME     =     32193.7637
                                                    Density    =         1.0075
 Ewald error estimate:   0.5958E-05
 ------------------------------------------------------------------------------

wrapping first mol.:       11.56832       16.36008       28.33648

 NSTEP =    39500   TIME(PS) =      99.000  TEMP(K) =   293.32  PRESS =     0.0
 Etot   =    -10987.7485  EKtot   =      1894.3897  EPtot      =    -12882.1382
 BOND   =         6.4516  ANGLE   =        13.4703  DIHED      =        13.3692
 1-4 NB =        12.3815  1-4 EEL =      -666.1451  VDWAALS    =      2468.0324
 EELEC  =    -14740.6176  EHBOND  =         0.0000  RESTRAINT  =        10.9195
 EAMBER (non-restraint)  =    -12893.0577
 EKCMT  =         0.0000  VIRIAL  =         0.0000  VOLUME     =     32177.5348
                                                    Density    =         1.0081
 Ewald error estimate:   0.5652E-03
 ------------------------------------------------------------------------------

wrapping first mol.:       11.58120       16.37829       28.36802

 NSTEP =    40000   TIME(PS) =     100.000  TEMP(K) =   310.36  PRESS =     0.0
 Etot   =    -10953.9661  EKtot   =      2004.4225  EPtot      =    -12958.3886
 BOND   =         5.4863  ANGLE   =        12.2109  DIHED      =        10.9969
 1-4 NB =        12.6948  1-4 EEL =      -668.4255  VDWAALS    =      2547.9109
 EELEC  =    -14885.0666  EHBOND  =         0.0000  RESTRAINT  =         5.8037
 EAMBER (non-restraint)  =    -12964.1923
 EKCMT  =         0.0000  VIRIAL  =         0.0000  VOLUME     =     32285.1025
                                                    Density    =         1.0047
 Ewald error estimate:   0.2644E-03
 ------------------------------------------------------------------------------

wrapping first mol.:       11.57463       16.36900       28.35193

 NSTEP =    40500   TIME(PS) =     101.000  TEMP(K) =   289.99  PRESS =     0.0
 Etot   =    -11103.0928  EKtot   =      1872.8327  EPtot      =    -12975.9255
 BOND   =         9.7010  ANGLE   =        16.1255  DIHED      =        14.5589
 1-4 NB =        12.9472  1-4 EEL =      -671.0829  VDWAALS    =      2508.4934
 EELEC  =    -14878.5394  EHBOND  =         0.0000  RESTRAINT  =        11.8709
 EAMBER (non-restraint)  =    -12987.7964
 EKCMT  =         0.0000  VIRIAL  =         0.0000  VOLUME     =     32230.1907
                                                    Density    =         1.0064
 Ewald error estimate:   0.2445E-03
 ------------------------------------------------------------------------------

wrapping first mol.:       11.57474       16.36916       28.35221

 NSTEP =    41000   TIME(PS) =     102.000  TEMP(K) =   300.89  PRESS =     0.0
 Etot   =    -11088.5348  EKtot   =      1943.2309  EPtot      =    -13031.7657
 BOND   =         4.0576  ANGLE   =        14.8465  DIHED      =        13.9429
 1-4 NB =        12.4970  1-4 EEL =      -667.4851  VDWAALS    =      2508.9651
 EELEC  =    -14925.2452  EHBOND  =         0.0000  RESTRAINT  =         6.6557
 EAMBER (non-restraint)  =    -13038.4214
 EKCMT  =         0.0000  VIRIAL  =         0.0000  VOLUME     =     32231.1575
                                                    Density    =         1.0064
 Ewald error estimate:   0.1421E-03
 ------------------------------------------------------------------------------

wrapping first mol.:       11.59403       16.39644       28.39946

 NSTEP =    41500   TIME(PS) =     103.000  TEMP(K) =   291.28  PRESS =     0.0
 Etot   =    -11027.8644  EKtot   =      1881.2020  EPtot      =    -12909.0664
 BOND   =         4.6448  ANGLE   =        15.1396  DIHED      =        13.2248
 1-4 NB =        12.1345  1-4 EEL =      -665.7527  VDWAALS    =      2493.9486
 EELEC  =    -14790.6306  EHBOND  =         0.0000  RESTRAINT  =         8.2245
 EAMBER (non-restraint)  =    -12917.2909
 EKCMT  =         0.0000  VIRIAL  =         0.0000  VOLUME     =     32392.5612
                                                    Density    =         1.0014
 Ewald error estimate:   0.1039E-03
 ------------------------------------------------------------------------------

wrapping first mol.:       11.58049       16.37729       28.36630

 NSTEP =    42000   TIME(PS) =     104.000  TEMP(K) =   303.66  PRESS =     0.0
 Etot   =    -10986.8033  EKtot   =      1961.1482  EPtot      =    -12947.9515
 BOND   =         8.2062  ANGLE   =        16.9160  DIHED      =        11.8341
 1-4 NB =        12.3928  1-4 EEL =      -665.7575  VDWAALS    =      2560.4840
 EELEC  =    -14899.6572  EHBOND  =         0.0000  RESTRAINT  =         7.6301
 EAMBER (non-restraint)  =    -12955.5815
 EKCMT  =         0.0000  VIRIAL  =         0.0000  VOLUME     =     32279.2114
                                                    Density    =         1.0049
 Ewald error estimate:   0.2307E-03
 ------------------------------------------------------------------------------

wrapping first mol.:       11.55811       16.34563       28.31147

 NSTEP =    42500   TIME(PS) =     105.000  TEMP(K) =   303.65  PRESS =     0.0
 Etot   =    -10960.0515  EKtot   =      1961.0956  EPtot      =    -12921.1471
 BOND   =        11.4071  ANGLE   =        22.4059  DIHED      =        13.4484
 1-4 NB =        10.2276  1-4 EEL =      -661.9341  VDWAALS    =      2498.5425
 EELEC  =    -14824.2967  EHBOND  =         0.0000  RESTRAINT  =         9.0522
 EAMBER (non-restraint)  =    -12930.1992
 EKCMT  =         0.0000  VIRIAL  =         0.0000  VOLUME     =     32092.3861
                                                    Density    =         1.0107
 Ewald error estimate:   0.1490E-03
 ------------------------------------------------------------------------------

wrapping first mol.:       11.57674       16.37198       28.35710

 NSTEP =    43000   TIME(PS) =     106.000  TEMP(K) =   305.14  PRESS =     0.0
 Etot   =    -10950.8811  EKtot   =      1970.7044  EPtot      =    -12921.5854
 BOND   =         8.8269  ANGLE   =        13.8319  DIHED      =        11.8220
 1-4 NB =        10.3072  1-4 EEL =      -662.4201  VDWAALS    =      2400.8340
 EELEC  =    -14709.5524  EHBOND  =         0.0000  RESTRAINT  =         4.7652
 EAMBER (non-restraint)  =    -12926.3506
 EKCMT  =         0.0000  VIRIAL  =         0.0000  VOLUME     =     32247.8319
                                                    Density    =         1.0059
 Ewald error estimate:   0.7898E-04
 ------------------------------------------------------------------------------

wrapping first mol.:       11.57651       16.37165       28.35653

 NSTEP =    43500   TIME(PS) =     107.000  TEMP(K) =   300.66  PRESS =     0.0
 Etot   =    -10987.6000  EKtot   =      1941.7716  EPtot      =    -12929.3716
 BOND   =         8.0813  ANGLE   =        11.3140  DIHED      =        11.8460
 1-4 NB =        13.2704  1-4 EEL =      -665.0405  VDWAALS    =      2443.2234
 EELEC  =    -14760.9136  EHBOND  =         0.0000  RESTRAINT  =         8.8474
 EAMBER (non-restraint)  =    -12938.2190
 EKCMT  =         0.0000  VIRIAL  =         0.0000  VOLUME     =     32245.8953
                                                    Density    =         1.0059
 Ewald error estimate:   0.3796E-03
 ------------------------------------------------------------------------------

wrapping first mol.:       11.56269       16.35211       28.32268

 NSTEP =    44000   TIME(PS) =     108.000  TEMP(K) =   301.81  PRESS =     0.0
 Etot   =    -11020.3666  EKtot   =      1949.2014  EPtot      =    -12969.5679
 BOND   =        12.7461  ANGLE   =        14.5114  DIHED      =        14.0976
 1-4 NB =        12.4120  1-4 EEL =      -670.9500  VDWAALS    =      2473.5848
 EELEC  =    -14836.1956  EHBOND  =         0.0000  RESTRAINT  =        10.2258
 EAMBER (non-restraint)  =    -12979.7937
 EKCMT  =         0.0000  VIRIAL  =         0.0000  VOLUME     =     32130.5236
                                                    Density    =         1.0095
 Ewald error estimate:   0.1354E-03
 ------------------------------------------------------------------------------

wrapping first mol.:       11.55345       16.33904       28.30004

 NSTEP =    44500   TIME(PS) =     109.000  TEMP(K) =   297.40  PRESS =     0.0
 Etot   =    -11013.6340  EKtot   =      1920.6954  EPtot      =    -12934.3294
 BOND   =         4.8915  ANGLE   =        15.3980  DIHED      =        14.9840
 1-4 NB =        13.4566  1-4 EEL =      -670.3178  VDWAALS    =      2519.9198
 EELEC  =    -14842.9717  EHBOND  =         0.0000  RESTRAINT  =        10.3103
 EAMBER (non-restraint)  =    -12944.6396
 EKCMT  =         0.0000  VIRIAL  =         0.0000  VOLUME     =     32053.5612
                                                    Density    =         1.0119
 Ewald error estimate:   0.3577E-03
 ------------------------------------------------------------------------------

wrapping first mol.:       11.55345       16.33904       28.30004

 NSTEP =    45000   TIME(PS) =     110.000  TEMP(K) =   295.94  PRESS =     0.0
 Etot   =    -10989.8431  EKtot   =      1911.3224  EPtot      =    -12901.1656
 BOND   =        10.8594  ANGLE   =        17.4351  DIHED      =        15.3232
 1-4 NB =        11.5404  1-4 EEL =      -661.2883  VDWAALS    =      2347.0140
 EELEC  =    -14653.0840  EHBOND  =         0.0000  RESTRAINT  =        11.0346
 EAMBER (non-restraint)  =    -12912.2002
 EKCMT  =         0.0000  VIRIAL  =         0.0000  VOLUME     =     32053.5612
                                                    Density    =         1.0119
 Ewald error estimate:   0.1614E-03
 ------------------------------------------------------------------------------

wrapping first mol.:       11.56831       16.36007       28.33646

 NSTEP =    45500   TIME(PS) =     111.000  TEMP(K) =   311.11  PRESS =     0.0
 Etot   =    -10901.6570  EKtot   =      2009.2502  EPtot      =    -12910.9073
 BOND   =         8.2713  ANGLE   =        17.8027  DIHED      =        12.3483
 1-4 NB =        10.9461  1-4 EEL =      -668.5077  VDWAALS    =      2407.9619
 EELEC  =    -14709.9355  EHBOND  =         0.0000  RESTRAINT  =        10.2056
 EAMBER (non-restraint)  =    -12921.1129
 EKCMT  =         0.0000  VIRIAL  =         0.0000  VOLUME     =     32177.4678
                                                    Density    =         1.0081
 Ewald error estimate:   0.2161E-04
 ------------------------------------------------------------------------------

wrapping first mol.:       11.59397       16.39635       28.39932

 NSTEP =    46000   TIME(PS) =     112.000  TEMP(K) =   292.45  PRESS =     0.0
 Etot   =    -11089.7670  EKtot   =      1888.7580  EPtot      =    -12978.5250
 BOND   =         9.8921  ANGLE   =        14.5324  DIHED      =        11.0946
 1-4 NB =        12.8796  1-4 EEL =      -670.4462  VDWAALS    =      2510.8119
 EELEC  =    -14875.0065  EHBOND  =         0.0000  RESTRAINT  =         7.7172
 EAMBER (non-restraint)  =    -12986.2422
 EKCMT  =         0.0000  VIRIAL  =         0.0000  VOLUME     =     32392.0631
                                                    Density    =         1.0014
 Ewald error estimate:   0.5329E-04
 ------------------------------------------------------------------------------

wrapping first mol.:       11.60668       16.41432       28.43044

 NSTEP =    46500   TIME(PS) =     113.000  TEMP(K) =   290.55  PRESS =     0.0
 Etot   =    -11044.1692  EKtot   =      1876.5092  EPtot      =    -12920.6783
 BOND   =         9.6497  ANGLE   =        17.0122  DIHED      =        11.7798
 1-4 NB =        11.0558  1-4 EEL =      -673.3824  VDWAALS    =      2482.6017
 EELEC  =    -14789.1904  EHBOND  =         0.0000  RESTRAINT  =         9.7952
 EAMBER (non-restraint)  =    -12930.4735
 EKCMT  =         0.0000  VIRIAL  =         0.0000  VOLUME     =     32498.6687
                                                    Density    =         0.9981
 Ewald error estimate:   0.4754E-03
 ------------------------------------------------------------------------------

wrapping first mol.:       11.57689       16.37219       28.35747

 NSTEP =    47000   TIME(PS) =     114.000  TEMP(K) =   304.41  PRESS =     0.0
 Etot   =    -10978.7180  EKtot   =      1966.0066  EPtot      =    -12944.7246
 BOND   =         7.6979  ANGLE   =        14.1095  DIHED      =        13.3604
 1-4 NB =        12.7896  1-4 EEL =      -672.2099  VDWAALS    =      2477.5601
 EELEC  =    -14808.7213  EHBOND  =         0.0000  RESTRAINT  =        10.6892
 EAMBER (non-restraint)  =    -12955.4138
 EKCMT  =         0.0000  VIRIAL  =         0.0000  VOLUME     =     32249.0734
                                                    Density    =         1.0058
 Ewald error estimate:   0.1500E-03
 ------------------------------------------------------------------------------

wrapping first mol.:       11.60597       16.41332       28.42870

 NSTEP =    47500   TIME(PS) =     115.000  TEMP(K) =   304.23  PRESS =     0.0
 Etot   =    -10885.3166  EKtot   =      1964.8337  EPtot      =    -12850.1502
 BOND   =         4.5816  ANGLE   =        15.1678  DIHED      =        11.4631
 1-4 NB =        12.8594  1-4 EEL =      -668.2041  VDWAALS    =      2491.7281
 EELEC  =    -14731.8675  EHBOND  =         0.0000  RESTRAINT  =        14.1214
 EAMBER (non-restraint)  =    -12864.2716
 EKCMT  =         0.0000  VIRIAL  =         0.0000  VOLUME     =     32492.7004
                                                    Density    =         0.9983
 Ewald error estimate:   0.1472E-03
 ------------------------------------------------------------------------------

wrapping first mol.:       11.59319       16.39525       28.39740

 NSTEP =    48000   TIME(PS) =     116.000  TEMP(K) =   297.52  PRESS =     0.0
 Etot   =    -10949.0785  EKtot   =      1921.4723  EPtot      =    -12870.5507
 BOND   =         8.0999  ANGLE   =        13.8704  DIHED      =         9.4650
 1-4 NB =        13.2969  1-4 EEL =      -674.5778  VDWAALS    =      2446.0540
 EELEC  =    -14695.8871  EHBOND  =         0.0000  RESTRAINT  =         9.1278
 EAMBER (non-restraint)  =    -12879.6786
 EKCMT  =         0.0000  VIRIAL  =         0.0000  VOLUME     =     32385.4930
                                                    Density    =         1.0016
 Ewald error estimate:   0.2531E-03
 ------------------------------------------------------------------------------

wrapping first mol.:       11.57476       16.36918       28.35224

 NSTEP =    48500   TIME(PS) =     117.000  TEMP(K) =   297.85  PRESS =     0.0
 Etot   =    -11010.4285  EKtot   =      1923.6250  EPtot      =    -12934.0535
 BOND   =         6.4637  ANGLE   =        16.1148  DIHED      =        12.4749
 1-4 NB =        10.5953  1-4 EEL =      -663.1904  VDWAALS    =      2417.7431
 EELEC  =    -14740.6358  EHBOND  =         0.0000  RESTRAINT  =         6.3807
 EAMBER (non-restraint)  =    -12940.4342
 EKCMT  =         0.0000  VIRIAL  =         0.0000  VOLUME     =     32231.2557
                                                    Density    =         1.0064
 Ewald error estimate:   0.6089E-03
 ------------------------------------------------------------------------------

wrapping first mol.:       11.53786       16.31699       28.26186

 NSTEP =    49000   TIME(PS) =     118.000  TEMP(K) =   294.17  PRESS =     0.0
 Etot   =    -11050.1080  EKtot   =      1899.8906  EPtot      =    -12949.9986
 BOND   =         8.4209  ANGLE   =        14.5661  DIHED      =        10.4292
 1-4 NB =        12.7094  1-4 EEL =      -676.4329  VDWAALS    =      2575.5162
 EELEC  =    -14904.8693  EHBOND  =         0.0000  RESTRAINT  =         9.6618
 EAMBER (non-restraint)  =    -12959.6604
 EKCMT  =         0.0000  VIRIAL  =         0.0000  VOLUME     =     31923.9841
                                                    Density    =         1.0161
 Ewald error estimate:   0.1716E-03
 ------------------------------------------------------------------------------

wrapping first mol.:       11.54944       16.33338       28.29024

 NSTEP =    49500   TIME(PS) =     119.000  TEMP(K) =   299.30  PRESS =     0.0
 Etot   =    -11026.0818  EKtot   =      1932.9719  EPtot      =    -12959.0537
 BOND   =         3.5472  ANGLE   =        17.4932  DIHED      =        14.5313
 1-4 NB =        12.1134  1-4 EEL =      -669.4959  VDWAALS    =      2468.4509
 EELEC  =    -14816.3283  EHBOND  =         0.0000  RESTRAINT  =        10.6345
 EAMBER (non-restraint)  =    -12969.6882
 EKCMT  =         0.0000  VIRIAL  =         0.0000  VOLUME     =     32020.2531
                                                    Density    =         1.0130
 Ewald error estimate:   0.1944E-03
 ------------------------------------------------------------------------------

wrapping first mol.:       11.52711       16.30179       28.23553
wrapping first mol.:       11.52711       16.30179       28.23553

 NSTEP =    50000   TIME(PS) =     120.000  TEMP(K) =   304.28  PRESS =     0.0
 Etot   =    -11004.4674  EKtot   =      1965.1558  EPtot      =    -12969.6232
 BOND   =        10.2363  ANGLE   =        15.3820  DIHED      =        10.1183
 1-4 NB =        12.4513  1-4 EEL =      -677.7747  VDWAALS    =      2658.3258
 EELEC  =    -15010.4909  EHBOND  =         0.0000  RESTRAINT  =        12.1287
 EAMBER (non-restraint)  =    -12981.7519
 EKCMT  =         0.0000  VIRIAL  =         0.0000  VOLUME     =     31834.8587
                                                    Density    =         1.0189
 Ewald error estimate:   0.2006E-03
 ------------------------------------------------------------------------------


      A V E R A G E S   O V E R     100 S T E P S


 NSTEP =    50000   TIME(PS) =     120.000  TEMP(K) =   299.05  PRESS =     0.0
 Etot   =    -10982.3682  EKtot   =      1931.3468  EPtot      =    -12913.7150
 BOND   =         8.2547  ANGLE   =        15.7219  DIHED      =        12.7148
 1-4 NB =        12.2625  1-4 EEL =      -669.0259  VDWAALS    =      2470.6884
 EELEC  =    -14773.9642  EHBOND  =         0.0000  RESTRAINT  =         9.6328
 EAMBER (non-restraint)  =    -12923.3478
 EKCMT  =         0.0000  VIRIAL  =         0.0000  VOLUME     =     32318.9947
                                                    Density    =         1.0043
 Ewald error estimate:   0.1920E-03
 ------------------------------------------------------------------------------


      R M S  F L U C T U A T I O N S


 NSTEP =    50000   TIME(PS) =     120.000  TEMP(K) =     5.26  PRESS =     0.0
 Etot   =        90.9645  EKtot   =        33.9646  EPtot      =        79.3169
 BOND   =         2.1531  ANGLE   =         2.6640  DIHED      =         1.6094
 1-4 NB =         0.9570  1-4 EEL =         4.0649  VDWAALS    =        72.2410
 EELEC  =       135.4527  EHBOND  =         0.0000  RESTRAINT  =         1.9294
 EAMBER (non-restraint)  =        77.3875
 EKCMT  =         0.0000  VIRIAL  =         0.0000  VOLUME     =       845.8901
                                                    Density    =         0.0245
 Ewald error estimate:   0.1441E-03
 ------------------------------------------------------------------------------

| MC Barostat:        500 volume changes attempted.
| MC Barostat:        238 changes successful ( 47.60%)
 ------------------------------------------------------------------------------

--------------------------------------------------------------------------------
   5.  TIMINGS
--------------------------------------------------------------------------------

|  NonSetup CPU Time in Major Routines, Average for All Tasks:
|
|     Routine           Sec        %
|     ------------------------------
|     DataDistrib      10.59   10.15
|     Nonbond          88.27   84.59
|     Bond              0.14    0.13
|     Angle             0.16    0.15
|     Dihedral          0.20    0.19
|     Shake             0.60    0.58
|     RunMD             4.21    4.03
|     Other             0.19    0.18
|     ------------------------------
|     Total           104.36

|  PME Nonbond Pairlist CPU Time, Average for All Tasks:
|
|     Routine              Sec        %
|     ---------------------------------
|     Set Up Cit           0.29    0.28
|     Build List          10.45   10.01
|     ---------------------------------
|     Total               10.74   10.29

|  PME Direct Force CPU Time, Average for All Tasks:
|
|     Routine              Sec        %
|     ---------------------------------
|     NonBonded Calc      61.02   58.47
|     Exclude Masked       0.67    0.65
|     Other                2.40    2.30
|     ---------------------------------
|     Total               64.10   61.42

|  PME Reciprocal Force CPU Time, Average for All Tasks:
|
|     Routine              Sec        %
|     ---------------------------------
|     1D bspline           1.11    1.07
|     Grid Charges         1.22    1.17
|     Scalar Sum           1.16    1.11
|     Gradient Sum         2.11    2.02
|     FFT                  7.52    7.20
|     ---------------------------------
|     Total               13.12   12.57

|  PME Load Balancing CPU Time, Average for All Tasks:
|
|     Routine                 Sec        %
|     ------------------------------------
|     Atom Reassign           0.00    0.00
|     Image Reassign          0.03    0.03
|     FFT Reassign            0.00    0.00
|     ------------------------------------
|     Total                   0.03    0.03

|  Final Performance Info:
|     -----------------------------------------------------
|     Average timings for last   20500 steps:
|     Elapsed(s) =      43.18 Per Step(ms) =       2.11
|         ns/day =      82.03   seconds/ns =    1053.29
|
|     Average timings for all steps:
|     Elapsed(s) =     104.57 Per Step(ms) =       2.09
|         ns/day =      82.62   seconds/ns =    1045.70
|     -----------------------------------------------------

|  Master Setup CPU time:            0.03 seconds
|  Master NonSetup CPU time:       102.99 seconds
|  Master Total CPU time:          103.03 seconds     0.03 hours

|  Master Setup wall time:           1    seconds
|  Master NonSetup wall time:      104    seconds
|  Master Total wall time:         105    seconds     0.03 hours
