
          -------------------------------------------------------
          Amber 18 PMEMD                              2018
          -------------------------------------------------------

| PMEMD implementation of SANDER, Release 18

| Run on 03/12/2022 at 21:10:14

|   Executable path: pmemd.MPI
| Working directory: /bgfs/lchong/dty7/ff15ipq-lig/charges/gaff_00/GenConformers/Conf20
|          Hostname: smp-n123

  [-O]verwriting output

File Assignments:
|   MDIN: ../../../amber/6.3_eq2.in                                             
|  MDOUT: 6.3_eq2.out                                                           
| INPCRD: 6.2_eq1.rst                                                           
|   PARM: ../../mon.top                                                         
| RESTRT: 6.3_eq2.rst                                                           
|   REFC: 6.2_eq1.rst                                                           
|  MDVEL: mdvel                                                                 
|   MDEN: mden                                                                  
|  MDCRD: mdcrd                                                                 
| MDINFO: mdinfo                                                                
|LOGFILE: logfile                                                               
|  MDFRC: mdfrc                                                                 

 
 Here is the input file:
 
&cntrl                                                                         
  imin      = 0,                                                               
  irest     = 1,                                                               
  ntx       = 5,                                                               
  ig        = -1,                                                              
  dt        = 0.002,                                                           
  nstlim    = 50000,                                                           
  nscm      = 500,                                                             
  ntr       = 1,                                                               
  restraintmask = ':1',                                                        
  restraint_wt  = 10.0,                                                        
  ntb       = 2,                                                               
  ntp       = 1,                                                               
  barostat  = 2,                                                               
  pres0     = 1.0,                                                             
  mcbarint  = 100,                                                             
  comp      = 44.6,                                                            
  taup      = 1.0,                                                             
  ntt       = 3,                                                               
  temp0     = 298.0,                                                           
  gamma_ln  = 1.0,                                                             
  ntf       = 2,                                                               
  ntc       = 2,                                                               
  cut       = 10.0,                                                            
  ntpr      = 500,                                                             
  ntxo      = 1,                                                               
  ntwr      = 50000,                                                           
  ioutfm    = 1,                                                               
  ntwx      = 500,                                                             
  iwrap     = 1,                                                               
&end                                                                           


Note: ig = -1. Setting random seed to   692353 based on wallclock time in
      microseconds and disabling the synchronization of random numbers 
      between tasks to improve performance.
| irandom = 1, using AMBER's internal random number generator (default).
 
 
| Conditional Compilation Defines Used:
| MPI
| FFTW_FFT
| BINTRAJ
| MKL
| EMIL
 
| Largest sphere to fit in unit cell has radius =    14.787

| New format PARM file being parsed.
| Version =    1.000 Date = 03/12/22 Time = 14:58:37

| Note: 1-4 EEL scale factors are being read from the topology file.

| Note: 1-4 VDW scale factors are being read from the topology file.
| Duplicated    0 dihedrals

| Duplicated    0 dihedrals

--------------------------------------------------------------------------------
   1.  RESOURCE   USE: 
--------------------------------------------------------------------------------

 getting box info from netcdf restart file
 NATOM  =    3240 NTYPES =      13 NBONH =    3220 MBONA  =      21
 NTHETH =      33 MTHETA =      29 NPHIH =      60 MPHIA  =      45
 NHPARM =       0 NPARM  =       0 NNB   =    4456 NRES   =    1069
 NBONA  =      21 NTHETA =      29 NPHIA =      45 NUMBND =      22
 NUMANG =      35 NPTRA  =      18 NATYP =      17 NPHB   =       0
 IFBOX  =       2 NMXRS  =      36 IFCAP =       0 NEXTRA =       0
 NCOPY  =       0

| Coordinate Index Table dimensions:     5    5    5
| Direct force subcell size =     7.2440    7.2440    7.2440

     BOX TYPE: TRUNCATED OCTAHEDRON

--------------------------------------------------------------------------------
   2.  CONTROL  DATA  FOR  THE  RUN
--------------------------------------------------------------------------------

MON                                                                             

General flags:
     imin    =       0, nmropt  =       0

Nature and format of input:
     ntx     =       5, irest   =       1, ntrx    =       1

Nature and format of output:
     ntxo    =       1, ntpr    =     500, ntrx    =       1, ntwr    =   50000
     iwrap   =       1, ntwx    =     500, ntwv    =       0, ntwe    =       0
     ioutfm  =       1, ntwprt  =       0, idecomp =       0, rbornstat=      0

Potential function:
     ntf     =       2, ntb     =       2, igb     =       0, nsnb    =      25
     ipol    =       0, gbsa    =       0, iesp    =       0
     dielc   =   1.00000, cut     =  10.00000, intdiel =   1.00000

Frozen or restrained atoms:
     ibelly  =       0, ntr     =       1
     restraint_wt =  10.00000

Molecular dynamics:
     nstlim  =     50000, nscm    =         0, nrespa  =         1
     t       =   0.00000, dt      =   0.00200, vlimit  =  20.00000

Langevin dynamics temperature regulation:
     ig      =  692353
     temp0   = 298.00000, tempi   =   0.00000, gamma_ln=   1.00000

Pressure regulation:
     ntp     =       1
     pres0   =   1.00000, comp    =  44.60000, taup    =   1.00000
     Monte-Carlo Barostat:
     mcbarint  =     100

SHAKE:
     ntc     =       2, jfastw  =       0
     tol     =   0.00001

| Intermolecular bonds treatment:
|     no_intermolecular_bonds =       1

| Energy averages sample interval:
|     ene_avg_sampling =     500

Ewald parameters:
     verbose =       0, ew_type =       0, nbflag  =       1, use_pme =       1
     vdwmeth =       1, eedmeth =       1, netfrc  =       1
     Box X =   36.220   Box Y =   36.220   Box Z =   36.220
     Alpha =  109.471   Beta  =  109.471   Gamma =  109.471
     NFFT1 =   40       NFFT2 =   40       NFFT3 =   40
     Cutoff=   10.000   Tol   =0.100E-04
     Ewald Coefficient =  0.27511
     Interpolation order =    4

| PMEMD ewald parallel performance parameters:
|     block_fft =    0
|     fft_blk_y_divisor =    2
|     excl_recip =    0
|     excl_master =    0
|     atm_redist_freq =  320

    LOADING THE CONSTRAINED ATOMS AS GROUPS


   5.  REFERENCE ATOM COORDINATES

  MON                                                                             
     Mask :1; matches    36 atoms
| MONTE CARLO BAROSTAT IMPORTANT NOTE:
|   The Monte-Carlo barostat does not require the virial to adjust the system volume.
|   Since it is an expensive calculation, it is skipped for efficiency. A side-effect
|   is that the reported pressure is always 0 because it is not calculated.

--------------------------------------------------------------------------------
   3.  ATOMIC COORDINATES AND VELOCITIES
--------------------------------------------------------------------------------

MON                                                                             
 begin time read from input coords =    20.000 ps

 
 Number of triangulated 3-point waters found:     1068

     Sum of charges from parm topology file =  -0.00200217
     Forcing neutrality...

| Dynamic Memory, Types Used:
| Reals             1243214
| Integers           213778

| Nonbonded Pairs Initial Allocation:      317358

| Running AMBER/MPI version on    8 MPI task

 
--------------------------------------------------------------------------------
   4.  RESULTS
--------------------------------------------------------------------------------

 ---------------------------------------------------
 APPROXIMATING switch and d/dx switch using CUBIC SPLINE INTERPOLATION
 using   5000.0 points per unit in tabled values
 TESTING RELATIVE ERROR over r ranging from 0.0 to cutoff
| CHECK switch(x): max rel err =   0.3316E-14   at   2.351880
| CHECK d/dx switch(x): max rel err =   0.8066E-11   at   2.747240
 ---------------------------------------------------
|---------------------------------------------------
| APPROXIMATING direct energy using CUBIC SPLINE INTERPOLATION
|  with   50.0 points per unit in tabled values
| Relative Error Limit not exceeded for r .gt.   2.34
| APPROXIMATING direct force using CUBIC SPLINE INTERPOLATION
|  with   50.0 points per unit in tabled values
| Relative Error Limit not exceeded for r .gt.   2.81
|---------------------------------------------------
wrapping first mol.:       11.97498       16.93518       29.33259

 NSTEP =      500   TIME(PS) =      21.000  TEMP(K) =   286.28  PRESS =     0.0
 Etot   =    -10632.5900  EKtot   =      1848.9072  EPtot      =    -12481.4973
 BOND   =         6.8641  ANGLE   =        15.2914  DIHED      =        14.7439
 1-4 NB =        10.1398  1-4 EEL =      -244.4043  VDWAALS    =      2458.9972
 EELEC  =    -14753.4702  EHBOND  =         0.0000  RESTRAINT  =        10.3409
 EAMBER (non-restraint)  =    -12491.8381
 EKCMT  =         0.0000  VIRIAL  =         0.0000  VOLUME     =     35691.6213
                                                    Density    =         0.9088
 Ewald error estimate:   0.5022E-04
 ------------------------------------------------------------------------------

wrapping first mol.:       11.91233       16.84658       29.17914

 NSTEP =     1000   TIME(PS) =      22.000  TEMP(K) =   293.53  PRESS =     0.0
 Etot   =    -10569.2398  EKtot   =      1895.7179  EPtot      =    -12464.9577
 BOND   =         6.5592  ANGLE   =        15.4237  DIHED      =        10.9952
 1-4 NB =        10.1604  1-4 EEL =      -247.4663  VDWAALS    =      2353.2047
 EELEC  =    -14620.5219  EHBOND  =         0.0000  RESTRAINT  =         6.6874
 EAMBER (non-restraint)  =    -12471.6451
 EKCMT  =         0.0000  VIRIAL  =         0.0000  VOLUME     =     35134.3793
                                                    Density    =         0.9232
 Ewald error estimate:   0.2697E-03
 ------------------------------------------------------------------------------

wrapping first mol.:       11.87224       16.78988       29.08092

 NSTEP =     1500   TIME(PS) =      23.000  TEMP(K) =   303.64  PRESS =     0.0
 Etot   =    -10600.6291  EKtot   =      1960.9917  EPtot      =    -12561.6209
 BOND   =         4.4173  ANGLE   =        13.0374  DIHED      =        10.8578
 1-4 NB =        12.5170  1-4 EEL =      -246.8122  VDWAALS    =      2391.1887
 EELEC  =    -14755.2815  EHBOND  =         0.0000  RESTRAINT  =         8.4546
 EAMBER (non-restraint)  =    -12570.0755
 EKCMT  =         0.0000  VIRIAL  =         0.0000  VOLUME     =     34780.8020
                                                    Density    =         0.9326
 Ewald error estimate:   0.4688E-04
 ------------------------------------------------------------------------------

| MC Barostat: Increasing size of volume moves
wrapping first mol.:       11.79581       16.68180       28.89372

 NSTEP =     2000   TIME(PS) =      24.000  TEMP(K) =   296.64  PRESS =     0.0
 Etot   =    -10546.4049  EKtot   =      1915.8227  EPtot      =    -12462.2276
 BOND   =         3.8817  ANGLE   =        11.9892  DIHED      =        10.7975
 1-4 NB =        13.5503  1-4 EEL =      -247.4498  VDWAALS    =      2500.9342
 EELEC  =    -14768.5167  EHBOND  =         0.0000  RESTRAINT  =        12.5861
 EAMBER (non-restraint)  =    -12474.8137
 EKCMT  =         0.0000  VIRIAL  =         0.0000  VOLUME     =     34113.4239
                                                    Density    =         0.9508
 Ewald error estimate:   0.6721E-05
 ------------------------------------------------------------------------------

wrapping first mol.:       11.73713       16.59880       28.74997

 NSTEP =     2500   TIME(PS) =      25.000  TEMP(K) =   311.72  PRESS =     0.0
 Etot   =    -10552.8501  EKtot   =      2013.1954  EPtot      =    -12566.0454
 BOND   =         5.7154  ANGLE   =        15.7843  DIHED      =        12.5896
 1-4 NB =        10.6566  1-4 EEL =      -245.9224  VDWAALS    =      2539.8377
 EELEC  =    -14914.5604  EHBOND  =         0.0000  RESTRAINT  =         9.8538
 EAMBER (non-restraint)  =    -12575.8992
 EKCMT  =         0.0000  VIRIAL  =         0.0000  VOLUME     =     33606.7985
                                                    Density    =         0.9652
 Ewald error estimate:   0.3205E-04
 ------------------------------------------------------------------------------

wrapping first mol.:       11.68944       16.53136       28.63316

 NSTEP =     3000   TIME(PS) =      26.000  TEMP(K) =   302.38  PRESS =     0.0
 Etot   =    -10652.2864  EKtot   =      1952.8855  EPtot      =    -12605.1719
 BOND   =         3.6874  ANGLE   =         9.3359  DIHED      =         9.8855
 1-4 NB =        11.6931  1-4 EEL =      -244.7988  VDWAALS    =      2467.4808
 EELEC  =    -14870.6997  EHBOND  =         0.0000  RESTRAINT  =         8.2440
 EAMBER (non-restraint)  =    -12613.4159
 EKCMT  =         0.0000  VIRIAL  =         0.0000  VOLUME     =     33198.8159
                                                    Density    =         0.9770
 Ewald error estimate:   0.1918E-03
 ------------------------------------------------------------------------------

wrapping first mol.:       11.65717       16.48573       28.55412

 NSTEP =     3500   TIME(PS) =      27.000  TEMP(K) =   295.59  PRESS =     0.0
 Etot   =    -10626.5141  EKtot   =      1909.0564  EPtot      =    -12535.5705
 BOND   =         8.6544  ANGLE   =        10.6521  DIHED      =        14.1060
 1-4 NB =        10.7697  1-4 EEL =      -246.3122  VDWAALS    =      2429.8009
 EELEC  =    -14773.7492  EHBOND  =         0.0000  RESTRAINT  =        10.5079
 EAMBER (non-restraint)  =    -12546.0784
 EKCMT  =         0.0000  VIRIAL  =         0.0000  VOLUME     =     32924.6597
                                                    Density    =         0.9852
 Ewald error estimate:   0.2946E-03
 ------------------------------------------------------------------------------

wrapping first mol.:       11.61377       16.42436       28.44782

 NSTEP =     4000   TIME(PS) =      28.000  TEMP(K) =   304.48  PRESS =     0.0
 Etot   =    -10584.3815  EKtot   =      1966.4404  EPtot      =    -12550.8220
 BOND   =         4.4991  ANGLE   =        11.6986  DIHED      =        11.6506
 1-4 NB =        11.3962  1-4 EEL =      -245.7439  VDWAALS    =      2500.6388
 EELEC  =    -14850.1992  EHBOND  =         0.0000  RESTRAINT  =         5.2378
 EAMBER (non-restraint)  =    -12556.0598
 EKCMT  =         0.0000  VIRIAL  =         0.0000  VOLUME     =     32558.3123
                                                    Density    =         0.9963
 Ewald error estimate:   0.1180E-03
 ------------------------------------------------------------------------------

wrapping first mol.:       11.60597       16.41332       28.42870

 NSTEP =     4500   TIME(PS) =      29.000  TEMP(K) =   299.91  PRESS =     0.0
 Etot   =    -10644.8775  EKtot   =      1936.9306  EPtot      =    -12581.8081
 BOND   =         4.2906  ANGLE   =        12.9469  DIHED      =        12.8359
 1-4 NB =         9.8115  1-4 EEL =      -244.1049  VDWAALS    =      2402.2523
 EELEC  =    -14784.2125  EHBOND  =         0.0000  RESTRAINT  =         4.3720
 EAMBER (non-restraint)  =    -12586.1801
 EKCMT  =         0.0000  VIRIAL  =         0.0000  VOLUME     =     32492.6989
                                                    Density    =         0.9983
 Ewald error estimate:   0.5355E-05
 ------------------------------------------------------------------------------

wrapping first mol.:       11.60654       16.41412       28.43009

 NSTEP =     5000   TIME(PS) =      30.000  TEMP(K) =   300.82  PRESS =     0.0
 Etot   =    -10689.3488  EKtot   =      1942.7996  EPtot      =    -12632.1484
 BOND   =         6.9581  ANGLE   =        12.1308  DIHED      =        14.2573
 1-4 NB =        10.0526  1-4 EEL =      -245.2419  VDWAALS    =      2420.0796
 EELEC  =    -14859.5942  EHBOND  =         0.0000  RESTRAINT  =         9.2093
 EAMBER (non-restraint)  =    -12641.3577
 EKCMT  =         0.0000  VIRIAL  =         0.0000  VOLUME     =     32497.4761
                                                    Density    =         0.9981
 Ewald error estimate:   0.3086E-03
 ------------------------------------------------------------------------------

wrapping first mol.:       11.61860       16.43118       28.45964

 NSTEP =     5500   TIME(PS) =      31.000  TEMP(K) =   296.44  PRESS =     0.0
 Etot   =    -10725.6709  EKtot   =      1914.5202  EPtot      =    -12640.1911
 BOND   =         4.9312  ANGLE   =        16.1767  DIHED      =        10.8380
 1-4 NB =        12.0681  1-4 EEL =      -245.7485  VDWAALS    =      2419.2505
 EELEC  =    -14862.7010  EHBOND  =         0.0000  RESTRAINT  =         4.9938
 EAMBER (non-restraint)  =    -12645.1850
 EKCMT  =         0.0000  VIRIAL  =         0.0000  VOLUME     =     32598.9234
                                                    Density    =         0.9950
 Ewald error estimate:   0.1152E-03
 ------------------------------------------------------------------------------

wrapping first mol.:       11.61860       16.43118       28.45964

 NSTEP =     6000   TIME(PS) =      32.000  TEMP(K) =   292.66  PRESS =     0.0
 Etot   =    -10716.8641  EKtot   =      1890.0818  EPtot      =    -12606.9460
 BOND   =         6.0499  ANGLE   =        15.0486  DIHED      =        11.6794
 1-4 NB =        11.4231  1-4 EEL =      -246.9890  VDWAALS    =      2541.7403
 EELEC  =    -14956.0726  EHBOND  =         0.0000  RESTRAINT  =        10.1743
 EAMBER (non-restraint)  =    -12617.1203
 EKCMT  =         0.0000  VIRIAL  =         0.0000  VOLUME     =     32598.9234
                                                    Density    =         0.9950
 Ewald error estimate:   0.1546E-03
 ------------------------------------------------------------------------------

wrapping first mol.:       11.59638       16.39975       28.40520

 NSTEP =     6500   TIME(PS) =      33.000  TEMP(K) =   297.54  PRESS =     0.0
 Etot   =    -10700.4711  EKtot   =      1921.6069  EPtot      =    -12622.0779
 BOND   =         6.7758  ANGLE   =        18.9187  DIHED      =        12.6409
 1-4 NB =        11.1325  1-4 EEL =      -247.0947  VDWAALS    =      2413.7380
 EELEC  =    -14846.7420  EHBOND  =         0.0000  RESTRAINT  =         8.5529
 EAMBER (non-restraint)  =    -12630.6308
 EKCMT  =         0.0000  VIRIAL  =         0.0000  VOLUME     =     32412.1980
                                                    Density    =         1.0008
 Ewald error estimate:   0.2654E-03
 ------------------------------------------------------------------------------

wrapping first mol.:       11.61454       16.42544       28.44969

 NSTEP =     7000   TIME(PS) =      34.000  TEMP(K) =   300.12  PRESS =     0.0
 Etot   =    -10673.8925  EKtot   =      1938.2567  EPtot      =    -12612.1493
 BOND   =         5.5507  ANGLE   =        11.8028  DIHED      =        11.6999
 1-4 NB =        10.4376  1-4 EEL =      -244.4537  VDWAALS    =      2356.8345
 EELEC  =    -14773.1173  EHBOND  =         0.0000  RESTRAINT  =         9.0962
 EAMBER (non-restraint)  =    -12621.2455
 EKCMT  =         0.0000  VIRIAL  =         0.0000  VOLUME     =     32564.7534
                                                    Density    =         0.9961
 Ewald error estimate:   0.2776E-03
 ------------------------------------------------------------------------------

wrapping first mol.:       11.61863       16.43122       28.45971

 NSTEP =     7500   TIME(PS) =      35.000  TEMP(K) =   297.12  PRESS =     0.0
 Etot   =    -10672.5231  EKtot   =      1918.9098  EPtot      =    -12591.4329
 BOND   =         8.3435  ANGLE   =        11.4356  DIHED      =        10.8519
 1-4 NB =        10.0123  1-4 EEL =      -244.1089  VDWAALS    =      2421.5703
 EELEC  =    -14818.1229  EHBOND  =         0.0000  RESTRAINT  =         8.5854
 EAMBER (non-restraint)  =    -12600.0182
 EKCMT  =         0.0000  VIRIAL  =         0.0000  VOLUME     =     32599.1488
                                                    Density    =         0.9950
 Ewald error estimate:   0.2720E-04
 ------------------------------------------------------------------------------

wrapping first mol.:       11.63864       16.45952       28.50872

 NSTEP =     8000   TIME(PS) =      36.000  TEMP(K) =   302.25  PRESS =     0.0
 Etot   =    -10644.4000  EKtot   =      1952.0185  EPtot      =    -12596.4185
 BOND   =         7.5765  ANGLE   =        10.3337  DIHED      =        10.4329
 1-4 NB =        10.9127  1-4 EEL =      -243.2015  VDWAALS    =      2421.3936
 EELEC  =    -14822.9411  EHBOND  =         0.0000  RESTRAINT  =         9.0746
 EAMBER (non-restraint)  =    -12605.4931
 EKCMT  =         0.0000  VIRIAL  =         0.0000  VOLUME     =     32767.8684
                                                    Density    =         0.9899
 Ewald error estimate:   0.1496E-03
 ------------------------------------------------------------------------------

wrapping first mol.:       11.61237       16.42237       28.44437

 NSTEP =     8500   TIME(PS) =      37.000  TEMP(K) =   299.16  PRESS =     0.0
 Etot   =    -10688.1541  EKtot   =      1932.0763  EPtot      =    -12620.2304
 BOND   =         5.7141  ANGLE   =        12.1221  DIHED      =        12.3816
 1-4 NB =        11.6414  1-4 EEL =      -244.9656  VDWAALS    =      2500.5191
 EELEC  =    -14927.8472  EHBOND  =         0.0000  RESTRAINT  =        10.2041
 EAMBER (non-restraint)  =    -12630.4345
 EKCMT  =         0.0000  VIRIAL  =         0.0000  VOLUME     =     32546.4824
                                                    Density    =         0.9966
 Ewald error estimate:   0.3094E-03
 ------------------------------------------------------------------------------

wrapping first mol.:       11.62804       16.44453       28.48276

 NSTEP =     9000   TIME(PS) =      38.000  TEMP(K) =   297.96  PRESS =     0.0
 Etot   =    -10685.2266  EKtot   =      1924.3404  EPtot      =    -12609.5670
 BOND   =         8.5768  ANGLE   =        14.4261  DIHED      =        11.3532
 1-4 NB =         9.7942  1-4 EEL =      -243.8256  VDWAALS    =      2353.2485
 EELEC  =    -14775.9916  EHBOND  =         0.0000  RESTRAINT  =        12.8514
 EAMBER (non-restraint)  =    -12622.4184
 EKCMT  =         0.0000  VIRIAL  =         0.0000  VOLUME     =     32678.4316
                                                    Density    =         0.9926
 Ewald error estimate:   0.1814E-03
 ------------------------------------------------------------------------------

wrapping first mol.:       11.59778       16.40174       28.40864

 NSTEP =     9500   TIME(PS) =      39.000  TEMP(K) =   288.05  PRESS =     0.0
 Etot   =    -10788.1908  EKtot   =      1860.3436  EPtot      =    -12648.5345
 BOND   =         5.0682  ANGLE   =        12.5527  DIHED      =        10.8727
 1-4 NB =        10.5784  1-4 EEL =      -245.0167  VDWAALS    =      2574.9175
 EELEC  =    -15027.1052  EHBOND  =         0.0000  RESTRAINT  =         9.5980
 EAMBER (non-restraint)  =    -12658.1324
 EKCMT  =         0.0000  VIRIAL  =         0.0000  VOLUME     =     32423.9807
                                                    Density    =         1.0004
 Ewald error estimate:   0.3255E-03
 ------------------------------------------------------------------------------

wrapping first mol.:       11.60494       16.41186       28.42618

 NSTEP =    10000   TIME(PS) =      40.000  TEMP(K) =   288.40  PRESS =     0.0
 Etot   =    -10751.5913  EKtot   =      1862.6174  EPtot      =    -12614.2087
 BOND   =         7.9425  ANGLE   =        11.0217  DIHED      =        11.7311
 1-4 NB =        11.8803  1-4 EEL =      -244.1508  VDWAALS    =      2368.1028
 EELEC  =    -14789.4480  EHBOND  =         0.0000  RESTRAINT  =         8.7117
 EAMBER (non-restraint)  =    -12622.9203
 EKCMT  =         0.0000  VIRIAL  =         0.0000  VOLUME     =     32484.0584
                                                    Density    =         0.9985
 Ewald error estimate:   0.2886E-03
 ------------------------------------------------------------------------------

wrapping first mol.:       11.56731       16.35864       28.33400

 NSTEP =    10500   TIME(PS) =      41.000  TEMP(K) =   290.03  PRESS =     0.0
 Etot   =    -10842.2774  EKtot   =      1873.1492  EPtot      =    -12715.4266
 BOND   =         7.2076  ANGLE   =        12.7304  DIHED      =        13.1062
 1-4 NB =        12.3073  1-4 EEL =      -245.5880  VDWAALS    =      2613.7505
 EELEC  =    -15139.6350  EHBOND  =         0.0000  RESTRAINT  =        10.6945
 EAMBER (non-restraint)  =    -12726.1211
 EKCMT  =         0.0000  VIRIAL  =         0.0000  VOLUME     =     32169.0693
                                                    Density    =         1.0083
 Ewald error estimate:   0.5642E-04
 ------------------------------------------------------------------------------

wrapping first mol.:       11.54973       16.33379       28.29094

 NSTEP =    11000   TIME(PS) =      42.000  TEMP(K) =   295.40  PRESS =     0.0
 Etot   =    -10822.5668  EKtot   =      1907.7878  EPtot      =    -12730.3546
 BOND   =        12.1732  ANGLE   =         8.7133  DIHED      =        11.6931
 1-4 NB =        10.4236  1-4 EEL =      -246.3609  VDWAALS    =      2484.2242
 EELEC  =    -15023.1088  EHBOND  =         0.0000  RESTRAINT  =        11.8875
 EAMBER (non-restraint)  =    -12742.2421
 EKCMT  =         0.0000  VIRIAL  =         0.0000  VOLUME     =     32022.6537
                                                    Density    =         1.0129
 Ewald error estimate:   0.3259E-04
 ------------------------------------------------------------------------------

wrapping first mol.:       11.57729       16.37275       28.35844

 NSTEP =    11500   TIME(PS) =      43.000  TEMP(K) =   293.39  PRESS =     0.0
 Etot   =    -10822.7936  EKtot   =      1894.8465  EPtot      =    -12717.6401
 BOND   =         6.8638  ANGLE   =        10.8181  DIHED      =        11.3557
 1-4 NB =        11.2447  1-4 EEL =      -248.3939  VDWAALS    =      2441.2843
 EELEC  =    -14958.2913  EHBOND  =         0.0000  RESTRAINT  =         7.4785
 EAMBER (non-restraint)  =    -12725.1185
 EKCMT  =         0.0000  VIRIAL  =         0.0000  VOLUME     =     32252.3939
                                                    Density    =         1.0057
 Ewald error estimate:   0.8722E-03
 ------------------------------------------------------------------------------

wrapping first mol.:       11.57447       16.36877       28.35154

 NSTEP =    12000   TIME(PS) =      44.000  TEMP(K) =   299.74  PRESS =     0.0
 Etot   =    -10811.5303  EKtot   =      1935.8259  EPtot      =    -12747.3562
 BOND   =         8.4181  ANGLE   =        17.2037  DIHED      =         8.9092
 1-4 NB =        10.3317  1-4 EEL =      -243.8313  VDWAALS    =      2545.1214
 EELEC  =    -15104.6571  EHBOND  =         0.0000  RESTRAINT  =        11.1482
 EAMBER (non-restraint)  =    -12758.5044
 EKCMT  =         0.0000  VIRIAL  =         0.0000  VOLUME     =     32228.8721
                                                    Density    =         1.0064
 Ewald error estimate:   0.1229E-03
 ------------------------------------------------------------------------------

wrapping first mol.:       11.58568       16.38462       28.37900

 NSTEP =    12500   TIME(PS) =      45.000  TEMP(K) =   299.94  PRESS =     0.0
 Etot   =    -10740.3834  EKtot   =      1937.1023  EPtot      =    -12677.4856
 BOND   =         3.5582  ANGLE   =        16.5113  DIHED      =        11.6852
 1-4 NB =        10.5605  1-4 EEL =      -243.6557  VDWAALS    =      2497.0442
 EELEC  =    -14980.9534  EHBOND  =         0.0000  RESTRAINT  =         7.7642
 EAMBER (non-restraint)  =    -12685.2498
 EKCMT  =         0.0000  VIRIAL  =         0.0000  VOLUME     =     32322.5900
                                                    Density    =         1.0035
 Ewald error estimate:   0.1646E-03
 ------------------------------------------------------------------------------

wrapping first mol.:       11.55333       16.33888       28.29977

 NSTEP =    13000   TIME(PS) =      46.000  TEMP(K) =   305.42  PRESS =     0.0
 Etot   =    -10701.2064  EKtot   =      1972.4963  EPtot      =    -12673.7027
 BOND   =         7.1090  ANGLE   =         8.0500  DIHED      =        12.1121
 1-4 NB =        11.4871  1-4 EEL =      -243.7573  VDWAALS    =      2417.5426
 EELEC  =    -14897.0083  EHBOND  =         0.0000  RESTRAINT  =        10.7621
 EAMBER (non-restraint)  =    -12684.4648
 EKCMT  =         0.0000  VIRIAL  =         0.0000  VOLUME     =     32052.6245
                                                    Density    =         1.0120
 Ewald error estimate:   0.5217E-04
 ------------------------------------------------------------------------------

wrapping first mol.:       11.52390       16.29726       28.22768

 NSTEP =    13500   TIME(PS) =      47.000  TEMP(K) =   301.59  PRESS =     0.0
 Etot   =    -10652.9172  EKtot   =      1947.7726  EPtot      =    -12600.6898
 BOND   =         4.8281  ANGLE   =        13.0184  DIHED      =         9.7399
 1-4 NB =        10.9821  1-4 EEL =      -246.6436  VDWAALS    =      2512.2824
 EELEC  =    -14914.7558  EHBOND  =         0.0000  RESTRAINT  =         9.8588
 EAMBER (non-restraint)  =    -12610.5487
 EKCMT  =         0.0000  VIRIAL  =         0.0000  VOLUME     =     31808.3046
                                                    Density    =         1.0198
 Ewald error estimate:   0.1125E-03
 ------------------------------------------------------------------------------

wrapping first mol.:       11.55603       16.34269       28.30637

 NSTEP =    14000   TIME(PS) =      48.000  TEMP(K) =   299.57  PRESS =     0.0
 Etot   =    -10647.1565  EKtot   =      1934.7426  EPtot      =    -12581.8991
 BOND   =         4.6487  ANGLE   =        18.7921  DIHED      =        13.6734
 1-4 NB =        10.6680  1-4 EEL =      -241.8528  VDWAALS    =      2517.7899
 EELEC  =    -14916.2672  EHBOND  =         0.0000  RESTRAINT  =        10.6487
 EAMBER (non-restraint)  =    -12592.5479
 EKCMT  =         0.0000  VIRIAL  =         0.0000  VOLUME     =     32075.0658
                                                    Density    =         1.0113
 Ewald error estimate:   0.4740E-03
 ------------------------------------------------------------------------------

wrapping first mol.:       11.56041       16.34889       28.31711

 NSTEP =    14500   TIME(PS) =      49.000  TEMP(K) =   303.87  PRESS =     0.0
 Etot   =    -10671.0198  EKtot   =      1962.4829  EPtot      =    -12633.5026
 BOND   =         7.2486  ANGLE   =        12.7819  DIHED      =        12.3051
 1-4 NB =        11.9420  1-4 EEL =      -248.1386  VDWAALS    =      2387.3312
 EELEC  =    -14826.1093  EHBOND  =         0.0000  RESTRAINT  =         9.1365
 EAMBER (non-restraint)  =    -12642.6391
 EKCMT  =         0.0000  VIRIAL  =         0.0000  VOLUME     =     32111.5876
                                                    Density    =         1.0101
 Ewald error estimate:   0.7647E-04
 ------------------------------------------------------------------------------

wrapping first mol.:       11.54646       16.32916       28.28293

 NSTEP =    15000   TIME(PS) =      50.000  TEMP(K) =   283.04  PRESS =     0.0
 Etot   =    -10841.9771  EKtot   =      1827.9779  EPtot      =    -12669.9549
 BOND   =         5.0710  ANGLE   =         8.9695  DIHED      =        11.9772
 1-4 NB =        12.3864  1-4 EEL =      -245.2817  VDWAALS    =      2384.1720
 EELEC  =    -14855.8734  EHBOND  =         0.0000  RESTRAINT  =         8.6239
 EAMBER (non-restraint)  =    -12678.5788
 EKCMT  =         0.0000  VIRIAL  =         0.0000  VOLUME     =     31995.4439
                                                    Density    =         1.0138
 Ewald error estimate:   0.2238E-03
 ------------------------------------------------------------------------------

wrapping first mol.:       11.54571       16.32810       28.28110

 NSTEP =    15500   TIME(PS) =      51.000  TEMP(K) =   305.09  PRESS =     0.0
 Etot   =    -10735.9729  EKtot   =      1970.3575  EPtot      =    -12706.3303
 BOND   =         6.7140  ANGLE   =        13.1120  DIHED      =        12.5283
 1-4 NB =        11.5501  1-4 EEL =      -247.2121  VDWAALS    =      2569.6530
 EELEC  =    -15083.8439  EHBOND  =         0.0000  RESTRAINT  =        11.1684
 EAMBER (non-restraint)  =    -12717.4987
 EKCMT  =         0.0000  VIRIAL  =         0.0000  VOLUME     =     31989.2496
                                                    Density    =         1.0140
 Ewald error estimate:   0.1101E-03
 ------------------------------------------------------------------------------

wrapping first mol.:       11.53381       16.31127       28.25195

 NSTEP =    16000   TIME(PS) =      52.000  TEMP(K) =   305.07  PRESS =     0.0
 Etot   =    -10773.9786  EKtot   =      1970.2668  EPtot      =    -12744.2454
 BOND   =         6.0248  ANGLE   =        12.4888  DIHED      =        10.1411
 1-4 NB =        10.8311  1-4 EEL =      -247.3877  VDWAALS    =      2505.5604
 EELEC  =    -15048.7448  EHBOND  =         0.0000  RESTRAINT  =         6.8409
 EAMBER (non-restraint)  =    -12751.0863
 EKCMT  =         0.0000  VIRIAL  =         0.0000  VOLUME     =     31890.4072
                                                    Density    =         1.0171
 Ewald error estimate:   0.2330E-03
 ------------------------------------------------------------------------------

wrapping first mol.:       11.58406       16.38233       28.37503

 NSTEP =    16500   TIME(PS) =      53.000  TEMP(K) =   288.56  PRESS =     0.0
 Etot   =    -10786.0435  EKtot   =      1863.6370  EPtot      =    -12649.6806
 BOND   =         3.9264  ANGLE   =         9.4882  DIHED      =        12.2526
 1-4 NB =        10.4171  1-4 EEL =      -245.6459  VDWAALS    =      2473.0705
 EELEC  =    -14920.5633  EHBOND  =         0.0000  RESTRAINT  =         7.3737
 EAMBER (non-restraint)  =    -12657.0543
 EKCMT  =         0.0000  VIRIAL  =         0.0000  VOLUME     =     32309.0160
                                                    Density    =         1.0039
 Ewald error estimate:   0.1487E-03
 ------------------------------------------------------------------------------

wrapping first mol.:       11.59726       16.40100       28.40736

 NSTEP =    17000   TIME(PS) =      54.000  TEMP(K) =   301.29  PRESS =     0.0
 Etot   =    -10764.9479  EKtot   =      1945.8150  EPtot      =    -12710.7630
 BOND   =         7.7175  ANGLE   =        14.7875  DIHED      =        10.8826
 1-4 NB =        11.5200  1-4 EEL =      -244.3448  VDWAALS    =      2459.9136
 EELEC  =    -14982.4592  EHBOND  =         0.0000  RESTRAINT  =        11.2198
 EAMBER (non-restraint)  =    -12721.9828
 EKCMT  =         0.0000  VIRIAL  =         0.0000  VOLUME     =     32419.5783
                                                    Density    =         1.0005
 Ewald error estimate:   0.4963E-03
 ------------------------------------------------------------------------------

wrapping first mol.:       11.59593       16.39911       28.40410

 NSTEP =    17500   TIME(PS) =      55.000  TEMP(K) =   293.62  PRESS =     0.0
 Etot   =    -10807.8984  EKtot   =      1896.2827  EPtot      =    -12704.1811
 BOND   =         5.8841  ANGLE   =        16.3257  DIHED      =        13.4936
 1-4 NB =        10.7878  1-4 EEL =      -243.7780  VDWAALS    =      2436.7397
 EELEC  =    -14952.7052  EHBOND  =         0.0000  RESTRAINT  =         9.0712
 EAMBER (non-restraint)  =    -12713.2523
 EKCMT  =         0.0000  VIRIAL  =         0.0000  VOLUME     =     32408.4265
                                                    Density    =         1.0009
 Ewald error estimate:   0.5653E-04
 ------------------------------------------------------------------------------

wrapping first mol.:       11.56924       16.36137       28.33873

 NSTEP =    18000   TIME(PS) =      56.000  TEMP(K) =   301.03  PRESS =     0.0
 Etot   =    -10809.7911  EKtot   =      1944.1517  EPtot      =    -12753.9429
 BOND   =         6.6757  ANGLE   =        14.2861  DIHED      =         9.2301
 1-4 NB =        11.0215  1-4 EEL =      -245.6197  VDWAALS    =      2546.0390
 EELEC  =    -15103.6092  EHBOND  =         0.0000  RESTRAINT  =         8.0338
 EAMBER (non-restraint)  =    -12761.9766
 EKCMT  =         0.0000  VIRIAL  =         0.0000  VOLUME     =     32185.1907
                                                    Density    =         1.0078
 Ewald error estimate:   0.1651E-03
 ------------------------------------------------------------------------------

wrapping first mol.:       11.56924       16.36137       28.33873

 NSTEP =    18500   TIME(PS) =      57.000  TEMP(K) =   293.57  PRESS =     0.0
 Etot   =    -10821.7647  EKtot   =      1895.9599  EPtot      =    -12717.7246
 BOND   =         6.2565  ANGLE   =        14.2788  DIHED      =        11.6541
 1-4 NB =        11.3146  1-4 EEL =      -241.8110  VDWAALS    =      2659.3623
 EELEC  =    -15190.5069  EHBOND  =         0.0000  RESTRAINT  =        11.7268
 EAMBER (non-restraint)  =    -12729.4515
 EKCMT  =         0.0000  VIRIAL  =         0.0000  VOLUME     =     32185.1907
                                                    Density    =         1.0078
 Ewald error estimate:   0.9100E-04
 ------------------------------------------------------------------------------

wrapping first mol.:       11.56924       16.36137       28.33873

 NSTEP =    19000   TIME(PS) =      58.000  TEMP(K) =   297.83  PRESS =     0.0
 Etot   =    -10747.6050  EKtot   =      1923.4988  EPtot      =    -12671.1038
 BOND   =         6.6336  ANGLE   =        10.6359  DIHED      =        12.1884
 1-4 NB =         9.7271  1-4 EEL =      -243.1662  VDWAALS    =      2523.7830
 EELEC  =    -15001.7563  EHBOND  =         0.0000  RESTRAINT  =        10.8508
 EAMBER (non-restraint)  =    -12681.9546
 EKCMT  =         0.0000  VIRIAL  =         0.0000  VOLUME     =     32185.1907
                                                    Density    =         1.0078
 Ewald error estimate:   0.9159E-04
 ------------------------------------------------------------------------------

wrapping first mol.:       11.58852       16.38863       28.38595

 NSTEP =    19500   TIME(PS) =      59.000  TEMP(K) =   296.99  PRESS =     0.0
 Etot   =    -10688.6141  EKtot   =      1918.0711  EPtot      =    -12606.6852
 BOND   =         3.9135  ANGLE   =        16.2627  DIHED      =        10.0721
 1-4 NB =        10.2957  1-4 EEL =      -246.6989  VDWAALS    =      2462.2259
 EELEC  =    -14870.7450  EHBOND  =         0.0000  RESTRAINT  =         7.9888
 EAMBER (non-restraint)  =    -12614.6740
 EKCMT  =         0.0000  VIRIAL  =         0.0000  VOLUME     =     32346.3340
                                                    Density    =         1.0028
 Ewald error estimate:   0.8390E-04
 ------------------------------------------------------------------------------

wrapping first mol.:       11.58408       16.38237       28.37509

 NSTEP =    20000   TIME(PS) =      60.000  TEMP(K) =   299.95  PRESS =     0.0
 Etot   =    -10700.7635  EKtot   =      1937.2031  EPtot      =    -12637.9666
 BOND   =         7.3543  ANGLE   =        12.0716  DIHED      =        12.1695
 1-4 NB =         9.7893  1-4 EEL =      -244.3204  VDWAALS    =      2475.8754
 EELEC  =    -14920.1058  EHBOND  =         0.0000  RESTRAINT  =         9.1994
 EAMBER (non-restraint)  =    -12647.1660
 EKCMT  =         0.0000  VIRIAL  =         0.0000  VOLUME     =     32309.2270
                                                    Density    =         1.0039
 Ewald error estimate:   0.7652E-04
 ------------------------------------------------------------------------------

wrapping first mol.:       11.58408       16.38237       28.37509

 NSTEP =    20500   TIME(PS) =      61.000  TEMP(K) =   298.54  PRESS =     0.0
 Etot   =    -10743.9284  EKtot   =      1928.1057  EPtot      =    -12672.0341
 BOND   =         7.6692  ANGLE   =        10.7738  DIHED      =        10.8680
 1-4 NB =        10.2812  1-4 EEL =      -243.9236  VDWAALS    =      2403.5894
 EELEC  =    -14882.3890  EHBOND  =         0.0000  RESTRAINT  =        11.0969
 EAMBER (non-restraint)  =    -12683.1310
 EKCMT  =         0.0000  VIRIAL  =         0.0000  VOLUME     =     32309.2270
                                                    Density    =         1.0039
 Ewald error estimate:   0.4190E-03
 ------------------------------------------------------------------------------

wrapping first mol.:       11.57502       16.36956       28.35290

 NSTEP =    21000   TIME(PS) =      62.000  TEMP(K) =   302.62  PRESS =     0.0
 Etot   =    -10863.0179  EKtot   =      1954.4620  EPtot      =    -12817.4798
 BOND   =         8.4862  ANGLE   =        12.7921  DIHED      =        11.9450
 1-4 NB =        10.0262  1-4 EEL =      -247.1566  VDWAALS    =      2531.9832
 EELEC  =    -15155.7514  EHBOND  =         0.0000  RESTRAINT  =        10.1956
 EAMBER (non-restraint)  =    -12827.6754
 EKCMT  =         0.0000  VIRIAL  =         0.0000  VOLUME     =     32233.4947
                                                    Density    =         1.0063
 Ewald error estimate:   0.4128E-03
 ------------------------------------------------------------------------------

wrapping first mol.:       11.56767       16.35916       28.33490

 NSTEP =    21500   TIME(PS) =      63.000  TEMP(K) =   285.89  PRESS =     0.0
 Etot   =    -10849.5507  EKtot   =      1846.4015  EPtot      =    -12695.9522
 BOND   =         3.1609  ANGLE   =        12.1036  DIHED      =        13.4817
 1-4 NB =         9.9783  1-4 EEL =      -244.8365  VDWAALS    =      2555.4307
 EELEC  =    -15056.1489  EHBOND  =         0.0000  RESTRAINT  =        10.8782
 EAMBER (non-restraint)  =    -12706.8304
 EKCMT  =         0.0000  VIRIAL  =         0.0000  VOLUME     =     32172.1293
                                                    Density    =         1.0082
 Ewald error estimate:   0.1644E-03
 ------------------------------------------------------------------------------

wrapping first mol.:       11.54850       16.33205       28.28793

 NSTEP =    22000   TIME(PS) =      64.000  TEMP(K) =   293.17  PRESS =     0.0
 Etot   =    -10796.9660  EKtot   =      1893.4046  EPtot      =    -12690.3706
 BOND   =         9.2198  ANGLE   =        14.9532  DIHED      =        12.3851
 1-4 NB =        10.5202  1-4 EEL =      -243.4469  VDWAALS    =      2461.6761
 EELEC  =    -14964.9416  EHBOND  =         0.0000  RESTRAINT  =         9.2635
 EAMBER (non-restraint)  =    -12699.6341
 EKCMT  =         0.0000  VIRIAL  =         0.0000  VOLUME     =     32012.4224
                                                    Density    =         1.0132
 Ewald error estimate:   0.6140E-05
 ------------------------------------------------------------------------------

wrapping first mol.:       11.54907       16.33285       28.28933

 NSTEP =    22500   TIME(PS) =      65.000  TEMP(K) =   291.61  PRESS =     0.0
 Etot   =    -10778.8520  EKtot   =      1883.3435  EPtot      =    -12662.1955
 BOND   =        12.7486  ANGLE   =        18.0344  DIHED      =        13.5215
 1-4 NB =        11.0257  1-4 EEL =      -245.4489  VDWAALS    =      2384.4299
 EELEC  =    -14867.2671  EHBOND  =         0.0000  RESTRAINT  =        10.7603
 EAMBER (non-restraint)  =    -12672.9558
 EKCMT  =         0.0000  VIRIAL  =         0.0000  VOLUME     =     32017.1738
                                                    Density    =         1.0131
 Ewald error estimate:   0.2592E-03
 ------------------------------------------------------------------------------

wrapping first mol.:       11.54907       16.33285       28.28933

 NSTEP =    23000   TIME(PS) =      66.000  TEMP(K) =   294.24  PRESS =     0.0
 Etot   =    -10777.4860  EKtot   =      1900.3413  EPtot      =    -12677.8273
 BOND   =         7.8565  ANGLE   =        15.9619  DIHED      =        14.0986
 1-4 NB =        14.9727  1-4 EEL =      -245.5414  VDWAALS    =      2564.5998
 EELEC  =    -15066.9667  EHBOND  =         0.0000  RESTRAINT  =        17.1913
 EAMBER (non-restraint)  =    -12695.0186
 EKCMT  =         0.0000  VIRIAL  =         0.0000  VOLUME     =     32017.1738
                                                    Density    =         1.0131
 Ewald error estimate:   0.1548E-03
 ------------------------------------------------------------------------------

wrapping first mol.:       11.55836       16.34598       28.31207

 NSTEP =    23500   TIME(PS) =      67.000  TEMP(K) =   297.61  PRESS =     0.0
 Etot   =    -10764.5077  EKtot   =      1922.0766  EPtot      =    -12686.5843
 BOND   =         4.5432  ANGLE   =        15.9456  DIHED      =        13.5784
 1-4 NB =        13.4292  1-4 EEL =      -247.4762  VDWAALS    =      2467.9883
 EELEC  =    -14967.7535  EHBOND  =         0.0000  RESTRAINT  =        13.1606
 EAMBER (non-restraint)  =    -12699.7449
 EKCMT  =         0.0000  VIRIAL  =         0.0000  VOLUME     =     32094.4471
                                                    Density    =         1.0107
 Ewald error estimate:   0.1007E-03
 ------------------------------------------------------------------------------

wrapping first mol.:       11.54340       16.32483       28.27543

 NSTEP =    24000   TIME(PS) =      68.000  TEMP(K) =   298.91  PRESS =     0.0
 Etot   =    -10744.4500  EKtot   =      1930.4862  EPtot      =    -12674.9361
 BOND   =        10.8375  ANGLE   =        10.6662  DIHED      =        12.0932
 1-4 NB =        10.1367  1-4 EEL =      -245.8520  VDWAALS    =      2513.0113
 EELEC  =    -14992.6996  EHBOND  =         0.0000  RESTRAINT  =         6.8705
 EAMBER (non-restraint)  =    -12681.8067
 EKCMT  =         0.0000  VIRIAL  =         0.0000  VOLUME     =     31969.9821
                                                    Density    =         1.0146
 Ewald error estimate:   0.6989E-04
 ------------------------------------------------------------------------------

wrapping first mol.:       11.54264       16.32376       28.27359

 NSTEP =    24500   TIME(PS) =      69.000  TEMP(K) =   293.48  PRESS =     0.0
 Etot   =    -10771.1770  EKtot   =      1895.4172  EPtot      =    -12666.5942
 BOND   =         6.5232  ANGLE   =        10.8943  DIHED      =        13.3995
 1-4 NB =        11.8275  1-4 EEL =      -247.4684  VDWAALS    =      2534.3564
 EELEC  =    -15006.4395  EHBOND  =         0.0000  RESTRAINT  =        10.3127
 EAMBER (non-restraint)  =    -12676.9069
 EKCMT  =         0.0000  VIRIAL  =         0.0000  VOLUME     =     31963.7458
                                                    Density    =         1.0148
 Ewald error estimate:   0.3123E-03
 ------------------------------------------------------------------------------

wrapping first mol.:       11.55246       16.33765       28.29763

 NSTEP =    25000   TIME(PS) =      70.000  TEMP(K) =   306.65  PRESS =     0.0
 Etot   =    -10662.3427  EKtot   =      1980.4442  EPtot      =    -12642.7869
 BOND   =         6.3139  ANGLE   =        12.4016  DIHED      =        10.0840
 1-4 NB =        12.1423  1-4 EEL =      -244.7397  VDWAALS    =      2458.5763
 EELEC  =    -14910.5687  EHBOND  =         0.0000  RESTRAINT  =        13.0034
 EAMBER (non-restraint)  =    -12655.7903
 EKCMT  =         0.0000  VIRIAL  =         0.0000  VOLUME     =     32045.3576
                                                    Density    =         1.0122
 Ewald error estimate:   0.5266E-04
 ------------------------------------------------------------------------------

wrapping first mol.:       11.56022       16.34862       28.31663

 NSTEP =    25500   TIME(PS) =      71.000  TEMP(K) =   299.27  PRESS =     0.0
 Etot   =    -10777.0648  EKtot   =      1932.7921  EPtot      =    -12709.8569
 BOND   =         8.2954  ANGLE   =        11.6526  DIHED      =        10.0659
 1-4 NB =        10.5052  1-4 EEL =      -245.9007  VDWAALS    =      2488.2670
 EELEC  =    -15000.8649  EHBOND  =         0.0000  RESTRAINT  =         8.1226
 EAMBER (non-restraint)  =    -12717.9795
 EKCMT  =         0.0000  VIRIAL  =         0.0000  VOLUME     =     32109.9607
                                                    Density    =         1.0102
 Ewald error estimate:   0.2491E-03
 ------------------------------------------------------------------------------

wrapping first mol.:       11.55477       16.34091       28.30329

 NSTEP =    26000   TIME(PS) =      72.000  TEMP(K) =   308.07  PRESS =     0.0
 Etot   =    -10719.4655  EKtot   =      1989.6278  EPtot      =    -12709.0933
 BOND   =         4.4635  ANGLE   =         8.8527  DIHED      =        14.4815
 1-4 NB =        11.1851  1-4 EEL =      -245.5573  VDWAALS    =      2537.2565
 EELEC  =    -15050.9078  EHBOND  =         0.0000  RESTRAINT  =        11.1324
 EAMBER (non-restraint)  =    -12720.2257
 EKCMT  =         0.0000  VIRIAL  =         0.0000  VOLUME     =     32064.5820
                                                    Density    =         1.0116
 Ewald error estimate:   0.6837E-04
 ------------------------------------------------------------------------------

wrapping first mol.:       11.57653       16.37169       28.35659

 NSTEP =    26500   TIME(PS) =      73.000  TEMP(K) =   301.99  PRESS =     0.0
 Etot   =    -10640.8654  EKtot   =      1950.3909  EPtot      =    -12591.2562
 BOND   =         9.7441  ANGLE   =        12.3359  DIHED      =        12.9385
 1-4 NB =         9.9574  1-4 EEL =      -243.8724  VDWAALS    =      2421.1345
 EELEC  =    -14820.4704  EHBOND  =         0.0000  RESTRAINT  =         6.9762
 EAMBER (non-restraint)  =    -12598.2324
 EKCMT  =         0.0000  VIRIAL  =         0.0000  VOLUME     =     32246.0997
                                                    Density    =         1.0059
 Ewald error estimate:   0.1084E-03
 ------------------------------------------------------------------------------

wrapping first mol.:       11.53332       16.31058       28.25075

 NSTEP =    27000   TIME(PS) =      74.000  TEMP(K) =   298.90  PRESS =     0.0
 Etot   =    -10745.7750  EKtot   =      1930.3854  EPtot      =    -12676.1604
 BOND   =         8.2168  ANGLE   =        11.3466  DIHED      =        11.2600
 1-4 NB =        10.2804  1-4 EEL =      -244.1838  VDWAALS    =      2470.1190
 EELEC  =    -14954.1377  EHBOND  =         0.0000  RESTRAINT  =        10.9383
 EAMBER (non-restraint)  =    -12687.0987
 EKCMT  =         0.0000  VIRIAL  =         0.0000  VOLUME     =     31886.3574
                                                    Density    =         1.0173
 Ewald error estimate:   0.2315E-03
 ------------------------------------------------------------------------------

wrapping first mol.:       11.52452       16.29814       28.22920

 NSTEP =    27500   TIME(PS) =      75.000  TEMP(K) =   299.40  PRESS =     0.0
 Etot   =    -10781.1927  EKtot   =      1933.6074  EPtot      =    -12714.8002
 BOND   =         6.7336  ANGLE   =         9.7423  DIHED      =         9.3522
 1-4 NB =         9.7479  1-4 EEL =      -245.3573  VDWAALS    =      2614.8484
 EELEC  =    -15127.2935  EHBOND  =         0.0000  RESTRAINT  =         7.4262
 EAMBER (non-restraint)  =    -12722.2264
 EKCMT  =         0.0000  VIRIAL  =         0.0000  VOLUME     =     31813.4397
                                                    Density    =         1.0196
 Ewald error estimate:   0.7212E-03
 ------------------------------------------------------------------------------

wrapping first mol.:       11.51279       16.28154       28.20045

 NSTEP =    28000   TIME(PS) =      76.000  TEMP(K) =   299.15  PRESS =     0.0
 Etot   =    -10712.9872  EKtot   =      1932.0416  EPtot      =    -12645.0288
 BOND   =         6.0786  ANGLE   =        16.1315  DIHED      =        10.7343
 1-4 NB =        12.3467  1-4 EEL =      -246.5757  VDWAALS    =      2526.0198
 EELEC  =    -14979.4589  EHBOND  =         0.0000  RESTRAINT  =         9.6949
 EAMBER (non-restraint)  =    -12654.7237
 EKCMT  =         0.0000  VIRIAL  =         0.0000  VOLUME     =     31716.3269
                                                    Density    =         1.0227
 Ewald error estimate:   0.3642E-03
 ------------------------------------------------------------------------------

wrapping first mol.:       11.51061       16.27846       28.19512

 NSTEP =    28500   TIME(PS) =      77.000  TEMP(K) =   295.74  PRESS =     0.0
 Etot   =    -10809.2168  EKtot   =      1910.0291  EPtot      =    -12719.2459
 BOND   =         3.0712  ANGLE   =        12.9111  DIHED      =        14.9683
 1-4 NB =        11.6056  1-4 EEL =      -245.1546  VDWAALS    =      2575.3499
 EELEC  =    -15103.3378  EHBOND  =         0.0000  RESTRAINT  =        11.3403
 EAMBER (non-restraint)  =    -12730.5862
 EKCMT  =         0.0000  VIRIAL  =         0.0000  VOLUME     =     31698.3773
                                                    Density    =         1.0233
 Ewald error estimate:   0.2220E-03
 ------------------------------------------------------------------------------

wrapping first mol.:       11.53244       16.30933       28.24859

 NSTEP =    29000   TIME(PS) =      78.000  TEMP(K) =   300.02  PRESS =     0.0
 Etot   =    -10719.4551  EKtot   =      1937.6339  EPtot      =    -12657.0890
 BOND   =         3.9695  ANGLE   =        10.0967  DIHED      =         9.3630
 1-4 NB =        12.7405  1-4 EEL =      -246.3598  VDWAALS    =      2480.9443
 EELEC  =    -14937.5272  EHBOND  =         0.0000  RESTRAINT  =         9.6838
 EAMBER (non-restraint)  =    -12666.7728
 EKCMT  =         0.0000  VIRIAL  =         0.0000  VOLUME     =     31879.0443
                                                    Density    =         1.0175
 Ewald error estimate:   0.1513E-03
 ------------------------------------------------------------------------------

wrapping first mol.:       11.58555       16.38443       28.37867

 NSTEP =    29500   TIME(PS) =      79.000  TEMP(K) =   295.33  PRESS =     0.0
 Etot   =    -10746.0549  EKtot   =      1907.3621  EPtot      =    -12653.4169
 BOND   =         4.5210  ANGLE   =        14.3440  DIHED      =        11.6319
 1-4 NB =        10.1361  1-4 EEL =      -244.0663  VDWAALS    =      2451.4203
 EELEC  =    -14910.7730  EHBOND  =         0.0000  RESTRAINT  =         9.3689
 EAMBER (non-restraint)  =    -12662.7858
 EKCMT  =         0.0000  VIRIAL  =         0.0000  VOLUME     =     32321.4709
                                                    Density    =         1.0036
 Ewald error estimate:   0.1181E-03
 ------------------------------------------------------------------------------

wrapping first mol.:       11.61690       16.42878       28.45548

 NSTEP =    30000   TIME(PS) =      80.000  TEMP(K) =   305.68  PRESS =     0.0
 Etot   =    -10706.2388  EKtot   =      1974.2275  EPtot      =    -12680.4663
 BOND   =         4.7365  ANGLE   =        16.4097  DIHED      =        12.2835
 1-4 NB =        10.9137  1-4 EEL =      -245.3156  VDWAALS    =      2461.5122
 EELEC  =    -14952.2467  EHBOND  =         0.0000  RESTRAINT  =        11.2404
 EAMBER (non-restraint)  =    -12691.7067
 EKCMT  =         0.0000  VIRIAL  =         0.0000  VOLUME     =     32584.6330
                                                    Density    =         0.9955
 Ewald error estimate:   0.4442E-03
 ------------------------------------------------------------------------------

wrapping first mol.:       11.61950       16.43245       28.46183

 NSTEP =    30500   TIME(PS) =      81.000  TEMP(K) =   298.51  PRESS =     0.0
 Etot   =    -10706.8697  EKtot   =      1927.8616  EPtot      =    -12634.7313
 BOND   =         5.6897  ANGLE   =        13.3748  DIHED      =        10.0130
 1-4 NB =         9.9153  1-4 EEL =      -246.1553  VDWAALS    =      2552.7174
 EELEC  =    -14987.9094  EHBOND  =         0.0000  RESTRAINT  =         7.6232
 EAMBER (non-restraint)  =    -12642.3546
 EKCMT  =         0.0000  VIRIAL  =         0.0000  VOLUME     =     32606.4504
                                                    Density    =         0.9948
 Ewald error estimate:   0.3368E-03
 ------------------------------------------------------------------------------

wrapping first mol.:       11.62938       16.44643       28.48605

 NSTEP =    31000   TIME(PS) =      82.000  TEMP(K) =   291.77  PRESS =     0.0
 Etot   =    -10763.4256  EKtot   =      1884.3295  EPtot      =    -12647.7551
 BOND   =         4.4249  ANGLE   =         8.2327  DIHED      =         8.8457
 1-4 NB =        10.5535  1-4 EEL =      -246.5470  VDWAALS    =      2470.3007
 EELEC  =    -14911.6870  EHBOND  =         0.0000  RESTRAINT  =         8.1214
 EAMBER (non-restraint)  =    -12655.8765
 EKCMT  =         0.0000  VIRIAL  =         0.0000  VOLUME     =     32689.7373
                                                    Density    =         0.9923
 Ewald error estimate:   0.1176E-03
 ------------------------------------------------------------------------------

wrapping first mol.:       11.63251       16.45086       28.49372

 NSTEP =    31500   TIME(PS) =      83.000  TEMP(K) =   303.30  PRESS =     0.0
 Etot   =    -10719.9884  EKtot   =      1958.8160  EPtot      =    -12678.8044
 BOND   =         6.4203  ANGLE   =        10.1935  DIHED      =         8.7088
 1-4 NB =        10.4966  1-4 EEL =      -244.1690  VDWAALS    =      2489.7223
 EELEC  =    -14966.9069  EHBOND  =         0.0000  RESTRAINT  =         6.7299
 EAMBER (non-restraint)  =    -12685.5343
 EKCMT  =         0.0000  VIRIAL  =         0.0000  VOLUME     =     32716.1687
                                                    Density    =         0.9915
 Ewald error estimate:   0.2939E-03
 ------------------------------------------------------------------------------

wrapping first mol.:       11.60233       16.40818       28.41980

 NSTEP =    32000   TIME(PS) =      84.000  TEMP(K) =   303.42  PRESS =     0.0
 Etot   =    -10706.8893  EKtot   =      1959.5984  EPtot      =    -12666.4877
 BOND   =         7.4982  ANGLE   =        17.2665  DIHED      =        10.1324
 1-4 NB =        11.3542  1-4 EEL =      -246.2872  VDWAALS    =      2500.9029
 EELEC  =    -14974.6181  EHBOND  =         0.0000  RESTRAINT  =         7.2633
 EAMBER (non-restraint)  =    -12673.7510
 EKCMT  =         0.0000  VIRIAL  =         0.0000  VOLUME     =     32462.1922
                                                    Density    =         0.9992
 Ewald error estimate:   0.2161E-03
 ------------------------------------------------------------------------------

wrapping first mol.:       11.60247       16.40837       28.42013

 NSTEP =    32500   TIME(PS) =      85.000  TEMP(K) =   304.09  PRESS =     0.0
 Etot   =    -10634.5622  EKtot   =      1963.9153  EPtot      =    -12598.4775
 BOND   =         5.0618  ANGLE   =         9.8906  DIHED      =        11.2266
 1-4 NB =        11.7748  1-4 EEL =      -244.6473  VDWAALS    =      2454.5153
 EELEC  =    -14853.4142  EHBOND  =         0.0000  RESTRAINT  =         7.1149
 EAMBER (non-restraint)  =    -12605.5924
 EKCMT  =         0.0000  VIRIAL  =         0.0000  VOLUME     =     32463.3402
                                                    Density    =         0.9992
 Ewald error estimate:   0.1467E-03
 ------------------------------------------------------------------------------

wrapping first mol.:       11.60224       16.40805       28.41957

 NSTEP =    33000   TIME(PS) =      86.000  TEMP(K) =   302.65  PRESS =     0.0
 Etot   =    -10632.2324  EKtot   =      1954.6577  EPtot      =    -12586.8901
 BOND   =         7.8044  ANGLE   =        12.9130  DIHED      =        12.4810
 1-4 NB =        11.6657  1-4 EEL =      -246.4681  VDWAALS    =      2413.5954
 EELEC  =    -14807.5852  EHBOND  =         0.0000  RESTRAINT  =         8.7037
 EAMBER (non-restraint)  =    -12595.5938
 EKCMT  =         0.0000  VIRIAL  =         0.0000  VOLUME     =     32461.4173
                                                    Density    =         0.9992
 Ewald error estimate:   0.1109E-03
 ------------------------------------------------------------------------------

wrapping first mol.:       11.57973       16.37621       28.36443

 NSTEP =    33500   TIME(PS) =      87.000  TEMP(K) =   295.92  PRESS =     0.0
 Etot   =    -10724.9640  EKtot   =      1911.1390  EPtot      =    -12636.1030
 BOND   =         7.4523  ANGLE   =        11.1108  DIHED      =        11.6490
 1-4 NB =         9.3129  1-4 EEL =      -245.2345  VDWAALS    =      2479.6721
 EELEC  =    -14918.0365  EHBOND  =         0.0000  RESTRAINT  =         7.9708
 EAMBER (non-restraint)  =    -12644.0738
 EKCMT  =         0.0000  VIRIAL  =         0.0000  VOLUME     =     32272.8296
                                                    Density    =         1.0051
 Ewald error estimate:   0.5708E-04
 ------------------------------------------------------------------------------

wrapping first mol.:       11.59622       16.39953       28.40481

 NSTEP =    34000   TIME(PS) =      88.000  TEMP(K) =   296.00  PRESS =     0.0
 Etot   =    -10720.4360  EKtot   =      1911.6542  EPtot      =    -12632.0901
 BOND   =         5.4823  ANGLE   =        11.0261  DIHED      =        13.9124
 1-4 NB =        10.3346  1-4 EEL =      -244.7416  VDWAALS    =      2472.3212
 EELEC  =    -14910.3416  EHBOND  =         0.0000  RESTRAINT  =         9.9164
 EAMBER (non-restraint)  =    -12642.0066
 EKCMT  =         0.0000  VIRIAL  =         0.0000  VOLUME     =     32410.8662
                                                    Density    =         1.0008
 Ewald error estimate:   0.2977E-03
 ------------------------------------------------------------------------------

wrapping first mol.:       11.56414       16.35417       28.32624

 NSTEP =    34500   TIME(PS) =      89.000  TEMP(K) =   302.04  PRESS =     0.0
 Etot   =    -10669.9262  EKtot   =      1950.7091  EPtot      =    -12620.6353
 BOND   =         6.5913  ANGLE   =        16.2075  DIHED      =        12.1975
 1-4 NB =        10.6951  1-4 EEL =      -244.5413  VDWAALS    =      2463.3651
 EELEC  =    -14894.5962  EHBOND  =         0.0000  RESTRAINT  =         9.4456
 EAMBER (non-restraint)  =    -12630.0810
 EKCMT  =         0.0000  VIRIAL  =         0.0000  VOLUME     =     32142.6675
                                                    Density    =         1.0091
 Ewald error estimate:   0.2420E-04
 ------------------------------------------------------------------------------

wrapping first mol.:       11.54069       16.32099       28.26879

 NSTEP =    35000   TIME(PS) =      90.000  TEMP(K) =   300.75  PRESS =     0.0
 Etot   =    -10695.1096  EKtot   =      1942.3419  EPtot      =    -12637.4515
 BOND   =         9.2880  ANGLE   =        13.2847  DIHED      =        10.8921
 1-4 NB =        10.2514  1-4 EEL =      -246.5367  VDWAALS    =      2485.1589
 EELEC  =    -14926.5525  EHBOND  =         0.0000  RESTRAINT  =         6.7627
 EAMBER (non-restraint)  =    -12644.2142
 EKCMT  =         0.0000  VIRIAL  =         0.0000  VOLUME     =     31947.4692
                                                    Density    =         1.0153
 Ewald error estimate:   0.7879E-04
 ------------------------------------------------------------------------------

wrapping first mol.:       11.57972       16.37620       28.36441

 NSTEP =    35500   TIME(PS) =      91.000  TEMP(K) =   296.37  PRESS =     0.0
 Etot   =    -10712.1162  EKtot   =      1914.0960  EPtot      =    -12626.2121
 BOND   =         5.0604  ANGLE   =        15.0665  DIHED      =        13.3045
 1-4 NB =        10.7208  1-4 EEL =      -244.8946  VDWAALS    =      2412.6814
 EELEC  =    -14846.6292  EHBOND  =         0.0000  RESTRAINT  =         8.4780
 EAMBER (non-restraint)  =    -12634.6901
 EKCMT  =         0.0000  VIRIAL  =         0.0000  VOLUME     =     32272.7804
                                                    Density    =         1.0051
 Ewald error estimate:   0.3279E-03
 ------------------------------------------------------------------------------

wrapping first mol.:       11.57434       16.36859       28.35123

 NSTEP =    36000   TIME(PS) =      92.000  TEMP(K) =   296.82  PRESS =     0.0
 Etot   =    -10681.1103  EKtot   =      1916.9691  EPtot      =    -12598.0794
 BOND   =         5.7663  ANGLE   =         9.8024  DIHED      =        12.1775
 1-4 NB =        10.7944  1-4 EEL =      -243.1144  VDWAALS    =      2367.9598
 EELEC  =    -14770.4742  EHBOND  =         0.0000  RESTRAINT  =         9.0089
 EAMBER (non-restraint)  =    -12607.0883
 EKCMT  =         0.0000  VIRIAL  =         0.0000  VOLUME     =     32227.7915
                                                    Density    =         1.0065
 Ewald error estimate:   0.1083E-03
 ------------------------------------------------------------------------------

wrapping first mol.:       11.56060       16.34915       28.31756

 NSTEP =    36500   TIME(PS) =      93.000  TEMP(K) =   294.54  PRESS =     0.0
 Etot   =    -10659.8516  EKtot   =      1902.2600  EPtot      =    -12562.1117
 BOND   =         4.3089  ANGLE   =        17.4998  DIHED      =        13.5862
 1-4 NB =        11.7401  1-4 EEL =      -246.7041  VDWAALS    =      2473.3902
 EELEC  =    -14849.6553  EHBOND  =         0.0000  RESTRAINT  =        13.7226
 EAMBER (non-restraint)  =    -12575.8343
 EKCMT  =         0.0000  VIRIAL  =         0.0000  VOLUME     =     32113.1283
                                                    Density    =         1.0101
 Ewald error estimate:   0.2500E-03
 ------------------------------------------------------------------------------

wrapping first mol.:       11.55782       16.34523       28.31076

 NSTEP =    37000   TIME(PS) =      94.000  TEMP(K) =   295.74  PRESS =     0.0
 Etot   =    -10699.4651  EKtot   =      1910.0216  EPtot      =    -12609.4868
 BOND   =         7.2449  ANGLE   =        13.2954  DIHED      =        11.2892
 1-4 NB =        13.3124  1-4 EEL =      -246.0402  VDWAALS    =      2405.1931
 EELEC  =    -14824.4474  EHBOND  =         0.0000  RESTRAINT  =        10.6660
 EAMBER (non-restraint)  =    -12620.1527
 EKCMT  =         0.0000  VIRIAL  =         0.0000  VOLUME     =     32089.9830
                                                    Density    =         1.0108
 Ewald error estimate:   0.4017E-03
 ------------------------------------------------------------------------------

wrapping first mol.:       11.54562       16.32797       28.28087

 NSTEP =    37500   TIME(PS) =      95.000  TEMP(K) =   303.78  PRESS =     0.0
 Etot   =    -10727.4230  EKtot   =      1961.9174  EPtot      =    -12689.3404
 BOND   =         9.1584  ANGLE   =        14.7770  DIHED      =        17.3593
 1-4 NB =        10.6222  1-4 EEL =      -244.5659  VDWAALS    =      2487.2604
 EELEC  =    -14996.7538  EHBOND  =         0.0000  RESTRAINT  =        12.8018
 EAMBER (non-restraint)  =    -12702.1422
 EKCMT  =         0.0000  VIRIAL  =         0.0000  VOLUME     =     31988.4636
                                                    Density    =         1.0140
 Ewald error estimate:   0.4356E-05
 ------------------------------------------------------------------------------

wrapping first mol.:       11.55912       16.34707       28.31395

 NSTEP =    38000   TIME(PS) =      96.000  TEMP(K) =   297.12  PRESS =     0.0
 Etot   =    -10711.5114  EKtot   =      1918.9356  EPtot      =    -12630.4469
 BOND   =         5.2129  ANGLE   =        15.8841  DIHED      =        10.9416
 1-4 NB =        10.5567  1-4 EEL =      -245.3073  VDWAALS    =      2477.9843
 EELEC  =    -14915.4808  EHBOND  =         0.0000  RESTRAINT  =         9.7616
 EAMBER (non-restraint)  =    -12640.2085
 EKCMT  =         0.0000  VIRIAL  =         0.0000  VOLUME     =     32100.8400
                                                    Density    =         1.0105
 Ewald error estimate:   0.1914E-03
 ------------------------------------------------------------------------------

wrapping first mol.:       11.57035       16.36295       28.34145

 NSTEP =    38500   TIME(PS) =      97.000  TEMP(K) =   295.74  PRESS =     0.0
 Etot   =    -10698.9756  EKtot   =      1909.9747  EPtot      =    -12608.9503
 BOND   =         7.7854  ANGLE   =        16.4212  DIHED      =        12.5729
 1-4 NB =        10.4182  1-4 EEL =      -245.2732  VDWAALS    =      2484.3056
 EELEC  =    -14903.3305  EHBOND  =         0.0000  RESTRAINT  =         8.1500
 EAMBER (non-restraint)  =    -12617.1003
 EKCMT  =         0.0000  VIRIAL  =         0.0000  VOLUME     =     32194.4672
                                                    Density    =         1.0075
 Ewald error estimate:   0.9906E-04
 ------------------------------------------------------------------------------

wrapping first mol.:       11.56911       16.36119       28.33841

 NSTEP =    39000   TIME(PS) =      98.000  TEMP(K) =   293.37  PRESS =     0.0
 Etot   =    -10773.3245  EKtot   =      1894.7174  EPtot      =    -12668.0419
 BOND   =        10.8610  ANGLE   =        14.4224  DIHED      =        11.6749
 1-4 NB =        10.5809  1-4 EEL =      -246.8658  VDWAALS    =      2513.1556
 EELEC  =    -14990.9325  EHBOND  =         0.0000  RESTRAINT  =         9.0615
 EAMBER (non-restraint)  =    -12677.1034
 EKCMT  =         0.0000  VIRIAL  =         0.0000  VOLUME     =     32184.1116
                                                    Density    =         1.0078
 Ewald error estimate:   0.3982E-04
 ------------------------------------------------------------------------------

wrapping first mol.:       11.56888       16.36086       28.33785

 NSTEP =    39500   TIME(PS) =      99.000  TEMP(K) =   300.64  PRESS =     0.0
 Etot   =    -10739.4854  EKtot   =      1941.6685  EPtot      =    -12681.1539
 BOND   =         4.5498  ANGLE   =        14.7079  DIHED      =        13.5203
 1-4 NB =        11.5238  1-4 EEL =      -243.6404  VDWAALS    =      2511.3674
 EELEC  =    -15003.7463  EHBOND  =         0.0000  RESTRAINT  =        10.5637
 EAMBER (non-restraint)  =    -12691.7176
 EKCMT  =         0.0000  VIRIAL  =         0.0000  VOLUME     =     32182.1811
                                                    Density    =         1.0079
 Ewald error estimate:   0.5399E-04
 ------------------------------------------------------------------------------

wrapping first mol.:       11.56888       16.36086       28.33785

 NSTEP =    40000   TIME(PS) =     100.000  TEMP(K) =   296.19  PRESS =     0.0
 Etot   =    -10833.6610  EKtot   =      1912.8854  EPtot      =    -12746.5464
 BOND   =         7.8472  ANGLE   =        12.9281  DIHED      =        11.5025
 1-4 NB =        10.0851  1-4 EEL =      -240.0230  VDWAALS    =      2509.2759
 EELEC  =    -15069.3725  EHBOND  =         0.0000  RESTRAINT  =        11.2103
 EAMBER (non-restraint)  =    -12757.7567
 EKCMT  =         0.0000  VIRIAL  =         0.0000  VOLUME     =     32182.1811
                                                    Density    =         1.0079
 Ewald error estimate:   0.2128E-04
 ------------------------------------------------------------------------------

wrapping first mol.:       11.56354       16.35332       28.32477

 NSTEP =    40500   TIME(PS) =     101.000  TEMP(K) =   294.76  PRESS =     0.0
 Etot   =    -10811.5123  EKtot   =      1903.6890  EPtot      =    -12715.2013
 BOND   =         5.9514  ANGLE   =        13.6679  DIHED      =        10.9521
 1-4 NB =        11.6739  1-4 EEL =      -246.0134  VDWAALS    =      2490.8973
 EELEC  =    -15013.2529  EHBOND  =         0.0000  RESTRAINT  =        10.9224
 EAMBER (non-restraint)  =    -12726.1236
 EKCMT  =         0.0000  VIRIAL  =         0.0000  VOLUME     =     32137.6566
                                                    Density    =         1.0093
 Ewald error estimate:   0.6935E-04
 ------------------------------------------------------------------------------

wrapping first mol.:       11.59008       16.39085       28.38978

 NSTEP =    41000   TIME(PS) =     102.000  TEMP(K) =   300.08  PRESS =     0.0
 Etot   =    -10789.3357  EKtot   =      1937.9990  EPtot      =    -12727.3347
 BOND   =         3.3880  ANGLE   =        11.2251  DIHED      =        13.3154
 1-4 NB =        10.6517  1-4 EEL =      -243.6272  VDWAALS    =      2490.1557
 EELEC  =    -15018.8117  EHBOND  =         0.0000  RESTRAINT  =         6.3683
 EAMBER (non-restraint)  =    -12733.7030
 EKCMT  =         0.0000  VIRIAL  =         0.0000  VOLUME     =     32359.4578
                                                    Density    =         1.0024
 Ewald error estimate:   0.1552E-03
 ------------------------------------------------------------------------------

wrapping first mol.:       11.60896       16.41755       28.43602

 NSTEP =    41500   TIME(PS) =     103.000  TEMP(K) =   302.85  PRESS =     0.0
 Etot   =    -10804.5924  EKtot   =      1955.9139  EPtot      =    -12760.5063
 BOND   =         5.5675  ANGLE   =        11.1481  DIHED      =        11.5832
 1-4 NB =        10.5476  1-4 EEL =      -243.1648  VDWAALS    =      2500.1049
 EELEC  =    -15065.2250  EHBOND  =         0.0000  RESTRAINT  =         8.9320
 EAMBER (non-restraint)  =    -12769.4383
 EKCMT  =         0.0000  VIRIAL  =         0.0000  VOLUME     =     32517.8338
                                                    Density    =         0.9975
 Ewald error estimate:   0.2506E-03
 ------------------------------------------------------------------------------

wrapping first mol.:       11.61150       16.42114       28.44225

 NSTEP =    42000   TIME(PS) =     104.000  TEMP(K) =   296.10  PRESS =     0.0
 Etot   =    -10828.5477  EKtot   =      1912.3421  EPtot      =    -12740.8899
 BOND   =         6.6156  ANGLE   =        15.4738  DIHED      =        12.9164
 1-4 NB =         9.9999  1-4 EEL =      -247.0867  VDWAALS    =      2521.6736
 EELEC  =    -15068.2985  EHBOND  =         0.0000  RESTRAINT  =         7.8160
 EAMBER (non-restraint)  =    -12748.7058
 EKCMT  =         0.0000  VIRIAL  =         0.0000  VOLUME     =     32539.1822
                                                    Density    =         0.9968
 Ewald error estimate:   0.2787E-03
 ------------------------------------------------------------------------------

wrapping first mol.:       11.57806       16.37385       28.36034

 NSTEP =    42500   TIME(PS) =     105.000  TEMP(K) =   292.78  PRESS =     0.0
 Etot   =    -10833.9843  EKtot   =      1890.8528  EPtot      =    -12724.8371
 BOND   =         7.3921  ANGLE   =        11.5417  DIHED      =        10.2274
 1-4 NB =        11.0265  1-4 EEL =      -245.1510  VDWAALS    =      2533.9998
 EELEC  =    -15063.9252  EHBOND  =         0.0000  RESTRAINT  =        10.0515
 EAMBER (non-restraint)  =    -12734.8886
 EKCMT  =         0.0000  VIRIAL  =         0.0000  VOLUME     =     32258.8925
                                                    Density    =         1.0055
 Ewald error estimate:   0.4618E-04
 ------------------------------------------------------------------------------

wrapping first mol.:       11.57275       16.36634       28.34732

 NSTEP =    43000   TIME(PS) =     106.000  TEMP(K) =   297.97  PRESS =     0.0
 Etot   =    -10747.2669  EKtot   =      1924.3751  EPtot      =    -12671.6421
 BOND   =         4.8762  ANGLE   =        10.0623  DIHED      =        13.5540
 1-4 NB =        11.3542  1-4 EEL =      -244.7461  VDWAALS    =      2455.6933
 EELEC  =    -14930.8212  EHBOND  =         0.0000  RESTRAINT  =         8.3852
 EAMBER (non-restraint)  =    -12680.0273
 EKCMT  =         0.0000  VIRIAL  =         0.0000  VOLUME     =     32214.4844
                                                    Density    =         1.0069
 Ewald error estimate:   0.5414E-03
 ------------------------------------------------------------------------------

wrapping first mol.:       11.57143       16.36447       28.34410

 NSTEP =    43500   TIME(PS) =     107.000  TEMP(K) =   292.74  PRESS =     0.0
 Etot   =    -10765.0826  EKtot   =      1890.6168  EPtot      =    -12655.6994
 BOND   =         5.5779  ANGLE   =        13.2862  DIHED      =        12.2969
 1-4 NB =        10.1359  1-4 EEL =      -244.6585  VDWAALS    =      2550.4038
 EELEC  =    -15010.9615  EHBOND  =         0.0000  RESTRAINT  =         8.2200
 EAMBER (non-restraint)  =    -12663.9194
 EKCMT  =         0.0000  VIRIAL  =         0.0000  VOLUME     =     32203.4898
                                                    Density    =         1.0072
 Ewald error estimate:   0.2546E-03
 ------------------------------------------------------------------------------

wrapping first mol.:       11.56808       16.35974       28.33590

 NSTEP =    44000   TIME(PS) =     108.000  TEMP(K) =   300.95  PRESS =     0.0
 Etot   =    -10709.9433  EKtot   =      1943.6780  EPtot      =    -12653.6213
 BOND   =         6.2418  ANGLE   =        17.7147  DIHED      =        13.4009
 1-4 NB =        12.3926  1-4 EEL =      -244.9233  VDWAALS    =      2430.1001
 EELEC  =    -14898.6838  EHBOND  =         0.0000  RESTRAINT  =        10.1357
 EAMBER (non-restraint)  =    -12663.7569
 EKCMT  =         0.0000  VIRIAL  =         0.0000  VOLUME     =     32175.5441
                                                    Density    =         1.0081
 Ewald error estimate:   0.1533E-03
 ------------------------------------------------------------------------------

wrapping first mol.:       11.53830       16.31761       28.26293

 NSTEP =    44500   TIME(PS) =     109.000  TEMP(K) =   298.90  PRESS =     0.0
 Etot   =    -10737.5374  EKtot   =      1930.3774  EPtot      =    -12667.9147
 BOND   =        10.0987  ANGLE   =        11.3835  DIHED      =        11.7440
 1-4 NB =        10.4098  1-4 EEL =      -244.9260  VDWAALS    =      2447.6160
 EELEC  =    -14923.6192  EHBOND  =         0.0000  RESTRAINT  =         9.3784
 EAMBER (non-restraint)  =    -12677.2932
 EKCMT  =         0.0000  VIRIAL  =         0.0000  VOLUME     =     31927.6332
                                                    Density    =         1.0159
 Ewald error estimate:   0.1636E-03
 ------------------------------------------------------------------------------

wrapping first mol.:       11.51692       16.28739       28.21058

 NSTEP =    45000   TIME(PS) =     110.000  TEMP(K) =   295.36  PRESS =     0.0
 Etot   =    -10730.9301  EKtot   =      1907.5602  EPtot      =    -12638.4903
 BOND   =         8.4209  ANGLE   =         8.5534  DIHED      =        12.5845
 1-4 NB =        10.1179  1-4 EEL =      -242.3095  VDWAALS    =      2488.9172
 EELEC  =    -14932.4359  EHBOND  =         0.0000  RESTRAINT  =         7.6610
 EAMBER (non-restraint)  =    -12646.1513
 EKCMT  =         0.0000  VIRIAL  =         0.0000  VOLUME     =     31750.5397
                                                    Density    =         1.0216
 Ewald error estimate:   0.8380E-04
 ------------------------------------------------------------------------------

wrapping first mol.:       11.51381       16.28299       28.20296

 NSTEP =    45500   TIME(PS) =     111.000  TEMP(K) =   295.11  PRESS =     0.0
 Etot   =    -10783.8937  EKtot   =      1905.9187  EPtot      =    -12689.8124
 BOND   =         3.9717  ANGLE   =        14.4256  DIHED      =        11.4294
 1-4 NB =        12.7466  1-4 EEL =      -244.8222  VDWAALS    =      2460.8322
 EELEC  =    -14956.9483  EHBOND  =         0.0000  RESTRAINT  =         8.5524
 EAMBER (non-restraint)  =    -12698.3648
 EKCMT  =         0.0000  VIRIAL  =         0.0000  VOLUME     =     31724.8158
                                                    Density    =         1.0224
 Ewald error estimate:   0.1937E-03
 ------------------------------------------------------------------------------

wrapping first mol.:       11.51934       16.29081       28.21651

 NSTEP =    46000   TIME(PS) =     112.000  TEMP(K) =   303.81  PRESS =     0.0
 Etot   =    -10694.0157  EKtot   =      1962.0975  EPtot      =    -12656.1132
 BOND   =         9.9237  ANGLE   =        10.3166  DIHED      =        10.9594
 1-4 NB =         9.8884  1-4 EEL =      -244.9843  VDWAALS    =      2495.7470
 EELEC  =    -14960.3068  EHBOND  =         0.0000  RESTRAINT  =        12.3427
 EAMBER (non-restraint)  =    -12668.4559
 EKCMT  =         0.0000  VIRIAL  =         0.0000  VOLUME     =     31770.5714
                                                    Density    =         1.0210
 Ewald error estimate:   0.2742E-03
 ------------------------------------------------------------------------------

wrapping first mol.:       11.51961       16.29119       28.21717

 NSTEP =    46500   TIME(PS) =     113.000  TEMP(K) =   305.90  PRESS =     0.0
 Etot   =    -10665.7088  EKtot   =      1975.6214  EPtot      =    -12641.3301
 BOND   =         7.4486  ANGLE   =        12.6167  DIHED      =        13.4627
 1-4 NB =        10.0526  1-4 EEL =      -244.4051  VDWAALS    =      2519.4275
 EELEC  =    -14971.9991  EHBOND  =         0.0000  RESTRAINT  =        12.0660
 EAMBER (non-restraint)  =    -12653.3961
 EKCMT  =         0.0000  VIRIAL  =         0.0000  VOLUME     =     31772.7974
                                                    Density    =         1.0209
 Ewald error estimate:   0.4624E-03
 ------------------------------------------------------------------------------

wrapping first mol.:       11.53435       16.31204       28.25327

 NSTEP =    47000   TIME(PS) =     114.000  TEMP(K) =   300.45  PRESS =     0.0
 Etot   =    -10693.7830  EKtot   =      1940.4324  EPtot      =    -12634.2154
 BOND   =         1.5537  ANGLE   =        13.9407  DIHED      =        10.0952
 1-4 NB =        11.8365  1-4 EEL =      -244.1864  VDWAALS    =      2441.9785
 EELEC  =    -14880.2002  EHBOND  =         0.0000  RESTRAINT  =        10.7666
 EAMBER (non-restraint)  =    -12644.9820
 EKCMT  =         0.0000  VIRIAL  =         0.0000  VOLUME     =     31894.8966
                                                    Density    =         1.0170
 Ewald error estimate:   0.1211E-03
 ------------------------------------------------------------------------------

wrapping first mol.:       11.56020       16.34859       28.31659

 NSTEP =    47500   TIME(PS) =     115.000  TEMP(K) =   293.64  PRESS =     0.0
 Etot   =    -10727.2892  EKtot   =      1896.4524  EPtot      =    -12623.7416
 BOND   =         7.0743  ANGLE   =        10.7789  DIHED      =         9.6640
 1-4 NB =        10.9113  1-4 EEL =      -246.0962  VDWAALS    =      2375.4585
 EELEC  =    -14800.4587  EHBOND  =         0.0000  RESTRAINT  =         8.9262
 EAMBER (non-restraint)  =    -12632.6679
 EKCMT  =         0.0000  VIRIAL  =         0.0000  VOLUME     =     32109.8120
                                                    Density    =         1.0102
 Ewald error estimate:   0.2848E-03
 ------------------------------------------------------------------------------

wrapping first mol.:       11.56566       16.35631       28.32996

 NSTEP =    48000   TIME(PS) =     116.000  TEMP(K) =   299.51  PRESS =     0.0
 Etot   =    -10728.5257  EKtot   =      1934.3759  EPtot      =    -12662.9016
 BOND   =         4.9760  ANGLE   =        12.1810  DIHED      =        12.6871
 1-4 NB =        12.6955  1-4 EEL =      -246.4259  VDWAALS    =      2575.2496
 EELEC  =    -15043.6420  EHBOND  =         0.0000  RESTRAINT  =         9.3771
 EAMBER (non-restraint)  =    -12672.2787
 EKCMT  =         0.0000  VIRIAL  =         0.0000  VOLUME     =     32155.3275
                                                    Density    =         1.0087
 Ewald error estimate:   0.3688E-03
 ------------------------------------------------------------------------------

wrapping first mol.:       11.53342       16.31072       28.25099

 NSTEP =    48500   TIME(PS) =     117.000  TEMP(K) =   296.22  PRESS =     0.0
 Etot   =    -10788.2941  EKtot   =      1913.0962  EPtot      =    -12701.3903
 BOND   =         7.2895  ANGLE   =        12.8331  DIHED      =        13.5165
 1-4 NB =         9.3813  1-4 EEL =      -243.8703  VDWAALS    =      2523.3532
 EELEC  =    -15039.1221  EHBOND  =         0.0000  RESTRAINT  =        15.2286
 EAMBER (non-restraint)  =    -12716.6189
 EKCMT  =         0.0000  VIRIAL  =         0.0000  VOLUME     =     31887.1703
                                                    Density    =         1.0172
 Ewald error estimate:   0.1348E-03
 ------------------------------------------------------------------------------

wrapping first mol.:       11.53342       16.31072       28.25099

 NSTEP =    49000   TIME(PS) =     118.000  TEMP(K) =   286.58  PRESS =     0.0
 Etot   =    -10801.0673  EKtot   =      1850.8467  EPtot      =    -12651.9141
 BOND   =         7.8261  ANGLE   =        11.0740  DIHED      =        12.3129
 1-4 NB =        10.9718  1-4 EEL =      -247.5244  VDWAALS    =      2547.0489
 EELEC  =    -15005.2002  EHBOND  =         0.0000  RESTRAINT  =        11.5769
 EAMBER (non-restraint)  =    -12663.4910
 EKCMT  =         0.0000  VIRIAL  =         0.0000  VOLUME     =     31887.1703
                                                    Density    =         1.0172
 Ewald error estimate:   0.3483E-03
 ------------------------------------------------------------------------------

wrapping first mol.:       11.58678       16.38619       28.38170

 NSTEP =    49500   TIME(PS) =     119.000  TEMP(K) =   311.47  PRESS =     0.0
 Etot   =    -10528.4720  EKtot   =      2011.6104  EPtot      =    -12540.0824
 BOND   =        12.3101  ANGLE   =        14.6209  DIHED      =        14.0937
 1-4 NB =         9.7350  1-4 EEL =      -243.7364  VDWAALS    =      2373.6915
 EELEC  =    -14733.8162  EHBOND  =         0.0000  RESTRAINT  =        13.0190
 EAMBER (non-restraint)  =    -12553.1014
 EKCMT  =         0.0000  VIRIAL  =         0.0000  VOLUME     =     32331.8322
                                                    Density    =         1.0032
 Ewald error estimate:   0.1634E-03
 ------------------------------------------------------------------------------

wrapping first mol.:       11.59755       16.40141       28.40808
wrapping first mol.:       11.59755       16.40141       28.40808

 NSTEP =    50000   TIME(PS) =     120.000  TEMP(K) =   304.18  PRESS =     0.0
 Etot   =    -10534.3430  EKtot   =      1964.4957  EPtot      =    -12498.8387
 BOND   =         8.1151  ANGLE   =        11.1977  DIHED      =        10.1280
 1-4 NB =        10.5411  1-4 EEL =      -244.5509  VDWAALS    =      2524.8525
 EELEC  =    -14827.5509  EHBOND  =         0.0000  RESTRAINT  =         8.4287
 EAMBER (non-restraint)  =    -12507.2674
 EKCMT  =         0.0000  VIRIAL  =         0.0000  VOLUME     =     32422.0581
                                                    Density    =         1.0004
 Ewald error estimate:   0.1844E-03
 ------------------------------------------------------------------------------


      A V E R A G E S   O V E R     100 S T E P S


 NSTEP =    50000   TIME(PS) =     120.000  TEMP(K) =   298.14  PRESS =     0.0
 Etot   =    -10723.6336  EKtot   =      1925.5035  EPtot      =    -12649.1371
 BOND   =         6.5560  ANGLE   =        12.9815  DIHED      =        11.8982
 1-4 NB =        10.9775  1-4 EEL =      -245.1850  VDWAALS    =      2478.2305
 EELEC  =    -14934.1829  EHBOND  =         0.0000  RESTRAINT  =         9.5870
 EAMBER (non-restraint)  =    -12658.7241
 EKCMT  =         0.0000  VIRIAL  =         0.0000  VOLUME     =     32348.4585
                                                    Density    =         1.0031
 Ewald error estimate:   0.1950E-03
 ------------------------------------------------------------------------------


      R M S  F L U C T U A T I O N S


 NSTEP =    50000   TIME(PS) =     120.000  TEMP(K) =     5.29  PRESS =     0.0
 Etot   =        72.9387  EKtot   =        34.1837  EPtot      =        63.0848
 BOND   =         2.0833  ANGLE   =         2.5375  DIHED      =         1.5252
 1-4 NB =         0.9977  1-4 EEL =         1.4628  VDWAALS    =        61.5179
 EELEC  =       105.4085  EHBOND  =         0.0000  RESTRAINT  =         2.0869
 EAMBER (non-restraint)  =        60.9979
 EKCMT  =         0.0000  VIRIAL  =         0.0000  VOLUME     =       621.2791
                                                    Density    =         0.0182
 Ewald error estimate:   0.1521E-03
 ------------------------------------------------------------------------------

| MC Barostat:        500 volume changes attempted.
| MC Barostat:        195 changes successful ( 39.00%)
 ------------------------------------------------------------------------------

--------------------------------------------------------------------------------
   5.  TIMINGS
--------------------------------------------------------------------------------

|  NonSetup CPU Time in Major Routines, Average for All Tasks:
|
|     Routine           Sec        %
|     ------------------------------
|     DataDistrib      10.00    9.64
|     Nonbond          88.29   85.07
|     Bond              0.14    0.13
|     Angle             0.16    0.15
|     Dihedral          0.20    0.20
|     Shake             0.60    0.58
|     RunMD             4.20    4.04
|     Other             0.19    0.18
|     ------------------------------
|     Total           103.78

|  PME Nonbond Pairlist CPU Time, Average for All Tasks:
|
|     Routine              Sec        %
|     ---------------------------------
|     Set Up Cit           0.29    0.28
|     Build List          10.46   10.08
|     ---------------------------------
|     Total               10.76   10.36

|  PME Direct Force CPU Time, Average for All Tasks:
|
|     Routine              Sec        %
|     ---------------------------------
|     NonBonded Calc      61.02   58.79
|     Exclude Masked       0.67    0.65
|     Other                2.45    2.36
|     ---------------------------------
|     Total               64.14   61.81

|  PME Reciprocal Force CPU Time, Average for All Tasks:
|
|     Routine              Sec        %
|     ---------------------------------
|     1D bspline           1.11    1.07
|     Grid Charges         1.21    1.17
|     Scalar Sum           1.16    1.12
|     Gradient Sum         2.11    2.03
|     FFT                  7.49    7.22
|     ---------------------------------
|     Total               13.09   12.61

|  PME Load Balancing CPU Time, Average for All Tasks:
|
|     Routine                 Sec        %
|     ------------------------------------
|     Atom Reassign           0.00    0.00
|     Image Reassign          0.01    0.01
|     FFT Reassign            0.00    0.00
|     ------------------------------------
|     Total                   0.01    0.01

|  Final Performance Info:
|     -----------------------------------------------------
|     Average timings for last   20500 steps:
|     Elapsed(s) =      42.93 Per Step(ms) =       2.09
|         ns/day =      82.51   seconds/ns =    1047.17
|
|     Average timings for all steps:
|     Elapsed(s) =     103.90 Per Step(ms) =       2.08
|         ns/day =      83.16   seconds/ns =    1038.99
|     -----------------------------------------------------

|  Master Setup CPU time:            0.03 seconds
|  Master NonSetup CPU time:       103.17 seconds
|  Master Total CPU time:          103.21 seconds     0.03 hours

|  Master Setup wall time:           0    seconds
|  Master NonSetup wall time:      104    seconds
|  Master Total wall time:         104    seconds     0.03 hours
