
          -------------------------------------------------------
          Amber 18 PMEMD                              2018
          -------------------------------------------------------

| PMEMD implementation of SANDER, Release 18

| Run on 03/23/2022 at 18:04:28

|   Executable path: pmemd.MPI
| Working directory: /bgfs/lchong/dty7/ff15ipq-lig/charges/gaff_02/GenConformers/Conf9
|          Hostname: smp-n123

  [-O]verwriting output

File Assignments:
|   MDIN: ../../../amber/6.2_eq1.in                                             
|  MDOUT: 6.2_eq1.out                                                           
| INPCRD: 6.1_min.rst                                                           
|   PARM: ../../mon.top                                                         
| RESTRT: 6.2_eq1.rst                                                           
|   REFC: 6.1_min.rst                                                           
|  MDVEL: mdvel                                                                 
|   MDEN: mden                                                                  
|  MDCRD: mdcrd                                                                 
| MDINFO: mdinfo                                                                
|LOGFILE: logfile                                                               
|  MDFRC: mdfrc                                                                 

 
 Here is the input file:
 
&cntrl                                                                         
  imin      = 0,                                                               
  irest     = 0,                                                               
  ntx       = 1,                                                               
  ig        = -1,                                                              
  dt        = 0.002,                                                           
  nstlim    = 10000,                                                           
  nscm      = 500,                                                             
  ntr       = 1,                                                               
  restraintmask = ':1',                                                        
  restraint_wt  = 10.0,                                                        
  ntb       = 1,                                                               
  ntp       = 0,                                                               
  ntt       = 3,                                                               
  tempi     = 298.0,                                                           
  temp0     = 298.0,                                                           
  gamma_ln  = 1.0,                                                             
  ntf       = 2,                                                               
  ntc       = 2,                                                               
  cut       = 10.0,                                                            
  ntpr      = 500,                                                             
  ntxo      = 2,                                                               
  ntwr      = 10000,                                                           
  ioutfm    = 1,                                                               
  ntwx      = 500,                                                             
  iwrap     = 1,                                                               
&end                                                                           


Note: ig = -1. Setting random seed to   754866 based on wallclock time in
      microseconds and disabling the synchronization of random numbers 
      between tasks to improve performance.
| irandom = 1, using AMBER's internal random number generator (default).
 
 
| Conditional Compilation Defines Used:
| MPI
| FFTW_FFT
| BINTRAJ
| MKL
| EMIL
 
| Largest sphere to fit in unit cell has radius =    14.826

| New format PARM file being parsed.
| Version =    1.000 Date = 03/23/22 Time = 14:37:26

| Note: 1-4 EEL scale factors are being read from the topology file.

| Note: 1-4 VDW scale factors are being read from the topology file.
| Duplicated    0 dihedrals

| Duplicated    0 dihedrals

--------------------------------------------------------------------------------
   1.  RESOURCE   USE: 
--------------------------------------------------------------------------------

 getting box info from netcdf restart file
 NATOM  =    3240 NTYPES =      13 NBONH =    3220 MBONA  =      21
 NTHETH =      33 MTHETA =      29 NPHIH =      60 MPHIA  =      45
 NHPARM =       0 NPARM  =       0 NNB   =    4456 NRES   =    1069
 NBONA  =      21 NTHETA =      29 NPHIA =      45 NUMBND =      22
 NUMANG =      35 NPTRA  =      18 NATYP =      17 NPHB   =       0
 IFBOX  =       2 NMXRS  =      36 IFCAP =       0 NEXTRA =       0
 NCOPY  =       0

| Coordinate Index Table dimensions:     5    5    5
| Direct force subcell size =     7.2633    7.2633    7.2633

     BOX TYPE: TRUNCATED OCTAHEDRON

--------------------------------------------------------------------------------
   2.  CONTROL  DATA  FOR  THE  RUN
--------------------------------------------------------------------------------

default_name                                                                    

General flags:
     imin    =       0, nmropt  =       0

Nature and format of input:
     ntx     =       1, irest   =       0, ntrx    =       1

Nature and format of output:
     ntxo    =       2, ntpr    =     500, ntrx    =       1, ntwr    =   10000
     iwrap   =       1, ntwx    =     500, ntwv    =       0, ntwe    =       0
     ioutfm  =       1, ntwprt  =       0, idecomp =       0, rbornstat=      0

Potential function:
     ntf     =       2, ntb     =       1, igb     =       0, nsnb    =      25
     ipol    =       0, gbsa    =       0, iesp    =       0
     dielc   =   1.00000, cut     =  10.00000, intdiel =   1.00000

Frozen or restrained atoms:
     ibelly  =       0, ntr     =       1
     restraint_wt =  10.00000

Molecular dynamics:
     nstlim  =     10000, nscm    =         0, nrespa  =         1
     t       =   0.00000, dt      =   0.00200, vlimit  =  20.00000

Langevin dynamics temperature regulation:
     ig      =  754866
     temp0   = 298.00000, tempi   = 298.00000, gamma_ln=   1.00000

SHAKE:
     ntc     =       2, jfastw  =       0
     tol     =   0.00001

| Intermolecular bonds treatment:
|     no_intermolecular_bonds =       1

| Energy averages sample interval:
|     ene_avg_sampling =     500

Ewald parameters:
     verbose =       0, ew_type =       0, nbflag  =       1, use_pme =       1
     vdwmeth =       1, eedmeth =       1, netfrc  =       1
     Box X =   36.317   Box Y =   36.317   Box Z =   36.317
     Alpha =  109.471   Beta  =  109.471   Gamma =  109.471
     NFFT1 =   40       NFFT2 =   40       NFFT3 =   40
     Cutoff=   10.000   Tol   =0.100E-04
     Ewald Coefficient =  0.27511
     Interpolation order =    4

| PMEMD ewald parallel performance parameters:
|     block_fft =    0
|     fft_blk_y_divisor =    2
|     excl_recip =    0
|     excl_master =    0
|     atm_redist_freq =  320

    LOADING THE CONSTRAINED ATOMS AS GROUPS


   5.  REFERENCE ATOM COORDINATES

  default_name                                                                    
     Mask :1; matches    36 atoms

--------------------------------------------------------------------------------
   3.  ATOMIC COORDINATES AND VELOCITIES
--------------------------------------------------------------------------------

default_name                                                                    
 begin time read from input coords =     0.000 ps

 
 Number of triangulated 3-point waters found:     1068

     Sum of charges from parm topology file =  -0.00010118
     Forcing neutrality...

| Dynamic Memory, Types Used:
| Reals             1198019
| Integers           209498

| Nonbonded Pairs Initial Allocation:      317358

| Running AMBER/MPI version on    8 MPI task

 
--------------------------------------------------------------------------------
   4.  RESULTS
--------------------------------------------------------------------------------

 ---------------------------------------------------
 APPROXIMATING switch and d/dx switch using CUBIC SPLINE INTERPOLATION
 using   5000.0 points per unit in tabled values
 TESTING RELATIVE ERROR over r ranging from 0.0 to cutoff
| CHECK switch(x): max rel err =   0.3316E-14   at   2.351880
| CHECK d/dx switch(x): max rel err =   0.8066E-11   at   2.747240
 ---------------------------------------------------
|---------------------------------------------------
| APPROXIMATING direct energy using CUBIC SPLINE INTERPOLATION
|  with   50.0 points per unit in tabled values
| Relative Error Limit not exceeded for r .gt.   2.34
| APPROXIMATING direct force using CUBIC SPLINE INTERPOLATION
|  with   50.0 points per unit in tabled values
| Relative Error Limit not exceeded for r .gt.   2.81
|---------------------------------------------------

 NSTEP =        0   TIME(PS) =       0.000  TEMP(K) =   444.25  PRESS =     0.0
 Etot   =    -14817.7855  EKtot   =      2869.1115  EPtot      =    -17686.8970
 BOND   =         1.6014  ANGLE   =         3.9607  DIHED      =        12.6100
 1-4 NB =        12.2443  1-4 EEL =      -667.4175  VDWAALS    =      3689.7374
 EELEC  =    -20739.6333  EHBOND  =         0.0000  RESTRAINT  =         0.0000
 Ewald error estimate:   0.1823E-03
 ------------------------------------------------------------------------------


 NSTEP =      500   TIME(PS) =       1.000  TEMP(K) =   243.35  PRESS =     0.0
 Etot   =    -11589.7902  EKtot   =      1571.6404  EPtot      =    -13161.4306
 BOND   =         4.4749  ANGLE   =        12.2123  DIHED      =        12.7387
 1-4 NB =        13.3877  1-4 EEL =      -670.0487  VDWAALS    =      2562.9099
 EELEC  =    -15101.9579  EHBOND  =         0.0000  RESTRAINT  =         4.8526
 EAMBER (non-restraint)  =    -13166.2832
 Ewald error estimate:   0.3689E-03
 ------------------------------------------------------------------------------


 NSTEP =     1000   TIME(PS) =       2.000  TEMP(K) =   274.87  PRESS =     0.0
 Etot   =    -11053.4696  EKtot   =      1775.1959  EPtot      =    -12828.6655
 BOND   =        11.7356  ANGLE   =        13.4163  DIHED      =        18.8257
 1-4 NB =        12.9313  1-4 EEL =      -678.0047  VDWAALS    =      2404.1552
 EELEC  =    -14616.4490  EHBOND  =         0.0000  RESTRAINT  =         4.7241
 EAMBER (non-restraint)  =    -12833.3896
 Ewald error estimate:   0.2204E-03
 ------------------------------------------------------------------------------


 NSTEP =     1500   TIME(PS) =       3.000  TEMP(K) =   291.86  PRESS =     0.0
 Etot   =    -10826.8144  EKtot   =      1884.9124  EPtot      =    -12711.7268
 BOND   =         6.1451  ANGLE   =        10.8857  DIHED      =        14.0532
 1-4 NB =        13.4007  1-4 EEL =      -667.5876  VDWAALS    =      2346.1605
 EELEC  =    -14443.6416  EHBOND  =         0.0000  RESTRAINT  =         8.8571
 EAMBER (non-restraint)  =    -12720.5839
 Ewald error estimate:   0.3404E-04
 ------------------------------------------------------------------------------


 NSTEP =     2000   TIME(PS) =       4.000  TEMP(K) =   297.80  PRESS =     0.0
 Etot   =    -10752.3178  EKtot   =      1923.2947  EPtot      =    -12675.6124
 BOND   =         4.8297  ANGLE   =        14.1392  DIHED      =        16.6831
 1-4 NB =        12.4457  1-4 EEL =      -666.1498  VDWAALS    =      2341.7873
 EELEC  =    -14410.8206  EHBOND  =         0.0000  RESTRAINT  =        11.4729
 EAMBER (non-restraint)  =    -12687.0853
 Ewald error estimate:   0.3192E-03
 ------------------------------------------------------------------------------


 NSTEP =     2500   TIME(PS) =       5.000  TEMP(K) =   298.99  PRESS =     0.0
 Etot   =    -10750.8543  EKtot   =      1930.9781  EPtot      =    -12681.8324
 BOND   =         4.4243  ANGLE   =        14.8307  DIHED      =        12.7558
 1-4 NB =        11.8651  1-4 EEL =      -658.9213  VDWAALS    =      2218.3227
 EELEC  =    -14292.8428  EHBOND  =         0.0000  RESTRAINT  =         7.7331
 EAMBER (non-restraint)  =    -12689.5655
 Ewald error estimate:   0.4228E-03
 ------------------------------------------------------------------------------


 NSTEP =     3000   TIME(PS) =       6.000  TEMP(K) =   307.12  PRESS =     0.0
 Etot   =    -10735.1969  EKtot   =      1983.4859  EPtot      =    -12718.6828
 BOND   =         8.8982  ANGLE   =        14.4152  DIHED      =        15.2860
 1-4 NB =        13.6726  1-4 EEL =      -671.8763  VDWAALS    =      2286.3968
 EELEC  =    -14390.1469  EHBOND  =         0.0000  RESTRAINT  =         4.6716
 EAMBER (non-restraint)  =    -12723.3544
 Ewald error estimate:   0.1359E-03
 ------------------------------------------------------------------------------


 NSTEP =     3500   TIME(PS) =       7.000  TEMP(K) =   300.54  PRESS =     0.0
 Etot   =    -10768.9095  EKtot   =      1940.9784  EPtot      =    -12709.8879
 BOND   =         6.1468  ANGLE   =        14.2140  DIHED      =        14.8726
 1-4 NB =        11.4047  1-4 EEL =      -667.0789  VDWAALS    =      2417.8862
 EELEC  =    -14512.6266  EHBOND  =         0.0000  RESTRAINT  =         5.2931
 EAMBER (non-restraint)  =    -12715.1810
 Ewald error estimate:   0.1161E-03
 ------------------------------------------------------------------------------


 NSTEP =     4000   TIME(PS) =       8.000  TEMP(K) =   290.73  PRESS =     0.0
 Etot   =    -10776.6897  EKtot   =      1877.6484  EPtot      =    -12654.3381
 BOND   =         7.4123  ANGLE   =        13.7202  DIHED      =        14.9264
 1-4 NB =        12.5909  1-4 EEL =      -669.7416  VDWAALS    =      2218.7236
 EELEC  =    -14259.2069  EHBOND  =         0.0000  RESTRAINT  =         7.2369
 EAMBER (non-restraint)  =    -12661.5750
 Ewald error estimate:   0.2210E-04
 ------------------------------------------------------------------------------


 NSTEP =     4500   TIME(PS) =       9.000  TEMP(K) =   291.21  PRESS =     0.0
 Etot   =    -10838.3463  EKtot   =      1880.7216  EPtot      =    -12719.0679
 BOND   =        13.0948  ANGLE   =        14.4401  DIHED      =        13.3036
 1-4 NB =        13.3709  1-4 EEL =      -671.5582  VDWAALS    =      2257.5453
 EELEC  =    -14364.8941  EHBOND  =         0.0000  RESTRAINT  =         5.6296
 EAMBER (non-restraint)  =    -12724.6976
 Ewald error estimate:   0.2165E-03
 ------------------------------------------------------------------------------


 NSTEP =     5000   TIME(PS) =      10.000  TEMP(K) =   298.38  PRESS =     0.0
 Etot   =    -10721.6677  EKtot   =      1927.0796  EPtot      =    -12648.7473
 BOND   =         4.4263  ANGLE   =        17.0870  DIHED      =        14.5374
 1-4 NB =        12.6245  1-4 EEL =      -666.2067  VDWAALS    =      2266.1034
 EELEC  =    -14303.8000  EHBOND  =         0.0000  RESTRAINT  =         6.4810
 EAMBER (non-restraint)  =    -12655.2282
 Ewald error estimate:   0.2337E-04
 ------------------------------------------------------------------------------


 NSTEP =     5500   TIME(PS) =      11.000  TEMP(K) =   297.86  PRESS =     0.0
 Etot   =    -10628.9474  EKtot   =      1923.7022  EPtot      =    -12552.6495
 BOND   =         5.7418  ANGLE   =        12.5135  DIHED      =        13.1148
 1-4 NB =        12.8121  1-4 EEL =      -665.4163  VDWAALS    =      2216.6536
 EELEC  =    -14156.0364  EHBOND  =         0.0000  RESTRAINT  =         7.9674
 EAMBER (non-restraint)  =    -12560.6170
 Ewald error estimate:   0.9933E-04
 ------------------------------------------------------------------------------


 NSTEP =     6000   TIME(PS) =      12.000  TEMP(K) =   300.37  PRESS =     0.0
 Etot   =    -10660.3422  EKtot   =      1939.9035  EPtot      =    -12600.2456
 BOND   =         7.3210  ANGLE   =        13.4168  DIHED      =        17.8792
 1-4 NB =        14.7832  1-4 EEL =      -672.1757  VDWAALS    =      2171.9497
 EELEC  =    -14162.2350  EHBOND  =         0.0000  RESTRAINT  =         8.8152
 EAMBER (non-restraint)  =    -12609.0608
 Ewald error estimate:   0.7781E-04
 ------------------------------------------------------------------------------


 NSTEP =     6500   TIME(PS) =      13.000  TEMP(K) =   297.13  PRESS =     0.0
 Etot   =    -10676.4536  EKtot   =      1918.9662  EPtot      =    -12595.4198
 BOND   =         9.9780  ANGLE   =        15.1670  DIHED      =        15.4696
 1-4 NB =        15.2936  1-4 EEL =      -675.3155  VDWAALS    =      2242.7698
 EELEC  =    -14226.5686  EHBOND  =         0.0000  RESTRAINT  =         7.7863
 EAMBER (non-restraint)  =    -12603.2061
 Ewald error estimate:   0.1217E-03
 ------------------------------------------------------------------------------


 NSTEP =     7000   TIME(PS) =      14.000  TEMP(K) =   296.88  PRESS =     0.0
 Etot   =    -10709.6383  EKtot   =      1917.3704  EPtot      =    -12627.0087
 BOND   =         4.1163  ANGLE   =        18.5116  DIHED      =        13.8064
 1-4 NB =        11.6116  1-4 EEL =      -664.7893  VDWAALS    =      2321.2520
 EELEC  =    -14338.0961  EHBOND  =         0.0000  RESTRAINT  =         6.5788
 EAMBER (non-restraint)  =    -12633.5875
 Ewald error estimate:   0.7984E-05
 ------------------------------------------------------------------------------


 NSTEP =     7500   TIME(PS) =      15.000  TEMP(K) =   292.77  PRESS =     0.0
 Etot   =    -10655.0462  EKtot   =      1890.7975  EPtot      =    -12545.8437
 BOND   =        12.2300  ANGLE   =        12.9087  DIHED      =        14.6861
 1-4 NB =        13.7468  1-4 EEL =      -674.6942  VDWAALS    =      2290.6487
 EELEC  =    -14220.4361  EHBOND  =         0.0000  RESTRAINT  =         5.0662
 EAMBER (non-restraint)  =    -12550.9099
 Ewald error estimate:   0.1890E-03
 ------------------------------------------------------------------------------


 NSTEP =     8000   TIME(PS) =      16.000  TEMP(K) =   300.16  PRESS =     0.0
 Etot   =    -10631.4825  EKtot   =      1938.5216  EPtot      =    -12570.0041
 BOND   =         6.4424  ANGLE   =        14.1636  DIHED      =        17.3593
 1-4 NB =        11.6504  1-4 EEL =      -666.7982  VDWAALS    =      2353.3975
 EELEC  =    -14313.0688  EHBOND  =         0.0000  RESTRAINT  =         6.8496
 EAMBER (non-restraint)  =    -12576.8538
 Ewald error estimate:   0.1245E-03
 ------------------------------------------------------------------------------


 NSTEP =     8500   TIME(PS) =      17.000  TEMP(K) =   311.40  PRESS =     0.0
 Etot   =    -10520.1910  EKtot   =      2011.1062  EPtot      =    -12531.2973
 BOND   =        11.8409  ANGLE   =        16.1512  DIHED      =        14.9749
 1-4 NB =        14.7313  1-4 EEL =      -678.7014  VDWAALS    =      2243.6923
 EELEC  =    -14162.0082  EHBOND  =         0.0000  RESTRAINT  =         8.0218
 EAMBER (non-restraint)  =    -12539.3191
 Ewald error estimate:   0.1051E-03
 ------------------------------------------------------------------------------


 NSTEP =     9000   TIME(PS) =      18.000  TEMP(K) =   291.57  PRESS =     0.0
 Etot   =    -10534.1951  EKtot   =      1883.0490  EPtot      =    -12417.2441
 BOND   =         9.3832  ANGLE   =        18.3539  DIHED      =        20.7324
 1-4 NB =        15.1879  1-4 EEL =      -679.3065  VDWAALS    =      2124.8027
 EELEC  =    -13933.3988  EHBOND  =         0.0000  RESTRAINT  =         7.0012
 EAMBER (non-restraint)  =    -12424.2453
 Ewald error estimate:   0.4888E-03
 ------------------------------------------------------------------------------


 NSTEP =     9500   TIME(PS) =      19.000  TEMP(K) =   299.80  PRESS =     0.0
 Etot   =    -10662.4645  EKtot   =      1936.2418  EPtot      =    -12598.7062
 BOND   =         5.9229  ANGLE   =         9.9343  DIHED      =        13.0438
 1-4 NB =        12.0407  1-4 EEL =      -664.1989  VDWAALS    =      2257.8185
 EELEC  =    -14238.0392  EHBOND  =         0.0000  RESTRAINT  =         4.7716
 EAMBER (non-restraint)  =    -12603.4779
 Ewald error estimate:   0.2009E-03
 ------------------------------------------------------------------------------


 NSTEP =    10000   TIME(PS) =      20.000  TEMP(K) =   302.85  PRESS =     0.0
 Etot   =    -10563.0773  EKtot   =      1955.8927  EPtot      =    -12518.9701
 BOND   =         6.0400  ANGLE   =        13.6402  DIHED      =        11.2365
 1-4 NB =        13.3234  1-4 EEL =      -661.2718  VDWAALS    =      2176.2183
 EELEC  =    -14085.3885  EHBOND  =         0.0000  RESTRAINT  =         7.2319
 EAMBER (non-restraint)  =    -12526.2019
 Ewald error estimate:   0.1662E-03
 ------------------------------------------------------------------------------


      A V E R A G E S   O V E R      20 S T E P S


 NSTEP =    10000   TIME(PS) =      20.000  TEMP(K) =   294.28  PRESS =     0.0
 Etot   =    -10752.7947  EKtot   =      1900.5743  EPtot      =    -12653.3691
 BOND   =         7.5302  ANGLE   =        14.2061  DIHED      =        15.0143
 1-4 NB =        13.1438  1-4 EEL =      -669.4921  VDWAALS    =      2285.9597
 EELEC  =    -14326.5831  EHBOND  =         0.0000  RESTRAINT  =         6.8521
 EAMBER (non-restraint)  =    -12660.2212
 Ewald error estimate:   0.1730E-03
 ------------------------------------------------------------------------------


      R M S  F L U C T U A T I O N S


 NSTEP =    10000   TIME(PS) =      20.000  TEMP(K) =    13.71  PRESS =     0.0
 Etot   =       224.4736  EKtot   =        88.5513  EPtot      =       147.0720
 BOND   =         2.8395  ANGLE   =         2.1076  DIHED      =         2.2551
 1-4 NB =         1.1518  1-4 EEL =         5.5535  VDWAALS    =        97.7727
 EELEC  =       232.1335  EHBOND  =         0.0000  RESTRAINT  =         1.7137
 EAMBER (non-restraint)  =       145.3583
 Ewald error estimate:   0.1318E-03
 ------------------------------------------------------------------------------

--------------------------------------------------------------------------------
   5.  TIMINGS
--------------------------------------------------------------------------------

|  NonSetup CPU Time in Major Routines, Average for All Tasks:
|
|     Routine           Sec        %
|     ------------------------------
|     DataDistrib       1.92   10.21
|     Nonbond          15.74   83.84
|     Bond              0.03    0.14
|     Angle             0.03    0.18
|     Dihedral          0.05    0.24
|     Shake             0.13    0.67
|     RunMD             0.86    4.58
|     Other             0.03    0.14
|     ------------------------------
|     Total            18.78

|  PME Nonbond Pairlist CPU Time, Average for All Tasks:
|
|     Routine              Sec        %
|     ---------------------------------
|     Set Up Cit           0.06    0.30
|     Build List           1.94   10.34
|     ---------------------------------
|     Total                2.00   10.64

|  PME Direct Force CPU Time, Average for All Tasks:
|
|     Routine              Sec        %
|     ---------------------------------
|     NonBonded Calc      10.49   55.86
|     Exclude Masked       0.13    0.72
|     Other                0.49    2.63
|     ---------------------------------
|     Total               11.12   59.21

|  PME Reciprocal Force CPU Time, Average for All Tasks:
|
|     Routine              Sec        %
|     ---------------------------------
|     1D bspline           0.22    1.17
|     Grid Charges         0.24    1.28
|     Scalar Sum           0.21    1.11
|     Gradient Sum         0.41    2.20
|     FFT                  1.48    7.90
|     ---------------------------------
|     Total                2.57   13.68

|  PME Load Balancing CPU Time, Average for All Tasks:
|
|     Routine                 Sec        %
|     ------------------------------------
|     Atom Reassign           0.00    0.00
|     Image Reassign          0.00    0.01
|     FFT Reassign            0.00    0.00
|     ------------------------------------
|     Total                   0.00    0.01

|  Final Performance Info:
|     -----------------------------------------------------
|     Average timings for last   10000 steps:
|     Elapsed(s) =      18.79 Per Step(ms) =       1.88
|         ns/day =      91.95   seconds/ns =     939.65
|
|     Average timings for all steps:
|     Elapsed(s) =      18.79 Per Step(ms) =       1.88
|         ns/day =      91.95   seconds/ns =     939.65
|     -----------------------------------------------------

|  Master Setup CPU time:            0.03 seconds
|  Master NonSetup CPU time:        18.72 seconds
|  Master Total CPU time:           18.75 seconds     0.01 hours

|  Master Setup wall time:           0    seconds
|  Master NonSetup wall time:       19    seconds
|  Master Total wall time:          19    seconds     0.01 hours
