
          -------------------------------------------------------
          Amber 18 PMEMD                              2018
          -------------------------------------------------------

| PMEMD implementation of SANDER, Release 18

| Run on 03/14/2022 at 21:28:31

|   Executable path: pmemd.MPI
| Working directory: /bgfs/lchong/dty7/ff15ipq-lig/charges/gaff_01/GenConformers/Conf15
|          Hostname: smp-n123

  [-O]verwriting output

File Assignments:
|   MDIN: ../../../amber/6.3_eq2.in                                             
|  MDOUT: 6.3_eq2.out                                                           
| INPCRD: 6.2_eq1.rst                                                           
|   PARM: ../../mon.top                                                         
| RESTRT: 6.3_eq2.rst                                                           
|   REFC: 6.2_eq1.rst                                                           
|  MDVEL: mdvel                                                                 
|   MDEN: mden                                                                  
|  MDCRD: mdcrd                                                                 
| MDINFO: mdinfo                                                                
|LOGFILE: logfile                                                               
|  MDFRC: mdfrc                                                                 

 
 Here is the input file:
 
&cntrl                                                                         
  imin      = 0,                                                               
  irest     = 1,                                                               
  ntx       = 5,                                                               
  ig        = -1,                                                              
  dt        = 0.002,                                                           
  nstlim    = 50000,                                                           
  nscm      = 500,                                                             
  ntr       = 1,                                                               
  restraintmask = ':1',                                                        
  restraint_wt  = 10.0,                                                        
  ntb       = 2,                                                               
  ntp       = 1,                                                               
  barostat  = 2,                                                               
  pres0     = 1.0,                                                             
  mcbarint  = 100,                                                             
  comp      = 44.6,                                                            
  taup      = 1.0,                                                             
  ntt       = 3,                                                               
  temp0     = 298.0,                                                           
  gamma_ln  = 1.0,                                                             
  ntf       = 2,                                                               
  ntc       = 2,                                                               
  cut       = 10.0,                                                            
  ntpr      = 500,                                                             
  ntxo      = 1,                                                               
  ntwr      = 50000,                                                           
  ioutfm    = 1,                                                               
  ntwx      = 500,                                                             
  iwrap     = 1,                                                               
&end                                                                           


Note: ig = -1. Setting random seed to   245971 based on wallclock time in
      microseconds and disabling the synchronization of random numbers 
      between tasks to improve performance.
| irandom = 1, using AMBER's internal random number generator (default).
 
 
| Conditional Compilation Defines Used:
| MPI
| FFTW_FFT
| BINTRAJ
| MKL
| EMIL
 
| Largest sphere to fit in unit cell has radius =    14.757

| New format PARM file being parsed.
| Version =    1.000 Date = 03/14/22 Time = 17:48:27

| Note: 1-4 EEL scale factors are being read from the topology file.

| Note: 1-4 VDW scale factors are being read from the topology file.
| Duplicated    0 dihedrals

| Duplicated    0 dihedrals

--------------------------------------------------------------------------------
   1.  RESOURCE   USE: 
--------------------------------------------------------------------------------

 getting box info from netcdf restart file
 NATOM  =    3240 NTYPES =      13 NBONH =    3220 MBONA  =      21
 NTHETH =      33 MTHETA =      29 NPHIH =      60 MPHIA  =      45
 NHPARM =       0 NPARM  =       0 NNB   =    4456 NRES   =    1069
 NBONA  =      21 NTHETA =      29 NPHIA =      45 NUMBND =      22
 NUMANG =      35 NPTRA  =      18 NATYP =      17 NPHB   =       0
 IFBOX  =       2 NMXRS  =      36 IFCAP =       0 NEXTRA =       0
 NCOPY  =       0

| Coordinate Index Table dimensions:     5    5    5
| Direct force subcell size =     7.2295    7.2295    7.2295

     BOX TYPE: TRUNCATED OCTAHEDRON

--------------------------------------------------------------------------------
   2.  CONTROL  DATA  FOR  THE  RUN
--------------------------------------------------------------------------------

default_name                                                                    

General flags:
     imin    =       0, nmropt  =       0

Nature and format of input:
     ntx     =       5, irest   =       1, ntrx    =       1

Nature and format of output:
     ntxo    =       1, ntpr    =     500, ntrx    =       1, ntwr    =   50000
     iwrap   =       1, ntwx    =     500, ntwv    =       0, ntwe    =       0
     ioutfm  =       1, ntwprt  =       0, idecomp =       0, rbornstat=      0

Potential function:
     ntf     =       2, ntb     =       2, igb     =       0, nsnb    =      25
     ipol    =       0, gbsa    =       0, iesp    =       0
     dielc   =   1.00000, cut     =  10.00000, intdiel =   1.00000

Frozen or restrained atoms:
     ibelly  =       0, ntr     =       1
     restraint_wt =  10.00000

Molecular dynamics:
     nstlim  =     50000, nscm    =         0, nrespa  =         1
     t       =   0.00000, dt      =   0.00200, vlimit  =  20.00000

Langevin dynamics temperature regulation:
     ig      =  245971
     temp0   = 298.00000, tempi   =   0.00000, gamma_ln=   1.00000

Pressure regulation:
     ntp     =       1
     pres0   =   1.00000, comp    =  44.60000, taup    =   1.00000
     Monte-Carlo Barostat:
     mcbarint  =     100

SHAKE:
     ntc     =       2, jfastw  =       0
     tol     =   0.00001

| Intermolecular bonds treatment:
|     no_intermolecular_bonds =       1

| Energy averages sample interval:
|     ene_avg_sampling =     500

Ewald parameters:
     verbose =       0, ew_type =       0, nbflag  =       1, use_pme =       1
     vdwmeth =       1, eedmeth =       1, netfrc  =       1
     Box X =   36.148   Box Y =   36.148   Box Z =   36.148
     Alpha =  109.471   Beta  =  109.471   Gamma =  109.471
     NFFT1 =   40       NFFT2 =   40       NFFT3 =   40
     Cutoff=   10.000   Tol   =0.100E-04
     Ewald Coefficient =  0.27511
     Interpolation order =    4

| PMEMD ewald parallel performance parameters:
|     block_fft =    0
|     fft_blk_y_divisor =    2
|     excl_recip =    0
|     excl_master =    0
|     atm_redist_freq =  320

    LOADING THE CONSTRAINED ATOMS AS GROUPS


   5.  REFERENCE ATOM COORDINATES

  default_name                                                                    
     Mask :1; matches    36 atoms
| MONTE CARLO BAROSTAT IMPORTANT NOTE:
|   The Monte-Carlo barostat does not require the virial to adjust the system volume.
|   Since it is an expensive calculation, it is skipped for efficiency. A side-effect
|   is that the reported pressure is always 0 because it is not calculated.

--------------------------------------------------------------------------------
   3.  ATOMIC COORDINATES AND VELOCITIES
--------------------------------------------------------------------------------

default_name                                                                    
 begin time read from input coords =    20.000 ps

 
 Number of triangulated 3-point waters found:     1068

     Sum of charges from parm topology file =  -0.00030117
     Forcing neutrality...

| Dynamic Memory, Types Used:
| Reals             1243214
| Integers           213778

| Nonbonded Pairs Initial Allocation:      317358

| Running AMBER/MPI version on    8 MPI task

 
--------------------------------------------------------------------------------
   4.  RESULTS
--------------------------------------------------------------------------------

 ---------------------------------------------------
 APPROXIMATING switch and d/dx switch using CUBIC SPLINE INTERPOLATION
 using   5000.0 points per unit in tabled values
 TESTING RELATIVE ERROR over r ranging from 0.0 to cutoff
| CHECK switch(x): max rel err =   0.3316E-14   at   2.351880
| CHECK d/dx switch(x): max rel err =   0.8066E-11   at   2.747240
 ---------------------------------------------------
|---------------------------------------------------
| APPROXIMATING direct energy using CUBIC SPLINE INTERPOLATION
|  with   50.0 points per unit in tabled values
| Relative Error Limit not exceeded for r .gt.   2.34
| APPROXIMATING direct force using CUBIC SPLINE INTERPOLATION
|  with   50.0 points per unit in tabled values
| Relative Error Limit not exceeded for r .gt.   2.81
|---------------------------------------------------
wrapping first mol.:      -24.02912       16.99116       29.42954

 NSTEP =      500   TIME(PS) =      21.000  TEMP(K) =   295.16  PRESS =     0.0
 Etot   =    -10739.6263  EKtot   =      1906.2516  EPtot      =    -12645.8779
 BOND   =         7.7046  ANGLE   =        14.2098  DIHED      =        15.2884
 1-4 NB =        12.8935  1-4 EEL =      -605.4567  VDWAALS    =      2192.8879
 EELEC  =    -14292.0248  EHBOND  =         0.0000  RESTRAINT  =         8.6193
 EAMBER (non-restraint)  =    -12654.4972
 EKCMT  =         0.0000  VIRIAL  =         0.0000  VOLUME     =     36046.6971
                                                    Density    =         0.8998
 Ewald error estimate:   0.2603E-03
 ------------------------------------------------------------------------------

wrapping first mol.:      -23.89377       16.89545       29.26378

 NSTEP =     1000   TIME(PS) =      22.000  TEMP(K) =   297.11  PRESS =     0.0
 Etot   =    -10726.8507  EKtot   =      1918.8542  EPtot      =    -12645.7049
 BOND   =         7.6046  ANGLE   =        17.9099  DIHED      =        16.8757
 1-4 NB =        13.1717  1-4 EEL =      -603.7866  VDWAALS    =      2254.1498
 EELEC  =    -14362.5379  EHBOND  =         0.0000  RESTRAINT  =        10.9079
 EAMBER (non-restraint)  =    -12656.6128
 EKCMT  =         0.0000  VIRIAL  =         0.0000  VOLUME     =     35441.0228
                                                    Density    =         0.9152
 Ewald error estimate:   0.7228E-04
 ------------------------------------------------------------------------------

wrapping first mol.:      -23.76863       16.80696       29.11051

 NSTEP =     1500   TIME(PS) =      23.000  TEMP(K) =   294.80  PRESS =     0.0
 Etot   =    -10720.6727  EKtot   =      1903.9515  EPtot      =    -12624.6242
 BOND   =         8.6615  ANGLE   =        13.3660  DIHED      =        18.3620
 1-4 NB =        13.0687  1-4 EEL =      -606.0785  VDWAALS    =      2496.9931
 EELEC  =    -14579.1189  EHBOND  =         0.0000  RESTRAINT  =        10.1219
 EAMBER (non-restraint)  =    -12634.7461
 EKCMT  =         0.0000  VIRIAL  =         0.0000  VOLUME     =     34887.0715
                                                    Density    =         0.9298
 Ewald error estimate:   0.9298E-04
 ------------------------------------------------------------------------------

wrapping first mol.:      -23.66226       16.73175       28.98023

 NSTEP =     2000   TIME(PS) =      24.000  TEMP(K) =   296.90  PRESS =     0.0
 Etot   =    -10753.6839  EKtot   =      1917.5224  EPtot      =    -12671.2063
 BOND   =         6.8406  ANGLE   =        16.7122  DIHED      =        13.2628
 1-4 NB =        10.8227  1-4 EEL =      -599.1652  VDWAALS    =      2575.3101
 EELEC  =    -14702.3758  EHBOND  =         0.0000  RESTRAINT  =         7.3864
 EAMBER (non-restraint)  =    -12678.5927
 EKCMT  =         0.0000  VIRIAL  =         0.0000  VOLUME     =     34420.7751
                                                    Density    =         0.9424
 Ewald error estimate:   0.1623E-03
 ------------------------------------------------------------------------------

wrapping first mol.:      -23.61561       16.69876       28.92310

 NSTEP =     2500   TIME(PS) =      25.000  TEMP(K) =   297.02  PRESS =     0.0
 Etot   =    -10886.1197  EKtot   =      1918.2968  EPtot      =    -12804.4165
 BOND   =        11.2762  ANGLE   =        14.5783  DIHED      =        15.7013
 1-4 NB =        12.7994  1-4 EEL =      -604.5787  VDWAALS    =      2362.7913
 EELEC  =    -14626.5801  EHBOND  =         0.0000  RESTRAINT  =         9.5959
 EAMBER (non-restraint)  =    -12814.0124
 EKCMT  =         0.0000  VIRIAL  =         0.0000  VOLUME     =     34217.5858
                                                    Density    =         0.9480
 Ewald error estimate:   0.7489E-04
 ------------------------------------------------------------------------------

wrapping first mol.:      -23.58199       16.67499       28.88192

 NSTEP =     3000   TIME(PS) =      26.000  TEMP(K) =   295.00  PRESS =     0.0
 Etot   =    -10952.4195  EKtot   =      1905.1923  EPtot      =    -12857.6118
 BOND   =         6.6479  ANGLE   =        16.5819  DIHED      =        19.9640
 1-4 NB =        10.2321  1-4 EEL =      -599.7886  VDWAALS    =      2472.6255
 EELEC  =    -14793.9562  EHBOND  =         0.0000  RESTRAINT  =        10.0817
 EAMBER (non-restraint)  =    -12867.6935
 EKCMT  =         0.0000  VIRIAL  =         0.0000  VOLUME     =     34071.6532
                                                    Density    =         0.9520
 Ewald error estimate:   0.2992E-03
 ------------------------------------------------------------------------------

wrapping first mol.:      -23.45120       16.58251       28.72174

 NSTEP =     3500   TIME(PS) =      27.000  TEMP(K) =   301.90  PRESS =     0.0
 Etot   =    -10898.7702  EKtot   =      1949.7870  EPtot      =    -12848.5572
 BOND   =         6.5109  ANGLE   =        11.5699  DIHED      =        16.0651
 1-4 NB =        11.3736  1-4 EEL =      -604.6755  VDWAALS    =      2470.6225
 EELEC  =    -14767.3676  EHBOND  =         0.0000  RESTRAINT  =         7.3440
 EAMBER (non-restraint)  =    -12855.9012
 EKCMT  =         0.0000  VIRIAL  =         0.0000  VOLUME     =     33507.9115
                                                    Density    =         0.9680
 Ewald error estimate:   0.6922E-04
 ------------------------------------------------------------------------------

wrapping first mol.:      -23.42550       16.56434       28.69027

 NSTEP =     4000   TIME(PS) =      28.000  TEMP(K) =   299.26  PRESS =     0.0
 Etot   =    -10893.5554  EKtot   =      1932.7005  EPtot      =    -12826.2559
 BOND   =         6.7118  ANGLE   =        15.4332  DIHED      =        20.1674
 1-4 NB =        12.6751  1-4 EEL =      -602.8754  VDWAALS    =      2448.9571
 EELEC  =    -14734.8620  EHBOND  =         0.0000  RESTRAINT  =         7.5368
 EAMBER (non-restraint)  =    -12833.7927
 EKCMT  =         0.0000  VIRIAL  =         0.0000  VOLUME     =     33397.8721
                                                    Density    =         0.9712
 Ewald error estimate:   0.2281E-03
 ------------------------------------------------------------------------------

wrapping first mol.:      -23.32474       16.49309       28.56686

 NSTEP =     4500   TIME(PS) =      29.000  TEMP(K) =   298.08  PRESS =     0.0
 Etot   =    -10913.0388  EKtot   =      1925.1173  EPtot      =    -12838.1561
 BOND   =         6.4098  ANGLE   =        18.5457  DIHED      =        19.2706
 1-4 NB =        12.5410  1-4 EEL =      -603.3006  VDWAALS    =      2293.2164
 EELEC  =    -14591.5154  EHBOND  =         0.0000  RESTRAINT  =         6.6765
 EAMBER (non-restraint)  =    -12844.8326
 EKCMT  =         0.0000  VIRIAL  =         0.0000  VOLUME     =     32968.7464
                                                    Density    =         0.9839
 Ewald error estimate:   0.1359E-03
 ------------------------------------------------------------------------------

wrapping first mol.:      -23.21426       16.41496       28.43154

 NSTEP =     5000   TIME(PS) =      30.000  TEMP(K) =   298.37  PRESS =     0.0
 Etot   =    -10952.3980  EKtot   =      1926.9577  EPtot      =    -12879.3556
 BOND   =         6.1137  ANGLE   =        15.3968  DIHED      =        18.1709
 1-4 NB =        11.1297  1-4 EEL =      -602.5171  VDWAALS    =      2494.0187
 EELEC  =    -14830.0968  EHBOND  =         0.0000  RESTRAINT  =         8.4285
 EAMBER (non-restraint)  =    -12887.7842
 EKCMT  =         0.0000  VIRIAL  =         0.0000  VOLUME     =     32502.4678
                                                    Density    =         0.9980
 Ewald error estimate:   0.2535E-03
 ------------------------------------------------------------------------------

wrapping first mol.:      -23.20095       16.40555       28.41524

 NSTEP =     5500   TIME(PS) =      31.000  TEMP(K) =   298.57  PRESS =     0.0
 Etot   =    -10955.7443  EKtot   =      1928.2453  EPtot      =    -12883.9896
 BOND   =         7.6896  ANGLE   =        12.8178  DIHED      =        16.0608
 1-4 NB =        11.6373  1-4 EEL =      -603.6572  VDWAALS    =      2519.4219
 EELEC  =    -14856.5042  EHBOND  =         0.0000  RESTRAINT  =         8.5444
 EAMBER (non-restraint)  =    -12892.5340
 EKCMT  =         0.0000  VIRIAL  =         0.0000  VOLUME     =     32446.5924
                                                    Density    =         0.9997
 Ewald error estimate:   0.2228E-03
 ------------------------------------------------------------------------------

wrapping first mol.:      -23.17495       16.38717       28.38341

 NSTEP =     6000   TIME(PS) =      32.000  TEMP(K) =   289.68  PRESS =     0.0
 Etot   =    -11019.0372  EKtot   =      1870.8392  EPtot      =    -12889.8764
 BOND   =         4.9684  ANGLE   =        19.1942  DIHED      =        19.7203
 1-4 NB =        13.3955  1-4 EEL =      -608.2902  VDWAALS    =      2581.4312
 EELEC  =    -14928.3888  EHBOND  =         0.0000  RESTRAINT  =         8.0929
 EAMBER (non-restraint)  =    -12897.9693
 EKCMT  =         0.0000  VIRIAL  =         0.0000  VOLUME     =     32337.6610
                                                    Density    =         1.0031
 Ewald error estimate:   0.1399E-03
 ------------------------------------------------------------------------------

wrapping first mol.:      -23.14190       16.36380       28.34292

 NSTEP =     6500   TIME(PS) =      33.000  TEMP(K) =   292.81  PRESS =     0.0
 Etot   =    -10987.3055  EKtot   =      1891.0797  EPtot      =    -12878.3852
 BOND   =         7.3770  ANGLE   =        18.6739  DIHED      =        17.7691
 1-4 NB =        12.4747  1-4 EEL =      -605.5928  VDWAALS    =      2588.7978
 EELEC  =    -14926.3193  EHBOND  =         0.0000  RESTRAINT  =         8.4344
 EAMBER (non-restraint)  =    -12886.8196
 EKCMT  =         0.0000  VIRIAL  =         0.0000  VOLUME     =     32199.4826
                                                    Density    =         1.0074
 Ewald error estimate:   0.1200E-03
 ------------------------------------------------------------------------------

wrapping first mol.:      -23.13501       16.35892       28.33448

 NSTEP =     7000   TIME(PS) =      34.000  TEMP(K) =   303.21  PRESS =     0.0
 Etot   =    -10889.7437  EKtot   =      1958.2118  EPtot      =    -12847.9555
 BOND   =         3.0030  ANGLE   =        16.4099  DIHED      =        16.0952
 1-4 NB =        10.1422  1-4 EEL =      -601.6265  VDWAALS    =      2616.9801
 EELEC  =    -14919.1083  EHBOND  =         0.0000  RESTRAINT  =        10.1489
 EAMBER (non-restraint)  =    -12858.1044
 EKCMT  =         0.0000  VIRIAL  =         0.0000  VOLUME     =     32170.7286
                                                    Density    =         1.0083
 Ewald error estimate:   0.2839E-03
 ------------------------------------------------------------------------------

wrapping first mol.:      -23.17488       16.38712       28.38332

 NSTEP =     7500   TIME(PS) =      35.000  TEMP(K) =   300.74  PRESS =     0.0
 Etot   =    -10978.8275  EKtot   =      1942.2831  EPtot      =    -12921.1106
 BOND   =         7.9332  ANGLE   =        16.6500  DIHED      =        14.2928
 1-4 NB =        11.3763  1-4 EEL =      -600.3150  VDWAALS    =      2461.2692
 EELEC  =    -14838.8280  EHBOND  =         0.0000  RESTRAINT  =         6.5110
 EAMBER (non-restraint)  =    -12927.6216
 EKCMT  =         0.0000  VIRIAL  =         0.0000  VOLUME     =     32337.3635
                                                    Density    =         1.0031
 Ewald error estimate:   0.1995E-03
 ------------------------------------------------------------------------------

wrapping first mol.:      -23.17630       16.38813       28.38506

 NSTEP =     8000   TIME(PS) =      36.000  TEMP(K) =   305.62  PRESS =     0.0
 Etot   =    -10872.6713  EKtot   =      1973.8339  EPtot      =    -12846.5052
 BOND   =         5.7191  ANGLE   =        15.7272  DIHED      =        16.2407
 1-4 NB =        12.3690  1-4 EEL =      -602.6336  VDWAALS    =      2537.6113
 EELEC  =    -14838.7572  EHBOND  =         0.0000  RESTRAINT  =         7.2183
 EAMBER (non-restraint)  =    -12853.7234
 EKCMT  =         0.0000  VIRIAL  =         0.0000  VOLUME     =     32343.3167
                                                    Density    =         1.0029
 Ewald error estimate:   0.3908E-03
 ------------------------------------------------------------------------------

wrapping first mol.:      -23.17931       16.39025       28.38874

 NSTEP =     8500   TIME(PS) =      37.000  TEMP(K) =   298.60  PRESS =     0.0
 Etot   =    -10914.4465  EKtot   =      1928.4383  EPtot      =    -12842.8848
 BOND   =         5.4630  ANGLE   =        15.9225  DIHED      =        21.3747
 1-4 NB =        11.7551  1-4 EEL =      -599.3048  VDWAALS    =      2384.9550
 EELEC  =    -14694.0372  EHBOND  =         0.0000  RESTRAINT  =        10.9869
 EAMBER (non-restraint)  =    -12853.8717
 EKCMT  =         0.0000  VIRIAL  =         0.0000  VOLUME     =     32355.8867
                                                    Density    =         1.0025
 Ewald error estimate:   0.5902E-04
 ------------------------------------------------------------------------------

wrapping first mol.:      -23.11085       16.34184       28.30490

 NSTEP =     9000   TIME(PS) =      38.000  TEMP(K) =   297.51  PRESS =     0.0
 Etot   =    -11006.5882  EKtot   =      1921.4137  EPtot      =    -12928.0020
 BOND   =         5.8973  ANGLE   =        18.7260  DIHED      =        20.1103
 1-4 NB =        11.6418  1-4 EEL =      -603.3933  VDWAALS    =      2570.9420
 EELEC  =    -14964.1231  EHBOND  =         0.0000  RESTRAINT  =        12.1971
 EAMBER (non-restraint)  =    -12940.1990
 EKCMT  =         0.0000  VIRIAL  =         0.0000  VOLUME     =     32070.0649
                                                    Density    =         1.0114
 Ewald error estimate:   0.3262E-03
 ------------------------------------------------------------------------------

wrapping first mol.:      -23.17710       16.38869       28.38604

 NSTEP =     9500   TIME(PS) =      39.000  TEMP(K) =   294.12  PRESS =     0.0
 Etot   =    -10958.4095  EKtot   =      1899.5242  EPtot      =    -12857.9338
 BOND   =         6.1565  ANGLE   =        13.3519  DIHED      =        14.7509
 1-4 NB =        11.3653  1-4 EEL =      -600.9855  VDWAALS    =      2485.7857
 EELEC  =    -14794.5183  EHBOND  =         0.0000  RESTRAINT  =         6.1598
 EAMBER (non-restraint)  =    -12864.0936
 EKCMT  =         0.0000  VIRIAL  =         0.0000  VOLUME     =     32346.6646
                                                    Density    =         1.0028
 Ewald error estimate:   0.2824E-03
 ------------------------------------------------------------------------------

wrapping first mol.:      -23.21459       16.41520       28.43195

 NSTEP =    10000   TIME(PS) =      40.000  TEMP(K) =   306.07  PRESS =     0.0
 Etot   =    -10828.5865  EKtot   =      1976.6895  EPtot      =    -12805.2759
 BOND   =         5.5930  ANGLE   =        13.1549  DIHED      =        15.2656
 1-4 NB =        12.3016  1-4 EEL =      -598.8067  VDWAALS    =      2533.2097
 EELEC  =    -14794.3768  EHBOND  =         0.0000  RESTRAINT  =         8.3827
 EAMBER (non-restraint)  =    -12813.6586
 EKCMT  =         0.0000  VIRIAL  =         0.0000  VOLUME     =     32503.8555
                                                    Density    =         0.9979
 Ewald error estimate:   0.7162E-04
 ------------------------------------------------------------------------------

wrapping first mol.:      -23.18856       16.39679       28.40007

 NSTEP =    10500   TIME(PS) =      41.000  TEMP(K) =   300.50  PRESS =     0.0
 Etot   =    -10872.0398  EKtot   =      1940.7416  EPtot      =    -12812.7815
 BOND   =         7.0518  ANGLE   =        11.4374  DIHED      =        17.9241
 1-4 NB =        11.7952  1-4 EEL =      -604.5300  VDWAALS    =      2457.8301
 EELEC  =    -14725.6379  EHBOND  =         0.0000  RESTRAINT  =        11.3478
 EAMBER (non-restraint)  =    -12824.1292
 EKCMT  =         0.0000  VIRIAL  =         0.0000  VOLUME     =     32394.6506
                                                    Density    =         1.0013
 Ewald error estimate:   0.6651E-04
 ------------------------------------------------------------------------------

wrapping first mol.:      -23.16808       16.38231       28.37500

 NSTEP =    11000   TIME(PS) =      42.000  TEMP(K) =   296.24  PRESS =     0.0
 Etot   =    -10932.2815  EKtot   =      1913.2215  EPtot      =    -12845.5030
 BOND   =         3.8280  ANGLE   =        13.6031  DIHED      =        19.3645
 1-4 NB =        11.0123  1-4 EEL =      -595.6056  VDWAALS    =      2473.5141
 EELEC  =    -14778.4147  EHBOND  =         0.0000  RESTRAINT  =         7.1951
 EAMBER (non-restraint)  =    -12852.6982
 EKCMT  =         0.0000  VIRIAL  =         0.0000  VOLUME     =     32308.9165
                                                    Density    =         1.0040
 Ewald error estimate:   0.7947E-04
 ------------------------------------------------------------------------------

wrapping first mol.:      -23.07123       16.31382       28.25637

 NSTEP =    11500   TIME(PS) =      43.000  TEMP(K) =   300.67  PRESS =     0.0
 Etot   =    -10872.8630  EKtot   =      1941.8245  EPtot      =    -12814.6875
 BOND   =         8.4342  ANGLE   =        17.8009  DIHED      =        17.5040
 1-4 NB =        12.3907  1-4 EEL =      -609.0814  VDWAALS    =      2534.0062
 EELEC  =    -14804.4098  EHBOND  =         0.0000  RESTRAINT  =         8.6679
 EAMBER (non-restraint)  =    -12823.3553
 EKCMT  =         0.0000  VIRIAL  =         0.0000  VOLUME     =     31905.3900
                                                    Density    =         1.0166
 Ewald error estimate:   0.4252E-03
 ------------------------------------------------------------------------------

wrapping first mol.:      -23.03110       16.28545       28.20722

 NSTEP =    12000   TIME(PS) =      44.000  TEMP(K) =   299.99  PRESS =     0.0
 Etot   =    -10947.2662  EKtot   =      1937.4468  EPtot      =    -12884.7130
 BOND   =         4.7956  ANGLE   =        13.0250  DIHED      =        17.1550
 1-4 NB =        11.4165  1-4 EEL =      -597.2888  VDWAALS    =      2586.5605
 EELEC  =    -14928.4582  EHBOND  =         0.0000  RESTRAINT  =         8.0814
 EAMBER (non-restraint)  =    -12892.7944
 EKCMT  =         0.0000  VIRIAL  =         0.0000  VOLUME     =     31739.1883
                                                    Density    =         1.0220
 Ewald error estimate:   0.5222E-04
 ------------------------------------------------------------------------------

wrapping first mol.:      -23.00772       16.26892       28.17859

 NSTEP =    12500   TIME(PS) =      45.000  TEMP(K) =   299.20  PRESS =     0.0
 Etot   =    -10935.4665  EKtot   =      1932.3306  EPtot      =    -12867.7971
 BOND   =         2.9340  ANGLE   =        16.1216  DIHED      =        15.3524
 1-4 NB =        11.8578  1-4 EEL =      -603.9285  VDWAALS    =      2521.5515
 EELEC  =    -14839.5880  EHBOND  =         0.0000  RESTRAINT  =         7.9022
 EAMBER (non-restraint)  =    -12875.6992
 EKCMT  =         0.0000  VIRIAL  =         0.0000  VOLUME     =     31642.6310
                                                    Density    =         1.0251
 Ewald error estimate:   0.1095E-03
 ------------------------------------------------------------------------------

wrapping first mol.:      -23.10010       16.33424       28.29173

 NSTEP =    13000   TIME(PS) =      46.000  TEMP(K) =   301.15  PRESS =     0.0
 Etot   =    -10926.6552  EKtot   =      1944.9486  EPtot      =    -12871.6038
 BOND   =         8.0161  ANGLE   =        17.4298  DIHED      =        19.5943
 1-4 NB =        11.7701  1-4 EEL =      -605.1383  VDWAALS    =      2438.5792
 EELEC  =    -14772.4504  EHBOND  =         0.0000  RESTRAINT  =        10.5953
 EAMBER (non-restraint)  =    -12882.1991
 EKCMT  =         0.0000  VIRIAL  =         0.0000  VOLUME     =     32025.3327
                                                    Density    =         1.0128
 Ewald error estimate:   0.1039E-03
 ------------------------------------------------------------------------------

wrapping first mol.:      -23.15837       16.37544       28.36310

 NSTEP =    13500   TIME(PS) =      47.000  TEMP(K) =   300.48  PRESS =     0.0
 Etot   =    -10932.6151  EKtot   =      1940.5894  EPtot      =    -12873.2044
 BOND   =         7.4056  ANGLE   =        18.6853  DIHED      =        16.9590
 1-4 NB =         9.6947  1-4 EEL =      -596.0685  VDWAALS    =      2472.2503
 EELEC  =    -14812.9571  EHBOND  =         0.0000  RESTRAINT  =        10.8263
 EAMBER (non-restraint)  =    -12884.0307
 EKCMT  =         0.0000  VIRIAL  =         0.0000  VOLUME     =     32268.2949
                                                    Density    =         1.0052
 Ewald error estimate:   0.3639E-03
 ------------------------------------------------------------------------------

wrapping first mol.:      -23.10005       16.33420       28.29167

 NSTEP =    14000   TIME(PS) =      48.000  TEMP(K) =   292.00  PRESS =     0.0
 Etot   =    -11028.0511  EKtot   =      1885.8353  EPtot      =    -12913.8864
 BOND   =        13.1231  ANGLE   =        16.4967  DIHED      =        18.2217
 1-4 NB =        10.3807  1-4 EEL =      -601.5273  VDWAALS    =      2549.3776
 EELEC  =    -14930.5425  EHBOND  =         0.0000  RESTRAINT  =        10.5836
 EAMBER (non-restraint)  =    -12924.4700
 EKCMT  =         0.0000  VIRIAL  =         0.0000  VOLUME     =     32025.1083
                                                    Density    =         1.0128
 Ewald error estimate:   0.2580E-03
 ------------------------------------------------------------------------------

wrapping first mol.:      -23.08453       16.32323       28.27266

 NSTEP =    14500   TIME(PS) =      49.000  TEMP(K) =   289.52  PRESS =     0.0
 Etot   =    -10997.9133  EKtot   =      1869.8448  EPtot      =    -12867.7581
 BOND   =        10.6015  ANGLE   =        12.3853  DIHED      =        16.2131
 1-4 NB =        13.0782  1-4 EEL =      -607.6621  VDWAALS    =      2494.4664
 EELEC  =    -14818.0820  EHBOND  =         0.0000  RESTRAINT  =        11.2415
 EAMBER (non-restraint)  =    -12878.9995
 EKCMT  =         0.0000  VIRIAL  =         0.0000  VOLUME     =     31960.6116
                                                    Density    =         1.0149
 Ewald error estimate:   0.3297E-04
 ------------------------------------------------------------------------------

wrapping first mol.:      -23.08177       16.32128       28.26929

 NSTEP =    15000   TIME(PS) =      50.000  TEMP(K) =   300.20  PRESS =     0.0
 Etot   =    -10933.4006  EKtot   =      1938.8163  EPtot      =    -12872.2169
 BOND   =         7.2537  ANGLE   =        14.0073  DIHED      =        14.7487
 1-4 NB =        11.2615  1-4 EEL =      -600.7447  VDWAALS    =      2564.3570
 EELEC  =    -14891.8273  EHBOND  =         0.0000  RESTRAINT  =         8.7269
 EAMBER (non-restraint)  =    -12880.9438
 EKCMT  =         0.0000  VIRIAL  =         0.0000  VOLUME     =     31949.1720
                                                    Density    =         1.0153
 Ewald error estimate:   0.8810E-04
 ------------------------------------------------------------------------------

wrapping first mol.:      -23.11113       16.34204       28.30524

 NSTEP =    15500   TIME(PS) =      51.000  TEMP(K) =   292.83  PRESS =     0.0
 Etot   =    -11020.0265  EKtot   =      1891.2038  EPtot      =    -12911.2303
 BOND   =         5.1333  ANGLE   =        15.6414  DIHED      =        17.0125
 1-4 NB =        11.5606  1-4 EEL =      -605.5884  VDWAALS    =      2382.5460
 EELEC  =    -14746.8347  EHBOND  =         0.0000  RESTRAINT  =         9.2988
 EAMBER (non-restraint)  =    -12920.5291
 EKCMT  =         0.0000  VIRIAL  =         0.0000  VOLUME     =     32071.2141
                                                    Density    =         1.0114
 Ewald error estimate:   0.2801E-03
 ------------------------------------------------------------------------------

wrapping first mol.:      -23.05798       16.30446       28.24014

 NSTEP =    16000   TIME(PS) =      52.000  TEMP(K) =   291.55  PRESS =     0.0
 Etot   =    -10997.6058  EKtot   =      1882.9177  EPtot      =    -12880.5234
 BOND   =         5.5791  ANGLE   =        12.2819  DIHED      =        14.0260
 1-4 NB =        10.9897  1-4 EEL =      -598.6924  VDWAALS    =      2489.2297
 EELEC  =    -14821.6614  EHBOND  =         0.0000  RESTRAINT  =         7.7239
 EAMBER (non-restraint)  =    -12888.2474
 EKCMT  =         0.0000  VIRIAL  =         0.0000  VOLUME     =     31850.4532
                                                    Density    =         1.0184
 Ewald error estimate:   0.4152E-03
 ------------------------------------------------------------------------------

wrapping first mol.:      -23.03683       16.28950       28.21424

 NSTEP =    16500   TIME(PS) =      53.000  TEMP(K) =   286.02  PRESS =     0.0
 Etot   =    -11010.2626  EKtot   =      1847.2320  EPtot      =    -12857.4946
 BOND   =         4.3962  ANGLE   =        15.7841  DIHED      =        18.6470
 1-4 NB =        12.2229  1-4 EEL =      -603.1402  VDWAALS    =      2492.1026
 EELEC  =    -14803.2710  EHBOND  =         0.0000  RESTRAINT  =         5.7637
 EAMBER (non-restraint)  =    -12863.2584
 EKCMT  =         0.0000  VIRIAL  =         0.0000  VOLUME     =     31762.8858
                                                    Density    =         1.0212
 Ewald error estimate:   0.4843E-03
 ------------------------------------------------------------------------------

wrapping first mol.:      -23.07689       16.31783       28.26330

 NSTEP =    17000   TIME(PS) =      54.000  TEMP(K) =   302.53  PRESS =     0.0
 Etot   =    -10906.1811  EKtot   =      1953.8793  EPtot      =    -12860.0605
 BOND   =         5.7521  ANGLE   =        15.8432  DIHED      =        15.2624
 1-4 NB =        10.3534  1-4 EEL =      -598.8419  VDWAALS    =      2356.5374
 EELEC  =    -14673.5326  EHBOND  =         0.0000  RESTRAINT  =         8.5655
 EAMBER (non-restraint)  =    -12868.6260
 EKCMT  =         0.0000  VIRIAL  =         0.0000  VOLUME     =     31928.8845
                                                    Density    =         1.0159
 Ewald error estimate:   0.7857E-04
 ------------------------------------------------------------------------------

wrapping first mol.:      -23.07848       16.31896       28.26526

 NSTEP =    17500   TIME(PS) =      55.000  TEMP(K) =   303.39  PRESS =     0.0
 Etot   =    -10977.4608  EKtot   =      1959.3742  EPtot      =    -12936.8349
 BOND   =         8.2799  ANGLE   =        13.7495  DIHED      =        13.6108
 1-4 NB =        10.5991  1-4 EEL =      -601.8647  VDWAALS    =      2410.4470
 EELEC  =    -14800.4666  EHBOND  =         0.0000  RESTRAINT  =         8.8102
 EAMBER (non-restraint)  =    -12945.6452
 EKCMT  =         0.0000  VIRIAL  =         0.0000  VOLUME     =     31935.5133
                                                    Density    =         1.0157
 Ewald error estimate:   0.2290E-03
 ------------------------------------------------------------------------------

wrapping first mol.:      -23.04597       16.29597       28.22544

 NSTEP =    18000   TIME(PS) =      56.000  TEMP(K) =   293.07  PRESS =     0.0
 Etot   =    -10969.1723  EKtot   =      1892.7796  EPtot      =    -12861.9519
 BOND   =        13.6865  ANGLE   =        12.7778  DIHED      =        17.4697
 1-4 NB =        12.1576  1-4 EEL =      -606.0716  VDWAALS    =      2529.7871
 EELEC  =    -14853.5135  EHBOND  =         0.0000  RESTRAINT  =        11.7543
 EAMBER (non-restraint)  =    -12873.7062
 EKCMT  =         0.0000  VIRIAL  =         0.0000  VOLUME     =     31800.7302
                                                    Density    =         1.0200
 Ewald error estimate:   0.3972E-03
 ------------------------------------------------------------------------------

wrapping first mol.:      -23.04597       16.29597       28.22544

 NSTEP =    18500   TIME(PS) =      57.000  TEMP(K) =   297.90  PRESS =     0.0
 Etot   =    -10903.2823  EKtot   =      1923.9490  EPtot      =    -12827.2313
 BOND   =         8.2086  ANGLE   =        19.4957  DIHED      =        16.7371
 1-4 NB =        11.6997  1-4 EEL =      -604.5139  VDWAALS    =      2470.8346
 EELEC  =    -14759.9835  EHBOND  =         0.0000  RESTRAINT  =        10.2904
 EAMBER (non-restraint)  =    -12837.5217
 EKCMT  =         0.0000  VIRIAL  =         0.0000  VOLUME     =     31800.7302
                                                    Density    =         1.0200
 Ewald error estimate:   0.2078E-03
 ------------------------------------------------------------------------------

wrapping first mol.:      -23.06007       16.30594       28.24271

 NSTEP =    19000   TIME(PS) =      58.000  TEMP(K) =   297.40  PRESS =     0.0
 Etot   =    -10904.0066  EKtot   =      1920.7152  EPtot      =    -12824.7219
 BOND   =         6.7353  ANGLE   =        17.4090  DIHED      =        16.5703
 1-4 NB =        10.6412  1-4 EEL =      -600.6113  VDWAALS    =      2443.5708
 EELEC  =    -14730.2667  EHBOND  =         0.0000  RESTRAINT  =        11.2295
 EAMBER (non-restraint)  =    -12835.9514
 EKCMT  =         0.0000  VIRIAL  =         0.0000  VOLUME     =     31859.1303
                                                    Density    =         1.0181
 Ewald error estimate:   0.7070E-04
 ------------------------------------------------------------------------------

wrapping first mol.:      -23.02960       16.28439       28.20539

 NSTEP =    19500   TIME(PS) =      59.000  TEMP(K) =   304.24  PRESS =     0.0
 Etot   =    -10883.5538  EKtot   =      1964.9079  EPtot      =    -12848.4617
 BOND   =         4.7517  ANGLE   =        10.7835  DIHED      =        17.8580
 1-4 NB =        12.0146  1-4 EEL =      -602.3038  VDWAALS    =      2509.8415
 EELEC  =    -14811.6127  EHBOND  =         0.0000  RESTRAINT  =        10.2056
 EAMBER (non-restraint)  =    -12858.6673
 EKCMT  =         0.0000  VIRIAL  =         0.0000  VOLUME     =     31733.0071
                                                    Density    =         1.0222
 Ewald error estimate:   0.3803E-03
 ------------------------------------------------------------------------------

wrapping first mol.:      -23.09844       16.33307       28.28970

 NSTEP =    20000   TIME(PS) =      60.000  TEMP(K) =   295.24  PRESS =     0.0
 Etot   =    -10966.5661  EKtot   =      1906.7605  EPtot      =    -12873.3265
 BOND   =         4.8481  ANGLE   =        13.9776  DIHED      =        17.3168
 1-4 NB =        10.3852  1-4 EEL =      -600.4936  VDWAALS    =      2367.5154
 EELEC  =    -14698.8112  EHBOND  =         0.0000  RESTRAINT  =        11.9352
 EAMBER (non-restraint)  =    -12885.2617
 EKCMT  =         0.0000  VIRIAL  =         0.0000  VOLUME     =     32018.4160
                                                    Density    =         1.0131
 Ewald error estimate:   0.2350E-03
 ------------------------------------------------------------------------------

wrapping first mol.:      -23.11030       16.34145       28.30423

 NSTEP =    20500   TIME(PS) =      61.000  TEMP(K) =   298.36  PRESS =     0.0
 Etot   =    -10908.8211  EKtot   =      1926.9464  EPtot      =    -12835.7675
 BOND   =         9.1475  ANGLE   =        13.7800  DIHED      =        14.2501
 1-4 NB =        11.1752  1-4 EEL =      -602.9142  VDWAALS    =      2440.9554
 EELEC  =    -14731.8175  EHBOND  =         0.0000  RESTRAINT  =         9.6560
 EAMBER (non-restraint)  =    -12845.4235
 EKCMT  =         0.0000  VIRIAL  =         0.0000  VOLUME     =     32067.7786
                                                    Density    =         1.0115
 Ewald error estimate:   0.1337E-04
 ------------------------------------------------------------------------------

wrapping first mol.:      -23.10430       16.33721       28.29687

 NSTEP =    21000   TIME(PS) =      62.000  TEMP(K) =   297.79  PRESS =     0.0
 Etot   =    -10959.7011  EKtot   =      1923.2510  EPtot      =    -12882.9521
 BOND   =         6.7258  ANGLE   =        14.3346  DIHED      =        13.8474
 1-4 NB =        10.8446  1-4 EEL =      -597.7666  VDWAALS    =      2511.9756
 EELEC  =    -14851.0935  EHBOND  =         0.0000  RESTRAINT  =         8.1801
 EAMBER (non-restraint)  =    -12891.1322
 EKCMT  =         0.0000  VIRIAL  =         0.0000  VOLUME     =     32042.7802
                                                    Density    =         1.0123
 Ewald error estimate:   0.9689E-04
 ------------------------------------------------------------------------------

wrapping first mol.:      -23.09157       16.32821       28.28129

 NSTEP =    21500   TIME(PS) =      63.000  TEMP(K) =   288.16  PRESS =     0.0
 Etot   =    -10994.5017  EKtot   =      1861.0601  EPtot      =    -12855.5619
 BOND   =         9.5745  ANGLE   =        15.1240  DIHED      =        18.1470
 1-4 NB =        12.0438  1-4 EEL =      -606.0268  VDWAALS    =      2474.0945
 EELEC  =    -14789.2261  EHBOND  =         0.0000  RESTRAINT  =        10.7074
 EAMBER (non-restraint)  =    -12866.2692
 EKCMT  =         0.0000  VIRIAL  =         0.0000  VOLUME     =     31989.8764
                                                    Density    =         1.0140
 Ewald error estimate:   0.3909E-03
 ------------------------------------------------------------------------------

wrapping first mol.:      -23.02934       16.28421       28.20508

 NSTEP =    22000   TIME(PS) =      64.000  TEMP(K) =   298.10  PRESS =     0.0
 Etot   =    -10933.1991  EKtot   =      1925.2192  EPtot      =    -12858.4183
 BOND   =         7.2849  ANGLE   =        23.0357  DIHED      =        15.9668
 1-4 NB =        12.4136  1-4 EEL =      -609.2810  VDWAALS    =      2532.3292
 EELEC  =    -14848.8933  EHBOND  =         0.0000  RESTRAINT  =         8.7258
 EAMBER (non-restraint)  =    -12867.1441
 EKCMT  =         0.0000  VIRIAL  =         0.0000  VOLUME     =     31731.9498
                                                    Density    =         1.0222
 Ewald error estimate:   0.4409E-03
 ------------------------------------------------------------------------------

wrapping first mol.:      -23.02934       16.28421       28.20508

 NSTEP =    22500   TIME(PS) =      65.000  TEMP(K) =   301.10  PRESS =     0.0
 Etot   =    -10958.3694  EKtot   =      1944.6300  EPtot      =    -12902.9994
 BOND   =         5.4177  ANGLE   =        18.4990  DIHED      =        15.4033
 1-4 NB =        10.7922  1-4 EEL =      -600.9970  VDWAALS    =      2560.3948
 EELEC  =    -14919.1390  EHBOND  =         0.0000  RESTRAINT  =         6.6296
 EAMBER (non-restraint)  =    -12909.6290
 EKCMT  =         0.0000  VIRIAL  =         0.0000  VOLUME     =     31731.9498
                                                    Density    =         1.0222
 Ewald error estimate:   0.4329E-03
 ------------------------------------------------------------------------------

wrapping first mol.:      -23.03826       16.29051       28.21600

 NSTEP =    23000   TIME(PS) =      66.000  TEMP(K) =   300.71  PRESS =     0.0
 Etot   =    -10979.1760  EKtot   =      1942.1256  EPtot      =    -12921.3016
 BOND   =         7.0881  ANGLE   =        17.5150  DIHED      =        15.4237
 1-4 NB =        11.1512  1-4 EEL =      -600.6665  VDWAALS    =      2558.2675
 EELEC  =    -14936.0279  EHBOND  =         0.0000  RESTRAINT  =         5.9473
 EAMBER (non-restraint)  =    -12927.2489
 EKCMT  =         0.0000  VIRIAL  =         0.0000  VOLUME     =     31768.8260
                                                    Density    =         1.0210
 Ewald error estimate:   0.2590E-03
 ------------------------------------------------------------------------------

wrapping first mol.:      -23.10461       16.33743       28.29726

 NSTEP =    23500   TIME(PS) =      67.000  TEMP(K) =   290.63  PRESS =     0.0
 Etot   =    -11065.5403  EKtot   =      1876.9968  EPtot      =    -12942.5371
 BOND   =         8.0717  ANGLE   =        17.6671  DIHED      =        16.2980
 1-4 NB =        11.1494  1-4 EEL =      -601.0949  VDWAALS    =      2431.4834
 EELEC  =    -14836.0752  EHBOND  =         0.0000  RESTRAINT  =         9.9634
 EAMBER (non-restraint)  =    -12952.5004
 EKCMT  =         0.0000  VIRIAL  =         0.0000  VOLUME     =     32044.0989
                                                    Density    =         1.0122
 Ewald error estimate:   0.2344E-03
 ------------------------------------------------------------------------------

wrapping first mol.:      -23.11739       16.34647       28.31291

 NSTEP =    24000   TIME(PS) =      68.000  TEMP(K) =   296.81  PRESS =     0.0
 Etot   =    -11024.8800  EKtot   =      1916.8841  EPtot      =    -12941.7641
 BOND   =         7.2007  ANGLE   =        11.8197  DIHED      =        15.2056
 1-4 NB =        11.4977  1-4 EEL =      -605.7136  VDWAALS    =      2593.7090
 EELEC  =    -14987.1271  EHBOND  =         0.0000  RESTRAINT  =        11.6438
 EAMBER (non-restraint)  =    -12953.4079
 EKCMT  =         0.0000  VIRIAL  =         0.0000  VOLUME     =     32097.2973
                                                    Density    =         1.0106
 Ewald error estimate:   0.2110E-03
 ------------------------------------------------------------------------------

wrapping first mol.:      -23.17647       16.38824       28.38526

 NSTEP =    24500   TIME(PS) =      69.000  TEMP(K) =   296.40  PRESS =     0.0
 Etot   =    -10946.5009  EKtot   =      1914.2833  EPtot      =    -12860.7842
 BOND   =         7.0551  ANGLE   =        13.6495  DIHED      =        15.0014
 1-4 NB =        11.6886  1-4 EEL =      -602.2336  VDWAALS    =      2456.1856
 EELEC  =    -14772.5742  EHBOND  =         0.0000  RESTRAINT  =        10.4433
 EAMBER (non-restraint)  =    -12871.2276
 EKCMT  =         0.0000  VIRIAL  =         0.0000  VOLUME     =     32343.9993
                                                    Density    =         1.0029
 Ewald error estimate:   0.2265E-03
 ------------------------------------------------------------------------------

wrapping first mol.:      -23.13072       16.35589       28.32923

 NSTEP =    25000   TIME(PS) =      70.000  TEMP(K) =   295.60  PRESS =     0.0
 Etot   =    -10825.8173  EKtot   =      1909.1134  EPtot      =    -12734.9307
 BOND   =         7.0567  ANGLE   =        18.5295  DIHED      =        16.1954
 1-4 NB =        11.6835  1-4 EEL =      -599.4038  VDWAALS    =      2438.5814
 EELEC  =    -14636.5371  EHBOND  =         0.0000  RESTRAINT  =         8.9638
 EAMBER (non-restraint)  =    -12743.8945
 EKCMT  =         0.0000  VIRIAL  =         0.0000  VOLUME     =     32152.8379
                                                    Density    =         1.0088
 Ewald error estimate:   0.1370E-03
 ------------------------------------------------------------------------------

wrapping first mol.:      -23.15555       16.37345       28.35965

 NSTEP =    25500   TIME(PS) =      71.000  TEMP(K) =   301.94  PRESS =     0.0
 Etot   =    -10842.7663  EKtot   =      1950.0125  EPtot      =    -12792.7789
 BOND   =         5.0070  ANGLE   =        15.2253  DIHED      =        15.1704
 1-4 NB =        11.4244  1-4 EEL =      -606.6327  VDWAALS    =      2381.1958
 EELEC  =    -14622.3689  EHBOND  =         0.0000  RESTRAINT  =         8.1999
 EAMBER (non-restraint)  =    -12800.9788
 EKCMT  =         0.0000  VIRIAL  =         0.0000  VOLUME     =     32256.5181
                                                    Density    =         1.0056
 Ewald error estimate:   0.4199E-03
 ------------------------------------------------------------------------------

wrapping first mol.:      -23.20267       16.40677       28.41735

 NSTEP =    26000   TIME(PS) =      72.000  TEMP(K) =   312.74  PRESS =     0.0
 Etot   =    -10872.2220  EKtot   =      2019.7655  EPtot      =    -12891.9875
 BOND   =         5.6394  ANGLE   =        12.1522  DIHED      =        15.6983
 1-4 NB =        11.5429  1-4 EEL =      -603.5698  VDWAALS    =      2483.3348
 EELEC  =    -14825.5975  EHBOND  =         0.0000  RESTRAINT  =         8.8122
 EAMBER (non-restraint)  =    -12900.7997
 EKCMT  =         0.0000  VIRIAL  =         0.0000  VOLUME     =     32453.8202
                                                    Density    =         0.9995
 Ewald error estimate:   0.3091E-03
 ------------------------------------------------------------------------------

wrapping first mol.:      -23.19912       16.40426       28.41300

 NSTEP =    26500   TIME(PS) =      73.000  TEMP(K) =   298.81  PRESS =     0.0
 Etot   =    -10883.2653  EKtot   =      1929.8270  EPtot      =    -12813.0923
 BOND   =         8.4173  ANGLE   =        18.7257  DIHED      =        14.7986
 1-4 NB =        11.4619  1-4 EEL =      -596.2088  VDWAALS    =      2504.6705
 EELEC  =    -14781.2668  EHBOND  =         0.0000  RESTRAINT  =         6.3093
 EAMBER (non-restraint)  =    -12819.4016
 EKCMT  =         0.0000  VIRIAL  =         0.0000  VOLUME     =     32438.9250
                                                    Density    =         0.9999
 Ewald error estimate:   0.8169E-04
 ------------------------------------------------------------------------------

wrapping first mol.:      -23.10600       16.33841       28.29896

 NSTEP =    27000   TIME(PS) =      74.000  TEMP(K) =   296.66  PRESS =     0.0
 Etot   =    -10945.4700  EKtot   =      1915.9137  EPtot      =    -12861.3836
 BOND   =        11.3038  ANGLE   =        13.8604  DIHED      =        15.2083
 1-4 NB =        12.6698  1-4 EEL =      -606.4950  VDWAALS    =      2538.7696
 EELEC  =    -14856.5065  EHBOND  =         0.0000  RESTRAINT  =         9.8059
 EAMBER (non-restraint)  =    -12871.1895
 EKCMT  =         0.0000  VIRIAL  =         0.0000  VOLUME     =     32049.8667
                                                    Density    =         1.0121
 Ewald error estimate:   0.4768E-03
 ------------------------------------------------------------------------------

wrapping first mol.:      -23.07999       16.32002       28.26711

 NSTEP =    27500   TIME(PS) =      75.000  TEMP(K) =   300.09  PRESS =     0.0
 Etot   =    -10859.5298  EKtot   =      1938.1079  EPtot      =    -12797.6377
 BOND   =         5.2441  ANGLE   =        13.1414  DIHED      =        19.0707
 1-4 NB =         9.6675  1-4 EEL =      -597.2187  VDWAALS    =      2463.4092
 EELEC  =    -14722.8893  EHBOND  =         0.0000  RESTRAINT  =        11.9374
 EAMBER (non-restraint)  =    -12809.5750
 EKCMT  =         0.0000  VIRIAL  =         0.0000  VOLUME     =     31941.7703
                                                    Density    =         1.0155
 Ewald error estimate:   0.1201E-03
 ------------------------------------------------------------------------------

wrapping first mol.:      -23.12674       16.35308       28.32436

 NSTEP =    28000   TIME(PS) =      76.000  TEMP(K) =   293.19  PRESS =     0.0
 Etot   =    -10935.5118  EKtot   =      1893.5388  EPtot      =    -12829.0506
 BOND   =         9.0028  ANGLE   =        22.5060  DIHED      =        17.3547
 1-4 NB =        13.1005  1-4 EEL =      -612.2348  VDWAALS    =      2423.6501
 EELEC  =    -14712.7250  EHBOND  =         0.0000  RESTRAINT  =        10.2951
 EAMBER (non-restraint)  =    -12839.3457
 EKCMT  =         0.0000  VIRIAL  =         0.0000  VOLUME     =     32136.2529
                                                    Density    =         1.0093
 Ewald error estimate:   0.4622E-03
 ------------------------------------------------------------------------------

wrapping first mol.:      -23.13419       16.35834       28.33348

 NSTEP =    28500   TIME(PS) =      77.000  TEMP(K) =   295.84  PRESS =     0.0
 Etot   =    -10997.0259  EKtot   =      1910.6296  EPtot      =    -12907.6556
 BOND   =         4.6751  ANGLE   =        17.7415  DIHED      =        16.3076
 1-4 NB =        11.5571  1-4 EEL =      -599.9158  VDWAALS    =      2486.0636
 EELEC  =    -14852.0838  EHBOND  =         0.0000  RESTRAINT  =         7.9991
 EAMBER (non-restraint)  =    -12915.6546
 EKCMT  =         0.0000  VIRIAL  =         0.0000  VOLUME     =     32167.3043
                                                    Density    =         1.0084
 Ewald error estimate:   0.1353E-03
 ------------------------------------------------------------------------------

wrapping first mol.:      -23.15261       16.37137       28.35604

 NSTEP =    29000   TIME(PS) =      78.000  TEMP(K) =   301.84  PRESS =     0.0
 Etot   =    -10877.9170  EKtot   =      1949.3895  EPtot      =    -12827.3065
 BOND   =        10.0967  ANGLE   =        12.6854  DIHED      =        15.8448
 1-4 NB =         9.5351  1-4 EEL =      -593.0639  VDWAALS    =      2512.6912
 EELEC  =    -14806.3620  EHBOND  =         0.0000  RESTRAINT  =        11.2662
 EAMBER (non-restraint)  =    -12838.5727
 EKCMT  =         0.0000  VIRIAL  =         0.0000  VOLUME     =     32244.2149
                                                    Density    =         1.0060
 Ewald error estimate:   0.1167E-03
 ------------------------------------------------------------------------------

wrapping first mol.:      -23.20773       16.41035       28.42355

 NSTEP =    29500   TIME(PS) =      79.000  TEMP(K) =   300.30  PRESS =     0.0
 Etot   =    -10898.8252  EKtot   =      1939.4444  EPtot      =    -12838.2696
 BOND   =         3.4988  ANGLE   =        10.4371  DIHED      =        16.3967
 1-4 NB =        11.0409  1-4 EEL =      -595.7641  VDWAALS    =      2451.3576
 EELEC  =    -14742.5453  EHBOND  =         0.0000  RESTRAINT  =         7.3087
 EAMBER (non-restraint)  =    -12845.5783
 EKCMT  =         0.0000  VIRIAL  =         0.0000  VOLUME     =     32475.0604
                                                    Density    =         0.9988
 Ewald error estimate:   0.1869E-03
 ------------------------------------------------------------------------------

wrapping first mol.:      -23.30524       16.47930       28.54298

 NSTEP =    30000   TIME(PS) =      80.000  TEMP(K) =   292.36  PRESS =     0.0
 Etot   =    -10960.0177  EKtot   =      1888.1778  EPtot      =    -12848.1955
 BOND   =         5.1742  ANGLE   =        13.0774  DIHED      =        17.5452
 1-4 NB =         9.5763  1-4 EEL =      -600.6636  VDWAALS    =      2448.5638
 EELEC  =    -14753.9131  EHBOND  =         0.0000  RESTRAINT  =        12.4443
 EAMBER (non-restraint)  =    -12860.6398
 EKCMT  =         0.0000  VIRIAL  =         0.0000  VOLUME     =     32886.1426
                                                    Density    =         0.9863
 Ewald error estimate:   0.1811E-03
 ------------------------------------------------------------------------------

wrapping first mol.:      -23.30805       16.48128       28.54641

 NSTEP =    30500   TIME(PS) =      81.000  TEMP(K) =   300.17  PRESS =     0.0
 Etot   =    -10907.5429  EKtot   =      1938.5945  EPtot      =    -12846.1373
 BOND   =         4.8036  ANGLE   =        15.3613  DIHED      =        13.3985
 1-4 NB =        11.7743  1-4 EEL =      -601.2221  VDWAALS    =      2495.6664
 EELEC  =    -14795.5556  EHBOND  =         0.0000  RESTRAINT  =         9.6364
 EAMBER (non-restraint)  =    -12855.7737
 EKCMT  =         0.0000  VIRIAL  =         0.0000  VOLUME     =     32898.0065
                                                    Density    =         0.9860
 Ewald error estimate:   0.5483E-04
 ------------------------------------------------------------------------------

wrapping first mol.:      -23.28567       16.46546       28.51901

 NSTEP =    31000   TIME(PS) =      82.000  TEMP(K) =   300.15  PRESS =     0.0
 Etot   =    -10911.4843  EKtot   =      1938.4689  EPtot      =    -12849.9531
 BOND   =         4.3231  ANGLE   =        13.8317  DIHED      =        16.9347
 1-4 NB =        10.0759  1-4 EEL =      -598.1309  VDWAALS    =      2511.6887
 EELEC  =    -14819.1255  EHBOND  =         0.0000  RESTRAINT  =        10.4491
 EAMBER (non-restraint)  =    -12860.4022
 EKCMT  =         0.0000  VIRIAL  =         0.0000  VOLUME     =     32803.3511
                                                    Density    =         0.9888
 Ewald error estimate:   0.5638E-04
 ------------------------------------------------------------------------------

wrapping first mol.:      -23.25462       16.44351       28.48098

 NSTEP =    31500   TIME(PS) =      83.000  TEMP(K) =   299.96  PRESS =     0.0
 Etot   =    -10911.8208  EKtot   =      1937.2638  EPtot      =    -12849.0846
 BOND   =         5.9985  ANGLE   =        11.7370  DIHED      =        16.0694
 1-4 NB =        12.4312  1-4 EEL =      -603.3880  VDWAALS    =      2387.5318
 EELEC  =    -14684.2187  EHBOND  =         0.0000  RESTRAINT  =         4.7541
 EAMBER (non-restraint)  =    -12853.8388
 EKCMT  =         0.0000  VIRIAL  =         0.0000  VOLUME     =     32672.3178
                                                    Density    =         0.9928
 Ewald error estimate:   0.7400E-04
 ------------------------------------------------------------------------------

wrapping first mol.:      -23.15558       16.37347       28.35968

 NSTEP =    32000   TIME(PS) =      84.000  TEMP(K) =   298.52  PRESS =     0.0
 Etot   =    -10916.6803  EKtot   =      1927.9460  EPtot      =    -12844.6263
 BOND   =        11.0162  ANGLE   =        13.2150  DIHED      =        16.5074
 1-4 NB =        11.4218  1-4 EEL =      -606.5536  VDWAALS    =      2482.7178
 EELEC  =    -14782.4998  EHBOND  =         0.0000  RESTRAINT  =         9.5488
 EAMBER (non-restraint)  =    -12854.1752
 EKCMT  =         0.0000  VIRIAL  =         0.0000  VOLUME     =     32256.6423
                                                    Density    =         1.0056
 Ewald error estimate:   0.2262E-03
 ------------------------------------------------------------------------------

wrapping first mol.:      -23.16958       16.38337       28.37682

 NSTEP =    32500   TIME(PS) =      85.000  TEMP(K) =   298.93  PRESS =     0.0
 Etot   =    -10930.5808  EKtot   =      1930.6191  EPtot      =    -12861.1999
 BOND   =         8.4490  ANGLE   =        15.9095  DIHED      =        15.8060
 1-4 NB =        11.7145  1-4 EEL =      -600.4291  VDWAALS    =      2466.8141
 EELEC  =    -14788.6230  EHBOND  =         0.0000  RESTRAINT  =         9.1591
 EAMBER (non-restraint)  =    -12870.3590
 EKCMT  =         0.0000  VIRIAL  =         0.0000  VOLUME     =     32315.1610
                                                    Density    =         1.0038
 Ewald error estimate:   0.1262E-03
 ------------------------------------------------------------------------------

wrapping first mol.:      -23.13839       16.36132       28.33863

 NSTEP =    33000   TIME(PS) =      86.000  TEMP(K) =   300.94  PRESS =     0.0
 Etot   =    -10992.2375  EKtot   =      1943.5764  EPtot      =    -12935.8139
 BOND   =         7.7854  ANGLE   =        14.5097  DIHED      =        17.1361
 1-4 NB =        12.1258  1-4 EEL =      -602.7714  VDWAALS    =      2531.8840
 EELEC  =    -14923.6146  EHBOND  =         0.0000  RESTRAINT  =         7.1311
 EAMBER (non-restraint)  =    -12942.9450
 EKCMT  =         0.0000  VIRIAL  =         0.0000  VOLUME     =     32184.8649
                                                    Density    =         1.0078
 Ewald error estimate:   0.2389E-03
 ------------------------------------------------------------------------------

wrapping first mol.:      -23.14074       16.36298       28.34151

 NSTEP =    33500   TIME(PS) =      87.000  TEMP(K) =   294.41  PRESS =     0.0
 Etot   =    -10972.3688  EKtot   =      1901.3881  EPtot      =    -12873.7569
 BOND   =         6.2425  ANGLE   =        14.7346  DIHED      =        18.5592
 1-4 NB =        11.9835  1-4 EEL =      -602.7401  VDWAALS    =      2536.5854
 EELEC  =    -14867.2158  EHBOND  =         0.0000  RESTRAINT  =         8.0938
 EAMBER (non-restraint)  =    -12881.8507
 EKCMT  =         0.0000  VIRIAL  =         0.0000  VOLUME     =     32194.6601
                                                    Density    =         1.0075
 Ewald error estimate:   0.2697E-03
 ------------------------------------------------------------------------------

wrapping first mol.:      -23.17634       16.38815       28.38511

 NSTEP =    34000   TIME(PS) =      88.000  TEMP(K) =   291.80  PRESS =     0.0
 Etot   =    -10878.9194  EKtot   =      1884.5395  EPtot      =    -12763.4590
 BOND   =         2.7475  ANGLE   =        19.9626  DIHED      =        16.3723
 1-4 NB =        11.4455  1-4 EEL =      -602.8167  VDWAALS    =      2461.9760
 EELEC  =    -14680.3918  EHBOND  =         0.0000  RESTRAINT  =         7.2456
 EAMBER (non-restraint)  =    -12770.7046
 EKCMT  =         0.0000  VIRIAL  =         0.0000  VOLUME     =     32343.4825
                                                    Density    =         1.0029
 Ewald error estimate:   0.5095E-03
 ------------------------------------------------------------------------------

wrapping first mol.:      -23.14174       16.36368       28.34273

 NSTEP =    34500   TIME(PS) =      89.000  TEMP(K) =   297.41  PRESS =     0.0
 Etot   =    -10844.9164  EKtot   =      1920.7719  EPtot      =    -12765.6883
 BOND   =         6.0107  ANGLE   =        18.7996  DIHED      =        15.4805
 1-4 NB =        12.9285  1-4 EEL =      -599.8012  VDWAALS    =      2417.7614
 EELEC  =    -14649.7639  EHBOND  =         0.0000  RESTRAINT  =        12.8962
 EAMBER (non-restraint)  =    -12778.5845
 EKCMT  =         0.0000  VIRIAL  =         0.0000  VOLUME     =     32198.8067
                                                    Density    =         1.0074
 Ewald error estimate:   0.1435E-03
 ------------------------------------------------------------------------------

wrapping first mol.:      -23.14174       16.36368       28.34273

 NSTEP =    35000   TIME(PS) =      90.000  TEMP(K) =   304.99  PRESS =     0.0
 Etot   =    -10805.2231  EKtot   =      1969.7697  EPtot      =    -12774.9928
 BOND   =         9.0070  ANGLE   =        11.3868  DIHED      =        15.0005
 1-4 NB =        11.4018  1-4 EEL =      -602.2183  VDWAALS    =      2395.2393
 EELEC  =    -14623.9066  EHBOND  =         0.0000  RESTRAINT  =         9.0967
 EAMBER (non-restraint)  =    -12784.0895
 EKCMT  =         0.0000  VIRIAL  =         0.0000  VOLUME     =     32198.8067
                                                    Density    =         1.0074
 Ewald error estimate:   0.8680E-04
 ------------------------------------------------------------------------------

wrapping first mol.:      -23.11039       16.34152       28.30434

 NSTEP =    35500   TIME(PS) =      91.000  TEMP(K) =   293.59  PRESS =     0.0
 Etot   =    -10816.1807  EKtot   =      1896.1027  EPtot      =    -12712.2834
 BOND   =         9.9675  ANGLE   =        15.2273  DIHED      =        13.9936
 1-4 NB =        13.4283  1-4 EEL =      -601.7981  VDWAALS    =      2349.2122
 EELEC  =    -14519.8866  EHBOND  =         0.0000  RESTRAINT  =         7.5725
 EAMBER (non-restraint)  =    -12719.8559
 EKCMT  =         0.0000  VIRIAL  =         0.0000  VOLUME     =     32068.1640
                                                    Density    =         1.0115
 Ewald error estimate:   0.6267E-05
 ------------------------------------------------------------------------------

wrapping first mol.:      -23.17614       16.38801       28.38486

 NSTEP =    36000   TIME(PS) =      92.000  TEMP(K) =   298.38  PRESS =     0.0
 Etot   =    -10850.3125  EKtot   =      1927.0508  EPtot      =    -12777.3633
 BOND   =         7.7636  ANGLE   =        15.2195  DIHED      =        11.8972
 1-4 NB =        12.2220  1-4 EEL =      -602.8480  VDWAALS    =      2383.8417
 EELEC  =    -14612.8414  EHBOND  =         0.0000  RESTRAINT  =         7.3821
 EAMBER (non-restraint)  =    -12784.7454
 EKCMT  =         0.0000  VIRIAL  =         0.0000  VOLUME     =     32342.6287
                                                    Density    =         1.0029
 Ewald error estimate:   0.2818E-03
 ------------------------------------------------------------------------------

wrapping first mol.:      -23.17843       16.38963       28.38766

 NSTEP =    36500   TIME(PS) =      93.000  TEMP(K) =   305.15  PRESS =     0.0
 Etot   =    -10920.4907  EKtot   =      1970.7489  EPtot      =    -12891.2396
 BOND   =         5.8871  ANGLE   =        18.7131  DIHED      =        14.6223
 1-4 NB =        11.5701  1-4 EEL =      -600.7619  VDWAALS    =      2490.5683
 EELEC  =    -14839.9193  EHBOND  =         0.0000  RESTRAINT  =         8.0808
 EAMBER (non-restraint)  =    -12899.3204
 EKCMT  =         0.0000  VIRIAL  =         0.0000  VOLUME     =     32352.2110
                                                    Density    =         1.0026
 Ewald error estimate:   0.2858E-04
 ------------------------------------------------------------------------------

wrapping first mol.:      -23.16250       16.37836       28.36815

 NSTEP =    37000   TIME(PS) =      94.000  TEMP(K) =   303.20  PRESS =     0.0
 Etot   =    -10896.2645  EKtot   =      1958.1890  EPtot      =    -12854.4535
 BOND   =         5.0364  ANGLE   =        18.2554  DIHED      =        15.3421
 1-4 NB =        13.1912  1-4 EEL =      -609.2658  VDWAALS    =      2485.9218
 EELEC  =    -14792.2002  EHBOND  =         0.0000  RESTRAINT  =         9.2657
 EAMBER (non-restraint)  =    -12863.7191
 EKCMT  =         0.0000  VIRIAL  =         0.0000  VOLUME     =     32285.5444
                                                    Density    =         1.0047
 Ewald error estimate:   0.3747E-04
 ------------------------------------------------------------------------------

wrapping first mol.:      -23.14023       16.36261       28.34088

 NSTEP =    37500   TIME(PS) =      95.000  TEMP(K) =   301.59  PRESS =     0.0
 Etot   =    -10899.9018  EKtot   =      1947.7504  EPtot      =    -12847.6521
 BOND   =        11.2003  ANGLE   =        13.3486  DIHED      =        17.5459
 1-4 NB =        10.6545  1-4 EEL =      -608.2664  VDWAALS    =      2427.7343
 EELEC  =    -14728.9363  EHBOND  =         0.0000  RESTRAINT  =         9.0669
 EAMBER (non-restraint)  =    -12856.7191
 EKCMT  =         0.0000  VIRIAL  =         0.0000  VOLUME     =     32192.5091
                                                    Density    =         1.0076
 Ewald error estimate:   0.1866E-03
 ------------------------------------------------------------------------------

wrapping first mol.:      -23.11217       16.34278       28.30652

 NSTEP =    38000   TIME(PS) =      96.000  TEMP(K) =   305.78  PRESS =     0.0
 Etot   =    -10911.4210  EKtot   =      1974.8536  EPtot      =    -12886.2746
 BOND   =         7.1644  ANGLE   =        12.3584  DIHED      =        16.9730
 1-4 NB =        10.2696  1-4 EEL =      -598.1663  VDWAALS    =      2504.1504
 EELEC  =    -14847.2308  EHBOND  =         0.0000  RESTRAINT  =         8.2066
 EAMBER (non-restraint)  =    -12894.4812
 EKCMT  =         0.0000  VIRIAL  =         0.0000  VOLUME     =     32075.5646
                                                    Density    =         1.0113
 Ewald error estimate:   0.9691E-04
 ------------------------------------------------------------------------------

wrapping first mol.:      -23.11909       16.34767       28.31499

 NSTEP =    38500   TIME(PS) =      97.000  TEMP(K) =   298.23  PRESS =     0.0
 Etot   =    -10922.0327  EKtot   =      1926.0541  EPtot      =    -12848.0869
 BOND   =        10.3380  ANGLE   =        14.4763  DIHED      =        16.7390
 1-4 NB =        13.0772  1-4 EEL =      -604.7012  VDWAALS    =      2529.1555
 EELEC  =    -14839.0407  EHBOND  =         0.0000  RESTRAINT  =        11.8690
 EAMBER (non-restraint)  =    -12859.9559
 EKCMT  =         0.0000  VIRIAL  =         0.0000  VOLUME     =     32104.3777
                                                    Density    =         1.0103
 Ewald error estimate:   0.2586E-03
 ------------------------------------------------------------------------------

wrapping first mol.:      -23.19886       16.40407       28.41269

 NSTEP =    39000   TIME(PS) =      98.000  TEMP(K) =   294.87  PRESS =     0.0
 Etot   =    -10983.3136  EKtot   =      1904.3996  EPtot      =    -12887.7132
 BOND   =         5.5115  ANGLE   =        17.5153  DIHED      =        14.7374
 1-4 NB =        12.2898  1-4 EEL =      -605.5898  VDWAALS    =      2511.8093
 EELEC  =    -14851.0419  EHBOND  =         0.0000  RESTRAINT  =         7.0552
 EAMBER (non-restraint)  =    -12894.7684
 EKCMT  =         0.0000  VIRIAL  =         0.0000  VOLUME     =     32437.8348
                                                    Density    =         1.0000
 Ewald error estimate:   0.2432E-03
 ------------------------------------------------------------------------------

wrapping first mol.:      -23.13315       16.35761       28.33221

 NSTEP =    39500   TIME(PS) =      99.000  TEMP(K) =   295.72  PRESS =     0.0
 Etot   =    -11016.5413  EKtot   =      1909.8464  EPtot      =    -12926.3877
 BOND   =         7.0563  ANGLE   =        19.7140  DIHED      =        18.1179
 1-4 NB =        12.5744  1-4 EEL =      -605.6640  VDWAALS    =      2543.6183
 EELEC  =    -14928.1328  EHBOND  =         0.0000  RESTRAINT  =         6.3282
 EAMBER (non-restraint)  =    -12932.7159
 EKCMT  =         0.0000  VIRIAL  =         0.0000  VOLUME     =     32162.9906
                                                    Density    =         1.0085
 Ewald error estimate:   0.1742E-04
 ------------------------------------------------------------------------------

wrapping first mol.:      -23.08422       16.32301       28.27228

 NSTEP =    40000   TIME(PS) =     100.000  TEMP(K) =   289.52  PRESS =     0.0
 Etot   =    -11025.5273  EKtot   =      1869.8538  EPtot      =    -12895.3811
 BOND   =        10.0932  ANGLE   =        14.9966  DIHED      =        19.9766
 1-4 NB =        11.2887  1-4 EEL =      -600.9560  VDWAALS    =      2507.5621
 EELEC  =    -14865.2804  EHBOND  =         0.0000  RESTRAINT  =         6.9381
 EAMBER (non-restraint)  =    -12902.3192
 EKCMT  =         0.0000  VIRIAL  =         0.0000  VOLUME     =     31959.3178
                                                    Density    =         1.0149
 Ewald error estimate:   0.7969E-05
 ------------------------------------------------------------------------------

wrapping first mol.:      -23.13165       16.35655       28.33038

 NSTEP =    40500   TIME(PS) =     101.000  TEMP(K) =   292.86  PRESS =     0.0
 Etot   =    -11007.4610  EKtot   =      1891.4129  EPtot      =    -12898.8739
 BOND   =         7.6167  ANGLE   =        10.8355  DIHED      =        15.6232
 1-4 NB =        13.2620  1-4 EEL =      -604.7568  VDWAALS    =      2489.7441
 EELEC  =    -14838.4705  EHBOND  =         0.0000  RESTRAINT  =         7.2720
 EAMBER (non-restraint)  =    -12906.1459
 EKCMT  =         0.0000  VIRIAL  =         0.0000  VOLUME     =     32156.7390
                                                    Density    =         1.0087
 Ewald error estimate:   0.4076E-03
 ------------------------------------------------------------------------------

wrapping first mol.:      -23.13368       16.35799       28.33286

 NSTEP =    41000   TIME(PS) =     102.000  TEMP(K) =   296.06  PRESS =     0.0
 Etot   =    -10985.7820  EKtot   =      1912.0669  EPtot      =    -12897.8489
 BOND   =         9.0032  ANGLE   =        17.4658  DIHED      =        18.0145
 1-4 NB =        14.0283  1-4 EEL =      -608.5587  VDWAALS    =      2422.1407
 EELEC  =    -14776.3299  EHBOND  =         0.0000  RESTRAINT  =         6.3873
 EAMBER (non-restraint)  =    -12904.2362
 EKCMT  =         0.0000  VIRIAL  =         0.0000  VOLUME     =     32165.2086
                                                    Density    =         1.0084
 Ewald error estimate:   0.1401E-03
 ------------------------------------------------------------------------------

wrapping first mol.:      -23.14655       16.36708       28.34862

 NSTEP =    41500   TIME(PS) =     103.000  TEMP(K) =   300.15  PRESS =     0.0
 Etot   =    -10945.9498  EKtot   =      1938.4719  EPtot      =    -12884.4217
 BOND   =         5.0271  ANGLE   =        12.9969  DIHED      =        18.3930
 1-4 NB =        11.6447  1-4 EEL =      -606.0502  VDWAALS    =      2451.8795
 EELEC  =    -14787.1641  EHBOND  =         0.0000  RESTRAINT  =         8.8514
 EAMBER (non-restraint)  =    -12893.2731
 EKCMT  =         0.0000  VIRIAL  =         0.0000  VOLUME     =     32218.8930
                                                    Density    =         1.0068
 Ewald error estimate:   0.2618E-04
 ------------------------------------------------------------------------------

wrapping first mol.:      -23.22421       16.42200       28.44373

 NSTEP =    42000   TIME(PS) =     104.000  TEMP(K) =   300.52  PRESS =     0.0
 Etot   =    -10931.2050  EKtot   =      1940.8948  EPtot      =    -12872.0998
 BOND   =         7.8930  ANGLE   =        15.9826  DIHED      =        16.8995
 1-4 NB =        12.0635  1-4 EEL =      -605.1654  VDWAALS    =      2482.9566
 EELEC  =    -14816.0167  EHBOND  =         0.0000  RESTRAINT  =        13.2871
 EAMBER (non-restraint)  =    -12885.3869
 EKCMT  =         0.0000  VIRIAL  =         0.0000  VOLUME     =     32544.2789
                                                    Density    =         0.9967
 Ewald error estimate:   0.2815E-03
 ------------------------------------------------------------------------------

wrapping first mol.:      -23.22224       16.42061       28.44132

 NSTEP =    42500   TIME(PS) =     105.000  TEMP(K) =   297.86  PRESS =     0.0
 Etot   =    -10898.9097  EKtot   =      1923.6960  EPtot      =    -12822.6058
 BOND   =         4.8907  ANGLE   =        16.6375  DIHED      =        16.2093
 1-4 NB =        13.0266  1-4 EEL =      -605.2593  VDWAALS    =      2461.3068
 EELEC  =    -14738.5264  EHBOND  =         0.0000  RESTRAINT  =         9.1090
 EAMBER (non-restraint)  =    -12831.7148
 EKCMT  =         0.0000  VIRIAL  =         0.0000  VOLUME     =     32536.0064
                                                    Density    =         0.9969
 Ewald error estimate:   0.2820E-04
 ------------------------------------------------------------------------------

wrapping first mol.:      -23.24873       16.43934       28.47377

 NSTEP =    43000   TIME(PS) =     106.000  TEMP(K) =   297.75  PRESS =     0.0
 Etot   =    -10923.3749  EKtot   =      1923.0016  EPtot      =    -12846.3765
 BOND   =         8.2729  ANGLE   =        14.9726  DIHED      =        17.6693
 1-4 NB =        11.7444  1-4 EEL =      -601.2161  VDWAALS    =      2448.7229
 EELEC  =    -14754.0379  EHBOND  =         0.0000  RESTRAINT  =         7.4954
 EAMBER (non-restraint)  =    -12853.8719
 EKCMT  =         0.0000  VIRIAL  =         0.0000  VOLUME     =     32647.5010
                                                    Density    =         0.9935
 Ewald error estimate:   0.2246E-03
 ------------------------------------------------------------------------------

wrapping first mol.:      -23.14434       16.36553       28.34592

 NSTEP =    43500   TIME(PS) =     107.000  TEMP(K) =   295.17  PRESS =     0.0
 Etot   =    -10939.1006  EKtot   =      1906.2892  EPtot      =    -12845.3898
 BOND   =         5.3007  ANGLE   =        21.9097  DIHED      =        15.5611
 1-4 NB =        12.8112  1-4 EEL =      -604.1210  VDWAALS    =      2530.7251
 EELEC  =    -14833.1383  EHBOND  =         0.0000  RESTRAINT  =         5.5616
 EAMBER (non-restraint)  =    -12850.9515
 EKCMT  =         0.0000  VIRIAL  =         0.0000  VOLUME     =     32209.6956
                                                    Density    =         1.0070
 Ewald error estimate:   0.1012E-03
 ------------------------------------------------------------------------------

wrapping first mol.:      -23.15583       16.37365       28.35999

 NSTEP =    44000   TIME(PS) =     108.000  TEMP(K) =   303.89  PRESS =     0.0
 Etot   =    -10903.6762  EKtot   =      1962.6666  EPtot      =    -12866.3428
 BOND   =         6.3423  ANGLE   =        15.5301  DIHED      =        16.3283
 1-4 NB =        11.4867  1-4 EEL =      -604.9183  VDWAALS    =      2451.7247
 EELEC  =    -14769.5436  EHBOND  =         0.0000  RESTRAINT  =         6.7070
 EAMBER (non-restraint)  =    -12873.0498
 EKCMT  =         0.0000  VIRIAL  =         0.0000  VOLUME     =     32257.6725
                                                    Density    =         1.0055
 Ewald error estimate:   0.3984E-04
 ------------------------------------------------------------------------------

wrapping first mol.:      -23.14318       16.36471       28.34450

 NSTEP =    44500   TIME(PS) =     109.000  TEMP(K) =   300.90  PRESS =     0.0
 Etot   =    -10924.4397  EKtot   =      1943.3428  EPtot      =    -12867.7825
 BOND   =         8.6005  ANGLE   =        11.7438  DIHED      =        14.1602
 1-4 NB =        11.8489  1-4 EEL =      -604.5001  VDWAALS    =      2413.1921
 EELEC  =    -14732.4360  EHBOND  =         0.0000  RESTRAINT  =         9.6084
 EAMBER (non-restraint)  =    -12877.3909
 EKCMT  =         0.0000  VIRIAL  =         0.0000  VOLUME     =     32204.8560
                                                    Density    =         1.0072
 Ewald error estimate:   0.1460E-03
 ------------------------------------------------------------------------------

wrapping first mol.:      -23.14318       16.36471       28.34450

 NSTEP =    45000   TIME(PS) =     110.000  TEMP(K) =   299.08  PRESS =     0.0
 Etot   =    -10877.3295  EKtot   =      1931.5474  EPtot      =    -12808.8770
 BOND   =         5.5236  ANGLE   =        17.2344  DIHED      =        15.3955
 1-4 NB =        11.3922  1-4 EEL =      -604.6010  VDWAALS    =      2504.5450
 EELEC  =    -14766.8448  EHBOND  =         0.0000  RESTRAINT  =         8.4782
 EAMBER (non-restraint)  =    -12817.3552
 EKCMT  =         0.0000  VIRIAL  =         0.0000  VOLUME     =     32204.8560
                                                    Density    =         1.0072
 Ewald error estimate:   0.1601E-03
 ------------------------------------------------------------------------------

wrapping first mol.:      -23.18524       16.39444       28.39601

 NSTEP =    45500   TIME(PS) =     111.000  TEMP(K) =   295.55  PRESS =     0.0
 Etot   =    -10826.2133  EKtot   =      1908.7437  EPtot      =    -12734.9570
 BOND   =         9.4245  ANGLE   =        11.6682  DIHED      =        17.8435
 1-4 NB =         9.9795  1-4 EEL =      -599.2072  VDWAALS    =      2481.4373
 EELEC  =    -14677.0461  EHBOND  =         0.0000  RESTRAINT  =        10.9433
 EAMBER (non-restraint)  =    -12745.9004
 EKCMT  =         0.0000  VIRIAL  =         0.0000  VOLUME     =     32380.7428
                                                    Density    =         1.0017
 Ewald error estimate:   0.3175E-03
 ------------------------------------------------------------------------------

wrapping first mol.:      -23.10252       16.33595       28.29470

 NSTEP =    46000   TIME(PS) =     112.000  TEMP(K) =   302.81  PRESS =     0.0
 Etot   =    -10790.8558  EKtot   =      1955.6722  EPtot      =    -12746.5280
 BOND   =         6.6134  ANGLE   =        17.6103  DIHED      =        17.7010
 1-4 NB =        10.6529  1-4 EEL =      -602.0944  VDWAALS    =      2503.9785
 EELEC  =    -14707.8938  EHBOND  =         0.0000  RESTRAINT  =         6.9040
 EAMBER (non-restraint)  =    -12753.4320
 EKCMT  =         0.0000  VIRIAL  =         0.0000  VOLUME     =     32035.3993
                                                    Density    =         1.0125
 Ewald error estimate:   0.5123E-04
 ------------------------------------------------------------------------------

wrapping first mol.:      -23.08173       16.32125       28.26924

 NSTEP =    46500   TIME(PS) =     113.000  TEMP(K) =   306.70  PRESS =     0.0
 Etot   =    -10753.0438  EKtot   =      1980.7840  EPtot      =    -12733.8278
 BOND   =         6.1918  ANGLE   =        15.3853  DIHED      =        15.1929
 1-4 NB =        12.3893  1-4 EEL =      -601.5591  VDWAALS    =      2518.3955
 EELEC  =    -14709.7900  EHBOND  =         0.0000  RESTRAINT  =         9.9665
 EAMBER (non-restraint)  =    -12743.7943
 EKCMT  =         0.0000  VIRIAL  =         0.0000  VOLUME     =     31948.9986
                                                    Density    =         1.0153
 Ewald error estimate:   0.8030E-04
 ------------------------------------------------------------------------------

wrapping first mol.:      -23.19024       16.39798       28.40213

 NSTEP =    47000   TIME(PS) =     114.000  TEMP(K) =   289.87  PRESS =     0.0
 Etot   =    -10860.3809  EKtot   =      1872.0800  EPtot      =    -12732.4609
 BOND   =        10.8189  ANGLE   =        13.6228  DIHED      =        18.7451
 1-4 NB =        10.8480  1-4 EEL =      -601.4385  VDWAALS    =      2355.5011
 EELEC  =    -14547.4563  EHBOND  =         0.0000  RESTRAINT  =         6.8980
 EAMBER (non-restraint)  =    -12739.3589
 EKCMT  =         0.0000  VIRIAL  =         0.0000  VOLUME     =     32401.6982
                                                    Density    =         1.0011
 Ewald error estimate:   0.2371E-05
 ------------------------------------------------------------------------------

wrapping first mol.:      -23.26798       16.45295       28.49734

 NSTEP =    47500   TIME(PS) =     115.000  TEMP(K) =   297.55  PRESS =     0.0
 Etot   =    -10853.5604  EKtot   =      1921.6682  EPtot      =    -12775.2286
 BOND   =         6.8944  ANGLE   =        18.6756  DIHED      =        12.7555
 1-4 NB =        12.8876  1-4 EEL =      -608.9747  VDWAALS    =      2431.9308
 EELEC  =    -14661.3685  EHBOND  =         0.0000  RESTRAINT  =        11.9707
 EAMBER (non-restraint)  =    -12787.1993
 EKCMT  =         0.0000  VIRIAL  =         0.0000  VOLUME     =     32728.6494
                                                    Density    =         0.9911
 Ewald error estimate:   0.4250E-03
 ------------------------------------------------------------------------------

wrapping first mol.:      -23.20571       16.40892       28.42108

 NSTEP =    48000   TIME(PS) =     116.000  TEMP(K) =   293.75  PRESS =     0.0
 Etot   =    -10906.4696  EKtot   =      1897.1789  EPtot      =    -12803.6485
 BOND   =        10.7066  ANGLE   =        20.9006  DIHED      =        16.6942
 1-4 NB =        12.6681  1-4 EEL =      -603.6211  VDWAALS    =      2309.2442
 EELEC  =    -14579.7940  EHBOND  =         0.0000  RESTRAINT  =         9.5528
 EAMBER (non-restraint)  =    -12813.2014
 EKCMT  =         0.0000  VIRIAL  =         0.0000  VOLUME     =     32466.5965
                                                    Density    =         0.9991
 Ewald error estimate:   0.1268E-03
 ------------------------------------------------------------------------------

wrapping first mol.:      -23.15814       16.37528       28.36282

 NSTEP =    48500   TIME(PS) =     117.000  TEMP(K) =   297.27  PRESS =     0.0
 Etot   =    -10939.7992  EKtot   =      1919.8487  EPtot      =    -12859.6479
 BOND   =         4.0856  ANGLE   =        14.5518  DIHED      =        14.0976
 1-4 NB =        11.2186  1-4 EEL =      -594.8526  VDWAALS    =      2514.7211
 EELEC  =    -14832.9848  EHBOND  =         0.0000  RESTRAINT  =         9.5148
 EAMBER (non-restraint)  =    -12869.1627
 EKCMT  =         0.0000  VIRIAL  =         0.0000  VOLUME     =     32267.3331
                                                    Density    =         1.0052
 Ewald error estimate:   0.4341E-05
 ------------------------------------------------------------------------------

wrapping first mol.:      -23.18135       16.39169       28.39124

 NSTEP =    49000   TIME(PS) =     118.000  TEMP(K) =   297.24  PRESS =     0.0
 Etot   =    -10932.7797  EKtot   =      1919.6965  EPtot      =    -12852.4762
 BOND   =        14.4438  ANGLE   =        19.3863  DIHED      =        15.1560
 1-4 NB =        13.7632  1-4 EEL =      -612.2960  VDWAALS    =      2638.8267
 EELEC  =    -14947.5601  EHBOND  =         0.0000  RESTRAINT  =         5.8039
 EAMBER (non-restraint)  =    -12858.2802
 EKCMT  =         0.0000  VIRIAL  =         0.0000  VOLUME     =     32364.4419
                                                    Density    =         1.0022
 Ewald error estimate:   0.9096E-04
 ------------------------------------------------------------------------------

wrapping first mol.:      -23.16603       16.38086       28.37248

 NSTEP =    49500   TIME(PS) =     119.000  TEMP(K) =   296.70  PRESS =     0.0
 Etot   =    -10951.3802  EKtot   =      1916.1692  EPtot      =    -12867.5494
 BOND   =         6.4841  ANGLE   =        14.7770  DIHED      =        18.2034
 1-4 NB =        11.0707  1-4 EEL =      -597.6953  VDWAALS    =      2511.4593
 EELEC  =    -14841.7920  EHBOND  =         0.0000  RESTRAINT  =         9.9433
 EAMBER (non-restraint)  =    -12877.4927
 EKCMT  =         0.0000  VIRIAL  =         0.0000  VOLUME     =     32300.3368
                                                    Density    =         1.0042
 Ewald error estimate:   0.4216E-03
 ------------------------------------------------------------------------------

wrapping first mol.:      -23.12944       16.35499       28.32767
wrapping first mol.:      -23.12944       16.35499       28.32767

 NSTEP =    50000   TIME(PS) =     120.000  TEMP(K) =   304.53  PRESS =     0.0
 Etot   =    -10962.5042  EKtot   =      1966.7775  EPtot      =    -12929.2817
 BOND   =         5.8268  ANGLE   =        13.0041  DIHED      =        18.4171
 1-4 NB =        13.3609  1-4 EEL =      -607.9793  VDWAALS    =      2450.0938
 EELEC  =    -14831.0940  EHBOND  =         0.0000  RESTRAINT  =         9.0888
 EAMBER (non-restraint)  =    -12938.3705
 EKCMT  =         0.0000  VIRIAL  =         0.0000  VOLUME     =     32147.5160
                                                    Density    =         1.0090
 Ewald error estimate:   0.1478E-03
 ------------------------------------------------------------------------------


      A V E R A G E S   O V E R     100 S T E P S


 NSTEP =    50000   TIME(PS) =     120.000  TEMP(K) =   298.02  PRESS =     0.0
 Etot   =    -10918.6220  EKtot   =      1924.6962  EPtot      =    -12843.3182
 BOND   =         7.1414  ANGLE   =        15.5134  DIHED      =        16.5176
 1-4 NB =        11.7248  1-4 EEL =      -602.7534  VDWAALS    =      2473.7253
 EELEC  =    -14774.1120  EHBOND  =         0.0000  RESTRAINT  =         8.9248
 EAMBER (non-restraint)  =    -12852.2430
 EKCMT  =         0.0000  VIRIAL  =         0.0000  VOLUME     =     32388.0961
                                                    Density    =         1.0020
 Ewald error estimate:   0.1921E-03
 ------------------------------------------------------------------------------


      R M S  F L U C T U A T I O N S


 NSTEP =    50000   TIME(PS) =     120.000  TEMP(K) =     4.48  PRESS =     0.0
 Etot   =        68.3820  EKtot   =        28.9365  EPtot      =        63.2342
 BOND   =         2.2829  ANGLE   =         2.7395  DIHED      =         1.8045
 1-4 NB =         0.9890  1-4 EEL =         3.6970  VDWAALS    =        73.8310
 EELEC  =       114.8526  EHBOND  =         0.0000  RESTRAINT  =         1.8413
 EAMBER (non-restraint)  =        61.3928
 EKCMT  =         0.0000  VIRIAL  =         0.0000  VOLUME     =       717.2882
                                                    Density    =         0.0208
 Ewald error estimate:   0.1353E-03
 ------------------------------------------------------------------------------

| MC Barostat:        500 volume changes attempted.
| MC Barostat:        238 changes successful ( 47.60%)
 ------------------------------------------------------------------------------

--------------------------------------------------------------------------------
   5.  TIMINGS
--------------------------------------------------------------------------------

|  NonSetup CPU Time in Major Routines, Average for All Tasks:
|
|     Routine           Sec        %
|     ------------------------------
|     DataDistrib       9.53    9.23
|     Nonbond          88.17   85.44
|     Bond              0.14    0.13
|     Angle             0.16    0.15
|     Dihedral          0.21    0.20
|     Shake             0.60    0.59
|     RunMD             4.20    4.07
|     Other             0.19    0.18
|     ------------------------------
|     Total           103.20

|  PME Nonbond Pairlist CPU Time, Average for All Tasks:
|
|     Routine              Sec        %
|     ---------------------------------
|     Set Up Cit           0.29    0.28
|     Build List          10.48   10.16
|     ---------------------------------
|     Total               10.77   10.44

|  PME Direct Force CPU Time, Average for All Tasks:
|
|     Routine              Sec        %
|     ---------------------------------
|     NonBonded Calc      60.91   59.02
|     Exclude Masked       0.68    0.65
|     Other                2.41    2.34
|     ---------------------------------
|     Total               64.00   62.01

|  PME Reciprocal Force CPU Time, Average for All Tasks:
|
|     Routine              Sec        %
|     ---------------------------------
|     1D bspline           1.11    1.08
|     Grid Charges         1.21    1.18
|     Scalar Sum           1.16    1.13
|     Gradient Sum         2.10    2.04
|     FFT                  7.51    7.28
|     ---------------------------------
|     Total               13.10   12.69

|  PME Load Balancing CPU Time, Average for All Tasks:
|
|     Routine                 Sec        %
|     ------------------------------------
|     Atom Reassign           0.00    0.00
|     Image Reassign          0.00    0.00
|     FFT Reassign            0.00    0.00
|     ------------------------------------
|     Total                   0.01    0.01

|  Final Performance Info:
|     -----------------------------------------------------
|     Average timings for last   20500 steps:
|     Elapsed(s) =      42.43 Per Step(ms) =       2.07
|         ns/day =      83.50   seconds/ns =    1034.79
|
|     Average timings for all steps:
|     Elapsed(s) =     103.25 Per Step(ms) =       2.06
|         ns/day =      83.68   seconds/ns =    1032.49
|     -----------------------------------------------------

|  Master Setup CPU time:            0.03 seconds
|  Master NonSetup CPU time:       102.94 seconds
|  Master Total CPU time:          102.98 seconds     0.03 hours

|  Master Setup wall time:           0    seconds
|  Master NonSetup wall time:      104    seconds
|  Master Total wall time:         104    seconds     0.03 hours
