
          -------------------------------------------------------
          Amber 18 PMEMD                              2018
          -------------------------------------------------------

| PMEMD implementation of SANDER, Release 18

| Run on 03/09/2022 at 01:05:20

|   Executable path: pmemd.MPI
| Working directory: /bgfs/lchong/dty7/ff15ipq-lig/charges/v00/GenConformers/Conf18
|          Hostname: smp-n123

  [-O]verwriting output

File Assignments:
|   MDIN: ../../../amber/6.2_eq1.in                                             
|  MDOUT: 6.2_eq1.out                                                           
| INPCRD: 6.1_min.rst                                                           
|   PARM: ../../mon.top                                                         
| RESTRT: 6.2_eq1.rst                                                           
|   REFC: 6.1_min.rst                                                           
|  MDVEL: mdvel                                                                 
|   MDEN: mden                                                                  
|  MDCRD: mdcrd                                                                 
| MDINFO: mdinfo                                                                
|LOGFILE: logfile                                                               
|  MDFRC: mdfrc                                                                 

 
 Here is the input file:
 
&cntrl                                                                         
  imin      = 0,                                                               
  irest     = 0,                                                               
  ntx       = 1,                                                               
  ig        = -1,                                                              
  dt        = 0.002,                                                           
  nstlim    = 10000,                                                           
  nscm      = 500,                                                             
  ntr       = 1,                                                               
  restraintmask = ':1',                                                        
  restraint_wt  = 10.0,                                                        
  ntb       = 1,                                                               
  ntp       = 0,                                                               
  ntt       = 3,                                                               
  tempi     = 298.0,                                                           
  temp0     = 298.0,                                                           
  gamma_ln  = 1.0,                                                             
  ntf       = 2,                                                               
  ntc       = 2,                                                               
  cut       = 10.0,                                                            
  ntpr      = 500,                                                             
  ntxo      = 2,                                                               
  ntwr      = 10000,                                                           
  ioutfm    = 1,                                                               
  ntwx      = 500,                                                             
  iwrap     = 1,                                                               
&end                                                                           


Note: ig = -1. Setting random seed to   221635 based on wallclock time in
      microseconds and disabling the synchronization of random numbers 
      between tasks to improve performance.
| irandom = 1, using AMBER's internal random number generator (default).
 
 
| Conditional Compilation Defines Used:
| MPI
| FFTW_FFT
| BINTRAJ
| MKL
| EMIL
 
| Largest sphere to fit in unit cell has radius =    14.729

| New format PARM file being parsed.
| Version =    1.000 Date = 03/08/22 Time = 18:50:46

| Note: 1-4 EEL scale factors are being read from the topology file.

| Note: 1-4 VDW scale factors are being read from the topology file.
| Duplicated    0 dihedrals

| Duplicated    0 dihedrals

--------------------------------------------------------------------------------
   1.  RESOURCE   USE: 
--------------------------------------------------------------------------------

 getting box info from netcdf restart file
 NATOM  =    3240 NTYPES =      14 NBONH =    3220 MBONA  =      21
 NTHETH =      33 MTHETA =      29 NPHIH =      58 MPHIA  =      46
 NHPARM =       0 NPARM  =       0 NNB   =    4456 NRES   =    1069
 NBONA  =      21 NTHETA =      29 NPHIA =      46 NUMBND =      22
 NUMANG =      35 NPTRA  =      22 NATYP =      17 NPHB   =       1
 IFBOX  =       2 NMXRS  =      36 IFCAP =       0 NEXTRA =       0
 NCOPY  =       0

| Coordinate Index Table dimensions:     5    5    5
| Direct force subcell size =     7.2157    7.2157    7.2157

     BOX TYPE: TRUNCATED OCTAHEDRON

--------------------------------------------------------------------------------
   2.  CONTROL  DATA  FOR  THE  RUN
--------------------------------------------------------------------------------

MON                                                                             

General flags:
     imin    =       0, nmropt  =       0

Nature and format of input:
     ntx     =       1, irest   =       0, ntrx    =       1

Nature and format of output:
     ntxo    =       2, ntpr    =     500, ntrx    =       1, ntwr    =   10000
     iwrap   =       1, ntwx    =     500, ntwv    =       0, ntwe    =       0
     ioutfm  =       1, ntwprt  =       0, idecomp =       0, rbornstat=      0

Potential function:
     ntf     =       2, ntb     =       1, igb     =       0, nsnb    =      25
     ipol    =       0, gbsa    =       0, iesp    =       0
     dielc   =   1.00000, cut     =  10.00000, intdiel =   1.00000

Frozen or restrained atoms:
     ibelly  =       0, ntr     =       1
     restraint_wt =  10.00000

Molecular dynamics:
     nstlim  =     10000, nscm    =         0, nrespa  =         1
     t       =   0.00000, dt      =   0.00200, vlimit  =  20.00000

Langevin dynamics temperature regulation:
     ig      =  221635
     temp0   = 298.00000, tempi   = 298.00000, gamma_ln=   1.00000

SHAKE:
     ntc     =       2, jfastw  =       0
     tol     =   0.00001

| Intermolecular bonds treatment:
|     no_intermolecular_bonds =       1

| Energy averages sample interval:
|     ene_avg_sampling =     500

Ewald parameters:
     verbose =       0, ew_type =       0, nbflag  =       1, use_pme =       1
     vdwmeth =       1, eedmeth =       1, netfrc  =       1
     Box X =   36.078   Box Y =   36.078   Box Z =   36.078
     Alpha =  109.471   Beta  =  109.471   Gamma =  109.471
     NFFT1 =   40       NFFT2 =   40       NFFT3 =   40
     Cutoff=   10.000   Tol   =0.100E-04
     Ewald Coefficient =  0.27511
     Interpolation order =    4

| PMEMD ewald parallel performance parameters:
|     block_fft =    0
|     fft_blk_y_divisor =    2
|     excl_recip =    0
|     excl_master =    0
|     atm_redist_freq =  320

    LOADING THE CONSTRAINED ATOMS AS GROUPS


   5.  REFERENCE ATOM COORDINATES

  MON                                                                             
     Mask :1; matches    36 atoms

--------------------------------------------------------------------------------
   3.  ATOMIC COORDINATES AND VELOCITIES
--------------------------------------------------------------------------------

MON                                                                             
 begin time read from input coords =     0.000 ps

 
 Number of triangulated 3-point waters found:     1068

     Sum of charges from parm topology file =  -0.00200217
     Forcing neutrality...

| Dynamic Memory, Types Used:
| Reals             1198095
| Integers           209559

| Nonbonded Pairs Initial Allocation:      317358

| Running AMBER/MPI version on    8 MPI task

 
--------------------------------------------------------------------------------
   4.  RESULTS
--------------------------------------------------------------------------------

 ---------------------------------------------------
 APPROXIMATING switch and d/dx switch using CUBIC SPLINE INTERPOLATION
 using   5000.0 points per unit in tabled values
 TESTING RELATIVE ERROR over r ranging from 0.0 to cutoff
| CHECK switch(x): max rel err =   0.3316E-14   at   2.351880
| CHECK d/dx switch(x): max rel err =   0.8066E-11   at   2.747240
 ---------------------------------------------------
|---------------------------------------------------
| APPROXIMATING direct energy using CUBIC SPLINE INTERPOLATION
|  with   50.0 points per unit in tabled values
| Relative Error Limit not exceeded for r .gt.   2.34
| APPROXIMATING direct force using CUBIC SPLINE INTERPOLATION
|  with   50.0 points per unit in tabled values
| Relative Error Limit not exceeded for r .gt.   2.81
|---------------------------------------------------

 NSTEP =        0   TIME(PS) =       0.000  TEMP(K) =   447.97  PRESS =     0.0
 Etot   =    -14575.6593  EKtot   =      2893.1339  EPtot      =    -17468.7931
 BOND   =         0.8532  ANGLE   =         6.0499  DIHED      =         9.3635
 1-4 NB =        11.7146  1-4 EEL =      -246.7769  VDWAALS    =      3784.7187
 EELEC  =    -21034.7163  EHBOND  =         0.0000  RESTRAINT  =         0.0000
 Ewald error estimate:   0.5697E-04
 ------------------------------------------------------------------------------

wrapping first mol.:      -12.02612      -17.00750       29.45786

 NSTEP =      500   TIME(PS) =       1.000  TEMP(K) =   246.19  PRESS =     0.0
 Etot   =    -11329.6265  EKtot   =      1589.9566  EPtot      =    -12919.5831
 BOND   =         5.6368  ANGLE   =        14.5971  DIHED      =        11.2362
 1-4 NB =        12.0599  1-4 EEL =      -246.0345  VDWAALS    =      2629.9610
 EELEC  =    -15350.7506  EHBOND  =         0.0000  RESTRAINT  =         3.7110
 EAMBER (non-restraint)  =    -12923.2941
 Ewald error estimate:   0.3016E-03
 ------------------------------------------------------------------------------

wrapping first mol.:      -12.02612      -17.00750       29.45786

 NSTEP =     1000   TIME(PS) =       2.000  TEMP(K) =   280.04  PRESS =     0.0
 Etot   =    -10874.5494  EKtot   =      1808.5823  EPtot      =    -12683.1317
 BOND   =         6.0804  ANGLE   =        16.1778  DIHED      =        10.0016
 1-4 NB =        14.4822  1-4 EEL =      -249.2518  VDWAALS    =      2383.5385
 EELEC  =    -14870.6013  EHBOND  =         0.0000  RESTRAINT  =         6.4411
 EAMBER (non-restraint)  =    -12689.5727
 Ewald error estimate:   0.5308E-04
 ------------------------------------------------------------------------------

wrapping first mol.:      -12.02612      -17.00750       29.45786

 NSTEP =     1500   TIME(PS) =       3.000  TEMP(K) =   287.65  PRESS =     0.0
 Etot   =    -10693.8875  EKtot   =      1857.7666  EPtot      =    -12551.6540
 BOND   =         8.3261  ANGLE   =        16.5353  DIHED      =        13.8180
 1-4 NB =        13.6473  1-4 EEL =      -247.4518  VDWAALS    =      2347.7492
 EELEC  =    -14711.8981  EHBOND  =         0.0000  RESTRAINT  =         7.6201
 EAMBER (non-restraint)  =    -12559.2741
 Ewald error estimate:   0.2419E-03
 ------------------------------------------------------------------------------

wrapping first mol.:      -12.02612      -17.00750       29.45786

 NSTEP =     2000   TIME(PS) =       4.000  TEMP(K) =   291.86  PRESS =     0.0
 Etot   =    -10601.7654  EKtot   =      1884.9290  EPtot      =    -12486.6943
 BOND   =        10.2491  ANGLE   =        15.5754  DIHED      =        14.0209
 1-4 NB =        11.9354  1-4 EEL =      -247.9766  VDWAALS    =      2295.9280
 EELEC  =    -14597.9090  EHBOND  =         0.0000  RESTRAINT  =        11.4824
 EAMBER (non-restraint)  =    -12498.1768
 Ewald error estimate:   0.3861E-04
 ------------------------------------------------------------------------------

wrapping first mol.:      -12.02612      -17.00750       29.45786

 NSTEP =     2500   TIME(PS) =       5.000  TEMP(K) =   291.03  PRESS =     0.0
 Etot   =    -10545.4317  EKtot   =      1879.5528  EPtot      =    -12424.9845
 BOND   =         6.2467  ANGLE   =        15.6498  DIHED      =        16.5524
 1-4 NB =        11.4284  1-4 EEL =      -248.2644  VDWAALS    =      2332.8600
 EELEC  =    -14568.0204  EHBOND  =         0.0000  RESTRAINT  =         8.5631
 EAMBER (non-restraint)  =    -12433.5476
 Ewald error estimate:   0.4658E-03
 ------------------------------------------------------------------------------

wrapping first mol.:      -12.02612      -17.00750       29.45786

 NSTEP =     3000   TIME(PS) =       6.000  TEMP(K) =   299.30  PRESS =     0.0
 Etot   =    -10524.4686  EKtot   =      1933.0053  EPtot      =    -12457.4739
 BOND   =         8.0659  ANGLE   =        14.8433  DIHED      =        11.8732
 1-4 NB =        11.8315  1-4 EEL =      -247.1603  VDWAALS    =      2293.5730
 EELEC  =    -14558.2011  EHBOND  =         0.0000  RESTRAINT  =         7.7006
 EAMBER (non-restraint)  =    -12465.1745
 Ewald error estimate:   0.3749E-03
 ------------------------------------------------------------------------------

wrapping first mol.:      -12.02612      -17.00750       29.45786

 NSTEP =     3500   TIME(PS) =       7.000  TEMP(K) =   302.66  PRESS =     0.0
 Etot   =    -10475.0117  EKtot   =      1954.7159  EPtot      =    -12429.7276
 BOND   =        10.3029  ANGLE   =        12.4893  DIHED      =        12.7953
 1-4 NB =        11.4989  1-4 EEL =      -248.4752  VDWAALS    =      2265.3465
 EELEC  =    -14499.3216  EHBOND  =         0.0000  RESTRAINT  =         5.6364
 EAMBER (non-restraint)  =    -12435.3639
 Ewald error estimate:   0.3376E-03
 ------------------------------------------------------------------------------

wrapping first mol.:      -12.02612      -17.00750       29.45786

 NSTEP =     4000   TIME(PS) =       8.000  TEMP(K) =   301.88  PRESS =     0.0
 Etot   =    -10409.4551  EKtot   =      1949.6506  EPtot      =    -12359.1057
 BOND   =         8.8492  ANGLE   =        17.2076  DIHED      =        15.2845
 1-4 NB =        11.8327  1-4 EEL =      -248.7640  VDWAALS    =      2339.4016
 EELEC  =    -14511.2775  EHBOND  =         0.0000  RESTRAINT  =         8.3602
 EAMBER (non-restraint)  =    -12367.4659
 Ewald error estimate:   0.2931E-04
 ------------------------------------------------------------------------------

wrapping first mol.:      -12.02612      -17.00750       29.45786

 NSTEP =     4500   TIME(PS) =       9.000  TEMP(K) =   297.78  PRESS =     0.0
 Etot   =    -10440.8622  EKtot   =      1923.1983  EPtot      =    -12364.0605
 BOND   =         8.0683  ANGLE   =        11.9917  DIHED      =        15.2665
 1-4 NB =        12.9057  1-4 EEL =      -249.1563  VDWAALS    =      2389.2121
 EELEC  =    -14561.0579  EHBOND  =         0.0000  RESTRAINT  =         8.7094
 EAMBER (non-restraint)  =    -12372.7699
 Ewald error estimate:   0.1561E-03
 ------------------------------------------------------------------------------

wrapping first mol.:      -12.02612      -17.00750       29.45786

 NSTEP =     5000   TIME(PS) =      10.000  TEMP(K) =   299.58  PRESS =     0.0
 Etot   =    -10451.6936  EKtot   =      1934.7934  EPtot      =    -12386.4869
 BOND   =         6.9914  ANGLE   =        15.5365  DIHED      =        12.1320
 1-4 NB =        10.0604  1-4 EEL =      -246.5918  VDWAALS    =      2370.3792
 EELEC  =    -14560.8979  EHBOND  =         0.0000  RESTRAINT  =         5.9032
 EAMBER (non-restraint)  =    -12392.3901
 Ewald error estimate:   0.2029E-03
 ------------------------------------------------------------------------------

wrapping first mol.:      -12.02612      -17.00750       29.45786

 NSTEP =     5500   TIME(PS) =      11.000  TEMP(K) =   288.25  PRESS =     0.0
 Etot   =    -10443.4816  EKtot   =      1861.6306  EPtot      =    -12305.1122
 BOND   =         7.9057  ANGLE   =        13.9453  DIHED      =        10.7862
 1-4 NB =        12.4815  1-4 EEL =      -246.6039  VDWAALS    =      2286.1789
 EELEC  =    -14396.9683  EHBOND  =         0.0000  RESTRAINT  =         7.1624
 EAMBER (non-restraint)  =    -12312.2746
 Ewald error estimate:   0.3199E-03
 ------------------------------------------------------------------------------

wrapping first mol.:      -12.02612      -17.00750       29.45786

 NSTEP =     6000   TIME(PS) =      12.000  TEMP(K) =   296.63  PRESS =     0.0
 Etot   =    -10540.0435  EKtot   =      1915.7185  EPtot      =    -12455.7620
 BOND   =         4.4367  ANGLE   =        16.5198  DIHED      =        15.2798
 1-4 NB =        11.6735  1-4 EEL =      -248.9504  VDWAALS    =      2320.7687
 EELEC  =    -14582.4875  EHBOND  =         0.0000  RESTRAINT  =         6.9973
 EAMBER (non-restraint)  =    -12462.7594
 Ewald error estimate:   0.4660E-03
 ------------------------------------------------------------------------------

wrapping first mol.:      -12.02612      -17.00750       29.45786

 NSTEP =     6500   TIME(PS) =      13.000  TEMP(K) =   300.22  PRESS =     0.0
 Etot   =    -10499.3374  EKtot   =      1938.9464  EPtot      =    -12438.2838
 BOND   =         4.0493  ANGLE   =        17.5467  DIHED      =        12.4895
 1-4 NB =        11.7347  1-4 EEL =      -247.8212  VDWAALS    =      2268.3713
 EELEC  =    -14510.7075  EHBOND  =         0.0000  RESTRAINT  =         6.0534
 EAMBER (non-restraint)  =    -12444.3372
 Ewald error estimate:   0.3085E-03
 ------------------------------------------------------------------------------

wrapping first mol.:      -12.02612      -17.00750       29.45786

 NSTEP =     7000   TIME(PS) =      14.000  TEMP(K) =   296.25  PRESS =     0.0
 Etot   =    -10483.2748  EKtot   =      1913.3088  EPtot      =    -12396.5836
 BOND   =         5.7398  ANGLE   =        13.4488  DIHED      =        11.0381
 1-4 NB =        12.4569  1-4 EEL =      -246.9363  VDWAALS    =      2247.6940
 EELEC  =    -14445.5287  EHBOND  =         0.0000  RESTRAINT  =         5.5039
 EAMBER (non-restraint)  =    -12402.0874
 Ewald error estimate:   0.3128E-03
 ------------------------------------------------------------------------------

wrapping first mol.:      -12.02612      -17.00750       29.45786

 NSTEP =     7500   TIME(PS) =      15.000  TEMP(K) =   299.05  PRESS =     0.0
 Etot   =    -10438.6063  EKtot   =      1931.4006  EPtot      =    -12370.0069
 BOND   =         5.9004  ANGLE   =        15.8824  DIHED      =        12.3231
 1-4 NB =        11.7658  1-4 EEL =      -243.3437  VDWAALS    =      2317.1352
 EELEC  =    -14497.5674  EHBOND  =         0.0000  RESTRAINT  =         7.8973
 EAMBER (non-restraint)  =    -12377.9042
 Ewald error estimate:   0.8940E-04
 ------------------------------------------------------------------------------

wrapping first mol.:      -12.02612      -17.00750       29.45786

 NSTEP =     8000   TIME(PS) =      16.000  TEMP(K) =   298.75  PRESS =     0.0
 Etot   =    -10433.0216  EKtot   =      1929.4656  EPtot      =    -12362.4871
 BOND   =         5.9312  ANGLE   =        11.7800  DIHED      =        12.1967
 1-4 NB =        14.0267  1-4 EEL =      -248.0182  VDWAALS    =      2311.1267
 EELEC  =    -14476.3468  EHBOND  =         0.0000  RESTRAINT  =         6.8166
 EAMBER (non-restraint)  =    -12369.3037
 Ewald error estimate:   0.3375E-03
 ------------------------------------------------------------------------------

wrapping first mol.:      -12.02612      -17.00750       29.45786

 NSTEP =     8500   TIME(PS) =      17.000  TEMP(K) =   302.17  PRESS =     0.0
 Etot   =    -10425.6638  EKtot   =      1951.5309  EPtot      =    -12377.1947
 BOND   =         7.9889  ANGLE   =        10.7706  DIHED      =        10.7975
 1-4 NB =        11.9807  1-4 EEL =      -246.8178  VDWAALS    =      2254.1338
 EELEC  =    -14434.0154  EHBOND  =         0.0000  RESTRAINT  =         7.9669
 EAMBER (non-restraint)  =    -12385.1616
 Ewald error estimate:   0.2777E-03
 ------------------------------------------------------------------------------

wrapping first mol.:      -12.02612      -17.00750       29.45786

 NSTEP =     9000   TIME(PS) =      18.000  TEMP(K) =   300.75  PRESS =     0.0
 Etot   =    -10478.0001  EKtot   =      1942.3398  EPtot      =    -12420.3399
 BOND   =         6.9209  ANGLE   =        10.6162  DIHED      =        12.1349
 1-4 NB =        14.1014  1-4 EEL =      -249.1858  VDWAALS    =      2288.1546
 EELEC  =    -14507.8514  EHBOND  =         0.0000  RESTRAINT  =         4.7693
 EAMBER (non-restraint)  =    -12425.1092
 Ewald error estimate:   0.1129E-03
 ------------------------------------------------------------------------------

wrapping first mol.:      -12.02612      -17.00750       29.45786

 NSTEP =     9500   TIME(PS) =      19.000  TEMP(K) =   304.97  PRESS =     0.0
 Etot   =    -10422.9370  EKtot   =      1969.5883  EPtot      =    -12392.5253
 BOND   =         7.7817  ANGLE   =        12.7374  DIHED      =        11.4997
 1-4 NB =        13.4273  1-4 EEL =      -248.8063  VDWAALS    =      2266.0839
 EELEC  =    -14459.7542  EHBOND  =         0.0000  RESTRAINT  =         4.5051
 EAMBER (non-restraint)  =    -12397.0304
 Ewald error estimate:   0.5879E-04
 ------------------------------------------------------------------------------

wrapping first mol.:      -12.02612      -17.00750       29.45786
wrapping first mol.:      -12.02612      -17.00750       29.45786

 NSTEP =    10000   TIME(PS) =      20.000  TEMP(K) =   302.15  PRESS =     0.0
 Etot   =    -10410.7995  EKtot   =      1951.3897  EPtot      =    -12362.1892
 BOND   =        11.1171  ANGLE   =        16.5265  DIHED      =        13.5832
 1-4 NB =        11.6720  1-4 EEL =      -245.9408  VDWAALS    =      2274.7566
 EELEC  =    -14453.7209  EHBOND  =         0.0000  RESTRAINT  =         9.8170
 EAMBER (non-restraint)  =    -12372.0063
 Ewald error estimate:   0.3476E-03
 ------------------------------------------------------------------------------


      A V E R A G E S   O V E R      20 S T E P S


 NSTEP =    10000   TIME(PS) =      20.000  TEMP(K) =   294.36  PRESS =     0.0
 Etot   =    -10546.0959  EKtot   =      1901.0735  EPtot      =    -12447.1694
 BOND   =         7.3294  ANGLE   =        14.5189  DIHED      =        12.7555
 1-4 NB =        12.3501  1-4 EEL =      -247.5775  VDWAALS    =      2324.1176
 EELEC  =    -14577.7442  EHBOND  =         0.0000  RESTRAINT  =         7.0808
 EAMBER (non-restraint)  =    -12454.2502
 Ewald error estimate:   0.2416E-03
 ------------------------------------------------------------------------------


      R M S  F L U C T U A T I O N S


 NSTEP =    10000   TIME(PS) =      20.000  TEMP(K) =    12.60  PRESS =     0.0
 Etot   =       210.3062  EKtot   =        81.3591  EPtot      =       134.6143
 BOND   =         1.8521  ANGLE   =         2.1046  DIHED      =         1.7487
 1-4 NB =         1.0721  1-4 EEL =         1.4223  VDWAALS    =        81.2743
 EELEC  =       204.8839  EHBOND  =         0.0000  RESTRAINT  =         1.8209
 EAMBER (non-restraint)  =       132.7934
 Ewald error estimate:   0.1365E-03
 ------------------------------------------------------------------------------

--------------------------------------------------------------------------------
   5.  TIMINGS
--------------------------------------------------------------------------------

|  NonSetup CPU Time in Major Routines, Average for All Tasks:
|
|     Routine           Sec        %
|     ------------------------------
|     DataDistrib       2.00   10.41
|     Nonbond          16.12   83.75
|     Bond              0.03    0.14
|     Angle             0.03    0.17
|     Dihedral          0.05    0.24
|     Shake             0.13    0.66
|     RunMD             0.87    4.50
|     Other             0.03    0.13
|     ------------------------------
|     Total            19.24

|  PME Nonbond Pairlist CPU Time, Average for All Tasks:
|
|     Routine              Sec        %
|     ---------------------------------
|     Set Up Cit           0.06    0.30
|     Build List           1.96   10.20
|     ---------------------------------
|     Total                2.02   10.50

|  PME Direct Force CPU Time, Average for All Tasks:
|
|     Routine              Sec        %
|     ---------------------------------
|     NonBonded Calc      10.80   56.11
|     Exclude Masked       0.13    0.70
|     Other                0.48    2.52
|     ---------------------------------
|     Total               11.42   59.33

|  PME Reciprocal Force CPU Time, Average for All Tasks:
|
|     Routine              Sec        %
|     ---------------------------------
|     1D bspline           0.22    1.15
|     Grid Charges         0.24    1.26
|     Scalar Sum           0.21    1.12
|     Gradient Sum         0.43    2.22
|     FFT                  1.51    7.87
|     ---------------------------------
|     Total                2.62   13.61

|  PME Load Balancing CPU Time, Average for All Tasks:
|
|     Routine                 Sec        %
|     ------------------------------------
|     Atom Reassign           0.00    0.00
|     Image Reassign          0.00    0.00
|     FFT Reassign            0.00    0.00
|     ------------------------------------
|     Total                   0.00    0.01

|  Final Performance Info:
|     -----------------------------------------------------
|     Average timings for last   10000 steps:
|     Elapsed(s) =      19.26 Per Step(ms) =       1.93
|         ns/day =      89.74   seconds/ns =     962.80
|
|     Average timings for all steps:
|     Elapsed(s) =      19.26 Per Step(ms) =       1.93
|         ns/day =      89.74   seconds/ns =     962.80
|     -----------------------------------------------------

|  Master Setup CPU time:            0.03 seconds
|  Master NonSetup CPU time:        19.22 seconds
|  Master Total CPU time:           19.26 seconds     0.01 hours

|  Master Setup wall time:           0    seconds
|  Master NonSetup wall time:       20    seconds
|  Master Total wall time:          20    seconds     0.01 hours
