
          -------------------------------------------------------
          Amber 18 PMEMD                              2018
          -------------------------------------------------------

| PMEMD implementation of SANDER, Release 18

| Run on 03/09/2022 at 01:07:48

|   Executable path: pmemd.MPI
| Working directory: /bgfs/lchong/dty7/ff15ipq-lig/charges/v00/GenConformers/Conf19
|          Hostname: smp-n123

  [-O]verwriting output

File Assignments:
|   MDIN: ../../../amber/6.2_eq1.in                                             
|  MDOUT: 6.2_eq1.out                                                           
| INPCRD: 6.1_min.rst                                                           
|   PARM: ../../mon.top                                                         
| RESTRT: 6.2_eq1.rst                                                           
|   REFC: 6.1_min.rst                                                           
|  MDVEL: mdvel                                                                 
|   MDEN: mden                                                                  
|  MDCRD: mdcrd                                                                 
| MDINFO: mdinfo                                                                
|LOGFILE: logfile                                                               
|  MDFRC: mdfrc                                                                 

 
 Here is the input file:
 
&cntrl                                                                         
  imin      = 0,                                                               
  irest     = 0,                                                               
  ntx       = 1,                                                               
  ig        = -1,                                                              
  dt        = 0.002,                                                           
  nstlim    = 10000,                                                           
  nscm      = 500,                                                             
  ntr       = 1,                                                               
  restraintmask = ':1',                                                        
  restraint_wt  = 10.0,                                                        
  ntb       = 1,                                                               
  ntp       = 0,                                                               
  ntt       = 3,                                                               
  tempi     = 298.0,                                                           
  temp0     = 298.0,                                                           
  gamma_ln  = 1.0,                                                             
  ntf       = 2,                                                               
  ntc       = 2,                                                               
  cut       = 10.0,                                                            
  ntpr      = 500,                                                             
  ntxo      = 2,                                                               
  ntwr      = 10000,                                                           
  ioutfm    = 1,                                                               
  ntwx      = 500,                                                             
  iwrap     = 1,                                                               
&end                                                                           


Note: ig = -1. Setting random seed to   836633 based on wallclock time in
      microseconds and disabling the synchronization of random numbers 
      between tasks to improve performance.
| irandom = 1, using AMBER's internal random number generator (default).
 
 
| Conditional Compilation Defines Used:
| MPI
| FFTW_FFT
| BINTRAJ
| MKL
| EMIL
 
| Largest sphere to fit in unit cell has radius =    14.721

| New format PARM file being parsed.
| Version =    1.000 Date = 03/08/22 Time = 18:50:46

| Note: 1-4 EEL scale factors are being read from the topology file.

| Note: 1-4 VDW scale factors are being read from the topology file.
| Duplicated    0 dihedrals

| Duplicated    0 dihedrals

--------------------------------------------------------------------------------
   1.  RESOURCE   USE: 
--------------------------------------------------------------------------------

 getting box info from netcdf restart file
 NATOM  =    3240 NTYPES =      14 NBONH =    3220 MBONA  =      21
 NTHETH =      33 MTHETA =      29 NPHIH =      58 MPHIA  =      46
 NHPARM =       0 NPARM  =       0 NNB   =    4456 NRES   =    1069
 NBONA  =      21 NTHETA =      29 NPHIA =      46 NUMBND =      22
 NUMANG =      35 NPTRA  =      22 NATYP =      17 NPHB   =       1
 IFBOX  =       2 NMXRS  =      36 IFCAP =       0 NEXTRA =       0
 NCOPY  =       0

| Coordinate Index Table dimensions:     5    5    5
| Direct force subcell size =     7.2117    7.2117    7.2117

     BOX TYPE: TRUNCATED OCTAHEDRON

--------------------------------------------------------------------------------
   2.  CONTROL  DATA  FOR  THE  RUN
--------------------------------------------------------------------------------

MON                                                                             

General flags:
     imin    =       0, nmropt  =       0

Nature and format of input:
     ntx     =       1, irest   =       0, ntrx    =       1

Nature and format of output:
     ntxo    =       2, ntpr    =     500, ntrx    =       1, ntwr    =   10000
     iwrap   =       1, ntwx    =     500, ntwv    =       0, ntwe    =       0
     ioutfm  =       1, ntwprt  =       0, idecomp =       0, rbornstat=      0

Potential function:
     ntf     =       2, ntb     =       1, igb     =       0, nsnb    =      25
     ipol    =       0, gbsa    =       0, iesp    =       0
     dielc   =   1.00000, cut     =  10.00000, intdiel =   1.00000

Frozen or restrained atoms:
     ibelly  =       0, ntr     =       1
     restraint_wt =  10.00000

Molecular dynamics:
     nstlim  =     10000, nscm    =         0, nrespa  =         1
     t       =   0.00000, dt      =   0.00200, vlimit  =  20.00000

Langevin dynamics temperature regulation:
     ig      =  836633
     temp0   = 298.00000, tempi   = 298.00000, gamma_ln=   1.00000

SHAKE:
     ntc     =       2, jfastw  =       0
     tol     =   0.00001

| Intermolecular bonds treatment:
|     no_intermolecular_bonds =       1

| Energy averages sample interval:
|     ene_avg_sampling =     500

Ewald parameters:
     verbose =       0, ew_type =       0, nbflag  =       1, use_pme =       1
     vdwmeth =       1, eedmeth =       1, netfrc  =       1
     Box X =   36.058   Box Y =   36.058   Box Z =   36.058
     Alpha =  109.471   Beta  =  109.471   Gamma =  109.471
     NFFT1 =   40       NFFT2 =   40       NFFT3 =   40
     Cutoff=   10.000   Tol   =0.100E-04
     Ewald Coefficient =  0.27511
     Interpolation order =    4

| PMEMD ewald parallel performance parameters:
|     block_fft =    0
|     fft_blk_y_divisor =    2
|     excl_recip =    0
|     excl_master =    0
|     atm_redist_freq =  320

    LOADING THE CONSTRAINED ATOMS AS GROUPS


   5.  REFERENCE ATOM COORDINATES

  MON                                                                             
     Mask :1; matches    36 atoms

--------------------------------------------------------------------------------
   3.  ATOMIC COORDINATES AND VELOCITIES
--------------------------------------------------------------------------------

MON                                                                             
 begin time read from input coords =     0.000 ps

 
 Number of triangulated 3-point waters found:     1068

     Sum of charges from parm topology file =  -0.00200217
     Forcing neutrality...

| Dynamic Memory, Types Used:
| Reals             1198095
| Integers           209509

| Nonbonded Pairs Initial Allocation:      317358

| Running AMBER/MPI version on    8 MPI task

 
--------------------------------------------------------------------------------
   4.  RESULTS
--------------------------------------------------------------------------------

 ---------------------------------------------------
 APPROXIMATING switch and d/dx switch using CUBIC SPLINE INTERPOLATION
 using   5000.0 points per unit in tabled values
 TESTING RELATIVE ERROR over r ranging from 0.0 to cutoff
| CHECK switch(x): max rel err =   0.3316E-14   at   2.351880
| CHECK d/dx switch(x): max rel err =   0.8066E-11   at   2.747240
 ---------------------------------------------------
|---------------------------------------------------
| APPROXIMATING direct energy using CUBIC SPLINE INTERPOLATION
|  with   50.0 points per unit in tabled values
| Relative Error Limit not exceeded for r .gt.   2.34
| APPROXIMATING direct force using CUBIC SPLINE INTERPOLATION
|  with   50.0 points per unit in tabled values
| Relative Error Limit not exceeded for r .gt.   2.81
|---------------------------------------------------

 NSTEP =        0   TIME(PS) =       0.000  TEMP(K) =   432.19  PRESS =     0.0
 Etot   =    -14700.9972  EKtot   =      2791.2357  EPtot      =    -17492.2329
 BOND   =         0.8164  ANGLE   =         6.4896  DIHED      =        12.3774
 1-4 NB =        11.8949  1-4 EEL =      -245.0884  VDWAALS    =      3653.0375
 EELEC  =    -20931.7604  EHBOND  =         0.0000  RESTRAINT  =         0.0000
 Ewald error estimate:   0.1987E-03
 ------------------------------------------------------------------------------

wrapping first mol.:       36.05848        0.00000        0.00000

 NSTEP =      500   TIME(PS) =       1.000  TEMP(K) =   245.59  PRESS =     0.0
 Etot   =    -11338.5812  EKtot   =      1586.1426  EPtot      =    -12924.7238
 BOND   =         6.5517  ANGLE   =        16.1280  DIHED      =        15.8101
 1-4 NB =        10.8651  1-4 EEL =      -246.0766  VDWAALS    =      2494.2325
 EELEC  =    -15226.9324  EHBOND  =         0.0000  RESTRAINT  =         4.6977
 EAMBER (non-restraint)  =    -12929.4216
 Ewald error estimate:   0.2974E-03
 ------------------------------------------------------------------------------

wrapping first mol.:       36.05848        0.00000        0.00000

 NSTEP =     1000   TIME(PS) =       2.000  TEMP(K) =   275.11  PRESS =     0.0
 Etot   =    -10854.7676  EKtot   =      1776.7490  EPtot      =    -12631.5166
 BOND   =         8.5597  ANGLE   =        14.7914  DIHED      =        13.9562
 1-4 NB =        11.7736  1-4 EEL =      -244.9263  VDWAALS    =      2362.2399
 EELEC  =    -14804.7613  EHBOND  =         0.0000  RESTRAINT  =         6.8503
 EAMBER (non-restraint)  =    -12638.3669
 Ewald error estimate:   0.1467E-03
 ------------------------------------------------------------------------------

wrapping first mol.:       36.05848        0.00000        0.00000

 NSTEP =     1500   TIME(PS) =       3.000  TEMP(K) =   290.51  PRESS =     0.0
 Etot   =    -10634.7688  EKtot   =      1876.2089  EPtot      =    -12510.9777
 BOND   =         5.1005  ANGLE   =        15.1247  DIHED      =        14.0903
 1-4 NB =        13.7309  1-4 EEL =      -245.1410  VDWAALS    =      2419.4720
 EELEC  =    -14739.6585  EHBOND  =         0.0000  RESTRAINT  =         6.3033
 EAMBER (non-restraint)  =    -12517.2810
 Ewald error estimate:   0.3180E-03
 ------------------------------------------------------------------------------

wrapping first mol.:       36.05848        0.00000        0.00000

 NSTEP =     2000   TIME(PS) =       4.000  TEMP(K) =   300.98  PRESS =     0.0
 Etot   =    -10429.5476  EKtot   =      1943.8498  EPtot      =    -12373.3974
 BOND   =         6.3780  ANGLE   =        14.4395  DIHED      =        17.5740
 1-4 NB =        11.1906  1-4 EEL =      -243.3198  VDWAALS    =      2242.7494
 EELEC  =    -14430.6612  EHBOND  =         0.0000  RESTRAINT  =         8.2522
 EAMBER (non-restraint)  =    -12381.6496
 Ewald error estimate:   0.4750E-04
 ------------------------------------------------------------------------------

wrapping first mol.:       36.05848        0.00000        0.00000

 NSTEP =     2500   TIME(PS) =       5.000  TEMP(K) =   303.41  PRESS =     0.0
 Etot   =    -10395.6817  EKtot   =      1959.5454  EPtot      =    -12355.2270
 BOND   =         4.5548  ANGLE   =        15.4681  DIHED      =        17.7232
 1-4 NB =        12.8649  1-4 EEL =      -246.7243  VDWAALS    =      2314.7360
 EELEC  =    -14479.4255  EHBOND  =         0.0000  RESTRAINT  =         5.5757
 EAMBER (non-restraint)  =    -12360.8027
 Ewald error estimate:   0.1091E-03
 ------------------------------------------------------------------------------

wrapping first mol.:       36.05848        0.00000        0.00000

 NSTEP =     3000   TIME(PS) =       6.000  TEMP(K) =   293.33  PRESS =     0.0
 Etot   =    -10463.9944  EKtot   =      1894.4435  EPtot      =    -12358.4380
 BOND   =         6.6537  ANGLE   =        15.9009  DIHED      =        15.5788
 1-4 NB =        12.3034  1-4 EEL =      -246.3961  VDWAALS    =      2334.7523
 EELEC  =    -14507.1175  EHBOND  =         0.0000  RESTRAINT  =         9.8865
 EAMBER (non-restraint)  =    -12368.3245
 Ewald error estimate:   0.5105E-04
 ------------------------------------------------------------------------------

wrapping first mol.:       36.05848        0.00000        0.00000

 NSTEP =     3500   TIME(PS) =       7.000  TEMP(K) =   304.50  PRESS =     0.0
 Etot   =    -10461.2481  EKtot   =      1966.5887  EPtot      =    -12427.8368
 BOND   =         9.0477  ANGLE   =        13.1881  DIHED      =        15.1721
 1-4 NB =        11.3908  1-4 EEL =      -243.9875  VDWAALS    =      2372.6207
 EELEC  =    -14612.1150  EHBOND  =         0.0000  RESTRAINT  =         6.8463
 EAMBER (non-restraint)  =    -12434.6830
 Ewald error estimate:   0.1846E-03
 ------------------------------------------------------------------------------

wrapping first mol.:       36.05848        0.00000        0.00000

 NSTEP =     4000   TIME(PS) =       8.000  TEMP(K) =   296.38  PRESS =     0.0
 Etot   =    -10549.7608  EKtot   =      1914.1369  EPtot      =    -12463.8977
 BOND   =         7.4773  ANGLE   =        17.5021  DIHED      =        16.3371
 1-4 NB =        11.7706  1-4 EEL =      -245.8183  VDWAALS    =      2367.8631
 EELEC  =    -14642.8739  EHBOND  =         0.0000  RESTRAINT  =         3.8443
 EAMBER (non-restraint)  =    -12467.7420
 Ewald error estimate:   0.3971E-03
 ------------------------------------------------------------------------------

wrapping first mol.:       36.05848        0.00000        0.00000

 NSTEP =     4500   TIME(PS) =       9.000  TEMP(K) =   296.66  PRESS =     0.0
 Etot   =    -10547.8813  EKtot   =      1915.9641  EPtot      =    -12463.8454
 BOND   =         6.0260  ANGLE   =        14.5397  DIHED      =        16.2677
 1-4 NB =        11.6468  1-4 EEL =      -246.1036  VDWAALS    =      2251.4272
 EELEC  =    -14526.5429  EHBOND  =         0.0000  RESTRAINT  =         8.8938
 EAMBER (non-restraint)  =    -12472.7392
 Ewald error estimate:   0.2035E-04
 ------------------------------------------------------------------------------

wrapping first mol.:       36.05848        0.00000        0.00000

 NSTEP =     5000   TIME(PS) =      10.000  TEMP(K) =   290.74  PRESS =     0.0
 Etot   =    -10586.1437  EKtot   =      1877.6869  EPtot      =    -12463.8306
 BOND   =         5.8922  ANGLE   =        13.4294  DIHED      =        13.2245
 1-4 NB =        11.3231  1-4 EEL =      -248.0891  VDWAALS    =      2326.0540
 EELEC  =    -14590.9142  EHBOND  =         0.0000  RESTRAINT  =         5.2495
 EAMBER (non-restraint)  =    -12469.0802
 Ewald error estimate:   0.2190E-03
 ------------------------------------------------------------------------------

wrapping first mol.:       36.05848        0.00000        0.00000

 NSTEP =     5500   TIME(PS) =      11.000  TEMP(K) =   287.99  PRESS =     0.0
 Etot   =    -10628.5696  EKtot   =      1859.9464  EPtot      =    -12488.5160
 BOND   =         7.2510  ANGLE   =        13.7620  DIHED      =        15.2916
 1-4 NB =        12.1816  1-4 EEL =      -244.0223  VDWAALS    =      2319.8589
 EELEC  =    -14620.8829  EHBOND  =         0.0000  RESTRAINT  =         8.0442
 EAMBER (non-restraint)  =    -12496.5602
 Ewald error estimate:   0.3120E-04
 ------------------------------------------------------------------------------

wrapping first mol.:       36.05848        0.00000        0.00000

 NSTEP =     6000   TIME(PS) =      12.000  TEMP(K) =   300.60  PRESS =     0.0
 Etot   =    -10527.5240  EKtot   =      1941.4141  EPtot      =    -12468.9381
 BOND   =         6.0497  ANGLE   =        15.6143  DIHED      =        15.2747
 1-4 NB =        12.3465  1-4 EEL =      -244.2584  VDWAALS    =      2298.5084
 EELEC  =    -14579.3869  EHBOND  =         0.0000  RESTRAINT  =         6.9137
 EAMBER (non-restraint)  =    -12475.8518
 Ewald error estimate:   0.1779E-04
 ------------------------------------------------------------------------------

wrapping first mol.:       36.05848        0.00000        0.00000

 NSTEP =     6500   TIME(PS) =      13.000  TEMP(K) =   286.93  PRESS =     0.0
 Etot   =    -10549.4756  EKtot   =      1853.0728  EPtot      =    -12402.5483
 BOND   =         9.0401  ANGLE   =        13.5940  DIHED      =        15.3628
 1-4 NB =        11.3399  1-4 EEL =      -245.4688  VDWAALS    =      2355.7281
 EELEC  =    -14573.4214  EHBOND  =         0.0000  RESTRAINT  =        11.2770
 EAMBER (non-restraint)  =    -12413.8254
 Ewald error estimate:   0.2748E-03
 ------------------------------------------------------------------------------

wrapping first mol.:       36.05848        0.00000        0.00000

 NSTEP =     7000   TIME(PS) =      14.000  TEMP(K) =   294.08  PRESS =     0.0
 Etot   =    -10556.3050  EKtot   =      1899.2740  EPtot      =    -12455.5790
 BOND   =         3.8409  ANGLE   =        11.7814  DIHED      =        15.5009
 1-4 NB =        12.6666  1-4 EEL =      -247.5215  VDWAALS    =      2332.9023
 EELEC  =    -14590.4600  EHBOND  =         0.0000  RESTRAINT  =         5.7104
 EAMBER (non-restraint)  =    -12461.2894
 Ewald error estimate:   0.5108E-03
 ------------------------------------------------------------------------------

wrapping first mol.:       36.05848        0.00000        0.00000

 NSTEP =     7500   TIME(PS) =      15.000  TEMP(K) =   297.79  PRESS =     0.0
 Etot   =    -10414.5388  EKtot   =      1923.2308  EPtot      =    -12337.7696
 BOND   =         4.1341  ANGLE   =        18.2427  DIHED      =        17.6499
 1-4 NB =        13.3326  1-4 EEL =      -247.9065  VDWAALS    =      2329.0853
 EELEC  =    -14479.3522  EHBOND  =         0.0000  RESTRAINT  =         7.0445
 EAMBER (non-restraint)  =    -12344.8141
 Ewald error estimate:   0.1145E-03
 ------------------------------------------------------------------------------

wrapping first mol.:       36.05848        0.00000        0.00000

 NSTEP =     8000   TIME(PS) =      16.000  TEMP(K) =   304.23  PRESS =     0.0
 Etot   =    -10415.0333  EKtot   =      1964.8283  EPtot      =    -12379.8616
 BOND   =         8.3711  ANGLE   =        21.2054  DIHED      =        14.2514
 1-4 NB =        12.3863  1-4 EEL =      -245.6144  VDWAALS    =      2300.6834
 EELEC  =    -14498.8668  EHBOND  =         0.0000  RESTRAINT  =         7.7220
 EAMBER (non-restraint)  =    -12387.5836
 Ewald error estimate:   0.3810E-03
 ------------------------------------------------------------------------------

wrapping first mol.:       36.05848        0.00000        0.00000

 NSTEP =     8500   TIME(PS) =      17.000  TEMP(K) =   300.86  PRESS =     0.0
 Etot   =    -10421.0848  EKtot   =      1943.0704  EPtot      =    -12364.1552
 BOND   =         8.1173  ANGLE   =        14.9359  DIHED      =        15.6874
 1-4 NB =        12.1999  1-4 EEL =      -246.1822  VDWAALS    =      2396.5577
 EELEC  =    -14573.6784  EHBOND  =         0.0000  RESTRAINT  =         8.2070
 EAMBER (non-restraint)  =    -12372.3622
 Ewald error estimate:   0.2805E-03
 ------------------------------------------------------------------------------

wrapping first mol.:       36.05848        0.00000        0.00000

 NSTEP =     9000   TIME(PS) =      18.000  TEMP(K) =   299.78  PRESS =     0.0
 Etot   =    -10513.8093  EKtot   =      1936.0973  EPtot      =    -12449.9066
 BOND   =         7.0195  ANGLE   =        17.6238  DIHED      =        15.2242
 1-4 NB =        13.0857  1-4 EEL =      -245.2067  VDWAALS    =      2338.6379
 EELEC  =    -14605.4301  EHBOND  =         0.0000  RESTRAINT  =         9.1392
 EAMBER (non-restraint)  =    -12459.0457
 Ewald error estimate:   0.2527E-03
 ------------------------------------------------------------------------------

wrapping first mol.:       36.05848        0.00000        0.00000

 NSTEP =     9500   TIME(PS) =      19.000  TEMP(K) =   305.39  PRESS =     0.0
 Etot   =    -10481.1648  EKtot   =      1972.3357  EPtot      =    -12453.5005
 BOND   =         5.2649  ANGLE   =        16.9611  DIHED      =        18.2620
 1-4 NB =        12.3368  1-4 EEL =      -246.1891  VDWAALS    =      2484.8706
 EELEC  =    -14754.6965  EHBOND  =         0.0000  RESTRAINT  =         9.6897
 EAMBER (non-restraint)  =    -12463.1903
 Ewald error estimate:   0.2238E-04
 ------------------------------------------------------------------------------

wrapping first mol.:       36.05848        0.00000        0.00000
wrapping first mol.:       36.05848        0.00000        0.00000

 NSTEP =    10000   TIME(PS) =      20.000  TEMP(K) =   294.12  PRESS =     0.0
 Etot   =    -10470.5298  EKtot   =      1899.5552  EPtot      =    -12370.0850
 BOND   =         6.5733  ANGLE   =        13.5807  DIHED      =        16.5905
 1-4 NB =        11.7087  1-4 EEL =      -243.7423  VDWAALS    =      2227.2058
 EELEC  =    -14407.2827  EHBOND  =         0.0000  RESTRAINT  =         5.2810
 EAMBER (non-restraint)  =    -12375.3661
 Ewald error estimate:   0.3725E-03
 ------------------------------------------------------------------------------


      A V E R A G E S   O V E R      20 S T E P S


 NSTEP =    10000   TIME(PS) =      20.000  TEMP(K) =   293.45  PRESS =     0.0
 Etot   =    -10562.0205  EKtot   =      1895.2070  EPtot      =    -12457.2276
 BOND   =         6.5952  ANGLE   =        15.3907  DIHED      =        15.7415
 1-4 NB =        12.1222  1-4 EEL =      -245.6348  VDWAALS    =      2343.5093
 EELEC  =    -14612.2230  EHBOND  =         0.0000  RESTRAINT  =         7.2714
 EAMBER (non-restraint)  =    -12464.4990
 Ewald error estimate:   0.2024E-03
 ------------------------------------------------------------------------------


      R M S  F L U C T U A T I O N S


 NSTEP =    10000   TIME(PS) =      20.000  TEMP(K) =    13.11  PRESS =     0.0
 Etot   =       205.6957  EKtot   =        84.6596  EPtot      =       126.6281
 BOND   =         1.5114  ANGLE   =         2.0960  DIHED      =         1.3105
 1-4 NB =         0.7387  1-4 EEL =         1.3167  VDWAALS    =        67.5855
 EELEC  =       173.0647  EHBOND  =         0.0000  RESTRAINT  =         1.8801
 EAMBER (non-restraint)  =       124.7480
 Ewald error estimate:   0.1460E-03
 ------------------------------------------------------------------------------

--------------------------------------------------------------------------------
   5.  TIMINGS
--------------------------------------------------------------------------------

|  NonSetup CPU Time in Major Routines, Average for All Tasks:
|
|     Routine           Sec        %
|     ------------------------------
|     DataDistrib       2.02   10.53
|     Nonbond          16.07   83.65
|     Bond              0.03    0.14
|     Angle             0.03    0.17
|     Dihedral          0.04    0.23
|     Shake             0.13    0.66
|     RunMD             0.86    4.50
|     Other             0.03    0.13
|     ------------------------------
|     Total            19.21

|  PME Nonbond Pairlist CPU Time, Average for All Tasks:
|
|     Routine              Sec        %
|     ---------------------------------
|     Set Up Cit           0.06    0.29
|     Build List           1.95   10.17
|     ---------------------------------
|     Total                2.01   10.46

|  PME Direct Force CPU Time, Average for All Tasks:
|
|     Routine              Sec        %
|     ---------------------------------
|     NonBonded Calc      10.80   56.20
|     Exclude Masked       0.13    0.70
|     Other                0.47    2.44
|     ---------------------------------
|     Total               11.40   59.33

|  PME Reciprocal Force CPU Time, Average for All Tasks:
|
|     Routine              Sec        %
|     ---------------------------------
|     1D bspline           0.22    1.16
|     Grid Charges         0.24    1.26
|     Scalar Sum           0.21    1.11
|     Gradient Sum         0.42    2.20
|     FFT                  1.50    7.83
|     ---------------------------------
|     Total                2.60   13.56

|  PME Load Balancing CPU Time, Average for All Tasks:
|
|     Routine                 Sec        %
|     ------------------------------------
|     Atom Reassign           0.00    0.00
|     Image Reassign          0.00    0.00
|     FFT Reassign            0.00    0.00
|     ------------------------------------
|     Total                   0.00    0.01

|  Final Performance Info:
|     -----------------------------------------------------
|     Average timings for last   10000 steps:
|     Elapsed(s) =      19.22 Per Step(ms) =       1.92
|         ns/day =      89.89   seconds/ns =     961.18
|
|     Average timings for all steps:
|     Elapsed(s) =      19.22 Per Step(ms) =       1.92
|         ns/day =      89.89   seconds/ns =     961.18
|     -----------------------------------------------------

|  Master Setup CPU time:            0.03 seconds
|  Master NonSetup CPU time:        19.20 seconds
|  Master Total CPU time:           19.24 seconds     0.01 hours

|  Master Setup wall time:           0    seconds
|  Master NonSetup wall time:       19    seconds
|  Master Total wall time:          19    seconds     0.01 hours
