
          -------------------------------------------------------
          Amber 18 PMEMD                              2018
          -------------------------------------------------------

| PMEMD implementation of SANDER, Release 18

| Run on 03/23/2022 at 18:17:11

|   Executable path: pmemd.MPI
| Working directory: /bgfs/lchong/dty7/ff15ipq-lig/charges/gaff_02/GenConformers/Conf14
|          Hostname: smp-n123

  [-O]verwriting output

File Assignments:
|   MDIN: ../../../amber/6.3_eq2.in                                             
|  MDOUT: 6.3_eq2.out                                                           
| INPCRD: 6.2_eq1.rst                                                           
|   PARM: ../../mon.top                                                         
| RESTRT: 6.3_eq2.rst                                                           
|   REFC: 6.2_eq1.rst                                                           
|  MDVEL: mdvel                                                                 
|   MDEN: mden                                                                  
|  MDCRD: mdcrd                                                                 
| MDINFO: mdinfo                                                                
|LOGFILE: logfile                                                               
|  MDFRC: mdfrc                                                                 

 
 Here is the input file:
 
&cntrl                                                                         
  imin      = 0,                                                               
  irest     = 1,                                                               
  ntx       = 5,                                                               
  ig        = -1,                                                              
  dt        = 0.002,                                                           
  nstlim    = 50000,                                                           
  nscm      = 500,                                                             
  ntr       = 1,                                                               
  restraintmask = ':1',                                                        
  restraint_wt  = 10.0,                                                        
  ntb       = 2,                                                               
  ntp       = 1,                                                               
  barostat  = 2,                                                               
  pres0     = 1.0,                                                             
  mcbarint  = 100,                                                             
  comp      = 44.6,                                                            
  taup      = 1.0,                                                             
  ntt       = 3,                                                               
  temp0     = 298.0,                                                           
  gamma_ln  = 1.0,                                                             
  ntf       = 2,                                                               
  ntc       = 2,                                                               
  cut       = 10.0,                                                            
  ntpr      = 500,                                                             
  ntxo      = 1,                                                               
  ntwr      = 50000,                                                           
  ioutfm    = 1,                                                               
  ntwx      = 500,                                                             
  iwrap     = 1,                                                               
&end                                                                           


Note: ig = -1. Setting random seed to   720819 based on wallclock time in
      microseconds and disabling the synchronization of random numbers 
      between tasks to improve performance.
| irandom = 1, using AMBER's internal random number generator (default).
 
 
| Conditional Compilation Defines Used:
| MPI
| FFTW_FFT
| BINTRAJ
| MKL
| EMIL
 
| Largest sphere to fit in unit cell has radius =    14.821

| New format PARM file being parsed.
| Version =    1.000 Date = 03/23/22 Time = 14:37:26

| Note: 1-4 EEL scale factors are being read from the topology file.

| Note: 1-4 VDW scale factors are being read from the topology file.
| Duplicated    0 dihedrals

| Duplicated    0 dihedrals

--------------------------------------------------------------------------------
   1.  RESOURCE   USE: 
--------------------------------------------------------------------------------

 getting box info from netcdf restart file
 NATOM  =    3240 NTYPES =      13 NBONH =    3220 MBONA  =      21
 NTHETH =      33 MTHETA =      29 NPHIH =      60 MPHIA  =      45
 NHPARM =       0 NPARM  =       0 NNB   =    4456 NRES   =    1069
 NBONA  =      21 NTHETA =      29 NPHIA =      45 NUMBND =      22
 NUMANG =      35 NPTRA  =      18 NATYP =      17 NPHB   =       0
 IFBOX  =       2 NMXRS  =      36 IFCAP =       0 NEXTRA =       0
 NCOPY  =       0

| Coordinate Index Table dimensions:     5    5    5
| Direct force subcell size =     7.2607    7.2607    7.2607

     BOX TYPE: TRUNCATED OCTAHEDRON

--------------------------------------------------------------------------------
   2.  CONTROL  DATA  FOR  THE  RUN
--------------------------------------------------------------------------------

default_name                                                                    

General flags:
     imin    =       0, nmropt  =       0

Nature and format of input:
     ntx     =       5, irest   =       1, ntrx    =       1

Nature and format of output:
     ntxo    =       1, ntpr    =     500, ntrx    =       1, ntwr    =   50000
     iwrap   =       1, ntwx    =     500, ntwv    =       0, ntwe    =       0
     ioutfm  =       1, ntwprt  =       0, idecomp =       0, rbornstat=      0

Potential function:
     ntf     =       2, ntb     =       2, igb     =       0, nsnb    =      25
     ipol    =       0, gbsa    =       0, iesp    =       0
     dielc   =   1.00000, cut     =  10.00000, intdiel =   1.00000

Frozen or restrained atoms:
     ibelly  =       0, ntr     =       1
     restraint_wt =  10.00000

Molecular dynamics:
     nstlim  =     50000, nscm    =         0, nrespa  =         1
     t       =   0.00000, dt      =   0.00200, vlimit  =  20.00000

Langevin dynamics temperature regulation:
     ig      =  720819
     temp0   = 298.00000, tempi   =   0.00000, gamma_ln=   1.00000

Pressure regulation:
     ntp     =       1
     pres0   =   1.00000, comp    =  44.60000, taup    =   1.00000
     Monte-Carlo Barostat:
     mcbarint  =     100

SHAKE:
     ntc     =       2, jfastw  =       0
     tol     =   0.00001

| Intermolecular bonds treatment:
|     no_intermolecular_bonds =       1

| Energy averages sample interval:
|     ene_avg_sampling =     500

Ewald parameters:
     verbose =       0, ew_type =       0, nbflag  =       1, use_pme =       1
     vdwmeth =       1, eedmeth =       1, netfrc  =       1
     Box X =   36.304   Box Y =   36.304   Box Z =   36.304
     Alpha =  109.471   Beta  =  109.471   Gamma =  109.471
     NFFT1 =   40       NFFT2 =   40       NFFT3 =   40
     Cutoff=   10.000   Tol   =0.100E-04
     Ewald Coefficient =  0.27511
     Interpolation order =    4

| PMEMD ewald parallel performance parameters:
|     block_fft =    0
|     fft_blk_y_divisor =    2
|     excl_recip =    0
|     excl_master =    0
|     atm_redist_freq =  320

    LOADING THE CONSTRAINED ATOMS AS GROUPS


   5.  REFERENCE ATOM COORDINATES

  default_name                                                                    
     Mask :1; matches    36 atoms
| MONTE CARLO BAROSTAT IMPORTANT NOTE:
|   The Monte-Carlo barostat does not require the virial to adjust the system volume.
|   Since it is an expensive calculation, it is skipped for efficiency. A side-effect
|   is that the reported pressure is always 0 because it is not calculated.

--------------------------------------------------------------------------------
   3.  ATOMIC COORDINATES AND VELOCITIES
--------------------------------------------------------------------------------

default_name                                                                    
 begin time read from input coords =    20.000 ps

 
 Number of triangulated 3-point waters found:     1068

     Sum of charges from parm topology file =  -0.00010118
     Forcing neutrality...

| Dynamic Memory, Types Used:
| Reals             1243230
| Integers           215276

| Nonbonded Pairs Initial Allocation:      317358

| Running AMBER/MPI version on    8 MPI task

 
--------------------------------------------------------------------------------
   4.  RESULTS
--------------------------------------------------------------------------------

 ---------------------------------------------------
 APPROXIMATING switch and d/dx switch using CUBIC SPLINE INTERPOLATION
 using   5000.0 points per unit in tabled values
 TESTING RELATIVE ERROR over r ranging from 0.0 to cutoff
| CHECK switch(x): max rel err =   0.3316E-14   at   2.351880
| CHECK d/dx switch(x): max rel err =   0.8066E-11   at   2.747240
 ---------------------------------------------------
|---------------------------------------------------
| APPROXIMATING direct energy using CUBIC SPLINE INTERPOLATION
|  with   50.0 points per unit in tabled values
| Relative Error Limit not exceeded for r .gt.   2.34
| APPROXIMATING direct force using CUBIC SPLINE INTERPOLATION
|  with   50.0 points per unit in tabled values
| Relative Error Limit not exceeded for r .gt.   2.81
|---------------------------------------------------
wrapping first mol.:       12.05103       17.04273       29.51888

 NSTEP =      500   TIME(PS) =      21.000  TEMP(K) =   293.58  PRESS =     0.0
 Etot   =    -10808.6951  EKtot   =      1896.0539  EPtot      =    -12704.7491
 BOND   =         5.3191  ANGLE   =         9.6668  DIHED      =        15.6451
 1-4 NB =        11.5521  1-4 EEL =      -662.0124  VDWAALS    =      2500.9234
 EELEC  =    -14594.9383  EHBOND  =         0.0000  RESTRAINT  =         9.0950
 EAMBER (non-restraint)  =    -12713.8441
 EKCMT  =         0.0000  VIRIAL  =         0.0000  VOLUME     =     36375.9558
                                                    Density    =         0.8917
 Ewald error estimate:   0.1116E-03
 ------------------------------------------------------------------------------

wrapping first mol.:       11.95013       16.90004       29.27172

 NSTEP =     1000   TIME(PS) =      22.000  TEMP(K) =   297.07  PRESS =     0.0
 Etot   =    -10825.2411  EKtot   =      1918.5840  EPtot      =    -12743.8251
 BOND   =         5.6616  ANGLE   =        16.2840  DIHED      =        16.3452
 1-4 NB =        11.9976  1-4 EEL =      -668.1517  VDWAALS    =      2477.2199
 EELEC  =    -14611.6515  EHBOND  =         0.0000  RESTRAINT  =         8.4697
 EAMBER (non-restraint)  =    -12752.2948
 EKCMT  =         0.0000  VIRIAL  =         0.0000  VOLUME     =     35469.8949
                                                    Density    =         0.9145
 Ewald error estimate:   0.3862E-03
 ------------------------------------------------------------------------------

wrapping first mol.:       11.88002       16.80089       29.09999

 NSTEP =     1500   TIME(PS) =      23.000  TEMP(K) =   290.48  PRESS =     0.0
 Etot   =    -10800.0452  EKtot   =      1876.0507  EPtot      =    -12676.0959
 BOND   =         7.6864  ANGLE   =        13.7066  DIHED      =        18.9398
 1-4 NB =        12.2053  1-4 EEL =      -667.8561  VDWAALS    =      2401.2477
 EELEC  =    -14469.5074  EHBOND  =         0.0000  RESTRAINT  =         7.4817
 EAMBER (non-restraint)  =    -12683.5776
 EKCMT  =         0.0000  VIRIAL  =         0.0000  VOLUME     =     34849.2534
                                                    Density    =         0.9308
 Ewald error estimate:   0.1979E-03
 ------------------------------------------------------------------------------

wrapping first mol.:       11.81745       16.71239       28.94671

 NSTEP =     2000   TIME(PS) =      24.000  TEMP(K) =   296.61  PRESS =     0.0
 Etot   =    -10915.8998  EKtot   =      1915.5868  EPtot      =    -12831.4866
 BOND   =         9.7113  ANGLE   =        18.7673  DIHED      =        18.3517
 1-4 NB =        12.3512  1-4 EEL =      -667.3876  VDWAALS    =      2478.0299
 EELEC  =    -14713.5259  EHBOND  =         0.0000  RESTRAINT  =        12.2155
 EAMBER (non-restraint)  =    -12843.7021
 EKCMT  =         0.0000  VIRIAL  =         0.0000  VOLUME     =     34301.4648
                                                    Density    =         0.9456
 Ewald error estimate:   0.1681E-03
 ------------------------------------------------------------------------------

wrapping first mol.:       11.79448       16.67992       28.89046

 NSTEP =     2500   TIME(PS) =      25.000  TEMP(K) =   297.93  PRESS =     0.0
 Etot   =    -10862.0318  EKtot   =      1924.1208  EPtot      =    -12786.1526
 BOND   =         8.8901  ANGLE   =        12.2299  DIHED      =        20.2277
 1-4 NB =        12.7429  1-4 EEL =      -670.2924  VDWAALS    =      2616.9996
 EELEC  =    -14796.6265  EHBOND  =         0.0000  RESTRAINT  =         9.6762
 EAMBER (non-restraint)  =    -12795.8288
 EKCMT  =         0.0000  VIRIAL  =         0.0000  VOLUME     =     34101.8933
                                                    Density    =         0.9512
 Ewald error estimate:   0.4245E-04
 ------------------------------------------------------------------------------

wrapping first mol.:       11.71150       16.56256       28.68719

 NSTEP =     3000   TIME(PS) =      26.000  TEMP(K) =   300.91  PRESS =     0.0
 Etot   =    -10849.8953  EKtot   =      1943.4041  EPtot      =    -12793.2994
 BOND   =         9.0206  ANGLE   =        14.8337  DIHED      =        17.2975
 1-4 NB =        12.8081  1-4 EEL =      -672.1628  VDWAALS    =      2563.1687
 EELEC  =    -14746.0517  EHBOND  =         0.0000  RESTRAINT  =         7.7864
 EAMBER (non-restraint)  =    -12801.0858
 EKCMT  =         0.0000  VIRIAL  =         0.0000  VOLUME     =     33387.1161
                                                    Density    =         0.9715
 Ewald error estimate:   0.2014E-03
 ------------------------------------------------------------------------------

wrapping first mol.:       11.69728       16.54246       28.65237

 NSTEP =     3500   TIME(PS) =      27.000  TEMP(K) =   298.21  PRESS =     0.0
 Etot   =    -10931.6588  EKtot   =      1925.9479  EPtot      =    -12857.6067
 BOND   =        11.2220  ANGLE   =        12.6685  DIHED      =        15.3443
 1-4 NB =        11.9534  1-4 EEL =      -664.9788  VDWAALS    =      2419.0886
 EELEC  =    -14670.6508  EHBOND  =         0.0000  RESTRAINT  =         7.7461
 EAMBER (non-restraint)  =    -12865.3528
 EKCMT  =         0.0000  VIRIAL  =         0.0000  VOLUME     =     33265.6995
                                                    Density    =         0.9751
 Ewald error estimate:   0.2235E-03
 ------------------------------------------------------------------------------

wrapping first mol.:       11.62457       16.43962       28.47425

 NSTEP =     4000   TIME(PS) =      28.000  TEMP(K) =   306.14  PRESS =     0.0
 Etot   =    -10880.0914  EKtot   =      1977.1892  EPtot      =    -12857.2806
 BOND   =        12.9471  ANGLE   =        15.5462  DIHED      =        17.2582
 1-4 NB =        13.4955  1-4 EEL =      -670.9906  VDWAALS    =      2475.4619
 EELEC  =    -14730.4286  EHBOND  =         0.0000  RESTRAINT  =         9.4296
 EAMBER (non-restraint)  =    -12866.7102
 EKCMT  =         0.0000  VIRIAL  =         0.0000  VOLUME     =     32649.1574
                                                    Density    =         0.9935
 Ewald error estimate:   0.1337E-03
 ------------------------------------------------------------------------------

wrapping first mol.:       11.62088       16.43440       28.46522

 NSTEP =     4500   TIME(PS) =      29.000  TEMP(K) =   300.07  PRESS =     0.0
 Etot   =    -10935.6635  EKtot   =      1937.9773  EPtot      =    -12873.6408
 BOND   =         8.1467  ANGLE   =        19.3895  DIHED      =        19.6615
 1-4 NB =        13.5375  1-4 EEL =      -669.4596  VDWAALS    =      2443.4007
 EELEC  =    -14717.0074  EHBOND  =         0.0000  RESTRAINT  =         8.6903
 EAMBER (non-restraint)  =    -12882.3311
 EKCMT  =         0.0000  VIRIAL  =         0.0000  VOLUME     =     32618.0888
                                                    Density    =         0.9944
 Ewald error estimate:   0.3522E-03
 ------------------------------------------------------------------------------

wrapping first mol.:       11.63633       16.45626       28.50307

 NSTEP =     5000   TIME(PS) =      30.000  TEMP(K) =   297.25  PRESS =     0.0
 Etot   =    -10897.7959  EKtot   =      1919.7275  EPtot      =    -12817.5234
 BOND   =        10.4103  ANGLE   =        11.5104  DIHED      =        17.0539
 1-4 NB =        14.4521  1-4 EEL =      -673.7905  VDWAALS    =      2498.5466
 EELEC  =    -14704.4629  EHBOND  =         0.0000  RESTRAINT  =         8.7569
 EAMBER (non-restraint)  =    -12826.2803
 EKCMT  =         0.0000  VIRIAL  =         0.0000  VOLUME     =     32748.3928
                                                    Density    =         0.9905
 Ewald error estimate:   0.3169E-03
 ------------------------------------------------------------------------------

wrapping first mol.:       11.60088       16.40612       28.41624

 NSTEP =     5500   TIME(PS) =      31.000  TEMP(K) =   311.77  PRESS =     0.0
 Etot   =    -10836.2908  EKtot   =      2013.5324  EPtot      =    -12849.8232
 BOND   =         6.6709  ANGLE   =        13.4007  DIHED      =        13.6355
 1-4 NB =        13.4449  1-4 EEL =      -674.2564  VDWAALS    =      2502.4752
 EELEC  =    -14738.3704  EHBOND  =         0.0000  RESTRAINT  =        13.1765
 EAMBER (non-restraint)  =    -12862.9997
 EKCMT  =         0.0000  VIRIAL  =         0.0000  VOLUME     =     32449.9993
                                                    Density    =         0.9996
 Ewald error estimate:   0.2420E-04
 ------------------------------------------------------------------------------

wrapping first mol.:       11.56634       16.35728       28.33163

 NSTEP =     6000   TIME(PS) =      32.000  TEMP(K) =   290.39  PRESS =     0.0
 Etot   =    -10890.0987  EKtot   =      1875.4337  EPtot      =    -12765.5324
 BOND   =         7.0585  ANGLE   =        16.5996  DIHED      =        19.9797
 1-4 NB =        12.0651  1-4 EEL =      -663.7083  VDWAALS    =      2396.7128
 EELEC  =    -14563.8347  EHBOND  =         0.0000  RESTRAINT  =         9.5948
 EAMBER (non-restraint)  =    -12775.1272
 EKCMT  =         0.0000  VIRIAL  =         0.0000  VOLUME     =     32161.0151
                                                    Density    =         1.0086
 Ewald error estimate:   0.5304E-04
 ------------------------------------------------------------------------------

wrapping first mol.:       11.58469       16.38322       28.37657

 NSTEP =     6500   TIME(PS) =      33.000  TEMP(K) =   288.41  PRESS =     0.0
 Etot   =    -10985.2724  EKtot   =      1862.6774  EPtot      =    -12847.9498
 BOND   =         7.5310  ANGLE   =        12.3032  DIHED      =        17.0998
 1-4 NB =        14.7362  1-4 EEL =      -671.3817  VDWAALS    =      2450.7162
 EELEC  =    -14687.2226  EHBOND  =         0.0000  RESTRAINT  =         8.2681
 EAMBER (non-restraint)  =    -12856.2179
 EKCMT  =         0.0000  VIRIAL  =         0.0000  VOLUME     =     32314.3067
                                                    Density    =         1.0038
 Ewald error estimate:   0.1327E-03
 ------------------------------------------------------------------------------

wrapping first mol.:       11.60509       16.41208       28.42655

 NSTEP =     7000   TIME(PS) =      34.000  TEMP(K) =   296.29  PRESS =     0.0
 Etot   =    -10915.4723  EKtot   =      1913.5713  EPtot      =    -12829.0436
 BOND   =         9.2358  ANGLE   =        14.5870  DIHED      =        13.3388
 1-4 NB =        12.5024  1-4 EEL =      -673.2285  VDWAALS    =      2389.4204
 EELEC  =    -14604.4091  EHBOND  =         0.0000  RESTRAINT  =         9.5096
 EAMBER (non-restraint)  =    -12838.5532
 EKCMT  =         0.0000  VIRIAL  =         0.0000  VOLUME     =     32485.3270
                                                    Density    =         0.9985
 Ewald error estimate:   0.3036E-03
 ------------------------------------------------------------------------------

wrapping first mol.:       11.59587       16.39904       28.40397

 NSTEP =     7500   TIME(PS) =      35.000  TEMP(K) =   300.37  PRESS =     0.0
 Etot   =    -10900.6169  EKtot   =      1939.8950  EPtot      =    -12840.5120
 BOND   =         7.4239  ANGLE   =        10.7966  DIHED      =        18.5150
 1-4 NB =        12.0344  1-4 EEL =      -664.4808  VDWAALS    =      2466.4955
 EELEC  =    -14699.8044  EHBOND  =         0.0000  RESTRAINT  =         8.5078
 EAMBER (non-restraint)  =    -12849.0198
 EKCMT  =         0.0000  VIRIAL  =         0.0000  VOLUME     =     32407.9817
                                                    Density    =         1.0009
 Ewald error estimate:   0.3678E-03
 ------------------------------------------------------------------------------

wrapping first mol.:       11.60083       16.40606       28.41612

 NSTEP =     8000   TIME(PS) =      36.000  TEMP(K) =   305.14  PRESS =     0.0
 Etot   =    -10863.2276  EKtot   =      1970.7081  EPtot      =    -12833.9357
 BOND   =         8.5980  ANGLE   =        14.9930  DIHED      =        18.9728
 1-4 NB =        15.5768  1-4 EEL =      -677.7388  VDWAALS    =      2463.3269
 EELEC  =    -14689.0292  EHBOND  =         0.0000  RESTRAINT  =        11.3648
 EAMBER (non-restraint)  =    -12845.3005
 EKCMT  =         0.0000  VIRIAL  =         0.0000  VOLUME     =     32449.6004
                                                    Density    =         0.9996
 Ewald error estimate:   0.3347E-04
 ------------------------------------------------------------------------------

wrapping first mol.:       11.58258       16.38024       28.37140

 NSTEP =     8500   TIME(PS) =      37.000  TEMP(K) =   300.25  PRESS =     0.0
 Etot   =    -10919.4819  EKtot   =      1939.1127  EPtot      =    -12858.5947
 BOND   =         9.9848  ANGLE   =        13.9535  DIHED      =        14.2818
 1-4 NB =        14.1279  1-4 EEL =      -672.8986  VDWAALS    =      2483.0008
 EELEC  =    -14728.3373  EHBOND  =         0.0000  RESTRAINT  =         7.2924
 EAMBER (non-restraint)  =    -12865.8871
 EKCMT  =         0.0000  VIRIAL  =         0.0000  VOLUME     =     32296.6339
                                                    Density    =         1.0043
 Ewald error estimate:   0.5569E-04
 ------------------------------------------------------------------------------

wrapping first mol.:       11.57023       16.36277       28.34115

 NSTEP =     9000   TIME(PS) =      38.000  TEMP(K) =   311.78  PRESS =     0.0
 Etot   =    -10885.0531  EKtot   =      2013.6163  EPtot      =    -12898.6694
 BOND   =         7.3161  ANGLE   =        14.6178  DIHED      =        13.5215
 1-4 NB =        13.5398  1-4 EEL =      -668.9878  VDWAALS    =      2579.9908
 EELEC  =    -14866.6870  EHBOND  =         0.0000  RESTRAINT  =         8.0195
 EAMBER (non-restraint)  =    -12906.6888
 EKCMT  =         0.0000  VIRIAL  =         0.0000  VOLUME     =     32193.4221
                                                    Density    =         1.0076
 Ewald error estimate:   0.2162E-05
 ------------------------------------------------------------------------------

wrapping first mol.:       11.59838       16.40258       28.41011

 NSTEP =     9500   TIME(PS) =      39.000  TEMP(K) =   301.53  PRESS =     0.0
 Etot   =    -10891.5938  EKtot   =      1947.3947  EPtot      =    -12838.9884
 BOND   =        10.4603  ANGLE   =        15.8302  DIHED      =        14.3468
 1-4 NB =        14.0181  1-4 EEL =      -674.5331  VDWAALS    =      2518.3868
 EELEC  =    -14746.7925  EHBOND  =         0.0000  RESTRAINT  =         9.2950
 EAMBER (non-restraint)  =    -12848.2835
 EKCMT  =         0.0000  VIRIAL  =         0.0000  VOLUME     =     32429.0035
                                                    Density    =         1.0002
 Ewald error estimate:   0.2303E-03
 ------------------------------------------------------------------------------

wrapping first mol.:       11.55168       16.33654       28.29571

 NSTEP =    10000   TIME(PS) =      40.000  TEMP(K) =   306.75  PRESS =     0.0
 Etot   =    -10865.4863  EKtot   =      1981.1151  EPtot      =    -12846.6014
 BOND   =         6.8897  ANGLE   =        14.7768  DIHED      =        21.6992
 1-4 NB =        15.0119  1-4 EEL =      -672.9165  VDWAALS    =      2501.8772
 EELEC  =    -14741.4597  EHBOND  =         0.0000  RESTRAINT  =         7.5200
 EAMBER (non-restraint)  =    -12854.1215
 EKCMT  =         0.0000  VIRIAL  =         0.0000  VOLUME     =     32038.8540
                                                    Density    =         1.0124
 Ewald error estimate:   0.1118E-03
 ------------------------------------------------------------------------------

wrapping first mol.:       11.53707       16.31588       28.25993

 NSTEP =    10500   TIME(PS) =      41.000  TEMP(K) =   300.96  PRESS =     0.0
 Etot   =    -10941.9193  EKtot   =      1943.6894  EPtot      =    -12885.6088
 BOND   =        10.2813  ANGLE   =        11.8089  DIHED      =        16.0735
 1-4 NB =        11.8720  1-4 EEL =      -666.4787  VDWAALS    =      2606.9070
 EELEC  =    -14885.4001  EHBOND  =         0.0000  RESTRAINT  =         9.3273
 EAMBER (non-restraint)  =    -12894.9360
 EKCMT  =         0.0000  VIRIAL  =         0.0000  VOLUME     =     31917.4611
                                                    Density    =         1.0163
 Ewald error estimate:   0.6986E-04
 ------------------------------------------------------------------------------

wrapping first mol.:       11.53707       16.31588       28.25993

 NSTEP =    11000   TIME(PS) =      42.000  TEMP(K) =   292.40  PRESS =     0.0
 Etot   =    -11078.0510  EKtot   =      1888.4360  EPtot      =    -12966.4870
 BOND   =         8.4867  ANGLE   =        13.0684  DIHED      =        16.2946
 1-4 NB =        11.0437  1-4 EEL =      -669.8979  VDWAALS    =      2550.1615
 EELEC  =    -14905.7727  EHBOND  =         0.0000  RESTRAINT  =        10.1288
 EAMBER (non-restraint)  =    -12976.6158
 EKCMT  =         0.0000  VIRIAL  =         0.0000  VOLUME     =     31917.4611
                                                    Density    =         1.0163
 Ewald error estimate:   0.2399E-03
 ------------------------------------------------------------------------------

wrapping first mol.:       11.56063       16.34919       28.31763

 NSTEP =    11500   TIME(PS) =      43.000  TEMP(K) =   296.76  PRESS =     0.0
 Etot   =    -11002.3156  EKtot   =      1916.6101  EPtot      =    -12918.9257
 BOND   =         4.8086  ANGLE   =        16.4846  DIHED      =        19.0941
 1-4 NB =        12.8070  1-4 EEL =      -663.3236  VDWAALS    =      2498.4037
 EELEC  =    -14814.2033  EHBOND  =         0.0000  RESTRAINT  =         7.0031
 EAMBER (non-restraint)  =    -12925.9288
 EKCMT  =         0.0000  VIRIAL  =         0.0000  VOLUME     =     32113.3619
                                                    Density    =         1.0101
 Ewald error estimate:   0.1531E-03
 ------------------------------------------------------------------------------

wrapping first mol.:       11.54677       16.32960       28.28370

 NSTEP =    12000   TIME(PS) =      44.000  TEMP(K) =   292.58  PRESS =     0.0
 Etot   =    -11069.8639  EKtot   =      1889.6128  EPtot      =    -12959.4767
 BOND   =         8.2992  ANGLE   =        16.1945  DIHED      =        16.8804
 1-4 NB =        13.3876  1-4 EEL =      -672.8404  VDWAALS    =      2527.8712
 EELEC  =    -14880.3445  EHBOND  =         0.0000  RESTRAINT  =        11.0752
 EAMBER (non-restraint)  =    -12970.5519
 EKCMT  =         0.0000  VIRIAL  =         0.0000  VOLUME     =     31998.0692
                                                    Density    =         1.0137
 Ewald error estimate:   0.2731E-03
 ------------------------------------------------------------------------------

wrapping first mol.:       11.54116       16.32167       28.26996

 NSTEP =    12500   TIME(PS) =      45.000  TEMP(K) =   288.16  PRESS =     0.0
 Etot   =    -11105.1743  EKtot   =      1861.0186  EPtot      =    -12966.1929
 BOND   =         4.9558  ANGLE   =        22.4903  DIHED      =        15.8810
 1-4 NB =        13.8409  1-4 EEL =      -670.3692  VDWAALS    =      2508.4194
 EELEC  =    -14869.5360  EHBOND  =         0.0000  RESTRAINT  =         8.1249
 EAMBER (non-restraint)  =    -12974.3178
 EKCMT  =         0.0000  VIRIAL  =         0.0000  VOLUME     =     31951.4491
                                                    Density    =         1.0152
 Ewald error estimate:   0.3369E-04
 ------------------------------------------------------------------------------

wrapping first mol.:       11.61523       16.42642       28.45139

 NSTEP =    13000   TIME(PS) =      46.000  TEMP(K) =   290.17  PRESS =     0.0
 Etot   =    -11021.3086  EKtot   =      1873.9947  EPtot      =    -12895.3033
 BOND   =        11.5683  ANGLE   =        20.8313  DIHED      =        14.3042
 1-4 NB =        13.5495  1-4 EEL =      -674.2785  VDWAALS    =      2378.0832
 EELEC  =    -14667.7195  EHBOND  =         0.0000  RESTRAINT  =         8.3582
 EAMBER (non-restraint)  =    -12903.6616
 EKCMT  =         0.0000  VIRIAL  =         0.0000  VOLUME     =     32570.5901
                                                    Density    =         0.9959
 Ewald error estimate:   0.1780E-03
 ------------------------------------------------------------------------------

wrapping first mol.:       11.59793       16.40195       28.40901

 NSTEP =    13500   TIME(PS) =      47.000  TEMP(K) =   299.70  PRESS =     0.0
 Etot   =    -11055.2208  EKtot   =      1935.5997  EPtot      =    -12990.8206
 BOND   =         7.6333  ANGLE   =        16.1260  DIHED      =        16.4137
 1-4 NB =        12.2996  1-4 EEL =      -669.8636  VDWAALS    =      2545.1950
 EELEC  =    -14925.5500  EHBOND  =         0.0000  RESTRAINT  =         6.9255
 EAMBER (non-restraint)  =    -12997.7460
 EKCMT  =         0.0000  VIRIAL  =         0.0000  VOLUME     =     32425.2276
                                                    Density    =         1.0003
 Ewald error estimate:   0.2800E-03
 ------------------------------------------------------------------------------

wrapping first mol.:       11.57058       16.36327       28.34200

 NSTEP =    14000   TIME(PS) =      48.000  TEMP(K) =   300.52  PRESS =     0.0
 Etot   =    -10977.7754  EKtot   =      1940.8411  EPtot      =    -12918.6165
 BOND   =         9.3963  ANGLE   =        14.4927  DIHED      =        15.5854
 1-4 NB =        12.1675  1-4 EEL =      -661.2218  VDWAALS    =      2431.1642
 EELEC  =    -14749.9052  EHBOND  =         0.0000  RESTRAINT  =         9.7044
 EAMBER (non-restraint)  =    -12928.3209
 EKCMT  =         0.0000  VIRIAL  =         0.0000  VOLUME     =     32196.3521
                                                    Density    =         1.0075
 Ewald error estimate:   0.1410E-03
 ------------------------------------------------------------------------------

wrapping first mol.:       11.59823       16.40237       28.40974

 NSTEP =    14500   TIME(PS) =      49.000  TEMP(K) =   294.54  PRESS =     0.0
 Etot   =    -10992.7049  EKtot   =      1902.2381  EPtot      =    -12894.9430
 BOND   =        14.4835  ANGLE   =        12.3617  DIHED      =        15.0247
 1-4 NB =        13.9524  1-4 EEL =      -675.0156  VDWAALS    =      2354.0075
 EELEC  =    -14639.3621  EHBOND  =         0.0000  RESTRAINT  =         9.6048
 EAMBER (non-restraint)  =    -12904.5478
 EKCMT  =         0.0000  VIRIAL  =         0.0000  VOLUME     =     32427.7339
                                                    Density    =         1.0003
 Ewald error estimate:   0.8704E-04
 ------------------------------------------------------------------------------

wrapping first mol.:       11.63191       16.45001       28.49224

 NSTEP =    15000   TIME(PS) =      50.000  TEMP(K) =   293.95  PRESS =     0.0
 Etot   =    -10970.3077  EKtot   =      1898.4563  EPtot      =    -12868.7641
 BOND   =         8.4823  ANGLE   =        15.4921  DIHED      =        14.8765
 1-4 NB =        13.3004  1-4 EEL =      -669.1358  VDWAALS    =      2406.5925
 EELEC  =    -14666.5935  EHBOND  =         0.0000  RESTRAINT  =         8.2215
 EAMBER (non-restraint)  =    -12876.9856
 EKCMT  =         0.0000  VIRIAL  =         0.0000  VOLUME     =     32711.0797
                                                    Density    =         0.9916
 Ewald error estimate:   0.4933E-04
 ------------------------------------------------------------------------------

wrapping first mol.:       11.59300       16.39497       28.39693

 NSTEP =    15500   TIME(PS) =      51.000  TEMP(K) =   295.85  PRESS =     0.0
 Etot   =    -11036.6347  EKtot   =      1910.6791  EPtot      =    -12947.3139
 BOND   =         5.8995  ANGLE   =        16.8407  DIHED      =        17.5117
 1-4 NB =        12.8368  1-4 EEL =      -666.0064  VDWAALS    =      2506.8694
 EELEC  =    -14852.1683  EHBOND  =         0.0000  RESTRAINT  =        10.9028
 EAMBER (non-restraint)  =    -12958.2166
 EKCMT  =         0.0000  VIRIAL  =         0.0000  VOLUME     =     32383.8888
                                                    Density    =         1.0016
 Ewald error estimate:   0.1478E-03
 ------------------------------------------------------------------------------

wrapping first mol.:       11.54572       16.32812       28.28112

 NSTEP =    16000   TIME(PS) =      52.000  TEMP(K) =   299.13  PRESS =     0.0
 Etot   =    -11009.6089  EKtot   =      1931.8894  EPtot      =    -12941.4983
 BOND   =         9.5348  ANGLE   =        12.4345  DIHED      =        16.3594
 1-4 NB =        12.1019  1-4 EEL =      -671.3188  VDWAALS    =      2506.0329
 EELEC  =    -14833.8427  EHBOND  =         0.0000  RESTRAINT  =         7.1998
 EAMBER (non-restraint)  =    -12948.6981
 EKCMT  =         0.0000  VIRIAL  =         0.0000  VOLUME     =     31989.3184
                                                    Density    =         1.0140
 Ewald error estimate:   0.2078E-03
 ------------------------------------------------------------------------------

wrapping first mol.:       11.55491       16.34110       28.30362

 NSTEP =    16500   TIME(PS) =      53.000  TEMP(K) =   293.41  PRESS =     0.0
 Etot   =    -10943.7472  EKtot   =      1894.9601  EPtot      =    -12838.7073
 BOND   =         8.2185  ANGLE   =        14.1802  DIHED      =        15.3917
 1-4 NB =        13.8600  1-4 EEL =      -669.3658  VDWAALS    =      2549.7686
 EELEC  =    -14778.2243  EHBOND  =         0.0000  RESTRAINT  =         7.4638
 EAMBER (non-restraint)  =    -12846.1711
 EKCMT  =         0.0000  VIRIAL  =         0.0000  VOLUME     =     32065.7163
                                                    Density    =         1.0116
 Ewald error estimate:   0.8998E-04
 ------------------------------------------------------------------------------

wrapping first mol.:       11.54595       16.32843       28.28168

 NSTEP =    17000   TIME(PS) =      54.000  TEMP(K) =   298.72  PRESS =     0.0
 Etot   =    -10920.6506  EKtot   =      1929.2170  EPtot      =    -12849.8677
 BOND   =        10.5206  ANGLE   =        11.9422  DIHED      =        16.5179
 1-4 NB =        13.4156  1-4 EEL =      -673.5122  VDWAALS    =      2504.5665
 EELEC  =    -14743.9638  EHBOND  =         0.0000  RESTRAINT  =        10.6456
 EAMBER (non-restraint)  =    -12860.5133
 EKCMT  =         0.0000  VIRIAL  =         0.0000  VOLUME     =     31991.1872
                                                    Density    =         1.0139
 Ewald error estimate:   0.6231E-03
 ------------------------------------------------------------------------------

wrapping first mol.:       11.56523       16.35571       28.32891

 NSTEP =    17500   TIME(PS) =      55.000  TEMP(K) =   300.44  PRESS =     0.0
 Etot   =    -10989.5390  EKtot   =      1940.3608  EPtot      =    -12929.8999
 BOND   =         6.4894  ANGLE   =        14.8444  DIHED      =        14.9438
 1-4 NB =        15.6917  1-4 EEL =      -675.7087  VDWAALS    =      2522.4697
 EELEC  =    -14835.8246  EHBOND  =         0.0000  RESTRAINT  =         7.1944
 EAMBER (non-restraint)  =    -12937.0943
 EKCMT  =         0.0000  VIRIAL  =         0.0000  VOLUME     =     32151.7533
                                                    Density    =         1.0089
 Ewald error estimate:   0.3292E-03
 ------------------------------------------------------------------------------

wrapping first mol.:       11.55806       16.34556       28.31134

 NSTEP =    18000   TIME(PS) =      56.000  TEMP(K) =   298.38  PRESS =     0.0
 Etot   =    -11023.8845  EKtot   =      1927.0247  EPtot      =    -12950.9092
 BOND   =         8.1744  ANGLE   =        15.5989  DIHED      =        19.1605
 1-4 NB =        13.8387  1-4 EEL =      -672.5778  VDWAALS    =      2596.2283
 EELEC  =    -14940.4173  EHBOND  =         0.0000  RESTRAINT  =         9.0851
 EAMBER (non-restraint)  =    -12959.9942
 EKCMT  =         0.0000  VIRIAL  =         0.0000  VOLUME     =     32091.9620
                                                    Density    =         1.0107
 Ewald error estimate:   0.4071E-03
 ------------------------------------------------------------------------------

wrapping first mol.:       11.55806       16.34556       28.31134

 NSTEP =    18500   TIME(PS) =      57.000  TEMP(K) =   297.81  PRESS =     0.0
 Etot   =    -10994.7797  EKtot   =      1923.3461  EPtot      =    -12918.1258
 BOND   =         9.9120  ANGLE   =        15.0848  DIHED      =        16.2596
 1-4 NB =        13.4763  1-4 EEL =      -676.1974  VDWAALS    =      2476.9949
 EELEC  =    -14783.5320  EHBOND  =         0.0000  RESTRAINT  =         9.8761
 EAMBER (non-restraint)  =    -12928.0019
 EKCMT  =         0.0000  VIRIAL  =         0.0000  VOLUME     =     32091.9620
                                                    Density    =         1.0107
 Ewald error estimate:   0.4907E-03
 ------------------------------------------------------------------------------

wrapping first mol.:       11.54387       16.32549       28.27658

 NSTEP =    19000   TIME(PS) =      58.000  TEMP(K) =   296.79  PRESS =     0.0
 Etot   =    -11064.6130  EKtot   =      1916.7687  EPtot      =    -12981.3816
 BOND   =         8.8035  ANGLE   =        15.7199  DIHED      =        18.1372
 1-4 NB =        13.5494  1-4 EEL =      -671.3986  VDWAALS    =      2514.6253
 EELEC  =    -14892.0119  EHBOND  =         0.0000  RESTRAINT  =        11.1934
 EAMBER (non-restraint)  =    -12992.5751
 EKCMT  =         0.0000  VIRIAL  =         0.0000  VOLUME     =     31973.8895
                                                    Density    =         1.0145
 Ewald error estimate:   0.1462E-03
 ------------------------------------------------------------------------------

wrapping first mol.:       11.56822       16.35993       28.33623

 NSTEP =    19500   TIME(PS) =      59.000  TEMP(K) =   300.27  PRESS =     0.0
 Etot   =    -11053.3107  EKtot   =      1939.2792  EPtot      =    -12992.5899
 BOND   =         5.0787  ANGLE   =        14.8830  DIHED      =        15.3434
 1-4 NB =        12.4035  1-4 EEL =      -669.9255  VDWAALS    =      2493.2430
 EELEC  =    -14872.5455  EHBOND  =         0.0000  RESTRAINT  =         8.9295
 EAMBER (non-restraint)  =    -13001.5194
 EKCMT  =         0.0000  VIRIAL  =         0.0000  VOLUME     =     32176.6610
                                                    Density    =         1.0081
 Ewald error estimate:   0.4665E-04
 ------------------------------------------------------------------------------

wrapping first mol.:       11.56475       16.35503       28.32774

 NSTEP =    20000   TIME(PS) =      60.000  TEMP(K) =   296.99  PRESS =     0.0
 Etot   =    -11040.7733  EKtot   =      1918.0897  EPtot      =    -12958.8630
 BOND   =         7.9063  ANGLE   =        17.0691  DIHED      =        16.2120
 1-4 NB =        13.1095  1-4 EEL =      -674.9659  VDWAALS    =      2491.5216
 EELEC  =    -14835.7640  EHBOND  =         0.0000  RESTRAINT  =         6.0484
 EAMBER (non-restraint)  =    -12964.9114
 EKCMT  =         0.0000  VIRIAL  =         0.0000  VOLUME     =     32147.7770
                                                    Density    =         1.0090
 Ewald error estimate:   0.2354E-03
 ------------------------------------------------------------------------------

wrapping first mol.:       11.54547       16.32776       28.28051

 NSTEP =    20500   TIME(PS) =      61.000  TEMP(K) =   304.89  PRESS =     0.0
 Etot   =    -10976.0997  EKtot   =      1969.0949  EPtot      =    -12945.1946
 BOND   =         6.1891  ANGLE   =        13.6045  DIHED      =        14.8144
 1-4 NB =        12.2385  1-4 EEL =      -670.5368  VDWAALS    =      2541.5215
 EELEC  =    -14873.9220  EHBOND  =         0.0000  RESTRAINT  =        10.8963
 EAMBER (non-restraint)  =    -12956.0908
 EKCMT  =         0.0000  VIRIAL  =         0.0000  VOLUME     =     31987.2341
                                                    Density    =         1.0140
 Ewald error estimate:   0.1498E-03
 ------------------------------------------------------------------------------

wrapping first mol.:       11.55580       16.34237       28.30581

 NSTEP =    21000   TIME(PS) =      62.000  TEMP(K) =   292.30  PRESS =     0.0
 Etot   =    -11026.6629  EKtot   =      1887.7764  EPtot      =    -12914.4393
 BOND   =         5.5258  ANGLE   =         9.9122  DIHED      =        14.5615
 1-4 NB =        10.6341  1-4 EEL =      -659.8175  VDWAALS    =      2364.6180
 EELEC  =    -14668.5175  EHBOND  =         0.0000  RESTRAINT  =         8.6440
 EAMBER (non-restraint)  =    -12923.0834
 EKCMT  =         0.0000  VIRIAL  =         0.0000  VOLUME     =     32073.1630
                                                    Density    =         1.0113
 Ewald error estimate:   0.3126E-03
 ------------------------------------------------------------------------------

wrapping first mol.:       11.55536       16.34175       28.30474

 NSTEP =    21500   TIME(PS) =      63.000  TEMP(K) =   296.81  PRESS =     0.0
 Etot   =    -11054.2670  EKtot   =      1916.9140  EPtot      =    -12971.1810
 BOND   =         8.8514  ANGLE   =        16.6878  DIHED      =        16.3482
 1-4 NB =        14.1686  1-4 EEL =      -673.8658  VDWAALS    =      2556.7207
 EELEC  =    -14921.5515  EHBOND  =         0.0000  RESTRAINT  =        11.4598
 EAMBER (non-restraint)  =    -12982.6407
 EKCMT  =         0.0000  VIRIAL  =         0.0000  VOLUME     =     32069.5269
                                                    Density    =         1.0114
 Ewald error estimate:   0.4159E-03
 ------------------------------------------------------------------------------

wrapping first mol.:       11.55488       16.34107       28.30356

 NSTEP =    22000   TIME(PS) =      64.000  TEMP(K) =   295.12  PRESS =     0.0
 Etot   =    -11031.3965  EKtot   =      1905.9839  EPtot      =    -12937.3805
 BOND   =         5.9681  ANGLE   =        15.6124  DIHED      =        17.2896
 1-4 NB =        11.5871  1-4 EEL =      -660.5404  VDWAALS    =      2538.5484
 EELEC  =    -14876.3521  EHBOND  =         0.0000  RESTRAINT  =        10.5065
 EAMBER (non-restraint)  =    -12947.8870
 EKCMT  =         0.0000  VIRIAL  =         0.0000  VOLUME     =     32065.5108
                                                    Density    =         1.0116
 Ewald error estimate:   0.2172E-03
 ------------------------------------------------------------------------------

wrapping first mol.:       11.51199       16.28042       28.19850

 NSTEP =    22500   TIME(PS) =      65.000  TEMP(K) =   297.84  PRESS =     0.0
 Etot   =    -11038.8157  EKtot   =      1923.5492  EPtot      =    -12962.3649
 BOND   =         8.0818  ANGLE   =        14.8367  DIHED      =        17.3638
 1-4 NB =        11.8303  1-4 EEL =      -670.4661  VDWAALS    =      2508.8038
 EELEC  =    -14859.8699  EHBOND  =         0.0000  RESTRAINT  =         7.0545
 EAMBER (non-restraint)  =    -12969.4194
 EKCMT  =         0.0000  VIRIAL  =         0.0000  VOLUME     =     31709.7744
                                                    Density    =         1.0229
 Ewald error estimate:   0.1039E-03
 ------------------------------------------------------------------------------

wrapping first mol.:       11.51522       16.28498       28.20641

 NSTEP =    23000   TIME(PS) =      66.000  TEMP(K) =   291.79  PRESS =     0.0
 Etot   =    -11006.9627  EKtot   =      1884.4910  EPtot      =    -12891.4537
 BOND   =         9.3421  ANGLE   =         9.0840  DIHED      =        15.1545
 1-4 NB =        13.1666  1-4 EEL =      -668.9366  VDWAALS    =      2444.1668
 EELEC  =    -14724.9264  EHBOND  =         0.0000  RESTRAINT  =        11.4951
 EAMBER (non-restraint)  =    -12902.9489
 EKCMT  =         0.0000  VIRIAL  =         0.0000  VOLUME     =     31736.4698
                                                    Density    =         1.0221
 Ewald error estimate:   0.2559E-03
 ------------------------------------------------------------------------------

wrapping first mol.:       11.55977       16.34798       28.31553

 NSTEP =    23500   TIME(PS) =      67.000  TEMP(K) =   296.82  PRESS =     0.0
 Etot   =    -11021.1791  EKtot   =      1916.9912  EPtot      =    -12938.1704
 BOND   =         8.4385  ANGLE   =        12.7651  DIHED      =        16.5096
 1-4 NB =        13.0151  1-4 EEL =      -674.4089  VDWAALS    =      2529.9516
 EELEC  =    -14855.1216  EHBOND  =         0.0000  RESTRAINT  =        10.6803
 EAMBER (non-restraint)  =    -12948.8507
 EKCMT  =         0.0000  VIRIAL  =         0.0000  VOLUME     =     32106.1991
                                                    Density    =         1.0103
 Ewald error estimate:   0.1593E-03
 ------------------------------------------------------------------------------

wrapping first mol.:       11.54100       16.32143       28.26955

 NSTEP =    24000   TIME(PS) =      68.000  TEMP(K) =   298.98  PRESS =     0.0
 Etot   =    -10996.3358  EKtot   =      1930.9066  EPtot      =    -12927.2424
 BOND   =         4.4339  ANGLE   =        16.6063  DIHED      =        13.9558
 1-4 NB =        13.1578  1-4 EEL =      -666.6989  VDWAALS    =      2507.6828
 EELEC  =    -14825.2874  EHBOND  =         0.0000  RESTRAINT  =         8.9072
 EAMBER (non-restraint)  =    -12936.1496
 EKCMT  =         0.0000  VIRIAL  =         0.0000  VOLUME     =     31950.0648
                                                    Density    =         1.0152
 Ewald error estimate:   0.8187E-04
 ------------------------------------------------------------------------------

wrapping first mol.:       11.56479       16.35508       28.32783

 NSTEP =    24500   TIME(PS) =      69.000  TEMP(K) =   293.37  PRESS =     0.0
 Etot   =    -10980.1167  EKtot   =      1894.6632  EPtot      =    -12874.7799
 BOND   =         5.0692  ANGLE   =        15.1941  DIHED      =        14.7155
 1-4 NB =        11.7415  1-4 EEL =      -667.1010  VDWAALS    =      2454.4684
 EELEC  =    -14719.2029  EHBOND  =         0.0000  RESTRAINT  =        10.3353
 EAMBER (non-restraint)  =    -12885.1151
 EKCMT  =         0.0000  VIRIAL  =         0.0000  VOLUME     =     32148.0554
                                                    Density    =         1.0090
 Ewald error estimate:   0.6719E-04
 ------------------------------------------------------------------------------

wrapping first mol.:       11.57283       16.36645       28.34751

 NSTEP =    25000   TIME(PS) =      70.000  TEMP(K) =   294.21  PRESS =     0.0
 Etot   =    -11087.0711  EKtot   =      1900.1175  EPtot      =    -12987.1886
 BOND   =         4.9551  ANGLE   =        14.6221  DIHED      =        15.7448
 1-4 NB =        12.8823  1-4 EEL =      -673.4517  VDWAALS    =      2525.8389
 EELEC  =    -14900.6346  EHBOND  =         0.0000  RESTRAINT  =        12.8546
 EAMBER (non-restraint)  =    -13000.0432
 EKCMT  =         0.0000  VIRIAL  =         0.0000  VOLUME     =     32215.1295
                                                    Density    =         1.0069
 Ewald error estimate:   0.1002E-04
 ------------------------------------------------------------------------------

wrapping first mol.:       11.59368       16.39594       28.39860

 NSTEP =    25500   TIME(PS) =      71.000  TEMP(K) =   290.16  PRESS =     0.0
 Etot   =    -11087.6737  EKtot   =      1873.9500  EPtot      =    -12961.6237
 BOND   =         8.5383  ANGLE   =        16.4890  DIHED      =        12.1829
 1-4 NB =        13.1787  1-4 EEL =      -666.0882  VDWAALS    =      2552.3052
 EELEC  =    -14909.6818  EHBOND  =         0.0000  RESTRAINT  =        11.4521
 EAMBER (non-restraint)  =    -12973.0759
 EKCMT  =         0.0000  VIRIAL  =         0.0000  VOLUME     =     32389.6291
                                                    Density    =         1.0014
 Ewald error estimate:   0.1658E-03
 ------------------------------------------------------------------------------

wrapping first mol.:       11.60551       16.41267       28.42757

 NSTEP =    26000   TIME(PS) =      72.000  TEMP(K) =   308.77  PRESS =     0.0
 Etot   =    -11034.2733  EKtot   =      1994.1391  EPtot      =    -13028.4124
 BOND   =         7.4423  ANGLE   =        17.3445  DIHED      =        15.9498
 1-4 NB =        14.0788  1-4 EEL =      -669.3086  VDWAALS    =      2420.0298
 EELEC  =    -14842.1717  EHBOND  =         0.0000  RESTRAINT  =         8.2227
 EAMBER (non-restraint)  =    -13036.6351
 EKCMT  =         0.0000  VIRIAL  =         0.0000  VOLUME     =     32488.8520
                                                    Density    =         0.9984
 Ewald error estimate:   0.6731E-04
 ------------------------------------------------------------------------------

wrapping first mol.:       11.59431       16.39683       28.40014

 NSTEP =    26500   TIME(PS) =      73.000  TEMP(K) =   295.06  PRESS =     0.0
 Etot   =    -10952.3577  EKtot   =      1905.5921  EPtot      =    -12857.9498
 BOND   =        10.5973  ANGLE   =        13.1774  DIHED      =        17.7848
 1-4 NB =        12.6170  1-4 EEL =      -675.6368  VDWAALS    =      2473.6986
 EELEC  =    -14717.7086  EHBOND  =         0.0000  RESTRAINT  =         7.5205
 EAMBER (non-restraint)  =    -12865.4703
 EKCMT  =         0.0000  VIRIAL  =         0.0000  VOLUME     =     32394.8655
                                                    Density    =         1.0013
 Ewald error estimate:   0.1704E-03
 ------------------------------------------------------------------------------

wrapping first mol.:       11.54445       16.32631       28.27800

 NSTEP =    27000   TIME(PS) =      74.000  TEMP(K) =   301.12  PRESS =     0.0
 Etot   =    -10929.8890  EKtot   =      1944.7342  EPtot      =    -12874.6231
 BOND   =         3.8956  ANGLE   =        12.2593  DIHED      =        14.0590
 1-4 NB =        12.6783  1-4 EEL =      -664.1062  VDWAALS    =      2397.7220
 EELEC  =    -14657.0400  EHBOND  =         0.0000  RESTRAINT  =         5.9088
 EAMBER (non-restraint)  =    -12880.5320
 EKCMT  =         0.0000  VIRIAL  =         0.0000  VOLUME     =     31978.7127
                                                    Density    =         1.0143
 Ewald error estimate:   0.1331E-03
 ------------------------------------------------------------------------------

wrapping first mol.:       11.53282       16.30987       28.24952

 NSTEP =    27500   TIME(PS) =      75.000  TEMP(K) =   298.81  PRESS =     0.0
 Etot   =    -10986.6603  EKtot   =      1929.8518  EPtot      =    -12916.5121
 BOND   =         8.3615  ANGLE   =        11.1417  DIHED      =        16.4573
 1-4 NB =        12.5311  1-4 EEL =      -670.3725  VDWAALS    =      2424.0243
 EELEC  =    -14726.7140  EHBOND  =         0.0000  RESTRAINT  =         8.0585
 EAMBER (non-restraint)  =    -12924.5706
 EKCMT  =         0.0000  VIRIAL  =         0.0000  VOLUME     =     31882.2014
                                                    Density    =         1.0174
 Ewald error estimate:   0.3233E-03
 ------------------------------------------------------------------------------

wrapping first mol.:       11.54270       16.32385       28.27373

 NSTEP =    28000   TIME(PS) =      76.000  TEMP(K) =   295.91  PRESS =     0.0
 Etot   =    -11106.4395  EKtot   =      1911.1122  EPtot      =    -13017.5516
 BOND   =         7.3612  ANGLE   =         8.6657  DIHED      =        17.4649
 1-4 NB =        13.5339  1-4 EEL =      -678.3157  VDWAALS    =      2507.3698
 EELEC  =    -14906.6802  EHBOND  =         0.0000  RESTRAINT  =        13.0487
 EAMBER (non-restraint)  =    -13030.6003
 EKCMT  =         0.0000  VIRIAL  =         0.0000  VOLUME     =     31964.2455
                                                    Density    =         1.0148
 Ewald error estimate:   0.2428E-03
 ------------------------------------------------------------------------------

wrapping first mol.:       11.49746       16.25987       28.16292

 NSTEP =    28500   TIME(PS) =      77.000  TEMP(K) =   300.80  PRESS =     0.0
 Etot   =    -11059.3114  EKtot   =      1942.6923  EPtot      =    -13002.0037
 BOND   =         5.7777  ANGLE   =        16.7067  DIHED      =        17.5206
 1-4 NB =        11.9023  1-4 EEL =      -664.7252  VDWAALS    =      2479.8039
 EELEC  =    -14879.4202  EHBOND  =         0.0000  RESTRAINT  =        10.4307
 EAMBER (non-restraint)  =    -13012.4343
 EKCMT  =         0.0000  VIRIAL  =         0.0000  VOLUME     =     31589.8790
                                                    Density    =         1.0268
 Ewald error estimate:   0.5770E-04
 ------------------------------------------------------------------------------

wrapping first mol.:       11.53971       16.31961       28.26640

 NSTEP =    29000   TIME(PS) =      78.000  TEMP(K) =   305.79  PRESS =     0.0
 Etot   =    -10937.5733  EKtot   =      1974.8937  EPtot      =    -12912.4670
 BOND   =         6.8040  ANGLE   =        11.9637  DIHED      =        16.9851
 1-4 NB =        13.3312  1-4 EEL =      -670.4115  VDWAALS    =      2494.5294
 EELEC  =    -14796.5835  EHBOND  =         0.0000  RESTRAINT  =        10.9145
 EAMBER (non-restraint)  =    -12923.3816
 EKCMT  =         0.0000  VIRIAL  =         0.0000  VOLUME     =     31939.3702
                                                    Density    =         1.0156
 Ewald error estimate:   0.3819E-03
 ------------------------------------------------------------------------------

wrapping first mol.:       11.53681       16.31552       28.25930

 NSTEP =    29500   TIME(PS) =      79.000  TEMP(K) =   292.81  PRESS =     0.0
 Etot   =    -11006.9184  EKtot   =      1891.0868  EPtot      =    -12898.0052
 BOND   =         9.8769  ANGLE   =        12.6566  DIHED      =        16.5013
 1-4 NB =        13.5748  1-4 EEL =      -670.0589  VDWAALS    =      2492.8684
 EELEC  =    -14781.5099  EHBOND  =         0.0000  RESTRAINT  =         8.0854
 EAMBER (non-restraint)  =    -12906.0907
 EKCMT  =         0.0000  VIRIAL  =         0.0000  VOLUME     =     31915.3261
                                                    Density    =         1.0163
 Ewald error estimate:   0.1778E-03
 ------------------------------------------------------------------------------

wrapping first mol.:       11.56354       16.35331       28.32476

 NSTEP =    30000   TIME(PS) =      80.000  TEMP(K) =   306.33  PRESS =     0.0
 Etot   =    -10931.0245  EKtot   =      1978.3924  EPtot      =    -12909.4169
 BOND   =        10.4844  ANGLE   =        14.8676  DIHED      =        17.0323
 1-4 NB =        12.0522  1-4 EEL =      -665.9982  VDWAALS    =      2507.0282
 EELEC  =    -14815.5107  EHBOND  =         0.0000  RESTRAINT  =        10.6272
 EAMBER (non-restraint)  =    -12920.0441
 EKCMT  =         0.0000  VIRIAL  =         0.0000  VOLUME     =     32137.6105
                                                    Density    =         1.0093
 Ewald error estimate:   0.2432E-04
 ------------------------------------------------------------------------------

wrapping first mol.:       11.56354       16.35331       28.32476

 NSTEP =    30500   TIME(PS) =      81.000  TEMP(K) =   313.79  PRESS =     0.0
 Etot   =    -10829.1971  EKtot   =      2026.5606  EPtot      =    -12855.7576
 BOND   =         7.2331  ANGLE   =        13.7534  DIHED      =        16.9962
 1-4 NB =        10.4107  1-4 EEL =      -663.8241  VDWAALS    =      2310.2073
 EELEC  =    -14560.1372  EHBOND  =         0.0000  RESTRAINT  =         9.6029
 EAMBER (non-restraint)  =    -12865.3606
 EKCMT  =         0.0000  VIRIAL  =         0.0000  VOLUME     =     32137.6105
                                                    Density    =         1.0093
 Ewald error estimate:   0.8530E-04
 ------------------------------------------------------------------------------

wrapping first mol.:       11.59495       16.39774       28.40171

 NSTEP =    31000   TIME(PS) =      82.000  TEMP(K) =   309.81  PRESS =     0.0
 Etot   =    -10939.3665  EKtot   =      2000.8982  EPtot      =    -12940.2648
 BOND   =         5.9346  ANGLE   =        15.6354  DIHED      =        18.5898
 1-4 NB =        14.9779  1-4 EEL =      -669.9194  VDWAALS    =      2446.2304
 EELEC  =    -14779.9088  EHBOND  =         0.0000  RESTRAINT  =         8.1954
 EAMBER (non-restraint)  =    -12948.4602
 EKCMT  =         0.0000  VIRIAL  =         0.0000  VOLUME     =     32400.2490
                                                    Density    =         1.0011
 Ewald error estimate:   0.4892E-05
 ------------------------------------------------------------------------------

wrapping first mol.:       11.60839       16.41674       28.43463

 NSTEP =    31500   TIME(PS) =      83.000  TEMP(K) =   294.63  PRESS =     0.0
 Etot   =    -10964.7368  EKtot   =      1902.8125  EPtot      =    -12867.5492
 BOND   =         6.5079  ANGLE   =        15.3647  DIHED      =        17.2851
 1-4 NB =        10.3754  1-4 EEL =      -665.3354  VDWAALS    =      2422.9295
 EELEC  =    -14685.9435  EHBOND  =         0.0000  RESTRAINT  =        11.2670
 EAMBER (non-restraint)  =    -12878.8163
 EKCMT  =         0.0000  VIRIAL  =         0.0000  VOLUME     =     32513.0632
                                                    Density    =         0.9976
 Ewald error estimate:   0.1237E-03
 ------------------------------------------------------------------------------

wrapping first mol.:       11.58782       16.38766       28.38425

 NSTEP =    32000   TIME(PS) =      84.000  TEMP(K) =   296.55  PRESS =     0.0
 Etot   =    -11050.6180  EKtot   =      1915.2600  EPtot      =    -12965.8781
 BOND   =         7.5974  ANGLE   =        15.1757  DIHED      =        15.0380
 1-4 NB =        13.2955  1-4 EEL =      -674.0813  VDWAALS    =      2528.7109
 EELEC  =    -14880.4124  EHBOND  =         0.0000  RESTRAINT  =         8.7981
 EAMBER (non-restraint)  =    -12974.6762
 EKCMT  =         0.0000  VIRIAL  =         0.0000  VOLUME     =     32340.5525
                                                    Density    =         1.0030
 Ewald error estimate:   0.3391E-03
 ------------------------------------------------------------------------------

wrapping first mol.:       11.60373       16.41016       28.42323

 NSTEP =    32500   TIME(PS) =      85.000  TEMP(K) =   294.70  PRESS =     0.0
 Etot   =    -11066.0907  EKtot   =      1903.2980  EPtot      =    -12969.3887
 BOND   =        10.7867  ANGLE   =        14.1731  DIHED      =        14.2745
 1-4 NB =        12.2378  1-4 EEL =      -667.1058  VDWAALS    =      2459.9600
 EELEC  =    -14821.1951  EHBOND  =         0.0000  RESTRAINT  =         7.4801
 EAMBER (non-restraint)  =    -12976.8688
 EKCMT  =         0.0000  VIRIAL  =         0.0000  VOLUME     =     32473.9426
                                                    Density    =         0.9988
 Ewald error estimate:   0.3618E-04
 ------------------------------------------------------------------------------

wrapping first mol.:       11.60024       16.40522       28.41467

 NSTEP =    33000   TIME(PS) =      86.000  TEMP(K) =   304.06  PRESS =     0.0
 Etot   =    -10979.9265  EKtot   =      1963.7081  EPtot      =    -12943.6346
 BOND   =         7.0630  ANGLE   =        11.8607  DIHED      =        15.2163
 1-4 NB =        10.4207  1-4 EEL =      -663.6466  VDWAALS    =      2441.3478
 EELEC  =    -14774.0296  EHBOND  =         0.0000  RESTRAINT  =         8.1331
 EAMBER (non-restraint)  =    -12951.7677
 EKCMT  =         0.0000  VIRIAL  =         0.0000  VOLUME     =     32444.6179
                                                    Density    =         0.9998
 Ewald error estimate:   0.2075E-03
 ------------------------------------------------------------------------------

wrapping first mol.:       11.59289       16.39482       28.39667

 NSTEP =    33500   TIME(PS) =      87.000  TEMP(K) =   298.80  PRESS =     0.0
 Etot   =    -11026.2997  EKtot   =      1929.7546  EPtot      =    -12956.0543
 BOND   =        10.0256  ANGLE   =        13.7424  DIHED      =        16.9817
 1-4 NB =        10.7915  1-4 EEL =      -666.2303  VDWAALS    =      2434.7724
 EELEC  =    -14787.0802  EHBOND  =         0.0000  RESTRAINT  =        10.9426
 EAMBER (non-restraint)  =    -12966.9969
 EKCMT  =         0.0000  VIRIAL  =         0.0000  VOLUME     =     32382.9938
                                                    Density    =         1.0017
 Ewald error estimate:   0.2095E-03
 ------------------------------------------------------------------------------

wrapping first mol.:       11.57759       16.37318       28.35918

 NSTEP =    34000   TIME(PS) =      88.000  TEMP(K) =   294.81  PRESS =     0.0
 Etot   =    -11031.2852  EKtot   =      1903.9909  EPtot      =    -12935.2761
 BOND   =         9.8144  ANGLE   =        16.4599  DIHED      =        13.1061
 1-4 NB =        14.1699  1-4 EEL =      -675.9844  VDWAALS    =      2476.8882
 EELEC  =    -14799.3173  EHBOND  =         0.0000  RESTRAINT  =         9.5872
 EAMBER (non-restraint)  =    -12944.8633
 EKCMT  =         0.0000  VIRIAL  =         0.0000  VOLUME     =     32254.9227
                                                    Density    =         1.0056
 Ewald error estimate:   0.2864E-03
 ------------------------------------------------------------------------------

wrapping first mol.:       11.55132       16.33604       28.29485

 NSTEP =    34500   TIME(PS) =      89.000  TEMP(K) =   301.88  PRESS =     0.0
 Etot   =    -10985.1068  EKtot   =      1949.6747  EPtot      =    -12934.7814
 BOND   =        13.2830  ANGLE   =        12.7961  DIHED      =        16.4155
 1-4 NB =        12.7526  1-4 EEL =      -670.5540  VDWAALS    =      2355.9226
 EELEC  =    -14687.2363  EHBOND  =         0.0000  RESTRAINT  =        11.8391
 EAMBER (non-restraint)  =    -12946.6206
 EKCMT  =         0.0000  VIRIAL  =         0.0000  VOLUME     =     32035.9012
                                                    Density    =         1.0125
 Ewald error estimate:   0.1702E-03
 ------------------------------------------------------------------------------

wrapping first mol.:       11.52511       16.29897       28.23065

 NSTEP =    35000   TIME(PS) =      90.000  TEMP(K) =   298.79  PRESS =     0.0
 Etot   =    -11077.9411  EKtot   =      1929.6844  EPtot      =    -13007.6255
 BOND   =        10.7626  ANGLE   =        15.9578  DIHED      =        16.1084
 1-4 NB =        14.1986  1-4 EEL =      -676.2859  VDWAALS    =      2539.5369
 EELEC  =    -14939.1173  EHBOND  =         0.0000  RESTRAINT  =        11.2133
 EAMBER (non-restraint)  =    -13018.8388
 EKCMT  =         0.0000  VIRIAL  =         0.0000  VOLUME     =     31818.3372
                                                    Density    =         1.0194
 Ewald error estimate:   0.1016E-04
 ------------------------------------------------------------------------------

wrapping first mol.:       11.53045       16.30651       28.24371

 NSTEP =    35500   TIME(PS) =      91.000  TEMP(K) =   292.03  PRESS =     0.0
 Etot   =    -11088.5819  EKtot   =      1886.0599  EPtot      =    -12974.6418
 BOND   =         9.3461  ANGLE   =        14.4128  DIHED      =        11.9177
 1-4 NB =        14.5063  1-4 EEL =      -665.0684  VDWAALS    =      2441.7168
 EELEC  =    -14815.1670  EHBOND  =         0.0000  RESTRAINT  =        13.6938
 EAMBER (non-restraint)  =    -12988.3356
 EKCMT  =         0.0000  VIRIAL  =         0.0000  VOLUME     =     31862.5148
                                                    Density    =         1.0180
 Ewald error estimate:   0.2820E-03
 ------------------------------------------------------------------------------

wrapping first mol.:       11.53964       16.31951       28.26622

 NSTEP =    36000   TIME(PS) =      92.000  TEMP(K) =   302.19  PRESS =     0.0
 Etot   =    -11002.7383  EKtot   =      1951.6678  EPtot      =    -12954.4061
 BOND   =         6.6991  ANGLE   =        18.6324  DIHED      =        14.5776
 1-4 NB =        13.1351  1-4 EEL =      -673.0715  VDWAALS    =      2407.1202
 EELEC  =    -14750.7268  EHBOND  =         0.0000  RESTRAINT  =         9.2279
 EAMBER (non-restraint)  =    -12963.6340
 EKCMT  =         0.0000  VIRIAL  =         0.0000  VOLUME     =     31938.7739
                                                    Density    =         1.0156
 Ewald error estimate:   0.1523E-04
 ------------------------------------------------------------------------------

wrapping first mol.:       11.54775       16.33099       28.28609

 NSTEP =    36500   TIME(PS) =      93.000  TEMP(K) =   305.30  PRESS =     0.0
 Etot   =    -10956.5954  EKtot   =      1971.7165  EPtot      =    -12928.3119
 BOND   =         6.0890  ANGLE   =        12.5003  DIHED      =        15.1936
 1-4 NB =        10.8159  1-4 EEL =      -666.2965  VDWAALS    =      2518.4908
 EELEC  =    -14835.9248  EHBOND  =         0.0000  RESTRAINT  =        10.8198
 EAMBER (non-restraint)  =    -12939.1318
 EKCMT  =         0.0000  VIRIAL  =         0.0000  VOLUME     =     32006.1827
                                                    Density    =         1.0134
 Ewald error estimate:   0.4065E-03
 ------------------------------------------------------------------------------

wrapping first mol.:       11.54861       16.33220       28.28820

 NSTEP =    37000   TIME(PS) =      94.000  TEMP(K) =   293.28  PRESS =     0.0
 Etot   =    -11009.8474  EKtot   =      1894.1281  EPtot      =    -12903.9755
 BOND   =         8.8688  ANGLE   =        13.4163  DIHED      =        19.3170
 1-4 NB =        13.4464  1-4 EEL =      -672.4340  VDWAALS    =      2389.6562
 EELEC  =    -14685.5641  EHBOND  =         0.0000  RESTRAINT  =         9.3179
 EAMBER (non-restraint)  =    -12913.2934
 EKCMT  =         0.0000  VIRIAL  =         0.0000  VOLUME     =     32013.3290
                                                    Density    =         1.0132
 Ewald error estimate:   0.3306E-04
 ------------------------------------------------------------------------------

wrapping first mol.:       11.56652       16.35753       28.33207

 NSTEP =    37500   TIME(PS) =      95.000  TEMP(K) =   297.83  PRESS =     0.0
 Etot   =    -11041.3709  EKtot   =      1923.5088  EPtot      =    -12964.8797
 BOND   =        10.5524  ANGLE   =        11.5977  DIHED      =        16.7075
 1-4 NB =        12.2938  1-4 EEL =      -668.1295  VDWAALS    =      2497.2728
 EELEC  =    -14857.2126  EHBOND  =         0.0000  RESTRAINT  =        12.0383
 EAMBER (non-restraint)  =    -12976.9180
 EKCMT  =         0.0000  VIRIAL  =         0.0000  VOLUME     =     32162.5047
                                                    Density    =         1.0085
 Ewald error estimate:   0.3736E-03
 ------------------------------------------------------------------------------

wrapping first mol.:       11.52322       16.29629       28.22600

 NSTEP =    38000   TIME(PS) =      96.000  TEMP(K) =   294.35  PRESS =     0.0
 Etot   =    -11091.2908  EKtot   =      1900.9950  EPtot      =    -12992.2858
 BOND   =         5.7990  ANGLE   =        14.4371  DIHED      =        18.9347
 1-4 NB =        13.6824  1-4 EEL =      -672.9029  VDWAALS    =      2591.5907
 EELEC  =    -14971.3981  EHBOND  =         0.0000  RESTRAINT  =         7.5712
 EAMBER (non-restraint)  =    -12999.8570
 EKCMT  =         0.0000  VIRIAL  =         0.0000  VOLUME     =     31802.6138
                                                    Density    =         1.0199
 Ewald error estimate:   0.8659E-04
 ------------------------------------------------------------------------------

wrapping first mol.:       11.51364       16.28275       28.20254

 NSTEP =    38500   TIME(PS) =      97.000  TEMP(K) =   294.73  PRESS =     0.0
 Etot   =    -11101.9724  EKtot   =      1903.4821  EPtot      =    -13005.4545
 BOND   =         6.2080  ANGLE   =        15.5954  DIHED      =        12.0463
 1-4 NB =        10.9060  1-4 EEL =      -663.8300  VDWAALS    =      2452.8533
 EELEC  =    -14850.7701  EHBOND  =         0.0000  RESTRAINT  =        11.5367
 EAMBER (non-restraint)  =    -13016.9912
 EKCMT  =         0.0000  VIRIAL  =         0.0000  VOLUME     =     31723.3953
                                                    Density    =         1.0225
 Ewald error estimate:   0.1052E-03
 ------------------------------------------------------------------------------

wrapping first mol.:       11.51751       16.28821       28.21201

 NSTEP =    39000   TIME(PS) =      98.000  TEMP(K) =   298.64  PRESS =     0.0
 Etot   =    -11013.2607  EKtot   =      1928.7336  EPtot      =    -12941.9944
 BOND   =         4.9939  ANGLE   =        17.0369  DIHED      =        14.4839
 1-4 NB =        12.3089  1-4 EEL =      -667.4041  VDWAALS    =      2530.5548
 EELEC  =    -14865.7798  EHBOND  =         0.0000  RESTRAINT  =        11.8111
 EAMBER (non-restraint)  =    -12953.8055
 EKCMT  =         0.0000  VIRIAL  =         0.0000  VOLUME     =     31755.3586
                                                    Density    =         1.0215
 Ewald error estimate:   0.2461E-03
 ------------------------------------------------------------------------------

wrapping first mol.:       11.51751       16.28821       28.21201

 NSTEP =    39500   TIME(PS) =      99.000  TEMP(K) =   295.66  PRESS =     0.0
 Etot   =    -11069.0441  EKtot   =      1909.5075  EPtot      =    -12978.5515
 BOND   =         5.8587  ANGLE   =        13.0581  DIHED      =        18.5671
 1-4 NB =        13.0358  1-4 EEL =      -666.0388  VDWAALS    =      2515.9721
 EELEC  =    -14892.6306  EHBOND  =         0.0000  RESTRAINT  =        13.6262
 EAMBER (non-restraint)  =    -12992.1777
 EKCMT  =         0.0000  VIRIAL  =         0.0000  VOLUME     =     31755.3586
                                                    Density    =         1.0215
 Ewald error estimate:   0.2916E-03
 ------------------------------------------------------------------------------

wrapping first mol.:       11.51023       16.27792       28.19418

 NSTEP =    40000   TIME(PS) =     100.000  TEMP(K) =   303.19  PRESS =     0.0
 Etot   =    -10984.1518  EKtot   =      1958.1016  EPtot      =    -12942.2534
 BOND   =        10.4573  ANGLE   =        12.0255  DIHED      =        17.6453
 1-4 NB =        13.1600  1-4 EEL =      -675.5594  VDWAALS    =      2543.5362
 EELEC  =    -14873.4448  EHBOND  =         0.0000  RESTRAINT  =         9.9266
 EAMBER (non-restraint)  =    -12952.1800
 EKCMT  =         0.0000  VIRIAL  =         0.0000  VOLUME     =     31695.1757
                                                    Density    =         1.0234
 Ewald error estimate:   0.3921E-03
 ------------------------------------------------------------------------------

wrapping first mol.:       11.49198       16.25212       28.14949

 NSTEP =    40500   TIME(PS) =     101.000  TEMP(K) =   293.63  PRESS =     0.0
 Etot   =    -11039.5974  EKtot   =      1896.3948  EPtot      =    -12935.9921
 BOND   =        10.9219  ANGLE   =        11.0553  DIHED      =        16.2507
 1-4 NB =        13.9030  1-4 EEL =      -670.2072  VDWAALS    =      2577.0262
 EELEC  =    -14905.7329  EHBOND  =         0.0000  RESTRAINT  =        10.7909
 EAMBER (non-restraint)  =    -12946.7831
 EKCMT  =         0.0000  VIRIAL  =         0.0000  VOLUME     =     31544.7074
                                                    Density    =         1.0283
 Ewald error estimate:   0.3358E-03
 ------------------------------------------------------------------------------

wrapping first mol.:       11.52387       16.29721       28.22759

 NSTEP =    41000   TIME(PS) =     102.000  TEMP(K) =   294.91  PRESS =     0.0
 Etot   =    -10995.9747  EKtot   =      1904.6099  EPtot      =    -12900.5846
 BOND   =         9.5636  ANGLE   =        19.7084  DIHED      =        16.9804
 1-4 NB =        14.3685  1-4 EEL =      -678.0607  VDWAALS    =      2462.8141
 EELEC  =    -14756.9567  EHBOND  =         0.0000  RESTRAINT  =        10.9979
 EAMBER (non-restraint)  =    -12911.5824
 EKCMT  =         0.0000  VIRIAL  =         0.0000  VOLUME     =     31808.0077
                                                    Density    =         1.0198
 Ewald error estimate:   0.8472E-04
 ------------------------------------------------------------------------------

wrapping first mol.:       11.53656       16.31516       28.25868

 NSTEP =    41500   TIME(PS) =     103.000  TEMP(K) =   296.71  PRESS =     0.0
 Etot   =    -10991.7397  EKtot   =      1916.2839  EPtot      =    -12908.0236
 BOND   =         7.9181  ANGLE   =        11.1733  DIHED      =        18.1450
 1-4 NB =        12.2388  1-4 EEL =      -670.8334  VDWAALS    =      2459.3903
 EELEC  =    -14754.5860  EHBOND  =         0.0000  RESTRAINT  =         8.5302
 EAMBER (non-restraint)  =    -12916.5537
 EKCMT  =         0.0000  VIRIAL  =         0.0000  VOLUME     =     31913.2122
                                                    Density    =         1.0164
 Ewald error estimate:   0.1910E-03
 ------------------------------------------------------------------------------

wrapping first mol.:       11.55490       16.34110       28.30361

 NSTEP =    42000   TIME(PS) =     104.000  TEMP(K) =   295.24  PRESS =     0.0
 Etot   =    -10941.7266  EKtot   =      1906.7379  EPtot      =    -12848.4645
 BOND   =         7.7930  ANGLE   =        13.3692  DIHED      =        14.0450
 1-4 NB =        11.9949  1-4 EEL =      -668.1579  VDWAALS    =      2460.1552
 EELEC  =    -14695.5863  EHBOND  =         0.0000  RESTRAINT  =         7.9223
 EAMBER (non-restraint)  =    -12856.3868
 EKCMT  =         0.0000  VIRIAL  =         0.0000  VOLUME     =     32065.6906
                                                    Density    =         1.0116
 Ewald error estimate:   0.2234E-03
 ------------------------------------------------------------------------------

wrapping first mol.:       11.56990       16.36231       28.34035

 NSTEP =    42500   TIME(PS) =     105.000  TEMP(K) =   300.63  PRESS =     0.0
 Etot   =    -10919.0505  EKtot   =      1941.5729  EPtot      =    -12860.6234
 BOND   =        11.0921  ANGLE   =        19.5471  DIHED      =        15.9953
 1-4 NB =        13.0831  1-4 EEL =      -671.4575  VDWAALS    =      2436.6883
 EELEC  =    -14697.3545  EHBOND  =         0.0000  RESTRAINT  =        11.7826
 EAMBER (non-restraint)  =    -12872.4061
 EKCMT  =         0.0000  VIRIAL  =         0.0000  VOLUME     =     32190.7103
                                                    Density    =         1.0076
 Ewald error estimate:   0.2126E-03
 ------------------------------------------------------------------------------

wrapping first mol.:       11.55935       16.34739       28.31450

 NSTEP =    43000   TIME(PS) =     106.000  TEMP(K) =   300.20  PRESS =     0.0
 Etot   =    -10988.7669  EKtot   =      1938.8226  EPtot      =    -12927.5896
 BOND   =         5.4510  ANGLE   =        15.3301  DIHED      =        15.2506
 1-4 NB =        13.4247  1-4 EEL =      -667.8864  VDWAALS    =      2537.0279
 EELEC  =    -14857.0859  EHBOND  =         0.0000  RESTRAINT  =        10.8982
 EAMBER (non-restraint)  =    -12938.4878
 EKCMT  =         0.0000  VIRIAL  =         0.0000  VOLUME     =     32102.7135
                                                    Density    =         1.0104
 Ewald error estimate:   0.3746E-03
 ------------------------------------------------------------------------------

wrapping first mol.:       11.58806       16.38799       28.38483

 NSTEP =    43500   TIME(PS) =     107.000  TEMP(K) =   296.11  PRESS =     0.0
 Etot   =    -11021.2616  EKtot   =      1912.3703  EPtot      =    -12933.6318
 BOND   =        10.0945  ANGLE   =        19.5807  DIHED      =        17.8523
 1-4 NB =        11.9884  1-4 EEL =      -672.5117  VDWAALS    =      2374.5199
 EELEC  =    -14705.9972  EHBOND  =         0.0000  RESTRAINT  =        10.8412
 EAMBER (non-restraint)  =    -12944.4730
 EKCMT  =         0.0000  VIRIAL  =         0.0000  VOLUME     =     32342.5281
                                                    Density    =         1.0029
 Ewald error estimate:   0.1980E-03
 ------------------------------------------------------------------------------

wrapping first mol.:       11.57103       16.36391       28.34312

 NSTEP =    44000   TIME(PS) =     108.000  TEMP(K) =   303.69  PRESS =     0.0
 Etot   =    -11023.7558  EKtot   =      1961.3571  EPtot      =    -12985.1129
 BOND   =        10.9014  ANGLE   =        14.7198  DIHED      =        15.2915
 1-4 NB =        15.4723  1-4 EEL =      -679.4113  VDWAALS    =      2505.2875
 EELEC  =    -14879.0501  EHBOND  =         0.0000  RESTRAINT  =        11.6759
 EAMBER (non-restraint)  =    -12996.7888
 EKCMT  =         0.0000  VIRIAL  =         0.0000  VOLUME     =     32200.1467
                                                    Density    =         1.0073
 Ewald error estimate:   0.3320E-03
 ------------------------------------------------------------------------------

wrapping first mol.:       11.57103       16.36391       28.34312

 NSTEP =    44500   TIME(PS) =     109.000  TEMP(K) =   291.81  PRESS =     0.0
 Etot   =    -11094.6882  EKtot   =      1884.6106  EPtot      =    -12979.2989
 BOND   =         9.0751  ANGLE   =        10.9587  DIHED      =        18.7667
 1-4 NB =        13.2800  1-4 EEL =      -673.3303  VDWAALS    =      2523.6318
 EELEC  =    -14893.2184  EHBOND  =         0.0000  RESTRAINT  =        11.5374
 EAMBER (non-restraint)  =    -12990.8363
 EKCMT  =         0.0000  VIRIAL  =         0.0000  VOLUME     =     32200.1467
                                                    Density    =         1.0073
 Ewald error estimate:   0.1290E-03
 ------------------------------------------------------------------------------

wrapping first mol.:       11.56682       16.35796       28.33281

 NSTEP =    45000   TIME(PS) =     110.000  TEMP(K) =   297.21  PRESS =     0.0
 Etot   =    -11059.6197  EKtot   =      1919.4779  EPtot      =    -12979.0977
 BOND   =         5.7107  ANGLE   =        15.1614  DIHED      =        17.7798
 1-4 NB =        13.4802  1-4 EEL =      -669.3069  VDWAALS    =      2596.5480
 EELEC  =    -14966.8014  EHBOND  =         0.0000  RESTRAINT  =         8.3306
 EAMBER (non-restraint)  =    -12987.4282
 EKCMT  =         0.0000  VIRIAL  =         0.0000  VOLUME     =     32165.0270
                                                    Density    =         1.0084
 Ewald error estimate:   0.2995E-03
 ------------------------------------------------------------------------------

wrapping first mol.:       11.59527       16.39818       28.40249

 NSTEP =    45500   TIME(PS) =     111.000  TEMP(K) =   299.15  PRESS =     0.0
 Etot   =    -11060.8357  EKtot   =      1932.0012  EPtot      =    -12992.8369
 BOND   =         2.8802  ANGLE   =        13.8878  DIHED      =        16.0349
 1-4 NB =        12.2518  1-4 EEL =      -663.1272  VDWAALS    =      2519.6744
 EELEC  =    -14904.0617  EHBOND  =         0.0000  RESTRAINT  =         9.6230
 EAMBER (non-restraint)  =    -13002.4599
 EKCMT  =         0.0000  VIRIAL  =         0.0000  VOLUME     =     32402.9140
                                                    Density    =         1.0010
 Ewald error estimate:   0.4219E-03
 ------------------------------------------------------------------------------

wrapping first mol.:       11.57582       16.37069       28.35486

 NSTEP =    46000   TIME(PS) =     112.000  TEMP(K) =   298.13  PRESS =     0.0
 Etot   =    -10957.0987  EKtot   =      1925.4236  EPtot      =    -12882.5223
 BOND   =         8.3083  ANGLE   =        21.4894  DIHED      =        19.7055
 1-4 NB =        12.6591  1-4 EEL =      -675.4222  VDWAALS    =      2527.0429
 EELEC  =    -14806.7108  EHBOND  =         0.0000  RESTRAINT  =        10.4053
 EAMBER (non-restraint)  =    -12892.9276
 EKCMT  =         0.0000  VIRIAL  =         0.0000  VOLUME     =     32240.1852
                                                    Density    =         1.0061
 Ewald error estimate:   0.1028E-03
 ------------------------------------------------------------------------------

wrapping first mol.:       11.57929       16.37559       28.36336

 NSTEP =    46500   TIME(PS) =     113.000  TEMP(K) =   297.09  PRESS =     0.0
 Etot   =    -10940.4784  EKtot   =      1918.7281  EPtot      =    -12859.2065
 BOND   =        10.7116  ANGLE   =        17.2879  DIHED      =        12.8645
 1-4 NB =        12.9804  1-4 EEL =      -669.2301  VDWAALS    =      2347.8051
 EELEC  =    -14600.7029  EHBOND  =         0.0000  RESTRAINT  =         9.0770
 EAMBER (non-restraint)  =    -12868.2836
 EKCMT  =         0.0000  VIRIAL  =         0.0000  VOLUME     =     32269.1811
                                                    Density    =         1.0052
 Ewald error estimate:   0.4574E-04
 ------------------------------------------------------------------------------

wrapping first mol.:       11.60088       16.40612       28.41622

 NSTEP =    47000   TIME(PS) =     114.000  TEMP(K) =   300.27  PRESS =     0.0
 Etot   =    -10928.1302  EKtot   =      1939.2323  EPtot      =    -12867.3626
 BOND   =         5.1310  ANGLE   =         9.0129  DIHED      =        16.9595
 1-4 NB =        11.7165  1-4 EEL =      -670.0154  VDWAALS    =      2459.5419
 EELEC  =    -14712.6417  EHBOND  =         0.0000  RESTRAINT  =        12.9327
 EAMBER (non-restraint)  =    -12880.2953
 EKCMT  =         0.0000  VIRIAL  =         0.0000  VOLUME     =     32449.9527
                                                    Density    =         0.9996
 Ewald error estimate:   0.2323E-03
 ------------------------------------------------------------------------------

wrapping first mol.:       11.59589       16.39906       28.40401

 NSTEP =    47500   TIME(PS) =     115.000  TEMP(K) =   296.33  PRESS =     0.0
 Etot   =    -10926.5573  EKtot   =      1913.8220  EPtot      =    -12840.3793
 BOND   =         7.4356  ANGLE   =        16.7993  DIHED      =        16.0833
 1-4 NB =        15.2213  1-4 EEL =      -674.4413  VDWAALS    =      2551.5806
 EELEC  =    -14786.1044  EHBOND  =         0.0000  RESTRAINT  =        13.0464
 EAMBER (non-restraint)  =    -12853.4257
 EKCMT  =         0.0000  VIRIAL  =         0.0000  VOLUME     =     32408.1210
                                                    Density    =         1.0009
 Ewald error estimate:   0.2139E-03
 ------------------------------------------------------------------------------

wrapping first mol.:       11.53904       16.31866       28.26475

 NSTEP =    48000   TIME(PS) =     116.000  TEMP(K) =   295.25  PRESS =     0.0
 Etot   =    -11020.6987  EKtot   =      1906.8371  EPtot      =    -12927.5358
 BOND   =         5.0252  ANGLE   =        19.0221  DIHED      =        16.6897
 1-4 NB =        13.2026  1-4 EEL =      -669.6673  VDWAALS    =      2588.8170
 EELEC  =    -14909.6037  EHBOND  =         0.0000  RESTRAINT  =         8.9786
 EAMBER (non-restraint)  =    -12936.5144
 EKCMT  =         0.0000  VIRIAL  =         0.0000  VOLUME     =     31933.7807
                                                    Density    =         1.0157
 Ewald error estimate:   0.1947E-03
 ------------------------------------------------------------------------------

wrapping first mol.:       11.57203       16.36532       28.34556

 NSTEP =    48500   TIME(PS) =     117.000  TEMP(K) =   288.61  PRESS =     0.0
 Etot   =    -11000.9973  EKtot   =      1863.9773  EPtot      =    -12864.9746
 BOND   =         7.4387  ANGLE   =        14.0117  DIHED      =        15.4779
 1-4 NB =        14.6255  1-4 EEL =      -670.0395  VDWAALS    =      2422.6898
 EELEC  =    -14677.9431  EHBOND  =         0.0000  RESTRAINT  =         8.7644
 EAMBER (non-restraint)  =    -12873.7390
 EKCMT  =         0.0000  VIRIAL  =         0.0000  VOLUME     =     32208.4669
                                                    Density    =         1.0071
 Ewald error estimate:   0.5380E-03
 ------------------------------------------------------------------------------

wrapping first mol.:       11.58109       16.37814       28.36777

 NSTEP =    49000   TIME(PS) =     118.000  TEMP(K) =   293.47  PRESS =     0.0
 Etot   =    -11016.4316  EKtot   =      1895.3572  EPtot      =    -12911.7888
 BOND   =        10.5520  ANGLE   =        13.7346  DIHED      =        16.4965
 1-4 NB =        13.7575  1-4 EEL =      -675.3905  VDWAALS    =      2470.5782
 EELEC  =    -14772.2825  EHBOND  =         0.0000  RESTRAINT  =        10.7654
 EAMBER (non-restraint)  =    -12922.5542
 EKCMT  =         0.0000  VIRIAL  =         0.0000  VOLUME     =     32284.2395
                                                    Density    =         1.0047
 Ewald error estimate:   0.3946E-03
 ------------------------------------------------------------------------------

wrapping first mol.:       11.60445       16.41117       28.42498

 NSTEP =    49500   TIME(PS) =     119.000  TEMP(K) =   300.83  PRESS =     0.0
 Etot   =    -10962.1378  EKtot   =      1942.8970  EPtot      =    -12905.0348
 BOND   =         4.8011  ANGLE   =         8.8716  DIHED      =        18.5404
 1-4 NB =        14.5554  1-4 EEL =      -672.8863  VDWAALS    =      2514.3143
 EELEC  =    -14800.9867  EHBOND  =         0.0000  RESTRAINT  =         7.7554
 EAMBER (non-restraint)  =    -12912.7902
 EKCMT  =         0.0000  VIRIAL  =         0.0000  VOLUME     =     32479.9715
                                                    Density    =         0.9987
 Ewald error estimate:   0.2920E-04
 ------------------------------------------------------------------------------

wrapping first mol.:       11.60362       16.40999       28.42294
wrapping first mol.:       11.60362       16.40999       28.42294

 NSTEP =    50000   TIME(PS) =     120.000  TEMP(K) =   300.72  PRESS =     0.0
 Etot   =    -10923.8064  EKtot   =      1942.1781  EPtot      =    -12865.9844
 BOND   =         7.6399  ANGLE   =        14.9216  DIHED      =        13.4226
 1-4 NB =        13.2739  1-4 EEL =      -672.2028  VDWAALS    =      2525.6460
 EELEC  =    -14776.2848  EHBOND  =         0.0000  RESTRAINT  =         7.5992
 EAMBER (non-restraint)  =    -12873.5836
 EKCMT  =         0.0000  VIRIAL  =         0.0000  VOLUME     =     32472.9690
                                                    Density    =         0.9989
 Ewald error estimate:   0.2565E-03
 ------------------------------------------------------------------------------


      A V E R A G E S   O V E R     100 S T E P S


 NSTEP =    50000   TIME(PS) =     120.000  TEMP(K) =   298.01  PRESS =     0.0
 Etot   =    -10983.2560  EKtot   =      1924.6698  EPtot      =    -12907.9258
 BOND   =         8.0744  ANGLE   =        14.5588  DIHED      =        16.3421
 1-4 NB =        12.9896  1-4 EEL =      -670.1275  VDWAALS    =      2484.8336
 EELEC  =    -14784.2457  EHBOND  =         0.0000  RESTRAINT  =         9.6489
 EAMBER (non-restraint)  =    -12917.5747
 EKCMT  =         0.0000  VIRIAL  =         0.0000  VOLUME     =     32322.2785
                                                    Density    =         1.0040
 Ewald error estimate:   0.1971E-03
 ------------------------------------------------------------------------------


      R M S  F L U C T U A T I O N S


 NSTEP =    50000   TIME(PS) =     120.000  TEMP(K) =     5.11  PRESS =     0.0
 Etot   =        72.7354  EKtot   =        32.9952  EPtot      =        66.2114
 BOND   =         2.2090  ANGLE   =         2.7219  DIHED      =         1.8948
 1-4 NB =         1.1544  1-4 EEL =         4.2332  VDWAALS    =        62.4842
 EELEC  =       100.4362  EHBOND  =         0.0000  RESTRAINT  =         1.7767
 EAMBER (non-restraint)  =        64.4346
 EKCMT  =         0.0000  VIRIAL  =         0.0000  VOLUME     =       711.7723
                                                    Density    =         0.0206
 Ewald error estimate:   0.1326E-03
 ------------------------------------------------------------------------------

| MC Barostat:        500 volume changes attempted.
| MC Barostat:        246 changes successful ( 49.20%)
 ------------------------------------------------------------------------------

--------------------------------------------------------------------------------
   5.  TIMINGS
--------------------------------------------------------------------------------

|  NonSetup CPU Time in Major Routines, Average for All Tasks:
|
|     Routine           Sec        %
|     ------------------------------
|     DataDistrib      10.73   10.26
|     Nonbond          88.41   84.50
|     Bond              0.14    0.13
|     Angle             0.16    0.15
|     Dihedral          0.20    0.19
|     Shake             0.60    0.58
|     RunMD             4.19    4.00
|     Other             0.19    0.18
|     ------------------------------
|     Total           104.62

|  PME Nonbond Pairlist CPU Time, Average for All Tasks:
|
|     Routine              Sec        %
|     ---------------------------------
|     Set Up Cit           0.29    0.27
|     Build List          10.43    9.97
|     ---------------------------------
|     Total               10.72   10.24

|  PME Direct Force CPU Time, Average for All Tasks:
|
|     Routine              Sec        %
|     ---------------------------------
|     NonBonded Calc      61.16   58.45
|     Exclude Masked       0.67    0.64
|     Other                2.44    2.33
|     ---------------------------------
|     Total               64.27   61.43

|  PME Reciprocal Force CPU Time, Average for All Tasks:
|
|     Routine              Sec        %
|     ---------------------------------
|     1D bspline           1.11    1.06
|     Grid Charges         1.21    1.16
|     Scalar Sum           1.16    1.11
|     Gradient Sum         2.10    2.01
|     FFT                  7.55    7.22
|     ---------------------------------
|     Total               13.13   12.55

|  PME Load Balancing CPU Time, Average for All Tasks:
|
|     Routine                 Sec        %
|     ------------------------------------
|     Atom Reassign           0.00    0.00
|     Image Reassign          0.00    0.00
|     FFT Reassign            0.00    0.00
|     ------------------------------------
|     Total                   0.01    0.01

|  Final Performance Info:
|     -----------------------------------------------------
|     Average timings for last   21000 steps:
|     Elapsed(s) =      44.07 Per Step(ms) =       2.10
|         ns/day =      82.34   seconds/ns =    1049.29
|
|     Average timings for all steps:
|     Elapsed(s) =     104.97 Per Step(ms) =       2.10
|         ns/day =      82.31   seconds/ns =    1049.73
|     -----------------------------------------------------

|  Master Setup CPU time:            0.03 seconds
|  Master NonSetup CPU time:       103.14 seconds
|  Master Total CPU time:          103.17 seconds     0.03 hours

|  Master Setup wall time:           1    seconds
|  Master NonSetup wall time:      105    seconds
|  Master Total wall time:         106    seconds     0.03 hours
