/ihome/lchong/dty7/bgfs-dty7/ff15ipq-lig/charges/gaff_02/GenConformers/Conf14
Running Conformation 14
removed ‘mdcrd’
mkdir: created directory ‘scratch’
IPolQ >> Sampling solvent charge density.

IPolQ >> Trimming charge cloud from 42120 atoms to 41148.
IPolQ >> Fitting shell charges.

IPolQ >> Shell charge fitting complete.
IPolQ >> Running vacuum phase quantum calculation with orca.
IPolQ >> Running solution phase quantum calculation with orca.
IPolQ >> Quantum and electrostatic potential calculations completed.
============================================================================
                               JOB STATISTICS                              
============================================================================
      SubmitTime: 2022-03-24T00:07:49
         EndTime: 2022-03-25T00:07:58
         RunTime: 06:24:05
           JobId: 5485181
            TRES: cpu=1,mem=8G,node=1
       Partition: smp
        NodeList: smp-n146
         Command: /bgfs/lchong/dty7/ff15ipq-lig/charges/gaff_02/GenConformers/Conf14/conf_14_mdgx_grid_gen.slurm
          StdOut: /bgfs/lchong/dty7/ff15ipq-lig/charges/gaff_02/GenConformers/Conf14/slurm_conf_14.out
More information:
    - `sacct -M smp -j 5485181 -S 2022-03-24T00:07:49 -E 2022-03-25T00:07:58`
   Print control:
    - List of all possible fields: `sacct --helpformat`
    - Add `--format=<field1,field2,etc>` with fields of interest
============================================================================
