
          -------------------------------------------------------
          Amber 18 PMEMD                              2018
          -------------------------------------------------------

| PMEMD implementation of SANDER, Release 18

| Run on 03/12/2022 at 20:37:32

|   Executable path: pmemd.MPI
| Working directory: /bgfs/lchong/dty7/ff15ipq-lig/charges/gaff_00/GenConformers/Conf7
|          Hostname: smp-n123

  [-O]verwriting output

File Assignments:
|   MDIN: ../../../amber/6.2_eq1.in                                             
|  MDOUT: 6.2_eq1.out                                                           
| INPCRD: 6.1_min.rst                                                           
|   PARM: ../../mon.top                                                         
| RESTRT: 6.2_eq1.rst                                                           
|   REFC: 6.1_min.rst                                                           
|  MDVEL: mdvel                                                                 
|   MDEN: mden                                                                  
|  MDCRD: mdcrd                                                                 
| MDINFO: mdinfo                                                                
|LOGFILE: logfile                                                               
|  MDFRC: mdfrc                                                                 

 
 Here is the input file:
 
&cntrl                                                                         
  imin      = 0,                                                               
  irest     = 0,                                                               
  ntx       = 1,                                                               
  ig        = -1,                                                              
  dt        = 0.002,                                                           
  nstlim    = 10000,                                                           
  nscm      = 500,                                                             
  ntr       = 1,                                                               
  restraintmask = ':1',                                                        
  restraint_wt  = 10.0,                                                        
  ntb       = 1,                                                               
  ntp       = 0,                                                               
  ntt       = 3,                                                               
  tempi     = 298.0,                                                           
  temp0     = 298.0,                                                           
  gamma_ln  = 1.0,                                                             
  ntf       = 2,                                                               
  ntc       = 2,                                                               
  cut       = 10.0,                                                            
  ntpr      = 500,                                                             
  ntxo      = 2,                                                               
  ntwr      = 10000,                                                           
  ioutfm    = 1,                                                               
  ntwx      = 500,                                                             
  iwrap     = 1,                                                               
&end                                                                           


Note: ig = -1. Setting random seed to   664315 based on wallclock time in
      microseconds and disabling the synchronization of random numbers 
      between tasks to improve performance.
| irandom = 1, using AMBER's internal random number generator (default).
 
 
| Conditional Compilation Defines Used:
| MPI
| FFTW_FFT
| BINTRAJ
| MKL
| EMIL
 
| Largest sphere to fit in unit cell has radius =    14.743

| New format PARM file being parsed.
| Version =    1.000 Date = 03/12/22 Time = 14:58:37

| Note: 1-4 EEL scale factors are being read from the topology file.

| Note: 1-4 VDW scale factors are being read from the topology file.
| Duplicated    0 dihedrals

| Duplicated    0 dihedrals

--------------------------------------------------------------------------------
   1.  RESOURCE   USE: 
--------------------------------------------------------------------------------

 getting box info from netcdf restart file
 NATOM  =    3240 NTYPES =      13 NBONH =    3220 MBONA  =      21
 NTHETH =      33 MTHETA =      29 NPHIH =      60 MPHIA  =      45
 NHPARM =       0 NPARM  =       0 NNB   =    4456 NRES   =    1069
 NBONA  =      21 NTHETA =      29 NPHIA =      45 NUMBND =      22
 NUMANG =      35 NPTRA  =      18 NATYP =      17 NPHB   =       0
 IFBOX  =       2 NMXRS  =      36 IFCAP =       0 NEXTRA =       0
 NCOPY  =       0

| Coordinate Index Table dimensions:     5    5    5
| Direct force subcell size =     7.2224    7.2224    7.2224

     BOX TYPE: TRUNCATED OCTAHEDRON

--------------------------------------------------------------------------------
   2.  CONTROL  DATA  FOR  THE  RUN
--------------------------------------------------------------------------------

MON                                                                             

General flags:
     imin    =       0, nmropt  =       0

Nature and format of input:
     ntx     =       1, irest   =       0, ntrx    =       1

Nature and format of output:
     ntxo    =       2, ntpr    =     500, ntrx    =       1, ntwr    =   10000
     iwrap   =       1, ntwx    =     500, ntwv    =       0, ntwe    =       0
     ioutfm  =       1, ntwprt  =       0, idecomp =       0, rbornstat=      0

Potential function:
     ntf     =       2, ntb     =       1, igb     =       0, nsnb    =      25
     ipol    =       0, gbsa    =       0, iesp    =       0
     dielc   =   1.00000, cut     =  10.00000, intdiel =   1.00000

Frozen or restrained atoms:
     ibelly  =       0, ntr     =       1
     restraint_wt =  10.00000

Molecular dynamics:
     nstlim  =     10000, nscm    =         0, nrespa  =         1
     t       =   0.00000, dt      =   0.00200, vlimit  =  20.00000

Langevin dynamics temperature regulation:
     ig      =  664315
     temp0   = 298.00000, tempi   = 298.00000, gamma_ln=   1.00000

SHAKE:
     ntc     =       2, jfastw  =       0
     tol     =   0.00001

| Intermolecular bonds treatment:
|     no_intermolecular_bonds =       1

| Energy averages sample interval:
|     ene_avg_sampling =     500

Ewald parameters:
     verbose =       0, ew_type =       0, nbflag  =       1, use_pme =       1
     vdwmeth =       1, eedmeth =       1, netfrc  =       1
     Box X =   36.112   Box Y =   36.112   Box Z =   36.112
     Alpha =  109.471   Beta  =  109.471   Gamma =  109.471
     NFFT1 =   40       NFFT2 =   40       NFFT3 =   40
     Cutoff=   10.000   Tol   =0.100E-04
     Ewald Coefficient =  0.27511
     Interpolation order =    4

| PMEMD ewald parallel performance parameters:
|     block_fft =    0
|     fft_blk_y_divisor =    2
|     excl_recip =    0
|     excl_master =    0
|     atm_redist_freq =  320

    LOADING THE CONSTRAINED ATOMS AS GROUPS


   5.  REFERENCE ATOM COORDINATES

  MON                                                                             
     Mask :1; matches    36 atoms

--------------------------------------------------------------------------------
   3.  ATOMIC COORDINATES AND VELOCITIES
--------------------------------------------------------------------------------

MON                                                                             
 begin time read from input coords =     0.000 ps

 
 Number of triangulated 3-point waters found:     1068

     Sum of charges from parm topology file =  -0.00200217
     Forcing neutrality...

| Dynamic Memory, Types Used:
| Reals             1198019
| Integers           209518

| Nonbonded Pairs Initial Allocation:      317358

| Running AMBER/MPI version on    8 MPI task

 
--------------------------------------------------------------------------------
   4.  RESULTS
--------------------------------------------------------------------------------

 ---------------------------------------------------
 APPROXIMATING switch and d/dx switch using CUBIC SPLINE INTERPOLATION
 using   5000.0 points per unit in tabled values
 TESTING RELATIVE ERROR over r ranging from 0.0 to cutoff
| CHECK switch(x): max rel err =   0.3316E-14   at   2.351880
| CHECK d/dx switch(x): max rel err =   0.8066E-11   at   2.747240
 ---------------------------------------------------
|---------------------------------------------------
| APPROXIMATING direct energy using CUBIC SPLINE INTERPOLATION
|  with   50.0 points per unit in tabled values
| Relative Error Limit not exceeded for r .gt.   2.34
| APPROXIMATING direct force using CUBIC SPLINE INTERPOLATION
|  with   50.0 points per unit in tabled values
| Relative Error Limit not exceeded for r .gt.   2.81
|---------------------------------------------------

 NSTEP =        0   TIME(PS) =       0.000  TEMP(K) =   455.67  PRESS =     0.0
 Etot   =    -14547.2799  EKtot   =      2942.8919  EPtot      =    -17490.1718
 BOND   =         0.4994  ANGLE   =         3.2380  DIHED      =         7.6223
 1-4 NB =        10.6487  1-4 EEL =      -245.3168  VDWAALS    =      3678.5092
 EELEC  =    -20945.3727  EHBOND  =         0.0000  RESTRAINT  =         0.0000
 Ewald error estimate:   0.1863E-03
 ------------------------------------------------------------------------------

wrapping first mol.:       36.11218        0.00000        0.00000

 NSTEP =      500   TIME(PS) =       1.000  TEMP(K) =   243.79  PRESS =     0.0
 Etot   =    -11336.2576  EKtot   =      1574.4808  EPtot      =    -12910.7385
 BOND   =         6.0227  ANGLE   =        12.8604  DIHED      =        10.5698
 1-4 NB =        12.1529  1-4 EEL =      -245.7932  VDWAALS    =      2471.6765
 EELEC  =    -15183.3365  EHBOND  =         0.0000  RESTRAINT  =         5.1091
 EAMBER (non-restraint)  =    -12915.8476
 Ewald error estimate:   0.3174E-03
 ------------------------------------------------------------------------------

wrapping first mol.:       36.11218        0.00000        0.00000

 NSTEP =     1000   TIME(PS) =       2.000  TEMP(K) =   274.18  PRESS =     0.0
 Etot   =    -10872.7812  EKtot   =      1770.7308  EPtot      =    -12643.5120
 BOND   =         4.9292  ANGLE   =        13.0315  DIHED      =        12.6464
 1-4 NB =        10.4531  1-4 EEL =      -245.3542  VDWAALS    =      2448.2410
 EELEC  =    -14895.9068  EHBOND  =         0.0000  RESTRAINT  =         8.4478
 EAMBER (non-restraint)  =    -12651.9597
 Ewald error estimate:   0.2171E-04
 ------------------------------------------------------------------------------

wrapping first mol.:       36.11218        0.00000        0.00000

 NSTEP =     1500   TIME(PS) =       3.000  TEMP(K) =   285.40  PRESS =     0.0
 Etot   =    -10756.4713  EKtot   =      1843.1931  EPtot      =    -12599.6645
 BOND   =         6.1430  ANGLE   =        11.8293  DIHED      =        11.3484
 1-4 NB =        11.1724  1-4 EEL =      -246.7181  VDWAALS    =      2443.8590
 EELEC  =    -14845.5773  EHBOND  =         0.0000  RESTRAINT  =         8.2789
 EAMBER (non-restraint)  =    -12607.9433
 Ewald error estimate:   0.6281E-04
 ------------------------------------------------------------------------------

wrapping first mol.:       36.11218        0.00000        0.00000

 NSTEP =     2000   TIME(PS) =       4.000  TEMP(K) =   287.29  PRESS =     0.0
 Etot   =    -10598.6228  EKtot   =      1855.3991  EPtot      =    -12454.0219
 BOND   =         6.1476  ANGLE   =        14.0984  DIHED      =        10.3415
 1-4 NB =         9.6796  1-4 EEL =      -244.3720  VDWAALS    =      2372.7281
 EELEC  =    -14627.3174  EHBOND  =         0.0000  RESTRAINT  =         4.6724
 EAMBER (non-restraint)  =    -12458.6943
 Ewald error estimate:   0.5584E-04
 ------------------------------------------------------------------------------

wrapping first mol.:       36.11218        0.00000        0.00000

 NSTEP =     2500   TIME(PS) =       5.000  TEMP(K) =   291.42  PRESS =     0.0
 Etot   =    -10536.0639  EKtot   =      1882.0971  EPtot      =    -12418.1609
 BOND   =         8.8592  ANGLE   =        16.8438  DIHED      =        10.8026
 1-4 NB =        10.2464  1-4 EEL =      -245.5478  VDWAALS    =      2323.9776
 EELEC  =    -14553.0129  EHBOND  =         0.0000  RESTRAINT  =         9.6702
 EAMBER (non-restraint)  =    -12427.8311
 Ewald error estimate:   0.1207E-03
 ------------------------------------------------------------------------------

wrapping first mol.:       36.11218        0.00000        0.00000

 NSTEP =     3000   TIME(PS) =       6.000  TEMP(K) =   295.77  PRESS =     0.0
 Etot   =    -10514.9791  EKtot   =      1910.2009  EPtot      =    -12425.1800
 BOND   =         6.3489  ANGLE   =        10.9914  DIHED      =        12.9548
 1-4 NB =        10.4106  1-4 EEL =      -244.2405  VDWAALS    =      2278.7670
 EELEC  =    -14509.7346  EHBOND  =         0.0000  RESTRAINT  =         9.3224
 EAMBER (non-restraint)  =    -12434.5023
 Ewald error estimate:   0.8189E-04
 ------------------------------------------------------------------------------

wrapping first mol.:       36.11218        0.00000        0.00000

 NSTEP =     3500   TIME(PS) =       7.000  TEMP(K) =   289.75  PRESS =     0.0
 Etot   =    -10480.1786  EKtot   =      1871.3186  EPtot      =    -12351.4972
 BOND   =         6.9192  ANGLE   =        11.2899  DIHED      =         8.6625
 1-4 NB =        12.3695  1-4 EEL =      -244.3822  VDWAALS    =      2276.5184
 EELEC  =    -14428.2573  EHBOND  =         0.0000  RESTRAINT  =         5.3829
 EAMBER (non-restraint)  =    -12356.8801
 Ewald error estimate:   0.9133E-06
 ------------------------------------------------------------------------------

wrapping first mol.:       36.11218        0.00000        0.00000

 NSTEP =     4000   TIME(PS) =       8.000  TEMP(K) =   295.12  PRESS =     0.0
 Etot   =    -10486.2952  EKtot   =      1905.9880  EPtot      =    -12392.2832
 BOND   =         5.5133  ANGLE   =        10.9375  DIHED      =        10.9528
 1-4 NB =        11.5675  1-4 EEL =      -245.7027  VDWAALS    =      2220.7048
 EELEC  =    -14411.9483  EHBOND  =         0.0000  RESTRAINT  =         5.6921
 EAMBER (non-restraint)  =    -12397.9752
 Ewald error estimate:   0.2347E-04
 ------------------------------------------------------------------------------

wrapping first mol.:       36.11218        0.00000        0.00000

 NSTEP =     4500   TIME(PS) =       9.000  TEMP(K) =   297.76  PRESS =     0.0
 Etot   =    -10308.0125  EKtot   =      1923.0174  EPtot      =    -12231.0298
 BOND   =         3.4598  ANGLE   =        13.1066  DIHED      =        14.3471
 1-4 NB =        12.2797  1-4 EEL =      -246.7247  VDWAALS    =      2218.3485
 EELEC  =    -14256.3665  EHBOND  =         0.0000  RESTRAINT  =        10.5196
 EAMBER (non-restraint)  =    -12241.5495
 Ewald error estimate:   0.2733E-04
 ------------------------------------------------------------------------------

wrapping first mol.:       36.11218        0.00000        0.00000

 NSTEP =     5000   TIME(PS) =      10.000  TEMP(K) =   301.98  PRESS =     0.0
 Etot   =    -10340.0510  EKtot   =      1950.3053  EPtot      =    -12290.3563
 BOND   =         4.2567  ANGLE   =        14.1077  DIHED      =        12.3885
 1-4 NB =        12.9496  1-4 EEL =      -248.0667  VDWAALS    =      2236.9688
 EELEC  =    -14332.1976  EHBOND  =         0.0000  RESTRAINT  =         9.2367
 EAMBER (non-restraint)  =    -12299.5930
 Ewald error estimate:   0.3419E-04
 ------------------------------------------------------------------------------

wrapping first mol.:       36.11218        0.00000        0.00000

 NSTEP =     5500   TIME(PS) =      11.000  TEMP(K) =   291.37  PRESS =     0.0
 Etot   =    -10524.0837  EKtot   =      1881.7451  EPtot      =    -12405.8288
 BOND   =         6.7389  ANGLE   =        11.0176  DIHED      =        11.5542
 1-4 NB =        12.6845  1-4 EEL =      -245.1307  VDWAALS    =      2250.4387
 EELEC  =    -14460.9114  EHBOND  =         0.0000  RESTRAINT  =         7.7793
 EAMBER (non-restraint)  =    -12413.6081
 Ewald error estimate:   0.1425E-03
 ------------------------------------------------------------------------------

wrapping first mol.:       36.11218        0.00000        0.00000

 NSTEP =     6000   TIME(PS) =      12.000  TEMP(K) =   299.08  PRESS =     0.0
 Etot   =    -10513.0528  EKtot   =      1931.5664  EPtot      =    -12444.6191
 BOND   =         6.5772  ANGLE   =        15.4949  DIHED      =        10.9272
 1-4 NB =        10.9235  1-4 EEL =      -243.6354  VDWAALS    =      2278.3216
 EELEC  =    -14530.8936  EHBOND  =         0.0000  RESTRAINT  =         7.6655
 EAMBER (non-restraint)  =    -12452.2846
 Ewald error estimate:   0.2123E-04
 ------------------------------------------------------------------------------

wrapping first mol.:       36.11218        0.00000        0.00000

 NSTEP =     6500   TIME(PS) =      13.000  TEMP(K) =   304.15  PRESS =     0.0
 Etot   =    -10426.6617  EKtot   =      1964.3299  EPtot      =    -12390.9917
 BOND   =         6.7180  ANGLE   =        14.9340  DIHED      =        11.6090
 1-4 NB =        12.3108  1-4 EEL =      -248.7484  VDWAALS    =      2277.4271
 EELEC  =    -14475.3699  EHBOND  =         0.0000  RESTRAINT  =        10.1278
 EAMBER (non-restraint)  =    -12401.1195
 Ewald error estimate:   0.1750E-03
 ------------------------------------------------------------------------------

wrapping first mol.:       36.11218        0.00000        0.00000

 NSTEP =     7000   TIME(PS) =      14.000  TEMP(K) =   291.00  PRESS =     0.0
 Etot   =    -10421.6066  EKtot   =      1879.3928  EPtot      =    -12300.9995
 BOND   =         3.0089  ANGLE   =        16.8822  DIHED      =        10.1335
 1-4 NB =        12.0863  1-4 EEL =      -247.3949  VDWAALS    =      2268.7159
 EELEC  =    -14372.0464  EHBOND  =         0.0000  RESTRAINT  =         7.6150
 EAMBER (non-restraint)  =    -12308.6145
 Ewald error estimate:   0.1588E-03
 ------------------------------------------------------------------------------

wrapping first mol.:       36.11218        0.00000        0.00000

 NSTEP =     7500   TIME(PS) =      15.000  TEMP(K) =   302.18  PRESS =     0.0
 Etot   =    -10457.6391  EKtot   =      1951.6225  EPtot      =    -12409.2616
 BOND   =         5.4179  ANGLE   =        14.6959  DIHED      =         9.4705
 1-4 NB =        11.1115  1-4 EEL =      -246.3814  VDWAALS    =      2281.9880
 EELEC  =    -14493.9910  EHBOND  =         0.0000  RESTRAINT  =         8.4269
 EAMBER (non-restraint)  =    -12417.6886
 Ewald error estimate:   0.1579E-03
 ------------------------------------------------------------------------------

wrapping first mol.:       36.11218        0.00000        0.00000

 NSTEP =     8000   TIME(PS) =      16.000  TEMP(K) =   293.26  PRESS =     0.0
 Etot   =    -10522.8940  EKtot   =      1893.9848  EPtot      =    -12416.8788
 BOND   =         7.9474  ANGLE   =        12.4744  DIHED      =        11.4028
 1-4 NB =        10.5999  1-4 EEL =      -244.6913  VDWAALS    =      2283.4654
 EELEC  =    -14504.8180  EHBOND  =         0.0000  RESTRAINT  =         6.7406
 EAMBER (non-restraint)  =    -12423.6194
 Ewald error estimate:   0.7930E-04
 ------------------------------------------------------------------------------

wrapping first mol.:       36.11218        0.00000        0.00000

 NSTEP =     8500   TIME(PS) =      17.000  TEMP(K) =   287.25  PRESS =     0.0
 Etot   =    -10550.9691  EKtot   =      1855.1797  EPtot      =    -12406.1488
 BOND   =         3.6701  ANGLE   =        11.0075  DIHED      =        10.4548
 1-4 NB =        11.6794  1-4 EEL =      -247.4995  VDWAALS    =      2235.8884
 EELEC  =    -14437.8505  EHBOND  =         0.0000  RESTRAINT  =         6.5010
 EAMBER (non-restraint)  =    -12412.6498
 Ewald error estimate:   0.5161E-04
 ------------------------------------------------------------------------------

wrapping first mol.:       36.11218        0.00000        0.00000

 NSTEP =     9000   TIME(PS) =      18.000  TEMP(K) =   295.07  PRESS =     0.0
 Etot   =    -10488.8097  EKtot   =      1905.7013  EPtot      =    -12394.5111
 BOND   =         8.8756  ANGLE   =        13.7248  DIHED      =        12.1738
 1-4 NB =        12.2970  1-4 EEL =      -248.0396  VDWAALS    =      2254.1006
 EELEC  =    -14452.7497  EHBOND  =         0.0000  RESTRAINT  =         5.1064
 EAMBER (non-restraint)  =    -12399.6175
 Ewald error estimate:   0.2718E-03
 ------------------------------------------------------------------------------

wrapping first mol.:       36.11218        0.00000        0.00000

 NSTEP =     9500   TIME(PS) =      19.000  TEMP(K) =   302.90  PRESS =     0.0
 Etot   =    -10510.9580  EKtot   =      1956.2616  EPtot      =    -12467.2196
 BOND   =         5.3798  ANGLE   =        10.5077  DIHED      =        10.2163
 1-4 NB =        10.5439  1-4 EEL =      -245.3709  VDWAALS    =      2243.6749
 EELEC  =    -14510.5820  EHBOND  =         0.0000  RESTRAINT  =         8.4107
 EAMBER (non-restraint)  =    -12475.6303
 Ewald error estimate:   0.1790E-03
 ------------------------------------------------------------------------------

wrapping first mol.:       36.11218        0.00000        0.00000
wrapping first mol.:       36.11218        0.00000        0.00000

 NSTEP =    10000   TIME(PS) =      20.000  TEMP(K) =   299.62  PRESS =     0.0
 Etot   =    -10577.4696  EKtot   =      1935.0435  EPtot      =    -12512.5131
 BOND   =         7.9695  ANGLE   =        12.8172  DIHED      =        10.4424
 1-4 NB =        11.5656  1-4 EEL =      -245.1917  VDWAALS    =      2384.2441
 EELEC  =    -14702.6032  EHBOND  =         0.0000  RESTRAINT  =         8.2430
 EAMBER (non-restraint)  =    -12520.7561
 Ewald error estimate:   0.8318E-04
 ------------------------------------------------------------------------------


      A V E R A G E S   O V E R      20 S T E P S


 NSTEP =    10000   TIME(PS) =      20.000  TEMP(K) =   291.42  PRESS =     0.0
 Etot   =    -10561.1929  EKtot   =      1882.0779  EPtot      =    -12443.2708
 BOND   =         6.0451  ANGLE   =        13.1326  DIHED      =        11.1699
 1-4 NB =        11.4542  1-4 EEL =      -245.9493  VDWAALS    =      2302.5027
 EELEC  =    -14549.2735  EHBOND  =         0.0000  RESTRAINT  =         7.6474
 EAMBER (non-restraint)  =    -12450.9182
 Ewald error estimate:   0.1033E-03
 ------------------------------------------------------------------------------


      R M S  F L U C T U A T I O N S


 NSTEP =    10000   TIME(PS) =      20.000  TEMP(K) =    12.99  PRESS =     0.0
 Etot   =       215.2779  EKtot   =        83.9159  EPtot      =       141.2375
 BOND   =         1.6194  ANGLE   =         1.9017  DIHED      =         1.2623
 1-4 NB =         0.9059  1-4 EEL =         1.4060  VDWAALS    =        76.5870
 EELEC  =       209.8645  EHBOND  =         0.0000  RESTRAINT  =         1.7214
 EAMBER (non-restraint)  =       139.5161
 Ewald error estimate:   0.8420E-04
 ------------------------------------------------------------------------------

--------------------------------------------------------------------------------
   5.  TIMINGS
--------------------------------------------------------------------------------

|  NonSetup CPU Time in Major Routines, Average for All Tasks:
|
|     Routine           Sec        %
|     ------------------------------
|     DataDistrib       1.88    9.96
|     Nonbond          15.91   84.09
|     Bond              0.03    0.14
|     Angle             0.04    0.19
|     Dihedral          0.05    0.28
|     Shake             0.13    0.66
|     RunMD             0.86    4.54
|     Other             0.03    0.14
|     ------------------------------
|     Total            18.92

|  PME Nonbond Pairlist CPU Time, Average for All Tasks:
|
|     Routine              Sec        %
|     ---------------------------------
|     Set Up Cit           0.06    0.30
|     Build List           1.95   10.29
|     ---------------------------------
|     Total                2.00   10.59

|  PME Direct Force CPU Time, Average for All Tasks:
|
|     Routine              Sec        %
|     ---------------------------------
|     NonBonded Calc      10.69   56.48
|     Exclude Masked       0.14    0.72
|     Other                0.48    2.52
|     ---------------------------------
|     Total               11.30   59.72

|  PME Reciprocal Force CPU Time, Average for All Tasks:
|
|     Routine              Sec        %
|     ---------------------------------
|     1D bspline           0.22    1.16
|     Grid Charges         0.24    1.27
|     Scalar Sum           0.21    1.10
|     Gradient Sum         0.41    2.19
|     FFT                  1.47    7.76
|     ---------------------------------
|     Total                2.55   13.47

|  PME Load Balancing CPU Time, Average for All Tasks:
|
|     Routine                 Sec        %
|     ------------------------------------
|     Atom Reassign           0.00    0.00
|     Image Reassign          0.00    0.00
|     FFT Reassign            0.00    0.00
|     ------------------------------------
|     Total                   0.00    0.01

|  Final Performance Info:
|     -----------------------------------------------------
|     Average timings for last   10000 steps:
|     Elapsed(s) =      18.93 Per Step(ms) =       1.89
|         ns/day =      91.28   seconds/ns =     946.59
|
|     Average timings for all steps:
|     Elapsed(s) =      18.93 Per Step(ms) =       1.89
|         ns/day =      91.28   seconds/ns =     946.59
|     -----------------------------------------------------

|  Master Setup CPU time:            0.03 seconds
|  Master NonSetup CPU time:        18.89 seconds
|  Master Total CPU time:           18.93 seconds     0.01 hours

|  Master Setup wall time:           1    seconds
|  Master NonSetup wall time:       19    seconds
|  Master Total wall time:          20    seconds     0.01 hours
