
          -------------------------------------------------------
          Amber 18 PMEMD                              2018
          -------------------------------------------------------

| PMEMD implementation of SANDER, Release 18

| Run on 03/23/2022 at 18:09:26

|   Executable path: pmemd.MPI
| Working directory: /bgfs/lchong/dty7/ff15ipq-lig/charges/gaff_02/GenConformers/Conf11
|          Hostname: smp-n123

  [-O]verwriting output

File Assignments:
|   MDIN: ../../../amber/6.2_eq1.in                                             
|  MDOUT: 6.2_eq1.out                                                           
| INPCRD: 6.1_min.rst                                                           
|   PARM: ../../mon.top                                                         
| RESTRT: 6.2_eq1.rst                                                           
|   REFC: 6.1_min.rst                                                           
|  MDVEL: mdvel                                                                 
|   MDEN: mden                                                                  
|  MDCRD: mdcrd                                                                 
| MDINFO: mdinfo                                                                
|LOGFILE: logfile                                                               
|  MDFRC: mdfrc                                                                 

 
 Here is the input file:
 
&cntrl                                                                         
  imin      = 0,                                                               
  irest     = 0,                                                               
  ntx       = 1,                                                               
  ig        = -1,                                                              
  dt        = 0.002,                                                           
  nstlim    = 10000,                                                           
  nscm      = 500,                                                             
  ntr       = 1,                                                               
  restraintmask = ':1',                                                        
  restraint_wt  = 10.0,                                                        
  ntb       = 1,                                                               
  ntp       = 0,                                                               
  ntt       = 3,                                                               
  tempi     = 298.0,                                                           
  temp0     = 298.0,                                                           
  gamma_ln  = 1.0,                                                             
  ntf       = 2,                                                               
  ntc       = 2,                                                               
  cut       = 10.0,                                                            
  ntpr      = 500,                                                             
  ntxo      = 2,                                                               
  ntwr      = 10000,                                                           
  ioutfm    = 1,                                                               
  ntwx      = 500,                                                             
  iwrap     = 1,                                                               
&end                                                                           


Note: ig = -1. Setting random seed to   890753 based on wallclock time in
      microseconds and disabling the synchronization of random numbers 
      between tasks to improve performance.
| irandom = 1, using AMBER's internal random number generator (default).
 
 
| Conditional Compilation Defines Used:
| MPI
| FFTW_FFT
| BINTRAJ
| MKL
| EMIL
 
| Largest sphere to fit in unit cell has radius =    14.815

| New format PARM file being parsed.
| Version =    1.000 Date = 03/23/22 Time = 14:37:26

| Note: 1-4 EEL scale factors are being read from the topology file.

| Note: 1-4 VDW scale factors are being read from the topology file.
| Duplicated    0 dihedrals

| Duplicated    0 dihedrals

--------------------------------------------------------------------------------
   1.  RESOURCE   USE: 
--------------------------------------------------------------------------------

 getting box info from netcdf restart file
 NATOM  =    3240 NTYPES =      13 NBONH =    3220 MBONA  =      21
 NTHETH =      33 MTHETA =      29 NPHIH =      60 MPHIA  =      45
 NHPARM =       0 NPARM  =       0 NNB   =    4456 NRES   =    1069
 NBONA  =      21 NTHETA =      29 NPHIA =      45 NUMBND =      22
 NUMANG =      35 NPTRA  =      18 NATYP =      17 NPHB   =       0
 IFBOX  =       2 NMXRS  =      36 IFCAP =       0 NEXTRA =       0
 NCOPY  =       0

| Coordinate Index Table dimensions:     5    5    5
| Direct force subcell size =     7.2580    7.2580    7.2580

     BOX TYPE: TRUNCATED OCTAHEDRON

--------------------------------------------------------------------------------
   2.  CONTROL  DATA  FOR  THE  RUN
--------------------------------------------------------------------------------

default_name                                                                    

General flags:
     imin    =       0, nmropt  =       0

Nature and format of input:
     ntx     =       1, irest   =       0, ntrx    =       1

Nature and format of output:
     ntxo    =       2, ntpr    =     500, ntrx    =       1, ntwr    =   10000
     iwrap   =       1, ntwx    =     500, ntwv    =       0, ntwe    =       0
     ioutfm  =       1, ntwprt  =       0, idecomp =       0, rbornstat=      0

Potential function:
     ntf     =       2, ntb     =       1, igb     =       0, nsnb    =      25
     ipol    =       0, gbsa    =       0, iesp    =       0
     dielc   =   1.00000, cut     =  10.00000, intdiel =   1.00000

Frozen or restrained atoms:
     ibelly  =       0, ntr     =       1
     restraint_wt =  10.00000

Molecular dynamics:
     nstlim  =     10000, nscm    =         0, nrespa  =         1
     t       =   0.00000, dt      =   0.00200, vlimit  =  20.00000

Langevin dynamics temperature regulation:
     ig      =  890753
     temp0   = 298.00000, tempi   = 298.00000, gamma_ln=   1.00000

SHAKE:
     ntc     =       2, jfastw  =       0
     tol     =   0.00001

| Intermolecular bonds treatment:
|     no_intermolecular_bonds =       1

| Energy averages sample interval:
|     ene_avg_sampling =     500

Ewald parameters:
     verbose =       0, ew_type =       0, nbflag  =       1, use_pme =       1
     vdwmeth =       1, eedmeth =       1, netfrc  =       1
     Box X =   36.290   Box Y =   36.290   Box Z =   36.290
     Alpha =  109.471   Beta  =  109.471   Gamma =  109.471
     NFFT1 =   40       NFFT2 =   40       NFFT3 =   40
     Cutoff=   10.000   Tol   =0.100E-04
     Ewald Coefficient =  0.27511
     Interpolation order =    4

| PMEMD ewald parallel performance parameters:
|     block_fft =    0
|     fft_blk_y_divisor =    2
|     excl_recip =    0
|     excl_master =    0
|     atm_redist_freq =  320

    LOADING THE CONSTRAINED ATOMS AS GROUPS


   5.  REFERENCE ATOM COORDINATES

  default_name                                                                    
     Mask :1; matches    36 atoms

--------------------------------------------------------------------------------
   3.  ATOMIC COORDINATES AND VELOCITIES
--------------------------------------------------------------------------------

default_name                                                                    
 begin time read from input coords =     0.000 ps

 
 Number of triangulated 3-point waters found:     1068

     Sum of charges from parm topology file =  -0.00010118
     Forcing neutrality...

| Dynamic Memory, Types Used:
| Reals             1198019
| Integers           209518

| Nonbonded Pairs Initial Allocation:      317358

| Running AMBER/MPI version on    8 MPI task

 
--------------------------------------------------------------------------------
   4.  RESULTS
--------------------------------------------------------------------------------

 ---------------------------------------------------
 APPROXIMATING switch and d/dx switch using CUBIC SPLINE INTERPOLATION
 using   5000.0 points per unit in tabled values
 TESTING RELATIVE ERROR over r ranging from 0.0 to cutoff
| CHECK switch(x): max rel err =   0.3316E-14   at   2.351880
| CHECK d/dx switch(x): max rel err =   0.8066E-11   at   2.747240
 ---------------------------------------------------
|---------------------------------------------------
| APPROXIMATING direct energy using CUBIC SPLINE INTERPOLATION
|  with   50.0 points per unit in tabled values
| Relative Error Limit not exceeded for r .gt.   2.34
| APPROXIMATING direct force using CUBIC SPLINE INTERPOLATION
|  with   50.0 points per unit in tabled values
| Relative Error Limit not exceeded for r .gt.   2.81
|---------------------------------------------------

 NSTEP =        0   TIME(PS) =       0.000  TEMP(K) =   452.85  PRESS =     0.0
 Etot   =    -14825.5412  EKtot   =      2924.6458  EPtot      =    -17750.1870
 BOND   =         1.3193  ANGLE   =         4.7853  DIHED      =        11.2146
 1-4 NB =        11.9253  1-4 EEL =      -662.9304  VDWAALS    =      3786.4191
 EELEC  =    -20902.9202  EHBOND  =         0.0000  RESTRAINT  =         0.0000
 Ewald error estimate:   0.9502E-04
 ------------------------------------------------------------------------------


 NSTEP =      500   TIME(PS) =       1.000  TEMP(K) =   239.36  PRESS =     0.0
 Etot   =    -11569.0209  EKtot   =      1545.9043  EPtot      =    -13114.9252
 BOND   =         4.9237  ANGLE   =         9.1100  DIHED      =        15.7134
 1-4 NB =        14.0442  1-4 EEL =      -665.4070  VDWAALS    =      2556.4176
 EELEC  =    -15053.8119  EHBOND  =         0.0000  RESTRAINT  =         4.0848
 EAMBER (non-restraint)  =    -13119.0100
 Ewald error estimate:   0.2094E-03
 ------------------------------------------------------------------------------


 NSTEP =     1000   TIME(PS) =       2.000  TEMP(K) =   276.47  PRESS =     0.0
 Etot   =    -11096.3523  EKtot   =      1785.5539  EPtot      =    -12881.9062
 BOND   =         5.9784  ANGLE   =        11.9904  DIHED      =        14.0237
 1-4 NB =        13.2314  1-4 EEL =      -669.0730  VDWAALS    =      2423.8124
 EELEC  =    -14687.8231  EHBOND  =         0.0000  RESTRAINT  =         5.9535
 EAMBER (non-restraint)  =    -12887.8597
 Ewald error estimate:   0.2731E-03
 ------------------------------------------------------------------------------


 NSTEP =     1500   TIME(PS) =       3.000  TEMP(K) =   280.98  PRESS =     0.0
 Etot   =    -10898.1445  EKtot   =      1814.6926  EPtot      =    -12712.8371
 BOND   =         9.9073  ANGLE   =        16.8089  DIHED      =        12.9074
 1-4 NB =        11.8370  1-4 EEL =      -664.0265  VDWAALS    =      2260.7278
 EELEC  =    -14365.3384  EHBOND  =         0.0000  RESTRAINT  =         4.3394
 EAMBER (non-restraint)  =    -12717.1765
 Ewald error estimate:   0.3258E-03
 ------------------------------------------------------------------------------


 NSTEP =     2000   TIME(PS) =       4.000  TEMP(K) =   289.95  PRESS =     0.0
 Etot   =    -10851.6619  EKtot   =      1872.6100  EPtot      =    -12724.2719
 BOND   =         7.7527  ANGLE   =        16.3682  DIHED      =        15.3079
 1-4 NB =        11.7202  1-4 EEL =      -661.1640  VDWAALS    =      2396.7458
 EELEC  =    -14521.1939  EHBOND  =         0.0000  RESTRAINT  =        10.1912
 EAMBER (non-restraint)  =    -12734.4631
 Ewald error estimate:   0.2215E-03
 ------------------------------------------------------------------------------


 NSTEP =     2500   TIME(PS) =       5.000  TEMP(K) =   297.97  PRESS =     0.0
 Etot   =    -10674.4040  EKtot   =      1924.3900  EPtot      =    -12598.7939
 BOND   =         7.0756  ANGLE   =        11.1630  DIHED      =        18.1709
 1-4 NB =        13.3141  1-4 EEL =      -660.0370  VDWAALS    =      2334.8387
 EELEC  =    -14334.9070  EHBOND  =         0.0000  RESTRAINT  =        11.5878
 EAMBER (non-restraint)  =    -12610.3817
 Ewald error estimate:   0.1664E-03
 ------------------------------------------------------------------------------


 NSTEP =     3000   TIME(PS) =       6.000  TEMP(K) =   298.63  PRESS =     0.0
 Etot   =    -10636.6900  EKtot   =      1928.6705  EPtot      =    -12565.3605
 BOND   =         5.9339  ANGLE   =        12.7524  DIHED      =        15.5552
 1-4 NB =        11.8475  1-4 EEL =      -664.2294  VDWAALS    =      2204.4495
 EELEC  =    -14156.6157  EHBOND  =         0.0000  RESTRAINT  =         4.9460
 EAMBER (non-restraint)  =    -12570.3065
 Ewald error estimate:   0.2140E-06
 ------------------------------------------------------------------------------


 NSTEP =     3500   TIME(PS) =       7.000  TEMP(K) =   304.68  PRESS =     0.0
 Etot   =    -10526.3769  EKtot   =      1967.7090  EPtot      =    -12494.0858
 BOND   =         7.4143  ANGLE   =        12.0617  DIHED      =        14.1778
 1-4 NB =        14.2558  1-4 EEL =      -667.3897  VDWAALS    =      2315.1707
 EELEC  =    -14198.2315  EHBOND  =         0.0000  RESTRAINT  =         8.4552
 EAMBER (non-restraint)  =    -12502.5410
 Ewald error estimate:   0.6829E-04
 ------------------------------------------------------------------------------


 NSTEP =     4000   TIME(PS) =       8.000  TEMP(K) =   304.05  PRESS =     0.0
 Etot   =    -10594.4017  EKtot   =      1963.6652  EPtot      =    -12558.0669
 BOND   =        12.8559  ANGLE   =        17.5209  DIHED      =        14.9402
 1-4 NB =        12.0001  1-4 EEL =      -671.8302  VDWAALS    =      2272.2051
 EELEC  =    -14220.5166  EHBOND  =         0.0000  RESTRAINT  =         4.7577
 EAMBER (non-restraint)  =    -12562.8246
 Ewald error estimate:   0.1382E-03
 ------------------------------------------------------------------------------


 NSTEP =     4500   TIME(PS) =       9.000  TEMP(K) =   305.38  PRESS =     0.0
 Etot   =    -10637.6591  EKtot   =      1972.2756  EPtot      =    -12609.9347
 BOND   =         5.3497  ANGLE   =        13.0732  DIHED      =        16.4923
 1-4 NB =        11.4297  1-4 EEL =      -659.2427  VDWAALS    =      2256.4711
 EELEC  =    -14259.2806  EHBOND  =         0.0000  RESTRAINT  =         5.7727
 EAMBER (non-restraint)  =    -12615.7073
 Ewald error estimate:   0.1830E-03
 ------------------------------------------------------------------------------


 NSTEP =     5000   TIME(PS) =      10.000  TEMP(K) =   302.12  PRESS =     0.0
 Etot   =    -10632.6425  EKtot   =      1951.2318  EPtot      =    -12583.8743
 BOND   =         9.0328  ANGLE   =        15.0021  DIHED      =        15.4415
 1-4 NB =        12.6914  1-4 EEL =      -667.3807  VDWAALS    =      2226.1758
 EELEC  =    -14201.1175  EHBOND  =         0.0000  RESTRAINT  =         6.2804
 EAMBER (non-restraint)  =    -12590.1547
 Ewald error estimate:   0.1246E-03
 ------------------------------------------------------------------------------


 NSTEP =     5500   TIME(PS) =      11.000  TEMP(K) =   301.82  PRESS =     0.0
 Etot   =    -10686.3643  EKtot   =      1949.2708  EPtot      =    -12635.6351
 BOND   =         6.9512  ANGLE   =        16.4045  DIHED      =        14.6559
 1-4 NB =        13.6856  1-4 EEL =      -663.3569  VDWAALS    =      2215.6046
 EELEC  =    -14247.4849  EHBOND  =         0.0000  RESTRAINT  =         7.9050
 EAMBER (non-restraint)  =    -12643.5401
 Ewald error estimate:   0.3319E-03
 ------------------------------------------------------------------------------


 NSTEP =     6000   TIME(PS) =      12.000  TEMP(K) =   291.87  PRESS =     0.0
 Etot   =    -10583.1210  EKtot   =      1884.9790  EPtot      =    -12468.1000
 BOND   =         5.9659  ANGLE   =        13.4398  DIHED      =        13.9336
 1-4 NB =        12.1612  1-4 EEL =      -663.1986  VDWAALS    =      2274.3351
 EELEC  =    -14131.7220  EHBOND  =         0.0000  RESTRAINT  =         6.9850
 EAMBER (non-restraint)  =    -12475.0850
 Ewald error estimate:   0.5007E-04
 ------------------------------------------------------------------------------


 NSTEP =     6500   TIME(PS) =      13.000  TEMP(K) =   305.64  PRESS =     0.0
 Etot   =    -10654.5953  EKtot   =      1973.9168  EPtot      =    -12628.5121
 BOND   =         7.5634  ANGLE   =        14.3205  DIHED      =        14.8732
 1-4 NB =        12.9270  1-4 EEL =      -666.6310  VDWAALS    =      2275.3621
 EELEC  =    -14293.5776  EHBOND  =         0.0000  RESTRAINT  =         6.6503
 EAMBER (non-restraint)  =    -12635.1624
 Ewald error estimate:   0.2423E-04
 ------------------------------------------------------------------------------


 NSTEP =     7000   TIME(PS) =      14.000  TEMP(K) =   289.52  PRESS =     0.0
 Etot   =    -10796.1377  EKtot   =      1869.8504  EPtot      =    -12665.9881
 BOND   =         5.7088  ANGLE   =        13.0632  DIHED      =        15.1723
 1-4 NB =        12.7611  1-4 EEL =      -664.2059  VDWAALS    =      2320.6150
 EELEC  =    -14374.0216  EHBOND  =         0.0000  RESTRAINT  =         4.9190
 EAMBER (non-restraint)  =    -12670.9071
 Ewald error estimate:   0.9789E-04
 ------------------------------------------------------------------------------


 NSTEP =     7500   TIME(PS) =      15.000  TEMP(K) =   299.99  PRESS =     0.0
 Etot   =    -10645.0891  EKtot   =      1937.4438  EPtot      =    -12582.5328
 BOND   =         5.0672  ANGLE   =        15.2891  DIHED      =        15.5708
 1-4 NB =        12.7058  1-4 EEL =      -666.1209  VDWAALS    =      2252.2779
 EELEC  =    -14224.3035  EHBOND  =         0.0000  RESTRAINT  =         6.9807
 EAMBER (non-restraint)  =    -12589.5135
 Ewald error estimate:   0.1193E-03
 ------------------------------------------------------------------------------


 NSTEP =     8000   TIME(PS) =      16.000  TEMP(K) =   300.04  PRESS =     0.0
 Etot   =    -10628.6513  EKtot   =      1937.7922  EPtot      =    -12566.4435
 BOND   =        10.5953  ANGLE   =        14.6339  DIHED      =        14.6503
 1-4 NB =        14.0779  1-4 EEL =      -669.6462  VDWAALS    =      2252.8715
 EELEC  =    -14210.8884  EHBOND  =         0.0000  RESTRAINT  =         7.2622
 EAMBER (non-restraint)  =    -12573.7057
 Ewald error estimate:   0.1879E-03
 ------------------------------------------------------------------------------


 NSTEP =     8500   TIME(PS) =      17.000  TEMP(K) =   298.03  PRESS =     0.0
 Etot   =    -10654.0320  EKtot   =      1924.7951  EPtot      =    -12578.8270
 BOND   =         6.6325  ANGLE   =        12.0472  DIHED      =        15.8282
 1-4 NB =        13.5619  1-4 EEL =      -665.7208  VDWAALS    =      2257.3940
 EELEC  =    -14226.1974  EHBOND  =         0.0000  RESTRAINT  =         7.6273
 EAMBER (non-restraint)  =    -12586.4544
 Ewald error estimate:   0.2304E-03
 ------------------------------------------------------------------------------


 NSTEP =     9000   TIME(PS) =      18.000  TEMP(K) =   297.26  PRESS =     0.0
 Etot   =    -10652.8801  EKtot   =      1919.7853  EPtot      =    -12572.6654
 BOND   =         5.6937  ANGLE   =        19.8245  DIHED      =        10.5212
 1-4 NB =        13.4792  1-4 EEL =      -664.9965  VDWAALS    =      2292.7057
 EELEC  =    -14255.3443  EHBOND  =         0.0000  RESTRAINT  =         5.4511
 EAMBER (non-restraint)  =    -12578.1165
 Ewald error estimate:   0.1792E-03
 ------------------------------------------------------------------------------


 NSTEP =     9500   TIME(PS) =      19.000  TEMP(K) =   297.99  PRESS =     0.0
 Etot   =    -10680.4825  EKtot   =      1924.5311  EPtot      =    -12605.0137
 BOND   =        11.1352  ANGLE   =        15.3019  DIHED      =        15.4647
 1-4 NB =        13.2830  1-4 EEL =      -667.5805  VDWAALS    =      2183.5405
 EELEC  =    -14183.6125  EHBOND  =         0.0000  RESTRAINT  =         7.4539
 EAMBER (non-restraint)  =    -12612.4676
 Ewald error estimate:   0.1076E-03
 ------------------------------------------------------------------------------


 NSTEP =    10000   TIME(PS) =      20.000  TEMP(K) =   294.21  PRESS =     0.0
 Etot   =    -10601.4689  EKtot   =      1900.1346  EPtot      =    -12501.6035
 BOND   =         7.0772  ANGLE   =        15.1586  DIHED      =        18.1301
 1-4 NB =        13.7365  1-4 EEL =      -667.1481  VDWAALS    =      2296.7223
 EELEC  =    -14195.8154  EHBOND  =         0.0000  RESTRAINT  =        10.5351
 EAMBER (non-restraint)  =    -12512.1386
 Ewald error estimate:   0.1840E-03
 ------------------------------------------------------------------------------


      A V E R A G E S   O V E R      20 S T E P S


 NSTEP =    10000   TIME(PS) =      20.000  TEMP(K) =   293.80  PRESS =     0.0
 Etot   =    -10735.0088  EKtot   =      1897.4601  EPtot      =    -12632.4689
 BOND   =         7.4307  ANGLE   =        14.2667  DIHED      =        15.0765
 1-4 NB =        12.9375  1-4 EEL =      -665.4193  VDWAALS    =      2293.4222
 EELEC  =    -14317.0902  EHBOND  =         0.0000  RESTRAINT  =         6.9069
 EAMBER (non-restraint)  =    -12639.3758
 Ewald error estimate:   0.1612E-03
 ------------------------------------------------------------------------------


      R M S  F L U C T U A T I O N S


 NSTEP =    10000   TIME(PS) =      20.000  TEMP(K) =    14.60  PRESS =     0.0
 Etot   =       229.3583  EKtot   =        94.2729  EPtot      =       141.8476
 BOND   =         2.1423  ANGLE   =         2.4245  DIHED      =         1.6092
 1-4 NB =         0.8448  1-4 EEL =         3.0755  VDWAALS    =        83.2350
 EELEC  =       211.8949  EHBOND  =         0.0000  RESTRAINT  =         2.0243
 EAMBER (non-restraint)  =       139.8233
 Ewald error estimate:   0.8880E-04
 ------------------------------------------------------------------------------

--------------------------------------------------------------------------------
   5.  TIMINGS
--------------------------------------------------------------------------------

|  NonSetup CPU Time in Major Routines, Average for All Tasks:
|
|     Routine           Sec        %
|     ------------------------------
|     DataDistrib       2.00   10.59
|     Nonbond          15.80   83.46
|     Bond              0.03    0.14
|     Angle             0.03    0.18
|     Dihedral          0.05    0.27
|     Shake             0.13    0.66
|     RunMD             0.86    4.55
|     Other             0.03    0.14
|     ------------------------------
|     Total            18.93

|  PME Nonbond Pairlist CPU Time, Average for All Tasks:
|
|     Routine              Sec        %
|     ---------------------------------
|     Set Up Cit           0.06    0.30
|     Build List           1.94   10.23
|     ---------------------------------
|     Total                1.99   10.52

|  PME Direct Force CPU Time, Average for All Tasks:
|
|     Routine              Sec        %
|     ---------------------------------
|     NonBonded Calc      10.55   55.77
|     Exclude Masked       0.14    0.72
|     Other                0.48    2.54
|     ---------------------------------
|     Total               11.17   59.03

|  PME Reciprocal Force CPU Time, Average for All Tasks:
|
|     Routine              Sec        %
|     ---------------------------------
|     1D bspline           0.22    1.16
|     Grid Charges         0.24    1.27
|     Scalar Sum           0.21    1.11
|     Gradient Sum         0.42    2.20
|     FFT                  1.49    7.86
|     ---------------------------------
|     Total                2.57   13.61

|  PME Load Balancing CPU Time, Average for All Tasks:
|
|     Routine                 Sec        %
|     ------------------------------------
|     Atom Reassign           0.00    0.00
|     Image Reassign          0.00    0.01
|     FFT Reassign            0.00    0.00
|     ------------------------------------
|     Total                   0.00    0.01

|  Final Performance Info:
|     -----------------------------------------------------
|     Average timings for last   10000 steps:
|     Elapsed(s) =      19.08 Per Step(ms) =       1.91
|         ns/day =      90.57   seconds/ns =     953.95
|
|     Average timings for all steps:
|     Elapsed(s) =      19.08 Per Step(ms) =       1.91
|         ns/day =      90.57   seconds/ns =     953.95
|     -----------------------------------------------------

|  Master Setup CPU time:            0.03 seconds
|  Master NonSetup CPU time:        18.79 seconds
|  Master Total CPU time:           18.82 seconds     0.01 hours

|  Master Setup wall time:           0    seconds
|  Master NonSetup wall time:       19    seconds
|  Master Total wall time:          19    seconds     0.01 hours
