
          -------------------------------------------------------
          Amber 18 PMEMD                              2018
          -------------------------------------------------------

| PMEMD implementation of SANDER, Release 18

| Run on 04/22/2022 at 01:13:40

|   Executable path: pmemd
| Working directory: /bgfs/lchong/dty7/ff15ipq-lig/charges/gaff_00/GenConformers/Conf19
|          Hostname: smp-n123

  [-O]verwriting output

File Assignments:
|   MDIN: ../../../amber/6.3_eq2.in                                             
|  MDOUT: 6.3_eq2.out                                                           
| INPCRD: 6.2_eq1.rst                                                           
|   PARM: ../../mon.top                                                         
| RESTRT: 6.3_eq2.rst                                                           
|   REFC: 6.2_eq1.rst                                                           
|  MDVEL: mdvel                                                                 
|   MDEN: mden                                                                  
|  MDCRD: mdcrd                                                                 
| MDINFO: mdinfo                                                                
|  MDFRC: mdfrc                                                                 

 
 Here is the input file:
 
&cntrl                                                                         
  imin      = 0,                                                               
  irest     = 1,                                                               
  ntx       = 5,                                                               
  ig        = -1,                                                              
  dt        = 0.002,                                                           
  nstlim    = 50000,                                                           
  nscm      = 500,                                                             
  ntr       = 1,                                                               
  restraintmask = ':1',                                                        
  restraint_wt  = 10.0,                                                        
  ntb       = 2,                                                               
  ntp       = 1,                                                               
  barostat  = 2,                                                               
  pres0     = 1.0,                                                             
  mcbarint  = 100,                                                             
  comp      = 44.6,                                                            
  taup      = 1.0,                                                             
  ntt       = 3,                                                               
  temp0     = 298.0,                                                           
  gamma_ln  = 1.0,                                                             
  ntf       = 2,                                                               
  ntc       = 2,                                                               
  cut       = 10.0,                                                            
  ntpr      = 500,                                                             
  ntxo      = 1,                                                               
  ntwr      = 50000,                                                           
  ioutfm    = 1,                                                               
  ntwx      = 500,                                                             
  iwrap     = 1,                                                               
&end                                                                           


Note: ig = -1. Setting random seed to   811072 based on wallclock time in 
      microseconds.
| irandom = 1, using AMBER's internal random number generator (default).
 
 
| Conditional Compilation Defines Used:
| PUBFFT
| BINTRAJ
| MKL
| EMIL
 
| Largest sphere to fit in unit cell has radius =    14.839

| New format PARM file being parsed.
| Version =    1.000 Date = 04/21/22 Time = 16:39:25

| Note: 1-4 EEL scale factors are being read from the topology file.

| Note: 1-4 VDW scale factors are being read from the topology file.
| Duplicated    0 dihedrals

| Duplicated    0 dihedrals

--------------------------------------------------------------------------------
   1.  RESOURCE   USE: 
--------------------------------------------------------------------------------

 getting box info from netcdf restart file
 NATOM  =    3240 NTYPES =      13 NBONH =    3220 MBONA  =      21
 NTHETH =      33 MTHETA =      29 NPHIH =      60 MPHIA  =      45
 NHPARM =       0 NPARM  =       0 NNB   =    4456 NRES   =    1069
 NBONA  =      21 NTHETA =      29 NPHIA =      45 NUMBND =      22
 NUMANG =      35 NPTRA  =      18 NATYP =      17 NPHB   =       0
 IFBOX  =       2 NMXRS  =      36 IFCAP =       0 NEXTRA =       0
 NCOPY  =       0

| Coordinate Index Table dimensions:     5    5    5
| Direct force subcell size =     7.2696    7.2696    7.2696

     BOX TYPE: TRUNCATED OCTAHEDRON

--------------------------------------------------------------------------------
   2.  CONTROL  DATA  FOR  THE  RUN
--------------------------------------------------------------------------------

MON                                                                             

General flags:
     imin    =       0, nmropt  =       0

Nature and format of input:
     ntx     =       5, irest   =       1, ntrx    =       1

Nature and format of output:
     ntxo    =       1, ntpr    =     500, ntrx    =       1, ntwr    =   50000
     iwrap   =       1, ntwx    =     500, ntwv    =       0, ntwe    =       0
     ioutfm  =       1, ntwprt  =       0, idecomp =       0, rbornstat=      0

Potential function:
     ntf     =       2, ntb     =       2, igb     =       0, nsnb    =      25
     ipol    =       0, gbsa    =       0, iesp    =       0
     dielc   =   1.00000, cut     =  10.00000, intdiel =   1.00000

Frozen or restrained atoms:
     ibelly  =       0, ntr     =       1
     restraint_wt =  10.00000

Molecular dynamics:
     nstlim  =     50000, nscm    =         0, nrespa  =         1
     t       =   0.00000, dt      =   0.00200, vlimit  =  20.00000

Langevin dynamics temperature regulation:
     ig      =  811072
     temp0   = 298.00000, tempi   =   0.00000, gamma_ln=   1.00000

Pressure regulation:
     ntp     =       1
     pres0   =   1.00000, comp    =  44.60000, taup    =   1.00000
     Monte-Carlo Barostat:
     mcbarint  =     100

SHAKE:
     ntc     =       2, jfastw  =       0
     tol     =   0.00001

| Intermolecular bonds treatment:
|     no_intermolecular_bonds =       1

| Energy averages sample interval:
|     ene_avg_sampling =     500

Ewald parameters:
     verbose =       0, ew_type =       0, nbflag  =       1, use_pme =       1
     vdwmeth =       1, eedmeth =       1, netfrc  =       1
     Box X =   36.348   Box Y =   36.348   Box Z =   36.348
     Alpha =  109.471   Beta  =  109.471   Gamma =  109.471
     NFFT1 =   40       NFFT2 =   40       NFFT3 =   40
     Cutoff=   10.000   Tol   =0.100E-04
     Ewald Coefficient =  0.27511
     Interpolation order =    4

    LOADING THE CONSTRAINED ATOMS AS GROUPS


   5.  REFERENCE ATOM COORDINATES

  MON                                                                             
     Mask :1; matches    36 atoms
| MONTE CARLO BAROSTAT IMPORTANT NOTE:
|   The Monte-Carlo barostat does not require the virial to adjust the system volume.
|   Since it is an expensive calculation, it is skipped for efficiency. A side-effect
|   is that the reported pressure is always 0 because it is not calculated.

--------------------------------------------------------------------------------
   3.  ATOMIC COORDINATES AND VELOCITIES
--------------------------------------------------------------------------------

MON                                                                             
 begin time read from input coords =    20.000 ps

 
 Number of triangulated 3-point waters found:     1068

     Sum of charges from parm topology file =  -0.00200217
     Forcing neutrality...

| Dynamic Memory, Types Used:
| Reals              282990
| Integers            92714

| Nonbonded Pairs Initial Allocation:      980019

--------------------------------------------------------------------------------
   4.  RESULTS
--------------------------------------------------------------------------------

 ---------------------------------------------------
 APPROXIMATING switch and d/dx switch using CUBIC SPLINE INTERPOLATION
 using   5000.0 points per unit in tabled values
 TESTING RELATIVE ERROR over r ranging from 0.0 to cutoff
| CHECK switch(x): max rel err =   0.3316E-14   at   2.351880
| CHECK d/dx switch(x): max rel err =   0.8066E-11   at   2.747240
 ---------------------------------------------------
|---------------------------------------------------
| APPROXIMATING direct energy using CUBIC SPLINE INTERPOLATION
|  with   50.0 points per unit in tabled values
| Relative Error Limit not exceeded for r .gt.   2.34
| APPROXIMATING direct force using CUBIC SPLINE INTERPOLATION
|  with   50.0 points per unit in tabled values
| Relative Error Limit not exceeded for r .gt.   2.81
|---------------------------------------------------
wrapping first mol.:      -24.06550       17.01688       29.47410

 NSTEP =      500   TIME(PS) =      21.000  TEMP(K) =   291.97  PRESS =     0.0
 Etot   =    -10543.4394  EKtot   =      1885.6748  EPtot      =    -12429.1142
 BOND   =         6.0541  ANGLE   =        11.5327  DIHED      =        11.3900
 1-4 NB =        11.1989  1-4 EEL =      -245.8386  VDWAALS    =      2384.7310
 EELEC  =    -14614.7912  EHBOND  =         0.0000  RESTRAINT  =         6.6089
 EAMBER (non-restraint)  =    -12435.7231
 EKCMT  =         0.0000  VIRIAL  =         0.0000  VOLUME     =     36210.6596
                                                    Density    =         0.8958
 Ewald error estimate:   0.1754E-03
 ------------------------------------------------------------------------------

wrapping first mol.:      -23.94678       16.93294       29.32870

 NSTEP =     1000   TIME(PS) =      22.000  TEMP(K) =   306.69  PRESS =     0.0
 Etot   =    -10532.3572  EKtot   =      1980.7417  EPtot      =    -12513.0989
 BOND   =         4.1936  ANGLE   =        16.5771  DIHED      =        12.4940
 1-4 NB =        12.6350  1-4 EEL =      -250.5496  VDWAALS    =      2488.7382
 EELEC  =    -14803.2063  EHBOND  =         0.0000  RESTRAINT  =         6.0191
 EAMBER (non-restraint)  =    -12519.1179
 EKCMT  =         0.0000  VIRIAL  =         0.0000  VOLUME     =     35677.4283
                                                    Density    =         0.9092
 Ewald error estimate:   0.2037E-03
 ------------------------------------------------------------------------------

wrapping first mol.:      -23.92773       16.91946       29.30537

 NSTEP =     1500   TIME(PS) =      23.000  TEMP(K) =   299.65  PRESS =     0.0
 Etot   =    -10543.4445  EKtot   =      1935.2731  EPtot      =    -12478.7177
 BOND   =         9.0690  ANGLE   =        11.4621  DIHED      =        10.8190
 1-4 NB =        12.5306  1-4 EEL =      -246.3937  VDWAALS    =      2373.8275
 EELEC  =    -14658.4917  EHBOND  =         0.0000  RESTRAINT  =         8.4595
 EAMBER (non-restraint)  =    -12487.1772
 EKCMT  =         0.0000  VIRIAL  =         0.0000  VOLUME     =     35592.3273
                                                    Density    =         0.9113
 Ewald error estimate:   0.1605E-03
 ------------------------------------------------------------------------------

wrapping first mol.:      -23.92149       16.91505       29.29773

 NSTEP =     2000   TIME(PS) =      24.000  TEMP(K) =   298.69  PRESS =     0.0
 Etot   =    -10458.2245  EKtot   =      1929.0445  EPtot      =    -12387.2690
 BOND   =        11.7537  ANGLE   =        11.8196  DIHED      =        13.5570
 1-4 NB =        10.3890  1-4 EEL =      -245.0797  VDWAALS    =      2282.6473
 EELEC  =    -14480.6077  EHBOND  =         0.0000  RESTRAINT  =         8.2518
 EAMBER (non-restraint)  =    -12395.5208
 EKCMT  =         0.0000  VIRIAL  =         0.0000  VOLUME     =     35564.5149
                                                    Density    =         0.9120
 Ewald error estimate:   0.1224E-03
 ------------------------------------------------------------------------------

wrapping first mol.:      -23.83520       16.85404       29.19204

 NSTEP =     2500   TIME(PS) =      25.000  TEMP(K) =   293.30  PRESS =     0.0
 Etot   =    -10509.8801  EKtot   =      1894.2146  EPtot      =    -12404.0947
 BOND   =         6.2591  ANGLE   =        11.9932  DIHED      =        11.9479
 1-4 NB =        10.0219  1-4 EEL =      -246.0522  VDWAALS    =      2406.8315
 EELEC  =    -14611.9639  EHBOND  =         0.0000  RESTRAINT  =         6.8677
 EAMBER (non-restraint)  =    -12410.9624
 EKCMT  =         0.0000  VIRIAL  =         0.0000  VOLUME     =     35181.0237
                                                    Density    =         0.9220
 Ewald error estimate:   0.7530E-04
 ------------------------------------------------------------------------------

wrapping first mol.:      -23.83520       16.85404       29.19204

 NSTEP =     3000   TIME(PS) =      26.000  TEMP(K) =   296.26  PRESS =     0.0
 Etot   =    -10524.2142  EKtot   =      1913.3669  EPtot      =    -12437.5811
 BOND   =         5.2630  ANGLE   =        11.6104  DIHED      =        10.2757
 1-4 NB =        11.1640  1-4 EEL =      -245.4413  VDWAALS    =      2305.9884
 EELEC  =    -14546.1941  EHBOND  =         0.0000  RESTRAINT  =         9.7527
 EAMBER (non-restraint)  =    -12447.3338
 EKCMT  =         0.0000  VIRIAL  =         0.0000  VOLUME     =     35181.0237
                                                    Density    =         0.9220
 Ewald error estimate:   0.2391E-04
 ------------------------------------------------------------------------------

wrapping first mol.:      -23.81264       16.83808       29.16441

 NSTEP =     3500   TIME(PS) =      27.000  TEMP(K) =   296.66  PRESS =     0.0
 Etot   =    -10516.7581  EKtot   =      1915.9295  EPtot      =    -12432.6876
 BOND   =         4.6511  ANGLE   =         9.8801  DIHED      =        11.1721
 1-4 NB =        12.2967  1-4 EEL =      -245.8953  VDWAALS    =      2424.0762
 EELEC  =    -14658.5979  EHBOND  =         0.0000  RESTRAINT  =         9.7293
 EAMBER (non-restraint)  =    -12442.4169
 EKCMT  =         0.0000  VIRIAL  =         0.0000  VOLUME     =     35081.2255
                                                    Density    =         0.9246
 Ewald error estimate:   0.8258E-04
 ------------------------------------------------------------------------------

wrapping first mol.:      -23.63991       16.71594       28.95286

 NSTEP =     4000   TIME(PS) =      28.000  TEMP(K) =   298.32  PRESS =     0.0
 Etot   =    -10513.9639  EKtot   =      1926.6536  EPtot      =    -12440.6175
 BOND   =         6.9990  ANGLE   =        17.7603  DIHED      =        10.3378
 1-4 NB =        10.2305  1-4 EEL =      -249.1705  VDWAALS    =      2514.2237
 EELEC  =    -14759.5663  EHBOND  =         0.0000  RESTRAINT  =         8.5681
 EAMBER (non-restraint)  =    -12449.1856
 EKCMT  =         0.0000  VIRIAL  =         0.0000  VOLUME     =     34323.3370
                                                    Density    =         0.9450
 Ewald error estimate:   0.3293E-03
 ------------------------------------------------------------------------------

wrapping first mol.:      -23.41787       16.55894       28.68092

 NSTEP =     4500   TIME(PS) =      29.000  TEMP(K) =   302.90  PRESS =     0.0
 Etot   =    -10683.4151  EKtot   =      1956.2306  EPtot      =    -12639.6457
 BOND   =         8.2985  ANGLE   =        12.8917  DIHED      =        10.5489
 1-4 NB =        10.8190  1-4 EEL =      -245.9050  VDWAALS    =      2619.8785
 EELEC  =    -15065.0198  EHBOND  =         0.0000  RESTRAINT  =         8.8426
 EAMBER (non-restraint)  =    -12648.4883
 EKCMT  =         0.0000  VIRIAL  =         0.0000  VOLUME     =     33365.2214
                                                    Density    =         0.9722
 Ewald error estimate:   0.7806E-05
 ------------------------------------------------------------------------------

wrapping first mol.:      -23.32179       16.49100       28.56325

 NSTEP =     5000   TIME(PS) =      30.000  TEMP(K) =   291.46  PRESS =     0.0
 Etot   =    -10689.7605  EKtot   =      1882.3429  EPtot      =    -12572.1034
 BOND   =         7.7684  ANGLE   =        11.5703  DIHED      =        12.7378
 1-4 NB =        11.3323  1-4 EEL =      -247.6611  VDWAALS    =      2578.4123
 EELEC  =    -14955.2269  EHBOND  =         0.0000  RESTRAINT  =         8.9634
 EAMBER (non-restraint)  =    -12581.0669
 EKCMT  =         0.0000  VIRIAL  =         0.0000  VOLUME     =     32956.2383
                                                    Density    =         0.9842
 Ewald error estimate:   0.1664E-03
 ------------------------------------------------------------------------------

wrapping first mol.:      -23.14243       16.36417       28.34357

 NSTEP =     5500   TIME(PS) =      31.000  TEMP(K) =   297.82  PRESS =     0.0
 Etot   =    -10671.8694  EKtot   =      1923.4459  EPtot      =    -12595.3153
 BOND   =         6.3628  ANGLE   =        16.1077  DIHED      =        10.3445
 1-4 NB =        10.5827  1-4 EEL =      -246.3471  VDWAALS    =      2519.1797
 EELEC  =    -14920.5311  EHBOND  =         0.0000  RESTRAINT  =         8.9856
 EAMBER (non-restraint)  =    -12604.3009
 EKCMT  =         0.0000  VIRIAL  =         0.0000  VOLUME     =     32201.6887
                                                    Density    =         1.0073
 Ewald error estimate:   0.5824E-04
 ------------------------------------------------------------------------------

wrapping first mol.:      -23.16048       16.37693       28.36568

 NSTEP =     6000   TIME(PS) =      32.000  TEMP(K) =   307.39  PRESS =     0.0
 Etot   =    -10745.7508  EKtot   =      1985.2335  EPtot      =    -12730.9843
 BOND   =         6.8248  ANGLE   =        12.7996  DIHED      =        10.4875
 1-4 NB =        11.6798  1-4 EEL =      -247.2858  VDWAALS    =      2412.5189
 EELEC  =    -14947.5612  EHBOND  =         0.0000  RESTRAINT  =         9.5522
 EAMBER (non-restraint)  =    -12740.5365
 EKCMT  =         0.0000  VIRIAL  =         0.0000  VOLUME     =     32277.0929
                                                    Density    =         1.0049
 Ewald error estimate:   0.1644E-03
 ------------------------------------------------------------------------------

wrapping first mol.:      -23.13047       16.35572       28.32893

 NSTEP =     6500   TIME(PS) =      33.000  TEMP(K) =   302.89  PRESS =     0.0
 Etot   =    -10750.2972  EKtot   =      1956.2032  EPtot      =    -12706.5004
 BOND   =         6.4075  ANGLE   =        19.5038  DIHED      =        11.6835
 1-4 NB =        10.9323  1-4 EEL =      -247.1067  VDWAALS    =      2573.0508
 EELEC  =    -15090.3055  EHBOND  =         0.0000  RESTRAINT  =         9.3339
 EAMBER (non-restraint)  =    -12715.8343
 EKCMT  =         0.0000  VIRIAL  =         0.0000  VOLUME     =     32151.8202
                                                    Density    =         1.0089
 Ewald error estimate:   0.1133E-03
 ------------------------------------------------------------------------------

wrapping first mol.:      -23.13310       16.35757       28.33215

 NSTEP =     7000   TIME(PS) =      34.000  TEMP(K) =   298.95  PRESS =     0.0
 Etot   =    -10759.6094  EKtot   =      1930.6994  EPtot      =    -12690.3089
 BOND   =         5.4153  ANGLE   =        19.1000  DIHED      =        12.5040
 1-4 NB =        11.7427  1-4 EEL =      -247.1152  VDWAALS    =      2477.4910
 EELEC  =    -14978.8152  EHBOND  =         0.0000  RESTRAINT  =         9.3684
 EAMBER (non-restraint)  =    -12699.6773
 EKCMT  =         0.0000  VIRIAL  =         0.0000  VOLUME     =     32162.7716
                                                    Density    =         1.0085
 Ewald error estimate:   0.1642E-03
 ------------------------------------------------------------------------------

wrapping first mol.:      -23.14525       16.36616       28.34703

 NSTEP =     7500   TIME(PS) =      35.000  TEMP(K) =   301.77  PRESS =     0.0
 Etot   =    -10704.6535  EKtot   =      1948.9360  EPtot      =    -12653.5895
 BOND   =         8.5074  ANGLE   =        15.3609  DIHED      =        13.9709
 1-4 NB =        10.3028  1-4 EEL =      -247.0069  VDWAALS    =      2453.5365
 EELEC  =    -14918.0314  EHBOND  =         0.0000  RESTRAINT  =         9.7703
 EAMBER (non-restraint)  =    -12663.3598
 EKCMT  =         0.0000  VIRIAL  =         0.0000  VOLUME     =     32213.4687
                                                    Density    =         1.0069
 Ewald error estimate:   0.1105E-03
 ------------------------------------------------------------------------------

wrapping first mol.:      -23.14525       16.36616       28.34703

 NSTEP =     8000   TIME(PS) =      36.000  TEMP(K) =   300.62  PRESS =     0.0
 Etot   =    -10744.8480  EKtot   =      1941.5461  EPtot      =    -12686.3941
 BOND   =         7.5850  ANGLE   =         9.9726  DIHED      =        11.7777
 1-4 NB =         8.9950  1-4 EEL =      -243.4421  VDWAALS    =      2465.1265
 EELEC  =    -14954.0376  EHBOND  =         0.0000  RESTRAINT  =         7.6289
 EAMBER (non-restraint)  =    -12694.0230
 EKCMT  =         0.0000  VIRIAL  =         0.0000  VOLUME     =     32213.4687
                                                    Density    =         1.0069
 Ewald error estimate:   0.2022E-03
 ------------------------------------------------------------------------------

wrapping first mol.:      -23.15843       16.37549       28.36317

 NSTEP =     8500   TIME(PS) =      37.000  TEMP(K) =   297.66  PRESS =     0.0
 Etot   =    -10680.3015  EKtot   =      1922.3826  EPtot      =    -12602.6841
 BOND   =         6.2951  ANGLE   =        12.1883  DIHED      =        11.4103
 1-4 NB =        10.7650  1-4 EEL =      -245.5814  VDWAALS    =      2484.7769
 EELEC  =    -14891.2267  EHBOND  =         0.0000  RESTRAINT  =         8.6885
 EAMBER (non-restraint)  =    -12611.3726
 EKCMT  =         0.0000  VIRIAL  =         0.0000  VOLUME     =     32268.5402
                                                    Density    =         1.0052
 Ewald error estimate:   0.1843E-03
 ------------------------------------------------------------------------------

wrapping first mol.:      -23.17700       16.38862       28.38592

 NSTEP =     9000   TIME(PS) =      38.000  TEMP(K) =   305.05  PRESS =     0.0
 Etot   =    -10697.5354  EKtot   =      1970.1552  EPtot      =    -12667.6906
 BOND   =         7.9442  ANGLE   =        12.9296  DIHED      =        11.0274
 1-4 NB =        10.1117  1-4 EEL =      -244.3261  VDWAALS    =      2447.9033
 EELEC  =    -14923.2611  EHBOND  =         0.0000  RESTRAINT  =         9.9804
 EAMBER (non-restraint)  =    -12677.6710
 EKCMT  =         0.0000  VIRIAL  =         0.0000  VOLUME     =     32346.2368
                                                    Density    =         1.0028
 Ewald error estimate:   0.3815E-03
 ------------------------------------------------------------------------------

wrapping first mol.:      -23.20789       16.41046       28.42375

 NSTEP =     9500   TIME(PS) =      39.000  TEMP(K) =   306.04  PRESS =     0.0
 Etot   =    -10693.9877  EKtot   =      1976.4896  EPtot      =    -12670.4773
 BOND   =         5.0355  ANGLE   =        14.6394  DIHED      =        11.1871
 1-4 NB =        11.4512  1-4 EEL =      -244.9469  VDWAALS    =      2507.0847
 EELEC  =    -14985.5332  EHBOND  =         0.0000  RESTRAINT  =        10.6049
 EAMBER (non-restraint)  =    -12681.0822
 EKCMT  =         0.0000  VIRIAL  =         0.0000  VOLUME     =     32475.7302
                                                    Density    =         0.9988
 Ewald error estimate:   0.1417E-04
 ------------------------------------------------------------------------------

wrapping first mol.:      -23.14806       16.36815       28.35047

 NSTEP =    10000   TIME(PS) =      40.000  TEMP(K) =   301.50  PRESS =     0.0
 Etot   =    -10737.2846  EKtot   =      1947.2186  EPtot      =    -12684.5032
 BOND   =         5.6441  ANGLE   =        10.4727  DIHED      =         9.2619
 1-4 NB =         9.8015  1-4 EEL =      -244.9519  VDWAALS    =      2647.4298
 EELEC  =    -15132.6501  EHBOND  =         0.0000  RESTRAINT  =        10.4888
 EAMBER (non-restraint)  =    -12694.9919
 EKCMT  =         0.0000  VIRIAL  =         0.0000  VOLUME     =     32225.2168
                                                    Density    =         1.0066
 Ewald error estimate:   0.1647E-03
 ------------------------------------------------------------------------------

wrapping first mol.:      -23.15122       16.37039       28.35434

 NSTEP =    10500   TIME(PS) =      41.000  TEMP(K) =   313.90  PRESS =     0.0
 Etot   =    -10650.4293  EKtot   =      2027.2680  EPtot      =    -12677.6973
 BOND   =         4.6568  ANGLE   =        12.3273  DIHED      =        11.1687
 1-4 NB =         9.1174  1-4 EEL =      -244.3860  VDWAALS    =      2530.7941
 EELEC  =    -15008.0738  EHBOND  =         0.0000  RESTRAINT  =         6.6982
 EAMBER (non-restraint)  =    -12684.3955
 EKCMT  =         0.0000  VIRIAL  =         0.0000  VOLUME     =     32238.4173
                                                    Density    =         1.0061
 Ewald error estimate:   0.1013E-03
 ------------------------------------------------------------------------------

wrapping first mol.:      -23.13033       16.35561       28.32875

 NSTEP =    11000   TIME(PS) =      42.000  TEMP(K) =   304.33  PRESS =     0.0
 Etot   =    -10676.3028  EKtot   =      1965.4823  EPtot      =    -12641.7851
 BOND   =         4.8483  ANGLE   =        14.0659  DIHED      =        13.5567
 1-4 NB =        11.9233  1-4 EEL =      -248.6082  VDWAALS    =      2513.3009
 EELEC  =    -14957.4071  EHBOND  =         0.0000  RESTRAINT  =         6.5352
 EAMBER (non-restraint)  =    -12648.3203
 EKCMT  =         0.0000  VIRIAL  =         0.0000  VOLUME     =     32151.2078
                                                    Density    =         1.0089
 Ewald error estimate:   0.1541E-03
 ------------------------------------------------------------------------------

wrapping first mol.:      -23.16567       16.38061       28.37204

 NSTEP =    11500   TIME(PS) =      43.000  TEMP(K) =   299.30  PRESS =     0.0
 Etot   =    -10653.9162  EKtot   =      1933.0044  EPtot      =    -12586.9206
 BOND   =         6.2113  ANGLE   =        15.2026  DIHED      =        10.3301
 1-4 NB =        11.4085  1-4 EEL =      -247.7710  VDWAALS    =      2505.8792
 EELEC  =    -14897.2148  EHBOND  =         0.0000  RESTRAINT  =         9.0336
 EAMBER (non-restraint)  =    -12595.9541
 EKCMT  =         0.0000  VIRIAL  =         0.0000  VOLUME     =     32298.8241
                                                    Density    =         1.0043
 Ewald error estimate:   0.3562E-04
 ------------------------------------------------------------------------------

wrapping first mol.:      -23.12613       16.35265       28.32361

 NSTEP =    12000   TIME(PS) =      44.000  TEMP(K) =   301.63  PRESS =     0.0
 Etot   =    -10806.1925  EKtot   =      1948.0409  EPtot      =    -12754.2333
 BOND   =         6.6819  ANGLE   =        13.5039  DIHED      =        12.8005
 1-4 NB =        10.9949  1-4 EEL =      -248.2599  VDWAALS    =      2459.4127
 EELEC  =    -15015.8403  EHBOND  =         0.0000  RESTRAINT  =         6.4730
 EAMBER (non-restraint)  =    -12760.7064
 EKCMT  =         0.0000  VIRIAL  =         0.0000  VOLUME     =     32133.7134
                                                    Density    =         1.0094
 Ewald error estimate:   0.2293E-04
 ------------------------------------------------------------------------------

wrapping first mol.:      -23.17526       16.38739       28.38378

 NSTEP =    12500   TIME(PS) =      45.000  TEMP(K) =   306.26  PRESS =     0.0
 Etot   =    -10780.5862  EKtot   =      1977.9570  EPtot      =    -12758.5432
 BOND   =         3.4748  ANGLE   =         9.7300  DIHED      =        10.0522
 1-4 NB =        10.4519  1-4 EEL =      -245.7250  VDWAALS    =      2404.1578
 EELEC  =    -14962.2730  EHBOND  =         0.0000  RESTRAINT  =        11.5883
 EAMBER (non-restraint)  =    -12770.1314
 EKCMT  =         0.0000  VIRIAL  =         0.0000  VOLUME     =     32338.9465
                                                    Density    =         1.0030
 Ewald error estimate:   0.1517E-03
 ------------------------------------------------------------------------------

wrapping first mol.:      -23.12349       16.35078       28.32038

 NSTEP =    13000   TIME(PS) =      46.000  TEMP(K) =   294.74  PRESS =     0.0
 Etot   =    -10686.5574  EKtot   =      1903.5623  EPtot      =    -12590.1197
 BOND   =         7.8044  ANGLE   =        13.7885  DIHED      =        12.5297
 1-4 NB =        11.4920  1-4 EEL =      -248.5313  VDWAALS    =      2424.4044
 EELEC  =    -14822.3053  EHBOND  =         0.0000  RESTRAINT  =        10.6978
 EAMBER (non-restraint)  =    -12600.8175
 EKCMT  =         0.0000  VIRIAL  =         0.0000  VOLUME     =     32122.7248
                                                    Density    =         1.0098
 Ewald error estimate:   0.3573E-04
 ------------------------------------------------------------------------------

wrapping first mol.:      -23.10075       16.33470       28.29253

 NSTEP =    13500   TIME(PS) =      47.000  TEMP(K) =   300.42  PRESS =     0.0
 Etot   =    -10725.9340  EKtot   =      1940.2192  EPtot      =    -12666.1532
 BOND   =         5.4784  ANGLE   =        13.9101  DIHED      =        11.8560
 1-4 NB =        11.3017  1-4 EEL =      -247.7030  VDWAALS    =      2507.8021
 EELEC  =    -14976.9087  EHBOND  =         0.0000  RESTRAINT  =         8.1101
 EAMBER (non-restraint)  =    -12674.2633
 EKCMT  =         0.0000  VIRIAL  =         0.0000  VOLUME     =     32028.0484
                                                    Density    =         1.0128
 Ewald error estimate:   0.1412E-03
 ------------------------------------------------------------------------------

wrapping first mol.:      -23.15354       16.37203       28.35718

 NSTEP =    14000   TIME(PS) =      48.000  TEMP(K) =   286.88  PRESS =     0.0
 Etot   =    -10800.0996  EKtot   =      1852.7917  EPtot      =    -12652.8913
 BOND   =         6.9206  ANGLE   =        13.2621  DIHED      =        11.9941
 1-4 NB =        10.9612  1-4 EEL =      -246.2753  VDWAALS    =      2456.2392
 EELEC  =    -14913.1147  EHBOND  =         0.0000  RESTRAINT  =         7.1217
 EAMBER (non-restraint)  =    -12660.0129
 EKCMT  =         0.0000  VIRIAL  =         0.0000  VOLUME     =     32248.1105
                                                    Density    =         1.0058
 Ewald error estimate:   0.4043E-03
 ------------------------------------------------------------------------------

wrapping first mol.:      -23.17181       16.38495       28.37956

 NSTEP =    14500   TIME(PS) =      49.000  TEMP(K) =   293.70  PRESS =     0.0
 Etot   =    -10785.4688  EKtot   =      1896.8464  EPtot      =    -12682.3152
 BOND   =         6.8629  ANGLE   =        12.4230  DIHED      =        10.5792
 1-4 NB =        10.5779  1-4 EEL =      -245.8783  VDWAALS    =      2468.4701
 EELEC  =    -14951.3724  EHBOND  =         0.0000  RESTRAINT  =         6.0223
 EAMBER (non-restraint)  =    -12688.3375
 EKCMT  =         0.0000  VIRIAL  =         0.0000  VOLUME     =     32324.5032
                                                    Density    =         1.0035
 Ewald error estimate:   0.3002E-04
 ------------------------------------------------------------------------------

wrapping first mol.:      -23.17181       16.38495       28.37956

 NSTEP =    15000   TIME(PS) =      50.000  TEMP(K) =   297.71  PRESS =     0.0
 Etot   =    -10719.6830  EKtot   =      1922.7453  EPtot      =    -12642.4283
 BOND   =         4.1709  ANGLE   =        10.2545  DIHED      =        16.1045
 1-4 NB =        12.8735  1-4 EEL =      -248.7444  VDWAALS    =      2433.6987
 EELEC  =    -14879.3709  EHBOND  =         0.0000  RESTRAINT  =         8.5850
 EAMBER (non-restraint)  =    -12651.0133
 EKCMT  =         0.0000  VIRIAL  =         0.0000  VOLUME     =     32324.5032
                                                    Density    =         1.0035
 Ewald error estimate:   0.6791E-03
 ------------------------------------------------------------------------------

wrapping first mol.:      -23.15778       16.37503       28.36237

 NSTEP =    15500   TIME(PS) =      51.000  TEMP(K) =   298.79  PRESS =     0.0
 Etot   =    -10733.0897  EKtot   =      1929.6878  EPtot      =    -12662.7775
 BOND   =         5.9857  ANGLE   =        10.2153  DIHED      =         9.0243
 1-4 NB =        12.9467  1-4 EEL =      -247.1880  VDWAALS    =      2457.1158
 EELEC  =    -14918.8203  EHBOND  =         0.0000  RESTRAINT  =         7.9428
 EAMBER (non-restraint)  =    -12670.7203
 EKCMT  =         0.0000  VIRIAL  =         0.0000  VOLUME     =     32265.8192
                                                    Density    =         1.0053
 Ewald error estimate:   0.9614E-04
 ------------------------------------------------------------------------------

wrapping first mol.:      -23.07835       16.31886       28.26510

 NSTEP =    16000   TIME(PS) =      52.000  TEMP(K) =   294.37  PRESS =     0.0
 Etot   =    -10685.1673  EKtot   =      1901.1816  EPtot      =    -12586.3489
 BOND   =         5.7062  ANGLE   =        13.5189  DIHED      =        10.7799
 1-4 NB =        11.8912  1-4 EEL =      -245.9696  VDWAALS    =      2491.3052
 EELEC  =    -14883.8100  EHBOND  =         0.0000  RESTRAINT  =        10.2294
 EAMBER (non-restraint)  =    -12596.5783
 EKCMT  =         0.0000  VIRIAL  =         0.0000  VOLUME     =     31934.9669
                                                    Density    =         1.0157
 Ewald error estimate:   0.3440E-04
 ------------------------------------------------------------------------------

wrapping first mol.:      -23.07835       16.31886       28.26510

 NSTEP =    16500   TIME(PS) =      53.000  TEMP(K) =   305.18  PRESS =     0.0
 Etot   =    -10650.6030  EKtot   =      1970.9462  EPtot      =    -12621.5492
 BOND   =         5.6236  ANGLE   =        11.8374  DIHED      =        11.6145
 1-4 NB =        11.0268  1-4 EEL =      -244.3409  VDWAALS    =      2425.9622
 EELEC  =    -14851.6491  EHBOND  =         0.0000  RESTRAINT  =         8.3763
 EAMBER (non-restraint)  =    -12629.9255
 EKCMT  =         0.0000  VIRIAL  =         0.0000  VOLUME     =     31934.9669
                                                    Density    =         1.0157
 Ewald error estimate:   0.9059E-04
 ------------------------------------------------------------------------------

wrapping first mol.:      -23.12921       16.35483       28.32739

 NSTEP =    17000   TIME(PS) =      54.000  TEMP(K) =   298.21  PRESS =     0.0
 Etot   =    -10649.6071  EKtot   =      1925.9783  EPtot      =    -12575.5854
 BOND   =         3.7045  ANGLE   =        16.3970  DIHED      =         9.6030
 1-4 NB =        12.2342  1-4 EEL =      -245.3643  VDWAALS    =      2422.7438
 EELEC  =    -14805.6094  EHBOND  =         0.0000  RESTRAINT  =        10.7059
 EAMBER (non-restraint)  =    -12586.2913
 EKCMT  =         0.0000  VIRIAL  =         0.0000  VOLUME     =     32146.5642
                                                    Density    =         1.0090
 Ewald error estimate:   0.1429E-03
 ------------------------------------------------------------------------------

wrapping first mol.:      -23.11143       16.34226       28.30561

 NSTEP =    17500   TIME(PS) =      55.000  TEMP(K) =   299.48  PRESS =     0.0
 Etot   =    -10620.7657  EKtot   =      1934.1330  EPtot      =    -12554.8987
 BOND   =         5.4464  ANGLE   =         9.9445  DIHED      =        13.7670
 1-4 NB =        10.3018  1-4 EEL =      -244.2643  VDWAALS    =      2314.2943
 EELEC  =    -14675.2217  EHBOND  =         0.0000  RESTRAINT  =        10.8333
 EAMBER (non-restraint)  =    -12565.7319
 EKCMT  =         0.0000  VIRIAL  =         0.0000  VOLUME     =     32072.4918
                                                    Density    =         1.0114
 Ewald error estimate:   0.2898E-03
 ------------------------------------------------------------------------------

wrapping first mol.:      -23.15042       16.36982       28.35336

 NSTEP =    18000   TIME(PS) =      56.000  TEMP(K) =   299.80  PRESS =     0.0
 Etot   =    -10631.6079  EKtot   =      1936.2453  EPtot      =    -12567.8531
 BOND   =         7.5372  ANGLE   =         9.9618  DIHED      =        10.5364
 1-4 NB =        12.2842  1-4 EEL =      -242.5918  VDWAALS    =      2400.1696
 EELEC  =    -14774.9793  EHBOND  =         0.0000  RESTRAINT  =         9.2287
 EAMBER (non-restraint)  =    -12577.0819
 EKCMT  =         0.0000  VIRIAL  =         0.0000  VOLUME     =     32235.0561
                                                    Density    =         1.0063
 Ewald error estimate:   0.2533E-03
 ------------------------------------------------------------------------------

wrapping first mol.:      -23.15042       16.36982       28.35336

 NSTEP =    18500   TIME(PS) =      57.000  TEMP(K) =   302.88  PRESS =     0.0
 Etot   =    -10740.0237  EKtot   =      1956.0996  EPtot      =    -12696.1233
 BOND   =         6.9479  ANGLE   =        12.8623  DIHED      =         9.9702
 1-4 NB =        11.5424  1-4 EEL =      -245.4377  VDWAALS    =      2447.6116
 EELEC  =    -14952.8845  EHBOND  =         0.0000  RESTRAINT  =        13.2646
 EAMBER (non-restraint)  =    -12709.3879
 EKCMT  =         0.0000  VIRIAL  =         0.0000  VOLUME     =     32235.0561
                                                    Density    =         1.0063
 Ewald error estimate:   0.4173E-03
 ------------------------------------------------------------------------------

wrapping first mol.:      -23.07379       16.31564       28.25951

 NSTEP =    19000   TIME(PS) =      58.000  TEMP(K) =   300.67  PRESS =     0.0
 Etot   =    -10777.7063  EKtot   =      1941.8166  EPtot      =    -12719.5229
 BOND   =         4.2441  ANGLE   =        10.8650  DIHED      =        15.8430
 1-4 NB =        10.0606  1-4 EEL =      -244.6980  VDWAALS    =      2616.2257
 EELEC  =    -15141.3292  EHBOND  =         0.0000  RESTRAINT  =         9.2659
 EAMBER (non-restraint)  =    -12728.7889
 EKCMT  =         0.0000  VIRIAL  =         0.0000  VOLUME     =     31916.0225
                                                    Density    =         1.0163
 Ewald error estimate:   0.9100E-04
 ------------------------------------------------------------------------------

wrapping first mol.:      -23.09561       16.33107       28.28624

 NSTEP =    19500   TIME(PS) =      59.000  TEMP(K) =   296.92  PRESS =     0.0
 Etot   =    -10728.3794  EKtot   =      1917.6258  EPtot      =    -12646.0052
 BOND   =         8.4794  ANGLE   =        15.8344  DIHED      =         9.9038
 1-4 NB =         9.9753  1-4 EEL =      -244.2065  VDWAALS    =      2448.6767
 EELEC  =    -14905.6497  EHBOND  =         0.0000  RESTRAINT  =        10.9814
 EAMBER (non-restraint)  =    -12656.9866
 EKCMT  =         0.0000  VIRIAL  =         0.0000  VOLUME     =     32006.6681
                                                    Density    =         1.0134
 Ewald error estimate:   0.5089E-04
 ------------------------------------------------------------------------------

wrapping first mol.:      -23.14266       16.36434       28.34386

 NSTEP =    20000   TIME(PS) =      60.000  TEMP(K) =   292.72  PRESS =     0.0
 Etot   =    -10807.4509  EKtot   =      1890.4932  EPtot      =    -12697.9441
 BOND   =         7.4740  ANGLE   =        10.6979  DIHED      =        12.2503
 1-4 NB =        10.6330  1-4 EEL =      -246.1111  VDWAALS    =      2505.0642
 EELEC  =    -15007.4941  EHBOND  =         0.0000  RESTRAINT  =         9.5417
 EAMBER (non-restraint)  =    -12707.4857
 EKCMT  =         0.0000  VIRIAL  =         0.0000  VOLUME     =     32202.6808
                                                    Density    =         1.0073
 Ewald error estimate:   0.7146E-04
 ------------------------------------------------------------------------------

wrapping first mol.:      -23.12664       16.35301       28.32424

 NSTEP =    20500   TIME(PS) =      61.000  TEMP(K) =   291.67  PRESS =     0.0
 Etot   =    -10823.5403  EKtot   =      1883.6820  EPtot      =    -12707.2224
 BOND   =         6.7165  ANGLE   =         9.3882  DIHED      =        15.6320
 1-4 NB =        11.2521  1-4 EEL =      -247.6946  VDWAALS    =      2502.3519
 EELEC  =    -15012.8201  EHBOND  =         0.0000  RESTRAINT  =         7.9517
 EAMBER (non-restraint)  =    -12715.1740
 EKCMT  =         0.0000  VIRIAL  =         0.0000  VOLUME     =     32135.8367
                                                    Density    =         1.0094
 Ewald error estimate:   0.3720E-03
 ------------------------------------------------------------------------------

wrapping first mol.:      -23.19291       16.39987       28.40540

 NSTEP =    21000   TIME(PS) =      62.000  TEMP(K) =   293.83  PRESS =     0.0
 Etot   =    -10793.9801  EKtot   =      1897.6393  EPtot      =    -12691.6193
 BOND   =         5.3487  ANGLE   =        16.6258  DIHED      =        10.8274
 1-4 NB =        11.1548  1-4 EEL =      -246.2954  VDWAALS    =      2443.5246
 EELEC  =    -14941.1272  EHBOND  =         0.0000  RESTRAINT  =         8.3220
 EAMBER (non-restraint)  =    -12699.9413
 EKCMT  =         0.0000  VIRIAL  =         0.0000  VOLUME     =     32412.8903
                                                    Density    =         1.0007
 Ewald error estimate:   0.1059E-03
 ------------------------------------------------------------------------------

wrapping first mol.:      -23.18654       16.39536       28.39759

 NSTEP =    21500   TIME(PS) =      63.000  TEMP(K) =   294.60  PRESS =     0.0
 Etot   =    -10718.2320  EKtot   =      1902.6142  EPtot      =    -12620.8462
 BOND   =         9.8944  ANGLE   =         9.6265  DIHED      =        11.5891
 1-4 NB =        10.3229  1-4 EEL =      -243.9226  VDWAALS    =      2481.4220
 EELEC  =    -14907.4078  EHBOND  =         0.0000  RESTRAINT  =         7.6293
 EAMBER (non-restraint)  =    -12628.4755
 EKCMT  =         0.0000  VIRIAL  =         0.0000  VOLUME     =     32386.1737
                                                    Density    =         1.0016
 Ewald error estimate:   0.3104E-03
 ------------------------------------------------------------------------------

wrapping first mol.:      -23.17064       16.38412       28.37812

 NSTEP =    22000   TIME(PS) =      64.000  TEMP(K) =   298.74  PRESS =     0.0
 Etot   =    -10757.3740  EKtot   =      1929.3664  EPtot      =    -12686.7404
 BOND   =         7.8424  ANGLE   =        10.2660  DIHED      =        10.3089
 1-4 NB =        10.7325  1-4 EEL =      -244.7834  VDWAALS    =      2439.3663
 EELEC  =    -14930.0275  EHBOND  =         0.0000  RESTRAINT  =         9.5543
 EAMBER (non-restraint)  =    -12696.2947
 EKCMT  =         0.0000  VIRIAL  =         0.0000  VOLUME     =     32319.5909
                                                    Density    =         1.0036
 Ewald error estimate:   0.1374E-03
 ------------------------------------------------------------------------------

wrapping first mol.:      -23.11325       16.34354       28.30784

 NSTEP =    22500   TIME(PS) =      65.000  TEMP(K) =   301.22  PRESS =     0.0
 Etot   =    -10722.2069  EKtot   =      1945.3926  EPtot      =    -12667.5996
 BOND   =         6.4881  ANGLE   =        18.0683  DIHED      =         9.3731
 1-4 NB =        12.6543  1-4 EEL =      -246.9721  VDWAALS    =      2564.2929
 EELEC  =    -15039.1769  EHBOND  =         0.0000  RESTRAINT  =         7.6727
 EAMBER (non-restraint)  =    -12675.2723
 EKCMT  =         0.0000  VIRIAL  =         0.0000  VOLUME     =     32080.0489
                                                    Density    =         1.0111
 Ewald error estimate:   0.8773E-04
 ------------------------------------------------------------------------------

wrapping first mol.:      -23.14013       16.36254       28.34076

 NSTEP =    23000   TIME(PS) =      66.000  TEMP(K) =   289.66  PRESS =     0.0
 Etot   =    -10753.3755  EKtot   =      1870.7444  EPtot      =    -12624.1199
 BOND   =         9.6894  ANGLE   =         9.0367  DIHED      =        12.1739
 1-4 NB =        10.7913  1-4 EEL =      -246.0333  VDWAALS    =      2539.4940
 EELEC  =    -14966.1742  EHBOND  =         0.0000  RESTRAINT  =         6.9023
 EAMBER (non-restraint)  =    -12631.0222
 EKCMT  =         0.0000  VIRIAL  =         0.0000  VOLUME     =     32192.0945
                                                    Density    =         1.0076
 Ewald error estimate:   0.2522E-03
 ------------------------------------------------------------------------------

wrapping first mol.:      -23.13011       16.35546       28.32849

 NSTEP =    23500   TIME(PS) =      67.000  TEMP(K) =   295.93  PRESS =     0.0
 Etot   =    -10745.1757  EKtot   =      1911.2034  EPtot      =    -12656.3791
 BOND   =        12.5656  ANGLE   =        11.7763  DIHED      =        10.6893
 1-4 NB =        10.1007  1-4 EEL =      -247.8860  VDWAALS    =      2495.7791
 EELEC  =    -14960.3928  EHBOND  =         0.0000  RESTRAINT  =        10.9886
 EAMBER (non-restraint)  =    -12667.3677
 EKCMT  =         0.0000  VIRIAL  =         0.0000  VOLUME     =     32150.3205
                                                    Density    =         1.0089
 Ewald error estimate:   0.3805E-04
 ------------------------------------------------------------------------------

wrapping first mol.:      -23.10114       16.33498       28.29301

 NSTEP =    24000   TIME(PS) =      68.000  TEMP(K) =   306.87  PRESS =     0.0
 Etot   =    -10726.1939  EKtot   =      1981.9052  EPtot      =    -12708.0991
 BOND   =         5.7835  ANGLE   =         8.4984  DIHED      =        12.8810
 1-4 NB =        11.1173  1-4 EEL =      -249.8159  VDWAALS    =      2522.9708
 EELEC  =    -15029.4522  EHBOND  =         0.0000  RESTRAINT  =         9.9182
 EAMBER (non-restraint)  =    -12718.0173
 EKCMT  =         0.0000  VIRIAL  =         0.0000  VOLUME     =     32029.6717
                                                    Density    =         1.0127
 Ewald error estimate:   0.4626E-03
 ------------------------------------------------------------------------------

wrapping first mol.:      -23.12841       16.35426       28.32641

 NSTEP =    24500   TIME(PS) =      69.000  TEMP(K) =   295.35  PRESS =     0.0
 Etot   =    -10780.8930  EKtot   =      1907.5069  EPtot      =    -12688.3999
 BOND   =         5.6373  ANGLE   =        10.3276  DIHED      =        12.8214
 1-4 NB =        11.4697  1-4 EEL =      -246.9221  VDWAALS    =      2492.8098
 EELEC  =    -14983.8303  EHBOND  =         0.0000  RESTRAINT  =         9.2865
 EAMBER (non-restraint)  =    -12697.6864
 EKCMT  =         0.0000  VIRIAL  =         0.0000  VOLUME     =     32143.2279
                                                    Density    =         1.0091
 Ewald error estimate:   0.3135E-03
 ------------------------------------------------------------------------------

wrapping first mol.:      -23.14412       16.36537       28.34564

 NSTEP =    25000   TIME(PS) =      70.000  TEMP(K) =   305.17  PRESS =     0.0
 Etot   =    -10751.5121  EKtot   =      1970.8740  EPtot      =    -12722.3861
 BOND   =         5.8564  ANGLE   =        13.1921  DIHED      =         9.7728
 1-4 NB =        11.4580  1-4 EEL =      -244.4449  VDWAALS    =      2419.9411
 EELEC  =    -14947.1939  EHBOND  =         0.0000  RESTRAINT  =         9.0322
 EAMBER (non-restraint)  =    -12731.4183
 EKCMT  =         0.0000  VIRIAL  =         0.0000  VOLUME     =     32208.7568
                                                    Density    =         1.0071
 Ewald error estimate:   0.4511E-04
 ------------------------------------------------------------------------------

wrapping first mol.:      -23.08963       16.32683       28.27890

 NSTEP =    25500   TIME(PS) =      71.000  TEMP(K) =   297.30  PRESS =     0.0
 Etot   =    -10696.0157  EKtot   =      1920.0487  EPtot      =    -12616.0645
 BOND   =         7.1380  ANGLE   =        19.4611  DIHED      =        11.2511
 1-4 NB =        10.6095  1-4 EEL =      -245.5233  VDWAALS    =      2477.7550
 EELEC  =    -14906.1522  EHBOND  =         0.0000  RESTRAINT  =         9.3963
 EAMBER (non-restraint)  =    -12625.4608
 EKCMT  =         0.0000  VIRIAL  =         0.0000  VOLUME     =     31981.7854
                                                    Density    =         1.0142
 Ewald error estimate:   0.1573E-03
 ------------------------------------------------------------------------------

wrapping first mol.:      -23.13868       16.36152       28.33899

 NSTEP =    26000   TIME(PS) =      72.000  TEMP(K) =   301.38  PRESS =     0.0
 Etot   =    -10663.3348  EKtot   =      1946.4141  EPtot      =    -12609.7489
 BOND   =         8.8399  ANGLE   =        14.9284  DIHED      =         8.8117
 1-4 NB =        10.7955  1-4 EEL =      -245.4860  VDWAALS    =      2473.0816
 EELEC  =    -14890.4002  EHBOND  =         0.0000  RESTRAINT  =         9.6802
 EAMBER (non-restraint)  =    -12619.4290
 EKCMT  =         0.0000  VIRIAL  =         0.0000  VOLUME     =     32186.0645
                                                    Density    =         1.0078
 Ewald error estimate:   0.2048E-03
 ------------------------------------------------------------------------------

wrapping first mol.:      -23.14171       16.36367       28.34270

 NSTEP =    26500   TIME(PS) =      73.000  TEMP(K) =   289.93  PRESS =     0.0
 Etot   =    -10682.0496  EKtot   =      1872.4879  EPtot      =    -12554.5375
 BOND   =         7.2994  ANGLE   =        13.2623  DIHED      =        16.0063
 1-4 NB =        11.4675  1-4 EEL =      -247.0487  VDWAALS    =      2362.8552
 EELEC  =    -14726.1967  EHBOND  =         0.0000  RESTRAINT  =         7.8172
 EAMBER (non-restraint)  =    -12562.3546
 EKCMT  =         0.0000  VIRIAL  =         0.0000  VOLUME     =     32198.7192
                                                    Density    =         1.0074
 Ewald error estimate:   0.2670E-03
 ------------------------------------------------------------------------------

wrapping first mol.:      -23.14452       16.36565       28.34613

 NSTEP =    27000   TIME(PS) =      74.000  TEMP(K) =   291.50  PRESS =     0.0
 Etot   =    -10772.7025  EKtot   =      1882.6333  EPtot      =    -12655.3359
 BOND   =         5.6212  ANGLE   =        13.7145  DIHED      =         9.7755
 1-4 NB =        12.8695  1-4 EEL =      -248.9734  VDWAALS    =      2505.3623
 EELEC  =    -14963.3326  EHBOND  =         0.0000  RESTRAINT  =         9.6271
 EAMBER (non-restraint)  =    -12664.9630
 EKCMT  =         0.0000  VIRIAL  =         0.0000  VOLUME     =     32210.4261
                                                    Density    =         1.0070
 Ewald error estimate:   0.1958E-03
 ------------------------------------------------------------------------------

wrapping first mol.:      -23.12133       16.34926       28.31774

 NSTEP =    27500   TIME(PS) =      75.000  TEMP(K) =   286.40  PRESS =     0.0
 Etot   =    -10808.4889  EKtot   =      1849.7032  EPtot      =    -12658.1920
 BOND   =         7.6644  ANGLE   =        14.1435  DIHED      =        11.9287
 1-4 NB =        12.3871  1-4 EEL =      -247.6941  VDWAALS    =      2479.5728
 EELEC  =    -14940.2237  EHBOND  =         0.0000  RESTRAINT  =         4.0292
 EAMBER (non-restraint)  =    -12662.2212
 EKCMT  =         0.0000  VIRIAL  =         0.0000  VOLUME     =     32113.7270
                                                    Density    =         1.0101
 Ewald error estimate:   0.4316E-03
 ------------------------------------------------------------------------------

wrapping first mol.:      -23.13364       16.35796       28.33281

 NSTEP =    28000   TIME(PS) =      76.000  TEMP(K) =   296.87  PRESS =     0.0
 Etot   =    -10755.5818  EKtot   =      1917.3055  EPtot      =    -12672.8873
 BOND   =         5.5341  ANGLE   =        18.3308  DIHED      =        10.5072
 1-4 NB =        11.4489  1-4 EEL =      -246.6391  VDWAALS    =      2646.1611
 EELEC  =    -15126.2476  EHBOND  =         0.0000  RESTRAINT  =         8.0173
 EAMBER (non-restraint)  =    -12680.9045
 EKCMT  =         0.0000  VIRIAL  =         0.0000  VOLUME     =     32165.0408
                                                    Density    =         1.0084
 Ewald error estimate:   0.1676E-04
 ------------------------------------------------------------------------------

wrapping first mol.:      -23.11726       16.34637       28.31274

 NSTEP =    28500   TIME(PS) =      77.000  TEMP(K) =   301.96  PRESS =     0.0
 Etot   =    -10773.7375  EKtot   =      1950.1600  EPtot      =    -12723.8975
 BOND   =         4.0360  ANGLE   =        10.2290  DIHED      =        12.0251
 1-4 NB =        11.0245  1-4 EEL =      -246.2074  VDWAALS    =      2469.1576
 EELEC  =    -14995.0031  EHBOND  =         0.0000  RESTRAINT  =        10.8408
 EAMBER (non-restraint)  =    -12734.7383
 EKCMT  =         0.0000  VIRIAL  =         0.0000  VOLUME     =     32096.7319
                                                    Density    =         1.0106
 Ewald error estimate:   0.3373E-04
 ------------------------------------------------------------------------------

wrapping first mol.:      -23.12423       16.35130       28.32129

 NSTEP =    29000   TIME(PS) =      78.000  TEMP(K) =   300.88  PRESS =     0.0
 Etot   =    -10807.1109  EKtot   =      1943.2203  EPtot      =    -12750.3311
 BOND   =         6.2424  ANGLE   =        13.0742  DIHED      =        13.8815
 1-4 NB =        10.3314  1-4 EEL =      -243.2431  VDWAALS    =      2505.1046
 EELEC  =    -15063.2845  EHBOND  =         0.0000  RESTRAINT  =         7.5623
 EAMBER (non-restraint)  =    -12757.8934
 EKCMT  =         0.0000  VIRIAL  =         0.0000  VOLUME     =     32125.7959
                                                    Density    =         1.0097
 Ewald error estimate:   0.3849E-04
 ------------------------------------------------------------------------------

wrapping first mol.:      -23.12627       16.35274       28.32378

 NSTEP =    29500   TIME(PS) =      79.000  TEMP(K) =   293.58  PRESS =     0.0
 Etot   =    -10774.4894  EKtot   =      1896.0410  EPtot      =    -12670.5304
 BOND   =         6.4328  ANGLE   =        12.0731  DIHED      =        10.7183
 1-4 NB =        13.5857  1-4 EEL =      -246.7103  VDWAALS    =      2452.7367
 EELEC  =    -14926.8383  EHBOND  =         0.0000  RESTRAINT  =         7.4716
 EAMBER (non-restraint)  =    -12678.0020
 EKCMT  =         0.0000  VIRIAL  =         0.0000  VOLUME     =     32134.2778
                                                    Density    =         1.0094
 Ewald error estimate:   0.3363E-03
 ------------------------------------------------------------------------------

wrapping first mol.:      -23.08195       16.32141       28.26950

 NSTEP =    30000   TIME(PS) =      80.000  TEMP(K) =   289.43  PRESS =     0.0
 Etot   =    -10811.9024  EKtot   =      1869.2393  EPtot      =    -12681.1417
 BOND   =         8.1429  ANGLE   =         9.4296  DIHED      =        10.9199
 1-4 NB =        10.9303  1-4 EEL =      -246.1414  VDWAALS    =      2579.5240
 EELEC  =    -15061.5390  EHBOND  =         0.0000  RESTRAINT  =         7.5921
 EAMBER (non-restraint)  =    -12688.7338
 EKCMT  =         0.0000  VIRIAL  =         0.0000  VOLUME     =     31949.9016
                                                    Density    =         1.0152
 Ewald error estimate:   0.8325E-04
 ------------------------------------------------------------------------------

wrapping first mol.:      -23.15476       16.37289       28.35868

 NSTEP =    30500   TIME(PS) =      81.000  TEMP(K) =   304.09  PRESS =     0.0
 Etot   =    -10673.1178  EKtot   =      1963.9204  EPtot      =    -12637.0382
 BOND   =         6.6087  ANGLE   =        12.5137  DIHED      =        11.9298
 1-4 NB =        11.8466  1-4 EEL =      -248.5558  VDWAALS    =      2550.9762
 EELEC  =    -14991.4080  EHBOND  =         0.0000  RESTRAINT  =         9.0505
 EAMBER (non-restraint)  =    -12646.0887
 EKCMT  =         0.0000  VIRIAL  =         0.0000  VOLUME     =     32253.2070
                                                    Density    =         1.0057
 Ewald error estimate:   0.6259E-04
 ------------------------------------------------------------------------------

wrapping first mol.:      -23.15476       16.37289       28.35868

 NSTEP =    31000   TIME(PS) =      82.000  TEMP(K) =   306.42  PRESS =     0.0
 Etot   =    -10722.4848  EKtot   =      1978.9962  EPtot      =    -12701.4810
 BOND   =         5.2651  ANGLE   =        11.3469  DIHED      =         9.7476
 1-4 NB =         9.7153  1-4 EEL =      -244.2082  VDWAALS    =      2486.0597
 EELEC  =    -14986.4973  EHBOND  =         0.0000  RESTRAINT  =         7.0900
 EAMBER (non-restraint)  =    -12708.5709
 EKCMT  =         0.0000  VIRIAL  =         0.0000  VOLUME     =     32253.2070
                                                    Density    =         1.0057
 Ewald error estimate:   0.1984E-03
 ------------------------------------------------------------------------------

wrapping first mol.:      -23.08614       16.32437       28.27463

 NSTEP =    31500   TIME(PS) =      83.000  TEMP(K) =   299.32  PRESS =     0.0
 Etot   =    -10730.7444  EKtot   =      1933.1282  EPtot      =    -12663.8726
 BOND   =         4.0944  ANGLE   =        11.5730  DIHED      =        14.7890
 1-4 NB =        11.8159  1-4 EEL =      -248.2918  VDWAALS    =      2436.2510
 EELEC  =    -14901.7752  EHBOND  =         0.0000  RESTRAINT  =         7.6710
 EAMBER (non-restraint)  =    -12671.5436
 EKCMT  =         0.0000  VIRIAL  =         0.0000  VOLUME     =     31967.3011
                                                    Density    =         1.0147
 Ewald error estimate:   0.1532E-03
 ------------------------------------------------------------------------------

wrapping first mol.:      -23.03355       16.28718       28.21022

 NSTEP =    32000   TIME(PS) =      84.000  TEMP(K) =   311.76  PRESS =     0.0
 Etot   =    -10731.2114  EKtot   =      2013.4747  EPtot      =    -12744.6861
 BOND   =         8.5736  ANGLE   =         9.5693  DIHED      =        14.4876
 1-4 NB =        14.0220  1-4 EEL =      -248.3155  VDWAALS    =      2519.1375
 EELEC  =    -15071.4324  EHBOND  =         0.0000  RESTRAINT  =         9.2719
 EAMBER (non-restraint)  =    -12753.9580
 EKCMT  =         0.0000  VIRIAL  =         0.0000  VOLUME     =     31749.3247
                                                    Density    =         1.0216
 Ewald error estimate:   0.8328E-04
 ------------------------------------------------------------------------------

wrapping first mol.:      -23.06454       16.30909       28.24818

 NSTEP =    32500   TIME(PS) =      85.000  TEMP(K) =   304.32  PRESS =     0.0
 Etot   =    -10665.4976  EKtot   =      1965.3912  EPtot      =    -12630.8888
 BOND   =         6.2500  ANGLE   =        13.7438  DIHED      =        10.5610
 1-4 NB =        10.7769  1-4 EEL =      -243.5623  VDWAALS    =      2431.2077
 EELEC  =    -14867.6766  EHBOND  =         0.0000  RESTRAINT  =         7.8108
 EAMBER (non-restraint)  =    -12638.6996
 EKCMT  =         0.0000  VIRIAL  =         0.0000  VOLUME     =     31877.6490
                                                    Density    =         1.0175
 Ewald error estimate:   0.1144E-03
 ------------------------------------------------------------------------------

wrapping first mol.:      -23.13087       16.35600       28.32942

 NSTEP =    33000   TIME(PS) =      86.000  TEMP(K) =   293.74  PRESS =     0.0
 Etot   =    -10617.4689  EKtot   =      1897.0549  EPtot      =    -12514.5238
 BOND   =         6.1129  ANGLE   =        16.9198  DIHED      =        17.8389
 1-4 NB =        10.9127  1-4 EEL =      -245.7006  VDWAALS    =      2335.1883
 EELEC  =    -14664.2197  EHBOND  =         0.0000  RESTRAINT  =         8.4240
 EAMBER (non-restraint)  =    -12522.9478
 EKCMT  =         0.0000  VIRIAL  =         0.0000  VOLUME     =     32153.4919
                                                    Density    =         1.0088
 Ewald error estimate:   0.2172E-03
 ------------------------------------------------------------------------------

wrapping first mol.:      -23.14245       16.36419       28.34360

 NSTEP =    33500   TIME(PS) =      87.000  TEMP(K) =   302.80  PRESS =     0.0
 Etot   =    -10700.8390  EKtot   =      1955.5908  EPtot      =    -12656.4298
 BOND   =         4.4598  ANGLE   =        17.4448  DIHED      =        13.0460
 1-4 NB =        10.3706  1-4 EEL =      -246.2383  VDWAALS    =      2542.9310
 EELEC  =    -15012.5168  EHBOND  =         0.0000  RESTRAINT  =        14.0732
 EAMBER (non-restraint)  =    -12670.5030
 EKCMT  =         0.0000  VIRIAL  =         0.0000  VOLUME     =     32201.7979
                                                    Density    =         1.0073
 Ewald error estimate:   0.2020E-03
 ------------------------------------------------------------------------------

wrapping first mol.:      -23.15821       16.37533       28.36290

 NSTEP =    34000   TIME(PS) =      88.000  TEMP(K) =   294.89  PRESS =     0.0
 Etot   =    -10729.7831  EKtot   =      1904.4981  EPtot      =    -12634.2811
 BOND   =        11.9260  ANGLE   =        12.0624  DIHED      =        12.4399
 1-4 NB =        11.4208  1-4 EEL =      -246.3587  VDWAALS    =      2500.9587
 EELEC  =    -14949.7441  EHBOND  =         0.0000  RESTRAINT  =        13.0139
 EAMBER (non-restraint)  =    -12647.2950
 EKCMT  =         0.0000  VIRIAL  =         0.0000  VOLUME     =     32267.6077
                                                    Density    =         1.0052
 Ewald error estimate:   0.7841E-04
 ------------------------------------------------------------------------------

wrapping first mol.:      -23.13908       16.36180       28.33947

 NSTEP =    34500   TIME(PS) =      89.000  TEMP(K) =   298.15  PRESS =     0.0
 Etot   =    -10745.7213  EKtot   =      1925.5539  EPtot      =    -12671.2752
 BOND   =         8.1911  ANGLE   =        11.8186  DIHED      =        11.9242
 1-4 NB =        12.6544  1-4 EEL =      -246.7041  VDWAALS    =      2439.4613
 EELEC  =    -14921.5085  EHBOND  =         0.0000  RESTRAINT  =        12.8878
 EAMBER (non-restraint)  =    -12684.1631
 EKCMT  =         0.0000  VIRIAL  =         0.0000  VOLUME     =     32187.7270
                                                    Density    =         1.0077
 Ewald error estimate:   0.2649E-04
 ------------------------------------------------------------------------------

wrapping first mol.:      -23.13533       16.35915       28.33488

 NSTEP =    35000   TIME(PS) =      90.000  TEMP(K) =   296.61  PRESS =     0.0
 Etot   =    -10712.4444  EKtot   =      1915.6399  EPtot      =    -12628.0843
 BOND   =         7.7537  ANGLE   =        14.4827  DIHED      =         9.7770
 1-4 NB =        11.8964  1-4 EEL =      -246.0736  VDWAALS    =      2418.0843
 EELEC  =    -14852.0287  EHBOND  =         0.0000  RESTRAINT  =         8.0238
 EAMBER (non-restraint)  =    -12636.1082
 EKCMT  =         0.0000  VIRIAL  =         0.0000  VOLUME     =     32172.0928
                                                    Density    =         1.0082
 Ewald error estimate:   0.4771E-04
 ------------------------------------------------------------------------------

wrapping first mol.:      -23.14822       16.36827       28.35067

 NSTEP =    35500   TIME(PS) =      91.000  TEMP(K) =   298.20  PRESS =     0.0
 Etot   =    -10724.8815  EKtot   =      1925.8846  EPtot      =    -12650.7661
 BOND   =         6.3525  ANGLE   =        14.1520  DIHED      =        10.9047
 1-4 NB =        10.1069  1-4 EEL =      -247.0202  VDWAALS    =      2477.8644
 EELEC  =    -14930.6773  EHBOND  =         0.0000  RESTRAINT  =         7.5509
 EAMBER (non-restraint)  =    -12658.3170
 EKCMT  =         0.0000  VIRIAL  =         0.0000  VOLUME     =     32225.8769
                                                    Density    =         1.0065
 Ewald error estimate:   0.3801E-03
 ------------------------------------------------------------------------------

wrapping first mol.:      -23.15621       16.37391       28.36045

 NSTEP =    36000   TIME(PS) =      92.000  TEMP(K) =   312.31  PRESS =     0.0
 Etot   =    -10652.5420  EKtot   =      2017.0420  EPtot      =    -12669.5840
 BOND   =         6.2484  ANGLE   =        13.7864  DIHED      =        12.2889
 1-4 NB =        11.4518  1-4 EEL =      -246.7397  VDWAALS    =      2474.9940
 EELEC  =    -14952.0721  EHBOND  =         0.0000  RESTRAINT  =        10.4582
 EAMBER (non-restraint)  =    -12680.0422
 EKCMT  =         0.0000  VIRIAL  =         0.0000  VOLUME     =     32259.2522
                                                    Density    =         1.0055
 Ewald error estimate:   0.4269E-03
 ------------------------------------------------------------------------------

wrapping first mol.:      -23.21268       16.41385       28.42962

 NSTEP =    36500   TIME(PS) =      93.000  TEMP(K) =   296.99  PRESS =     0.0
 Etot   =    -10753.6455  EKtot   =      1918.1041  EPtot      =    -12671.7497
 BOND   =         8.3216  ANGLE   =        10.1053  DIHED      =        12.6824
 1-4 NB =        10.9594  1-4 EEL =      -246.8328  VDWAALS    =      2454.2142
 EELEC  =    -14930.5951  EHBOND  =         0.0000  RESTRAINT  =         9.3952
 EAMBER (non-restraint)  =    -12681.1449
 EKCMT  =         0.0000  VIRIAL  =         0.0000  VOLUME     =     32495.8653
                                                    Density    =         0.9982
 Ewald error estimate:   0.1155E-03
 ------------------------------------------------------------------------------

wrapping first mol.:      -23.17795       16.38929       28.38708

 NSTEP =    37000   TIME(PS) =      94.000  TEMP(K) =   292.75  PRESS =     0.0
 Etot   =    -10789.6122  EKtot   =      1890.6750  EPtot      =    -12680.2873
 BOND   =         3.7585  ANGLE   =        11.7830  DIHED      =         9.5686
 1-4 NB =        10.3606  1-4 EEL =      -244.4608  VDWAALS    =      2434.7668
 EELEC  =    -14916.4916  EHBOND  =         0.0000  RESTRAINT  =        10.4276
 EAMBER (non-restraint)  =    -12690.7149
 EKCMT  =         0.0000  VIRIAL  =         0.0000  VOLUME     =     32350.2123
                                                    Density    =         1.0027
 Ewald error estimate:   0.2854E-04
 ------------------------------------------------------------------------------

wrapping first mol.:      -23.17866       16.38979       28.38794

 NSTEP =    37500   TIME(PS) =      95.000  TEMP(K) =   293.40  PRESS =     0.0
 Etot   =    -10812.2285  EKtot   =      1894.8550  EPtot      =    -12707.0834
 BOND   =        10.2791  ANGLE   =        11.8028  DIHED      =        11.6774
 1-4 NB =         9.6293  1-4 EEL =      -247.2656  VDWAALS    =      2550.5238
 EELEC  =    -15061.5466  EHBOND  =         0.0000  RESTRAINT  =         7.8163
 EAMBER (non-restraint)  =    -12714.8998
 EKCMT  =         0.0000  VIRIAL  =         0.0000  VOLUME     =     32353.1636
                                                    Density    =         1.0026
 Ewald error estimate:   0.2879E-03
 ------------------------------------------------------------------------------

wrapping first mol.:      -23.15467       16.37283       28.35857

 NSTEP =    38000   TIME(PS) =      96.000  TEMP(K) =   285.24  PRESS =     0.0
 Etot   =    -10783.8360  EKtot   =      1842.1889  EPtot      =    -12626.0249
 BOND   =         4.7027  ANGLE   =        13.1525  DIHED      =        12.1049
 1-4 NB =        11.5650  1-4 EEL =      -246.8673  VDWAALS    =      2495.7984
 EELEC  =    -14925.4618  EHBOND  =         0.0000  RESTRAINT  =         8.9807
 EAMBER (non-restraint)  =    -12635.0056
 EKCMT  =         0.0000  VIRIAL  =         0.0000  VOLUME     =     32252.8305
                                                    Density    =         1.0057
 Ewald error estimate:   0.4943E-04
 ------------------------------------------------------------------------------

wrapping first mol.:      -23.15467       16.37283       28.35857

 NSTEP =    38500   TIME(PS) =      97.000  TEMP(K) =   295.28  PRESS =     0.0
 Etot   =    -10800.1592  EKtot   =      1907.0180  EPtot      =    -12707.1773
 BOND   =         6.5738  ANGLE   =        15.4797  DIHED      =        13.0123
 1-4 NB =        13.0873  1-4 EEL =      -248.8785  VDWAALS    =      2523.1798
 EELEC  =    -15038.9520  EHBOND  =         0.0000  RESTRAINT  =         9.3202
 EAMBER (non-restraint)  =    -12716.4975
 EKCMT  =         0.0000  VIRIAL  =         0.0000  VOLUME     =     32252.8305
                                                    Density    =         1.0057
 Ewald error estimate:   0.3700E-03
 ------------------------------------------------------------------------------

wrapping first mol.:      -23.12111       16.34909       28.31746

 NSTEP =    39000   TIME(PS) =      98.000  TEMP(K) =   299.74  PRESS =     0.0
 Etot   =    -10769.1989  EKtot   =      1935.8186  EPtot      =    -12705.0174
 BOND   =         6.1476  ANGLE   =        14.6149  DIHED      =         9.3554
 1-4 NB =        12.7981  1-4 EEL =      -246.8189  VDWAALS    =      2407.0390
 EELEC  =    -14921.7561  EHBOND  =         0.0000  RESTRAINT  =        13.6027
 EAMBER (non-restraint)  =    -12718.6201
 EKCMT  =         0.0000  VIRIAL  =         0.0000  VOLUME     =     32112.7707
                                                    Density    =         1.0101
 Ewald error estimate:   0.6280E-04
 ------------------------------------------------------------------------------

wrapping first mol.:      -23.08869       16.32617       28.27776

 NSTEP =    39500   TIME(PS) =      99.000  TEMP(K) =   295.88  PRESS =     0.0
 Etot   =    -10741.2358  EKtot   =      1910.8788  EPtot      =    -12652.1145
 BOND   =         4.2117  ANGLE   =        12.3733  DIHED      =        10.3397
 1-4 NB =        12.9954  1-4 EEL =      -245.9725  VDWAALS    =      2545.4852
 EELEC  =    -14999.0717  EHBOND  =         0.0000  RESTRAINT  =         7.5242
 EAMBER (non-restraint)  =    -12659.6388
 EKCMT  =         0.0000  VIRIAL  =         0.0000  VOLUME     =     31977.9088
                                                    Density    =         1.0143
 Ewald error estimate:   0.4079E-04
 ------------------------------------------------------------------------------

wrapping first mol.:      -23.00742       16.26871       28.17822

 NSTEP =    40000   TIME(PS) =     100.000  TEMP(K) =   290.15  PRESS =     0.0
 Etot   =    -10847.5838  EKtot   =      1873.8931  EPtot      =    -12721.4768
 BOND   =         5.6975  ANGLE   =        14.5682  DIHED      =        14.6320
 1-4 NB =        10.7912  1-4 EEL =      -246.6054  VDWAALS    =      2529.5352
 EELEC  =    -15059.9246  EHBOND  =         0.0000  RESTRAINT  =         9.8291
 EAMBER (non-restraint)  =    -12731.3059
 EKCMT  =         0.0000  VIRIAL  =         0.0000  VOLUME     =     31641.4077
                                                    Density    =         1.0251
 Ewald error estimate:   0.1986E-03
 ------------------------------------------------------------------------------

wrapping first mol.:      -23.00662       16.26814       28.17725

 NSTEP =    40500   TIME(PS) =     101.000  TEMP(K) =   299.38  PRESS =     0.0
 Etot   =    -10742.4987  EKtot   =      1933.5274  EPtot      =    -12676.0261
 BOND   =         9.1808  ANGLE   =        12.7413  DIHED      =        12.6398
 1-4 NB =        10.7652  1-4 EEL =      -244.1451  VDWAALS    =      2571.3253
 EELEC  =    -15056.3697  EHBOND  =         0.0000  RESTRAINT  =         7.8362
 EAMBER (non-restraint)  =    -12683.8624
 EKCMT  =         0.0000  VIRIAL  =         0.0000  VOLUME     =     31638.1165
                                                    Density    =         1.0252
 Ewald error estimate:   0.9594E-04
 ------------------------------------------------------------------------------

wrapping first mol.:      -23.06047       16.30622       28.24320

 NSTEP =    41000   TIME(PS) =     102.000  TEMP(K) =   296.51  PRESS =     0.0
 Etot   =    -10727.3304  EKtot   =      1914.9559  EPtot      =    -12642.2863
 BOND   =         3.4446  ANGLE   =        12.3638  DIHED      =        11.8376
 1-4 NB =        11.5677  1-4 EEL =      -246.7356  VDWAALS    =      2556.4398
 EELEC  =    -15000.7380  EHBOND  =         0.0000  RESTRAINT  =         9.5337
 EAMBER (non-restraint)  =    -12651.8200
 EKCMT  =         0.0000  VIRIAL  =         0.0000  VOLUME     =     31860.8022
                                                    Density    =         1.0181
 Ewald error estimate:   0.3569E-04
 ------------------------------------------------------------------------------

wrapping first mol.:      -23.10453       16.33737       28.29716

 NSTEP =    41500   TIME(PS) =     103.000  TEMP(K) =   302.78  PRESS =     0.0
 Etot   =    -10685.2809  EKtot   =      1955.4795  EPtot      =    -12640.7603
 BOND   =         5.7453  ANGLE   =         9.0385  DIHED      =        12.4015
 1-4 NB =        10.9942  1-4 EEL =      -244.0795  VDWAALS    =      2392.6069
 EELEC  =    -14836.2107  EHBOND  =         0.0000  RESTRAINT  =         8.7434
 EAMBER (non-restraint)  =    -12649.5038
 EKCMT  =         0.0000  VIRIAL  =         0.0000  VOLUME     =     32043.7613
                                                    Density    =         1.0123
 Ewald error estimate:   0.1324E-03
 ------------------------------------------------------------------------------

wrapping first mol.:      -23.11929       16.34781       28.31523

 NSTEP =    42000   TIME(PS) =     104.000  TEMP(K) =   297.64  PRESS =     0.0
 Etot   =    -10650.8558  EKtot   =      1922.2818  EPtot      =    -12573.1376
 BOND   =         4.8582  ANGLE   =        10.7239  DIHED      =        10.1470
 1-4 NB =        11.5626  1-4 EEL =      -245.4739  VDWAALS    =      2472.2274
 EELEC  =    -14844.2723  EHBOND  =         0.0000  RESTRAINT  =         7.0895
 EAMBER (non-restraint)  =    -12580.2271
 EKCMT  =         0.0000  VIRIAL  =         0.0000  VOLUME     =     32105.2011
                                                    Density    =         1.0103
 Ewald error estimate:   0.1740E-04
 ------------------------------------------------------------------------------

wrapping first mol.:      -23.10957       16.34094       28.30333

 NSTEP =    42500   TIME(PS) =     105.000  TEMP(K) =   294.87  PRESS =     0.0
 Etot   =    -10731.6562  EKtot   =      1904.3774  EPtot      =    -12636.0336
 BOND   =         5.9046  ANGLE   =        11.8425  DIHED      =        11.7808
 1-4 NB =        11.5177  1-4 EEL =      -244.9935  VDWAALS    =      2434.8392
 EELEC  =    -14874.9279  EHBOND  =         0.0000  RESTRAINT  =         8.0029
 EAMBER (non-restraint)  =    -12644.0365
 EKCMT  =         0.0000  VIRIAL  =         0.0000  VOLUME     =     32064.7434
                                                    Density    =         1.0116
 Ewald error estimate:   0.2817E-03
 ------------------------------------------------------------------------------

wrapping first mol.:      -23.15740       16.37476       28.36191

 NSTEP =    43000   TIME(PS) =     106.000  TEMP(K) =   301.78  PRESS =     0.0
 Etot   =    -10737.6481  EKtot   =      1949.0319  EPtot      =    -12686.6800
 BOND   =        10.1798  ANGLE   =        16.9748  DIHED      =        11.1688
 1-4 NB =        10.8531  1-4 EEL =      -248.0027  VDWAALS    =      2550.2064
 EELEC  =    -15048.8327  EHBOND  =         0.0000  RESTRAINT  =        10.7725
 EAMBER (non-restraint)  =    -12697.4524
 EKCMT  =         0.0000  VIRIAL  =         0.0000  VOLUME     =     32264.2485
                                                    Density    =         1.0053
 Ewald error estimate:   0.1414E-03
 ------------------------------------------------------------------------------

wrapping first mol.:      -23.19639       16.40233       28.40967

 NSTEP =    43500   TIME(PS) =     107.000  TEMP(K) =   301.55  PRESS =     0.0
 Etot   =    -10628.0091  EKtot   =      1947.5125  EPtot      =    -12575.5216
 BOND   =         3.9356  ANGLE   =        13.9300  DIHED      =        14.0916
 1-4 NB =        11.5556  1-4 EEL =      -247.4110  VDWAALS    =      2487.6715
 EELEC  =    -14868.5883  EHBOND  =         0.0000  RESTRAINT  =         9.2934
 EAMBER (non-restraint)  =    -12584.8150
 EKCMT  =         0.0000  VIRIAL  =         0.0000  VOLUME     =     32427.4974
                                                    Density    =         1.0003
 Ewald error estimate:   0.2134E-03
 ------------------------------------------------------------------------------

wrapping first mol.:      -23.20657       16.40953       28.42213

 NSTEP =    44000   TIME(PS) =     108.000  TEMP(K) =   311.99  PRESS =     0.0
 Etot   =    -10572.7636  EKtot   =      2014.9168  EPtot      =    -12587.6804
 BOND   =         3.7551  ANGLE   =         9.9956  DIHED      =        11.2756
 1-4 NB =        11.9087  1-4 EEL =      -244.0855  VDWAALS    =      2465.7742
 EELEC  =    -14854.3932  EHBOND  =         0.0000  RESTRAINT  =         8.0891
 EAMBER (non-restraint)  =    -12595.7695
 EKCMT  =         0.0000  VIRIAL  =         0.0000  VOLUME     =     32470.1966
                                                    Density    =         0.9990
 Ewald error estimate:   0.3286E-03
 ------------------------------------------------------------------------------

wrapping first mol.:      -23.21741       16.41719       28.43541

 NSTEP =    44500   TIME(PS) =     109.000  TEMP(K) =   302.99  PRESS =     0.0
 Etot   =    -10637.0080  EKtot   =      1956.7988  EPtot      =    -12593.8068
 BOND   =         7.5544  ANGLE   =        16.9016  DIHED      =        10.2362
 1-4 NB =        11.5486  1-4 EEL =      -246.4040  VDWAALS    =      2487.2618
 EELEC  =    -14889.2150  EHBOND  =         0.0000  RESTRAINT  =         8.3096
 EAMBER (non-restraint)  =    -12602.1164
 EKCMT  =         0.0000  VIRIAL  =         0.0000  VOLUME     =     32515.7221
                                                    Density    =         0.9976
 Ewald error estimate:   0.1116E-03
 ------------------------------------------------------------------------------

wrapping first mol.:      -23.17899       16.39002       28.38835

 NSTEP =    45000   TIME(PS) =     110.000  TEMP(K) =   300.44  PRESS =     0.0
 Etot   =    -10682.9370  EKtot   =      1940.3554  EPtot      =    -12623.2924
 BOND   =         5.0647  ANGLE   =        15.6752  DIHED      =         9.7478
 1-4 NB =        11.3197  1-4 EEL =      -245.7409  VDWAALS    =      2465.5325
 EELEC  =    -14899.3818  EHBOND  =         0.0000  RESTRAINT  =        14.4903
 EAMBER (non-restraint)  =    -12637.7827
 EKCMT  =         0.0000  VIRIAL  =         0.0000  VOLUME     =     32354.5565
                                                    Density    =         1.0025
 Ewald error estimate:   0.6149E-05
 ------------------------------------------------------------------------------

wrapping first mol.:      -23.13257       16.35720       28.33150

 NSTEP =    45500   TIME(PS) =     111.000  TEMP(K) =   305.00  PRESS =     0.0
 Etot   =    -10683.5326  EKtot   =      1969.7801  EPtot      =    -12653.3126
 BOND   =         8.2578  ANGLE   =        15.6109  DIHED      =        12.0236
 1-4 NB =        11.0688  1-4 EEL =      -244.9348  VDWAALS    =      2461.7777
 EELEC  =    -14924.0963  EHBOND  =         0.0000  RESTRAINT  =         6.9797
 EAMBER (non-restraint)  =    -12660.2923
 EKCMT  =         0.0000  VIRIAL  =         0.0000  VOLUME     =     32160.5664
                                                    Density    =         1.0086
 Ewald error estimate:   0.6421E-04
 ------------------------------------------------------------------------------

wrapping first mol.:      -23.13242       16.35709       28.33131

 NSTEP =    46000   TIME(PS) =     112.000  TEMP(K) =   298.21  PRESS =     0.0
 Etot   =    -10701.7009  EKtot   =      1925.9712  EPtot      =    -12627.6721
 BOND   =         6.2923  ANGLE   =        13.9682  DIHED      =        15.3313
 1-4 NB =        11.4957  1-4 EEL =      -248.6905  VDWAALS    =      2493.0469
 EELEC  =    -14928.4902  EHBOND  =         0.0000  RESTRAINT  =         9.3743
 EAMBER (non-restraint)  =    -12637.0464
 EKCMT  =         0.0000  VIRIAL  =         0.0000  VOLUME     =     32159.9337
                                                    Density    =         1.0086
 Ewald error estimate:   0.1656E-03
 ------------------------------------------------------------------------------

wrapping first mol.:      -23.21676       16.41673       28.43461

 NSTEP =    46500   TIME(PS) =     113.000  TEMP(K) =   297.40  PRESS =     0.0
 Etot   =    -10690.9569  EKtot   =      1920.7178  EPtot      =    -12611.6747
 BOND   =        10.7322  ANGLE   =        16.0493  DIHED      =        10.1873
 1-4 NB =        12.6141  1-4 EEL =      -249.8203  VDWAALS    =      2455.2955
 EELEC  =    -14876.0681  EHBOND  =         0.0000  RESTRAINT  =         9.3353
 EAMBER (non-restraint)  =    -12621.0100
 EKCMT  =         0.0000  VIRIAL  =         0.0000  VOLUME     =     32512.9974
                                                    Density    =         0.9976
 Ewald error estimate:   0.4486E-03
 ------------------------------------------------------------------------------

wrapping first mol.:      -23.22378       16.42170       28.44321

 NSTEP =    47000   TIME(PS) =     114.000  TEMP(K) =   302.06  PRESS =     0.0
 Etot   =    -10728.0123  EKtot   =      1950.8381  EPtot      =    -12678.8505
 BOND   =         7.4837  ANGLE   =        14.4717  DIHED      =        10.0061
 1-4 NB =        10.8117  1-4 EEL =      -247.1583  VDWAALS    =      2516.7779
 EELEC  =    -14996.7707  EHBOND  =         0.0000  RESTRAINT  =         5.5274
 EAMBER (non-restraint)  =    -12684.3778
 EKCMT  =         0.0000  VIRIAL  =         0.0000  VOLUME     =     32542.5017
                                                    Density    =         0.9967
 Ewald error estimate:   0.4889E-03
 ------------------------------------------------------------------------------

wrapping first mol.:      -23.13050       16.35573       28.32896

 NSTEP =    47500   TIME(PS) =     115.000  TEMP(K) =   293.80  PRESS =     0.0
 Etot   =    -10842.9796  EKtot   =      1897.4628  EPtot      =    -12740.4424
 BOND   =         6.0476  ANGLE   =         9.9981  DIHED      =        10.6608
 1-4 NB =        10.7468  1-4 EEL =      -243.2824  VDWAALS    =      2517.3899
 EELEC  =    -15061.1764  EHBOND  =         0.0000  RESTRAINT  =         9.1731
 EAMBER (non-restraint)  =    -12749.6155
 EKCMT  =         0.0000  VIRIAL  =         0.0000  VOLUME     =     32151.9172
                                                    Density    =         1.0089
 Ewald error estimate:   0.1746E-03
 ------------------------------------------------------------------------------

wrapping first mol.:      -23.13757       16.36074       28.33762

 NSTEP =    48000   TIME(PS) =     116.000  TEMP(K) =   288.29  PRESS =     0.0
 Etot   =    -10860.4565  EKtot   =      1861.9037  EPtot      =    -12722.3601
 BOND   =         6.6986  ANGLE   =         8.3807  DIHED      =        13.4208
 1-4 NB =        10.6284  1-4 EEL =      -244.9738  VDWAALS    =      2503.2141
 EELEC  =    -15029.8523  EHBOND  =         0.0000  RESTRAINT  =        10.1233
 EAMBER (non-restraint)  =    -12732.4835
 EKCMT  =         0.0000  VIRIAL  =         0.0000  VOLUME     =     32181.4251
                                                    Density    =         1.0079
 Ewald error estimate:   0.2887E-03
 ------------------------------------------------------------------------------

wrapping first mol.:      -23.14435       16.36553       28.34593

 NSTEP =    48500   TIME(PS) =     117.000  TEMP(K) =   297.10  PRESS =     0.0
 Etot   =    -10689.9747  EKtot   =      1918.7557  EPtot      =    -12608.7304
 BOND   =         6.2113  ANGLE   =        13.7417  DIHED      =        10.3930
 1-4 NB =        11.0431  1-4 EEL =      -244.8528  VDWAALS    =      2403.4156
 EELEC  =    -14817.2177  EHBOND  =         0.0000  RESTRAINT  =         8.5354
 EAMBER (non-restraint)  =    -12617.2657
 EKCMT  =         0.0000  VIRIAL  =         0.0000  VOLUME     =     32209.7309
                                                    Density    =         1.0070
 Ewald error estimate:   0.4501E-04
 ------------------------------------------------------------------------------

wrapping first mol.:      -23.12089       16.34894       28.31719

 NSTEP =    49000   TIME(PS) =     118.000  TEMP(K) =   305.73  PRESS =     0.0
 Etot   =    -10622.0957  EKtot   =      1974.5060  EPtot      =    -12596.6017
 BOND   =         7.6190  ANGLE   =         9.6996  DIHED      =        11.1440
 1-4 NB =        10.6568  1-4 EEL =      -245.7980  VDWAALS    =      2490.5758
 EELEC  =    -14890.5369  EHBOND  =         0.0000  RESTRAINT  =        10.0379
 EAMBER (non-restraint)  =    -12606.6396
 EKCMT  =         0.0000  VIRIAL  =         0.0000  VOLUME     =     32111.8565
                                                    Density    =         1.0101
 Ewald error estimate:   0.1011E-03
 ------------------------------------------------------------------------------

wrapping first mol.:      -23.09548       16.33097       28.28608

 NSTEP =    49500   TIME(PS) =     119.000  TEMP(K) =   291.89  PRESS =     0.0
 Etot   =    -10744.8975  EKtot   =      1885.1161  EPtot      =    -12630.0136
 BOND   =         4.1430  ANGLE   =        10.8765  DIHED      =         8.9208
 1-4 NB =        11.2707  1-4 EEL =      -247.0698  VDWAALS    =      2503.0159
 EELEC  =    -14931.6014  EHBOND  =         0.0000  RESTRAINT  =        10.4307
 EAMBER (non-restraint)  =    -12640.4442
 EKCMT  =         0.0000  VIRIAL  =         0.0000  VOLUME     =     32006.1197
                                                    Density    =         1.0134
 Ewald error estimate:   0.4704E-03
 ------------------------------------------------------------------------------

wrapping first mol.:      -23.10650       16.33876       28.29957
wrapping first mol.:      -23.10650       16.33876       28.29957

 NSTEP =    50000   TIME(PS) =     120.000  TEMP(K) =   292.26  PRESS =     0.0
 Etot   =    -10784.0995  EKtot   =      1887.5473  EPtot      =    -12671.6468
 BOND   =         8.0833  ANGLE   =        13.9819  DIHED      =        11.3899
 1-4 NB =        11.0543  1-4 EEL =      -248.2027  VDWAALS    =      2499.5065
 EELEC  =    -14977.5053  EHBOND  =         0.0000  RESTRAINT  =        10.0452
 EAMBER (non-restraint)  =    -12681.6920
 EKCMT  =         0.0000  VIRIAL  =         0.0000  VOLUME     =     32051.9466
                                                    Density    =         1.0120
 Ewald error estimate:   0.2166E-03
 ------------------------------------------------------------------------------


      A V E R A G E S   O V E R     100 S T E P S


 NSTEP =    50000   TIME(PS) =     120.000  TEMP(K) =   298.59  PRESS =     0.0
 Etot   =    -10709.7799  EKtot   =      1928.4353  EPtot      =    -12638.2152
 BOND   =         6.6008  ANGLE   =        12.9649  DIHED      =        11.6700
 1-4 NB =        11.2365  1-4 EEL =      -246.2991  VDWAALS    =      2477.3560
 EELEC  =    -14920.7537  EHBOND  =         0.0000  RESTRAINT  =         9.0094
 EAMBER (non-restraint)  =    -12647.2246
 EKCMT  =         0.0000  VIRIAL  =         0.0000  VOLUME     =     32448.8877
                                                    Density    =         1.0003
 Ewald error estimate:   0.1706E-03
 ------------------------------------------------------------------------------


      R M S  F L U C T U A T I O N S


 NSTEP =    50000   TIME(PS) =     120.000  TEMP(K) =     5.70  PRESS =     0.0
 Etot   =        79.6727  EKtot   =        36.8041  EPtot      =        76.3313
 BOND   =         1.8834  ANGLE   =         2.6178  DIHED      =         1.7573
 1-4 NB =         0.9279  1-4 EEL =         1.6042  VDWAALS    =        65.5905
 EELEC  =       121.1465  EHBOND  =         0.0000  RESTRAINT  =         1.7766
 EAMBER (non-restraint)  =        74.5547
 EKCMT  =         0.0000  VIRIAL  =         0.0000  VOLUME     =       894.5651
                                                    Density    =         0.0255
 Ewald error estimate:   0.1362E-03
 ------------------------------------------------------------------------------

| MC Barostat:        500 volume changes attempted.
| MC Barostat:        225 changes successful ( 45.00%)
 ------------------------------------------------------------------------------

--------------------------------------------------------------------------------
   5.  TIMINGS
--------------------------------------------------------------------------------

|  NonSetup CPU Time in Major Routines:
|
|     Routine           Sec        %
|     ------------------------------
|     Nonbond         651.50   95.72
|     Bond              0.27    0.04
|     Angle             0.32    0.05
|     Dihedral          0.70    0.10
|     Shake             4.08    0.60
|     RunMD            23.35    3.43
|     Other             0.42    0.06
|     ------------------------------
|     Total           680.64

|  PME Nonbond Pairlist CPU Time:
|
|     Routine              Sec        %
|     ---------------------------------
|     Set Up Cit           0.72    0.11
|     Build List         159.60   23.45
|     ---------------------------------
|     Total              160.32   23.55

|  PME Direct Force CPU Time:
|
|     Routine              Sec        %
|     ---------------------------------
|     NonBonded Calc     378.95   55.68
|     Exclude Masked       4.24    0.62
|     Other                3.55    0.52
|     ---------------------------------
|     Total              386.74   56.82

|  PME Reciprocal Force CPU Time:
|
|     Routine              Sec        %
|     ---------------------------------
|     1D bspline           6.40    0.94
|     Grid Charges         8.51    1.25
|     Scalar Sum           7.51    1.10
|     Gradient Sum        11.16    1.64
|     FFT                 71.34   10.48
|     ---------------------------------
|     Total              104.92   15.42

|  Final Performance Info:
|     -----------------------------------------------------
|     Average timings for last     500 steps:
|     Elapsed(s) =       7.48 Per Step(ms) =      14.96
|         ns/day =      11.55   seconds/ns =    7482.16
|
|     Average timings for all steps:
|     Elapsed(s) =     698.79 Per Step(ms) =      13.98
|         ns/day =      12.36   seconds/ns =    6987.87
|     -----------------------------------------------------

|  Setup CPU time:            0.02 seconds
|  NonSetup CPU time:       680.64 seconds
|  Total CPU time:          680.67 seconds     0.19 hours

|  Setup wall time:           1    seconds
|  NonSetup wall time:      699    seconds
|  Total wall time:         700    seconds     0.19 hours
