
          -------------------------------------------------------
          Amber 18 PMEMD                              2018
          -------------------------------------------------------

| PMEMD implementation of SANDER, Release 18

| Run on 03/14/2022 at 21:33:22

|   Executable path: pmemd.MPI
| Working directory: /bgfs/lchong/dty7/ff15ipq-lig/charges/gaff_01/GenConformers/Conf17
|          Hostname: smp-n123

  [-O]verwriting output

File Assignments:
|   MDIN: ../../../amber/6.3_eq2.in                                             
|  MDOUT: 6.3_eq2.out                                                           
| INPCRD: 6.2_eq1.rst                                                           
|   PARM: ../../mon.top                                                         
| RESTRT: 6.3_eq2.rst                                                           
|   REFC: 6.2_eq1.rst                                                           
|  MDVEL: mdvel                                                                 
|   MDEN: mden                                                                  
|  MDCRD: mdcrd                                                                 
| MDINFO: mdinfo                                                                
|LOGFILE: logfile                                                               
|  MDFRC: mdfrc                                                                 

 
 Here is the input file:
 
&cntrl                                                                         
  imin      = 0,                                                               
  irest     = 1,                                                               
  ntx       = 5,                                                               
  ig        = -1,                                                              
  dt        = 0.002,                                                           
  nstlim    = 50000,                                                           
  nscm      = 500,                                                             
  ntr       = 1,                                                               
  restraintmask = ':1',                                                        
  restraint_wt  = 10.0,                                                        
  ntb       = 2,                                                               
  ntp       = 1,                                                               
  barostat  = 2,                                                               
  pres0     = 1.0,                                                             
  mcbarint  = 100,                                                             
  comp      = 44.6,                                                            
  taup      = 1.0,                                                             
  ntt       = 3,                                                               
  temp0     = 298.0,                                                           
  gamma_ln  = 1.0,                                                             
  ntf       = 2,                                                               
  ntc       = 2,                                                               
  cut       = 10.0,                                                            
  ntpr      = 500,                                                             
  ntxo      = 1,                                                               
  ntwr      = 50000,                                                           
  ioutfm    = 1,                                                               
  ntwx      = 500,                                                             
  iwrap     = 1,                                                               
&end                                                                           


Note: ig = -1. Setting random seed to   304192 based on wallclock time in
      microseconds and disabling the synchronization of random numbers 
      between tasks to improve performance.
| irandom = 1, using AMBER's internal random number generator (default).
 
 
| Conditional Compilation Defines Used:
| MPI
| FFTW_FFT
| BINTRAJ
| MKL
| EMIL
 
| Largest sphere to fit in unit cell has radius =    14.809

| New format PARM file being parsed.
| Version =    1.000 Date = 03/14/22 Time = 17:48:27

| Note: 1-4 EEL scale factors are being read from the topology file.

| Note: 1-4 VDW scale factors are being read from the topology file.
| Duplicated    0 dihedrals

| Duplicated    0 dihedrals

--------------------------------------------------------------------------------
   1.  RESOURCE   USE: 
--------------------------------------------------------------------------------

 getting box info from netcdf restart file
 NATOM  =    3240 NTYPES =      13 NBONH =    3220 MBONA  =      21
 NTHETH =      33 MTHETA =      29 NPHIH =      60 MPHIA  =      45
 NHPARM =       0 NPARM  =       0 NNB   =    4456 NRES   =    1069
 NBONA  =      21 NTHETA =      29 NPHIA =      45 NUMBND =      22
 NUMANG =      35 NPTRA  =      18 NATYP =      17 NPHB   =       0
 IFBOX  =       2 NMXRS  =      36 IFCAP =       0 NEXTRA =       0
 NCOPY  =       0

| Coordinate Index Table dimensions:     5    5    5
| Direct force subcell size =     7.2550    7.2550    7.2550

     BOX TYPE: TRUNCATED OCTAHEDRON

--------------------------------------------------------------------------------
   2.  CONTROL  DATA  FOR  THE  RUN
--------------------------------------------------------------------------------

default_name                                                                    

General flags:
     imin    =       0, nmropt  =       0

Nature and format of input:
     ntx     =       5, irest   =       1, ntrx    =       1

Nature and format of output:
     ntxo    =       1, ntpr    =     500, ntrx    =       1, ntwr    =   50000
     iwrap   =       1, ntwx    =     500, ntwv    =       0, ntwe    =       0
     ioutfm  =       1, ntwprt  =       0, idecomp =       0, rbornstat=      0

Potential function:
     ntf     =       2, ntb     =       2, igb     =       0, nsnb    =      25
     ipol    =       0, gbsa    =       0, iesp    =       0
     dielc   =   1.00000, cut     =  10.00000, intdiel =   1.00000

Frozen or restrained atoms:
     ibelly  =       0, ntr     =       1
     restraint_wt =  10.00000

Molecular dynamics:
     nstlim  =     50000, nscm    =         0, nrespa  =         1
     t       =   0.00000, dt      =   0.00200, vlimit  =  20.00000

Langevin dynamics temperature regulation:
     ig      =  304192
     temp0   = 298.00000, tempi   =   0.00000, gamma_ln=   1.00000

Pressure regulation:
     ntp     =       1
     pres0   =   1.00000, comp    =  44.60000, taup    =   1.00000
     Monte-Carlo Barostat:
     mcbarint  =     100

SHAKE:
     ntc     =       2, jfastw  =       0
     tol     =   0.00001

| Intermolecular bonds treatment:
|     no_intermolecular_bonds =       1

| Energy averages sample interval:
|     ene_avg_sampling =     500

Ewald parameters:
     verbose =       0, ew_type =       0, nbflag  =       1, use_pme =       1
     vdwmeth =       1, eedmeth =       1, netfrc  =       1
     Box X =   36.275   Box Y =   36.275   Box Z =   36.275
     Alpha =  109.471   Beta  =  109.471   Gamma =  109.471
     NFFT1 =   40       NFFT2 =   40       NFFT3 =   40
     Cutoff=   10.000   Tol   =0.100E-04
     Ewald Coefficient =  0.27511
     Interpolation order =    4

| PMEMD ewald parallel performance parameters:
|     block_fft =    0
|     fft_blk_y_divisor =    2
|     excl_recip =    0
|     excl_master =    0
|     atm_redist_freq =  320

    LOADING THE CONSTRAINED ATOMS AS GROUPS


   5.  REFERENCE ATOM COORDINATES

  default_name                                                                    
     Mask :1; matches    36 atoms
| MONTE CARLO BAROSTAT IMPORTANT NOTE:
|   The Monte-Carlo barostat does not require the virial to adjust the system volume.
|   Since it is an expensive calculation, it is skipped for efficiency. A side-effect
|   is that the reported pressure is always 0 because it is not calculated.

--------------------------------------------------------------------------------
   3.  ATOMIC COORDINATES AND VELOCITIES
--------------------------------------------------------------------------------

default_name                                                                    
 begin time read from input coords =    20.000 ps

 
 Number of triangulated 3-point waters found:     1068

     Sum of charges from parm topology file =  -0.00030117
     Forcing neutrality...

| Dynamic Memory, Types Used:
| Reals             1243214
| Integers           213778

| Nonbonded Pairs Initial Allocation:      317358

| Running AMBER/MPI version on    8 MPI task

 
--------------------------------------------------------------------------------
   4.  RESULTS
--------------------------------------------------------------------------------

 ---------------------------------------------------
 APPROXIMATING switch and d/dx switch using CUBIC SPLINE INTERPOLATION
 using   5000.0 points per unit in tabled values
 TESTING RELATIVE ERROR over r ranging from 0.0 to cutoff
| CHECK switch(x): max rel err =   0.3316E-14   at   2.351880
| CHECK d/dx switch(x): max rel err =   0.8066E-11   at   2.747240
 ---------------------------------------------------
|---------------------------------------------------
| APPROXIMATING direct energy using CUBIC SPLINE INTERPOLATION
|  with   50.0 points per unit in tabled values
| Relative Error Limit not exceeded for r .gt.   2.34
| APPROXIMATING direct force using CUBIC SPLINE INTERPOLATION
|  with   50.0 points per unit in tabled values
| Relative Error Limit not exceeded for r .gt.   2.81
|---------------------------------------------------
wrapping first mol.:      -24.02753       16.99003       29.42760

 NSTEP =      500   TIME(PS) =      21.000  TEMP(K) =   290.81  PRESS =     0.0
 Etot   =    -10743.7428  EKtot   =      1878.1573  EPtot      =    -12621.9001
 BOND   =         4.1865  ANGLE   =        20.2670  DIHED      =        12.0940
 1-4 NB =        12.1530  1-4 EEL =      -604.8902  VDWAALS    =      2358.0553
 EELEC  =    -14431.5585  EHBOND  =         0.0000  RESTRAINT  =         7.7928
 EAMBER (non-restraint)  =    -12629.6929
 EKCMT  =         0.0000  VIRIAL  =         0.0000  VOLUME     =     36039.5510
                                                    Density    =         0.9000
 Ewald error estimate:   0.1429E-03
 ------------------------------------------------------------------------------

wrapping first mol.:      -23.96737       16.94750       29.35392

 NSTEP =     1000   TIME(PS) =      22.000  TEMP(K) =   304.94  PRESS =     0.0
 Etot   =    -10749.4862  EKtot   =      1969.4440  EPtot      =    -12718.9302
 BOND   =         6.0204  ANGLE   =        13.0310  DIHED      =        11.8034
 1-4 NB =        12.0378  1-4 EEL =      -595.6627  VDWAALS    =      2368.7113
 EELEC  =    -14542.4382  EHBOND  =         0.0000  RESTRAINT  =         7.5669
 EAMBER (non-restraint)  =    -12726.4972
 EKCMT  =         0.0000  VIRIAL  =         0.0000  VOLUME     =     35769.5346
                                                    Density    =         0.9068
 Ewald error estimate:   0.1584E-03
 ------------------------------------------------------------------------------

wrapping first mol.:      -23.91425       16.90993       29.28886

 NSTEP =     1500   TIME(PS) =      23.000  TEMP(K) =   299.08  PRESS =     0.0
 Etot   =    -10687.6387  EKtot   =      1931.5585  EPtot      =    -12619.1972
 BOND   =         7.8846  ANGLE   =        12.1251  DIHED      =        11.2564
 1-4 NB =        12.2731  1-4 EEL =      -602.7462  VDWAALS    =      2410.2976
 EELEC  =    -14477.5068  EHBOND  =         0.0000  RESTRAINT  =         7.2190
 EAMBER (non-restraint)  =    -12626.4162
 EKCMT  =         0.0000  VIRIAL  =         0.0000  VOLUME     =     35532.2270
                                                    Density    =         0.9129
 Ewald error estimate:   0.9224E-04
 ------------------------------------------------------------------------------

wrapping first mol.:      -23.85305       16.86666       29.21390

 NSTEP =     2000   TIME(PS) =      24.000  TEMP(K) =   298.94  PRESS =     0.0
 Etot   =    -10643.3954  EKtot   =      1930.6916  EPtot      =    -12574.0870
 BOND   =         9.4533  ANGLE   =         8.3546  DIHED      =         9.1626
 1-4 NB =        12.3752  1-4 EEL =      -598.7137  VDWAALS    =      2375.9983
 EELEC  =    -14398.7597  EHBOND  =         0.0000  RESTRAINT  =         8.0425
 EAMBER (non-restraint)  =    -12582.1295
 EKCMT  =         0.0000  VIRIAL  =         0.0000  VOLUME     =     35260.1147
                                                    Density    =         0.9199
 Ewald error estimate:   0.1430E-03
 ------------------------------------------------------------------------------

wrapping first mol.:      -23.74974       16.79360       29.08737

 NSTEP =     2500   TIME(PS) =      25.000  TEMP(K) =   304.51  PRESS =     0.0
 Etot   =    -10718.0303  EKtot   =      1966.6149  EPtot      =    -12684.6453
 BOND   =         6.5873  ANGLE   =        19.5527  DIHED      =        10.7761
 1-4 NB =        11.9053  1-4 EEL =      -600.0557  VDWAALS    =      2391.5114
 EELEC  =    -14532.1249  EHBOND  =         0.0000  RESTRAINT  =         7.2025
 EAMBER (non-restraint)  =    -12691.8478
 EKCMT  =         0.0000  VIRIAL  =         0.0000  VOLUME     =     34803.9481
                                                    Density    =         0.9320
 Ewald error estimate:   0.9850E-05
 ------------------------------------------------------------------------------

wrapping first mol.:      -23.65651       16.72768       28.97319

 NSTEP =     3000   TIME(PS) =      26.000  TEMP(K) =   297.11  PRESS =     0.0
 Etot   =    -10707.1727  EKtot   =      1918.8695  EPtot      =    -12626.0422
 BOND   =         8.7603  ANGLE   =        13.5464  DIHED      =        13.2613
 1-4 NB =        10.5566  1-4 EEL =      -596.9435  VDWAALS    =      2505.4384
 EELEC  =    -14590.6701  EHBOND  =         0.0000  RESTRAINT  =        10.0085
 EAMBER (non-restraint)  =    -12636.0507
 EKCMT  =         0.0000  VIRIAL  =         0.0000  VOLUME     =     34395.6734
                                                    Density    =         0.9430
 Ewald error estimate:   0.2292E-03
 ------------------------------------------------------------------------------

wrapping first mol.:      -23.44528       16.57832       28.71449

 NSTEP =     3500   TIME(PS) =      27.000  TEMP(K) =   292.20  PRESS =     0.0
 Etot   =    -10826.2853  EKtot   =      1887.1613  EPtot      =    -12713.4466
 BOND   =         7.5117  ANGLE   =        13.9397  DIHED      =        10.4528
 1-4 NB =        12.2202  1-4 EEL =      -600.6598  VDWAALS    =      2513.4891
 EELEC  =    -14677.2882  EHBOND  =         0.0000  RESTRAINT  =         6.8879
 EAMBER (non-restraint)  =    -12720.3345
 EKCMT  =         0.0000  VIRIAL  =         0.0000  VOLUME     =     33482.5247
                                                    Density    =         0.9688
 Ewald error estimate:   0.3522E-03
 ------------------------------------------------------------------------------

wrapping first mol.:      -23.38477       16.53553       28.64038

 NSTEP =     4000   TIME(PS) =      28.000  TEMP(K) =   295.99  PRESS =     0.0
 Etot   =    -10905.0390  EKtot   =      1911.6282  EPtot      =    -12816.6672
 BOND   =         5.9014  ANGLE   =        20.7569  DIHED      =        14.8535
 1-4 NB =        11.3859  1-4 EEL =      -603.4552  VDWAALS    =      2478.9698
 EELEC  =    -14754.6275  EHBOND  =         0.0000  RESTRAINT  =         9.5479
 EAMBER (non-restraint)  =    -12826.2151
 EKCMT  =         0.0000  VIRIAL  =         0.0000  VOLUME     =     33223.9651
                                                    Density    =         0.9763
 Ewald error estimate:   0.6510E-04
 ------------------------------------------------------------------------------

wrapping first mol.:      -23.27706       16.45937       28.50846

 NSTEP =     4500   TIME(PS) =      29.000  TEMP(K) =   299.92  PRESS =     0.0
 Etot   =    -10978.8588  EKtot   =      1936.9637  EPtot      =    -12915.8225
 BOND   =         5.3388  ANGLE   =        15.5879  DIHED      =        15.5875
 1-4 NB =        11.9465  1-4 EEL =      -604.6225  VDWAALS    =      2519.5068
 EELEC  =    -14887.9999  EHBOND  =         0.0000  RESTRAINT  =         8.8324
 EAMBER (non-restraint)  =    -12924.6549
 EKCMT  =         0.0000  VIRIAL  =         0.0000  VOLUME     =     32766.9774
                                                    Density    =         0.9899
 Ewald error estimate:   0.9940E-04
 ------------------------------------------------------------------------------

wrapping first mol.:      -23.23860       16.43217       28.46136

 NSTEP =     5000   TIME(PS) =      30.000  TEMP(K) =   287.91  PRESS =     0.0
 Etot   =    -10974.9711  EKtot   =      1859.4207  EPtot      =    -12834.3919
 BOND   =         4.2194  ANGLE   =        16.3492  DIHED      =        12.2183
 1-4 NB =        11.5732  1-4 EEL =      -606.1216  VDWAALS    =      2486.9509
 EELEC  =    -14765.6558  EHBOND  =         0.0000  RESTRAINT  =         6.0744
 EAMBER (non-restraint)  =    -12840.4663
 EKCMT  =         0.0000  VIRIAL  =         0.0000  VOLUME     =     32604.8121
                                                    Density    =         0.9948
 Ewald error estimate:   0.4559E-04
 ------------------------------------------------------------------------------

wrapping first mol.:      -23.23860       16.43217       28.46136

 NSTEP =     5500   TIME(PS) =      31.000  TEMP(K) =   301.37  PRESS =     0.0
 Etot   =    -10921.5849  EKtot   =      1946.3864  EPtot      =    -12867.9713
 BOND   =         5.2289  ANGLE   =        14.5111  DIHED      =        11.2156
 1-4 NB =        13.4837  1-4 EEL =      -606.1248  VDWAALS    =      2361.3535
 EELEC  =    -14674.3898  EHBOND  =         0.0000  RESTRAINT  =         6.7504
 EAMBER (non-restraint)  =    -12874.7217
 EKCMT  =         0.0000  VIRIAL  =         0.0000  VOLUME     =     32604.8121
                                                    Density    =         0.9948
 Ewald error estimate:   0.1772E-03
 ------------------------------------------------------------------------------

wrapping first mol.:      -23.20550       16.40877       28.42082

 NSTEP =     6000   TIME(PS) =      32.000  TEMP(K) =   293.81  PRESS =     0.0
 Etot   =    -10968.6967  EKtot   =      1897.5384  EPtot      =    -12866.2351
 BOND   =         6.4865  ANGLE   =        13.3848  DIHED      =        11.2952
 1-4 NB =        11.9645  1-4 EEL =      -600.7867  VDWAALS    =      2355.4385
 EELEC  =    -14671.6597  EHBOND  =         0.0000  RESTRAINT  =         7.6419
 EAMBER (non-restraint)  =    -12873.8770
 EKCMT  =         0.0000  VIRIAL  =         0.0000  VOLUME     =     32465.6842
                                                    Density    =         0.9991
 Ewald error estimate:   0.4927E-04
 ------------------------------------------------------------------------------

wrapping first mol.:      -23.22707       16.42402       28.44723

 NSTEP =     6500   TIME(PS) =      33.000  TEMP(K) =   298.39  PRESS =     0.0
 Etot   =    -11021.3113  EKtot   =      1927.0893  EPtot      =    -12948.4006
 BOND   =         6.3541  ANGLE   =        11.8328  DIHED      =        11.6627
 1-4 NB =         9.6098  1-4 EEL =      -596.9418  VDWAALS    =      2546.0478
 EELEC  =    -14943.5605  EHBOND  =         0.0000  RESTRAINT  =         6.5946
 EAMBER (non-restraint)  =    -12954.9952
 EKCMT  =         0.0000  VIRIAL  =         0.0000  VOLUME     =     32556.3073
                                                    Density    =         0.9963
 Ewald error estimate:   0.5121E-04
 ------------------------------------------------------------------------------

wrapping first mol.:      -23.16567       16.38061       28.37204

 NSTEP =     7000   TIME(PS) =      34.000  TEMP(K) =   292.58  PRESS =     0.0
 Etot   =    -11000.5348  EKtot   =      1889.5585  EPtot      =    -12890.0933
 BOND   =        11.7894  ANGLE   =        12.8810  DIHED      =        15.7671
 1-4 NB =        10.9644  1-4 EEL =      -593.0870  VDWAALS    =      2558.3579
 EELEC  =    -14913.5670  EHBOND  =         0.0000  RESTRAINT  =         6.8008
 EAMBER (non-restraint)  =    -12896.8942
 EKCMT  =         0.0000  VIRIAL  =         0.0000  VOLUME     =     32298.8286
                                                    Density    =         1.0043
 Ewald error estimate:   0.3620E-03
 ------------------------------------------------------------------------------

wrapping first mol.:      -23.19690       16.40269       28.41029

 NSTEP =     7500   TIME(PS) =      35.000  TEMP(K) =   297.26  PRESS =     0.0
 Etot   =    -10922.4133  EKtot   =      1919.8001  EPtot      =    -12842.2133
 BOND   =        10.4632  ANGLE   =        16.2625  DIHED      =        11.2605
 1-4 NB =        11.6941  1-4 EEL =      -602.1650  VDWAALS    =      2420.1031
 EELEC  =    -14719.3938  EHBOND  =         0.0000  RESTRAINT  =         9.5621
 EAMBER (non-restraint)  =    -12851.7754
 EKCMT  =         0.0000  VIRIAL  =         0.0000  VOLUME     =     32429.6275
                                                    Density    =         1.0002
 Ewald error estimate:   0.9971E-04
 ------------------------------------------------------------------------------

wrapping first mol.:      -23.17676       16.38845       28.38562

 NSTEP =     8000   TIME(PS) =      36.000  TEMP(K) =   294.88  PRESS =     0.0
 Etot   =    -10956.2957  EKtot   =      1904.4630  EPtot      =    -12860.7587
 BOND   =         5.6674  ANGLE   =        14.1241  DIHED      =        13.8080
 1-4 NB =        15.2360  1-4 EEL =      -607.4393  VDWAALS    =      2477.5006
 EELEC  =    -14791.5459  EHBOND  =         0.0000  RESTRAINT  =        11.8904
 EAMBER (non-restraint)  =    -12872.6491
 EKCMT  =         0.0000  VIRIAL  =         0.0000  VOLUME     =     32345.2252
                                                    Density    =         1.0028
 Ewald error estimate:   0.1943E-03
 ------------------------------------------------------------------------------

wrapping first mol.:      -23.16191       16.37794       28.36743

 NSTEP =     8500   TIME(PS) =      37.000  TEMP(K) =   306.00  PRESS =     0.0
 Etot   =    -10902.4202  EKtot   =      1976.2868  EPtot      =    -12878.7070
 BOND   =         4.1732  ANGLE   =        17.5023  DIHED      =         9.8624
 1-4 NB =        11.3463  1-4 EEL =      -600.7496  VDWAALS    =      2567.6294
 EELEC  =    -14896.9400  EHBOND  =         0.0000  RESTRAINT  =         8.4691
 EAMBER (non-restraint)  =    -12887.1760
 EKCMT  =         0.0000  VIRIAL  =         0.0000  VOLUME     =     32283.0751
                                                    Density    =         1.0048
 Ewald error estimate:   0.2563E-03
 ------------------------------------------------------------------------------

wrapping first mol.:      -23.16367       16.37919       28.36959

 NSTEP =     9000   TIME(PS) =      38.000  TEMP(K) =   294.87  PRESS =     0.0
 Etot   =    -10989.2801  EKtot   =      1904.3502  EPtot      =    -12893.6303
 BOND   =         5.6168  ANGLE   =        19.0401  DIHED      =         9.5773
 1-4 NB =        11.5088  1-4 EEL =      -603.3007  VDWAALS    =      2560.5553
 EELEC  =    -14905.5587  EHBOND  =         0.0000  RESTRAINT  =         8.9306
 EAMBER (non-restraint)  =    -12902.5610
 EKCMT  =         0.0000  VIRIAL  =         0.0000  VOLUME     =     32290.4625
                                                    Density    =         1.0045
 Ewald error estimate:   0.6282E-04
 ------------------------------------------------------------------------------

wrapping first mol.:      -23.14792       16.36806       28.35030

 NSTEP =     9500   TIME(PS) =      39.000  TEMP(K) =   296.57  PRESS =     0.0
 Etot   =    -10964.6735  EKtot   =      1915.3858  EPtot      =    -12880.0593
 BOND   =         3.3412  ANGLE   =        16.6524  DIHED      =        12.5725
 1-4 NB =        11.0230  1-4 EEL =      -597.8095  VDWAALS    =      2472.4329
 EELEC  =    -14803.7924  EHBOND  =         0.0000  RESTRAINT  =         5.5206
 EAMBER (non-restraint)  =    -12885.5799
 EKCMT  =         0.0000  VIRIAL  =         0.0000  VOLUME     =     32224.6411
                                                    Density    =         1.0066
 Ewald error estimate:   0.1048E-03
 ------------------------------------------------------------------------------

wrapping first mol.:      -23.12912       16.35476       28.32728

 NSTEP =    10000   TIME(PS) =      40.000  TEMP(K) =   300.39  PRESS =     0.0
 Etot   =    -11026.0659  EKtot   =      1940.0276  EPtot      =    -12966.0935
 BOND   =         6.8507  ANGLE   =        11.8278  DIHED      =        12.8784
 1-4 NB =        10.2539  1-4 EEL =      -599.5514  VDWAALS    =      2609.2114
 EELEC  =    -15024.2608  EHBOND  =         0.0000  RESTRAINT  =         6.6967
 EAMBER (non-restraint)  =    -12972.7901
 EKCMT  =         0.0000  VIRIAL  =         0.0000  VOLUME     =     32146.1905
                                                    Density    =         1.0090
 Ewald error estimate:   0.3080E-03
 ------------------------------------------------------------------------------

wrapping first mol.:      -23.19203       16.39924       28.40432

 NSTEP =    10500   TIME(PS) =      41.000  TEMP(K) =   300.36  PRESS =     0.0
 Etot   =    -10888.5464  EKtot   =      1939.8522  EPtot      =    -12828.3986
 BOND   =         7.6554  ANGLE   =        13.9642  DIHED      =        11.9739
 1-4 NB =        10.5533  1-4 EEL =      -599.9653  VDWAALS    =      2552.1989
 EELEC  =    -14832.8400  EHBOND  =         0.0000  RESTRAINT  =         8.0610
 EAMBER (non-restraint)  =    -12836.4596
 EKCMT  =         0.0000  VIRIAL  =         0.0000  VOLUME     =     32409.1967
                                                    Density    =         1.0008
 Ewald error estimate:   0.8906E-04
 ------------------------------------------------------------------------------

wrapping first mol.:      -23.14174       16.36368       28.34273

 NSTEP =    11000   TIME(PS) =      42.000  TEMP(K) =   302.11  PRESS =     0.0
 Etot   =    -10846.2146  EKtot   =      1951.1573  EPtot      =    -12797.3720
 BOND   =         6.5620  ANGLE   =        11.5291  DIHED      =        11.7949
 1-4 NB =        11.3897  1-4 EEL =      -596.2042  VDWAALS    =      2449.0365
 EELEC  =    -14700.1197  EHBOND  =         0.0000  RESTRAINT  =         8.6396
 EAMBER (non-restraint)  =    -12806.0116
 EKCMT  =         0.0000  VIRIAL  =         0.0000  VOLUME     =     32198.8133
                                                    Density    =         1.0074
 Ewald error estimate:   0.1656E-03
 ------------------------------------------------------------------------------

wrapping first mol.:      -23.12485       16.35174       28.32205

 NSTEP =    11500   TIME(PS) =      43.000  TEMP(K) =   300.13  PRESS =     0.0
 Etot   =    -10904.1906  EKtot   =      1938.3567  EPtot      =    -12842.5473
 BOND   =         4.2451  ANGLE   =        20.5220  DIHED      =        13.4044
 1-4 NB =        12.5402  1-4 EEL =      -608.3601  VDWAALS    =      2550.0567
 EELEC  =    -14845.8651  EHBOND  =         0.0000  RESTRAINT  =        10.9095
 EAMBER (non-restraint)  =    -12853.4568
 EKCMT  =         0.0000  VIRIAL  =         0.0000  VOLUME     =     32128.3938
                                                    Density    =         1.0096
 Ewald error estimate:   0.2162E-03
 ------------------------------------------------------------------------------

wrapping first mol.:      -23.09758       16.33246       28.28864

 NSTEP =    12000   TIME(PS) =      44.000  TEMP(K) =   306.11  PRESS =     0.0
 Etot   =    -10910.1359  EKtot   =      1976.9666  EPtot      =    -12887.1025
 BOND   =         6.2879  ANGLE   =        13.2405  DIHED      =        13.4282
 1-4 NB =        10.6500  1-4 EEL =      -596.8583  VDWAALS    =      2392.7250
 EELEC  =    -14734.3088  EHBOND  =         0.0000  RESTRAINT  =         7.7328
 EAMBER (non-restraint)  =    -12894.8353
 EKCMT  =         0.0000  VIRIAL  =         0.0000  VOLUME     =     32014.8442
                                                    Density    =         1.0132
 Ewald error estimate:   0.2637E-03
 ------------------------------------------------------------------------------

wrapping first mol.:      -23.12453       16.35151       28.32165

 NSTEP =    12500   TIME(PS) =      45.000  TEMP(K) =   296.42  PRESS =     0.0
 Etot   =    -10956.0659  EKtot   =      1914.4133  EPtot      =    -12870.4792
 BOND   =         6.6569  ANGLE   =        18.3671  DIHED      =         9.6218
 1-4 NB =        10.8676  1-4 EEL =      -600.4666  VDWAALS    =      2501.8504
 EELEC  =    -14826.0493  EHBOND  =         0.0000  RESTRAINT  =         8.6729
 EAMBER (non-restraint)  =    -12879.1521
 EKCMT  =         0.0000  VIRIAL  =         0.0000  VOLUME     =     32127.0322
                                                    Density    =         1.0096
 Ewald error estimate:   0.1289E-03
 ------------------------------------------------------------------------------

wrapping first mol.:      -23.08795       16.32565       28.27685

 NSTEP =    13000   TIME(PS) =      46.000  TEMP(K) =   295.12  PRESS =     0.0
 Etot   =    -10967.6434  EKtot   =      1906.0218  EPtot      =    -12873.6653
 BOND   =         5.1916  ANGLE   =        12.2954  DIHED      =        10.3987
 1-4 NB =        11.6509  1-4 EEL =      -603.3500  VDWAALS    =      2543.2037
 EELEC  =    -14864.7213  EHBOND  =         0.0000  RESTRAINT  =        11.6657
 EAMBER (non-restraint)  =    -12885.3310
 EKCMT  =         0.0000  VIRIAL  =         0.0000  VOLUME     =     31974.8241
                                                    Density    =         1.0144
 Ewald error estimate:   0.2153E-03
 ------------------------------------------------------------------------------

wrapping first mol.:      -23.14575       16.36652       28.34765

 NSTEP =    13500   TIME(PS) =      47.000  TEMP(K) =   304.83  PRESS =     0.0
 Etot   =    -10962.8590  EKtot   =      1968.7173  EPtot      =    -12931.5763
 BOND   =         9.9822  ANGLE   =        10.8780  DIHED      =        14.2344
 1-4 NB =        13.1273  1-4 EEL =      -613.5470  VDWAALS    =      2393.3248
 EELEC  =    -14770.4275  EHBOND  =         0.0000  RESTRAINT  =        10.8516
 EAMBER (non-restraint)  =    -12942.4279
 EKCMT  =         0.0000  VIRIAL  =         0.0000  VOLUME     =     32215.5802
                                                    Density    =         1.0069
 Ewald error estimate:   0.5331E-04
 ------------------------------------------------------------------------------

wrapping first mol.:      -23.06465       16.30918       28.24832

 NSTEP =    14000   TIME(PS) =      48.000  TEMP(K) =   301.11  PRESS =     0.0
 Etot   =    -10931.3185  EKtot   =      1944.7019  EPtot      =    -12876.0204
 BOND   =         4.8900  ANGLE   =        15.1478  DIHED      =        12.3355
 1-4 NB =        10.7202  1-4 EEL =      -596.5784  VDWAALS    =      2517.9018
 EELEC  =    -14848.2601  EHBOND  =         0.0000  RESTRAINT  =         7.8228
 EAMBER (non-restraint)  =    -12883.8432
 EKCMT  =         0.0000  VIRIAL  =         0.0000  VOLUME     =     31878.1314
                                                    Density    =         1.0175
 Ewald error estimate:   0.1028E-03
 ------------------------------------------------------------------------------

wrapping first mol.:      -23.10995       16.34121       28.30380

 NSTEP =    14500   TIME(PS) =      49.000  TEMP(K) =   304.16  PRESS =     0.0
 Etot   =    -11008.5706  EKtot   =      1964.3745  EPtot      =    -12972.9451
 BOND   =         4.9835  ANGLE   =        14.5960  DIHED      =        10.8260
 1-4 NB =        12.7502  1-4 EEL =      -599.4457  VDWAALS    =      2549.0462
 EELEC  =    -14974.8464  EHBOND  =         0.0000  RESTRAINT  =         9.1451
 EAMBER (non-restraint)  =    -12982.0903
 EKCMT  =         0.0000  VIRIAL  =         0.0000  VOLUME     =     32066.3291
                                                    Density    =         1.0115
 Ewald error estimate:   0.1951E-03
 ------------------------------------------------------------------------------

wrapping first mol.:      -23.08684       16.32487       28.27549

 NSTEP =    15000   TIME(PS) =      50.000  TEMP(K) =   295.84  PRESS =     0.0
 Etot   =    -10972.1263  EKtot   =      1910.6223  EPtot      =    -12882.7485
 BOND   =         5.9254  ANGLE   =        15.4274  DIHED      =         9.1018
 1-4 NB =        10.9225  1-4 EEL =      -593.8206  VDWAALS    =      2506.4136
 EELEC  =    -14844.6858  EHBOND  =         0.0000  RESTRAINT  =         7.9672
 EAMBER (non-restraint)  =    -12890.7158
 EKCMT  =         0.0000  VIRIAL  =         0.0000  VOLUME     =     31970.2161
                                                    Density    =         1.0146
 Ewald error estimate:   0.2893E-03
 ------------------------------------------------------------------------------

wrapping first mol.:      -23.08684       16.32487       28.27549

 NSTEP =    15500   TIME(PS) =      51.000  TEMP(K) =   292.68  PRESS =     0.0
 Etot   =    -10923.0702  EKtot   =      1890.2233  EPtot      =    -12813.2934
 BOND   =         8.4247  ANGLE   =        12.1386  DIHED      =        10.7421
 1-4 NB =        12.4362  1-4 EEL =      -601.9695  VDWAALS    =      2476.5682
 EELEC  =    -14740.7716  EHBOND  =         0.0000  RESTRAINT  =         9.1378
 EAMBER (non-restraint)  =    -12822.4312
 EKCMT  =         0.0000  VIRIAL  =         0.0000  VOLUME     =     31970.2161
                                                    Density    =         1.0146
 Ewald error estimate:   0.1154E-04
 ------------------------------------------------------------------------------

wrapping first mol.:      -23.11445       16.34439       28.30931

 NSTEP =    16000   TIME(PS) =      52.000  TEMP(K) =   301.09  PRESS =     0.0
 Etot   =    -10786.4600  EKtot   =      1944.5598  EPtot      =    -12731.0199
 BOND   =         7.6524  ANGLE   =        18.2043  DIHED      =        11.7123
 1-4 NB =        13.7074  1-4 EEL =      -608.4303  VDWAALS    =      2402.2629
 EELEC  =    -14584.0152  EHBOND  =         0.0000  RESTRAINT  =         7.8864
 EAMBER (non-restraint)  =    -12738.9063
 EKCMT  =         0.0000  VIRIAL  =         0.0000  VOLUME     =     32085.0578
                                                    Density    =         1.0110
 Ewald error estimate:   0.6145E-04
 ------------------------------------------------------------------------------

wrapping first mol.:      -23.08265       16.32190       28.27036

 NSTEP =    16500   TIME(PS) =      53.000  TEMP(K) =   304.65  PRESS =     0.0
 Etot   =    -10833.5688  EKtot   =      1967.5695  EPtot      =    -12801.1383
 BOND   =         7.6630  ANGLE   =        17.5419  DIHED      =        10.6190
 1-4 NB =        11.3683  1-4 EEL =      -605.7340  VDWAALS    =      2475.2239
 EELEC  =    -14723.3518  EHBOND  =         0.0000  RESTRAINT  =         5.5314
 EAMBER (non-restraint)  =    -12806.6698
 EKCMT  =         0.0000  VIRIAL  =         0.0000  VOLUME     =     31952.7926
                                                    Density    =         1.0151
 Ewald error estimate:   0.2934E-03
 ------------------------------------------------------------------------------

wrapping first mol.:      -23.08654       16.32465       28.27512

 NSTEP =    17000   TIME(PS) =      54.000  TEMP(K) =   304.07  PRESS =     0.0
 Etot   =    -10866.9640  EKtot   =      1963.7744  EPtot      =    -12830.7384
 BOND   =         4.3893  ANGLE   =        11.3707  DIHED      =         9.5324
 1-4 NB =        11.3841  1-4 EEL =      -601.1484  VDWAALS    =      2475.8279
 EELEC  =    -14750.4908  EHBOND  =         0.0000  RESTRAINT  =         8.3964
 EAMBER (non-restraint)  =    -12839.1348
 EKCMT  =         0.0000  VIRIAL  =         0.0000  VOLUME     =     31968.9628
                                                    Density    =         1.0146
 Ewald error estimate:   0.1348E-03
 ------------------------------------------------------------------------------

wrapping first mol.:      -23.08654       16.32465       28.27512

 NSTEP =    17500   TIME(PS) =      55.000  TEMP(K) =   309.34  PRESS =     0.0
 Etot   =    -10863.0781  EKtot   =      1997.8554  EPtot      =    -12860.9335
 BOND   =         6.4702  ANGLE   =        13.7008  DIHED      =        13.2488
 1-4 NB =        12.1874  1-4 EEL =      -605.5633  VDWAALS    =      2465.9685
 EELEC  =    -14779.0817  EHBOND  =         0.0000  RESTRAINT  =        12.1357
 EAMBER (non-restraint)  =    -12873.0692
 EKCMT  =         0.0000  VIRIAL  =         0.0000  VOLUME     =     31968.9628
                                                    Density    =         1.0146
 Ewald error estimate:   0.2014E-03
 ------------------------------------------------------------------------------

wrapping first mol.:      -23.08654       16.32465       28.27512

 NSTEP =    18000   TIME(PS) =      56.000  TEMP(K) =   296.57  PRESS =     0.0
 Etot   =    -10937.9141  EKtot   =      1915.3567  EPtot      =    -12853.2708
 BOND   =        11.2128  ANGLE   =        12.4408  DIHED      =        11.2604
 1-4 NB =        12.2622  1-4 EEL =      -607.4369  VDWAALS    =      2499.3824
 EELEC  =    -14801.2412  EHBOND  =         0.0000  RESTRAINT  =         8.8487
 EAMBER (non-restraint)  =    -12862.1195
 EKCMT  =         0.0000  VIRIAL  =         0.0000  VOLUME     =     31968.9628
                                                    Density    =         1.0146
 Ewald error estimate:   0.8596E-04
 ------------------------------------------------------------------------------

wrapping first mol.:      -23.13128       16.35629       28.32992

 NSTEP =    18500   TIME(PS) =      57.000  TEMP(K) =   295.25  PRESS =     0.0
 Etot   =    -10944.4547  EKtot   =      1906.8083  EPtot      =    -12851.2630
 BOND   =         6.7949  ANGLE   =        16.9216  DIHED      =        12.2142
 1-4 NB =        11.7163  1-4 EEL =      -604.3141  VDWAALS    =      2408.8293
 EELEC  =    -14712.9289  EHBOND  =         0.0000  RESTRAINT  =         9.5037
 EAMBER (non-restraint)  =    -12860.7667
 EKCMT  =         0.0000  VIRIAL  =         0.0000  VOLUME     =     32155.1887
                                                    Density    =         1.0088
 Ewald error estimate:   0.1329E-03
 ------------------------------------------------------------------------------

wrapping first mol.:      -23.09939       16.33374       28.29087

 NSTEP =    19000   TIME(PS) =      58.000  TEMP(K) =   298.82  PRESS =     0.0
 Etot   =    -10951.3583  EKtot   =      1929.8898  EPtot      =    -12881.2481
 BOND   =         6.7273  ANGLE   =        20.1478  DIHED      =         9.6171
 1-4 NB =        11.2794  1-4 EEL =      -599.6418  VDWAALS    =      2532.6066
 EELEC  =    -14873.7466  EHBOND  =         0.0000  RESTRAINT  =        11.7622
 EAMBER (non-restraint)  =    -12893.0103
 EKCMT  =         0.0000  VIRIAL  =         0.0000  VOLUME     =     32022.3890
                                                    Density    =         1.0129
 Ewald error estimate:   0.3977E-03
 ------------------------------------------------------------------------------

wrapping first mol.:      -23.06440       16.30900       28.24801

 NSTEP =    19500   TIME(PS) =      59.000  TEMP(K) =   298.93  PRESS =     0.0
 Etot   =    -10956.1839  EKtot   =      1930.6256  EPtot      =    -12886.8095
 BOND   =        14.6876  ANGLE   =        17.8972  DIHED      =        10.2307
 1-4 NB =        10.9979  1-4 EEL =      -606.1132  VDWAALS    =      2525.3859
 EELEC  =    -14871.5173  EHBOND  =         0.0000  RESTRAINT  =        11.6217
 EAMBER (non-restraint)  =    -12898.4313
 EKCMT  =         0.0000  VIRIAL  =         0.0000  VOLUME     =     31877.0722
                                                    Density    =         1.0176
 Ewald error estimate:   0.2097E-03
 ------------------------------------------------------------------------------

wrapping first mol.:      -23.06827       16.31174       28.25275

 NSTEP =    20000   TIME(PS) =      60.000  TEMP(K) =   294.34  PRESS =     0.0
 Etot   =    -10965.0809  EKtot   =      1900.9339  EPtot      =    -12866.0147
 BOND   =         4.5733  ANGLE   =        20.9848  DIHED      =        10.9398
 1-4 NB =        11.3636  1-4 EEL =      -600.0053  VDWAALS    =      2524.9638
 EELEC  =    -14846.0305  EHBOND  =         0.0000  RESTRAINT  =         7.1958
 EAMBER (non-restraint)  =    -12873.2105
 EKCMT  =         0.0000  VIRIAL  =         0.0000  VOLUME     =     31893.1441
                                                    Density    =         1.0170
 Ewald error estimate:   0.4444E-03
 ------------------------------------------------------------------------------

wrapping first mol.:      -23.12756       16.35366       28.32536

 NSTEP =    20500   TIME(PS) =      61.000  TEMP(K) =   295.91  PRESS =     0.0
 Etot   =    -10947.7163  EKtot   =      1911.1060  EPtot      =    -12858.8223
 BOND   =         5.9339  ANGLE   =        15.1398  DIHED      =        11.2801
 1-4 NB =        11.3166  1-4 EEL =      -599.8530  VDWAALS    =      2450.5021
 EELEC  =    -14761.1577  EHBOND  =         0.0000  RESTRAINT  =         8.0159
 EAMBER (non-restraint)  =    -12866.8382
 EKCMT  =         0.0000  VIRIAL  =         0.0000  VOLUME     =     32139.6722
                                                    Density    =         1.0092
 Ewald error estimate:   0.5103E-04
 ------------------------------------------------------------------------------

wrapping first mol.:      -23.10449       16.33734       28.29711

 NSTEP =    21000   TIME(PS) =      62.000  TEMP(K) =   292.07  PRESS =     0.0
 Etot   =    -11014.6539  EKtot   =      1886.3273  EPtot      =    -12900.9813
 BOND   =         4.8815  ANGLE   =        10.6343  DIHED      =        13.1163
 1-4 NB =        11.5871  1-4 EEL =      -599.4184  VDWAALS    =      2521.0841
 EELEC  =    -14868.8491  EHBOND  =         0.0000  RESTRAINT  =         5.9829
 EAMBER (non-restraint)  =    -12906.9642
 EKCMT  =         0.0000  VIRIAL  =         0.0000  VOLUME     =     32043.5769
                                                    Density    =         1.0123
 Ewald error estimate:   0.1671E-03
 ------------------------------------------------------------------------------

wrapping first mol.:      -23.10993       16.34119       28.30377

 NSTEP =    21500   TIME(PS) =      63.000  TEMP(K) =   301.54  PRESS =     0.0
 Etot   =    -10975.7870  EKtot   =      1947.4690  EPtot      =    -12923.2560
 BOND   =         6.2539  ANGLE   =        14.0680  DIHED      =        11.4279
 1-4 NB =        12.8234  1-4 EEL =      -599.9339  VDWAALS    =      2409.4327
 EELEC  =    -14786.5780  EHBOND  =         0.0000  RESTRAINT  =         9.2501
 EAMBER (non-restraint)  =    -12932.5060
 EKCMT  =         0.0000  VIRIAL  =         0.0000  VOLUME     =     32066.2168
                                                    Density    =         1.0115
 Ewald error estimate:   0.1484E-04
 ------------------------------------------------------------------------------

wrapping first mol.:      -23.14852       16.36848       28.35103

 NSTEP =    22000   TIME(PS) =      64.000  TEMP(K) =   302.68  PRESS =     0.0
 Etot   =    -10902.7240  EKtot   =      1954.8078  EPtot      =    -12857.5318
 BOND   =         9.6302  ANGLE   =        17.2270  DIHED      =        10.8412
 1-4 NB =        13.5972  1-4 EEL =      -599.6321  VDWAALS    =      2471.6010
 EELEC  =    -14786.6799  EHBOND  =         0.0000  RESTRAINT  =         5.8837
 EAMBER (non-restraint)  =    -12863.4155
 EKCMT  =         0.0000  VIRIAL  =         0.0000  VOLUME     =     32227.1150
                                                    Density    =         1.0065
 Ewald error estimate:   0.2193E-03
 ------------------------------------------------------------------------------

wrapping first mol.:      -23.20830       16.41075       28.42425

 NSTEP =    22500   TIME(PS) =      65.000  TEMP(K) =   302.62  PRESS =     0.0
 Etot   =    -10874.6656  EKtot   =      1954.4193  EPtot      =    -12829.0849
 BOND   =         6.8875  ANGLE   =        18.0992  DIHED      =        12.7465
 1-4 NB =        12.5346  1-4 EEL =      -602.8324  VDWAALS    =      2451.6150
 EELEC  =    -14738.0194  EHBOND  =         0.0000  RESTRAINT  =         9.8842
 EAMBER (non-restraint)  =    -12838.9691
 EKCMT  =         0.0000  VIRIAL  =         0.0000  VOLUME     =     32477.4609
                                                    Density    =         0.9987
 Ewald error estimate:   0.3367E-03
 ------------------------------------------------------------------------------

wrapping first mol.:      -23.23911       16.43254       28.46199

 NSTEP =    23000   TIME(PS) =      66.000  TEMP(K) =   295.27  PRESS =     0.0
 Etot   =    -10899.3937  EKtot   =      1906.9931  EPtot      =    -12806.3868
 BOND   =         6.8847  ANGLE   =        12.4088  DIHED      =        12.5833
 1-4 NB =         9.2758  1-4 EEL =      -592.6141  VDWAALS    =      2421.3852
 EELEC  =    -14687.7891  EHBOND  =         0.0000  RESTRAINT  =        11.4785
 EAMBER (non-restraint)  =    -12817.8653
 EKCMT  =         0.0000  VIRIAL  =         0.0000  VOLUME     =     32606.9773
                                                    Density    =         0.9948
 Ewald error estimate:   0.1935E-03
 ------------------------------------------------------------------------------

wrapping first mol.:      -23.16551       16.38050       28.37185

 NSTEP =    23500   TIME(PS) =      67.000  TEMP(K) =   298.83  PRESS =     0.0
 Etot   =    -10935.8784  EKtot   =      1929.9743  EPtot      =    -12865.8527
 BOND   =        10.1134  ANGLE   =        15.2460  DIHED      =        10.1892
 1-4 NB =        11.6652  1-4 EEL =      -604.2787  VDWAALS    =      2460.5257
 EELEC  =    -14775.2593  EHBOND  =         0.0000  RESTRAINT  =         5.9458
 EAMBER (non-restraint)  =    -12871.7985
 EKCMT  =         0.0000  VIRIAL  =         0.0000  VOLUME     =     32298.1650
                                                    Density    =         1.0043
 Ewald error estimate:   0.3770E-03
 ------------------------------------------------------------------------------

wrapping first mol.:      -23.21479       16.41534       28.43220

 NSTEP =    24000   TIME(PS) =      68.000  TEMP(K) =   303.21  PRESS =     0.0
 Etot   =    -10914.0459  EKtot   =      1958.2546  EPtot      =    -12872.3005
 BOND   =        13.8131  ANGLE   =        16.8814  DIHED      =         9.6430
 1-4 NB =        11.7249  1-4 EEL =      -603.6401  VDWAALS    =      2439.5769
 EELEC  =    -14767.4441  EHBOND  =         0.0000  RESTRAINT  =         7.1444
 EAMBER (non-restraint)  =    -12879.4449
 EKCMT  =         0.0000  VIRIAL  =         0.0000  VOLUME     =     32504.7000
                                                    Density    =         0.9979
 Ewald error estimate:   0.1264E-03
 ------------------------------------------------------------------------------

wrapping first mol.:      -23.22392       16.42179       28.44338

 NSTEP =    24500   TIME(PS) =      69.000  TEMP(K) =   305.63  PRESS =     0.0
 Etot   =    -10909.4074  EKtot   =      1973.9028  EPtot      =    -12883.3103
 BOND   =         8.0490  ANGLE   =        18.0041  DIHED      =         9.0332
 1-4 NB =        11.6850  1-4 EEL =      -600.3919  VDWAALS    =      2506.0334
 EELEC  =    -14844.3169  EHBOND  =         0.0000  RESTRAINT  =         8.5937
 EAMBER (non-restraint)  =    -12891.9039
 EKCMT  =         0.0000  VIRIAL  =         0.0000  VOLUME     =     32543.0711
                                                    Density    =         0.9967
 Ewald error estimate:   0.4833E-04
 ------------------------------------------------------------------------------

wrapping first mol.:      -23.16788       16.38217       28.37475

 NSTEP =    25000   TIME(PS) =      70.000  TEMP(K) =   294.96  PRESS =     0.0
 Etot   =    -10936.5262  EKtot   =      1904.9929  EPtot      =    -12841.5191
 BOND   =         4.4833  ANGLE   =        16.5604  DIHED      =        13.7581
 1-4 NB =        11.9940  1-4 EEL =      -598.8995  VDWAALS    =      2431.3979
 EELEC  =    -14732.1256  EHBOND  =         0.0000  RESTRAINT  =        11.3124
 EAMBER (non-restraint)  =    -12852.8315
 EKCMT  =         0.0000  VIRIAL  =         0.0000  VOLUME     =     32308.0778
                                                    Density    =         1.0040
 Ewald error estimate:   0.5511E-03
 ------------------------------------------------------------------------------

wrapping first mol.:      -23.19947       16.40450       28.41343

 NSTEP =    25500   TIME(PS) =      71.000  TEMP(K) =   294.44  PRESS =     0.0
 Etot   =    -10968.2501  EKtot   =      1901.6232  EPtot      =    -12869.8733
 BOND   =        10.9307  ANGLE   =        14.3971  DIHED      =         9.9291
 1-4 NB =        11.9768  1-4 EEL =      -598.7710  VDWAALS    =      2465.9217
 EELEC  =    -14791.4534  EHBOND  =         0.0000  RESTRAINT  =         7.1957
 EAMBER (non-restraint)  =    -12877.0690
 EKCMT  =         0.0000  VIRIAL  =         0.0000  VOLUME     =     32440.3824
                                                    Density    =         0.9999
 Ewald error estimate:   0.2067E-05
 ------------------------------------------------------------------------------

wrapping first mol.:      -23.12950       16.35503       28.32774

 NSTEP =    26000   TIME(PS) =      72.000  TEMP(K) =   295.54  PRESS =     0.0
 Etot   =    -10941.4232  EKtot   =      1908.7015  EPtot      =    -12850.1247
 BOND   =         6.9092  ANGLE   =        14.3714  DIHED      =        11.3374
 1-4 NB =        10.3715  1-4 EEL =      -597.0087  VDWAALS    =      2579.4667
 EELEC  =    -14881.3947  EHBOND  =         0.0000  RESTRAINT  =         5.8225
 EAMBER (non-restraint)  =    -12855.9472
 EKCMT  =         0.0000  VIRIAL  =         0.0000  VOLUME     =     32147.7624
                                                    Density    =         1.0090
 Ewald error estimate:   0.3941E-03
 ------------------------------------------------------------------------------

wrapping first mol.:      -23.12665       16.35302       28.32425

 NSTEP =    26500   TIME(PS) =      73.000  TEMP(K) =   300.06  PRESS =     0.0
 Etot   =    -10929.0758  EKtot   =      1937.8681  EPtot      =    -12866.9439
 BOND   =        10.1091  ANGLE   =        12.5589  DIHED      =        13.1373
 1-4 NB =        11.7140  1-4 EEL =      -599.9155  VDWAALS    =      2460.6045
 EELEC  =    -14783.4357  EHBOND  =         0.0000  RESTRAINT  =         8.2836
 EAMBER (non-restraint)  =    -12875.2275
 EKCMT  =         0.0000  VIRIAL  =         0.0000  VOLUME     =     32135.8944
                                                    Density    =         1.0094
 Ewald error estimate:   0.8878E-04
 ------------------------------------------------------------------------------

wrapping first mol.:      -23.17522       16.38736       28.38373

 NSTEP =    27000   TIME(PS) =      74.000  TEMP(K) =   302.16  PRESS =     0.0
 Etot   =    -10899.4589  EKtot   =      1951.4668  EPtot      =    -12850.9258
 BOND   =         8.5320  ANGLE   =        17.5109  DIHED      =        13.2341
 1-4 NB =        11.3371  1-4 EEL =      -598.4092  VDWAALS    =      2443.2036
 EELEC  =    -14756.3105  EHBOND  =         0.0000  RESTRAINT  =         9.9763
 EAMBER (non-restraint)  =    -12860.9021
 EKCMT  =         0.0000  VIRIAL  =         0.0000  VOLUME     =     32338.7669
                                                    Density    =         1.0030
 Ewald error estimate:   0.2654E-03
 ------------------------------------------------------------------------------

wrapping first mol.:      -23.18444       16.39388       28.39502

 NSTEP =    27500   TIME(PS) =      75.000  TEMP(K) =   292.33  PRESS =     0.0
 Etot   =    -10924.8367  EKtot   =      1888.0046  EPtot      =    -12812.8413
 BOND   =         8.3012  ANGLE   =        14.9807  DIHED      =        11.8727
 1-4 NB =        12.1947  1-4 EEL =      -603.0155  VDWAALS    =      2443.7355
 EELEC  =    -14707.4261  EHBOND  =         0.0000  RESTRAINT  =         6.5155
 EAMBER (non-restraint)  =    -12819.3568
 EKCMT  =         0.0000  VIRIAL  =         0.0000  VOLUME     =     32377.3815
                                                    Density    =         1.0018
 Ewald error estimate:   0.7989E-04
 ------------------------------------------------------------------------------

wrapping first mol.:      -23.18260       16.39258       28.39277

 NSTEP =    28000   TIME(PS) =      76.000  TEMP(K) =   301.88  PRESS =     0.0
 Etot   =    -10853.3563  EKtot   =      1949.6368  EPtot      =    -12802.9931
 BOND   =         8.2638  ANGLE   =        12.5189  DIHED      =        12.7191
 1-4 NB =        11.5650  1-4 EEL =      -599.7979  VDWAALS    =      2434.9902
 EELEC  =    -14694.4042  EHBOND  =         0.0000  RESTRAINT  =        11.1519
 EAMBER (non-restraint)  =    -12814.1450
 EKCMT  =         0.0000  VIRIAL  =         0.0000  VOLUME     =     32369.6777
                                                    Density    =         1.0021
 Ewald error estimate:   0.2057E-03
 ------------------------------------------------------------------------------

wrapping first mol.:      -23.19190       16.39915       28.40417

 NSTEP =    28500   TIME(PS) =      77.000  TEMP(K) =   300.30  PRESS =     0.0
 Etot   =    -10862.6293  EKtot   =      1939.4199  EPtot      =    -12802.0492
 BOND   =        14.7867  ANGLE   =        16.5274  DIHED      =        11.3070
 1-4 NB =        11.5665  1-4 EEL =      -604.2009  VDWAALS    =      2381.1704
 EELEC  =    -14643.4968  EHBOND  =         0.0000  RESTRAINT  =        10.2904
 EAMBER (non-restraint)  =    -12812.3396
 EKCMT  =         0.0000  VIRIAL  =         0.0000  VOLUME     =     32408.6643
                                                    Density    =         1.0009
 Ewald error estimate:   0.1580E-03
 ------------------------------------------------------------------------------

wrapping first mol.:      -23.12321       16.35058       28.32003

 NSTEP =    29000   TIME(PS) =      78.000  TEMP(K) =   296.48  PRESS =     0.0
 Etot   =    -10953.9055  EKtot   =      1914.7970  EPtot      =    -12868.7025
 BOND   =         6.7384  ANGLE   =        23.8527  DIHED      =        12.1936
 1-4 NB =        12.6830  1-4 EEL =      -605.3458  VDWAALS    =      2563.3129
 EELEC  =    -14890.1582  EHBOND  =         0.0000  RESTRAINT  =         8.0208
 EAMBER (non-restraint)  =    -12876.7232
 EKCMT  =         0.0000  VIRIAL  =         0.0000  VOLUME     =     32121.5281
                                                    Density    =         1.0098
 Ewald error estimate:   0.9811E-04
 ------------------------------------------------------------------------------

wrapping first mol.:      -23.14865       16.36857       28.35119

 NSTEP =    29500   TIME(PS) =      79.000  TEMP(K) =   293.81  PRESS =     0.0
 Etot   =    -10989.2159  EKtot   =      1897.5176  EPtot      =    -12886.7335
 BOND   =         6.3673  ANGLE   =        12.6953  DIHED      =        10.2374
 1-4 NB =        10.8349  1-4 EEL =      -599.1420  VDWAALS    =      2457.8812
 EELEC  =    -14795.3072  EHBOND  =         0.0000  RESTRAINT  =         9.6997
 EAMBER (non-restraint)  =    -12896.4332
 EKCMT  =         0.0000  VIRIAL  =         0.0000  VOLUME     =     32227.6585
                                                    Density    =         1.0065
 Ewald error estimate:   0.1728E-03
 ------------------------------------------------------------------------------

wrapping first mol.:      -23.15113       16.37032       28.35423

 NSTEP =    30000   TIME(PS) =      80.000  TEMP(K) =   296.95  PRESS =     0.0
 Etot   =    -10978.7765  EKtot   =      1917.7847  EPtot      =    -12896.5612
 BOND   =         6.4549  ANGLE   =        17.5604  DIHED      =        10.1852
 1-4 NB =        11.7320  1-4 EEL =      -603.9206  VDWAALS    =      2607.1093
 EELEC  =    -14956.6355  EHBOND  =         0.0000  RESTRAINT  =        10.9530
 EAMBER (non-restraint)  =    -12907.5142
 EKCMT  =         0.0000  VIRIAL  =         0.0000  VOLUME     =     32238.0170
                                                    Density    =         1.0062
 Ewald error estimate:   0.1768E-03
 ------------------------------------------------------------------------------

wrapping first mol.:      -23.09466       16.33039       28.28507

 NSTEP =    30500   TIME(PS) =      81.000  TEMP(K) =   295.68  PRESS =     0.0
 Etot   =    -10962.6927  EKtot   =      1909.6368  EPtot      =    -12872.3294
 BOND   =         6.4814  ANGLE   =        19.2571  DIHED      =        10.4727
 1-4 NB =        11.8549  1-4 EEL =      -603.5848  VDWAALS    =      2438.7831
 EELEC  =    -14763.2082  EHBOND  =         0.0000  RESTRAINT  =         7.6143
 EAMBER (non-restraint)  =    -12879.9437
 EKCMT  =         0.0000  VIRIAL  =         0.0000  VOLUME     =     32002.7085
                                                    Density    =         1.0136
 Ewald error estimate:   0.2899E-03
 ------------------------------------------------------------------------------

wrapping first mol.:      -23.10379       16.33685       28.29625

 NSTEP =    31000   TIME(PS) =      82.000  TEMP(K) =   297.95  PRESS =     0.0
 Etot   =    -10940.5450  EKtot   =      1924.2560  EPtot      =    -12864.8011
 BOND   =         7.8657  ANGLE   =        17.0518  DIHED      =         8.8760
 1-4 NB =        12.4106  1-4 EEL =      -598.0528  VDWAALS    =      2443.3956
 EELEC  =    -14764.3292  EHBOND  =         0.0000  RESTRAINT  =         7.9811
 EAMBER (non-restraint)  =    -12872.7822
 EKCMT  =         0.0000  VIRIAL  =         0.0000  VOLUME     =     32040.6879
                                                    Density    =         1.0124
 Ewald error estimate:   0.1363E-03
 ------------------------------------------------------------------------------

wrapping first mol.:      -23.14342       16.36487       28.34478

 NSTEP =    31500   TIME(PS) =      83.000  TEMP(K) =   299.42  PRESS =     0.0
 Etot   =    -10872.6866  EKtot   =      1933.7454  EPtot      =    -12806.4320
 BOND   =         6.6358  ANGLE   =        12.4953  DIHED      =        13.6180
 1-4 NB =        10.7895  1-4 EEL =      -600.0975  VDWAALS    =      2471.8632
 EELEC  =    -14727.7994  EHBOND  =         0.0000  RESTRAINT  =         6.0631
 EAMBER (non-restraint)  =    -12812.4951
 EKCMT  =         0.0000  VIRIAL  =         0.0000  VOLUME     =     32205.8268
                                                    Density    =         1.0072
 Ewald error estimate:   0.1817E-03
 ------------------------------------------------------------------------------

wrapping first mol.:      -23.11579       16.34533       28.31094

 NSTEP =    32000   TIME(PS) =      84.000  TEMP(K) =   297.89  PRESS =     0.0
 Etot   =    -10929.3154  EKtot   =      1923.9059  EPtot      =    -12853.2213
 BOND   =         8.0110  ANGLE   =        12.8291  DIHED      =        12.1780
 1-4 NB =        11.2383  1-4 EEL =      -597.3491  VDWAALS    =      2492.5658
 EELEC  =    -14799.9824  EHBOND  =         0.0000  RESTRAINT  =         7.2880
 EAMBER (non-restraint)  =    -12860.5093
 EKCMT  =         0.0000  VIRIAL  =         0.0000  VOLUME     =     32090.6142
                                                    Density    =         1.0108
 Ewald error estimate:   0.3306E-03
 ------------------------------------------------------------------------------

wrapping first mol.:      -23.00055       16.26385       28.16981

 NSTEP =    32500   TIME(PS) =      85.000  TEMP(K) =   300.70  PRESS =     0.0
 Etot   =    -10889.7179  EKtot   =      1942.0055  EPtot      =    -12831.7234
 BOND   =         8.4772  ANGLE   =        13.9132  DIHED      =         9.0447
 1-4 NB =        14.6409  1-4 EEL =      -601.5834  VDWAALS    =      2487.1225
 EELEC  =    -14771.4259  EHBOND  =         0.0000  RESTRAINT  =         8.0875
 EAMBER (non-restraint)  =    -12839.8109
 EKCMT  =         0.0000  VIRIAL  =         0.0000  VOLUME     =     31613.0821
                                                    Density    =         1.0260
 Ewald error estimate:   0.2488E-04
 ------------------------------------------------------------------------------

wrapping first mol.:      -23.10891       16.34047       28.30252

 NSTEP =    33000   TIME(PS) =      86.000  TEMP(K) =   299.63  PRESS =     0.0
 Etot   =    -10910.1570  EKtot   =      1935.1179  EPtot      =    -12845.2749
 BOND   =         5.4418  ANGLE   =        15.1028  DIHED      =        13.8585
 1-4 NB =        11.3997  1-4 EEL =      -601.7709  VDWAALS    =      2424.8104
 EELEC  =    -14724.6885  EHBOND  =         0.0000  RESTRAINT  =        10.5713
 EAMBER (non-restraint)  =    -12855.8462
 EKCMT  =         0.0000  VIRIAL  =         0.0000  VOLUME     =     32061.9868
                                                    Density    =         1.0117
 Ewald error estimate:   0.1985E-04
 ------------------------------------------------------------------------------

wrapping first mol.:      -23.18291       16.39280       28.39316

 NSTEP =    33500   TIME(PS) =      87.000  TEMP(K) =   300.41  PRESS =     0.0
 Etot   =    -10898.2237  EKtot   =      1940.1816  EPtot      =    -12838.4052
 BOND   =         7.9141  ANGLE   =        16.0748  DIHED      =        11.3478
 1-4 NB =        13.3517  1-4 EEL =      -607.5312  VDWAALS    =      2384.8141
 EELEC  =    -14674.5739  EHBOND  =         0.0000  RESTRAINT  =        10.1974
 EAMBER (non-restraint)  =    -12848.6027
 EKCMT  =         0.0000  VIRIAL  =         0.0000  VOLUME     =     32370.9892
                                                    Density    =         1.0020
 Ewald error estimate:   0.1495E-03
 ------------------------------------------------------------------------------

wrapping first mol.:      -23.06685       16.31073       28.25101

 NSTEP =    34000   TIME(PS) =      88.000  TEMP(K) =   302.65  PRESS =     0.0
 Etot   =    -10964.9045  EKtot   =      1954.6544  EPtot      =    -12919.5589
 BOND   =         7.6955  ANGLE   =        14.1901  DIHED      =        10.7198
 1-4 NB =        11.9846  1-4 EEL =      -599.0538  VDWAALS    =      2488.5933
 EELEC  =    -14860.7231  EHBOND  =         0.0000  RESTRAINT  =         7.0347
 EAMBER (non-restraint)  =    -12926.5936
 EKCMT  =         0.0000  VIRIAL  =         0.0000  VOLUME     =     31887.2355
                                                    Density    =         1.0172
 Ewald error estimate:   0.2426E-03
 ------------------------------------------------------------------------------

wrapping first mol.:      -23.03507       16.28826       28.21208

 NSTEP =    34500   TIME(PS) =      89.000  TEMP(K) =   300.84  PRESS =     0.0
 Etot   =    -10998.7637  EKtot   =      1942.9662  EPtot      =    -12941.7299
 BOND   =         6.9401  ANGLE   =        13.3639  DIHED      =        12.1043
 1-4 NB =        11.3070  1-4 EEL =      -599.7489  VDWAALS    =      2487.6617
 EELEC  =    -14881.4607  EHBOND  =         0.0000  RESTRAINT  =         8.1027
 EAMBER (non-restraint)  =    -12949.8326
 EKCMT  =         0.0000  VIRIAL  =         0.0000  VOLUME     =     31755.6071
                                                    Density    =         1.0214
 Ewald error estimate:   0.1870E-04
 ------------------------------------------------------------------------------

wrapping first mol.:      -23.03306       16.28683       28.20962

 NSTEP =    35000   TIME(PS) =      90.000  TEMP(K) =   294.88  PRESS =     0.0
 Etot   =    -11022.5009  EKtot   =      1904.4364  EPtot      =    -12926.9372
 BOND   =         9.1968  ANGLE   =        15.3543  DIHED      =        11.9017
 1-4 NB =        10.9653  1-4 EEL =      -599.1905  VDWAALS    =      2534.1243
 EELEC  =    -14919.1887  EHBOND  =         0.0000  RESTRAINT  =         9.8995
 EAMBER (non-restraint)  =    -12936.8368
 EKCMT  =         0.0000  VIRIAL  =         0.0000  VOLUME     =     31747.2940
                                                    Density    =         1.0217
 Ewald error estimate:   0.1390E-03
 ------------------------------------------------------------------------------

wrapping first mol.:      -23.03709       16.28969       28.21456

 NSTEP =    35500   TIME(PS) =      91.000  TEMP(K) =   287.18  PRESS =     0.0
 Etot   =    -10969.4469  EKtot   =      1854.7169  EPtot      =    -12824.1638
 BOND   =         5.4279  ANGLE   =        13.5966  DIHED      =        11.3360
 1-4 NB =        10.9286  1-4 EEL =      -602.1425  VDWAALS    =      2468.6813
 EELEC  =    -14741.3829  EHBOND  =         0.0000  RESTRAINT  =         9.3912
 EAMBER (non-restraint)  =    -12833.5550
 EKCMT  =         0.0000  VIRIAL  =         0.0000  VOLUME     =     31763.9885
                                                    Density    =         1.0212
 Ewald error estimate:   0.7480E-04
 ------------------------------------------------------------------------------

wrapping first mol.:      -23.11113       16.34204       28.30524

 NSTEP =    36000   TIME(PS) =      92.000  TEMP(K) =   290.03  PRESS =     0.0
 Etot   =    -11012.1789  EKtot   =      1873.1493  EPtot      =    -12885.3282
 BOND   =         7.3488  ANGLE   =        13.5799  DIHED      =        10.6508
 1-4 NB =        12.3862  1-4 EEL =      -597.2398  VDWAALS    =      2443.8772
 EELEC  =    -14783.6681  EHBOND  =         0.0000  RESTRAINT  =         7.7369
 EAMBER (non-restraint)  =    -12893.0650
 EKCMT  =         0.0000  VIRIAL  =         0.0000  VOLUME     =     32071.2230
                                                    Density    =         1.0114
 Ewald error estimate:   0.2516E-03
 ------------------------------------------------------------------------------

wrapping first mol.:      -23.02808       16.28332       28.20353

 NSTEP =    36500   TIME(PS) =      93.000  TEMP(K) =   298.61  PRESS =     0.0
 Etot   =    -10859.1851  EKtot   =      1928.5594  EPtot      =    -12787.7445
 BOND   =         5.7025  ANGLE   =        14.4992  DIHED      =        10.4928
 1-4 NB =        13.7069  1-4 EEL =      -608.1800  VDWAALS    =      2438.4209
 EELEC  =    -14673.8608  EHBOND  =         0.0000  RESTRAINT  =        11.4740
 EAMBER (non-restraint)  =    -12799.2185
 EKCMT  =         0.0000  VIRIAL  =         0.0000  VOLUME     =     31726.7326
                                                    Density    =         1.0224
 Ewald error estimate:   0.7596E-04
 ------------------------------------------------------------------------------

wrapping first mol.:      -23.06188       16.30721       28.24492

 NSTEP =    37000   TIME(PS) =      94.000  TEMP(K) =   302.17  PRESS =     0.0
 Etot   =    -10899.6872  EKtot   =      1951.5096  EPtot      =    -12851.1969
 BOND   =         5.4008  ANGLE   =        16.5036  DIHED      =        10.4090
 1-4 NB =        11.8255  1-4 EEL =      -601.8033  VDWAALS    =      2536.4216
 EELEC  =    -14838.6911  EHBOND  =         0.0000  RESTRAINT  =         8.7371
 EAMBER (non-restraint)  =    -12859.9340
 EKCMT  =         0.0000  VIRIAL  =         0.0000  VOLUME     =     31866.6217
                                                    Density    =         1.0179
 Ewald error estimate:   0.3779E-04
 ------------------------------------------------------------------------------

wrapping first mol.:      -23.07823       16.31877       28.26494

 NSTEP =    37500   TIME(PS) =      95.000  TEMP(K) =   305.75  PRESS =     0.0
 Etot   =    -10845.0160  EKtot   =      1974.6337  EPtot      =    -12819.6497
 BOND   =         7.5513  ANGLE   =        16.5886  DIHED      =        13.3061
 1-4 NB =        12.8445  1-4 EEL =      -602.8251  VDWAALS    =      2453.2337
 EELEC  =    -14730.3812  EHBOND  =         0.0000  RESTRAINT  =        10.0324
 EAMBER (non-restraint)  =    -12829.6821
 EKCMT  =         0.0000  VIRIAL  =         0.0000  VOLUME     =     31934.4434
                                                    Density    =         1.0157
 Ewald error estimate:   0.3415E-04
 ------------------------------------------------------------------------------

wrapping first mol.:      -23.09815       16.33286       28.28934

 NSTEP =    38000   TIME(PS) =      96.000  TEMP(K) =   301.26  PRESS =     0.0
 Etot   =    -10895.8765  EKtot   =      1945.6328  EPtot      =    -12841.5093
 BOND   =         6.5254  ANGLE   =        13.2803  DIHED      =        12.3598
 1-4 NB =        13.9798  1-4 EEL =      -601.2541  VDWAALS    =      2392.5148
 EELEC  =    -14691.4346  EHBOND  =         0.0000  RESTRAINT  =        12.5193
 EAMBER (non-restraint)  =    -12854.0286
 EKCMT  =         0.0000  VIRIAL  =         0.0000  VOLUME     =     32017.2200
                                                    Density    =         1.0131
 Ewald error estimate:   0.3642E-03
 ------------------------------------------------------------------------------

wrapping first mol.:      -23.05650       16.30341       28.23834

 NSTEP =    38500   TIME(PS) =      97.000  TEMP(K) =   301.39  PRESS =     0.0
 Etot   =    -10839.7062  EKtot   =      1946.4802  EPtot      =    -12786.1864
 BOND   =         8.8929  ANGLE   =        13.2784  DIHED      =        13.4907
 1-4 NB =        10.1801  1-4 EEL =      -597.4402  VDWAALS    =      2422.8476
 EELEC  =    -14666.0974  EHBOND  =         0.0000  RESTRAINT  =         8.6615
 EAMBER (non-restraint)  =    -12794.8479
 EKCMT  =         0.0000  VIRIAL  =         0.0000  VOLUME     =     31844.3541
                                                    Density    =         1.0186
 Ewald error estimate:   0.2288E-03
 ------------------------------------------------------------------------------

wrapping first mol.:      -23.04718       16.29682       28.22692

 NSTEP =    39000   TIME(PS) =      98.000  TEMP(K) =   303.09  PRESS =     0.0
 Etot   =    -10934.2038  EKtot   =      1957.4695  EPtot      =    -12891.6733
 BOND   =        10.0280  ANGLE   =        12.7112  DIHED      =        13.1999
 1-4 NB =         9.9366  1-4 EEL =      -596.9397  VDWAALS    =      2482.5316
 EELEC  =    -14834.2965  EHBOND  =         0.0000  RESTRAINT  =        11.1555
 EAMBER (non-restraint)  =    -12902.8288
 EKCMT  =         0.0000  VIRIAL  =         0.0000  VOLUME     =     31805.7431
                                                    Density    =         1.0198
 Ewald error estimate:   0.7857E-04
 ------------------------------------------------------------------------------

wrapping first mol.:      -23.04907       16.29815       28.22923

 NSTEP =    39500   TIME(PS) =      99.000  TEMP(K) =   293.85  PRESS =     0.0
 Etot   =    -10887.3308  EKtot   =      1897.8109  EPtot      =    -12785.1417
 BOND   =         5.1199  ANGLE   =        15.5340  DIHED      =        12.5752
 1-4 NB =        12.2045  1-4 EEL =      -600.2804  VDWAALS    =      2495.1105
 EELEC  =    -14734.7521  EHBOND  =         0.0000  RESTRAINT  =         9.3467
 EAMBER (non-restraint)  =    -12794.4884
 EKCMT  =         0.0000  VIRIAL  =         0.0000  VOLUME     =     31813.5440
                                                    Density    =         1.0196
 Ewald error estimate:   0.2457E-03
 ------------------------------------------------------------------------------

wrapping first mol.:      -23.04350       16.29422       28.22241

 NSTEP =    40000   TIME(PS) =     100.000  TEMP(K) =   307.57  PRESS =     0.0
 Etot   =    -10882.6248  EKtot   =      1986.4118  EPtot      =    -12869.0366
 BOND   =         8.8078  ANGLE   =        12.7980  DIHED      =        13.6693
 1-4 NB =        11.2690  1-4 EEL =      -600.5202  VDWAALS    =      2534.3215
 EELEC  =    -14857.3474  EHBOND  =         0.0000  RESTRAINT  =         7.9654
 EAMBER (non-restraint)  =    -12877.0020
 EKCMT  =         0.0000  VIRIAL  =         0.0000  VOLUME     =     31790.5052
                                                    Density    =         1.0203
 Ewald error estimate:   0.2041E-03
 ------------------------------------------------------------------------------

wrapping first mol.:      -23.05960       16.30561       28.24213

 NSTEP =    40500   TIME(PS) =     101.000  TEMP(K) =   308.71  PRESS =     0.0
 Etot   =    -10912.7562  EKtot   =      1993.7951  EPtot      =    -12906.5513
 BOND   =         5.2658  ANGLE   =        11.4321  DIHED      =        12.4764
 1-4 NB =        10.2284  1-4 EEL =      -596.9996  VDWAALS    =      2438.9185
 EELEC  =    -14797.5712  EHBOND  =         0.0000  RESTRAINT  =         9.6983
 EAMBER (non-restraint)  =    -12916.2496
 EKCMT  =         0.0000  VIRIAL  =         0.0000  VOLUME     =     31857.1930
                                                    Density    =         1.0182
 Ewald error estimate:   0.7682E-04
 ------------------------------------------------------------------------------

wrapping first mol.:      -23.08482       16.32344       28.27302

 NSTEP =    41000   TIME(PS) =     102.000  TEMP(K) =   298.45  PRESS =     0.0
 Etot   =    -10962.0101  EKtot   =      1927.4838  EPtot      =    -12889.4939
 BOND   =        10.2711  ANGLE   =         9.4205  DIHED      =        10.4089
 1-4 NB =        12.8464  1-4 EEL =      -608.1771  VDWAALS    =      2396.9722
 EELEC  =    -14729.6058  EHBOND  =         0.0000  RESTRAINT  =         8.3699
 EAMBER (non-restraint)  =    -12897.8638
 EKCMT  =         0.0000  VIRIAL  =         0.0000  VOLUME     =     31961.8394
                                                    Density    =         1.0149
 Ewald error estimate:   0.1238E-03
 ------------------------------------------------------------------------------

wrapping first mol.:      -23.09481       16.33050       28.28526

 NSTEP =    41500   TIME(PS) =     103.000  TEMP(K) =   292.20  PRESS =     0.0
 Etot   =    -10940.1857  EKtot   =      1887.1606  EPtot      =    -12827.3463
 BOND   =         7.0777  ANGLE   =        11.4998  DIHED      =        11.0239
 1-4 NB =        10.8966  1-4 EEL =      -597.9890  VDWAALS    =      2425.2992
 EELEC  =    -14704.4887  EHBOND  =         0.0000  RESTRAINT  =         9.3341
 EAMBER (non-restraint)  =    -12836.6804
 EKCMT  =         0.0000  VIRIAL  =         0.0000  VOLUME     =     32003.3468
                                                    Density    =         1.0135
 Ewald error estimate:   0.9424E-05
 ------------------------------------------------------------------------------

wrapping first mol.:      -23.15074       16.37005       28.35375

 NSTEP =    42000   TIME(PS) =     104.000  TEMP(K) =   294.32  PRESS =     0.0
 Etot   =    -10968.4370  EKtot   =      1900.8357  EPtot      =    -12869.2727
 BOND   =         9.7708  ANGLE   =        14.3158  DIHED      =        13.1155
 1-4 NB =        11.7924  1-4 EEL =      -602.4988  VDWAALS    =      2432.4192
 EELEC  =    -14756.4852  EHBOND  =         0.0000  RESTRAINT  =         8.2976
 EAMBER (non-restraint)  =    -12877.5703
 EKCMT  =         0.0000  VIRIAL  =         0.0000  VOLUME     =     32236.3948
                                                    Density    =         1.0062
 Ewald error estimate:   0.3824E-04
 ------------------------------------------------------------------------------

wrapping first mol.:      -23.10217       16.33570       28.29427

 NSTEP =    42500   TIME(PS) =     105.000  TEMP(K) =   288.01  PRESS =     0.0
 Etot   =    -10989.2169  EKtot   =      1860.0798  EPtot      =    -12849.2966
 BOND   =         9.2635  ANGLE   =        12.3717  DIHED      =        11.8262
 1-4 NB =        14.1460  1-4 EEL =      -610.2417  VDWAALS    =      2423.0007
 EELEC  =    -14718.9081  EHBOND  =         0.0000  RESTRAINT  =         9.2449
 EAMBER (non-restraint)  =    -12858.5416
 EKCMT  =         0.0000  VIRIAL  =         0.0000  VOLUME     =     32033.9401
                                                    Density    =         1.0126
 Ewald error estimate:   0.1700E-03
 ------------------------------------------------------------------------------

wrapping first mol.:      -23.13197       16.35677       28.33076

 NSTEP =    43000   TIME(PS) =     106.000  TEMP(K) =   295.33  PRESS =     0.0
 Etot   =    -11018.5596  EKtot   =      1907.3480  EPtot      =    -12925.9076
 BOND   =         7.3041  ANGLE   =        12.4491  DIHED      =         9.1958
 1-4 NB =        12.6071  1-4 EEL =      -603.6447  VDWAALS    =      2445.8623
 EELEC  =    -14819.3857  EHBOND  =         0.0000  RESTRAINT  =         9.7044
 EAMBER (non-restraint)  =    -12935.6120
 EKCMT  =         0.0000  VIRIAL  =         0.0000  VOLUME     =     32158.0521
                                                    Density    =         1.0087
 Ewald error estimate:   0.2306E-03
 ------------------------------------------------------------------------------

wrapping first mol.:      -23.11521       16.34492       28.31023

 NSTEP =    43500   TIME(PS) =     107.000  TEMP(K) =   293.23  PRESS =     0.0
 Etot   =    -11033.9593  EKtot   =      1893.7811  EPtot      =    -12927.7404
 BOND   =         6.9468  ANGLE   =        21.6244  DIHED      =        13.3756
 1-4 NB =        12.4340  1-4 EEL =      -605.3182  VDWAALS    =      2605.0636
 EELEC  =    -14995.2424  EHBOND  =         0.0000  RESTRAINT  =        13.3757
 EAMBER (non-restraint)  =    -12941.1161
 EKCMT  =         0.0000  VIRIAL  =         0.0000  VOLUME     =     32088.2003
                                                    Density    =         1.0109
 Ewald error estimate:   0.1847E-04
 ------------------------------------------------------------------------------

wrapping first mol.:      -23.11537       16.34504       28.31043

 NSTEP =    44000   TIME(PS) =     108.000  TEMP(K) =   291.79  PRESS =     0.0
 Etot   =    -11011.3541  EKtot   =      1884.4855  EPtot      =    -12895.8397
 BOND   =         6.8190  ANGLE   =        16.7431  DIHED      =        14.0615
 1-4 NB =        13.3216  1-4 EEL =      -607.7438  VDWAALS    =      2501.9084
 EELEC  =    -14848.3531  EHBOND  =         0.0000  RESTRAINT  =         7.4037
 EAMBER (non-restraint)  =    -12903.2434
 EKCMT  =         0.0000  VIRIAL  =         0.0000  VOLUME     =     32088.8771
                                                    Density    =         1.0108
 Ewald error estimate:   0.5417E-03
 ------------------------------------------------------------------------------

wrapping first mol.:      -23.12557       16.35225       28.32293

 NSTEP =    44500   TIME(PS) =     109.000  TEMP(K) =   296.61  PRESS =     0.0
 Etot   =    -11011.6744  EKtot   =      1915.6189  EPtot      =    -12927.2933
 BOND   =         3.5081  ANGLE   =        13.7815  DIHED      =        13.2665
 1-4 NB =        11.8388  1-4 EEL =      -601.5098  VDWAALS    =      2454.8097
 EELEC  =    -14830.9559  EHBOND  =         0.0000  RESTRAINT  =         7.9678
 EAMBER (non-restraint)  =    -12935.2611
 EKCMT  =         0.0000  VIRIAL  =         0.0000  VOLUME     =     32131.3784
                                                    Density    =         1.0095
 Ewald error estimate:   0.3974E-03
 ------------------------------------------------------------------------------

wrapping first mol.:      -23.06208       16.30736       28.24517

 NSTEP =    45000   TIME(PS) =     110.000  TEMP(K) =   295.80  PRESS =     0.0
 Etot   =    -11026.6953  EKtot   =      1910.3694  EPtot      =    -12937.0647
 BOND   =         5.7027  ANGLE   =        16.7520  DIHED      =        12.0936
 1-4 NB =        11.5673  1-4 EEL =      -600.4797  VDWAALS    =      2443.2835
 EELEC  =    -14833.2548  EHBOND  =         0.0000  RESTRAINT  =         7.2707
 EAMBER (non-restraint)  =    -12944.3354
 EKCMT  =         0.0000  VIRIAL  =         0.0000  VOLUME     =     31867.4503
                                                    Density    =         1.0179
 Ewald error estimate:   0.3327E-03
 ------------------------------------------------------------------------------

wrapping first mol.:      -23.06103       16.30662       28.24388

 NSTEP =    45500   TIME(PS) =     111.000  TEMP(K) =   289.65  PRESS =     0.0
 Etot   =    -11050.9449  EKtot   =      1870.6401  EPtot      =    -12921.5851
 BOND   =         6.8382  ANGLE   =        18.3682  DIHED      =        15.0183
 1-4 NB =        12.7004  1-4 EEL =      -599.5859  VDWAALS    =      2547.1815
 EELEC  =    -14930.8973  EHBOND  =         0.0000  RESTRAINT  =         8.7916
 EAMBER (non-restraint)  =    -12930.3766
 EKCMT  =         0.0000  VIRIAL  =         0.0000  VOLUME     =     31863.1137
                                                    Density    =         1.0180
 Ewald error estimate:   0.1176E-03
 ------------------------------------------------------------------------------

wrapping first mol.:      -23.07644       16.31751       28.26275

 NSTEP =    46000   TIME(PS) =     112.000  TEMP(K) =   302.88  PRESS =     0.0
 Etot   =    -10945.0827  EKtot   =      1956.1276  EPtot      =    -12901.2103
 BOND   =         5.1508  ANGLE   =        19.5123  DIHED      =        17.0850
 1-4 NB =        12.3818  1-4 EEL =      -605.1120  VDWAALS    =      2520.3482
 EELEC  =    -14879.6118  EHBOND  =         0.0000  RESTRAINT  =         9.0355
 EAMBER (non-restraint)  =    -12910.2458
 EKCMT  =         0.0000  VIRIAL  =         0.0000  VOLUME     =     31927.0052
                                                    Density    =         1.0160
 Ewald error estimate:   0.2987E-03
 ------------------------------------------------------------------------------

wrapping first mol.:      -23.09683       16.33193       28.28772

 NSTEP =    46500   TIME(PS) =     113.000  TEMP(K) =   300.73  PRESS =     0.0
 Etot   =    -11004.3448  EKtot   =      1942.2542  EPtot      =    -12946.5990
 BOND   =         6.9528  ANGLE   =        15.0453  DIHED      =         9.0572
 1-4 NB =        11.9477  1-4 EEL =      -604.3895  VDWAALS    =      2375.5200
 EELEC  =    -14769.8744  EHBOND  =         0.0000  RESTRAINT  =         9.1419
 EAMBER (non-restraint)  =    -12955.7409
 EKCMT  =         0.0000  VIRIAL  =         0.0000  VOLUME     =     32011.7159
                                                    Density    =         1.0133
 Ewald error estimate:   0.8680E-04
 ------------------------------------------------------------------------------

wrapping first mol.:      -23.00832       16.26935       28.17933

 NSTEP =    47000   TIME(PS) =     114.000  TEMP(K) =   299.65  PRESS =     0.0
 Etot   =    -10947.2714  EKtot   =      1935.2792  EPtot      =    -12882.5506
 BOND   =         7.4583  ANGLE   =        21.3144  DIHED      =        10.9432
 1-4 NB =        11.6401  1-4 EEL =      -605.4062  VDWAALS    =      2496.2883
 EELEC  =    -14834.7069  EHBOND  =         0.0000  RESTRAINT  =         9.9182
 EAMBER (non-restraint)  =    -12892.4688
 EKCMT  =         0.0000  VIRIAL  =         0.0000  VOLUME     =     31645.1392
                                                    Density    =         1.0250
 Ewald error estimate:   0.3116E-04
 ------------------------------------------------------------------------------

wrapping first mol.:      -23.03804       16.29036       28.21573

 NSTEP =    47500   TIME(PS) =     115.000  TEMP(K) =   290.52  PRESS =     0.0
 Etot   =    -11033.5776  EKtot   =      1876.3020  EPtot      =    -12909.8796
 BOND   =        10.3773  ANGLE   =        15.3222  DIHED      =         9.9164
 1-4 NB =        12.5547  1-4 EEL =      -606.4860  VDWAALS    =      2527.0098
 EELEC  =    -14887.0040  EHBOND  =         0.0000  RESTRAINT  =         8.4300
 EAMBER (non-restraint)  =    -12918.3096
 EKCMT  =         0.0000  VIRIAL  =         0.0000  VOLUME     =     31767.9131
                                                    Density    =         1.0210
 Ewald error estimate:   0.3105E-04
 ------------------------------------------------------------------------------

wrapping first mol.:      -23.04187       16.29307       28.22042

 NSTEP =    48000   TIME(PS) =     116.000  TEMP(K) =   303.72  PRESS =     0.0
 Etot   =    -11028.9795  EKtot   =      1961.5215  EPtot      =    -12990.5010
 BOND   =         8.8338  ANGLE   =        16.9099  DIHED      =        13.2148
 1-4 NB =        11.0046  1-4 EEL =      -599.5075  VDWAALS    =      2489.4875
 EELEC  =    -14940.0886  EHBOND  =         0.0000  RESTRAINT  =         9.6446
 EAMBER (non-restraint)  =    -13000.1455
 EKCMT  =         0.0000  VIRIAL  =         0.0000  VOLUME     =     31783.7519
                                                    Density    =         1.0205
 Ewald error estimate:   0.2000E-03
 ------------------------------------------------------------------------------

wrapping first mol.:      -23.05983       16.30576       28.24241

 NSTEP =    48500   TIME(PS) =     117.000  TEMP(K) =   291.48  PRESS =     0.0
 Etot   =    -11037.2056  EKtot   =      1882.5089  EPtot      =    -12919.7145
 BOND   =         9.5158  ANGLE   =         9.6179  DIHED      =        14.2291
 1-4 NB =        12.4903  1-4 EEL =      -604.6799  VDWAALS    =      2530.3234
 EELEC  =    -14900.8854  EHBOND  =         0.0000  RESTRAINT  =         9.6742
 EAMBER (non-restraint)  =    -12929.3887
 EKCMT  =         0.0000  VIRIAL  =         0.0000  VOLUME     =     31858.1160
                                                    Density    =         1.0182
 Ewald error estimate:   0.2627E-03
 ------------------------------------------------------------------------------

wrapping first mol.:      -23.18053       16.39112       28.39024

 NSTEP =    49000   TIME(PS) =     118.000  TEMP(K) =   292.71  PRESS =     0.0
 Etot   =    -10958.1728  EKtot   =      1890.4386  EPtot      =    -12848.6114
 BOND   =         7.0298  ANGLE   =        12.7314  DIHED      =        12.7247
 1-4 NB =        15.5863  1-4 EEL =      -606.9663  VDWAALS    =      2400.7445
 EELEC  =    -14699.7982  EHBOND  =         0.0000  RESTRAINT  =         9.3365
 EAMBER (non-restraint)  =    -12857.9479
 EKCMT  =         0.0000  VIRIAL  =         0.0000  VOLUME     =     32361.0319
                                                    Density    =         1.0023
 Ewald error estimate:   0.2087E-03
 ------------------------------------------------------------------------------

wrapping first mol.:      -23.10775       16.33965       28.30110

 NSTEP =    49500   TIME(PS) =     119.000  TEMP(K) =   294.61  PRESS =     0.0
 Etot   =    -10940.0277  EKtot   =      1902.6732  EPtot      =    -12842.7009
 BOND   =         4.2798  ANGLE   =        16.8759  DIHED      =        13.5002
 1-4 NB =        11.1582  1-4 EEL =      -597.4838  VDWAALS    =      2332.3104
 EELEC  =    -14635.9151  EHBOND  =         0.0000  RESTRAINT  =        12.5735
 EAMBER (non-restraint)  =    -12855.2744
 EKCMT  =         0.0000  VIRIAL  =         0.0000  VOLUME     =     32057.1595
                                                    Density    =         1.0118
 Ewald error estimate:   0.2949E-03
 ------------------------------------------------------------------------------

wrapping first mol.:      -23.15445       16.37267       28.35830
wrapping first mol.:      -23.15445       16.37267       28.35830

 NSTEP =    50000   TIME(PS) =     120.000  TEMP(K) =   300.98  PRESS =     0.0
 Etot   =    -10870.0556  EKtot   =      1943.8260  EPtot      =    -12813.8816
 BOND   =         5.8950  ANGLE   =        17.2870  DIHED      =        11.0597
 1-4 NB =        11.1395  1-4 EEL =      -599.9891  VDWAALS    =      2412.6540
 EELEC  =    -14682.7837  EHBOND  =         0.0000  RESTRAINT  =        10.8559
 EAMBER (non-restraint)  =    -12824.7375
 EKCMT  =         0.0000  VIRIAL  =         0.0000  VOLUME     =     32251.9055
                                                    Density    =         1.0057
 Ewald error estimate:   0.1136E-04
 ------------------------------------------------------------------------------


      A V E R A G E S   O V E R     100 S T E P S


 NSTEP =    50000   TIME(PS) =     120.000  TEMP(K) =   298.19  PRESS =     0.0
 Etot   =    -10927.0070  EKtot   =      1925.7905  EPtot      =    -12852.7976
 BOND   =         7.2686  ANGLE   =        15.1546  DIHED      =        11.8258
 1-4 NB =        11.8705  1-4 EEL =      -601.6260  VDWAALS    =      2470.0199
 EELEC  =    -14776.1195  EHBOND  =         0.0000  RESTRAINT  =         8.8085
 EAMBER (non-restraint)  =    -12861.6061
 EKCMT  =         0.0000  VIRIAL  =         0.0000  VOLUME     =     32327.5499
                                                    Density    =         1.0040
 Ewald error estimate:   0.1703E-03
 ------------------------------------------------------------------------------


      R M S  F L U C T U A T I O N S


 NSTEP =    50000   TIME(PS) =     120.000  TEMP(K) =     4.82  PRESS =     0.0
 Etot   =        77.8580  EKtot   =        31.1064  EPtot      =        72.2509
 BOND   =         2.2218  ANGLE   =         2.9523  DIHED      =         1.6625
 1-4 NB =         1.0875  1-4 EEL =         3.8678  VDWAALS    =        60.9231
 EELEC  =       111.6821  EHBOND  =         0.0000  RESTRAINT  =         1.7385
 EAMBER (non-restraint)  =        70.5125
 EKCMT  =         0.0000  VIRIAL  =         0.0000  VOLUME     =       817.1527
                                                    Density    =         0.0235
 Ewald error estimate:   0.1220E-03
 ------------------------------------------------------------------------------

| MC Barostat:        500 volume changes attempted.
| MC Barostat:        227 changes successful ( 45.40%)
 ------------------------------------------------------------------------------

--------------------------------------------------------------------------------
   5.  TIMINGS
--------------------------------------------------------------------------------

|  NonSetup CPU Time in Major Routines, Average for All Tasks:
|
|     Routine           Sec        %
|     ------------------------------
|     DataDistrib       9.92    9.59
|     Nonbond          88.02   85.10
|     Bond              0.14    0.13
|     Angle             0.16    0.15
|     Dihedral          0.21    0.20
|     Shake             0.60    0.58
|     RunMD             4.19    4.05
|     Other             0.19    0.18
|     ------------------------------
|     Total           103.43

|  PME Nonbond Pairlist CPU Time, Average for All Tasks:
|
|     Routine              Sec        %
|     ---------------------------------
|     Set Up Cit           0.29    0.28
|     Build List          10.38   10.04
|     ---------------------------------
|     Total               10.67   10.31

|  PME Direct Force CPU Time, Average for All Tasks:
|
|     Routine              Sec        %
|     ---------------------------------
|     NonBonded Calc      60.98   58.96
|     Exclude Masked       0.67    0.65
|     Other                2.39    2.31
|     ---------------------------------
|     Total               64.04   61.92

|  PME Reciprocal Force CPU Time, Average for All Tasks:
|
|     Routine              Sec        %
|     ---------------------------------
|     1D bspline           1.11    1.07
|     Grid Charges         1.21    1.17
|     Scalar Sum           1.15    1.11
|     Gradient Sum         2.09    2.02
|     FFT                  7.44    7.20
|     ---------------------------------
|     Total               13.01   12.58

|  PME Load Balancing CPU Time, Average for All Tasks:
|
|     Routine                 Sec        %
|     ------------------------------------
|     Atom Reassign           0.00    0.00
|     Image Reassign          0.01    0.01
|     FFT Reassign            0.00    0.00
|     ------------------------------------
|     Total                   0.01    0.01

|  Final Performance Info:
|     -----------------------------------------------------
|     Average timings for last   20500 steps:
|     Elapsed(s) =      42.76 Per Step(ms) =       2.09
|         ns/day =      82.85   seconds/ns =    1042.88
|
|     Average timings for all steps:
|     Elapsed(s) =     103.49 Per Step(ms) =       2.07
|         ns/day =      83.49   seconds/ns =    1034.91
|     -----------------------------------------------------

|  Master Setup CPU time:            0.03 seconds
|  Master NonSetup CPU time:       103.09 seconds
|  Master Total CPU time:          103.12 seconds     0.03 hours

|  Master Setup wall time:           0    seconds
|  Master NonSetup wall time:      104    seconds
|  Master Total wall time:         104    seconds     0.03 hours
