
          -------------------------------------------------------
          Amber 18 PMEMD                              2018
          -------------------------------------------------------

| PMEMD implementation of SANDER, Release 18

| Run on 03/23/2022 at 18:07:17

|   Executable path: pmemd.MPI
| Working directory: /bgfs/lchong/dty7/ff15ipq-lig/charges/gaff_02/GenConformers/Conf10
|          Hostname: smp-n123

  [-O]verwriting output

File Assignments:
|   MDIN: ../../../amber/6.3_eq2.in                                             
|  MDOUT: 6.3_eq2.out                                                           
| INPCRD: 6.2_eq1.rst                                                           
|   PARM: ../../mon.top                                                         
| RESTRT: 6.3_eq2.rst                                                           
|   REFC: 6.2_eq1.rst                                                           
|  MDVEL: mdvel                                                                 
|   MDEN: mden                                                                  
|  MDCRD: mdcrd                                                                 
| MDINFO: mdinfo                                                                
|LOGFILE: logfile                                                               
|  MDFRC: mdfrc                                                                 

 
 Here is the input file:
 
&cntrl                                                                         
  imin      = 0,                                                               
  irest     = 1,                                                               
  ntx       = 5,                                                               
  ig        = -1,                                                              
  dt        = 0.002,                                                           
  nstlim    = 50000,                                                           
  nscm      = 500,                                                             
  ntr       = 1,                                                               
  restraintmask = ':1',                                                        
  restraint_wt  = 10.0,                                                        
  ntb       = 2,                                                               
  ntp       = 1,                                                               
  barostat  = 2,                                                               
  pres0     = 1.0,                                                             
  mcbarint  = 100,                                                             
  comp      = 44.6,                                                            
  taup      = 1.0,                                                             
  ntt       = 3,                                                               
  temp0     = 298.0,                                                           
  gamma_ln  = 1.0,                                                             
  ntf       = 2,                                                               
  ntc       = 2,                                                               
  cut       = 10.0,                                                            
  ntpr      = 500,                                                             
  ntxo      = 1,                                                               
  ntwr      = 50000,                                                           
  ioutfm    = 1,                                                               
  ntwx      = 500,                                                             
  iwrap     = 1,                                                               
&end                                                                           


Note: ig = -1. Setting random seed to   156954 based on wallclock time in
      microseconds and disabling the synchronization of random numbers 
      between tasks to improve performance.
| irandom = 1, using AMBER's internal random number generator (default).
 
 
| Conditional Compilation Defines Used:
| MPI
| FFTW_FFT
| BINTRAJ
| MKL
| EMIL
 
| Largest sphere to fit in unit cell has radius =    14.852

| New format PARM file being parsed.
| Version =    1.000 Date = 03/23/22 Time = 14:37:26

| Note: 1-4 EEL scale factors are being read from the topology file.

| Note: 1-4 VDW scale factors are being read from the topology file.
| Duplicated    0 dihedrals

| Duplicated    0 dihedrals

--------------------------------------------------------------------------------
   1.  RESOURCE   USE: 
--------------------------------------------------------------------------------

 getting box info from netcdf restart file
 NATOM  =    3240 NTYPES =      13 NBONH =    3220 MBONA  =      21
 NTHETH =      33 MTHETA =      29 NPHIH =      60 MPHIA  =      45
 NHPARM =       0 NPARM  =       0 NNB   =    4456 NRES   =    1069
 NBONA  =      21 NTHETA =      29 NPHIA =      45 NUMBND =      22
 NUMANG =      35 NPTRA  =      18 NATYP =      17 NPHB   =       0
 IFBOX  =       2 NMXRS  =      36 IFCAP =       0 NEXTRA =       0
 NCOPY  =       0

| Coordinate Index Table dimensions:     5    5    5
| Direct force subcell size =     7.2761    7.2761    7.2761

     BOX TYPE: TRUNCATED OCTAHEDRON

--------------------------------------------------------------------------------
   2.  CONTROL  DATA  FOR  THE  RUN
--------------------------------------------------------------------------------

default_name                                                                    

General flags:
     imin    =       0, nmropt  =       0

Nature and format of input:
     ntx     =       5, irest   =       1, ntrx    =       1

Nature and format of output:
     ntxo    =       1, ntpr    =     500, ntrx    =       1, ntwr    =   50000
     iwrap   =       1, ntwx    =     500, ntwv    =       0, ntwe    =       0
     ioutfm  =       1, ntwprt  =       0, idecomp =       0, rbornstat=      0

Potential function:
     ntf     =       2, ntb     =       2, igb     =       0, nsnb    =      25
     ipol    =       0, gbsa    =       0, iesp    =       0
     dielc   =   1.00000, cut     =  10.00000, intdiel =   1.00000

Frozen or restrained atoms:
     ibelly  =       0, ntr     =       1
     restraint_wt =  10.00000

Molecular dynamics:
     nstlim  =     50000, nscm    =         0, nrespa  =         1
     t       =   0.00000, dt      =   0.00200, vlimit  =  20.00000

Langevin dynamics temperature regulation:
     ig      =  156954
     temp0   = 298.00000, tempi   =   0.00000, gamma_ln=   1.00000

Pressure regulation:
     ntp     =       1
     pres0   =   1.00000, comp    =  44.60000, taup    =   1.00000
     Monte-Carlo Barostat:
     mcbarint  =     100

SHAKE:
     ntc     =       2, jfastw  =       0
     tol     =   0.00001

| Intermolecular bonds treatment:
|     no_intermolecular_bonds =       1

| Energy averages sample interval:
|     ene_avg_sampling =     500

Ewald parameters:
     verbose =       0, ew_type =       0, nbflag  =       1, use_pme =       1
     vdwmeth =       1, eedmeth =       1, netfrc  =       1
     Box X =   36.381   Box Y =   36.381   Box Z =   36.381
     Alpha =  109.471   Beta  =  109.471   Gamma =  109.471
     NFFT1 =   40       NFFT2 =   40       NFFT3 =   40
     Cutoff=   10.000   Tol   =0.100E-04
     Ewald Coefficient =  0.27511
     Interpolation order =    4

| PMEMD ewald parallel performance parameters:
|     block_fft =    0
|     fft_blk_y_divisor =    2
|     excl_recip =    0
|     excl_master =    0
|     atm_redist_freq =  320

    LOADING THE CONSTRAINED ATOMS AS GROUPS


   5.  REFERENCE ATOM COORDINATES

  default_name                                                                    
     Mask :1; matches    36 atoms
| MONTE CARLO BAROSTAT IMPORTANT NOTE:
|   The Monte-Carlo barostat does not require the virial to adjust the system volume.
|   Since it is an expensive calculation, it is skipped for efficiency. A side-effect
|   is that the reported pressure is always 0 because it is not calculated.

--------------------------------------------------------------------------------
   3.  ATOMIC COORDINATES AND VELOCITIES
--------------------------------------------------------------------------------

default_name                                                                    
 begin time read from input coords =    20.000 ps

 
 Number of triangulated 3-point waters found:     1068

     Sum of charges from parm topology file =  -0.00010118
     Forcing neutrality...

| Dynamic Memory, Types Used:
| Reals             1243214
| Integers           213778

| Nonbonded Pairs Initial Allocation:      317358

| Running AMBER/MPI version on    8 MPI task

 
--------------------------------------------------------------------------------
   4.  RESULTS
--------------------------------------------------------------------------------

 ---------------------------------------------------
 APPROXIMATING switch and d/dx switch using CUBIC SPLINE INTERPOLATION
 using   5000.0 points per unit in tabled values
 TESTING RELATIVE ERROR over r ranging from 0.0 to cutoff
| CHECK switch(x): max rel err =   0.3316E-14   at   2.351880
| CHECK d/dx switch(x): max rel err =   0.8066E-11   at   2.747240
 ---------------------------------------------------
|---------------------------------------------------
| APPROXIMATING direct energy using CUBIC SPLINE INTERPOLATION
|  with   50.0 points per unit in tabled values
| Relative Error Limit not exceeded for r .gt.   2.34
| APPROXIMATING direct force using CUBIC SPLINE INTERPOLATION
|  with   50.0 points per unit in tabled values
| Relative Error Limit not exceeded for r .gt.   2.81
|---------------------------------------------------

 NSTEP =      500   TIME(PS) =      21.000  TEMP(K) =   301.69  PRESS =     0.0
 Etot   =    -10750.4250  EKtot   =      1948.4329  EPtot      =    -12698.8578
 BOND   =         3.6161  ANGLE   =         8.7669  DIHED      =        11.1779
 1-4 NB =        12.0061  1-4 EEL =      -662.8030  VDWAALS    =      2394.1413
 EELEC  =    -14472.4112  EHBOND  =         0.0000  RESTRAINT  =         6.6480
 EAMBER (non-restraint)  =    -12705.5058
 EKCMT  =         0.0000  VIRIAL  =         0.0000  VOLUME     =     36635.2040
                                                    Density    =         0.8854
 Ewald error estimate:   0.3798E-04
 ------------------------------------------------------------------------------


 NSTEP =     1000   TIME(PS) =      22.000  TEMP(K) =   291.31  PRESS =     0.0
 Etot   =    -10712.2575  EKtot   =      1881.3691  EPtot      =    -12593.6266
 BOND   =         7.5314  ANGLE   =        13.8355  DIHED      =        12.7278
 1-4 NB =        11.2555  1-4 EEL =      -667.3231  VDWAALS    =      2271.1530
 EELEC  =    -14250.6441  EHBOND  =         0.0000  RESTRAINT  =         7.8374
 EAMBER (non-restraint)  =    -12601.4640
 EKCMT  =         0.0000  VIRIAL  =         0.0000  VOLUME     =     36142.6720
                                                    Density    =         0.8975
 Ewald error estimate:   0.6143E-04
 ------------------------------------------------------------------------------


 NSTEP =     1500   TIME(PS) =      23.000  TEMP(K) =   301.73  PRESS =     0.0
 Etot   =    -10725.7892  EKtot   =      1948.6798  EPtot      =    -12674.4690
 BOND   =         5.2390  ANGLE   =        14.3322  DIHED      =        13.6818
 1-4 NB =        12.4652  1-4 EEL =      -661.7228  VDWAALS    =      2299.8209
 EELEC  =    -14366.8504  EHBOND  =         0.0000  RESTRAINT  =         8.5652
 EAMBER (non-restraint)  =    -12683.0341
 EKCMT  =         0.0000  VIRIAL  =         0.0000  VOLUME     =     35448.7037
                                                    Density    =         0.9150
 Ewald error estimate:   0.2566E-03
 ------------------------------------------------------------------------------


 NSTEP =     2000   TIME(PS) =      24.000  TEMP(K) =   307.32  PRESS =     0.0
 Etot   =    -10740.1930  EKtot   =      1984.7937  EPtot      =    -12724.9867
 BOND   =         6.8194  ANGLE   =        13.5941  DIHED      =        12.4633
 1-4 NB =        12.3386  1-4 EEL =      -665.7598  VDWAALS    =      2340.3866
 EELEC  =    -14454.2562  EHBOND  =         0.0000  RESTRAINT  =         9.4273
 EAMBER (non-restraint)  =    -12734.4140
 EKCMT  =         0.0000  VIRIAL  =         0.0000  VOLUME     =     35264.6775
                                                    Density    =         0.9198
 Ewald error estimate:   0.1127E-03
 ------------------------------------------------------------------------------


 NSTEP =     2500   TIME(PS) =      25.000  TEMP(K) =   303.11  PRESS =     0.0
 Etot   =    -10760.3808  EKtot   =      1957.6085  EPtot      =    -12717.9893
 BOND   =         7.4048  ANGLE   =        18.2332  DIHED      =        12.0071
 1-4 NB =        13.8737  1-4 EEL =      -668.8451  VDWAALS    =      2352.6271
 EELEC  =    -14463.0116  EHBOND  =         0.0000  RESTRAINT  =         9.7214
 EAMBER (non-restraint)  =    -12727.7107
 EKCMT  =         0.0000  VIRIAL  =         0.0000  VOLUME     =     35013.9000
                                                    Density    =         0.9264
 Ewald error estimate:   0.2374E-03
 ------------------------------------------------------------------------------


 NSTEP =     3000   TIME(PS) =      26.000  TEMP(K) =   299.34  PRESS =     0.0
 Etot   =    -10832.0523  EKtot   =      1933.2650  EPtot      =    -12765.3173
 BOND   =        12.9370  ANGLE   =        16.7820  DIHED      =        13.4424
 1-4 NB =        11.3427  1-4 EEL =      -667.0502  VDWAALS    =      2444.4667
 EELEC  =    -14606.4850  EHBOND  =         0.0000  RESTRAINT  =         9.2472
 EAMBER (non-restraint)  =    -12774.5645
 EKCMT  =         0.0000  VIRIAL  =         0.0000  VOLUME     =     34670.8730
                                                    Density    =         0.9356
 Ewald error estimate:   0.2572E-03
 ------------------------------------------------------------------------------


 NSTEP =     3500   TIME(PS) =      27.000  TEMP(K) =   247.98  PRESS =     0.0
 Etot   =    -11227.8252  EKtot   =      1601.5202  EPtot      =    -12829.3454
 BOND   =         8.9618  ANGLE   =        16.7642  DIHED      =        11.1263
 1-4 NB =        14.2333  1-4 EEL =      -671.3957  VDWAALS    =      2430.5243
 EELEC  =    -14648.1878  EHBOND  =         0.0000  RESTRAINT  =         8.6282
 EAMBER (non-restraint)  =    -12837.9736
 EKCMT  =         0.0000  VIRIAL  =         0.0000  VOLUME     =     34231.1055
                                                    Density    =         0.9476
 Ewald error estimate:   0.1597E-03
 ------------------------------------------------------------------------------


 NSTEP =     4000   TIME(PS) =      28.000  TEMP(K) =   307.41  PRESS =     0.0
 Etot   =    -10787.3520  EKtot   =      1985.3645  EPtot      =    -12772.7165
 BOND   =         6.4973  ANGLE   =        14.3891  DIHED      =        11.5141
 1-4 NB =        12.7002  1-4 EEL =      -667.6427  VDWAALS    =      2457.1804
 EELEC  =    -14619.9625  EHBOND  =         0.0000  RESTRAINT  =        12.6075
 EAMBER (non-restraint)  =    -12785.3241
 EKCMT  =         0.0000  VIRIAL  =         0.0000  VOLUME     =     33944.8062
                                                    Density    =         0.9556
 Ewald error estimate:   0.3523E-03
 ------------------------------------------------------------------------------


 NSTEP =     4500   TIME(PS) =      29.000  TEMP(K) =   295.94  PRESS =     0.0
 Etot   =    -10862.4895  EKtot   =      1911.3076  EPtot      =    -12773.7971
 BOND   =         7.5607  ANGLE   =        11.5496  DIHED      =        14.1482
 1-4 NB =        12.8143  1-4 EEL =      -663.8425  VDWAALS    =      2568.6454
 EELEC  =    -14731.6577  EHBOND  =         0.0000  RESTRAINT  =         6.9849
 EAMBER (non-restraint)  =    -12780.7819
 EKCMT  =         0.0000  VIRIAL  =         0.0000  VOLUME     =     33252.8613
                                                    Density    =         0.9755
 Ewald error estimate:   0.2271E-03
 ------------------------------------------------------------------------------


 NSTEP =     5000   TIME(PS) =      30.000  TEMP(K) =   296.21  PRESS =     0.0
 Etot   =    -10903.6764  EKtot   =      1913.0641  EPtot      =    -12816.7405
 BOND   =        12.2116  ANGLE   =        16.3132  DIHED      =        13.1387
 1-4 NB =        12.1639  1-4 EEL =      -668.1915  VDWAALS    =      2526.0869
 EELEC  =    -14738.8154  EHBOND  =         0.0000  RESTRAINT  =        10.3520
 EAMBER (non-restraint)  =    -12827.0926
 EKCMT  =         0.0000  VIRIAL  =         0.0000  VOLUME     =     32963.8153
                                                    Density    =         0.9840
 Ewald error estimate:   0.2635E-03
 ------------------------------------------------------------------------------


 NSTEP =     5500   TIME(PS) =      31.000  TEMP(K) =   304.72  PRESS =     0.0
 Etot   =    -10900.1518  EKtot   =      1968.0040  EPtot      =    -12868.1558
 BOND   =         6.4060  ANGLE   =        14.1426  DIHED      =        11.5849
 1-4 NB =        13.4123  1-4 EEL =      -672.3063  VDWAALS    =      2442.8310
 EELEC  =    -14690.6797  EHBOND  =         0.0000  RESTRAINT  =         6.4533
 EAMBER (non-restraint)  =    -12874.6091
 EKCMT  =         0.0000  VIRIAL  =         0.0000  VOLUME     =     32890.6511
                                                    Density    =         0.9862
 Ewald error estimate:   0.4820E-04
 ------------------------------------------------------------------------------


 NSTEP =     6000   TIME(PS) =      32.000  TEMP(K) =   304.70  PRESS =     0.0
 Etot   =    -10948.4888  EKtot   =      1967.8960  EPtot      =    -12916.3849
 BOND   =         7.1657  ANGLE   =        12.7859  DIHED      =        15.1943
 1-4 NB =        11.1747  1-4 EEL =      -664.5722  VDWAALS    =      2528.2013
 EELEC  =    -14836.8104  EHBOND  =         0.0000  RESTRAINT  =        10.4759
 EAMBER (non-restraint)  =    -12926.8607
 EKCMT  =         0.0000  VIRIAL  =         0.0000  VOLUME     =     32856.5767
                                                    Density    =         0.9872
 Ewald error estimate:   0.1130E-03
 ------------------------------------------------------------------------------


 NSTEP =     6500   TIME(PS) =      33.000  TEMP(K) =   307.17  PRESS =     0.0
 Etot   =    -10962.9897  EKtot   =      1983.8353  EPtot      =    -12946.8250
 BOND   =         5.5319  ANGLE   =        13.4178  DIHED      =        13.8777
 1-4 NB =        13.4045  1-4 EEL =      -674.5139  VDWAALS    =      2559.1574
 EELEC  =    -14884.0026  EHBOND  =         0.0000  RESTRAINT  =         6.3022
 EAMBER (non-restraint)  =    -12953.1272
 EKCMT  =         0.0000  VIRIAL  =         0.0000  VOLUME     =     32341.8134
                                                    Density    =         1.0029
 Ewald error estimate:   0.7764E-04
 ------------------------------------------------------------------------------


 NSTEP =     7000   TIME(PS) =      34.000  TEMP(K) =   296.38  PRESS =     0.0
 Etot   =    -10934.8238  EKtot   =      1914.1545  EPtot      =    -12848.9783
 BOND   =         8.4424  ANGLE   =        10.7653  DIHED      =        12.2107
 1-4 NB =        12.4681  1-4 EEL =      -670.4591  VDWAALS    =      2535.4882
 EELEC  =    -14766.4648  EHBOND  =         0.0000  RESTRAINT  =         8.5708
 EAMBER (non-restraint)  =    -12857.5491
 EKCMT  =         0.0000  VIRIAL  =         0.0000  VOLUME     =     32752.7016
                                                    Density    =         0.9903
 Ewald error estimate:   0.1374E-03
 ------------------------------------------------------------------------------


 NSTEP =     7500   TIME(PS) =      35.000  TEMP(K) =   304.76  PRESS =     0.0
 Etot   =    -10981.6508  EKtot   =      1968.2688  EPtot      =    -12949.9197
 BOND   =         5.0410  ANGLE   =        15.3213  DIHED      =        11.7714
 1-4 NB =        13.1943  1-4 EEL =      -668.8935  VDWAALS    =      2433.3928
 EELEC  =    -14768.0859  EHBOND  =         0.0000  RESTRAINT  =         8.3389
 EAMBER (non-restraint)  =    -12958.2586
 EKCMT  =         0.0000  VIRIAL  =         0.0000  VOLUME     =     32587.0047
                                                    Density    =         0.9954
 Ewald error estimate:   0.8164E-04
 ------------------------------------------------------------------------------


 NSTEP =     8000   TIME(PS) =      36.000  TEMP(K) =   294.57  PRESS =     0.0
 Etot   =    -10983.7903  EKtot   =      1902.4665  EPtot      =    -12886.2569
 BOND   =         7.1338  ANGLE   =        15.1333  DIHED      =        13.8564
 1-4 NB =        11.8774  1-4 EEL =      -666.4420  VDWAALS    =      2528.5941
 EELEC  =    -14805.7520  EHBOND  =         0.0000  RESTRAINT  =         9.3421
 EAMBER (non-restraint)  =    -12895.5989
 EKCMT  =         0.0000  VIRIAL  =         0.0000  VOLUME     =     32065.7808
                                                    Density    =         1.0116
 Ewald error estimate:   0.3241E-03
 ------------------------------------------------------------------------------


 NSTEP =     8500   TIME(PS) =      37.000  TEMP(K) =   297.24  PRESS =     0.0
 Etot   =    -10963.5476  EKtot   =      1919.7128  EPtot      =    -12883.2604
 BOND   =        10.7665  ANGLE   =        12.0111  DIHED      =        13.3905
 1-4 NB =        13.7485  1-4 EEL =      -671.3761  VDWAALS    =      2412.6787
 EELEC  =    -14684.0138  EHBOND  =         0.0000  RESTRAINT  =         9.5343
 EAMBER (non-restraint)  =    -12892.7947
 EKCMT  =         0.0000  VIRIAL  =         0.0000  VOLUME     =     32297.6938
                                                    Density    =         1.0043
 Ewald error estimate:   0.1431E-03
 ------------------------------------------------------------------------------


 NSTEP =     9000   TIME(PS) =      38.000  TEMP(K) =   300.32  PRESS =     0.0
 Etot   =    -10918.9628  EKtot   =      1939.6063  EPtot      =    -12858.5691
 BOND   =         4.9529  ANGLE   =        15.7036  DIHED      =        12.6700
 1-4 NB =        11.3016  1-4 EEL =      -659.6674  VDWAALS    =      2428.5397
 EELEC  =    -14678.9140  EHBOND  =         0.0000  RESTRAINT  =         6.8446
 EAMBER (non-restraint)  =    -12865.4136
 EKCMT  =         0.0000  VIRIAL  =         0.0000  VOLUME     =     32272.6854
                                                    Density    =         1.0051
 Ewald error estimate:   0.3460E-04
 ------------------------------------------------------------------------------


 NSTEP =     9500   TIME(PS) =      39.000  TEMP(K) =   291.70  PRESS =     0.0
 Etot   =    -11005.9484  EKtot   =      1883.8796  EPtot      =    -12889.8280
 BOND   =         7.5829  ANGLE   =        14.5007  DIHED      =        11.0175
 1-4 NB =        13.0937  1-4 EEL =      -663.0803  VDWAALS    =      2523.8427
 EELEC  =    -14806.5926  EHBOND  =         0.0000  RESTRAINT  =         9.8075
 EAMBER (non-restraint)  =    -12899.6354
 EKCMT  =         0.0000  VIRIAL  =         0.0000  VOLUME     =     32230.1787
                                                    Density    =         1.0064
 Ewald error estimate:   0.2642E-03
 ------------------------------------------------------------------------------


 NSTEP =    10000   TIME(PS) =      40.000  TEMP(K) =   304.44  PRESS =     0.0
 Etot   =    -11045.0626  EKtot   =      1966.2044  EPtot      =    -13011.2670
 BOND   =        11.1347  ANGLE   =        17.2201  DIHED      =        12.7827
 1-4 NB =        13.1686  1-4 EEL =      -673.0267  VDWAALS    =      2552.0992
 EELEC  =    -14951.0635  EHBOND  =         0.0000  RESTRAINT  =         6.4179
 EAMBER (non-restraint)  =    -13017.6849
 EKCMT  =         0.0000  VIRIAL  =         0.0000  VOLUME     =     32093.0153
                                                    Density    =         1.0107
 Ewald error estimate:   0.5911E-04
 ------------------------------------------------------------------------------


 NSTEP =    10500   TIME(PS) =      41.000  TEMP(K) =   293.23  PRESS =     0.0
 Etot   =    -11087.1477  EKtot   =      1893.7831  EPtot      =    -12980.9308
 BOND   =         8.8719  ANGLE   =        14.1078  DIHED      =        10.8526
 1-4 NB =        12.6564  1-4 EEL =      -666.4763  VDWAALS    =      2515.1450
 EELEC  =    -14885.9658  EHBOND  =         0.0000  RESTRAINT  =         9.8777
 EAMBER (non-restraint)  =    -12990.8085
 EKCMT  =         0.0000  VIRIAL  =         0.0000  VOLUME     =     32130.9583
                                                    Density    =         1.0095
 Ewald error estimate:   0.3493E-03
 ------------------------------------------------------------------------------


 NSTEP =    11000   TIME(PS) =      42.000  TEMP(K) =   290.57  PRESS =     0.0
 Etot   =    -11069.7724  EKtot   =      1876.6395  EPtot      =    -12946.4119
 BOND   =        11.3947  ANGLE   =        12.3398  DIHED      =        11.8046
 1-4 NB =        14.8528  1-4 EEL =      -675.1652  VDWAALS    =      2504.6116
 EELEC  =    -14834.7555  EHBOND  =         0.0000  RESTRAINT  =         8.5053
 EAMBER (non-restraint)  =    -12954.9172
 EKCMT  =         0.0000  VIRIAL  =         0.0000  VOLUME     =     32130.9583
                                                    Density    =         1.0095
 Ewald error estimate:   0.6856E-04
 ------------------------------------------------------------------------------


 NSTEP =    11500   TIME(PS) =      43.000  TEMP(K) =   296.09  PRESS =     0.0
 Etot   =    -11001.8552  EKtot   =      1912.2606  EPtot      =    -12914.1158
 BOND   =        10.5275  ANGLE   =        14.3477  DIHED      =        14.6636
 1-4 NB =        13.4975  1-4 EEL =      -672.1811  VDWAALS    =      2520.3030
 EELEC  =    -14825.5710  EHBOND  =         0.0000  RESTRAINT  =        10.2970
 EAMBER (non-restraint)  =    -12924.4128
 EKCMT  =         0.0000  VIRIAL  =         0.0000  VOLUME     =     32145.6150
                                                    Density    =         1.0091
 Ewald error estimate:   0.4204E-03
 ------------------------------------------------------------------------------


 NSTEP =    12000   TIME(PS) =      44.000  TEMP(K) =   300.46  PRESS =     0.0
 Etot   =    -11004.3559  EKtot   =      1940.4576  EPtot      =    -12944.8136
 BOND   =         8.6659  ANGLE   =        12.9384  DIHED      =        13.3691
 1-4 NB =        12.0947  1-4 EEL =      -669.9195  VDWAALS    =      2413.1158
 EELEC  =    -14741.4325  EHBOND  =         0.0000  RESTRAINT  =         6.3546
 EAMBER (non-restraint)  =    -12951.1682
 EKCMT  =         0.0000  VIRIAL  =         0.0000  VOLUME     =     32145.6150
                                                    Density    =         1.0091
 Ewald error estimate:   0.3256E-03
 ------------------------------------------------------------------------------


 NSTEP =    12500   TIME(PS) =      45.000  TEMP(K) =   304.01  PRESS =     0.0
 Etot   =    -10968.5860  EKtot   =      1963.4175  EPtot      =    -12932.0035
 BOND   =         7.4890  ANGLE   =        12.1692  DIHED      =        11.1073
 1-4 NB =        12.3626  1-4 EEL =      -666.0892  VDWAALS    =      2508.8604
 EELEC  =    -14825.6992  EHBOND  =         0.0000  RESTRAINT  =         7.7964
 EAMBER (non-restraint)  =    -12939.7999
 EKCMT  =         0.0000  VIRIAL  =         0.0000  VOLUME     =     32006.1654
                                                    Density    =         1.0134
 Ewald error estimate:   0.7014E-04
 ------------------------------------------------------------------------------


 NSTEP =    13000   TIME(PS) =      46.000  TEMP(K) =   297.85  PRESS =     0.0
 Etot   =    -10908.1816  EKtot   =      1923.6287  EPtot      =    -12831.8102
 BOND   =         6.6215  ANGLE   =        17.2857  DIHED      =        14.0210
 1-4 NB =        12.9934  1-4 EEL =      -673.2873  VDWAALS    =      2397.4180
 EELEC  =    -14617.6103  EHBOND  =         0.0000  RESTRAINT  =        10.7478
 EAMBER (non-restraint)  =    -12842.5580
 EKCMT  =         0.0000  VIRIAL  =         0.0000  VOLUME     =     32143.6824
                                                    Density    =         1.0091
 Ewald error estimate:   0.1350E-03
 ------------------------------------------------------------------------------


 NSTEP =    13500   TIME(PS) =      47.000  TEMP(K) =   309.72  PRESS =     0.0
 Etot   =    -10974.9335  EKtot   =      2000.2602  EPtot      =    -12975.1936
 BOND   =         6.2028  ANGLE   =        11.3576  DIHED      =         9.8197
 1-4 NB =        12.6659  1-4 EEL =      -662.0097  VDWAALS    =      2491.1255
 EELEC  =    -14853.6597  EHBOND  =         0.0000  RESTRAINT  =         9.3043
 EAMBER (non-restraint)  =    -12984.4980
 EKCMT  =         0.0000  VIRIAL  =         0.0000  VOLUME     =     32150.0218
                                                    Density    =         1.0089
 Ewald error estimate:   0.2104E-03
 ------------------------------------------------------------------------------


 NSTEP =    14000   TIME(PS) =      48.000  TEMP(K) =   290.42  PRESS =     0.0
 Etot   =    -11073.7756  EKtot   =      1875.6253  EPtot      =    -12949.4009
 BOND   =         7.8997  ANGLE   =        17.5247  DIHED      =        15.5503
 1-4 NB =        13.4143  1-4 EEL =      -678.2152  VDWAALS    =      2329.1198
 EELEC  =    -14660.5932  EHBOND  =         0.0000  RESTRAINT  =         5.8987
 EAMBER (non-restraint)  =    -12955.2996
 EKCMT  =         0.0000  VIRIAL  =         0.0000  VOLUME     =     31936.8712
                                                    Density    =         1.0156
 Ewald error estimate:   0.4152E-03
 ------------------------------------------------------------------------------


 NSTEP =    14500   TIME(PS) =      49.000  TEMP(K) =   300.44  PRESS =     0.0
 Etot   =    -11032.0557  EKtot   =      1940.3397  EPtot      =    -12972.3954
 BOND   =         9.6440  ANGLE   =        16.3370  DIHED      =        13.0601
 1-4 NB =        14.8709  1-4 EEL =      -675.0007  VDWAALS    =      2532.9811
 EELEC  =    -14893.8248  EHBOND  =         0.0000  RESTRAINT  =         9.5370
 EAMBER (non-restraint)  =    -12981.9324
 EKCMT  =         0.0000  VIRIAL  =         0.0000  VOLUME     =     31985.2944
                                                    Density    =         1.0141
 Ewald error estimate:   0.3380E-04
 ------------------------------------------------------------------------------


 NSTEP =    15000   TIME(PS) =      50.000  TEMP(K) =   297.79  PRESS =     0.0
 Etot   =    -11029.2449  EKtot   =      1923.2136  EPtot      =    -12952.4585
 BOND   =         8.0131  ANGLE   =        17.4624  DIHED      =        17.4870
 1-4 NB =        13.7098  1-4 EEL =      -674.3338  VDWAALS    =      2412.8459
 EELEC  =    -14766.1204  EHBOND  =         0.0000  RESTRAINT  =        18.4775
 EAMBER (non-restraint)  =    -12970.9360
 EKCMT  =         0.0000  VIRIAL  =         0.0000  VOLUME     =     32481.1237
                                                    Density    =         0.9986
 Ewald error estimate:   0.2219E-03
 ------------------------------------------------------------------------------


 NSTEP =    15500   TIME(PS) =      51.000  TEMP(K) =   289.19  PRESS =     0.0
 Etot   =    -11110.7976  EKtot   =      1867.7129  EPtot      =    -12978.5104
 BOND   =         5.7557  ANGLE   =        13.4475  DIHED      =        10.0629
 1-4 NB =        13.1843  1-4 EEL =      -672.3628  VDWAALS    =      2607.8400
 EELEC  =    -14965.6998  EHBOND  =         0.0000  RESTRAINT  =         9.2618
 EAMBER (non-restraint)  =    -12987.7722
 EKCMT  =         0.0000  VIRIAL  =         0.0000  VOLUME     =     32018.6472
                                                    Density    =         1.0131
 Ewald error estimate:   0.1461E-03
 ------------------------------------------------------------------------------


 NSTEP =    16000   TIME(PS) =      52.000  TEMP(K) =   294.72  PRESS =     0.0
 Etot   =    -11037.1031  EKtot   =      1903.3948  EPtot      =    -12940.4980
 BOND   =         8.7196  ANGLE   =        13.5540  DIHED      =        12.0264
 1-4 NB =        13.5180  1-4 EEL =      -667.4373  VDWAALS    =      2444.9146
 EELEC  =    -14773.9050  EHBOND  =         0.0000  RESTRAINT  =         8.1117
 EAMBER (non-restraint)  =    -12948.6097
 EKCMT  =         0.0000  VIRIAL  =         0.0000  VOLUME     =     32385.5074
                                                    Density    =         1.0016
 Ewald error estimate:   0.1380E-04
 ------------------------------------------------------------------------------


 NSTEP =    16500   TIME(PS) =      53.000  TEMP(K) =   296.56  PRESS =     0.0
 Etot   =    -10945.4918  EKtot   =      1915.2927  EPtot      =    -12860.7845
 BOND   =         4.6881  ANGLE   =        16.5246  DIHED      =        12.1458
 1-4 NB =        13.1926  1-4 EEL =      -666.9715  VDWAALS    =      2428.9830
 EELEC  =    -14679.5814  EHBOND  =         0.0000  RESTRAINT  =        10.2343
 EAMBER (non-restraint)  =    -12871.0188
 EKCMT  =         0.0000  VIRIAL  =         0.0000  VOLUME     =     32244.4827
                                                    Density    =         1.0060
 Ewald error estimate:   0.2184E-03
 ------------------------------------------------------------------------------


 NSTEP =    17000   TIME(PS) =      54.000  TEMP(K) =   292.96  PRESS =     0.0
 Etot   =    -11015.0009  EKtot   =      1892.0654  EPtot      =    -12907.0663
 BOND   =         8.0844  ANGLE   =         9.6690  DIHED      =        10.6590
 1-4 NB =        11.3890  1-4 EEL =      -669.3050  VDWAALS    =      2443.0746
 EELEC  =    -14728.8433  EHBOND  =         0.0000  RESTRAINT  =         8.2059
 EAMBER (non-restraint)  =    -12915.2722
 EKCMT  =         0.0000  VIRIAL  =         0.0000  VOLUME     =     32309.8509
                                                    Density    =         1.0039
 Ewald error estimate:   0.5623E-03
 ------------------------------------------------------------------------------


 NSTEP =    17500   TIME(PS) =      55.000  TEMP(K) =   296.24  PRESS =     0.0
 Etot   =    -10984.4254  EKtot   =      1913.2422  EPtot      =    -12897.6675
 BOND   =        10.5513  ANGLE   =        14.1394  DIHED      =        10.8606
 1-4 NB =        12.9187  1-4 EEL =      -670.8583  VDWAALS    =      2452.8083
 EELEC  =    -14739.4930  EHBOND  =         0.0000  RESTRAINT  =        11.4054
 EAMBER (non-restraint)  =    -12909.0730
 EKCMT  =         0.0000  VIRIAL  =         0.0000  VOLUME     =     32331.2418
                                                    Density    =         1.0033
 Ewald error estimate:   0.4559E-03
 ------------------------------------------------------------------------------


 NSTEP =    18000   TIME(PS) =      56.000  TEMP(K) =   303.36  PRESS =     0.0
 Etot   =    -10957.4667  EKtot   =      1959.2429  EPtot      =    -12916.7095
 BOND   =         5.7529  ANGLE   =        16.2883  DIHED      =        11.6910
 1-4 NB =        12.1660  1-4 EEL =      -664.8738  VDWAALS    =      2461.3525
 EELEC  =    -14769.0931  EHBOND  =         0.0000  RESTRAINT  =        10.0066
 EAMBER (non-restraint)  =    -12926.7162
 EKCMT  =         0.0000  VIRIAL  =         0.0000  VOLUME     =     32150.3836
                                                    Density    =         1.0089
 Ewald error estimate:   0.5014E-04
 ------------------------------------------------------------------------------


 NSTEP =    18500   TIME(PS) =      57.000  TEMP(K) =   300.08  PRESS =     0.0
 Etot   =    -10925.5510  EKtot   =      1938.0221  EPtot      =    -12863.5730
 BOND   =         7.1093  ANGLE   =        12.4401  DIHED      =        10.1266
 1-4 NB =        12.7894  1-4 EEL =      -666.1153  VDWAALS    =      2375.9890
 EELEC  =    -14622.6683  EHBOND  =         0.0000  RESTRAINT  =         6.7561
 EAMBER (non-restraint)  =    -12870.3291
 EKCMT  =         0.0000  VIRIAL  =         0.0000  VOLUME     =     32134.5641
                                                    Density    =         1.0094
 Ewald error estimate:   0.1243E-03
 ------------------------------------------------------------------------------


 NSTEP =    19000   TIME(PS) =      58.000  TEMP(K) =   292.82  PRESS =     0.0
 Etot   =    -11035.3861  EKtot   =      1891.1416  EPtot      =    -12926.5277
 BOND   =         5.0203  ANGLE   =        12.9525  DIHED      =         9.2967
 1-4 NB =        14.3887  1-4 EEL =      -669.5084  VDWAALS    =      2462.2554
 EELEC  =    -14769.5058  EHBOND  =         0.0000  RESTRAINT  =         8.5729
 EAMBER (non-restraint)  =    -12935.1006
 EKCMT  =         0.0000  VIRIAL  =         0.0000  VOLUME     =     32127.1310
                                                    Density    =         1.0096
 Ewald error estimate:   0.8010E-04
 ------------------------------------------------------------------------------


 NSTEP =    19500   TIME(PS) =      59.000  TEMP(K) =   306.52  PRESS =     0.0
 Etot   =    -10972.3892  EKtot   =      1979.6085  EPtot      =    -12951.9977
 BOND   =        13.0308  ANGLE   =        12.0956  DIHED      =        13.1107
 1-4 NB =        12.9145  1-4 EEL =      -676.4640  VDWAALS    =      2452.5759
 EELEC  =    -14786.0396  EHBOND  =         0.0000  RESTRAINT  =         6.7785
 EAMBER (non-restraint)  =    -12958.7762
 EKCMT  =         0.0000  VIRIAL  =         0.0000  VOLUME     =     32251.8458
                                                    Density    =         1.0057
 Ewald error estimate:   0.1021E-03
 ------------------------------------------------------------------------------


 NSTEP =    20000   TIME(PS) =      60.000  TEMP(K) =   307.69  PRESS =     0.0
 Etot   =    -10901.1788  EKtot   =      1987.1467  EPtot      =    -12888.3255
 BOND   =         9.7851  ANGLE   =        13.9520  DIHED      =        10.2465
 1-4 NB =        12.5878  1-4 EEL =      -661.0160  VDWAALS    =      2540.0514
 EELEC  =    -14823.1729  EHBOND  =         0.0000  RESTRAINT  =         9.2407
 EAMBER (non-restraint)  =    -12897.5662
 EKCMT  =         0.0000  VIRIAL  =         0.0000  VOLUME     =     32251.8458
                                                    Density    =         1.0057
 Ewald error estimate:   0.3701E-04
 ------------------------------------------------------------------------------


 NSTEP =    20500   TIME(PS) =      61.000  TEMP(K) =   300.71  PRESS =     0.0
 Etot   =    -11022.2238  EKtot   =      1942.1222  EPtot      =    -12964.3460
 BOND   =        11.7829  ANGLE   =        16.4289  DIHED      =        16.1179
 1-4 NB =        11.2013  1-4 EEL =      -664.8787  VDWAALS    =      2546.3543
 EELEC  =    -14912.8444  EHBOND  =         0.0000  RESTRAINT  =        11.4919
 EAMBER (non-restraint)  =    -12975.8379
 EKCMT  =         0.0000  VIRIAL  =         0.0000  VOLUME     =     31944.5231
                                                    Density    =         1.0154
 Ewald error estimate:   0.2782E-03
 ------------------------------------------------------------------------------


 NSTEP =    21000   TIME(PS) =      62.000  TEMP(K) =   300.47  PRESS =     0.0
 Etot   =    -11056.5750  EKtot   =      1940.5747  EPtot      =    -12997.1496
 BOND   =         6.0330  ANGLE   =        16.5033  DIHED      =        14.5298
 1-4 NB =        11.1034  1-4 EEL =      -664.8517  VDWAALS    =      2483.1320
 EELEC  =    -14873.4108  EHBOND  =         0.0000  RESTRAINT  =         9.8114
 EAMBER (non-restraint)  =    -13006.9610
 EKCMT  =         0.0000  VIRIAL  =         0.0000  VOLUME     =     31944.5231
                                                    Density    =         1.0154
 Ewald error estimate:   0.2418E-05
 ------------------------------------------------------------------------------


 NSTEP =    21500   TIME(PS) =      63.000  TEMP(K) =   297.17  PRESS =     0.0
 Etot   =    -11052.5743  EKtot   =      1919.2607  EPtot      =    -12971.8350
 BOND   =         8.1590  ANGLE   =        17.9545  DIHED      =        11.1237
 1-4 NB =        12.8291  1-4 EEL =      -666.6945  VDWAALS    =      2536.7671
 EELEC  =    -14900.9656  EHBOND  =         0.0000  RESTRAINT  =         8.9917
 EAMBER (non-restraint)  =    -12980.8267
 EKCMT  =         0.0000  VIRIAL  =         0.0000  VOLUME     =     32207.7872
                                                    Density    =         1.0071
 Ewald error estimate:   0.1507E-03
 ------------------------------------------------------------------------------


 NSTEP =    22000   TIME(PS) =      64.000  TEMP(K) =   294.31  PRESS =     0.0
 Etot   =    -11113.2799  EKtot   =      1900.7569  EPtot      =    -13014.0369
 BOND   =         6.4617  ANGLE   =        12.7927  DIHED      =        14.0202
 1-4 NB =        10.1915  1-4 EEL =      -659.7465  VDWAALS    =      2429.2350
 EELEC  =    -14833.4529  EHBOND  =         0.0000  RESTRAINT  =         6.4614
 EAMBER (non-restraint)  =    -13020.4982
 EKCMT  =         0.0000  VIRIAL  =         0.0000  VOLUME     =     32207.7872
                                                    Density    =         1.0071
 Ewald error estimate:   0.1096E-03
 ------------------------------------------------------------------------------


 NSTEP =    22500   TIME(PS) =      65.000  TEMP(K) =   299.53  PRESS =     0.0
 Etot   =    -11065.2140  EKtot   =      1934.4470  EPtot      =    -12999.6610
 BOND   =         6.4554  ANGLE   =        12.0348  DIHED      =        12.1422
 1-4 NB =        13.6430  1-4 EEL =      -665.8484  VDWAALS    =      2586.4014
 EELEC  =    -14973.3819  EHBOND  =         0.0000  RESTRAINT  =         8.8924
 EAMBER (non-restraint)  =    -13008.5534
 EKCMT  =         0.0000  VIRIAL  =         0.0000  VOLUME     =     32337.9739
                                                    Density    =         1.0030
 Ewald error estimate:   0.3689E-03
 ------------------------------------------------------------------------------


 NSTEP =    23000   TIME(PS) =      66.000  TEMP(K) =   297.39  PRESS =     0.0
 Etot   =    -11100.2708  EKtot   =      1920.6354  EPtot      =    -13020.9062
 BOND   =         6.5761  ANGLE   =        15.4926  DIHED      =        15.1054
 1-4 NB =        12.0400  1-4 EEL =      -672.5994  VDWAALS    =      2489.0359
 EELEC  =    -14895.4861  EHBOND  =         0.0000  RESTRAINT  =         8.9292
 EAMBER (non-restraint)  =    -13029.8354
 EKCMT  =         0.0000  VIRIAL  =         0.0000  VOLUME     =     32570.9652
                                                    Density    =         0.9959
 Ewald error estimate:   0.2202E-03
 ------------------------------------------------------------------------------


 NSTEP =    23500   TIME(PS) =      67.000  TEMP(K) =   300.05  PRESS =     0.0
 Etot   =    -11059.4333  EKtot   =      1937.8527  EPtot      =    -12997.2860
 BOND   =         8.7445  ANGLE   =        11.3123  DIHED      =        11.2546
 1-4 NB =        11.3415  1-4 EEL =      -667.4624  VDWAALS    =      2535.3863
 EELEC  =    -14917.6784  EHBOND  =         0.0000  RESTRAINT  =         9.8157
 EAMBER (non-restraint)  =    -13007.1017
 EKCMT  =         0.0000  VIRIAL  =         0.0000  VOLUME     =     32730.7924
                                                    Density    =         0.9910
 Ewald error estimate:   0.1039E-03
 ------------------------------------------------------------------------------


 NSTEP =    24000   TIME(PS) =      68.000  TEMP(K) =   300.14  PRESS =     0.0
 Etot   =    -11031.5426  EKtot   =      1938.3885  EPtot      =    -12969.9311
 BOND   =         8.5738  ANGLE   =        11.2742  DIHED      =        17.2348
 1-4 NB =        13.2053  1-4 EEL =      -672.2229  VDWAALS    =      2551.7768
 EELEC  =    -14907.6079  EHBOND  =         0.0000  RESTRAINT  =         7.8349
 EAMBER (non-restraint)  =    -12977.7660
 EKCMT  =         0.0000  VIRIAL  =         0.0000  VOLUME     =     32682.1111
                                                    Density    =         0.9925
 Ewald error estimate:   0.2320E-03
 ------------------------------------------------------------------------------


 NSTEP =    24500   TIME(PS) =      69.000  TEMP(K) =   294.76  PRESS =     0.0
 Etot   =    -11046.5174  EKtot   =      1903.6899  EPtot      =    -12950.2074
 BOND   =         7.1010  ANGLE   =        13.7507  DIHED      =        12.0869
 1-4 NB =        11.9322  1-4 EEL =      -667.0097  VDWAALS    =      2503.9181
 EELEC  =    -14839.2608  EHBOND  =         0.0000  RESTRAINT  =         7.2742
 EAMBER (non-restraint)  =    -12957.4816
 EKCMT  =         0.0000  VIRIAL  =         0.0000  VOLUME     =     32546.6052
                                                    Density    =         0.9966
 Ewald error estimate:   0.2623E-05
 ------------------------------------------------------------------------------


 NSTEP =    25000   TIME(PS) =      70.000  TEMP(K) =   295.19  PRESS =     0.0
 Etot   =    -11009.8757  EKtot   =      1906.4417  EPtot      =    -12916.3175
 BOND   =         7.0619  ANGLE   =        11.1202  DIHED      =        12.3895
 1-4 NB =        13.9170  1-4 EEL =      -666.4399  VDWAALS    =      2451.5573
 EELEC  =    -14753.9055  EHBOND  =         0.0000  RESTRAINT  =         7.9820
 EAMBER (non-restraint)  =    -12924.2995
 EKCMT  =         0.0000  VIRIAL  =         0.0000  VOLUME     =     32392.4355
                                                    Density    =         1.0014
 Ewald error estimate:   0.6528E-03
 ------------------------------------------------------------------------------


 NSTEP =    25500   TIME(PS) =      71.000  TEMP(K) =   308.75  PRESS =     0.0
 Etot   =    -10959.7940  EKtot   =      1994.0124  EPtot      =    -12953.8064
 BOND   =        11.1688  ANGLE   =        12.2787  DIHED      =        11.1474
 1-4 NB =        11.9505  1-4 EEL =      -669.2313  VDWAALS    =      2504.8791
 EELEC  =    -14845.3177  EHBOND  =         0.0000  RESTRAINT  =         9.3180
 EAMBER (non-restraint)  =    -12963.1244
 EKCMT  =         0.0000  VIRIAL  =         0.0000  VOLUME     =     32239.9878
                                                    Density    =         1.0061
 Ewald error estimate:   0.4578E-03
 ------------------------------------------------------------------------------


 NSTEP =    26000   TIME(PS) =      72.000  TEMP(K) =   294.13  PRESS =     0.0
 Etot   =    -11038.2422  EKtot   =      1899.6293  EPtot      =    -12937.8715
 BOND   =         4.7640  ANGLE   =        12.1355  DIHED      =        11.9475
 1-4 NB =        13.7406  1-4 EEL =      -663.9062  VDWAALS    =      2474.0439
 EELEC  =    -14797.4740  EHBOND  =         0.0000  RESTRAINT  =         6.8773
 EAMBER (non-restraint)  =    -12944.7488
 EKCMT  =         0.0000  VIRIAL  =         0.0000  VOLUME     =     32476.5031
                                                    Density    =         0.9988
 Ewald error estimate:   0.2626E-04
 ------------------------------------------------------------------------------


 NSTEP =    26500   TIME(PS) =      73.000  TEMP(K) =   300.43  PRESS =     0.0
 Etot   =    -10925.9144  EKtot   =      1940.2692  EPtot      =    -12866.1835
 BOND   =         4.7655  ANGLE   =        13.9830  DIHED      =        14.1493
 1-4 NB =        12.8931  1-4 EEL =      -665.9371  VDWAALS    =      2461.2967
 EELEC  =    -14717.6242  EHBOND  =         0.0000  RESTRAINT  =        10.2903
 EAMBER (non-restraint)  =    -12876.4738
 EKCMT  =         0.0000  VIRIAL  =         0.0000  VOLUME     =     32420.5646
                                                    Density    =         1.0005
 Ewald error estimate:   0.1965E-03
 ------------------------------------------------------------------------------


 NSTEP =    27000   TIME(PS) =      74.000  TEMP(K) =   300.48  PRESS =     0.0
 Etot   =    -10994.0784  EKtot   =      1940.5838  EPtot      =    -12934.6622
 BOND   =         5.8414  ANGLE   =        14.4749  DIHED      =        14.1067
 1-4 NB =        12.8504  1-4 EEL =      -671.4073  VDWAALS    =      2452.3173
 EELEC  =    -14770.9154  EHBOND  =         0.0000  RESTRAINT  =         8.0698
 EAMBER (non-restraint)  =    -12942.7320
 EKCMT  =         0.0000  VIRIAL  =         0.0000  VOLUME     =     32449.8158
                                                    Density    =         0.9996
 Ewald error estimate:   0.1601E-03
 ------------------------------------------------------------------------------


 NSTEP =    27500   TIME(PS) =      75.000  TEMP(K) =   296.80  PRESS =     0.0
 Etot   =    -10993.9020  EKtot   =      1916.8232  EPtot      =    -12910.7252
 BOND   =         6.9439  ANGLE   =        11.7069  DIHED      =         9.8911
 1-4 NB =        13.9155  1-4 EEL =      -672.7696  VDWAALS    =      2447.2951
 EELEC  =    -14734.7516  EHBOND  =         0.0000  RESTRAINT  =         7.0434
 EAMBER (non-restraint)  =    -12917.7686
 EKCMT  =         0.0000  VIRIAL  =         0.0000  VOLUME     =     32582.7732
                                                    Density    =         0.9955
 Ewald error estimate:   0.2973E-03
 ------------------------------------------------------------------------------


 NSTEP =    28000   TIME(PS) =      76.000  TEMP(K) =   298.98  PRESS =     0.0
 Etot   =    -10995.0569  EKtot   =      1930.9240  EPtot      =    -12925.9809
 BOND   =         6.2411  ANGLE   =         9.8183  DIHED      =        15.4106
 1-4 NB =        12.4010  1-4 EEL =      -663.3520  VDWAALS    =      2482.8364
 EELEC  =    -14797.1275  EHBOND  =         0.0000  RESTRAINT  =         7.7912
 EAMBER (non-restraint)  =    -12933.7721
 EKCMT  =         0.0000  VIRIAL  =         0.0000  VOLUME     =     32245.6846
                                                    Density    =         1.0059
 Ewald error estimate:   0.1670E-03
 ------------------------------------------------------------------------------


 NSTEP =    28500   TIME(PS) =      77.000  TEMP(K) =   292.11  PRESS =     0.0
 Etot   =    -11094.0536  EKtot   =      1886.5522  EPtot      =    -12980.6058
 BOND   =         9.3019  ANGLE   =        12.4970  DIHED      =        13.5421
 1-4 NB =        13.2445  1-4 EEL =      -674.2313  VDWAALS    =      2414.8369
 EELEC  =    -14777.4476  EHBOND  =         0.0000  RESTRAINT  =         7.6507
 EAMBER (non-restraint)  =    -12988.2565
 EKCMT  =         0.0000  VIRIAL  =         0.0000  VOLUME     =     32549.5173
                                                    Density    =         0.9965
 Ewald error estimate:   0.3496E-03
 ------------------------------------------------------------------------------


 NSTEP =    29000   TIME(PS) =      78.000  TEMP(K) =   296.45  PRESS =     0.0
 Etot   =    -10989.7939  EKtot   =      1914.5781  EPtot      =    -12904.3720
 BOND   =         9.4176  ANGLE   =        12.0905  DIHED      =        11.3607
 1-4 NB =        12.5292  1-4 EEL =      -672.0185  VDWAALS    =      2461.9597
 EELEC  =    -14745.8473  EHBOND  =         0.0000  RESTRAINT  =         6.1361
 EAMBER (non-restraint)  =    -12910.5080
 EKCMT  =         0.0000  VIRIAL  =         0.0000  VOLUME     =     32390.5550
                                                    Density    =         1.0014
 Ewald error estimate:   0.3642E-03
 ------------------------------------------------------------------------------


 NSTEP =    29500   TIME(PS) =      79.000  TEMP(K) =   297.38  PRESS =     0.0
 Etot   =    -10953.1586  EKtot   =      1920.6134  EPtot      =    -12873.7720
 BOND   =         3.5972  ANGLE   =        13.4978  DIHED      =        13.7342
 1-4 NB =        12.9031  1-4 EEL =      -662.5075  VDWAALS    =      2478.5782
 EELEC  =    -14741.3317  EHBOND  =         0.0000  RESTRAINT  =         7.7566
 EAMBER (non-restraint)  =    -12881.5287
 EKCMT  =         0.0000  VIRIAL  =         0.0000  VOLUME     =     32536.8435
                                                    Density    =         0.9969
 Ewald error estimate:   0.4235E-03
 ------------------------------------------------------------------------------


 NSTEP =    30000   TIME(PS) =      80.000  TEMP(K) =   302.84  PRESS =     0.0
 Etot   =    -10907.5501  EKtot   =      1955.8680  EPtot      =    -12863.4180
 BOND   =         5.0639  ANGLE   =        19.2115  DIHED      =        11.2522
 1-4 NB =        12.5282  1-4 EEL =      -659.4544  VDWAALS    =      2502.2188
 EELEC  =    -14761.2287  EHBOND  =         0.0000  RESTRAINT  =         6.9905
 EAMBER (non-restraint)  =    -12870.4085
 EKCMT  =         0.0000  VIRIAL  =         0.0000  VOLUME     =     32362.6737
                                                    Density    =         1.0023
 Ewald error estimate:   0.5548E-04
 ------------------------------------------------------------------------------


 NSTEP =    30500   TIME(PS) =      81.000  TEMP(K) =   302.36  PRESS =     0.0
 Etot   =    -10934.2811  EKtot   =      1952.7830  EPtot      =    -12887.0641
 BOND   =         7.2488  ANGLE   =        14.0292  DIHED      =        16.4617
 1-4 NB =        12.6715  1-4 EEL =      -671.9802  VDWAALS    =      2510.3914
 EELEC  =    -14782.8192  EHBOND  =         0.0000  RESTRAINT  =         6.9328
 EAMBER (non-restraint)  =    -12893.9969
 EKCMT  =         0.0000  VIRIAL  =         0.0000  VOLUME     =     32042.9483
                                                    Density    =         1.0123
 Ewald error estimate:   0.8754E-04
 ------------------------------------------------------------------------------


 NSTEP =    31000   TIME(PS) =      82.000  TEMP(K) =   312.87  PRESS =     0.0
 Etot   =    -10878.3275  EKtot   =      2020.6603  EPtot      =    -12898.9878
 BOND   =         6.8416  ANGLE   =        13.8285  DIHED      =        12.8696
 1-4 NB =        11.7156  1-4 EEL =      -664.8982  VDWAALS    =      2404.1937
 EELEC  =    -14693.4245  EHBOND  =         0.0000  RESTRAINT  =         9.8860
 EAMBER (non-restraint)  =    -12908.8737
 EKCMT  =         0.0000  VIRIAL  =         0.0000  VOLUME     =     31997.5934
                                                    Density    =         1.0137
 Ewald error estimate:   0.3653E-03
 ------------------------------------------------------------------------------


 NSTEP =    31500   TIME(PS) =      83.000  TEMP(K) =   306.67  PRESS =     0.0
 Etot   =    -10903.4907  EKtot   =      1980.5574  EPtot      =    -12884.0481
 BOND   =         7.0336  ANGLE   =        14.9339  DIHED      =        12.8169
 1-4 NB =        12.1590  1-4 EEL =      -662.0114  VDWAALS    =      2370.6748
 EELEC  =    -14647.1301  EHBOND  =         0.0000  RESTRAINT  =         7.4753
 EAMBER (non-restraint)  =    -12891.5234
 EKCMT  =         0.0000  VIRIAL  =         0.0000  VOLUME     =     32279.7227
                                                    Density    =         1.0049
 Ewald error estimate:   0.6972E-04
 ------------------------------------------------------------------------------


 NSTEP =    32000   TIME(PS) =      84.000  TEMP(K) =   309.29  PRESS =     0.0
 Etot   =    -10955.8575  EKtot   =      1997.5218  EPtot      =    -12953.3793
 BOND   =        10.3542  ANGLE   =        14.5479  DIHED      =        11.1153
 1-4 NB =        13.5718  1-4 EEL =      -674.0703  VDWAALS    =      2435.9832
 EELEC  =    -14775.7698  EHBOND  =         0.0000  RESTRAINT  =        10.8883
 EAMBER (non-restraint)  =    -12964.2676
 EKCMT  =         0.0000  VIRIAL  =         0.0000  VOLUME     =     32324.3617
                                                    Density    =         1.0035
 Ewald error estimate:   0.4477E-03
 ------------------------------------------------------------------------------


 NSTEP =    32500   TIME(PS) =      85.000  TEMP(K) =   300.61  PRESS =     0.0
 Etot   =    -10991.0894  EKtot   =      1941.4522  EPtot      =    -12932.5416
 BOND   =         5.1160  ANGLE   =        14.8027  DIHED      =        11.7765
 1-4 NB =        13.7241  1-4 EEL =      -665.1132  VDWAALS    =      2524.0129
 EELEC  =    -14846.5758  EHBOND  =         0.0000  RESTRAINT  =         9.7152
 EAMBER (non-restraint)  =    -12942.2568
 EKCMT  =         0.0000  VIRIAL  =         0.0000  VOLUME     =     32121.4458
                                                    Density    =         1.0098
 Ewald error estimate:   0.7945E-04
 ------------------------------------------------------------------------------


 NSTEP =    33000   TIME(PS) =      86.000  TEMP(K) =   308.44  PRESS =     0.0
 Etot   =    -10886.2582  EKtot   =      1992.0146  EPtot      =    -12878.2728
 BOND   =         6.1565  ANGLE   =        12.3897  DIHED      =        11.5506
 1-4 NB =        12.0895  1-4 EEL =      -669.6893  VDWAALS    =      2567.1869
 EELEC  =    -14829.4154  EHBOND  =         0.0000  RESTRAINT  =        11.4587
 EAMBER (non-restraint)  =    -12889.7315
 EKCMT  =         0.0000  VIRIAL  =         0.0000  VOLUME     =     32288.3876
                                                    Density    =         1.0046
 Ewald error estimate:   0.2938E-04
 ------------------------------------------------------------------------------


 NSTEP =    33500   TIME(PS) =      87.000  TEMP(K) =   308.64  PRESS =     0.0
 Etot   =    -10807.1899  EKtot   =      1993.3141  EPtot      =    -12800.5040
 BOND   =         6.9285  ANGLE   =        12.1875  DIHED      =        16.4077
 1-4 NB =        12.0456  1-4 EEL =      -665.2204  VDWAALS    =      2372.3142
 EELEC  =    -14563.9454  EHBOND  =         0.0000  RESTRAINT  =         8.7784
 EAMBER (non-restraint)  =    -12809.2823
 EKCMT  =         0.0000  VIRIAL  =         0.0000  VOLUME     =     32414.6848
                                                    Density    =         1.0007
 Ewald error estimate:   0.7245E-04
 ------------------------------------------------------------------------------


 NSTEP =    34000   TIME(PS) =      88.000  TEMP(K) =   307.92  PRESS =     0.0
 Etot   =    -10865.2675  EKtot   =      1988.6471  EPtot      =    -12853.9146
 BOND   =        15.5254  ANGLE   =        13.9042  DIHED      =        12.2132
 1-4 NB =        13.5806  1-4 EEL =      -672.2998  VDWAALS    =      2565.8383
 EELEC  =    -14813.2213  EHBOND  =         0.0000  RESTRAINT  =        10.5448
 EAMBER (non-restraint)  =    -12864.4594
 EKCMT  =         0.0000  VIRIAL  =         0.0000  VOLUME     =     32201.1807
                                                    Density    =         1.0073
 Ewald error estimate:   0.7664E-04
 ------------------------------------------------------------------------------


 NSTEP =    34500   TIME(PS) =      89.000  TEMP(K) =   306.15  PRESS =     0.0
 Etot   =    -10837.3415  EKtot   =      1977.2021  EPtot      =    -12814.5435
 BOND   =         4.8350  ANGLE   =        21.1753  DIHED      =        15.3147
 1-4 NB =        11.8930  1-4 EEL =      -670.2879  VDWAALS    =      2415.6205
 EELEC  =    -14619.9072  EHBOND  =         0.0000  RESTRAINT  =         6.8131
 EAMBER (non-restraint)  =    -12821.3566
 EKCMT  =         0.0000  VIRIAL  =         0.0000  VOLUME     =     32458.7929
                                                    Density    =         0.9993
 Ewald error estimate:   0.3943E-03
 ------------------------------------------------------------------------------


 NSTEP =    35000   TIME(PS) =      90.000  TEMP(K) =   313.35  PRESS =     0.0
 Etot   =    -10834.8557  EKtot   =      2023.7407  EPtot      =    -12858.5965
 BOND   =         5.6704  ANGLE   =        19.6933  DIHED      =        13.1557
 1-4 NB =        11.9451  1-4 EEL =      -666.6746  VDWAALS    =      2448.8166
 EELEC  =    -14698.0732  EHBOND  =         0.0000  RESTRAINT  =         6.8701
 EAMBER (non-restraint)  =    -12865.4666
 EKCMT  =         0.0000  VIRIAL  =         0.0000  VOLUME     =     32340.1362
                                                    Density    =         1.0030
 Ewald error estimate:   0.3901E-03
 ------------------------------------------------------------------------------


 NSTEP =    35500   TIME(PS) =      91.000  TEMP(K) =   302.99  PRESS =     0.0
 Etot   =    -10888.8287  EKtot   =      1956.8117  EPtot      =    -12845.6404
 BOND   =         6.1651  ANGLE   =        10.5407  DIHED      =        11.5162
 1-4 NB =        12.2604  1-4 EEL =      -666.9596  VDWAALS    =      2426.1878
 EELEC  =    -14651.2518  EHBOND  =         0.0000  RESTRAINT  =         5.9007
 EAMBER (non-restraint)  =    -12851.5411
 EKCMT  =         0.0000  VIRIAL  =         0.0000  VOLUME     =     32318.2983
                                                    Density    =         1.0037
 Ewald error estimate:   0.2582E-03
 ------------------------------------------------------------------------------


 NSTEP =    36000   TIME(PS) =      92.000  TEMP(K) =   301.35  PRESS =     0.0
 Etot   =    -10973.6348  EKtot   =      1946.2072  EPtot      =    -12919.8421
 BOND   =         7.6257  ANGLE   =        11.0080  DIHED      =        13.4513
 1-4 NB =        10.6221  1-4 EEL =      -664.1557  VDWAALS    =      2452.1618
 EELEC  =    -14759.2707  EHBOND  =         0.0000  RESTRAINT  =         8.7156
 EAMBER (non-restraint)  =    -12928.5576
 EKCMT  =         0.0000  VIRIAL  =         0.0000  VOLUME     =     32248.0350
                                                    Density    =         1.0058
 Ewald error estimate:   0.1674E-03
 ------------------------------------------------------------------------------


 NSTEP =    36500   TIME(PS) =      93.000  TEMP(K) =   290.07  PRESS =     0.0
 Etot   =    -10948.6770  EKtot   =      1873.3620  EPtot      =    -12822.0390
 BOND   =         8.4087  ANGLE   =        13.4957  DIHED      =        11.3679
 1-4 NB =        12.0500  1-4 EEL =      -668.3046  VDWAALS    =      2391.4792
 EELEC  =    -14601.1129  EHBOND  =         0.0000  RESTRAINT  =        10.5770
 EAMBER (non-restraint)  =    -12832.6160
 EKCMT  =         0.0000  VIRIAL  =         0.0000  VOLUME     =     32248.0350
                                                    Density    =         1.0058
 Ewald error estimate:   0.8486E-04
 ------------------------------------------------------------------------------


 NSTEP =    37000   TIME(PS) =      94.000  TEMP(K) =   301.54  PRESS =     0.0
 Etot   =    -10918.7198  EKtot   =      1947.4788  EPtot      =    -12866.1985
 BOND   =         8.0131  ANGLE   =        10.5109  DIHED      =        13.3380
 1-4 NB =        12.4582  1-4 EEL =      -662.1803  VDWAALS    =      2503.3408
 EELEC  =    -14759.2866  EHBOND  =         0.0000  RESTRAINT  =         7.6074
 EAMBER (non-restraint)  =    -12873.8059
 EKCMT  =         0.0000  VIRIAL  =         0.0000  VOLUME     =     32063.9664
                                                    Density    =         1.0116
 Ewald error estimate:   0.1602E-03
 ------------------------------------------------------------------------------


 NSTEP =    37500   TIME(PS) =      95.000  TEMP(K) =   292.01  PRESS =     0.0
 Etot   =    -10902.5225  EKtot   =      1885.8867  EPtot      =    -12788.4092
 BOND   =         2.8355  ANGLE   =        12.6739  DIHED      =        14.4915
 1-4 NB =        12.3362  1-4 EEL =      -668.5245  VDWAALS    =      2334.3171
 EELEC  =    -14506.9778  EHBOND  =         0.0000  RESTRAINT  =        10.4388
 EAMBER (non-restraint)  =    -12798.8480
 EKCMT  =         0.0000  VIRIAL  =         0.0000  VOLUME     =     32286.5638
                                                    Density    =         1.0046
 Ewald error estimate:   0.6025E-04
 ------------------------------------------------------------------------------


 NSTEP =    38000   TIME(PS) =      96.000  TEMP(K) =   294.82  PRESS =     0.0
 Etot   =    -10998.0008  EKtot   =      1904.0408  EPtot      =    -12902.0416
 BOND   =         4.8198  ANGLE   =        10.4569  DIHED      =        11.7735
 1-4 NB =        13.9897  1-4 EEL =      -668.7646  VDWAALS    =      2536.3517
 EELEC  =    -14817.7564  EHBOND  =         0.0000  RESTRAINT  =         7.0878
 EAMBER (non-restraint)  =    -12909.1294
 EKCMT  =         0.0000  VIRIAL  =         0.0000  VOLUME     =     32134.6972
                                                    Density    =         1.0094
 Ewald error estimate:   0.3757E-03
 ------------------------------------------------------------------------------


 NSTEP =    38500   TIME(PS) =      97.000  TEMP(K) =   285.44  PRESS =     0.0
 Etot   =    -11091.6999  EKtot   =      1843.5056  EPtot      =    -12935.2055
 BOND   =         8.0390  ANGLE   =        13.1383  DIHED      =        11.8123
 1-4 NB =        12.4837  1-4 EEL =      -666.2995  VDWAALS    =      2446.1804
 EELEC  =    -14771.1973  EHBOND  =         0.0000  RESTRAINT  =        10.6376
 EAMBER (non-restraint)  =    -12945.8431
 EKCMT  =         0.0000  VIRIAL  =         0.0000  VOLUME     =     32291.1601
                                                    Density    =         1.0045
 Ewald error estimate:   0.1227E-03
 ------------------------------------------------------------------------------


 NSTEP =    39000   TIME(PS) =      98.000  TEMP(K) =   291.35  PRESS =     0.0
 Etot   =    -11012.6371  EKtot   =      1881.6306  EPtot      =    -12894.2677
 BOND   =        10.7645  ANGLE   =        17.8473  DIHED      =        14.6492
 1-4 NB =        12.3965  1-4 EEL =      -671.1429  VDWAALS    =      2491.2001
 EELEC  =    -14777.6233  EHBOND  =         0.0000  RESTRAINT  =         7.6410
 EAMBER (non-restraint)  =    -12901.9087
 EKCMT  =         0.0000  VIRIAL  =         0.0000  VOLUME     =     32082.4424
                                                    Density    =         1.0110
 Ewald error estimate:   0.2353E-03
 ------------------------------------------------------------------------------


 NSTEP =    39500   TIME(PS) =      99.000  TEMP(K) =   294.52  PRESS =     0.0
 Etot   =    -10998.2732  EKtot   =      1902.1354  EPtot      =    -12900.4086
 BOND   =         6.8676  ANGLE   =        15.8834  DIHED      =        10.1215
 1-4 NB =        13.4038  1-4 EEL =      -669.3356  VDWAALS    =      2525.2939
 EELEC  =    -14809.9181  EHBOND  =         0.0000  RESTRAINT  =         7.2749
 EAMBER (non-restraint)  =    -12907.6835
 EKCMT  =         0.0000  VIRIAL  =         0.0000  VOLUME     =     32120.4978
                                                    Density    =         1.0098
 Ewald error estimate:   0.1824E-03
 ------------------------------------------------------------------------------


 NSTEP =    40000   TIME(PS) =     100.000  TEMP(K) =   295.88  PRESS =     0.0
 Etot   =    -10947.2910  EKtot   =      1910.8864  EPtot      =    -12858.1774
 BOND   =        10.5934  ANGLE   =        17.8029  DIHED      =        11.1677
 1-4 NB =        11.3650  1-4 EEL =      -665.8325  VDWAALS    =      2389.8156
 EELEC  =    -14644.1458  EHBOND  =         0.0000  RESTRAINT  =        11.0562
 EAMBER (non-restraint)  =    -12869.2337
 EKCMT  =         0.0000  VIRIAL  =         0.0000  VOLUME     =     32055.0396
                                                    Density    =         1.0119
 Ewald error estimate:   0.2094E-03
 ------------------------------------------------------------------------------


 NSTEP =    40500   TIME(PS) =     101.000  TEMP(K) =   302.99  PRESS =     0.0
 Etot   =    -11015.6946  EKtot   =      1956.8536  EPtot      =    -12972.5482
 BOND   =        10.0974  ANGLE   =        12.5092  DIHED      =        15.4100
 1-4 NB =        14.2430  1-4 EEL =      -673.7842  VDWAALS    =      2470.6395
 EELEC  =    -14831.8395  EHBOND  =         0.0000  RESTRAINT  =        10.1763
 EAMBER (non-restraint)  =    -12982.7245
 EKCMT  =         0.0000  VIRIAL  =         0.0000  VOLUME     =     31890.8501
                                                    Density    =         1.0171
 Ewald error estimate:   0.8798E-04
 ------------------------------------------------------------------------------


 NSTEP =    41000   TIME(PS) =     102.000  TEMP(K) =   290.96  PRESS =     0.0
 Etot   =    -11068.0669  EKtot   =      1879.1216  EPtot      =    -12947.1886
 BOND   =        13.8293  ANGLE   =        14.5268  DIHED      =        15.2489
 1-4 NB =        13.3492  1-4 EEL =      -672.1391  VDWAALS    =      2535.7826
 EELEC  =    -14876.4193  EHBOND  =         0.0000  RESTRAINT  =         8.6331
 EAMBER (non-restraint)  =    -12955.8217
 EKCMT  =         0.0000  VIRIAL  =         0.0000  VOLUME     =     31816.1538
                                                    Density    =         1.0195
 Ewald error estimate:   0.1645E-03
 ------------------------------------------------------------------------------


 NSTEP =    41500   TIME(PS) =     103.000  TEMP(K) =   288.80  PRESS =     0.0
 Etot   =    -11065.7711  EKtot   =      1865.1808  EPtot      =    -12930.9519
 BOND   =         7.3064  ANGLE   =        12.3029  DIHED      =        10.9551
 1-4 NB =        11.3057  1-4 EEL =      -663.5771  VDWAALS    =      2469.2822
 EELEC  =    -14787.7471  EHBOND  =         0.0000  RESTRAINT  =         9.2198
 EAMBER (non-restraint)  =    -12940.1717
 EKCMT  =         0.0000  VIRIAL  =         0.0000  VOLUME     =     31816.1538
                                                    Density    =         1.0195
 Ewald error estimate:   0.1273E-03
 ------------------------------------------------------------------------------


 NSTEP =    42000   TIME(PS) =     104.000  TEMP(K) =   305.20  PRESS =     0.0
 Etot   =    -10972.8966  EKtot   =      1971.0752  EPtot      =    -12943.9718
 BOND   =        10.8900  ANGLE   =        14.8109  DIHED      =        11.6891
 1-4 NB =        11.6032  1-4 EEL =      -667.5908  VDWAALS    =      2459.9683
 EELEC  =    -14792.8481  EHBOND  =         0.0000  RESTRAINT  =         7.5057
 EAMBER (non-restraint)  =    -12951.4775
 EKCMT  =         0.0000  VIRIAL  =         0.0000  VOLUME     =     31947.4926
                                                    Density    =         1.0153
 Ewald error estimate:   0.2576E-04
 ------------------------------------------------------------------------------


 NSTEP =    42500   TIME(PS) =     105.000  TEMP(K) =   299.39  PRESS =     0.0
 Etot   =    -11008.1671  EKtot   =      1933.5574  EPtot      =    -12941.7245
 BOND   =         6.1812  ANGLE   =        23.7771  DIHED      =        13.0459
 1-4 NB =        12.8495  1-4 EEL =      -671.2385  VDWAALS    =      2488.4070
 EELEC  =    -14823.0098  EHBOND  =         0.0000  RESTRAINT  =         8.2630
 EAMBER (non-restraint)  =    -12949.9875
 EKCMT  =         0.0000  VIRIAL  =         0.0000  VOLUME     =     32096.8997
                                                    Density    =         1.0106
 Ewald error estimate:   0.3781E-03
 ------------------------------------------------------------------------------


 NSTEP =    43000   TIME(PS) =     106.000  TEMP(K) =   298.23  PRESS =     0.0
 Etot   =    -10931.5781  EKtot   =      1926.0943  EPtot      =    -12857.6724
 BOND   =         8.3743  ANGLE   =        17.2439  DIHED      =        14.0119
 1-4 NB =        14.8387  1-4 EEL =      -675.1585  VDWAALS    =      2355.1661
 EELEC  =    -14603.8236  EHBOND  =         0.0000  RESTRAINT  =        11.6748
 EAMBER (non-restraint)  =    -12869.3472
 EKCMT  =         0.0000  VIRIAL  =         0.0000  VOLUME     =     32111.5426
                                                    Density    =         1.0101
 Ewald error estimate:   0.2794E-03
 ------------------------------------------------------------------------------


 NSTEP =    43500   TIME(PS) =     107.000  TEMP(K) =   302.96  PRESS =     0.0
 Etot   =    -10971.2796  EKtot   =      1956.6513  EPtot      =    -12927.9309
 BOND   =        11.1010  ANGLE   =        12.5771  DIHED      =        12.4005
 1-4 NB =        12.0288  1-4 EEL =      -667.9222  VDWAALS    =      2568.6097
 EELEC  =    -14884.1878  EHBOND  =         0.0000  RESTRAINT  =         7.4620
 EAMBER (non-restraint)  =    -12935.3929
 EKCMT  =         0.0000  VIRIAL  =         0.0000  VOLUME     =     31830.4623
                                                    Density    =         1.0190
 Ewald error estimate:   0.1309E-03
 ------------------------------------------------------------------------------


 NSTEP =    44000   TIME(PS) =     108.000  TEMP(K) =   310.88  PRESS =     0.0
 Etot   =    -10881.3592  EKtot   =      2007.7951  EPtot      =    -12889.1543
 BOND   =         8.8447  ANGLE   =        17.0017  DIHED      =        12.1371
 1-4 NB =        11.4774  1-4 EEL =      -667.2108  VDWAALS    =      2420.5153
 EELEC  =    -14702.2290  EHBOND  =         0.0000  RESTRAINT  =        10.3093
 EAMBER (non-restraint)  =    -12899.4636
 EKCMT  =         0.0000  VIRIAL  =         0.0000  VOLUME     =     32065.2060
                                                    Density    =         1.0116
 Ewald error estimate:   0.3374E-03
 ------------------------------------------------------------------------------


 NSTEP =    44500   TIME(PS) =     109.000  TEMP(K) =   305.81  PRESS =     0.0
 Etot   =    -10889.6542  EKtot   =      1975.0038  EPtot      =    -12864.6580
 BOND   =         5.6207  ANGLE   =        18.7659  DIHED      =        12.1267
 1-4 NB =        12.6897  1-4 EEL =      -669.3376  VDWAALS    =      2400.0348
 EELEC  =    -14652.4990  EHBOND  =         0.0000  RESTRAINT  =         7.9408
 EAMBER (non-restraint)  =    -12872.5988
 EKCMT  =         0.0000  VIRIAL  =         0.0000  VOLUME     =     32058.7629
                                                    Density    =         1.0118
 Ewald error estimate:   0.1011E-03
 ------------------------------------------------------------------------------


 NSTEP =    45000   TIME(PS) =     110.000  TEMP(K) =   294.55  PRESS =     0.0
 Etot   =    -10970.6473  EKtot   =      1902.3311  EPtot      =    -12872.9784
 BOND   =         6.7807  ANGLE   =        23.6041  DIHED      =        13.8039
 1-4 NB =        12.5818  1-4 EEL =      -672.1983  VDWAALS    =      2489.8508
 EELEC  =    -14758.2467  EHBOND  =         0.0000  RESTRAINT  =        10.8452
 EAMBER (non-restraint)  =    -12883.8236
 EKCMT  =         0.0000  VIRIAL  =         0.0000  VOLUME     =     31950.1717
                                                    Density    =         1.0152
 Ewald error estimate:   0.4156E-03
 ------------------------------------------------------------------------------


 NSTEP =    45500   TIME(PS) =     111.000  TEMP(K) =   301.54  PRESS =     0.0
 Etot   =    -10928.5373  EKtot   =      1947.4370  EPtot      =    -12875.9742
 BOND   =         7.7378  ANGLE   =        20.6754  DIHED      =        13.4323
 1-4 NB =        12.3500  1-4 EEL =      -664.0515  VDWAALS    =      2460.3731
 EELEC  =    -14734.3851  EHBOND  =         0.0000  RESTRAINT  =         7.8938
 EAMBER (non-restraint)  =    -12883.8681
 EKCMT  =         0.0000  VIRIAL  =         0.0000  VOLUME     =     31949.4873
                                                    Density    =         1.0152
 Ewald error estimate:   0.2657E-03
 ------------------------------------------------------------------------------


 NSTEP =    46000   TIME(PS) =     112.000  TEMP(K) =   288.26  PRESS =     0.0
 Etot   =    -11040.2036  EKtot   =      1861.7093  EPtot      =    -12901.9129
 BOND   =         8.0437  ANGLE   =        15.5668  DIHED      =        12.2085
 1-4 NB =        12.7243  1-4 EEL =      -666.3580  VDWAALS    =      2491.2417
 EELEC  =    -14781.1422  EHBOND  =         0.0000  RESTRAINT  =         5.8023
 EAMBER (non-restraint)  =    -12907.7151
 EKCMT  =         0.0000  VIRIAL  =         0.0000  VOLUME     =     32190.9300
                                                    Density    =         1.0076
 Ewald error estimate:   0.2309E-03
 ------------------------------------------------------------------------------


 NSTEP =    46500   TIME(PS) =     113.000  TEMP(K) =   294.67  PRESS =     0.0
 Etot   =    -11006.5167  EKtot   =      1903.0754  EPtot      =    -12909.5921
 BOND   =         7.3645  ANGLE   =        14.7467  DIHED      =        12.6675
 1-4 NB =        11.4684  1-4 EEL =      -668.9693  VDWAALS    =      2455.4105
 EELEC  =    -14750.6888  EHBOND  =         0.0000  RESTRAINT  =         8.4085
 EAMBER (non-restraint)  =    -12918.0006
 EKCMT  =         0.0000  VIRIAL  =         0.0000  VOLUME     =     32212.3326
                                                    Density    =         1.0070
 Ewald error estimate:   0.1381E-03
 ------------------------------------------------------------------------------


 NSTEP =    47000   TIME(PS) =     114.000  TEMP(K) =   296.21  PRESS =     0.0
 Etot   =    -11016.3731  EKtot   =      1913.0159  EPtot      =    -12929.3890
 BOND   =         7.0350  ANGLE   =        16.8694  DIHED      =        11.5399
 1-4 NB =        12.7278  1-4 EEL =      -668.9776  VDWAALS    =      2539.6729
 EELEC  =    -14860.1990  EHBOND  =         0.0000  RESTRAINT  =        11.9425
 EAMBER (non-restraint)  =    -12941.3315
 EKCMT  =         0.0000  VIRIAL  =         0.0000  VOLUME     =     32103.6316
                                                    Density    =         1.0104
 Ewald error estimate:   0.3441E-04
 ------------------------------------------------------------------------------


 NSTEP =    47500   TIME(PS) =     115.000  TEMP(K) =   304.88  PRESS =     0.0
 Etot   =    -10995.7019  EKtot   =      1969.0086  EPtot      =    -12964.7106
 BOND   =         9.8762  ANGLE   =        16.2651  DIHED      =        11.2258
 1-4 NB =        12.5962  1-4 EEL =      -673.6485  VDWAALS    =      2513.2433
 EELEC  =    -14860.4727  EHBOND  =         0.0000  RESTRAINT  =         6.2038
 EAMBER (non-restraint)  =    -12970.9144
 EKCMT  =         0.0000  VIRIAL  =         0.0000  VOLUME     =     31938.9242
                                                    Density    =         1.0156
 Ewald error estimate:   0.2000E-03
 ------------------------------------------------------------------------------


 NSTEP =    48000   TIME(PS) =     116.000  TEMP(K) =   299.11  PRESS =     0.0
 Etot   =    -11071.4054  EKtot   =      1931.7449  EPtot      =    -13003.1503
 BOND   =        10.0858  ANGLE   =        11.3097  DIHED      =        11.9048
 1-4 NB =        11.7093  1-4 EEL =      -661.0003  VDWAALS    =      2551.8758
 EELEC  =    -14948.5030  EHBOND  =         0.0000  RESTRAINT  =         9.4676
 EAMBER (non-restraint)  =    -13012.6179
 EKCMT  =         0.0000  VIRIAL  =         0.0000  VOLUME     =     31939.1502
                                                    Density    =         1.0156
 Ewald error estimate:   0.2329E-03
 ------------------------------------------------------------------------------


 NSTEP =    48500   TIME(PS) =     117.000  TEMP(K) =   297.47  PRESS =     0.0
 Etot   =    -11006.5532  EKtot   =      1921.1719  EPtot      =    -12927.7251
 BOND   =        11.0779  ANGLE   =        15.8745  DIHED      =        10.2118
 1-4 NB =        12.9018  1-4 EEL =      -678.8649  VDWAALS    =      2402.5081
 EELEC  =    -14708.1055  EHBOND  =         0.0000  RESTRAINT  =         6.6712
 EAMBER (non-restraint)  =    -12934.3963
 EKCMT  =         0.0000  VIRIAL  =         0.0000  VOLUME     =     32205.1573
                                                    Density    =         1.0072
 Ewald error estimate:   0.3181E-03
 ------------------------------------------------------------------------------


 NSTEP =    49000   TIME(PS) =     118.000  TEMP(K) =   294.08  PRESS =     0.0
 Etot   =    -11005.1062  EKtot   =      1899.2651  EPtot      =    -12904.3713
 BOND   =        11.1084  ANGLE   =        15.4652  DIHED      =        14.3371
 1-4 NB =        12.4210  1-4 EEL =      -664.8836  VDWAALS    =      2521.2561
 EELEC  =    -14821.2257  EHBOND  =         0.0000  RESTRAINT  =         7.1503
 EAMBER (non-restraint)  =    -12911.5216
 EKCMT  =         0.0000  VIRIAL  =         0.0000  VOLUME     =     32146.4268
                                                    Density    =         1.0090
 Ewald error estimate:   0.1882E-03
 ------------------------------------------------------------------------------


 NSTEP =    49500   TIME(PS) =     119.000  TEMP(K) =   292.04  PRESS =     0.0
 Etot   =    -11099.6123  EKtot   =      1886.1286  EPtot      =    -12985.7409
 BOND   =         7.2573  ANGLE   =        14.9213  DIHED      =        13.7670
 1-4 NB =        13.4488  1-4 EEL =      -669.9605  VDWAALS    =      2463.3429
 EELEC  =    -14836.8381  EHBOND  =         0.0000  RESTRAINT  =         8.3205
 EAMBER (non-restraint)  =    -12994.0614
 EKCMT  =         0.0000  VIRIAL  =         0.0000  VOLUME     =     32173.0880
                                                    Density    =         1.0082
 Ewald error estimate:   0.1481E-03
 ------------------------------------------------------------------------------


 NSTEP =    50000   TIME(PS) =     120.000  TEMP(K) =   296.88  PRESS =     0.0
 Etot   =    -11073.9512  EKtot   =      1917.3590  EPtot      =    -12991.3102
 BOND   =         7.9294  ANGLE   =        13.7878  DIHED      =        12.2585
 1-4 NB =        12.8037  1-4 EEL =      -662.4267  VDWAALS    =      2425.7925
 EELEC  =    -14811.8067  EHBOND  =         0.0000  RESTRAINT  =        10.3513
 EAMBER (non-restraint)  =    -13001.6615
 EKCMT  =         0.0000  VIRIAL  =         0.0000  VOLUME     =     32006.8216
                                                    Density    =         1.0134
 Ewald error estimate:   0.2708E-03
 ------------------------------------------------------------------------------


      A V E R A G E S   O V E R     100 S T E P S


 NSTEP =    50000   TIME(PS) =     120.000  TEMP(K) =   298.78  PRESS =     0.0
 Etot   =    -10969.8493  EKtot   =      1929.6337  EPtot      =    -12899.4830
 BOND   =         7.8720  ANGLE   =        14.4431  DIHED      =        12.7005
 1-4 NB =        12.6544  1-4 EEL =      -668.2212  VDWAALS    =      2467.1339
 EELEC  =    -14754.8000  EHBOND  =         0.0000  RESTRAINT  =         8.7343
 EAMBER (non-restraint)  =    -12908.2172
 EKCMT  =         0.0000  VIRIAL  =         0.0000  VOLUME     =     32480.0658
                                                    Density    =         0.9993
 Ewald error estimate:   0.1985E-03
 ------------------------------------------------------------------------------


      R M S  F L U C T U A T I O N S


 NSTEP =    50000   TIME(PS) =     120.000  TEMP(K) =     7.83  PRESS =     0.0
 Etot   =        91.5028  EKtot   =        50.5515  EPtot      =        75.6661
 BOND   =         2.3617  ANGLE   =         2.8028  DIHED      =         1.7119
 1-4 NB =         0.9248  1-4 EEL =         4.2589  VDWAALS    =        65.8002
 EELEC  =       123.7742  EHBOND  =         0.0000  RESTRAINT  =         1.8728
 EAMBER (non-restraint)  =        73.7932
 EKCMT  =         0.0000  VIRIAL  =         0.0000  VOLUME     =       865.3737
                                                    Density    =         0.0246
 Ewald error estimate:   0.1370E-03
 ------------------------------------------------------------------------------

| MC Barostat:        500 volume changes attempted.
| MC Barostat:        235 changes successful ( 47.00%)
 ------------------------------------------------------------------------------

--------------------------------------------------------------------------------
   5.  TIMINGS
--------------------------------------------------------------------------------

|  NonSetup CPU Time in Major Routines, Average for All Tasks:
|
|     Routine           Sec        %
|     ------------------------------
|     DataDistrib      10.14    9.80
|     Nonbond          87.78   84.89
|     Bond              0.14    0.13
|     Angle             0.16    0.15
|     Dihedral          0.20    0.20
|     Shake             0.60    0.58
|     RunMD             4.20    4.06
|     Other             0.19    0.18
|     ------------------------------
|     Total           103.41

|  PME Nonbond Pairlist CPU Time, Average for All Tasks:
|
|     Routine              Sec        %
|     ---------------------------------
|     Set Up Cit           0.28    0.27
|     Build List          10.43   10.08
|     ---------------------------------
|     Total               10.71   10.35

|  PME Direct Force CPU Time, Average for All Tasks:
|
|     Routine              Sec        %
|     ---------------------------------
|     NonBonded Calc      60.76   58.76
|     Exclude Masked       0.67    0.65
|     Other                2.34    2.26
|     ---------------------------------
|     Total               63.77   61.67

|  PME Reciprocal Force CPU Time, Average for All Tasks:
|
|     Routine              Sec        %
|     ---------------------------------
|     1D bspline           1.11    1.07
|     Grid Charges         1.22    1.18
|     Scalar Sum           1.16    1.12
|     Gradient Sum         2.09    2.02
|     FFT                  7.44    7.19
|     ---------------------------------
|     Total               13.01   12.58

|  PME Load Balancing CPU Time, Average for All Tasks:
|
|     Routine                 Sec        %
|     ------------------------------------
|     Atom Reassign           0.00    0.00
|     Image Reassign          0.00    0.00
|     FFT Reassign            0.00    0.00
|     ------------------------------------
|     Total                   0.01    0.01

|  Final Performance Info:
|     -----------------------------------------------------
|     Average timings for last   20500 steps:
|     Elapsed(s) =      42.76 Per Step(ms) =       2.09
|         ns/day =      82.84   seconds/ns =    1043.01
|
|     Average timings for all steps:
|     Elapsed(s) =     103.61 Per Step(ms) =       2.07
|         ns/day =      83.39   seconds/ns =    1036.07
|     -----------------------------------------------------

|  Master Setup CPU time:            0.03 seconds
|  Master NonSetup CPU time:       102.57 seconds
|  Master Total CPU time:          102.61 seconds     0.03 hours

|  Master Setup wall time:           0    seconds
|  Master NonSetup wall time:      104    seconds
|  Master Total wall time:         104    seconds     0.03 hours
