
          -------------------------------------------------------
          Amber 18 PMEMD                              2018
          -------------------------------------------------------

| PMEMD implementation of SANDER, Release 18

| Run on 04/22/2022 at 01:11:34

|   Executable path: pmemd
| Working directory: /bgfs/lchong/dty7/ff15ipq-lig/charges/gaff_00/GenConformers/Conf18
|          Hostname: smp-n123

  [-O]verwriting output

File Assignments:
|   MDIN: ../../../amber/6.2_eq1.in                                             
|  MDOUT: 6.2_eq1.out                                                           
| INPCRD: 6.1_min.rst                                                           
|   PARM: ../../mon.top                                                         
| RESTRT: 6.2_eq1.rst                                                           
|   REFC: 6.1_min.rst                                                           
|  MDVEL: mdvel                                                                 
|   MDEN: mden                                                                  
|  MDCRD: mdcrd                                                                 
| MDINFO: mdinfo                                                                
|  MDFRC: mdfrc                                                                 

 
 Here is the input file:
 
&cntrl                                                                         
  imin      = 0,                                                               
  irest     = 0,                                                               
  ntx       = 1,                                                               
  ig        = -1,                                                              
  dt        = 0.002,                                                           
  nstlim    = 10000,                                                           
  nscm      = 500,                                                             
  ntr       = 1,                                                               
  restraintmask = ':1',                                                        
  restraint_wt  = 10.0,                                                        
  ntb       = 1,                                                               
  ntp       = 0,                                                               
  ntt       = 3,                                                               
  tempi     = 298.0,                                                           
  temp0     = 298.0,                                                           
  gamma_ln  = 1.0,                                                             
  ntf       = 2,                                                               
  ntc       = 2,                                                               
  cut       = 10.0,                                                            
  ntpr      = 500,                                                             
  ntxo      = 2,                                                               
  ntwr      = 10000,                                                           
  ioutfm    = 1,                                                               
  ntwx      = 500,                                                             
  iwrap     = 1,                                                               
&end                                                                           


Note: ig = -1. Setting random seed to   175634 based on wallclock time in 
      microseconds.
| irandom = 1, using AMBER's internal random number generator (default).
 
 
| Conditional Compilation Defines Used:
| PUBFFT
| BINTRAJ
| MKL
| EMIL
 
| Largest sphere to fit in unit cell has radius =    14.797

| New format PARM file being parsed.
| Version =    1.000 Date = 04/21/22 Time = 16:39:25

| Note: 1-4 EEL scale factors are being read from the topology file.

| Note: 1-4 VDW scale factors are being read from the topology file.
| Duplicated    0 dihedrals

| Duplicated    0 dihedrals

--------------------------------------------------------------------------------
   1.  RESOURCE   USE: 
--------------------------------------------------------------------------------

 getting box info from netcdf restart file
 NATOM  =    3240 NTYPES =      13 NBONH =    3220 MBONA  =      21
 NTHETH =      33 MTHETA =      29 NPHIH =      60 MPHIA  =      45
 NHPARM =       0 NPARM  =       0 NNB   =    4456 NRES   =    1069
 NBONA  =      21 NTHETA =      29 NPHIA =      45 NUMBND =      22
 NUMANG =      35 NPTRA  =      18 NATYP =      17 NPHB   =       0
 IFBOX  =       2 NMXRS  =      36 IFCAP =       0 NEXTRA =       0
 NCOPY  =       0

| Coordinate Index Table dimensions:     5    5    5
| Direct force subcell size =     7.2491    7.2491    7.2491

     BOX TYPE: TRUNCATED OCTAHEDRON

--------------------------------------------------------------------------------
   2.  CONTROL  DATA  FOR  THE  RUN
--------------------------------------------------------------------------------

MON                                                                             

General flags:
     imin    =       0, nmropt  =       0

Nature and format of input:
     ntx     =       1, irest   =       0, ntrx    =       1

Nature and format of output:
     ntxo    =       2, ntpr    =     500, ntrx    =       1, ntwr    =   10000
     iwrap   =       1, ntwx    =     500, ntwv    =       0, ntwe    =       0
     ioutfm  =       1, ntwprt  =       0, idecomp =       0, rbornstat=      0

Potential function:
     ntf     =       2, ntb     =       1, igb     =       0, nsnb    =      25
     ipol    =       0, gbsa    =       0, iesp    =       0
     dielc   =   1.00000, cut     =  10.00000, intdiel =   1.00000

Frozen or restrained atoms:
     ibelly  =       0, ntr     =       1
     restraint_wt =  10.00000

Molecular dynamics:
     nstlim  =     10000, nscm    =         0, nrespa  =         1
     t       =   0.00000, dt      =   0.00200, vlimit  =  20.00000

Langevin dynamics temperature regulation:
     ig      =  175634
     temp0   = 298.00000, tempi   = 298.00000, gamma_ln=   1.00000

SHAKE:
     ntc     =       2, jfastw  =       0
     tol     =   0.00001

| Intermolecular bonds treatment:
|     no_intermolecular_bonds =       1

| Energy averages sample interval:
|     ene_avg_sampling =     500

Ewald parameters:
     verbose =       0, ew_type =       0, nbflag  =       1, use_pme =       1
     vdwmeth =       1, eedmeth =       1, netfrc  =       1
     Box X =   36.246   Box Y =   36.246   Box Z =   36.246
     Alpha =  109.471   Beta  =  109.471   Gamma =  109.471
     NFFT1 =   40       NFFT2 =   40       NFFT3 =   40
     Cutoff=   10.000   Tol   =0.100E-04
     Ewald Coefficient =  0.27511
     Interpolation order =    4

    LOADING THE CONSTRAINED ATOMS AS GROUPS


   5.  REFERENCE ATOM COORDINATES

  MON                                                                             
     Mask :1; matches    36 atoms

--------------------------------------------------------------------------------
   3.  ATOMIC COORDINATES AND VELOCITIES
--------------------------------------------------------------------------------

MON                                                                             
 begin time read from input coords =     0.000 ps

 
 Number of triangulated 3-point waters found:     1068

     Sum of charges from parm topology file =  -0.00200217
     Forcing neutrality...

| Dynamic Memory, Types Used:
| Reals              237795
| Integers            92714

| Nonbonded Pairs Initial Allocation:      980019

--------------------------------------------------------------------------------
   4.  RESULTS
--------------------------------------------------------------------------------

 ---------------------------------------------------
 APPROXIMATING switch and d/dx switch using CUBIC SPLINE INTERPOLATION
 using   5000.0 points per unit in tabled values
 TESTING RELATIVE ERROR over r ranging from 0.0 to cutoff
| CHECK switch(x): max rel err =   0.3316E-14   at   2.351880
| CHECK d/dx switch(x): max rel err =   0.8066E-11   at   2.747240
 ---------------------------------------------------
|---------------------------------------------------
| APPROXIMATING direct energy using CUBIC SPLINE INTERPOLATION
|  with   50.0 points per unit in tabled values
| Relative Error Limit not exceeded for r .gt.   2.34
| APPROXIMATING direct force using CUBIC SPLINE INTERPOLATION
|  with   50.0 points per unit in tabled values
| Relative Error Limit not exceeded for r .gt.   2.81
|---------------------------------------------------

 NSTEP =        0   TIME(PS) =       0.000  TEMP(K) =   446.23  PRESS =     0.0
 Etot   =    -14570.6463  EKtot   =      2881.9468  EPtot      =    -17452.5931
 BOND   =         0.5701  ANGLE   =         2.7321  DIHED      =        10.3899
 1-4 NB =        10.8254  1-4 EEL =      -244.7772  VDWAALS    =      3643.6227
 EELEC  =    -20875.9561  EHBOND  =         0.0000  RESTRAINT  =         0.0000
 Ewald error estimate:   0.1826E-03
 ------------------------------------------------------------------------------

wrapping first mol.:       36.24552        0.00000        0.00000

 NSTEP =      500   TIME(PS) =       1.000  TEMP(K) =   243.08  PRESS =     0.0
 Etot   =    -11296.5433  EKtot   =      1569.8779  EPtot      =    -12866.4212
 BOND   =         5.9314  ANGLE   =         8.2910  DIHED      =        13.8830
 1-4 NB =        11.9490  1-4 EEL =      -244.5767  VDWAALS    =      2467.5075
 EELEC  =    -15135.1528  EHBOND  =         0.0000  RESTRAINT  =         5.7464
 EAMBER (non-restraint)  =    -12872.1677
 Ewald error estimate:   0.8334E-04
 ------------------------------------------------------------------------------

wrapping first mol.:       36.24552        0.00000        0.00000

 NSTEP =     1000   TIME(PS) =       2.000  TEMP(K) =   272.75  PRESS =     0.0
 Etot   =    -10818.4483  EKtot   =      1761.5486  EPtot      =    -12579.9969
 BOND   =         5.6162  ANGLE   =        11.1275  DIHED      =        11.7963
 1-4 NB =        11.9551  1-4 EEL =      -244.7441  VDWAALS    =      2329.6036
 EELEC  =    -14711.3739  EHBOND  =         0.0000  RESTRAINT  =         6.0225
 EAMBER (non-restraint)  =    -12586.0194
 Ewald error estimate:   0.3732E-03
 ------------------------------------------------------------------------------

wrapping first mol.:       36.24552        0.00000        0.00000

 NSTEP =     1500   TIME(PS) =       3.000  TEMP(K) =   294.96  PRESS =     0.0
 Etot   =    -10581.9819  EKtot   =      1904.9735  EPtot      =    -12486.9555
 BOND   =         8.4975  ANGLE   =        14.8344  DIHED      =        12.5047
 1-4 NB =         9.8384  1-4 EEL =      -242.6843  VDWAALS    =      2302.2366
 EELEC  =    -14601.8743  EHBOND  =         0.0000  RESTRAINT  =         9.6916
 EAMBER (non-restraint)  =    -12496.6471
 Ewald error estimate:   0.4542E-04
 ------------------------------------------------------------------------------

wrapping first mol.:       36.24552        0.00000        0.00000

 NSTEP =     2000   TIME(PS) =       4.000  TEMP(K) =   300.64  PRESS =     0.0
 Etot   =    -10500.1205  EKtot   =      1941.6552  EPtot      =    -12441.7757
 BOND   =         5.9688  ANGLE   =        12.5784  DIHED      =        10.4998
 1-4 NB =        11.4885  1-4 EEL =      -246.3104  VDWAALS    =      2359.7594
 EELEC  =    -14606.6337  EHBOND  =         0.0000  RESTRAINT  =        10.8734
 EAMBER (non-restraint)  =    -12452.6492
 Ewald error estimate:   0.4330E-04
 ------------------------------------------------------------------------------

wrapping first mol.:       36.24552        0.00000        0.00000

 NSTEP =     2500   TIME(PS) =       5.000  TEMP(K) =   296.96  PRESS =     0.0
 Etot   =    -10481.6337  EKtot   =      1917.9013  EPtot      =    -12399.5349
 BOND   =         5.4122  ANGLE   =        13.0533  DIHED      =        11.4948
 1-4 NB =        10.2058  1-4 EEL =      -244.5768  VDWAALS    =      2278.9228
 EELEC  =    -14480.8881  EHBOND  =         0.0000  RESTRAINT  =         6.8410
 EAMBER (non-restraint)  =    -12406.3759
 Ewald error estimate:   0.6337E-04
 ------------------------------------------------------------------------------

wrapping first mol.:       36.24552        0.00000        0.00000

 NSTEP =     3000   TIME(PS) =       6.000  TEMP(K) =   297.43  PRESS =     0.0
 Etot   =    -10498.2400  EKtot   =      1920.8869  EPtot      =    -12419.1269
 BOND   =        10.1843  ANGLE   =        14.6456  DIHED      =        11.6036
 1-4 NB =        11.0005  1-4 EEL =      -245.2232  VDWAALS    =      2368.9273
 EELEC  =    -14597.2575  EHBOND  =         0.0000  RESTRAINT  =         6.9925
 EAMBER (non-restraint)  =    -12426.1193
 Ewald error estimate:   0.3567E-03
 ------------------------------------------------------------------------------

wrapping first mol.:       36.24552        0.00000        0.00000

 NSTEP =     3500   TIME(PS) =       7.000  TEMP(K) =   293.66  PRESS =     0.0
 Etot   =    -10511.3973  EKtot   =      1896.5517  EPtot      =    -12407.9490
 BOND   =         7.6482  ANGLE   =        10.7522  DIHED      =        11.2551
 1-4 NB =        10.2276  1-4 EEL =      -244.5759  VDWAALS    =      2259.9182
 EELEC  =    -14470.0866  EHBOND  =         0.0000  RESTRAINT  =         6.9122
 EAMBER (non-restraint)  =    -12414.8612
 Ewald error estimate:   0.2532E-03
 ------------------------------------------------------------------------------

wrapping first mol.:       36.24552        0.00000        0.00000

 NSTEP =     4000   TIME(PS) =       8.000  TEMP(K) =   295.49  PRESS =     0.0
 Etot   =    -10501.0070  EKtot   =      1908.4139  EPtot      =    -12409.4208
 BOND   =         9.0060  ANGLE   =        16.2325  DIHED      =        14.2000
 1-4 NB =        11.2649  1-4 EEL =      -246.3180  VDWAALS    =      2272.9292
 EELEC  =    -14494.1350  EHBOND  =         0.0000  RESTRAINT  =         7.3994
 EAMBER (non-restraint)  =    -12416.8202
 Ewald error estimate:   0.3071E-03
 ------------------------------------------------------------------------------

wrapping first mol.:       36.24552        0.00000        0.00000

 NSTEP =     4500   TIME(PS) =       9.000  TEMP(K) =   291.72  PRESS =     0.0
 Etot   =    -10501.4876  EKtot   =      1884.0062  EPtot      =    -12385.4939
 BOND   =         4.1437  ANGLE   =        12.8501  DIHED      =        10.3471
 1-4 NB =        10.9167  1-4 EEL =      -246.2094  VDWAALS    =      2288.8153
 EELEC  =    -14473.4424  EHBOND  =         0.0000  RESTRAINT  =         7.0849
 EAMBER (non-restraint)  =    -12392.5787
 Ewald error estimate:   0.3123E-03
 ------------------------------------------------------------------------------

wrapping first mol.:       36.24552        0.00000        0.00000

 NSTEP =     5000   TIME(PS) =      10.000  TEMP(K) =   296.93  PRESS =     0.0
 Etot   =    -10496.9400  EKtot   =      1917.7052  EPtot      =    -12414.6452
 BOND   =         3.8599  ANGLE   =        15.4090  DIHED      =        13.8701
 1-4 NB =        11.6876  1-4 EEL =      -246.0632  VDWAALS    =      2293.2806
 EELEC  =    -14512.7299  EHBOND  =         0.0000  RESTRAINT  =         6.0406
 EAMBER (non-restraint)  =    -12420.6858
 Ewald error estimate:   0.8703E-04
 ------------------------------------------------------------------------------

wrapping first mol.:       36.24552        0.00000        0.00000

 NSTEP =     5500   TIME(PS) =      11.000  TEMP(K) =   299.74  PRESS =     0.0
 Etot   =    -10547.3028  EKtot   =      1935.8213  EPtot      =    -12483.1241
 BOND   =         4.8654  ANGLE   =        10.2617  DIHED      =        15.2275
 1-4 NB =        11.7680  1-4 EEL =      -245.3293  VDWAALS    =      2301.4580
 EELEC  =    -14590.7865  EHBOND  =         0.0000  RESTRAINT  =         9.4111
 EAMBER (non-restraint)  =    -12492.5352
 Ewald error estimate:   0.1468E-03
 ------------------------------------------------------------------------------

wrapping first mol.:       36.24552        0.00000        0.00000

 NSTEP =     6000   TIME(PS) =      12.000  TEMP(K) =   284.87  PRESS =     0.0
 Etot   =    -10617.1489  EKtot   =      1839.8041  EPtot      =    -12456.9530
 BOND   =        10.3556  ANGLE   =        14.0096  DIHED      =        12.5708
 1-4 NB =        12.5955  1-4 EEL =      -247.7940  VDWAALS    =      2278.7835
 EELEC  =    -14545.7736  EHBOND  =         0.0000  RESTRAINT  =         8.2995
 EAMBER (non-restraint)  =    -12465.2526
 Ewald error estimate:   0.3092E-03
 ------------------------------------------------------------------------------

wrapping first mol.:       36.24552        0.00000        0.00000

 NSTEP =     6500   TIME(PS) =      13.000  TEMP(K) =   292.15  PRESS =     0.0
 Etot   =    -10614.9087  EKtot   =      1886.8249  EPtot      =    -12501.7336
 BOND   =        10.1497  ANGLE   =        13.7785  DIHED      =        13.4981
 1-4 NB =        13.5679  1-4 EEL =      -249.9495  VDWAALS    =      2330.0394
 EELEC  =    -14640.0628  EHBOND  =         0.0000  RESTRAINT  =         7.2451
 EAMBER (non-restraint)  =    -12508.9787
 Ewald error estimate:   0.1480E-03
 ------------------------------------------------------------------------------

wrapping first mol.:       36.24552        0.00000        0.00000

 NSTEP =     7000   TIME(PS) =      14.000  TEMP(K) =   298.83  PRESS =     0.0
 Etot   =    -10475.9534  EKtot   =      1929.9783  EPtot      =    -12405.9317
 BOND   =         7.7948  ANGLE   =        12.9209  DIHED      =        13.1790
 1-4 NB =        10.4059  1-4 EEL =      -242.8096  VDWAALS    =      2259.3170
 EELEC  =    -14473.3177  EHBOND  =         0.0000  RESTRAINT  =         6.5779
 EAMBER (non-restraint)  =    -12412.5096
 Ewald error estimate:   0.6578E-04
 ------------------------------------------------------------------------------

wrapping first mol.:       36.24552        0.00000        0.00000

 NSTEP =     7500   TIME(PS) =      15.000  TEMP(K) =   301.75  PRESS =     0.0
 Etot   =    -10464.3236  EKtot   =      1948.7952  EPtot      =    -12413.1188
 BOND   =         6.5265  ANGLE   =        11.4273  DIHED      =        13.2769
 1-4 NB =        11.3929  1-4 EEL =      -247.0522  VDWAALS    =      2292.1199
 EELEC  =    -14507.1233  EHBOND  =         0.0000  RESTRAINT  =         6.3134
 EAMBER (non-restraint)  =    -12419.4322
 Ewald error estimate:   0.2140E-03
 ------------------------------------------------------------------------------

wrapping first mol.:       36.24552        0.00000        0.00000

 NSTEP =     8000   TIME(PS) =      16.000  TEMP(K) =   297.36  PRESS =     0.0
 Etot   =    -10503.2369  EKtot   =      1920.4350  EPtot      =    -12423.6719
 BOND   =         8.5004  ANGLE   =         9.0846  DIHED      =        13.0858
 1-4 NB =        10.1706  1-4 EEL =      -242.6411  VDWAALS    =      2258.2563
 EELEC  =    -14487.2975  EHBOND  =         0.0000  RESTRAINT  =         7.1691
 EAMBER (non-restraint)  =    -12430.8410
 Ewald error estimate:   0.3934E-03
 ------------------------------------------------------------------------------

wrapping first mol.:       36.24552        0.00000        0.00000

 NSTEP =     8500   TIME(PS) =      17.000  TEMP(K) =   306.23  PRESS =     0.0
 Etot   =    -10433.1966  EKtot   =      1977.7790  EPtot      =    -12410.9756
 BOND   =         6.1919  ANGLE   =        11.3019  DIHED      =        13.6620
 1-4 NB =        10.6441  1-4 EEL =      -243.5473  VDWAALS    =      2299.4899
 EELEC  =    -14516.3195  EHBOND  =         0.0000  RESTRAINT  =         7.6014
 EAMBER (non-restraint)  =    -12418.5770
 Ewald error estimate:   0.4451E-03
 ------------------------------------------------------------------------------

wrapping first mol.:       36.24552        0.00000        0.00000

 NSTEP =     9000   TIME(PS) =      18.000  TEMP(K) =   296.66  PRESS =     0.0
 Etot   =    -10484.5220  EKtot   =      1915.9584  EPtot      =    -12400.4804
 BOND   =         4.6208  ANGLE   =        11.3193  DIHED      =        11.9143
 1-4 NB =        12.1075  1-4 EEL =      -245.3025  VDWAALS    =      2389.2560
 EELEC  =    -14593.5804  EHBOND  =         0.0000  RESTRAINT  =         9.1846
 EAMBER (non-restraint)  =    -12409.6650
 Ewald error estimate:   0.1616E-03
 ------------------------------------------------------------------------------

wrapping first mol.:       36.24552        0.00000        0.00000

 NSTEP =     9500   TIME(PS) =      19.000  TEMP(K) =   307.53  PRESS =     0.0
 Etot   =    -10432.5689  EKtot   =      1986.1272  EPtot      =    -12418.6961
 BOND   =         6.2435  ANGLE   =        10.0122  DIHED      =        15.0629
 1-4 NB =        11.7332  1-4 EEL =      -246.5549  VDWAALS    =      2402.5399
 EELEC  =    -14624.9741  EHBOND  =         0.0000  RESTRAINT  =         7.2413
 EAMBER (non-restraint)  =    -12425.9373
 Ewald error estimate:   0.4700E-03
 ------------------------------------------------------------------------------

wrapping first mol.:       36.24552        0.00000        0.00000
wrapping first mol.:       36.24552        0.00000        0.00000

 NSTEP =    10000   TIME(PS) =      20.000  TEMP(K) =   296.87  PRESS =     0.0
 Etot   =    -10470.7957  EKtot   =      1917.2887  EPtot      =    -12388.0843
 BOND   =         3.4207  ANGLE   =        16.0461  DIHED      =        12.2671
 1-4 NB =        10.1660  1-4 EEL =      -242.9045  VDWAALS    =      2300.8955
 EELEC  =    -14497.8921  EHBOND  =         0.0000  RESTRAINT  =         9.9169
 EAMBER (non-restraint)  =    -12398.0012
 Ewald error estimate:   0.3304E-03
 ------------------------------------------------------------------------------


      A V E R A G E S   O V E R      20 S T E P S


 NSTEP =    10000   TIME(PS) =      20.000  TEMP(K) =   293.28  PRESS =     0.0
 Etot   =    -10561.5879  EKtot   =      1894.1166  EPtot      =    -12455.7045
 BOND   =         6.7469  ANGLE   =        12.4968  DIHED      =        12.7600
 1-4 NB =        11.2543  1-4 EEL =      -245.2583  VDWAALS    =      2316.7028
 EELEC  =    -14578.0351  EHBOND  =         0.0000  RESTRAINT  =         7.6282
 EAMBER (non-restraint)  =    -12463.3327
 Ewald error estimate:   0.2305E-03
 ------------------------------------------------------------------------------


      R M S  F L U C T U A T I O N S


 NSTEP =    10000   TIME(PS) =      20.000  TEMP(K) =    13.56  PRESS =     0.0
 Etot   =       188.1970  EKtot   =        87.5855  EPtot      =       104.8857
 BOND   =         2.1065  ANGLE   =         2.2254  DIHED      =         1.3414
 1-4 NB =         0.9326  1-4 EEL =         1.8265  VDWAALS    =        53.8205
 EELEC  =       144.0840  EHBOND  =         0.0000  RESTRAINT  =         1.4132
 EAMBER (non-restraint)  =       103.4725
 Ewald error estimate:   0.1380E-03
 ------------------------------------------------------------------------------

--------------------------------------------------------------------------------
   5.  TIMINGS
--------------------------------------------------------------------------------

|  NonSetup CPU Time in Major Routines:
|
|     Routine           Sec        %
|     ------------------------------
|     Nonbond         118.17   95.32
|     Bond              0.05    0.04
|     Angle             0.07    0.05
|     Dihedral          0.14    0.11
|     Shake             0.81    0.66
|     RunMD             4.65    3.75
|     Other             0.08    0.06
|     ------------------------------
|     Total           123.97

|  PME Nonbond Pairlist CPU Time:
|
|     Routine              Sec        %
|     ---------------------------------
|     Set Up Cit           0.14    0.11
|     Build List          29.64   23.91
|     ---------------------------------
|     Total               29.78   24.02

|  PME Direct Force CPU Time:
|
|     Routine              Sec        %
|     ---------------------------------
|     NonBonded Calc      66.22   53.42
|     Exclude Masked       0.85    0.69
|     Other                0.70    0.57
|     ---------------------------------
|     Total               67.78   54.67

|  PME Reciprocal Force CPU Time:
|
|     Routine              Sec        %
|     ---------------------------------
|     1D bspline           1.27    1.02
|     Grid Charges         1.69    1.36
|     Scalar Sum           1.35    1.09
|     Gradient Sum         2.20    1.78
|     FFT                 14.20   11.46
|     ---------------------------------
|     Total               20.71   16.71

|  Final Performance Info:
|     -----------------------------------------------------
|     Average timings for last     500 steps:
|     Elapsed(s) =       7.25 Per Step(ms) =      14.50
|         ns/day =      11.92   seconds/ns =    7249.63
|
|     Average timings for all steps:
|     Elapsed(s) =     132.17 Per Step(ms) =      13.22
|         ns/day =      13.07   seconds/ns =    6608.26
|     -----------------------------------------------------

|  Setup CPU time:            0.02 seconds
|  NonSetup CPU time:       123.97 seconds
|  Total CPU time:          123.99 seconds     0.03 hours

|  Setup wall time:           0    seconds
|  NonSetup wall time:      133    seconds
|  Total wall time:         133    seconds     0.04 hours
