
          -------------------------------------------------------
          Amber 18 PMEMD                              2018
          -------------------------------------------------------

| PMEMD implementation of SANDER, Release 18

| Run on 03/14/2022 at 21:10:57

|   Executable path: pmemd.MPI
| Working directory: /bgfs/lchong/dty7/ff15ipq-lig/charges/gaff_01/GenConformers/Conf8
|          Hostname: smp-n123

  [-O]verwriting output

File Assignments:
|   MDIN: ../../../amber/6.2_eq1.in                                             
|  MDOUT: 6.2_eq1.out                                                           
| INPCRD: 6.1_min.rst                                                           
|   PARM: ../../mon.top                                                         
| RESTRT: 6.2_eq1.rst                                                           
|   REFC: 6.1_min.rst                                                           
|  MDVEL: mdvel                                                                 
|   MDEN: mden                                                                  
|  MDCRD: mdcrd                                                                 
| MDINFO: mdinfo                                                                
|LOGFILE: logfile                                                               
|  MDFRC: mdfrc                                                                 

 
 Here is the input file:
 
&cntrl                                                                         
  imin      = 0,                                                               
  irest     = 0,                                                               
  ntx       = 1,                                                               
  ig        = -1,                                                              
  dt        = 0.002,                                                           
  nstlim    = 10000,                                                           
  nscm      = 500,                                                             
  ntr       = 1,                                                               
  restraintmask = ':1',                                                        
  restraint_wt  = 10.0,                                                        
  ntb       = 1,                                                               
  ntp       = 0,                                                               
  ntt       = 3,                                                               
  tempi     = 298.0,                                                           
  temp0     = 298.0,                                                           
  gamma_ln  = 1.0,                                                             
  ntf       = 2,                                                               
  ntc       = 2,                                                               
  cut       = 10.0,                                                            
  ntpr      = 500,                                                             
  ntxo      = 2,                                                               
  ntwr      = 10000,                                                           
  ioutfm    = 1,                                                               
  ntwx      = 500,                                                             
  iwrap     = 1,                                                               
&end                                                                           


Note: ig = -1. Setting random seed to   567992 based on wallclock time in
      microseconds and disabling the synchronization of random numbers 
      between tasks to improve performance.
| irandom = 1, using AMBER's internal random number generator (default).
 
 
| Conditional Compilation Defines Used:
| MPI
| FFTW_FFT
| BINTRAJ
| MKL
| EMIL
 
| Largest sphere to fit in unit cell has radius =    14.874

| New format PARM file being parsed.
| Version =    1.000 Date = 03/14/22 Time = 17:48:27

| Note: 1-4 EEL scale factors are being read from the topology file.

| Note: 1-4 VDW scale factors are being read from the topology file.
| Duplicated    0 dihedrals

| Duplicated    0 dihedrals

--------------------------------------------------------------------------------
   1.  RESOURCE   USE: 
--------------------------------------------------------------------------------

 getting box info from netcdf restart file
 NATOM  =    3240 NTYPES =      13 NBONH =    3220 MBONA  =      21
 NTHETH =      33 MTHETA =      29 NPHIH =      60 MPHIA  =      45
 NHPARM =       0 NPARM  =       0 NNB   =    4456 NRES   =    1069
 NBONA  =      21 NTHETA =      29 NPHIA =      45 NUMBND =      22
 NUMANG =      35 NPTRA  =      18 NATYP =      17 NPHB   =       0
 IFBOX  =       2 NMXRS  =      36 IFCAP =       0 NEXTRA =       0
 NCOPY  =       0

| Coordinate Index Table dimensions:     5    5    5
| Direct force subcell size =     7.2866    7.2866    7.2866

     BOX TYPE: TRUNCATED OCTAHEDRON

--------------------------------------------------------------------------------
   2.  CONTROL  DATA  FOR  THE  RUN
--------------------------------------------------------------------------------

default_name                                                                    

General flags:
     imin    =       0, nmropt  =       0

Nature and format of input:
     ntx     =       1, irest   =       0, ntrx    =       1

Nature and format of output:
     ntxo    =       2, ntpr    =     500, ntrx    =       1, ntwr    =   10000
     iwrap   =       1, ntwx    =     500, ntwv    =       0, ntwe    =       0
     ioutfm  =       1, ntwprt  =       0, idecomp =       0, rbornstat=      0

Potential function:
     ntf     =       2, ntb     =       1, igb     =       0, nsnb    =      25
     ipol    =       0, gbsa    =       0, iesp    =       0
     dielc   =   1.00000, cut     =  10.00000, intdiel =   1.00000

Frozen or restrained atoms:
     ibelly  =       0, ntr     =       1
     restraint_wt =  10.00000

Molecular dynamics:
     nstlim  =     10000, nscm    =         0, nrespa  =         1
     t       =   0.00000, dt      =   0.00200, vlimit  =  20.00000

Langevin dynamics temperature regulation:
     ig      =  567992
     temp0   = 298.00000, tempi   = 298.00000, gamma_ln=   1.00000

SHAKE:
     ntc     =       2, jfastw  =       0
     tol     =   0.00001

| Intermolecular bonds treatment:
|     no_intermolecular_bonds =       1

| Energy averages sample interval:
|     ene_avg_sampling =     500

Ewald parameters:
     verbose =       0, ew_type =       0, nbflag  =       1, use_pme =       1
     vdwmeth =       1, eedmeth =       1, netfrc  =       1
     Box X =   36.433   Box Y =   36.433   Box Z =   36.433
     Alpha =  109.471   Beta  =  109.471   Gamma =  109.471
     NFFT1 =   40       NFFT2 =   40       NFFT3 =   40
     Cutoff=   10.000   Tol   =0.100E-04
     Ewald Coefficient =  0.27511
     Interpolation order =    4

| PMEMD ewald parallel performance parameters:
|     block_fft =    0
|     fft_blk_y_divisor =    2
|     excl_recip =    0
|     excl_master =    0
|     atm_redist_freq =  320

    LOADING THE CONSTRAINED ATOMS AS GROUPS


   5.  REFERENCE ATOM COORDINATES

  default_name                                                                    
     Mask :1; matches    36 atoms

--------------------------------------------------------------------------------
   3.  ATOMIC COORDINATES AND VELOCITIES
--------------------------------------------------------------------------------

default_name                                                                    
 begin time read from input coords =     0.000 ps

 
 Number of triangulated 3-point waters found:     1068

     Sum of charges from parm topology file =  -0.00030117
     Forcing neutrality...

| Dynamic Memory, Types Used:
| Reals             1198019
| Integers           209478

| Nonbonded Pairs Initial Allocation:      317358

| Running AMBER/MPI version on    8 MPI task

 
--------------------------------------------------------------------------------
   4.  RESULTS
--------------------------------------------------------------------------------

 ---------------------------------------------------
 APPROXIMATING switch and d/dx switch using CUBIC SPLINE INTERPOLATION
 using   5000.0 points per unit in tabled values
 TESTING RELATIVE ERROR over r ranging from 0.0 to cutoff
| CHECK switch(x): max rel err =   0.3316E-14   at   2.351880
| CHECK d/dx switch(x): max rel err =   0.8066E-11   at   2.747240
 ---------------------------------------------------
|---------------------------------------------------
| APPROXIMATING direct energy using CUBIC SPLINE INTERPOLATION
|  with   50.0 points per unit in tabled values
| Relative Error Limit not exceeded for r .gt.   2.34
| APPROXIMATING direct force using CUBIC SPLINE INTERPOLATION
|  with   50.0 points per unit in tabled values
| Relative Error Limit not exceeded for r .gt.   2.81
|---------------------------------------------------

 NSTEP =        0   TIME(PS) =       0.000  TEMP(K) =   443.46  PRESS =     0.0
 Etot   =    -14827.7786  EKtot   =      2864.0328  EPtot      =    -17691.8114
 BOND   =         1.5482  ANGLE   =         3.5764  DIHED      =        13.2691
 1-4 NB =        10.5642  1-4 EEL =      -602.2681  VDWAALS    =      3721.7560
 EELEC  =    -20840.2571  EHBOND  =         0.0000  RESTRAINT  =         0.0000
 Ewald error estimate:   0.4249E-03
 ------------------------------------------------------------------------------

wrapping first mol.:       36.43282        0.00000        0.00000

 NSTEP =      500   TIME(PS) =       1.000  TEMP(K) =   244.65  PRESS =     0.0
 Etot   =    -11557.2850  EKtot   =      1580.0650  EPtot      =    -13137.3500
 BOND   =         6.6405  ANGLE   =        10.8512  DIHED      =        14.0698
 1-4 NB =        11.2401  1-4 EEL =      -606.2057  VDWAALS    =      2608.8356
 EELEC  =    -15189.6176  EHBOND  =         0.0000  RESTRAINT  =         6.8362
 EAMBER (non-restraint)  =    -13144.1862
 Ewald error estimate:   0.2441E-03
 ------------------------------------------------------------------------------

wrapping first mol.:       36.43282        0.00000        0.00000

 NSTEP =     1000   TIME(PS) =       2.000  TEMP(K) =   273.96  PRESS =     0.0
 Etot   =    -11090.6919  EKtot   =      1769.3563  EPtot      =    -12860.0482
 BOND   =         7.6750  ANGLE   =        11.8629  DIHED      =        17.6005
 1-4 NB =        11.9546  1-4 EEL =      -604.8568  VDWAALS    =      2509.9875
 EELEC  =    -14821.5625  EHBOND  =         0.0000  RESTRAINT  =         7.2906
 EAMBER (non-restraint)  =    -12867.3388
 Ewald error estimate:   0.1276E-03
 ------------------------------------------------------------------------------

wrapping first mol.:       36.43282        0.00000        0.00000

 NSTEP =     1500   TIME(PS) =       3.000  TEMP(K) =   286.92  PRESS =     0.0
 Etot   =    -10891.6871  EKtot   =      1853.0589  EPtot      =    -12744.7460
 BOND   =         9.4606  ANGLE   =        13.6666  DIHED      =        16.1565
 1-4 NB =        11.3486  1-4 EEL =      -603.4559  VDWAALS    =      2329.3290
 EELEC  =    -14528.4385  EHBOND  =         0.0000  RESTRAINT  =         7.1871
 EAMBER (non-restraint)  =    -12751.9331
 Ewald error estimate:   0.1573E-03
 ------------------------------------------------------------------------------

wrapping first mol.:       36.43282        0.00000        0.00000

 NSTEP =     2000   TIME(PS) =       4.000  TEMP(K) =   288.80  PRESS =     0.0
 Etot   =    -10717.6658  EKtot   =      1865.1855  EPtot      =    -12582.8512
 BOND   =         4.3830  ANGLE   =        15.3432  DIHED      =        12.6174
 1-4 NB =        10.7014  1-4 EEL =      -599.7112  VDWAALS    =      2276.3925
 EELEC  =    -14311.9512  EHBOND  =         0.0000  RESTRAINT  =         9.3737
 EAMBER (non-restraint)  =    -12592.2249
 Ewald error estimate:   0.1636E-03
 ------------------------------------------------------------------------------

wrapping first mol.:       36.43282        0.00000        0.00000

 NSTEP =     2500   TIME(PS) =       5.000  TEMP(K) =   291.88  PRESS =     0.0
 Etot   =    -10645.5077  EKtot   =      1885.0824  EPtot      =    -12530.5901
 BOND   =         6.4572  ANGLE   =        14.5054  DIHED      =        13.6811
 1-4 NB =        12.1048  1-4 EEL =      -606.5509  VDWAALS    =      2324.0650
 EELEC  =    -14304.1487  EHBOND  =         0.0000  RESTRAINT  =         9.2961
 EAMBER (non-restraint)  =    -12539.8862
 Ewald error estimate:   0.2502E-03
 ------------------------------------------------------------------------------

wrapping first mol.:       36.43282        0.00000        0.00000

 NSTEP =     3000   TIME(PS) =       6.000  TEMP(K) =   295.20  PRESS =     0.0
 Etot   =    -10602.5434  EKtot   =      1906.4933  EPtot      =    -12509.0366
 BOND   =         5.9097  ANGLE   =        15.9019  DIHED      =        17.6379
 1-4 NB =        11.1030  1-4 EEL =      -608.4457  VDWAALS    =      2247.1929
 EELEC  =    -14205.1370  EHBOND  =         0.0000  RESTRAINT  =         6.8007
 EAMBER (non-restraint)  =    -12515.8373
 Ewald error estimate:   0.2535E-03
 ------------------------------------------------------------------------------

wrapping first mol.:       36.43282        0.00000        0.00000

 NSTEP =     3500   TIME(PS) =       7.000  TEMP(K) =   305.35  PRESS =     0.0
 Etot   =    -10509.0195  EKtot   =      1972.0954  EPtot      =    -12481.1149
 BOND   =         6.7808  ANGLE   =         7.9938  DIHED      =        15.8945
 1-4 NB =         9.3420  1-4 EEL =      -588.8358  VDWAALS    =      2375.7884
 EELEC  =    -14315.0288  EHBOND  =         0.0000  RESTRAINT  =         6.9502
 EAMBER (non-restraint)  =    -12488.0652
 Ewald error estimate:   0.8105E-04
 ------------------------------------------------------------------------------

wrapping first mol.:       36.43282        0.00000        0.00000

 NSTEP =     4000   TIME(PS) =       8.000  TEMP(K) =   301.26  PRESS =     0.0
 Etot   =    -10515.7776  EKtot   =      1945.6619  EPtot      =    -12461.4394
 BOND   =         8.9119  ANGLE   =        15.2954  DIHED      =        18.2884
 1-4 NB =        11.8609  1-4 EEL =      -608.2443  VDWAALS    =      2237.7380
 EELEC  =    -14152.1454  EHBOND  =         0.0000  RESTRAINT  =         6.8558
 EAMBER (non-restraint)  =    -12468.2952
 Ewald error estimate:   0.5156E-03
 ------------------------------------------------------------------------------

wrapping first mol.:       36.43282        0.00000        0.00000

 NSTEP =     4500   TIME(PS) =       9.000  TEMP(K) =   306.25  PRESS =     0.0
 Etot   =    -10514.0901  EKtot   =      1977.8905  EPtot      =    -12491.9805
 BOND   =         8.3929  ANGLE   =        10.7579  DIHED      =        19.7322
 1-4 NB =        11.2559  1-4 EEL =      -603.3429  VDWAALS    =      2343.1638
 EELEC  =    -14291.9542  EHBOND  =         0.0000  RESTRAINT  =        10.0139
 EAMBER (non-restraint)  =    -12501.9945
 Ewald error estimate:   0.6358E-04
 ------------------------------------------------------------------------------

wrapping first mol.:       36.43282        0.00000        0.00000

 NSTEP =     5000   TIME(PS) =      10.000  TEMP(K) =   306.78  PRESS =     0.0
 Etot   =    -10567.9542  EKtot   =      1981.3284  EPtot      =    -12549.2827
 BOND   =         7.5623  ANGLE   =        11.8232  DIHED      =        14.1664
 1-4 NB =         9.4321  1-4 EEL =      -598.7776  VDWAALS    =      2312.0989
 EELEC  =    -14313.1422  EHBOND  =         0.0000  RESTRAINT  =         7.5543
 EAMBER (non-restraint)  =    -12556.8369
 Ewald error estimate:   0.1349E-03
 ------------------------------------------------------------------------------

wrapping first mol.:       36.43282        0.00000        0.00000

 NSTEP =     5500   TIME(PS) =      11.000  TEMP(K) =   310.20  PRESS =     0.0
 Etot   =    -10556.0770  EKtot   =      2003.4188  EPtot      =    -12559.4958
 BOND   =         8.8249  ANGLE   =        12.5443  DIHED      =        13.4242
 1-4 NB =        12.8724  1-4 EEL =      -604.3449  VDWAALS    =      2274.0065
 EELEC  =    -14284.3078  EHBOND  =         0.0000  RESTRAINT  =         7.4847
 EAMBER (non-restraint)  =    -12566.9805
 Ewald error estimate:   0.1205E-03
 ------------------------------------------------------------------------------

wrapping first mol.:       36.43282        0.00000        0.00000

 NSTEP =     6000   TIME(PS) =      12.000  TEMP(K) =   301.93  PRESS =     0.0
 Etot   =    -10655.4430  EKtot   =      1949.9447  EPtot      =    -12605.3877
 BOND   =         7.6872  ANGLE   =        12.1898  DIHED      =        14.9461
 1-4 NB =        10.5531  1-4 EEL =      -603.8208  VDWAALS    =      2346.3849
 EELEC  =    -14398.0957  EHBOND  =         0.0000  RESTRAINT  =         4.7675
 EAMBER (non-restraint)  =    -12610.1553
 Ewald error estimate:   0.5904E-03
 ------------------------------------------------------------------------------

wrapping first mol.:       36.43282        0.00000        0.00000

 NSTEP =     6500   TIME(PS) =      13.000  TEMP(K) =   294.65  PRESS =     0.0
 Etot   =    -10684.8287  EKtot   =      1902.9455  EPtot      =    -12587.7742
 BOND   =         7.3270  ANGLE   =        13.7625  DIHED      =        15.5210
 1-4 NB =        11.7580  1-4 EEL =      -600.5203  VDWAALS    =      2255.0428
 EELEC  =    -14300.0350  EHBOND  =         0.0000  RESTRAINT  =         9.3699
 EAMBER (non-restraint)  =    -12597.1440
 Ewald error estimate:   0.9217E-04
 ------------------------------------------------------------------------------

wrapping first mol.:       36.43282        0.00000        0.00000

 NSTEP =     7000   TIME(PS) =      14.000  TEMP(K) =   295.03  PRESS =     0.0
 Etot   =    -10599.6060  EKtot   =      1905.4401  EPtot      =    -12505.0460
 BOND   =         6.0547  ANGLE   =        17.7261  DIHED      =        15.8329
 1-4 NB =        11.9932  1-4 EEL =      -610.1076  VDWAALS    =      2280.4890
 EELEC  =    -14233.5208  EHBOND  =         0.0000  RESTRAINT  =         6.4864
 EAMBER (non-restraint)  =    -12511.5324
 Ewald error estimate:   0.1360E-03
 ------------------------------------------------------------------------------

wrapping first mol.:       36.43282        0.00000        0.00000

 NSTEP =     7500   TIME(PS) =      15.000  TEMP(K) =   300.00  PRESS =     0.0
 Etot   =    -10576.6381  EKtot   =      1937.4986  EPtot      =    -12514.1366
 BOND   =         7.2060  ANGLE   =        16.5874  DIHED      =        13.3220
 1-4 NB =        11.5546  1-4 EEL =      -602.7464  VDWAALS    =      2271.3476
 EELEC  =    -14243.0360  EHBOND  =         0.0000  RESTRAINT  =        11.6282
 EAMBER (non-restraint)  =    -12525.7648
 Ewald error estimate:   0.4961E-03
 ------------------------------------------------------------------------------

wrapping first mol.:       36.43282        0.00000        0.00000

 NSTEP =     8000   TIME(PS) =      16.000  TEMP(K) =   301.18  PRESS =     0.0
 Etot   =    -10656.1116  EKtot   =      1945.1023  EPtot      =    -12601.2138
 BOND   =         6.2395  ANGLE   =        10.1209  DIHED      =        16.9802
 1-4 NB =        10.7728  1-4 EEL =      -601.2696  VDWAALS    =      2245.6668
 EELEC  =    -14296.5449  EHBOND  =         0.0000  RESTRAINT  =         6.8204
 EAMBER (non-restraint)  =    -12608.0342
 Ewald error estimate:   0.6185E-03
 ------------------------------------------------------------------------------

wrapping first mol.:       36.43282        0.00000        0.00000

 NSTEP =     8500   TIME(PS) =      17.000  TEMP(K) =   296.60  PRESS =     0.0
 Etot   =    -10679.5029  EKtot   =      1915.5705  EPtot      =    -12595.0735
 BOND   =         6.3833  ANGLE   =        13.6047  DIHED      =        18.1629
 1-4 NB =        12.1892  1-4 EEL =      -601.5585  VDWAALS    =      2318.9831
 EELEC  =    -14370.6460  EHBOND  =         0.0000  RESTRAINT  =         7.8078
 EAMBER (non-restraint)  =    -12602.8813
 Ewald error estimate:   0.2239E-03
 ------------------------------------------------------------------------------

wrapping first mol.:       36.43282        0.00000        0.00000

 NSTEP =     9000   TIME(PS) =      18.000  TEMP(K) =   301.32  PRESS =     0.0
 Etot   =    -10621.1332  EKtot   =      1946.0138  EPtot      =    -12567.1470
 BOND   =         5.5988  ANGLE   =        15.9779  DIHED      =        15.8303
 1-4 NB =         9.8883  1-4 EEL =      -599.0502  VDWAALS    =      2303.0660
 EELEC  =    -14329.0848  EHBOND  =         0.0000  RESTRAINT  =        10.6267
 EAMBER (non-restraint)  =    -12577.7736
 Ewald error estimate:   0.6971E-04
 ------------------------------------------------------------------------------

wrapping first mol.:       36.43282        0.00000        0.00000

 NSTEP =     9500   TIME(PS) =      19.000  TEMP(K) =   304.81  PRESS =     0.0
 Etot   =    -10568.5290  EKtot   =      1968.5683  EPtot      =    -12537.0973
 BOND   =         8.8235  ANGLE   =        11.4966  DIHED      =        18.3612
 1-4 NB =        12.0095  1-4 EEL =      -606.7576  VDWAALS    =      2334.8999
 EELEC  =    -14321.7395  EHBOND  =         0.0000  RESTRAINT  =         5.8090
 EAMBER (non-restraint)  =    -12542.9063
 Ewald error estimate:   0.7881E-04
 ------------------------------------------------------------------------------

wrapping first mol.:       36.43282        0.00000        0.00000
wrapping first mol.:       36.43282        0.00000        0.00000

 NSTEP =    10000   TIME(PS) =      20.000  TEMP(K) =   303.09  PRESS =     0.0
 Etot   =    -10599.1288  EKtot   =      1957.4990  EPtot      =    -12556.6278
 BOND   =         6.1999  ANGLE   =        12.2262  DIHED      =        12.8262
 1-4 NB =         9.9295  1-4 EEL =      -597.2737  VDWAALS    =      2195.5916
 EELEC  =    -14205.1266  EHBOND  =         0.0000  RESTRAINT  =         8.9990
 EAMBER (non-restraint)  =    -12565.6268
 Ewald error estimate:   0.9484E-05
 ------------------------------------------------------------------------------


      A V E R A G E S   O V E R      20 S T E P S


 NSTEP =    10000   TIME(PS) =      20.000  TEMP(K) =   295.49  PRESS =     0.0
 Etot   =    -10690.4610  EKtot   =      1908.4110  EPtot      =    -12598.8720
 BOND   =         7.1259  ANGLE   =        13.2119  DIHED      =        15.7526
 1-4 NB =        11.1932  1-4 EEL =      -602.7938  VDWAALS    =      2319.5035
 EELEC  =    -14370.7632  EHBOND  =         0.0000  RESTRAINT  =         7.8979
 EAMBER (non-restraint)  =    -12606.7699
 Ewald error estimate:   0.2213E-03
 ------------------------------------------------------------------------------


      R M S  F L U C T U A T I O N S


 NSTEP =    10000   TIME(PS) =      20.000  TEMP(K) =    14.22  PRESS =     0.0
 Etot   =       238.9501  EKtot   =        91.8399  EPtot      =       152.2180
 BOND   =         1.2717  ANGLE   =         2.4022  DIHED      =         2.0447
 1-4 NB =         0.9518  1-4 EEL =         4.6853  VDWAALS    =        92.1338
 EELEC  =       232.3598  EHBOND  =         0.0000  RESTRAINT  =         1.6756
 EAMBER (non-restraint)  =       150.5423
 Ewald error estimate:   0.1801E-03
 ------------------------------------------------------------------------------

--------------------------------------------------------------------------------
   5.  TIMINGS
--------------------------------------------------------------------------------

|  NonSetup CPU Time in Major Routines, Average for All Tasks:
|
|     Routine           Sec        %
|     ------------------------------
|     DataDistrib       1.89   10.16
|     Nonbond          15.59   83.85
|     Bond              0.03    0.14
|     Angle             0.03    0.17
|     Dihedral          0.04    0.23
|     Shake             0.13    0.68
|     RunMD             0.86    4.63
|     Other             0.03    0.14
|     ------------------------------
|     Total            18.59

|  PME Nonbond Pairlist CPU Time, Average for All Tasks:
|
|     Routine              Sec        %
|     ---------------------------------
|     Set Up Cit           0.05    0.29
|     Build List           1.91   10.27
|     ---------------------------------
|     Total                1.96   10.56

|  PME Direct Force CPU Time, Average for All Tasks:
|
|     Routine              Sec        %
|     ---------------------------------
|     NonBonded Calc      10.40   55.94
|     Exclude Masked       0.13    0.72
|     Other                0.48    2.58
|     ---------------------------------
|     Total               11.01   59.24

|  PME Reciprocal Force CPU Time, Average for All Tasks:
|
|     Routine              Sec        %
|     ---------------------------------
|     1D bspline           0.22    1.18
|     Grid Charges         0.24    1.29
|     Scalar Sum           0.21    1.12
|     Gradient Sum         0.41    2.23
|     FFT                  1.47    7.91
|     ---------------------------------
|     Total                2.55   13.72

|  PME Load Balancing CPU Time, Average for All Tasks:
|
|     Routine                 Sec        %
|     ------------------------------------
|     Atom Reassign           0.00    0.00
|     Image Reassign          0.00    0.01
|     FFT Reassign            0.00    0.00
|     ------------------------------------
|     Total                   0.00    0.01

|  Final Performance Info:
|     -----------------------------------------------------
|     Average timings for last   10000 steps:
|     Elapsed(s) =      18.60 Per Step(ms) =       1.86
|         ns/day =      92.90   seconds/ns =     930.02
|
|     Average timings for all steps:
|     Elapsed(s) =      18.60 Per Step(ms) =       1.86
|         ns/day =      92.90   seconds/ns =     930.02
|     -----------------------------------------------------

|  Master Setup CPU time:            0.03 seconds
|  Master NonSetup CPU time:        18.56 seconds
|  Master Total CPU time:           18.60 seconds     0.01 hours

|  Master Setup wall time:           0    seconds
|  Master NonSetup wall time:       18    seconds
|  Master Total wall time:          18    seconds     0.01 hours
