
          -------------------------------------------------------
          Amber 18 PMEMD                              2018
          -------------------------------------------------------

| PMEMD implementation of SANDER, Release 18

| Run on 03/14/2022 at 21:06:21

|   Executable path: pmemd.MPI
| Working directory: /bgfs/lchong/dty7/ff15ipq-lig/charges/gaff_01/GenConformers/Conf6
|          Hostname: smp-n123

  [-O]verwriting output

File Assignments:
|   MDIN: ../../../amber/6.3_eq2.in                                             
|  MDOUT: 6.3_eq2.out                                                           
| INPCRD: 6.2_eq1.rst                                                           
|   PARM: ../../mon.top                                                         
| RESTRT: 6.3_eq2.rst                                                           
|   REFC: 6.2_eq1.rst                                                           
|  MDVEL: mdvel                                                                 
|   MDEN: mden                                                                  
|  MDCRD: mdcrd                                                                 
| MDINFO: mdinfo                                                                
|LOGFILE: logfile                                                               
|  MDFRC: mdfrc                                                                 

 
 Here is the input file:
 
&cntrl                                                                         
  imin      = 0,                                                               
  irest     = 1,                                                               
  ntx       = 5,                                                               
  ig        = -1,                                                              
  dt        = 0.002,                                                           
  nstlim    = 50000,                                                           
  nscm      = 500,                                                             
  ntr       = 1,                                                               
  restraintmask = ':1',                                                        
  restraint_wt  = 10.0,                                                        
  ntb       = 2,                                                               
  ntp       = 1,                                                               
  barostat  = 2,                                                               
  pres0     = 1.0,                                                             
  mcbarint  = 100,                                                             
  comp      = 44.6,                                                            
  taup      = 1.0,                                                             
  ntt       = 3,                                                               
  temp0     = 298.0,                                                           
  gamma_ln  = 1.0,                                                             
  ntf       = 2,                                                               
  ntc       = 2,                                                               
  cut       = 10.0,                                                            
  ntpr      = 500,                                                             
  ntxo      = 1,                                                               
  ntwr      = 50000,                                                           
  ioutfm    = 1,                                                               
  ntwx      = 500,                                                             
  iwrap     = 1,                                                               
&end                                                                           


Note: ig = -1. Setting random seed to   109188 based on wallclock time in
      microseconds and disabling the synchronization of random numbers 
      between tasks to improve performance.
| irandom = 1, using AMBER's internal random number generator (default).
 
 
| Conditional Compilation Defines Used:
| MPI
| FFTW_FFT
| BINTRAJ
| MKL
| EMIL
 
| Largest sphere to fit in unit cell has radius =    14.782

| New format PARM file being parsed.
| Version =    1.000 Date = 03/14/22 Time = 17:48:27

| Note: 1-4 EEL scale factors are being read from the topology file.

| Note: 1-4 VDW scale factors are being read from the topology file.
| Duplicated    0 dihedrals

| Duplicated    0 dihedrals

--------------------------------------------------------------------------------
   1.  RESOURCE   USE: 
--------------------------------------------------------------------------------

 getting box info from netcdf restart file
 NATOM  =    3240 NTYPES =      13 NBONH =    3220 MBONA  =      21
 NTHETH =      33 MTHETA =      29 NPHIH =      60 MPHIA  =      45
 NHPARM =       0 NPARM  =       0 NNB   =    4456 NRES   =    1069
 NBONA  =      21 NTHETA =      29 NPHIA =      45 NUMBND =      22
 NUMANG =      35 NPTRA  =      18 NATYP =      17 NPHB   =       0
 IFBOX  =       2 NMXRS  =      36 IFCAP =       0 NEXTRA =       0
 NCOPY  =       0

| Coordinate Index Table dimensions:     5    5    5
| Direct force subcell size =     7.2418    7.2418    7.2418

     BOX TYPE: TRUNCATED OCTAHEDRON

--------------------------------------------------------------------------------
   2.  CONTROL  DATA  FOR  THE  RUN
--------------------------------------------------------------------------------

default_name                                                                    

General flags:
     imin    =       0, nmropt  =       0

Nature and format of input:
     ntx     =       5, irest   =       1, ntrx    =       1

Nature and format of output:
     ntxo    =       1, ntpr    =     500, ntrx    =       1, ntwr    =   50000
     iwrap   =       1, ntwx    =     500, ntwv    =       0, ntwe    =       0
     ioutfm  =       1, ntwprt  =       0, idecomp =       0, rbornstat=      0

Potential function:
     ntf     =       2, ntb     =       2, igb     =       0, nsnb    =      25
     ipol    =       0, gbsa    =       0, iesp    =       0
     dielc   =   1.00000, cut     =  10.00000, intdiel =   1.00000

Frozen or restrained atoms:
     ibelly  =       0, ntr     =       1
     restraint_wt =  10.00000

Molecular dynamics:
     nstlim  =     50000, nscm    =         0, nrespa  =         1
     t       =   0.00000, dt      =   0.00200, vlimit  =  20.00000

Langevin dynamics temperature regulation:
     ig      =  109188
     temp0   = 298.00000, tempi   =   0.00000, gamma_ln=   1.00000

Pressure regulation:
     ntp     =       1
     pres0   =   1.00000, comp    =  44.60000, taup    =   1.00000
     Monte-Carlo Barostat:
     mcbarint  =     100

SHAKE:
     ntc     =       2, jfastw  =       0
     tol     =   0.00001

| Intermolecular bonds treatment:
|     no_intermolecular_bonds =       1

| Energy averages sample interval:
|     ene_avg_sampling =     500

Ewald parameters:
     verbose =       0, ew_type =       0, nbflag  =       1, use_pme =       1
     vdwmeth =       1, eedmeth =       1, netfrc  =       1
     Box X =   36.209   Box Y =   36.209   Box Z =   36.209
     Alpha =  109.471   Beta  =  109.471   Gamma =  109.471
     NFFT1 =   40       NFFT2 =   40       NFFT3 =   40
     Cutoff=   10.000   Tol   =0.100E-04
     Ewald Coefficient =  0.27511
     Interpolation order =    4

| PMEMD ewald parallel performance parameters:
|     block_fft =    0
|     fft_blk_y_divisor =    2
|     excl_recip =    0
|     excl_master =    0
|     atm_redist_freq =  320

    LOADING THE CONSTRAINED ATOMS AS GROUPS


   5.  REFERENCE ATOM COORDINATES

  default_name                                                                    
     Mask :1; matches    36 atoms
| MONTE CARLO BAROSTAT IMPORTANT NOTE:
|   The Monte-Carlo barostat does not require the virial to adjust the system volume.
|   Since it is an expensive calculation, it is skipped for efficiency. A side-effect
|   is that the reported pressure is always 0 because it is not calculated.

--------------------------------------------------------------------------------
   3.  ATOMIC COORDINATES AND VELOCITIES
--------------------------------------------------------------------------------

default_name                                                                    
 begin time read from input coords =    20.000 ps

 
 Number of triangulated 3-point waters found:     1068

     Sum of charges from parm topology file =  -0.00030117
     Forcing neutrality...

| Dynamic Memory, Types Used:
| Reals             1243214
| Integers           213788

| Nonbonded Pairs Initial Allocation:      317358

| Running AMBER/MPI version on    8 MPI task

 
--------------------------------------------------------------------------------
   4.  RESULTS
--------------------------------------------------------------------------------

 ---------------------------------------------------
 APPROXIMATING switch and d/dx switch using CUBIC SPLINE INTERPOLATION
 using   5000.0 points per unit in tabled values
 TESTING RELATIVE ERROR over r ranging from 0.0 to cutoff
| CHECK switch(x): max rel err =   0.3316E-14   at   2.351880
| CHECK d/dx switch(x): max rel err =   0.8066E-11   at   2.747240
 ---------------------------------------------------
|---------------------------------------------------
| APPROXIMATING direct energy using CUBIC SPLINE INTERPOLATION
|  with   50.0 points per unit in tabled values
| Relative Error Limit not exceeded for r .gt.   2.34
| APPROXIMATING direct force using CUBIC SPLINE INTERPOLATION
|  with   50.0 points per unit in tabled values
| Relative Error Limit not exceeded for r .gt.   2.81
|---------------------------------------------------

 NSTEP =      500   TIME(PS) =      21.000  TEMP(K) =   296.26  PRESS =     0.0
 Etot   =    -10691.0055  EKtot   =      1913.3857  EPtot      =    -12604.3912
 BOND   =         4.7067  ANGLE   =        13.1840  DIHED      =        13.0469
 1-4 NB =        11.1121  1-4 EEL =      -601.9655  VDWAALS    =      2334.0524
 EELEC  =    -14388.1243  EHBOND  =         0.0000  RESTRAINT  =         9.5965
 EAMBER (non-restraint)  =    -12613.9877
 EKCMT  =         0.0000  VIRIAL  =         0.0000  VOLUME     =     36373.7409
                                                    Density    =         0.8918
 Ewald error estimate:   0.2175E-03
 ------------------------------------------------------------------------------


 NSTEP =     1000   TIME(PS) =      22.000  TEMP(K) =   302.45  PRESS =     0.0
 Etot   =    -10725.1470  EKtot   =      1953.3361  EPtot      =    -12678.4831
 BOND   =         7.2113  ANGLE   =         9.3301  DIHED      =        15.7244
 1-4 NB =        11.4435  1-4 EEL =      -604.8206  VDWAALS    =      2361.4485
 EELEC  =    -14489.5839  EHBOND  =         0.0000  RESTRAINT  =        10.7636
 EAMBER (non-restraint)  =    -12689.2466
 EKCMT  =         0.0000  VIRIAL  =         0.0000  VOLUME     =     35174.3865
                                                    Density    =         0.9222
 Ewald error estimate:   0.1211E-03
 ------------------------------------------------------------------------------


 NSTEP =     1500   TIME(PS) =      23.000  TEMP(K) =   306.03  PRESS =     0.0
 Etot   =    -10682.7747  EKtot   =      1976.4699  EPtot      =    -12659.2446
 BOND   =         8.0326  ANGLE   =        22.4613  DIHED      =        13.7571
 1-4 NB =        13.1412  1-4 EEL =      -609.4122  VDWAALS    =      2345.9244
 EELEC  =    -14464.5224  EHBOND  =         0.0000  RESTRAINT  =        11.3734
 EAMBER (non-restraint)  =    -12670.6180
 EKCMT  =         0.0000  VIRIAL  =         0.0000  VOLUME     =     34882.3230
                                                    Density    =         0.9299
 Ewald error estimate:   0.4181E-05
 ------------------------------------------------------------------------------


 NSTEP =     2000   TIME(PS) =      24.000  TEMP(K) =   299.87  PRESS =     0.0
 Etot   =    -10784.5128  EKtot   =      1936.6655  EPtot      =    -12721.1783
 BOND   =         4.7729  ANGLE   =        15.0449  DIHED      =        17.6654
 1-4 NB =        13.6357  1-4 EEL =      -610.2848  VDWAALS    =      2457.1830
 EELEC  =    -14630.8885  EHBOND  =         0.0000  RESTRAINT  =        11.6931
 EAMBER (non-restraint)  =    -12732.8713
 EKCMT  =         0.0000  VIRIAL  =         0.0000  VOLUME     =     34683.4191
                                                    Density    =         0.9352
 Ewald error estimate:   0.1836E-04
 ------------------------------------------------------------------------------


 NSTEP =     2500   TIME(PS) =      25.000  TEMP(K) =   295.64  PRESS =     0.0
 Etot   =    -10800.2549  EKtot   =      1909.3297  EPtot      =    -12709.5846
 BOND   =         6.7698  ANGLE   =        13.2793  DIHED      =        10.4256
 1-4 NB =        10.4335  1-4 EEL =      -598.2462  VDWAALS    =      2483.1367
 EELEC  =    -14644.0298  EHBOND  =         0.0000  RESTRAINT  =         8.6464
 EAMBER (non-restraint)  =    -12718.2311
 EKCMT  =         0.0000  VIRIAL  =         0.0000  VOLUME     =     34364.7096
                                                    Density    =         0.9439
 Ewald error estimate:   0.3176E-04
 ------------------------------------------------------------------------------


 NSTEP =     3000   TIME(PS) =      26.000  TEMP(K) =   295.27  PRESS =     0.0
 Etot   =    -10899.9805  EKtot   =      1906.9544  EPtot      =    -12806.9350
 BOND   =         7.8472  ANGLE   =        12.5466  DIHED      =        12.0829
 1-4 NB =        10.7418  1-4 EEL =      -604.7426  VDWAALS    =      2571.0213
 EELEC  =    -14828.5870  EHBOND  =         0.0000  RESTRAINT  =        12.1548
 EAMBER (non-restraint)  =    -12819.0898
 EKCMT  =         0.0000  VIRIAL  =         0.0000  VOLUME     =     34068.4472
                                                    Density    =         0.9521
 Ewald error estimate:   0.3054E-03
 ------------------------------------------------------------------------------


 NSTEP =     3500   TIME(PS) =      27.000  TEMP(K) =   291.27  PRESS =     0.0
 Etot   =    -10893.6040  EKtot   =      1881.1467  EPtot      =    -12774.7506
 BOND   =         7.1175  ANGLE   =        13.8096  DIHED      =        12.8030
 1-4 NB =        11.8682  1-4 EEL =      -606.9293  VDWAALS    =      2527.2877
 EELEC  =    -14749.1609  EHBOND  =         0.0000  RESTRAINT  =         8.4535
 EAMBER (non-restraint)  =    -12783.2042
 EKCMT  =         0.0000  VIRIAL  =         0.0000  VOLUME     =     33876.0441
                                                    Density    =         0.9575
 Ewald error estimate:   0.8045E-04
 ------------------------------------------------------------------------------


 NSTEP =     4000   TIME(PS) =      28.000  TEMP(K) =   297.74  PRESS =     0.0
 Etot   =    -10970.7752  EKtot   =      1922.9353  EPtot      =    -12893.7105
 BOND   =         8.7149  ANGLE   =        13.9751  DIHED      =        14.8664
 1-4 NB =        12.0302  1-4 EEL =      -606.7407  VDWAALS    =      2471.2336
 EELEC  =    -14816.4333  EHBOND  =         0.0000  RESTRAINT  =         8.6434
 EAMBER (non-restraint)  =    -12902.3538
 EKCMT  =         0.0000  VIRIAL  =         0.0000  VOLUME     =     33128.7063
                                                    Density    =         0.9791
 Ewald error estimate:   0.5058E-04
 ------------------------------------------------------------------------------


 NSTEP =     4500   TIME(PS) =      29.000  TEMP(K) =   292.92  PRESS =     0.0
 Etot   =    -10981.8280  EKtot   =      1891.7959  EPtot      =    -12873.6239
 BOND   =         8.2157  ANGLE   =        11.5855  DIHED      =        12.8454
 1-4 NB =        10.9607  1-4 EEL =      -607.6371  VDWAALS    =      2525.4708
 EELEC  =    -14844.2515  EHBOND  =         0.0000  RESTRAINT  =         9.1866
 EAMBER (non-restraint)  =    -12882.8105
 EKCMT  =         0.0000  VIRIAL  =         0.0000  VOLUME     =     33129.6045
                                                    Density    =         0.9791
 Ewald error estimate:   0.3264E-03
 ------------------------------------------------------------------------------


 NSTEP =     5000   TIME(PS) =      30.000  TEMP(K) =   293.55  PRESS =     0.0
 Etot   =    -10949.9290  EKtot   =      1895.8742  EPtot      =    -12845.8032
 BOND   =         6.9667  ANGLE   =        13.3747  DIHED      =        16.1574
 1-4 NB =        10.4127  1-4 EEL =      -602.6088  VDWAALS    =      2533.7390
 EELEC  =    -14834.2035  EHBOND  =         0.0000  RESTRAINT  =        10.3586
 EAMBER (non-restraint)  =    -12856.1617
 EKCMT  =         0.0000  VIRIAL  =         0.0000  VOLUME     =     32808.9264
                                                    Density    =         0.9887
 Ewald error estimate:   0.8430E-04
 ------------------------------------------------------------------------------


 NSTEP =     5500   TIME(PS) =      31.000  TEMP(K) =   293.19  PRESS =     0.0
 Etot   =    -10914.4608  EKtot   =      1893.5426  EPtot      =    -12808.0034
 BOND   =         4.6900  ANGLE   =        15.7234  DIHED      =        15.5631
 1-4 NB =        10.8524  1-4 EEL =      -604.5751  VDWAALS    =      2527.6590
 EELEC  =    -14786.8432  EHBOND  =         0.0000  RESTRAINT  =         8.9271
 EAMBER (non-restraint)  =    -12816.9305
 EKCMT  =         0.0000  VIRIAL  =         0.0000  VOLUME     =     32645.4098
                                                    Density    =         0.9936
 Ewald error estimate:   0.3714E-03
 ------------------------------------------------------------------------------


 NSTEP =     6000   TIME(PS) =      32.000  TEMP(K) =   301.30  PRESS =     0.0
 Etot   =    -10861.6953  EKtot   =      1945.9040  EPtot      =    -12807.5992
 BOND   =         6.4398  ANGLE   =        15.8384  DIHED      =        13.1361
 1-4 NB =        11.3045  1-4 EEL =      -608.2392  VDWAALS    =      2400.0839
 EELEC  =    -14653.6861  EHBOND  =         0.0000  RESTRAINT  =         7.5233
 EAMBER (non-restraint)  =    -12815.1225
 EKCMT  =         0.0000  VIRIAL  =         0.0000  VOLUME     =     32469.3178
                                                    Density    =         0.9990
 Ewald error estimate:   0.2525E-03
 ------------------------------------------------------------------------------


 NSTEP =     6500   TIME(PS) =      33.000  TEMP(K) =   298.08  PRESS =     0.0
 Etot   =    -10865.3357  EKtot   =      1925.1018  EPtot      =    -12790.4375
 BOND   =         8.0208  ANGLE   =        17.5292  DIHED      =        11.7481
 1-4 NB =        11.7473  1-4 EEL =      -606.6487  VDWAALS    =      2381.9276
 EELEC  =    -14623.2277  EHBOND  =         0.0000  RESTRAINT  =         8.4658
 EAMBER (non-restraint)  =    -12798.9034
 EKCMT  =         0.0000  VIRIAL  =         0.0000  VOLUME     =     32469.3178
                                                    Density    =         0.9990
 Ewald error estimate:   0.4126E-03
 ------------------------------------------------------------------------------


 NSTEP =     7000   TIME(PS) =      34.000  TEMP(K) =   295.31  PRESS =     0.0
 Etot   =    -10925.6177  EKtot   =      1907.2532  EPtot      =    -12832.8708
 BOND   =        10.0131  ANGLE   =        13.4858  DIHED      =        13.5718
 1-4 NB =        11.0334  1-4 EEL =      -603.3018  VDWAALS    =      2531.2203
 EELEC  =    -14816.0760  EHBOND  =         0.0000  RESTRAINT  =         7.1827
 EAMBER (non-restraint)  =    -12840.0535
 EKCMT  =         0.0000  VIRIAL  =         0.0000  VOLUME     =     32490.6254
                                                    Density    =         0.9983
 Ewald error estimate:   0.4316E-03
 ------------------------------------------------------------------------------


 NSTEP =     7500   TIME(PS) =      35.000  TEMP(K) =   294.68  PRESS =     0.0
 Etot   =    -10979.0736  EKtot   =      1903.1363  EPtot      =    -12882.2099
 BOND   =         7.7849  ANGLE   =        14.0085  DIHED      =        11.4941
 1-4 NB =        10.1414  1-4 EEL =      -599.8618  VDWAALS    =      2454.0350
 EELEC  =    -14792.5498  EHBOND  =         0.0000  RESTRAINT  =        12.7379
 EAMBER (non-restraint)  =    -12894.9477
 EKCMT  =         0.0000  VIRIAL  =         0.0000  VOLUME     =     32474.3924
                                                    Density    =         0.9988
 Ewald error estimate:   0.4038E-04
 ------------------------------------------------------------------------------


 NSTEP =     8000   TIME(PS) =      36.000  TEMP(K) =   284.95  PRESS =     0.0
 Etot   =    -11054.0357  EKtot   =      1840.3018  EPtot      =    -12894.3375
 BOND   =         6.4438  ANGLE   =         8.8340  DIHED      =        11.5034
 1-4 NB =        10.4604  1-4 EEL =      -602.8438  VDWAALS    =      2474.1712
 EELEC  =    -14809.9778  EHBOND  =         0.0000  RESTRAINT  =         7.0713
 EAMBER (non-restraint)  =    -12901.4088
 EKCMT  =         0.0000  VIRIAL  =         0.0000  VOLUME     =     32551.1331
                                                    Density    =         0.9965
 Ewald error estimate:   0.3438E-04
 ------------------------------------------------------------------------------


 NSTEP =     8500   TIME(PS) =      37.000  TEMP(K) =   295.95  PRESS =     0.0
 Etot   =    -10979.9045  EKtot   =      1911.3393  EPtot      =    -12891.2438
 BOND   =         6.5786  ANGLE   =        14.8738  DIHED      =        14.5566
 1-4 NB =        11.5209  1-4 EEL =      -602.5890  VDWAALS    =      2505.9461
 EELEC  =    -14852.9123  EHBOND  =         0.0000  RESTRAINT  =        10.7816
 EAMBER (non-restraint)  =    -12902.0254
 EKCMT  =         0.0000  VIRIAL  =         0.0000  VOLUME     =     32710.5400
                                                    Density    =         0.9916
 Ewald error estimate:   0.8698E-05
 ------------------------------------------------------------------------------


 NSTEP =     9000   TIME(PS) =      38.000  TEMP(K) =   293.06  PRESS =     0.0
 Etot   =    -10993.3742  EKtot   =      1892.7213  EPtot      =    -12886.0955
 BOND   =         5.0037  ANGLE   =        14.9270  DIHED      =        13.8771
 1-4 NB =        11.6046  1-4 EEL =      -604.2349  VDWAALS    =      2474.8007
 EELEC  =    -14810.8861  EHBOND  =         0.0000  RESTRAINT  =         8.8125
 EAMBER (non-restraint)  =    -12894.9080
 EKCMT  =         0.0000  VIRIAL  =         0.0000  VOLUME     =     32710.5400
                                                    Density    =         0.9916
 Ewald error estimate:   0.5638E-04
 ------------------------------------------------------------------------------


 NSTEP =     9500   TIME(PS) =      39.000  TEMP(K) =   297.96  PRESS =     0.0
 Etot   =    -10951.2552  EKtot   =      1924.3254  EPtot      =    -12875.5806
 BOND   =         7.1572  ANGLE   =        11.2898  DIHED      =        14.2638
 1-4 NB =        11.2720  1-4 EEL =      -606.5051  VDWAALS    =      2443.3066
 EELEC  =    -14769.0925  EHBOND  =         0.0000  RESTRAINT  =        12.7276
 EAMBER (non-restraint)  =    -12888.3082
 EKCMT  =         0.0000  VIRIAL  =         0.0000  VOLUME     =     32651.8987
                                                    Density    =         0.9934
 Ewald error estimate:   0.1793E-03
 ------------------------------------------------------------------------------


 NSTEP =    10000   TIME(PS) =      40.000  TEMP(K) =   299.38  PRESS =     0.0
 Etot   =    -10928.6288  EKtot   =      1933.5004  EPtot      =    -12862.1292
 BOND   =         6.7308  ANGLE   =        12.3247  DIHED      =        13.0866
 1-4 NB =        11.6712  1-4 EEL =      -604.8701  VDWAALS    =      2569.1977
 EELEC  =    -14879.9119  EHBOND  =         0.0000  RESTRAINT  =         9.6418
 EAMBER (non-restraint)  =    -12871.7711
 EKCMT  =         0.0000  VIRIAL  =         0.0000  VOLUME     =     32414.2723
                                                    Density    =         1.0007
 Ewald error estimate:   0.2423E-03
 ------------------------------------------------------------------------------


 NSTEP =    10500   TIME(PS) =      41.000  TEMP(K) =   302.52  PRESS =     0.0
 Etot   =    -10955.6703  EKtot   =      1953.8095  EPtot      =    -12909.4798
 BOND   =         6.6567  ANGLE   =        11.8550  DIHED      =        16.4881
 1-4 NB =        12.2237  1-4 EEL =      -606.5729  VDWAALS    =      2572.3977
 EELEC  =    -14931.1447  EHBOND  =         0.0000  RESTRAINT  =         8.6167
 EAMBER (non-restraint)  =    -12918.0965
 EKCMT  =         0.0000  VIRIAL  =         0.0000  VOLUME     =     32323.1007
                                                    Density    =         1.0035
 Ewald error estimate:   0.3966E-03
 ------------------------------------------------------------------------------


 NSTEP =    11000   TIME(PS) =      42.000  TEMP(K) =   295.78  PRESS =     0.0
 Etot   =    -10982.1582  EKtot   =      1910.2864  EPtot      =    -12892.4446
 BOND   =         5.5663  ANGLE   =        18.3718  DIHED      =         8.5092
 1-4 NB =        12.0947  1-4 EEL =      -602.1136  VDWAALS    =      2496.9259
 EELEC  =    -14842.3323  EHBOND  =         0.0000  RESTRAINT  =        10.5334
 EAMBER (non-restraint)  =    -12902.9780
 EKCMT  =         0.0000  VIRIAL  =         0.0000  VOLUME     =     32242.5098
                                                    Density    =         1.0060
 Ewald error estimate:   0.2974E-03
 ------------------------------------------------------------------------------


 NSTEP =    11500   TIME(PS) =      43.000  TEMP(K) =   305.06  PRESS =     0.0
 Etot   =    -10914.0917  EKtot   =      1970.1778  EPtot      =    -12884.2695
 BOND   =         6.2151  ANGLE   =         8.4061  DIHED      =        13.7602
 1-4 NB =        11.6713  1-4 EEL =      -606.3169  VDWAALS    =      2399.7395
 EELEC  =    -14725.2242  EHBOND  =         0.0000  RESTRAINT  =         7.4793
 EAMBER (non-restraint)  =    -12891.7488
 EKCMT  =         0.0000  VIRIAL  =         0.0000  VOLUME     =     32141.6011
                                                    Density    =         1.0092
 Ewald error estimate:   0.3037E-03
 ------------------------------------------------------------------------------


 NSTEP =    12000   TIME(PS) =      44.000  TEMP(K) =   299.35  PRESS =     0.0
 Etot   =    -10935.0882  EKtot   =      1933.2917  EPtot      =    -12868.3799
 BOND   =         9.2707  ANGLE   =        10.6887  DIHED      =        14.8484
 1-4 NB =        10.2885  1-4 EEL =      -604.0155  VDWAALS    =      2368.6602
 EELEC  =    -14683.8603  EHBOND  =         0.0000  RESTRAINT  =         5.7393
 EAMBER (non-restraint)  =    -12874.1192
 EKCMT  =         0.0000  VIRIAL  =         0.0000  VOLUME     =     32456.3540
                                                    Density    =         0.9994
 Ewald error estimate:   0.1683E-03
 ------------------------------------------------------------------------------


 NSTEP =    12500   TIME(PS) =      45.000  TEMP(K) =   301.70  PRESS =     0.0
 Etot   =    -10892.4870  EKtot   =      1948.4822  EPtot      =    -12840.9692
 BOND   =         5.1180  ANGLE   =        12.1503  DIHED      =        11.5070
 1-4 NB =        11.2118  1-4 EEL =      -602.9836  VDWAALS    =      2449.5749
 EELEC  =    -14735.2716  EHBOND  =         0.0000  RESTRAINT  =         7.7240
 EAMBER (non-restraint)  =    -12848.6932
 EKCMT  =         0.0000  VIRIAL  =         0.0000  VOLUME     =     32323.7802
                                                    Density    =         1.0035
 Ewald error estimate:   0.4145E-03
 ------------------------------------------------------------------------------


 NSTEP =    13000   TIME(PS) =      46.000  TEMP(K) =   309.24  PRESS =     0.0
 Etot   =    -10844.9238  EKtot   =      1997.2013  EPtot      =    -12842.1250
 BOND   =         3.2118  ANGLE   =        11.9936  DIHED      =        11.4080
 1-4 NB =        12.1434  1-4 EEL =      -605.5172  VDWAALS    =      2589.1710
 EELEC  =    -14872.5593  EHBOND  =         0.0000  RESTRAINT  =         8.0237
 EAMBER (non-restraint)  =    -12850.1488
 EKCMT  =         0.0000  VIRIAL  =         0.0000  VOLUME     =     32076.9463
                                                    Density    =         1.0112
 Ewald error estimate:   0.2125E-03
 ------------------------------------------------------------------------------


 NSTEP =    13500   TIME(PS) =      47.000  TEMP(K) =   310.29  PRESS =     0.0
 Etot   =    -10860.1956  EKtot   =      2003.9366  EPtot      =    -12864.1322
 BOND   =         5.2195  ANGLE   =        13.7503  DIHED      =        12.8420
 1-4 NB =        10.6157  1-4 EEL =      -604.8716  VDWAALS    =      2472.3549
 EELEC  =    -14786.5563  EHBOND  =         0.0000  RESTRAINT  =        12.5132
 EAMBER (non-restraint)  =    -12876.6454
 EKCMT  =         0.0000  VIRIAL  =         0.0000  VOLUME     =     32267.5032
                                                    Density    =         1.0052
 Ewald error estimate:   0.5662E-03
 ------------------------------------------------------------------------------


 NSTEP =    14000   TIME(PS) =      48.000  TEMP(K) =   301.16  PRESS =     0.0
 Etot   =    -10797.9785  EKtot   =      1945.0103  EPtot      =    -12742.9888
 BOND   =         6.2200  ANGLE   =        17.5778  DIHED      =        16.0896
 1-4 NB =        11.3982  1-4 EEL =      -605.9204  VDWAALS    =      2416.3531
 EELEC  =    -14613.2092  EHBOND  =         0.0000  RESTRAINT  =         8.5020
 EAMBER (non-restraint)  =    -12751.4909
 EKCMT  =         0.0000  VIRIAL  =         0.0000  VOLUME     =     32490.7932
                                                    Density    =         0.9983
 Ewald error estimate:   0.3631E-04
 ------------------------------------------------------------------------------


 NSTEP =    14500   TIME(PS) =      49.000  TEMP(K) =   306.87  PRESS =     0.0
 Etot   =    -10854.1761  EKtot   =      1981.8927  EPtot      =    -12836.0688
 BOND   =        10.8214  ANGLE   =        18.1209  DIHED      =        10.5392
 1-4 NB =        12.4368  1-4 EEL =      -603.5073  VDWAALS    =      2494.0227
 EELEC  =    -14788.8666  EHBOND  =         0.0000  RESTRAINT  =        10.3641
 EAMBER (non-restraint)  =    -12846.4328
 EKCMT  =         0.0000  VIRIAL  =         0.0000  VOLUME     =     32322.4662
                                                    Density    =         1.0035
 Ewald error estimate:   0.1089E-03
 ------------------------------------------------------------------------------


 NSTEP =    15000   TIME(PS) =      50.000  TEMP(K) =   293.68  PRESS =     0.0
 Etot   =    -10924.6593  EKtot   =      1896.6766  EPtot      =    -12821.3360
 BOND   =        13.2368  ANGLE   =        10.7181  DIHED      =        12.9526
 1-4 NB =        10.4131  1-4 EEL =      -604.8278  VDWAALS    =      2419.1948
 EELEC  =    -14693.6361  EHBOND  =         0.0000  RESTRAINT  =        10.6125
 EAMBER (non-restraint)  =    -12831.9485
 EKCMT  =         0.0000  VIRIAL  =         0.0000  VOLUME     =     32272.8967
                                                    Density    =         1.0051
 Ewald error estimate:   0.2828E-03
 ------------------------------------------------------------------------------


 NSTEP =    15500   TIME(PS) =      51.000  TEMP(K) =   294.89  PRESS =     0.0
 Etot   =    -10997.1440  EKtot   =      1904.5402  EPtot      =    -12901.6842
 BOND   =         7.0937  ANGLE   =        16.9369  DIHED      =        13.0872
 1-4 NB =        10.3431  1-4 EEL =      -602.3271  VDWAALS    =      2431.4065
 EELEC  =    -14785.6439  EHBOND  =         0.0000  RESTRAINT  =         7.4194
 EAMBER (non-restraint)  =    -12909.1036
 EKCMT  =         0.0000  VIRIAL  =         0.0000  VOLUME     =     32352.4532
                                                    Density    =         1.0026
 Ewald error estimate:   0.1831E-03
 ------------------------------------------------------------------------------


 NSTEP =    16000   TIME(PS) =      52.000  TEMP(K) =   301.97  PRESS =     0.0
 Etot   =    -10906.4864  EKtot   =      1950.2352  EPtot      =    -12856.7216
 BOND   =         7.2421  ANGLE   =        15.3903  DIHED      =        14.8823
 1-4 NB =        11.1814  1-4 EEL =      -600.0866  VDWAALS    =      2536.3625
 EELEC  =    -14848.7383  EHBOND  =         0.0000  RESTRAINT  =         7.0446
 EAMBER (non-restraint)  =    -12863.7662
 EKCMT  =         0.0000  VIRIAL  =         0.0000  VOLUME     =     32353.5911
                                                    Density    =         1.0026
 Ewald error estimate:   0.1335E-03
 ------------------------------------------------------------------------------


 NSTEP =    16500   TIME(PS) =      53.000  TEMP(K) =   303.24  PRESS =     0.0
 Etot   =    -10902.1178  EKtot   =      1958.4163  EPtot      =    -12860.5341
 BOND   =         7.7641  ANGLE   =        16.1974  DIHED      =        12.4488
 1-4 NB =        12.6379  1-4 EEL =      -608.5653  VDWAALS    =      2478.6824
 EELEC  =    -14788.4333  EHBOND  =         0.0000  RESTRAINT  =         8.7340
 EAMBER (non-restraint)  =    -12869.2680
 EKCMT  =         0.0000  VIRIAL  =         0.0000  VOLUME     =     32463.7567
                                                    Density    =         0.9992
 Ewald error estimate:   0.2777E-04
 ------------------------------------------------------------------------------


 NSTEP =    17000   TIME(PS) =      54.000  TEMP(K) =   299.77  PRESS =     0.0
 Etot   =    -10968.1160  EKtot   =      1935.9995  EPtot      =    -12904.1155
 BOND   =        10.3101  ANGLE   =        11.6815  DIHED      =        11.2268
 1-4 NB =        10.2324  1-4 EEL =      -600.7934  VDWAALS    =      2488.0779
 EELEC  =    -14845.3085  EHBOND  =         0.0000  RESTRAINT  =        10.4577
 EAMBER (non-restraint)  =    -12914.5732
 EKCMT  =         0.0000  VIRIAL  =         0.0000  VOLUME     =     32404.2179
                                                    Density    =         1.0010
 Ewald error estimate:   0.3589E-05
 ------------------------------------------------------------------------------


 NSTEP =    17500   TIME(PS) =      55.000  TEMP(K) =   307.67  PRESS =     0.0
 Etot   =    -10938.8678  EKtot   =      1987.0180  EPtot      =    -12925.8858
 BOND   =         9.7753  ANGLE   =        14.6651  DIHED      =        14.9973
 1-4 NB =        11.4514  1-4 EEL =      -605.0638  VDWAALS    =      2551.2306
 EELEC  =    -14933.9129  EHBOND  =         0.0000  RESTRAINT  =        10.9712
 EAMBER (non-restraint)  =    -12936.8570
 EKCMT  =         0.0000  VIRIAL  =         0.0000  VOLUME     =     32383.1275
                                                    Density    =         1.0017
 Ewald error estimate:   0.2961E-03
 ------------------------------------------------------------------------------


 NSTEP =    18000   TIME(PS) =      56.000  TEMP(K) =   304.67  PRESS =     0.0
 Etot   =    -10910.3948  EKtot   =      1967.6811  EPtot      =    -12878.0759
 BOND   =         5.2554  ANGLE   =        15.5554  DIHED      =        13.6694
 1-4 NB =        10.8998  1-4 EEL =      -605.9386  VDWAALS    =      2416.5938
 EELEC  =    -14740.3737  EHBOND  =         0.0000  RESTRAINT  =         6.2626
 EAMBER (non-restraint)  =    -12884.3385
 EKCMT  =         0.0000  VIRIAL  =         0.0000  VOLUME     =     32511.6904
                                                    Density    =         0.9977
 Ewald error estimate:   0.1091E-03
 ------------------------------------------------------------------------------


 NSTEP =    18500   TIME(PS) =      57.000  TEMP(K) =   304.04  PRESS =     0.0
 Etot   =    -10911.9094  EKtot   =      1963.6111  EPtot      =    -12875.5205
 BOND   =         4.7608  ANGLE   =        19.1703  DIHED      =        11.9814
 1-4 NB =        11.8334  1-4 EEL =      -601.3412  VDWAALS    =      2564.5768
 EELEC  =    -14898.3685  EHBOND  =         0.0000  RESTRAINT  =        11.8666
 EAMBER (non-restraint)  =    -12887.3871
 EKCMT  =         0.0000  VIRIAL  =         0.0000  VOLUME     =     32380.4584
                                                    Density    =         1.0017
 Ewald error estimate:   0.5653E-03
 ------------------------------------------------------------------------------


 NSTEP =    19000   TIME(PS) =      58.000  TEMP(K) =   298.29  PRESS =     0.0
 Etot   =    -10941.3611  EKtot   =      1926.4786  EPtot      =    -12867.8396
 BOND   =         6.9179  ANGLE   =        13.1481  DIHED      =        15.2550
 1-4 NB =        12.6974  1-4 EEL =      -602.5397  VDWAALS    =      2493.0771
 EELEC  =    -14818.1454  EHBOND  =         0.0000  RESTRAINT  =        11.7501
 EAMBER (non-restraint)  =    -12879.5897
 EKCMT  =         0.0000  VIRIAL  =         0.0000  VOLUME     =     32133.7386
                                                    Density    =         1.0094
 Ewald error estimate:   0.1892E-03
 ------------------------------------------------------------------------------


 NSTEP =    19500   TIME(PS) =      59.000  TEMP(K) =   302.53  PRESS =     0.0
 Etot   =    -10975.8484  EKtot   =      1953.8213  EPtot      =    -12929.6697
 BOND   =         8.7976  ANGLE   =        13.8241  DIHED      =        13.1812
 1-4 NB =        12.3049  1-4 EEL =      -606.9095  VDWAALS    =      2581.8135
 EELEC  =    -14960.0559  EHBOND  =         0.0000  RESTRAINT  =         7.3744
 EAMBER (non-restraint)  =    -12937.0442
 EKCMT  =         0.0000  VIRIAL  =         0.0000  VOLUME     =     32127.9126
                                                    Density    =         1.0096
 Ewald error estimate:   0.2123E-03
 ------------------------------------------------------------------------------


 NSTEP =    20000   TIME(PS) =      60.000  TEMP(K) =   303.39  PRESS =     0.0
 Etot   =    -10971.2939  EKtot   =      1959.4367  EPtot      =    -12930.7306
 BOND   =        10.7851  ANGLE   =        13.5678  DIHED      =        13.1737
 1-4 NB =        12.6222  1-4 EEL =      -609.7509  VDWAALS    =      2668.3467
 EELEC  =    -15048.3608  EHBOND  =         0.0000  RESTRAINT  =         8.8857
 EAMBER (non-restraint)  =    -12939.6163
 EKCMT  =         0.0000  VIRIAL  =         0.0000  VOLUME     =     32097.6998
                                                    Density    =         1.0106
 Ewald error estimate:   0.1359E-03
 ------------------------------------------------------------------------------


 NSTEP =    20500   TIME(PS) =      61.000  TEMP(K) =   295.92  PRESS =     0.0
 Etot   =    -10999.2447  EKtot   =      1911.1471  EPtot      =    -12910.3918
 BOND   =         6.5105  ANGLE   =        13.6268  DIHED      =        15.4395
 1-4 NB =        11.4327  1-4 EEL =      -603.2062  VDWAALS    =      2523.3923
 EELEC  =    -14885.2761  EHBOND  =         0.0000  RESTRAINT  =         7.6888
 EAMBER (non-restraint)  =    -12918.0806
 EKCMT  =         0.0000  VIRIAL  =         0.0000  VOLUME     =     32386.5835
                                                    Density    =         1.0015
 Ewald error estimate:   0.2631E-03
 ------------------------------------------------------------------------------


 NSTEP =    21000   TIME(PS) =      62.000  TEMP(K) =   295.61  PRESS =     0.0
 Etot   =    -10972.6274  EKtot   =      1909.1846  EPtot      =    -12881.8120
 BOND   =         9.0495  ANGLE   =        15.2161  DIHED      =        12.6518
 1-4 NB =        11.0798  1-4 EEL =      -604.7067  VDWAALS    =      2406.2834
 EELEC  =    -14739.5539  EHBOND  =         0.0000  RESTRAINT  =         8.1681
 EAMBER (non-restraint)  =    -12889.9801
 EKCMT  =         0.0000  VIRIAL  =         0.0000  VOLUME     =     32414.5006
                                                    Density    =         1.0007
 Ewald error estimate:   0.3857E-03
 ------------------------------------------------------------------------------


 NSTEP =    21500   TIME(PS) =      63.000  TEMP(K) =   298.67  PRESS =     0.0
 Etot   =    -10911.8908  EKtot   =      1928.9044  EPtot      =    -12840.7953
 BOND   =         8.6297  ANGLE   =        15.2385  DIHED      =        13.7203
 1-4 NB =        11.9239  1-4 EEL =      -603.2620  VDWAALS    =      2502.8725
 EELEC  =    -14800.9951  EHBOND  =         0.0000  RESTRAINT  =        11.0769
 EAMBER (non-restraint)  =    -12851.8722
 EKCMT  =         0.0000  VIRIAL  =         0.0000  VOLUME     =     32566.8047
                                                    Density    =         0.9960
 Ewald error estimate:   0.4255E-03
 ------------------------------------------------------------------------------


 NSTEP =    22000   TIME(PS) =      64.000  TEMP(K) =   290.71  PRESS =     0.0
 Etot   =    -10958.0236  EKtot   =      1877.5406  EPtot      =    -12835.5642
 BOND   =         5.3390  ANGLE   =        11.1425  DIHED      =        14.0769
 1-4 NB =        12.1239  1-4 EEL =      -604.4252  VDWAALS    =      2554.6324
 EELEC  =    -14834.6835  EHBOND  =         0.0000  RESTRAINT  =         6.2299
 EAMBER (non-restraint)  =    -12841.7941
 EKCMT  =         0.0000  VIRIAL  =         0.0000  VOLUME     =     32566.8047
                                                    Density    =         0.9960
 Ewald error estimate:   0.1331E-03
 ------------------------------------------------------------------------------


 NSTEP =    22500   TIME(PS) =      65.000  TEMP(K) =   293.27  PRESS =     0.0
 Etot   =    -11101.8537  EKtot   =      1894.0234  EPtot      =    -12995.8772
 BOND   =         7.2512  ANGLE   =        15.4226  DIHED      =        16.8623
 1-4 NB =         8.8239  1-4 EEL =      -597.9404  VDWAALS    =      2407.4487
 EELEC  =    -14861.9937  EHBOND  =         0.0000  RESTRAINT  =         8.2483
 EAMBER (non-restraint)  =    -13004.1254
 EKCMT  =         0.0000  VIRIAL  =         0.0000  VOLUME     =     32513.0693
                                                    Density    =         0.9976
 Ewald error estimate:   0.1240E-03
 ------------------------------------------------------------------------------


 NSTEP =    23000   TIME(PS) =      66.000  TEMP(K) =   299.04  PRESS =     0.0
 Etot   =    -10990.8378  EKtot   =      1931.3413  EPtot      =    -12922.1790
 BOND   =         9.0741  ANGLE   =        14.9660  DIHED      =        13.9791
 1-4 NB =        13.1538  1-4 EEL =      -608.0731  VDWAALS    =      2490.0706
 EELEC  =    -14864.8357  EHBOND  =         0.0000  RESTRAINT  =         9.4863
 EAMBER (non-restraint)  =    -12931.6653
 EKCMT  =         0.0000  VIRIAL  =         0.0000  VOLUME     =     32460.7229
                                                    Density    =         0.9993
 Ewald error estimate:   0.2368E-03
 ------------------------------------------------------------------------------


 NSTEP =    23500   TIME(PS) =      67.000  TEMP(K) =   305.17  PRESS =     0.0
 Etot   =    -10895.7990  EKtot   =      1970.8850  EPtot      =    -12866.6840
 BOND   =         4.6350  ANGLE   =        13.9368  DIHED      =        16.0178
 1-4 NB =        11.9488  1-4 EEL =      -602.9224  VDWAALS    =      2440.3800
 EELEC  =    -14758.2298  EHBOND  =         0.0000  RESTRAINT  =         7.5498
 EAMBER (non-restraint)  =    -12874.2338
 EKCMT  =         0.0000  VIRIAL  =         0.0000  VOLUME     =     32529.5193
                                                    Density    =         0.9971
 Ewald error estimate:   0.8103E-04
 ------------------------------------------------------------------------------


 NSTEP =    24000   TIME(PS) =      68.000  TEMP(K) =   297.59  PRESS =     0.0
 Etot   =    -10936.2504  EKtot   =      1921.9469  EPtot      =    -12858.1973
 BOND   =         8.3728  ANGLE   =        14.9877  DIHED      =        15.3353
 1-4 NB =        11.6027  1-4 EEL =      -601.6460  VDWAALS    =      2458.7489
 EELEC  =    -14776.5443  EHBOND  =         0.0000  RESTRAINT  =        10.9457
 EAMBER (non-restraint)  =    -12869.1429
 EKCMT  =         0.0000  VIRIAL  =         0.0000  VOLUME     =     32493.0619
                                                    Density    =         0.9983
 Ewald error estimate:   0.2331E-03
 ------------------------------------------------------------------------------


 NSTEP =    24500   TIME(PS) =      69.000  TEMP(K) =   293.78  PRESS =     0.0
 Etot   =    -10935.8071  EKtot   =      1897.3594  EPtot      =    -12833.1665
 BOND   =         9.6734  ANGLE   =        13.2916  DIHED      =        11.7515
 1-4 NB =        12.9988  1-4 EEL =      -608.3480  VDWAALS    =      2439.8046
 EELEC  =    -14721.0898  EHBOND  =         0.0000  RESTRAINT  =         8.7514
 EAMBER (non-restraint)  =    -12841.9179
 EKCMT  =         0.0000  VIRIAL  =         0.0000  VOLUME     =     32720.3024
                                                    Density    =         0.9913
 Ewald error estimate:   0.5845E-04
 ------------------------------------------------------------------------------


 NSTEP =    25000   TIME(PS) =      70.000  TEMP(K) =   295.45  PRESS =     0.0
 Etot   =    -10881.8138  EKtot   =      1908.1319  EPtot      =    -12789.9457
 BOND   =         9.5021  ANGLE   =        12.6957  DIHED      =        14.4941
 1-4 NB =        11.7434  1-4 EEL =      -612.0940  VDWAALS    =      2451.3716
 EELEC  =    -14685.8084  EHBOND  =         0.0000  RESTRAINT  =         8.1498
 EAMBER (non-restraint)  =    -12798.0955
 EKCMT  =         0.0000  VIRIAL  =         0.0000  VOLUME     =     32569.7761
                                                    Density    =         0.9959
 Ewald error estimate:   0.5121E-03
 ------------------------------------------------------------------------------


 NSTEP =    25500   TIME(PS) =      71.000  TEMP(K) =   298.95  PRESS =     0.0
 Etot   =    -10887.3023  EKtot   =      1930.7133  EPtot      =    -12818.0156
 BOND   =         5.3889  ANGLE   =        20.0155  DIHED      =        13.2828
 1-4 NB =        12.0910  1-4 EEL =      -605.3773  VDWAALS    =      2559.6782
 EELEC  =    -14831.2537  EHBOND  =         0.0000  RESTRAINT  =         8.1590
 EAMBER (non-restraint)  =    -12826.1746
 EKCMT  =         0.0000  VIRIAL  =         0.0000  VOLUME     =     32572.6911
                                                    Density    =         0.9958
 Ewald error estimate:   0.8010E-04
 ------------------------------------------------------------------------------


 NSTEP =    26000   TIME(PS) =      72.000  TEMP(K) =   297.97  PRESS =     0.0
 Etot   =    -10954.3088  EKtot   =      1924.4000  EPtot      =    -12878.7088
 BOND   =         5.7556  ANGLE   =        14.7530  DIHED      =        13.3395
 1-4 NB =        11.1073  1-4 EEL =      -601.4135  VDWAALS    =      2545.8936
 EELEC  =    -14875.5143  EHBOND  =         0.0000  RESTRAINT  =         7.3700
 EAMBER (non-restraint)  =    -12886.0788
 EKCMT  =         0.0000  VIRIAL  =         0.0000  VOLUME     =     32550.4381
                                                    Density    =         0.9965
 Ewald error estimate:   0.7052E-04
 ------------------------------------------------------------------------------


 NSTEP =    26500   TIME(PS) =      73.000  TEMP(K) =   296.19  PRESS =     0.0
 Etot   =    -10925.3404  EKtot   =      1912.9341  EPtot      =    -12838.2745
 BOND   =         6.5511  ANGLE   =        11.0595  DIHED      =        15.8473
 1-4 NB =        11.7824  1-4 EEL =      -603.1154  VDWAALS    =      2417.8490
 EELEC  =    -14708.6894  EHBOND  =         0.0000  RESTRAINT  =        10.4409
 EAMBER (non-restraint)  =    -12848.7154
 EKCMT  =         0.0000  VIRIAL  =         0.0000  VOLUME     =     32683.6701
                                                    Density    =         0.9924
 Ewald error estimate:   0.4121E-04
 ------------------------------------------------------------------------------


 NSTEP =    27000   TIME(PS) =      74.000  TEMP(K) =   294.13  PRESS =     0.0
 Etot   =    -10979.1727  EKtot   =      1899.5908  EPtot      =    -12878.7635
 BOND   =        12.3427  ANGLE   =        16.9796  DIHED      =        16.5074
 1-4 NB =        12.6203  1-4 EEL =      -605.8875  VDWAALS    =      2478.4966
 EELEC  =    -14820.5026  EHBOND  =         0.0000  RESTRAINT  =        10.6799
 EAMBER (non-restraint)  =    -12889.4434
 EKCMT  =         0.0000  VIRIAL  =         0.0000  VOLUME     =     32506.4851
                                                    Density    =         0.9978
 Ewald error estimate:   0.1213E-04
 ------------------------------------------------------------------------------


 NSTEP =    27500   TIME(PS) =      75.000  TEMP(K) =   295.18  PRESS =     0.0
 Etot   =    -10994.7802  EKtot   =      1906.4111  EPtot      =    -12901.1913
 BOND   =        10.4355  ANGLE   =        14.1269  DIHED      =        11.5650
 1-4 NB =        12.0641  1-4 EEL =      -609.0314  VDWAALS    =      2607.0141
 EELEC  =    -14957.1158  EHBOND  =         0.0000  RESTRAINT  =         9.7504
 EAMBER (non-restraint)  =    -12910.9416
 EKCMT  =         0.0000  VIRIAL  =         0.0000  VOLUME     =     32518.4614
                                                    Density    =         0.9975
 Ewald error estimate:   0.1837E-03
 ------------------------------------------------------------------------------


 NSTEP =    28000   TIME(PS) =      76.000  TEMP(K) =   296.16  PRESS =     0.0
 Etot   =    -10976.3464  EKtot   =      1912.7400  EPtot      =    -12889.0864
 BOND   =         5.6142  ANGLE   =        14.4303  DIHED      =        13.4118
 1-4 NB =        11.8917  1-4 EEL =      -604.2006  VDWAALS    =      2517.5804
 EELEC  =    -14854.9991  EHBOND  =         0.0000  RESTRAINT  =         7.1850
 EAMBER (non-restraint)  =    -12896.2714
 EKCMT  =         0.0000  VIRIAL  =         0.0000  VOLUME     =     31993.1058
                                                    Density    =         1.0139
 Ewald error estimate:   0.8602E-04
 ------------------------------------------------------------------------------


 NSTEP =    28500   TIME(PS) =      77.000  TEMP(K) =   297.31  PRESS =     0.0
 Etot   =    -10985.6957  EKtot   =      1920.1514  EPtot      =    -12905.8470
 BOND   =         6.4322  ANGLE   =        15.5670  DIHED      =        12.3929
 1-4 NB =        10.6848  1-4 EEL =      -607.0172  VDWAALS    =      2456.0863
 EELEC  =    -14810.4668  EHBOND  =         0.0000  RESTRAINT  =        10.4737
 EAMBER (non-restraint)  =    -12916.3208
 EKCMT  =         0.0000  VIRIAL  =         0.0000  VOLUME     =     32168.0594
                                                    Density    =         1.0083
 Ewald error estimate:   0.7069E-04
 ------------------------------------------------------------------------------


 NSTEP =    29000   TIME(PS) =      78.000  TEMP(K) =   295.81  PRESS =     0.0
 Etot   =    -10988.4183  EKtot   =      1910.4637  EPtot      =    -12898.8820
 BOND   =         9.7973  ANGLE   =        13.4983  DIHED      =        11.0857
 1-4 NB =        13.0282  1-4 EEL =      -605.9914  VDWAALS    =      2395.4674
 EELEC  =    -14747.4497  EHBOND  =         0.0000  RESTRAINT  =        11.6823
 EAMBER (non-restraint)  =    -12910.5643
 EKCMT  =         0.0000  VIRIAL  =         0.0000  VOLUME     =     32202.9534
                                                    Density    =         1.0073
 Ewald error estimate:   0.1422E-03
 ------------------------------------------------------------------------------


 NSTEP =    29500   TIME(PS) =      79.000  TEMP(K) =   294.01  PRESS =     0.0
 Etot   =    -10922.2904  EKtot   =      1898.8268  EPtot      =    -12821.1172
 BOND   =         6.7090  ANGLE   =        12.6192  DIHED      =        12.9120
 1-4 NB =        10.9918  1-4 EEL =      -601.0601  VDWAALS    =      2456.3604
 EELEC  =    -14728.8849  EHBOND  =         0.0000  RESTRAINT  =         9.2355
 EAMBER (non-restraint)  =    -12830.3527
 EKCMT  =         0.0000  VIRIAL  =         0.0000  VOLUME     =     32324.5466
                                                    Density    =         1.0035
 Ewald error estimate:   0.6191E-03
 ------------------------------------------------------------------------------


 NSTEP =    30000   TIME(PS) =      80.000  TEMP(K) =   301.81  PRESS =     0.0
 Etot   =    -10863.7066  EKtot   =      1949.2087  EPtot      =    -12812.9153
 BOND   =         6.8130  ANGLE   =        18.1859  DIHED      =        12.1716
 1-4 NB =        10.6961  1-4 EEL =      -598.4272  VDWAALS    =      2362.2828
 EELEC  =    -14633.2222  EHBOND  =         0.0000  RESTRAINT  =         8.5847
 EAMBER (non-restraint)  =    -12821.5000
 EKCMT  =         0.0000  VIRIAL  =         0.0000  VOLUME     =     32406.1357
                                                    Density    =         1.0009
 Ewald error estimate:   0.1916E-03
 ------------------------------------------------------------------------------


 NSTEP =    30500   TIME(PS) =      81.000  TEMP(K) =   305.67  PRESS =     0.0
 Etot   =    -10804.6792  EKtot   =      1974.1264  EPtot      =    -12778.8056
 BOND   =        11.3308  ANGLE   =        13.5301  DIHED      =        12.2454
 1-4 NB =        12.4863  1-4 EEL =      -606.9454  VDWAALS    =      2456.4023
 EELEC  =    -14688.4602  EHBOND  =         0.0000  RESTRAINT  =        10.6051
 EAMBER (non-restraint)  =    -12789.4107
 EKCMT  =         0.0000  VIRIAL  =         0.0000  VOLUME     =     32425.8040
                                                    Density    =         1.0003
 Ewald error estimate:   0.6846E-04
 ------------------------------------------------------------------------------


 NSTEP =    31000   TIME(PS) =      82.000  TEMP(K) =   300.30  PRESS =     0.0
 Etot   =    -10902.4027  EKtot   =      1939.4703  EPtot      =    -12841.8730
 BOND   =         5.5873  ANGLE   =        14.5853  DIHED      =        11.5217
 1-4 NB =        10.1462  1-4 EEL =      -602.6584  VDWAALS    =      2546.4951
 EELEC  =    -14834.5043  EHBOND  =         0.0000  RESTRAINT  =         6.9541
 EAMBER (non-restraint)  =    -12848.8271
 EKCMT  =         0.0000  VIRIAL  =         0.0000  VOLUME     =     32057.8957
                                                    Density    =         1.0118
 Ewald error estimate:   0.2845E-03
 ------------------------------------------------------------------------------


 NSTEP =    31500   TIME(PS) =      83.000  TEMP(K) =   307.03  PRESS =     0.0
 Etot   =    -10858.3756  EKtot   =      1982.9385  EPtot      =    -12841.3141
 BOND   =         7.0719  ANGLE   =        14.0269  DIHED      =        13.1071
 1-4 NB =        12.2375  1-4 EEL =      -612.7100  VDWAALS    =      2326.9383
 EELEC  =    -14611.4404  EHBOND  =         0.0000  RESTRAINT  =         9.4546
 EAMBER (non-restraint)  =    -12850.7687
 EKCMT  =         0.0000  VIRIAL  =         0.0000  VOLUME     =     32201.0536
                                                    Density    =         1.0073
 Ewald error estimate:   0.5068E-04
 ------------------------------------------------------------------------------


 NSTEP =    32000   TIME(PS) =      84.000  TEMP(K) =   297.27  PRESS =     0.0
 Etot   =    -10912.0139  EKtot   =      1919.8856  EPtot      =    -12831.8995
 BOND   =         9.7488  ANGLE   =        14.1755  DIHED      =        13.6066
 1-4 NB =        12.3129  1-4 EEL =      -605.3346  VDWAALS    =      2523.2719
 EELEC  =    -14805.6629  EHBOND  =         0.0000  RESTRAINT  =         5.9823
 EAMBER (non-restraint)  =    -12837.8818
 EKCMT  =         0.0000  VIRIAL  =         0.0000  VOLUME     =     32172.0575
                                                    Density    =         1.0082
 Ewald error estimate:   0.6988E-04
 ------------------------------------------------------------------------------


 NSTEP =    32500   TIME(PS) =      85.000  TEMP(K) =   301.06  PRESS =     0.0
 Etot   =    -10972.5166  EKtot   =      1944.3493  EPtot      =    -12916.8660
 BOND   =         8.1514  ANGLE   =        13.5564  DIHED      =        12.9256
 1-4 NB =        12.0842  1-4 EEL =      -607.4639  VDWAALS    =      2534.7948
 EELEC  =    -14901.2678  EHBOND  =         0.0000  RESTRAINT  =        10.3534
 EAMBER (non-restraint)  =    -12927.2193
 EKCMT  =         0.0000  VIRIAL  =         0.0000  VOLUME     =     32200.9350
                                                    Density    =         1.0073
 Ewald error estimate:   0.1979E-05
 ------------------------------------------------------------------------------


 NSTEP =    33000   TIME(PS) =      86.000  TEMP(K) =   290.69  PRESS =     0.0
 Etot   =    -10999.3203  EKtot   =      1877.4015  EPtot      =    -12876.7218
 BOND   =         8.7447  ANGLE   =        17.8067  DIHED      =        15.1518
 1-4 NB =        13.0882  1-4 EEL =      -609.1382  VDWAALS    =      2418.0962
 EELEC  =    -14750.7274  EHBOND  =         0.0000  RESTRAINT  =        10.2562
 EAMBER (non-restraint)  =    -12886.9779
 EKCMT  =         0.0000  VIRIAL  =         0.0000  VOLUME     =     32367.4710
                                                    Density    =         1.0021
 Ewald error estimate:   0.2664E-03
 ------------------------------------------------------------------------------


 NSTEP =    33500   TIME(PS) =      87.000  TEMP(K) =   301.32  PRESS =     0.0
 Etot   =    -10990.6146  EKtot   =      1946.0202  EPtot      =    -12936.6347
 BOND   =         6.2400  ANGLE   =        16.8030  DIHED      =        16.8440
 1-4 NB =        11.7903  1-4 EEL =      -607.8065  VDWAALS    =      2490.2367
 EELEC  =    -14879.8942  EHBOND  =         0.0000  RESTRAINT  =         9.1519
 EAMBER (non-restraint)  =    -12945.7866
 EKCMT  =         0.0000  VIRIAL  =         0.0000  VOLUME     =     32649.7174
                                                    Density    =         0.9935
 Ewald error estimate:   0.1591E-03
 ------------------------------------------------------------------------------


 NSTEP =    34000   TIME(PS) =      88.000  TEMP(K) =   293.03  PRESS =     0.0
 Etot   =    -10988.6576  EKtot   =      1892.4805  EPtot      =    -12881.1381
 BOND   =         6.8512  ANGLE   =        16.9082  DIHED      =        19.0485
 1-4 NB =        11.2114  1-4 EEL =      -606.4266  VDWAALS    =      2536.3711
 EELEC  =    -14874.1052  EHBOND  =         0.0000  RESTRAINT  =         9.0034
 EAMBER (non-restraint)  =    -12890.1414
 EKCMT  =         0.0000  VIRIAL  =         0.0000  VOLUME     =     32567.0185
                                                    Density    =         0.9960
 Ewald error estimate:   0.1753E-03
 ------------------------------------------------------------------------------


 NSTEP =    34500   TIME(PS) =      89.000  TEMP(K) =   293.66  PRESS =     0.0
 Etot   =    -11024.8549  EKtot   =      1896.5632  EPtot      =    -12921.4181
 BOND   =        10.9296  ANGLE   =        19.6762  DIHED      =        16.7342
 1-4 NB =        10.6593  1-4 EEL =      -604.0014  VDWAALS    =      2427.5900
 EELEC  =    -14811.0201  EHBOND  =         0.0000  RESTRAINT  =         8.0140
 EAMBER (non-restraint)  =    -12929.4321
 EKCMT  =         0.0000  VIRIAL  =         0.0000  VOLUME     =     32435.1508
                                                    Density    =         1.0000
 Ewald error estimate:   0.1230E-03
 ------------------------------------------------------------------------------


 NSTEP =    35000   TIME(PS) =      90.000  TEMP(K) =   293.33  PRESS =     0.0
 Etot   =    -10989.9031  EKtot   =      1894.4424  EPtot      =    -12884.3456
 BOND   =         7.3904  ANGLE   =        10.6324  DIHED      =        13.1872
 1-4 NB =        11.6436  1-4 EEL =      -602.0307  VDWAALS    =      2444.2822
 EELEC  =    -14773.3150  EHBOND  =         0.0000  RESTRAINT  =         3.8643
 EAMBER (non-restraint)  =    -12888.2099
 EKCMT  =         0.0000  VIRIAL  =         0.0000  VOLUME     =     32514.9147
                                                    Density    =         0.9976
 Ewald error estimate:   0.1762E-03
 ------------------------------------------------------------------------------


 NSTEP =    35500   TIME(PS) =      91.000  TEMP(K) =   293.14  PRESS =     0.0
 Etot   =    -10971.8929  EKtot   =      1893.1920  EPtot      =    -12865.0850
 BOND   =         8.8781  ANGLE   =        14.6824  DIHED      =        15.4134
 1-4 NB =        10.5217  1-4 EEL =      -605.8699  VDWAALS    =      2544.3253
 EELEC  =    -14860.5786  EHBOND  =         0.0000  RESTRAINT  =         7.5427
 EAMBER (non-restraint)  =    -12872.6276
 EKCMT  =         0.0000  VIRIAL  =         0.0000  VOLUME     =     32331.9574
                                                    Density    =         1.0032
 Ewald error estimate:   0.4499E-04
 ------------------------------------------------------------------------------


 NSTEP =    36000   TIME(PS) =      92.000  TEMP(K) =   306.43  PRESS =     0.0
 Etot   =    -10972.3856  EKtot   =      1979.0200  EPtot      =    -12951.4056
 BOND   =         5.6316  ANGLE   =        13.7195  DIHED      =        11.8142
 1-4 NB =        10.5878  1-4 EEL =      -603.6342  VDWAALS    =      2552.4974
 EELEC  =    -14948.9633  EHBOND  =         0.0000  RESTRAINT  =         6.9416
 EAMBER (non-restraint)  =    -12958.3472
 EKCMT  =         0.0000  VIRIAL  =         0.0000  VOLUME     =     32163.3776
                                                    Density    =         1.0085
 Ewald error estimate:   0.1250E-03
 ------------------------------------------------------------------------------


 NSTEP =    36500   TIME(PS) =      93.000  TEMP(K) =   297.62  PRESS =     0.0
 Etot   =    -10974.9566  EKtot   =      1922.1631  EPtot      =    -12897.1197
 BOND   =         6.4305  ANGLE   =        11.3076  DIHED      =        12.0859
 1-4 NB =        11.7816  1-4 EEL =      -605.1903  VDWAALS    =      2492.0864
 EELEC  =    -14833.0663  EHBOND  =         0.0000  RESTRAINT  =         7.4449
 EAMBER (non-restraint)  =    -12904.5645
 EKCMT  =         0.0000  VIRIAL  =         0.0000  VOLUME     =     32454.7815
                                                    Density    =         0.9994
 Ewald error estimate:   0.4681E-03
 ------------------------------------------------------------------------------


 NSTEP =    37000   TIME(PS) =      94.000  TEMP(K) =   306.92  PRESS =     0.0
 Etot   =    -10967.6389  EKtot   =      1982.1941  EPtot      =    -12949.8330
 BOND   =         5.4419  ANGLE   =        12.4777  DIHED      =        13.1907
 1-4 NB =        10.9256  1-4 EEL =      -605.3046  VDWAALS    =      2581.3650
 EELEC  =    -14974.5157  EHBOND  =         0.0000  RESTRAINT  =         6.5862
 EAMBER (non-restraint)  =    -12956.4193
 EKCMT  =         0.0000  VIRIAL  =         0.0000  VOLUME     =     32094.1293
                                                    Density    =         1.0107
 Ewald error estimate:   0.7356E-04
 ------------------------------------------------------------------------------


 NSTEP =    37500   TIME(PS) =      95.000  TEMP(K) =   303.02  PRESS =     0.0
 Etot   =    -10942.2703  EKtot   =      1957.0216  EPtot      =    -12899.2920
 BOND   =         6.2753  ANGLE   =        15.0390  DIHED      =        12.0465
 1-4 NB =        10.4669  1-4 EEL =      -598.1772  VDWAALS    =      2481.8813
 EELEC  =    -14839.9788  EHBOND  =         0.0000  RESTRAINT  =        13.1549
 EAMBER (non-restraint)  =    -12912.4469
 EKCMT  =         0.0000  VIRIAL  =         0.0000  VOLUME     =     32091.5085
                                                    Density    =         1.0108
 Ewald error estimate:   0.3068E-03
 ------------------------------------------------------------------------------


 NSTEP =    38000   TIME(PS) =      96.000  TEMP(K) =   282.73  PRESS =     0.0
 Etot   =    -10950.2038  EKtot   =      1825.9598  EPtot      =    -12776.1635
 BOND   =         7.5117  ANGLE   =        19.3463  DIHED      =         9.8856
 1-4 NB =        12.5208  1-4 EEL =      -609.1507  VDWAALS    =      2375.6788
 EELEC  =    -14603.9434  EHBOND  =         0.0000  RESTRAINT  =        11.9873
 EAMBER (non-restraint)  =    -12788.1509
 EKCMT  =         0.0000  VIRIAL  =         0.0000  VOLUME     =     31898.0607
                                                    Density    =         1.0169
 Ewald error estimate:   0.1113E-04
 ------------------------------------------------------------------------------


 NSTEP =    38500   TIME(PS) =      97.000  TEMP(K) =   297.55  PRESS =     0.0
 Etot   =    -11001.7111  EKtot   =      1921.6821  EPtot      =    -12923.3932
 BOND   =         7.6413  ANGLE   =        17.4893  DIHED      =        14.6560
 1-4 NB =        12.3395  1-4 EEL =      -608.4035  VDWAALS    =      2492.4030
 EELEC  =    -14866.2685  EHBOND  =         0.0000  RESTRAINT  =         6.7499
 EAMBER (non-restraint)  =    -12930.1430
 EKCMT  =         0.0000  VIRIAL  =         0.0000  VOLUME     =     32106.5625
                                                    Density    =         1.0103
 Ewald error estimate:   0.3067E-03
 ------------------------------------------------------------------------------


 NSTEP =    39000   TIME(PS) =      98.000  TEMP(K) =   298.55  PRESS =     0.0
 Etot   =    -10909.3982  EKtot   =      1928.1775  EPtot      =    -12837.5758
 BOND   =         7.0598  ANGLE   =        18.6847  DIHED      =        10.7334
 1-4 NB =        12.7783  1-4 EEL =      -608.6892  VDWAALS    =      2541.7331
 EELEC  =    -14829.2710  EHBOND  =         0.0000  RESTRAINT  =         9.3952
 EAMBER (non-restraint)  =    -12846.9710
 EKCMT  =         0.0000  VIRIAL  =         0.0000  VOLUME     =     32290.6185
                                                    Density    =         1.0045
 Ewald error estimate:   0.2512E-04
 ------------------------------------------------------------------------------


 NSTEP =    39500   TIME(PS) =      99.000  TEMP(K) =   306.34  PRESS =     0.0
 Etot   =    -10904.2101  EKtot   =      1978.4363  EPtot      =    -12882.6464
 BOND   =         8.0118  ANGLE   =        14.7888  DIHED      =        11.0058
 1-4 NB =        12.3940  1-4 EEL =      -611.8892  VDWAALS    =      2521.5835
 EELEC  =    -14847.6822  EHBOND  =         0.0000  RESTRAINT  =         9.1413
 EAMBER (non-restraint)  =    -12891.7877
 EKCMT  =         0.0000  VIRIAL  =         0.0000  VOLUME     =     32155.5850
                                                    Density    =         1.0087
 Ewald error estimate:   0.6534E-04
 ------------------------------------------------------------------------------


 NSTEP =    40000   TIME(PS) =     100.000  TEMP(K) =   293.54  PRESS =     0.0
 Etot   =    -11022.3316  EKtot   =      1895.8134  EPtot      =    -12918.1450
 BOND   =         8.5813  ANGLE   =        10.2836  DIHED      =        13.5561
 1-4 NB =        10.7234  1-4 EEL =      -602.5232  VDWAALS    =      2515.9199
 EELEC  =    -14883.7005  EHBOND  =         0.0000  RESTRAINT  =         9.0144
 EAMBER (non-restraint)  =    -12927.1594
 EKCMT  =         0.0000  VIRIAL  =         0.0000  VOLUME     =     31800.7861
                                                    Density    =         1.0200
 Ewald error estimate:   0.5143E-04
 ------------------------------------------------------------------------------


 NSTEP =    40500   TIME(PS) =     101.000  TEMP(K) =   292.89  PRESS =     0.0
 Etot   =    -11000.2735  EKtot   =      1891.6133  EPtot      =    -12891.8868
 BOND   =         5.0708  ANGLE   =        10.9527  DIHED      =        13.2755
 1-4 NB =        10.1400  1-4 EEL =      -603.5271  VDWAALS    =      2438.3203
 EELEC  =    -14772.7123  EHBOND  =         0.0000  RESTRAINT  =         6.5934
 EAMBER (non-restraint)  =    -12898.4802
 EKCMT  =         0.0000  VIRIAL  =         0.0000  VOLUME     =     31971.8569
                                                    Density    =         1.0145
 Ewald error estimate:   0.4311E-03
 ------------------------------------------------------------------------------


 NSTEP =    41000   TIME(PS) =     102.000  TEMP(K) =   300.41  PRESS =     0.0
 Etot   =    -11006.5399  EKtot   =      1940.1348  EPtot      =    -12946.6747
 BOND   =         4.5569  ANGLE   =        13.0867  DIHED      =        14.4844
 1-4 NB =        10.6341  1-4 EEL =      -603.2817  VDWAALS    =      2538.6328
 EELEC  =    -14932.2879  EHBOND  =         0.0000  RESTRAINT  =         7.5001
 EAMBER (non-restraint)  =    -12954.1748
 EKCMT  =         0.0000  VIRIAL  =         0.0000  VOLUME     =     32201.3088
                                                    Density    =         1.0073
 Ewald error estimate:   0.4169E-03
 ------------------------------------------------------------------------------


 NSTEP =    41500   TIME(PS) =     103.000  TEMP(K) =   301.69  PRESS =     0.0
 Etot   =    -10962.8575  EKtot   =      1948.4029  EPtot      =    -12911.2604
 BOND   =         5.5171  ANGLE   =        19.8031  DIHED      =        14.2555
 1-4 NB =        10.4671  1-4 EEL =      -601.4100  VDWAALS    =      2493.0279
 EELEC  =    -14861.4887  EHBOND  =         0.0000  RESTRAINT  =         8.5676
 EAMBER (non-restraint)  =    -12919.8280
 EKCMT  =         0.0000  VIRIAL  =         0.0000  VOLUME     =     31985.6567
                                                    Density    =         1.0141
 Ewald error estimate:   0.6451E-05
 ------------------------------------------------------------------------------


 NSTEP =    42000   TIME(PS) =     104.000  TEMP(K) =   294.87  PRESS =     0.0
 Etot   =    -11023.7955  EKtot   =      1904.3844  EPtot      =    -12928.1799
 BOND   =         5.1097  ANGLE   =        11.1491  DIHED      =        13.8268
 1-4 NB =        12.2898  1-4 EEL =      -608.9284  VDWAALS    =      2533.5773
 EELEC  =    -14903.3093  EHBOND  =         0.0000  RESTRAINT  =         8.1051
 EAMBER (non-restraint)  =    -12936.2849
 EKCMT  =         0.0000  VIRIAL  =         0.0000  VOLUME     =     31990.2206
                                                    Density    =         1.0140
 Ewald error estimate:   0.1972E-03
 ------------------------------------------------------------------------------


 NSTEP =    42500   TIME(PS) =     105.000  TEMP(K) =   292.26  PRESS =     0.0
 Etot   =    -11064.9995  EKtot   =      1887.5416  EPtot      =    -12952.5411
 BOND   =         5.3748  ANGLE   =        11.4894  DIHED      =        13.6136
 1-4 NB =        12.7648  1-4 EEL =      -608.4487  VDWAALS    =      2460.7821
 EELEC  =    -14858.2458  EHBOND  =         0.0000  RESTRAINT  =        10.1286
 EAMBER (non-restraint)  =    -12962.6697
 EKCMT  =         0.0000  VIRIAL  =         0.0000  VOLUME     =     31971.7941
                                                    Density    =         1.0145
 Ewald error estimate:   0.3230E-03
 ------------------------------------------------------------------------------


 NSTEP =    43000   TIME(PS) =     106.000  TEMP(K) =   293.03  PRESS =     0.0
 Etot   =    -10991.8838  EKtot   =      1892.4661  EPtot      =    -12884.3498
 BOND   =         5.4002  ANGLE   =        12.2352  DIHED      =        11.8916
 1-4 NB =        11.7519  1-4 EEL =      -605.0343  VDWAALS    =      2540.9373
 EELEC  =    -14870.0917  EHBOND  =         0.0000  RESTRAINT  =         8.5601
 EAMBER (non-restraint)  =    -12892.9099
 EKCMT  =         0.0000  VIRIAL  =         0.0000  VOLUME     =     31788.5100
                                                    Density    =         1.0204
 Ewald error estimate:   0.2675E-06
 ------------------------------------------------------------------------------


 NSTEP =    43500   TIME(PS) =     107.000  TEMP(K) =   293.10  PRESS =     0.0
 Etot   =    -11027.5399  EKtot   =      1892.9299  EPtot      =    -12920.4698
 BOND   =        11.9817  ANGLE   =        16.1170  DIHED      =        12.1535
 1-4 NB =        10.3259  1-4 EEL =      -608.8243  VDWAALS    =      2480.0921
 EELEC  =    -14853.1419  EHBOND  =         0.0000  RESTRAINT  =        10.8263
 EAMBER (non-restraint)  =    -12931.2960
 EKCMT  =         0.0000  VIRIAL  =         0.0000  VOLUME     =     32031.2284
                                                    Density    =         1.0127
 Ewald error estimate:   0.1913E-03
 ------------------------------------------------------------------------------


 NSTEP =    44000   TIME(PS) =     108.000  TEMP(K) =   298.85  PRESS =     0.0
 Etot   =    -10998.2548  EKtot   =      1930.0745  EPtot      =    -12928.3294
 BOND   =         6.6469  ANGLE   =        12.1011  DIHED      =        14.3730
 1-4 NB =        11.3278  1-4 EEL =      -606.6107  VDWAALS    =      2459.4320
 EELEC  =    -14837.1378  EHBOND  =         0.0000  RESTRAINT  =        11.5383
 EAMBER (non-restraint)  =    -12939.8676
 EKCMT  =         0.0000  VIRIAL  =         0.0000  VOLUME     =     31969.2749
                                                    Density    =         1.0146
 Ewald error estimate:   0.6925E-04
 ------------------------------------------------------------------------------


 NSTEP =    44500   TIME(PS) =     109.000  TEMP(K) =   301.54  PRESS =     0.0
 Etot   =    -10956.5468  EKtot   =      1947.4802  EPtot      =    -12904.0270
 BOND   =         7.3472  ANGLE   =        13.8597  DIHED      =        14.0967
 1-4 NB =        10.0341  1-4 EEL =      -600.8480  VDWAALS    =      2426.4333
 EELEC  =    -14784.9384  EHBOND  =         0.0000  RESTRAINT  =         9.9884
 EAMBER (non-restraint)  =    -12914.0154
 EKCMT  =         0.0000  VIRIAL  =         0.0000  VOLUME     =     31858.8848
                                                    Density    =         1.0181
 Ewald error estimate:   0.7954E-04
 ------------------------------------------------------------------------------


 NSTEP =    45000   TIME(PS) =     110.000  TEMP(K) =   298.21  PRESS =     0.0
 Etot   =    -10962.9084  EKtot   =      1925.9351  EPtot      =    -12888.8435
 BOND   =         3.9139  ANGLE   =        14.0878  DIHED      =        16.0683
 1-4 NB =        11.6902  1-4 EEL =      -610.0855  VDWAALS    =      2496.9840
 EELEC  =    -14832.0192  EHBOND  =         0.0000  RESTRAINT  =        10.5171
 EAMBER (non-restraint)  =    -12899.3606
 EKCMT  =         0.0000  VIRIAL  =         0.0000  VOLUME     =     31950.3659
                                                    Density    =         1.0152
 Ewald error estimate:   0.2570E-03
 ------------------------------------------------------------------------------


 NSTEP =    45500   TIME(PS) =     111.000  TEMP(K) =   304.94  PRESS =     0.0
 Etot   =    -10938.2475  EKtot   =      1969.3952  EPtot      =    -12907.6427
 BOND   =         5.7603  ANGLE   =        12.2409  DIHED      =        12.2119
 1-4 NB =        13.5593  1-4 EEL =      -601.4877  VDWAALS    =      2451.4812
 EELEC  =    -14811.6328  EHBOND  =         0.0000  RESTRAINT  =        10.2242
 EAMBER (non-restraint)  =    -12917.8670
 EKCMT  =         0.0000  VIRIAL  =         0.0000  VOLUME     =     31938.1508
                                                    Density    =         1.0156
 Ewald error estimate:   0.2572E-03
 ------------------------------------------------------------------------------


 NSTEP =    46000   TIME(PS) =     112.000  TEMP(K) =   301.26  PRESS =     0.0
 Etot   =    -10898.4622  EKtot   =      1945.6387  EPtot      =    -12844.1008
 BOND   =         9.5339  ANGLE   =        20.6774  DIHED      =        13.0285
 1-4 NB =        13.2660  1-4 EEL =      -607.3773  VDWAALS    =      2445.2254
 EELEC  =    -14750.3967  EHBOND  =         0.0000  RESTRAINT  =        11.9420
 EAMBER (non-restraint)  =    -12856.0428
 EKCMT  =         0.0000  VIRIAL  =         0.0000  VOLUME     =     31938.1508
                                                    Density    =         1.0156
 Ewald error estimate:   0.8914E-04
 ------------------------------------------------------------------------------


 NSTEP =    46500   TIME(PS) =     113.000  TEMP(K) =   306.01  PRESS =     0.0
 Etot   =    -10863.0117  EKtot   =      1976.3096  EPtot      =    -12839.3213
 BOND   =        10.7217  ANGLE   =        14.3855  DIHED      =        13.1980
 1-4 NB =        13.0032  1-4 EEL =      -608.1363  VDWAALS    =      2410.0320
 EELEC  =    -14699.7591  EHBOND  =         0.0000  RESTRAINT  =         7.2338
 EAMBER (non-restraint)  =    -12846.5551
 EKCMT  =         0.0000  VIRIAL  =         0.0000  VOLUME     =     31934.5988
                                                    Density    =         1.0157
 Ewald error estimate:   0.1127E-03
 ------------------------------------------------------------------------------


 NSTEP =    47000   TIME(PS) =     114.000  TEMP(K) =   305.08  PRESS =     0.0
 Etot   =    -10881.4491  EKtot   =      1970.2950  EPtot      =    -12851.7441
 BOND   =         7.7688  ANGLE   =        17.5652  DIHED      =        14.5243
 1-4 NB =        11.6344  1-4 EEL =      -612.2117  VDWAALS    =      2471.9695
 EELEC  =    -14768.9943  EHBOND  =         0.0000  RESTRAINT  =         5.9996
 EAMBER (non-restraint)  =    -12857.7438
 EKCMT  =         0.0000  VIRIAL  =         0.0000  VOLUME     =     31821.9987
                                                    Density    =         1.0193
 Ewald error estimate:   0.5714E-04
 ------------------------------------------------------------------------------


 NSTEP =    47500   TIME(PS) =     115.000  TEMP(K) =   294.69  PRESS =     0.0
 Etot   =    -10847.2961  EKtot   =      1903.2410  EPtot      =    -12750.5371
 BOND   =         7.2225  ANGLE   =        18.7949  DIHED      =        15.1421
 1-4 NB =        13.4645  1-4 EEL =      -612.4843  VDWAALS    =      2492.3502
 EELEC  =    -14691.9604  EHBOND  =         0.0000  RESTRAINT  =         6.9335
 EAMBER (non-restraint)  =    -12757.4707
 EKCMT  =         0.0000  VIRIAL  =         0.0000  VOLUME     =     31811.8458
                                                    Density    =         1.0196
 Ewald error estimate:   0.1027E-03
 ------------------------------------------------------------------------------


 NSTEP =    48000   TIME(PS) =     116.000  TEMP(K) =   305.89  PRESS =     0.0
 Etot   =    -10845.7645  EKtot   =      1975.5495  EPtot      =    -12821.3140
 BOND   =         5.0126  ANGLE   =        18.7886  DIHED      =        11.9495
 1-4 NB =        11.0071  1-4 EEL =      -600.9376  VDWAALS    =      2417.5563
 EELEC  =    -14691.6849  EHBOND  =         0.0000  RESTRAINT  =         6.9943
 EAMBER (non-restraint)  =    -12828.3083
 EKCMT  =         0.0000  VIRIAL  =         0.0000  VOLUME     =     31795.8059
                                                    Density    =         1.0202
 Ewald error estimate:   0.7376E-04
 ------------------------------------------------------------------------------


 NSTEP =    48500   TIME(PS) =     117.000  TEMP(K) =   303.92  PRESS =     0.0
 Etot   =    -10849.9106  EKtot   =      1962.8298  EPtot      =    -12812.7404
 BOND   =         4.6776  ANGLE   =        13.3366  DIHED      =        14.3343
 1-4 NB =        11.1243  1-4 EEL =      -607.5861  VDWAALS    =      2537.7982
 EELEC  =    -14795.2609  EHBOND  =         0.0000  RESTRAINT  =         8.8356
 EAMBER (non-restraint)  =    -12821.5759
 EKCMT  =         0.0000  VIRIAL  =         0.0000  VOLUME     =     31980.7967
                                                    Density    =         1.0143
 Ewald error estimate:   0.1516E-03
 ------------------------------------------------------------------------------


 NSTEP =    49000   TIME(PS) =     118.000  TEMP(K) =   293.76  PRESS =     0.0
 Etot   =    -10858.9284  EKtot   =      1897.2333  EPtot      =    -12756.1617
 BOND   =         5.0353  ANGLE   =        14.8769  DIHED      =        14.6419
 1-4 NB =        11.8458  1-4 EEL =      -604.9630  VDWAALS    =      2437.9286
 EELEC  =    -14646.0404  EHBOND  =         0.0000  RESTRAINT  =        10.5133
 EAMBER (non-restraint)  =    -12766.6750
 EKCMT  =         0.0000  VIRIAL  =         0.0000  VOLUME     =     32030.1117
                                                    Density    =         1.0127
 Ewald error estimate:   0.1693E-03
 ------------------------------------------------------------------------------


 NSTEP =    49500   TIME(PS) =     119.000  TEMP(K) =   301.02  PRESS =     0.0
 Etot   =    -10929.9815  EKtot   =      1944.0995  EPtot      =    -12874.0810
 BOND   =         3.9873  ANGLE   =        13.9543  DIHED      =        14.6420
 1-4 NB =        10.3402  1-4 EEL =      -599.3629  VDWAALS    =      2420.2239
 EELEC  =    -14745.9988  EHBOND  =         0.0000  RESTRAINT  =         8.1330
 EAMBER (non-restraint)  =    -12882.2140
 EKCMT  =         0.0000  VIRIAL  =         0.0000  VOLUME     =     32439.9855
                                                    Density    =         0.9999
 Ewald error estimate:   0.3275E-04
 ------------------------------------------------------------------------------


 NSTEP =    50000   TIME(PS) =     120.000  TEMP(K) =   292.34  PRESS =     0.0
 Etot   =    -10894.8188  EKtot   =      1888.0277  EPtot      =    -12782.8465
 BOND   =         9.9465  ANGLE   =        13.9481  DIHED      =        14.7331
 1-4 NB =        10.7464  1-4 EEL =      -602.9016  VDWAALS    =      2530.2383
 EELEC  =    -14768.5605  EHBOND  =         0.0000  RESTRAINT  =         9.0032
 EAMBER (non-restraint)  =    -12791.8497
 EKCMT  =         0.0000  VIRIAL  =         0.0000  VOLUME     =     32434.3824
                                                    Density    =         1.0001
 Ewald error estimate:   0.1455E-03
 ------------------------------------------------------------------------------


      A V E R A G E S   O V E R     100 S T E P S


 NSTEP =    50000   TIME(PS) =     120.000  TEMP(K) =   298.49  PRESS =     0.0
 Etot   =    -10931.4348  EKtot   =      1927.7385  EPtot      =    -12859.1733
 BOND   =         7.2743  ANGLE   =        14.4592  DIHED      =        13.5707
 1-4 NB =        11.5599  1-4 EEL =      -605.1296  VDWAALS    =      2480.2010
 EELEC  =    -14790.1609  EHBOND  =         0.0000  RESTRAINT  =         9.0521
 EAMBER (non-restraint)  =    -12868.2253
 EKCMT  =         0.0000  VIRIAL  =         0.0000  VOLUME     =     32481.7636
                                                    Density    =         0.9991
 Ewald error estimate:   0.1788E-03
 ------------------------------------------------------------------------------


      R M S  F L U C T U A T I O N S


 NSTEP =    50000   TIME(PS) =     120.000  TEMP(K) =     5.20  PRESS =     0.0
 Etot   =        72.2287  EKtot   =        33.6034  EPtot      =        64.7585
 BOND   =         2.0455  ANGLE   =         2.7212  DIHED      =         1.7946
 1-4 NB =         0.9431  1-4 EEL =         3.3230  VDWAALS    =        64.4272
 EELEC  =       106.2073  EHBOND  =         0.0000  RESTRAINT  =         1.8345
 EAMBER (non-restraint)  =        62.9240
 EKCMT  =         0.0000  VIRIAL  =         0.0000  VOLUME     =       714.8084
                                                    Density    =         0.0206
 Ewald error estimate:   0.1456E-03
 ------------------------------------------------------------------------------

| MC Barostat:        500 volume changes attempted.
| MC Barostat:        234 changes successful ( 46.80%)
 ------------------------------------------------------------------------------

--------------------------------------------------------------------------------
   5.  TIMINGS
--------------------------------------------------------------------------------

|  NonSetup CPU Time in Major Routines, Average for All Tasks:
|
|     Routine           Sec        %
|     ------------------------------
|     DataDistrib       9.77    9.45
|     Nonbond          88.03   85.21
|     Bond              0.14    0.13
|     Angle             0.16    0.15
|     Dihedral          0.21    0.20
|     Shake             0.61    0.59
|     RunMD             4.21    4.07
|     Other             0.19    0.19
|     ------------------------------
|     Total           103.30

|  PME Nonbond Pairlist CPU Time, Average for All Tasks:
|
|     Routine              Sec        %
|     ---------------------------------
|     Set Up Cit           0.29    0.28
|     Build List          10.43   10.10
|     ---------------------------------
|     Total               10.72   10.38

|  PME Direct Force CPU Time, Average for All Tasks:
|
|     Routine              Sec        %
|     ---------------------------------
|     NonBonded Calc      60.84   58.90
|     Exclude Masked       0.67    0.65
|     Other                2.41    2.33
|     ---------------------------------
|     Total               63.93   61.88

|  PME Reciprocal Force CPU Time, Average for All Tasks:
|
|     Routine              Sec        %
|     ---------------------------------
|     1D bspline           1.11    1.08
|     Grid Charges         1.22    1.18
|     Scalar Sum           1.16    1.12
|     Gradient Sum         2.11    2.05
|     FFT                  7.48    7.24
|     ---------------------------------
|     Total               13.09   12.67

|  PME Load Balancing CPU Time, Average for All Tasks:
|
|     Routine                 Sec        %
|     ------------------------------------
|     Atom Reassign           0.00    0.00
|     Image Reassign          0.00    0.00
|     FFT Reassign            0.00    0.00
|     ------------------------------------
|     Total                   0.01    0.01

|  Final Performance Info:
|     -----------------------------------------------------
|     Average timings for last   20000 steps:
|     Elapsed(s) =      41.68 Per Step(ms) =       2.08
|         ns/day =      82.91   seconds/ns =    1042.06
|
|     Average timings for all steps:
|     Elapsed(s) =     103.35 Per Step(ms) =       2.07
|         ns/day =      83.60   seconds/ns =    1033.54
|     -----------------------------------------------------

|  Master Setup CPU time:            0.03 seconds
|  Master NonSetup CPU time:       103.06 seconds
|  Master Total CPU time:          103.09 seconds     0.03 hours

|  Master Setup wall time:           0    seconds
|  Master NonSetup wall time:      104    seconds
|  Master Total wall time:         104    seconds     0.03 hours
