
          -------------------------------------------------------
          Amber 18 PMEMD                              2018
          -------------------------------------------------------

| PMEMD implementation of SANDER, Release 18

| Run on 03/14/2022 at 21:23:15

|   Executable path: pmemd.MPI
| Working directory: /bgfs/lchong/dty7/ff15ipq-lig/charges/gaff_01/GenConformers/Conf13
|          Hostname: smp-n123

  [-O]verwriting output

File Assignments:
|   MDIN: ../../../amber/6.2_eq1.in                                             
|  MDOUT: 6.2_eq1.out                                                           
| INPCRD: 6.1_min.rst                                                           
|   PARM: ../../mon.top                                                         
| RESTRT: 6.2_eq1.rst                                                           
|   REFC: 6.1_min.rst                                                           
|  MDVEL: mdvel                                                                 
|   MDEN: mden                                                                  
|  MDCRD: mdcrd                                                                 
| MDINFO: mdinfo                                                                
|LOGFILE: logfile                                                               
|  MDFRC: mdfrc                                                                 

 
 Here is the input file:
 
&cntrl                                                                         
  imin      = 0,                                                               
  irest     = 0,                                                               
  ntx       = 1,                                                               
  ig        = -1,                                                              
  dt        = 0.002,                                                           
  nstlim    = 10000,                                                           
  nscm      = 500,                                                             
  ntr       = 1,                                                               
  restraintmask = ':1',                                                        
  restraint_wt  = 10.0,                                                        
  ntb       = 1,                                                               
  ntp       = 0,                                                               
  ntt       = 3,                                                               
  tempi     = 298.0,                                                           
  temp0     = 298.0,                                                           
  gamma_ln  = 1.0,                                                             
  ntf       = 2,                                                               
  ntc       = 2,                                                               
  cut       = 10.0,                                                            
  ntpr      = 500,                                                             
  ntxo      = 2,                                                               
  ntwr      = 10000,                                                           
  ioutfm    = 1,                                                               
  ntwx      = 500,                                                             
  iwrap     = 1,                                                               
&end                                                                           


Note: ig = -1. Setting random seed to   821950 based on wallclock time in
      microseconds and disabling the synchronization of random numbers 
      between tasks to improve performance.
| irandom = 1, using AMBER's internal random number generator (default).
 
 
| Conditional Compilation Defines Used:
| MPI
| FFTW_FFT
| BINTRAJ
| MKL
| EMIL
 
| Largest sphere to fit in unit cell has radius =    14.767

| New format PARM file being parsed.
| Version =    1.000 Date = 03/14/22 Time = 17:48:27

| Note: 1-4 EEL scale factors are being read from the topology file.

| Note: 1-4 VDW scale factors are being read from the topology file.
| Duplicated    0 dihedrals

| Duplicated    0 dihedrals

--------------------------------------------------------------------------------
   1.  RESOURCE   USE: 
--------------------------------------------------------------------------------

 getting box info from netcdf restart file
 NATOM  =    3240 NTYPES =      13 NBONH =    3220 MBONA  =      21
 NTHETH =      33 MTHETA =      29 NPHIH =      60 MPHIA  =      45
 NHPARM =       0 NPARM  =       0 NNB   =    4456 NRES   =    1069
 NBONA  =      21 NTHETA =      29 NPHIA =      45 NUMBND =      22
 NUMANG =      35 NPTRA  =      18 NATYP =      17 NPHB   =       0
 IFBOX  =       2 NMXRS  =      36 IFCAP =       0 NEXTRA =       0
 NCOPY  =       0

| Coordinate Index Table dimensions:     5    5    5
| Direct force subcell size =     7.2345    7.2345    7.2345

     BOX TYPE: TRUNCATED OCTAHEDRON

--------------------------------------------------------------------------------
   2.  CONTROL  DATA  FOR  THE  RUN
--------------------------------------------------------------------------------

default_name                                                                    

General flags:
     imin    =       0, nmropt  =       0

Nature and format of input:
     ntx     =       1, irest   =       0, ntrx    =       1

Nature and format of output:
     ntxo    =       2, ntpr    =     500, ntrx    =       1, ntwr    =   10000
     iwrap   =       1, ntwx    =     500, ntwv    =       0, ntwe    =       0
     ioutfm  =       1, ntwprt  =       0, idecomp =       0, rbornstat=      0

Potential function:
     ntf     =       2, ntb     =       1, igb     =       0, nsnb    =      25
     ipol    =       0, gbsa    =       0, iesp    =       0
     dielc   =   1.00000, cut     =  10.00000, intdiel =   1.00000

Frozen or restrained atoms:
     ibelly  =       0, ntr     =       1
     restraint_wt =  10.00000

Molecular dynamics:
     nstlim  =     10000, nscm    =         0, nrespa  =         1
     t       =   0.00000, dt      =   0.00200, vlimit  =  20.00000

Langevin dynamics temperature regulation:
     ig      =  821950
     temp0   = 298.00000, tempi   = 298.00000, gamma_ln=   1.00000

SHAKE:
     ntc     =       2, jfastw  =       0
     tol     =   0.00001

| Intermolecular bonds treatment:
|     no_intermolecular_bonds =       1

| Energy averages sample interval:
|     ene_avg_sampling =     500

Ewald parameters:
     verbose =       0, ew_type =       0, nbflag  =       1, use_pme =       1
     vdwmeth =       1, eedmeth =       1, netfrc  =       1
     Box X =   36.172   Box Y =   36.172   Box Z =   36.172
     Alpha =  109.471   Beta  =  109.471   Gamma =  109.471
     NFFT1 =   40       NFFT2 =   40       NFFT3 =   40
     Cutoff=   10.000   Tol   =0.100E-04
     Ewald Coefficient =  0.27511
     Interpolation order =    4

| PMEMD ewald parallel performance parameters:
|     block_fft =    0
|     fft_blk_y_divisor =    2
|     excl_recip =    0
|     excl_master =    0
|     atm_redist_freq =  320

    LOADING THE CONSTRAINED ATOMS AS GROUPS


   5.  REFERENCE ATOM COORDINATES

  default_name                                                                    
     Mask :1; matches    36 atoms

--------------------------------------------------------------------------------
   3.  ATOMIC COORDINATES AND VELOCITIES
--------------------------------------------------------------------------------

default_name                                                                    
 begin time read from input coords =     0.000 ps

 
 Number of triangulated 3-point waters found:     1068

     Sum of charges from parm topology file =  -0.00030117
     Forcing neutrality...

| Dynamic Memory, Types Used:
| Reals             1198019
| Integers           209488

| Nonbonded Pairs Initial Allocation:      317358

| Running AMBER/MPI version on    8 MPI task

 
--------------------------------------------------------------------------------
   4.  RESULTS
--------------------------------------------------------------------------------

 ---------------------------------------------------
 APPROXIMATING switch and d/dx switch using CUBIC SPLINE INTERPOLATION
 using   5000.0 points per unit in tabled values
 TESTING RELATIVE ERROR over r ranging from 0.0 to cutoff
| CHECK switch(x): max rel err =   0.3316E-14   at   2.351880
| CHECK d/dx switch(x): max rel err =   0.8066E-11   at   2.747240
 ---------------------------------------------------
|---------------------------------------------------
| APPROXIMATING direct energy using CUBIC SPLINE INTERPOLATION
|  with   50.0 points per unit in tabled values
| Relative Error Limit not exceeded for r .gt.   2.34
| APPROXIMATING direct force using CUBIC SPLINE INTERPOLATION
|  with   50.0 points per unit in tabled values
| Relative Error Limit not exceeded for r .gt.   2.81
|---------------------------------------------------

 NSTEP =        0   TIME(PS) =       0.000  TEMP(K) =   455.84  PRESS =     0.0
 Etot   =    -14754.8078  EKtot   =      2943.9847  EPtot      =    -17698.7925
 BOND   =         1.2325  ANGLE   =         5.0964  DIHED      =        12.6310
 1-4 NB =        11.3534  1-4 EEL =      -599.0010  VDWAALS    =      3654.8126
 EELEC  =    -20784.9174  EHBOND  =         0.0000  RESTRAINT  =         0.0000
 Ewald error estimate:   0.2183E-03
 ------------------------------------------------------------------------------


 NSTEP =      500   TIME(PS) =       1.000  TEMP(K) =   252.53  PRESS =     0.0
 Etot   =    -11575.4219  EKtot   =      1630.9047  EPtot      =    -13206.3267
 BOND   =         7.8333  ANGLE   =         9.8423  DIHED      =        16.7462
 1-4 NB =        13.7876  1-4 EEL =      -605.2569  VDWAALS    =      2543.1818
 EELEC  =    -15200.7736  EHBOND  =         0.0000  RESTRAINT  =         8.3127
 EAMBER (non-restraint)  =    -13214.6394
 Ewald error estimate:   0.3093E-03
 ------------------------------------------------------------------------------


 NSTEP =     1000   TIME(PS) =       2.000  TEMP(K) =   269.96  PRESS =     0.0
 Etot   =    -11065.0119  EKtot   =      1743.5088  EPtot      =    -12808.5207
 BOND   =         7.1524  ANGLE   =        21.1631  DIHED      =        14.7662
 1-4 NB =        12.5407  1-4 EEL =      -602.9447  VDWAALS    =      2370.1604
 EELEC  =    -14639.0065  EHBOND  =         0.0000  RESTRAINT  =         7.6477
 EAMBER (non-restraint)  =    -12816.1685
 Ewald error estimate:   0.1645E-03
 ------------------------------------------------------------------------------


 NSTEP =     1500   TIME(PS) =       3.000  TEMP(K) =   284.47  PRESS =     0.0
 Etot   =    -10910.8136  EKtot   =      1837.2248  EPtot      =    -12748.0384
 BOND   =         3.9731  ANGLE   =        13.7697  DIHED      =        13.8288
 1-4 NB =        11.2459  1-4 EEL =      -594.7432  VDWAALS    =      2411.5252
 EELEC  =    -14619.8690  EHBOND  =         0.0000  RESTRAINT  =        12.2312
 EAMBER (non-restraint)  =    -12760.2696
 Ewald error estimate:   0.2137E-03
 ------------------------------------------------------------------------------


 NSTEP =     2000   TIME(PS) =       4.000  TEMP(K) =   293.97  PRESS =     0.0
 Etot   =    -10853.5554  EKtot   =      1898.5378  EPtot      =    -12752.0932
 BOND   =         5.4662  ANGLE   =        13.4480  DIHED      =        14.2447
 1-4 NB =        13.6991  1-4 EEL =      -602.0524  VDWAALS    =      2369.8220
 EELEC  =    -14573.5522  EHBOND  =         0.0000  RESTRAINT  =         6.8314
 EAMBER (non-restraint)  =    -12758.9246
 Ewald error estimate:   0.1234E-03
 ------------------------------------------------------------------------------


 NSTEP =     2500   TIME(PS) =       5.000  TEMP(K) =   291.13  PRESS =     0.0
 Etot   =    -10783.3072  EKtot   =      1880.2581  EPtot      =    -12663.5653
 BOND   =         5.2368  ANGLE   =        12.9235  DIHED      =        16.7419
 1-4 NB =        10.7020  1-4 EEL =      -600.6133  VDWAALS    =      2363.2116
 EELEC  =    -14479.4232  EHBOND  =         0.0000  RESTRAINT  =         7.6555
 EAMBER (non-restraint)  =    -12671.2208
 Ewald error estimate:   0.7487E-04
 ------------------------------------------------------------------------------


 NSTEP =     3000   TIME(PS) =       6.000  TEMP(K) =   294.83  PRESS =     0.0
 Etot   =    -10757.3727  EKtot   =      1904.1476  EPtot      =    -12661.5202
 BOND   =         2.8358  ANGLE   =        12.7525  DIHED      =        17.7270
 1-4 NB =        13.4999  1-4 EEL =      -596.2826  VDWAALS    =      2390.6944
 EELEC  =    -14509.7387  EHBOND  =         0.0000  RESTRAINT  =         6.9916
 EAMBER (non-restraint)  =    -12668.5119
 Ewald error estimate:   0.8108E-04
 ------------------------------------------------------------------------------


 NSTEP =     3500   TIME(PS) =       7.000  TEMP(K) =   299.89  PRESS =     0.0
 Etot   =    -10675.4147  EKtot   =      1936.8160  EPtot      =    -12612.2307
 BOND   =         8.3151  ANGLE   =        15.0031  DIHED      =        15.0730
 1-4 NB =        11.4117  1-4 EEL =      -605.7304  VDWAALS    =      2308.5136
 EELEC  =    -14373.6859  EHBOND  =         0.0000  RESTRAINT  =         8.8691
 EAMBER (non-restraint)  =    -12621.0998
 Ewald error estimate:   0.3663E-03
 ------------------------------------------------------------------------------


 NSTEP =     4000   TIME(PS) =       8.000  TEMP(K) =   295.15  PRESS =     0.0
 Etot   =    -10737.3096  EKtot   =      1906.1769  EPtot      =    -12643.4865
 BOND   =         6.5857  ANGLE   =        18.6842  DIHED      =        14.9253
 1-4 NB =        13.4356  1-4 EEL =      -609.0953  VDWAALS    =      2335.9951
 EELEC  =    -14429.3893  EHBOND  =         0.0000  RESTRAINT  =         5.3721
 EAMBER (non-restraint)  =    -12648.8586
 Ewald error estimate:   0.2737E-04
 ------------------------------------------------------------------------------


 NSTEP =     4500   TIME(PS) =       9.000  TEMP(K) =   303.35  PRESS =     0.0
 Etot   =    -10697.3224  EKtot   =      1959.1596  EPtot      =    -12656.4819
 BOND   =         4.4386  ANGLE   =        13.5782  DIHED      =        13.3400
 1-4 NB =        11.9914  1-4 EEL =      -590.4221  VDWAALS    =      2321.3748
 EELEC  =    -14438.5741  EHBOND  =         0.0000  RESTRAINT  =         7.7912
 EAMBER (non-restraint)  =    -12664.2732
 Ewald error estimate:   0.4802E-03
 ------------------------------------------------------------------------------


 NSTEP =     5000   TIME(PS) =      10.000  TEMP(K) =   299.80  PRESS =     0.0
 Etot   =    -10738.1540  EKtot   =      1936.1926  EPtot      =    -12674.3466
 BOND   =         6.6714  ANGLE   =        12.3622  DIHED      =        13.6436
 1-4 NB =        11.8612  1-4 EEL =      -596.7202  VDWAALS    =      2360.4343
 EELEC  =    -14489.1970  EHBOND  =         0.0000  RESTRAINT  =         6.5980
 EAMBER (non-restraint)  =    -12680.9446
 Ewald error estimate:   0.1755E-03
 ------------------------------------------------------------------------------


 NSTEP =     5500   TIME(PS) =      11.000  TEMP(K) =   292.82  PRESS =     0.0
 Etot   =    -10759.2612  EKtot   =      1891.1512  EPtot      =    -12650.4124
 BOND   =         8.2853  ANGLE   =        12.5602  DIHED      =        12.5642
 1-4 NB =        10.9601  1-4 EEL =      -599.5493  VDWAALS    =      2334.9733
 EELEC  =    -14435.8986  EHBOND  =         0.0000  RESTRAINT  =         5.6926
 EAMBER (non-restraint)  =    -12656.1049
 Ewald error estimate:   0.1095E-05
 ------------------------------------------------------------------------------


 NSTEP =     6000   TIME(PS) =      12.000  TEMP(K) =   299.58  PRESS =     0.0
 Etot   =    -10730.1589  EKtot   =      1934.8020  EPtot      =    -12664.9609
 BOND   =         5.2753  ANGLE   =        12.0180  DIHED      =        14.1309
 1-4 NB =        12.7154  1-4 EEL =      -600.9428  VDWAALS    =      2332.4802
 EELEC  =    -14453.5334  EHBOND  =         0.0000  RESTRAINT  =        12.8955
 EAMBER (non-restraint)  =    -12677.8565
 Ewald error estimate:   0.2407E-03
 ------------------------------------------------------------------------------


 NSTEP =     6500   TIME(PS) =      13.000  TEMP(K) =   299.72  PRESS =     0.0
 Etot   =    -10664.3178  EKtot   =      1935.7093  EPtot      =    -12600.0271
 BOND   =         6.9874  ANGLE   =        13.3833  DIHED      =        17.5309
 1-4 NB =        11.2520  1-4 EEL =      -594.8905  VDWAALS    =      2333.4658
 EELEC  =    -14395.4520  EHBOND  =         0.0000  RESTRAINT  =         7.6959
 EAMBER (non-restraint)  =    -12607.7230
 Ewald error estimate:   0.1666E-03
 ------------------------------------------------------------------------------


 NSTEP =     7000   TIME(PS) =      14.000  TEMP(K) =   289.81  PRESS =     0.0
 Etot   =    -10751.8574  EKtot   =      1871.6868  EPtot      =    -12623.5441
 BOND   =         7.9482  ANGLE   =        11.0900  DIHED      =        13.4299
 1-4 NB =        11.8870  1-4 EEL =      -597.3988  VDWAALS    =      2233.8258
 EELEC  =    -14310.7968  EHBOND  =         0.0000  RESTRAINT  =         6.4705
 EAMBER (non-restraint)  =    -12630.0147
 Ewald error estimate:   0.1961E-03
 ------------------------------------------------------------------------------


 NSTEP =     7500   TIME(PS) =      15.000  TEMP(K) =   295.61  PRESS =     0.0
 Etot   =    -10742.6226  EKtot   =      1909.1351  EPtot      =    -12651.7578
 BOND   =        12.7322  ANGLE   =        13.7783  DIHED      =        14.1398
 1-4 NB =        13.7402  1-4 EEL =      -607.5754  VDWAALS    =      2295.0202
 EELEC  =    -14404.2616  EHBOND  =         0.0000  RESTRAINT  =        10.6685
 EAMBER (non-restraint)  =    -12662.4262
 Ewald error estimate:   0.1569E-03
 ------------------------------------------------------------------------------


 NSTEP =     8000   TIME(PS) =      16.000  TEMP(K) =   287.62  PRESS =     0.0
 Etot   =    -10791.0308  EKtot   =      1857.5725  EPtot      =    -12648.6033
 BOND   =         6.1245  ANGLE   =        18.0916  DIHED      =        13.6706
 1-4 NB =        12.0672  1-4 EEL =      -600.4982  VDWAALS    =      2340.2693
 EELEC  =    -14449.6062  EHBOND  =         0.0000  RESTRAINT  =        11.2778
 EAMBER (non-restraint)  =    -12659.8811
 Ewald error estimate:   0.3291E-03
 ------------------------------------------------------------------------------


 NSTEP =     8500   TIME(PS) =      17.000  TEMP(K) =   304.10  PRESS =     0.0
 Etot   =    -10733.6959  EKtot   =      1963.9780  EPtot      =    -12697.6739
 BOND   =         7.2260  ANGLE   =        18.6626  DIHED      =        11.4496
 1-4 NB =        12.0193  1-4 EEL =      -602.4170  VDWAALS    =      2304.4644
 EELEC  =    -14458.6961  EHBOND  =         0.0000  RESTRAINT  =         9.6173
 EAMBER (non-restraint)  =    -12707.2913
 Ewald error estimate:   0.6861E-04
 ------------------------------------------------------------------------------


 NSTEP =     9000   TIME(PS) =      18.000  TEMP(K) =   296.31  PRESS =     0.0
 Etot   =    -10696.6918  EKtot   =      1913.6489  EPtot      =    -12610.3406
 BOND   =         7.2445  ANGLE   =        13.9795  DIHED      =        17.8892
 1-4 NB =        11.2433  1-4 EEL =      -595.3015  VDWAALS    =      2347.0461
 EELEC  =    -14421.6789  EHBOND  =         0.0000  RESTRAINT  =         9.2370
 EAMBER (non-restraint)  =    -12619.5776
 Ewald error estimate:   0.9545E-04
 ------------------------------------------------------------------------------


 NSTEP =     9500   TIME(PS) =      19.000  TEMP(K) =   295.25  PRESS =     0.0
 Etot   =    -10709.4123  EKtot   =      1906.8157  EPtot      =    -12616.2280
 BOND   =         4.8815  ANGLE   =        14.3501  DIHED      =        15.1505
 1-4 NB =        12.1271  1-4 EEL =      -594.9746  VDWAALS    =      2338.9250
 EELEC  =    -14416.3111  EHBOND  =         0.0000  RESTRAINT  =         9.6236
 EAMBER (non-restraint)  =    -12625.8516
 Ewald error estimate:   0.1969E-04
 ------------------------------------------------------------------------------


 NSTEP =    10000   TIME(PS) =      20.000  TEMP(K) =   295.06  PRESS =     0.0
 Etot   =    -10569.9237  EKtot   =      1905.5930  EPtot      =    -12475.5167
 BOND   =         6.0594  ANGLE   =        15.5330  DIHED      =        15.2295
 1-4 NB =        12.8004  1-4 EEL =      -599.5372  VDWAALS    =      2190.3290
 EELEC  =    -14125.6652  EHBOND  =         0.0000  RESTRAINT  =         9.7344
 EAMBER (non-restraint)  =    -12485.2511
 Ewald error estimate:   0.2253E-03
 ------------------------------------------------------------------------------


      A V E R A G E S   O V E R      20 S T E P S


 NSTEP =    10000   TIME(PS) =      20.000  TEMP(K) =   292.05  PRESS =     0.0
 Etot   =    -10797.1328  EKtot   =      1886.1510  EPtot      =    -12683.2838
 BOND   =         6.5636  ANGLE   =        14.3487  DIHED      =        14.8111
 1-4 NB =        12.2493  1-4 EEL =      -599.8473  VDWAALS    =      2341.2856
 EELEC  =    -14481.2555  EHBOND  =         0.0000  RESTRAINT  =         8.5607
 EAMBER (non-restraint)  =    -12691.8444
 Ewald error estimate:   0.1758E-03
 ------------------------------------------------------------------------------


      R M S  F L U C T U A T I O N S


 NSTEP =    10000   TIME(PS) =      20.000  TEMP(K) =    11.65  PRESS =     0.0
 Etot   =       203.6242  EKtot   =        75.2416  EPtot      =       136.7084
 BOND   =         2.0258  ANGLE   =         2.7468  DIHED      =         1.7103
 1-4 NB =         0.9615  1-4 EEL =         4.7166  VDWAALS    =        67.1494
 EELEC  =       195.9821  EHBOND  =         0.0000  RESTRAINT  =         2.0419
 EAMBER (non-restraint)  =       134.6665
 Ewald error estimate:   0.1217E-03
 ------------------------------------------------------------------------------

--------------------------------------------------------------------------------
   5.  TIMINGS
--------------------------------------------------------------------------------

|  NonSetup CPU Time in Major Routines, Average for All Tasks:
|
|     Routine           Sec        %
|     ------------------------------
|     DataDistrib       1.91   10.05
|     Nonbond          15.94   84.04
|     Bond              0.03    0.14
|     Angle             0.03    0.17
|     Dihedral          0.05    0.25
|     Shake             0.13    0.66
|     RunMD             0.86    4.54
|     Other             0.03    0.14
|     ------------------------------
|     Total            18.97

|  PME Nonbond Pairlist CPU Time, Average for All Tasks:
|
|     Routine              Sec        %
|     ---------------------------------
|     Set Up Cit           0.06    0.30
|     Build List           1.95   10.29
|     ---------------------------------
|     Total                2.01   10.59

|  PME Direct Force CPU Time, Average for All Tasks:
|
|     Routine              Sec        %
|     ---------------------------------
|     NonBonded Calc      10.66   56.19
|     Exclude Masked       0.13    0.71
|     Other                0.49    2.59
|     ---------------------------------
|     Total               11.28   59.49

|  PME Reciprocal Force CPU Time, Average for All Tasks:
|
|     Routine              Sec        %
|     ---------------------------------
|     1D bspline           0.22    1.16
|     Grid Charges         0.24    1.27
|     Scalar Sum           0.21    1.11
|     Gradient Sum         0.42    2.20
|     FFT                  1.50    7.90
|     ---------------------------------
|     Total                2.59   13.64

|  PME Load Balancing CPU Time, Average for All Tasks:
|
|     Routine                 Sec        %
|     ------------------------------------
|     Atom Reassign           0.00    0.00
|     Image Reassign          0.00    0.01
|     FFT Reassign            0.00    0.00
|     ------------------------------------
|     Total                   0.00    0.02

|  Final Performance Info:
|     -----------------------------------------------------
|     Average timings for last   10000 steps:
|     Elapsed(s) =      18.98 Per Step(ms) =       1.90
|         ns/day =      91.05   seconds/ns =     948.89
|
|     Average timings for all steps:
|     Elapsed(s) =      18.98 Per Step(ms) =       1.90
|         ns/day =      91.05   seconds/ns =     948.89
|     -----------------------------------------------------

|  Master Setup CPU time:            0.04 seconds
|  Master NonSetup CPU time:        18.95 seconds
|  Master Total CPU time:           18.98 seconds     0.01 hours

|  Master Setup wall time:           0    seconds
|  Master NonSetup wall time:       19    seconds
|  Master Total wall time:          19    seconds     0.01 hours
