
          -------------------------------------------------------
          Amber 18 PMEMD                              2018
          -------------------------------------------------------

| PMEMD implementation of SANDER, Release 18

| Run on 03/14/2022 at 21:23:35

|   Executable path: pmemd.MPI
| Working directory: /bgfs/lchong/dty7/ff15ipq-lig/charges/gaff_01/GenConformers/Conf13
|          Hostname: smp-n123

  [-O]verwriting output

File Assignments:
|   MDIN: ../../../amber/6.3_eq2.in                                             
|  MDOUT: 6.3_eq2.out                                                           
| INPCRD: 6.2_eq1.rst                                                           
|   PARM: ../../mon.top                                                         
| RESTRT: 6.3_eq2.rst                                                           
|   REFC: 6.2_eq1.rst                                                           
|  MDVEL: mdvel                                                                 
|   MDEN: mden                                                                  
|  MDCRD: mdcrd                                                                 
| MDINFO: mdinfo                                                                
|LOGFILE: logfile                                                               
|  MDFRC: mdfrc                                                                 

 
 Here is the input file:
 
&cntrl                                                                         
  imin      = 0,                                                               
  irest     = 1,                                                               
  ntx       = 5,                                                               
  ig        = -1,                                                              
  dt        = 0.002,                                                           
  nstlim    = 50000,                                                           
  nscm      = 500,                                                             
  ntr       = 1,                                                               
  restraintmask = ':1',                                                        
  restraint_wt  = 10.0,                                                        
  ntb       = 2,                                                               
  ntp       = 1,                                                               
  barostat  = 2,                                                               
  pres0     = 1.0,                                                             
  mcbarint  = 100,                                                             
  comp      = 44.6,                                                            
  taup      = 1.0,                                                             
  ntt       = 3,                                                               
  temp0     = 298.0,                                                           
  gamma_ln  = 1.0,                                                             
  ntf       = 2,                                                               
  ntc       = 2,                                                               
  cut       = 10.0,                                                            
  ntpr      = 500,                                                             
  ntxo      = 1,                                                               
  ntwr      = 50000,                                                           
  ioutfm    = 1,                                                               
  ntwx      = 500,                                                             
  iwrap     = 1,                                                               
&end                                                                           


Note: ig = -1. Setting random seed to    24616 based on wallclock time in
      microseconds and disabling the synchronization of random numbers 
      between tasks to improve performance.
| irandom = 1, using AMBER's internal random number generator (default).
 
 
| Conditional Compilation Defines Used:
| MPI
| FFTW_FFT
| BINTRAJ
| MKL
| EMIL
 
| Largest sphere to fit in unit cell has radius =    14.767

| New format PARM file being parsed.
| Version =    1.000 Date = 03/14/22 Time = 17:48:27

| Note: 1-4 EEL scale factors are being read from the topology file.

| Note: 1-4 VDW scale factors are being read from the topology file.
| Duplicated    0 dihedrals

| Duplicated    0 dihedrals

--------------------------------------------------------------------------------
   1.  RESOURCE   USE: 
--------------------------------------------------------------------------------

 getting box info from netcdf restart file
 NATOM  =    3240 NTYPES =      13 NBONH =    3220 MBONA  =      21
 NTHETH =      33 MTHETA =      29 NPHIH =      60 MPHIA  =      45
 NHPARM =       0 NPARM  =       0 NNB   =    4456 NRES   =    1069
 NBONA  =      21 NTHETA =      29 NPHIA =      45 NUMBND =      22
 NUMANG =      35 NPTRA  =      18 NATYP =      17 NPHB   =       0
 IFBOX  =       2 NMXRS  =      36 IFCAP =       0 NEXTRA =       0
 NCOPY  =       0

| Coordinate Index Table dimensions:     5    5    5
| Direct force subcell size =     7.2345    7.2345    7.2345

     BOX TYPE: TRUNCATED OCTAHEDRON

--------------------------------------------------------------------------------
   2.  CONTROL  DATA  FOR  THE  RUN
--------------------------------------------------------------------------------

default_name                                                                    

General flags:
     imin    =       0, nmropt  =       0

Nature and format of input:
     ntx     =       5, irest   =       1, ntrx    =       1

Nature and format of output:
     ntxo    =       1, ntpr    =     500, ntrx    =       1, ntwr    =   50000
     iwrap   =       1, ntwx    =     500, ntwv    =       0, ntwe    =       0
     ioutfm  =       1, ntwprt  =       0, idecomp =       0, rbornstat=      0

Potential function:
     ntf     =       2, ntb     =       2, igb     =       0, nsnb    =      25
     ipol    =       0, gbsa    =       0, iesp    =       0
     dielc   =   1.00000, cut     =  10.00000, intdiel =   1.00000

Frozen or restrained atoms:
     ibelly  =       0, ntr     =       1
     restraint_wt =  10.00000

Molecular dynamics:
     nstlim  =     50000, nscm    =         0, nrespa  =         1
     t       =   0.00000, dt      =   0.00200, vlimit  =  20.00000

Langevin dynamics temperature regulation:
     ig      =   24616
     temp0   = 298.00000, tempi   =   0.00000, gamma_ln=   1.00000

Pressure regulation:
     ntp     =       1
     pres0   =   1.00000, comp    =  44.60000, taup    =   1.00000
     Monte-Carlo Barostat:
     mcbarint  =     100

SHAKE:
     ntc     =       2, jfastw  =       0
     tol     =   0.00001

| Intermolecular bonds treatment:
|     no_intermolecular_bonds =       1

| Energy averages sample interval:
|     ene_avg_sampling =     500

Ewald parameters:
     verbose =       0, ew_type =       0, nbflag  =       1, use_pme =       1
     vdwmeth =       1, eedmeth =       1, netfrc  =       1
     Box X =   36.172   Box Y =   36.172   Box Z =   36.172
     Alpha =  109.471   Beta  =  109.471   Gamma =  109.471
     NFFT1 =   40       NFFT2 =   40       NFFT3 =   40
     Cutoff=   10.000   Tol   =0.100E-04
     Ewald Coefficient =  0.27511
     Interpolation order =    4

| PMEMD ewald parallel performance parameters:
|     block_fft =    0
|     fft_blk_y_divisor =    2
|     excl_recip =    0
|     excl_master =    0
|     atm_redist_freq =  320

    LOADING THE CONSTRAINED ATOMS AS GROUPS


   5.  REFERENCE ATOM COORDINATES

  default_name                                                                    
     Mask :1; matches    36 atoms
| MONTE CARLO BAROSTAT IMPORTANT NOTE:
|   The Monte-Carlo barostat does not require the virial to adjust the system volume.
|   Since it is an expensive calculation, it is skipped for efficiency. A side-effect
|   is that the reported pressure is always 0 because it is not calculated.

--------------------------------------------------------------------------------
   3.  ATOMIC COORDINATES AND VELOCITIES
--------------------------------------------------------------------------------

default_name                                                                    
 begin time read from input coords =    20.000 ps

 
 Number of triangulated 3-point waters found:     1068

     Sum of charges from parm topology file =  -0.00030117
     Forcing neutrality...

| Dynamic Memory, Types Used:
| Reals             1243214
| Integers           213788

| Nonbonded Pairs Initial Allocation:      317358

| Running AMBER/MPI version on    8 MPI task

 
--------------------------------------------------------------------------------
   4.  RESULTS
--------------------------------------------------------------------------------

 ---------------------------------------------------
 APPROXIMATING switch and d/dx switch using CUBIC SPLINE INTERPOLATION
 using   5000.0 points per unit in tabled values
 TESTING RELATIVE ERROR over r ranging from 0.0 to cutoff
| CHECK switch(x): max rel err =   0.3316E-14   at   2.351880
| CHECK d/dx switch(x): max rel err =   0.8066E-11   at   2.747240
 ---------------------------------------------------
|---------------------------------------------------
| APPROXIMATING direct energy using CUBIC SPLINE INTERPOLATION
|  with   50.0 points per unit in tabled values
| Relative Error Limit not exceeded for r .gt.   2.34
| APPROXIMATING direct force using CUBIC SPLINE INTERPOLATION
|  with   50.0 points per unit in tabled values
| Relative Error Limit not exceeded for r .gt.   2.81
|---------------------------------------------------

 NSTEP =      500   TIME(PS) =      21.000  TEMP(K) =   295.77  PRESS =     0.0
 Etot   =    -10767.3375  EKtot   =      1910.1959  EPtot      =    -12677.5334
 BOND   =         7.0456  ANGLE   =        11.8700  DIHED      =        13.4256
 1-4 NB =        13.4197  1-4 EEL =      -602.4711  VDWAALS    =      2323.0444
 EELEC  =    -14450.7487  EHBOND  =         0.0000  RESTRAINT  =         6.8811
 EAMBER (non-restraint)  =    -12684.4145
 EKCMT  =         0.0000  VIRIAL  =         0.0000  VOLUME     =     35934.0651
                                                    Density    =         0.9027
 Ewald error estimate:   0.3312E-04
 ------------------------------------------------------------------------------


 NSTEP =     1000   TIME(PS) =      22.000  TEMP(K) =   293.17  PRESS =     0.0
 Etot   =    -10733.5464  EKtot   =      1893.3852  EPtot      =    -12626.9316
 BOND   =         4.1445  ANGLE   =        13.4186  DIHED      =        12.4234
 1-4 NB =        11.6645  1-4 EEL =      -599.0503  VDWAALS    =      2342.9130
 EELEC  =    -14422.2068  EHBOND  =         0.0000  RESTRAINT  =         9.7615
 EAMBER (non-restraint)  =    -12636.6931
 EKCMT  =         0.0000  VIRIAL  =         0.0000  VOLUME     =     35410.9200
                                                    Density    =         0.9160
 Ewald error estimate:   0.1196E-03
 ------------------------------------------------------------------------------


 NSTEP =     1500   TIME(PS) =      23.000  TEMP(K) =   304.12  PRESS =     0.0
 Etot   =    -10754.7818  EKtot   =      1964.1307  EPtot      =    -12718.9125
 BOND   =         7.9898  ANGLE   =        13.0160  DIHED      =        15.2611
 1-4 NB =        13.1223  1-4 EEL =      -604.7215  VDWAALS    =      2389.5628
 EELEC  =    -14560.9620  EHBOND  =         0.0000  RESTRAINT  =         7.8189
 EAMBER (non-restraint)  =    -12726.7315
 EKCMT  =         0.0000  VIRIAL  =         0.0000  VOLUME     =     34966.4900
                                                    Density    =         0.9276
 Ewald error estimate:   0.1191E-03
 ------------------------------------------------------------------------------


 NSTEP =     2000   TIME(PS) =      24.000  TEMP(K) =   303.42  PRESS =     0.0
 Etot   =    -10711.3317  EKtot   =      1959.6073  EPtot      =    -12670.9390
 BOND   =         7.6072  ANGLE   =        10.8412  DIHED      =        13.4387
 1-4 NB =        10.7964  1-4 EEL =      -601.5183  VDWAALS    =      2363.3044
 EELEC  =    -14486.6539  EHBOND  =         0.0000  RESTRAINT  =        11.2454
 EAMBER (non-restraint)  =    -12682.1844
 EKCMT  =         0.0000  VIRIAL  =         0.0000  VOLUME     =     34404.7531
                                                    Density    =         0.9428
 Ewald error estimate:   0.4161E-03
 ------------------------------------------------------------------------------


 NSTEP =     2500   TIME(PS) =      25.000  TEMP(K) =   306.58  PRESS =     0.0
 Etot   =    -10734.4979  EKtot   =      1979.9883  EPtot      =    -12714.4862
 BOND   =        10.7921  ANGLE   =        12.1553  DIHED      =        15.1918
 1-4 NB =        14.0602  1-4 EEL =      -603.5540  VDWAALS    =      2492.9802
 EELEC  =    -14663.6319  EHBOND  =         0.0000  RESTRAINT  =         7.5201
 EAMBER (non-restraint)  =    -12722.0063
 EKCMT  =         0.0000  VIRIAL  =         0.0000  VOLUME     =     33573.0181
                                                    Density    =         0.9662
 Ewald error estimate:   0.1306E-03
 ------------------------------------------------------------------------------


 NSTEP =     3000   TIME(PS) =      26.000  TEMP(K) =   305.75  PRESS =     0.0
 Etot   =    -10792.0762  EKtot   =      1974.6194  EPtot      =    -12766.6956
 BOND   =         9.8750  ANGLE   =         8.4518  DIHED      =        14.7892
 1-4 NB =        10.7749  1-4 EEL =      -598.7893  VDWAALS    =      2448.8167
 EELEC  =    -14669.4016  EHBOND  =         0.0000  RESTRAINT  =         8.7877
 EAMBER (non-restraint)  =    -12775.4833
 EKCMT  =         0.0000  VIRIAL  =         0.0000  VOLUME     =     33108.6535
                                                    Density    =         0.9797
 Ewald error estimate:   0.8337E-04
 ------------------------------------------------------------------------------


 NSTEP =     3500   TIME(PS) =      27.000  TEMP(K) =   300.40  PRESS =     0.0
 Etot   =    -10844.7912  EKtot   =      1940.0764  EPtot      =    -12784.8676
 BOND   =         6.4815  ANGLE   =        14.3001  DIHED      =        14.1885
 1-4 NB =        12.1312  1-4 EEL =      -598.5274  VDWAALS    =      2488.1766
 EELEC  =    -14731.4809  EHBOND  =         0.0000  RESTRAINT  =         9.8628
 EAMBER (non-restraint)  =    -12794.7304
 EKCMT  =         0.0000  VIRIAL  =         0.0000  VOLUME     =     33112.1323
                                                    Density    =         0.9796
 Ewald error estimate:   0.1009E-03
 ------------------------------------------------------------------------------


 NSTEP =     4000   TIME(PS) =      28.000  TEMP(K) =   303.82  PRESS =     0.0
 Etot   =    -10898.4373  EKtot   =      1962.2065  EPtot      =    -12860.6438
 BOND   =         6.3998  ANGLE   =        14.0993  DIHED      =        15.0000
 1-4 NB =        10.9020  1-4 EEL =      -594.9750  VDWAALS    =      2475.1609
 EELEC  =    -14795.0180  EHBOND  =         0.0000  RESTRAINT  =         7.7873
 EAMBER (non-restraint)  =    -12868.4310
 EKCMT  =         0.0000  VIRIAL  =         0.0000  VOLUME     =     32751.1476
                                                    Density    =         0.9904
 Ewald error estimate:   0.8344E-04
 ------------------------------------------------------------------------------


 NSTEP =     4500   TIME(PS) =      29.000  TEMP(K) =   301.67  PRESS =     0.0
 Etot   =    -10943.2801  EKtot   =      1948.2988  EPtot      =    -12891.5789
 BOND   =         7.9068  ANGLE   =        15.9395  DIHED      =        10.9113
 1-4 NB =        12.3803  1-4 EEL =      -603.7583  VDWAALS    =      2515.8928
 EELEC  =    -14860.4881  EHBOND  =         0.0000  RESTRAINT  =         9.6368
 EAMBER (non-restraint)  =    -12901.2157
 EKCMT  =         0.0000  VIRIAL  =         0.0000  VOLUME     =     32766.8722
                                                    Density    =         0.9899
 Ewald error estimate:   0.5593E-04
 ------------------------------------------------------------------------------


 NSTEP =     5000   TIME(PS) =      30.000  TEMP(K) =   295.89  PRESS =     0.0
 Etot   =    -10994.8328  EKtot   =      1910.9736  EPtot      =    -12905.8064
 BOND   =         3.3762  ANGLE   =        10.3051  DIHED      =        13.6572
 1-4 NB =        11.1663  1-4 EEL =      -597.7701  VDWAALS    =      2630.6936
 EELEC  =    -14987.4541  EHBOND  =         0.0000  RESTRAINT  =        10.2195
 EAMBER (non-restraint)  =    -12916.0259
 EKCMT  =         0.0000  VIRIAL  =         0.0000  VOLUME     =     32541.1341
                                                    Density    =         0.9968
 Ewald error estimate:   0.2947E-03
 ------------------------------------------------------------------------------


 NSTEP =     5500   TIME(PS) =      31.000  TEMP(K) =   295.24  PRESS =     0.0
 Etot   =    -10967.8656  EKtot   =      1906.7732  EPtot      =    -12874.6388
 BOND   =         8.3185  ANGLE   =        12.9797  DIHED      =        13.9592
 1-4 NB =        11.8584  1-4 EEL =      -603.3461  VDWAALS    =      2412.6723
 EELEC  =    -14742.4349  EHBOND  =         0.0000  RESTRAINT  =        11.3542
 EAMBER (non-restraint)  =    -12885.9930
 EKCMT  =         0.0000  VIRIAL  =         0.0000  VOLUME     =     32347.0987
                                                    Density    =         1.0028
 Ewald error estimate:   0.1529E-03
 ------------------------------------------------------------------------------


 NSTEP =     6000   TIME(PS) =      32.000  TEMP(K) =   295.54  PRESS =     0.0
 Etot   =    -10925.7599  EKtot   =      1908.7207  EPtot      =    -12834.4806
 BOND   =         5.8361  ANGLE   =        13.3376  DIHED      =        15.0908
 1-4 NB =        10.9828  1-4 EEL =      -597.9439  VDWAALS    =      2443.1321
 EELEC  =    -14733.5793  EHBOND  =         0.0000  RESTRAINT  =         8.6631
 EAMBER (non-restraint)  =    -12843.1437
 EKCMT  =         0.0000  VIRIAL  =         0.0000  VOLUME     =     32122.7719
                                                    Density    =         1.0098
 Ewald error estimate:   0.2971E-04
 ------------------------------------------------------------------------------


 NSTEP =     6500   TIME(PS) =      33.000  TEMP(K) =   291.58  PRESS =     0.0
 Etot   =    -10949.2024  EKtot   =      1883.1377  EPtot      =    -12832.3402
 BOND   =         7.2883  ANGLE   =        16.9065  DIHED      =        13.3688
 1-4 NB =        13.9971  1-4 EEL =      -607.3725  VDWAALS    =      2478.3960
 EELEC  =    -14761.3075  EHBOND  =         0.0000  RESTRAINT  =         6.3831
 EAMBER (non-restraint)  =    -12838.7233
 EKCMT  =         0.0000  VIRIAL  =         0.0000  VOLUME     =     32122.7719
                                                    Density    =         1.0098
 Ewald error estimate:   0.2237E-03
 ------------------------------------------------------------------------------


 NSTEP =     7000   TIME(PS) =      34.000  TEMP(K) =   290.55  PRESS =     0.0
 Etot   =    -11003.4520  EKtot   =      1876.4536  EPtot      =    -12879.9056
 BOND   =        10.0436  ANGLE   =        11.9642  DIHED      =        15.3966
 1-4 NB =        11.3183  1-4 EEL =      -600.6636  VDWAALS    =      2407.5052
 EELEC  =    -14742.2513  EHBOND  =         0.0000  RESTRAINT  =         6.7814
 EAMBER (non-restraint)  =    -12886.6870
 EKCMT  =         0.0000  VIRIAL  =         0.0000  VOLUME     =     32376.1863
                                                    Density    =         1.0019
 Ewald error estimate:   0.1341E-03
 ------------------------------------------------------------------------------


 NSTEP =     7500   TIME(PS) =      35.000  TEMP(K) =   289.31  PRESS =     0.0
 Etot   =    -11010.3182  EKtot   =      1868.4870  EPtot      =    -12878.8052
 BOND   =         7.2303  ANGLE   =        18.0211  DIHED      =        12.1339
 1-4 NB =        11.9180  1-4 EEL =      -599.6857  VDWAALS    =      2426.5416
 EELEC  =    -14766.8717  EHBOND  =         0.0000  RESTRAINT  =        11.9074
 EAMBER (non-restraint)  =    -12890.7126
 EKCMT  =         0.0000  VIRIAL  =         0.0000  VOLUME     =     32542.1791
                                                    Density    =         0.9968
 Ewald error estimate:   0.2057E-03
 ------------------------------------------------------------------------------


 NSTEP =     8000   TIME(PS) =      36.000  TEMP(K) =   307.58  PRESS =     0.0
 Etot   =    -10867.6078  EKtot   =      1986.4879  EPtot      =    -12854.0956
 BOND   =         5.5694  ANGLE   =        14.6789  DIHED      =        12.7611
 1-4 NB =        12.7695  1-4 EEL =      -598.2163  VDWAALS    =      2520.3974
 EELEC  =    -14832.2276  EHBOND  =         0.0000  RESTRAINT  =        10.1720
 EAMBER (non-restraint)  =    -12864.2676
 EKCMT  =         0.0000  VIRIAL  =         0.0000  VOLUME     =     32163.9131
                                                    Density    =         1.0085
 Ewald error estimate:   0.2213E-03
 ------------------------------------------------------------------------------


 NSTEP =     8500   TIME(PS) =      37.000  TEMP(K) =   291.13  PRESS =     0.0
 Etot   =    -10930.9377  EKtot   =      1880.2174  EPtot      =    -12811.1550
 BOND   =        11.5284  ANGLE   =        13.4668  DIHED      =        11.1479
 1-4 NB =        10.6222  1-4 EEL =      -599.0700  VDWAALS    =      2431.6202
 EELEC  =    -14699.9572  EHBOND  =         0.0000  RESTRAINT  =         9.4867
 EAMBER (non-restraint)  =    -12820.6418
 EKCMT  =         0.0000  VIRIAL  =         0.0000  VOLUME     =     32119.6051
                                                    Density    =         1.0099
 Ewald error estimate:   0.9209E-04
 ------------------------------------------------------------------------------


 NSTEP =     9000   TIME(PS) =      38.000  TEMP(K) =   297.20  PRESS =     0.0
 Etot   =    -10935.6999  EKtot   =      1919.4448  EPtot      =    -12855.1447
 BOND   =         9.0948  ANGLE   =        18.3373  DIHED      =        12.3832
 1-4 NB =        13.5591  1-4 EEL =      -607.4636  VDWAALS    =      2505.7393
 EELEC  =    -14814.3811  EHBOND  =         0.0000  RESTRAINT  =         7.5861
 EAMBER (non-restraint)  =    -12862.7309
 EKCMT  =         0.0000  VIRIAL  =         0.0000  VOLUME     =     32119.6051
                                                    Density    =         1.0099
 Ewald error estimate:   0.2125E-03
 ------------------------------------------------------------------------------


 NSTEP =     9500   TIME(PS) =      39.000  TEMP(K) =   303.70  PRESS =     0.0
 Etot   =    -10903.3267  EKtot   =      1961.3989  EPtot      =    -12864.7256
 BOND   =         6.6718  ANGLE   =        15.8744  DIHED      =        12.8932
 1-4 NB =        11.9395  1-4 EEL =      -599.9602  VDWAALS    =      2561.9167
 EELEC  =    -14885.3553  EHBOND  =         0.0000  RESTRAINT  =        11.2944
 EAMBER (non-restraint)  =    -12876.0200
 EKCMT  =         0.0000  VIRIAL  =         0.0000  VOLUME     =     31941.3406
                                                    Density    =         1.0155
 Ewald error estimate:   0.3884E-03
 ------------------------------------------------------------------------------


 NSTEP =    10000   TIME(PS) =      40.000  TEMP(K) =   299.38  PRESS =     0.0
 Etot   =    -10927.1320  EKtot   =      1933.5233  EPtot      =    -12860.6553
 BOND   =         7.0382  ANGLE   =        20.4407  DIHED      =        13.3491
 1-4 NB =        10.8793  1-4 EEL =      -594.5269  VDWAALS    =      2606.6569
 EELEC  =    -14936.6361  EHBOND  =         0.0000  RESTRAINT  =        12.1436
 EAMBER (non-restraint)  =    -12872.7989
 EKCMT  =         0.0000  VIRIAL  =         0.0000  VOLUME     =     32088.7600
                                                    Density    =         1.0108
 Ewald error estimate:   0.3339E-03
 ------------------------------------------------------------------------------


 NSTEP =    10500   TIME(PS) =      41.000  TEMP(K) =   297.86  PRESS =     0.0
 Etot   =    -10976.9996  EKtot   =      1923.6989  EPtot      =    -12900.6984
 BOND   =         5.5081  ANGLE   =        12.6108  DIHED      =        13.0225
 1-4 NB =        12.7120  1-4 EEL =      -594.9818  VDWAALS    =      2498.8305
 EELEC  =    -14857.3325  EHBOND  =         0.0000  RESTRAINT  =         8.9321
 EAMBER (non-restraint)  =    -12909.6305
 EKCMT  =         0.0000  VIRIAL  =         0.0000  VOLUME     =     32088.7600
                                                    Density    =         1.0108
 Ewald error estimate:   0.1107E-03
 ------------------------------------------------------------------------------


 NSTEP =    11000   TIME(PS) =      42.000  TEMP(K) =   290.67  PRESS =     0.0
 Etot   =    -10883.1183  EKtot   =      1877.2677  EPtot      =    -12760.3860
 BOND   =         7.2896  ANGLE   =        12.0640  DIHED      =        12.2984
 1-4 NB =        13.2779  1-4 EEL =      -602.1380  VDWAALS    =      2476.7488
 EELEC  =    -14687.3137  EHBOND  =         0.0000  RESTRAINT  =         7.3871
 EAMBER (non-restraint)  =    -12767.7731
 EKCMT  =         0.0000  VIRIAL  =         0.0000  VOLUME     =     32186.0055
                                                    Density    =         1.0078
 Ewald error estimate:   0.1122E-04
 ------------------------------------------------------------------------------


 NSTEP =    11500   TIME(PS) =      43.000  TEMP(K) =   303.68  PRESS =     0.0
 Etot   =    -10870.6263  EKtot   =      1961.2952  EPtot      =    -12831.9215
 BOND   =         6.2556  ANGLE   =        17.3892  DIHED      =        12.6856
 1-4 NB =        12.6028  1-4 EEL =      -600.7680  VDWAALS    =      2393.8974
 EELEC  =    -14680.8076  EHBOND  =         0.0000  RESTRAINT  =         6.8234
 EAMBER (non-restraint)  =    -12838.7449
 EKCMT  =         0.0000  VIRIAL  =         0.0000  VOLUME     =     32329.3462
                                                    Density    =         1.0033
 Ewald error estimate:   0.7325E-04
 ------------------------------------------------------------------------------


 NSTEP =    12000   TIME(PS) =      44.000  TEMP(K) =   302.20  PRESS =     0.0
 Etot   =    -10906.7266  EKtot   =      1951.7450  EPtot      =    -12858.4716
 BOND   =         6.3153  ANGLE   =        13.8441  DIHED      =        11.6055
 1-4 NB =        13.0343  1-4 EEL =      -603.2818  VDWAALS    =      2488.8655
 EELEC  =    -14800.1183  EHBOND  =         0.0000  RESTRAINT  =        11.2638
 EAMBER (non-restraint)  =    -12869.7354
 EKCMT  =         0.0000  VIRIAL  =         0.0000  VOLUME     =     32220.3956
                                                    Density    =         1.0067
 Ewald error estimate:   0.2279E-03
 ------------------------------------------------------------------------------


 NSTEP =    12500   TIME(PS) =      45.000  TEMP(K) =   293.41  PRESS =     0.0
 Etot   =    -10953.6567  EKtot   =      1894.9215  EPtot      =    -12848.5782
 BOND   =         5.6742  ANGLE   =        10.9197  DIHED      =        13.0668
 1-4 NB =        12.7814  1-4 EEL =      -600.7140  VDWAALS    =      2357.6294
 EELEC  =    -14654.5896  EHBOND  =         0.0000  RESTRAINT  =         6.6539
 EAMBER (non-restraint)  =    -12855.2321
 EKCMT  =         0.0000  VIRIAL  =         0.0000  VOLUME     =     32050.8674
                                                    Density    =         1.0120
 Ewald error estimate:   0.3281E-03
 ------------------------------------------------------------------------------


 NSTEP =    13000   TIME(PS) =      46.000  TEMP(K) =   294.22  PRESS =     0.0
 Etot   =    -11016.7292  EKtot   =      1900.1626  EPtot      =    -12916.8918
 BOND   =         9.1373  ANGLE   =        13.0195  DIHED      =        15.5104
 1-4 NB =        13.1506  1-4 EEL =      -608.1326  VDWAALS    =      2415.4901
 EELEC  =    -14784.1621  EHBOND  =         0.0000  RESTRAINT  =         9.0949
 EAMBER (non-restraint)  =    -12925.9867
 EKCMT  =         0.0000  VIRIAL  =         0.0000  VOLUME     =     31903.4710
                                                    Density    =         1.0167
 Ewald error estimate:   0.2892E-03
 ------------------------------------------------------------------------------


 NSTEP =    13500   TIME(PS) =      47.000  TEMP(K) =   301.19  PRESS =     0.0
 Etot   =    -10979.0422  EKtot   =      1945.1676  EPtot      =    -12924.2098
 BOND   =         7.3745  ANGLE   =        11.6686  DIHED      =        16.5136
 1-4 NB =        11.6091  1-4 EEL =      -599.6466  VDWAALS    =      2480.7345
 EELEC  =    -14860.8205  EHBOND  =         0.0000  RESTRAINT  =         8.3571
 EAMBER (non-restraint)  =    -12932.5669
 EKCMT  =         0.0000  VIRIAL  =         0.0000  VOLUME     =     32381.6732
                                                    Density    =         1.0017
 Ewald error estimate:   0.2590E-05
 ------------------------------------------------------------------------------


 NSTEP =    14000   TIME(PS) =      48.000  TEMP(K) =   298.06  PRESS =     0.0
 Etot   =    -11023.0773  EKtot   =      1924.9941  EPtot      =    -12948.0714
 BOND   =         8.2676  ANGLE   =        19.4177  DIHED      =        12.2124
 1-4 NB =        13.1024  1-4 EEL =      -607.0463  VDWAALS    =      2488.8747
 EELEC  =    -14888.0240  EHBOND  =         0.0000  RESTRAINT  =         5.1243
 EAMBER (non-restraint)  =    -12953.1957
 EKCMT  =         0.0000  VIRIAL  =         0.0000  VOLUME     =     32399.4349
                                                    Density    =         1.0011
 Ewald error estimate:   0.5493E-04
 ------------------------------------------------------------------------------


 NSTEP =    14500   TIME(PS) =      49.000  TEMP(K) =   295.57  PRESS =     0.0
 Etot   =    -10996.7999  EKtot   =      1908.8933  EPtot      =    -12905.6932
 BOND   =        10.8790  ANGLE   =        14.8567  DIHED      =        14.1858
 1-4 NB =        16.9419  1-4 EEL =      -606.5611  VDWAALS    =      2417.6467
 EELEC  =    -14784.0986  EHBOND  =         0.0000  RESTRAINT  =        10.4562
 EAMBER (non-restraint)  =    -12916.1495
 EKCMT  =         0.0000  VIRIAL  =         0.0000  VOLUME     =     32399.4349
                                                    Density    =         1.0011
 Ewald error estimate:   0.6938E-05
 ------------------------------------------------------------------------------


 NSTEP =    15000   TIME(PS) =      50.000  TEMP(K) =   295.24  PRESS =     0.0
 Etot   =    -11008.8614  EKtot   =      1906.7476  EPtot      =    -12915.6090
 BOND   =         3.4246  ANGLE   =        16.2919  DIHED      =        14.8138
 1-4 NB =        11.6462  1-4 EEL =      -593.9028  VDWAALS    =      2324.6945
 EELEC  =    -14702.9000  EHBOND  =         0.0000  RESTRAINT  =        10.3229
 EAMBER (non-restraint)  =    -12925.9319
 EKCMT  =         0.0000  VIRIAL  =         0.0000  VOLUME     =     32293.2767
                                                    Density    =         1.0044
 Ewald error estimate:   0.1183E-03
 ------------------------------------------------------------------------------


 NSTEP =    15500   TIME(PS) =      51.000  TEMP(K) =   298.80  PRESS =     0.0
 Etot   =    -10988.4620  EKtot   =      1929.7688  EPtot      =    -12918.2308
 BOND   =         4.4479  ANGLE   =        14.2751  DIHED      =        13.7180
 1-4 NB =        11.6039  1-4 EEL =      -598.5155  VDWAALS    =      2548.9457
 EELEC  =    -14922.9710  EHBOND  =         0.0000  RESTRAINT  =        10.2650
 EAMBER (non-restraint)  =    -12928.4958
 EKCMT  =         0.0000  VIRIAL  =         0.0000  VOLUME     =     31848.3444
                                                    Density    =         1.0185
 Ewald error estimate:   0.8914E-05
 ------------------------------------------------------------------------------


 NSTEP =    16000   TIME(PS) =      52.000  TEMP(K) =   298.42  PRESS =     0.0
 Etot   =    -10942.3636  EKtot   =      1927.2876  EPtot      =    -12869.6512
 BOND   =         4.3608  ANGLE   =        14.7084  DIHED      =        11.9080
 1-4 NB =        11.9560  1-4 EEL =      -602.3027  VDWAALS    =      2604.8000
 EELEC  =    -14922.5467  EHBOND  =         0.0000  RESTRAINT  =         7.4651
 EAMBER (non-restraint)  =    -12877.1162
 EKCMT  =         0.0000  VIRIAL  =         0.0000  VOLUME     =     31956.2945
                                                    Density    =         1.0150
 Ewald error estimate:   0.1095E-03
 ------------------------------------------------------------------------------


 NSTEP =    16500   TIME(PS) =      53.000  TEMP(K) =   298.04  PRESS =     0.0
 Etot   =    -10887.0351  EKtot   =      1924.8651  EPtot      =    -12811.9002
 BOND   =         6.7937  ANGLE   =        17.6189  DIHED      =        16.0721
 1-4 NB =        13.2737  1-4 EEL =      -604.4365  VDWAALS    =      2558.1452
 EELEC  =    -14827.8756  EHBOND  =         0.0000  RESTRAINT  =         8.5084
 EAMBER (non-restraint)  =    -12820.4085
 EKCMT  =         0.0000  VIRIAL  =         0.0000  VOLUME     =     32020.0022
                                                    Density    =         1.0130
 Ewald error estimate:   0.1447E-04
 ------------------------------------------------------------------------------


 NSTEP =    17000   TIME(PS) =      54.000  TEMP(K) =   304.57  PRESS =     0.0
 Etot   =    -10943.0185  EKtot   =      1967.0264  EPtot      =    -12910.0449
 BOND   =         6.6556  ANGLE   =        22.1878  DIHED      =        14.5652
 1-4 NB =        12.6002  1-4 EEL =      -603.4812  VDWAALS    =      2473.3444
 EELEC  =    -14847.1446  EHBOND  =         0.0000  RESTRAINT  =        11.2277
 EAMBER (non-restraint)  =    -12921.2726
 EKCMT  =         0.0000  VIRIAL  =         0.0000  VOLUME     =     31961.2886
                                                    Density    =         1.0149
 Ewald error estimate:   0.5055E-04
 ------------------------------------------------------------------------------


 NSTEP =    17500   TIME(PS) =      55.000  TEMP(K) =   287.17  PRESS =     0.0
 Etot   =    -11043.1546  EKtot   =      1854.6517  EPtot      =    -12897.8063
 BOND   =         6.0738  ANGLE   =        14.7382  DIHED      =        10.9270
 1-4 NB =        13.9772  1-4 EEL =      -605.7706  VDWAALS    =      2523.2259
 EELEC  =    -14869.2975  EHBOND  =         0.0000  RESTRAINT  =         8.3196
 EAMBER (non-restraint)  =    -12906.1259
 EKCMT  =         0.0000  VIRIAL  =         0.0000  VOLUME     =     31839.4638
                                                    Density    =         1.0188
 Ewald error estimate:   0.4721E-03
 ------------------------------------------------------------------------------


 NSTEP =    18000   TIME(PS) =      56.000  TEMP(K) =   298.99  PRESS =     0.0
 Etot   =    -10958.3704  EKtot   =      1930.9575  EPtot      =    -12889.3279
 BOND   =         6.7124  ANGLE   =        19.8547  DIHED      =        15.7343
 1-4 NB =        13.0001  1-4 EEL =      -604.9696  VDWAALS    =      2521.6106
 EELEC  =    -14872.9247  EHBOND  =         0.0000  RESTRAINT  =        11.6544
 EAMBER (non-restraint)  =    -12900.9823
 EKCMT  =         0.0000  VIRIAL  =         0.0000  VOLUME     =     31768.7131
                                                    Density    =         1.0210
 Ewald error estimate:   0.2282E-03
 ------------------------------------------------------------------------------


 NSTEP =    18500   TIME(PS) =      57.000  TEMP(K) =   302.29  PRESS =     0.0
 Etot   =    -10817.5247  EKtot   =      1952.2987  EPtot      =    -12769.8234
 BOND   =         7.3061  ANGLE   =        12.7392  DIHED      =        16.7636
 1-4 NB =        11.3598  1-4 EEL =      -605.1689  VDWAALS    =      2426.2585
 EELEC  =    -14649.1741  EHBOND  =         0.0000  RESTRAINT  =        10.0923
 EAMBER (non-restraint)  =    -12779.9157
 EKCMT  =         0.0000  VIRIAL  =         0.0000  VOLUME     =     31959.7968
                                                    Density    =         1.0149
 Ewald error estimate:   0.1845E-03
 ------------------------------------------------------------------------------


 NSTEP =    19000   TIME(PS) =      58.000  TEMP(K) =   302.64  PRESS =     0.0
 Etot   =    -10867.1302  EKtot   =      1954.5428  EPtot      =    -12821.6730
 BOND   =        10.6923  ANGLE   =        15.3858  DIHED      =        13.6714
 1-4 NB =        12.3120  1-4 EEL =      -597.9908  VDWAALS    =      2383.0400
 EELEC  =    -14664.5872  EHBOND  =         0.0000  RESTRAINT  =         5.8035
 EAMBER (non-restraint)  =    -12827.4765
 EKCMT  =         0.0000  VIRIAL  =         0.0000  VOLUME     =     32165.2392
                                                    Density    =         1.0084
 Ewald error estimate:   0.9174E-04
 ------------------------------------------------------------------------------


 NSTEP =    19500   TIME(PS) =      59.000  TEMP(K) =   304.63  PRESS =     0.0
 Etot   =    -10850.7032  EKtot   =      1967.3906  EPtot      =    -12818.0939
 BOND   =         6.7367  ANGLE   =        13.6182  DIHED      =        13.2694
 1-4 NB =        11.7093  1-4 EEL =      -590.0424  VDWAALS    =      2406.0753
 EELEC  =    -14687.5511  EHBOND  =         0.0000  RESTRAINT  =         8.0908
 EAMBER (non-restraint)  =    -12826.1847
 EKCMT  =         0.0000  VIRIAL  =         0.0000  VOLUME     =     32275.5504
                                                    Density    =         1.0050
 Ewald error estimate:   0.1066E-03
 ------------------------------------------------------------------------------


 NSTEP =    20000   TIME(PS) =      60.000  TEMP(K) =   298.49  PRESS =     0.0
 Etot   =    -10909.8565  EKtot   =      1927.7823  EPtot      =    -12837.6388
 BOND   =         5.2928  ANGLE   =        13.2665  DIHED      =        12.6712
 1-4 NB =        12.2387  1-4 EEL =      -600.7450  VDWAALS    =      2500.1529
 EELEC  =    -14787.0465  EHBOND  =         0.0000  RESTRAINT  =         6.5306
 EAMBER (non-restraint)  =    -12844.1693
 EKCMT  =         0.0000  VIRIAL  =         0.0000  VOLUME     =     32123.2801
                                                    Density    =         1.0098
 Ewald error estimate:   0.2539E-03
 ------------------------------------------------------------------------------


 NSTEP =    20500   TIME(PS) =      61.000  TEMP(K) =   295.76  PRESS =     0.0
 Etot   =    -10890.0674  EKtot   =      1910.1424  EPtot      =    -12800.2098
 BOND   =         7.0708  ANGLE   =        16.3152  DIHED      =        15.9484
 1-4 NB =        11.0875  1-4 EEL =      -597.2936  VDWAALS    =      2437.9170
 EELEC  =    -14705.8322  EHBOND  =         0.0000  RESTRAINT  =        14.5771
 EAMBER (non-restraint)  =    -12814.7869
 EKCMT  =         0.0000  VIRIAL  =         0.0000  VOLUME     =     32123.2801
                                                    Density    =         1.0098
 Ewald error estimate:   0.8174E-05
 ------------------------------------------------------------------------------


 NSTEP =    21000   TIME(PS) =      62.000  TEMP(K) =   294.20  PRESS =     0.0
 Etot   =    -10953.6599  EKtot   =      1900.0587  EPtot      =    -12853.7186
 BOND   =        10.5442  ANGLE   =        12.1250  DIHED      =        12.7196
 1-4 NB =        12.6840  1-4 EEL =      -601.2680  VDWAALS    =      2625.9171
 EELEC  =    -14935.9463  EHBOND  =         0.0000  RESTRAINT  =         9.5057
 EAMBER (non-restraint)  =    -12863.2243
 EKCMT  =         0.0000  VIRIAL  =         0.0000  VOLUME     =     31768.4532
                                                    Density    =         1.0210
 Ewald error estimate:   0.2193E-03
 ------------------------------------------------------------------------------


 NSTEP =    21500   TIME(PS) =      63.000  TEMP(K) =   295.10  PRESS =     0.0
 Etot   =    -11005.5512  EKtot   =      1905.8463  EPtot      =    -12911.3974
 BOND   =         9.7529  ANGLE   =        15.1878  DIHED      =        12.6601
 1-4 NB =        12.9222  1-4 EEL =      -606.8817  VDWAALS    =      2530.5784
 EELEC  =    -14896.6220  EHBOND  =         0.0000  RESTRAINT  =        11.0049
 EAMBER (non-restraint)  =    -12922.4024
 EKCMT  =         0.0000  VIRIAL  =         0.0000  VOLUME     =     31844.5037
                                                    Density    =         1.0186
 Ewald error estimate:   0.2882E-03
 ------------------------------------------------------------------------------


 NSTEP =    22000   TIME(PS) =      64.000  TEMP(K) =   300.39  PRESS =     0.0
 Etot   =    -10925.7893  EKtot   =      1940.0039  EPtot      =    -12865.7932
 BOND   =         7.8872  ANGLE   =        13.5130  DIHED      =        10.9941
 1-4 NB =        12.9057  1-4 EEL =      -600.7221  VDWAALS    =      2543.3605
 EELEC  =    -14862.6091  EHBOND  =         0.0000  RESTRAINT  =         8.8775
 EAMBER (non-restraint)  =    -12874.6707
 EKCMT  =         0.0000  VIRIAL  =         0.0000  VOLUME     =     32167.5256
                                                    Density    =         1.0084
 Ewald error estimate:   0.2961E-04
 ------------------------------------------------------------------------------


 NSTEP =    22500   TIME(PS) =      65.000  TEMP(K) =   303.62  PRESS =     0.0
 Etot   =    -10906.8438  EKtot   =      1960.8962  EPtot      =    -12867.7400
 BOND   =        10.0088  ANGLE   =        16.4398  DIHED      =        12.0541
 1-4 NB =        13.6433  1-4 EEL =      -607.2806  VDWAALS    =      2530.1465
 EELEC  =    -14851.7704  EHBOND  =         0.0000  RESTRAINT  =         9.0186
 EAMBER (non-restraint)  =    -12876.7586
 EKCMT  =         0.0000  VIRIAL  =         0.0000  VOLUME     =     31996.9030
                                                    Density    =         1.0137
 Ewald error estimate:   0.7097E-04
 ------------------------------------------------------------------------------


 NSTEP =    23000   TIME(PS) =      66.000  TEMP(K) =   293.31  PRESS =     0.0
 Etot   =    -10910.2278  EKtot   =      1894.3051  EPtot      =    -12804.5329
 BOND   =         7.7642  ANGLE   =        16.3295  DIHED      =        14.3929
 1-4 NB =        12.1304  1-4 EEL =      -600.5077  VDWAALS    =      2497.5366
 EELEC  =    -14767.4408  EHBOND  =         0.0000  RESTRAINT  =        15.2621
 EAMBER (non-restraint)  =    -12819.7950
 EKCMT  =         0.0000  VIRIAL  =         0.0000  VOLUME     =     31963.4760
                                                    Density    =         1.0148
 Ewald error estimate:   0.3008E-03
 ------------------------------------------------------------------------------


 NSTEP =    23500   TIME(PS) =      67.000  TEMP(K) =   304.58  PRESS =     0.0
 Etot   =    -10881.1289  EKtot   =      1967.1142  EPtot      =    -12848.2432
 BOND   =         9.9861  ANGLE   =        14.4280  DIHED      =        15.7191
 1-4 NB =        12.3419  1-4 EEL =      -600.3250  VDWAALS    =      2412.8933
 EELEC  =    -14725.9232  EHBOND  =         0.0000  RESTRAINT  =        12.6366
 EAMBER (non-restraint)  =    -12860.8798
 EKCMT  =         0.0000  VIRIAL  =         0.0000  VOLUME     =     32345.9385
                                                    Density    =         1.0028
 Ewald error estimate:   0.3587E-03
 ------------------------------------------------------------------------------


 NSTEP =    24000   TIME(PS) =      68.000  TEMP(K) =   294.41  PRESS =     0.0
 Etot   =    -10929.2931  EKtot   =      1901.4023  EPtot      =    -12830.6955
 BOND   =         6.8041  ANGLE   =        15.2564  DIHED      =        15.0496
 1-4 NB =        12.1733  1-4 EEL =      -599.7434  VDWAALS    =      2438.2952
 EELEC  =    -14730.0570  EHBOND  =         0.0000  RESTRAINT  =        11.5264
 EAMBER (non-restraint)  =    -12842.2218
 EKCMT  =         0.0000  VIRIAL  =         0.0000  VOLUME     =     32270.9243
                                                    Density    =         1.0051
 Ewald error estimate:   0.6964E-04
 ------------------------------------------------------------------------------


 NSTEP =    24500   TIME(PS) =      69.000  TEMP(K) =   292.72  PRESS =     0.0
 Etot   =    -10879.8129  EKtot   =      1890.5212  EPtot      =    -12770.3340
 BOND   =         6.6868  ANGLE   =        17.5846  DIHED      =        14.0400
 1-4 NB =        10.0155  1-4 EEL =      -592.4768  VDWAALS    =      2437.2727
 EELEC  =    -14671.1949  EHBOND  =         0.0000  RESTRAINT  =         7.7381
 EAMBER (non-restraint)  =    -12778.0722
 EKCMT  =         0.0000  VIRIAL  =         0.0000  VOLUME     =     32197.6892
                                                    Density    =         1.0074
 Ewald error estimate:   0.3806E-03
 ------------------------------------------------------------------------------


 NSTEP =    25000   TIME(PS) =      70.000  TEMP(K) =   305.75  PRESS =     0.0
 Etot   =    -10866.0482  EKtot   =      1974.6537  EPtot      =    -12840.7019
 BOND   =         5.5324  ANGLE   =        13.7298  DIHED      =        14.1371
 1-4 NB =        11.4071  1-4 EEL =      -594.9893  VDWAALS    =      2420.0328
 EELEC  =    -14721.0591  EHBOND  =         0.0000  RESTRAINT  =        10.5073
 EAMBER (non-restraint)  =    -12851.2091
 EKCMT  =         0.0000  VIRIAL  =         0.0000  VOLUME     =     31939.7676
                                                    Density    =         1.0156
 Ewald error estimate:   0.2561E-03
 ------------------------------------------------------------------------------


 NSTEP =    25500   TIME(PS) =      71.000  TEMP(K) =   301.89  PRESS =     0.0
 Etot   =    -10888.5188  EKtot   =      1949.7257  EPtot      =    -12838.2445
 BOND   =         7.2607  ANGLE   =        13.1792  DIHED      =        14.3006
 1-4 NB =        11.0333  1-4 EEL =      -602.8731  VDWAALS    =      2501.1950
 EELEC  =    -14789.4750  EHBOND  =         0.0000  RESTRAINT  =         7.1347
 EAMBER (non-restraint)  =    -12845.3792
 EKCMT  =         0.0000  VIRIAL  =         0.0000  VOLUME     =     31943.9828
                                                    Density    =         1.0154
 Ewald error estimate:   0.6147E-03
 ------------------------------------------------------------------------------


 NSTEP =    26000   TIME(PS) =      72.000  TEMP(K) =   303.35  PRESS =     0.0
 Etot   =    -10971.5229  EKtot   =      1959.1219  EPtot      =    -12930.6448
 BOND   =         8.2924  ANGLE   =        15.6006  DIHED      =        11.6115
 1-4 NB =        11.5487  1-4 EEL =      -595.6576  VDWAALS    =      2552.1272
 EELEC  =    -14944.3550  EHBOND  =         0.0000  RESTRAINT  =        10.1874
 EAMBER (non-restraint)  =    -12940.8322
 EKCMT  =         0.0000  VIRIAL  =         0.0000  VOLUME     =     31909.9325
                                                    Density    =         1.0165
 Ewald error estimate:   0.3644E-04
 ------------------------------------------------------------------------------


 NSTEP =    26500   TIME(PS) =      73.000  TEMP(K) =   297.79  PRESS =     0.0
 Etot   =    -10971.6863  EKtot   =      1923.2563  EPtot      =    -12894.9426
 BOND   =         5.1015  ANGLE   =        15.6057  DIHED      =        13.2574
 1-4 NB =        11.1431  1-4 EEL =      -595.8975  VDWAALS    =      2442.9741
 EELEC  =    -14794.5742  EHBOND  =         0.0000  RESTRAINT  =         7.4473
 EAMBER (non-restraint)  =    -12902.3899
 EKCMT  =         0.0000  VIRIAL  =         0.0000  VOLUME     =     32105.7108
                                                    Density    =         1.0103
 Ewald error estimate:   0.9722E-04
 ------------------------------------------------------------------------------


 NSTEP =    27000   TIME(PS) =      74.000  TEMP(K) =   291.45  PRESS =     0.0
 Etot   =    -10919.7843  EKtot   =      1882.2934  EPtot      =    -12802.0777
 BOND   =         4.8694  ANGLE   =        16.1383  DIHED      =        14.2054
 1-4 NB =        11.5664  1-4 EEL =      -603.5718  VDWAALS    =      2434.7981
 EELEC  =    -14692.5382  EHBOND  =         0.0000  RESTRAINT  =        12.4547
 EAMBER (non-restraint)  =    -12814.5324
 EKCMT  =         0.0000  VIRIAL  =         0.0000  VOLUME     =     32155.2113
                                                    Density    =         1.0088
 Ewald error estimate:   0.7962E-04
 ------------------------------------------------------------------------------


 NSTEP =    27500   TIME(PS) =      75.000  TEMP(K) =   303.64  PRESS =     0.0
 Etot   =    -10909.0487  EKtot   =      1961.0105  EPtot      =    -12870.0592
 BOND   =         7.3903  ANGLE   =        15.0509  DIHED      =        12.1215
 1-4 NB =        11.8266  1-4 EEL =      -600.5327  VDWAALS    =      2511.1009
 EELEC  =    -14836.1226  EHBOND  =         0.0000  RESTRAINT  =         9.1058
 EAMBER (non-restraint)  =    -12879.1651
 EKCMT  =         0.0000  VIRIAL  =         0.0000  VOLUME     =     32308.2988
                                                    Density    =         1.0040
 Ewald error estimate:   0.2914E-03
 ------------------------------------------------------------------------------


 NSTEP =    28000   TIME(PS) =      76.000  TEMP(K) =   300.67  PRESS =     0.0
 Etot   =    -10938.7981  EKtot   =      1941.8250  EPtot      =    -12880.6231
 BOND   =         8.8962  ANGLE   =        14.0901  DIHED      =        12.8857
 1-4 NB =        13.2850  1-4 EEL =      -601.2907  VDWAALS    =      2462.8356
 EELEC  =    -14803.9057  EHBOND  =         0.0000  RESTRAINT  =        12.5805
 EAMBER (non-restraint)  =    -12893.2037
 EKCMT  =         0.0000  VIRIAL  =         0.0000  VOLUME     =     32083.4321
                                                    Density    =         1.0110
 Ewald error estimate:   0.2158E-03
 ------------------------------------------------------------------------------


 NSTEP =    28500   TIME(PS) =      77.000  TEMP(K) =   292.86  PRESS =     0.0
 Etot   =    -10857.8759  EKtot   =      1891.3799  EPtot      =    -12749.2557
 BOND   =        10.9456  ANGLE   =        17.7545  DIHED      =        12.8097
 1-4 NB =        13.3209  1-4 EEL =      -600.5765  VDWAALS    =      2385.4437
 EELEC  =    -14598.2925  EHBOND  =         0.0000  RESTRAINT  =         9.3389
 EAMBER (non-restraint)  =    -12758.5946
 EKCMT  =         0.0000  VIRIAL  =         0.0000  VOLUME     =     32297.0472
                                                    Density    =         1.0043
 Ewald error estimate:   0.5167E-03
 ------------------------------------------------------------------------------


 NSTEP =    29000   TIME(PS) =      78.000  TEMP(K) =   304.27  PRESS =     0.0
 Etot   =    -10851.7608  EKtot   =      1965.0606  EPtot      =    -12816.8214
 BOND   =         7.3399  ANGLE   =        18.2877  DIHED      =        12.4006
 1-4 NB =        12.4693  1-4 EEL =      -602.9037  VDWAALS    =      2276.5562
 EELEC  =    -14550.6133  EHBOND  =         0.0000  RESTRAINT  =         9.6419
 EAMBER (non-restraint)  =    -12826.4633
 EKCMT  =         0.0000  VIRIAL  =         0.0000  VOLUME     =     32365.7103
                                                    Density    =         1.0022
 Ewald error estimate:   0.3022E-04
 ------------------------------------------------------------------------------


 NSTEP =    29500   TIME(PS) =      79.000  TEMP(K) =   295.52  PRESS =     0.0
 Etot   =    -10949.1826  EKtot   =      1908.5629  EPtot      =    -12857.7456
 BOND   =         9.7290  ANGLE   =        16.5101  DIHED      =        13.7312
 1-4 NB =        12.7524  1-4 EEL =      -602.9788  VDWAALS    =      2497.8614
 EELEC  =    -14814.3090  EHBOND  =         0.0000  RESTRAINT  =         8.9582
 EAMBER (non-restraint)  =    -12866.7038
 EKCMT  =         0.0000  VIRIAL  =         0.0000  VOLUME     =     32090.0527
                                                    Density    =         1.0108
 Ewald error estimate:   0.1143E-03
 ------------------------------------------------------------------------------


 NSTEP =    30000   TIME(PS) =      80.000  TEMP(K) =   297.63  PRESS =     0.0
 Etot   =    -10999.3401  EKtot   =      1922.1787  EPtot      =    -12921.5187
 BOND   =         7.7347  ANGLE   =        17.5577  DIHED      =        11.6630
 1-4 NB =        11.4382  1-4 EEL =      -602.6760  VDWAALS    =      2602.1261
 EELEC  =    -14979.7914  EHBOND  =         0.0000  RESTRAINT  =        10.4290
 EAMBER (non-restraint)  =    -12931.9478
 EKCMT  =         0.0000  VIRIAL  =         0.0000  VOLUME     =     31890.5079
                                                    Density    =         1.0171
 Ewald error estimate:   0.3144E-04
 ------------------------------------------------------------------------------


 NSTEP =    30500   TIME(PS) =      81.000  TEMP(K) =   298.31  PRESS =     0.0
 Etot   =    -11001.2072  EKtot   =      1926.6075  EPtot      =    -12927.8147
 BOND   =         6.3317  ANGLE   =        10.9656  DIHED      =        10.9261
 1-4 NB =        12.6741  1-4 EEL =      -601.0615  VDWAALS    =      2498.6867
 EELEC  =    -14876.4480  EHBOND  =         0.0000  RESTRAINT  =        10.1105
 EAMBER (non-restraint)  =    -12937.9252
 EKCMT  =         0.0000  VIRIAL  =         0.0000  VOLUME     =     32066.8512
                                                    Density    =         1.0115
 Ewald error estimate:   0.3382E-03
 ------------------------------------------------------------------------------


 NSTEP =    31000   TIME(PS) =      82.000  TEMP(K) =   296.19  PRESS =     0.0
 Etot   =    -11007.3619  EKtot   =      1912.9157  EPtot      =    -12920.2776
 BOND   =         9.4882  ANGLE   =        13.0888  DIHED      =        12.8249
 1-4 NB =        11.9068  1-4 EEL =      -596.8964  VDWAALS    =      2575.8683
 EELEC  =    -14953.8003  EHBOND  =         0.0000  RESTRAINT  =         7.2421
 EAMBER (non-restraint)  =    -12927.5196
 EKCMT  =         0.0000  VIRIAL  =         0.0000  VOLUME     =     32053.2937
                                                    Density    =         1.0120
 Ewald error estimate:   0.4912E-04
 ------------------------------------------------------------------------------


 NSTEP =    31500   TIME(PS) =      83.000  TEMP(K) =   301.79  PRESS =     0.0
 Etot   =    -10883.2391  EKtot   =      1949.0978  EPtot      =    -12832.3368
 BOND   =         8.2465  ANGLE   =        14.8480  DIHED      =        13.4349
 1-4 NB =        13.8101  1-4 EEL =      -603.2710  VDWAALS    =      2332.2336
 EELEC  =    -14617.3180  EHBOND  =         0.0000  RESTRAINT  =         5.6790
 EAMBER (non-restraint)  =    -12838.0158
 EKCMT  =         0.0000  VIRIAL  =         0.0000  VOLUME     =     31980.2456
                                                    Density    =         1.0143
 Ewald error estimate:   0.6049E-04
 ------------------------------------------------------------------------------


 NSTEP =    32000   TIME(PS) =      84.000  TEMP(K) =   294.87  PRESS =     0.0
 Etot   =    -10876.4326  EKtot   =      1904.3595  EPtot      =    -12780.7920
 BOND   =        10.3136  ANGLE   =        15.8410  DIHED      =        12.2536
 1-4 NB =        11.3071  1-4 EEL =      -605.0781  VDWAALS    =      2416.3151
 EELEC  =    -14652.9082  EHBOND  =         0.0000  RESTRAINT  =        11.1640
 EAMBER (non-restraint)  =    -12791.9560
 EKCMT  =         0.0000  VIRIAL  =         0.0000  VOLUME     =     32210.7806
                                                    Density    =         1.0070
 Ewald error estimate:   0.8038E-04
 ------------------------------------------------------------------------------


 NSTEP =    32500   TIME(PS) =      85.000  TEMP(K) =   305.65  PRESS =     0.0
 Etot   =    -10885.6860  EKtot   =      1973.9977  EPtot      =    -12859.6837
 BOND   =         5.6022  ANGLE   =        13.8636  DIHED      =        12.4638
 1-4 NB =        12.3752  1-4 EEL =      -602.4774  VDWAALS    =      2408.7531
 EELEC  =    -14717.1625  EHBOND  =         0.0000  RESTRAINT  =         6.8983
 EAMBER (non-restraint)  =    -12866.5820
 EKCMT  =         0.0000  VIRIAL  =         0.0000  VOLUME     =     32098.3548
                                                    Density    =         1.0105
 Ewald error estimate:   0.4894E-03
 ------------------------------------------------------------------------------


 NSTEP =    33000   TIME(PS) =      86.000  TEMP(K) =   304.60  PRESS =     0.0
 Etot   =    -10869.3399  EKtot   =      1967.1953  EPtot      =    -12836.5352
 BOND   =         3.3595  ANGLE   =        13.8055  DIHED      =        11.9230
 1-4 NB =        11.7499  1-4 EEL =      -597.1148  VDWAALS    =      2459.2373
 EELEC  =    -14748.1394  EHBOND  =         0.0000  RESTRAINT  =         8.6440
 EAMBER (non-restraint)  =    -12845.1791
 EKCMT  =         0.0000  VIRIAL  =         0.0000  VOLUME     =     31959.2974
                                                    Density    =         1.0149
 Ewald error estimate:   0.1880E-03
 ------------------------------------------------------------------------------


 NSTEP =    33500   TIME(PS) =      87.000  TEMP(K) =   301.34  PRESS =     0.0
 Etot   =    -10937.0972  EKtot   =      1946.1826  EPtot      =    -12883.2797
 BOND   =         6.7674  ANGLE   =        12.4232  DIHED      =        11.4112
 1-4 NB =        10.6511  1-4 EEL =      -594.2962  VDWAALS    =      2483.5844
 EELEC  =    -14821.4214  EHBOND  =         0.0000  RESTRAINT  =         7.6006
 EAMBER (non-restraint)  =    -12890.8803
 EKCMT  =         0.0000  VIRIAL  =         0.0000  VOLUME     =     32165.1249
                                                    Density    =         1.0084
 Ewald error estimate:   0.2817E-03
 ------------------------------------------------------------------------------


 NSTEP =    34000   TIME(PS) =      88.000  TEMP(K) =   294.44  PRESS =     0.0
 Etot   =    -10957.6391  EKtot   =      1901.6096  EPtot      =    -12859.2487
 BOND   =         6.9822  ANGLE   =        10.9661  DIHED      =         9.9467
 1-4 NB =        10.6404  1-4 EEL =      -596.5669  VDWAALS    =      2490.5706
 EELEC  =    -14801.3034  EHBOND  =         0.0000  RESTRAINT  =         9.5156
 EAMBER (non-restraint)  =    -12868.7643
 EKCMT  =         0.0000  VIRIAL  =         0.0000  VOLUME     =     32165.1249
                                                    Density    =         1.0084
 Ewald error estimate:   0.4768E-04
 ------------------------------------------------------------------------------


 NSTEP =    34500   TIME(PS) =      89.000  TEMP(K) =   295.37  PRESS =     0.0
 Etot   =    -10944.6594  EKtot   =      1907.5848  EPtot      =    -12852.2441
 BOND   =         3.3108  ANGLE   =        12.3605  DIHED      =        13.0621
 1-4 NB =        11.4907  1-4 EEL =      -599.5288  VDWAALS    =      2410.1387
 EELEC  =    -14708.4152  EHBOND  =         0.0000  RESTRAINT  =         5.3371
 EAMBER (non-restraint)  =    -12857.5812
 EKCMT  =         0.0000  VIRIAL  =         0.0000  VOLUME     =     32198.3463
                                                    Density    =         1.0074
 Ewald error estimate:   0.4572E-04
 ------------------------------------------------------------------------------


 NSTEP =    35000   TIME(PS) =      90.000  TEMP(K) =   292.50  PRESS =     0.0
 Etot   =    -10892.3351  EKtot   =      1889.0618  EPtot      =    -12781.3969
 BOND   =         5.0497  ANGLE   =        14.7236  DIHED      =        12.6740
 1-4 NB =        10.6367  1-4 EEL =      -591.1076  VDWAALS    =      2427.6344
 EELEC  =    -14669.2556  EHBOND  =         0.0000  RESTRAINT  =         8.2480
 EAMBER (non-restraint)  =    -12789.6449
 EKCMT  =         0.0000  VIRIAL  =         0.0000  VOLUME     =     32181.8453
                                                    Density    =         1.0079
 Ewald error estimate:   0.2320E-05
 ------------------------------------------------------------------------------


 NSTEP =    35500   TIME(PS) =      91.000  TEMP(K) =   292.31  PRESS =     0.0
 Etot   =    -10918.8863  EKtot   =      1887.8616  EPtot      =    -12806.7479
 BOND   =         6.6685  ANGLE   =        19.3691  DIHED      =        16.9360
 1-4 NB =        11.7512  1-4 EEL =      -599.6255  VDWAALS    =      2472.5634
 EELEC  =    -14743.7779  EHBOND  =         0.0000  RESTRAINT  =         9.3672
 EAMBER (non-restraint)  =    -12816.1152
 EKCMT  =         0.0000  VIRIAL  =         0.0000  VOLUME     =     32247.1942
                                                    Density    =         1.0059
 Ewald error estimate:   0.3891E-03
 ------------------------------------------------------------------------------


 NSTEP =    36000   TIME(PS) =      92.000  TEMP(K) =   301.18  PRESS =     0.0
 Etot   =    -10923.8330  EKtot   =      1945.1481  EPtot      =    -12868.9811
 BOND   =         5.8845  ANGLE   =        15.9554  DIHED      =        14.7728
 1-4 NB =        10.6447  1-4 EEL =      -598.5754  VDWAALS    =      2455.3693
 EELEC  =    -14780.4269  EHBOND  =         0.0000  RESTRAINT  =         7.3944
 EAMBER (non-restraint)  =    -12876.3755
 EKCMT  =         0.0000  VIRIAL  =         0.0000  VOLUME     =     32513.4922
                                                    Density    =         0.9976
 Ewald error estimate:   0.3606E-03
 ------------------------------------------------------------------------------


 NSTEP =    36500   TIME(PS) =      93.000  TEMP(K) =   296.54  PRESS =     0.0
 Etot   =    -10883.1002  EKtot   =      1915.1848  EPtot      =    -12798.2850
 BOND   =         7.7337  ANGLE   =        15.9665  DIHED      =        14.4587
 1-4 NB =        13.0881  1-4 EEL =      -607.7210  VDWAALS    =      2340.7683
 EELEC  =    -14593.7405  EHBOND  =         0.0000  RESTRAINT  =        11.1611
 EAMBER (non-restraint)  =    -12809.4461
 EKCMT  =         0.0000  VIRIAL  =         0.0000  VOLUME     =     32693.7511
                                                    Density    =         0.9921
 Ewald error estimate:   0.1376E-03
 ------------------------------------------------------------------------------


 NSTEP =    37000   TIME(PS) =      94.000  TEMP(K) =   298.66  PRESS =     0.0
 Etot   =    -10947.4293  EKtot   =      1928.8572  EPtot      =    -12876.2865
 BOND   =         6.5676  ANGLE   =        14.3370  DIHED      =        13.1536
 1-4 NB =        12.7869  1-4 EEL =      -597.3712  VDWAALS    =      2519.1291
 EELEC  =    -14856.3196  EHBOND  =         0.0000  RESTRAINT  =        11.4302
 EAMBER (non-restraint)  =    -12887.7167
 EKCMT  =         0.0000  VIRIAL  =         0.0000  VOLUME     =     32370.0036
                                                    Density    =         1.0021
 Ewald error estimate:   0.2257E-04
 ------------------------------------------------------------------------------


 NSTEP =    37500   TIME(PS) =      95.000  TEMP(K) =   302.78  PRESS =     0.0
 Etot   =    -10887.9615  EKtot   =      1955.4349  EPtot      =    -12843.3964
 BOND   =         7.1485  ANGLE   =        15.9668  DIHED      =        15.7468
 1-4 NB =        10.8832  1-4 EEL =      -600.5939  VDWAALS    =      2425.7379
 EELEC  =    -14733.5755  EHBOND  =         0.0000  RESTRAINT  =        15.2898
 EAMBER (non-restraint)  =    -12858.6861
 EKCMT  =         0.0000  VIRIAL  =         0.0000  VOLUME     =     32226.6853
                                                    Density    =         1.0065
 Ewald error estimate:   0.3361E-03
 ------------------------------------------------------------------------------


 NSTEP =    38000   TIME(PS) =      96.000  TEMP(K) =   297.79  PRESS =     0.0
 Etot   =    -10923.2077  EKtot   =      1923.2279  EPtot      =    -12846.4356
 BOND   =        11.2825  ANGLE   =        12.6350  DIHED      =        14.6403
 1-4 NB =        11.0784  1-4 EEL =      -600.3914  VDWAALS    =      2443.3148
 EELEC  =    -14747.1281  EHBOND  =         0.0000  RESTRAINT  =         8.1329
 EAMBER (non-restraint)  =    -12854.5685
 EKCMT  =         0.0000  VIRIAL  =         0.0000  VOLUME     =     31935.7583
                                                    Density    =         1.0157
 Ewald error estimate:   0.2011E-04
 ------------------------------------------------------------------------------


 NSTEP =    38500   TIME(PS) =      97.000  TEMP(K) =   288.31  PRESS =     0.0
 Etot   =    -10977.4184  EKtot   =      1862.0280  EPtot      =    -12839.4464
 BOND   =        10.3795  ANGLE   =        14.2230  DIHED      =         9.9856
 1-4 NB =        13.2908  1-4 EEL =      -598.4587  VDWAALS    =      2573.8584
 EELEC  =    -14873.8896  EHBOND  =         0.0000  RESTRAINT  =        11.1645
 EAMBER (non-restraint)  =    -12850.6109
 EKCMT  =         0.0000  VIRIAL  =         0.0000  VOLUME     =     31823.7281
                                                    Density    =         1.0193
 Ewald error estimate:   0.1102E-04
 ------------------------------------------------------------------------------


 NSTEP =    39000   TIME(PS) =      98.000  TEMP(K) =   292.91  PRESS =     0.0
 Etot   =    -10967.5452  EKtot   =      1891.7230  EPtot      =    -12859.2682
 BOND   =         6.1527  ANGLE   =        11.8674  DIHED      =        15.4514
 1-4 NB =        11.2250  1-4 EEL =      -600.4008  VDWAALS    =      2410.0450
 EELEC  =    -14723.9373  EHBOND  =         0.0000  RESTRAINT  =        10.3284
 EAMBER (non-restraint)  =    -12869.5966
 EKCMT  =         0.0000  VIRIAL  =         0.0000  VOLUME     =     31983.8222
                                                    Density    =         1.0142
 Ewald error estimate:   0.1607E-03
 ------------------------------------------------------------------------------


 NSTEP =    39500   TIME(PS) =      99.000  TEMP(K) =   291.69  PRESS =     0.0
 Etot   =    -11010.8903  EKtot   =      1883.8739  EPtot      =    -12894.7641
 BOND   =         5.3837  ANGLE   =        12.4963  DIHED      =        11.8075
 1-4 NB =        11.9849  1-4 EEL =      -592.0863  VDWAALS    =      2518.4630
 EELEC  =    -14873.7419  EHBOND  =         0.0000  RESTRAINT  =        10.9286
 EAMBER (non-restraint)  =    -12905.6928
 EKCMT  =         0.0000  VIRIAL  =         0.0000  VOLUME     =     32079.5347
                                                    Density    =         1.0111
 Ewald error estimate:   0.2242E-03
 ------------------------------------------------------------------------------


 NSTEP =    40000   TIME(PS) =     100.000  TEMP(K) =   289.41  PRESS =     0.0
 Etot   =    -10938.8424  EKtot   =      1869.1448  EPtot      =    -12807.9872
 BOND   =         8.5485  ANGLE   =        10.2329  DIHED      =        13.9288
 1-4 NB =        11.3117  1-4 EEL =      -599.1392  VDWAALS    =      2485.1342
 EELEC  =    -14749.1032  EHBOND  =         0.0000  RESTRAINT  =        11.0990
 EAMBER (non-restraint)  =    -12819.0862
 EKCMT  =         0.0000  VIRIAL  =         0.0000  VOLUME     =     32255.6702
                                                    Density    =         1.0056
 Ewald error estimate:   0.1693E-03
 ------------------------------------------------------------------------------


 NSTEP =    40500   TIME(PS) =     101.000  TEMP(K) =   292.03  PRESS =     0.0
 Etot   =    -10919.5369  EKtot   =      1886.0687  EPtot      =    -12805.6056
 BOND   =         6.8378  ANGLE   =        11.6359  DIHED      =        12.9119
 1-4 NB =        11.9415  1-4 EEL =      -593.6897  VDWAALS    =      2376.2003
 EELEC  =    -14637.4971  EHBOND  =         0.0000  RESTRAINT  =         6.0537
 EAMBER (non-restraint)  =    -12811.6593
 EKCMT  =         0.0000  VIRIAL  =         0.0000  VOLUME     =     32184.4355
                                                    Density    =         1.0078
 Ewald error estimate:   0.6156E-04
 ------------------------------------------------------------------------------


 NSTEP =    41000   TIME(PS) =     102.000  TEMP(K) =   298.85  PRESS =     0.0
 Etot   =    -10919.7668  EKtot   =      1930.0994  EPtot      =    -12849.8662
 BOND   =         5.4372  ANGLE   =        13.0584  DIHED      =        14.8938
 1-4 NB =        12.6387  1-4 EEL =      -603.3329  VDWAALS    =      2502.5608
 EELEC  =    -14800.1230  EHBOND  =         0.0000  RESTRAINT  =         5.0009
 EAMBER (non-restraint)  =    -12854.8671
 EKCMT  =         0.0000  VIRIAL  =         0.0000  VOLUME     =     32297.8318
                                                    Density    =         1.0043
 Ewald error estimate:   0.1864E-03
 ------------------------------------------------------------------------------


 NSTEP =    41500   TIME(PS) =     103.000  TEMP(K) =   295.22  PRESS =     0.0
 Etot   =    -10896.7655  EKtot   =      1906.6505  EPtot      =    -12803.4160
 BOND   =         7.5035  ANGLE   =        14.6396  DIHED      =        13.3412
 1-4 NB =        12.3398  1-4 EEL =      -602.4343  VDWAALS    =      2406.1620
 EELEC  =    -14665.1241  EHBOND  =         0.0000  RESTRAINT  =        10.1563
 EAMBER (non-restraint)  =    -12813.5722
 EKCMT  =         0.0000  VIRIAL  =         0.0000  VOLUME     =     32132.8910
                                                    Density    =         1.0095
 Ewald error estimate:   0.3215E-03
 ------------------------------------------------------------------------------


 NSTEP =    42000   TIME(PS) =     104.000  TEMP(K) =   299.76  PRESS =     0.0
 Etot   =    -10865.8821  EKtot   =      1935.9588  EPtot      =    -12801.8409
 BOND   =         5.9997  ANGLE   =        15.0120  DIHED      =        16.4275
 1-4 NB =        11.7628  1-4 EEL =      -604.1841  VDWAALS    =      2549.4237
 EELEC  =    -14804.1694  EHBOND  =         0.0000  RESTRAINT  =         7.8868
 EAMBER (non-restraint)  =    -12809.7278
 EKCMT  =         0.0000  VIRIAL  =         0.0000  VOLUME     =     31923.8453
                                                    Density    =         1.0161
 Ewald error estimate:   0.1460E-03
 ------------------------------------------------------------------------------


 NSTEP =    42500   TIME(PS) =     105.000  TEMP(K) =   300.65  PRESS =     0.0
 Etot   =    -10879.3360  EKtot   =      1941.7315  EPtot      =    -12821.0675
 BOND   =         5.1967  ANGLE   =        16.5463  DIHED      =        12.1658
 1-4 NB =        12.4762  1-4 EEL =      -601.4305  VDWAALS    =      2436.3982
 EELEC  =    -14711.3513  EHBOND  =         0.0000  RESTRAINT  =         8.9312
 EAMBER (non-restraint)  =    -12829.9987
 EKCMT  =         0.0000  VIRIAL  =         0.0000  VOLUME     =     31830.1912
                                                    Density    =         1.0191
 Ewald error estimate:   0.3809E-03
 ------------------------------------------------------------------------------


 NSTEP =    43000   TIME(PS) =     106.000  TEMP(K) =   302.10  PRESS =     0.0
 Etot   =    -10928.8313  EKtot   =      1951.0566  EPtot      =    -12879.8880
 BOND   =         6.1379  ANGLE   =        15.2871  DIHED      =         9.8774
 1-4 NB =        12.3417  1-4 EEL =      -600.6804  VDWAALS    =      2498.6357
 EELEC  =    -14833.4808  EHBOND  =         0.0000  RESTRAINT  =        11.9934
 EAMBER (non-restraint)  =    -12891.8814
 EKCMT  =         0.0000  VIRIAL  =         0.0000  VOLUME     =     31769.3216
                                                    Density    =         1.0210
 Ewald error estimate:   0.6687E-04
 ------------------------------------------------------------------------------


 NSTEP =    43500   TIME(PS) =     107.000  TEMP(K) =   289.94  PRESS =     0.0
 Etot   =    -10938.6944  EKtot   =      1872.5667  EPtot      =    -12811.2611
 BOND   =         9.7619  ANGLE   =        15.2917  DIHED      =        14.8897
 1-4 NB =        11.4999  1-4 EEL =      -605.0879  VDWAALS    =      2428.1607
 EELEC  =    -14695.6685  EHBOND  =         0.0000  RESTRAINT  =         9.8912
 EAMBER (non-restraint)  =    -12821.1524
 EKCMT  =         0.0000  VIRIAL  =         0.0000  VOLUME     =     31769.3216
                                                    Density    =         1.0210
 Ewald error estimate:   0.1058E-03
 ------------------------------------------------------------------------------


 NSTEP =    44000   TIME(PS) =     108.000  TEMP(K) =   291.63  PRESS =     0.0
 Etot   =    -11032.1155  EKtot   =      1883.4475  EPtot      =    -12915.5630
 BOND   =         8.9341  ANGLE   =        15.9010  DIHED      =        13.2608
 1-4 NB =        12.6577  1-4 EEL =      -608.1787  VDWAALS    =      2574.2501
 EELEC  =    -14939.4978  EHBOND  =         0.0000  RESTRAINT  =         7.1097
 EAMBER (non-restraint)  =    -12922.6727
 EKCMT  =         0.0000  VIRIAL  =         0.0000  VOLUME     =     31769.3216
                                                    Density    =         1.0210
 Ewald error estimate:   0.5515E-04
 ------------------------------------------------------------------------------


 NSTEP =    44500   TIME(PS) =     109.000  TEMP(K) =   297.27  PRESS =     0.0
 Etot   =    -11008.5888  EKtot   =      1919.9122  EPtot      =    -12928.5010
 BOND   =         9.1999  ANGLE   =        10.1348  DIHED      =        13.1911
 1-4 NB =        11.3945  1-4 EEL =      -602.6998  VDWAALS    =      2459.4087
 EELEC  =    -14835.4428  EHBOND  =         0.0000  RESTRAINT  =         6.3128
 EAMBER (non-restraint)  =    -12934.8138
 EKCMT  =         0.0000  VIRIAL  =         0.0000  VOLUME     =     32064.2653
                                                    Density    =         1.0116
 Ewald error estimate:   0.1959E-03
 ------------------------------------------------------------------------------


 NSTEP =    45000   TIME(PS) =     110.000  TEMP(K) =   302.78  PRESS =     0.0
 Etot   =    -10925.6348  EKtot   =      1955.4710  EPtot      =    -12881.1058
 BOND   =         6.4688  ANGLE   =        19.4623  DIHED      =        15.6686
 1-4 NB =        10.8906  1-4 EEL =      -593.8421  VDWAALS    =      2424.9801
 EELEC  =    -14771.8687  EHBOND  =         0.0000  RESTRAINT  =         7.1346
 EAMBER (non-restraint)  =    -12888.2403
 EKCMT  =         0.0000  VIRIAL  =         0.0000  VOLUME     =     32059.8675
                                                    Density    =         1.0118
 Ewald error estimate:   0.3636E-03
 ------------------------------------------------------------------------------


 NSTEP =    45500   TIME(PS) =     111.000  TEMP(K) =   298.99  PRESS =     0.0
 Etot   =    -11021.2543  EKtot   =      1931.0161  EPtot      =    -12952.2703
 BOND   =         8.0614  ANGLE   =        15.1051  DIHED      =        11.6788
 1-4 NB =        14.3090  1-4 EEL =      -603.0098  VDWAALS    =      2504.7688
 EELEC  =    -14911.5293  EHBOND  =         0.0000  RESTRAINT  =         8.3456
 EAMBER (non-restraint)  =    -12960.6160
 EKCMT  =         0.0000  VIRIAL  =         0.0000  VOLUME     =     31819.4557
                                                    Density    =         1.0194
 Ewald error estimate:   0.1502E-03
 ------------------------------------------------------------------------------


 NSTEP =    46000   TIME(PS) =     112.000  TEMP(K) =   297.33  PRESS =     0.0
 Etot   =    -10938.4536  EKtot   =      1920.2795  EPtot      =    -12858.7331
 BOND   =        12.1211  ANGLE   =        16.6193  DIHED      =        12.5769
 1-4 NB =        13.2707  1-4 EEL =      -607.2970  VDWAALS    =      2448.2151
 EELEC  =    -14762.1972  EHBOND  =         0.0000  RESTRAINT  =         7.9579
 EAMBER (non-restraint)  =    -12866.6910
 EKCMT  =         0.0000  VIRIAL  =         0.0000  VOLUME     =     31862.2161
                                                    Density    =         1.0180
 Ewald error estimate:   0.5958E-04
 ------------------------------------------------------------------------------


 NSTEP =    46500   TIME(PS) =     113.000  TEMP(K) =   298.22  PRESS =     0.0
 Etot   =    -10942.3831  EKtot   =      1926.0174  EPtot      =    -12868.4005
 BOND   =         3.3680  ANGLE   =        16.6424  DIHED      =        12.1388
 1-4 NB =        12.5670  1-4 EEL =      -601.0829  VDWAALS    =      2367.0573
 EELEC  =    -14688.7763  EHBOND  =         0.0000  RESTRAINT  =         9.6851
 EAMBER (non-restraint)  =    -12878.0856
 EKCMT  =         0.0000  VIRIAL  =         0.0000  VOLUME     =     32081.0275
                                                    Density    =         1.0111
 Ewald error estimate:   0.2480E-03
 ------------------------------------------------------------------------------


 NSTEP =    47000   TIME(PS) =     114.000  TEMP(K) =   295.98  PRESS =     0.0
 Etot   =    -10948.9532  EKtot   =      1911.5783  EPtot      =    -12860.5314
 BOND   =         8.4873  ANGLE   =        16.7002  DIHED      =        14.4683
 1-4 NB =        11.4403  1-4 EEL =      -596.0999  VDWAALS    =      2419.0611
 EELEC  =    -14750.2542  EHBOND  =         0.0000  RESTRAINT  =        15.6655
 EAMBER (non-restraint)  =    -12876.1969
 EKCMT  =         0.0000  VIRIAL  =         0.0000  VOLUME     =     32165.0315
                                                    Density    =         1.0084
 Ewald error estimate:   0.1796E-04
 ------------------------------------------------------------------------------


 NSTEP =    47500   TIME(PS) =     115.000  TEMP(K) =   297.13  PRESS =     0.0
 Etot   =    -10872.3157  EKtot   =      1918.9690  EPtot      =    -12791.2847
 BOND   =         9.6990  ANGLE   =        15.5940  DIHED      =        15.7955
 1-4 NB =        13.5693  1-4 EEL =      -606.7883  VDWAALS    =      2397.9633
 EELEC  =    -14646.6707  EHBOND  =         0.0000  RESTRAINT  =         9.5532
 EAMBER (non-restraint)  =    -12800.8379
 EKCMT  =         0.0000  VIRIAL  =         0.0000  VOLUME     =     32128.4512
                                                    Density    =         1.0096
 Ewald error estimate:   0.3177E-04
 ------------------------------------------------------------------------------


 NSTEP =    48000   TIME(PS) =     116.000  TEMP(K) =   302.91  PRESS =     0.0
 Etot   =    -10904.7858  EKtot   =      1956.3227  EPtot      =    -12861.1086
 BOND   =         8.9442  ANGLE   =        11.8139  DIHED      =        13.4040
 1-4 NB =        11.1023  1-4 EEL =      -607.6565  VDWAALS    =      2425.2198
 EELEC  =    -14731.7311  EHBOND  =         0.0000  RESTRAINT  =         7.7949
 EAMBER (non-restraint)  =    -12868.9034
 EKCMT  =         0.0000  VIRIAL  =         0.0000  VOLUME     =     31928.2127
                                                    Density    =         1.0159
 Ewald error estimate:   0.4638E-04
 ------------------------------------------------------------------------------


 NSTEP =    48500   TIME(PS) =     117.000  TEMP(K) =   293.69  PRESS =     0.0
 Etot   =    -10981.4095  EKtot   =      1896.7657  EPtot      =    -12878.1753
 BOND   =         7.1164  ANGLE   =        12.6406  DIHED      =        12.4364
 1-4 NB =        12.2156  1-4 EEL =      -600.0596  VDWAALS    =      2410.6654
 EELEC  =    -14744.5510  EHBOND  =         0.0000  RESTRAINT  =        11.3609
 EAMBER (non-restraint)  =    -12889.5362
 EKCMT  =         0.0000  VIRIAL  =         0.0000  VOLUME     =     32013.2060
                                                    Density    =         1.0132
 Ewald error estimate:   0.7971E-04
 ------------------------------------------------------------------------------


 NSTEP =    49000   TIME(PS) =     118.000  TEMP(K) =   291.93  PRESS =     0.0
 Etot   =    -11010.6925  EKtot   =      1885.3752  EPtot      =    -12896.0678
 BOND   =         5.5683  ANGLE   =        15.7338  DIHED      =        13.5309
 1-4 NB =        13.9763  1-4 EEL =      -604.7795  VDWAALS    =      2489.5132
 EELEC  =    -14839.9341  EHBOND  =         0.0000  RESTRAINT  =        10.3233
 EAMBER (non-restraint)  =    -12906.3910
 EKCMT  =         0.0000  VIRIAL  =         0.0000  VOLUME     =     31877.5281
                                                    Density    =         1.0175
 Ewald error estimate:   0.1268E-03
 ------------------------------------------------------------------------------


 NSTEP =    49500   TIME(PS) =     119.000  TEMP(K) =   244.76  PRESS =     0.0
 Etot   =    -11349.5941  EKtot   =      1580.7478  EPtot      =    -12930.3419
 BOND   =         8.2333  ANGLE   =        12.1123  DIHED      =        14.3796
 1-4 NB =        11.6097  1-4 EEL =      -603.2058  VDWAALS    =      2571.1265
 EELEC  =    -14954.4999  EHBOND  =         0.0000  RESTRAINT  =         9.9024
 EAMBER (non-restraint)  =    -12940.2443
 EKCMT  =         0.0000  VIRIAL  =         0.0000  VOLUME     =     32027.4492
                                                    Density    =         1.0128
 Ewald error estimate:   0.2454E-03
 ------------------------------------------------------------------------------


 NSTEP =    50000   TIME(PS) =     120.000  TEMP(K) =   286.32  PRESS =     0.0
 Etot   =    -11034.2218  EKtot   =      1849.1305  EPtot      =    -12883.3523
 BOND   =         3.9445  ANGLE   =        14.9315  DIHED      =        14.8327
 1-4 NB =        11.2073  1-4 EEL =      -598.7026  VDWAALS    =      2439.4314
 EELEC  =    -14778.2365  EHBOND  =         0.0000  RESTRAINT  =         9.2394
 EAMBER (non-restraint)  =    -12892.5917
 EKCMT  =         0.0000  VIRIAL  =         0.0000  VOLUME     =     31869.6016
                                                    Density    =         1.0178
 Ewald error estimate:   0.2701E-03
 ------------------------------------------------------------------------------


      A V E R A G E S   O V E R     100 S T E P S


 NSTEP =    50000   TIME(PS) =     120.000  TEMP(K) =   297.21  PRESS =     0.0
 Etot   =    -10927.7874  EKtot   =      1919.4921  EPtot      =    -12847.2795
 BOND   =         7.3326  ANGLE   =        14.6236  DIHED      =        13.4636
 1-4 NB =        12.1734  1-4 EEL =      -600.8043  VDWAALS    =      2463.7171
 EELEC  =    -14767.1118  EHBOND  =         0.0000  RESTRAINT  =         9.3263
 EAMBER (non-restraint)  =    -12856.6058
 EKCMT  =         0.0000  VIRIAL  =         0.0000  VOLUME     =     32272.3478
                                                    Density    =         1.0055
 Ewald error estimate:   0.1676E-03
 ------------------------------------------------------------------------------


      R M S  F L U C T U A T I O N S


 NSTEP =    50000   TIME(PS) =     120.000  TEMP(K) =     7.19  PRESS =     0.0
 Etot   =        79.0434  EKtot   =        46.4394  EPtot      =        59.1692
 BOND   =         2.0130  ANGLE   =         2.4671  DIHED      =         1.5676
 1-4 NB =         1.0710  1-4 EEL =         4.1012  VDWAALS    =        70.7056
 EELEC  =       110.7340  EHBOND  =         0.0000  RESTRAINT  =         2.1759
 EAMBER (non-restraint)  =        56.9932
 EKCMT  =         0.0000  VIRIAL  =         0.0000  VOLUME     =       669.5263
                                                    Density    =         0.0194
 Ewald error estimate:   0.1356E-03
 ------------------------------------------------------------------------------

| MC Barostat:        500 volume changes attempted.
| MC Barostat:        219 changes successful ( 43.80%)
 ------------------------------------------------------------------------------

--------------------------------------------------------------------------------
   5.  TIMINGS
--------------------------------------------------------------------------------

|  NonSetup CPU Time in Major Routines, Average for All Tasks:
|
|     Routine           Sec        %
|     ------------------------------
|     DataDistrib       9.45    9.13
|     Nonbond          88.50   85.57
|     Bond              0.14    0.13
|     Angle             0.16    0.15
|     Dihedral          0.20    0.20
|     Shake             0.60    0.58
|     RunMD             4.18    4.05
|     Other             0.19    0.18
|     ------------------------------
|     Total           103.42

|  PME Nonbond Pairlist CPU Time, Average for All Tasks:
|
|     Routine              Sec        %
|     ---------------------------------
|     Set Up Cit           0.29    0.28
|     Build List          10.42   10.08
|     ---------------------------------
|     Total               10.71   10.36

|  PME Direct Force CPU Time, Average for All Tasks:
|
|     Routine              Sec        %
|     ---------------------------------
|     NonBonded Calc      61.28   59.25
|     Exclude Masked       0.67    0.65
|     Other                2.44    2.36
|     ---------------------------------
|     Total               64.38   62.25

|  PME Reciprocal Force CPU Time, Average for All Tasks:
|
|     Routine              Sec        %
|     ---------------------------------
|     1D bspline           1.11    1.08
|     Grid Charges         1.21    1.17
|     Scalar Sum           1.15    1.11
|     Gradient Sum         2.09    2.02
|     FFT                  7.53    7.28
|     ---------------------------------
|     Total               13.10   12.67

|  PME Load Balancing CPU Time, Average for All Tasks:
|
|     Routine                 Sec        %
|     ------------------------------------
|     Atom Reassign           0.00    0.00
|     Image Reassign          0.01    0.01
|     FFT Reassign            0.00    0.00
|     ------------------------------------
|     Total                   0.01    0.01

|  Final Performance Info:
|     -----------------------------------------------------
|     Average timings for last   20000 steps:
|     Elapsed(s) =      41.63 Per Step(ms) =       2.08
|         ns/day =      83.02   seconds/ns =    1040.66
|
|     Average timings for all steps:
|     Elapsed(s) =     103.49 Per Step(ms) =       2.07
|         ns/day =      83.48   seconds/ns =    1034.93
|     -----------------------------------------------------

|  Master Setup CPU time:            0.03 seconds
|  Master NonSetup CPU time:       103.16 seconds
|  Master Total CPU time:          103.19 seconds     0.03 hours

|  Master Setup wall time:           0    seconds
|  Master NonSetup wall time:      104    seconds
|  Master Total wall time:         104    seconds     0.03 hours
