/ihome/lchong/dty7/bgfs-dty7/ff15ipq-lig/charges/gaff_00/GenConformers/Conf17
Running Conformation 17
removed ‘mdcrd’
mkdir: created directory ‘scratch’
IPolQ >> Sampling solvent charge density.

IPolQ >> Trimming charge cloud from 45360 atoms to 44640.
IPolQ >> Fitting shell charges.

IPolQ >> Shell charge fitting complete.
IPolQ >> Running vacuum phase quantum calculation with orca.
IPolQ >> Running solution phase quantum calculation with orca.
IPolQ >> Quantum and electrostatic potential calculations completed.
============================================================================
                               JOB STATISTICS                              
============================================================================
      SubmitTime: 2022-03-12T23:40:39
         EndTime: 2022-03-14T00:47:12
         RunTime: 06:58:19
           JobId: 5409647
            TRES: cpu=1,mem=8G,node=1
       Partition: smp
        NodeList: smp-n69
         Command: /bgfs/lchong/dty7/ff15ipq-lig/charges/gaff_00/GenConformers/Conf17/conf_17_mdgx_grid_gen.slurm
          StdOut: /bgfs/lchong/dty7/ff15ipq-lig/charges/gaff_00/GenConformers/Conf17/slurm_conf_17.out
More information:
    - `sacct -M smp -j 5409647 -S 2022-03-12T23:40:39 -E 2022-03-14T00:47:12`
   Print control:
    - List of all possible fields: `sacct --helpformat`
    - Add `--format=<field1,field2,etc>` with fields of interest
============================================================================
