
          -------------------------------------------------------
          Amber 18 PMEMD                              2018
          -------------------------------------------------------

| PMEMD implementation of SANDER, Release 18

| Run on 03/23/2022 at 18:31:51

|   Executable path: pmemd.MPI
| Working directory: /bgfs/lchong/dty7/ff15ipq-lig/charges/gaff_02/GenConformers/Conf20
|          Hostname: smp-n123

  [-O]verwriting output

File Assignments:
|   MDIN: ../../../amber/6.2_eq1.in                                             
|  MDOUT: 6.2_eq1.out                                                           
| INPCRD: 6.1_min.rst                                                           
|   PARM: ../../mon.top                                                         
| RESTRT: 6.2_eq1.rst                                                           
|   REFC: 6.1_min.rst                                                           
|  MDVEL: mdvel                                                                 
|   MDEN: mden                                                                  
|  MDCRD: mdcrd                                                                 
| MDINFO: mdinfo                                                                
|LOGFILE: logfile                                                               
|  MDFRC: mdfrc                                                                 

 
 Here is the input file:
 
&cntrl                                                                         
  imin      = 0,                                                               
  irest     = 0,                                                               
  ntx       = 1,                                                               
  ig        = -1,                                                              
  dt        = 0.002,                                                           
  nstlim    = 10000,                                                           
  nscm      = 500,                                                             
  ntr       = 1,                                                               
  restraintmask = ':1',                                                        
  restraint_wt  = 10.0,                                                        
  ntb       = 1,                                                               
  ntp       = 0,                                                               
  ntt       = 3,                                                               
  tempi     = 298.0,                                                           
  temp0     = 298.0,                                                           
  gamma_ln  = 1.0,                                                             
  ntf       = 2,                                                               
  ntc       = 2,                                                               
  cut       = 10.0,                                                            
  ntpr      = 500,                                                             
  ntxo      = 2,                                                               
  ntwr      = 10000,                                                           
  ioutfm    = 1,                                                               
  ntwx      = 500,                                                             
  iwrap     = 1,                                                               
&end                                                                           


Note: ig = -1. Setting random seed to    54055 based on wallclock time in
      microseconds and disabling the synchronization of random numbers 
      between tasks to improve performance.
| irandom = 1, using AMBER's internal random number generator (default).
 
 
| Conditional Compilation Defines Used:
| MPI
| FFTW_FFT
| BINTRAJ
| MKL
| EMIL
 
| Largest sphere to fit in unit cell has radius =    14.827

| New format PARM file being parsed.
| Version =    1.000 Date = 03/23/22 Time = 14:37:26

| Note: 1-4 EEL scale factors are being read from the topology file.

| Note: 1-4 VDW scale factors are being read from the topology file.
| Duplicated    0 dihedrals

| Duplicated    0 dihedrals

--------------------------------------------------------------------------------
   1.  RESOURCE   USE: 
--------------------------------------------------------------------------------

 getting box info from netcdf restart file
 NATOM  =    3240 NTYPES =      13 NBONH =    3220 MBONA  =      21
 NTHETH =      33 MTHETA =      29 NPHIH =      60 MPHIA  =      45
 NHPARM =       0 NPARM  =       0 NNB   =    4456 NRES   =    1069
 NBONA  =      21 NTHETA =      29 NPHIA =      45 NUMBND =      22
 NUMANG =      35 NPTRA  =      18 NATYP =      17 NPHB   =       0
 IFBOX  =       2 NMXRS  =      36 IFCAP =       0 NEXTRA =       0
 NCOPY  =       0

| Coordinate Index Table dimensions:     5    5    5
| Direct force subcell size =     7.2635    7.2635    7.2635

     BOX TYPE: TRUNCATED OCTAHEDRON

--------------------------------------------------------------------------------
   2.  CONTROL  DATA  FOR  THE  RUN
--------------------------------------------------------------------------------

default_name                                                                    

General flags:
     imin    =       0, nmropt  =       0

Nature and format of input:
     ntx     =       1, irest   =       0, ntrx    =       1

Nature and format of output:
     ntxo    =       2, ntpr    =     500, ntrx    =       1, ntwr    =   10000
     iwrap   =       1, ntwx    =     500, ntwv    =       0, ntwe    =       0
     ioutfm  =       1, ntwprt  =       0, idecomp =       0, rbornstat=      0

Potential function:
     ntf     =       2, ntb     =       1, igb     =       0, nsnb    =      25
     ipol    =       0, gbsa    =       0, iesp    =       0
     dielc   =   1.00000, cut     =  10.00000, intdiel =   1.00000

Frozen or restrained atoms:
     ibelly  =       0, ntr     =       1
     restraint_wt =  10.00000

Molecular dynamics:
     nstlim  =     10000, nscm    =         0, nrespa  =         1
     t       =   0.00000, dt      =   0.00200, vlimit  =  20.00000

Langevin dynamics temperature regulation:
     ig      =   54055
     temp0   = 298.00000, tempi   = 298.00000, gamma_ln=   1.00000

SHAKE:
     ntc     =       2, jfastw  =       0
     tol     =   0.00001

| Intermolecular bonds treatment:
|     no_intermolecular_bonds =       1

| Energy averages sample interval:
|     ene_avg_sampling =     500

Ewald parameters:
     verbose =       0, ew_type =       0, nbflag  =       1, use_pme =       1
     vdwmeth =       1, eedmeth =       1, netfrc  =       1
     Box X =   36.318   Box Y =   36.318   Box Z =   36.318
     Alpha =  109.471   Beta  =  109.471   Gamma =  109.471
     NFFT1 =   40       NFFT2 =   40       NFFT3 =   40
     Cutoff=   10.000   Tol   =0.100E-04
     Ewald Coefficient =  0.27511
     Interpolation order =    4

| PMEMD ewald parallel performance parameters:
|     block_fft =    0
|     fft_blk_y_divisor =    2
|     excl_recip =    0
|     excl_master =    0
|     atm_redist_freq =  320

    LOADING THE CONSTRAINED ATOMS AS GROUPS


   5.  REFERENCE ATOM COORDINATES

  default_name                                                                    
     Mask :1; matches    36 atoms

--------------------------------------------------------------------------------
   3.  ATOMIC COORDINATES AND VELOCITIES
--------------------------------------------------------------------------------

default_name                                                                    
 begin time read from input coords =     0.000 ps

 
 Number of triangulated 3-point waters found:     1068

     Sum of charges from parm topology file =  -0.00010118
     Forcing neutrality...

| Dynamic Memory, Types Used:
| Reals             1198019
| Integers           209488

| Nonbonded Pairs Initial Allocation:      317358

| Running AMBER/MPI version on    8 MPI task

 
--------------------------------------------------------------------------------
   4.  RESULTS
--------------------------------------------------------------------------------

 ---------------------------------------------------
 APPROXIMATING switch and d/dx switch using CUBIC SPLINE INTERPOLATION
 using   5000.0 points per unit in tabled values
 TESTING RELATIVE ERROR over r ranging from 0.0 to cutoff
| CHECK switch(x): max rel err =   0.3316E-14   at   2.351880
| CHECK d/dx switch(x): max rel err =   0.8066E-11   at   2.747240
 ---------------------------------------------------
|---------------------------------------------------
| APPROXIMATING direct energy using CUBIC SPLINE INTERPOLATION
|  with   50.0 points per unit in tabled values
| Relative Error Limit not exceeded for r .gt.   2.34
| APPROXIMATING direct force using CUBIC SPLINE INTERPOLATION
|  with   50.0 points per unit in tabled values
| Relative Error Limit not exceeded for r .gt.   2.81
|---------------------------------------------------

 NSTEP =        0   TIME(PS) =       0.000  TEMP(K) =   442.76  PRESS =     0.0
 Etot   =    -14823.7130  EKtot   =      2859.5102  EPtot      =    -17683.2232
 BOND   =         2.0062  ANGLE   =         5.2489  DIHED      =        12.0044
 1-4 NB =        11.5662  1-4 EEL =      -669.3073  VDWAALS    =      3715.3270
 EELEC  =    -20760.0685  EHBOND  =         0.0000  RESTRAINT  =         0.0000
 Ewald error estimate:   0.3927E-06
 ------------------------------------------------------------------------------

wrapping first mol.:       24.21177       34.24061        0.00000

 NSTEP =      500   TIME(PS) =       1.000  TEMP(K) =   237.55  PRESS =     0.0
 Etot   =    -11616.4767  EKtot   =      1534.1657  EPtot      =    -13150.6424
 BOND   =         6.6373  ANGLE   =        11.8637  DIHED      =        13.4283
 1-4 NB =        14.4394  1-4 EEL =      -675.8636  VDWAALS    =      2558.2951
 EELEC  =    -15084.0048  EHBOND  =         0.0000  RESTRAINT  =         4.5623
 EAMBER (non-restraint)  =    -13155.2047
 Ewald error estimate:   0.2620E-06
 ------------------------------------------------------------------------------

wrapping first mol.:       24.21177       34.24061        0.00000

 NSTEP =     1000   TIME(PS) =       2.000  TEMP(K) =   276.67  PRESS =     0.0
 Etot   =    -11105.9924  EKtot   =      1786.8424  EPtot      =    -12892.8348
 BOND   =         8.3054  ANGLE   =        11.4766  DIHED      =        15.1707
 1-4 NB =        12.4740  1-4 EEL =      -665.3875  VDWAALS    =      2511.7714
 EELEC  =    -14796.1941  EHBOND  =         0.0000  RESTRAINT  =         9.5486
 EAMBER (non-restraint)  =    -12902.3834
 Ewald error estimate:   0.2230E-03
 ------------------------------------------------------------------------------

wrapping first mol.:       24.21177       34.24061        0.00000

 NSTEP =     1500   TIME(PS) =       3.000  TEMP(K) =   280.21  PRESS =     0.0
 Etot   =    -10936.2161  EKtot   =      1809.6828  EPtot      =    -12745.8990
 BOND   =        12.4290  ANGLE   =        18.7051  DIHED      =        15.4499
 1-4 NB =        10.9356  1-4 EEL =      -670.8780  VDWAALS    =      2346.5709
 EELEC  =    -14489.6421  EHBOND  =         0.0000  RESTRAINT  =        10.5306
 EAMBER (non-restraint)  =    -12756.4296
 Ewald error estimate:   0.9513E-05
 ------------------------------------------------------------------------------

wrapping first mol.:       24.21177       34.24061        0.00000

 NSTEP =     2000   TIME(PS) =       4.000  TEMP(K) =   288.51  PRESS =     0.0
 Etot   =    -10854.5905  EKtot   =      1863.2873  EPtot      =    -12717.8778
 BOND   =         8.3660  ANGLE   =        13.4876  DIHED      =        15.7696
 1-4 NB =        10.2278  1-4 EEL =      -660.1914  VDWAALS    =      2293.2595
 EELEC  =    -14407.7382  EHBOND  =         0.0000  RESTRAINT  =         8.9412
 EAMBER (non-restraint)  =    -12726.8190
 Ewald error estimate:   0.5544E-04
 ------------------------------------------------------------------------------

wrapping first mol.:       24.21177       34.24061        0.00000

 NSTEP =     2500   TIME(PS) =       5.000  TEMP(K) =   293.95  PRESS =     0.0
 Etot   =    -10818.6929  EKtot   =      1898.4175  EPtot      =    -12717.1104
 BOND   =         6.7621  ANGLE   =        15.1553  DIHED      =        14.2911
 1-4 NB =        12.2692  1-4 EEL =      -669.4282  VDWAALS    =      2288.5165
 EELEC  =    -14394.5797  EHBOND  =         0.0000  RESTRAINT  =         9.9034
 EAMBER (non-restraint)  =    -12727.0138
 Ewald error estimate:   0.2753E-03
 ------------------------------------------------------------------------------

wrapping first mol.:       24.21177       34.24061        0.00000

 NSTEP =     3000   TIME(PS) =       6.000  TEMP(K) =   301.52  PRESS =     0.0
 Etot   =    -10762.2131  EKtot   =      1947.3311  EPtot      =    -12709.5442
 BOND   =         7.0991  ANGLE   =        10.6581  DIHED      =        14.6231
 1-4 NB =        11.9314  1-4 EEL =      -668.2935  VDWAALS    =      2312.5619
 EELEC  =    -14404.4383  EHBOND  =         0.0000  RESTRAINT  =         6.3140
 EAMBER (non-restraint)  =    -12715.8583
 Ewald error estimate:   0.2370E-04
 ------------------------------------------------------------------------------

wrapping first mol.:       24.21177       34.24061        0.00000

 NSTEP =     3500   TIME(PS) =       7.000  TEMP(K) =   296.75  PRESS =     0.0
 Etot   =    -10761.7986  EKtot   =      1916.5188  EPtot      =    -12678.3174
 BOND   =         7.1690  ANGLE   =        15.1305  DIHED      =        13.8238
 1-4 NB =        13.2093  1-4 EEL =      -664.6219  VDWAALS    =      2257.2536
 EELEC  =    -14328.5187  EHBOND  =         0.0000  RESTRAINT  =         8.2370
 EAMBER (non-restraint)  =    -12686.5544
 Ewald error estimate:   0.1558E-03
 ------------------------------------------------------------------------------

wrapping first mol.:       24.21177       34.24061        0.00000

 NSTEP =     4000   TIME(PS) =       8.000  TEMP(K) =   304.64  PRESS =     0.0
 Etot   =    -10696.0854  EKtot   =      1967.4493  EPtot      =    -12663.5347
 BOND   =         9.9580  ANGLE   =        11.9761  DIHED      =        13.3293
 1-4 NB =        11.9213  1-4 EEL =      -670.7569  VDWAALS    =      2281.8767
 EELEC  =    -14327.4043  EHBOND  =         0.0000  RESTRAINT  =         5.5650
 EAMBER (non-restraint)  =    -12669.0998
 Ewald error estimate:   0.8480E-04
 ------------------------------------------------------------------------------

wrapping first mol.:       24.21177       34.24061        0.00000

 NSTEP =     4500   TIME(PS) =       9.000  TEMP(K) =   292.05  PRESS =     0.0
 Etot   =    -10711.0923  EKtot   =      1886.1773  EPtot      =    -12597.2696
 BOND   =         8.5177  ANGLE   =        11.8943  DIHED      =        17.0866
 1-4 NB =        11.5317  1-4 EEL =      -668.5685  VDWAALS    =      2300.9189
 EELEC  =    -14287.5052  EHBOND  =         0.0000  RESTRAINT  =         8.8550
 EAMBER (non-restraint)  =    -12606.1246
 Ewald error estimate:   0.1454E-03
 ------------------------------------------------------------------------------

wrapping first mol.:       24.21177       34.24061        0.00000

 NSTEP =     5000   TIME(PS) =      10.000  TEMP(K) =   287.14  PRESS =     0.0
 Etot   =    -10864.8182  EKtot   =      1854.4639  EPtot      =    -12719.2821
 BOND   =         5.9747  ANGLE   =        10.5159  DIHED      =        13.9918
 1-4 NB =        11.5471  1-4 EEL =      -668.0377  VDWAALS    =      2253.8606
 EELEC  =    -14353.6202  EHBOND  =         0.0000  RESTRAINT  =         6.4856
 EAMBER (non-restraint)  =    -12725.7678
 Ewald error estimate:   0.1250E-03
 ------------------------------------------------------------------------------

wrapping first mol.:       24.21177       34.24061        0.00000

 NSTEP =     5500   TIME(PS) =      11.000  TEMP(K) =   288.11  PRESS =     0.0
 Etot   =    -10832.0335  EKtot   =      1860.7121  EPtot      =    -12692.7456
 BOND   =        10.5867  ANGLE   =        12.2006  DIHED      =        16.5410
 1-4 NB =        11.5980  1-4 EEL =      -674.1207  VDWAALS    =      2407.0076
 EELEC  =    -14484.0743  EHBOND  =         0.0000  RESTRAINT  =         7.5154
 EAMBER (non-restraint)  =    -12700.2610
 Ewald error estimate:   0.2769E-05
 ------------------------------------------------------------------------------

wrapping first mol.:       24.21177       34.24061        0.00000

 NSTEP =     6000   TIME(PS) =      12.000  TEMP(K) =   297.93  PRESS =     0.0
 Etot   =    -10747.1731  EKtot   =      1924.1515  EPtot      =    -12671.3246
 BOND   =         7.6532  ANGLE   =        17.6775  DIHED      =        15.0788
 1-4 NB =        11.8982  1-4 EEL =      -670.5388  VDWAALS    =      2299.9033
 EELEC  =    -14363.1981  EHBOND  =         0.0000  RESTRAINT  =        10.2013
 EAMBER (non-restraint)  =    -12681.5258
 Ewald error estimate:   0.2125E-03
 ------------------------------------------------------------------------------

wrapping first mol.:       24.21177       34.24061        0.00000

 NSTEP =     6500   TIME(PS) =      13.000  TEMP(K) =   289.70  PRESS =     0.0
 Etot   =    -10766.1237  EKtot   =      1870.9736  EPtot      =    -12637.0973
 BOND   =         7.0572  ANGLE   =        14.3685  DIHED      =        14.5221
 1-4 NB =        13.0695  1-4 EEL =      -669.8289  VDWAALS    =      2230.3176
 EELEC  =    -14253.0999  EHBOND  =         0.0000  RESTRAINT  =         6.4967
 EAMBER (non-restraint)  =    -12643.5939
 Ewald error estimate:   0.1064E-04
 ------------------------------------------------------------------------------

wrapping first mol.:       24.21177       34.24061        0.00000

 NSTEP =     7000   TIME(PS) =      14.000  TEMP(K) =   302.00  PRESS =     0.0
 Etot   =    -10677.8346  EKtot   =      1950.4506  EPtot      =    -12628.2852
 BOND   =         9.8325  ANGLE   =        14.1063  DIHED      =        16.8561
 1-4 NB =        12.9762  1-4 EEL =      -673.6694  VDWAALS    =      2248.1798
 EELEC  =    -14261.9115  EHBOND  =         0.0000  RESTRAINT  =         5.3449
 EAMBER (non-restraint)  =    -12633.6300
 Ewald error estimate:   0.2710E-03
 ------------------------------------------------------------------------------

wrapping first mol.:       24.21177       34.24061        0.00000

 NSTEP =     7500   TIME(PS) =      15.000  TEMP(K) =   304.92  PRESS =     0.0
 Etot   =    -10672.4388  EKtot   =      1969.2698  EPtot      =    -12641.7086
 BOND   =         8.0701  ANGLE   =        22.0655  DIHED      =        16.2793
 1-4 NB =        13.5262  1-4 EEL =      -677.6338  VDWAALS    =      2239.6021
 EELEC  =    -14275.4495  EHBOND  =         0.0000  RESTRAINT  =        11.8315
 EAMBER (non-restraint)  =    -12653.5401
 Ewald error estimate:   0.2183E-03
 ------------------------------------------------------------------------------

wrapping first mol.:       24.21177       34.24061        0.00000

 NSTEP =     8000   TIME(PS) =      16.000  TEMP(K) =   295.38  PRESS =     0.0
 Etot   =    -10710.5343  EKtot   =      1907.6462  EPtot      =    -12618.1805
 BOND   =         5.5351  ANGLE   =        18.2115  DIHED      =        16.1000
 1-4 NB =        11.3217  1-4 EEL =      -672.1439  VDWAALS    =      2266.7333
 EELEC  =    -14271.3912  EHBOND  =         0.0000  RESTRAINT  =         7.4530
 EAMBER (non-restraint)  =    -12625.6336
 Ewald error estimate:   0.1856E-05
 ------------------------------------------------------------------------------

wrapping first mol.:       24.21177       34.24061        0.00000

 NSTEP =     8500   TIME(PS) =      17.000  TEMP(K) =   301.98  PRESS =     0.0
 Etot   =    -10681.9325  EKtot   =      1950.2947  EPtot      =    -12632.2271
 BOND   =         7.1433  ANGLE   =        11.9647  DIHED      =        14.4662
 1-4 NB =        11.1573  1-4 EEL =      -661.7697  VDWAALS    =      2262.6583
 EELEC  =    -14286.7152  EHBOND  =         0.0000  RESTRAINT  =         8.8680
 EAMBER (non-restraint)  =    -12641.0952
 Ewald error estimate:   0.4288E-03
 ------------------------------------------------------------------------------

wrapping first mol.:       24.21177       34.24061        0.00000

 NSTEP =     9000   TIME(PS) =      18.000  TEMP(K) =   302.56  PRESS =     0.0
 Etot   =    -10719.3172  EKtot   =      1954.0350  EPtot      =    -12673.3522
 BOND   =         4.6896  ANGLE   =        12.3599  DIHED      =        17.1831
 1-4 NB =        11.6258  1-4 EEL =      -665.3001  VDWAALS    =      2300.3445
 EELEC  =    -14362.2827  EHBOND  =         0.0000  RESTRAINT  =         8.0276
 EAMBER (non-restraint)  =    -12681.3798
 Ewald error estimate:   0.1696E-03
 ------------------------------------------------------------------------------

wrapping first mol.:       24.21177       34.24061        0.00000

 NSTEP =     9500   TIME(PS) =      19.000  TEMP(K) =   302.29  PRESS =     0.0
 Etot   =    -10773.2358  EKtot   =      1952.2698  EPtot      =    -12725.5056
 BOND   =         9.6532  ANGLE   =        18.1218  DIHED      =        12.7335
 1-4 NB =        12.1683  1-4 EEL =      -670.2556  VDWAALS    =      2224.6006
 EELEC  =    -14340.7608  EHBOND  =         0.0000  RESTRAINT  =         8.2335
 EAMBER (non-restraint)  =    -12733.7390
 Ewald error estimate:   0.1566E-03
 ------------------------------------------------------------------------------

wrapping first mol.:       24.21177       34.24061        0.00000
wrapping first mol.:       24.21177       34.24061        0.00000

 NSTEP =    10000   TIME(PS) =      20.000  TEMP(K) =   297.28  PRESS =     0.0
 Etot   =    -10772.4798  EKtot   =      1919.9717  EPtot      =    -12692.4516
 BOND   =        15.5968  ANGLE   =        12.2946  DIHED      =        15.9940
 1-4 NB =        12.0623  1-4 EEL =      -667.7094  VDWAALS    =      2296.7717
 EELEC  =    -14385.8801  EHBOND  =         0.0000  RESTRAINT  =         8.4186
 EAMBER (non-restraint)  =    -12700.8702
 Ewald error estimate:   0.2354E-03
 ------------------------------------------------------------------------------


      A V E R A G E S   O V E R      20 S T E P S


 NSTEP =    10000   TIME(PS) =      20.000  TEMP(K) =   292.06  PRESS =     0.0
 Etot   =    -10824.0540  EKtot   =      1886.2056  EPtot      =    -12710.2595
 BOND   =         8.3518  ANGLE   =        14.2117  DIHED      =        15.1359
 1-4 NB =        12.0945  1-4 EEL =      -669.2499  VDWAALS    =      2309.0502
 EELEC  =    -14407.9204  EHBOND  =         0.0000  RESTRAINT  =         8.0667
 EAMBER (non-restraint)  =    -12718.3262
 Ewald error estimate:   0.1403E-03
 ------------------------------------------------------------------------------


      R M S  F L U C T U A T I O N S


 NSTEP =    10000   TIME(PS) =      20.000  TEMP(K) =    14.71  PRESS =     0.0
 Etot   =       207.6605  EKtot   =        95.0316  EPtot      =       118.2734
 BOND   =         2.4468  ANGLE   =         3.1090  DIHED      =         1.2882
 1-4 NB =         0.9534  1-4 EEL =         4.2941  VDWAALS    =        85.8926
 EELEC  =       194.4218  EHBOND  =         0.0000  RESTRAINT  =         1.8337
 EAMBER (non-restraint)  =       116.4397
 Ewald error estimate:   0.1146E-03
 ------------------------------------------------------------------------------

--------------------------------------------------------------------------------
   5.  TIMINGS
--------------------------------------------------------------------------------

|  NonSetup CPU Time in Major Routines, Average for All Tasks:
|
|     Routine           Sec        %
|     ------------------------------
|     DataDistrib       1.88   10.03
|     Nonbond          15.70   83.97
|     Bond              0.03    0.14
|     Angle             0.03    0.18
|     Dihedral          0.05    0.27
|     Shake             0.12    0.67
|     RunMD             0.86    4.60
|     Other             0.03    0.14
|     ------------------------------
|     Total            18.69

|  PME Nonbond Pairlist CPU Time, Average for All Tasks:
|
|     Routine              Sec        %
|     ---------------------------------
|     Set Up Cit           0.06    0.30
|     Build List           1.90   10.18
|     ---------------------------------
|     Total                1.96   10.48

|  PME Direct Force CPU Time, Average for All Tasks:
|
|     Routine              Sec        %
|     ---------------------------------
|     NonBonded Calc      10.50   56.15
|     Exclude Masked       0.14    0.72
|     Other                0.49    2.64
|     ---------------------------------
|     Total               11.12   59.51

|  PME Reciprocal Force CPU Time, Average for All Tasks:
|
|     Routine              Sec        %
|     ---------------------------------
|     1D bspline           0.22    1.18
|     Grid Charges         0.24    1.29
|     Scalar Sum           0.21    1.11
|     Gradient Sum         0.41    2.20
|     FFT                  1.48    7.90
|     ---------------------------------
|     Total                2.56   13.67

|  PME Load Balancing CPU Time, Average for All Tasks:
|
|     Routine                 Sec        %
|     ------------------------------------
|     Atom Reassign           0.00    0.00
|     Image Reassign          0.00    0.01
|     FFT Reassign            0.00    0.00
|     ------------------------------------
|     Total                   0.00    0.01

|  Final Performance Info:
|     -----------------------------------------------------
|     Average timings for last   10000 steps:
|     Elapsed(s) =      18.87 Per Step(ms) =       1.89
|         ns/day =      91.59   seconds/ns =     943.31
|
|     Average timings for all steps:
|     Elapsed(s) =      18.87 Per Step(ms) =       1.89
|         ns/day =      91.59   seconds/ns =     943.31
|     -----------------------------------------------------

|  Master Setup CPU time:            0.03 seconds
|  Master NonSetup CPU time:        18.64 seconds
|  Master Total CPU time:           18.67 seconds     0.01 hours

|  Master Setup wall time:           0    seconds
|  Master NonSetup wall time:       19    seconds
|  Master Total wall time:          19    seconds     0.01 hours
