
          -------------------------------------------------------
          Amber 18 PMEMD                              2018
          -------------------------------------------------------

| PMEMD implementation of SANDER, Release 18

| Run on 03/14/2022 at 21:13:24

|   Executable path: pmemd.MPI
| Working directory: /bgfs/lchong/dty7/ff15ipq-lig/charges/gaff_01/GenConformers/Conf9
|          Hostname: smp-n123

  [-O]verwriting output

File Assignments:
|   MDIN: ../../../amber/6.2_eq1.in                                             
|  MDOUT: 6.2_eq1.out                                                           
| INPCRD: 6.1_min.rst                                                           
|   PARM: ../../mon.top                                                         
| RESTRT: 6.2_eq1.rst                                                           
|   REFC: 6.1_min.rst                                                           
|  MDVEL: mdvel                                                                 
|   MDEN: mden                                                                  
|  MDCRD: mdcrd                                                                 
| MDINFO: mdinfo                                                                
|LOGFILE: logfile                                                               
|  MDFRC: mdfrc                                                                 

 
 Here is the input file:
 
&cntrl                                                                         
  imin      = 0,                                                               
  irest     = 0,                                                               
  ntx       = 1,                                                               
  ig        = -1,                                                              
  dt        = 0.002,                                                           
  nstlim    = 10000,                                                           
  nscm      = 500,                                                             
  ntr       = 1,                                                               
  restraintmask = ':1',                                                        
  restraint_wt  = 10.0,                                                        
  ntb       = 1,                                                               
  ntp       = 0,                                                               
  ntt       = 3,                                                               
  tempi     = 298.0,                                                           
  temp0     = 298.0,                                                           
  gamma_ln  = 1.0,                                                             
  ntf       = 2,                                                               
  ntc       = 2,                                                               
  cut       = 10.0,                                                            
  ntpr      = 500,                                                             
  ntxo      = 2,                                                               
  ntwr      = 10000,                                                           
  ioutfm    = 1,                                                               
  ntwx      = 500,                                                             
  iwrap     = 1,                                                               
&end                                                                           


Note: ig = -1. Setting random seed to   662302 based on wallclock time in
      microseconds and disabling the synchronization of random numbers 
      between tasks to improve performance.
| irandom = 1, using AMBER's internal random number generator (default).
 
 
| Conditional Compilation Defines Used:
| MPI
| FFTW_FFT
| BINTRAJ
| MKL
| EMIL
 
| Largest sphere to fit in unit cell has radius =    14.846

| New format PARM file being parsed.
| Version =    1.000 Date = 03/14/22 Time = 17:48:27

| Note: 1-4 EEL scale factors are being read from the topology file.

| Note: 1-4 VDW scale factors are being read from the topology file.
| Duplicated    0 dihedrals

| Duplicated    0 dihedrals

--------------------------------------------------------------------------------
   1.  RESOURCE   USE: 
--------------------------------------------------------------------------------

 getting box info from netcdf restart file
 NATOM  =    3240 NTYPES =      13 NBONH =    3220 MBONA  =      21
 NTHETH =      33 MTHETA =      29 NPHIH =      60 MPHIA  =      45
 NHPARM =       0 NPARM  =       0 NNB   =    4456 NRES   =    1069
 NBONA  =      21 NTHETA =      29 NPHIA =      45 NUMBND =      22
 NUMANG =      35 NPTRA  =      18 NATYP =      17 NPHB   =       0
 IFBOX  =       2 NMXRS  =      36 IFCAP =       0 NEXTRA =       0
 NCOPY  =       0

| Coordinate Index Table dimensions:     5    5    5
| Direct force subcell size =     7.2731    7.2731    7.2731

     BOX TYPE: TRUNCATED OCTAHEDRON

--------------------------------------------------------------------------------
   2.  CONTROL  DATA  FOR  THE  RUN
--------------------------------------------------------------------------------

default_name                                                                    

General flags:
     imin    =       0, nmropt  =       0

Nature and format of input:
     ntx     =       1, irest   =       0, ntrx    =       1

Nature and format of output:
     ntxo    =       2, ntpr    =     500, ntrx    =       1, ntwr    =   10000
     iwrap   =       1, ntwx    =     500, ntwv    =       0, ntwe    =       0
     ioutfm  =       1, ntwprt  =       0, idecomp =       0, rbornstat=      0

Potential function:
     ntf     =       2, ntb     =       1, igb     =       0, nsnb    =      25
     ipol    =       0, gbsa    =       0, iesp    =       0
     dielc   =   1.00000, cut     =  10.00000, intdiel =   1.00000

Frozen or restrained atoms:
     ibelly  =       0, ntr     =       1
     restraint_wt =  10.00000

Molecular dynamics:
     nstlim  =     10000, nscm    =         0, nrespa  =         1
     t       =   0.00000, dt      =   0.00200, vlimit  =  20.00000

Langevin dynamics temperature regulation:
     ig      =  662302
     temp0   = 298.00000, tempi   = 298.00000, gamma_ln=   1.00000

SHAKE:
     ntc     =       2, jfastw  =       0
     tol     =   0.00001

| Intermolecular bonds treatment:
|     no_intermolecular_bonds =       1

| Energy averages sample interval:
|     ene_avg_sampling =     500

Ewald parameters:
     verbose =       0, ew_type =       0, nbflag  =       1, use_pme =       1
     vdwmeth =       1, eedmeth =       1, netfrc  =       1
     Box X =   36.365   Box Y =   36.365   Box Z =   36.365
     Alpha =  109.471   Beta  =  109.471   Gamma =  109.471
     NFFT1 =   40       NFFT2 =   40       NFFT3 =   40
     Cutoff=   10.000   Tol   =0.100E-04
     Ewald Coefficient =  0.27511
     Interpolation order =    4

| PMEMD ewald parallel performance parameters:
|     block_fft =    0
|     fft_blk_y_divisor =    2
|     excl_recip =    0
|     excl_master =    0
|     atm_redist_freq =  320

    LOADING THE CONSTRAINED ATOMS AS GROUPS


   5.  REFERENCE ATOM COORDINATES

  default_name                                                                    
     Mask :1; matches    36 atoms

--------------------------------------------------------------------------------
   3.  ATOMIC COORDINATES AND VELOCITIES
--------------------------------------------------------------------------------

default_name                                                                    
 begin time read from input coords =     0.000 ps

 
 Number of triangulated 3-point waters found:     1068

     Sum of charges from parm topology file =  -0.00030117
     Forcing neutrality...

| Dynamic Memory, Types Used:
| Reals             1198019
| Integers           209478

| Nonbonded Pairs Initial Allocation:      317358

| Running AMBER/MPI version on    8 MPI task

 
--------------------------------------------------------------------------------
   4.  RESULTS
--------------------------------------------------------------------------------

 ---------------------------------------------------
 APPROXIMATING switch and d/dx switch using CUBIC SPLINE INTERPOLATION
 using   5000.0 points per unit in tabled values
 TESTING RELATIVE ERROR over r ranging from 0.0 to cutoff
| CHECK switch(x): max rel err =   0.3316E-14   at   2.351880
| CHECK d/dx switch(x): max rel err =   0.8066E-11   at   2.747240
 ---------------------------------------------------
|---------------------------------------------------
| APPROXIMATING direct energy using CUBIC SPLINE INTERPOLATION
|  with   50.0 points per unit in tabled values
| Relative Error Limit not exceeded for r .gt.   2.34
| APPROXIMATING direct force using CUBIC SPLINE INTERPOLATION
|  with   50.0 points per unit in tabled values
| Relative Error Limit not exceeded for r .gt.   2.81
|---------------------------------------------------

 NSTEP =        0   TIME(PS) =       0.000  TEMP(K) =   447.77  PRESS =     0.0
 Etot   =    -14748.3165  EKtot   =      2891.8479  EPtot      =    -17640.1643
 BOND   =         1.0869  ANGLE   =         5.1926  DIHED      =         9.5256
 1-4 NB =        11.4157  1-4 EEL =      -601.1354  VDWAALS    =      3714.7910
 EELEC  =    -20781.0407  EHBOND  =         0.0000  RESTRAINT  =         0.0000
 Ewald error estimate:   0.2050E-03
 ------------------------------------------------------------------------------

wrapping first mol.:      -12.12176      -17.14275       29.69212

 NSTEP =      500   TIME(PS) =       1.000  TEMP(K) =   242.78  PRESS =     0.0
 Etot   =    -11560.2065  EKtot   =      1567.9890  EPtot      =    -13128.1955
 BOND   =         6.5186  ANGLE   =        13.0304  DIHED      =         9.8606
 1-4 NB =        10.5841  1-4 EEL =      -600.7798  VDWAALS    =      2554.5986
 EELEC  =    -15130.6809  EHBOND  =         0.0000  RESTRAINT  =         8.6729
 EAMBER (non-restraint)  =    -13136.8684
 Ewald error estimate:   0.6409E-04
 ------------------------------------------------------------------------------

wrapping first mol.:      -12.12176      -17.14275       29.69212

 NSTEP =     1000   TIME(PS) =       2.000  TEMP(K) =   277.36  PRESS =     0.0
 Etot   =    -11050.5969  EKtot   =      1791.3143  EPtot      =    -12841.9111
 BOND   =         4.3550  ANGLE   =        17.7541  DIHED      =        12.9183
 1-4 NB =        13.1699  1-4 EEL =      -604.2890  VDWAALS    =      2473.8019
 EELEC  =    -14767.0003  EHBOND  =         0.0000  RESTRAINT  =         7.3789
 EAMBER (non-restraint)  =    -12849.2900
 Ewald error estimate:   0.6333E-04
 ------------------------------------------------------------------------------

wrapping first mol.:      -12.12176      -17.14275       29.69212

 NSTEP =     1500   TIME(PS) =       3.000  TEMP(K) =   289.20  PRESS =     0.0
 Etot   =    -10911.4182  EKtot   =      1867.7433  EPtot      =    -12779.1615
 BOND   =         7.7828  ANGLE   =        12.7999  DIHED      =         9.6318
 1-4 NB =        12.7517  1-4 EEL =      -602.0304  VDWAALS    =      2304.7733
 EELEC  =    -14535.5680  EHBOND  =         0.0000  RESTRAINT  =        10.6972
 EAMBER (non-restraint)  =    -12789.8588
 Ewald error estimate:   0.2867E-03
 ------------------------------------------------------------------------------

wrapping first mol.:      -12.12176      -17.14275       29.69212

 NSTEP =     2000   TIME(PS) =       4.000  TEMP(K) =   296.07  PRESS =     0.0
 Etot   =    -10793.5016  EKtot   =      1912.1376  EPtot      =    -12705.6392
 BOND   =         8.1612  ANGLE   =        16.1052  DIHED      =        15.0407
 1-4 NB =        11.2718  1-4 EEL =      -595.7408  VDWAALS    =      2370.0796
 EELEC  =    -14538.4693  EHBOND  =         0.0000  RESTRAINT  =         7.9125
 EAMBER (non-restraint)  =    -12713.5517
 Ewald error estimate:   0.3158E-03
 ------------------------------------------------------------------------------

wrapping first mol.:      -12.12176      -17.14275       29.69212

 NSTEP =     2500   TIME(PS) =       5.000  TEMP(K) =   288.80  PRESS =     0.0
 Etot   =    -10760.8040  EKtot   =      1865.1848  EPtot      =    -12625.9887
 BOND   =         9.8144  ANGLE   =        14.8770  DIHED      =        12.5940
 1-4 NB =        11.9806  1-4 EEL =      -603.5602  VDWAALS    =      2266.1322
 EELEC  =    -14347.2256  EHBOND  =         0.0000  RESTRAINT  =         9.3988
 EAMBER (non-restraint)  =    -12635.3875
 Ewald error estimate:   0.2237E-03
 ------------------------------------------------------------------------------

wrapping first mol.:      -12.12176      -17.14275       29.69212

 NSTEP =     3000   TIME(PS) =       6.000  TEMP(K) =   299.66  PRESS =     0.0
 Etot   =    -10673.2429  EKtot   =      1935.3420  EPtot      =    -12608.5850
 BOND   =         9.2273  ANGLE   =        13.3033  DIHED      =        11.9371
 1-4 NB =        10.4604  1-4 EEL =      -603.0527  VDWAALS    =      2305.6604
 EELEC  =    -14361.9424  EHBOND  =         0.0000  RESTRAINT  =         5.8216
 EAMBER (non-restraint)  =    -12614.4065
 Ewald error estimate:   0.1188E-03
 ------------------------------------------------------------------------------

wrapping first mol.:      -12.12176      -17.14275       29.69212

 NSTEP =     3500   TIME(PS) =       7.000  TEMP(K) =   308.71  PRESS =     0.0
 Etot   =    -10676.7364  EKtot   =      1993.7712  EPtot      =    -12670.5076
 BOND   =         4.0890  ANGLE   =        13.9638  DIHED      =        13.1143
 1-4 NB =        12.2775  1-4 EEL =      -600.5269  VDWAALS    =      2320.0343
 EELEC  =    -14440.0421  EHBOND  =         0.0000  RESTRAINT  =         6.5825
 EAMBER (non-restraint)  =    -12677.0901
 Ewald error estimate:   0.7083E-04
 ------------------------------------------------------------------------------

wrapping first mol.:      -12.12176      -17.14275       29.69212

 NSTEP =     4000   TIME(PS) =       8.000  TEMP(K) =   303.65  PRESS =     0.0
 Etot   =    -10642.9854  EKtot   =      1961.0847  EPtot      =    -12604.0701
 BOND   =         9.1640  ANGLE   =        16.6982  DIHED      =        16.3741
 1-4 NB =        13.5671  1-4 EEL =      -612.4202  VDWAALS    =      2302.6678
 EELEC  =    -14356.9037  EHBOND  =         0.0000  RESTRAINT  =         6.7827
 EAMBER (non-restraint)  =    -12610.8528
 Ewald error estimate:   0.4531E-03
 ------------------------------------------------------------------------------

wrapping first mol.:      -12.12176      -17.14275       29.69212

 NSTEP =     4500   TIME(PS) =       9.000  TEMP(K) =   298.65  PRESS =     0.0
 Etot   =    -10680.1327  EKtot   =      1928.8186  EPtot      =    -12608.9512
 BOND   =         6.2663  ANGLE   =        15.3965  DIHED      =        11.8488
 1-4 NB =        13.8238  1-4 EEL =      -603.3724  VDWAALS    =      2288.0932
 EELEC  =    -14346.5804  EHBOND  =         0.0000  RESTRAINT  =         5.5730
 EAMBER (non-restraint)  =    -12614.5242
 Ewald error estimate:   0.4428E-04
 ------------------------------------------------------------------------------

wrapping first mol.:      -12.12176      -17.14275       29.69212

 NSTEP =     5000   TIME(PS) =      10.000  TEMP(K) =   295.50  PRESS =     0.0
 Etot   =    -10643.7190  EKtot   =      1908.4605  EPtot      =    -12552.1796
 BOND   =         7.3153  ANGLE   =        10.2343  DIHED      =        13.0195
 1-4 NB =        12.0952  1-4 EEL =      -599.8027  VDWAALS    =      2271.6690
 EELEC  =    -14276.6785  EHBOND  =         0.0000  RESTRAINT  =         9.9684
 EAMBER (non-restraint)  =    -12562.1480
 Ewald error estimate:   0.4962E-03
 ------------------------------------------------------------------------------

wrapping first mol.:      -12.12176      -17.14275       29.69212

 NSTEP =     5500   TIME(PS) =      11.000  TEMP(K) =   294.90  PRESS =     0.0
 Etot   =    -10657.5772  EKtot   =      1904.6013  EPtot      =    -12562.1785
 BOND   =         6.0013  ANGLE   =        15.1337  DIHED      =        10.2346
 1-4 NB =        11.8791  1-4 EEL =      -599.7952  VDWAALS    =      2296.9824
 EELEC  =    -14308.6924  EHBOND  =         0.0000  RESTRAINT  =         6.0781
 EAMBER (non-restraint)  =    -12568.2566
 Ewald error estimate:   0.1078E-03
 ------------------------------------------------------------------------------

wrapping first mol.:      -12.12176      -17.14275       29.69212

 NSTEP =     6000   TIME(PS) =      12.000  TEMP(K) =   295.77  PRESS =     0.0
 Etot   =    -10672.4972  EKtot   =      1910.1689  EPtot      =    -12582.6661
 BOND   =        12.7903  ANGLE   =        10.5593  DIHED      =        11.7779
 1-4 NB =        11.5017  1-4 EEL =      -604.0600  VDWAALS    =      2249.8616
 EELEC  =    -14280.5193  EHBOND  =         0.0000  RESTRAINT  =         5.4225
 EAMBER (non-restraint)  =    -12588.0886
 Ewald error estimate:   0.1414E-03
 ------------------------------------------------------------------------------

wrapping first mol.:      -12.12176      -17.14275       29.69212

 NSTEP =     6500   TIME(PS) =      13.000  TEMP(K) =   302.59  PRESS =     0.0
 Etot   =    -10638.8431  EKtot   =      1954.2599  EPtot      =    -12593.1030
 BOND   =         5.4489  ANGLE   =        20.0262  DIHED      =        11.7560
 1-4 NB =        12.8351  1-4 EEL =      -600.9793  VDWAALS    =      2362.4812
 EELEC  =    -14416.1367  EHBOND  =         0.0000  RESTRAINT  =        11.4657
 EAMBER (non-restraint)  =    -12604.5687
 Ewald error estimate:   0.3525E-03
 ------------------------------------------------------------------------------

wrapping first mol.:      -12.12176      -17.14275       29.69212

 NSTEP =     7000   TIME(PS) =      14.000  TEMP(K) =   308.17  PRESS =     0.0
 Etot   =    -10592.7898  EKtot   =      1990.2473  EPtot      =    -12583.0371
 BOND   =         6.1461  ANGLE   =        17.4701  DIHED      =         8.8960
 1-4 NB =        10.5288  1-4 EEL =      -598.8445  VDWAALS    =      2249.4220
 EELEC  =    -14283.0263  EHBOND  =         0.0000  RESTRAINT  =         6.3706
 EAMBER (non-restraint)  =    -12589.4077
 Ewald error estimate:   0.1491E-03
 ------------------------------------------------------------------------------

wrapping first mol.:      -12.12176      -17.14275       29.69212

 NSTEP =     7500   TIME(PS) =      15.000  TEMP(K) =   289.55  PRESS =     0.0
 Etot   =    -10625.8969  EKtot   =      1869.9943  EPtot      =    -12495.8911
 BOND   =         6.3841  ANGLE   =        11.6969  DIHED      =        13.7084
 1-4 NB =        10.7223  1-4 EEL =      -598.3815  VDWAALS    =      2361.7067
 EELEC  =    -14309.8470  EHBOND  =         0.0000  RESTRAINT  =         8.1191
 EAMBER (non-restraint)  =    -12504.0102
 Ewald error estimate:   0.1831E-03
 ------------------------------------------------------------------------------

wrapping first mol.:      -12.12176      -17.14275       29.69212

 NSTEP =     8000   TIME(PS) =      16.000  TEMP(K) =   298.14  PRESS =     0.0
 Etot   =    -10578.6447  EKtot   =      1925.4938  EPtot      =    -12504.1385
 BOND   =         5.9075  ANGLE   =        19.0042  DIHED      =        12.3957
 1-4 NB =        12.7772  1-4 EEL =      -600.1585  VDWAALS    =      2283.3373
 EELEC  =    -14246.3045  EHBOND  =         0.0000  RESTRAINT  =         8.9026
 EAMBER (non-restraint)  =    -12513.0410
 Ewald error estimate:   0.3849E-04
 ------------------------------------------------------------------------------

wrapping first mol.:      -12.12176      -17.14275       29.69212

 NSTEP =     8500   TIME(PS) =      17.000  TEMP(K) =   298.18  PRESS =     0.0
 Etot   =    -10566.9283  EKtot   =      1925.7304  EPtot      =    -12492.6587
 BOND   =        10.5500  ANGLE   =        12.3554  DIHED      =         9.9890
 1-4 NB =        12.0739  1-4 EEL =      -603.8029  VDWAALS    =      2272.6636
 EELEC  =    -14214.6585  EHBOND  =         0.0000  RESTRAINT  =         8.1710
 EAMBER (non-restraint)  =    -12500.8296
 Ewald error estimate:   0.5611E-04
 ------------------------------------------------------------------------------

wrapping first mol.:      -12.12176      -17.14275       29.69212

 NSTEP =     9000   TIME(PS) =      18.000  TEMP(K) =   288.89  PRESS =     0.0
 Etot   =    -10676.5455  EKtot   =      1865.7728  EPtot      =    -12542.3183
 BOND   =        11.6024  ANGLE   =        14.6487  DIHED      =        14.4655
 1-4 NB =        11.9865  1-4 EEL =      -607.5065  VDWAALS    =      2316.3567
 EELEC  =    -14310.5386  EHBOND  =         0.0000  RESTRAINT  =         6.6671
 EAMBER (non-restraint)  =    -12548.9854
 Ewald error estimate:   0.3878E-04
 ------------------------------------------------------------------------------

wrapping first mol.:      -12.12176      -17.14275       29.69212

 NSTEP =     9500   TIME(PS) =      19.000  TEMP(K) =   303.46  PRESS =     0.0
 Etot   =    -10574.4476  EKtot   =      1959.8806  EPtot      =    -12534.3282
 BOND   =         9.2956  ANGLE   =        10.6571  DIHED      =        11.3430
 1-4 NB =        12.0112  1-4 EEL =      -604.2996  VDWAALS    =      2309.8782
 EELEC  =    -14289.4587  EHBOND  =         0.0000  RESTRAINT  =         6.2450
 EAMBER (non-restraint)  =    -12540.5731
 Ewald error estimate:   0.6212E-03
 ------------------------------------------------------------------------------

wrapping first mol.:      -12.12176      -17.14275       29.69212
wrapping first mol.:      -12.12176      -17.14275       29.69212

 NSTEP =    10000   TIME(PS) =      20.000  TEMP(K) =   301.75  PRESS =     0.0
 Etot   =    -10542.4285  EKtot   =      1948.8459  EPtot      =    -12491.2743
 BOND   =         7.1945  ANGLE   =        17.0696  DIHED      =        11.1477
 1-4 NB =        12.8283  1-4 EEL =      -605.6843  VDWAALS    =      2171.0370
 EELEC  =    -14112.8307  EHBOND  =         0.0000  RESTRAINT  =         7.9635
 EAMBER (non-restraint)  =    -12499.2378
 Ewald error estimate:   0.8464E-04
 ------------------------------------------------------------------------------


      A V E R A G E S   O V E R      20 S T E P S


 NSTEP =    10000   TIME(PS) =      20.000  TEMP(K) =   294.09  PRESS =     0.0
 Etot   =    -10725.9971  EKtot   =      1899.3421  EPtot      =    -12625.3392
 BOND   =         7.7007  ANGLE   =        14.6392  DIHED      =        12.1026
 1-4 NB =        12.0563  1-4 EEL =      -602.4544  VDWAALS    =      2316.5618
 EELEC  =    -14393.6552  EHBOND  =         0.0000  RESTRAINT  =         7.7097
 EAMBER (non-restraint)  =    -12633.0488
 Ewald error estimate:   0.1955E-03
 ------------------------------------------------------------------------------


      R M S  F L U C T U A T I O N S


 NSTEP =    10000   TIME(PS) =      20.000  TEMP(K) =    13.84  PRESS =     0.0
 Etot   =       224.8803  EKtot   =        89.3531  EPtot      =       146.4770
 BOND   =         2.2844  ANGLE   =         2.7654  DIHED      =         1.8584
 1-4 NB =         0.9669  1-4 EEL =         3.5483  VDWAALS    =        79.9443
 EELEC  =       216.3832  EHBOND  =         0.0000  RESTRAINT  =         1.6899
 EAMBER (non-restraint)  =       144.7871
 Ewald error estimate:   0.1672E-03
 ------------------------------------------------------------------------------

--------------------------------------------------------------------------------
   5.  TIMINGS
--------------------------------------------------------------------------------

|  NonSetup CPU Time in Major Routines, Average for All Tasks:
|
|     Routine           Sec        %
|     ------------------------------
|     DataDistrib       1.88   10.04
|     Nonbond          15.75   83.96
|     Bond              0.03    0.15
|     Angle             0.03    0.18
|     Dihedral          0.05    0.26
|     Shake             0.13    0.67
|     RunMD             0.86    4.60
|     Other             0.03    0.14
|     ------------------------------
|     Total            18.76

|  PME Nonbond Pairlist CPU Time, Average for All Tasks:
|
|     Routine              Sec        %
|     ---------------------------------
|     Set Up Cit           0.06    0.30
|     Build List           1.94   10.33
|     ---------------------------------
|     Total                2.00   10.63

|  PME Direct Force CPU Time, Average for All Tasks:
|
|     Routine              Sec        %
|     ---------------------------------
|     NonBonded Calc      10.49   55.91
|     Exclude Masked       0.13    0.72
|     Other                0.48    2.58
|     ---------------------------------
|     Total               11.11   59.21

|  PME Reciprocal Force CPU Time, Average for All Tasks:
|
|     Routine              Sec        %
|     ---------------------------------
|     1D bspline           0.22    1.18
|     Grid Charges         0.24    1.29
|     Scalar Sum           0.21    1.13
|     Gradient Sum         0.42    2.24
|     FFT                  1.50    7.98
|     ---------------------------------
|     Total                2.59   13.80

|  PME Load Balancing CPU Time, Average for All Tasks:
|
|     Routine                 Sec        %
|     ------------------------------------
|     Atom Reassign           0.00    0.00
|     Image Reassign          0.00    0.01
|     FFT Reassign            0.00    0.00
|     ------------------------------------
|     Total                   0.00    0.01

|  Final Performance Info:
|     -----------------------------------------------------
|     Average timings for last   10000 steps:
|     Elapsed(s) =      18.77 Per Step(ms) =       1.88
|         ns/day =      92.05   seconds/ns =     938.66
|
|     Average timings for all steps:
|     Elapsed(s) =      18.77 Per Step(ms) =       1.88
|         ns/day =      92.05   seconds/ns =     938.66
|     -----------------------------------------------------

|  Master Setup CPU time:            0.03 seconds
|  Master NonSetup CPU time:        18.75 seconds
|  Master Total CPU time:           18.78 seconds     0.01 hours

|  Master Setup wall time:           0    seconds
|  Master NonSetup wall time:       18    seconds
|  Master Total wall time:          18    seconds     0.01 hours
