
          -------------------------------------------------------
          Amber 18 PMEMD                              2018
          -------------------------------------------------------

| PMEMD implementation of SANDER, Release 18

| Run on 03/23/2022 at 18:02:18

|   Executable path: pmemd.MPI
| Working directory: /bgfs/lchong/dty7/ff15ipq-lig/charges/gaff_02/GenConformers/Conf8
|          Hostname: smp-n123

  [-O]verwriting output

File Assignments:
|   MDIN: ../../../amber/6.3_eq2.in                                             
|  MDOUT: 6.3_eq2.out                                                           
| INPCRD: 6.2_eq1.rst                                                           
|   PARM: ../../mon.top                                                         
| RESTRT: 6.3_eq2.rst                                                           
|   REFC: 6.2_eq1.rst                                                           
|  MDVEL: mdvel                                                                 
|   MDEN: mden                                                                  
|  MDCRD: mdcrd                                                                 
| MDINFO: mdinfo                                                                
|LOGFILE: logfile                                                               
|  MDFRC: mdfrc                                                                 

 
 Here is the input file:
 
&cntrl                                                                         
  imin      = 0,                                                               
  irest     = 1,                                                               
  ntx       = 5,                                                               
  ig        = -1,                                                              
  dt        = 0.002,                                                           
  nstlim    = 50000,                                                           
  nscm      = 500,                                                             
  ntr       = 1,                                                               
  restraintmask = ':1',                                                        
  restraint_wt  = 10.0,                                                        
  ntb       = 2,                                                               
  ntp       = 1,                                                               
  barostat  = 2,                                                               
  pres0     = 1.0,                                                             
  mcbarint  = 100,                                                             
  comp      = 44.6,                                                            
  taup      = 1.0,                                                             
  ntt       = 3,                                                               
  temp0     = 298.0,                                                           
  gamma_ln  = 1.0,                                                             
  ntf       = 2,                                                               
  ntc       = 2,                                                               
  cut       = 10.0,                                                            
  ntpr      = 500,                                                             
  ntxo      = 1,                                                               
  ntwr      = 50000,                                                           
  ioutfm    = 1,                                                               
  ntwx      = 500,                                                             
  iwrap     = 1,                                                               
&end                                                                           


Note: ig = -1. Setting random seed to   574786 based on wallclock time in
      microseconds and disabling the synchronization of random numbers 
      between tasks to improve performance.
| irandom = 1, using AMBER's internal random number generator (default).
 
 
| Conditional Compilation Defines Used:
| MPI
| FFTW_FFT
| BINTRAJ
| MKL
| EMIL
 
| Largest sphere to fit in unit cell has radius =    14.702

| New format PARM file being parsed.
| Version =    1.000 Date = 03/23/22 Time = 14:37:26

| Note: 1-4 EEL scale factors are being read from the topology file.

| Note: 1-4 VDW scale factors are being read from the topology file.
| Duplicated    0 dihedrals

| Duplicated    0 dihedrals

--------------------------------------------------------------------------------
   1.  RESOURCE   USE: 
--------------------------------------------------------------------------------

 getting box info from netcdf restart file
 NATOM  =    3240 NTYPES =      13 NBONH =    3220 MBONA  =      21
 NTHETH =      33 MTHETA =      29 NPHIH =      60 MPHIA  =      45
 NHPARM =       0 NPARM  =       0 NNB   =    4456 NRES   =    1069
 NBONA  =      21 NTHETA =      29 NPHIA =      45 NUMBND =      22
 NUMANG =      35 NPTRA  =      18 NATYP =      17 NPHB   =       0
 IFBOX  =       2 NMXRS  =      36 IFCAP =       0 NEXTRA =       0
 NCOPY  =       0

| Coordinate Index Table dimensions:     5    5    5
| Direct force subcell size =     7.2026    7.2026    7.2026

     BOX TYPE: TRUNCATED OCTAHEDRON

--------------------------------------------------------------------------------
   2.  CONTROL  DATA  FOR  THE  RUN
--------------------------------------------------------------------------------

default_name                                                                    

General flags:
     imin    =       0, nmropt  =       0

Nature and format of input:
     ntx     =       5, irest   =       1, ntrx    =       1

Nature and format of output:
     ntxo    =       1, ntpr    =     500, ntrx    =       1, ntwr    =   50000
     iwrap   =       1, ntwx    =     500, ntwv    =       0, ntwe    =       0
     ioutfm  =       1, ntwprt  =       0, idecomp =       0, rbornstat=      0

Potential function:
     ntf     =       2, ntb     =       2, igb     =       0, nsnb    =      25
     ipol    =       0, gbsa    =       0, iesp    =       0
     dielc   =   1.00000, cut     =  10.00000, intdiel =   1.00000

Frozen or restrained atoms:
     ibelly  =       0, ntr     =       1
     restraint_wt =  10.00000

Molecular dynamics:
     nstlim  =     50000, nscm    =         0, nrespa  =         1
     t       =   0.00000, dt      =   0.00200, vlimit  =  20.00000

Langevin dynamics temperature regulation:
     ig      =  574786
     temp0   = 298.00000, tempi   =   0.00000, gamma_ln=   1.00000

Pressure regulation:
     ntp     =       1
     pres0   =   1.00000, comp    =  44.60000, taup    =   1.00000
     Monte-Carlo Barostat:
     mcbarint  =     100

SHAKE:
     ntc     =       2, jfastw  =       0
     tol     =   0.00001

| Intermolecular bonds treatment:
|     no_intermolecular_bonds =       1

| Energy averages sample interval:
|     ene_avg_sampling =     500

Ewald parameters:
     verbose =       0, ew_type =       0, nbflag  =       1, use_pme =       1
     vdwmeth =       1, eedmeth =       1, netfrc  =       1
     Box X =   36.013   Box Y =   36.013   Box Z =   36.013
     Alpha =  109.471   Beta  =  109.471   Gamma =  109.471
     NFFT1 =   40       NFFT2 =   40       NFFT3 =   40
     Cutoff=   10.000   Tol   =0.100E-04
     Ewald Coefficient =  0.27511
     Interpolation order =    4

| PMEMD ewald parallel performance parameters:
|     block_fft =    0
|     fft_blk_y_divisor =    2
|     excl_recip =    0
|     excl_master =    0
|     atm_redist_freq =  320

    LOADING THE CONSTRAINED ATOMS AS GROUPS


   5.  REFERENCE ATOM COORDINATES

  default_name                                                                    
     Mask :1; matches    36 atoms
| MONTE CARLO BAROSTAT IMPORTANT NOTE:
|   The Monte-Carlo barostat does not require the virial to adjust the system volume.
|   Since it is an expensive calculation, it is skipped for efficiency. A side-effect
|   is that the reported pressure is always 0 because it is not calculated.

--------------------------------------------------------------------------------
   3.  ATOMIC COORDINATES AND VELOCITIES
--------------------------------------------------------------------------------

default_name                                                                    
 begin time read from input coords =    20.000 ps

 
 Number of triangulated 3-point waters found:     1068

     Sum of charges from parm topology file =  -0.00010118
     Forcing neutrality...

| Dynamic Memory, Types Used:
| Reals             1243214
| Integers           213778

| Nonbonded Pairs Initial Allocation:      317358

| Running AMBER/MPI version on    8 MPI task

 
--------------------------------------------------------------------------------
   4.  RESULTS
--------------------------------------------------------------------------------

 ---------------------------------------------------
 APPROXIMATING switch and d/dx switch using CUBIC SPLINE INTERPOLATION
 using   5000.0 points per unit in tabled values
 TESTING RELATIVE ERROR over r ranging from 0.0 to cutoff
| CHECK switch(x): max rel err =   0.3316E-14   at   2.351880
| CHECK d/dx switch(x): max rel err =   0.8066E-11   at   2.747240
 ---------------------------------------------------
|---------------------------------------------------
| APPROXIMATING direct energy using CUBIC SPLINE INTERPOLATION
|  with   50.0 points per unit in tabled values
| Relative Error Limit not exceeded for r .gt.   2.34
| APPROXIMATING direct force using CUBIC SPLINE INTERPOLATION
|  with   50.0 points per unit in tabled values
| Relative Error Limit not exceeded for r .gt.   2.81
|---------------------------------------------------

 NSTEP =      500   TIME(PS) =      21.000  TEMP(K) =   294.35  PRESS =     0.0
 Etot   =    -10878.3603  EKtot   =      1901.0215  EPtot      =    -12779.3818
 BOND   =         5.0955  ANGLE   =        14.7281  DIHED      =        10.4193
 1-4 NB =        12.7377  1-4 EEL =      -668.4854  VDWAALS    =      2488.9905
 EELEC  =    -14649.2319  EHBOND  =         0.0000  RESTRAINT  =         6.3644
 EAMBER (non-restraint)  =    -12785.7462
 EKCMT  =         0.0000  VIRIAL  =         0.0000  VOLUME     =     35153.6637
                                                    Density    =         0.9227
 Ewald error estimate:   0.1790E-03
 ------------------------------------------------------------------------------


 NSTEP =     1000   TIME(PS) =      22.000  TEMP(K) =   300.76  PRESS =     0.0
 Etot   =    -10859.5601  EKtot   =      1942.4158  EPtot      =    -12801.9759
 BOND   =         5.8030  ANGLE   =        12.0357  DIHED      =        10.9975
 1-4 NB =        12.1088  1-4 EEL =      -666.2497  VDWAALS    =      2383.8687
 EELEC  =    -14567.4172  EHBOND  =         0.0000  RESTRAINT  =         6.8773
 EAMBER (non-restraint)  =    -12808.8532
 EKCMT  =         0.0000  VIRIAL  =         0.0000  VOLUME     =     35101.6225
                                                    Density    =         0.9241
 Ewald error estimate:   0.6113E-03
 ------------------------------------------------------------------------------


 NSTEP =     1500   TIME(PS) =      23.000  TEMP(K) =   298.33  PRESS =     0.0
 Etot   =    -10815.1140  EKtot   =      1926.7567  EPtot      =    -12741.8707
 BOND   =        12.5491  ANGLE   =        15.8930  DIHED      =        13.8729
 1-4 NB =        14.9509  1-4 EEL =      -677.6933  VDWAALS    =      2415.5486
 EELEC  =    -14546.1274  EHBOND  =         0.0000  RESTRAINT  =         9.1356
 EAMBER (non-restraint)  =    -12751.0063
 EKCMT  =         0.0000  VIRIAL  =         0.0000  VOLUME     =     34921.6423
                                                    Density    =         0.9288
 Ewald error estimate:   0.1949E-03
 ------------------------------------------------------------------------------


 NSTEP =     2000   TIME(PS) =      24.000  TEMP(K) =   301.70  PRESS =     0.0
 Etot   =    -10776.5617  EKtot   =      1948.5183  EPtot      =    -12725.0800
 BOND   =         7.1957  ANGLE   =        18.8365  DIHED      =        12.0213
 1-4 NB =        12.4240  1-4 EEL =      -665.8711  VDWAALS    =      2471.9330
 EELEC  =    -14590.0370  EHBOND  =         0.0000  RESTRAINT  =         8.4177
 EAMBER (non-restraint)  =    -12733.4977
 EKCMT  =         0.0000  VIRIAL  =         0.0000  VOLUME     =     34608.2340
                                                    Density    =         0.9373
 Ewald error estimate:   0.1841E-03
 ------------------------------------------------------------------------------


 NSTEP =     2500   TIME(PS) =      25.000  TEMP(K) =   302.66  PRESS =     0.0
 Etot   =    -10747.1465  EKtot   =      1954.6703  EPtot      =    -12701.8168
 BOND   =         8.8425  ANGLE   =        12.9620  DIHED      =        13.3879
 1-4 NB =        13.5238  1-4 EEL =      -666.4000  VDWAALS    =      2362.5708
 EELEC  =    -14453.7804  EHBOND  =         0.0000  RESTRAINT  =         7.0767
 EAMBER (non-restraint)  =    -12708.8935
 EKCMT  =         0.0000  VIRIAL  =         0.0000  VOLUME     =     34304.1271
                                                    Density    =         0.9456
 Ewald error estimate:   0.3917E-03
 ------------------------------------------------------------------------------


 NSTEP =     3000   TIME(PS) =      26.000  TEMP(K) =   297.41  PRESS =     0.0
 Etot   =    -10888.9792  EKtot   =      1920.7962  EPtot      =    -12809.7754
 BOND   =        12.1549  ANGLE   =        14.7398  DIHED      =        11.3221
 1-4 NB =        13.9747  1-4 EEL =      -676.7351  VDWAALS    =      2460.0644
 EELEC  =    -14653.4355  EHBOND  =         0.0000  RESTRAINT  =         8.1393
 EAMBER (non-restraint)  =    -12817.9147
 EKCMT  =         0.0000  VIRIAL  =         0.0000  VOLUME     =     33922.3301
                                                    Density    =         0.9562
 Ewald error estimate:   0.9464E-04
 ------------------------------------------------------------------------------


 NSTEP =     3500   TIME(PS) =      27.000  TEMP(K) =   294.61  PRESS =     0.0
 Etot   =    -10993.3621  EKtot   =      1902.6849  EPtot      =    -12896.0470
 BOND   =         4.7741  ANGLE   =        17.1616  DIHED      =        13.3379
 1-4 NB =        13.2152  1-4 EEL =      -669.7605  VDWAALS    =      2490.3183
 EELEC  =    -14774.3385  EHBOND  =         0.0000  RESTRAINT  =         9.2449
 EAMBER (non-restraint)  =    -12905.2919
 EKCMT  =         0.0000  VIRIAL  =         0.0000  VOLUME     =     33166.4836
                                                    Density    =         0.9780
 Ewald error estimate:   0.2043E-04
 ------------------------------------------------------------------------------


 NSTEP =     4000   TIME(PS) =      28.000  TEMP(K) =   298.78  PRESS =     0.0
 Etot   =    -10981.4930  EKtot   =      1929.6469  EPtot      =    -12911.1399
 BOND   =         7.6658  ANGLE   =        16.8924  DIHED      =        10.7038
 1-4 NB =        13.2305  1-4 EEL =      -676.1996  VDWAALS    =      2633.9128
 EELEC  =    -14929.0379  EHBOND  =         0.0000  RESTRAINT  =        11.6924
 EAMBER (non-restraint)  =    -12922.8323
 EKCMT  =         0.0000  VIRIAL  =         0.0000  VOLUME     =     32860.6717
                                                    Density    =         0.9871
 Ewald error estimate:   0.1403E-03
 ------------------------------------------------------------------------------


 NSTEP =     4500   TIME(PS) =      29.000  TEMP(K) =   297.33  PRESS =     0.0
 Etot   =    -11026.8045  EKtot   =      1920.2460  EPtot      =    -12947.0505
 BOND   =        10.1153  ANGLE   =        15.2681  DIHED      =        12.8643
 1-4 NB =        12.4072  1-4 EEL =      -672.3027  VDWAALS    =      2489.4600
 EELEC  =    -14825.2398  EHBOND  =         0.0000  RESTRAINT  =        10.3773
 EAMBER (non-restraint)  =    -12957.4277
 EKCMT  =         0.0000  VIRIAL  =         0.0000  VOLUME     =     32590.3081
                                                    Density    =         0.9953
 Ewald error estimate:   0.1425E-03
 ------------------------------------------------------------------------------


 NSTEP =     5000   TIME(PS) =      30.000  TEMP(K) =   294.58  PRESS =     0.0
 Etot   =    -11079.8737  EKtot   =      1902.5158  EPtot      =    -12982.3896
 BOND   =         7.2988  ANGLE   =        14.0556  DIHED      =        12.5252
 1-4 NB =        12.4254  1-4 EEL =      -674.9543  VDWAALS    =      2413.3892
 EELEC  =    -14776.6711  EHBOND  =         0.0000  RESTRAINT  =         9.5417
 EAMBER (non-restraint)  =    -12991.9313
 EKCMT  =         0.0000  VIRIAL  =         0.0000  VOLUME     =     32439.9459
                                                    Density    =         0.9999
 Ewald error estimate:   0.4127E-03
 ------------------------------------------------------------------------------


 NSTEP =     5500   TIME(PS) =      31.000  TEMP(K) =   298.14  PRESS =     0.0
 Etot   =    -11039.8587  EKtot   =      1925.5075  EPtot      =    -12965.3662
 BOND   =         8.6961  ANGLE   =        15.7864  DIHED      =        12.1187
 1-4 NB =        13.3731  1-4 EEL =      -672.6872  VDWAALS    =      2450.1823
 EELEC  =    -14801.2040  EHBOND  =         0.0000  RESTRAINT  =         8.3683
 EAMBER (non-restraint)  =    -12973.7345
 EKCMT  =         0.0000  VIRIAL  =         0.0000  VOLUME     =     32339.3164
                                                    Density    =         1.0030
 Ewald error estimate:   0.1184E-03
 ------------------------------------------------------------------------------


 NSTEP =     6000   TIME(PS) =      32.000  TEMP(K) =   305.59  PRESS =     0.0
 Etot   =    -11005.6574  EKtot   =      1973.6324  EPtot      =    -12979.2898
 BOND   =         8.4286  ANGLE   =        19.4157  DIHED      =        12.2578
 1-4 NB =        16.2055  1-4 EEL =      -674.9854  VDWAALS    =      2459.8251
 EELEC  =    -14830.0770  EHBOND  =         0.0000  RESTRAINT  =         9.6400
 EAMBER (non-restraint)  =    -12988.9298
 EKCMT  =         0.0000  VIRIAL  =         0.0000  VOLUME     =     32283.1896
                                                    Density    =         1.0048
 Ewald error estimate:   0.2353E-03
 ------------------------------------------------------------------------------


 NSTEP =     6500   TIME(PS) =      33.000  TEMP(K) =   300.95  PRESS =     0.0
 Etot   =    -11049.5543  EKtot   =      1943.6379  EPtot      =    -12993.1922
 BOND   =         3.6799  ANGLE   =        14.6192  DIHED      =        14.2601
 1-4 NB =        11.8321  1-4 EEL =      -668.6722  VDWAALS    =      2537.5922
 EELEC  =    -14915.9187  EHBOND  =         0.0000  RESTRAINT  =         9.4152
 EAMBER (non-restraint)  =    -13002.6074
 EKCMT  =         0.0000  VIRIAL  =         0.0000  VOLUME     =     32191.6932
                                                    Density    =         1.0076
 Ewald error estimate:   0.6009E-04
 ------------------------------------------------------------------------------


 NSTEP =     7000   TIME(PS) =      34.000  TEMP(K) =   292.41  PRESS =     0.0
 Etot   =    -11026.9206  EKtot   =      1888.5181  EPtot      =    -12915.4387
 BOND   =        10.6179  ANGLE   =        11.5180  DIHED      =        14.9080
 1-4 NB =        13.1792  1-4 EEL =      -671.7592  VDWAALS    =      2418.5917
 EELEC  =    -14721.6897  EHBOND  =         0.0000  RESTRAINT  =         9.1954
 EAMBER (non-restraint)  =    -12924.6341
 EKCMT  =         0.0000  VIRIAL  =         0.0000  VOLUME     =     32379.1135
                                                    Density    =         1.0018
 Ewald error estimate:   0.2407E-03
 ------------------------------------------------------------------------------


 NSTEP =     7500   TIME(PS) =      35.000  TEMP(K) =   290.87  PRESS =     0.0
 Etot   =    -10962.5851  EKtot   =      1878.5672  EPtot      =    -12841.1522
 BOND   =         4.9983  ANGLE   =        20.3304  DIHED      =        13.5454
 1-4 NB =        12.9243  1-4 EEL =      -671.6119  VDWAALS    =      2500.3301
 EELEC  =    -14729.5984  EHBOND  =         0.0000  RESTRAINT  =         7.9296
 EAMBER (non-restraint)  =    -12849.0818
 EKCMT  =         0.0000  VIRIAL  =         0.0000  VOLUME     =     32529.2155
                                                    Density    =         0.9972
 Ewald error estimate:   0.3261E-03
 ------------------------------------------------------------------------------


 NSTEP =     8000   TIME(PS) =      36.000  TEMP(K) =   298.88  PRESS =     0.0
 Etot   =    -10965.6428  EKtot   =      1930.2522  EPtot      =    -12895.8950
 BOND   =         6.0414  ANGLE   =        14.4896  DIHED      =        13.1454
 1-4 NB =        11.9761  1-4 EEL =      -665.0203  VDWAALS    =      2523.6587
 EELEC  =    -14811.6887  EHBOND  =         0.0000  RESTRAINT  =        11.5028
 EAMBER (non-restraint)  =    -12907.3978
 EKCMT  =         0.0000  VIRIAL  =         0.0000  VOLUME     =     32338.1743
                                                    Density    =         1.0030
 Ewald error estimate:   0.3526E-03
 ------------------------------------------------------------------------------


 NSTEP =     8500   TIME(PS) =      37.000  TEMP(K) =   291.82  PRESS =     0.0
 Etot   =    -10991.0271  EKtot   =      1884.6968  EPtot      =    -12875.7238
 BOND   =         8.6469  ANGLE   =        12.3108  DIHED      =        13.9421
 1-4 NB =        13.0932  1-4 EEL =      -673.2396  VDWAALS    =      2438.3070
 EELEC  =    -14697.1707  EHBOND  =         0.0000  RESTRAINT  =         8.3865
 EAMBER (non-restraint)  =    -12884.1103
 EKCMT  =         0.0000  VIRIAL  =         0.0000  VOLUME     =     32338.1743
                                                    Density    =         1.0030
 Ewald error estimate:   0.2367E-03
 ------------------------------------------------------------------------------


 NSTEP =     9000   TIME(PS) =      38.000  TEMP(K) =   303.34  PRESS =     0.0
 Etot   =    -10985.6102  EKtot   =      1959.0856  EPtot      =    -12944.6958
 BOND   =         8.0143  ANGLE   =        13.2311  DIHED      =        11.5639
 1-4 NB =        13.9507  1-4 EEL =      -671.7965  VDWAALS    =      2380.0337
 EELEC  =    -14705.0875  EHBOND  =         0.0000  RESTRAINT  =         5.3946
 EAMBER (non-restraint)  =    -12950.0904
 EKCMT  =         0.0000  VIRIAL  =         0.0000  VOLUME     =     32138.6550
                                                    Density    =         1.0093
 Ewald error estimate:   0.4584E-04
 ------------------------------------------------------------------------------


 NSTEP =     9500   TIME(PS) =      39.000  TEMP(K) =   303.28  PRESS =     0.0
 Etot   =    -10897.0220  EKtot   =      1958.6691  EPtot      =    -12855.6911
 BOND   =         6.3300  ANGLE   =        15.0081  DIHED      =        10.0317
 1-4 NB =        11.6659  1-4 EEL =      -667.1164  VDWAALS    =      2529.0212
 EELEC  =    -14769.9702  EHBOND  =         0.0000  RESTRAINT  =         9.3386
 EAMBER (non-restraint)  =    -12865.0297
 EKCMT  =         0.0000  VIRIAL  =         0.0000  VOLUME     =     31981.2527
                                                    Density    =         1.0142
 Ewald error estimate:   0.6871E-04
 ------------------------------------------------------------------------------


 NSTEP =    10000   TIME(PS) =      40.000  TEMP(K) =   293.40  PRESS =     0.0
 Etot   =    -11046.8031  EKtot   =      1894.9178  EPtot      =    -12941.7209
 BOND   =         4.7204  ANGLE   =        15.4613  DIHED      =        12.3947
 1-4 NB =        12.8772  1-4 EEL =      -669.4009  VDWAALS    =      2534.9210
 EELEC  =    -14859.7632  EHBOND  =         0.0000  RESTRAINT  =         7.0684
 EAMBER (non-restraint)  =    -12948.7894
 EKCMT  =         0.0000  VIRIAL  =         0.0000  VOLUME     =     31851.4179
                                                    Density    =         1.0184
 Ewald error estimate:   0.1107E-04
 ------------------------------------------------------------------------------


 NSTEP =    10500   TIME(PS) =      41.000  TEMP(K) =   296.08  PRESS =     0.0
 Etot   =    -11003.9212  EKtot   =      1912.1692  EPtot      =    -12916.0904
 BOND   =         8.4674  ANGLE   =        13.4191  DIHED      =        11.9093
 1-4 NB =        13.1902  1-4 EEL =      -673.6472  VDWAALS    =      2513.4180
 EELEC  =    -14812.2426  EHBOND  =         0.0000  RESTRAINT  =         9.3955
 EAMBER (non-restraint)  =    -12925.4859
 EKCMT  =         0.0000  VIRIAL  =         0.0000  VOLUME     =     31932.6460
                                                    Density    =         1.0158
 Ewald error estimate:   0.1144E-03
 ------------------------------------------------------------------------------


 NSTEP =    11000   TIME(PS) =      42.000  TEMP(K) =   292.23  PRESS =     0.0
 Etot   =    -10978.1415  EKtot   =      1887.3598  EPtot      =    -12865.5013
 BOND   =         6.7013  ANGLE   =        16.8199  DIHED      =        11.4775
 1-4 NB =        14.3215  1-4 EEL =      -677.5519  VDWAALS    =      2514.9627
 EELEC  =    -14761.8937  EHBOND  =         0.0000  RESTRAINT  =         9.6614
 EAMBER (non-restraint)  =    -12875.1627
 EKCMT  =         0.0000  VIRIAL  =         0.0000  VOLUME     =     31864.7768
                                                    Density    =         1.0179
 Ewald error estimate:   0.1671E-03
 ------------------------------------------------------------------------------


 NSTEP =    11500   TIME(PS) =      43.000  TEMP(K) =   299.11  PRESS =     0.0
 Etot   =    -11059.7046  EKtot   =      1931.7896  EPtot      =    -12991.4942
 BOND   =         8.4529  ANGLE   =        16.4246  DIHED      =        10.3732
 1-4 NB =        13.7633  1-4 EEL =      -676.6234  VDWAALS    =      2524.1348
 EELEC  =    -14898.8702  EHBOND  =         0.0000  RESTRAINT  =        10.8506
 EAMBER (non-restraint)  =    -13002.3448
 EKCMT  =         0.0000  VIRIAL  =         0.0000  VOLUME     =     32030.1888
                                                    Density    =         1.0127
 Ewald error estimate:   0.1596E-03
 ------------------------------------------------------------------------------


 NSTEP =    12000   TIME(PS) =      44.000  TEMP(K) =   297.55  PRESS =     0.0
 Etot   =    -11019.7309  EKtot   =      1921.7052  EPtot      =    -12941.4361
 BOND   =         4.8053  ANGLE   =        11.4327  DIHED      =        11.4552
 1-4 NB =        14.0321  1-4 EEL =      -669.7376  VDWAALS    =      2503.2436
 EELEC  =    -14825.6019  EHBOND  =         0.0000  RESTRAINT  =         8.9344
 EAMBER (non-restraint)  =    -12950.3705
 EKCMT  =         0.0000  VIRIAL  =         0.0000  VOLUME     =     31895.0531
                                                    Density    =         1.0170
 Ewald error estimate:   0.2560E-03
 ------------------------------------------------------------------------------


 NSTEP =    12500   TIME(PS) =      45.000  TEMP(K) =   297.15  PRESS =     0.0
 Etot   =    -11020.4494  EKtot   =      1919.0907  EPtot      =    -12939.5401
 BOND   =         6.5767  ANGLE   =        16.2669  DIHED      =        10.9434
 1-4 NB =        12.6242  1-4 EEL =      -675.1500  VDWAALS    =      2465.2522
 EELEC  =    -14781.9166  EHBOND  =         0.0000  RESTRAINT  =         5.8630
 EAMBER (non-restraint)  =    -12945.4032
 EKCMT  =         0.0000  VIRIAL  =         0.0000  VOLUME     =     31996.0609
                                                    Density    =         1.0138
 Ewald error estimate:   0.2861E-04
 ------------------------------------------------------------------------------


 NSTEP =    13000   TIME(PS) =      46.000  TEMP(K) =   292.70  PRESS =     0.0
 Etot   =    -11122.6112  EKtot   =      1890.3838  EPtot      =    -13012.9950
 BOND   =         8.8743  ANGLE   =        13.6863  DIHED      =        13.6765
 1-4 NB =        13.6096  1-4 EEL =      -672.5842  VDWAALS    =      2493.1286
 EELEC  =    -14890.6941  EHBOND  =         0.0000  RESTRAINT  =         7.3081
 EAMBER (non-restraint)  =    -13020.3031
 EKCMT  =         0.0000  VIRIAL  =         0.0000  VOLUME     =     31769.7762
                                                    Density    =         1.0210
 Ewald error estimate:   0.4915E-03
 ------------------------------------------------------------------------------


 NSTEP =    13500   TIME(PS) =      47.000  TEMP(K) =   297.02  PRESS =     0.0
 Etot   =    -11069.8191  EKtot   =      1918.2394  EPtot      =    -12988.0585
 BOND   =         7.0127  ANGLE   =        15.9819  DIHED      =        12.5743
 1-4 NB =        16.2168  1-4 EEL =      -676.3979  VDWAALS    =      2519.9021
 EELEC  =    -14890.8569  EHBOND  =         0.0000  RESTRAINT  =         7.5085
 EAMBER (non-restraint)  =    -12995.5670
 EKCMT  =         0.0000  VIRIAL  =         0.0000  VOLUME     =     31777.4594
                                                    Density    =         1.0207
 Ewald error estimate:   0.1796E-04
 ------------------------------------------------------------------------------


 NSTEP =    14000   TIME(PS) =      48.000  TEMP(K) =   294.44  PRESS =     0.0
 Etot   =    -11014.8621  EKtot   =      1901.5735  EPtot      =    -12916.4356
 BOND   =         4.0653  ANGLE   =        15.9404  DIHED      =        15.0491
 1-4 NB =        14.4056  1-4 EEL =      -677.5178  VDWAALS    =      2423.1197
 EELEC  =    -14720.3011  EHBOND  =         0.0000  RESTRAINT  =         8.8031
 EAMBER (non-restraint)  =    -12925.2387
 EKCMT  =         0.0000  VIRIAL  =         0.0000  VOLUME     =     32059.5602
                                                    Density    =         1.0118
 Ewald error estimate:   0.1491E-03
 ------------------------------------------------------------------------------


 NSTEP =    14500   TIME(PS) =      49.000  TEMP(K) =   298.90  PRESS =     0.0
 Etot   =    -10898.1673  EKtot   =      1930.3920  EPtot      =    -12828.5593
 BOND   =         9.7154  ANGLE   =        13.2557  DIHED      =        12.9480
 1-4 NB =        15.1870  1-4 EEL =      -673.9966  VDWAALS    =      2320.4867
 EELEC  =    -14535.0600  EHBOND  =         0.0000  RESTRAINT  =         8.9045
 EAMBER (non-restraint)  =    -12837.4638
 EKCMT  =         0.0000  VIRIAL  =         0.0000  VOLUME     =     32289.4670
                                                    Density    =         1.0046
 Ewald error estimate:   0.5862E-04
 ------------------------------------------------------------------------------


 NSTEP =    15000   TIME(PS) =      50.000  TEMP(K) =   292.95  PRESS =     0.0
 Etot   =    -10993.5693  EKtot   =      1891.9971  EPtot      =    -12885.5663
 BOND   =        10.4098  ANGLE   =        15.7676  DIHED      =        11.0100
 1-4 NB =        14.8929  1-4 EEL =      -674.3518  VDWAALS    =      2391.0737
 EELEC  =    -14665.3864  EHBOND  =         0.0000  RESTRAINT  =        11.0178
 EAMBER (non-restraint)  =    -12896.5842
 EKCMT  =         0.0000  VIRIAL  =         0.0000  VOLUME     =     32068.8659
                                                    Density    =         1.0115
 Ewald error estimate:   0.2659E-03
 ------------------------------------------------------------------------------


 NSTEP =    15500   TIME(PS) =      51.000  TEMP(K) =   297.29  PRESS =     0.0
 Etot   =    -11041.9996  EKtot   =      1920.0279  EPtot      =    -12962.0275
 BOND   =         9.5583  ANGLE   =        17.2338  DIHED      =        12.2841
 1-4 NB =        13.8600  1-4 EEL =      -676.5734  VDWAALS    =      2501.9614
 EELEC  =    -14849.7006  EHBOND  =         0.0000  RESTRAINT  =         9.3489
 EAMBER (non-restraint)  =    -12971.3765
 EKCMT  =         0.0000  VIRIAL  =         0.0000  VOLUME     =     32008.3442
                                                    Density    =         1.0134
 Ewald error estimate:   0.1586E-03
 ------------------------------------------------------------------------------


 NSTEP =    16000   TIME(PS) =      52.000  TEMP(K) =   300.72  PRESS =     0.0
 Etot   =    -11004.4752  EKtot   =      1942.1587  EPtot      =    -12946.6339
 BOND   =         5.5733  ANGLE   =        14.3144  DIHED      =        14.2376
 1-4 NB =        12.3609  1-4 EEL =      -668.2695  VDWAALS    =      2423.4720
 EELEC  =    -14755.0163  EHBOND  =         0.0000  RESTRAINT  =         6.6937
 EAMBER (non-restraint)  =    -12953.3276
 EKCMT  =         0.0000  VIRIAL  =         0.0000  VOLUME     =     31892.5663
                                                    Density    =         1.0171
 Ewald error estimate:   0.1604E-03
 ------------------------------------------------------------------------------


 NSTEP =    16500   TIME(PS) =      53.000  TEMP(K) =   300.06  PRESS =     0.0
 Etot   =    -10979.4955  EKtot   =      1937.9058  EPtot      =    -12917.4013
 BOND   =         7.5754  ANGLE   =        16.2660  DIHED      =        13.4168
 1-4 NB =        13.8244  1-4 EEL =      -674.3844  VDWAALS    =      2469.4987
 EELEC  =    -14771.6502  EHBOND  =         0.0000  RESTRAINT  =         8.0520
 EAMBER (non-restraint)  =    -12925.4533
 EKCMT  =         0.0000  VIRIAL  =         0.0000  VOLUME     =     31583.6400
                                                    Density    =         1.0270
 Ewald error estimate:   0.7424E-04
 ------------------------------------------------------------------------------


 NSTEP =    17000   TIME(PS) =      54.000  TEMP(K) =   302.79  PRESS =     0.0
 Etot   =    -10969.7009  EKtot   =      1955.5395  EPtot      =    -12925.2404
 BOND   =         7.9284  ANGLE   =        10.2065  DIHED      =        11.6775
 1-4 NB =        12.9328  1-4 EEL =      -662.0091  VDWAALS    =      2425.5866
 EELEC  =    -14739.8681  EHBOND  =         0.0000  RESTRAINT  =         8.3049
 EAMBER (non-restraint)  =    -12933.5453
 EKCMT  =         0.0000  VIRIAL  =         0.0000  VOLUME     =     31483.7033
                                                    Density    =         1.0303
 Ewald error estimate:   0.8495E-04
 ------------------------------------------------------------------------------


 NSTEP =    17500   TIME(PS) =      55.000  TEMP(K) =   294.37  PRESS =     0.0
 Etot   =    -10959.3990  EKtot   =      1901.1426  EPtot      =    -12860.5416
 BOND   =         8.0055  ANGLE   =        12.8597  DIHED      =         8.9395
 1-4 NB =        14.0422  1-4 EEL =      -672.3374  VDWAALS    =      2537.3617
 EELEC  =    -14777.6943  EHBOND  =         0.0000  RESTRAINT  =         8.2815
 EAMBER (non-restraint)  =    -12868.8231
 EKCMT  =         0.0000  VIRIAL  =         0.0000  VOLUME     =     31943.8402
                                                    Density    =         1.0154
 Ewald error estimate:   0.4455E-04
 ------------------------------------------------------------------------------


 NSTEP =    18000   TIME(PS) =      56.000  TEMP(K) =   300.50  PRESS =     0.0
 Etot   =    -10934.1384  EKtot   =      1940.7455  EPtot      =    -12874.8839
 BOND   =         5.0760  ANGLE   =        11.2627  DIHED      =        11.9431
 1-4 NB =        11.2652  1-4 EEL =      -667.4312  VDWAALS    =      2533.1732
 EELEC  =    -14788.6166  EHBOND  =         0.0000  RESTRAINT  =         8.4436
 EAMBER (non-restraint)  =    -12883.3275
 EKCMT  =         0.0000  VIRIAL  =         0.0000  VOLUME     =     31886.5569
                                                    Density    =         1.0172
 Ewald error estimate:   0.8259E-04
 ------------------------------------------------------------------------------


 NSTEP =    18500   TIME(PS) =      57.000  TEMP(K) =   299.84  PRESS =     0.0
 Etot   =    -10826.4668  EKtot   =      1936.4965  EPtot      =    -12762.9633
 BOND   =        12.0631  ANGLE   =        13.2207  DIHED      =        12.7350
 1-4 NB =        14.4951  1-4 EEL =      -674.1860  VDWAALS    =      2399.8796
 EELEC  =    -14547.7568  EHBOND  =         0.0000  RESTRAINT  =         6.5860
 EAMBER (non-restraint)  =    -12769.5493
 EKCMT  =         0.0000  VIRIAL  =         0.0000  VOLUME     =     32466.9103
                                                    Density    =         0.9991
 Ewald error estimate:   0.5672E-04
 ------------------------------------------------------------------------------


 NSTEP =    19000   TIME(PS) =      58.000  TEMP(K) =   301.52  PRESS =     0.0
 Etot   =    -10894.3626  EKtot   =      1947.3395  EPtot      =    -12841.7021
 BOND   =         5.7724  ANGLE   =        15.4701  DIHED      =        12.7349
 1-4 NB =        13.6971  1-4 EEL =      -670.8372  VDWAALS    =      2335.0005
 EELEC  =    -14566.1922  EHBOND  =         0.0000  RESTRAINT  =        12.6522
 EAMBER (non-restraint)  =    -12854.3543
 EKCMT  =         0.0000  VIRIAL  =         0.0000  VOLUME     =     32222.5357
                                                    Density    =         1.0066
 Ewald error estimate:   0.2143E-03
 ------------------------------------------------------------------------------


 NSTEP =    19500   TIME(PS) =      59.000  TEMP(K) =   300.02  PRESS =     0.0
 Etot   =    -10920.3834  EKtot   =      1937.6351  EPtot      =    -12858.0185
 BOND   =         3.4858  ANGLE   =        19.6842  DIHED      =        14.9514
 1-4 NB =        10.7781  1-4 EEL =      -670.8155  VDWAALS    =      2528.9183
 EELEC  =    -14777.9121  EHBOND  =         0.0000  RESTRAINT  =        12.8912
 EAMBER (non-restraint)  =    -12870.9097
 EKCMT  =         0.0000  VIRIAL  =         0.0000  VOLUME     =     32079.1779
                                                    Density    =         1.0111
 Ewald error estimate:   0.3303E-03
 ------------------------------------------------------------------------------


 NSTEP =    20000   TIME(PS) =      60.000  TEMP(K) =   302.43  PRESS =     0.0
 Etot   =    -10938.6643  EKtot   =      1953.2354  EPtot      =    -12891.8997
 BOND   =         8.2227  ANGLE   =        13.9929  DIHED      =        16.2640
 1-4 NB =        11.5268  1-4 EEL =      -669.6277  VDWAALS    =      2509.9425
 EELEC  =    -14791.8291  EHBOND  =         0.0000  RESTRAINT  =         9.6082
 EAMBER (non-restraint)  =    -12901.5079
 EKCMT  =         0.0000  VIRIAL  =         0.0000  VOLUME     =     32070.2644
                                                    Density    =         1.0114
 Ewald error estimate:   0.2547E-03
 ------------------------------------------------------------------------------


 NSTEP =    20500   TIME(PS) =      61.000  TEMP(K) =   299.02  PRESS =     0.0
 Etot   =    -11041.1447  EKtot   =      1931.1634  EPtot      =    -12972.3081
 BOND   =        11.4311  ANGLE   =        13.6251  DIHED      =        11.8852
 1-4 NB =        12.8177  1-4 EEL =      -672.1587  VDWAALS    =      2527.4059
 EELEC  =    -14883.1422  EHBOND  =         0.0000  RESTRAINT  =         5.8279
 EAMBER (non-restraint)  =    -12978.1359
 EKCMT  =         0.0000  VIRIAL  =         0.0000  VOLUME     =     32037.0846
                                                    Density    =         1.0125
 Ewald error estimate:   0.3800E-03
 ------------------------------------------------------------------------------


 NSTEP =    21000   TIME(PS) =      62.000  TEMP(K) =   285.63  PRESS =     0.0
 Etot   =    -11037.1974  EKtot   =      1844.6930  EPtot      =    -12881.8904
 BOND   =         9.8864  ANGLE   =        10.9100  DIHED      =        11.7191
 1-4 NB =        11.9761  1-4 EEL =      -670.2067  VDWAALS    =      2523.1618
 EELEC  =    -14788.1975  EHBOND  =         0.0000  RESTRAINT  =         8.8604
 EAMBER (non-restraint)  =    -12890.7508
 EKCMT  =         0.0000  VIRIAL  =         0.0000  VOLUME     =     32058.6066
                                                    Density    =         1.0118
 Ewald error estimate:   0.5477E-03
 ------------------------------------------------------------------------------


 NSTEP =    21500   TIME(PS) =      63.000  TEMP(K) =   308.87  PRESS =     0.0
 Etot   =    -10975.6152  EKtot   =      1994.7753  EPtot      =    -12970.3906
 BOND   =        10.9453  ANGLE   =        20.2653  DIHED      =        12.1486
 1-4 NB =        12.8402  1-4 EEL =      -672.3222  VDWAALS    =      2410.4318
 EELEC  =    -14774.0608  EHBOND  =         0.0000  RESTRAINT  =         9.3613
 EAMBER (non-restraint)  =    -12979.7519
 EKCMT  =         0.0000  VIRIAL  =         0.0000  VOLUME     =     32148.4008
                                                    Density    =         1.0090
 Ewald error estimate:   0.3532E-03
 ------------------------------------------------------------------------------


 NSTEP =    22000   TIME(PS) =      64.000  TEMP(K) =   302.57  PRESS =     0.0
 Etot   =    -11042.6569  EKtot   =      1954.0973  EPtot      =    -12996.7542
 BOND   =         6.5216  ANGLE   =        11.4102  DIHED      =        10.4919
 1-4 NB =        14.2949  1-4 EEL =      -678.4383  VDWAALS    =      2458.6284
 EELEC  =    -14827.3748  EHBOND  =         0.0000  RESTRAINT  =         7.7119
 EAMBER (non-restraint)  =    -13004.4661
 EKCMT  =         0.0000  VIRIAL  =         0.0000  VOLUME     =     32029.6439
                                                    Density    =         1.0127
 Ewald error estimate:   0.1600E-03
 ------------------------------------------------------------------------------


 NSTEP =    22500   TIME(PS) =      65.000  TEMP(K) =   288.29  PRESS =     0.0
 Etot   =    -10990.3149  EKtot   =      1861.8806  EPtot      =    -12852.1956
 BOND   =         4.3882  ANGLE   =        11.8169  DIHED      =        19.3527
 1-4 NB =        12.6229  1-4 EEL =      -667.1335  VDWAALS    =      2506.9157
 EELEC  =    -14749.0548  EHBOND  =         0.0000  RESTRAINT  =         8.8963
 EAMBER (non-restraint)  =    -12861.0919
 EKCMT  =         0.0000  VIRIAL  =         0.0000  VOLUME     =     32256.8500
                                                    Density    =         1.0056
 Ewald error estimate:   0.1381E-03
 ------------------------------------------------------------------------------


 NSTEP =    23000   TIME(PS) =      66.000  TEMP(K) =   297.78  PRESS =     0.0
 Etot   =    -10992.1252  EKtot   =      1923.1817  EPtot      =    -12915.3069
 BOND   =         7.2612  ANGLE   =        15.6487  DIHED      =         9.5388
 1-4 NB =        13.6757  1-4 EEL =      -676.2906  VDWAALS    =      2560.2329
 EELEC  =    -14858.6560  EHBOND  =         0.0000  RESTRAINT  =        13.2823
 EAMBER (non-restraint)  =    -12928.5892
 EKCMT  =         0.0000  VIRIAL  =         0.0000  VOLUME     =     32146.2395
                                                    Density    =         1.0090
 Ewald error estimate:   0.1614E-03
 ------------------------------------------------------------------------------


 NSTEP =    23500   TIME(PS) =      67.000  TEMP(K) =   293.75  PRESS =     0.0
 Etot   =    -11028.4400  EKtot   =      1897.1568  EPtot      =    -12925.5968
 BOND   =         6.6984  ANGLE   =        12.2855  DIHED      =        12.5304
 1-4 NB =        14.0141  1-4 EEL =      -675.7983  VDWAALS    =      2574.3808
 EELEC  =    -14877.9167  EHBOND  =         0.0000  RESTRAINT  =         8.2089
 EAMBER (non-restraint)  =    -12933.8058
 EKCMT  =         0.0000  VIRIAL  =         0.0000  VOLUME     =     32059.8812
                                                    Density    =         1.0117
 Ewald error estimate:   0.8463E-04
 ------------------------------------------------------------------------------


 NSTEP =    24000   TIME(PS) =      68.000  TEMP(K) =   291.54  PRESS =     0.0
 Etot   =    -11106.2626  EKtot   =      1882.8788  EPtot      =    -12989.1414
 BOND   =         4.0799  ANGLE   =        16.0566  DIHED      =        10.1182
 1-4 NB =        13.4828  1-4 EEL =      -672.8005  VDWAALS    =      2509.0525
 EELEC  =    -14874.7058  EHBOND  =         0.0000  RESTRAINT  =         5.5749
 EAMBER (non-restraint)  =    -12994.7163
 EKCMT  =         0.0000  VIRIAL  =         0.0000  VOLUME     =     31876.6229
                                                    Density    =         1.0176
 Ewald error estimate:   0.1459E-03
 ------------------------------------------------------------------------------


 NSTEP =    24500   TIME(PS) =      69.000  TEMP(K) =   292.28  PRESS =     0.0
 Etot   =    -11067.9750  EKtot   =      1887.6713  EPtot      =    -12955.6463
 BOND   =         6.4977  ANGLE   =        15.1769  DIHED      =        12.7276
 1-4 NB =        12.1522  1-4 EEL =      -671.8571  VDWAALS    =      2390.1905
 EELEC  =    -14728.4838  EHBOND  =         0.0000  RESTRAINT  =         7.9497
 EAMBER (non-restraint)  =    -12963.5960
 EKCMT  =         0.0000  VIRIAL  =         0.0000  VOLUME     =     31953.7151
                                                    Density    =         1.0151
 Ewald error estimate:   0.9474E-04
 ------------------------------------------------------------------------------


 NSTEP =    25000   TIME(PS) =      70.000  TEMP(K) =   301.04  PRESS =     0.0
 Etot   =    -11044.8483  EKtot   =      1944.2294  EPtot      =    -12989.0777
 BOND   =         6.4177  ANGLE   =        13.8738  DIHED      =        11.6967
 1-4 NB =        12.9776  1-4 EEL =      -670.3828  VDWAALS    =      2448.7977
 EELEC  =    -14821.1505  EHBOND  =         0.0000  RESTRAINT  =         8.6921
 EAMBER (non-restraint)  =    -12997.7698
 EKCMT  =         0.0000  VIRIAL  =         0.0000  VOLUME     =     31755.8811
                                                    Density    =         1.0214
 Ewald error estimate:   0.1490E-03
 ------------------------------------------------------------------------------


 NSTEP =    25500   TIME(PS) =      71.000  TEMP(K) =   301.50  PRESS =     0.0
 Etot   =    -10984.3998  EKtot   =      1947.2301  EPtot      =    -12931.6299
 BOND   =        15.5693  ANGLE   =        18.8003  DIHED      =        11.7582
 1-4 NB =        13.1095  1-4 EEL =      -664.3285  VDWAALS    =      2465.2479
 EELEC  =    -14800.0123  EHBOND  =         0.0000  RESTRAINT  =         8.2256
 EAMBER (non-restraint)  =    -12939.8555
 EKCMT  =         0.0000  VIRIAL  =         0.0000  VOLUME     =     31770.0899
                                                    Density    =         1.0210
 Ewald error estimate:   0.1168E-03
 ------------------------------------------------------------------------------


 NSTEP =    26000   TIME(PS) =      72.000  TEMP(K) =   303.64  PRESS =     0.0
 Etot   =    -10909.3964  EKtot   =      1961.0281  EPtot      =    -12870.4246
 BOND   =         4.1295  ANGLE   =        17.8062  DIHED      =        11.4638
 1-4 NB =        12.9451  1-4 EEL =      -671.3952  VDWAALS    =      2468.5061
 EELEC  =    -14727.1044  EHBOND  =         0.0000  RESTRAINT  =        13.2242
 EAMBER (non-restraint)  =    -12883.6487
 EKCMT  =         0.0000  VIRIAL  =         0.0000  VOLUME     =     31690.4156
                                                    Density    =         1.0235
 Ewald error estimate:   0.5200E-04
 ------------------------------------------------------------------------------


 NSTEP =    26500   TIME(PS) =      73.000  TEMP(K) =   305.62  PRESS =     0.0
 Etot   =    -10976.6167  EKtot   =      1973.8001  EPtot      =    -12950.4168
 BOND   =        12.5378  ANGLE   =        15.6300  DIHED      =        14.0743
 1-4 NB =        12.4587  1-4 EEL =      -674.4397  VDWAALS    =      2452.5410
 EELEC  =    -14787.8625  EHBOND  =         0.0000  RESTRAINT  =         4.6437
 EAMBER (non-restraint)  =    -12955.0605
 EKCMT  =         0.0000  VIRIAL  =         0.0000  VOLUME     =     31813.3145
                                                    Density    =         1.0196
 Ewald error estimate:   0.2551E-03
 ------------------------------------------------------------------------------


 NSTEP =    27000   TIME(PS) =      74.000  TEMP(K) =   297.67  PRESS =     0.0
 Etot   =    -10989.0848  EKtot   =      1922.4920  EPtot      =    -12911.5768
 BOND   =         9.9533  ANGLE   =        13.0614  DIHED      =        14.8674
 1-4 NB =        13.2678  1-4 EEL =      -675.1596  VDWAALS    =      2494.7661
 EELEC  =    -14790.4600  EHBOND  =         0.0000  RESTRAINT  =         8.1267
 EAMBER (non-restraint)  =    -12919.7035
 EKCMT  =         0.0000  VIRIAL  =         0.0000  VOLUME     =     31967.5862
                                                    Density    =         1.0147
 Ewald error estimate:   0.2408E-03
 ------------------------------------------------------------------------------


 NSTEP =    27500   TIME(PS) =      75.000  TEMP(K) =   297.52  PRESS =     0.0
 Etot   =    -11041.1952  EKtot   =      1921.4910  EPtot      =    -12962.6862
 BOND   =        11.1391  ANGLE   =        15.3072  DIHED      =        13.1369
 1-4 NB =        12.6758  1-4 EEL =      -672.5205  VDWAALS    =      2504.8117
 EELEC  =    -14856.3712  EHBOND  =         0.0000  RESTRAINT  =         9.1349
 EAMBER (non-restraint)  =    -12971.8210
 EKCMT  =         0.0000  VIRIAL  =         0.0000  VOLUME     =     31876.4596
                                                    Density    =         1.0176
 Ewald error estimate:   0.1201E-04
 ------------------------------------------------------------------------------


 NSTEP =    28000   TIME(PS) =      76.000  TEMP(K) =   298.58  PRESS =     0.0
 Etot   =    -11002.3931  EKtot   =      1928.3314  EPtot      =    -12930.7245
 BOND   =         9.1808  ANGLE   =        12.1004  DIHED      =        10.7736
 1-4 NB =        14.1782  1-4 EEL =      -673.3850  VDWAALS    =      2476.1303
 EELEC  =    -14788.8571  EHBOND  =         0.0000  RESTRAINT  =         9.1542
 EAMBER (non-restraint)  =    -12939.8787
 EKCMT  =         0.0000  VIRIAL  =         0.0000  VOLUME     =     31724.7505
                                                    Density    =         1.0224
 Ewald error estimate:   0.2238E-03
 ------------------------------------------------------------------------------


 NSTEP =    28500   TIME(PS) =      77.000  TEMP(K) =   303.10  PRESS =     0.0
 Etot   =    -10971.8895  EKtot   =      1957.5078  EPtot      =    -12929.3973
 BOND   =         8.3367  ANGLE   =        12.0040  DIHED      =        13.3657
 1-4 NB =        14.9673  1-4 EEL =      -678.8392  VDWAALS    =      2534.5784
 EELEC  =    -14841.4023  EHBOND  =         0.0000  RESTRAINT  =         7.5921
 EAMBER (non-restraint)  =    -12936.9894
 EKCMT  =         0.0000  VIRIAL  =         0.0000  VOLUME     =     31594.4365
                                                    Density    =         1.0267
 Ewald error estimate:   0.2774E-03
 ------------------------------------------------------------------------------


 NSTEP =    29000   TIME(PS) =      78.000  TEMP(K) =   298.15  PRESS =     0.0
 Etot   =    -11016.8284  EKtot   =      1925.5435  EPtot      =    -12942.3719
 BOND   =         8.7438  ANGLE   =        16.6781  DIHED      =        13.0837
 1-4 NB =        13.2544  1-4 EEL =      -676.4809  VDWAALS    =      2381.2657
 EELEC  =    -14707.8275  EHBOND  =         0.0000  RESTRAINT  =         8.9107
 EAMBER (non-restraint)  =    -12951.2827
 EKCMT  =         0.0000  VIRIAL  =         0.0000  VOLUME     =     31880.7076
                                                    Density    =         1.0174
 Ewald error estimate:   0.1819E-03
 ------------------------------------------------------------------------------


 NSTEP =    29500   TIME(PS) =      79.000  TEMP(K) =   295.97  PRESS =     0.0
 Etot   =    -11082.9534  EKtot   =      1911.4657  EPtot      =    -12994.4190
 BOND   =        12.6232  ANGLE   =        17.2828  DIHED      =        11.1704
 1-4 NB =        13.0769  1-4 EEL =      -664.1039  VDWAALS    =      2498.1685
 EELEC  =    -14893.9962  EHBOND  =         0.0000  RESTRAINT  =        11.3592
 EAMBER (non-restraint)  =    -13005.7783
 EKCMT  =         0.0000  VIRIAL  =         0.0000  VOLUME     =     31760.5914
                                                    Density    =         1.0213
 Ewald error estimate:   0.9888E-04
 ------------------------------------------------------------------------------


 NSTEP =    30000   TIME(PS) =      80.000  TEMP(K) =   292.65  PRESS =     0.0
 Etot   =    -11188.5408  EKtot   =      1890.0116  EPtot      =    -13078.5524
 BOND   =         8.2814  ANGLE   =        18.0710  DIHED      =        13.2018
 1-4 NB =        12.8007  1-4 EEL =      -672.3888  VDWAALS    =      2470.0303
 EELEC  =    -14936.6065  EHBOND  =         0.0000  RESTRAINT  =         8.0577
 EAMBER (non-restraint)  =    -13086.6101
 EKCMT  =         0.0000  VIRIAL  =         0.0000  VOLUME     =     31565.7286
                                                    Density    =         1.0276
 Ewald error estimate:   0.9514E-04
 ------------------------------------------------------------------------------


 NSTEP =    30500   TIME(PS) =      81.000  TEMP(K) =   287.09  PRESS =     0.0
 Etot   =    -11176.4220  EKtot   =      1854.1152  EPtot      =    -13030.5372
 BOND   =         7.0254  ANGLE   =        16.9294  DIHED      =        12.8875
 1-4 NB =        13.3458  1-4 EEL =      -678.5801  VDWAALS    =      2480.0708
 EELEC  =    -14890.9234  EHBOND  =         0.0000  RESTRAINT  =         8.7074
 EAMBER (non-restraint)  =    -13039.2446
 EKCMT  =         0.0000  VIRIAL  =         0.0000  VOLUME     =     31719.5822
                                                    Density    =         1.0226
 Ewald error estimate:   0.9040E-04
 ------------------------------------------------------------------------------


 NSTEP =    31000   TIME(PS) =      82.000  TEMP(K) =   293.56  PRESS =     0.0
 Etot   =    -11097.2621  EKtot   =      1895.9063  EPtot      =    -12993.1685
 BOND   =         5.3257  ANGLE   =        16.1201  DIHED      =        12.9097
 1-4 NB =        13.9937  1-4 EEL =      -672.0214  VDWAALS    =      2488.9582
 EELEC  =    -14865.4223  EHBOND  =         0.0000  RESTRAINT  =         6.9678
 EAMBER (non-restraint)  =    -13000.1363
 EKCMT  =         0.0000  VIRIAL  =         0.0000  VOLUME     =     31967.7610
                                                    Density    =         1.0147
 Ewald error estimate:   0.4281E-03
 ------------------------------------------------------------------------------


 NSTEP =    31500   TIME(PS) =      83.000  TEMP(K) =   294.86  PRESS =     0.0
 Etot   =    -10990.9911  EKtot   =      1904.3445  EPtot      =    -12895.3355
 BOND   =         6.9154  ANGLE   =        11.4016  DIHED      =        15.6644
 1-4 NB =        13.6194  1-4 EEL =      -673.5392  VDWAALS    =      2494.2414
 EELEC  =    -14770.9483  EHBOND  =         0.0000  RESTRAINT  =         7.3098
 EAMBER (non-restraint)  =    -12902.6453
 EKCMT  =         0.0000  VIRIAL  =         0.0000  VOLUME     =     31847.1200
                                                    Density    =         1.0185
 Ewald error estimate:   0.4385E-03
 ------------------------------------------------------------------------------


 NSTEP =    32000   TIME(PS) =      84.000  TEMP(K) =   296.93  PRESS =     0.0
 Etot   =    -11010.2398  EKtot   =      1917.7122  EPtot      =    -12927.9520
 BOND   =         7.3078  ANGLE   =        14.4259  DIHED      =        14.4077
 1-4 NB =        13.0086  1-4 EEL =      -670.5788  VDWAALS    =      2484.3545
 EELEC  =    -14799.4912  EHBOND  =         0.0000  RESTRAINT  =         8.6135
 EAMBER (non-restraint)  =    -12936.5656
 EKCMT  =         0.0000  VIRIAL  =         0.0000  VOLUME     =     31827.7002
                                                    Density    =         1.0191
 Ewald error estimate:   0.5808E-04
 ------------------------------------------------------------------------------


 NSTEP =    32500   TIME(PS) =      85.000  TEMP(K) =   296.71  PRESS =     0.0
 Etot   =    -11081.5238  EKtot   =      1916.2536  EPtot      =    -12997.7774
 BOND   =         7.1720  ANGLE   =        15.9070  DIHED      =        12.1192
 1-4 NB =        14.0217  1-4 EEL =      -676.0172  VDWAALS    =      2520.0754
 EELEC  =    -14904.1513  EHBOND  =         0.0000  RESTRAINT  =        13.0957
 EAMBER (non-restraint)  =    -13010.8731
 EKCMT  =         0.0000  VIRIAL  =         0.0000  VOLUME     =     31815.3270
                                                    Density    =         1.0195
 Ewald error estimate:   0.1696E-03
 ------------------------------------------------------------------------------


 NSTEP =    33000   TIME(PS) =      86.000  TEMP(K) =   299.89  PRESS =     0.0
 Etot   =    -11089.7782  EKtot   =      1936.7914  EPtot      =    -13026.5696
 BOND   =         7.6972  ANGLE   =        18.0976  DIHED      =        11.5893
 1-4 NB =        12.8412  1-4 EEL =      -669.1067  VDWAALS    =      2451.6910
 EELEC  =    -14871.0989  EHBOND  =         0.0000  RESTRAINT  =        11.7196
 EAMBER (non-restraint)  =    -13038.2892
 EKCMT  =         0.0000  VIRIAL  =         0.0000  VOLUME     =     32001.5511
                                                    Density    =         1.0136
 Ewald error estimate:   0.2232E-03
 ------------------------------------------------------------------------------


 NSTEP =    33500   TIME(PS) =      87.000  TEMP(K) =   299.30  PRESS =     0.0
 Etot   =    -11119.2201  EKtot   =      1932.9973  EPtot      =    -13052.2174
 BOND   =         7.4682  ANGLE   =        12.3016  DIHED      =        13.5944
 1-4 NB =        12.8291  1-4 EEL =      -674.2612  VDWAALS    =      2506.0278
 EELEC  =    -14938.8352  EHBOND  =         0.0000  RESTRAINT  =         8.6577
 EAMBER (non-restraint)  =    -13060.8751
 EKCMT  =         0.0000  VIRIAL  =         0.0000  VOLUME     =     31814.7430
                                                    Density    =         1.0195
 Ewald error estimate:   0.8057E-04
 ------------------------------------------------------------------------------


 NSTEP =    34000   TIME(PS) =      88.000  TEMP(K) =   300.23  PRESS =     0.0
 Etot   =    -11022.1531  EKtot   =      1938.9928  EPtot      =    -12961.1458
 BOND   =        10.1404  ANGLE   =        18.5602  DIHED      =        13.3190
 1-4 NB =        13.6410  1-4 EEL =      -672.1270  VDWAALS    =      2523.8703
 EELEC  =    -14878.0461  EHBOND  =         0.0000  RESTRAINT  =         9.4964
 EAMBER (non-restraint)  =    -12970.6422
 EKCMT  =         0.0000  VIRIAL  =         0.0000  VOLUME     =     31909.8261
                                                    Density    =         1.0165
 Ewald error estimate:   0.1470E-03
 ------------------------------------------------------------------------------


 NSTEP =    34500   TIME(PS) =      89.000  TEMP(K) =   297.78  PRESS =     0.0
 Etot   =    -11066.7536  EKtot   =      1923.1703  EPtot      =    -12989.9240
 BOND   =         4.4582  ANGLE   =        13.9607  DIHED      =        15.3840
 1-4 NB =        13.5602  1-4 EEL =      -671.9477  VDWAALS    =      2541.6788
 EELEC  =    -14915.8465  EHBOND  =         0.0000  RESTRAINT  =         8.8283
 EAMBER (non-restraint)  =    -12998.7523
 EKCMT  =         0.0000  VIRIAL  =         0.0000  VOLUME     =     32164.5854
                                                    Density    =         1.0085
 Ewald error estimate:   0.5700E-03
 ------------------------------------------------------------------------------


 NSTEP =    35000   TIME(PS) =      90.000  TEMP(K) =   303.01  PRESS =     0.0
 Etot   =    -11025.5722  EKtot   =      1956.9495  EPtot      =    -12982.5217
 BOND   =         8.0858  ANGLE   =        16.0245  DIHED      =         8.6896
 1-4 NB =        11.7684  1-4 EEL =      -672.7037  VDWAALS    =      2532.4755
 EELEC  =    -14895.6197  EHBOND  =         0.0000  RESTRAINT  =         8.7578
 EAMBER (non-restraint)  =    -12991.2795
 EKCMT  =         0.0000  VIRIAL  =         0.0000  VOLUME     =     32164.5854
                                                    Density    =         1.0085
 Ewald error estimate:   0.3223E-03
 ------------------------------------------------------------------------------


 NSTEP =    35500   TIME(PS) =      91.000  TEMP(K) =   300.64  PRESS =     0.0
 Etot   =    -10939.4238  EKtot   =      1941.6494  EPtot      =    -12881.0732
 BOND   =         8.0862  ANGLE   =        20.0339  DIHED      =        11.7611
 1-4 NB =        12.4622  1-4 EEL =      -675.5939  VDWAALS    =      2447.2224
 EELEC  =    -14715.0154  EHBOND  =         0.0000  RESTRAINT  =         9.9704
 EAMBER (non-restraint)  =    -12891.0436
 EKCMT  =         0.0000  VIRIAL  =         0.0000  VOLUME     =     32445.9132
                                                    Density    =         0.9997
 Ewald error estimate:   0.4262E-03
 ------------------------------------------------------------------------------


 NSTEP =    36000   TIME(PS) =      92.000  TEMP(K) =   297.83  PRESS =     0.0
 Etot   =    -10945.8838  EKtot   =      1923.5257  EPtot      =    -12869.4096
 BOND   =         7.5029  ANGLE   =        20.5352  DIHED      =        13.5404
 1-4 NB =        12.0982  1-4 EEL =      -668.6238  VDWAALS    =      2454.9855
 EELEC  =    -14716.1428  EHBOND  =         0.0000  RESTRAINT  =         6.6949
 EAMBER (non-restraint)  =    -12876.1045
 EKCMT  =         0.0000  VIRIAL  =         0.0000  VOLUME     =     32246.0019
                                                    Density    =         1.0059
 Ewald error estimate:   0.2841E-03
 ------------------------------------------------------------------------------


 NSTEP =    36500   TIME(PS) =      93.000  TEMP(K) =   297.98  PRESS =     0.0
 Etot   =    -10939.3414  EKtot   =      1924.4462  EPtot      =    -12863.7877
 BOND   =         9.1655  ANGLE   =        14.1581  DIHED      =        13.3002
 1-4 NB =        12.5791  1-4 EEL =      -674.5927  VDWAALS    =      2538.7378
 EELEC  =    -14784.4463  EHBOND  =         0.0000  RESTRAINT  =         7.3105
 EAMBER (non-restraint)  =    -12871.0982
 EKCMT  =         0.0000  VIRIAL  =         0.0000  VOLUME     =     32033.9338
                                                    Density    =         1.0126
 Ewald error estimate:   0.3586E-03
 ------------------------------------------------------------------------------


 NSTEP =    37000   TIME(PS) =      94.000  TEMP(K) =   298.48  PRESS =     0.0
 Etot   =    -10984.9825  EKtot   =      1927.6881  EPtot      =    -12912.6706
 BOND   =        10.6033  ANGLE   =        10.8282  DIHED      =        11.8127
 1-4 NB =        14.6636  1-4 EEL =      -679.8816  VDWAALS    =      2466.4641
 EELEC  =    -14756.3030  EHBOND  =         0.0000  RESTRAINT  =         9.1422
 EAMBER (non-restraint)  =    -12921.8128
 EKCMT  =         0.0000  VIRIAL  =         0.0000  VOLUME     =     31960.1298
                                                    Density    =         1.0149
 Ewald error estimate:   0.1067E-03
 ------------------------------------------------------------------------------


 NSTEP =    37500   TIME(PS) =      95.000  TEMP(K) =   291.12  PRESS =     0.0
 Etot   =    -11046.6871  EKtot   =      1880.1681  EPtot      =    -12926.8551
 BOND   =         8.5405  ANGLE   =        19.1238  DIHED      =        11.3519
 1-4 NB =        12.4515  1-4 EEL =      -666.6667  VDWAALS    =      2490.9341
 EELEC  =    -14813.2096  EHBOND  =         0.0000  RESTRAINT  =        10.6194
 EAMBER (non-restraint)  =    -12937.4745
 EKCMT  =         0.0000  VIRIAL  =         0.0000  VOLUME     =     32232.1712
                                                    Density    =         1.0063
 Ewald error estimate:   0.2288E-04
 ------------------------------------------------------------------------------


 NSTEP =    38000   TIME(PS) =      96.000  TEMP(K) =   295.54  PRESS =     0.0
 Etot   =    -10977.0153  EKtot   =      1908.7361  EPtot      =    -12885.7514
 BOND   =         9.4648  ANGLE   =        10.5455  DIHED      =        11.8294
 1-4 NB =        12.7763  1-4 EEL =      -671.4709  VDWAALS    =      2554.4732
 EELEC  =    -14821.0226  EHBOND  =         0.0000  RESTRAINT  =         7.6529
 EAMBER (non-restraint)  =    -12893.4043
 EKCMT  =         0.0000  VIRIAL  =         0.0000  VOLUME     =     32184.5885
                                                    Density    =         1.0078
 Ewald error estimate:   0.3564E-04
 ------------------------------------------------------------------------------


 NSTEP =    38500   TIME(PS) =      97.000  TEMP(K) =   292.32  PRESS =     0.0
 Etot   =    -11048.4437  EKtot   =      1887.9288  EPtot      =    -12936.3725
 BOND   =         6.4733  ANGLE   =        17.2048  DIHED      =        10.2156
 1-4 NB =        13.1956  1-4 EEL =      -665.0458  VDWAALS    =      2511.1777
 EELEC  =    -14839.1773  EHBOND  =         0.0000  RESTRAINT  =         9.5836
 EAMBER (non-restraint)  =    -12945.9561
 EKCMT  =         0.0000  VIRIAL  =         0.0000  VOLUME     =     32169.6945
                                                    Density    =         1.0083
 Ewald error estimate:   0.2937E-04
 ------------------------------------------------------------------------------


 NSTEP =    39000   TIME(PS) =      98.000  TEMP(K) =   295.60  PRESS =     0.0
 Etot   =    -11075.2269  EKtot   =      1909.1008  EPtot      =    -12984.3277
 BOND   =         4.6364  ANGLE   =        15.4775  DIHED      =        14.1423
 1-4 NB =        12.9318  1-4 EEL =      -671.7571  VDWAALS    =      2510.6404
 EELEC  =    -14884.5797  EHBOND  =         0.0000  RESTRAINT  =        14.1807
 EAMBER (non-restraint)  =    -12998.5084
 EKCMT  =         0.0000  VIRIAL  =         0.0000  VOLUME     =     32424.5526
                                                    Density    =         1.0004
 Ewald error estimate:   0.3790E-03
 ------------------------------------------------------------------------------


 NSTEP =    39500   TIME(PS) =      99.000  TEMP(K) =   297.16  PRESS =     0.0
 Etot   =    -11043.4074  EKtot   =      1919.1909  EPtot      =    -12962.5983
 BOND   =         7.4347  ANGLE   =        12.8882  DIHED      =         9.9413
 1-4 NB =        12.7313  1-4 EEL =      -673.7796  VDWAALS    =      2436.4633
 EELEC  =    -14781.0097  EHBOND  =         0.0000  RESTRAINT  =        12.7322
 EAMBER (non-restraint)  =    -12975.3305
 EKCMT  =         0.0000  VIRIAL  =         0.0000  VOLUME     =     32307.9106
                                                    Density    =         1.0040
 Ewald error estimate:   0.2608E-04
 ------------------------------------------------------------------------------


 NSTEP =    40000   TIME(PS) =     100.000  TEMP(K) =   299.83  PRESS =     0.0
 Etot   =    -11037.6594  EKtot   =      1936.4099  EPtot      =    -12974.0693
 BOND   =         9.0444  ANGLE   =        10.5672  DIHED      =        12.6735
 1-4 NB =        12.4496  1-4 EEL =      -669.5714  VDWAALS    =      2568.1309
 EELEC  =    -14926.2247  EHBOND  =         0.0000  RESTRAINT  =         8.8612
 EAMBER (non-restraint)  =    -12982.9305
 EKCMT  =         0.0000  VIRIAL  =         0.0000  VOLUME     =     32228.5982
                                                    Density    =         1.0065
 Ewald error estimate:   0.1564E-03
 ------------------------------------------------------------------------------


 NSTEP =    40500   TIME(PS) =     101.000  TEMP(K) =   294.04  PRESS =     0.0
 Etot   =    -10931.8571  EKtot   =      1899.0246  EPtot      =    -12830.8817
 BOND   =         9.3154  ANGLE   =        14.2234  DIHED      =        14.3151
 1-4 NB =        14.2384  1-4 EEL =      -673.3502  VDWAALS    =      2400.5029
 EELEC  =    -14618.4150  EHBOND  =         0.0000  RESTRAINT  =         8.2883
 EAMBER (non-restraint)  =    -12839.1700
 EKCMT  =         0.0000  VIRIAL  =         0.0000  VOLUME     =     32255.6116
                                                    Density    =         1.0056
 Ewald error estimate:   0.1408E-03
 ------------------------------------------------------------------------------


 NSTEP =    41000   TIME(PS) =     102.000  TEMP(K) =   290.94  PRESS =     0.0
 Etot   =    -11048.1939  EKtot   =      1878.9744  EPtot      =    -12927.1683
 BOND   =         8.2099  ANGLE   =        10.6073  DIHED      =        14.7531
 1-4 NB =        14.0923  1-4 EEL =      -678.1403  VDWAALS    =      2471.5467
 EELEC  =    -14777.1065  EHBOND  =         0.0000  RESTRAINT  =         8.8693
 EAMBER (non-restraint)  =    -12936.0376
 EKCMT  =         0.0000  VIRIAL  =         0.0000  VOLUME     =     32047.4584
                                                    Density    =         1.0121
 Ewald error estimate:   0.1912E-03
 ------------------------------------------------------------------------------


 NSTEP =    41500   TIME(PS) =     103.000  TEMP(K) =   299.65  PRESS =     0.0
 Etot   =    -11004.7230  EKtot   =      1935.2815  EPtot      =    -12940.0045
 BOND   =         6.8530  ANGLE   =        12.2620  DIHED      =        10.6647
 1-4 NB =        13.4030  1-4 EEL =      -671.4285  VDWAALS    =      2386.1996
 EELEC  =    -14707.4926  EHBOND  =         0.0000  RESTRAINT  =         9.5344
 EAMBER (non-restraint)  =    -12949.5389
 EKCMT  =         0.0000  VIRIAL  =         0.0000  VOLUME     =     31928.0316
                                                    Density    =         1.0159
 Ewald error estimate:   0.9945E-04
 ------------------------------------------------------------------------------


 NSTEP =    42000   TIME(PS) =     104.000  TEMP(K) =   292.92  PRESS =     0.0
 Etot   =    -11076.2471  EKtot   =      1891.7637  EPtot      =    -12968.0108
 BOND   =         7.4499  ANGLE   =        12.8066  DIHED      =        11.0342
 1-4 NB =        14.6149  1-4 EEL =      -677.6565  VDWAALS    =      2528.5847
 EELEC  =    -14876.6625  EHBOND  =         0.0000  RESTRAINT  =        11.8179
 EAMBER (non-restraint)  =    -12979.8287
 EKCMT  =         0.0000  VIRIAL  =         0.0000  VOLUME     =     31578.9339
                                                    Density    =         1.0272
 Ewald error estimate:   0.7446E-04
 ------------------------------------------------------------------------------


 NSTEP =    42500   TIME(PS) =     105.000  TEMP(K) =   300.89  PRESS =     0.0
 Etot   =    -11014.5507  EKtot   =      1943.2631  EPtot      =    -12957.8139
 BOND   =        10.1516  ANGLE   =        14.4538  DIHED      =        12.8844
 1-4 NB =        11.9368  1-4 EEL =      -671.6530  VDWAALS    =      2410.1676
 EELEC  =    -14755.8781  EHBOND  =         0.0000  RESTRAINT  =        10.1231
 EAMBER (non-restraint)  =    -12967.9370
 EKCMT  =         0.0000  VIRIAL  =         0.0000  VOLUME     =     31975.0838
                                                    Density    =         1.0144
 Ewald error estimate:   0.1488E-03
 ------------------------------------------------------------------------------


 NSTEP =    43000   TIME(PS) =     106.000  TEMP(K) =   302.17  PRESS =     0.0
 Etot   =    -11014.2566  EKtot   =      1951.5319  EPtot      =    -12965.7885
 BOND   =         8.3112  ANGLE   =        12.9338  DIHED      =        13.6752
 1-4 NB =        13.9253  1-4 EEL =      -673.2117  VDWAALS    =      2437.1163
 EELEC  =    -14790.3808  EHBOND  =         0.0000  RESTRAINT  =        11.8421
 EAMBER (non-restraint)  =    -12977.6306
 EKCMT  =         0.0000  VIRIAL  =         0.0000  VOLUME     =     31973.4366
                                                    Density    =         1.0145
 Ewald error estimate:   0.3107E-03
 ------------------------------------------------------------------------------


 NSTEP =    43500   TIME(PS) =     107.000  TEMP(K) =   299.21  PRESS =     0.0
 Etot   =    -11017.9350  EKtot   =      1932.4193  EPtot      =    -12950.3543
 BOND   =         4.3127  ANGLE   =        19.5630  DIHED      =        12.7161
 1-4 NB =        15.2442  1-4 EEL =      -674.3606  VDWAALS    =      2528.9202
 EELEC  =    -14865.0190  EHBOND  =         0.0000  RESTRAINT  =         8.2692
 EAMBER (non-restraint)  =    -12958.6234
 EKCMT  =         0.0000  VIRIAL  =         0.0000  VOLUME     =     31825.8869
                                                    Density    =         1.0192
 Ewald error estimate:   0.2271E-03
 ------------------------------------------------------------------------------


 NSTEP =    44000   TIME(PS) =     108.000  TEMP(K) =   308.94  PRESS =     0.0
 Etot   =    -11010.8556  EKtot   =      1995.2796  EPtot      =    -13006.1352
 BOND   =         5.1140  ANGLE   =        13.2297  DIHED      =        14.5323
 1-4 NB =        11.2649  1-4 EEL =      -665.9674  VDWAALS    =      2473.2837
 EELEC  =    -14869.8161  EHBOND  =         0.0000  RESTRAINT  =        12.2237
 EAMBER (non-restraint)  =    -13018.3589
 EKCMT  =         0.0000  VIRIAL  =         0.0000  VOLUME     =     31853.0124
                                                    Density    =         1.0183
 Ewald error estimate:   0.3221E-04
 ------------------------------------------------------------------------------


 NSTEP =    44500   TIME(PS) =     109.000  TEMP(K) =   296.41  PRESS =     0.0
 Etot   =    -11048.7975  EKtot   =      1914.3241  EPtot      =    -12963.1216
 BOND   =         7.0610  ANGLE   =        20.6069  DIHED      =        14.8193
 1-4 NB =        14.6891  1-4 EEL =      -674.0333  VDWAALS    =      2503.6198
 EELEC  =    -14861.7641  EHBOND  =         0.0000  RESTRAINT  =        11.8796
 EAMBER (non-restraint)  =    -12975.0012
 EKCMT  =         0.0000  VIRIAL  =         0.0000  VOLUME     =     31853.0124
                                                    Density    =         1.0183
 Ewald error estimate:   0.5550E-03
 ------------------------------------------------------------------------------


 NSTEP =    45000   TIME(PS) =     110.000  TEMP(K) =   297.52  PRESS =     0.0
 Etot   =    -11018.6177  EKtot   =      1921.5233  EPtot      =    -12940.1410
 BOND   =         2.9093  ANGLE   =        11.1506  DIHED      =        10.6783
 1-4 NB =        13.0147  1-4 EEL =      -664.4525  VDWAALS    =      2510.3561
 EELEC  =    -14830.2446  EHBOND  =         0.0000  RESTRAINT  =         6.4471
 EAMBER (non-restraint)  =    -12946.5881
 EKCMT  =         0.0000  VIRIAL  =         0.0000  VOLUME     =     32063.5464
                                                    Density    =         1.0116
 Ewald error estimate:   0.5988E-04
 ------------------------------------------------------------------------------


 NSTEP =    45500   TIME(PS) =     111.000  TEMP(K) =   302.78  PRESS =     0.0
 Etot   =    -10942.4244  EKtot   =      1955.4520  EPtot      =    -12897.8763
 BOND   =         7.1174  ANGLE   =        13.6387  DIHED      =        11.3287
 1-4 NB =        14.0923  1-4 EEL =      -673.3599  VDWAALS    =      2490.6830
 EELEC  =    -14771.2026  EHBOND  =         0.0000  RESTRAINT  =         9.8261
 EAMBER (non-restraint)  =    -12907.7025
 EKCMT  =         0.0000  VIRIAL  =         0.0000  VOLUME     =     32162.2279
                                                    Density    =         1.0085
 Ewald error estimate:   0.2543E-03
 ------------------------------------------------------------------------------


 NSTEP =    46000   TIME(PS) =     112.000  TEMP(K) =   302.06  PRESS =     0.0
 Etot   =    -11035.0302  EKtot   =      1950.8225  EPtot      =    -12985.8527
 BOND   =         8.9137  ANGLE   =        20.6195  DIHED      =        10.6587
 1-4 NB =        11.8547  1-4 EEL =      -671.7070  VDWAALS    =      2504.2549
 EELEC  =    -14879.4795  EHBOND  =         0.0000  RESTRAINT  =         9.0324
 EAMBER (non-restraint)  =    -12994.8851
 EKCMT  =         0.0000  VIRIAL  =         0.0000  VOLUME     =     31856.7050
                                                    Density    =         1.0182
 Ewald error estimate:   0.9781E-04
 ------------------------------------------------------------------------------


 NSTEP =    46500   TIME(PS) =     113.000  TEMP(K) =   302.09  PRESS =     0.0
 Etot   =    -11026.4328  EKtot   =      1950.9979  EPtot      =    -12977.4307
 BOND   =         8.8447  ANGLE   =        11.2858  DIHED      =         9.3523
 1-4 NB =        13.7002  1-4 EEL =      -674.3536  VDWAALS    =      2318.9899
 EELEC  =    -14675.5788  EHBOND  =         0.0000  RESTRAINT  =        10.3289
 EAMBER (non-restraint)  =    -12987.7596
 EKCMT  =         0.0000  VIRIAL  =         0.0000  VOLUME     =     31951.3391
                                                    Density    =         1.0152
 Ewald error estimate:   0.2347E-03
 ------------------------------------------------------------------------------


 NSTEP =    47000   TIME(PS) =     114.000  TEMP(K) =   295.87  PRESS =     0.0
 Etot   =    -11072.3016  EKtot   =      1910.8088  EPtot      =    -12983.1104
 BOND   =         4.4690  ANGLE   =        14.9215  DIHED      =        11.3988
 1-4 NB =        11.2045  1-4 EEL =      -665.9194  VDWAALS    =      2478.3705
 EELEC  =    -14847.8074  EHBOND  =         0.0000  RESTRAINT  =        10.2520
 EAMBER (non-restraint)  =    -12993.3624
 EKCMT  =         0.0000  VIRIAL  =         0.0000  VOLUME     =     32301.1837
                                                    Density    =         1.0042
 Ewald error estimate:   0.2030E-03
 ------------------------------------------------------------------------------


 NSTEP =    47500   TIME(PS) =     115.000  TEMP(K) =   284.25  PRESS =     0.0
 Etot   =    -11139.7059  EKtot   =      1835.7738  EPtot      =    -12975.4797
 BOND   =         6.9315  ANGLE   =        13.4946  DIHED      =        11.8337
 1-4 NB =        14.2172  1-4 EEL =      -677.7754  VDWAALS    =      2496.7187
 EELEC  =    -14846.8686  EHBOND  =         0.0000  RESTRAINT  =         5.9686
 EAMBER (non-restraint)  =    -12981.4483
 EKCMT  =         0.0000  VIRIAL  =         0.0000  VOLUME     =     31751.4094
                                                    Density    =         1.0216
 Ewald error estimate:   0.2680E-04
 ------------------------------------------------------------------------------


 NSTEP =    48000   TIME(PS) =     116.000  TEMP(K) =   300.00  PRESS =     0.0
 Etot   =    -11091.1602  EKtot   =      1937.5239  EPtot      =    -13028.6841
 BOND   =         6.4578  ANGLE   =        14.8562  DIHED      =        10.9357
 1-4 NB =        11.9793  1-4 EEL =      -670.1602  VDWAALS    =      2516.3024
 EELEC  =    -14929.3218  EHBOND  =         0.0000  RESTRAINT  =        10.2665
 EAMBER (non-restraint)  =    -13038.9505
 EKCMT  =         0.0000  VIRIAL  =         0.0000  VOLUME     =     31905.6908
                                                    Density    =         1.0166
 Ewald error estimate:   0.3427E-04
 ------------------------------------------------------------------------------


 NSTEP =    48500   TIME(PS) =     117.000  TEMP(K) =   300.22  PRESS =     0.0
 Etot   =    -11040.6763  EKtot   =      1938.9552  EPtot      =    -12979.6315
 BOND   =        10.3904  ANGLE   =        11.1820  DIHED      =        11.9570
 1-4 NB =        12.6324  1-4 EEL =      -672.5536  VDWAALS    =      2504.7896
 EELEC  =    -14867.3307  EHBOND  =         0.0000  RESTRAINT  =         9.3014
 EAMBER (non-restraint)  =    -12988.9329
 EKCMT  =         0.0000  VIRIAL  =         0.0000  VOLUME     =     32183.0299
                                                    Density    =         1.0079
 Ewald error estimate:   0.9360E-03
 ------------------------------------------------------------------------------


 NSTEP =    49000   TIME(PS) =     118.000  TEMP(K) =   294.61  PRESS =     0.0
 Etot   =    -11014.3770  EKtot   =      1902.6794  EPtot      =    -12917.0564
 BOND   =         9.1309  ANGLE   =        10.9383  DIHED      =        10.2676
 1-4 NB =        12.1190  1-4 EEL =      -670.5440  VDWAALS    =      2561.7087
 EELEC  =    -14859.6875  EHBOND  =         0.0000  RESTRAINT  =         9.0106
 EAMBER (non-restraint)  =    -12926.0670
 EKCMT  =         0.0000  VIRIAL  =         0.0000  VOLUME     =     32034.9829
                                                    Density    =         1.0125
 Ewald error estimate:   0.1196E-03
 ------------------------------------------------------------------------------


 NSTEP =    49500   TIME(PS) =     119.000  TEMP(K) =   292.71  PRESS =     0.0
 Etot   =    -10955.4323  EKtot   =      1890.4038  EPtot      =    -12845.8360
 BOND   =         5.7625  ANGLE   =        15.1618  DIHED      =        11.9558
 1-4 NB =        14.4876  1-4 EEL =      -675.2943  VDWAALS    =      2435.4244
 EELEC  =    -14663.4799  EHBOND  =         0.0000  RESTRAINT  =        10.1462
 EAMBER (non-restraint)  =    -12855.9822
 EKCMT  =         0.0000  VIRIAL  =         0.0000  VOLUME     =     32171.4971
                                                    Density    =         1.0082
 Ewald error estimate:   0.9947E-04
 ------------------------------------------------------------------------------


 NSTEP =    50000   TIME(PS) =     120.000  TEMP(K) =   285.63  PRESS =     0.0
 Etot   =    -11030.9830  EKtot   =      1844.6941  EPtot      =    -12875.6770
 BOND   =         5.6886  ANGLE   =         9.6360  DIHED      =        13.0403
 1-4 NB =        11.7735  1-4 EEL =      -672.8393  VDWAALS    =      2576.1558
 EELEC  =    -14828.0808  EHBOND  =         0.0000  RESTRAINT  =         8.9487
 EAMBER (non-restraint)  =    -12884.6258
 EKCMT  =         0.0000  VIRIAL  =         0.0000  VOLUME     =     32059.7979
                                                    Density    =         1.0118
 Ewald error estimate:   0.1854E-03
 ------------------------------------------------------------------------------


      A V E R A G E S   O V E R     100 S T E P S


 NSTEP =    50000   TIME(PS) =     120.000  TEMP(K) =   297.51  PRESS =     0.0
 Etot   =    -11004.1042  EKtot   =      1921.4189  EPtot      =    -12925.5231
 BOND   =         7.7058  ANGLE   =        14.7872  DIHED      =        12.4326
 1-4 NB =        13.2214  1-4 EEL =      -672.2203  VDWAALS    =      2479.0765
 EELEC  =    -14789.5892  EHBOND  =         0.0000  RESTRAINT  =         9.0629
 EAMBER (non-restraint)  =    -12934.5860
 EKCMT  =         0.0000  VIRIAL  =         0.0000  VOLUME     =     32199.2579
                                                    Density    =         1.0078
 Ewald error estimate:   0.1939E-03
 ------------------------------------------------------------------------------


      R M S  F L U C T U A T I O N S


 NSTEP =    50000   TIME(PS) =     120.000  TEMP(K) =     4.65  PRESS =     0.0
 Etot   =        74.5011  EKtot   =        30.0034  EPtot      =        68.8936
 BOND   =         2.3445  ANGLE   =         2.7522  DIHED      =         1.6942
 1-4 NB =         1.0521  1-4 EEL =         3.7968  VDWAALS    =        57.5032
 EELEC  =        98.4150  EHBOND  =         0.0000  RESTRAINT  =         1.8800
 EAMBER (non-restraint)  =        67.0136
 EKCMT  =         0.0000  VIRIAL  =         0.0000  VOLUME     =       685.2495
                                                    Density    =         0.0202
 Ewald error estimate:   0.1568E-03
 ------------------------------------------------------------------------------

| MC Barostat:        500 volume changes attempted.
| MC Barostat:        240 changes successful ( 48.00%)
 ------------------------------------------------------------------------------

--------------------------------------------------------------------------------
   5.  TIMINGS
--------------------------------------------------------------------------------

|  NonSetup CPU Time in Major Routines, Average for All Tasks:
|
|     Routine           Sec        %
|     ------------------------------
|     DataDistrib       9.96    9.59
|     Nonbond          88.45   85.12
|     Bond              0.14    0.13
|     Angle             0.16    0.15
|     Dihedral          0.20    0.19
|     Shake             0.60    0.58
|     RunMD             4.20    4.05
|     Other             0.19    0.18
|     ------------------------------
|     Total           103.90

|  PME Nonbond Pairlist CPU Time, Average for All Tasks:
|
|     Routine              Sec        %
|     ---------------------------------
|     Set Up Cit           0.29    0.28
|     Build List          10.44   10.04
|     ---------------------------------
|     Total               10.72   10.32

|  PME Direct Force CPU Time, Average for All Tasks:
|
|     Routine              Sec        %
|     ---------------------------------
|     NonBonded Calc      61.27   58.96
|     Exclude Masked       0.67    0.64
|     Other                2.42    2.33
|     ---------------------------------
|     Total               64.35   61.94

|  PME Reciprocal Force CPU Time, Average for All Tasks:
|
|     Routine              Sec        %
|     ---------------------------------
|     1D bspline           1.11    1.07
|     Grid Charges         1.22    1.17
|     Scalar Sum           1.16    1.12
|     Gradient Sum         2.11    2.03
|     FFT                  7.48    7.20
|     ---------------------------------
|     Total               13.07   12.58

|  PME Load Balancing CPU Time, Average for All Tasks:
|
|     Routine                 Sec        %
|     ------------------------------------
|     Atom Reassign           0.00    0.00
|     Image Reassign          0.00    0.00
|     FFT Reassign            0.00    0.00
|     ------------------------------------
|     Total                   0.01    0.01

|  Final Performance Info:
|     -----------------------------------------------------
|     Average timings for last   20500 steps:
|     Elapsed(s) =      42.97 Per Step(ms) =       2.10
|         ns/day =      82.44   seconds/ns =    1048.03
|
|     Average timings for all steps:
|     Elapsed(s) =     104.20 Per Step(ms) =       2.08
|         ns/day =      82.92   seconds/ns =    1041.97
|     -----------------------------------------------------

|  Master Setup CPU time:            0.03 seconds
|  Master NonSetup CPU time:       103.22 seconds
|  Master Total CPU time:          103.26 seconds     0.03 hours

|  Master Setup wall time:           1    seconds
|  Master NonSetup wall time:      104    seconds
|  Master Total wall time:         105    seconds     0.03 hours
