
          -------------------------------------------------------
          Amber 18 PMEMD                              2018
          -------------------------------------------------------

| PMEMD implementation of SANDER, Release 18

| Run on 03/09/2022 at 00:33:52

|   Executable path: pmemd.MPI
| Working directory: /bgfs/lchong/dty7/ff15ipq-lig/charges/v00/GenConformers/Conf5
|          Hostname: smp-n123

  [-O]verwriting output

File Assignments:
|   MDIN: ../../../amber/6.3_eq2.in                                             
|  MDOUT: 6.3_eq2.out                                                           
| INPCRD: 6.2_eq1.rst                                                           
|   PARM: ../../mon.top                                                         
| RESTRT: 6.3_eq2.rst                                                           
|   REFC: 6.2_eq1.rst                                                           
|  MDVEL: mdvel                                                                 
|   MDEN: mden                                                                  
|  MDCRD: mdcrd                                                                 
| MDINFO: mdinfo                                                                
|LOGFILE: logfile                                                               
|  MDFRC: mdfrc                                                                 

 
 Here is the input file:
 
&cntrl                                                                         
  imin      = 0,                                                               
  irest     = 1,                                                               
  ntx       = 5,                                                               
  ig        = -1,                                                              
  dt        = 0.002,                                                           
  nstlim    = 50000,                                                           
  nscm      = 500,                                                             
  ntr       = 1,                                                               
  restraintmask = ':1',                                                        
  restraint_wt  = 10.0,                                                        
  ntb       = 2,                                                               
  ntp       = 1,                                                               
  barostat  = 2,                                                               
  pres0     = 1.0,                                                             
  mcbarint  = 100,                                                             
  comp      = 44.6,                                                            
  taup      = 1.0,                                                             
  ntt       = 3,                                                               
  temp0     = 298.0,                                                           
  gamma_ln  = 1.0,                                                             
  ntf       = 2,                                                               
  ntc       = 2,                                                               
  cut       = 10.0,                                                            
  ntpr      = 500,                                                             
  ntxo      = 1,                                                               
  ntwr      = 50000,                                                           
  ioutfm    = 1,                                                               
  ntwx      = 500,                                                             
  iwrap     = 1,                                                               
&end                                                                           


Note: ig = -1. Setting random seed to   487790 based on wallclock time in
      microseconds and disabling the synchronization of random numbers 
      between tasks to improve performance.
| irandom = 1, using AMBER's internal random number generator (default).
 
 
| Conditional Compilation Defines Used:
| MPI
| FFTW_FFT
| BINTRAJ
| MKL
| EMIL
 
| Largest sphere to fit in unit cell has radius =    14.716

| New format PARM file being parsed.
| Version =    1.000 Date = 03/08/22 Time = 18:50:46

| Note: 1-4 EEL scale factors are being read from the topology file.

| Note: 1-4 VDW scale factors are being read from the topology file.
| Duplicated    0 dihedrals

| Duplicated    0 dihedrals

--------------------------------------------------------------------------------
   1.  RESOURCE   USE: 
--------------------------------------------------------------------------------

 getting box info from netcdf restart file
 NATOM  =    3240 NTYPES =      14 NBONH =    3220 MBONA  =      21
 NTHETH =      33 MTHETA =      29 NPHIH =      58 MPHIA  =      46
 NHPARM =       0 NPARM  =       0 NNB   =    4456 NRES   =    1069
 NBONA  =      21 NTHETA =      29 NPHIA =      46 NUMBND =      22
 NUMANG =      35 NPTRA  =      22 NATYP =      17 NPHB   =       1
 IFBOX  =       2 NMXRS  =      36 IFCAP =       0 NEXTRA =       0
 NCOPY  =       0

| Coordinate Index Table dimensions:     5    5    5
| Direct force subcell size =     7.2095    7.2095    7.2095

     BOX TYPE: TRUNCATED OCTAHEDRON

--------------------------------------------------------------------------------
   2.  CONTROL  DATA  FOR  THE  RUN
--------------------------------------------------------------------------------

MON                                                                             

General flags:
     imin    =       0, nmropt  =       0

Nature and format of input:
     ntx     =       5, irest   =       1, ntrx    =       1

Nature and format of output:
     ntxo    =       1, ntpr    =     500, ntrx    =       1, ntwr    =   50000
     iwrap   =       1, ntwx    =     500, ntwv    =       0, ntwe    =       0
     ioutfm  =       1, ntwprt  =       0, idecomp =       0, rbornstat=      0

Potential function:
     ntf     =       2, ntb     =       2, igb     =       0, nsnb    =      25
     ipol    =       0, gbsa    =       0, iesp    =       0
     dielc   =   1.00000, cut     =  10.00000, intdiel =   1.00000

Frozen or restrained atoms:
     ibelly  =       0, ntr     =       1
     restraint_wt =  10.00000

Molecular dynamics:
     nstlim  =     50000, nscm    =         0, nrespa  =         1
     t       =   0.00000, dt      =   0.00200, vlimit  =  20.00000

Langevin dynamics temperature regulation:
     ig      =  487790
     temp0   = 298.00000, tempi   =   0.00000, gamma_ln=   1.00000

Pressure regulation:
     ntp     =       1
     pres0   =   1.00000, comp    =  44.60000, taup    =   1.00000
     Monte-Carlo Barostat:
     mcbarint  =     100

SHAKE:
     ntc     =       2, jfastw  =       0
     tol     =   0.00001

| Intermolecular bonds treatment:
|     no_intermolecular_bonds =       1

| Energy averages sample interval:
|     ene_avg_sampling =     500

Ewald parameters:
     verbose =       0, ew_type =       0, nbflag  =       1, use_pme =       1
     vdwmeth =       1, eedmeth =       1, netfrc  =       1
     Box X =   36.048   Box Y =   36.048   Box Z =   36.048
     Alpha =  109.471   Beta  =  109.471   Gamma =  109.471
     NFFT1 =   40       NFFT2 =   40       NFFT3 =   40
     Cutoff=   10.000   Tol   =0.100E-04
     Ewald Coefficient =  0.27511
     Interpolation order =    4

| PMEMD ewald parallel performance parameters:
|     block_fft =    0
|     fft_blk_y_divisor =    2
|     excl_recip =    0
|     excl_master =    0
|     atm_redist_freq =  320

    LOADING THE CONSTRAINED ATOMS AS GROUPS


   5.  REFERENCE ATOM COORDINATES

  MON                                                                             
     Mask :1; matches    36 atoms
| MONTE CARLO BAROSTAT IMPORTANT NOTE:
|   The Monte-Carlo barostat does not require the virial to adjust the system volume.
|   Since it is an expensive calculation, it is skipped for efficiency. A side-effect
|   is that the reported pressure is always 0 because it is not calculated.

--------------------------------------------------------------------------------
   3.  ATOMIC COORDINATES AND VELOCITIES
--------------------------------------------------------------------------------

MON                                                                             
 begin time read from input coords =    20.000 ps

 
 Number of triangulated 3-point waters found:     1068

     Sum of charges from parm topology file =  -0.00200217
     Forcing neutrality...

| Dynamic Memory, Types Used:
| Reals             1243290
| Integers           213809

| Nonbonded Pairs Initial Allocation:      317358

| Running AMBER/MPI version on    8 MPI task

 
--------------------------------------------------------------------------------
   4.  RESULTS
--------------------------------------------------------------------------------

 ---------------------------------------------------
 APPROXIMATING switch and d/dx switch using CUBIC SPLINE INTERPOLATION
 using   5000.0 points per unit in tabled values
 TESTING RELATIVE ERROR over r ranging from 0.0 to cutoff
| CHECK switch(x): max rel err =   0.3316E-14   at   2.351880
| CHECK d/dx switch(x): max rel err =   0.8066E-11   at   2.747240
 ---------------------------------------------------
|---------------------------------------------------
| APPROXIMATING direct energy using CUBIC SPLINE INTERPOLATION
|  with   50.0 points per unit in tabled values
| Relative Error Limit not exceeded for r .gt.   2.34
| APPROXIMATING direct force using CUBIC SPLINE INTERPOLATION
|  with   50.0 points per unit in tabled values
| Relative Error Limit not exceeded for r .gt.   2.81
|---------------------------------------------------

 NSTEP =      500   TIME(PS) =      21.000  TEMP(K) =   299.44  PRESS =     0.0
 Etot   =    -10465.8931  EKtot   =      1933.8678  EPtot      =    -12399.7609
 BOND   =         5.6068  ANGLE   =        12.6605  DIHED      =        12.5166
 1-4 NB =        11.0893  1-4 EEL =      -245.7382  VDWAALS    =      2373.5520
 EELEC  =    -14575.2885  EHBOND  =         0.0000  RESTRAINT  =         5.8405
 EAMBER (non-restraint)  =    -12405.6015
 EKCMT  =         0.0000  VIRIAL  =         0.0000  VOLUME     =     35890.9113
                                                    Density    =         0.9038
 Ewald error estimate:   0.1910E-03
 ------------------------------------------------------------------------------


 NSTEP =     1000   TIME(PS) =      22.000  TEMP(K) =   308.66  PRESS =     0.0
 Etot   =    -10419.7777  EKtot   =      1993.4459  EPtot      =    -12413.2236
 BOND   =         8.7008  ANGLE   =        17.0223  DIHED      =        16.8635
 1-4 NB =        11.0546  1-4 EEL =      -244.2037  VDWAALS    =      2412.1757
 EELEC  =    -14643.4800  EHBOND  =         0.0000  RESTRAINT  =         8.6431
 EAMBER (non-restraint)  =    -12421.8668
 EKCMT  =         0.0000  VIRIAL  =         0.0000  VOLUME     =     35772.7935
                                                    Density    =         0.9067
 Ewald error estimate:   0.1618E-03
 ------------------------------------------------------------------------------


 NSTEP =     1500   TIME(PS) =      23.000  TEMP(K) =   308.01  PRESS =     0.0
 Etot   =    -10377.6240  EKtot   =      1989.2754  EPtot      =    -12366.8994
 BOND   =         4.5080  ANGLE   =        14.0460  DIHED      =        12.6946
 1-4 NB =        12.7335  1-4 EEL =      -248.1520  VDWAALS    =      2362.6902
 EELEC  =    -14534.8289  EHBOND  =         0.0000  RESTRAINT  =         9.4091
 EAMBER (non-restraint)  =    -12376.3085
 EKCMT  =         0.0000  VIRIAL  =         0.0000  VOLUME     =     35567.5342
                                                    Density    =         0.9120
 Ewald error estimate:   0.5245E-04
 ------------------------------------------------------------------------------


 NSTEP =     2000   TIME(PS) =      24.000  TEMP(K) =   302.96  PRESS =     0.0
 Etot   =    -10445.3509  EKtot   =      1956.6057  EPtot      =    -12401.9566
 BOND   =         6.4053  ANGLE   =        12.7746  DIHED      =        17.7630
 1-4 NB =        11.9261  1-4 EEL =      -248.7021  VDWAALS    =      2327.2285
 EELEC  =    -14537.6559  EHBOND  =         0.0000  RESTRAINT  =         8.3038
 EAMBER (non-restraint)  =    -12410.2604
 EKCMT  =         0.0000  VIRIAL  =         0.0000  VOLUME     =     35043.0185
                                                    Density    =         0.9256
 Ewald error estimate:   0.3374E-03
 ------------------------------------------------------------------------------


 NSTEP =     2500   TIME(PS) =      25.000  TEMP(K) =   292.36  PRESS =     0.0
 Etot   =    -10602.5683  EKtot   =      1888.1752  EPtot      =    -12490.7434
 BOND   =         2.9933  ANGLE   =        17.1879  DIHED      =        14.9800
 1-4 NB =        13.4035  1-4 EEL =      -248.1437  VDWAALS    =      2386.4269
 EELEC  =    -14685.3261  EHBOND  =         0.0000  RESTRAINT  =         7.7347
 EAMBER (non-restraint)  =    -12498.4781
 EKCMT  =         0.0000  VIRIAL  =         0.0000  VOLUME     =     34729.8097
                                                    Density    =         0.9340
 Ewald error estimate:   0.1468E-04
 ------------------------------------------------------------------------------


 NSTEP =     3000   TIME(PS) =      26.000  TEMP(K) =   301.99  PRESS =     0.0
 Etot   =    -10593.7255  EKtot   =      1950.3574  EPtot      =    -12544.0828
 BOND   =         8.3895  ANGLE   =        17.2429  DIHED      =        17.0382
 1-4 NB =        11.8152  1-4 EEL =      -248.8262  VDWAALS    =      2422.4918
 EELEC  =    -14778.7070  EHBOND  =         0.0000  RESTRAINT  =         6.4728
 EAMBER (non-restraint)  =    -12550.5557
 EKCMT  =         0.0000  VIRIAL  =         0.0000  VOLUME     =     34659.6449
                                                    Density    =         0.9359
 Ewald error estimate:   0.7877E-05
 ------------------------------------------------------------------------------


 NSTEP =     3500   TIME(PS) =      27.000  TEMP(K) =   293.61  PRESS =     0.0
 Etot   =    -10648.1158  EKtot   =      1896.2225  EPtot      =    -12544.3383
 BOND   =         4.8904  ANGLE   =        18.1140  DIHED      =        13.6024
 1-4 NB =        11.0830  1-4 EEL =      -245.7867  VDWAALS    =      2361.9104
 EELEC  =    -14714.6219  EHBOND  =         0.0000  RESTRAINT  =         6.4701
 EAMBER (non-restraint)  =    -12550.8084
 EKCMT  =         0.0000  VIRIAL  =         0.0000  VOLUME     =     34239.6233
                                                    Density    =         0.9473
 Ewald error estimate:   0.4352E-04
 ------------------------------------------------------------------------------


 NSTEP =     4000   TIME(PS) =      28.000  TEMP(K) =   299.55  PRESS =     0.0
 Etot   =    -10646.4405  EKtot   =      1934.6210  EPtot      =    -12581.0615
 BOND   =         8.4961  ANGLE   =         9.8620  DIHED      =        13.3665
 1-4 NB =        12.4724  1-4 EEL =      -245.8364  VDWAALS    =      2411.4802
 EELEC  =    -14798.6726  EHBOND  =         0.0000  RESTRAINT  =         7.7702
 EAMBER (non-restraint)  =    -12588.8318
 EKCMT  =         0.0000  VIRIAL  =         0.0000  VOLUME     =     34084.6774
                                                    Density    =         0.9516
 Ewald error estimate:   0.8611E-04
 ------------------------------------------------------------------------------


 NSTEP =     4500   TIME(PS) =      29.000  TEMP(K) =   298.58  PRESS =     0.0
 Etot   =    -10593.9290  EKtot   =      1928.3571  EPtot      =    -12522.2862
 BOND   =         5.9636  ANGLE   =        14.3645  DIHED      =        18.4941
 1-4 NB =        11.5528  1-4 EEL =      -246.1249  VDWAALS    =      2379.9591
 EELEC  =    -14714.9811  EHBOND  =         0.0000  RESTRAINT  =         8.4857
 EAMBER (non-restraint)  =    -12530.7719
 EKCMT  =         0.0000  VIRIAL  =         0.0000  VOLUME     =     33702.2906
                                                    Density    =         0.9624
 Ewald error estimate:   0.6966E-04
 ------------------------------------------------------------------------------


 NSTEP =     5000   TIME(PS) =      30.000  TEMP(K) =   299.74  PRESS =     0.0
 Etot   =    -10536.6803  EKtot   =      1935.8565  EPtot      =    -12472.5368
 BOND   =         4.9462  ANGLE   =        17.6761  DIHED      =        17.0804
 1-4 NB =        12.3772  1-4 EEL =      -247.0329  VDWAALS    =      2379.5194
 EELEC  =    -14666.4948  EHBOND  =         0.0000  RESTRAINT  =         9.3917
 EAMBER (non-restraint)  =    -12481.9285
 EKCMT  =         0.0000  VIRIAL  =         0.0000  VOLUME     =     33268.3606
                                                    Density    =         0.9750
 Ewald error estimate:   0.1747E-03
 ------------------------------------------------------------------------------


 NSTEP =     5500   TIME(PS) =      31.000  TEMP(K) =   302.93  PRESS =     0.0
 Etot   =    -10509.0193  EKtot   =      1956.4052  EPtot      =    -12465.4245
 BOND   =         4.8281  ANGLE   =        16.8648  DIHED      =        18.5330
 1-4 NB =        12.7038  1-4 EEL =      -249.0902  VDWAALS    =      2333.5883
 EELEC  =    -14611.4198  EHBOND  =         0.0000  RESTRAINT  =         8.5674
 EAMBER (non-restraint)  =    -12473.9919
 EKCMT  =         0.0000  VIRIAL  =         0.0000  VOLUME     =     33261.8485
                                                    Density    =         0.9752
 Ewald error estimate:   0.4416E-04
 ------------------------------------------------------------------------------


 NSTEP =     6000   TIME(PS) =      32.000  TEMP(K) =   303.79  PRESS =     0.0
 Etot   =    -10583.9809  EKtot   =      1961.9625  EPtot      =    -12545.9434
 BOND   =         4.7953  ANGLE   =        19.0036  DIHED      =        19.9262
 1-4 NB =        11.6592  1-4 EEL =      -248.5987  VDWAALS    =      2399.9429
 EELEC  =    -14761.4685  EHBOND  =         0.0000  RESTRAINT  =         8.7967
 EAMBER (non-restraint)  =    -12554.7401
 EKCMT  =         0.0000  VIRIAL  =         0.0000  VOLUME     =     33103.0885
                                                    Density    =         0.9799
 Ewald error estimate:   0.2854E-03
 ------------------------------------------------------------------------------


 NSTEP =     6500   TIME(PS) =      33.000  TEMP(K) =   296.79  PRESS =     0.0
 Etot   =    -10727.0252  EKtot   =      1916.7735  EPtot      =    -12643.7987
 BOND   =         7.7932  ANGLE   =        16.3758  DIHED      =        13.0274
 1-4 NB =        12.0451  1-4 EEL =      -247.3841  VDWAALS    =      2507.9725
 EELEC  =    -14960.1452  EHBOND  =         0.0000  RESTRAINT  =         6.5167
 EAMBER (non-restraint)  =    -12650.3154
 EKCMT  =         0.0000  VIRIAL  =         0.0000  VOLUME     =     32497.5777
                                                    Density    =         0.9981
 Ewald error estimate:   0.4712E-03
 ------------------------------------------------------------------------------


 NSTEP =     7000   TIME(PS) =      34.000  TEMP(K) =   285.59  PRESS =     0.0
 Etot   =    -10810.6800  EKtot   =      1844.4734  EPtot      =    -12655.1534
 BOND   =         6.9480  ANGLE   =        15.5848  DIHED      =        15.3591
 1-4 NB =        13.2403  1-4 EEL =      -247.5058  VDWAALS    =      2402.9800
 EELEC  =    -14871.4514  EHBOND  =         0.0000  RESTRAINT  =         9.6916
 EAMBER (non-restraint)  =    -12664.8450
 EKCMT  =         0.0000  VIRIAL  =         0.0000  VOLUME     =     32423.7204
                                                    Density    =         1.0004
 Ewald error estimate:   0.1134E-03
 ------------------------------------------------------------------------------


 NSTEP =     7500   TIME(PS) =      35.000  TEMP(K) =   295.30  PRESS =     0.0
 Etot   =    -10795.5929  EKtot   =      1907.1766  EPtot      =    -12702.7695
 BOND   =        10.7787  ANGLE   =        19.1569  DIHED      =        14.8631
 1-4 NB =        12.5523  1-4 EEL =      -247.3895  VDWAALS    =      2404.2328
 EELEC  =    -14924.4236  EHBOND  =         0.0000  RESTRAINT  =         7.4598
 EAMBER (non-restraint)  =    -12710.2294
 EKCMT  =         0.0000  VIRIAL  =         0.0000  VOLUME     =     32225.0711
                                                    Density    =         1.0066
 Ewald error estimate:   0.3470E-04
 ------------------------------------------------------------------------------


 NSTEP =     8000   TIME(PS) =      36.000  TEMP(K) =   291.87  PRESS =     0.0
 Etot   =    -10821.2587  EKtot   =      1885.0316  EPtot      =    -12706.2903
 BOND   =         4.5522  ANGLE   =        11.7795  DIHED      =        13.8441
 1-4 NB =        10.9814  1-4 EEL =      -244.7264  VDWAALS    =      2494.6036
 EELEC  =    -15005.3098  EHBOND  =         0.0000  RESTRAINT  =         7.9854
 EAMBER (non-restraint)  =    -12714.2756
 EKCMT  =         0.0000  VIRIAL  =         0.0000  VOLUME     =     32176.9656
                                                    Density    =         1.0081
 Ewald error estimate:   0.1303E-03
 ------------------------------------------------------------------------------


 NSTEP =     8500   TIME(PS) =      37.000  TEMP(K) =   288.57  PRESS =     0.0
 Etot   =    -10855.8387  EKtot   =      1863.6639  EPtot      =    -12719.5026
 BOND   =         8.3929  ANGLE   =        15.6393  DIHED      =        17.5569
 1-4 NB =        12.2819  1-4 EEL =      -245.1383  VDWAALS    =      2583.7775
 EELEC  =    -15122.4876  EHBOND  =         0.0000  RESTRAINT  =        10.4747
 EAMBER (non-restraint)  =    -12729.9773
 EKCMT  =         0.0000  VIRIAL  =         0.0000  VOLUME     =     31964.6623
                                                    Density    =         1.0148
 Ewald error estimate:   0.2982E-03
 ------------------------------------------------------------------------------


 NSTEP =     9000   TIME(PS) =      38.000  TEMP(K) =   287.47  PRESS =     0.0
 Etot   =    -10846.1851  EKtot   =      1856.6049  EPtot      =    -12702.7899
 BOND   =         7.1959  ANGLE   =        12.2261  DIHED      =        14.2051
 1-4 NB =        12.8997  1-4 EEL =      -248.6907  VDWAALS    =      2547.1947
 EELEC  =    -15059.8841  EHBOND  =         0.0000  RESTRAINT  =        12.0634
 EAMBER (non-restraint)  =    -12714.8534
 EKCMT  =         0.0000  VIRIAL  =         0.0000  VOLUME     =     31844.8774
                                                    Density    =         1.0186
 Ewald error estimate:   0.1210E-03
 ------------------------------------------------------------------------------


 NSTEP =     9500   TIME(PS) =      39.000  TEMP(K) =   284.26  PRESS =     0.0
 Etot   =    -10845.9091  EKtot   =      1835.8693  EPtot      =    -12681.7785
 BOND   =         6.3819  ANGLE   =        13.4486  DIHED      =        14.6243
 1-4 NB =        12.1779  1-4 EEL =      -249.2250  VDWAALS    =      2464.2199
 EELEC  =    -14953.5432  EHBOND  =         0.0000  RESTRAINT  =        10.1372
 EAMBER (non-restraint)  =    -12691.9157
 EKCMT  =         0.0000  VIRIAL  =         0.0000  VOLUME     =     31810.2528
                                                    Density    =         1.0197
 Ewald error estimate:   0.7622E-04
 ------------------------------------------------------------------------------


 NSTEP =    10000   TIME(PS) =      40.000  TEMP(K) =   290.36  PRESS =     0.0
 Etot   =    -10815.9056  EKtot   =      1875.2325  EPtot      =    -12691.1381
 BOND   =         8.6773  ANGLE   =        16.8727  DIHED      =        13.8152
 1-4 NB =        13.4387  1-4 EEL =      -245.6900  VDWAALS    =      2450.9870
 EELEC  =    -14957.7212  EHBOND  =         0.0000  RESTRAINT  =         8.4823
 EAMBER (non-restraint)  =    -12699.6204
 EKCMT  =         0.0000  VIRIAL  =         0.0000  VOLUME     =     31925.3471
                                                    Density    =         1.0160
 Ewald error estimate:   0.1454E-05
 ------------------------------------------------------------------------------


 NSTEP =    10500   TIME(PS) =      41.000  TEMP(K) =   304.84  PRESS =     0.0
 Etot   =    -10696.9516  EKtot   =      1968.7488  EPtot      =    -12665.7005
 BOND   =         2.6293  ANGLE   =        18.8425  DIHED      =        16.4416
 1-4 NB =        12.3840  1-4 EEL =      -245.4612  VDWAALS    =      2581.9735
 EELEC  =    -15065.3788  EHBOND  =         0.0000  RESTRAINT  =        12.8686
 EAMBER (non-restraint)  =    -12678.5691
 EKCMT  =         0.0000  VIRIAL  =         0.0000  VOLUME     =     31599.7501
                                                    Density    =         1.0265
 Ewald error estimate:   0.2812E-03
 ------------------------------------------------------------------------------


 NSTEP =    11000   TIME(PS) =      42.000  TEMP(K) =   305.36  PRESS =     0.0
 Etot   =    -10710.2786  EKtot   =      1972.1392  EPtot      =    -12682.4178
 BOND   =         5.5584  ANGLE   =        16.2144  DIHED      =        13.4066
 1-4 NB =        11.2828  1-4 EEL =      -245.4037  VDWAALS    =      2465.5992
 EELEC  =    -14955.2285  EHBOND  =         0.0000  RESTRAINT  =         6.1530
 EAMBER (non-restraint)  =    -12688.5708
 EKCMT  =         0.0000  VIRIAL  =         0.0000  VOLUME     =     31755.1415
                                                    Density    =         1.0215
 Ewald error estimate:   0.5793E-05
 ------------------------------------------------------------------------------


 NSTEP =    11500   TIME(PS) =      43.000  TEMP(K) =   304.55  PRESS =     0.0
 Etot   =    -10784.5795  EKtot   =      1966.9014  EPtot      =    -12751.4809
 BOND   =         7.4910  ANGLE   =        16.8135  DIHED      =        11.1288
 1-4 NB =        11.1360  1-4 EEL =      -247.7839  VDWAALS    =      2608.3737
 EELEC  =    -15169.2439  EHBOND  =         0.0000  RESTRAINT  =        10.6040
 EAMBER (non-restraint)  =    -12762.0849
 EKCMT  =         0.0000  VIRIAL  =         0.0000  VOLUME     =     31962.1376
                                                    Density    =         1.0148
 Ewald error estimate:   0.2640E-04
 ------------------------------------------------------------------------------


 NSTEP =    12000   TIME(PS) =      44.000  TEMP(K) =   295.33  PRESS =     0.0
 Etot   =    -10803.1698  EKtot   =      1907.3290  EPtot      =    -12710.4988
 BOND   =         9.8361  ANGLE   =        12.9100  DIHED      =        18.7064
 1-4 NB =        11.6156  1-4 EEL =      -245.3555  VDWAALS    =      2499.0350
 EELEC  =    -15026.4882  EHBOND  =         0.0000  RESTRAINT  =         9.2417
 EAMBER (non-restraint)  =    -12719.7406
 EKCMT  =         0.0000  VIRIAL  =         0.0000  VOLUME     =     31962.1376
                                                    Density    =         1.0148
 Ewald error estimate:   0.1345E-03
 ------------------------------------------------------------------------------


 NSTEP =    12500   TIME(PS) =      45.000  TEMP(K) =   299.21  PRESS =     0.0
 Etot   =    -10821.9038  EKtot   =      1932.3867  EPtot      =    -12754.2905
 BOND   =         6.8932  ANGLE   =        12.2722  DIHED      =        13.1233
 1-4 NB =        12.6673  1-4 EEL =      -247.6964  VDWAALS    =      2601.0095
 EELEC  =    -15157.2823  EHBOND  =         0.0000  RESTRAINT  =         4.7228
 EAMBER (non-restraint)  =    -12759.0133
 EKCMT  =         0.0000  VIRIAL  =         0.0000  VOLUME     =     31909.5839
                                                    Density    =         1.0165
 Ewald error estimate:   0.6158E-03
 ------------------------------------------------------------------------------


 NSTEP =    13000   TIME(PS) =      46.000  TEMP(K) =   299.19  PRESS =     0.0
 Etot   =    -10781.9144  EKtot   =      1932.2649  EPtot      =    -12714.1793
 BOND   =        11.0142  ANGLE   =        15.4339  DIHED      =        12.1198
 1-4 NB =        10.7754  1-4 EEL =      -246.0128  VDWAALS    =      2565.2961
 EELEC  =    -15097.4941  EHBOND  =         0.0000  RESTRAINT  =        14.6883
 EAMBER (non-restraint)  =    -12728.8676
 EKCMT  =         0.0000  VIRIAL  =         0.0000  VOLUME     =     32131.4032
                                                    Density    =         1.0095
 Ewald error estimate:   0.4082E-03
 ------------------------------------------------------------------------------


 NSTEP =    13500   TIME(PS) =      47.000  TEMP(K) =   296.79  PRESS =     0.0
 Etot   =    -10731.8234  EKtot   =      1916.7870  EPtot      =    -12648.6104
 BOND   =         4.0925  ANGLE   =        12.3747  DIHED      =        14.4990
 1-4 NB =        11.5382  1-4 EEL =      -248.2701  VDWAALS    =      2478.5233
 EELEC  =    -14932.3481  EHBOND  =         0.0000  RESTRAINT  =        10.9802
 EAMBER (non-restraint)  =    -12659.5906
 EKCMT  =         0.0000  VIRIAL  =         0.0000  VOLUME     =     32082.3323
                                                    Density    =         1.0110
 Ewald error estimate:   0.1188E-03
 ------------------------------------------------------------------------------


 NSTEP =    14000   TIME(PS) =      48.000  TEMP(K) =   296.61  PRESS =     0.0
 Etot   =    -10695.4632  EKtot   =      1915.5893  EPtot      =    -12611.0524
 BOND   =         7.2199  ANGLE   =        14.6616  DIHED      =        15.9091
 1-4 NB =        12.0818  1-4 EEL =      -244.5868  VDWAALS    =      2408.1642
 EELEC  =    -14832.0738  EHBOND  =         0.0000  RESTRAINT  =         7.5713
 EAMBER (non-restraint)  =    -12618.6238
 EKCMT  =         0.0000  VIRIAL  =         0.0000  VOLUME     =     32324.8914
                                                    Density    =         1.0035
 Ewald error estimate:   0.1364E-03
 ------------------------------------------------------------------------------


 NSTEP =    14500   TIME(PS) =      49.000  TEMP(K) =   308.39  PRESS =     0.0
 Etot   =    -10617.8740  EKtot   =      1991.6728  EPtot      =    -12609.5468
 BOND   =         6.1279  ANGLE   =        14.5848  DIHED      =        14.4326
 1-4 NB =        13.0486  1-4 EEL =      -244.6542  VDWAALS    =      2481.2647
 EELEC  =    -14901.7430  EHBOND  =         0.0000  RESTRAINT  =         7.3919
 EAMBER (non-restraint)  =    -12616.9387
 EKCMT  =         0.0000  VIRIAL  =         0.0000  VOLUME     =     32330.7434
                                                    Density    =         1.0033
 Ewald error estimate:   0.5011E-03
 ------------------------------------------------------------------------------


 NSTEP =    15000   TIME(PS) =      50.000  TEMP(K) =   297.74  PRESS =     0.0
 Etot   =    -10633.5541  EKtot   =      1922.9368  EPtot      =    -12556.4909
 BOND   =         5.4842  ANGLE   =        18.5598  DIHED      =        16.1709
 1-4 NB =        12.3056  1-4 EEL =      -247.8568  VDWAALS    =      2363.9711
 EELEC  =    -14733.6079  EHBOND  =         0.0000  RESTRAINT  =         8.4822
 EAMBER (non-restraint)  =    -12564.9731
 EKCMT  =         0.0000  VIRIAL  =         0.0000  VOLUME     =     32528.6253
                                                    Density    =         0.9972
 Ewald error estimate:   0.4763E-04
 ------------------------------------------------------------------------------


 NSTEP =    15500   TIME(PS) =      51.000  TEMP(K) =   308.19  PRESS =     0.0
 Etot   =    -10653.0067  EKtot   =      1990.4274  EPtot      =    -12643.4341
 BOND   =         6.3507  ANGLE   =        12.5774  DIHED      =        17.3946
 1-4 NB =        10.6856  1-4 EEL =      -244.4862  VDWAALS    =      2483.3806
 EELEC  =    -14938.0628  EHBOND  =         0.0000  RESTRAINT  =         8.7261
 EAMBER (non-restraint)  =    -12652.1602
 EKCMT  =         0.0000  VIRIAL  =         0.0000  VOLUME     =     31994.7210
                                                    Density    =         1.0138
 Ewald error estimate:   0.1827E-04
 ------------------------------------------------------------------------------


 NSTEP =    16000   TIME(PS) =      52.000  TEMP(K) =   292.37  PRESS =     0.0
 Etot   =    -10681.6511  EKtot   =      1888.2382  EPtot      =    -12569.8893
 BOND   =         6.4118  ANGLE   =        17.4007  DIHED      =        13.1414
 1-4 NB =        10.7178  1-4 EEL =      -245.9474  VDWAALS    =      2523.8222
 EELEC  =    -14905.0927  EHBOND  =         0.0000  RESTRAINT  =         9.6569
 EAMBER (non-restraint)  =    -12579.5463
 EKCMT  =         0.0000  VIRIAL  =         0.0000  VOLUME     =     31909.0840
                                                    Density    =         1.0165
 Ewald error estimate:   0.4219E-04
 ------------------------------------------------------------------------------


 NSTEP =    16500   TIME(PS) =      53.000  TEMP(K) =   291.45  PRESS =     0.0
 Etot   =    -10679.2447  EKtot   =      1882.2973  EPtot      =    -12561.5420
 BOND   =         4.4009  ANGLE   =        14.3785  DIHED      =        13.7038
 1-4 NB =        12.1576  1-4 EEL =      -245.3559  VDWAALS    =      2366.2880
 EELEC  =    -14733.2676  EHBOND  =         0.0000  RESTRAINT  =         6.1526
 EAMBER (non-restraint)  =    -12567.6945
 EKCMT  =         0.0000  VIRIAL  =         0.0000  VOLUME     =     31877.1968
                                                    Density    =         1.0175
 Ewald error estimate:   0.1831E-03
 ------------------------------------------------------------------------------


 NSTEP =    17000   TIME(PS) =      54.000  TEMP(K) =   296.26  PRESS =     0.0
 Etot   =    -10683.2876  EKtot   =      1913.3840  EPtot      =    -12596.6716
 BOND   =         5.6514  ANGLE   =        13.3721  DIHED      =        14.1891
 1-4 NB =        12.5495  1-4 EEL =      -246.3213  VDWAALS    =      2317.6337
 EELEC  =    -14729.2724  EHBOND  =         0.0000  RESTRAINT  =        15.5264
 EAMBER (non-restraint)  =    -12612.1980
 EKCMT  =         0.0000  VIRIAL  =         0.0000  VOLUME     =     32220.1600
                                                    Density    =         1.0067
 Ewald error estimate:   0.7328E-04
 ------------------------------------------------------------------------------


 NSTEP =    17500   TIME(PS) =      55.000  TEMP(K) =   295.93  PRESS =     0.0
 Etot   =    -10704.8387  EKtot   =      1911.2063  EPtot      =    -12616.0450
 BOND   =         7.4998  ANGLE   =        15.7783  DIHED      =        15.5770
 1-4 NB =        12.8280  1-4 EEL =      -244.3732  VDWAALS    =      2536.5166
 EELEC  =    -14967.3583  EHBOND  =         0.0000  RESTRAINT  =         7.4868
 EAMBER (non-restraint)  =    -12623.5318
 EKCMT  =         0.0000  VIRIAL  =         0.0000  VOLUME     =     31995.3167
                                                    Density    =         1.0138
 Ewald error estimate:   0.2030E-03
 ------------------------------------------------------------------------------


 NSTEP =    18000   TIME(PS) =      56.000  TEMP(K) =   309.39  PRESS =     0.0
 Etot   =    -10705.3057  EKtot   =      1998.1578  EPtot      =    -12703.4635
 BOND   =         3.9433  ANGLE   =        17.2813  DIHED      =        14.7323
 1-4 NB =        11.6812  1-4 EEL =      -247.0764  VDWAALS    =      2532.4453
 EELEC  =    -15044.4155  EHBOND  =         0.0000  RESTRAINT  =         7.9450
 EAMBER (non-restraint)  =    -12711.4085
 EKCMT  =         0.0000  VIRIAL  =         0.0000  VOLUME     =     31797.4056
                                                    Density    =         1.0201
 Ewald error estimate:   0.9688E-04
 ------------------------------------------------------------------------------


 NSTEP =    18500   TIME(PS) =      57.000  TEMP(K) =   302.75  PRESS =     0.0
 Etot   =    -10645.2017  EKtot   =      1955.2875  EPtot      =    -12600.4891
 BOND   =         9.6417  ANGLE   =        19.6334  DIHED      =        13.4136
 1-4 NB =        12.0177  1-4 EEL =      -246.6281  VDWAALS    =      2418.8721
 EELEC  =    -14838.2903  EHBOND  =         0.0000  RESTRAINT  =        10.8507
 EAMBER (non-restraint)  =    -12611.3399
 EKCMT  =         0.0000  VIRIAL  =         0.0000  VOLUME     =     31928.7964
                                                    Density    =         1.0159
 Ewald error estimate:   0.2846E-03
 ------------------------------------------------------------------------------


 NSTEP =    19000   TIME(PS) =      58.000  TEMP(K) =   293.91  PRESS =     0.0
 Etot   =    -10739.6109  EKtot   =      1898.1494  EPtot      =    -12637.7603
 BOND   =         7.6727  ANGLE   =        14.4211  DIHED      =        14.2061
 1-4 NB =        11.9578  1-4 EEL =      -247.2756  VDWAALS    =      2464.8022
 EELEC  =    -14911.9622  EHBOND  =         0.0000  RESTRAINT  =         8.4175
 EAMBER (non-restraint)  =    -12646.1778
 EKCMT  =         0.0000  VIRIAL  =         0.0000  VOLUME     =     32154.7458
                                                    Density    =         1.0088
 Ewald error estimate:   0.1334E-03
 ------------------------------------------------------------------------------


 NSTEP =    19500   TIME(PS) =      59.000  TEMP(K) =   295.59  PRESS =     0.0
 Etot   =    -10700.1137  EKtot   =      1909.0483  EPtot      =    -12609.1620
 BOND   =         7.6828  ANGLE   =        15.8039  DIHED      =        13.9526
 1-4 NB =        12.4991  1-4 EEL =      -247.9926  VDWAALS    =      2456.9373
 EELEC  =    -14873.3392  EHBOND  =         0.0000  RESTRAINT  =         5.2941
 EAMBER (non-restraint)  =    -12614.4561
 EKCMT  =         0.0000  VIRIAL  =         0.0000  VOLUME     =     32327.5110
                                                    Density    =         1.0034
 Ewald error estimate:   0.1498E-03
 ------------------------------------------------------------------------------


 NSTEP =    20000   TIME(PS) =      60.000  TEMP(K) =   300.99  PRESS =     0.0
 Etot   =    -10637.0871  EKtot   =      1943.8778  EPtot      =    -12580.9649
 BOND   =         5.6058  ANGLE   =        15.6064  DIHED      =        17.3802
 1-4 NB =        12.4553  1-4 EEL =      -246.8627  VDWAALS    =      2548.1904
 EELEC  =    -14941.3175  EHBOND  =         0.0000  RESTRAINT  =         7.9772
 EAMBER (non-restraint)  =    -12588.9421
 EKCMT  =         0.0000  VIRIAL  =         0.0000  VOLUME     =     32148.6754
                                                    Density    =         1.0090
 Ewald error estimate:   0.2608E-03
 ------------------------------------------------------------------------------


 NSTEP =    20500   TIME(PS) =      61.000  TEMP(K) =   293.55  PRESS =     0.0
 Etot   =    -10657.7069  EKtot   =      1895.8434  EPtot      =    -12553.5503
 BOND   =         3.6837  ANGLE   =        10.5746  DIHED      =        14.9798
 1-4 NB =        12.0330  1-4 EEL =      -247.2173  VDWAALS    =      2458.5633
 EELEC  =    -14813.7542  EHBOND  =         0.0000  RESTRAINT  =         7.5868
 EAMBER (non-restraint)  =    -12561.1371
 EKCMT  =         0.0000  VIRIAL  =         0.0000  VOLUME     =     32370.7843
                                                    Density    =         1.0020
 Ewald error estimate:   0.6959E-04
 ------------------------------------------------------------------------------


 NSTEP =    21000   TIME(PS) =      62.000  TEMP(K) =   306.62  PRESS =     0.0
 Etot   =    -10651.1988  EKtot   =      1980.2388  EPtot      =    -12631.4375
 BOND   =         9.6223  ANGLE   =        15.7688  DIHED      =        15.5634
 1-4 NB =        11.2795  1-4 EEL =      -246.6509  VDWAALS    =      2490.3402
 EELEC  =    -14936.0070  EHBOND  =         0.0000  RESTRAINT  =         8.6460
 EAMBER (non-restraint)  =    -12640.0836
 EKCMT  =         0.0000  VIRIAL  =         0.0000  VOLUME     =     32112.1615
                                                    Density    =         1.0101
 Ewald error estimate:   0.1607E-03
 ------------------------------------------------------------------------------


 NSTEP =    21500   TIME(PS) =      63.000  TEMP(K) =   293.44  PRESS =     0.0
 Etot   =    -10742.5575  EKtot   =      1895.1328  EPtot      =    -12637.6903
 BOND   =         4.9106  ANGLE   =        17.1103  DIHED      =        14.8494
 1-4 NB =        12.5393  1-4 EEL =      -249.5756  VDWAALS    =      2492.6492
 EELEC  =    -14941.8207  EHBOND  =         0.0000  RESTRAINT  =        11.6473
 EAMBER (non-restraint)  =    -12649.3376
 EKCMT  =         0.0000  VIRIAL  =         0.0000  VOLUME     =     32031.7770
                                                    Density    =         1.0126
 Ewald error estimate:   0.3368E-03
 ------------------------------------------------------------------------------


 NSTEP =    22000   TIME(PS) =      64.000  TEMP(K) =   296.15  PRESS =     0.0
 Etot   =    -10746.5145  EKtot   =      1912.6463  EPtot      =    -12659.1608
 BOND   =         6.6167  ANGLE   =        14.0886  DIHED      =        18.7052
 1-4 NB =        11.6970  1-4 EEL =      -247.4184  VDWAALS    =      2458.7722
 EELEC  =    -14928.1230  EHBOND  =         0.0000  RESTRAINT  =         6.5008
 EAMBER (non-restraint)  =    -12665.6616
 EKCMT  =         0.0000  VIRIAL  =         0.0000  VOLUME     =     32147.1460
                                                    Density    =         1.0090
 Ewald error estimate:   0.6924E-04
 ------------------------------------------------------------------------------


 NSTEP =    22500   TIME(PS) =      65.000  TEMP(K) =   287.42  PRESS =     0.0
 Etot   =    -10766.6350  EKtot   =      1856.2876  EPtot      =    -12622.9226
 BOND   =         6.6524  ANGLE   =        16.3439  DIHED      =        15.3763
 1-4 NB =        13.5131  1-4 EEL =      -250.1355  VDWAALS    =      2447.1618
 EELEC  =    -14880.3953  EHBOND  =         0.0000  RESTRAINT  =         8.5608
 EAMBER (non-restraint)  =    -12631.4833
 EKCMT  =         0.0000  VIRIAL  =         0.0000  VOLUME     =     32225.9000
                                                    Density    =         1.0065
 Ewald error estimate:   0.1071E-03
 ------------------------------------------------------------------------------


 NSTEP =    23000   TIME(PS) =      66.000  TEMP(K) =   292.24  PRESS =     0.0
 Etot   =    -10820.2769  EKtot   =      1887.3899  EPtot      =    -12707.6667
 BOND   =         7.2274  ANGLE   =        16.6749  DIHED      =        17.5316
 1-4 NB =        11.8794  1-4 EEL =      -247.7520  VDWAALS    =      2552.2367
 EELEC  =    -15074.1228  EHBOND  =         0.0000  RESTRAINT  =         8.6580
 EAMBER (non-restraint)  =    -12716.3248
 EKCMT  =         0.0000  VIRIAL  =         0.0000  VOLUME     =     32318.8028
                                                    Density    =         1.0036
 Ewald error estimate:   0.4354E-04
 ------------------------------------------------------------------------------


 NSTEP =    23500   TIME(PS) =      67.000  TEMP(K) =   284.62  PRESS =     0.0
 Etot   =    -10850.5615  EKtot   =      1838.1833  EPtot      =    -12688.7448
 BOND   =         8.1387  ANGLE   =        21.8893  DIHED      =        13.8962
 1-4 NB =        12.0142  1-4 EEL =      -247.0854  VDWAALS    =      2400.7004
 EELEC  =    -14905.3486  EHBOND  =         0.0000  RESTRAINT  =         7.0505
 EAMBER (non-restraint)  =    -12695.7953
 EKCMT  =         0.0000  VIRIAL  =         0.0000  VOLUME     =     32313.5363
                                                    Density    =         1.0038
 Ewald error estimate:   0.3467E-03
 ------------------------------------------------------------------------------


 NSTEP =    24000   TIME(PS) =      68.000  TEMP(K) =   294.78  PRESS =     0.0
 Etot   =    -10738.0846  EKtot   =      1903.7695  EPtot      =    -12641.8541
 BOND   =         6.7324  ANGLE   =        17.3752  DIHED      =        17.5794
 1-4 NB =        12.1941  1-4 EEL =      -250.5478  VDWAALS    =      2456.5343
 EELEC  =    -14909.5546  EHBOND  =         0.0000  RESTRAINT  =         7.8328
 EAMBER (non-restraint)  =    -12649.6869
 EKCMT  =         0.0000  VIRIAL  =         0.0000  VOLUME     =     32313.5363
                                                    Density    =         1.0038
 Ewald error estimate:   0.1618E-03
 ------------------------------------------------------------------------------


 NSTEP =    24500   TIME(PS) =      69.000  TEMP(K) =   304.01  PRESS =     0.0
 Etot   =    -10678.6644  EKtot   =      1963.4306  EPtot      =    -12642.0950
 BOND   =         5.1154  ANGLE   =        13.9220  DIHED      =        17.2947
 1-4 NB =        13.3525  1-4 EEL =      -246.5751  VDWAALS    =      2431.8645
 EELEC  =    -14886.3252  EHBOND  =         0.0000  RESTRAINT  =         9.2562
 EAMBER (non-restraint)  =    -12651.3511
 EKCMT  =         0.0000  VIRIAL  =         0.0000  VOLUME     =     32186.4630
                                                    Density    =         1.0078
 Ewald error estimate:   0.4106E-03
 ------------------------------------------------------------------------------


 NSTEP =    25000   TIME(PS) =      70.000  TEMP(K) =   298.59  PRESS =     0.0
 Etot   =    -10762.9700  EKtot   =      1928.3797  EPtot      =    -12691.3497
 BOND   =         8.3029  ANGLE   =        11.6249  DIHED      =        12.7031
 1-4 NB =        11.1196  1-4 EEL =      -245.4038  VDWAALS    =      2467.4306
 EELEC  =    -14965.4564  EHBOND  =         0.0000  RESTRAINT  =         8.3295
 EAMBER (non-restraint)  =    -12699.6792
 EKCMT  =         0.0000  VIRIAL  =         0.0000  VOLUME     =     32337.9849
                                                    Density    =         1.0030
 Ewald error estimate:   0.6653E-04
 ------------------------------------------------------------------------------


 NSTEP =    25500   TIME(PS) =      71.000  TEMP(K) =   306.60  PRESS =     0.0
 Etot   =    -10661.3797  EKtot   =      1980.1657  EPtot      =    -12641.5454
 BOND   =         7.1848  ANGLE   =        14.5247  DIHED      =        15.2035
 1-4 NB =        12.0437  1-4 EEL =      -248.5592  VDWAALS    =      2449.1699
 EELEC  =    -14896.8309  EHBOND  =         0.0000  RESTRAINT  =         5.7180
 EAMBER (non-restraint)  =    -12647.2634
 EKCMT  =         0.0000  VIRIAL  =         0.0000  VOLUME     =     32129.9913
                                                    Density    =         1.0095
 Ewald error estimate:   0.1975E-03
 ------------------------------------------------------------------------------


 NSTEP =    26000   TIME(PS) =      72.000  TEMP(K) =   302.81  PRESS =     0.0
 Etot   =    -10700.5752  EKtot   =      1955.6529  EPtot      =    -12656.2281
 BOND   =         7.2409  ANGLE   =        11.9226  DIHED      =        12.7819
 1-4 NB =        11.7466  1-4 EEL =      -245.6254  VDWAALS    =      2523.8889
 EELEC  =    -14990.0072  EHBOND  =         0.0000  RESTRAINT  =        11.8236
 EAMBER (non-restraint)  =    -12668.0517
 EKCMT  =         0.0000  VIRIAL  =         0.0000  VOLUME     =     32098.4986
                                                    Density    =         1.0105
 Ewald error estimate:   0.2304E-03
 ------------------------------------------------------------------------------


 NSTEP =    26500   TIME(PS) =      73.000  TEMP(K) =   297.27  PRESS =     0.0
 Etot   =    -10719.2797  EKtot   =      1919.8893  EPtot      =    -12639.1691
 BOND   =         7.8011  ANGLE   =        16.3305  DIHED      =        14.5305
 1-4 NB =        12.4748  1-4 EEL =      -244.5245  VDWAALS    =      2458.6906
 EELEC  =    -14913.9470  EHBOND  =         0.0000  RESTRAINT  =         9.4750
 EAMBER (non-restraint)  =    -12648.6441
 EKCMT  =         0.0000  VIRIAL  =         0.0000  VOLUME     =     32263.2360
                                                    Density    =         1.0054
 Ewald error estimate:   0.4264E-04
 ------------------------------------------------------------------------------


 NSTEP =    27000   TIME(PS) =      74.000  TEMP(K) =   291.06  PRESS =     0.0
 Etot   =    -10770.3237  EKtot   =      1879.8015  EPtot      =    -12650.1252
 BOND   =         9.1077  ANGLE   =        15.5199  DIHED      =        14.2648
 1-4 NB =        10.9995  1-4 EEL =      -244.5952  VDWAALS    =      2474.2519
 EELEC  =    -14939.7934  EHBOND  =         0.0000  RESTRAINT  =        10.1197
 EAMBER (non-restraint)  =    -12660.2449
 EKCMT  =         0.0000  VIRIAL  =         0.0000  VOLUME     =     31958.2938
                                                    Density    =         1.0150
 Ewald error estimate:   0.2898E-03
 ------------------------------------------------------------------------------


 NSTEP =    27500   TIME(PS) =      75.000  TEMP(K) =   303.28  PRESS =     0.0
 Etot   =    -10744.7812  EKtot   =      1958.7072  EPtot      =    -12703.4885
 BOND   =         6.9652  ANGLE   =        17.2551  DIHED      =        12.6718
 1-4 NB =        12.0873  1-4 EEL =      -246.7758  VDWAALS    =      2577.5739
 EELEC  =    -15090.3385  EHBOND  =         0.0000  RESTRAINT  =         7.0726
 EAMBER (non-restraint)  =    -12710.5611
 EKCMT  =         0.0000  VIRIAL  =         0.0000  VOLUME     =     31935.9287
                                                    Density    =         1.0157
 Ewald error estimate:   0.7317E-04
 ------------------------------------------------------------------------------


 NSTEP =    28000   TIME(PS) =      76.000  TEMP(K) =   304.39  PRESS =     0.0
 Etot   =    -10793.5190  EKtot   =      1965.8955  EPtot      =    -12759.4145
 BOND   =         5.3521  ANGLE   =        13.0702  DIHED      =        13.5577
 1-4 NB =        12.2010  1-4 EEL =      -245.7475  VDWAALS    =      2487.3766
 EELEC  =    -15050.9188  EHBOND  =         0.0000  RESTRAINT  =         5.6942
 EAMBER (non-restraint)  =    -12765.1087
 EKCMT  =         0.0000  VIRIAL  =         0.0000  VOLUME     =     32011.5855
                                                    Density    =         1.0133
 Ewald error estimate:   0.2498E-03
 ------------------------------------------------------------------------------


 NSTEP =    28500   TIME(PS) =      77.000  TEMP(K) =   298.35  PRESS =     0.0
 Etot   =    -10795.9658  EKtot   =      1926.8274  EPtot      =    -12722.7932
 BOND   =         4.1892  ANGLE   =        13.3879  DIHED      =        14.5731
 1-4 NB =        11.8655  1-4 EEL =      -246.8106  VDWAALS    =      2571.7855
 EELEC  =    -15100.7093  EHBOND  =         0.0000  RESTRAINT  =         8.9253
 EAMBER (non-restraint)  =    -12731.7186
 EKCMT  =         0.0000  VIRIAL  =         0.0000  VOLUME     =     31988.1002
                                                    Density    =         1.0140
 Ewald error estimate:   0.1538E-03
 ------------------------------------------------------------------------------


 NSTEP =    29000   TIME(PS) =      78.000  TEMP(K) =   302.57  PRESS =     0.0
 Etot   =    -10745.0177  EKtot   =      1954.1187  EPtot      =    -12699.1364
 BOND   =         5.2470  ANGLE   =        17.7034  DIHED      =        14.3135
 1-4 NB =        11.7705  1-4 EEL =      -245.4225  VDWAALS    =      2422.4357
 EELEC  =    -14933.0714  EHBOND  =         0.0000  RESTRAINT  =         7.8874
 EAMBER (non-restraint)  =    -12707.0238
 EKCMT  =         0.0000  VIRIAL  =         0.0000  VOLUME     =     32120.9888
                                                    Density    =         1.0098
 Ewald error estimate:   0.5351E-05
 ------------------------------------------------------------------------------


 NSTEP =    29500   TIME(PS) =      79.000  TEMP(K) =   306.53  PRESS =     0.0
 Etot   =    -10683.2465  EKtot   =      1979.6748  EPtot      =    -12662.9213
 BOND   =         9.8829  ANGLE   =        13.5670  DIHED      =        16.3698
 1-4 NB =        11.7089  1-4 EEL =      -244.7509  VDWAALS    =      2531.0330
 EELEC  =    -15009.3903  EHBOND  =         0.0000  RESTRAINT  =         8.6583
 EAMBER (non-restraint)  =    -12671.5796
 EKCMT  =         0.0000  VIRIAL  =         0.0000  VOLUME     =     32113.5960
                                                    Density    =         1.0101
 Ewald error estimate:   0.7854E-04
 ------------------------------------------------------------------------------


 NSTEP =    30000   TIME(PS) =      80.000  TEMP(K) =   292.33  PRESS =     0.0
 Etot   =    -10654.1430  EKtot   =      1888.0059  EPtot      =    -12542.1489
 BOND   =        14.4263  ANGLE   =        16.8215  DIHED      =        14.3292
 1-4 NB =        11.9834  1-4 EEL =      -246.0637  VDWAALS    =      2450.1357
 EELEC  =    -14811.7591  EHBOND  =         0.0000  RESTRAINT  =         7.9778
 EAMBER (non-restraint)  =    -12550.1267
 EKCMT  =         0.0000  VIRIAL  =         0.0000  VOLUME     =     32311.6230
                                                    Density    =         1.0039
 Ewald error estimate:   0.5339E-04
 ------------------------------------------------------------------------------


 NSTEP =    30500   TIME(PS) =      81.000  TEMP(K) =   296.37  PRESS =     0.0
 Etot   =    -10661.0422  EKtot   =      1914.0759  EPtot      =    -12575.1180
 BOND   =         8.7179  ANGLE   =        23.8279  DIHED      =        14.4952
 1-4 NB =        11.1164  1-4 EEL =      -246.8319  VDWAALS    =      2456.7717
 EELEC  =    -14851.4897  EHBOND  =         0.0000  RESTRAINT  =         8.2744
 EAMBER (non-restraint)  =    -12583.3924
 EKCMT  =         0.0000  VIRIAL  =         0.0000  VOLUME     =     32580.2529
                                                    Density    =         0.9956
 Ewald error estimate:   0.1086E-03
 ------------------------------------------------------------------------------


 NSTEP =    31000   TIME(PS) =      82.000  TEMP(K) =   308.56  PRESS =     0.0
 Etot   =    -10689.1902  EKtot   =      1992.8101  EPtot      =    -12682.0004
 BOND   =         6.3978  ANGLE   =        17.4744  DIHED      =        15.7077
 1-4 NB =        11.6136  1-4 EEL =      -246.4079  VDWAALS    =      2481.4797
 EELEC  =    -14976.7717  EHBOND  =         0.0000  RESTRAINT  =         8.5060
 EAMBER (non-restraint)  =    -12690.5064
 EKCMT  =         0.0000  VIRIAL  =         0.0000  VOLUME     =     32424.3754
                                                    Density    =         1.0004
 Ewald error estimate:   0.1051E-03
 ------------------------------------------------------------------------------


 NSTEP =    31500   TIME(PS) =      83.000  TEMP(K) =   296.07  PRESS =     0.0
 Etot   =    -10702.3433  EKtot   =      1912.1341  EPtot      =    -12614.4774
 BOND   =         5.3229  ANGLE   =        12.8214  DIHED      =        17.7914
 1-4 NB =        15.0373  1-4 EEL =      -249.9914  VDWAALS    =      2614.0873
 EELEC  =    -15040.8226  EHBOND  =         0.0000  RESTRAINT  =        11.2763
 EAMBER (non-restraint)  =    -12625.7537
 EKCMT  =         0.0000  VIRIAL  =         0.0000  VOLUME     =     32341.9199
                                                    Density    =         1.0029
 Ewald error estimate:   0.1461E-03
 ------------------------------------------------------------------------------


 NSTEP =    32000   TIME(PS) =      84.000  TEMP(K) =   303.02  PRESS =     0.0
 Etot   =    -10704.3769  EKtot   =      1957.0243  EPtot      =    -12661.4012
 BOND   =         7.4777  ANGLE   =        16.0549  DIHED      =        15.9751
 1-4 NB =        13.5495  1-4 EEL =      -248.3788  VDWAALS    =      2439.2902
 EELEC  =    -14912.9214  EHBOND  =         0.0000  RESTRAINT  =         7.5516
 EAMBER (non-restraint)  =    -12668.9528
 EKCMT  =         0.0000  VIRIAL  =         0.0000  VOLUME     =     32613.0494
                                                    Density    =         0.9946
 Ewald error estimate:   0.4482E-03
 ------------------------------------------------------------------------------


 NSTEP =    32500   TIME(PS) =      85.000  TEMP(K) =   304.82  PRESS =     0.0
 Etot   =    -10637.6737  EKtot   =      1968.6209  EPtot      =    -12606.2945
 BOND   =         8.9818  ANGLE   =        11.9477  DIHED      =        16.7982
 1-4 NB =        11.0949  1-4 EEL =      -247.0882  VDWAALS    =      2482.7002
 EELEC  =    -14899.7182  EHBOND  =         0.0000  RESTRAINT  =         8.9891
 EAMBER (non-restraint)  =    -12615.2836
 EKCMT  =         0.0000  VIRIAL  =         0.0000  VOLUME     =     32440.5627
                                                    Density    =         0.9999
 Ewald error estimate:   0.2558E-03
 ------------------------------------------------------------------------------


 NSTEP =    33000   TIME(PS) =      86.000  TEMP(K) =   297.49  PRESS =     0.0
 Etot   =    -10671.6684  EKtot   =      1921.3096  EPtot      =    -12592.9780
 BOND   =         8.1302  ANGLE   =        15.2462  DIHED      =        13.3276
 1-4 NB =        11.2704  1-4 EEL =      -244.3398  VDWAALS    =      2466.9831
 EELEC  =    -14873.7073  EHBOND  =         0.0000  RESTRAINT  =        10.1117
 EAMBER (non-restraint)  =    -12603.0897
 EKCMT  =         0.0000  VIRIAL  =         0.0000  VOLUME     =     32435.7628
                                                    Density    =         1.0000
 Ewald error estimate:   0.4320E-05
 ------------------------------------------------------------------------------


 NSTEP =    33500   TIME(PS) =      87.000  TEMP(K) =   306.29  PRESS =     0.0
 Etot   =    -10692.4094  EKtot   =      1978.1509  EPtot      =    -12670.5603
 BOND   =         6.3123  ANGLE   =        16.0298  DIHED      =        13.7819
 1-4 NB =        10.4823  1-4 EEL =      -244.6126  VDWAALS    =      2381.4002
 EELEC  =    -14867.6498  EHBOND  =         0.0000  RESTRAINT  =        13.6956
 EAMBER (non-restraint)  =    -12684.2560
 EKCMT  =         0.0000  VIRIAL  =         0.0000  VOLUME     =     32525.0768
                                                    Density    =         0.9973
 Ewald error estimate:   0.2496E-03
 ------------------------------------------------------------------------------


 NSTEP =    34000   TIME(PS) =      88.000  TEMP(K) =   295.11  PRESS =     0.0
 Etot   =    -10772.3020  EKtot   =      1905.9404  EPtot      =    -12678.2424
 BOND   =         5.1184  ANGLE   =        12.8191  DIHED      =        14.6600
 1-4 NB =        10.3594  1-4 EEL =      -244.4490  VDWAALS    =      2391.4998
 EELEC  =    -14881.9481  EHBOND  =         0.0000  RESTRAINT  =        13.6982
 EAMBER (non-restraint)  =    -12691.9405
 EKCMT  =         0.0000  VIRIAL  =         0.0000  VOLUME     =     32185.5202
                                                    Density    =         1.0078
 Ewald error estimate:   0.4078E-03
 ------------------------------------------------------------------------------


 NSTEP =    34500   TIME(PS) =      89.000  TEMP(K) =   301.13  PRESS =     0.0
 Etot   =    -10625.4063  EKtot   =      1944.8369  EPtot      =    -12570.2432
 BOND   =         7.2893  ANGLE   =        17.3645  DIHED      =        16.6906
 1-4 NB =        12.4960  1-4 EEL =      -247.6497  VDWAALS    =      2443.5122
 EELEC  =    -14827.4740  EHBOND  =         0.0000  RESTRAINT  =         7.5278
 EAMBER (non-restraint)  =    -12577.7710
 EKCMT  =         0.0000  VIRIAL  =         0.0000  VOLUME     =     32185.5202
                                                    Density    =         1.0078
 Ewald error estimate:   0.2110E-03
 ------------------------------------------------------------------------------


 NSTEP =    35000   TIME(PS) =      90.000  TEMP(K) =   295.20  PRESS =     0.0
 Etot   =    -10721.7605  EKtot   =      1906.5077  EPtot      =    -12628.2682
 BOND   =         5.8757  ANGLE   =        10.7972  DIHED      =        15.0722
 1-4 NB =        12.1899  1-4 EEL =      -245.8380  VDWAALS    =      2452.1599
 EELEC  =    -14887.2162  EHBOND  =         0.0000  RESTRAINT  =         8.6911
 EAMBER (non-restraint)  =    -12636.9593
 EKCMT  =         0.0000  VIRIAL  =         0.0000  VOLUME     =     32269.6065
                                                    Density    =         1.0052
 Ewald error estimate:   0.7076E-04
 ------------------------------------------------------------------------------


 NSTEP =    35500   TIME(PS) =      91.000  TEMP(K) =   294.06  PRESS =     0.0
 Etot   =    -10775.7864  EKtot   =      1899.1641  EPtot      =    -12674.9505
 BOND   =         5.6642  ANGLE   =        14.5919  DIHED      =        14.3848
 1-4 NB =        13.9971  1-4 EEL =      -248.6891  VDWAALS    =      2565.6353
 EELEC  =    -15047.2937  EHBOND  =         0.0000  RESTRAINT  =         6.7590
 EAMBER (non-restraint)  =    -12681.7095
 EKCMT  =         0.0000  VIRIAL  =         0.0000  VOLUME     =     31908.2364
                                                    Density    =         1.0166
 Ewald error estimate:   0.1089E-03
 ------------------------------------------------------------------------------


 NSTEP =    36000   TIME(PS) =      92.000  TEMP(K) =   305.07  PRESS =     0.0
 Etot   =    -10713.2245  EKtot   =      1970.2402  EPtot      =    -12683.4647
 BOND   =         9.8497  ANGLE   =        14.8651  DIHED      =        15.8386
 1-4 NB =        11.8511  1-4 EEL =      -246.9385  VDWAALS    =      2508.0202
 EELEC  =    -15009.4518  EHBOND  =         0.0000  RESTRAINT  =        12.5009
 EAMBER (non-restraint)  =    -12695.9656
 EKCMT  =         0.0000  VIRIAL  =         0.0000  VOLUME     =     31785.9634
                                                    Density    =         1.0205
 Ewald error estimate:   0.1431E-03
 ------------------------------------------------------------------------------


 NSTEP =    36500   TIME(PS) =      93.000  TEMP(K) =   295.78  PRESS =     0.0
 Etot   =    -10763.6321  EKtot   =      1910.2505  EPtot      =    -12673.8826
 BOND   =         8.2851  ANGLE   =        16.8170  DIHED      =        13.9978
 1-4 NB =        10.8557  1-4 EEL =      -245.8574  VDWAALS    =      2439.7967
 EELEC  =    -14924.6898  EHBOND  =         0.0000  RESTRAINT  =         6.9124
 EAMBER (non-restraint)  =    -12680.7949
 EKCMT  =         0.0000  VIRIAL  =         0.0000  VOLUME     =     31751.0232
                                                    Density    =         1.0216
 Ewald error estimate:   0.1869E-03
 ------------------------------------------------------------------------------


 NSTEP =    37000   TIME(PS) =      94.000  TEMP(K) =   296.51  PRESS =     0.0
 Etot   =    -10732.4754  EKtot   =      1914.9400  EPtot      =    -12647.4154
 BOND   =         8.6108  ANGLE   =        19.2298  DIHED      =        14.6032
 1-4 NB =        12.4700  1-4 EEL =      -249.4192  VDWAALS    =      2520.2379
 EELEC  =    -14979.6230  EHBOND  =         0.0000  RESTRAINT  =         6.4752
 EAMBER (non-restraint)  =    -12653.8906
 EKCMT  =         0.0000  VIRIAL  =         0.0000  VOLUME     =     31790.8290
                                                    Density    =         1.0203
 Ewald error estimate:   0.2922E-03
 ------------------------------------------------------------------------------


 NSTEP =    37500   TIME(PS) =      95.000  TEMP(K) =   304.46  PRESS =     0.0
 Etot   =    -10786.0282  EKtot   =      1966.3041  EPtot      =    -12752.3323
 BOND   =        12.8614  ANGLE   =        12.4280  DIHED      =        14.5854
 1-4 NB =        10.3648  1-4 EEL =      -246.0747  VDWAALS    =      2576.9388
 EELEC  =    -15143.0013  EHBOND  =         0.0000  RESTRAINT  =         9.5652
 EAMBER (non-restraint)  =    -12761.8976
 EKCMT  =         0.0000  VIRIAL  =         0.0000  VOLUME     =     31922.9333
                                                    Density    =         1.0161
 Ewald error estimate:   0.2643E-04
 ------------------------------------------------------------------------------


 NSTEP =    38000   TIME(PS) =      96.000  TEMP(K) =   297.03  PRESS =     0.0
 Etot   =    -10821.9549  EKtot   =      1918.3220  EPtot      =    -12740.2769
 BOND   =        12.1550  ANGLE   =        18.2979  DIHED      =        16.4449
 1-4 NB =        10.0923  1-4 EEL =      -243.9512  VDWAALS    =      2469.7463
 EELEC  =    -15028.9215  EHBOND  =         0.0000  RESTRAINT  =         5.8594
 EAMBER (non-restraint)  =    -12746.1363
 EKCMT  =         0.0000  VIRIAL  =         0.0000  VOLUME     =     32163.5575
                                                    Density    =         1.0085
 Ewald error estimate:   0.2190E-03
 ------------------------------------------------------------------------------


 NSTEP =    38500   TIME(PS) =      97.000  TEMP(K) =   296.47  PRESS =     0.0
 Etot   =    -10796.0048  EKtot   =      1914.7377  EPtot      =    -12710.7424
 BOND   =         8.9696  ANGLE   =        19.0913  DIHED      =        16.3605
 1-4 NB =        13.6576  1-4 EEL =      -248.7562  VDWAALS    =      2468.1179
 EELEC  =    -14997.8533  EHBOND  =         0.0000  RESTRAINT  =         9.6702
 EAMBER (non-restraint)  =    -12720.4127
 EKCMT  =         0.0000  VIRIAL  =         0.0000  VOLUME     =     32165.1422
                                                    Density    =         1.0084
 Ewald error estimate:   0.8623E-04
 ------------------------------------------------------------------------------


 NSTEP =    39000   TIME(PS) =      98.000  TEMP(K) =   300.38  PRESS =     0.0
 Etot   =    -10818.3825  EKtot   =      1939.9963  EPtot      =    -12758.3788
 BOND   =         6.7117  ANGLE   =        18.1783  DIHED      =        13.2423
 1-4 NB =        12.1346  1-4 EEL =      -245.2725  VDWAALS    =      2581.8549
 EELEC  =    -15154.1752  EHBOND  =         0.0000  RESTRAINT  =         8.9470
 EAMBER (non-restraint)  =    -12767.3257
 EKCMT  =         0.0000  VIRIAL  =         0.0000  VOLUME     =     31731.0422
                                                    Density    =         1.0222
 Ewald error estimate:   0.1912E-03
 ------------------------------------------------------------------------------


 NSTEP =    39500   TIME(PS) =      99.000  TEMP(K) =   295.46  PRESS =     0.0
 Etot   =    -10711.9605  EKtot   =      1908.2042  EPtot      =    -12620.1647
 BOND   =         5.7628  ANGLE   =        18.8377  DIHED      =        15.2302
 1-4 NB =        10.3989  1-4 EEL =      -244.0283  VDWAALS    =      2545.3221
 EELEC  =    -14979.9229  EHBOND  =         0.0000  RESTRAINT  =         8.2348
 EAMBER (non-restraint)  =    -12628.3995
 EKCMT  =         0.0000  VIRIAL  =         0.0000  VOLUME     =     31731.0422
                                                    Density    =         1.0222
 Ewald error estimate:   0.8172E-04
 ------------------------------------------------------------------------------


 NSTEP =    40000   TIME(PS) =     100.000  TEMP(K) =   295.94  PRESS =     0.0
 Etot   =    -10800.5013  EKtot   =      1911.3048  EPtot      =    -12711.8061
 BOND   =         3.6062  ANGLE   =        18.1064  DIHED      =        13.4890
 1-4 NB =        12.6678  1-4 EEL =      -245.5686  VDWAALS    =      2441.3672
 EELEC  =    -14962.0880  EHBOND  =         0.0000  RESTRAINT  =         6.6138
 EAMBER (non-restraint)  =    -12718.4199
 EKCMT  =         0.0000  VIRIAL  =         0.0000  VOLUME     =     31757.9886
                                                    Density    =         1.0214
 Ewald error estimate:   0.2227E-03
 ------------------------------------------------------------------------------


 NSTEP =    40500   TIME(PS) =     101.000  TEMP(K) =   301.15  PRESS =     0.0
 Etot   =    -10766.8898  EKtot   =      1944.9564  EPtot      =    -12711.8463
 BOND   =         7.0272  ANGLE   =        17.4094  DIHED      =        13.3076
 1-4 NB =        12.4772  1-4 EEL =      -249.4833  VDWAALS    =      2510.7756
 EELEC  =    -15031.4373  EHBOND  =         0.0000  RESTRAINT  =         8.0772
 EAMBER (non-restraint)  =    -12719.9235
 EKCMT  =         0.0000  VIRIAL  =         0.0000  VOLUME     =     32066.1508
                                                    Density    =         1.0116
 Ewald error estimate:   0.7838E-04
 ------------------------------------------------------------------------------


 NSTEP =    41000   TIME(PS) =     102.000  TEMP(K) =   297.12  PRESS =     0.0
 Etot   =    -10760.3512  EKtot   =      1918.8836  EPtot      =    -12679.2347
 BOND   =         3.7642  ANGLE   =        12.8799  DIHED      =        12.6182
 1-4 NB =        13.3907  1-4 EEL =      -249.2279  VDWAALS    =      2515.5949
 EELEC  =    -14997.8334  EHBOND  =         0.0000  RESTRAINT  =         9.5787
 EAMBER (non-restraint)  =    -12688.8134
 EKCMT  =         0.0000  VIRIAL  =         0.0000  VOLUME     =     32066.1508
                                                    Density    =         1.0116
 Ewald error estimate:   0.1700E-03
 ------------------------------------------------------------------------------


 NSTEP =    41500   TIME(PS) =     103.000  TEMP(K) =   295.22  PRESS =     0.0
 Etot   =    -10723.7795  EKtot   =      1906.6239  EPtot      =    -12630.4034
 BOND   =         5.3609  ANGLE   =        13.3257  DIHED      =        14.4222
 1-4 NB =        11.5440  1-4 EEL =      -244.7871  VDWAALS    =      2558.2207
 EELEC  =    -14995.2622  EHBOND  =         0.0000  RESTRAINT  =         6.7723
 EAMBER (non-restraint)  =    -12637.1757
 EKCMT  =         0.0000  VIRIAL  =         0.0000  VOLUME     =     32209.7854
                                                    Density    =         1.0070
 Ewald error estimate:   0.2211E-03
 ------------------------------------------------------------------------------


 NSTEP =    42000   TIME(PS) =     104.000  TEMP(K) =   300.98  PRESS =     0.0
 Etot   =    -10797.2832  EKtot   =      1943.8214  EPtot      =    -12741.1046
 BOND   =         7.4393  ANGLE   =        16.8909  DIHED      =        14.4260
 1-4 NB =        11.7451  1-4 EEL =      -244.9442  VDWAALS    =      2494.3058
 EELEC  =    -15051.2060  EHBOND  =         0.0000  RESTRAINT  =        10.2385
 EAMBER (non-restraint)  =    -12751.3431
 EKCMT  =         0.0000  VIRIAL  =         0.0000  VOLUME     =     32017.2612
                                                    Density    =         1.0131
 Ewald error estimate:   0.1436E-03
 ------------------------------------------------------------------------------


 NSTEP =    42500   TIME(PS) =     105.000  TEMP(K) =   293.52  PRESS =     0.0
 Etot   =    -10765.8612  EKtot   =      1895.6574  EPtot      =    -12661.5186
 BOND   =         6.4501  ANGLE   =        16.2379  DIHED      =        13.8830
 1-4 NB =        10.6531  1-4 EEL =      -247.5398  VDWAALS    =      2447.7458
 EELEC  =    -14920.4715  EHBOND  =         0.0000  RESTRAINT  =        11.5228
 EAMBER (non-restraint)  =    -12673.0414
 EKCMT  =         0.0000  VIRIAL  =         0.0000  VOLUME     =     32490.7184
                                                    Density    =         0.9983
 Ewald error estimate:   0.6718E-04
 ------------------------------------------------------------------------------


 NSTEP =    43000   TIME(PS) =     106.000  TEMP(K) =   297.86  PRESS =     0.0
 Etot   =    -10792.7482  EKtot   =      1923.6778  EPtot      =    -12716.4260
 BOND   =         6.9845  ANGLE   =        16.6181  DIHED      =        13.2816
 1-4 NB =        11.6853  1-4 EEL =      -247.0089  VDWAALS    =      2525.9821
 EELEC  =    -15056.9043  EHBOND  =         0.0000  RESTRAINT  =        12.9356
 EAMBER (non-restraint)  =    -12729.3616
 EKCMT  =         0.0000  VIRIAL  =         0.0000  VOLUME     =     32487.4097
                                                    Density    =         0.9984
 Ewald error estimate:   0.2369E-03
 ------------------------------------------------------------------------------


 NSTEP =    43500   TIME(PS) =     107.000  TEMP(K) =   295.32  PRESS =     0.0
 Etot   =    -10787.1222  EKtot   =      1907.2993  EPtot      =    -12694.4214
 BOND   =         5.0332  ANGLE   =        16.3580  DIHED      =        12.9704
 1-4 NB =        12.3454  1-4 EEL =      -247.2576  VDWAALS    =      2523.4162
 EELEC  =    -15027.2653  EHBOND  =         0.0000  RESTRAINT  =         9.9783
 EAMBER (non-restraint)  =    -12704.3997
 EKCMT  =         0.0000  VIRIAL  =         0.0000  VOLUME     =     32500.4859
                                                    Density    =         0.9980
 Ewald error estimate:   0.3175E-03
 ------------------------------------------------------------------------------


 NSTEP =    44000   TIME(PS) =     108.000  TEMP(K) =   299.54  PRESS =     0.0
 Etot   =    -10756.5881  EKtot   =      1934.5596  EPtot      =    -12691.1477
 BOND   =         3.8215  ANGLE   =        13.6129  DIHED      =        14.7896
 1-4 NB =        11.7287  1-4 EEL =      -246.2786  VDWAALS    =      2466.1933
 EELEC  =    -14964.1385  EHBOND  =         0.0000  RESTRAINT  =         9.1233
 EAMBER (non-restraint)  =    -12700.2709
 EKCMT  =         0.0000  VIRIAL  =         0.0000  VOLUME     =     32391.1886
                                                    Density    =         1.0014
 Ewald error estimate:   0.9105E-04
 ------------------------------------------------------------------------------


 NSTEP =    44500   TIME(PS) =     109.000  TEMP(K) =   292.07  PRESS =     0.0
 Etot   =    -10738.8590  EKtot   =      1886.3098  EPtot      =    -12625.1687
 BOND   =         2.9482  ANGLE   =        17.0955  DIHED      =        14.9774
 1-4 NB =        13.0409  1-4 EEL =      -247.7386  VDWAALS    =      2559.4021
 EELEC  =    -14993.0516  EHBOND  =         0.0000  RESTRAINT  =         8.1573
 EAMBER (non-restraint)  =    -12633.3260
 EKCMT  =         0.0000  VIRIAL  =         0.0000  VOLUME     =     32671.2110
                                                    Density    =         0.9928
 Ewald error estimate:   0.2895E-05
 ------------------------------------------------------------------------------


 NSTEP =    45000   TIME(PS) =     110.000  TEMP(K) =   300.75  PRESS =     0.0
 Etot   =    -10702.6324  EKtot   =      1942.3402  EPtot      =    -12644.9726
 BOND   =         2.8945  ANGLE   =        17.5142  DIHED      =        14.5167
 1-4 NB =        12.9535  1-4 EEL =      -246.7626  VDWAALS    =      2484.4729
 EELEC  =    -14939.0774  EHBOND  =         0.0000  RESTRAINT  =         8.5155
 EAMBER (non-restraint)  =    -12653.4882
 EKCMT  =         0.0000  VIRIAL  =         0.0000  VOLUME     =     32462.6741
                                                    Density    =         0.9992
 Ewald error estimate:   0.2614E-03
 ------------------------------------------------------------------------------


 NSTEP =    45500   TIME(PS) =     111.000  TEMP(K) =   292.80  PRESS =     0.0
 Etot   =    -10673.5630  EKtot   =      1890.9899  EPtot      =    -12564.5529
 BOND   =         6.8275  ANGLE   =        18.3347  DIHED      =        15.7511
 1-4 NB =        12.0585  1-4 EEL =      -244.2556  VDWAALS    =      2423.4865
 EELEC  =    -14804.4871  EHBOND  =         0.0000  RESTRAINT  =         7.7315
 EAMBER (non-restraint)  =    -12572.2844
 EKCMT  =         0.0000  VIRIAL  =         0.0000  VOLUME     =     32462.6741
                                                    Density    =         0.9992
 Ewald error estimate:   0.2169E-04
 ------------------------------------------------------------------------------


 NSTEP =    46000   TIME(PS) =     112.000  TEMP(K) =   298.19  PRESS =     0.0
 Etot   =    -10665.0074  EKtot   =      1925.8320  EPtot      =    -12590.8394
 BOND   =         5.2764  ANGLE   =        12.8054  DIHED      =        15.6599
 1-4 NB =        12.2437  1-4 EEL =      -245.6720  VDWAALS    =      2450.6198
 EELEC  =    -14849.6878  EHBOND  =         0.0000  RESTRAINT  =         7.9152
 EAMBER (non-restraint)  =    -12598.7546
 EKCMT  =         0.0000  VIRIAL  =         0.0000  VOLUME     =     32395.2110
                                                    Density    =         1.0013
 Ewald error estimate:   0.1170E-03
 ------------------------------------------------------------------------------


 NSTEP =    46500   TIME(PS) =     113.000  TEMP(K) =   301.67  PRESS =     0.0
 Etot   =    -10592.2655  EKtot   =      1948.2829  EPtot      =    -12540.5484
 BOND   =         7.1889  ANGLE   =        18.1896  DIHED      =        14.9607
 1-4 NB =        11.4465  1-4 EEL =      -246.5591  VDWAALS    =      2452.6831
 EELEC  =    -14805.3802  EHBOND  =         0.0000  RESTRAINT  =         6.9220
 EAMBER (non-restraint)  =    -12547.4705
 EKCMT  =         0.0000  VIRIAL  =         0.0000  VOLUME     =     32563.0014
                                                    Density    =         0.9961
 Ewald error estimate:   0.9503E-04
 ------------------------------------------------------------------------------


 NSTEP =    47000   TIME(PS) =     114.000  TEMP(K) =   300.74  PRESS =     0.0
 Etot   =    -10692.7621  EKtot   =      1942.2884  EPtot      =    -12635.0506
 BOND   =         4.0328  ANGLE   =        19.0233  DIHED      =        15.4714
 1-4 NB =        12.6671  1-4 EEL =      -245.5287  VDWAALS    =      2394.5903
 EELEC  =    -14842.3598  EHBOND  =         0.0000  RESTRAINT  =         7.0529
 EAMBER (non-restraint)  =    -12642.1035
 EKCMT  =         0.0000  VIRIAL  =         0.0000  VOLUME     =     32649.4687
                                                    Density    =         0.9935
 Ewald error estimate:   0.6007E-04
 ------------------------------------------------------------------------------


 NSTEP =    47500   TIME(PS) =     115.000  TEMP(K) =   302.62  PRESS =     0.0
 Etot   =    -10674.8885  EKtot   =      1954.4035  EPtot      =    -12629.2920
 BOND   =         7.6020  ANGLE   =        14.5092  DIHED      =        14.8004
 1-4 NB =        13.2975  1-4 EEL =      -247.2325  VDWAALS    =      2433.5849
 EELEC  =    -14874.1638  EHBOND  =         0.0000  RESTRAINT  =         8.3103
 EAMBER (non-restraint)  =    -12637.6023
 EKCMT  =         0.0000  VIRIAL  =         0.0000  VOLUME     =     32530.8382
                                                    Density    =         0.9971
 Ewald error estimate:   0.1679E-03
 ------------------------------------------------------------------------------


 NSTEP =    48000   TIME(PS) =     116.000  TEMP(K) =   291.40  PRESS =     0.0
 Etot   =    -10673.8563  EKtot   =      1881.9606  EPtot      =    -12555.8170
 BOND   =         6.7948  ANGLE   =        19.8862  DIHED      =        16.9056
 1-4 NB =        11.8872  1-4 EEL =      -246.8740  VDWAALS    =      2403.1037
 EELEC  =    -14776.1488  EHBOND  =         0.0000  RESTRAINT  =         8.6285
 EAMBER (non-restraint)  =    -12564.4454
 EKCMT  =         0.0000  VIRIAL  =         0.0000  VOLUME     =     32657.8759
                                                    Density    =         0.9932
 Ewald error estimate:   0.5111E-04
 ------------------------------------------------------------------------------


 NSTEP =    48500   TIME(PS) =     117.000  TEMP(K) =   296.24  PRESS =     0.0
 Etot   =    -10724.1096  EKtot   =      1913.2049  EPtot      =    -12637.3145
 BOND   =         5.5793  ANGLE   =        19.3164  DIHED      =        15.1811
 1-4 NB =        10.9211  1-4 EEL =      -243.2867  VDWAALS    =      2549.8870
 EELEC  =    -15000.6906  EHBOND  =         0.0000  RESTRAINT  =         5.7779
 EAMBER (non-restraint)  =    -12643.0925
 EKCMT  =         0.0000  VIRIAL  =         0.0000  VOLUME     =     32223.4751
                                                    Density    =         1.0066
 Ewald error estimate:   0.9725E-04
 ------------------------------------------------------------------------------


 NSTEP =    49000   TIME(PS) =     118.000  TEMP(K) =   289.98  PRESS =     0.0
 Etot   =    -10727.1383  EKtot   =      1872.8025  EPtot      =    -12599.9408
 BOND   =         8.1631  ANGLE   =        17.3949  DIHED      =        16.0773
 1-4 NB =        11.9696  1-4 EEL =      -248.1370  VDWAALS    =      2497.5599
 EELEC  =    -14912.6269  EHBOND  =         0.0000  RESTRAINT  =         9.6583
 EAMBER (non-restraint)  =    -12609.5992
 EKCMT  =         0.0000  VIRIAL  =         0.0000  VOLUME     =     32073.5490
                                                    Density    =         1.0113
 Ewald error estimate:   0.1048E-03
 ------------------------------------------------------------------------------


 NSTEP =    49500   TIME(PS) =     119.000  TEMP(K) =   297.81  PRESS =     0.0
 Etot   =    -10755.6786  EKtot   =      1923.3783  EPtot      =    -12679.0569
 BOND   =         4.8859  ANGLE   =        17.2571  DIHED      =        16.4540
 1-4 NB =        12.2189  1-4 EEL =      -246.6732  VDWAALS    =      2529.6298
 EELEC  =    -15020.4247  EHBOND  =         0.0000  RESTRAINT  =         7.5953
 EAMBER (non-restraint)  =    -12686.6522
 EKCMT  =         0.0000  VIRIAL  =         0.0000  VOLUME     =     32073.5490
                                                    Density    =         1.0113
 Ewald error estimate:   0.5418E-04
 ------------------------------------------------------------------------------


 NSTEP =    50000   TIME(PS) =     120.000  TEMP(K) =   299.84  PRESS =     0.0
 Etot   =    -10771.5138  EKtot   =      1936.4489  EPtot      =    -12707.9627
 BOND   =        11.5454  ANGLE   =         9.2734  DIHED      =        15.0079
 1-4 NB =        12.8735  1-4 EEL =      -250.9801  VDWAALS    =      2552.2857
 EELEC  =    -15066.8209  EHBOND  =         0.0000  RESTRAINT  =         8.8524
 EAMBER (non-restraint)  =    -12716.8151
 EKCMT  =         0.0000  VIRIAL  =         0.0000  VOLUME     =     32065.3667
                                                    Density    =         1.0116
 Ewald error estimate:   0.1204E-03
 ------------------------------------------------------------------------------


      A V E R A G E S   O V E R     100 S T E P S


 NSTEP =    50000   TIME(PS) =     120.000  TEMP(K) =   298.13  PRESS =     0.0
 Etot   =    -10708.7278  EKtot   =      1925.4544  EPtot      =    -12634.1823
 BOND   =         6.7857  ANGLE   =        15.7106  DIHED      =        15.0280
 1-4 NB =        12.0322  1-4 EEL =      -246.7099  VDWAALS    =      2472.1209
 EELEC  =    -14917.8503  EHBOND  =         0.0000  RESTRAINT  =         8.7006
 EAMBER (non-restraint)  =    -12642.8829
 EKCMT  =         0.0000  VIRIAL  =         0.0000  VOLUME     =     32441.8982
                                                    Density    =         1.0005
 Ewald error estimate:   0.1563E-03
 ------------------------------------------------------------------------------


      R M S  F L U C T U A T I O N S


 NSTEP =    50000   TIME(PS) =     120.000  TEMP(K) =     5.64  PRESS =     0.0
 Etot   =        91.0188  EKtot   =        36.4373  EPtot      =        80.2973
 BOND   =         2.1921  ANGLE   =         2.6277  DIHED      =         1.6776
 1-4 NB =         0.8780  1-4 EEL =         1.6555  VDWAALS    =        67.3855
 EELEC  =       132.8763  EHBOND  =         0.0000  RESTRAINT  =         2.0368
 EAMBER (non-restraint)  =        78.2606
 EKCMT  =         0.0000  VIRIAL  =         0.0000  VOLUME     =       844.1131
                                                    Density    =         0.0244
 Ewald error estimate:   0.1236E-03
 ------------------------------------------------------------------------------

| MC Barostat:        500 volume changes attempted.
| MC Barostat:        217 changes successful ( 43.40%)
 ------------------------------------------------------------------------------

--------------------------------------------------------------------------------
   5.  TIMINGS
--------------------------------------------------------------------------------

|  NonSetup CPU Time in Major Routines, Average for All Tasks:
|
|     Routine           Sec        %
|     ------------------------------
|     DataDistrib       9.63    9.31
|     Nonbond          88.26   85.37
|     Bond              0.14    0.13
|     Angle             0.16    0.15
|     Dihedral          0.20    0.20
|     Shake             0.61    0.59
|     RunMD             4.21    4.07
|     Other             0.19    0.18
|     ------------------------------
|     Total           103.39

|  PME Nonbond Pairlist CPU Time, Average for All Tasks:
|
|     Routine              Sec        %
|     ---------------------------------
|     Set Up Cit           0.29    0.28
|     Build List          10.50   10.15
|     ---------------------------------
|     Total               10.78   10.43

|  PME Direct Force CPU Time, Average for All Tasks:
|
|     Routine              Sec        %
|     ---------------------------------
|     NonBonded Calc      60.89   58.89
|     Exclude Masked       0.67    0.65
|     Other                2.40    2.32
|     ---------------------------------
|     Total               63.96   61.86

|  PME Reciprocal Force CPU Time, Average for All Tasks:
|
|     Routine              Sec        %
|     ---------------------------------
|     1D bspline           1.11    1.07
|     Grid Charges         1.22    1.18
|     Scalar Sum           1.21    1.17
|     Gradient Sum         2.13    2.06
|     FFT                  7.56    7.31
|     ---------------------------------
|     Total               13.22   12.79

|  PME Load Balancing CPU Time, Average for All Tasks:
|
|     Routine                 Sec        %
|     ------------------------------------
|     Atom Reassign           0.00    0.00
|     Image Reassign          0.00    0.00
|     FFT Reassign            0.00    0.00
|     ------------------------------------
|     Total                   0.01    0.01

|  Final Performance Info:
|     -----------------------------------------------------
|     Average timings for last   20500 steps:
|     Elapsed(s) =      42.79 Per Step(ms) =       2.09
|         ns/day =      82.78   seconds/ns =    1043.68
|
|     Average timings for all steps:
|     Elapsed(s) =     103.45 Per Step(ms) =       2.07
|         ns/day =      83.52   seconds/ns =    1034.53
|     -----------------------------------------------------

|  Master Setup CPU time:            0.03 seconds
|  Master NonSetup CPU time:       103.13 seconds
|  Master Total CPU time:          103.16 seconds     0.03 hours

|  Master Setup wall time:           1    seconds
|  Master NonSetup wall time:      103    seconds
|  Master Total wall time:         104    seconds     0.03 hours
