
          -------------------------------------------------------
          Amber 18 PMEMD                              2018
          -------------------------------------------------------

| PMEMD implementation of SANDER, Release 18

| Run on 03/09/2022 at 00:50:40

|   Executable path: pmemd.MPI
| Working directory: /bgfs/lchong/dty7/ff15ipq-lig/charges/v00/GenConformers/Conf12
|          Hostname: smp-n123

  [-O]verwriting output

File Assignments:
|   MDIN: ../../../amber/6.2_eq1.in                                             
|  MDOUT: 6.2_eq1.out                                                           
| INPCRD: 6.1_min.rst                                                           
|   PARM: ../../mon.top                                                         
| RESTRT: 6.2_eq1.rst                                                           
|   REFC: 6.1_min.rst                                                           
|  MDVEL: mdvel                                                                 
|   MDEN: mden                                                                  
|  MDCRD: mdcrd                                                                 
| MDINFO: mdinfo                                                                
|LOGFILE: logfile                                                               
|  MDFRC: mdfrc                                                                 

 
 Here is the input file:
 
&cntrl                                                                         
  imin      = 0,                                                               
  irest     = 0,                                                               
  ntx       = 1,                                                               
  ig        = -1,                                                              
  dt        = 0.002,                                                           
  nstlim    = 10000,                                                           
  nscm      = 500,                                                             
  ntr       = 1,                                                               
  restraintmask = ':1',                                                        
  restraint_wt  = 10.0,                                                        
  ntb       = 1,                                                               
  ntp       = 0,                                                               
  ntt       = 3,                                                               
  tempi     = 298.0,                                                           
  temp0     = 298.0,                                                           
  gamma_ln  = 1.0,                                                             
  ntf       = 2,                                                               
  ntc       = 2,                                                               
  cut       = 10.0,                                                            
  ntpr      = 500,                                                             
  ntxo      = 2,                                                               
  ntwr      = 10000,                                                           
  ioutfm    = 1,                                                               
  ntwx      = 500,                                                             
  iwrap     = 1,                                                               
&end                                                                           


Note: ig = -1. Setting random seed to   606814 based on wallclock time in
      microseconds and disabling the synchronization of random numbers 
      between tasks to improve performance.
| irandom = 1, using AMBER's internal random number generator (default).
 
 
| Conditional Compilation Defines Used:
| MPI
| FFTW_FFT
| BINTRAJ
| MKL
| EMIL
 
| Largest sphere to fit in unit cell has radius =    14.795

| New format PARM file being parsed.
| Version =    1.000 Date = 03/08/22 Time = 18:50:46

| Note: 1-4 EEL scale factors are being read from the topology file.

| Note: 1-4 VDW scale factors are being read from the topology file.
| Duplicated    0 dihedrals

| Duplicated    0 dihedrals

--------------------------------------------------------------------------------
   1.  RESOURCE   USE: 
--------------------------------------------------------------------------------

 getting box info from netcdf restart file
 NATOM  =    3240 NTYPES =      14 NBONH =    3220 MBONA  =      21
 NTHETH =      33 MTHETA =      29 NPHIH =      58 MPHIA  =      46
 NHPARM =       0 NPARM  =       0 NNB   =    4456 NRES   =    1069
 NBONA  =      21 NTHETA =      29 NPHIA =      46 NUMBND =      22
 NUMANG =      35 NPTRA  =      22 NATYP =      17 NPHB   =       1
 IFBOX  =       2 NMXRS  =      36 IFCAP =       0 NEXTRA =       0
 NCOPY  =       0

| Coordinate Index Table dimensions:     5    5    5
| Direct force subcell size =     7.2481    7.2481    7.2481

     BOX TYPE: TRUNCATED OCTAHEDRON

--------------------------------------------------------------------------------
   2.  CONTROL  DATA  FOR  THE  RUN
--------------------------------------------------------------------------------

MON                                                                             

General flags:
     imin    =       0, nmropt  =       0

Nature and format of input:
     ntx     =       1, irest   =       0, ntrx    =       1

Nature and format of output:
     ntxo    =       2, ntpr    =     500, ntrx    =       1, ntwr    =   10000
     iwrap   =       1, ntwx    =     500, ntwv    =       0, ntwe    =       0
     ioutfm  =       1, ntwprt  =       0, idecomp =       0, rbornstat=      0

Potential function:
     ntf     =       2, ntb     =       1, igb     =       0, nsnb    =      25
     ipol    =       0, gbsa    =       0, iesp    =       0
     dielc   =   1.00000, cut     =  10.00000, intdiel =   1.00000

Frozen or restrained atoms:
     ibelly  =       0, ntr     =       1
     restraint_wt =  10.00000

Molecular dynamics:
     nstlim  =     10000, nscm    =         0, nrespa  =         1
     t       =   0.00000, dt      =   0.00200, vlimit  =  20.00000

Langevin dynamics temperature regulation:
     ig      =  606814
     temp0   = 298.00000, tempi   = 298.00000, gamma_ln=   1.00000

SHAKE:
     ntc     =       2, jfastw  =       0
     tol     =   0.00001

| Intermolecular bonds treatment:
|     no_intermolecular_bonds =       1

| Energy averages sample interval:
|     ene_avg_sampling =     500

Ewald parameters:
     verbose =       0, ew_type =       0, nbflag  =       1, use_pme =       1
     vdwmeth =       1, eedmeth =       1, netfrc  =       1
     Box X =   36.240   Box Y =   36.240   Box Z =   36.240
     Alpha =  109.471   Beta  =  109.471   Gamma =  109.471
     NFFT1 =   40       NFFT2 =   40       NFFT3 =   40
     Cutoff=   10.000   Tol   =0.100E-04
     Ewald Coefficient =  0.27511
     Interpolation order =    4

| PMEMD ewald parallel performance parameters:
|     block_fft =    0
|     fft_blk_y_divisor =    2
|     excl_recip =    0
|     excl_master =    0
|     atm_redist_freq =  320

    LOADING THE CONSTRAINED ATOMS AS GROUPS


   5.  REFERENCE ATOM COORDINATES

  MON                                                                             
     Mask :1; matches    36 atoms

--------------------------------------------------------------------------------
   3.  ATOMIC COORDINATES AND VELOCITIES
--------------------------------------------------------------------------------

MON                                                                             
 begin time read from input coords =     0.000 ps

 
 Number of triangulated 3-point waters found:     1068

     Sum of charges from parm topology file =  -0.00200217
     Forcing neutrality...

| Dynamic Memory, Types Used:
| Reals             1198095
| Integers           209569

| Nonbonded Pairs Initial Allocation:      317358

| Running AMBER/MPI version on    8 MPI task

 
--------------------------------------------------------------------------------
   4.  RESULTS
--------------------------------------------------------------------------------

 ---------------------------------------------------
 APPROXIMATING switch and d/dx switch using CUBIC SPLINE INTERPOLATION
 using   5000.0 points per unit in tabled values
 TESTING RELATIVE ERROR over r ranging from 0.0 to cutoff
| CHECK switch(x): max rel err =   0.3316E-14   at   2.351880
| CHECK d/dx switch(x): max rel err =   0.8066E-11   at   2.747240
 ---------------------------------------------------
|---------------------------------------------------
| APPROXIMATING direct energy using CUBIC SPLINE INTERPOLATION
|  with   50.0 points per unit in tabled values
| Relative Error Limit not exceeded for r .gt.   2.34
| APPROXIMATING direct force using CUBIC SPLINE INTERPOLATION
|  with   50.0 points per unit in tabled values
| Relative Error Limit not exceeded for r .gt.   2.81
|---------------------------------------------------

 NSTEP =        0   TIME(PS) =       0.000  TEMP(K) =   445.33  PRESS =     0.0
 Etot   =    -14592.2444  EKtot   =      2876.1342  EPtot      =    -17468.3786
 BOND   =         0.7056  ANGLE   =         5.0597  DIHED      =        12.2871
 1-4 NB =        11.6299  1-4 EEL =      -246.1471  VDWAALS    =      3709.1199
 EELEC  =    -20961.0337  EHBOND  =         0.0000  RESTRAINT  =         0.0000
 Ewald error estimate:   0.2038E-03
 ------------------------------------------------------------------------------


 NSTEP =      500   TIME(PS) =       1.000  TEMP(K) =   241.90  PRESS =     0.0
 Etot   =    -11304.9447  EKtot   =      1562.2972  EPtot      =    -12867.2419
 BOND   =         5.5547  ANGLE   =        12.8951  DIHED      =        15.0459
 1-4 NB =        11.2491  1-4 EEL =      -245.9653  VDWAALS    =      2503.3653
 EELEC  =    -15173.6395  EHBOND  =         0.0000  RESTRAINT  =         4.2528
 EAMBER (non-restraint)  =    -12871.4947
 Ewald error estimate:   0.1979E-03
 ------------------------------------------------------------------------------


 NSTEP =     1000   TIME(PS) =       2.000  TEMP(K) =   282.44  PRESS =     0.0
 Etot   =    -10788.0173  EKtot   =      1824.1273  EPtot      =    -12612.1447
 BOND   =         4.6951  ANGLE   =        12.1851  DIHED      =        16.1226
 1-4 NB =        10.8643  1-4 EEL =      -244.8200  VDWAALS    =      2377.7677
 EELEC  =    -14795.0407  EHBOND  =         0.0000  RESTRAINT  =         6.0812
 EAMBER (non-restraint)  =    -12618.2259
 Ewald error estimate:   0.2118E-04
 ------------------------------------------------------------------------------


 NSTEP =     1500   TIME(PS) =       3.000  TEMP(K) =   292.30  PRESS =     0.0
 Etot   =    -10580.7540  EKtot   =      1887.7822  EPtot      =    -12468.5362
 BOND   =         5.6786  ANGLE   =        16.8716  DIHED      =        16.2680
 1-4 NB =        11.1096  1-4 EEL =      -244.3823  VDWAALS    =      2367.0226
 EELEC  =    -14646.3081  EHBOND  =         0.0000  RESTRAINT  =         5.2037
 EAMBER (non-restraint)  =    -12473.7400
 Ewald error estimate:   0.3539E-03
 ------------------------------------------------------------------------------


 NSTEP =     2000   TIME(PS) =       4.000  TEMP(K) =   291.47  PRESS =     0.0
 Etot   =    -10551.3531  EKtot   =      1882.4174  EPtot      =    -12433.7705
 BOND   =         4.6898  ANGLE   =        19.6364  DIHED      =        13.3771
 1-4 NB =        13.8655  1-4 EEL =      -247.1296  VDWAALS    =      2186.2007
 EELEC  =    -14435.0782  EHBOND  =         0.0000  RESTRAINT  =        10.6677
 EAMBER (non-restraint)  =    -12444.4382
 Ewald error estimate:   0.1914E-03
 ------------------------------------------------------------------------------


 NSTEP =     2500   TIME(PS) =       5.000  TEMP(K) =   298.51  PRESS =     0.0
 Etot   =    -10480.9659  EKtot   =      1927.9209  EPtot      =    -12408.8868
 BOND   =         6.3797  ANGLE   =        12.0204  DIHED      =        15.2525
 1-4 NB =        13.0233  1-4 EEL =      -245.7633  VDWAALS    =      2285.3880
 EELEC  =    -14501.5529  EHBOND  =         0.0000  RESTRAINT  =         6.3654
 EAMBER (non-restraint)  =    -12415.2522
 Ewald error estimate:   0.1792E-03
 ------------------------------------------------------------------------------


 NSTEP =     3000   TIME(PS) =       6.000  TEMP(K) =   302.39  PRESS =     0.0
 Etot   =    -10416.4686  EKtot   =      1952.9232  EPtot      =    -12369.3918
 BOND   =        11.5082  ANGLE   =        13.2287  DIHED      =        14.1356
 1-4 NB =        11.2074  1-4 EEL =      -244.9169  VDWAALS    =      2407.1348
 EELEC  =    -14589.8167  EHBOND  =         0.0000  RESTRAINT  =         8.1271
 EAMBER (non-restraint)  =    -12377.5189
 Ewald error estimate:   0.1394E-03
 ------------------------------------------------------------------------------


 NSTEP =     3500   TIME(PS) =       7.000  TEMP(K) =   285.88  PRESS =     0.0
 Etot   =    -10497.2788  EKtot   =      1846.3094  EPtot      =    -12343.5882
 BOND   =         4.5916  ANGLE   =        15.5818  DIHED      =        18.5264
 1-4 NB =        13.1768  1-4 EEL =      -245.5823  VDWAALS    =      2267.4492
 EELEC  =    -14427.3844  EHBOND  =         0.0000  RESTRAINT  =        10.0527
 EAMBER (non-restraint)  =    -12353.6410
 Ewald error estimate:   0.2262E-03
 ------------------------------------------------------------------------------


 NSTEP =     4000   TIME(PS) =       8.000  TEMP(K) =   299.60  PRESS =     0.0
 Etot   =    -10428.0126  EKtot   =      1934.9309  EPtot      =    -12362.9435
 BOND   =         5.0870  ANGLE   =        17.3496  DIHED      =        15.5666
 1-4 NB =        10.2194  1-4 EEL =      -245.2822  VDWAALS    =      2330.9254
 EELEC  =    -14510.1219  EHBOND  =         0.0000  RESTRAINT  =        13.3127
 EAMBER (non-restraint)  =    -12376.2562
 Ewald error estimate:   0.3538E-03
 ------------------------------------------------------------------------------


 NSTEP =     4500   TIME(PS) =       9.000  TEMP(K) =   308.04  PRESS =     0.0
 Etot   =    -10403.7658  EKtot   =      1989.4061  EPtot      =    -12393.1719
 BOND   =         5.6526  ANGLE   =        12.5356  DIHED      =        14.2007
 1-4 NB =        11.2271  1-4 EEL =      -245.6950  VDWAALS    =      2391.7750
 EELEC  =    -14593.4131  EHBOND  =         0.0000  RESTRAINT  =        10.5452
 EAMBER (non-restraint)  =    -12403.7172
 Ewald error estimate:   0.9359E-04
 ------------------------------------------------------------------------------


 NSTEP =     5000   TIME(PS) =      10.000  TEMP(K) =   295.94  PRESS =     0.0
 Etot   =    -10382.6298  EKtot   =      1911.2593  EPtot      =    -12293.8891
 BOND   =         8.6525  ANGLE   =        16.6244  DIHED      =        11.8059
 1-4 NB =        11.7709  1-4 EEL =      -245.5478  VDWAALS    =      2326.5333
 EELEC  =    -14432.7242  EHBOND  =         0.0000  RESTRAINT  =         8.9960
 EAMBER (non-restraint)  =    -12302.8851
 Ewald error estimate:   0.5874E-04
 ------------------------------------------------------------------------------


 NSTEP =     5500   TIME(PS) =      11.000  TEMP(K) =   300.85  PRESS =     0.0
 Etot   =    -10347.3103  EKtot   =      1942.9816  EPtot      =    -12290.2919
 BOND   =         7.1549  ANGLE   =        11.8424  DIHED      =        13.9097
 1-4 NB =        12.5969  1-4 EEL =      -247.0796  VDWAALS    =      2243.8296
 EELEC  =    -14341.1316  EHBOND  =         0.0000  RESTRAINT  =         8.5858
 EAMBER (non-restraint)  =    -12298.8777
 Ewald error estimate:   0.2546E-03
 ------------------------------------------------------------------------------


 NSTEP =     6000   TIME(PS) =      12.000  TEMP(K) =   302.85  PRESS =     0.0
 Etot   =    -10406.9527  EKtot   =      1955.9460  EPtot      =    -12362.8987
 BOND   =         6.4601  ANGLE   =        13.0962  DIHED      =        14.0698
 1-4 NB =        11.7181  1-4 EEL =      -243.5772  VDWAALS    =      2304.5546
 EELEC  =    -14478.0259  EHBOND  =         0.0000  RESTRAINT  =         8.8055
 EAMBER (non-restraint)  =    -12371.7042
 Ewald error estimate:   0.4714E-03
 ------------------------------------------------------------------------------


 NSTEP =     6500   TIME(PS) =      13.000  TEMP(K) =   299.59  PRESS =     0.0
 Etot   =    -10431.8648  EKtot   =      1934.8619  EPtot      =    -12366.7267
 BOND   =         3.3311  ANGLE   =        13.0412  DIHED      =        14.5015
 1-4 NB =        11.8717  1-4 EEL =      -244.6841  VDWAALS    =      2332.1292
 EELEC  =    -14503.1353  EHBOND  =         0.0000  RESTRAINT  =         6.2180
 EAMBER (non-restraint)  =    -12372.9447
 Ewald error estimate:   0.3363E-04
 ------------------------------------------------------------------------------


 NSTEP =     7000   TIME(PS) =      14.000  TEMP(K) =   296.52  PRESS =     0.0
 Etot   =    -10458.0764  EKtot   =      1915.0516  EPtot      =    -12373.1280
 BOND   =         5.2436  ANGLE   =        11.8826  DIHED      =        12.4650
 1-4 NB =        13.1692  1-4 EEL =      -246.3620  VDWAALS    =      2299.1535
 EELEC  =    -14473.0976  EHBOND  =         0.0000  RESTRAINT  =         4.4178
 EAMBER (non-restraint)  =    -12377.5458
 Ewald error estimate:   0.2090E-03
 ------------------------------------------------------------------------------


 NSTEP =     7500   TIME(PS) =      15.000  TEMP(K) =   291.18  PRESS =     0.0
 Etot   =    -10490.6090  EKtot   =      1880.5191  EPtot      =    -12371.1281
 BOND   =         3.2556  ANGLE   =        10.8676  DIHED      =        16.3615
 1-4 NB =        11.7446  1-4 EEL =      -246.2613  VDWAALS    =      2282.9463
 EELEC  =    -14458.4928  EHBOND  =         0.0000  RESTRAINT  =         8.4504
 EAMBER (non-restraint)  =    -12379.5785
 Ewald error estimate:   0.2773E-03
 ------------------------------------------------------------------------------


 NSTEP =     8000   TIME(PS) =      16.000  TEMP(K) =   290.59  PRESS =     0.0
 Etot   =    -10494.9835  EKtot   =      1876.7333  EPtot      =    -12371.7168
 BOND   =         7.4342  ANGLE   =        13.0499  DIHED      =        14.1711
 1-4 NB =        11.2810  1-4 EEL =      -242.7807  VDWAALS    =      2159.0665
 EELEC  =    -14341.3352  EHBOND  =         0.0000  RESTRAINT  =         7.3964
 EAMBER (non-restraint)  =    -12379.1131
 Ewald error estimate:   0.4010E-05
 ------------------------------------------------------------------------------


 NSTEP =     8500   TIME(PS) =      17.000  TEMP(K) =   289.97  PRESS =     0.0
 Etot   =    -10484.0003  EKtot   =      1872.7204  EPtot      =    -12356.7207
 BOND   =         7.0496  ANGLE   =        15.0852  DIHED      =        14.9422
 1-4 NB =        12.1268  1-4 EEL =      -244.5852  VDWAALS    =      2299.5566
 EELEC  =    -14466.9970  EHBOND  =         0.0000  RESTRAINT  =         6.1012
 EAMBER (non-restraint)  =    -12362.8219
 Ewald error estimate:   0.3620E-03
 ------------------------------------------------------------------------------


 NSTEP =     9000   TIME(PS) =      18.000  TEMP(K) =   294.64  PRESS =     0.0
 Etot   =    -10442.4562  EKtot   =      1902.9105  EPtot      =    -12345.3667
 BOND   =         6.5624  ANGLE   =        12.8373  DIHED      =        16.6248
 1-4 NB =        15.3489  1-4 EEL =      -250.6627  VDWAALS    =      2341.2243
 EELEC  =    -14492.3090  EHBOND  =         0.0000  RESTRAINT  =         5.0073
 EAMBER (non-restraint)  =    -12350.3740
 Ewald error estimate:   0.5055E-04
 ------------------------------------------------------------------------------


 NSTEP =     9500   TIME(PS) =      19.000  TEMP(K) =   303.98  PRESS =     0.0
 Etot   =    -10444.3663  EKtot   =      1963.2036  EPtot      =    -12407.5698
 BOND   =         6.9694  ANGLE   =        14.4542  DIHED      =        15.9822
 1-4 NB =        14.0131  1-4 EEL =      -246.5808  VDWAALS    =      2272.4122
 EELEC  =    -14493.7240  EHBOND  =         0.0000  RESTRAINT  =         8.9039
 EAMBER (non-restraint)  =    -12416.4737
 Ewald error estimate:   0.7956E-04
 ------------------------------------------------------------------------------


 NSTEP =    10000   TIME(PS) =      20.000  TEMP(K) =   295.00  PRESS =     0.0
 Etot   =    -10435.0616  EKtot   =      1905.2122  EPtot      =    -12340.2738
 BOND   =         8.1935  ANGLE   =        13.5114  DIHED      =        13.8291
 1-4 NB =        11.7442  1-4 EEL =      -243.6324  VDWAALS    =      2264.8574
 EELEC  =    -14419.5272  EHBOND  =         0.0000  RESTRAINT  =        10.7502
 EAMBER (non-restraint)  =    -12351.0240
 Ewald error estimate:   0.2233E-03
 ------------------------------------------------------------------------------


      A V E R A G E S   O V E R      20 S T E P S


 NSTEP =    10000   TIME(PS) =      20.000  TEMP(K) =   293.18  PRESS =     0.0
 Etot   =    -10513.4936  EKtot   =      1893.4757  EPtot      =    -12406.9693
 BOND   =         6.2072  ANGLE   =        13.9298  DIHED      =        14.8579
 1-4 NB =        12.1664  1-4 EEL =      -245.5645  VDWAALS    =      2312.1646
 EELEC  =    -14528.6428  EHBOND  =         0.0000  RESTRAINT  =         7.9121
 EAMBER (non-restraint)  =    -12414.8813
 Ewald error estimate:   0.1890E-03
 ------------------------------------------------------------------------------


      R M S  F L U C T U A T I O N S


 NSTEP =    10000   TIME(PS) =      20.000  TEMP(K) =    13.29  PRESS =     0.0
 Etot   =       202.6497  EKtot   =        85.8269  EPtot      =       124.5836
 BOND   =         1.8617  ANGLE   =         2.1939  DIHED      =         1.5126
 1-4 NB =         1.2289  1-4 EEL =         1.6237  VDWAALS    =        75.0932
 EELEC  =       178.5729  EHBOND  =         0.0000  RESTRAINT  =         2.3834
 EAMBER (non-restraint)  =       122.2002
 Ewald error estimate:   0.1276E-03
 ------------------------------------------------------------------------------

--------------------------------------------------------------------------------
   5.  TIMINGS
--------------------------------------------------------------------------------

|  NonSetup CPU Time in Major Routines, Average for All Tasks:
|
|     Routine           Sec        %
|     ------------------------------
|     DataDistrib       2.01   10.56
|     Nonbond          15.91   83.51
|     Bond              0.03    0.14
|     Angle             0.04    0.19
|     Dihedral          0.05    0.28
|     Shake             0.13    0.66
|     RunMD             0.86    4.53
|     Other             0.03    0.14
|     ------------------------------
|     Total            19.05

|  PME Nonbond Pairlist CPU Time, Average for All Tasks:
|
|     Routine              Sec        %
|     ---------------------------------
|     Set Up Cit           0.06    0.30
|     Build List           1.93   10.14
|     ---------------------------------
|     Total                1.99   10.44

|  PME Direct Force CPU Time, Average for All Tasks:
|
|     Routine              Sec        %
|     ---------------------------------
|     NonBonded Calc      10.63   55.83
|     Exclude Masked       0.14    0.72
|     Other                0.48    2.53
|     ---------------------------------
|     Total               11.25   59.07

|  PME Reciprocal Force CPU Time, Average for All Tasks:
|
|     Routine              Sec        %
|     ---------------------------------
|     1D bspline           0.22    1.16
|     Grid Charges         0.24    1.27
|     Scalar Sum           0.21    1.11
|     Gradient Sum         0.42    2.21
|     FFT                  1.51    7.94
|     ---------------------------------
|     Total                2.61   13.69

|  PME Load Balancing CPU Time, Average for All Tasks:
|
|     Routine                 Sec        %
|     ------------------------------------
|     Atom Reassign           0.00    0.00
|     Image Reassign          0.00    0.00
|     FFT Reassign            0.00    0.00
|     ------------------------------------
|     Total                   0.00    0.01

|  Final Performance Info:
|     -----------------------------------------------------
|     Average timings for last   10000 steps:
|     Elapsed(s) =      19.06 Per Step(ms) =       1.91
|         ns/day =      90.68   seconds/ns =     952.83
|
|     Average timings for all steps:
|     Elapsed(s) =      19.06 Per Step(ms) =       1.91
|         ns/day =      90.68   seconds/ns =     952.83
|     -----------------------------------------------------

|  Master Setup CPU time:            0.03 seconds
|  Master NonSetup CPU time:        19.03 seconds
|  Master Total CPU time:           19.07 seconds     0.01 hours

|  Master Setup wall time:           0    seconds
|  Master NonSetup wall time:       19    seconds
|  Master Total wall time:          19    seconds     0.01 hours
