
          -------------------------------------------------------
          Amber 18 PMEMD                              2018
          -------------------------------------------------------

| PMEMD implementation of SANDER, Release 18

| Run on 03/12/2022 at 20:45:22

|   Executable path: pmemd.MPI
| Working directory: /bgfs/lchong/dty7/ff15ipq-lig/charges/gaff_00/GenConformers/Conf10
|          Hostname: smp-n123

  [-O]verwriting output

File Assignments:
|   MDIN: ../../../amber/6.3_eq2.in                                             
|  MDOUT: 6.3_eq2.out                                                           
| INPCRD: 6.2_eq1.rst                                                           
|   PARM: ../../mon.top                                                         
| RESTRT: 6.3_eq2.rst                                                           
|   REFC: 6.2_eq1.rst                                                           
|  MDVEL: mdvel                                                                 
|   MDEN: mden                                                                  
|  MDCRD: mdcrd                                                                 
| MDINFO: mdinfo                                                                
|LOGFILE: logfile                                                               
|  MDFRC: mdfrc                                                                 

 
 Here is the input file:
 
&cntrl                                                                         
  imin      = 0,                                                               
  irest     = 1,                                                               
  ntx       = 5,                                                               
  ig        = -1,                                                              
  dt        = 0.002,                                                           
  nstlim    = 50000,                                                           
  nscm      = 500,                                                             
  ntr       = 1,                                                               
  restraintmask = ':1',                                                        
  restraint_wt  = 10.0,                                                        
  ntb       = 2,                                                               
  ntp       = 1,                                                               
  barostat  = 2,                                                               
  pres0     = 1.0,                                                             
  mcbarint  = 100,                                                             
  comp      = 44.6,                                                            
  taup      = 1.0,                                                             
  ntt       = 3,                                                               
  temp0     = 298.0,                                                           
  gamma_ln  = 1.0,                                                             
  ntf       = 2,                                                               
  ntc       = 2,                                                               
  cut       = 10.0,                                                            
  ntpr      = 500,                                                             
  ntxo      = 1,                                                               
  ntwr      = 50000,                                                           
  ioutfm    = 1,                                                               
  ntwx      = 500,                                                             
  iwrap     = 1,                                                               
&end                                                                           


Note: ig = -1. Setting random seed to   648586 based on wallclock time in
      microseconds and disabling the synchronization of random numbers 
      between tasks to improve performance.
| irandom = 1, using AMBER's internal random number generator (default).
 
 
| Conditional Compilation Defines Used:
| MPI
| FFTW_FFT
| BINTRAJ
| MKL
| EMIL
 
| Largest sphere to fit in unit cell has radius =    14.800

| New format PARM file being parsed.
| Version =    1.000 Date = 03/12/22 Time = 14:58:37

| Note: 1-4 EEL scale factors are being read from the topology file.

| Note: 1-4 VDW scale factors are being read from the topology file.
| Duplicated    0 dihedrals

| Duplicated    0 dihedrals

--------------------------------------------------------------------------------
   1.  RESOURCE   USE: 
--------------------------------------------------------------------------------

 getting box info from netcdf restart file
 NATOM  =    3240 NTYPES =      13 NBONH =    3220 MBONA  =      21
 NTHETH =      33 MTHETA =      29 NPHIH =      60 MPHIA  =      45
 NHPARM =       0 NPARM  =       0 NNB   =    4456 NRES   =    1069
 NBONA  =      21 NTHETA =      29 NPHIA =      45 NUMBND =      22
 NUMANG =      35 NPTRA  =      18 NATYP =      17 NPHB   =       0
 IFBOX  =       2 NMXRS  =      36 IFCAP =       0 NEXTRA =       0
 NCOPY  =       0

| Coordinate Index Table dimensions:     5    5    5
| Direct force subcell size =     7.2504    7.2504    7.2504

     BOX TYPE: TRUNCATED OCTAHEDRON

--------------------------------------------------------------------------------
   2.  CONTROL  DATA  FOR  THE  RUN
--------------------------------------------------------------------------------

MON                                                                             

General flags:
     imin    =       0, nmropt  =       0

Nature and format of input:
     ntx     =       5, irest   =       1, ntrx    =       1

Nature and format of output:
     ntxo    =       1, ntpr    =     500, ntrx    =       1, ntwr    =   50000
     iwrap   =       1, ntwx    =     500, ntwv    =       0, ntwe    =       0
     ioutfm  =       1, ntwprt  =       0, idecomp =       0, rbornstat=      0

Potential function:
     ntf     =       2, ntb     =       2, igb     =       0, nsnb    =      25
     ipol    =       0, gbsa    =       0, iesp    =       0
     dielc   =   1.00000, cut     =  10.00000, intdiel =   1.00000

Frozen or restrained atoms:
     ibelly  =       0, ntr     =       1
     restraint_wt =  10.00000

Molecular dynamics:
     nstlim  =     50000, nscm    =         0, nrespa  =         1
     t       =   0.00000, dt      =   0.00200, vlimit  =  20.00000

Langevin dynamics temperature regulation:
     ig      =  648586
     temp0   = 298.00000, tempi   =   0.00000, gamma_ln=   1.00000

Pressure regulation:
     ntp     =       1
     pres0   =   1.00000, comp    =  44.60000, taup    =   1.00000
     Monte-Carlo Barostat:
     mcbarint  =     100

SHAKE:
     ntc     =       2, jfastw  =       0
     tol     =   0.00001

| Intermolecular bonds treatment:
|     no_intermolecular_bonds =       1

| Energy averages sample interval:
|     ene_avg_sampling =     500

Ewald parameters:
     verbose =       0, ew_type =       0, nbflag  =       1, use_pme =       1
     vdwmeth =       1, eedmeth =       1, netfrc  =       1
     Box X =   36.252   Box Y =   36.252   Box Z =   36.252
     Alpha =  109.471   Beta  =  109.471   Gamma =  109.471
     NFFT1 =   40       NFFT2 =   40       NFFT3 =   40
     Cutoff=   10.000   Tol   =0.100E-04
     Ewald Coefficient =  0.27511
     Interpolation order =    4

| PMEMD ewald parallel performance parameters:
|     block_fft =    0
|     fft_blk_y_divisor =    2
|     excl_recip =    0
|     excl_master =    0
|     atm_redist_freq =  320

    LOADING THE CONSTRAINED ATOMS AS GROUPS


   5.  REFERENCE ATOM COORDINATES

  MON                                                                             
     Mask :1; matches    36 atoms
| MONTE CARLO BAROSTAT IMPORTANT NOTE:
|   The Monte-Carlo barostat does not require the virial to adjust the system volume.
|   Since it is an expensive calculation, it is skipped for efficiency. A side-effect
|   is that the reported pressure is always 0 because it is not calculated.

--------------------------------------------------------------------------------
   3.  ATOMIC COORDINATES AND VELOCITIES
--------------------------------------------------------------------------------

MON                                                                             
 begin time read from input coords =    20.000 ps

 
 Number of triangulated 3-point waters found:     1068

     Sum of charges from parm topology file =  -0.00200217
     Forcing neutrality...

| Dynamic Memory, Types Used:
| Reals             1243214
| Integers           213778

| Nonbonded Pairs Initial Allocation:      317358

| Running AMBER/MPI version on    8 MPI task

 
--------------------------------------------------------------------------------
   4.  RESULTS
--------------------------------------------------------------------------------

 ---------------------------------------------------
 APPROXIMATING switch and d/dx switch using CUBIC SPLINE INTERPOLATION
 using   5000.0 points per unit in tabled values
 TESTING RELATIVE ERROR over r ranging from 0.0 to cutoff
| CHECK switch(x): max rel err =   0.3316E-14   at   2.351880
| CHECK d/dx switch(x): max rel err =   0.8066E-11   at   2.747240
 ---------------------------------------------------
|---------------------------------------------------
| APPROXIMATING direct energy using CUBIC SPLINE INTERPOLATION
|  with   50.0 points per unit in tabled values
| Relative Error Limit not exceeded for r .gt.   2.34
| APPROXIMATING direct force using CUBIC SPLINE INTERPOLATION
|  with   50.0 points per unit in tabled values
| Relative Error Limit not exceeded for r .gt.   2.81
|---------------------------------------------------
wrapping first mol.:      -12.05247      -17.04477       29.52241

 NSTEP =      500   TIME(PS) =      21.000  TEMP(K) =   293.71  PRESS =     0.0
 Etot   =    -10617.3846  EKtot   =      1896.8703  EPtot      =    -12514.2549
 BOND   =         3.4494  ANGLE   =        13.0450  DIHED      =         8.6088
 1-4 NB =        11.5486  1-4 EEL =      -246.5297  VDWAALS    =      2368.5646
 EELEC  =    -14680.3285  EHBOND  =         0.0000  RESTRAINT  =         7.3869
 EAMBER (non-restraint)  =    -12521.6418
 EKCMT  =         0.0000  VIRIAL  =         0.0000  VOLUME     =     36389.0335
                                                    Density    =         0.8914
 Ewald error estimate:   0.7834E-05
 ------------------------------------------------------------------------------

| MC Barostat: Decreasing size of volume moves
wrapping first mol.:      -12.01642      -16.99379       29.43411

 NSTEP =     1000   TIME(PS) =      22.000  TEMP(K) =   289.85  PRESS =     0.0
 Etot   =    -10639.3062  EKtot   =      1871.9359  EPtot      =    -12511.2420
 BOND   =         6.3076  ANGLE   =        12.5613  DIHED      =         9.9387
 1-4 NB =        13.0208  1-4 EEL =      -250.3879  VDWAALS    =      2411.5707
 EELEC  =    -14724.3704  EHBOND  =         0.0000  RESTRAINT  =        10.1173
 EAMBER (non-restraint)  =    -12521.3594
 EKCMT  =         0.0000  VIRIAL  =         0.0000  VOLUME     =     36063.4812
                                                    Density    =         0.8994
 Ewald error estimate:   0.4444E-03
 ------------------------------------------------------------------------------

wrapping first mol.:      -11.93175      -16.87405       29.22671

 NSTEP =     1500   TIME(PS) =      23.000  TEMP(K) =   285.38  PRESS =     0.0
 Etot   =    -10665.7011  EKtot   =      1843.1103  EPtot      =    -12508.8114
 BOND   =         8.8517  ANGLE   =        12.5177  DIHED      =        10.0589
 1-4 NB =        13.3668  1-4 EEL =      -247.4931  VDWAALS    =      2341.7035
 EELEC  =    -14657.1287  EHBOND  =         0.0000  RESTRAINT  =         9.3118
 EAMBER (non-restraint)  =    -12518.1233
 EKCMT  =         0.0000  VIRIAL  =         0.0000  VOLUME     =     35306.5124
                                                    Density    =         0.9187
 Ewald error estimate:   0.4290E-03
 ------------------------------------------------------------------------------

wrapping first mol.:      -11.93175      -16.87405       29.22671

 NSTEP =     2000   TIME(PS) =      24.000  TEMP(K) =   294.52  PRESS =     0.0
 Etot   =    -10659.7597  EKtot   =      1902.1108  EPtot      =    -12561.8705
 BOND   =         8.3996  ANGLE   =        12.5552  DIHED      =        13.7157
 1-4 NB =        12.3339  1-4 EEL =      -248.2159  VDWAALS    =      2384.9380
 EELEC  =    -14758.6992  EHBOND  =         0.0000  RESTRAINT  =        13.1023
 EAMBER (non-restraint)  =    -12574.9728
 EKCMT  =         0.0000  VIRIAL  =         0.0000  VOLUME     =     35306.5124
                                                    Density    =         0.9187
 Ewald error estimate:   0.1076E-03
 ------------------------------------------------------------------------------

wrapping first mol.:      -11.88335      -16.80560       29.10816

 NSTEP =     2500   TIME(PS) =      25.000  TEMP(K) =   288.57  PRESS =     0.0
 Etot   =    -10656.0909  EKtot   =      1863.6662  EPtot      =    -12519.7571
 BOND   =         6.5750  ANGLE   =        18.5986  DIHED      =         9.3789
 1-4 NB =         9.9059  1-4 EEL =      -247.3610  VDWAALS    =      2504.1816
 EELEC  =    -14832.1652  EHBOND  =         0.0000  RESTRAINT  =        11.1291
 EAMBER (non-restraint)  =    -12530.8862
 EKCMT  =         0.0000  VIRIAL  =         0.0000  VOLUME     =     34878.6044
                                                    Density    =         0.9300
 Ewald error estimate:   0.9533E-04
 ------------------------------------------------------------------------------

wrapping first mol.:      -11.82061      -16.71687       28.95447

 NSTEP =     3000   TIME(PS) =      26.000  TEMP(K) =   295.56  PRESS =     0.0
 Etot   =    -10656.4462  EKtot   =      1908.8064  EPtot      =    -12565.2525
 BOND   =         3.9152  ANGLE   =        13.6582  DIHED      =        10.6199
 1-4 NB =        11.0548  1-4 EEL =      -247.3013  VDWAALS    =      2442.9156
 EELEC  =    -14810.7454  EHBOND  =         0.0000  RESTRAINT  =        10.6304
 EAMBER (non-restraint)  =    -12575.8830
 EKCMT  =         0.0000  VIRIAL  =         0.0000  VOLUME     =     34329.0419
                                                    Density    =         0.9449
 Ewald error estimate:   0.2630E-04
 ------------------------------------------------------------------------------

wrapping first mol.:      -11.74742      -16.61336       28.77518

 NSTEP =     3500   TIME(PS) =      27.000  TEMP(K) =   296.50  PRESS =     0.0
 Etot   =    -10746.6769  EKtot   =      1914.9074  EPtot      =    -12661.5842
 BOND   =         5.4214  ANGLE   =        11.6221  DIHED      =        10.6346
 1-4 NB =        10.9033  1-4 EEL =      -246.2335  VDWAALS    =      2543.6488
 EELEC  =    -15006.0801  EHBOND  =         0.0000  RESTRAINT  =         8.4991
 EAMBER (non-restraint)  =    -12670.0834
 EKCMT  =         0.0000  VIRIAL  =         0.0000  VOLUME     =     33695.2902
                                                    Density    =         0.9626
 Ewald error estimate:   0.3662E-03
 ------------------------------------------------------------------------------

wrapping first mol.:      -11.70841      -16.55819       28.67963

 NSTEP =     4000   TIME(PS) =      28.000  TEMP(K) =   306.59  PRESS =     0.0
 Etot   =    -10678.1270  EKtot   =      1980.0627  EPtot      =    -12658.1897
 BOND   =         6.0130  ANGLE   =        15.5057  DIHED      =        10.6750
 1-4 NB =        10.6911  1-4 EEL =      -246.1892  VDWAALS    =      2638.3764
 EELEC  =    -15104.1161  EHBOND  =         0.0000  RESTRAINT  =        10.8546
 EAMBER (non-restraint)  =    -12669.0443
 EKCMT  =         0.0000  VIRIAL  =         0.0000  VOLUME     =     33360.7188
                                                    Density    =         0.9723
 Ewald error estimate:   0.1480E-04
 ------------------------------------------------------------------------------

wrapping first mol.:      -11.68776      -16.52899       28.62906

 NSTEP =     4500   TIME(PS) =      29.000  TEMP(K) =   290.80  PRESS =     0.0
 Etot   =    -10752.1291  EKtot   =      1878.0843  EPtot      =    -12630.2134
 BOND   =         4.0652  ANGLE   =        19.7077  DIHED      =         9.3572
 1-4 NB =        11.1647  1-4 EEL =      -247.8186  VDWAALS    =      2507.1946
 EELEC  =    -14943.5932  EHBOND  =         0.0000  RESTRAINT  =         9.7091
 EAMBER (non-restraint)  =    -12639.9225
 EKCMT  =         0.0000  VIRIAL  =         0.0000  VOLUME     =     33184.5728
                                                    Density    =         0.9775
 Ewald error estimate:   0.4290E-03
 ------------------------------------------------------------------------------

wrapping first mol.:      -11.67506      -16.51102       28.59794

 NSTEP =     5000   TIME(PS) =      30.000  TEMP(K) =   305.15  PRESS =     0.0
 Etot   =    -10689.4248  EKtot   =      1970.7713  EPtot      =    -12660.1960
 BOND   =         5.6664  ANGLE   =        16.0984  DIHED      =         9.7857
 1-4 NB =        11.7177  1-4 EEL =      -247.0984  VDWAALS    =      2401.5895
 EELEC  =    -14866.9334  EHBOND  =         0.0000  RESTRAINT  =         8.9780
 EAMBER (non-restraint)  =    -12669.1740
 EKCMT  =         0.0000  VIRIAL  =         0.0000  VOLUME     =     33076.4666
                                                    Density    =         0.9807
 Ewald error estimate:   0.2346E-03
 ------------------------------------------------------------------------------

wrapping first mol.:      -11.67955      -16.51738       28.60894

 NSTEP =     5500   TIME(PS) =      31.000  TEMP(K) =   299.88  PRESS =     0.0
 Etot   =    -10702.4872  EKtot   =      1936.7339  EPtot      =    -12639.2211
 BOND   =         9.1855  ANGLE   =        15.6532  DIHED      =         8.7004
 1-4 NB =         9.6601  1-4 EEL =      -249.7411  VDWAALS    =      2427.0929
 EELEC  =    -14870.2939  EHBOND  =         0.0000  RESTRAINT  =        10.5219
 EAMBER (non-restraint)  =    -12649.7430
 EKCMT  =         0.0000  VIRIAL  =         0.0000  VOLUME     =     33114.6611
                                                    Density    =         0.9795
 Ewald error estimate:   0.3873E-04
 ------------------------------------------------------------------------------

wrapping first mol.:      -11.66193      -16.49245       28.56577

 NSTEP =     6000   TIME(PS) =      32.000  TEMP(K) =   300.19  PRESS =     0.0
 Etot   =    -10652.3880  EKtot   =      1938.7132  EPtot      =    -12591.1012
 BOND   =         3.2132  ANGLE   =        15.1119  DIHED      =        15.1197
 1-4 NB =        11.1925  1-4 EEL =      -248.5844  VDWAALS    =      2344.9032
 EELEC  =    -14743.2144  EHBOND  =         0.0000  RESTRAINT  =        11.1572
 EAMBER (non-restraint)  =    -12602.2584
 EKCMT  =         0.0000  VIRIAL  =         0.0000  VOLUME     =     32964.9760
                                                    Density    =         0.9840
 Ewald error estimate:   0.1664E-03
 ------------------------------------------------------------------------------

wrapping first mol.:      -11.68602      -16.52652       28.62478

 NSTEP =     6500   TIME(PS) =      33.000  TEMP(K) =   303.84  PRESS =     0.0
 Etot   =    -10707.5745  EKtot   =      1962.3292  EPtot      =    -12669.9037
 BOND   =        10.9594  ANGLE   =        12.4824  DIHED      =         9.9820
 1-4 NB =         9.7829  1-4 EEL =      -247.2470  VDWAALS    =      2527.3135
 EELEC  =    -15000.6270  EHBOND  =         0.0000  RESTRAINT  =         7.4500
 EAMBER (non-restraint)  =    -12677.3537
 EKCMT  =         0.0000  VIRIAL  =         0.0000  VOLUME     =     33169.6971
                                                    Density    =         0.9779
 Ewald error estimate:   0.6244E-04
 ------------------------------------------------------------------------------

wrapping first mol.:      -11.65765      -16.48641       28.55531

 NSTEP =     7000   TIME(PS) =      34.000  TEMP(K) =   296.71  PRESS =     0.0
 Etot   =    -10752.6448  EKtot   =      1916.2712  EPtot      =    -12668.9159
 BOND   =         5.9773  ANGLE   =        15.4926  DIHED      =        14.4967
 1-4 NB =        11.9267  1-4 EEL =      -249.4346  VDWAALS    =      2537.4951
 EELEC  =    -15014.8136  EHBOND  =         0.0000  RESTRAINT  =         9.9439
 EAMBER (non-restraint)  =    -12678.8598
 EKCMT  =         0.0000  VIRIAL  =         0.0000  VOLUME     =     32928.7685
                                                    Density    =         0.9851
 Ewald error estimate:   0.6763E-04
 ------------------------------------------------------------------------------

wrapping first mol.:      -11.60495      -16.41187       28.42620

 NSTEP =     7500   TIME(PS) =      35.000  TEMP(K) =   297.28  PRESS =     0.0
 Etot   =    -10872.0353  EKtot   =      1919.9157  EPtot      =    -12791.9510
 BOND   =         9.4067  ANGLE   =        18.9595  DIHED      =        12.3959
 1-4 NB =         8.0385  1-4 EEL =      -247.8044  VDWAALS    =      2445.6148
 EELEC  =    -15049.8706  EHBOND  =         0.0000  RESTRAINT  =        11.3085
 EAMBER (non-restraint)  =    -12803.2595
 EKCMT  =         0.0000  VIRIAL  =         0.0000  VOLUME     =     32484.1348
                                                    Density    =         0.9985
 Ewald error estimate:   0.2007E-03
 ------------------------------------------------------------------------------

wrapping first mol.:      -11.52294      -16.29589       28.22532

 NSTEP =     8000   TIME(PS) =      36.000  TEMP(K) =   299.81  PRESS =     0.0
 Etot   =    -10816.6847  EKtot   =      1936.2928  EPtot      =    -12752.9774
 BOND   =         9.6233  ANGLE   =        14.2113  DIHED      =        11.4711
 1-4 NB =        10.2759  1-4 EEL =      -247.3109  VDWAALS    =      2520.8787
 EELEC  =    -15081.2715  EHBOND  =         0.0000  RESTRAINT  =         9.1446
 EAMBER (non-restraint)  =    -12762.1221
 EKCMT  =         0.0000  VIRIAL  =         0.0000  VOLUME     =     31800.3296
                                                    Density    =         1.0200
 Ewald error estimate:   0.5185E-03
 ------------------------------------------------------------------------------

wrapping first mol.:      -11.52294      -16.29589       28.22532

 NSTEP =     8500   TIME(PS) =      37.000  TEMP(K) =   286.25  PRESS =     0.0
 Etot   =    -10877.8100  EKtot   =      1848.7300  EPtot      =    -12726.5400
 BOND   =         6.4726  ANGLE   =        21.7300  DIHED      =        12.0086
 1-4 NB =        10.2758  1-4 EEL =      -248.1399  VDWAALS    =      2528.3667
 EELEC  =    -15067.4086  EHBOND  =         0.0000  RESTRAINT  =        10.1546
 EAMBER (non-restraint)  =    -12736.6947
 EKCMT  =         0.0000  VIRIAL  =         0.0000  VOLUME     =     31800.3296
                                                    Density    =         1.0200
 Ewald error estimate:   0.8010E-04
 ------------------------------------------------------------------------------

wrapping first mol.:      -11.54275      -16.32391       28.27385

 NSTEP =     9000   TIME(PS) =      38.000  TEMP(K) =   291.38  PRESS =     0.0
 Etot   =    -10802.1645  EKtot   =      1881.8293  EPtot      =    -12683.9938
 BOND   =         6.5610  ANGLE   =        12.6849  DIHED      =        11.0059
 1-4 NB =        11.2028  1-4 EEL =      -246.7168  VDWAALS    =      2354.9443
 EELEC  =    -14844.7356  EHBOND  =         0.0000  RESTRAINT  =        11.0595
 EAMBER (non-restraint)  =    -12695.0533
 EKCMT  =         0.0000  VIRIAL  =         0.0000  VOLUME     =     31964.6497
                                                    Density    =         1.0148
 Ewald error estimate:   0.1507E-03
 ------------------------------------------------------------------------------

wrapping first mol.:      -11.57139      -16.36441       28.34400

 NSTEP =     9500   TIME(PS) =      39.000  TEMP(K) =   306.55  PRESS =     0.0
 Etot   =    -10799.4983  EKtot   =      1979.7902  EPtot      =    -12779.2885
 BOND   =         8.7807  ANGLE   =        16.9928  DIHED      =        11.5889
 1-4 NB =        10.2267  1-4 EEL =      -247.4149  VDWAALS    =      2453.5404
 EELEC  =    -15042.6508  EHBOND  =         0.0000  RESTRAINT  =         9.6477
 EAMBER (non-restraint)  =    -12788.9362
 EKCMT  =         0.0000  VIRIAL  =         0.0000  VOLUME     =     32203.1458
                                                    Density    =         1.0072
 Ewald error estimate:   0.3027E-03
 ------------------------------------------------------------------------------

wrapping first mol.:      -11.55829      -16.34590       28.31193

 NSTEP =    10000   TIME(PS) =      40.000  TEMP(K) =   289.00  PRESS =     0.0
 Etot   =    -10889.8979  EKtot   =      1866.4469  EPtot      =    -12756.3447
 BOND   =         4.7099  ANGLE   =         9.5127  DIHED      =         9.5066
 1-4 NB =        12.4818  1-4 EEL =      -248.4598  VDWAALS    =      2474.0476
 EELEC  =    -15025.0473  EHBOND  =         0.0000  RESTRAINT  =         6.9037
 EAMBER (non-restraint)  =    -12763.2484
 EKCMT  =         0.0000  VIRIAL  =         0.0000  VOLUME     =     32093.9534
                                                    Density    =         1.0107
 Ewald error estimate:   0.7501E-04
 ------------------------------------------------------------------------------

wrapping first mol.:      -11.58740      -16.38706       28.38322

 NSTEP =    10500   TIME(PS) =      41.000  TEMP(K) =   296.57  PRESS =     0.0
 Etot   =    -10825.8689  EKtot   =      1915.3896  EPtot      =    -12741.2584
 BOND   =         8.1543  ANGLE   =        12.7312  DIHED      =        11.3492
 1-4 NB =        10.3256  1-4 EEL =      -247.1269  VDWAALS    =      2488.1580
 EELEC  =    -15030.8526  EHBOND  =         0.0000  RESTRAINT  =         6.0029
 EAMBER (non-restraint)  =    -12747.2613
 EKCMT  =         0.0000  VIRIAL  =         0.0000  VOLUME     =     32337.0195
                                                    Density    =         1.0031
 Ewald error estimate:   0.1190E-03
 ------------------------------------------------------------------------------

wrapping first mol.:      -11.55694      -16.34398       28.30860

 NSTEP =    11000   TIME(PS) =      42.000  TEMP(K) =   293.36  PRESS =     0.0
 Etot   =    -10793.1745  EKtot   =      1894.6586  EPtot      =    -12687.8331
 BOND   =         4.5717  ANGLE   =        11.7181  DIHED      =        11.6684
 1-4 NB =        10.3346  1-4 EEL =      -245.7136  VDWAALS    =      2597.1601
 EELEC  =    -15085.6799  EHBOND  =         0.0000  RESTRAINT  =         8.1074
 EAMBER (non-restraint)  =    -12695.9405
 EKCMT  =         0.0000  VIRIAL  =         0.0000  VOLUME     =     32082.6571
                                                    Density    =         1.0110
 Ewald error estimate:   0.3193E-03
 ------------------------------------------------------------------------------

wrapping first mol.:      -11.55819      -16.34575       28.31168

 NSTEP =    11500   TIME(PS) =      43.000  TEMP(K) =   298.58  PRESS =     0.0
 Etot   =    -10809.4305  EKtot   =      1928.3166  EPtot      =    -12737.7471
 BOND   =         9.6093  ANGLE   =        10.1473  DIHED      =         9.4307
 1-4 NB =        10.2281  1-4 EEL =      -247.8726  VDWAALS    =      2537.1093
 EELEC  =    -15076.8883  EHBOND  =         0.0000  RESTRAINT  =        10.4892
 EAMBER (non-restraint)  =    -12748.2363
 EKCMT  =         0.0000  VIRIAL  =         0.0000  VOLUME     =     32093.1158
                                                    Density    =         1.0107
 Ewald error estimate:   0.5933E-03
 ------------------------------------------------------------------------------

wrapping first mol.:      -11.57923      -16.37550       28.36321

 NSTEP =    12000   TIME(PS) =      44.000  TEMP(K) =   292.22  PRESS =     0.0
 Etot   =    -10817.7198  EKtot   =      1887.2348  EPtot      =    -12704.9546
 BOND   =         7.8390  ANGLE   =        17.7922  DIHED      =        11.6383
 1-4 NB =        11.3640  1-4 EEL =      -249.8026  VDWAALS    =      2537.8521
 EELEC  =    -15053.5930  EHBOND  =         0.0000  RESTRAINT  =        11.9554
 EAMBER (non-restraint)  =    -12716.9100
 EKCMT  =         0.0000  VIRIAL  =         0.0000  VOLUME     =     32268.6610
                                                    Density    =         1.0052
 Ewald error estimate:   0.4082E-04
 ------------------------------------------------------------------------------

wrapping first mol.:      -11.60260      -16.40856       28.42046

 NSTEP =    12500   TIME(PS) =      45.000  TEMP(K) =   287.30  PRESS =     0.0
 Etot   =    -10740.7539  EKtot   =      1855.5178  EPtot      =    -12596.2717
 BOND   =         6.8558  ANGLE   =         9.6960  DIHED      =        11.4053
 1-4 NB =         9.6200  1-4 EEL =      -245.4082  VDWAALS    =      2442.4148
 EELEC  =    -14838.3668  EHBOND  =         0.0000  RESTRAINT  =         7.5113
 EAMBER (non-restraint)  =    -12603.7830
 EKCMT  =         0.0000  VIRIAL  =         0.0000  VOLUME     =     32464.4743
                                                    Density    =         0.9991
 Ewald error estimate:   0.1237E-03
 ------------------------------------------------------------------------------

wrapping first mol.:      -11.56707      -16.35831       28.33343

 NSTEP =    13000   TIME(PS) =      46.000  TEMP(K) =   295.53  PRESS =     0.0
 Etot   =    -10697.6616  EKtot   =      1908.6452  EPtot      =    -12606.3067
 BOND   =         3.9900  ANGLE   =        16.6315  DIHED      =         8.0881
 1-4 NB =        11.2929  1-4 EEL =      -247.2765  VDWAALS    =      2407.6029
 EELEC  =    -14814.7726  EHBOND  =         0.0000  RESTRAINT  =         8.1369
 EAMBER (non-restraint)  =    -12614.4437
 EKCMT  =         0.0000  VIRIAL  =         0.0000  VOLUME     =     32167.1406
                                                    Density    =         1.0084
 Ewald error estimate:   0.3591E-03
 ------------------------------------------------------------------------------

wrapping first mol.:      -11.60399      -16.41052       28.42385

 NSTEP =    13500   TIME(PS) =      47.000  TEMP(K) =   302.93  PRESS =     0.0
 Etot   =    -10510.7275  EKtot   =      1956.4420  EPtot      =    -12467.1696
 BOND   =         6.3921  ANGLE   =        12.0000  DIHED      =        11.5126
 1-4 NB =        10.3613  1-4 EEL =      -244.1277  VDWAALS    =      2311.3533
 EELEC  =    -14580.6212  EHBOND  =         0.0000  RESTRAINT  =         5.9601
 EAMBER (non-restraint)  =    -12473.1297
 EKCMT  =         0.0000  VIRIAL  =         0.0000  VOLUME     =     32476.0888
                                                    Density    =         0.9988
 Ewald error estimate:   0.9391E-04
 ------------------------------------------------------------------------------

wrapping first mol.:      -11.58775      -16.38755       28.38408

 NSTEP =    14000   TIME(PS) =      48.000  TEMP(K) =   303.63  PRESS =     0.0
 Etot   =    -10550.5467  EKtot   =      1960.9242  EPtot      =    -12511.4709
 BOND   =         5.3482  ANGLE   =        13.1963  DIHED      =        11.4221
 1-4 NB =        10.4626  1-4 EEL =      -245.4345  VDWAALS    =      2475.7948
 EELEC  =    -14792.1865  EHBOND  =         0.0000  RESTRAINT  =         9.9260
 EAMBER (non-restraint)  =    -12521.3969
 EKCMT  =         0.0000  VIRIAL  =         0.0000  VOLUME     =     32339.9543
                                                    Density    =         1.0030
 Ewald error estimate:   0.2429E-03
 ------------------------------------------------------------------------------

wrapping first mol.:      -11.55875      -16.34654       28.31303

 NSTEP =    14500   TIME(PS) =      49.000  TEMP(K) =   306.04  PRESS =     0.0
 Etot   =    -10572.4920  EKtot   =      1976.5156  EPtot      =    -12549.0076
 BOND   =         7.6283  ANGLE   =        10.7299  DIHED      =        14.3494
 1-4 NB =        11.8872  1-4 EEL =      -248.0075  VDWAALS    =      2545.1317
 EELEC  =    -14901.6269  EHBOND  =         0.0000  RESTRAINT  =        10.9004
 EAMBER (non-restraint)  =    -12559.9080
 EKCMT  =         0.0000  VIRIAL  =         0.0000  VOLUME     =     32097.7224
                                                    Density    =         1.0106
 Ewald error estimate:   0.3258E-03
 ------------------------------------------------------------------------------

wrapping first mol.:      -11.54688      -16.32975       28.28396

 NSTEP =    15000   TIME(PS) =      50.000  TEMP(K) =   301.80  PRESS =     0.0
 Etot   =    -10597.1844  EKtot   =      1949.1382  EPtot      =    -12546.3226
 BOND   =         5.6820  ANGLE   =        12.3885  DIHED      =         8.4785
 1-4 NB =        11.4883  1-4 EEL =      -248.1712  VDWAALS    =      2539.6335
 EELEC  =    -14883.5540  EHBOND  =         0.0000  RESTRAINT  =         7.7318
 EAMBER (non-restraint)  =    -12554.0544
 EKCMT  =         0.0000  VIRIAL  =         0.0000  VOLUME     =     31998.9465
                                                    Density    =         1.0137
 Ewald error estimate:   0.1788E-03
 ------------------------------------------------------------------------------

wrapping first mol.:      -11.53274      -16.30976       28.24933

 NSTEP =    15500   TIME(PS) =      51.000  TEMP(K) =   288.98  PRESS =     0.0
 Etot   =    -10716.2689  EKtot   =      1866.3249  EPtot      =    -12582.5938
 BOND   =        13.8342  ANGLE   =        15.2801  DIHED      =        13.9432
 1-4 NB =        11.5622  1-4 EEL =      -247.6030  VDWAALS    =      2446.9636
 EELEC  =    -14844.8818  EHBOND  =         0.0000  RESTRAINT  =         8.3077
 EAMBER (non-restraint)  =    -12590.9015
 EKCMT  =         0.0000  VIRIAL  =         0.0000  VOLUME     =     31881.5481
                                                    Density    =         1.0174
 Ewald error estimate:   0.2521E-03
 ------------------------------------------------------------------------------

wrapping first mol.:      -11.53141      -16.30788       28.24609

 NSTEP =    16000   TIME(PS) =      52.000  TEMP(K) =   294.05  PRESS =     0.0
 Etot   =    -10693.7532  EKtot   =      1899.0956  EPtot      =    -12592.8489
 BOND   =         6.9288  ANGLE   =        13.3760  DIHED      =        10.8224
 1-4 NB =        11.5347  1-4 EEL =      -248.2988  VDWAALS    =      2444.9144
 EELEC  =    -14840.2485  EHBOND  =         0.0000  RESTRAINT  =         8.1222
 EAMBER (non-restraint)  =    -12600.9711
 EKCMT  =         0.0000  VIRIAL  =         0.0000  VOLUME     =     31870.5663
                                                    Density    =         1.0178
 Ewald error estimate:   0.1389E-05
 ------------------------------------------------------------------------------

wrapping first mol.:      -11.55806      -16.34557       28.31136

 NSTEP =    16500   TIME(PS) =      53.000  TEMP(K) =   284.71  PRESS =     0.0
 Etot   =    -10777.7205  EKtot   =      1838.7412  EPtot      =    -12616.4617
 BOND   =         6.5017  ANGLE   =        14.0055  DIHED      =        13.6674
 1-4 NB =         9.9901  1-4 EEL =      -247.8449  VDWAALS    =      2406.3882
 EELEC  =    -14826.9709  EHBOND  =         0.0000  RESTRAINT  =         7.8012
 EAMBER (non-restraint)  =    -12624.2629
 EKCMT  =         0.0000  VIRIAL  =         0.0000  VOLUME     =     32092.0146
                                                    Density    =         1.0107
 Ewald error estimate:   0.8732E-04
 ------------------------------------------------------------------------------

wrapping first mol.:      -11.54600      -16.32851       28.28181

 NSTEP =    17000   TIME(PS) =      54.000  TEMP(K) =   299.84  PRESS =     0.0
 Etot   =    -10733.0175  EKtot   =      1936.4777  EPtot      =    -12669.4952
 BOND   =         6.8966  ANGLE   =        18.1788  DIHED      =        10.4163
 1-4 NB =         9.9013  1-4 EEL =      -247.4609  VDWAALS    =      2435.7690
 EELEC  =    -14913.5087  EHBOND  =         0.0000  RESTRAINT  =        10.3125
 EAMBER (non-restraint)  =    -12679.8077
 EKCMT  =         0.0000  VIRIAL  =         0.0000  VOLUME     =     31991.6351
                                                    Density    =         1.0139
 Ewald error estimate:   0.2425E-03
 ------------------------------------------------------------------------------

wrapping first mol.:      -11.56395      -16.35389       28.32578

 NSTEP =    17500   TIME(PS) =      55.000  TEMP(K) =   304.26  PRESS =     0.0
 Etot   =    -10659.8099  EKtot   =      1965.0475  EPtot      =    -12624.8574
 BOND   =         8.8117  ANGLE   =        13.4950  DIHED      =        11.4001
 1-4 NB =        10.2422  1-4 EEL =      -244.8130  VDWAALS    =      2588.1344
 EELEC  =    -15020.6762  EHBOND  =         0.0000  RESTRAINT  =         8.5483
 EAMBER (non-restraint)  =    -12633.4057
 EKCMT  =         0.0000  VIRIAL  =         0.0000  VOLUME     =     32141.0933
                                                    Density    =         1.0092
 Ewald error estimate:   0.1327E-03
 ------------------------------------------------------------------------------

wrapping first mol.:      -11.58647      -16.38575       28.38095

 NSTEP =    18000   TIME(PS) =      56.000  TEMP(K) =   299.20  PRESS =     0.0
 Etot   =    -10688.3574  EKtot   =      1932.3752  EPtot      =    -12620.7326
 BOND   =         6.1920  ANGLE   =        12.5274  DIHED      =        13.0075
 1-4 NB =        10.8010  1-4 EEL =      -248.9011  VDWAALS    =      2450.7003
 EELEC  =    -14874.8236  EHBOND  =         0.0000  RESTRAINT  =         9.7640
 EAMBER (non-restraint)  =    -12630.4966
 EKCMT  =         0.0000  VIRIAL  =         0.0000  VOLUME     =     32329.2510
                                                    Density    =         1.0033
 Ewald error estimate:   0.1086E-03
 ------------------------------------------------------------------------------

wrapping first mol.:      -11.56730      -16.35863       28.33398

 NSTEP =    18500   TIME(PS) =      57.000  TEMP(K) =   296.89  PRESS =     0.0
 Etot   =    -10724.5344  EKtot   =      1917.4418  EPtot      =    -12641.9762
 BOND   =         6.3189  ANGLE   =        14.8128  DIHED      =        13.6028
 1-4 NB =        11.4446  1-4 EEL =      -248.9017  VDWAALS    =      2433.8755
 EELEC  =    -14882.1150  EHBOND  =         0.0000  RESTRAINT  =         8.9859
 EAMBER (non-restraint)  =    -12650.9621
 EKCMT  =         0.0000  VIRIAL  =         0.0000  VOLUME     =     32169.0074
                                                    Density    =         1.0083
 Ewald error estimate:   0.1700E-03
 ------------------------------------------------------------------------------

wrapping first mol.:      -11.57255      -16.36605       28.34683

 NSTEP =    19000   TIME(PS) =      58.000  TEMP(K) =   293.49  PRESS =     0.0
 Etot   =    -10734.2471  EKtot   =      1895.4741  EPtot      =    -12629.7213
 BOND   =         5.2967  ANGLE   =        14.7771  DIHED      =        10.1799
 1-4 NB =        10.7675  1-4 EEL =      -246.9509  VDWAALS    =      2449.6833
 EELEC  =    -14882.5900  EHBOND  =         0.0000  RESTRAINT  =         9.1153
 EAMBER (non-restraint)  =    -12638.8365
 EKCMT  =         0.0000  VIRIAL  =         0.0000  VOLUME     =     32212.8134
                                                    Density    =         1.0069
 Ewald error estimate:   0.2090E-03
 ------------------------------------------------------------------------------

wrapping first mol.:      -11.58032      -16.37705       28.36588

 NSTEP =    19500   TIME(PS) =      59.000  TEMP(K) =   297.76  PRESS =     0.0
 Etot   =    -10648.4963  EKtot   =      1923.0512  EPtot      =    -12571.5475
 BOND   =         7.8817  ANGLE   =        12.0237  DIHED      =        10.0480
 1-4 NB =        11.6063  1-4 EEL =      -245.5370  VDWAALS    =      2495.4130
 EELEC  =    -14874.4914  EHBOND  =         0.0000  RESTRAINT  =        11.5082
 EAMBER (non-restraint)  =    -12583.0557
 EKCMT  =         0.0000  VIRIAL  =         0.0000  VOLUME     =     32277.7999
                                                    Density    =         1.0049
 Ewald error estimate:   0.1688E-03
 ------------------------------------------------------------------------------

wrapping first mol.:      -11.59847      -16.40272       28.41034

 NSTEP =    20000   TIME(PS) =      60.000  TEMP(K) =   298.37  PRESS =     0.0
 Etot   =    -10619.2938  EKtot   =      1927.0069  EPtot      =    -12546.3007
 BOND   =         4.7984  ANGLE   =        10.9125  DIHED      =         9.5504
 1-4 NB =        11.0309  1-4 EEL =      -245.8207  VDWAALS    =      2491.6970
 EELEC  =    -14840.8385  EHBOND  =         0.0000  RESTRAINT  =        12.3693
 EAMBER (non-restraint)  =    -12558.6700
 EKCMT  =         0.0000  VIRIAL  =         0.0000  VOLUME     =     32429.8025
                                                    Density    =         1.0002
 Ewald error estimate:   0.4070E-03
 ------------------------------------------------------------------------------

wrapping first mol.:      -11.61344      -16.42388       28.44700

 NSTEP =    20500   TIME(PS) =      61.000  TEMP(K) =   297.84  PRESS =     0.0
 Etot   =    -10675.0822  EKtot   =      1923.5483  EPtot      =    -12598.6304
 BOND   =        12.8627  ANGLE   =        12.1996  DIHED      =         8.2315
 1-4 NB =        11.5863  1-4 EEL =      -249.4250  VDWAALS    =      2451.0386
 EELEC  =    -14855.2177  EHBOND  =         0.0000  RESTRAINT  =        10.0936
 EAMBER (non-restraint)  =    -12608.7240
 EKCMT  =         0.0000  VIRIAL  =         0.0000  VOLUME     =     32555.4985
                                                    Density    =         0.9963
 Ewald error estimate:   0.1201E-03
 ------------------------------------------------------------------------------

wrapping first mol.:      -11.58818      -16.38816       28.38513

 NSTEP =    21000   TIME(PS) =      62.000  TEMP(K) =   300.30  PRESS =     0.0
 Etot   =    -10763.9671  EKtot   =      1939.4720  EPtot      =    -12703.4391
 BOND   =         7.9626  ANGLE   =        16.8784  DIHED      =        10.4679
 1-4 NB =        12.0002  1-4 EEL =      -248.2882  VDWAALS    =      2495.2711
 EELEC  =    -15007.0681  EHBOND  =         0.0000  RESTRAINT  =         9.3371
 EAMBER (non-restraint)  =    -12712.7763
 EKCMT  =         0.0000  VIRIAL  =         0.0000  VOLUME     =     32343.5546
                                                    Density    =         1.0029
 Ewald error estimate:   0.1274E-03
 ------------------------------------------------------------------------------

wrapping first mol.:      -11.58878      -16.38901       28.38661

 NSTEP =    21500   TIME(PS) =      63.000  TEMP(K) =   295.71  PRESS =     0.0
 Etot   =    -10747.5603  EKtot   =      1909.7733  EPtot      =    -12657.3336
 BOND   =         4.9455  ANGLE   =        21.0454  DIHED      =         9.3354
 1-4 NB =        10.7635  1-4 EEL =      -247.1898  VDWAALS    =      2469.0504
 EELEC  =    -14933.6549  EHBOND  =         0.0000  RESTRAINT  =         8.3709
 EAMBER (non-restraint)  =    -12665.7045
 EKCMT  =         0.0000  VIRIAL  =         0.0000  VOLUME     =     32348.6063
                                                    Density    =         1.0027
 Ewald error estimate:   0.4843E-03
 ------------------------------------------------------------------------------

wrapping first mol.:      -11.55732      -16.34452       28.30955

 NSTEP =    22000   TIME(PS) =      64.000  TEMP(K) =   290.51  PRESS =     0.0
 Etot   =    -10779.3253  EKtot   =      1876.2125  EPtot      =    -12655.5379
 BOND   =         3.3417  ANGLE   =        14.6859  DIHED      =        11.6090
 1-4 NB =        11.1840  1-4 EEL =      -248.3687  VDWAALS    =      2543.0464
 EELEC  =    -15000.1307  EHBOND  =         0.0000  RESTRAINT  =         9.0944
 EAMBER (non-restraint)  =    -12664.6323
 EKCMT  =         0.0000  VIRIAL  =         0.0000  VOLUME     =     32085.8766
                                                    Density    =         1.0109
 Ewald error estimate:   0.1897E-03
 ------------------------------------------------------------------------------

wrapping first mol.:      -11.53670      -16.31535       28.25902

 NSTEP =    22500   TIME(PS) =      65.000  TEMP(K) =   298.00  PRESS =     0.0
 Etot   =    -10808.4189  EKtot   =      1924.5659  EPtot      =    -12732.9848
 BOND   =         4.9482  ANGLE   =        16.6026  DIHED      =        17.3171
 1-4 NB =        11.6916  1-4 EEL =      -247.1313  VDWAALS    =      2505.1007
 EELEC  =    -15047.9222  EHBOND  =         0.0000  RESTRAINT  =         6.4085
 EAMBER (non-restraint)  =    -12739.3934
 EKCMT  =         0.0000  VIRIAL  =         0.0000  VOLUME     =     31914.3674
                                                    Density    =         1.0164
 Ewald error estimate:   0.3019E-03
 ------------------------------------------------------------------------------

wrapping first mol.:      -11.54296      -16.32421       28.27436

 NSTEP =    23000   TIME(PS) =      66.000  TEMP(K) =   286.37  PRESS =     0.0
 Etot   =    -10823.6255  EKtot   =      1849.4633  EPtot      =    -12673.0888
 BOND   =         6.8326  ANGLE   =        11.7062  DIHED      =         7.8484
 1-4 NB =         9.5640  1-4 EEL =      -245.5370  VDWAALS    =      2505.6828
 EELEC  =    -14976.5092  EHBOND  =         0.0000  RESTRAINT  =         7.3233
 EAMBER (non-restraint)  =    -12680.4121
 EKCMT  =         0.0000  VIRIAL  =         0.0000  VOLUME     =     31966.3709
                                                    Density    =         1.0147
 Ewald error estimate:   0.5391E-03
 ------------------------------------------------------------------------------

wrapping first mol.:      -11.55455      -16.34060       28.30275

 NSTEP =    23500   TIME(PS) =      67.000  TEMP(K) =   291.67  PRESS =     0.0
 Etot   =    -10860.5121  EKtot   =      1883.7030  EPtot      =    -12744.2151
 BOND   =         6.6858  ANGLE   =        14.6754  DIHED      =        12.0357
 1-4 NB =        12.0661  1-4 EEL =      -248.4907  VDWAALS    =      2488.4487
 EELEC  =    -15037.3863  EHBOND  =         0.0000  RESTRAINT  =         7.7500
 EAMBER (non-restraint)  =    -12751.9652
 EKCMT  =         0.0000  VIRIAL  =         0.0000  VOLUME     =     32062.7694
                                                    Density    =         1.0117
 Ewald error estimate:   0.1765E-04
 ------------------------------------------------------------------------------

wrapping first mol.:      -11.53650      -16.31507       28.25854

 NSTEP =    24000   TIME(PS) =      68.000  TEMP(K) =   299.66  PRESS =     0.0
 Etot   =    -10806.5276  EKtot   =      1935.2916  EPtot      =    -12741.8192
 BOND   =         7.3664  ANGLE   =        16.6412  DIHED      =        11.8664
 1-4 NB =         9.8322  1-4 EEL =      -244.6563  VDWAALS    =      2606.9470
 EELEC  =    -15159.2320  EHBOND  =         0.0000  RESTRAINT  =         9.4159
 EAMBER (non-restraint)  =    -12751.2351
 EKCMT  =         0.0000  VIRIAL  =         0.0000  VOLUME     =     31912.7302
                                                    Density    =         1.0164
 Ewald error estimate:   0.3473E-03
 ------------------------------------------------------------------------------

wrapping first mol.:      -11.51419      -16.28353       28.20390

 NSTEP =    24500   TIME(PS) =      69.000  TEMP(K) =   283.62  PRESS =     0.0
 Etot   =    -10937.4247  EKtot   =      1831.7528  EPtot      =    -12769.1775
 BOND   =         3.1683  ANGLE   =        16.4790  DIHED      =        14.0953
 1-4 NB =        11.3567  1-4 EEL =      -246.3951  VDWAALS    =      2521.9719
 EELEC  =    -15099.0789  EHBOND  =         0.0000  RESTRAINT  =         9.2253
 EAMBER (non-restraint)  =    -12778.4028
 EKCMT  =         0.0000  VIRIAL  =         0.0000  VOLUME     =     31727.9774
                                                    Density    =         1.0223
 Ewald error estimate:   0.4521E-03
 ------------------------------------------------------------------------------

wrapping first mol.:      -11.54342      -16.32486       28.27549

 NSTEP =    25000   TIME(PS) =      70.000  TEMP(K) =   294.35  PRESS =     0.0
 Etot   =    -10916.9300  EKtot   =      1900.9994  EPtot      =    -12817.9294
 BOND   =         6.4219  ANGLE   =        11.0605  DIHED      =        10.5523
 1-4 NB =        10.9379  1-4 EEL =      -245.6827  VDWAALS    =      2511.4295
 EELEC  =    -15134.0017  EHBOND  =         0.0000  RESTRAINT  =        11.3529
 EAMBER (non-restraint)  =    -12829.2823
 EKCMT  =         0.0000  VIRIAL  =         0.0000  VOLUME     =     31970.2166
                                                    Density    =         1.0146
 Ewald error estimate:   0.3761E-04
 ------------------------------------------------------------------------------

wrapping first mol.:      -11.57428      -16.36851       28.35109

 NSTEP =    25500   TIME(PS) =      71.000  TEMP(K) =   298.05  PRESS =     0.0
 Etot   =    -10838.5048  EKtot   =      1924.8868  EPtot      =    -12763.3916
 BOND   =         5.7056  ANGLE   =        16.1625  DIHED      =        11.0123
 1-4 NB =        10.5060  1-4 EEL =      -246.6578  VDWAALS    =      2547.6015
 EELEC  =    -15116.5853  EHBOND  =         0.0000  RESTRAINT  =         8.8636
 EAMBER (non-restraint)  =    -12772.2552
 EKCMT  =         0.0000  VIRIAL  =         0.0000  VOLUME     =     32227.3348
                                                    Density    =         1.0065
 Ewald error estimate:   0.8479E-04
 ------------------------------------------------------------------------------

wrapping first mol.:      -11.60725      -16.41512       28.43183

 NSTEP =    26000   TIME(PS) =      72.000  TEMP(K) =   293.13  PRESS =     0.0
 Etot   =    -10692.4926  EKtot   =      1893.1379  EPtot      =    -12585.6305
 BOND   =         6.4455  ANGLE   =        12.7434  DIHED      =        10.6051
 1-4 NB =        11.7943  1-4 EEL =      -247.7659  VDWAALS    =      2428.6566
 EELEC  =    -14815.9388  EHBOND  =         0.0000  RESTRAINT  =         7.8293
 EAMBER (non-restraint)  =    -12593.4598
 EKCMT  =         0.0000  VIRIAL  =         0.0000  VOLUME     =     32503.4568
                                                    Density    =         0.9979
 Ewald error estimate:   0.1315E-03
 ------------------------------------------------------------------------------

wrapping first mol.:      -11.62801      -16.44449       28.48269

 NSTEP =    26500   TIME(PS) =      73.000  TEMP(K) =   299.43  PRESS =     0.0
 Etot   =    -10736.1317  EKtot   =      1933.8618  EPtot      =    -12669.9935
 BOND   =         4.2447  ANGLE   =        11.2435  DIHED      =        12.1041
 1-4 NB =         9.1207  1-4 EEL =      -246.7725  VDWAALS    =      2408.6387
 EELEC  =    -14876.8562  EHBOND  =         0.0000  RESTRAINT  =         8.2834
 EAMBER (non-restraint)  =    -12678.2769
 EKCMT  =         0.0000  VIRIAL  =         0.0000  VOLUME     =     32678.2013
                                                    Density    =         0.9926
 Ewald error estimate:   0.1966E-04
 ------------------------------------------------------------------------------

wrapping first mol.:      -11.62558      -16.44105       28.47674

 NSTEP =    27000   TIME(PS) =      74.000  TEMP(K) =   297.12  PRESS =     0.0
 Etot   =    -10749.6132  EKtot   =      1918.9214  EPtot      =    -12668.5346
 BOND   =         9.0329  ANGLE   =        13.2797  DIHED      =         7.7517
 1-4 NB =         8.9006  1-4 EEL =      -246.2592  VDWAALS    =      2565.3645
 EELEC  =    -15036.1351  EHBOND  =         0.0000  RESTRAINT  =         9.5303
 EAMBER (non-restraint)  =    -12678.0648
 EKCMT  =         0.0000  VIRIAL  =         0.0000  VOLUME     =     32657.6984
                                                    Density    =         0.9932
 Ewald error estimate:   0.2466E-03
 ------------------------------------------------------------------------------

wrapping first mol.:      -11.62104      -16.43463       28.46562

 NSTEP =    27500   TIME(PS) =      75.000  TEMP(K) =   300.66  PRESS =     0.0
 Etot   =    -10754.2989  EKtot   =      1941.7656  EPtot      =    -12696.0645
 BOND   =         5.5047  ANGLE   =        15.3735  DIHED      =        11.7855
 1-4 NB =        11.3734  1-4 EEL =      -247.7411  VDWAALS    =      2575.4538
 EELEC  =    -15078.0589  EHBOND  =         0.0000  RESTRAINT  =        10.2447
 EAMBER (non-restraint)  =    -12706.3091
 EKCMT  =         0.0000  VIRIAL  =         0.0000  VOLUME     =     32619.4804
                                                    Density    =         0.9944
 Ewald error estimate:   0.8681E-04
 ------------------------------------------------------------------------------

wrapping first mol.:      -11.61548      -16.42676       28.45199

 NSTEP =    28000   TIME(PS) =      76.000  TEMP(K) =   293.18  PRESS =     0.0
 Etot   =    -10795.5574  EKtot   =      1893.4408  EPtot      =    -12688.9982
 BOND   =         4.0901  ANGLE   =        11.6773  DIHED      =         7.3035
 1-4 NB =        10.2533  1-4 EEL =      -247.3526  VDWAALS    =      2552.7877
 EELEC  =    -15036.1494  EHBOND  =         0.0000  RESTRAINT  =         8.3919
 EAMBER (non-restraint)  =    -12697.3902
 EKCMT  =         0.0000  VIRIAL  =         0.0000  VOLUME     =     32572.6525
                                                    Density    =         0.9958
 Ewald error estimate:   0.9696E-04
 ------------------------------------------------------------------------------

wrapping first mol.:      -11.57032      -16.36290       28.34138

 NSTEP =    28500   TIME(PS) =      77.000  TEMP(K) =   299.92  PRESS =     0.0
 Etot   =    -10835.7077  EKtot   =      1937.0202  EPtot      =    -12772.7278
 BOND   =         7.5302  ANGLE   =        15.3610  DIHED      =        10.0686
 1-4 NB =        11.8176  1-4 EEL =      -247.8308  VDWAALS    =      2487.1459
 EELEC  =    -15065.9350  EHBOND  =         0.0000  RESTRAINT  =         9.1147
 EAMBER (non-restraint)  =    -12781.8425
 EKCMT  =         0.0000  VIRIAL  =         0.0000  VOLUME     =     32194.2141
                                                    Density    =         1.0075
 Ewald error estimate:   0.2122E-03
 ------------------------------------------------------------------------------

wrapping first mol.:      -11.57539      -16.37008       28.35381

 NSTEP =    29000   TIME(PS) =      78.000  TEMP(K) =   300.13  PRESS =     0.0
 Etot   =    -10792.1206  EKtot   =      1938.3388  EPtot      =    -12730.4594
 BOND   =         8.9459  ANGLE   =        16.2397  DIHED      =         8.1911
 1-4 NB =        10.4589  1-4 EEL =      -245.5893  VDWAALS    =      2484.1230
 EELEC  =    -15021.5420  EHBOND  =         0.0000  RESTRAINT  =         8.7133
 EAMBER (non-restraint)  =    -12739.1727
 EKCMT  =         0.0000  VIRIAL  =         0.0000  VOLUME     =     32236.5940
                                                    Density    =         1.0062
 Ewald error estimate:   0.2526E-03
 ------------------------------------------------------------------------------

wrapping first mol.:      -11.58162      -16.37889       28.36907

 NSTEP =    29500   TIME(PS) =      79.000  TEMP(K) =   299.73  PRESS =     0.0
 Etot   =    -10707.8735  EKtot   =      1935.7604  EPtot      =    -12643.6339
 BOND   =        12.8173  ANGLE   =        13.8511  DIHED      =         8.2619
 1-4 NB =        11.5579  1-4 EEL =      -246.7367  VDWAALS    =      2455.1815
 EELEC  =    -14906.8103  EHBOND  =         0.0000  RESTRAINT  =         8.2434
 EAMBER (non-restraint)  =    -12651.8773
 EKCMT  =         0.0000  VIRIAL  =         0.0000  VOLUME     =     32288.6869
                                                    Density    =         1.0046
 Ewald error estimate:   0.2822E-03
 ------------------------------------------------------------------------------

wrapping first mol.:      -11.56876      -16.36069       28.33756

 NSTEP =    30000   TIME(PS) =      80.000  TEMP(K) =   295.50  PRESS =     0.0
 Etot   =    -10703.5527  EKtot   =      1908.4562  EPtot      =    -12612.0089
 BOND   =         6.0638  ANGLE   =        16.4514  DIHED      =         9.0861
 1-4 NB =        11.7748  1-4 EEL =      -247.8538  VDWAALS    =      2453.5332
 EELEC  =    -14870.4457  EHBOND  =         0.0000  RESTRAINT  =         9.3813
 EAMBER (non-restraint)  =    -12621.3902
 EKCMT  =         0.0000  VIRIAL  =         0.0000  VOLUME     =     32181.1965
                                                    Density    =         1.0079
 Ewald error estimate:   0.1787E-03
 ------------------------------------------------------------------------------

wrapping first mol.:      -11.58212      -16.37960       28.37030

 NSTEP =    30500   TIME(PS) =      81.000  TEMP(K) =   295.51  PRESS =     0.0
 Etot   =    -10739.5563  EKtot   =      1908.5178  EPtot      =    -12648.0741
 BOND   =         6.4417  ANGLE   =        17.0568  DIHED      =        11.7019
 1-4 NB =        11.8195  1-4 EEL =      -247.4093  VDWAALS    =      2434.8936
 EELEC  =    -14891.3656  EHBOND  =         0.0000  RESTRAINT  =         8.7873
 EAMBER (non-restraint)  =    -12656.8614
 EKCMT  =         0.0000  VIRIAL  =         0.0000  VOLUME     =     32292.8749
                                                    Density    =         1.0044
 Ewald error estimate:   0.1019E-03
 ------------------------------------------------------------------------------

wrapping first mol.:      -11.51801      -16.28892       28.21325

 NSTEP =    31000   TIME(PS) =      82.000  TEMP(K) =   295.68  PRESS =     0.0
 Etot   =    -10784.7133  EKtot   =      1909.6344  EPtot      =    -12694.3477
 BOND   =        12.5842  ANGLE   =        12.9568  DIHED      =         9.9646
 1-4 NB =        12.4948  1-4 EEL =      -246.0047  VDWAALS    =      2614.0091
 EELEC  =    -15121.4097  EHBOND  =         0.0000  RESTRAINT  =        11.0571
 EAMBER (non-restraint)  =    -12705.4047
 EKCMT  =         0.0000  VIRIAL  =         0.0000  VOLUME     =     31759.5342
                                                    Density    =         1.0213
 Ewald error estimate:   0.6235E-04
 ------------------------------------------------------------------------------

wrapping first mol.:      -11.49687      -16.25903       28.16147

 NSTEP =    31500   TIME(PS) =      83.000  TEMP(K) =   296.99  PRESS =     0.0
 Etot   =    -10779.3636  EKtot   =      1918.0661  EPtot      =    -12697.4297
 BOND   =        11.1079  ANGLE   =        11.9674  DIHED      =        10.0540
 1-4 NB =        11.9548  1-4 EEL =      -248.0592  VDWAALS    =      2581.3409
 EELEC  =    -15084.7521  EHBOND  =         0.0000  RESTRAINT  =         8.9565
 EAMBER (non-restraint)  =    -12706.3862
 EKCMT  =         0.0000  VIRIAL  =         0.0000  VOLUME     =     31584.9885
                                                    Density    =         1.0270
 Ewald error estimate:   0.1500E-03
 ------------------------------------------------------------------------------

wrapping first mol.:      -11.49695      -16.25914       28.16167

 NSTEP =    32000   TIME(PS) =      84.000  TEMP(K) =   291.01  PRESS =     0.0
 Etot   =    -10817.1587  EKtot   =      1879.4576  EPtot      =    -12696.6163
 BOND   =         5.3131  ANGLE   =        18.4798  DIHED      =         8.1159
 1-4 NB =        11.3482  1-4 EEL =      -246.7470  VDWAALS    =      2439.0144
 EELEC  =    -14943.9834  EHBOND  =         0.0000  RESTRAINT  =        11.8428
 EAMBER (non-restraint)  =    -12708.4590
 EKCMT  =         0.0000  VIRIAL  =         0.0000  VOLUME     =     31585.6749
                                                    Density    =         1.0269
 Ewald error estimate:   0.7737E-04
 ------------------------------------------------------------------------------

wrapping first mol.:      -11.54134      -16.32193       28.27041

 NSTEP =    32500   TIME(PS) =      85.000  TEMP(K) =   300.21  PRESS =     0.0
 Etot   =    -10673.4037  EKtot   =      1938.8428  EPtot      =    -12612.2466
 BOND   =         6.6964  ANGLE   =        12.7741  DIHED      =         9.3776
 1-4 NB =         9.7406  1-4 EEL =      -247.0026  VDWAALS    =      2379.0347
 EELEC  =    -14792.0613  EHBOND  =         0.0000  RESTRAINT  =         9.1939
 EAMBER (non-restraint)  =    -12621.4405
 EKCMT  =         0.0000  VIRIAL  =         0.0000  VOLUME     =     31952.9697
                                                    Density    =         1.0151
 Ewald error estimate:   0.2978E-04
 ------------------------------------------------------------------------------

wrapping first mol.:      -11.53069      -16.30685       28.24430

 NSTEP =    33000   TIME(PS) =      86.000  TEMP(K) =   298.11  PRESS =     0.0
 Etot   =    -10676.2941  EKtot   =      1925.3040  EPtot      =    -12601.5981
 BOND   =         7.2923  ANGLE   =        12.5721  DIHED      =        13.9479
 1-4 NB =        11.6471  1-4 EEL =      -248.1159  VDWAALS    =      2495.9299
 EELEC  =    -14903.6861  EHBOND  =         0.0000  RESTRAINT  =         8.8146
 EAMBER (non-restraint)  =    -12610.4127
 EKCMT  =         0.0000  VIRIAL  =         0.0000  VOLUME     =     31864.5223
                                                    Density    =         1.0180
 Ewald error estimate:   0.1280E-03
 ------------------------------------------------------------------------------

wrapping first mol.:      -11.56251      -16.35186       28.32226

 NSTEP =    33500   TIME(PS) =      87.000  TEMP(K) =   298.18  PRESS =     0.0
 Etot   =    -10695.1292  EKtot   =      1925.7840  EPtot      =    -12620.9132
 BOND   =         6.2310  ANGLE   =        20.8500  DIHED      =        10.3127
 1-4 NB =        10.2414  1-4 EEL =      -248.6112  VDWAALS    =      2397.9449
 EELEC  =    -14827.3881  EHBOND  =         0.0000  RESTRAINT  =         9.5061
 EAMBER (non-restraint)  =    -12630.4193
 EKCMT  =         0.0000  VIRIAL  =         0.0000  VOLUME     =     32129.1134
                                                    Density    =         1.0096
 Ewald error estimate:   0.1574E-03
 ------------------------------------------------------------------------------

wrapping first mol.:      -11.59117      -16.39239       28.39246

 NSTEP =    34000   TIME(PS) =      88.000  TEMP(K) =   297.07  PRESS =     0.0
 Etot   =    -10804.6173  EKtot   =      1918.5919  EPtot      =    -12723.2092
 BOND   =         6.9700  ANGLE   =        13.2326  DIHED      =        10.0240
 1-4 NB =        11.3697  1-4 EEL =      -248.5643  VDWAALS    =      2567.4275
 EELEC  =    -15091.1833  EHBOND  =         0.0000  RESTRAINT  =         7.5147
 EAMBER (non-restraint)  =    -12730.7239
 EKCMT  =         0.0000  VIRIAL  =         0.0000  VOLUME     =     32368.6091
                                                    Density    =         1.0021
 Ewald error estimate:   0.2554E-03
 ------------------------------------------------------------------------------

wrapping first mol.:      -11.58640      -16.38564       28.38077

 NSTEP =    34500   TIME(PS) =      89.000  TEMP(K) =   293.11  PRESS =     0.0
 Etot   =    -10799.1597  EKtot   =      1893.0035  EPtot      =    -12692.1632
 BOND   =         7.5601  ANGLE   =        14.1147  DIHED      =        11.9146
 1-4 NB =        11.7386  1-4 EEL =      -248.8608  VDWAALS    =      2491.1468
 EELEC  =    -14989.1789  EHBOND  =         0.0000  RESTRAINT  =         9.4018
 EAMBER (non-restraint)  =    -12701.5650
 EKCMT  =         0.0000  VIRIAL  =         0.0000  VOLUME     =     32328.6479
                                                    Density    =         1.0033
 Ewald error estimate:   0.3331E-03
 ------------------------------------------------------------------------------

wrapping first mol.:      -11.55783      -16.34524       28.31078

 NSTEP =    35000   TIME(PS) =      90.000  TEMP(K) =   293.64  PRESS =     0.0
 Etot   =    -10800.4266  EKtot   =      1896.4284  EPtot      =    -12696.8550
 BOND   =         6.6772  ANGLE   =        14.3776  DIHED      =         9.6233
 1-4 NB =        11.2336  1-4 EEL =      -248.0180  VDWAALS    =      2503.6209
 EELEC  =    -15005.8880  EHBOND  =         0.0000  RESTRAINT  =        11.5184
 EAMBER (non-restraint)  =    -12708.3734
 EKCMT  =         0.0000  VIRIAL  =         0.0000  VOLUME     =     32090.0670
                                                    Density    =         1.0108
 Ewald error estimate:   0.5766E-04
 ------------------------------------------------------------------------------

wrapping first mol.:      -11.59018      -16.39098       28.39002

 NSTEP =    35500   TIME(PS) =      91.000  TEMP(K) =   293.35  PRESS =     0.0
 Etot   =    -10797.9441  EKtot   =      1894.5374  EPtot      =    -12692.4815
 BOND   =         5.6658  ANGLE   =        15.9246  DIHED      =        11.0046
 1-4 NB =        11.4948  1-4 EEL =      -249.6117  VDWAALS    =      2505.2687
 EELEC  =    -15001.1602  EHBOND  =         0.0000  RESTRAINT  =         8.9319
 EAMBER (non-restraint)  =    -12701.4133
 EKCMT  =         0.0000  VIRIAL  =         0.0000  VOLUME     =     32360.2597
                                                    Density    =         1.0024
 Ewald error estimate:   0.3250E-04
 ------------------------------------------------------------------------------

wrapping first mol.:      -11.57817      -16.37400       28.36061

 NSTEP =    36000   TIME(PS) =      92.000  TEMP(K) =   302.68  PRESS =     0.0
 Etot   =    -10766.6875  EKtot   =      1954.7959  EPtot      =    -12721.4834
 BOND   =         5.5473  ANGLE   =        13.6493  DIHED      =        14.0502
 1-4 NB =        10.1300  1-4 EEL =      -248.6640  VDWAALS    =      2419.2910
 EELEC  =    -14949.5770  EHBOND  =         0.0000  RESTRAINT  =        14.0897
 EAMBER (non-restraint)  =    -12735.5731
 EKCMT  =         0.0000  VIRIAL  =         0.0000  VOLUME     =     32259.7967
                                                    Density    =         1.0055
 Ewald error estimate:   0.3358E-03
 ------------------------------------------------------------------------------

wrapping first mol.:      -11.58553      -16.38441       28.37864

 NSTEP =    36500   TIME(PS) =      93.000  TEMP(K) =   295.15  PRESS =     0.0
 Etot   =    -10816.8330  EKtot   =      1906.1595  EPtot      =    -12722.9925
 BOND   =        10.9314  ANGLE   =        17.5354  DIHED      =         7.9091
 1-4 NB =        10.4242  1-4 EEL =      -248.4652  VDWAALS    =      2465.5182
 EELEC  =    -14997.5253  EHBOND  =         0.0000  RESTRAINT  =        10.6797
 EAMBER (non-restraint)  =    -12733.6722
 EKCMT  =         0.0000  VIRIAL  =         0.0000  VOLUME     =     32321.3660
                                                    Density    =         1.0036
 Ewald error estimate:   0.2783E-03
 ------------------------------------------------------------------------------

wrapping first mol.:      -11.58599      -16.38506       28.37977

 NSTEP =    37000   TIME(PS) =      94.000  TEMP(K) =   298.11  PRESS =     0.0
 Etot   =    -10731.2568  EKtot   =      1925.3156  EPtot      =    -12656.5724
 BOND   =         6.8451  ANGLE   =        14.0254  DIHED      =         8.3991
 1-4 NB =         9.3967  1-4 EEL =      -245.8124  VDWAALS    =      2449.1074
 EELEC  =    -14908.4255  EHBOND  =         0.0000  RESTRAINT  =         9.8919
 EAMBER (non-restraint)  =    -12666.4643
 EKCMT  =         0.0000  VIRIAL  =         0.0000  VOLUME     =     32325.2228
                                                    Density    =         1.0034
 Ewald error estimate:   0.2549E-03
 ------------------------------------------------------------------------------

wrapping first mol.:      -11.50649      -16.27264       28.18504

 NSTEP =    37500   TIME(PS) =      95.000  TEMP(K) =   298.85  PRESS =     0.0
 Etot   =    -10758.7237  EKtot   =      1930.1094  EPtot      =    -12688.8331
 BOND   =         5.5051  ANGLE   =        16.6784  DIHED      =         9.3379
 1-4 NB =        10.9834  1-4 EEL =      -249.2647  VDWAALS    =      2493.8039
 EELEC  =    -14987.0590  EHBOND  =         0.0000  RESTRAINT  =        11.1820
 EAMBER (non-restraint)  =    -12700.0151
 EKCMT  =         0.0000  VIRIAL  =         0.0000  VOLUME     =     31664.3743
                                                    Density    =         1.0244
 Ewald error estimate:   0.5156E-04
 ------------------------------------------------------------------------------

wrapping first mol.:      -11.53489      -16.31280       28.25460

 NSTEP =    38000   TIME(PS) =      96.000  TEMP(K) =   303.27  PRESS =     0.0
 Etot   =    -10739.1462  EKtot   =      1958.6028  EPtot      =    -12697.7489
 BOND   =         5.8361  ANGLE   =        15.8099  DIHED      =        12.6167
 1-4 NB =        10.0849  1-4 EEL =      -246.3827  VDWAALS    =      2541.3849
 EELEC  =    -15044.4860  EHBOND  =         0.0000  RESTRAINT  =         7.3872
 EAMBER (non-restraint)  =    -12705.1361
 EKCMT  =         0.0000  VIRIAL  =         0.0000  VOLUME     =     31899.4064
                                                    Density    =         1.0168
 Ewald error estimate:   0.1488E-03
 ------------------------------------------------------------------------------

wrapping first mol.:      -11.53234      -16.30920       28.24836

 NSTEP =    38500   TIME(PS) =      97.000  TEMP(K) =   301.75  PRESS =     0.0
 Etot   =    -10791.3696  EKtot   =      1948.7954  EPtot      =    -12740.1651
 BOND   =         3.6901  ANGLE   =         9.6351  DIHED      =         9.0164
 1-4 NB =         9.7304  1-4 EEL =      -245.7610  VDWAALS    =      2528.5603
 EELEC  =    -15071.6372  EHBOND  =         0.0000  RESTRAINT  =        16.6008
 EAMBER (non-restraint)  =    -12756.7659
 EKCMT  =         0.0000  VIRIAL  =         0.0000  VOLUME     =     31878.2719
                                                    Density    =         1.0175
 Ewald error estimate:   0.3487E-03
 ------------------------------------------------------------------------------

wrapping first mol.:      -11.55290      -16.33826       28.29870

 NSTEP =    39000   TIME(PS) =      98.000  TEMP(K) =   294.44  PRESS =     0.0
 Etot   =    -10692.2415  EKtot   =      1901.6059  EPtot      =    -12593.8474
 BOND   =         6.4466  ANGLE   =        15.5079  DIHED      =        11.1537
 1-4 NB =        11.6738  1-4 EEL =      -246.8946  VDWAALS    =      2441.4472
 EELEC  =    -14846.0392  EHBOND  =         0.0000  RESTRAINT  =        12.8572
 EAMBER (non-restraint)  =    -12606.7046
 EKCMT  =         0.0000  VIRIAL  =         0.0000  VOLUME     =     32049.0028
                                                    Density    =         1.0121
 Ewald error estimate:   0.2882E-04
 ------------------------------------------------------------------------------

wrapping first mol.:      -11.58349      -16.38153       28.37364

 NSTEP =    39500   TIME(PS) =      99.000  TEMP(K) =   294.52  PRESS =     0.0
 Etot   =    -10790.5144  EKtot   =      1902.1415  EPtot      =    -12692.6559
 BOND   =         7.7720  ANGLE   =        13.9167  DIHED      =        13.0214
 1-4 NB =         9.6023  1-4 EEL =      -246.5431  VDWAALS    =      2479.1133
 EELEC  =    -14982.4276  EHBOND  =         0.0000  RESTRAINT  =        12.8891
 EAMBER (non-restraint)  =    -12705.5450
 EKCMT  =         0.0000  VIRIAL  =         0.0000  VOLUME     =     32304.2923
                                                    Density    =         1.0041
 Ewald error estimate:   0.2418E-03
 ------------------------------------------------------------------------------

wrapping first mol.:      -11.55721      -16.34436       28.30926

 NSTEP =    40000   TIME(PS) =     100.000  TEMP(K) =   292.58  PRESS =     0.0
 Etot   =    -10781.7858  EKtot   =      1889.5902  EPtot      =    -12671.3760
 BOND   =        10.8450  ANGLE   =        13.2545  DIHED      =        11.2890
 1-4 NB =        12.1727  1-4 EEL =      -248.2031  VDWAALS    =      2537.7651
 EELEC  =    -15016.6474  EHBOND  =         0.0000  RESTRAINT  =         8.1483
 EAMBER (non-restraint)  =    -12679.5243
 EKCMT  =         0.0000  VIRIAL  =         0.0000  VOLUME     =     32084.9031
                                                    Density    =         1.0110
 Ewald error estimate:   0.5022E-04
 ------------------------------------------------------------------------------

wrapping first mol.:      -11.52023      -16.29206       28.21868

 NSTEP =    40500   TIME(PS) =     101.000  TEMP(K) =   294.19  PRESS =     0.0
 Etot   =    -10837.7832  EKtot   =      1900.0198  EPtot      =    -12737.8030
 BOND   =         9.2290  ANGLE   =        14.4433  DIHED      =        11.1319
 1-4 NB =         9.9159  1-4 EEL =      -247.1912  VDWAALS    =      2615.9133
 EELEC  =    -15160.2962  EHBOND  =         0.0000  RESTRAINT  =         9.0510
 EAMBER (non-restraint)  =    -12746.8540
 EKCMT  =         0.0000  VIRIAL  =         0.0000  VOLUME     =     31777.8974
                                                    Density    =         1.0207
 Ewald error estimate:   0.3284E-04
 ------------------------------------------------------------------------------

wrapping first mol.:      -11.52023      -16.29206       28.21868

 NSTEP =    41000   TIME(PS) =     102.000  TEMP(K) =   298.05  PRESS =     0.0
 Etot   =    -10787.4098  EKtot   =      1924.9085  EPtot      =    -12712.3182
 BOND   =         7.0336  ANGLE   =        10.7054  DIHED      =        10.5243
 1-4 NB =         9.9564  1-4 EEL =      -245.7531  VDWAALS    =      2449.6083
 EELEC  =    -14963.4946  EHBOND  =         0.0000  RESTRAINT  =         9.1016
 EAMBER (non-restraint)  =    -12721.4199
 EKCMT  =         0.0000  VIRIAL  =         0.0000  VOLUME     =     31777.8974
                                                    Density    =         1.0207
 Ewald error estimate:   0.1402E-03
 ------------------------------------------------------------------------------

wrapping first mol.:      -11.53189      -16.30855       28.24724

 NSTEP =    41500   TIME(PS) =     103.000  TEMP(K) =   296.23  PRESS =     0.0
 Etot   =    -10788.9393  EKtot   =      1913.1555  EPtot      =    -12702.0948
 BOND   =         7.9568  ANGLE   =        11.8293  DIHED      =        10.8319
 1-4 NB =        10.3473  1-4 EEL =      -246.5014  VDWAALS    =      2479.0915
 EELEC  =    -14985.3144  EHBOND  =         0.0000  RESTRAINT  =         9.6641
 EAMBER (non-restraint)  =    -12711.7589
 EKCMT  =         0.0000  VIRIAL  =         0.0000  VOLUME     =     31874.4880
                                                    Density    =         1.0176
 Ewald error estimate:   0.2980E-03
 ------------------------------------------------------------------------------

wrapping first mol.:      -11.54702      -16.32995       28.28431

 NSTEP =    42000   TIME(PS) =     104.000  TEMP(K) =   292.07  PRESS =     0.0
 Etot   =    -10840.6020  EKtot   =      1886.2837  EPtot      =    -12726.8857
 BOND   =         7.2829  ANGLE   =        14.5783  DIHED      =        12.1271
 1-4 NB =        10.7483  1-4 EEL =      -245.0695  VDWAALS    =      2563.6533
 EELEC  =    -15097.2989  EHBOND  =         0.0000  RESTRAINT  =         7.0927
 EAMBER (non-restraint)  =    -12733.9784
 EKCMT  =         0.0000  VIRIAL  =         0.0000  VOLUME     =     32000.1420
                                                    Density    =         1.0136
 Ewald error estimate:   0.5583E-04
 ------------------------------------------------------------------------------

wrapping first mol.:      -11.52161      -16.29402       28.22207

 NSTEP =    42500   TIME(PS) =     105.000  TEMP(K) =   298.25  PRESS =     0.0
 Etot   =    -10811.2119  EKtot   =      1926.2078  EPtot      =    -12737.4197
 BOND   =         6.5518  ANGLE   =        12.3707  DIHED      =         9.3867
 1-4 NB =        10.2751  1-4 EEL =      -247.5558  VDWAALS    =      2579.5687
 EELEC  =    -15115.3886  EHBOND  =         0.0000  RESTRAINT  =         7.3716
 EAMBER (non-restraint)  =    -12744.7913
 EKCMT  =         0.0000  VIRIAL  =         0.0000  VOLUME     =     31789.3441
                                                    Density    =         1.0204
 Ewald error estimate:   0.6999E-04
 ------------------------------------------------------------------------------

wrapping first mol.:      -11.51207      -16.28052       28.19869

 NSTEP =    43000   TIME(PS) =     106.000  TEMP(K) =   290.59  PRESS =     0.0
 Etot   =    -10910.6783  EKtot   =      1876.7436  EPtot      =    -12787.4220
 BOND   =         6.6433  ANGLE   =         9.3784  DIHED      =         9.6888
 1-4 NB =        10.2462  1-4 EEL =      -247.7935  VDWAALS    =      2445.0188
 EELEC  =    -15026.9558  EHBOND  =         0.0000  RESTRAINT  =         6.3519
 EAMBER (non-restraint)  =    -12793.7739
 EKCMT  =         0.0000  VIRIAL  =         0.0000  VOLUME     =     31710.4172
                                                    Density    =         1.0229
 Ewald error estimate:   0.1837E-03
 ------------------------------------------------------------------------------

wrapping first mol.:      -11.51555      -16.28545       28.20723

 NSTEP =    43500   TIME(PS) =     107.000  TEMP(K) =   290.88  PRESS =     0.0
 Etot   =    -10887.9139  EKtot   =      1878.6131  EPtot      =    -12766.5270
 BOND   =         6.0218  ANGLE   =        14.1444  DIHED      =        10.8004
 1-4 NB =        11.8006  1-4 EEL =      -250.4717  VDWAALS    =      2569.2838
 EELEC  =    -15134.5841  EHBOND  =         0.0000  RESTRAINT  =         6.4779
 EAMBER (non-restraint)  =    -12773.0049
 EKCMT  =         0.0000  VIRIAL  =         0.0000  VOLUME     =     31739.2385
                                                    Density    =         1.0220
 Ewald error estimate:   0.1885E-03
 ------------------------------------------------------------------------------

wrapping first mol.:      -11.51555      -16.28545       28.20723

 NSTEP =    44000   TIME(PS) =     108.000  TEMP(K) =   295.22  PRESS =     0.0
 Etot   =    -10854.9565  EKtot   =      1906.6115  EPtot      =    -12761.5680
 BOND   =         4.8458  ANGLE   =        12.6696  DIHED      =         9.9965
 1-4 NB =        11.5351  1-4 EEL =      -248.2943  VDWAALS    =      2594.4033
 EELEC  =    -15154.6484  EHBOND  =         0.0000  RESTRAINT  =         7.9244
 EAMBER (non-restraint)  =    -12769.4924
 EKCMT  =         0.0000  VIRIAL  =         0.0000  VOLUME     =     31739.2385
                                                    Density    =         1.0220
 Ewald error estimate:   0.6705E-06
 ------------------------------------------------------------------------------

wrapping first mol.:      -11.53142      -16.30789       28.24610

 NSTEP =    44500   TIME(PS) =     109.000  TEMP(K) =   292.82  PRESS =     0.0
 Etot   =    -10816.8757  EKtot   =      1891.1200  EPtot      =    -12707.9957
 BOND   =         7.4643  ANGLE   =        19.2324  DIHED      =        11.3444
 1-4 NB =        10.3821  1-4 EEL =      -246.9268  VDWAALS    =      2592.9091
 EELEC  =    -15111.0388  EHBOND  =         0.0000  RESTRAINT  =         8.6377
 EAMBER (non-restraint)  =    -12716.6333
 EKCMT  =         0.0000  VIRIAL  =         0.0000  VOLUME     =     31870.6243
                                                    Density    =         1.0178
 Ewald error estimate:   0.3123E-03
 ------------------------------------------------------------------------------

wrapping first mol.:      -11.55298      -16.33839       28.29892

 NSTEP =    45000   TIME(PS) =     110.000  TEMP(K) =   290.11  PRESS =     0.0
 Etot   =    -10833.1756  EKtot   =      1873.6182  EPtot      =    -12706.7937
 BOND   =         8.5955  ANGLE   =        12.1139  DIHED      =        13.7121
 1-4 NB =        10.1028  1-4 EEL =      -245.7746  VDWAALS    =      2511.3532
 EELEC  =    -15027.2603  EHBOND  =         0.0000  RESTRAINT  =        10.3637
 EAMBER (non-restraint)  =    -12717.1574
 EKCMT  =         0.0000  VIRIAL  =         0.0000  VOLUME     =     32049.7479
                                                    Density    =         1.0121
 Ewald error estimate:   0.2266E-03
 ------------------------------------------------------------------------------

wrapping first mol.:      -11.55863      -16.34637       28.31274

 NSTEP =    45500   TIME(PS) =     111.000  TEMP(K) =   290.55  PRESS =     0.0
 Etot   =    -10832.9977  EKtot   =      1876.4712  EPtot      =    -12709.4689
 BOND   =         6.1475  ANGLE   =        18.1460  DIHED      =        11.0607
 1-4 NB =        10.5446  1-4 EEL =      -246.1845  VDWAALS    =      2462.9249
 EELEC  =    -14984.8366  EHBOND  =         0.0000  RESTRAINT  =        12.7286
 EAMBER (non-restraint)  =    -12722.1975
 EKCMT  =         0.0000  VIRIAL  =         0.0000  VOLUME     =     32096.7187
                                                    Density    =         1.0106
 Ewald error estimate:   0.6818E-04
 ------------------------------------------------------------------------------

wrapping first mol.:      -11.55073      -16.33520       28.29340

 NSTEP =    46000   TIME(PS) =     112.000  TEMP(K) =   291.85  PRESS =     0.0
 Etot   =    -10929.2480  EKtot   =      1884.8930  EPtot      =    -12814.1410
 BOND   =         6.0071  ANGLE   =        12.3360  DIHED      =        11.4128
 1-4 NB =        10.4191  1-4 EEL =      -245.9120  VDWAALS    =      2473.2276
 EELEC  =    -15090.4701  EHBOND  =         0.0000  RESTRAINT  =         8.8385
 EAMBER (non-restraint)  =    -12822.9795
 EKCMT  =         0.0000  VIRIAL  =         0.0000  VOLUME     =     32030.9899
                                                    Density    =         1.0127
 Ewald error estimate:   0.2717E-03
 ------------------------------------------------------------------------------

wrapping first mol.:      -11.54529      -16.32751       28.28009

 NSTEP =    46500   TIME(PS) =     113.000  TEMP(K) =   292.38  PRESS =     0.0
 Etot   =    -10882.6011  EKtot   =      1888.2731  EPtot      =    -12770.8742
 BOND   =         4.4495  ANGLE   =        12.4763  DIHED      =        12.4824
 1-4 NB =        10.9377  1-4 EEL =      -246.7715  VDWAALS    =      2605.1856
 EELEC  =    -15181.0568  EHBOND  =         0.0000  RESTRAINT  =        11.4225
 EAMBER (non-restraint)  =    -12782.2967
 EKCMT  =         0.0000  VIRIAL  =         0.0000  VOLUME     =     31985.7913
                                                    Density    =         1.0141
 Ewald error estimate:   0.2532E-03
 ------------------------------------------------------------------------------

wrapping first mol.:      -11.55393      -16.33972       28.30123

 NSTEP =    47000   TIME(PS) =     114.000  TEMP(K) =   298.47  PRESS =     0.0
 Etot   =    -10752.0997  EKtot   =      1927.6011  EPtot      =    -12679.7008
 BOND   =         8.7637  ANGLE   =        10.1489  DIHED      =         8.9485
 1-4 NB =        11.3898  1-4 EEL =      -246.7531  VDWAALS    =      2482.7113
 EELEC  =    -14962.5509  EHBOND  =         0.0000  RESTRAINT  =         7.6410
 EAMBER (non-restraint)  =    -12687.3419
 EKCMT  =         0.0000  VIRIAL  =         0.0000  VOLUME     =     32057.5755
                                                    Density    =         1.0118
 Ewald error estimate:   0.1417E-03
 ------------------------------------------------------------------------------

wrapping first mol.:      -11.57448      -16.36879       28.35158

 NSTEP =    47500   TIME(PS) =     115.000  TEMP(K) =   300.23  PRESS =     0.0
 Etot   =    -10758.5340  EKtot   =      1938.9715  EPtot      =    -12697.5055
 BOND   =         7.2532  ANGLE   =        11.6688  DIHED      =        15.1944
 1-4 NB =         9.5147  1-4 EEL =      -246.1936  VDWAALS    =      2495.6978
 EELEC  =    -15000.6278  EHBOND  =         0.0000  RESTRAINT  =         9.9873
 EAMBER (non-restraint)  =    -12707.4928
 EKCMT  =         0.0000  VIRIAL  =         0.0000  VOLUME     =     32229.0101
                                                    Density    =         1.0064
 Ewald error estimate:   0.1495E-03
 ------------------------------------------------------------------------------

wrapping first mol.:      -11.59476      -16.39747       28.40126

 NSTEP =    48000   TIME(PS) =     116.000  TEMP(K) =   300.39  PRESS =     0.0
 Etot   =    -10727.4665  EKtot   =      1940.0312  EPtot      =    -12667.4977
 BOND   =         7.8593  ANGLE   =        18.5417  DIHED      =         9.6755
 1-4 NB =         9.8077  1-4 EEL =      -247.4654  VDWAALS    =      2474.5230
 EELEC  =    -14950.1980  EHBOND  =         0.0000  RESTRAINT  =         9.7586
 EAMBER (non-restraint)  =    -12677.2563
 EKCMT  =         0.0000  VIRIAL  =         0.0000  VOLUME     =     32398.7060
                                                    Density    =         1.0012
 Ewald error estimate:   0.1585E-03
 ------------------------------------------------------------------------------

wrapping first mol.:      -11.59204      -16.39362       28.39458

 NSTEP =    48500   TIME(PS) =     117.000  TEMP(K) =   296.40  PRESS =     0.0
 Etot   =    -10828.3543  EKtot   =      1914.2524  EPtot      =    -12742.6068
 BOND   =         5.4704  ANGLE   =        13.4623  DIHED      =         8.6969
 1-4 NB =        10.8086  1-4 EEL =      -246.0102  VDWAALS    =      2605.1634
 EELEC  =    -15150.6073  EHBOND  =         0.0000  RESTRAINT  =        10.4091
 EAMBER (non-restraint)  =    -12753.0159
 EKCMT  =         0.0000  VIRIAL  =         0.0000  VOLUME     =     32375.8749
                                                    Density    =         1.0019
 Ewald error estimate:   0.3638E-03
 ------------------------------------------------------------------------------

wrapping first mol.:      -11.60406      -16.41062       28.42404

 NSTEP =    49000   TIME(PS) =     118.000  TEMP(K) =   294.95  PRESS =     0.0
 Etot   =    -10781.6307  EKtot   =      1904.9114  EPtot      =    -12686.5420
 BOND   =         6.2277  ANGLE   =        10.2836  DIHED      =        11.3136
 1-4 NB =        11.2350  1-4 EEL =      -245.7269  VDWAALS    =      2504.3019
 EELEC  =    -14996.2354  EHBOND  =         0.0000  RESTRAINT  =        12.0584
 EAMBER (non-restraint)  =    -12698.6005
 EKCMT  =         0.0000  VIRIAL  =         0.0000  VOLUME     =     32476.7278
                                                    Density    =         0.9988
 Ewald error estimate:   0.1847E-04
 ------------------------------------------------------------------------------

wrapping first mol.:      -11.62271      -16.43699       28.46971

 NSTEP =    49500   TIME(PS) =     119.000  TEMP(K) =   295.35  PRESS =     0.0
 Etot   =    -10745.9876  EKtot   =      1907.4777  EPtot      =    -12653.4653
 BOND   =         9.1407  ANGLE   =        12.6393  DIHED      =        10.8665
 1-4 NB =         9.4590  1-4 EEL =      -247.2202  VDWAALS    =      2500.1509
 EELEC  =    -14958.1909  EHBOND  =         0.0000  RESTRAINT  =         9.6893
 EAMBER (non-restraint)  =    -12663.1546
 EKCMT  =         0.0000  VIRIAL  =         0.0000  VOLUME     =     32633.5372
                                                    Density    =         0.9940
 Ewald error estimate:   0.2089E-03
 ------------------------------------------------------------------------------

wrapping first mol.:      -11.61993      -16.43307       28.46291
wrapping first mol.:      -11.61993      -16.43307       28.46291

 NSTEP =    50000   TIME(PS) =     120.000  TEMP(K) =   296.60  PRESS =     0.0
 Etot   =    -10763.4430  EKtot   =      1915.5314  EPtot      =    -12678.9744
 BOND   =         4.6561  ANGLE   =        16.0004  DIHED      =         8.9779
 1-4 NB =         9.6170  1-4 EEL =      -247.1698  VDWAALS    =      2506.2959
 EELEC  =    -14988.5819  EHBOND  =         0.0000  RESTRAINT  =        11.2302
 EAMBER (non-restraint)  =    -12690.2046
 EKCMT  =         0.0000  VIRIAL  =         0.0000  VOLUME     =     32610.1579
                                                    Density    =         0.9947
 Ewald error estimate:   0.4383E-04
 ------------------------------------------------------------------------------


      A V E R A G E S   O V E R     100 S T E P S


 NSTEP =    50000   TIME(PS) =     120.000  TEMP(K) =   295.98  PRESS =     0.0
 Etot   =    -10758.7875  EKtot   =      1911.5255  EPtot      =    -12670.3130
 BOND   =         6.9156  ANGLE   =        14.2097  DIHED      =        10.8557
 1-4 NB =        10.8388  1-4 EEL =      -247.2801  VDWAALS    =      2490.1771
 EELEC  =    -14965.5356  EHBOND  =         0.0000  RESTRAINT  =         9.5059
 EAMBER (non-restraint)  =    -12679.8188
 EKCMT  =         0.0000  VIRIAL  =         0.0000  VOLUME     =     32412.1170
                                                    Density    =         1.0014
 Ewald error estimate:   0.1851E-03
 ------------------------------------------------------------------------------


      R M S  F L U C T U A T I O N S


 NSTEP =    50000   TIME(PS) =     120.000  TEMP(K) =     4.86  PRESS =     0.0
 Etot   =        82.0240  EKtot   =        31.4190  EPtot      =        74.2879
 BOND   =         2.1565  ANGLE   =         2.7013  DIHED      =         1.8875
 1-4 NB =         0.9343  1-4 EEL =         1.2719  VDWAALS    =        67.1456
 EELEC  =       121.4837  EHBOND  =         0.0000  RESTRAINT  =         1.8110
 EAMBER (non-restraint)  =        72.4769
 EKCMT  =         0.0000  VIRIAL  =         0.0000  VOLUME     =       858.3920
                                                    Density    =         0.0247
 Ewald error estimate:   0.1361E-03
 ------------------------------------------------------------------------------

| MC Barostat:        500 volume changes attempted.
| MC Barostat:        240 changes successful ( 48.00%)
 ------------------------------------------------------------------------------

--------------------------------------------------------------------------------
   5.  TIMINGS
--------------------------------------------------------------------------------

|  NonSetup CPU Time in Major Routines, Average for All Tasks:
|
|     Routine           Sec        %
|     ------------------------------
|     DataDistrib      10.01    9.66
|     Nonbond          88.07   85.03
|     Bond              0.14    0.13
|     Angle             0.16    0.15
|     Dihedral          0.21    0.20
|     Shake             0.60    0.58
|     RunMD             4.20    4.05
|     Other             0.19    0.18
|     ------------------------------
|     Total           103.57

|  PME Nonbond Pairlist CPU Time, Average for All Tasks:
|
|     Routine              Sec        %
|     ---------------------------------
|     Set Up Cit           0.29    0.28
|     Build List          10.40   10.04
|     ---------------------------------
|     Total               10.69   10.32

|  PME Direct Force CPU Time, Average for All Tasks:
|
|     Routine              Sec        %
|     ---------------------------------
|     NonBonded Calc      60.85   58.75
|     Exclude Masked       0.67    0.65
|     Other                2.43    2.35
|     ---------------------------------
|     Total               63.96   61.75

|  PME Reciprocal Force CPU Time, Average for All Tasks:
|
|     Routine              Sec        %
|     ---------------------------------
|     1D bspline           1.11    1.07
|     Grid Charges         1.21    1.17
|     Scalar Sum           1.16    1.12
|     Gradient Sum         2.11    2.03
|     FFT                  7.53    7.27
|     ---------------------------------
|     Total               13.12   12.67

|  PME Load Balancing CPU Time, Average for All Tasks:
|
|     Routine                 Sec        %
|     ------------------------------------
|     Atom Reassign           0.00    0.00
|     Image Reassign          0.01    0.01
|     FFT Reassign            0.00    0.00
|     ------------------------------------
|     Total                   0.01    0.01

|  Final Performance Info:
|     -----------------------------------------------------
|     Average timings for last   20500 steps:
|     Elapsed(s) =      42.75 Per Step(ms) =       2.09
|         ns/day =      82.87   seconds/ns =    1042.62
|
|     Average timings for all steps:
|     Elapsed(s) =     103.84 Per Step(ms) =       2.08
|         ns/day =      83.20   seconds/ns =    1038.44
|     -----------------------------------------------------

|  Master Setup CPU time:            0.03 seconds
|  Master NonSetup CPU time:       102.94 seconds
|  Master Total CPU time:          102.97 seconds     0.03 hours

|  Master Setup wall time:           0    seconds
|  Master NonSetup wall time:      104    seconds
|  Master Total wall time:         104    seconds     0.03 hours
