
          -------------------------------------------------------
          Amber 18 PMEMD                              2018
          -------------------------------------------------------

| PMEMD implementation of SANDER, Release 18

| Run on 03/23/2022 at 18:29:21

|   Executable path: pmemd.MPI
| Working directory: /bgfs/lchong/dty7/ff15ipq-lig/charges/gaff_02/GenConformers/Conf19
|          Hostname: smp-n123

  [-O]verwriting output

File Assignments:
|   MDIN: ../../../amber/6.2_eq1.in                                             
|  MDOUT: 6.2_eq1.out                                                           
| INPCRD: 6.1_min.rst                                                           
|   PARM: ../../mon.top                                                         
| RESTRT: 6.2_eq1.rst                                                           
|   REFC: 6.1_min.rst                                                           
|  MDVEL: mdvel                                                                 
|   MDEN: mden                                                                  
|  MDCRD: mdcrd                                                                 
| MDINFO: mdinfo                                                                
|LOGFILE: logfile                                                               
|  MDFRC: mdfrc                                                                 

 
 Here is the input file:
 
&cntrl                                                                         
  imin      = 0,                                                               
  irest     = 0,                                                               
  ntx       = 1,                                                               
  ig        = -1,                                                              
  dt        = 0.002,                                                           
  nstlim    = 10000,                                                           
  nscm      = 500,                                                             
  ntr       = 1,                                                               
  restraintmask = ':1',                                                        
  restraint_wt  = 10.0,                                                        
  ntb       = 1,                                                               
  ntp       = 0,                                                               
  ntt       = 3,                                                               
  tempi     = 298.0,                                                           
  temp0     = 298.0,                                                           
  gamma_ln  = 1.0,                                                             
  ntf       = 2,                                                               
  ntc       = 2,                                                               
  cut       = 10.0,                                                            
  ntpr      = 500,                                                             
  ntxo      = 2,                                                               
  ntwr      = 10000,                                                           
  ioutfm    = 1,                                                               
  ntwx      = 500,                                                             
  iwrap     = 1,                                                               
&end                                                                           


Note: ig = -1. Setting random seed to   576766 based on wallclock time in
      microseconds and disabling the synchronization of random numbers 
      between tasks to improve performance.
| irandom = 1, using AMBER's internal random number generator (default).
 
 
| Conditional Compilation Defines Used:
| MPI
| FFTW_FFT
| BINTRAJ
| MKL
| EMIL
 
| Largest sphere to fit in unit cell has radius =    14.786

| New format PARM file being parsed.
| Version =    1.000 Date = 03/23/22 Time = 14:37:26

| Note: 1-4 EEL scale factors are being read from the topology file.

| Note: 1-4 VDW scale factors are being read from the topology file.
| Duplicated    0 dihedrals

| Duplicated    0 dihedrals

--------------------------------------------------------------------------------
   1.  RESOURCE   USE: 
--------------------------------------------------------------------------------

 getting box info from netcdf restart file
 NATOM  =    3240 NTYPES =      13 NBONH =    3220 MBONA  =      21
 NTHETH =      33 MTHETA =      29 NPHIH =      60 MPHIA  =      45
 NHPARM =       0 NPARM  =       0 NNB   =    4456 NRES   =    1069
 NBONA  =      21 NTHETA =      29 NPHIA =      45 NUMBND =      22
 NUMANG =      35 NPTRA  =      18 NATYP =      17 NPHB   =       0
 IFBOX  =       2 NMXRS  =      36 IFCAP =       0 NEXTRA =       0
 NCOPY  =       0

| Coordinate Index Table dimensions:     5    5    5
| Direct force subcell size =     7.2435    7.2435    7.2435

     BOX TYPE: TRUNCATED OCTAHEDRON

--------------------------------------------------------------------------------
   2.  CONTROL  DATA  FOR  THE  RUN
--------------------------------------------------------------------------------

default_name                                                                    

General flags:
     imin    =       0, nmropt  =       0

Nature and format of input:
     ntx     =       1, irest   =       0, ntrx    =       1

Nature and format of output:
     ntxo    =       2, ntpr    =     500, ntrx    =       1, ntwr    =   10000
     iwrap   =       1, ntwx    =     500, ntwv    =       0, ntwe    =       0
     ioutfm  =       1, ntwprt  =       0, idecomp =       0, rbornstat=      0

Potential function:
     ntf     =       2, ntb     =       1, igb     =       0, nsnb    =      25
     ipol    =       0, gbsa    =       0, iesp    =       0
     dielc   =   1.00000, cut     =  10.00000, intdiel =   1.00000

Frozen or restrained atoms:
     ibelly  =       0, ntr     =       1
     restraint_wt =  10.00000

Molecular dynamics:
     nstlim  =     10000, nscm    =         0, nrespa  =         1
     t       =   0.00000, dt      =   0.00200, vlimit  =  20.00000

Langevin dynamics temperature regulation:
     ig      =  576766
     temp0   = 298.00000, tempi   = 298.00000, gamma_ln=   1.00000

SHAKE:
     ntc     =       2, jfastw  =       0
     tol     =   0.00001

| Intermolecular bonds treatment:
|     no_intermolecular_bonds =       1

| Energy averages sample interval:
|     ene_avg_sampling =     500

Ewald parameters:
     verbose =       0, ew_type =       0, nbflag  =       1, use_pme =       1
     vdwmeth =       1, eedmeth =       1, netfrc  =       1
     Box X =   36.217   Box Y =   36.217   Box Z =   36.217
     Alpha =  109.471   Beta  =  109.471   Gamma =  109.471
     NFFT1 =   40       NFFT2 =   40       NFFT3 =   40
     Cutoff=   10.000   Tol   =0.100E-04
     Ewald Coefficient =  0.27511
     Interpolation order =    4

| PMEMD ewald parallel performance parameters:
|     block_fft =    0
|     fft_blk_y_divisor =    2
|     excl_recip =    0
|     excl_master =    0
|     atm_redist_freq =  320

    LOADING THE CONSTRAINED ATOMS AS GROUPS


   5.  REFERENCE ATOM COORDINATES

  default_name                                                                    
     Mask :1; matches    36 atoms

--------------------------------------------------------------------------------
   3.  ATOMIC COORDINATES AND VELOCITIES
--------------------------------------------------------------------------------

default_name                                                                    
 begin time read from input coords =     0.000 ps

 
 Number of triangulated 3-point waters found:     1068

     Sum of charges from parm topology file =  -0.00010118
     Forcing neutrality...

| Dynamic Memory, Types Used:
| Reals             1198032
| Integers           210874

| Nonbonded Pairs Initial Allocation:      317358

| Running AMBER/MPI version on    8 MPI task

 
--------------------------------------------------------------------------------
   4.  RESULTS
--------------------------------------------------------------------------------

 ---------------------------------------------------
 APPROXIMATING switch and d/dx switch using CUBIC SPLINE INTERPOLATION
 using   5000.0 points per unit in tabled values
 TESTING RELATIVE ERROR over r ranging from 0.0 to cutoff
| CHECK switch(x): max rel err =   0.3316E-14   at   2.351880
| CHECK d/dx switch(x): max rel err =   0.8066E-11   at   2.747240
 ---------------------------------------------------
|---------------------------------------------------
| APPROXIMATING direct energy using CUBIC SPLINE INTERPOLATION
|  with   50.0 points per unit in tabled values
| Relative Error Limit not exceeded for r .gt.   2.34
| APPROXIMATING direct force using CUBIC SPLINE INTERPOLATION
|  with   50.0 points per unit in tabled values
| Relative Error Limit not exceeded for r .gt.   2.81
|---------------------------------------------------

 NSTEP =        0   TIME(PS) =       0.000  TEMP(K) =   438.42  PRESS =     0.0
 Etot   =    -14851.2818  EKtot   =      2831.4526  EPtot      =    -17682.7344
 BOND   =         1.4746  ANGLE   =         5.2672  DIHED      =        13.1547
 1-4 NB =        12.2336  1-4 EEL =      -671.2130  VDWAALS    =      3717.0791
 EELEC  =    -20760.7306  EHBOND  =         0.0000  RESTRAINT  =         0.0000
 Ewald error estimate:   0.6864E-04
 ------------------------------------------------------------------------------


 NSTEP =      500   TIME(PS) =       1.000  TEMP(K) =   246.32  PRESS =     0.0
 Etot   =    -11556.3875  EKtot   =      1590.8337  EPtot      =    -13147.2211
 BOND   =         3.9261  ANGLE   =        10.1687  DIHED      =        17.4818
 1-4 NB =        13.8599  1-4 EEL =      -672.4563  VDWAALS    =      2464.5948
 EELEC  =    -14990.3923  EHBOND  =         0.0000  RESTRAINT  =         5.5962
 EAMBER (non-restraint)  =    -13152.8174
 Ewald error estimate:   0.1512E-03
 ------------------------------------------------------------------------------


 NSTEP =     1000   TIME(PS) =       2.000  TEMP(K) =   270.50  PRESS =     0.0
 Etot   =    -11198.4324  EKtot   =      1746.9744  EPtot      =    -12945.4068
 BOND   =         9.7400  ANGLE   =        12.8887  DIHED      =        13.8960
 1-4 NB =        14.2423  1-4 EEL =      -676.2565  VDWAALS    =      2448.0257
 EELEC  =    -14776.7314  EHBOND  =         0.0000  RESTRAINT  =         8.7883
 EAMBER (non-restraint)  =    -12954.1952
 Ewald error estimate:   0.9669E-05
 ------------------------------------------------------------------------------


 NSTEP =     1500   TIME(PS) =       3.000  TEMP(K) =   288.73  PRESS =     0.0
 Etot   =    -10944.2628  EKtot   =      1864.7222  EPtot      =    -12808.9850
 BOND   =        10.2622  ANGLE   =        16.2025  DIHED      =        18.3204
 1-4 NB =        16.2275  1-4 EEL =      -675.3863  VDWAALS    =      2404.4998
 EELEC  =    -14607.3635  EHBOND  =         0.0000  RESTRAINT  =         8.2522
 EAMBER (non-restraint)  =    -12817.2372
 Ewald error estimate:   0.1795E-03
 ------------------------------------------------------------------------------


 NSTEP =     2000   TIME(PS) =       4.000  TEMP(K) =   301.71  PRESS =     0.0
 Etot   =    -10729.3741  EKtot   =      1948.5608  EPtot      =    -12677.9348
 BOND   =         8.4637  ANGLE   =        19.3907  DIHED      =        14.8305
 1-4 NB =        14.4014  1-4 EEL =      -679.6438  VDWAALS    =      2357.4841
 EELEC  =    -14419.5286  EHBOND  =         0.0000  RESTRAINT  =         6.6671
 EAMBER (non-restraint)  =    -12684.6020
 Ewald error estimate:   0.1325E-03
 ------------------------------------------------------------------------------


 NSTEP =     2500   TIME(PS) =       5.000  TEMP(K) =   287.99  PRESS =     0.0
 Etot   =    -10775.6650  EKtot   =      1859.9611  EPtot      =    -12635.6261
 BOND   =         6.8632  ANGLE   =        14.0354  DIHED      =        16.3310
 1-4 NB =        12.0260  1-4 EEL =      -671.0285  VDWAALS    =      2287.6858
 EELEC  =    -14311.4324  EHBOND  =         0.0000  RESTRAINT  =         9.8935
 EAMBER (non-restraint)  =    -12645.5196
 Ewald error estimate:   0.2065E-03
 ------------------------------------------------------------------------------


 NSTEP =     3000   TIME(PS) =       6.000  TEMP(K) =   293.73  PRESS =     0.0
 Etot   =    -10720.9913  EKtot   =      1896.9941  EPtot      =    -12617.9855
 BOND   =         5.7106  ANGLE   =        12.0971  DIHED      =        14.8259
 1-4 NB =        12.6961  1-4 EEL =      -674.3128  VDWAALS    =      2284.9014
 EELEC  =    -14277.9917  EHBOND  =         0.0000  RESTRAINT  =         4.0880
 EAMBER (non-restraint)  =    -12622.0734
 Ewald error estimate:   0.9616E-05
 ------------------------------------------------------------------------------


 NSTEP =     3500   TIME(PS) =       7.000  TEMP(K) =   297.79  PRESS =     0.0
 Etot   =    -10753.2742  EKtot   =      1923.2132  EPtot      =    -12676.4874
 BOND   =         8.5765  ANGLE   =        15.4662  DIHED      =        13.9563
 1-4 NB =        12.3442  1-4 EEL =      -669.4662  VDWAALS    =      2228.3861
 EELEC  =    -14291.4098  EHBOND  =         0.0000  RESTRAINT  =         5.6592
 EAMBER (non-restraint)  =    -12682.1466
 Ewald error estimate:   0.9667E-05
 ------------------------------------------------------------------------------


 NSTEP =     4000   TIME(PS) =       8.000  TEMP(K) =   301.17  PRESS =     0.0
 Etot   =    -10765.4308  EKtot   =      1945.0463  EPtot      =    -12710.4771
 BOND   =        11.9899  ANGLE   =        15.7085  DIHED      =        16.2848
 1-4 NB =        14.1287  1-4 EEL =      -679.1748  VDWAALS    =      2355.3964
 EELEC  =    -14452.5629  EHBOND  =         0.0000  RESTRAINT  =         7.7522
 EAMBER (non-restraint)  =    -12718.2294
 Ewald error estimate:   0.1964E-04
 ------------------------------------------------------------------------------


 NSTEP =     4500   TIME(PS) =       9.000  TEMP(K) =   300.46  PRESS =     0.0
 Etot   =    -10736.6440  EKtot   =      1940.4659  EPtot      =    -12677.1099
 BOND   =         4.4026  ANGLE   =        12.6624  DIHED      =        15.2074
 1-4 NB =        13.0829  1-4 EEL =      -675.1767  VDWAALS    =      2338.3491
 EELEC  =    -14397.6764  EHBOND  =         0.0000  RESTRAINT  =        12.0388
 EAMBER (non-restraint)  =    -12689.1487
 Ewald error estimate:   0.2494E-05
 ------------------------------------------------------------------------------


 NSTEP =     5000   TIME(PS) =      10.000  TEMP(K) =   299.22  PRESS =     0.0
 Etot   =    -10767.1119  EKtot   =      1932.4705  EPtot      =    -12699.5824
 BOND   =         6.8558  ANGLE   =        12.6917  DIHED      =        14.8247
 1-4 NB =        11.8784  1-4 EEL =      -669.9056  VDWAALS    =      2295.1335
 EELEC  =    -14379.6895  EHBOND  =         0.0000  RESTRAINT  =         8.6286
 EAMBER (non-restraint)  =    -12708.2110
 Ewald error estimate:   0.4152E-03
 ------------------------------------------------------------------------------


 NSTEP =     5500   TIME(PS) =      11.000  TEMP(K) =   298.30  PRESS =     0.0
 Etot   =    -10720.0242  EKtot   =      1926.5588  EPtot      =    -12646.5829
 BOND   =         8.9697  ANGLE   =        16.7051  DIHED      =        17.6308
 1-4 NB =        14.5375  1-4 EEL =      -677.4180  VDWAALS    =      2294.9620
 EELEC  =    -14329.2987  EHBOND  =         0.0000  RESTRAINT  =         7.3286
 EAMBER (non-restraint)  =    -12653.9116
 Ewald error estimate:   0.5266E-04
 ------------------------------------------------------------------------------


 NSTEP =     6000   TIME(PS) =      12.000  TEMP(K) =   300.89  PRESS =     0.0
 Etot   =    -10697.8159  EKtot   =      1943.2822  EPtot      =    -12641.0981
 BOND   =         6.1449  ANGLE   =        13.2399  DIHED      =        15.3978
 1-4 NB =        12.6669  1-4 EEL =      -673.2400  VDWAALS    =      2189.3387
 EELEC  =    -14211.9129  EHBOND  =         0.0000  RESTRAINT  =         7.2667
 EAMBER (non-restraint)  =    -12648.3648
 Ewald error estimate:   0.3459E-03
 ------------------------------------------------------------------------------


 NSTEP =     6500   TIME(PS) =      13.000  TEMP(K) =   298.03  PRESS =     0.0
 Etot   =    -10768.8511  EKtot   =      1924.8195  EPtot      =    -12693.6706
 BOND   =         6.6142  ANGLE   =        13.7236  DIHED      =        17.8296
 1-4 NB =        11.8802  1-4 EEL =      -672.0550  VDWAALS    =      2299.2620
 EELEC  =    -14381.6909  EHBOND  =         0.0000  RESTRAINT  =        10.7658
 EAMBER (non-restraint)  =    -12704.4364
 Ewald error estimate:   0.3235E-03
 ------------------------------------------------------------------------------


 NSTEP =     7000   TIME(PS) =      14.000  TEMP(K) =   293.19  PRESS =     0.0
 Etot   =    -10726.7820  EKtot   =      1893.5182  EPtot      =    -12620.3001
 BOND   =         5.7008  ANGLE   =        21.3016  DIHED      =        16.2717
 1-4 NB =        12.0518  1-4 EEL =      -672.8761  VDWAALS    =      2256.7367
 EELEC  =    -14268.9420  EHBOND  =         0.0000  RESTRAINT  =         9.4554
 EAMBER (non-restraint)  =    -12629.7555
 Ewald error estimate:   0.8622E-04
 ------------------------------------------------------------------------------


 NSTEP =     7500   TIME(PS) =      15.000  TEMP(K) =   301.17  PRESS =     0.0
 Etot   =    -10650.4170  EKtot   =      1945.0406  EPtot      =    -12595.4576
 BOND   =        11.2532  ANGLE   =        14.9541  DIHED      =        13.7776
 1-4 NB =        13.0778  1-4 EEL =      -673.8315  VDWAALS    =      2259.8063
 EELEC  =    -14242.8276  EHBOND  =         0.0000  RESTRAINT  =         8.3325
 EAMBER (non-restraint)  =    -12603.7900
 Ewald error estimate:   0.2056E-04
 ------------------------------------------------------------------------------


 NSTEP =     8000   TIME(PS) =      16.000  TEMP(K) =   301.42  PRESS =     0.0
 Etot   =    -10633.2577  EKtot   =      1946.6556  EPtot      =    -12579.9133
 BOND   =         8.4523  ANGLE   =        11.0953  DIHED      =        17.4964
 1-4 NB =        11.9808  1-4 EEL =      -666.8980  VDWAALS    =      2275.7519
 EELEC  =    -14244.3943  EHBOND  =         0.0000  RESTRAINT  =         6.6024
 EAMBER (non-restraint)  =    -12586.5156
 Ewald error estimate:   0.9253E-04
 ------------------------------------------------------------------------------


 NSTEP =     8500   TIME(PS) =      17.000  TEMP(K) =   304.48  PRESS =     0.0
 Etot   =    -10625.4148  EKtot   =      1966.4543  EPtot      =    -12591.8691
 BOND   =         7.6431  ANGLE   =        13.4351  DIHED      =        18.3931
 1-4 NB =        12.3203  1-4 EEL =      -667.0359  VDWAALS    =      2318.2154
 EELEC  =    -14306.1861  EHBOND  =         0.0000  RESTRAINT  =        11.3459
 EAMBER (non-restraint)  =    -12603.2150
 Ewald error estimate:   0.4757E-04
 ------------------------------------------------------------------------------


 NSTEP =     9000   TIME(PS) =      18.000  TEMP(K) =   299.30  PRESS =     0.0
 Etot   =    -10690.3370  EKtot   =      1932.9712  EPtot      =    -12623.3082
 BOND   =         7.0575  ANGLE   =        15.5741  DIHED      =        17.4714
 1-4 NB =        14.1612  1-4 EEL =      -673.3777  VDWAALS    =      2281.9844
 EELEC  =    -14295.9307  EHBOND  =         0.0000  RESTRAINT  =         9.7516
 EAMBER (non-restraint)  =    -12633.0598
 Ewald error estimate:   0.9576E-04
 ------------------------------------------------------------------------------


 NSTEP =     9500   TIME(PS) =      19.000  TEMP(K) =   291.22  PRESS =     0.0
 Etot   =    -10735.6836  EKtot   =      1880.7959  EPtot      =    -12616.4795
 BOND   =         5.8602  ANGLE   =        18.5273  DIHED      =        16.7671
 1-4 NB =        12.9257  1-4 EEL =      -675.2019  VDWAALS    =      2272.9022
 EELEC  =    -14273.8846  EHBOND  =         0.0000  RESTRAINT  =         5.6244
 EAMBER (non-restraint)  =    -12622.1039
 Ewald error estimate:   0.7520E-04
 ------------------------------------------------------------------------------


 NSTEP =    10000   TIME(PS) =      20.000  TEMP(K) =   297.28  PRESS =     0.0
 Etot   =    -10682.0291  EKtot   =      1919.9217  EPtot      =    -12601.9508
 BOND   =         4.8242  ANGLE   =        17.6650  DIHED      =        15.5324
 1-4 NB =        12.1263  1-4 EEL =      -676.0951  VDWAALS    =      2281.1633
 EELEC  =    -14264.2008  EHBOND  =         0.0000  RESTRAINT  =         7.0339
 EAMBER (non-restraint)  =    -12608.9847
 Ewald error estimate:   0.7477E-04
 ------------------------------------------------------------------------------


      A V E R A G E S   O V E R      20 S T E P S


 NSTEP =    10000   TIME(PS) =      20.000  TEMP(K) =   293.64  PRESS =     0.0
 Etot   =    -10793.9093  EKtot   =      1896.4630  EPtot      =    -12690.3723
 BOND   =         7.4655  ANGLE   =        14.8767  DIHED      =        16.1263
 1-4 NB =        13.1308  1-4 EEL =      -673.5418  VDWAALS    =      2309.7290
 EELEC  =    -14386.2023  EHBOND  =         0.0000  RESTRAINT  =         8.0436
 EAMBER (non-restraint)  =    -12698.4159
 Ewald error estimate:   0.1175E-03
 ------------------------------------------------------------------------------


      R M S  F L U C T U A T I O N S


 NSTEP =    10000   TIME(PS) =      20.000  TEMP(K) =    13.09  PRESS =     0.0
 Etot   =       212.7373  EKtot   =        84.5388  EPtot      =       133.2342
 BOND   =         2.1718  ANGLE   =         2.7749  DIHED      =         1.4685
 1-4 NB =         1.1529  1-4 EEL =         3.4202  VDWAALS    =        66.8949
 EELEC  =       190.8595  EHBOND  =         0.0000  RESTRAINT  =         2.0371
 EAMBER (non-restraint)  =       131.1971
 Ewald error estimate:   0.1179E-03
 ------------------------------------------------------------------------------

--------------------------------------------------------------------------------
   5.  TIMINGS
--------------------------------------------------------------------------------

|  NonSetup CPU Time in Major Routines, Average for All Tasks:
|
|     Routine           Sec        %
|     ------------------------------
|     DataDistrib       1.87    9.99
|     Nonbond          15.79   84.11
|     Bond              0.03    0.14
|     Angle             0.03    0.17
|     Dihedral          0.04    0.22
|     Shake             0.13    0.67
|     RunMD             0.86    4.58
|     Other             0.03    0.14
|     ------------------------------
|     Total            18.77

|  PME Nonbond Pairlist CPU Time, Average for All Tasks:
|
|     Routine              Sec        %
|     ---------------------------------
|     Set Up Cit           0.06    0.30
|     Build List           1.92   10.23
|     ---------------------------------
|     Total                1.98   10.53

|  PME Direct Force CPU Time, Average for All Tasks:
|
|     Routine              Sec        %
|     ---------------------------------
|     NonBonded Calc      10.58   56.36
|     Exclude Masked       0.13    0.70
|     Other                0.49    2.59
|     ---------------------------------
|     Total               11.20   59.65

|  PME Reciprocal Force CPU Time, Average for All Tasks:
|
|     Routine              Sec        %
|     ---------------------------------
|     1D bspline           0.22    1.17
|     Grid Charges         0.24    1.28
|     Scalar Sum           0.21    1.11
|     Gradient Sum         0.41    2.21
|     FFT                  1.47    7.85
|     ---------------------------------
|     Total                2.56   13.62

|  PME Load Balancing CPU Time, Average for All Tasks:
|
|     Routine                 Sec        %
|     ------------------------------------
|     Atom Reassign           0.00    0.00
|     Image Reassign          0.00    0.01
|     FFT Reassign            0.00    0.00
|     ------------------------------------
|     Total                   0.00    0.01

|  Final Performance Info:
|     -----------------------------------------------------
|     Average timings for last   10000 steps:
|     Elapsed(s) =      18.86 Per Step(ms) =       1.89
|         ns/day =      91.60   seconds/ns =     943.19
|
|     Average timings for all steps:
|     Elapsed(s) =      18.86 Per Step(ms) =       1.89
|         ns/day =      91.60   seconds/ns =     943.19
|     -----------------------------------------------------

|  Master Setup CPU time:            0.03 seconds
|  Master NonSetup CPU time:        18.72 seconds
|  Master Total CPU time:           18.75 seconds     0.01 hours

|  Master Setup wall time:           1    seconds
|  Master NonSetup wall time:       19    seconds
|  Master Total wall time:          20    seconds     0.01 hours
