
          -------------------------------------------------------
          Amber 18 PMEMD                              2018
          -------------------------------------------------------

| PMEMD implementation of SANDER, Release 18

| Run on 03/14/2022 at 21:25:44

|   Executable path: pmemd.MPI
| Working directory: /bgfs/lchong/dty7/ff15ipq-lig/charges/gaff_01/GenConformers/Conf14
|          Hostname: smp-n123

  [-O]verwriting output

File Assignments:
|   MDIN: ../../../amber/6.2_eq1.in                                             
|  MDOUT: 6.2_eq1.out                                                           
| INPCRD: 6.1_min.rst                                                           
|   PARM: ../../mon.top                                                         
| RESTRT: 6.2_eq1.rst                                                           
|   REFC: 6.1_min.rst                                                           
|  MDVEL: mdvel                                                                 
|   MDEN: mden                                                                  
|  MDCRD: mdcrd                                                                 
| MDINFO: mdinfo                                                                
|LOGFILE: logfile                                                               
|  MDFRC: mdfrc                                                                 

 
 Here is the input file:
 
&cntrl                                                                         
  imin      = 0,                                                               
  irest     = 0,                                                               
  ntx       = 1,                                                               
  ig        = -1,                                                              
  dt        = 0.002,                                                           
  nstlim    = 10000,                                                           
  nscm      = 500,                                                             
  ntr       = 1,                                                               
  restraintmask = ':1',                                                        
  restraint_wt  = 10.0,                                                        
  ntb       = 1,                                                               
  ntp       = 0,                                                               
  ntt       = 3,                                                               
  tempi     = 298.0,                                                           
  temp0     = 298.0,                                                           
  gamma_ln  = 1.0,                                                             
  ntf       = 2,                                                               
  ntc       = 2,                                                               
  cut       = 10.0,                                                            
  ntpr      = 500,                                                             
  ntxo      = 2,                                                               
  ntwr      = 10000,                                                           
  ioutfm    = 1,                                                               
  ntwx      = 500,                                                             
  iwrap     = 1,                                                               
&end                                                                           


Note: ig = -1. Setting random seed to    91124 based on wallclock time in
      microseconds and disabling the synchronization of random numbers 
      between tasks to improve performance.
| irandom = 1, using AMBER's internal random number generator (default).
 
 
| Conditional Compilation Defines Used:
| MPI
| FFTW_FFT
| BINTRAJ
| MKL
| EMIL
 
| Largest sphere to fit in unit cell has radius =    14.744

| New format PARM file being parsed.
| Version =    1.000 Date = 03/14/22 Time = 17:48:27

| Note: 1-4 EEL scale factors are being read from the topology file.

| Note: 1-4 VDW scale factors are being read from the topology file.
| Duplicated    0 dihedrals

| Duplicated    0 dihedrals

--------------------------------------------------------------------------------
   1.  RESOURCE   USE: 
--------------------------------------------------------------------------------

 getting box info from netcdf restart file
 NATOM  =    3240 NTYPES =      13 NBONH =    3220 MBONA  =      21
 NTHETH =      33 MTHETA =      29 NPHIH =      60 MPHIA  =      45
 NHPARM =       0 NPARM  =       0 NNB   =    4456 NRES   =    1069
 NBONA  =      21 NTHETA =      29 NPHIA =      45 NUMBND =      22
 NUMANG =      35 NPTRA  =      18 NATYP =      17 NPHB   =       0
 IFBOX  =       2 NMXRS  =      36 IFCAP =       0 NEXTRA =       0
 NCOPY  =       0

| Coordinate Index Table dimensions:     5    5    5
| Direct force subcell size =     7.2230    7.2230    7.2230

     BOX TYPE: TRUNCATED OCTAHEDRON

--------------------------------------------------------------------------------
   2.  CONTROL  DATA  FOR  THE  RUN
--------------------------------------------------------------------------------

default_name                                                                    

General flags:
     imin    =       0, nmropt  =       0

Nature and format of input:
     ntx     =       1, irest   =       0, ntrx    =       1

Nature and format of output:
     ntxo    =       2, ntpr    =     500, ntrx    =       1, ntwr    =   10000
     iwrap   =       1, ntwx    =     500, ntwv    =       0, ntwe    =       0
     ioutfm  =       1, ntwprt  =       0, idecomp =       0, rbornstat=      0

Potential function:
     ntf     =       2, ntb     =       1, igb     =       0, nsnb    =      25
     ipol    =       0, gbsa    =       0, iesp    =       0
     dielc   =   1.00000, cut     =  10.00000, intdiel =   1.00000

Frozen or restrained atoms:
     ibelly  =       0, ntr     =       1
     restraint_wt =  10.00000

Molecular dynamics:
     nstlim  =     10000, nscm    =         0, nrespa  =         1
     t       =   0.00000, dt      =   0.00200, vlimit  =  20.00000

Langevin dynamics temperature regulation:
     ig      =   91124
     temp0   = 298.00000, tempi   = 298.00000, gamma_ln=   1.00000

SHAKE:
     ntc     =       2, jfastw  =       0
     tol     =   0.00001

| Intermolecular bonds treatment:
|     no_intermolecular_bonds =       1

| Energy averages sample interval:
|     ene_avg_sampling =     500

Ewald parameters:
     verbose =       0, ew_type =       0, nbflag  =       1, use_pme =       1
     vdwmeth =       1, eedmeth =       1, netfrc  =       1
     Box X =   36.115   Box Y =   36.115   Box Z =   36.115
     Alpha =  109.471   Beta  =  109.471   Gamma =  109.471
     NFFT1 =   40       NFFT2 =   40       NFFT3 =   40
     Cutoff=   10.000   Tol   =0.100E-04
     Ewald Coefficient =  0.27511
     Interpolation order =    4

| PMEMD ewald parallel performance parameters:
|     block_fft =    0
|     fft_blk_y_divisor =    2
|     excl_recip =    0
|     excl_master =    0
|     atm_redist_freq =  320

    LOADING THE CONSTRAINED ATOMS AS GROUPS


   5.  REFERENCE ATOM COORDINATES

  default_name                                                                    
     Mask :1; matches    36 atoms

--------------------------------------------------------------------------------
   3.  ATOMIC COORDINATES AND VELOCITIES
--------------------------------------------------------------------------------

default_name                                                                    
 begin time read from input coords =     0.000 ps

 
 Number of triangulated 3-point waters found:     1068

     Sum of charges from parm topology file =  -0.00030117
     Forcing neutrality...

| Dynamic Memory, Types Used:
| Reals             1198019
| Integers           209508

| Nonbonded Pairs Initial Allocation:      317358

| Running AMBER/MPI version on    8 MPI task

 
--------------------------------------------------------------------------------
   4.  RESULTS
--------------------------------------------------------------------------------

 ---------------------------------------------------
 APPROXIMATING switch and d/dx switch using CUBIC SPLINE INTERPOLATION
 using   5000.0 points per unit in tabled values
 TESTING RELATIVE ERROR over r ranging from 0.0 to cutoff
| CHECK switch(x): max rel err =   0.3316E-14   at   2.351880
| CHECK d/dx switch(x): max rel err =   0.8066E-11   at   2.747240
 ---------------------------------------------------
|---------------------------------------------------
| APPROXIMATING direct energy using CUBIC SPLINE INTERPOLATION
|  with   50.0 points per unit in tabled values
| Relative Error Limit not exceeded for r .gt.   2.34
| APPROXIMATING direct force using CUBIC SPLINE INTERPOLATION
|  with   50.0 points per unit in tabled values
| Relative Error Limit not exceeded for r .gt.   2.81
|---------------------------------------------------

 NSTEP =        0   TIME(PS) =       0.000  TEMP(K) =   446.45  PRESS =     0.0
 Etot   =    -14847.8993  EKtot   =      2883.3297  EPtot      =    -17731.2290
 BOND   =         1.1121  ANGLE   =         3.9054  DIHED      =         9.6436
 1-4 NB =        11.2815  1-4 EEL =      -601.9026  VDWAALS    =      3674.7108
 EELEC  =    -20829.9798  EHBOND  =         0.0000  RESTRAINT  =         0.0000
 Ewald error estimate:   0.1575E-03
 ------------------------------------------------------------------------------


 NSTEP =      500   TIME(PS) =       1.000  TEMP(K) =   242.63  PRESS =     0.0
 Etot   =    -11644.6547  EKtot   =      1566.9899  EPtot      =    -13211.6446
 BOND   =         8.7241  ANGLE   =        10.1219  DIHED      =        14.4609
 1-4 NB =        12.1068  1-4 EEL =      -604.4113  VDWAALS    =      2523.1788
 EELEC  =    -15184.2836  EHBOND  =         0.0000  RESTRAINT  =         8.4578
 EAMBER (non-restraint)  =    -13220.1024
 Ewald error estimate:   0.4659E-04
 ------------------------------------------------------------------------------


 NSTEP =     1000   TIME(PS) =       2.000  TEMP(K) =   265.09  PRESS =     0.0
 Etot   =    -11200.6649  EKtot   =      1712.0187  EPtot      =    -12912.6836
 BOND   =         9.8979  ANGLE   =        15.1018  DIHED      =        11.3908
 1-4 NB =        12.4377  1-4 EEL =      -608.3444  VDWAALS    =      2421.4753
 EELEC  =    -14779.3465  EHBOND  =         0.0000  RESTRAINT  =         4.7038
 EAMBER (non-restraint)  =    -12917.3875
 Ewald error estimate:   0.2071E-03
 ------------------------------------------------------------------------------


 NSTEP =     1500   TIME(PS) =       3.000  TEMP(K) =   291.24  PRESS =     0.0
 Etot   =    -10871.8443  EKtot   =      1880.9057  EPtot      =    -12752.7500
 BOND   =         6.3983  ANGLE   =        14.2905  DIHED      =        14.0575
 1-4 NB =        11.6543  1-4 EEL =      -605.1821  VDWAALS    =      2356.7892
 EELEC  =    -14559.6146  EHBOND  =         0.0000  RESTRAINT  =         8.8571
 EAMBER (non-restraint)  =    -12761.6071
 Ewald error estimate:   0.3494E-03
 ------------------------------------------------------------------------------


 NSTEP =     2000   TIME(PS) =       4.000  TEMP(K) =   292.49  PRESS =     0.0
 Etot   =    -10752.1754  EKtot   =      1889.0193  EPtot      =    -12641.1946
 BOND   =         5.2114  ANGLE   =        11.1626  DIHED      =        11.2020
 1-4 NB =        12.2142  1-4 EEL =      -603.1129  VDWAALS    =      2255.6122
 EELEC  =    -14342.7088  EHBOND  =         0.0000  RESTRAINT  =         9.2246
 EAMBER (non-restraint)  =    -12650.4192
 Ewald error estimate:   0.1909E-03
 ------------------------------------------------------------------------------


 NSTEP =     2500   TIME(PS) =       5.000  TEMP(K) =   298.36  PRESS =     0.0
 Etot   =    -10801.6154  EKtot   =      1926.9517  EPtot      =    -12728.5671
 BOND   =         6.1869  ANGLE   =        17.3569  DIHED      =        14.3811
 1-4 NB =        12.6980  1-4 EEL =      -604.0474  VDWAALS    =      2449.2642
 EELEC  =    -14632.5872  EHBOND  =         0.0000  RESTRAINT  =         8.1804
 EAMBER (non-restraint)  =    -12736.7475
 Ewald error estimate:   0.1041E-04
 ------------------------------------------------------------------------------


 NSTEP =     3000   TIME(PS) =       6.000  TEMP(K) =   298.08  PRESS =     0.0
 Etot   =    -10765.4766  EKtot   =      1925.1106  EPtot      =    -12690.5871
 BOND   =         7.2218  ANGLE   =        14.4273  DIHED      =        12.4836
 1-4 NB =        11.8743  1-4 EEL =      -604.6792  VDWAALS    =      2276.5405
 EELEC  =    -14415.0010  EHBOND  =         0.0000  RESTRAINT  =         6.5456
 EAMBER (non-restraint)  =    -12697.1327
 Ewald error estimate:   0.6118E-05
 ------------------------------------------------------------------------------


 NSTEP =     3500   TIME(PS) =       7.000  TEMP(K) =   297.05  PRESS =     0.0
 Etot   =    -10704.9853  EKtot   =      1918.4341  EPtot      =    -12623.4194
 BOND   =         4.4719  ANGLE   =        13.8527  DIHED      =        11.5457
 1-4 NB =        10.3868  1-4 EEL =      -597.2921  VDWAALS    =      2248.5569
 EELEC  =    -14321.7217  EHBOND  =         0.0000  RESTRAINT  =         6.7803
 EAMBER (non-restraint)  =    -12630.1998
 Ewald error estimate:   0.1605E-03
 ------------------------------------------------------------------------------


 NSTEP =     4000   TIME(PS) =       8.000  TEMP(K) =   298.96  PRESS =     0.0
 Etot   =    -10684.9390  EKtot   =      1930.8033  EPtot      =    -12615.7424
 BOND   =         5.3856  ANGLE   =        11.8627  DIHED      =        14.8984
 1-4 NB =        13.0201  1-4 EEL =      -604.3740  VDWAALS    =      2315.1697
 EELEC  =    -14379.7326  EHBOND  =         0.0000  RESTRAINT  =         8.0277
 EAMBER (non-restraint)  =    -12623.7700
 Ewald error estimate:   0.2409E-03
 ------------------------------------------------------------------------------


 NSTEP =     4500   TIME(PS) =       9.000  TEMP(K) =   296.83  PRESS =     0.0
 Etot   =    -10714.8077  EKtot   =      1917.0540  EPtot      =    -12631.8617
 BOND   =         6.9707  ANGLE   =        14.2926  DIHED      =        16.3099
 1-4 NB =        11.6851  1-4 EEL =      -603.6494  VDWAALS    =      2297.9804
 EELEC  =    -14385.7866  EHBOND  =         0.0000  RESTRAINT  =        10.3355
 EAMBER (non-restraint)  =    -12642.1972
 Ewald error estimate:   0.5963E-04
 ------------------------------------------------------------------------------


 NSTEP =     5000   TIME(PS) =      10.000  TEMP(K) =   288.24  PRESS =     0.0
 Etot   =    -10786.3249  EKtot   =      1861.5542  EPtot      =    -12647.8791
 BOND   =         6.5456  ANGLE   =        12.0588  DIHED      =        15.7420
 1-4 NB =        11.4979  1-4 EEL =      -603.5387  VDWAALS    =      2357.2824
 EELEC  =    -14453.9476  EHBOND  =         0.0000  RESTRAINT  =         6.4805
 EAMBER (non-restraint)  =    -12654.3596
 Ewald error estimate:   0.4138E-04
 ------------------------------------------------------------------------------


 NSTEP =     5500   TIME(PS) =      11.000  TEMP(K) =   294.77  PRESS =     0.0
 Etot   =    -10748.3035  EKtot   =      1903.7618  EPtot      =    -12652.0654
 BOND   =         8.5098  ANGLE   =        12.9025  DIHED      =        16.7806
 1-4 NB =        12.9181  1-4 EEL =      -611.0947  VDWAALS    =      2335.9036
 EELEC  =    -14434.1096  EHBOND  =         0.0000  RESTRAINT  =         6.1243
 EAMBER (non-restraint)  =    -12658.1896
 Ewald error estimate:   0.4818E-04
 ------------------------------------------------------------------------------


 NSTEP =     6000   TIME(PS) =      12.000  TEMP(K) =   291.28  PRESS =     0.0
 Etot   =    -10713.2076  EKtot   =      1881.1723  EPtot      =    -12594.3799
 BOND   =         4.9218  ANGLE   =        12.7319  DIHED      =        10.3656
 1-4 NB =        10.4321  1-4 EEL =      -596.3736  VDWAALS    =      2244.2472
 EELEC  =    -14286.9970  EHBOND  =         0.0000  RESTRAINT  =         6.2921
 EAMBER (non-restraint)  =    -12600.6720
 Ewald error estimate:   0.1816E-03
 ------------------------------------------------------------------------------


 NSTEP =     6500   TIME(PS) =      13.000  TEMP(K) =   297.74  PRESS =     0.0
 Etot   =    -10740.8238  EKtot   =      1922.9359  EPtot      =    -12663.7597
 BOND   =         5.9090  ANGLE   =        12.8231  DIHED      =        13.1896
 1-4 NB =        12.7500  1-4 EEL =      -603.3398  VDWAALS    =      2264.5813
 EELEC  =    -14375.7525  EHBOND  =         0.0000  RESTRAINT  =         6.0796
 EAMBER (non-restraint)  =    -12669.8393
 Ewald error estimate:   0.7159E-04
 ------------------------------------------------------------------------------


 NSTEP =     7000   TIME(PS) =      14.000  TEMP(K) =   303.49  PRESS =     0.0
 Etot   =    -10639.5962  EKtot   =      1960.0313  EPtot      =    -12599.6275
 BOND   =         5.4454  ANGLE   =        13.7229  DIHED      =        12.2160
 1-4 NB =        11.3922  1-4 EEL =      -602.2019  VDWAALS    =      2381.4189
 EELEC  =    -14428.2953  EHBOND  =         0.0000  RESTRAINT  =         6.6741
 EAMBER (non-restraint)  =    -12606.3017
 Ewald error estimate:   0.7508E-04
 ------------------------------------------------------------------------------


 NSTEP =     7500   TIME(PS) =      15.000  TEMP(K) =   296.93  PRESS =     0.0
 Etot   =    -10657.3084  EKtot   =      1917.6599  EPtot      =    -12574.9684
 BOND   =         7.4925  ANGLE   =        15.3848  DIHED      =        12.7914
 1-4 NB =        11.5394  1-4 EEL =      -605.5124  VDWAALS    =      2345.7685
 EELEC  =    -14368.9235  EHBOND  =         0.0000  RESTRAINT  =         6.4911
 EAMBER (non-restraint)  =    -12581.4594
 Ewald error estimate:   0.2516E-03
 ------------------------------------------------------------------------------


 NSTEP =     8000   TIME(PS) =      16.000  TEMP(K) =   305.81  PRESS =     0.0
 Etot   =    -10687.1470  EKtot   =      1975.0406  EPtot      =    -12662.1876
 BOND   =         7.3876  ANGLE   =        13.2456  DIHED      =        14.4436
 1-4 NB =        11.2783  1-4 EEL =      -607.3441  VDWAALS    =      2403.4789
 EELEC  =    -14511.5443  EHBOND  =         0.0000  RESTRAINT  =         6.8668
 EAMBER (non-restraint)  =    -12669.0544
 Ewald error estimate:   0.3600E-03
 ------------------------------------------------------------------------------


 NSTEP =     8500   TIME(PS) =      17.000  TEMP(K) =   300.61  PRESS =     0.0
 Etot   =    -10677.3763  EKtot   =      1941.4721  EPtot      =    -12618.8485
 BOND   =        12.5764  ANGLE   =        14.0194  DIHED      =        14.4903
 1-4 NB =        13.8522  1-4 EEL =      -607.4552  VDWAALS    =      2288.1901
 EELEC  =    -14362.0377  EHBOND  =         0.0000  RESTRAINT  =         7.5161
 EAMBER (non-restraint)  =    -12626.3645
 Ewald error estimate:   0.2972E-03
 ------------------------------------------------------------------------------


 NSTEP =     9000   TIME(PS) =      18.000  TEMP(K) =   289.32  PRESS =     0.0
 Etot   =    -10757.8165  EKtot   =      1868.5580  EPtot      =    -12626.3745
 BOND   =        10.2596  ANGLE   =        13.0844  DIHED      =        11.8046
 1-4 NB =         9.9936  1-4 EEL =      -604.3837  VDWAALS    =      2238.1966
 EELEC  =    -14311.2663  EHBOND  =         0.0000  RESTRAINT  =         5.9367
 EAMBER (non-restraint)  =    -12632.3111
 Ewald error estimate:   0.3322E-05
 ------------------------------------------------------------------------------


 NSTEP =     9500   TIME(PS) =      19.000  TEMP(K) =   303.02  PRESS =     0.0
 Etot   =    -10700.5313  EKtot   =      1957.0002  EPtot      =    -12657.5315
 BOND   =         7.6558  ANGLE   =        13.3619  DIHED      =        15.2552
 1-4 NB =        12.7630  1-4 EEL =      -602.8188  VDWAALS    =      2321.1421
 EELEC  =    -14432.2805  EHBOND  =         0.0000  RESTRAINT  =         7.3900
 EAMBER (non-restraint)  =    -12664.9214
 Ewald error estimate:   0.2600E-03
 ------------------------------------------------------------------------------


 NSTEP =    10000   TIME(PS) =      20.000  TEMP(K) =   305.92  PRESS =     0.0
 Etot   =    -10623.1658  EKtot   =      1975.7253  EPtot      =    -12598.8911
 BOND   =         6.4857  ANGLE   =        14.2354  DIHED      =        12.5773
 1-4 NB =        11.9184  1-4 EEL =      -605.2527  VDWAALS    =      2339.4749
 EELEC  =    -14383.6112  EHBOND  =         0.0000  RESTRAINT  =         5.2811
 EAMBER (non-restraint)  =    -12604.1722
 Ewald error estimate:   0.3687E-03
 ------------------------------------------------------------------------------


      A V E R A G E S   O V E R      20 S T E P S


 NSTEP =    10000   TIME(PS) =      20.000  TEMP(K) =   292.89  PRESS =     0.0
 Etot   =    -10793.6382  EKtot   =      1891.6099  EPtot      =    -12685.2482
 BOND   =         7.1829  ANGLE   =        13.5020  DIHED      =        13.5193
 1-4 NB =        11.9206  1-4 EEL =      -604.2204  VDWAALS    =      2333.2126
 EELEC  =    -14467.4774  EHBOND  =         0.0000  RESTRAINT  =         7.1122
 EAMBER (non-restraint)  =    -12692.3604
 Ewald error estimate:   0.1615E-03
 ------------------------------------------------------------------------------


      R M S  F L U C T U A T I O N S


 NSTEP =    10000   TIME(PS) =      20.000  TEMP(K) =    14.35  PRESS =     0.0
 Etot   =       228.2579  EKtot   =        92.6978  EPtot      =       140.7245
 BOND   =         1.9646  ANGLE   =         1.5392  DIHED      =         1.7745
 1-4 NB =         0.9421  1-4 EEL =         3.2162  VDWAALS    =        73.3958
 EELEC  =       200.0034  EHBOND  =         0.0000  RESTRAINT  =         1.3536
 EAMBER (non-restraint)  =       139.3709
 Ewald error estimate:   0.1229E-03
 ------------------------------------------------------------------------------

--------------------------------------------------------------------------------
   5.  TIMINGS
--------------------------------------------------------------------------------

|  NonSetup CPU Time in Major Routines, Average for All Tasks:
|
|     Routine           Sec        %
|     ------------------------------
|     DataDistrib       1.97   10.36
|     Nonbond          15.93   83.73
|     Bond              0.03    0.14
|     Angle             0.03    0.18
|     Dihedral          0.05    0.27
|     Shake             0.13    0.66
|     RunMD             0.86    4.52
|     Other             0.03    0.14
|     ------------------------------
|     Total            19.03

|  PME Nonbond Pairlist CPU Time, Average for All Tasks:
|
|     Routine              Sec        %
|     ---------------------------------
|     Set Up Cit           0.06    0.30
|     Build List           1.95   10.25
|     ---------------------------------
|     Total                2.01   10.54

|  PME Direct Force CPU Time, Average for All Tasks:
|
|     Routine              Sec        %
|     ---------------------------------
|     NonBonded Calc      10.69   56.15
|     Exclude Masked       0.14    0.71
|     Other                0.49    2.56
|     ---------------------------------
|     Total               11.31   59.43

|  PME Reciprocal Force CPU Time, Average for All Tasks:
|
|     Routine              Sec        %
|     ---------------------------------
|     1D bspline           0.22    1.16
|     Grid Charges         0.24    1.26
|     Scalar Sum           0.21    1.10
|     Gradient Sum         0.41    2.17
|     FFT                  1.48    7.76
|     ---------------------------------
|     Total                2.56   13.45

|  PME Load Balancing CPU Time, Average for All Tasks:
|
|     Routine                 Sec        %
|     ------------------------------------
|     Atom Reassign           0.00    0.00
|     Image Reassign          0.00    0.00
|     FFT Reassign            0.00    0.00
|     ------------------------------------
|     Total                   0.00    0.01

|  Final Performance Info:
|     -----------------------------------------------------
|     Average timings for last   10000 steps:
|     Elapsed(s) =      19.05 Per Step(ms) =       1.90
|         ns/day =      90.72   seconds/ns =     952.37
|
|     Average timings for all steps:
|     Elapsed(s) =      19.05 Per Step(ms) =       1.90
|         ns/day =      90.72   seconds/ns =     952.37
|     -----------------------------------------------------

|  Master Setup CPU time:            0.03 seconds
|  Master NonSetup CPU time:        18.96 seconds
|  Master Total CPU time:           18.99 seconds     0.01 hours

|  Master Setup wall time:           0    seconds
|  Master NonSetup wall time:       19    seconds
|  Master Total wall time:          19    seconds     0.01 hours
