
          -------------------------------------------------------
          Amber 18 PMEMD                              2018
          -------------------------------------------------------

| PMEMD implementation of SANDER, Release 18

| Run on 03/14/2022 at 21:26:03

|   Executable path: pmemd.MPI
| Working directory: /bgfs/lchong/dty7/ff15ipq-lig/charges/gaff_01/GenConformers/Conf14
|          Hostname: smp-n123

  [-O]verwriting output

File Assignments:
|   MDIN: ../../../amber/6.3_eq2.in                                             
|  MDOUT: 6.3_eq2.out                                                           
| INPCRD: 6.2_eq1.rst                                                           
|   PARM: ../../mon.top                                                         
| RESTRT: 6.3_eq2.rst                                                           
|   REFC: 6.2_eq1.rst                                                           
|  MDVEL: mdvel                                                                 
|   MDEN: mden                                                                  
|  MDCRD: mdcrd                                                                 
| MDINFO: mdinfo                                                                
|LOGFILE: logfile                                                               
|  MDFRC: mdfrc                                                                 

 
 Here is the input file:
 
&cntrl                                                                         
  imin      = 0,                                                               
  irest     = 1,                                                               
  ntx       = 5,                                                               
  ig        = -1,                                                              
  dt        = 0.002,                                                           
  nstlim    = 50000,                                                           
  nscm      = 500,                                                             
  ntr       = 1,                                                               
  restraintmask = ':1',                                                        
  restraint_wt  = 10.0,                                                        
  ntb       = 2,                                                               
  ntp       = 1,                                                               
  barostat  = 2,                                                               
  pres0     = 1.0,                                                             
  mcbarint  = 100,                                                             
  comp      = 44.6,                                                            
  taup      = 1.0,                                                             
  ntt       = 3,                                                               
  temp0     = 298.0,                                                           
  gamma_ln  = 1.0,                                                             
  ntf       = 2,                                                               
  ntc       = 2,                                                               
  cut       = 10.0,                                                            
  ntpr      = 500,                                                             
  ntxo      = 1,                                                               
  ntwr      = 50000,                                                           
  ioutfm    = 1,                                                               
  ntwx      = 500,                                                             
  iwrap     = 1,                                                               
&end                                                                           


Note: ig = -1. Setting random seed to   288169 based on wallclock time in
      microseconds and disabling the synchronization of random numbers 
      between tasks to improve performance.
| irandom = 1, using AMBER's internal random number generator (default).
 
 
| Conditional Compilation Defines Used:
| MPI
| FFTW_FFT
| BINTRAJ
| MKL
| EMIL
 
| Largest sphere to fit in unit cell has radius =    14.744

| New format PARM file being parsed.
| Version =    1.000 Date = 03/14/22 Time = 17:48:27

| Note: 1-4 EEL scale factors are being read from the topology file.

| Note: 1-4 VDW scale factors are being read from the topology file.
| Duplicated    0 dihedrals

| Duplicated    0 dihedrals

--------------------------------------------------------------------------------
   1.  RESOURCE   USE: 
--------------------------------------------------------------------------------

 getting box info from netcdf restart file
 NATOM  =    3240 NTYPES =      13 NBONH =    3220 MBONA  =      21
 NTHETH =      33 MTHETA =      29 NPHIH =      60 MPHIA  =      45
 NHPARM =       0 NPARM  =       0 NNB   =    4456 NRES   =    1069
 NBONA  =      21 NTHETA =      29 NPHIA =      45 NUMBND =      22
 NUMANG =      35 NPTRA  =      18 NATYP =      17 NPHB   =       0
 IFBOX  =       2 NMXRS  =      36 IFCAP =       0 NEXTRA =       0
 NCOPY  =       0

| Coordinate Index Table dimensions:     5    5    5
| Direct force subcell size =     7.2230    7.2230    7.2230

     BOX TYPE: TRUNCATED OCTAHEDRON

--------------------------------------------------------------------------------
   2.  CONTROL  DATA  FOR  THE  RUN
--------------------------------------------------------------------------------

default_name                                                                    

General flags:
     imin    =       0, nmropt  =       0

Nature and format of input:
     ntx     =       5, irest   =       1, ntrx    =       1

Nature and format of output:
     ntxo    =       1, ntpr    =     500, ntrx    =       1, ntwr    =   50000
     iwrap   =       1, ntwx    =     500, ntwv    =       0, ntwe    =       0
     ioutfm  =       1, ntwprt  =       0, idecomp =       0, rbornstat=      0

Potential function:
     ntf     =       2, ntb     =       2, igb     =       0, nsnb    =      25
     ipol    =       0, gbsa    =       0, iesp    =       0
     dielc   =   1.00000, cut     =  10.00000, intdiel =   1.00000

Frozen or restrained atoms:
     ibelly  =       0, ntr     =       1
     restraint_wt =  10.00000

Molecular dynamics:
     nstlim  =     50000, nscm    =         0, nrespa  =         1
     t       =   0.00000, dt      =   0.00200, vlimit  =  20.00000

Langevin dynamics temperature regulation:
     ig      =  288169
     temp0   = 298.00000, tempi   =   0.00000, gamma_ln=   1.00000

Pressure regulation:
     ntp     =       1
     pres0   =   1.00000, comp    =  44.60000, taup    =   1.00000
     Monte-Carlo Barostat:
     mcbarint  =     100

SHAKE:
     ntc     =       2, jfastw  =       0
     tol     =   0.00001

| Intermolecular bonds treatment:
|     no_intermolecular_bonds =       1

| Energy averages sample interval:
|     ene_avg_sampling =     500

Ewald parameters:
     verbose =       0, ew_type =       0, nbflag  =       1, use_pme =       1
     vdwmeth =       1, eedmeth =       1, netfrc  =       1
     Box X =   36.115   Box Y =   36.115   Box Z =   36.115
     Alpha =  109.471   Beta  =  109.471   Gamma =  109.471
     NFFT1 =   40       NFFT2 =   40       NFFT3 =   40
     Cutoff=   10.000   Tol   =0.100E-04
     Ewald Coefficient =  0.27511
     Interpolation order =    4

| PMEMD ewald parallel performance parameters:
|     block_fft =    0
|     fft_blk_y_divisor =    2
|     excl_recip =    0
|     excl_master =    0
|     atm_redist_freq =  320

    LOADING THE CONSTRAINED ATOMS AS GROUPS


   5.  REFERENCE ATOM COORDINATES

  default_name                                                                    
     Mask :1; matches    36 atoms
| MONTE CARLO BAROSTAT IMPORTANT NOTE:
|   The Monte-Carlo barostat does not require the virial to adjust the system volume.
|   Since it is an expensive calculation, it is skipped for efficiency. A side-effect
|   is that the reported pressure is always 0 because it is not calculated.

--------------------------------------------------------------------------------
   3.  ATOMIC COORDINATES AND VELOCITIES
--------------------------------------------------------------------------------

default_name                                                                    
 begin time read from input coords =    20.000 ps

 
 Number of triangulated 3-point waters found:     1068

     Sum of charges from parm topology file =  -0.00030117
     Forcing neutrality...

| Dynamic Memory, Types Used:
| Reals             1243214
| Integers           213778

| Nonbonded Pairs Initial Allocation:      317358

| Running AMBER/MPI version on    8 MPI task

 
--------------------------------------------------------------------------------
   4.  RESULTS
--------------------------------------------------------------------------------

 ---------------------------------------------------
 APPROXIMATING switch and d/dx switch using CUBIC SPLINE INTERPOLATION
 using   5000.0 points per unit in tabled values
 TESTING RELATIVE ERROR over r ranging from 0.0 to cutoff
| CHECK switch(x): max rel err =   0.3316E-14   at   2.351880
| CHECK d/dx switch(x): max rel err =   0.8066E-11   at   2.747240
 ---------------------------------------------------
|---------------------------------------------------
| APPROXIMATING direct energy using CUBIC SPLINE INTERPOLATION
|  with   50.0 points per unit in tabled values
| Relative Error Limit not exceeded for r .gt.   2.34
| APPROXIMATING direct force using CUBIC SPLINE INTERPOLATION
|  with   50.0 points per unit in tabled values
| Relative Error Limit not exceeded for r .gt.   2.81
|---------------------------------------------------

 NSTEP =      500   TIME(PS) =      21.000  TEMP(K) =   297.56  PRESS =     0.0
 Etot   =    -10595.3234  EKtot   =      1921.7293  EPtot      =    -12517.0528
 BOND   =         5.4518  ANGLE   =        13.5393  DIHED      =        12.8101
 1-4 NB =        11.6028  1-4 EEL =      -606.5830  VDWAALS    =      2376.7504
 EELEC  =    -14338.5306  EHBOND  =         0.0000  RESTRAINT  =         7.9064
 EAMBER (non-restraint)  =    -12524.9592
 EKCMT  =         0.0000  VIRIAL  =         0.0000  VOLUME     =     35730.4853
                                                    Density    =         0.9078
 Ewald error estimate:   0.1501E-03
 ------------------------------------------------------------------------------


 NSTEP =     1000   TIME(PS) =      22.000  TEMP(K) =   300.93  PRESS =     0.0
 Etot   =    -10724.1292  EKtot   =      1943.5188  EPtot      =    -12667.6480
 BOND   =         8.8354  ANGLE   =        14.8612  DIHED      =        13.1733
 1-4 NB =        10.5816  1-4 EEL =      -601.0786  VDWAALS    =      2381.0608
 EELEC  =    -14507.8268  EHBOND  =         0.0000  RESTRAINT  =        12.7450
 EAMBER (non-restraint)  =    -12680.3931
 EKCMT  =         0.0000  VIRIAL  =         0.0000  VOLUME     =     35274.4324
                                                    Density    =         0.9195
 Ewald error estimate:   0.2601E-03
 ------------------------------------------------------------------------------


 NSTEP =     1500   TIME(PS) =      23.000  TEMP(K) =   300.32  PRESS =     0.0
 Etot   =    -10785.5004  EKtot   =      1939.6085  EPtot      =    -12725.1089
 BOND   =         6.3409  ANGLE   =        17.7527  DIHED      =        14.8711
 1-4 NB =        11.3608  1-4 EEL =      -607.6203  VDWAALS    =      2483.8004
 EELEC  =    -14660.0895  EHBOND  =         0.0000  RESTRAINT  =         8.4751
 EAMBER (non-restraint)  =    -12733.5840
 EKCMT  =         0.0000  VIRIAL  =         0.0000  VOLUME     =     34808.3744
                                                    Density    =         0.9319
 Ewald error estimate:   0.1433E-03
 ------------------------------------------------------------------------------


 NSTEP =     2000   TIME(PS) =      24.000  TEMP(K) =   288.36  PRESS =     0.0
 Etot   =    -10846.3488  EKtot   =      1862.3087  EPtot      =    -12708.6576
 BOND   =         5.4160  ANGLE   =         8.0978  DIHED      =        16.9130
 1-4 NB =        11.3194  1-4 EEL =      -601.6389  VDWAALS    =      2644.0484
 EELEC  =    -14801.0597  EHBOND  =         0.0000  RESTRAINT  =         8.2464
 EAMBER (non-restraint)  =    -12716.9039
 EKCMT  =         0.0000  VIRIAL  =         0.0000  VOLUME     =     33910.0914
                                                    Density    =         0.9565
 Ewald error estimate:   0.1706E-03
 ------------------------------------------------------------------------------


 NSTEP =     2500   TIME(PS) =      25.000  TEMP(K) =   302.18  PRESS =     0.0
 Etot   =    -10798.4867  EKtot   =      1951.6188  EPtot      =    -12750.1055
 BOND   =        10.2797  ANGLE   =        17.2539  DIHED      =        13.7932
 1-4 NB =        11.6524  1-4 EEL =      -609.0585  VDWAALS    =      2600.9039
 EELEC  =    -14805.1231  EHBOND  =         0.0000  RESTRAINT  =        10.1929
 EAMBER (non-restraint)  =    -12760.2985
 EKCMT  =         0.0000  VIRIAL  =         0.0000  VOLUME     =     33622.0761
                                                    Density    =         0.9647
 Ewald error estimate:   0.6606E-05
 ------------------------------------------------------------------------------


 NSTEP =     3000   TIME(PS) =      26.000  TEMP(K) =   289.61  PRESS =     0.0
 Etot   =    -10938.0067  EKtot   =      1870.4240  EPtot      =    -12808.4306
 BOND   =         6.6595  ANGLE   =        14.5934  DIHED      =        11.6157
 1-4 NB =        11.1930  1-4 EEL =      -602.8903  VDWAALS    =      2421.0169
 EELEC  =    -14679.2972  EHBOND  =         0.0000  RESTRAINT  =         8.6785
 EAMBER (non-restraint)  =    -12817.1092
 EKCMT  =         0.0000  VIRIAL  =         0.0000  VOLUME     =     33622.0761
                                                    Density    =         0.9647
 Ewald error estimate:   0.9539E-04
 ------------------------------------------------------------------------------


 NSTEP =     3500   TIME(PS) =      27.000  TEMP(K) =   293.67  PRESS =     0.0
 Etot   =    -10911.9810  EKtot   =      1896.6222  EPtot      =    -12808.6032
 BOND   =        11.1027  ANGLE   =         7.8276  DIHED      =        14.6914
 1-4 NB =        12.1912  1-4 EEL =      -608.0676  VDWAALS    =      2505.4723
 EELEC  =    -14759.5624  EHBOND  =         0.0000  RESTRAINT  =         7.7416
 EAMBER (non-restraint)  =    -12816.3447
 EKCMT  =         0.0000  VIRIAL  =         0.0000  VOLUME     =     33084.5041
                                                    Density    =         0.9804
 Ewald error estimate:   0.2152E-03
 ------------------------------------------------------------------------------


 NSTEP =     4000   TIME(PS) =      28.000  TEMP(K) =   297.12  PRESS =     0.0
 Etot   =    -10946.0014  EKtot   =      1918.8810  EPtot      =    -12864.8824
 BOND   =         6.5009  ANGLE   =        10.0736  DIHED      =        11.8085
 1-4 NB =        10.7619  1-4 EEL =      -599.6343  VDWAALS    =      2505.2421
 EELEC  =    -14817.8692  EHBOND  =         0.0000  RESTRAINT  =         8.2341
 EAMBER (non-restraint)  =    -12873.1165
 EKCMT  =         0.0000  VIRIAL  =         0.0000  VOLUME     =     32950.8082
                                                    Density    =         0.9844
 Ewald error estimate:   0.1284E-03
 ------------------------------------------------------------------------------


 NSTEP =     4500   TIME(PS) =      29.000  TEMP(K) =   296.06  PRESS =     0.0
 Etot   =    -10936.1470  EKtot   =      1912.0484  EPtot      =    -12848.1954
 BOND   =         4.8849  ANGLE   =        11.2566  DIHED      =        11.1749
 1-4 NB =        12.1804  1-4 EEL =      -601.9434  VDWAALS    =      2493.3190
 EELEC  =    -14786.7069  EHBOND  =         0.0000  RESTRAINT  =         7.6391
 EAMBER (non-restraint)  =    -12855.8345
 EKCMT  =         0.0000  VIRIAL  =         0.0000  VOLUME     =     32334.7171
                                                    Density    =         1.0032
 Ewald error estimate:   0.4651E-03
 ------------------------------------------------------------------------------


 NSTEP =     5000   TIME(PS) =      30.000  TEMP(K) =   292.76  PRESS =     0.0
 Etot   =    -10989.3129  EKtot   =      1890.7738  EPtot      =    -12880.0868
 BOND   =         5.0972  ANGLE   =        16.6172  DIHED      =        12.3340
 1-4 NB =        13.0666  1-4 EEL =      -606.1284  VDWAALS    =      2461.9732
 EELEC  =    -14790.8446  EHBOND  =         0.0000  RESTRAINT  =         7.7981
 EAMBER (non-restraint)  =    -12887.8848
 EKCMT  =         0.0000  VIRIAL  =         0.0000  VOLUME     =     32265.2329
                                                    Density    =         1.0053
 Ewald error estimate:   0.1783E-04
 ------------------------------------------------------------------------------


 NSTEP =     5500   TIME(PS) =      31.000  TEMP(K) =   287.04  PRESS =     0.0
 Etot   =    -11032.4606  EKtot   =      1853.8231  EPtot      =    -12886.2837
 BOND   =         7.2670  ANGLE   =        12.2223  DIHED      =        11.7317
 1-4 NB =        12.4055  1-4 EEL =      -604.2168  VDWAALS    =      2512.4800
 EELEC  =    -14844.8984  EHBOND  =         0.0000  RESTRAINT  =         6.7249
 EAMBER (non-restraint)  =    -12893.0086
 EKCMT  =         0.0000  VIRIAL  =         0.0000  VOLUME     =     32018.9559
                                                    Density    =         1.0130
 Ewald error estimate:   0.7175E-04
 ------------------------------------------------------------------------------


 NSTEP =     6000   TIME(PS) =      32.000  TEMP(K) =   302.61  PRESS =     0.0
 Etot   =    -10922.2133  EKtot   =      1954.3840  EPtot      =    -12876.5973
 BOND   =        10.2189  ANGLE   =        17.1095  DIHED      =        10.8226
 1-4 NB =        11.6482  1-4 EEL =      -608.2623  VDWAALS    =      2467.3026
 EELEC  =    -14791.4805  EHBOND  =         0.0000  RESTRAINT  =         6.0436
 EAMBER (non-restraint)  =    -12882.6409
 EKCMT  =         0.0000  VIRIAL  =         0.0000  VOLUME     =     32292.8084
                                                    Density    =         1.0045
 Ewald error estimate:   0.6393E-03
 ------------------------------------------------------------------------------


 NSTEP =     6500   TIME(PS) =      33.000  TEMP(K) =   301.40  PRESS =     0.0
 Etot   =    -10880.3344  EKtot   =      1946.5768  EPtot      =    -12826.9112
 BOND   =         9.9181  ANGLE   =        15.1068  DIHED      =        13.2934
 1-4 NB =        13.6833  1-4 EEL =      -608.9055  VDWAALS    =      2568.9237
 EELEC  =    -14850.0391  EHBOND  =         0.0000  RESTRAINT  =        11.1082
 EAMBER (non-restraint)  =    -12838.0194
 EKCMT  =         0.0000  VIRIAL  =         0.0000  VOLUME     =     32102.6528
                                                    Density    =         1.0104
 Ewald error estimate:   0.1458E-03
 ------------------------------------------------------------------------------


 NSTEP =     7000   TIME(PS) =      34.000  TEMP(K) =   301.45  PRESS =     0.0
 Etot   =    -10913.5032  EKtot   =      1946.8703  EPtot      =    -12860.3735
 BOND   =         7.1157  ANGLE   =        13.0503  DIHED      =        16.3008
 1-4 NB =        11.7237  1-4 EEL =      -606.9461  VDWAALS    =      2473.6096
 EELEC  =    -14785.3902  EHBOND  =         0.0000  RESTRAINT  =        10.1626
 EAMBER (non-restraint)  =    -12870.5361
 EKCMT  =         0.0000  VIRIAL  =         0.0000  VOLUME     =     32349.8167
                                                    Density    =         1.0027
 Ewald error estimate:   0.1221E-03
 ------------------------------------------------------------------------------


 NSTEP =     7500   TIME(PS) =      35.000  TEMP(K) =   291.34  PRESS =     0.0
 Etot   =    -11017.1323  EKtot   =      1881.5857  EPtot      =    -12898.7181
 BOND   =         6.3646  ANGLE   =        14.1758  DIHED      =        11.7819
 1-4 NB =        11.9160  1-4 EEL =      -604.8860  VDWAALS    =      2430.6011
 EELEC  =    -14778.0962  EHBOND  =         0.0000  RESTRAINT  =         9.4248
 EAMBER (non-restraint)  =    -12908.1429
 EKCMT  =         0.0000  VIRIAL  =         0.0000  VOLUME     =     32349.8167
                                                    Density    =         1.0027
 Ewald error estimate:   0.5194E-05
 ------------------------------------------------------------------------------


 NSTEP =     8000   TIME(PS) =      36.000  TEMP(K) =   301.23  PRESS =     0.0
 Etot   =    -10932.1507  EKtot   =      1945.4860  EPtot      =    -12877.6367
 BOND   =         3.6765  ANGLE   =        12.8109  DIHED      =        13.7664
 1-4 NB =        11.4158  1-4 EEL =      -603.2048  VDWAALS    =      2458.2234
 EELEC  =    -14779.8099  EHBOND  =         0.0000  RESTRAINT  =         5.4851
 EAMBER (non-restraint)  =    -12883.1217
 EKCMT  =         0.0000  VIRIAL  =         0.0000  VOLUME     =     32338.8179
                                                    Density    =         1.0030
 Ewald error estimate:   0.1508E-03
 ------------------------------------------------------------------------------


 NSTEP =     8500   TIME(PS) =      37.000  TEMP(K) =   302.34  PRESS =     0.0
 Etot   =    -10927.7729  EKtot   =      1952.6363  EPtot      =    -12880.4092
 BOND   =         5.9077  ANGLE   =        15.0526  DIHED      =        11.7958
 1-4 NB =        12.2920  1-4 EEL =      -608.6800  VDWAALS    =      2352.8566
 EELEC  =    -14674.7597  EHBOND  =         0.0000  RESTRAINT  =         5.1257
 EAMBER (non-restraint)  =    -12885.5349
 EKCMT  =         0.0000  VIRIAL  =         0.0000  VOLUME     =     32502.5230
                                                    Density    =         0.9980
 Ewald error estimate:   0.6801E-04
 ------------------------------------------------------------------------------


 NSTEP =     9000   TIME(PS) =      38.000  TEMP(K) =   294.57  PRESS =     0.0
 Etot   =    -10915.2348  EKtot   =      1902.4119  EPtot      =    -12817.6467
 BOND   =         9.2199  ANGLE   =        16.6586  DIHED      =        10.1464
 1-4 NB =        12.1937  1-4 EEL =      -605.9963  VDWAALS    =      2515.4493
 EELEC  =    -14782.9364  EHBOND  =         0.0000  RESTRAINT  =         7.6181
 EAMBER (non-restraint)  =    -12825.2648
 EKCMT  =         0.0000  VIRIAL  =         0.0000  VOLUME     =     32387.9138
                                                    Density    =         1.0015
 Ewald error estimate:   0.3221E-03
 ------------------------------------------------------------------------------


 NSTEP =     9500   TIME(PS) =      39.000  TEMP(K) =   301.39  PRESS =     0.0
 Etot   =    -10833.5580  EKtot   =      1946.4854  EPtot      =    -12780.0434
 BOND   =         8.3452  ANGLE   =        10.4992  DIHED      =        12.4195
 1-4 NB =        13.2810  1-4 EEL =      -607.6118  VDWAALS    =      2407.6955
 EELEC  =    -14634.0441  EHBOND  =         0.0000  RESTRAINT  =         9.3721
 EAMBER (non-restraint)  =    -12789.4155
 EKCMT  =         0.0000  VIRIAL  =         0.0000  VOLUME     =     32530.6975
                                                    Density    =         0.9971
 Ewald error estimate:   0.2121E-03
 ------------------------------------------------------------------------------


 NSTEP =    10000   TIME(PS) =      40.000  TEMP(K) =   304.06  PRESS =     0.0
 Etot   =    -10791.0723  EKtot   =      1963.7150  EPtot      =    -12754.7874
 BOND   =         8.6951  ANGLE   =        15.0532  DIHED      =        12.1525
 1-4 NB =        10.7530  1-4 EEL =      -602.7963  VDWAALS    =      2388.0683
 EELEC  =    -14596.3926  EHBOND  =         0.0000  RESTRAINT  =         9.6794
 EAMBER (non-restraint)  =    -12764.4668
 EKCMT  =         0.0000  VIRIAL  =         0.0000  VOLUME     =     32429.3781
                                                    Density    =         1.0002
 Ewald error estimate:   0.3892E-03
 ------------------------------------------------------------------------------


 NSTEP =    10500   TIME(PS) =      41.000  TEMP(K) =   299.42  PRESS =     0.0
 Etot   =    -10853.8693  EKtot   =      1933.7614  EPtot      =    -12787.6307
 BOND   =        10.3744  ANGLE   =        15.6277  DIHED      =        13.0171
 1-4 NB =         9.5923  1-4 EEL =      -598.2872  VDWAALS    =      2396.4263
 EELEC  =    -14642.0918  EHBOND  =         0.0000  RESTRAINT  =         7.7105
 EAMBER (non-restraint)  =    -12795.3412
 EKCMT  =         0.0000  VIRIAL  =         0.0000  VOLUME     =     32490.2462
                                                    Density    =         0.9983
 Ewald error estimate:   0.7749E-04
 ------------------------------------------------------------------------------


 NSTEP =    11000   TIME(PS) =      42.000  TEMP(K) =   294.89  PRESS =     0.0
 Etot   =    -10927.7678  EKtot   =      1904.4817  EPtot      =    -12832.2495
 BOND   =         6.3566  ANGLE   =        16.3093  DIHED      =        10.6134
 1-4 NB =        10.2898  1-4 EEL =      -596.2444  VDWAALS    =      2530.4187
 EELEC  =    -14820.2721  EHBOND  =         0.0000  RESTRAINT  =        10.2791
 EAMBER (non-restraint)  =    -12842.5287
 EKCMT  =         0.0000  VIRIAL  =         0.0000  VOLUME     =     32244.3653
                                                    Density    =         1.0060
 Ewald error estimate:   0.7578E-04
 ------------------------------------------------------------------------------


 NSTEP =    11500   TIME(PS) =      43.000  TEMP(K) =   300.89  PRESS =     0.0
 Etot   =    -10887.2243  EKtot   =      1943.2294  EPtot      =    -12830.4538
 BOND   =         4.8468  ANGLE   =        13.7725  DIHED      =        10.7608
 1-4 NB =        11.8347  1-4 EEL =      -604.8837  VDWAALS    =      2493.0507
 EELEC  =    -14768.2504  EHBOND  =         0.0000  RESTRAINT  =         8.4150
 EAMBER (non-restraint)  =    -12838.8688
 EKCMT  =         0.0000  VIRIAL  =         0.0000  VOLUME     =     32026.2408
                                                    Density    =         1.0128
 Ewald error estimate:   0.8585E-04
 ------------------------------------------------------------------------------


 NSTEP =    12000   TIME(PS) =      44.000  TEMP(K) =   290.89  PRESS =     0.0
 Etot   =    -10891.3058  EKtot   =      1878.6913  EPtot      =    -12769.9971
 BOND   =         4.2395  ANGLE   =        18.4984  DIHED      =        13.5671
 1-4 NB =        11.4493  1-4 EEL =      -602.1410  VDWAALS    =      2451.1909
 EELEC  =    -14674.5487  EHBOND  =         0.0000  RESTRAINT  =         7.7473
 EAMBER (non-restraint)  =    -12777.7445
 EKCMT  =         0.0000  VIRIAL  =         0.0000  VOLUME     =     32162.2252
                                                    Density    =         1.0085
 Ewald error estimate:   0.3488E-04
 ------------------------------------------------------------------------------


 NSTEP =    12500   TIME(PS) =      45.000  TEMP(K) =   309.96  PRESS =     0.0
 Etot   =    -10865.9934  EKtot   =      2001.8371  EPtot      =    -12867.8304
 BOND   =         8.3945  ANGLE   =        20.9362  DIHED      =        12.7549
 1-4 NB =        12.0613  1-4 EEL =      -605.9901  VDWAALS    =      2534.2764
 EELEC  =    -14861.0047  EHBOND  =         0.0000  RESTRAINT  =        10.7409
 EAMBER (non-restraint)  =    -12878.5713
 EKCMT  =         0.0000  VIRIAL  =         0.0000  VOLUME     =     32218.5423
                                                    Density    =         1.0068
 Ewald error estimate:   0.3135E-04
 ------------------------------------------------------------------------------


 NSTEP =    13000   TIME(PS) =      46.000  TEMP(K) =   299.23  PRESS =     0.0
 Etot   =    -10898.5279  EKtot   =      1932.5288  EPtot      =    -12831.0567
 BOND   =         6.0334  ANGLE   =        18.4418  DIHED      =        14.0059
 1-4 NB =        12.9756  1-4 EEL =      -605.1597  VDWAALS    =      2446.5703
 EELEC  =    -14736.8032  EHBOND  =         0.0000  RESTRAINT  =        12.8792
 EAMBER (non-restraint)  =    -12843.9359
 EKCMT  =         0.0000  VIRIAL  =         0.0000  VOLUME     =     32305.4028
                                                    Density    =         1.0041
 Ewald error estimate:   0.3629E-03
 ------------------------------------------------------------------------------


 NSTEP =    13500   TIME(PS) =      47.000  TEMP(K) =   301.66  PRESS =     0.0
 Etot   =    -10882.0686  EKtot   =      1948.2258  EPtot      =    -12830.2944
 BOND   =         6.8109  ANGLE   =        13.9194  DIHED      =        10.9320
 1-4 NB =        11.6814  1-4 EEL =      -603.3101  VDWAALS    =      2421.3109
 EELEC  =    -14702.9842  EHBOND  =         0.0000  RESTRAINT  =        11.3452
 EAMBER (non-restraint)  =    -12841.6397
 EKCMT  =         0.0000  VIRIAL  =         0.0000  VOLUME     =     32254.5848
                                                    Density    =         1.0056
 Ewald error estimate:   0.5613E-05
 ------------------------------------------------------------------------------


 NSTEP =    14000   TIME(PS) =      48.000  TEMP(K) =   296.56  PRESS =     0.0
 Etot   =    -10993.2236  EKtot   =      1915.3220  EPtot      =    -12908.5456
 BOND   =         7.5044  ANGLE   =        13.9490  DIHED      =        13.0356
 1-4 NB =        13.1684  1-4 EEL =      -603.4645  VDWAALS    =      2531.3522
 EELEC  =    -14894.3571  EHBOND  =         0.0000  RESTRAINT  =        10.2665
 EAMBER (non-restraint)  =    -12918.8121
 EKCMT  =         0.0000  VIRIAL  =         0.0000  VOLUME     =     32376.0060
                                                    Density    =         1.0019
 Ewald error estimate:   0.3104E-03
 ------------------------------------------------------------------------------


 NSTEP =    14500   TIME(PS) =      49.000  TEMP(K) =   297.56  PRESS =     0.0
 Etot   =    -10919.5652  EKtot   =      1921.7646  EPtot      =    -12841.3298
 BOND   =        10.5797  ANGLE   =        13.9946  DIHED      =        15.0088
 1-4 NB =        11.0329  1-4 EEL =      -606.1502  VDWAALS    =      2475.5029
 EELEC  =    -14771.6899  EHBOND  =         0.0000  RESTRAINT  =        10.3914
 EAMBER (non-restraint)  =    -12851.7212
 EKCMT  =         0.0000  VIRIAL  =         0.0000  VOLUME     =     32383.1382
                                                    Density    =         1.0017
 Ewald error estimate:   0.2141E-03
 ------------------------------------------------------------------------------


 NSTEP =    15000   TIME(PS) =      50.000  TEMP(K) =   295.91  PRESS =     0.0
 Etot   =    -10900.1949  EKtot   =      1911.0974  EPtot      =    -12811.2923
 BOND   =         7.5420  ANGLE   =        13.6555  DIHED      =        12.6771
 1-4 NB =        12.6236  1-4 EEL =      -602.6578  VDWAALS    =      2562.0179
 EELEC  =    -14825.3977  EHBOND  =         0.0000  RESTRAINT  =         8.2472
 EAMBER (non-restraint)  =    -12819.5395
 EKCMT  =         0.0000  VIRIAL  =         0.0000  VOLUME     =     32344.7314
                                                    Density    =         1.0028
 Ewald error estimate:   0.8633E-05
 ------------------------------------------------------------------------------


 NSTEP =    15500   TIME(PS) =      51.000  TEMP(K) =   303.31  PRESS =     0.0
 Etot   =    -10894.9397  EKtot   =      1958.8672  EPtot      =    -12853.8068
 BOND   =         6.6095  ANGLE   =        13.5731  DIHED      =        11.0534
 1-4 NB =        11.6372  1-4 EEL =      -604.8870  VDWAALS    =      2440.6981
 EELEC  =    -14740.2917  EHBOND  =         0.0000  RESTRAINT  =         7.8005
 EAMBER (non-restraint)  =    -12861.6073
 EKCMT  =         0.0000  VIRIAL  =         0.0000  VOLUME     =     32132.1799
                                                    Density    =         1.0095
 Ewald error estimate:   0.4175E-04
 ------------------------------------------------------------------------------


 NSTEP =    16000   TIME(PS) =      52.000  TEMP(K) =   299.76  PRESS =     0.0
 Etot   =    -10906.5057  EKtot   =      1935.9363  EPtot      =    -12842.4420
 BOND   =         7.5461  ANGLE   =        11.6881  DIHED      =        11.0648
 1-4 NB =        10.7446  1-4 EEL =      -603.3549  VDWAALS    =      2522.3792
 EELEC  =    -14810.4665  EHBOND  =         0.0000  RESTRAINT  =         7.9567
 EAMBER (non-restraint)  =    -12850.3987
 EKCMT  =         0.0000  VIRIAL  =         0.0000  VOLUME     =     31926.4008
                                                    Density    =         1.0160
 Ewald error estimate:   0.3438E-03
 ------------------------------------------------------------------------------


 NSTEP =    16500   TIME(PS) =      53.000  TEMP(K) =   290.21  PRESS =     0.0
 Etot   =    -11000.3276  EKtot   =      1874.2732  EPtot      =    -12874.6007
 BOND   =         8.0197  ANGLE   =        16.9092  DIHED      =        12.3159
 1-4 NB =        15.2521  1-4 EEL =      -611.9025  VDWAALS    =      2433.7495
 EELEC  =    -14760.6011  EHBOND  =         0.0000  RESTRAINT  =        11.6564
 EAMBER (non-restraint)  =    -12886.2571
 EKCMT  =         0.0000  VIRIAL  =         0.0000  VOLUME     =     31991.8276
                                                    Density    =         1.0139
 Ewald error estimate:   0.2522E-04
 ------------------------------------------------------------------------------


 NSTEP =    17000   TIME(PS) =      54.000  TEMP(K) =   296.93  PRESS =     0.0
 Etot   =    -10995.7705  EKtot   =      1917.6952  EPtot      =    -12913.4657
 BOND   =         5.3195  ANGLE   =        13.4079  DIHED      =        13.8188
 1-4 NB =        11.1128  1-4 EEL =      -599.2028  VDWAALS    =      2497.2084
 EELEC  =    -14861.3033  EHBOND  =         0.0000  RESTRAINT  =         6.1732
 EAMBER (non-restraint)  =    -12919.6389
 EKCMT  =         0.0000  VIRIAL  =         0.0000  VOLUME     =     32028.1304
                                                    Density    =         1.0128
 Ewald error estimate:   0.3859E-03
 ------------------------------------------------------------------------------


 NSTEP =    17500   TIME(PS) =      55.000  TEMP(K) =   290.78  PRESS =     0.0
 Etot   =    -10971.9773  EKtot   =      1877.9866  EPtot      =    -12849.9639
 BOND   =         6.3579  ANGLE   =        15.1984  DIHED      =        10.7800
 1-4 NB =        12.6543  1-4 EEL =      -604.8242  VDWAALS    =      2579.9250
 EELEC  =    -14879.3590  EHBOND  =         0.0000  RESTRAINT  =         9.3037
 EAMBER (non-restraint)  =    -12859.2676
 EKCMT  =         0.0000  VIRIAL  =         0.0000  VOLUME     =     31964.6706
                                                    Density    =         1.0148
 Ewald error estimate:   0.1393E-03
 ------------------------------------------------------------------------------


 NSTEP =    18000   TIME(PS) =      56.000  TEMP(K) =   296.55  PRESS =     0.0
 Etot   =    -10878.3342  EKtot   =      1915.2003  EPtot      =    -12793.5346
 BOND   =         3.4327  ANGLE   =        14.5037  DIHED      =        12.9172
 1-4 NB =        13.2311  1-4 EEL =      -599.9051  VDWAALS    =      2491.7172
 EELEC  =    -14739.0175  EHBOND  =         0.0000  RESTRAINT  =         9.5862
 EAMBER (non-restraint)  =    -12803.1208
 EKCMT  =         0.0000  VIRIAL  =         0.0000  VOLUME     =     32187.7741
                                                    Density    =         1.0077
 Ewald error estimate:   0.2510E-03
 ------------------------------------------------------------------------------


 NSTEP =    18500   TIME(PS) =      57.000  TEMP(K) =   300.41  PRESS =     0.0
 Etot   =    -10939.9893  EKtot   =      1940.1915  EPtot      =    -12880.1808
 BOND   =         5.6874  ANGLE   =        13.5946  DIHED      =        12.1056
 1-4 NB =        12.2163  1-4 EEL =      -606.3806  VDWAALS    =      2536.1581
 EELEC  =    -14862.5136  EHBOND  =         0.0000  RESTRAINT  =         8.9515
 EAMBER (non-restraint)  =    -12889.1323
 EKCMT  =         0.0000  VIRIAL  =         0.0000  VOLUME     =     31962.8057
                                                    Density    =         1.0148
 Ewald error estimate:   0.7775E-04
 ------------------------------------------------------------------------------


 NSTEP =    19000   TIME(PS) =      58.000  TEMP(K) =   302.19  PRESS =     0.0
 Etot   =    -10988.6562  EKtot   =      1951.6635  EPtot      =    -12940.3198
 BOND   =         6.0352  ANGLE   =        17.1583  DIHED      =         8.9940
 1-4 NB =        13.8391  1-4 EEL =      -607.4620  VDWAALS    =      2415.9847
 EELEC  =    -14801.4182  EHBOND  =         0.0000  RESTRAINT  =         6.5491
 EAMBER (non-restraint)  =    -12946.8689
 EKCMT  =         0.0000  VIRIAL  =         0.0000  VOLUME     =     31962.8057
                                                    Density    =         1.0148
 Ewald error estimate:   0.3687E-03
 ------------------------------------------------------------------------------


 NSTEP =    19500   TIME(PS) =      59.000  TEMP(K) =   297.94  PRESS =     0.0
 Etot   =    -11028.2660  EKtot   =      1924.2018  EPtot      =    -12952.4678
 BOND   =        11.4259  ANGLE   =        13.9163  DIHED      =        15.7405
 1-4 NB =        11.3835  1-4 EEL =      -604.6157  VDWAALS    =      2450.1128
 EELEC  =    -14861.3760  EHBOND  =         0.0000  RESTRAINT  =        10.9450
 EAMBER (non-restraint)  =    -12963.4128
 EKCMT  =         0.0000  VIRIAL  =         0.0000  VOLUME     =     31798.7428
                                                    Density    =         1.0201
 Ewald error estimate:   0.1195E-03
 ------------------------------------------------------------------------------


 NSTEP =    20000   TIME(PS) =      60.000  TEMP(K) =   292.85  PRESS =     0.0
 Etot   =    -10956.8647  EKtot   =      1891.3290  EPtot      =    -12848.1937
 BOND   =         6.6408  ANGLE   =        18.3025  DIHED      =        10.4921
 1-4 NB =        13.1540  1-4 EEL =      -601.2775  VDWAALS    =      2409.6472
 EELEC  =    -14715.2393  EHBOND  =         0.0000  RESTRAINT  =        10.0865
 EAMBER (non-restraint)  =    -12858.2802
 EKCMT  =         0.0000  VIRIAL  =         0.0000  VOLUME     =     31843.9879
                                                    Density    =         1.0186
 Ewald error estimate:   0.9525E-04
 ------------------------------------------------------------------------------


 NSTEP =    20500   TIME(PS) =      61.000  TEMP(K) =   293.73  PRESS =     0.0
 Etot   =    -10954.0498  EKtot   =      1897.0040  EPtot      =    -12851.0538
 BOND   =        11.6477  ANGLE   =        16.5990  DIHED      =        12.4811
 1-4 NB =        10.2713  1-4 EEL =      -599.2202  VDWAALS    =      2433.4090
 EELEC  =    -14744.9898  EHBOND  =         0.0000  RESTRAINT  =         8.7481
 EAMBER (non-restraint)  =    -12859.8019
 EKCMT  =         0.0000  VIRIAL  =         0.0000  VOLUME     =     32048.8774
                                                    Density    =         1.0121
 Ewald error estimate:   0.1971E-03
 ------------------------------------------------------------------------------


 NSTEP =    21000   TIME(PS) =      62.000  TEMP(K) =   293.11  PRESS =     0.0
 Etot   =    -10906.0477  EKtot   =      1893.0217  EPtot      =    -12799.0694
 BOND   =         4.8922  ANGLE   =        13.8803  DIHED      =        13.6376
 1-4 NB =        11.9471  1-4 EEL =      -610.8875  VDWAALS    =      2504.5724
 EELEC  =    -14747.8337  EHBOND  =         0.0000  RESTRAINT  =        10.7223
 EAMBER (non-restraint)  =    -12809.7917
 EKCMT  =         0.0000  VIRIAL  =         0.0000  VOLUME     =     32048.8774
                                                    Density    =         1.0121
 Ewald error estimate:   0.2999E-03
 ------------------------------------------------------------------------------


 NSTEP =    21500   TIME(PS) =      63.000  TEMP(K) =   305.78  PRESS =     0.0
 Etot   =    -10945.3371  EKtot   =      1974.8713  EPtot      =    -12920.2084
 BOND   =         8.8096  ANGLE   =        12.4660  DIHED      =        13.0466
 1-4 NB =        14.5846  1-4 EEL =      -614.2764  VDWAALS    =      2596.2390
 EELEC  =    -14960.5826  EHBOND  =         0.0000  RESTRAINT  =         9.5047
 EAMBER (non-restraint)  =    -12929.7131
 EKCMT  =         0.0000  VIRIAL  =         0.0000  VOLUME     =     31806.9621
                                                    Density    =         1.0198
 Ewald error estimate:   0.2177E-03
 ------------------------------------------------------------------------------


 NSTEP =    22000   TIME(PS) =      64.000  TEMP(K) =   303.92  PRESS =     0.0
 Etot   =    -10949.8443  EKtot   =      1962.8534  EPtot      =    -12912.6977
 BOND   =         5.2584  ANGLE   =        14.1917  DIHED      =        14.1042
 1-4 NB =        12.5172  1-4 EEL =      -604.0390  VDWAALS    =      2486.0218
 EELEC  =    -14848.3019  EHBOND  =         0.0000  RESTRAINT  =         7.5499
 EAMBER (non-restraint)  =    -12920.2475
 EKCMT  =         0.0000  VIRIAL  =         0.0000  VOLUME     =     31806.9621
                                                    Density    =         1.0198
 Ewald error estimate:   0.3780E-03
 ------------------------------------------------------------------------------


 NSTEP =    22500   TIME(PS) =      65.000  TEMP(K) =   292.58  PRESS =     0.0
 Etot   =    -10932.1977  EKtot   =      1889.5614  EPtot      =    -12821.7591
 BOND   =         7.9193  ANGLE   =        12.8159  DIHED      =        13.1190
 1-4 NB =        13.5392  1-4 EEL =      -602.1620  VDWAALS    =      2431.7556
 EELEC  =    -14706.5247  EHBOND  =         0.0000  RESTRAINT  =         7.7785
 EAMBER (non-restraint)  =    -12829.5376
 EKCMT  =         0.0000  VIRIAL  =         0.0000  VOLUME     =     32209.0079
                                                    Density    =         1.0071
 Ewald error estimate:   0.2539E-04
 ------------------------------------------------------------------------------


 NSTEP =    23000   TIME(PS) =      66.000  TEMP(K) =   306.81  PRESS =     0.0
 Etot   =    -10918.0997  EKtot   =      1981.4877  EPtot      =    -12899.5874
 BOND   =         7.7942  ANGLE   =        13.8380  DIHED      =        15.0079
 1-4 NB =        11.8363  1-4 EEL =      -597.8223  VDWAALS    =      2511.0946
 EELEC  =    -14868.4306  EHBOND  =         0.0000  RESTRAINT  =         7.0944
 EAMBER (non-restraint)  =    -12906.6818
 EKCMT  =         0.0000  VIRIAL  =         0.0000  VOLUME     =     31989.3738
                                                    Density    =         1.0140
 Ewald error estimate:   0.3578E-03
 ------------------------------------------------------------------------------


 NSTEP =    23500   TIME(PS) =      67.000  TEMP(K) =   295.44  PRESS =     0.0
 Etot   =    -10951.3125  EKtot   =      1908.0655  EPtot      =    -12859.3780
 BOND   =        10.6213  ANGLE   =        14.7180  DIHED      =        15.0898
 1-4 NB =        11.6997  1-4 EEL =      -609.0954  VDWAALS    =      2514.9284
 EELEC  =    -14824.4377  EHBOND  =         0.0000  RESTRAINT  =         7.0980
 EAMBER (non-restraint)  =    -12866.4759
 EKCMT  =         0.0000  VIRIAL  =         0.0000  VOLUME     =     31938.1599
                                                    Density    =         1.0156
 Ewald error estimate:   0.2867E-03
 ------------------------------------------------------------------------------


 NSTEP =    24000   TIME(PS) =      68.000  TEMP(K) =   299.65  PRESS =     0.0
 Etot   =    -10933.7051  EKtot   =      1935.2596  EPtot      =    -12868.9647
 BOND   =        11.3233  ANGLE   =        12.5843  DIHED      =        13.7664
 1-4 NB =        13.8968  1-4 EEL =      -616.0846  VDWAALS    =      2498.3823
 EELEC  =    -14810.0960  EHBOND  =         0.0000  RESTRAINT  =         7.2629
 EAMBER (non-restraint)  =    -12876.2276
 EKCMT  =         0.0000  VIRIAL  =         0.0000  VOLUME     =     32215.3636
                                                    Density    =         1.0069
 Ewald error estimate:   0.7290E-04
 ------------------------------------------------------------------------------


 NSTEP =    24500   TIME(PS) =      69.000  TEMP(K) =   289.41  PRESS =     0.0
 Etot   =    -10977.5947  EKtot   =      1869.1355  EPtot      =    -12846.7302
 BOND   =         8.5625  ANGLE   =        12.6254  DIHED      =        13.1197
 1-4 NB =        12.4834  1-4 EEL =      -605.3589  VDWAALS    =      2337.4275
 EELEC  =    -14633.8000  EHBOND  =         0.0000  RESTRAINT  =         8.2101
 EAMBER (non-restraint)  =    -12854.9403
 EKCMT  =         0.0000  VIRIAL  =         0.0000  VOLUME     =     32365.6628
                                                    Density    =         1.0022
 Ewald error estimate:   0.3333E-03
 ------------------------------------------------------------------------------


 NSTEP =    25000   TIME(PS) =      70.000  TEMP(K) =   298.60  PRESS =     0.0
 Etot   =    -10944.5106  EKtot   =      1928.4863  EPtot      =    -12872.9969
 BOND   =         7.5168  ANGLE   =        11.9381  DIHED      =        11.5132
 1-4 NB =        12.7209  1-4 EEL =      -606.4799  VDWAALS    =      2494.0343
 EELEC  =    -14810.5710  EHBOND  =         0.0000  RESTRAINT  =         6.3307
 EAMBER (non-restraint)  =    -12879.3276
 EKCMT  =         0.0000  VIRIAL  =         0.0000  VOLUME     =     32321.4318
                                                    Density    =         1.0036
 Ewald error estimate:   0.2477E-03
 ------------------------------------------------------------------------------


 NSTEP =    25500   TIME(PS) =      71.000  TEMP(K) =   300.45  PRESS =     0.0
 Etot   =    -10923.0566  EKtot   =      1940.4502  EPtot      =    -12863.5068
 BOND   =        11.0490  ANGLE   =        12.8926  DIHED      =        15.5785
 1-4 NB =        12.8673  1-4 EEL =      -609.2083  VDWAALS    =      2583.8448
 EELEC  =    -14898.4396  EHBOND  =         0.0000  RESTRAINT  =         7.9089
 EAMBER (non-restraint)  =    -12871.4156
 EKCMT  =         0.0000  VIRIAL  =         0.0000  VOLUME     =     32056.3899
                                                    Density    =         1.0119
 Ewald error estimate:   0.3070E-04
 ------------------------------------------------------------------------------


 NSTEP =    26000   TIME(PS) =      72.000  TEMP(K) =   300.70  PRESS =     0.0
 Etot   =    -10900.7632  EKtot   =      1942.0570  EPtot      =    -12842.8201
 BOND   =        11.6817  ANGLE   =        17.7053  DIHED      =        13.4464
 1-4 NB =        13.8682  1-4 EEL =      -612.0370  VDWAALS    =      2435.6143
 EELEC  =    -14733.2937  EHBOND  =         0.0000  RESTRAINT  =        10.1946
 EAMBER (non-restraint)  =    -12853.0148
 EKCMT  =         0.0000  VIRIAL  =         0.0000  VOLUME     =     32114.9534
                                                    Density    =         1.0100
 Ewald error estimate:   0.1920E-03
 ------------------------------------------------------------------------------


 NSTEP =    26500   TIME(PS) =      73.000  TEMP(K) =   302.33  PRESS =     0.0
 Etot   =    -10970.9056  EKtot   =      1952.5787  EPtot      =    -12923.4844
 BOND   =         8.9340  ANGLE   =        19.4782  DIHED      =        12.2893
 1-4 NB =        11.9457  1-4 EEL =      -601.9507  VDWAALS    =      2491.0616
 EELEC  =    -14873.5653  EHBOND  =         0.0000  RESTRAINT  =         8.3227
 EAMBER (non-restraint)  =    -12931.8071
 EKCMT  =         0.0000  VIRIAL  =         0.0000  VOLUME     =     32111.4502
                                                    Density    =         1.0101
 Ewald error estimate:   0.9731E-04
 ------------------------------------------------------------------------------


 NSTEP =    27000   TIME(PS) =      74.000  TEMP(K) =   298.61  PRESS =     0.0
 Etot   =    -10929.2269  EKtot   =      1928.5279  EPtot      =    -12857.7548
 BOND   =         7.0563  ANGLE   =        11.7998  DIHED      =        10.2563
 1-4 NB =        11.3593  1-4 EEL =      -603.4506  VDWAALS    =      2430.5590
 EELEC  =    -14733.1533  EHBOND  =         0.0000  RESTRAINT  =         7.8184
 EAMBER (non-restraint)  =    -12865.5733
 EKCMT  =         0.0000  VIRIAL  =         0.0000  VOLUME     =     32139.4453
                                                    Density    =         1.0092
 Ewald error estimate:   0.3091E-03
 ------------------------------------------------------------------------------


 NSTEP =    27500   TIME(PS) =      75.000  TEMP(K) =   299.23  PRESS =     0.0
 Etot   =    -10903.9485  EKtot   =      1932.5173  EPtot      =    -12836.4658
 BOND   =         7.6378  ANGLE   =         9.8883  DIHED      =        12.3117
 1-4 NB =        12.2241  1-4 EEL =      -606.3923  VDWAALS    =      2486.7545
 EELEC  =    -14765.0200  EHBOND  =         0.0000  RESTRAINT  =         6.1301
 EAMBER (non-restraint)  =    -12842.5959
 EKCMT  =         0.0000  VIRIAL  =         0.0000  VOLUME     =     32152.0372
                                                    Density    =         1.0088
 Ewald error estimate:   0.1607E-03
 ------------------------------------------------------------------------------


 NSTEP =    28000   TIME(PS) =      76.000  TEMP(K) =   297.35  PRESS =     0.0
 Etot   =    -10898.1881  EKtot   =      1920.4087  EPtot      =    -12818.5968
 BOND   =        10.5465  ANGLE   =        15.7606  DIHED      =        13.0162
 1-4 NB =        11.4506  1-4 EEL =      -605.2379  VDWAALS    =      2503.3346
 EELEC  =    -14775.7149  EHBOND  =         0.0000  RESTRAINT  =         8.2474
 EAMBER (non-restraint)  =    -12826.8443
 EKCMT  =         0.0000  VIRIAL  =         0.0000  VOLUME     =     32437.5317
                                                    Density    =         1.0000
 Ewald error estimate:   0.7265E-04
 ------------------------------------------------------------------------------


 NSTEP =    28500   TIME(PS) =      77.000  TEMP(K) =   299.73  PRESS =     0.0
 Etot   =    -10909.1858  EKtot   =      1935.7720  EPtot      =    -12844.9578
 BOND   =         4.4595  ANGLE   =        14.3823  DIHED      =         9.3271
 1-4 NB =        11.2982  1-4 EEL =      -598.0573  VDWAALS    =      2413.8038
 EELEC  =    -14708.7977  EHBOND  =         0.0000  RESTRAINT  =         8.6263
 EAMBER (non-restraint)  =    -12853.5841
 EKCMT  =         0.0000  VIRIAL  =         0.0000  VOLUME     =     32311.6317
                                                    Density    =         1.0039
 Ewald error estimate:   0.7343E-04
 ------------------------------------------------------------------------------


 NSTEP =    29000   TIME(PS) =      78.000  TEMP(K) =   295.16  PRESS =     0.0
 Etot   =    -10944.8153  EKtot   =      1906.2407  EPtot      =    -12851.0561
 BOND   =         4.8156  ANGLE   =        12.4548  DIHED      =        11.7095
 1-4 NB =        11.6333  1-4 EEL =      -601.0006  VDWAALS    =      2495.5733
 EELEC  =    -14791.8114  EHBOND  =         0.0000  RESTRAINT  =         5.5693
 EAMBER (non-restraint)  =    -12856.6254
 EKCMT  =         0.0000  VIRIAL  =         0.0000  VOLUME     =     32128.5008
                                                    Density    =         1.0096
 Ewald error estimate:   0.1740E-03
 ------------------------------------------------------------------------------


 NSTEP =    29500   TIME(PS) =      79.000  TEMP(K) =   293.70  PRESS =     0.0
 Etot   =    -10939.1723  EKtot   =      1896.8051  EPtot      =    -12835.9774
 BOND   =         7.6704  ANGLE   =        16.9367  DIHED      =        11.3988
 1-4 NB =        10.9242  1-4 EEL =      -603.2340  VDWAALS    =      2455.6174
 EELEC  =    -14744.9084  EHBOND  =         0.0000  RESTRAINT  =         9.6174
 EAMBER (non-restraint)  =    -12845.5949
 EKCMT  =         0.0000  VIRIAL  =         0.0000  VOLUME     =     31926.8529
                                                    Density    =         1.0160
 Ewald error estimate:   0.3013E-03
 ------------------------------------------------------------------------------


 NSTEP =    30000   TIME(PS) =      80.000  TEMP(K) =   296.17  PRESS =     0.0
 Etot   =    -10939.5919  EKtot   =      1912.7857  EPtot      =    -12852.3776
 BOND   =         9.8821  ANGLE   =        15.8566  DIHED      =        10.7691
 1-4 NB =        11.9330  1-4 EEL =      -600.7607  VDWAALS    =      2480.9881
 EELEC  =    -14789.7232  EHBOND  =         0.0000  RESTRAINT  =         8.6774
 EAMBER (non-restraint)  =    -12861.0550
 EKCMT  =         0.0000  VIRIAL  =         0.0000  VOLUME     =     31854.3954
                                                    Density    =         1.0183
 Ewald error estimate:   0.1396E-03
 ------------------------------------------------------------------------------


 NSTEP =    30500   TIME(PS) =      81.000  TEMP(K) =   292.58  PRESS =     0.0
 Etot   =    -11020.4196  EKtot   =      1889.5700  EPtot      =    -12909.9896
 BOND   =         6.8307  ANGLE   =        12.5242  DIHED      =        13.0605
 1-4 NB =        12.3412  1-4 EEL =      -607.8912  VDWAALS    =      2486.5786
 EELEC  =    -14840.0101  EHBOND  =         0.0000  RESTRAINT  =         6.5765
 EAMBER (non-restraint)  =    -12916.5661
 EKCMT  =         0.0000  VIRIAL  =         0.0000  VOLUME     =     31672.0034
                                                    Density    =         1.0241
 Ewald error estimate:   0.3568E-03
 ------------------------------------------------------------------------------


 NSTEP =    31000   TIME(PS) =      82.000  TEMP(K) =   303.39  PRESS =     0.0
 Etot   =    -11033.1142  EKtot   =      1959.3940  EPtot      =    -12992.5082
 BOND   =         5.3751  ANGLE   =        15.1704  DIHED      =        14.4760
 1-4 NB =        11.7547  1-4 EEL =      -604.8809  VDWAALS    =      2420.3105
 EELEC  =    -14861.0653  EHBOND  =         0.0000  RESTRAINT  =         6.3513
 EAMBER (non-restraint)  =    -12998.8595
 EKCMT  =         0.0000  VIRIAL  =         0.0000  VOLUME     =     31535.7501
                                                    Density    =         1.0286
 Ewald error estimate:   0.1648E-03
 ------------------------------------------------------------------------------


 NSTEP =    31500   TIME(PS) =      83.000  TEMP(K) =   293.56  PRESS =     0.0
 Etot   =    -11008.1270  EKtot   =      1895.9358  EPtot      =    -12904.0629
 BOND   =         9.1299  ANGLE   =        16.9867  DIHED      =        12.6350
 1-4 NB =        13.4038  1-4 EEL =      -608.2308  VDWAALS    =      2490.8939
 EELEC  =    -14849.5544  EHBOND  =         0.0000  RESTRAINT  =        10.6730
 EAMBER (non-restraint)  =    -12914.7359
 EKCMT  =         0.0000  VIRIAL  =         0.0000  VOLUME     =     32115.4118
                                                    Density    =         1.0100
 Ewald error estimate:   0.5425E-04
 ------------------------------------------------------------------------------


 NSTEP =    32000   TIME(PS) =      84.000  TEMP(K) =   296.92  PRESS =     0.0
 Etot   =    -11059.0553  EKtot   =      1917.6275  EPtot      =    -12976.6828
 BOND   =         8.4353  ANGLE   =        11.6744  DIHED      =        10.9777
 1-4 NB =        10.7691  1-4 EEL =      -602.1275  VDWAALS    =      2514.9520
 EELEC  =    -14944.1759  EHBOND  =         0.0000  RESTRAINT  =        12.8122
 EAMBER (non-restraint)  =    -12989.4950
 EKCMT  =         0.0000  VIRIAL  =         0.0000  VOLUME     =     32026.2294
                                                    Density    =         1.0128
 Ewald error estimate:   0.2617E-03
 ------------------------------------------------------------------------------


 NSTEP =    32500   TIME(PS) =      85.000  TEMP(K) =   294.04  PRESS =     0.0
 Etot   =    -11092.1608  EKtot   =      1899.0325  EPtot      =    -12991.1933
 BOND   =         3.6233  ANGLE   =        20.2467  DIHED      =         8.6590
 1-4 NB =        11.9307  1-4 EEL =      -599.7620  VDWAALS    =      2497.4461
 EELEC  =    -14940.5652  EHBOND  =         0.0000  RESTRAINT  =         7.2281
 EAMBER (non-restraint)  =    -12998.4215
 EKCMT  =         0.0000  VIRIAL  =         0.0000  VOLUME     =     31701.4191
                                                    Density    =         1.0232
 Ewald error estimate:   0.4808E-03
 ------------------------------------------------------------------------------


 NSTEP =    33000   TIME(PS) =      86.000  TEMP(K) =   288.27  PRESS =     0.0
 Etot   =    -11035.8863  EKtot   =      1861.7516  EPtot      =    -12897.6379
 BOND   =         8.3939  ANGLE   =        22.3830  DIHED      =        11.6086
 1-4 NB =        12.9549  1-4 EEL =      -606.9576  VDWAALS    =      2441.9483
 EELEC  =    -14793.2379  EHBOND  =         0.0000  RESTRAINT  =         5.2689
 EAMBER (non-restraint)  =    -12902.9068
 EKCMT  =         0.0000  VIRIAL  =         0.0000  VOLUME     =     31995.5116
                                                    Density    =         1.0138
 Ewald error estimate:   0.1407E-03
 ------------------------------------------------------------------------------


 NSTEP =    33500   TIME(PS) =      87.000  TEMP(K) =   290.30  PRESS =     0.0
 Etot   =    -10992.2636  EKtot   =      1874.8439  EPtot      =    -12867.1075
 BOND   =         5.2543  ANGLE   =        16.7946  DIHED      =        15.4274
 1-4 NB =        13.5909  1-4 EEL =      -605.7302  VDWAALS    =      2466.8207
 EELEC  =    -14788.7699  EHBOND  =         0.0000  RESTRAINT  =         9.5048
 EAMBER (non-restraint)  =    -12876.6123
 EKCMT  =         0.0000  VIRIAL  =         0.0000  VOLUME     =     31812.2020
                                                    Density    =         1.0196
 Ewald error estimate:   0.3802E-04
 ------------------------------------------------------------------------------


 NSTEP =    34000   TIME(PS) =      88.000  TEMP(K) =   291.97  PRESS =     0.0
 Etot   =    -10968.0781  EKtot   =      1885.6431  EPtot      =    -12853.7212
 BOND   =        14.3905  ANGLE   =        16.1727  DIHED      =        12.1678
 1-4 NB =        10.7713  1-4 EEL =      -603.4485  VDWAALS    =      2493.8978
 EELEC  =    -14803.8109  EHBOND  =         0.0000  RESTRAINT  =         6.1381
 EAMBER (non-restraint)  =    -12859.8592
 EKCMT  =         0.0000  VIRIAL  =         0.0000  VOLUME     =     31708.1859
                                                    Density    =         1.0230
 Ewald error estimate:   0.2798E-04
 ------------------------------------------------------------------------------


 NSTEP =    34500   TIME(PS) =      89.000  TEMP(K) =   301.93  PRESS =     0.0
 Etot   =    -10894.9162  EKtot   =      1949.9506  EPtot      =    -12844.8668
 BOND   =         3.8313  ANGLE   =        13.7352  DIHED      =        14.7285
 1-4 NB =        13.3137  1-4 EEL =      -606.2366  VDWAALS    =      2466.8696
 EELEC  =    -14762.5892  EHBOND  =         0.0000  RESTRAINT  =        11.4806
 EAMBER (non-restraint)  =    -12856.3474
 EKCMT  =         0.0000  VIRIAL  =         0.0000  VOLUME     =     31749.4862
                                                    Density    =         1.0216
 Ewald error estimate:   0.2215E-03
 ------------------------------------------------------------------------------


 NSTEP =    35000   TIME(PS) =      90.000  TEMP(K) =   300.60  PRESS =     0.0
 Etot   =    -10895.0114  EKtot   =      1941.3600  EPtot      =    -12836.3714
 BOND   =         9.9649  ANGLE   =        12.2870  DIHED      =        12.2416
 1-4 NB =        10.7482  1-4 EEL =      -600.7210  VDWAALS    =      2439.3959
 EELEC  =    -14728.7156  EHBOND  =         0.0000  RESTRAINT  =         8.4277
 EAMBER (non-restraint)  =    -12844.7991
 EKCMT  =         0.0000  VIRIAL  =         0.0000  VOLUME     =     32056.5474
                                                    Density    =         1.0119
 Ewald error estimate:   0.3150E-04
 ------------------------------------------------------------------------------


 NSTEP =    35500   TIME(PS) =      91.000  TEMP(K) =   297.91  PRESS =     0.0
 Etot   =    -10885.9414  EKtot   =      1923.9836  EPtot      =    -12809.9250
 BOND   =         8.1262  ANGLE   =        11.7633  DIHED      =        15.5648
 1-4 NB =        10.5351  1-4 EEL =      -599.4792  VDWAALS    =      2414.0649
 EELEC  =    -14678.4306  EHBOND  =         0.0000  RESTRAINT  =         7.9304
 EAMBER (non-restraint)  =    -12817.8555
 EKCMT  =         0.0000  VIRIAL  =         0.0000  VOLUME     =     32005.1356
                                                    Density    =         1.0135
 Ewald error estimate:   0.7347E-04
 ------------------------------------------------------------------------------


 NSTEP =    36000   TIME(PS) =      92.000  TEMP(K) =   298.73  PRESS =     0.0
 Etot   =    -10854.5046  EKtot   =      1929.2951  EPtot      =    -12783.7997
 BOND   =         8.4260  ANGLE   =        16.3797  DIHED      =        13.6724
 1-4 NB =        10.4929  1-4 EEL =      -603.2613  VDWAALS    =      2471.5226
 EELEC  =    -14707.8284  EHBOND  =         0.0000  RESTRAINT  =         6.7963
 EAMBER (non-restraint)  =    -12790.5960
 EKCMT  =         0.0000  VIRIAL  =         0.0000  VOLUME     =     32521.9594
                                                    Density    =         0.9974
 Ewald error estimate:   0.5047E-03
 ------------------------------------------------------------------------------


 NSTEP =    36500   TIME(PS) =      93.000  TEMP(K) =   296.74  PRESS =     0.0
 Etot   =    -10886.7877  EKtot   =      1916.4558  EPtot      =    -12803.2435
 BOND   =         6.3694  ANGLE   =        13.9090  DIHED      =        12.2171
 1-4 NB =        11.0478  1-4 EEL =      -603.7357  VDWAALS    =      2449.4945
 EELEC  =    -14703.6626  EHBOND  =         0.0000  RESTRAINT  =        11.1170
 EAMBER (non-restraint)  =    -12814.3605
 EKCMT  =         0.0000  VIRIAL  =         0.0000  VOLUME     =     32251.5934
                                                    Density    =         1.0057
 Ewald error estimate:   0.6887E-04
 ------------------------------------------------------------------------------


 NSTEP =    37000   TIME(PS) =      94.000  TEMP(K) =   301.38  PRESS =     0.0
 Etot   =    -10910.5504  EKtot   =      1946.4279  EPtot      =    -12856.9784
 BOND   =         9.6087  ANGLE   =        11.3598  DIHED      =        12.4971
 1-4 NB =        13.3288  1-4 EEL =      -604.6327  VDWAALS    =      2502.7557
 EELEC  =    -14808.5018  EHBOND  =         0.0000  RESTRAINT  =         6.6060
 EAMBER (non-restraint)  =    -12863.5844
 EKCMT  =         0.0000  VIRIAL  =         0.0000  VOLUME     =     32056.6504
                                                    Density    =         1.0119
 Ewald error estimate:   0.5112E-04
 ------------------------------------------------------------------------------


 NSTEP =    37500   TIME(PS) =      95.000  TEMP(K) =   295.67  PRESS =     0.0
 Etot   =    -10950.3219  EKtot   =      1909.5634  EPtot      =    -12859.8852
 BOND   =         4.8661  ANGLE   =        13.6580  DIHED      =        10.1179
 1-4 NB =        12.1997  1-4 EEL =      -604.2248  VDWAALS    =      2496.4857
 EELEC  =    -14801.8192  EHBOND  =         0.0000  RESTRAINT  =         8.8312
 EAMBER (non-restraint)  =    -12868.7165
 EKCMT  =         0.0000  VIRIAL  =         0.0000  VOLUME     =     32106.5347
                                                    Density    =         1.0103
 Ewald error estimate:   0.3922E-03
 ------------------------------------------------------------------------------


 NSTEP =    38000   TIME(PS) =      96.000  TEMP(K) =   293.99  PRESS =     0.0
 Etot   =    -10947.4490  EKtot   =      1898.6820  EPtot      =    -12846.1310
 BOND   =         3.2095  ANGLE   =        17.4097  DIHED      =         9.6551
 1-4 NB =        10.8720  1-4 EEL =      -598.1953  VDWAALS    =      2376.4930
 EELEC  =    -14672.8204  EHBOND  =         0.0000  RESTRAINT  =         7.2454
 EAMBER (non-restraint)  =    -12853.3764
 EKCMT  =         0.0000  VIRIAL  =         0.0000  VOLUME     =     32176.5812
                                                    Density    =         1.0081
 Ewald error estimate:   0.9868E-04
 ------------------------------------------------------------------------------


 NSTEP =    38500   TIME(PS) =      97.000  TEMP(K) =   306.41  PRESS =     0.0
 Etot   =    -10900.9111  EKtot   =      1978.9410  EPtot      =    -12879.8521
 BOND   =         5.5958  ANGLE   =        21.9047  DIHED      =        11.1468
 1-4 NB =        11.9906  1-4 EEL =      -603.1304  VDWAALS    =      2475.2089
 EELEC  =    -14810.0493  EHBOND  =         0.0000  RESTRAINT  =         7.4807
 EAMBER (non-restraint)  =    -12887.3328
 EKCMT  =         0.0000  VIRIAL  =         0.0000  VOLUME     =     32368.6724
                                                    Density    =         1.0021
 Ewald error estimate:   0.2115E-03
 ------------------------------------------------------------------------------


 NSTEP =    39000   TIME(PS) =      98.000  TEMP(K) =   287.51  PRESS =     0.0
 Etot   =    -10936.6168  EKtot   =      1856.8151  EPtot      =    -12793.4319
 BOND   =         8.7642  ANGLE   =        15.2383  DIHED      =        14.0236
 1-4 NB =        13.4799  1-4 EEL =      -605.7846  VDWAALS    =      2518.0843
 EELEC  =    -14767.8482  EHBOND  =         0.0000  RESTRAINT  =        10.6105
 EAMBER (non-restraint)  =    -12804.0424
 EKCMT  =         0.0000  VIRIAL  =         0.0000  VOLUME     =     32054.2491
                                                    Density    =         1.0119
 Ewald error estimate:   0.1617E-03
 ------------------------------------------------------------------------------


 NSTEP =    39500   TIME(PS) =      99.000  TEMP(K) =   291.68  PRESS =     0.0
 Etot   =    -11017.2073  EKtot   =      1883.7743  EPtot      =    -12900.9817
 BOND   =         5.0735  ANGLE   =        18.0309  DIHED      =        10.7981
 1-4 NB =        11.5123  1-4 EEL =      -600.4718  VDWAALS    =      2421.0979
 EELEC  =    -14775.9725  EHBOND  =         0.0000  RESTRAINT  =         8.9500
 EAMBER (non-restraint)  =    -12909.9317
 EKCMT  =         0.0000  VIRIAL  =         0.0000  VOLUME     =     32108.1284
                                                    Density    =         1.0102
 Ewald error estimate:   0.2450E-03
 ------------------------------------------------------------------------------


 NSTEP =    40000   TIME(PS) =     100.000  TEMP(K) =   294.62  PRESS =     0.0
 Etot   =    -10974.9181  EKtot   =      1902.7767  EPtot      =    -12877.6948
 BOND   =         6.3746  ANGLE   =        16.2531  DIHED      =        11.8520
 1-4 NB =        11.4875  1-4 EEL =      -600.3129  VDWAALS    =      2554.6210
 EELEC  =    -14884.5339  EHBOND  =         0.0000  RESTRAINT  =         6.5639
 EAMBER (non-restraint)  =    -12884.2587
 EKCMT  =         0.0000  VIRIAL  =         0.0000  VOLUME     =     32030.4886
                                                    Density    =         1.0127
 Ewald error estimate:   0.5021E-04
 ------------------------------------------------------------------------------


 NSTEP =    40500   TIME(PS) =     101.000  TEMP(K) =   295.50  PRESS =     0.0
 Etot   =    -10934.1869  EKtot   =      1908.4700  EPtot      =    -12842.6569
 BOND   =         7.8835  ANGLE   =        13.0646  DIHED      =        12.3939
 1-4 NB =        12.1549  1-4 EEL =      -605.5594  VDWAALS    =      2432.4846
 EELEC  =    -14720.9481  EHBOND  =         0.0000  RESTRAINT  =         5.8691
 EAMBER (non-restraint)  =    -12848.5260
 EKCMT  =         0.0000  VIRIAL  =         0.0000  VOLUME     =     31620.8639
                                                    Density    =         1.0258
 Ewald error estimate:   0.9974E-04
 ------------------------------------------------------------------------------


 NSTEP =    41000   TIME(PS) =     102.000  TEMP(K) =   302.19  PRESS =     0.0
 Etot   =    -10909.6967  EKtot   =      1951.6572  EPtot      =    -12861.3539
 BOND   =         7.0947  ANGLE   =        10.0004  DIHED      =        12.9368
 1-4 NB =        13.2115  1-4 EEL =      -610.7943  VDWAALS    =      2544.8274
 EELEC  =    -14848.6837  EHBOND  =         0.0000  RESTRAINT  =        10.0533
 EAMBER (non-restraint)  =    -12871.4072
 EKCMT  =         0.0000  VIRIAL  =         0.0000  VOLUME     =     31730.6011
                                                    Density    =         1.0222
 Ewald error estimate:   0.9954E-04
 ------------------------------------------------------------------------------


 NSTEP =    41500   TIME(PS) =     103.000  TEMP(K) =   291.47  PRESS =     0.0
 Etot   =    -10985.6020  EKtot   =      1882.4285  EPtot      =    -12868.0304
 BOND   =         5.5292  ANGLE   =        16.6564  DIHED      =        13.7063
 1-4 NB =        12.4917  1-4 EEL =      -608.0467  VDWAALS    =      2527.6934
 EELEC  =    -14846.1397  EHBOND  =         0.0000  RESTRAINT  =        10.0791
 EAMBER (non-restraint)  =    -12878.1095
 EKCMT  =         0.0000  VIRIAL  =         0.0000  VOLUME     =     31591.8380
                                                    Density    =         1.0267
 Ewald error estimate:   0.3967E-03
 ------------------------------------------------------------------------------


 NSTEP =    42000   TIME(PS) =     104.000  TEMP(K) =   299.50  PRESS =     0.0
 Etot   =    -10955.9037  EKtot   =      1934.2753  EPtot      =    -12890.1790
 BOND   =         4.4308  ANGLE   =        15.5014  DIHED      =        12.6615
 1-4 NB =        11.3691  1-4 EEL =      -600.3885  VDWAALS    =      2487.9243
 EELEC  =    -14830.1285  EHBOND  =         0.0000  RESTRAINT  =         8.4508
 EAMBER (non-restraint)  =    -12898.6298
 EKCMT  =         0.0000  VIRIAL  =         0.0000  VOLUME     =     31968.5292
                                                    Density    =         1.0146
 Ewald error estimate:   0.2434E-03
 ------------------------------------------------------------------------------


 NSTEP =    42500   TIME(PS) =     105.000  TEMP(K) =   294.90  PRESS =     0.0
 Etot   =    -10986.8517  EKtot   =      1904.5685  EPtot      =    -12891.4202
 BOND   =         5.2769  ANGLE   =        12.3902  DIHED      =         9.5510
 1-4 NB =        11.8586  1-4 EEL =      -599.9699  VDWAALS    =      2489.5311
 EELEC  =    -14825.4313  EHBOND  =         0.0000  RESTRAINT  =         5.3732
 EAMBER (non-restraint)  =    -12896.7934
 EKCMT  =         0.0000  VIRIAL  =         0.0000  VOLUME     =     31955.0094
                                                    Density    =         1.0151
 Ewald error estimate:   0.2645E-03
 ------------------------------------------------------------------------------


 NSTEP =    43000   TIME(PS) =     106.000  TEMP(K) =   294.20  PRESS =     0.0
 Etot   =    -10972.3537  EKtot   =      1900.0222  EPtot      =    -12872.3759
 BOND   =         8.1474  ANGLE   =        14.2656  DIHED      =        12.9996
 1-4 NB =        12.6380  1-4 EEL =      -603.3597  VDWAALS    =      2527.7018
 EELEC  =    -14850.4593  EHBOND  =         0.0000  RESTRAINT  =         5.6907
 EAMBER (non-restraint)  =    -12878.0666
 EKCMT  =         0.0000  VIRIAL  =         0.0000  VOLUME     =     32328.9225
                                                    Density    =         1.0033
 Ewald error estimate:   0.2430E-03
 ------------------------------------------------------------------------------


 NSTEP =    43500   TIME(PS) =     107.000  TEMP(K) =   296.16  PRESS =     0.0
 Etot   =    -10998.3087  EKtot   =      1912.7131  EPtot      =    -12911.0218
 BOND   =         4.1042  ANGLE   =        11.4332  DIHED      =        12.5799
 1-4 NB =        12.0576  1-4 EEL =      -603.4863  VDWAALS    =      2491.9970
 EELEC  =    -14847.4244  EHBOND  =         0.0000  RESTRAINT  =         7.7170
 EAMBER (non-restraint)  =    -12918.7388
 EKCMT  =         0.0000  VIRIAL  =         0.0000  VOLUME     =     32306.3212
                                                    Density    =         1.0040
 Ewald error estimate:   0.1206E-03
 ------------------------------------------------------------------------------


 NSTEP =    44000   TIME(PS) =     108.000  TEMP(K) =   298.82  PRESS =     0.0
 Etot   =    -10974.5399  EKtot   =      1929.8682  EPtot      =    -12904.4080
 BOND   =         5.5888  ANGLE   =        16.1303  DIHED      =        15.0574
 1-4 NB =        10.5962  1-4 EEL =      -603.8051  VDWAALS    =      2508.1979
 EELEC  =    -14863.2493  EHBOND  =         0.0000  RESTRAINT  =         7.0760
 EAMBER (non-restraint)  =    -12911.4840
 EKCMT  =         0.0000  VIRIAL  =         0.0000  VOLUME     =     32383.5199
                                                    Density    =         1.0016
 Ewald error estimate:   0.6653E-03
 ------------------------------------------------------------------------------


 NSTEP =    44500   TIME(PS) =     109.000  TEMP(K) =   291.66  PRESS =     0.0
 Etot   =    -11051.3107  EKtot   =      1883.6257  EPtot      =    -12934.9364
 BOND   =         6.5865  ANGLE   =        14.1315  DIHED      =        12.6025
 1-4 NB =        10.2332  1-4 EEL =      -598.3805  VDWAALS    =      2447.9417
 EELEC  =    -14841.3279  EHBOND  =         0.0000  RESTRAINT  =        13.2766
 EAMBER (non-restraint)  =    -12948.2130
 EKCMT  =         0.0000  VIRIAL  =         0.0000  VOLUME     =     32155.4921
                                                    Density    =         1.0087
 Ewald error estimate:   0.1075E-03
 ------------------------------------------------------------------------------


 NSTEP =    45000   TIME(PS) =     110.000  TEMP(K) =   303.41  PRESS =     0.0
 Etot   =    -10991.9841  EKtot   =      1959.5609  EPtot      =    -12951.5450
 BOND   =         5.9071  ANGLE   =        15.4856  DIHED      =        14.1375
 1-4 NB =        12.5169  1-4 EEL =      -603.9517  VDWAALS    =      2552.9073
 EELEC  =    -14957.8628  EHBOND  =         0.0000  RESTRAINT  =         9.3152
 EAMBER (non-restraint)  =    -12960.8601
 EKCMT  =         0.0000  VIRIAL  =         0.0000  VOLUME     =     32289.7703
                                                    Density    =         1.0045
 Ewald error estimate:   0.5063E-04
 ------------------------------------------------------------------------------


 NSTEP =    45500   TIME(PS) =     111.000  TEMP(K) =   302.92  PRESS =     0.0
 Etot   =    -10910.9502  EKtot   =      1956.3657  EPtot      =    -12867.3158
 BOND   =         6.4771  ANGLE   =        15.2194  DIHED      =        12.0370
 1-4 NB =        13.1682  1-4 EEL =      -604.5087  VDWAALS    =      2409.5337
 EELEC  =    -14725.7576  EHBOND  =         0.0000  RESTRAINT  =         6.5150
 EAMBER (non-restraint)  =    -12873.8308
 EKCMT  =         0.0000  VIRIAL  =         0.0000  VOLUME     =     32292.4489
                                                    Density    =         1.0045
 Ewald error estimate:   0.1638E-03
 ------------------------------------------------------------------------------


 NSTEP =    46000   TIME(PS) =     112.000  TEMP(K) =   297.37  PRESS =     0.0
 Etot   =    -10931.6916  EKtot   =      1920.5250  EPtot      =    -12852.2166
 BOND   =         6.5734  ANGLE   =        17.5078  DIHED      =        14.2591
 1-4 NB =        14.1380  1-4 EEL =      -608.4315  VDWAALS    =      2407.3910
 EELEC  =    -14715.6350  EHBOND  =         0.0000  RESTRAINT  =        11.9805
 EAMBER (non-restraint)  =    -12864.1971
 EKCMT  =         0.0000  VIRIAL  =         0.0000  VOLUME     =     32276.2596
                                                    Density    =         1.0050
 Ewald error estimate:   0.5440E-04
 ------------------------------------------------------------------------------


 NSTEP =    46500   TIME(PS) =     113.000  TEMP(K) =   298.11  PRESS =     0.0
 Etot   =    -10917.5658  EKtot   =      1925.2886  EPtot      =    -12842.8544
 BOND   =         6.3621  ANGLE   =        13.0435  DIHED      =        12.4207
 1-4 NB =        12.3131  1-4 EEL =      -606.6871  VDWAALS    =      2440.5495
 EELEC  =    -14731.5188  EHBOND  =         0.0000  RESTRAINT  =        10.6627
 EAMBER (non-restraint)  =    -12853.5171
 EKCMT  =         0.0000  VIRIAL  =         0.0000  VOLUME     =     32119.0121
                                                    Density    =         1.0099
 Ewald error estimate:   0.1464E-03
 ------------------------------------------------------------------------------


 NSTEP =    47000   TIME(PS) =     114.000  TEMP(K) =   301.33  PRESS =     0.0
 Etot   =    -10917.8761  EKtot   =      1946.0797  EPtot      =    -12863.9558
 BOND   =         6.9088  ANGLE   =        15.7759  DIHED      =        15.4616
 1-4 NB =        14.7944  1-4 EEL =      -610.2868  VDWAALS    =      2520.6760
 EELEC  =    -14834.6857  EHBOND  =         0.0000  RESTRAINT  =         7.4000
 EAMBER (non-restraint)  =    -12871.3558
 EKCMT  =         0.0000  VIRIAL  =         0.0000  VOLUME     =     32140.5591
                                                    Density    =         1.0092
 Ewald error estimate:   0.6398E-04
 ------------------------------------------------------------------------------


 NSTEP =    47500   TIME(PS) =     115.000  TEMP(K) =   300.45  PRESS =     0.0
 Etot   =    -10950.4146  EKtot   =      1940.3956  EPtot      =    -12890.8103
 BOND   =         6.5313  ANGLE   =        17.5870  DIHED      =        12.8017
 1-4 NB =        11.4701  1-4 EEL =      -606.0553  VDWAALS    =      2411.6073
 EELEC  =    -14753.3468  EHBOND  =         0.0000  RESTRAINT  =         8.5944
 EAMBER (non-restraint)  =    -12899.4047
 EKCMT  =         0.0000  VIRIAL  =         0.0000  VOLUME     =     32106.4535
                                                    Density    =         1.0103
 Ewald error estimate:   0.1300E-03
 ------------------------------------------------------------------------------


 NSTEP =    48000   TIME(PS) =     116.000  TEMP(K) =   297.86  PRESS =     0.0
 Etot   =    -10873.3754  EKtot   =      1923.7172  EPtot      =    -12797.0926
 BOND   =         7.5780  ANGLE   =         9.5159  DIHED      =        11.8301
 1-4 NB =        12.8025  1-4 EEL =      -605.9297  VDWAALS    =      2400.7749
 EELEC  =    -14642.5691  EHBOND  =         0.0000  RESTRAINT  =         8.9048
 EAMBER (non-restraint)  =    -12805.9973
 EKCMT  =         0.0000  VIRIAL  =         0.0000  VOLUME     =     31702.7038
                                                    Density    =         1.0231
 Ewald error estimate:   0.4126E-04
 ------------------------------------------------------------------------------


 NSTEP =    48500   TIME(PS) =     117.000  TEMP(K) =   290.90  PRESS =     0.0
 Etot   =    -10841.2800  EKtot   =      1878.7698  EPtot      =    -12720.0498
 BOND   =         6.0184  ANGLE   =        12.0405  DIHED      =        12.6053
 1-4 NB =        12.9863  1-4 EEL =      -606.8591  VDWAALS    =      2379.2535
 EELEC  =    -14543.3680  EHBOND  =         0.0000  RESTRAINT  =         7.2733
 EAMBER (non-restraint)  =    -12727.3231
 EKCMT  =         0.0000  VIRIAL  =         0.0000  VOLUME     =     31716.3091
                                                    Density    =         1.0227
 Ewald error estimate:   0.2270E-03
 ------------------------------------------------------------------------------


 NSTEP =    49000   TIME(PS) =     118.000  TEMP(K) =   302.66  PRESS =     0.0
 Etot   =    -10824.9006  EKtot   =      1954.6767  EPtot      =    -12779.5774
 BOND   =         8.2651  ANGLE   =        13.2593  DIHED      =        12.2490
 1-4 NB =        12.8326  1-4 EEL =      -606.4497  VDWAALS    =      2449.6163
 EELEC  =    -14674.0404  EHBOND  =         0.0000  RESTRAINT  =         4.6905
 EAMBER (non-restraint)  =    -12784.2679
 EKCMT  =         0.0000  VIRIAL  =         0.0000  VOLUME     =     31716.3091
                                                    Density    =         1.0227
 Ewald error estimate:   0.6328E-04
 ------------------------------------------------------------------------------


 NSTEP =    49500   TIME(PS) =     119.000  TEMP(K) =   292.05  PRESS =     0.0
 Etot   =    -10915.2165  EKtot   =      1886.1821  EPtot      =    -12801.3986
 BOND   =         9.2282  ANGLE   =        13.7480  DIHED      =        12.4709
 1-4 NB =        11.0242  1-4 EEL =      -604.1625  VDWAALS    =      2507.2988
 EELEC  =    -14759.2881  EHBOND  =         0.0000  RESTRAINT  =         8.2819
 EAMBER (non-restraint)  =    -12809.6805
 EKCMT  =         0.0000  VIRIAL  =         0.0000  VOLUME     =     31780.5135
                                                    Density    =         1.0206
 Ewald error estimate:   0.3073E-03
 ------------------------------------------------------------------------------


 NSTEP =    50000   TIME(PS) =     120.000  TEMP(K) =   297.03  PRESS =     0.0
 Etot   =    -10904.9239  EKtot   =      1918.3144  EPtot      =    -12823.2383
 BOND   =         3.2234  ANGLE   =        13.0905  DIHED      =        12.2930
 1-4 NB =        10.9326  1-4 EEL =      -601.3546  VDWAALS    =      2499.3381
 EELEC  =    -14768.2874  EHBOND  =         0.0000  RESTRAINT  =         7.5260
 EAMBER (non-restraint)  =    -12830.7643
 EKCMT  =         0.0000  VIRIAL  =         0.0000  VOLUME     =     31729.7031
                                                    Density    =         1.0223
 Ewald error estimate:   0.5799E-04
 ------------------------------------------------------------------------------


      A V E R A G E S   O V E R     100 S T E P S


 NSTEP =    50000   TIME(PS) =     120.000  TEMP(K) =   297.33  PRESS =     0.0
 Etot   =    -10929.0277  EKtot   =      1920.2701  EPtot      =    -12849.2978
 BOND   =         7.2449  ANGLE   =        14.5751  DIHED      =        12.6262
 1-4 NB =        12.0827  1-4 EEL =      -604.5269  VDWAALS    =      2474.8970
 EELEC  =    -14774.6785  EHBOND  =         0.0000  RESTRAINT  =         8.4817
 EAMBER (non-restraint)  =    -12857.7795
 EKCMT  =         0.0000  VIRIAL  =         0.0000  VOLUME     =     32254.5873
                                                    Density    =         1.0060
 Ewald error estimate:   0.1798E-03
 ------------------------------------------------------------------------------


      R M S  F L U C T U A T I O N S


 NSTEP =    50000   TIME(PS) =     120.000  TEMP(K) =     4.71  PRESS =     0.0
 Etot   =        69.3341  EKtot   =        30.4207  EPtot      =        65.0468
 BOND   =         2.2136  ANGLE   =         2.7091  DIHED      =         1.6354
 1-4 NB =         1.0896  1-4 EEL =         3.6824  VDWAALS    =        56.4243
 EELEC  =        93.1681  EHBOND  =         0.0000  RESTRAINT  =         1.8862
 EAMBER (non-restraint)  =        63.1605
 EKCMT  =         0.0000  VIRIAL  =         0.0000  VOLUME     =       655.6678
                                                    Density    =         0.0192
 Ewald error estimate:   0.1403E-03
 ------------------------------------------------------------------------------

| MC Barostat:        500 volume changes attempted.
| MC Barostat:        230 changes successful ( 46.00%)
 ------------------------------------------------------------------------------

--------------------------------------------------------------------------------
   5.  TIMINGS
--------------------------------------------------------------------------------

|  NonSetup CPU Time in Major Routines, Average for All Tasks:
|
|     Routine           Sec        %
|     ------------------------------
|     DataDistrib       9.51    9.20
|     Nonbond          88.38   85.49
|     Bond              0.13    0.13
|     Angle             0.16    0.15
|     Dihedral          0.21    0.20
|     Shake             0.60    0.58
|     RunMD             4.20    4.06
|     Other             0.19    0.18
|     ------------------------------
|     Total           103.39

|  PME Nonbond Pairlist CPU Time, Average for All Tasks:
|
|     Routine              Sec        %
|     ---------------------------------
|     Set Up Cit           0.28    0.28
|     Build List          10.44   10.10
|     ---------------------------------
|     Total               10.73   10.38

|  PME Direct Force CPU Time, Average for All Tasks:
|
|     Routine              Sec        %
|     ---------------------------------
|     NonBonded Calc      61.14   59.13
|     Exclude Masked       0.67    0.65
|     Other                2.41    2.33
|     ---------------------------------
|     Total               64.22   62.12

|  PME Reciprocal Force CPU Time, Average for All Tasks:
|
|     Routine              Sec        %
|     ---------------------------------
|     1D bspline           1.11    1.07
|     Grid Charges         1.21    1.17
|     Scalar Sum           1.16    1.12
|     Gradient Sum         2.11    2.04
|     FFT                  7.55    7.30
|     ---------------------------------
|     Total               13.14   12.71

|  PME Load Balancing CPU Time, Average for All Tasks:
|
|     Routine                 Sec        %
|     ------------------------------------
|     Atom Reassign           0.00    0.00
|     Image Reassign          0.00    0.00
|     FFT Reassign            0.00    0.00
|     ------------------------------------
|     Total                   0.01    0.01

|  Final Performance Info:
|     -----------------------------------------------------
|     Average timings for last   20500 steps:
|     Elapsed(s) =      42.64 Per Step(ms) =       2.08
|         ns/day =      83.08   seconds/ns =    1039.98
|
|     Average timings for all steps:
|     Elapsed(s) =     103.46 Per Step(ms) =       2.07
|         ns/day =      83.51   seconds/ns =    1034.56
|     -----------------------------------------------------

|  Master Setup CPU time:            0.03 seconds
|  Master NonSetup CPU time:       103.05 seconds
|  Master Total CPU time:          103.08 seconds     0.03 hours

|  Master Setup wall time:           0    seconds
|  Master NonSetup wall time:      104    seconds
|  Master Total wall time:         104    seconds     0.03 hours
