
          -------------------------------------------------------
          Amber 18 PMEMD                              2018
          -------------------------------------------------------

| PMEMD implementation of SANDER, Release 18

| Run on 03/09/2022 at 01:02:52

|   Executable path: pmemd.MPI
| Working directory: /bgfs/lchong/dty7/ff15ipq-lig/charges/v00/GenConformers/Conf17
|          Hostname: smp-n123

  [-O]verwriting output

File Assignments:
|   MDIN: ../../../amber/6.2_eq1.in                                             
|  MDOUT: 6.2_eq1.out                                                           
| INPCRD: 6.1_min.rst                                                           
|   PARM: ../../mon.top                                                         
| RESTRT: 6.2_eq1.rst                                                           
|   REFC: 6.1_min.rst                                                           
|  MDVEL: mdvel                                                                 
|   MDEN: mden                                                                  
|  MDCRD: mdcrd                                                                 
| MDINFO: mdinfo                                                                
|LOGFILE: logfile                                                               
|  MDFRC: mdfrc                                                                 

 
 Here is the input file:
 
&cntrl                                                                         
  imin      = 0,                                                               
  irest     = 0,                                                               
  ntx       = 1,                                                               
  ig        = -1,                                                              
  dt        = 0.002,                                                           
  nstlim    = 10000,                                                           
  nscm      = 500,                                                             
  ntr       = 1,                                                               
  restraintmask = ':1',                                                        
  restraint_wt  = 10.0,                                                        
  ntb       = 1,                                                               
  ntp       = 0,                                                               
  ntt       = 3,                                                               
  tempi     = 298.0,                                                           
  temp0     = 298.0,                                                           
  gamma_ln  = 1.0,                                                             
  ntf       = 2,                                                               
  ntc       = 2,                                                               
  cut       = 10.0,                                                            
  ntpr      = 500,                                                             
  ntxo      = 2,                                                               
  ntwr      = 10000,                                                           
  ioutfm    = 1,                                                               
  ntwx      = 500,                                                             
  iwrap     = 1,                                                               
&end                                                                           


Note: ig = -1. Setting random seed to   602061 based on wallclock time in
      microseconds and disabling the synchronization of random numbers 
      between tasks to improve performance.
| irandom = 1, using AMBER's internal random number generator (default).
 
 
| Conditional Compilation Defines Used:
| MPI
| FFTW_FFT
| BINTRAJ
| MKL
| EMIL
 
| Largest sphere to fit in unit cell has radius =    14.840

| New format PARM file being parsed.
| Version =    1.000 Date = 03/08/22 Time = 18:50:46

| Note: 1-4 EEL scale factors are being read from the topology file.

| Note: 1-4 VDW scale factors are being read from the topology file.
| Duplicated    0 dihedrals

| Duplicated    0 dihedrals

--------------------------------------------------------------------------------
   1.  RESOURCE   USE: 
--------------------------------------------------------------------------------

 getting box info from netcdf restart file
 NATOM  =    3240 NTYPES =      14 NBONH =    3220 MBONA  =      21
 NTHETH =      33 MTHETA =      29 NPHIH =      58 MPHIA  =      46
 NHPARM =       0 NPARM  =       0 NNB   =    4456 NRES   =    1069
 NBONA  =      21 NTHETA =      29 NPHIA =      46 NUMBND =      22
 NUMANG =      35 NPTRA  =      22 NATYP =      17 NPHB   =       1
 IFBOX  =       2 NMXRS  =      36 IFCAP =       0 NEXTRA =       0
 NCOPY  =       0

| Coordinate Index Table dimensions:     5    5    5
| Direct force subcell size =     7.2703    7.2703    7.2703

     BOX TYPE: TRUNCATED OCTAHEDRON

--------------------------------------------------------------------------------
   2.  CONTROL  DATA  FOR  THE  RUN
--------------------------------------------------------------------------------

MON                                                                             

General flags:
     imin    =       0, nmropt  =       0

Nature and format of input:
     ntx     =       1, irest   =       0, ntrx    =       1

Nature and format of output:
     ntxo    =       2, ntpr    =     500, ntrx    =       1, ntwr    =   10000
     iwrap   =       1, ntwx    =     500, ntwv    =       0, ntwe    =       0
     ioutfm  =       1, ntwprt  =       0, idecomp =       0, rbornstat=      0

Potential function:
     ntf     =       2, ntb     =       1, igb     =       0, nsnb    =      25
     ipol    =       0, gbsa    =       0, iesp    =       0
     dielc   =   1.00000, cut     =  10.00000, intdiel =   1.00000

Frozen or restrained atoms:
     ibelly  =       0, ntr     =       1
     restraint_wt =  10.00000

Molecular dynamics:
     nstlim  =     10000, nscm    =         0, nrespa  =         1
     t       =   0.00000, dt      =   0.00200, vlimit  =  20.00000

Langevin dynamics temperature regulation:
     ig      =  602061
     temp0   = 298.00000, tempi   = 298.00000, gamma_ln=   1.00000

SHAKE:
     ntc     =       2, jfastw  =       0
     tol     =   0.00001

| Intermolecular bonds treatment:
|     no_intermolecular_bonds =       1

| Energy averages sample interval:
|     ene_avg_sampling =     500

Ewald parameters:
     verbose =       0, ew_type =       0, nbflag  =       1, use_pme =       1
     vdwmeth =       1, eedmeth =       1, netfrc  =       1
     Box X =   36.352   Box Y =   36.352   Box Z =   36.352
     Alpha =  109.471   Beta  =  109.471   Gamma =  109.471
     NFFT1 =   40       NFFT2 =   40       NFFT3 =   40
     Cutoff=   10.000   Tol   =0.100E-04
     Ewald Coefficient =  0.27511
     Interpolation order =    4

| PMEMD ewald parallel performance parameters:
|     block_fft =    0
|     fft_blk_y_divisor =    2
|     excl_recip =    0
|     excl_master =    0
|     atm_redist_freq =  320

    LOADING THE CONSTRAINED ATOMS AS GROUPS


   5.  REFERENCE ATOM COORDINATES

  MON                                                                             
     Mask :1; matches    36 atoms

--------------------------------------------------------------------------------
   3.  ATOMIC COORDINATES AND VELOCITIES
--------------------------------------------------------------------------------

MON                                                                             
 begin time read from input coords =     0.000 ps

 
 Number of triangulated 3-point waters found:     1068

     Sum of charges from parm topology file =  -0.00200217
     Forcing neutrality...

| Dynamic Memory, Types Used:
| Reals             1198095
| Integers           209519

| Nonbonded Pairs Initial Allocation:      317358

| Running AMBER/MPI version on    8 MPI task

 
--------------------------------------------------------------------------------
   4.  RESULTS
--------------------------------------------------------------------------------

 ---------------------------------------------------
 APPROXIMATING switch and d/dx switch using CUBIC SPLINE INTERPOLATION
 using   5000.0 points per unit in tabled values
 TESTING RELATIVE ERROR over r ranging from 0.0 to cutoff
| CHECK switch(x): max rel err =   0.3316E-14   at   2.351880
| CHECK d/dx switch(x): max rel err =   0.8066E-11   at   2.747240
 ---------------------------------------------------
|---------------------------------------------------
| APPROXIMATING direct energy using CUBIC SPLINE INTERPOLATION
|  with   50.0 points per unit in tabled values
| Relative Error Limit not exceeded for r .gt.   2.34
| APPROXIMATING direct force using CUBIC SPLINE INTERPOLATION
|  with   50.0 points per unit in tabled values
| Relative Error Limit not exceeded for r .gt.   2.81
|---------------------------------------------------

 NSTEP =        0   TIME(PS) =       0.000  TEMP(K) =   453.06  PRESS =     0.0
 Etot   =    -14505.2586  EKtot   =      2926.0427  EPtot      =    -17431.3014
 BOND   =         1.3018  ANGLE   =         7.1131  DIHED      =        10.1898
 1-4 NB =        12.3999  1-4 EEL =      -246.7259  VDWAALS    =      3698.0134
 EELEC  =    -20913.5935  EHBOND  =         0.0000  RESTRAINT  =         0.0000
 Ewald error estimate:   0.1645E-04
 ------------------------------------------------------------------------------

wrapping first mol.:       12.11721       17.13632       29.68098

 NSTEP =      500   TIME(PS) =       1.000  TEMP(K) =   235.98  PRESS =     0.0
 Etot   =    -11369.9614  EKtot   =      1524.0279  EPtot      =    -12893.9893
 BOND   =        10.2886  ANGLE   =        16.6531  DIHED      =        13.9851
 1-4 NB =        13.9105  1-4 EEL =      -247.9139  VDWAALS    =      2488.9881
 EELEC  =    -15197.8389  EHBOND  =         0.0000  RESTRAINT  =         7.9380
 EAMBER (non-restraint)  =    -12901.9274
 Ewald error estimate:   0.8516E-05
 ------------------------------------------------------------------------------

wrapping first mol.:       12.11721       17.13632       29.68098

 NSTEP =     1000   TIME(PS) =       2.000  TEMP(K) =   264.90  PRESS =     0.0
 Etot   =    -10911.8693  EKtot   =      1710.8077  EPtot      =    -12622.6771
 BOND   =         7.6577  ANGLE   =        17.5969  DIHED      =        14.3381
 1-4 NB =        12.2830  1-4 EEL =      -248.4846  VDWAALS    =      2382.3258
 EELEC  =    -14816.8543  EHBOND  =         0.0000  RESTRAINT  =         8.4603
 EAMBER (non-restraint)  =    -12631.1374
 Ewald error estimate:   0.3665E-03
 ------------------------------------------------------------------------------

wrapping first mol.:       12.11721       17.13632       29.68098

 NSTEP =     1500   TIME(PS) =       3.000  TEMP(K) =   285.01  PRESS =     0.0
 Etot   =    -10777.4051  EKtot   =      1840.7091  EPtot      =    -12618.1142
 BOND   =         5.2196  ANGLE   =        20.0141  DIHED      =        11.9554
 1-4 NB =        13.1995  1-4 EEL =      -247.8729  VDWAALS    =      2338.1439
 EELEC  =    -14765.6554  EHBOND  =         0.0000  RESTRAINT  =         6.8816
 EAMBER (non-restraint)  =    -12624.9958
 Ewald error estimate:   0.8176E-04
 ------------------------------------------------------------------------------

wrapping first mol.:       12.11721       17.13632       29.68098

 NSTEP =     2000   TIME(PS) =       4.000  TEMP(K) =   293.82  PRESS =     0.0
 Etot   =    -10625.9345  EKtot   =      1897.5918  EPtot      =    -12523.5263
 BOND   =         4.9258  ANGLE   =        16.4356  DIHED      =        13.4525
 1-4 NB =        12.0024  1-4 EEL =      -245.7051  VDWAALS    =      2403.1514
 EELEC  =    -14733.6537  EHBOND  =         0.0000  RESTRAINT  =         5.8649
 EAMBER (non-restraint)  =    -12529.3912
 Ewald error estimate:   0.1821E-03
 ------------------------------------------------------------------------------

wrapping first mol.:       12.11721       17.13632       29.68098

 NSTEP =     2500   TIME(PS) =       5.000  TEMP(K) =   292.59  PRESS =     0.0
 Etot   =    -10590.8820  EKtot   =      1889.6398  EPtot      =    -12480.5218
 BOND   =         6.1771  ANGLE   =        18.0558  DIHED      =        14.3190
 1-4 NB =        12.9797  1-4 EEL =      -249.6265  VDWAALS    =      2305.6113
 EELEC  =    -14597.6414  EHBOND  =         0.0000  RESTRAINT  =         9.6033
 EAMBER (non-restraint)  =    -12490.1251
 Ewald error estimate:   0.3705E-03
 ------------------------------------------------------------------------------

wrapping first mol.:       12.11721       17.13632       29.68098

 NSTEP =     3000   TIME(PS) =       6.000  TEMP(K) =   300.59  PRESS =     0.0
 Etot   =    -10489.4713  EKtot   =      1941.3053  EPtot      =    -12430.7766
 BOND   =         7.2976  ANGLE   =        16.1087  DIHED      =        12.1832
 1-4 NB =        13.9998  1-4 EEL =      -246.0435  VDWAALS    =      2344.3127
 EELEC  =    -14584.0759  EHBOND  =         0.0000  RESTRAINT  =         5.4409
 EAMBER (non-restraint)  =    -12436.2175
 Ewald error estimate:   0.3026E-03
 ------------------------------------------------------------------------------

wrapping first mol.:       12.11721       17.13632       29.68098

 NSTEP =     3500   TIME(PS) =       7.000  TEMP(K) =   301.65  PRESS =     0.0
 Etot   =    -10387.0420  EKtot   =      1948.1547  EPtot      =    -12335.1968
 BOND   =         7.4945  ANGLE   =        14.6702  DIHED      =        15.1211
 1-4 NB =        11.7310  1-4 EEL =      -246.6636  VDWAALS    =      2360.3711
 EELEC  =    -14507.0565  EHBOND  =         0.0000  RESTRAINT  =         9.1354
 EAMBER (non-restraint)  =    -12344.3322
 Ewald error estimate:   0.2070E-03
 ------------------------------------------------------------------------------

wrapping first mol.:       12.11721       17.13632       29.68098

 NSTEP =     4000   TIME(PS) =       8.000  TEMP(K) =   299.63  PRESS =     0.0
 Etot   =    -10406.6494  EKtot   =      1935.1174  EPtot      =    -12341.7667
 BOND   =         8.3545  ANGLE   =        18.7921  DIHED      =        13.0003
 1-4 NB =        14.1379  1-4 EEL =      -249.2605  VDWAALS    =      2334.8390
 EELEC  =    -14485.6395  EHBOND  =         0.0000  RESTRAINT  =         4.0094
 EAMBER (non-restraint)  =    -12345.7762
 Ewald error estimate:   0.1494E-03
 ------------------------------------------------------------------------------

wrapping first mol.:       12.11721       17.13632       29.68098

 NSTEP =     4500   TIME(PS) =       9.000  TEMP(K) =   301.93  PRESS =     0.0
 Etot   =    -10361.1070  EKtot   =      1949.9894  EPtot      =    -12311.0965
 BOND   =         6.4268  ANGLE   =        21.8440  DIHED      =        10.8460
 1-4 NB =        12.6408  1-4 EEL =      -248.1932  VDWAALS    =      2187.1483
 EELEC  =    -14312.8169  EHBOND  =         0.0000  RESTRAINT  =        11.0077
 EAMBER (non-restraint)  =    -12322.1042
 Ewald error estimate:   0.4051E-04
 ------------------------------------------------------------------------------

wrapping first mol.:       12.11721       17.13632       29.68098

 NSTEP =     5000   TIME(PS) =      10.000  TEMP(K) =   286.26  PRESS =     0.0
 Etot   =    -10463.0368  EKtot   =      1848.7724  EPtot      =    -12311.8092
 BOND   =        10.6752  ANGLE   =        16.6329  DIHED      =        12.9426
 1-4 NB =        12.6121  1-4 EEL =      -247.9882  VDWAALS    =      2290.9996
 EELEC  =    -14413.3907  EHBOND  =         0.0000  RESTRAINT  =         5.7073
 EAMBER (non-restraint)  =    -12317.5164
 Ewald error estimate:   0.2919E-04
 ------------------------------------------------------------------------------

wrapping first mol.:       12.11721       17.13632       29.68098

 NSTEP =     5500   TIME(PS) =      11.000  TEMP(K) =   304.85  PRESS =     0.0
 Etot   =    -10376.8334  EKtot   =      1968.8221  EPtot      =    -12345.6555
 BOND   =         8.4817  ANGLE   =        17.5005  DIHED      =        13.3048
 1-4 NB =        11.6562  1-4 EEL =      -244.9989  VDWAALS    =      2360.2045
 EELEC  =    -14522.9713  EHBOND  =         0.0000  RESTRAINT  =        11.1669
 EAMBER (non-restraint)  =    -12356.8224
 Ewald error estimate:   0.2051E-04
 ------------------------------------------------------------------------------

wrapping first mol.:       12.11721       17.13632       29.68098

 NSTEP =     6000   TIME(PS) =      12.000  TEMP(K) =   293.97  PRESS =     0.0
 Etot   =    -10389.5380  EKtot   =      1898.5941  EPtot      =    -12288.1321
 BOND   =         6.4287  ANGLE   =        15.6754  DIHED      =        12.2497
 1-4 NB =        12.5763  1-4 EEL =      -246.4465  VDWAALS    =      2258.6849
 EELEC  =    -14353.5498  EHBOND  =         0.0000  RESTRAINT  =         6.2492
 EAMBER (non-restraint)  =    -12294.3813
 Ewald error estimate:   0.6347E-04
 ------------------------------------------------------------------------------

wrapping first mol.:       12.11721       17.13632       29.68098

 NSTEP =     6500   TIME(PS) =      13.000  TEMP(K) =   297.47  PRESS =     0.0
 Etot   =    -10388.3295  EKtot   =      1921.1945  EPtot      =    -12309.5240
 BOND   =         4.5712  ANGLE   =        18.1371  DIHED      =        14.2871
 1-4 NB =        12.0227  1-4 EEL =      -247.1912  VDWAALS    =      2360.1990
 EELEC  =    -14476.7651  EHBOND  =         0.0000  RESTRAINT  =         5.2152
 EAMBER (non-restraint)  =    -12314.7392
 Ewald error estimate:   0.2018E-04
 ------------------------------------------------------------------------------

wrapping first mol.:       12.11721       17.13632       29.68098

 NSTEP =     7000   TIME(PS) =      14.000  TEMP(K) =   289.37  PRESS =     0.0
 Etot   =    -10404.3324  EKtot   =      1868.8453  EPtot      =    -12273.1776
 BOND   =         5.2020  ANGLE   =        15.5418  DIHED      =        12.8216
 1-4 NB =        13.6660  1-4 EEL =      -247.2302  VDWAALS    =      2210.0298
 EELEC  =    -14288.0395  EHBOND  =         0.0000  RESTRAINT  =         4.8309
 EAMBER (non-restraint)  =    -12278.0085
 Ewald error estimate:   0.4605E-03
 ------------------------------------------------------------------------------

wrapping first mol.:       12.11721       17.13632       29.68098

 NSTEP =     7500   TIME(PS) =      15.000  TEMP(K) =   304.57  PRESS =     0.0
 Etot   =    -10415.1582  EKtot   =      1967.0151  EPtot      =    -12382.1732
 BOND   =         9.6345  ANGLE   =        17.2829  DIHED      =        11.8856
 1-4 NB =        10.9714  1-4 EEL =      -245.2787  VDWAALS    =      2198.5873
 EELEC  =    -14390.0806  EHBOND  =         0.0000  RESTRAINT  =         4.8243
 EAMBER (non-restraint)  =    -12386.9976
 Ewald error estimate:   0.1597E-03
 ------------------------------------------------------------------------------

wrapping first mol.:       12.11721       17.13632       29.68098

 NSTEP =     8000   TIME(PS) =      16.000  TEMP(K) =   303.45  PRESS =     0.0
 Etot   =    -10382.5454  EKtot   =      1959.8114  EPtot      =    -12342.3568
 BOND   =         7.2620  ANGLE   =        22.7178  DIHED      =        12.1314
 1-4 NB =        12.9157  1-4 EEL =      -247.1218  VDWAALS    =      2212.0824
 EELEC  =    -14369.3086  EHBOND  =         0.0000  RESTRAINT  =         6.9644
 EAMBER (non-restraint)  =    -12349.3212
 Ewald error estimate:   0.2589E-04
 ------------------------------------------------------------------------------

wrapping first mol.:       12.11721       17.13632       29.68098

 NSTEP =     8500   TIME(PS) =      17.000  TEMP(K) =   300.58  PRESS =     0.0
 Etot   =    -10333.6637  EKtot   =      1941.2549  EPtot      =    -12274.9185
 BOND   =        13.8780  ANGLE   =        16.6099  DIHED      =        12.3341
 1-4 NB =        11.9516  1-4 EEL =      -246.7909  VDWAALS    =      2276.1642
 EELEC  =    -14365.5292  EHBOND  =         0.0000  RESTRAINT  =         6.4637
 EAMBER (non-restraint)  =    -12281.3822
 Ewald error estimate:   0.4318E-03
 ------------------------------------------------------------------------------

wrapping first mol.:       12.11721       17.13632       29.68098

 NSTEP =     9000   TIME(PS) =      18.000  TEMP(K) =   307.97  PRESS =     0.0
 Etot   =    -10332.4887  EKtot   =      1988.9859  EPtot      =    -12321.4747
 BOND   =         8.8898  ANGLE   =        22.4454  DIHED      =        13.1927
 1-4 NB =        11.6049  1-4 EEL =      -245.9312  VDWAALS    =      2273.1936
 EELEC  =    -14412.5235  EHBOND  =         0.0000  RESTRAINT  =         7.6538
 EAMBER (non-restraint)  =    -12329.1284
 Ewald error estimate:   0.2332E-03
 ------------------------------------------------------------------------------

wrapping first mol.:       12.11721       17.13632       29.68098

 NSTEP =     9500   TIME(PS) =      19.000  TEMP(K) =   300.54  PRESS =     0.0
 Etot   =    -10474.6655  EKtot   =      1940.9968  EPtot      =    -12415.6623
 BOND   =         5.1384  ANGLE   =        16.3681  DIHED      =        14.6799
 1-4 NB =        12.7612  1-4 EEL =      -246.7829  VDWAALS    =      2334.4169
 EELEC  =    -14558.2401  EHBOND  =         0.0000  RESTRAINT  =         5.9961
 EAMBER (non-restraint)  =    -12421.6584
 Ewald error estimate:   0.4175E-04
 ------------------------------------------------------------------------------

wrapping first mol.:       12.11721       17.13632       29.68098
wrapping first mol.:       12.11721       17.13632       29.68098

 NSTEP =    10000   TIME(PS) =      20.000  TEMP(K) =   294.50  PRESS =     0.0
 Etot   =    -10508.5577  EKtot   =      1901.9819  EPtot      =    -12410.5396
 BOND   =        15.9455  ANGLE   =        17.7740  DIHED      =        13.4756
 1-4 NB =        11.0398  1-4 EEL =      -245.6825  VDWAALS    =      2292.2024
 EELEC  =    -14523.3756  EHBOND  =         0.0000  RESTRAINT  =         8.0811
 EAMBER (non-restraint)  =    -12418.6207
 Ewald error estimate:   0.2577E-03
 ------------------------------------------------------------------------------


      A V E R A G E S   O V E R      20 S T E P S


 NSTEP =    10000   TIME(PS) =      20.000  TEMP(K) =   292.98  PRESS =     0.0
 Etot   =    -10519.4736  EKtot   =      1892.1809  EPtot      =    -12411.6544
 BOND   =         7.9975  ANGLE   =        17.8428  DIHED      =        13.1253
 1-4 NB =        12.5331  1-4 EEL =      -247.0603  VDWAALS    =      2310.5828
 EELEC  =    -14533.7503  EHBOND  =         0.0000  RESTRAINT  =         7.0747
 EAMBER (non-restraint)  =    -12418.7292
 Ewald error estimate:   0.1726E-03
 ------------------------------------------------------------------------------


      R M S  F L U C T U A T I O N S


 NSTEP =    10000   TIME(PS) =      20.000  TEMP(K) =    16.07  PRESS =     0.0
 Etot   =       243.7858  EKtot   =       103.7949  EPtot      =       149.9959
 BOND   =         2.9028  ANGLE   =         2.2228  DIHED      =         1.0761
 1-4 NB =         0.9125  1-4 EEL =         1.2488  VDWAALS    =        74.0323
 EELEC  =       209.2171  EHBOND  =         0.0000  RESTRAINT  =         1.9760
 EAMBER (non-restraint)  =       148.0199
 Ewald error estimate:   0.1461E-03
 ------------------------------------------------------------------------------

--------------------------------------------------------------------------------
   5.  TIMINGS
--------------------------------------------------------------------------------

|  NonSetup CPU Time in Major Routines, Average for All Tasks:
|
|     Routine           Sec        %
|     ------------------------------
|     DataDistrib       1.87    9.98
|     Nonbond          15.70   84.02
|     Bond              0.03    0.15
|     Angle             0.03    0.18
|     Dihedral          0.05    0.25
|     Shake             0.13    0.67
|     RunMD             0.86    4.61
|     Other             0.03    0.14
|     ------------------------------
|     Total            18.69

|  PME Nonbond Pairlist CPU Time, Average for All Tasks:
|
|     Routine              Sec        %
|     ---------------------------------
|     Set Up Cit           0.06    0.30
|     Build List           1.91   10.23
|     ---------------------------------
|     Total                1.97   10.53

|  PME Direct Force CPU Time, Average for All Tasks:
|
|     Routine              Sec        %
|     ---------------------------------
|     NonBonded Calc      10.49   56.12
|     Exclude Masked       0.13    0.72
|     Other                0.49    2.62
|     ---------------------------------
|     Total               11.11   59.46

|  PME Reciprocal Force CPU Time, Average for All Tasks:
|
|     Routine              Sec        %
|     ---------------------------------
|     1D bspline           0.22    1.18
|     Grid Charges         0.24    1.29
|     Scalar Sum           0.21    1.12
|     Gradient Sum         0.42    2.23
|     FFT                  1.48    7.91
|     ---------------------------------
|     Total                2.57   13.73

|  PME Load Balancing CPU Time, Average for All Tasks:
|
|     Routine                 Sec        %
|     ------------------------------------
|     Atom Reassign           0.00    0.00
|     Image Reassign          0.00    0.01
|     FFT Reassign            0.00    0.00
|     ------------------------------------
|     Total                   0.00    0.01

|  Final Performance Info:
|     -----------------------------------------------------
|     Average timings for last   10000 steps:
|     Elapsed(s) =      18.71 Per Step(ms) =       1.87
|         ns/day =      92.35   seconds/ns =     935.56
|
|     Average timings for all steps:
|     Elapsed(s) =      18.71 Per Step(ms) =       1.87
|         ns/day =      92.35   seconds/ns =     935.56
|     -----------------------------------------------------

|  Master Setup CPU time:            0.03 seconds
|  Master NonSetup CPU time:        18.66 seconds
|  Master Total CPU time:           18.69 seconds     0.01 hours

|  Master Setup wall time:           0    seconds
|  Master NonSetup wall time:       18    seconds
|  Master Total wall time:          18    seconds     0.01 hours
