
          -------------------------------------------------------
          Amber 18 PMEMD                              2018
          -------------------------------------------------------

| PMEMD implementation of SANDER, Release 18

| Run on 03/09/2022 at 01:03:11

|   Executable path: pmemd.MPI
| Working directory: /bgfs/lchong/dty7/ff15ipq-lig/charges/v00/GenConformers/Conf17
|          Hostname: smp-n123

  [-O]verwriting output

File Assignments:
|   MDIN: ../../../amber/6.3_eq2.in                                             
|  MDOUT: 6.3_eq2.out                                                           
| INPCRD: 6.2_eq1.rst                                                           
|   PARM: ../../mon.top                                                         
| RESTRT: 6.3_eq2.rst                                                           
|   REFC: 6.2_eq1.rst                                                           
|  MDVEL: mdvel                                                                 
|   MDEN: mden                                                                  
|  MDCRD: mdcrd                                                                 
| MDINFO: mdinfo                                                                
|LOGFILE: logfile                                                               
|  MDFRC: mdfrc                                                                 

 
 Here is the input file:
 
&cntrl                                                                         
  imin      = 0,                                                               
  irest     = 1,                                                               
  ntx       = 5,                                                               
  ig        = -1,                                                              
  dt        = 0.002,                                                           
  nstlim    = 50000,                                                           
  nscm      = 500,                                                             
  ntr       = 1,                                                               
  restraintmask = ':1',                                                        
  restraint_wt  = 10.0,                                                        
  ntb       = 2,                                                               
  ntp       = 1,                                                               
  barostat  = 2,                                                               
  pres0     = 1.0,                                                             
  mcbarint  = 100,                                                             
  comp      = 44.6,                                                            
  taup      = 1.0,                                                             
  ntt       = 3,                                                               
  temp0     = 298.0,                                                           
  gamma_ln  = 1.0,                                                             
  ntf       = 2,                                                               
  ntc       = 2,                                                               
  cut       = 10.0,                                                            
  ntpr      = 500,                                                             
  ntxo      = 1,                                                               
  ntwr      = 50000,                                                           
  ioutfm    = 1,                                                               
  ntwx      = 500,                                                             
  iwrap     = 1,                                                               
&end                                                                           


Note: ig = -1. Setting random seed to   469970 based on wallclock time in
      microseconds and disabling the synchronization of random numbers 
      between tasks to improve performance.
| irandom = 1, using AMBER's internal random number generator (default).
 
 
| Conditional Compilation Defines Used:
| MPI
| FFTW_FFT
| BINTRAJ
| MKL
| EMIL
 
| Largest sphere to fit in unit cell has radius =    14.840

| New format PARM file being parsed.
| Version =    1.000 Date = 03/08/22 Time = 18:50:46

| Note: 1-4 EEL scale factors are being read from the topology file.

| Note: 1-4 VDW scale factors are being read from the topology file.
| Duplicated    0 dihedrals

| Duplicated    0 dihedrals

--------------------------------------------------------------------------------
   1.  RESOURCE   USE: 
--------------------------------------------------------------------------------

 getting box info from netcdf restart file
 NATOM  =    3240 NTYPES =      14 NBONH =    3220 MBONA  =      21
 NTHETH =      33 MTHETA =      29 NPHIH =      58 MPHIA  =      46
 NHPARM =       0 NPARM  =       0 NNB   =    4456 NRES   =    1069
 NBONA  =      21 NTHETA =      29 NPHIA =      46 NUMBND =      22
 NUMANG =      35 NPTRA  =      22 NATYP =      17 NPHB   =       1
 IFBOX  =       2 NMXRS  =      36 IFCAP =       0 NEXTRA =       0
 NCOPY  =       0

| Coordinate Index Table dimensions:     5    5    5
| Direct force subcell size =     7.2703    7.2703    7.2703

     BOX TYPE: TRUNCATED OCTAHEDRON

--------------------------------------------------------------------------------
   2.  CONTROL  DATA  FOR  THE  RUN
--------------------------------------------------------------------------------

MON                                                                             

General flags:
     imin    =       0, nmropt  =       0

Nature and format of input:
     ntx     =       5, irest   =       1, ntrx    =       1

Nature and format of output:
     ntxo    =       1, ntpr    =     500, ntrx    =       1, ntwr    =   50000
     iwrap   =       1, ntwx    =     500, ntwv    =       0, ntwe    =       0
     ioutfm  =       1, ntwprt  =       0, idecomp =       0, rbornstat=      0

Potential function:
     ntf     =       2, ntb     =       2, igb     =       0, nsnb    =      25
     ipol    =       0, gbsa    =       0, iesp    =       0
     dielc   =   1.00000, cut     =  10.00000, intdiel =   1.00000

Frozen or restrained atoms:
     ibelly  =       0, ntr     =       1
     restraint_wt =  10.00000

Molecular dynamics:
     nstlim  =     50000, nscm    =         0, nrespa  =         1
     t       =   0.00000, dt      =   0.00200, vlimit  =  20.00000

Langevin dynamics temperature regulation:
     ig      =  469970
     temp0   = 298.00000, tempi   =   0.00000, gamma_ln=   1.00000

Pressure regulation:
     ntp     =       1
     pres0   =   1.00000, comp    =  44.60000, taup    =   1.00000
     Monte-Carlo Barostat:
     mcbarint  =     100

SHAKE:
     ntc     =       2, jfastw  =       0
     tol     =   0.00001

| Intermolecular bonds treatment:
|     no_intermolecular_bonds =       1

| Energy averages sample interval:
|     ene_avg_sampling =     500

Ewald parameters:
     verbose =       0, ew_type =       0, nbflag  =       1, use_pme =       1
     vdwmeth =       1, eedmeth =       1, netfrc  =       1
     Box X =   36.352   Box Y =   36.352   Box Z =   36.352
     Alpha =  109.471   Beta  =  109.471   Gamma =  109.471
     NFFT1 =   40       NFFT2 =   40       NFFT3 =   40
     Cutoff=   10.000   Tol   =0.100E-04
     Ewald Coefficient =  0.27511
     Interpolation order =    4

| PMEMD ewald parallel performance parameters:
|     block_fft =    0
|     fft_blk_y_divisor =    2
|     excl_recip =    0
|     excl_master =    0
|     atm_redist_freq =  320

    LOADING THE CONSTRAINED ATOMS AS GROUPS


   5.  REFERENCE ATOM COORDINATES

  MON                                                                             
     Mask :1; matches    36 atoms
| MONTE CARLO BAROSTAT IMPORTANT NOTE:
|   The Monte-Carlo barostat does not require the virial to adjust the system volume.
|   Since it is an expensive calculation, it is skipped for efficiency. A side-effect
|   is that the reported pressure is always 0 because it is not calculated.

--------------------------------------------------------------------------------
   3.  ATOMIC COORDINATES AND VELOCITIES
--------------------------------------------------------------------------------

MON                                                                             
 begin time read from input coords =    20.000 ps

 
 Number of triangulated 3-point waters found:     1068

     Sum of charges from parm topology file =  -0.00200217
     Forcing neutrality...

| Dynamic Memory, Types Used:
| Reals             1243290
| Integers           213799

| Nonbonded Pairs Initial Allocation:      317358

| Running AMBER/MPI version on    8 MPI task

 
--------------------------------------------------------------------------------
   4.  RESULTS
--------------------------------------------------------------------------------

 ---------------------------------------------------
 APPROXIMATING switch and d/dx switch using CUBIC SPLINE INTERPOLATION
 using   5000.0 points per unit in tabled values
 TESTING RELATIVE ERROR over r ranging from 0.0 to cutoff
| CHECK switch(x): max rel err =   0.3316E-14   at   2.351880
| CHECK d/dx switch(x): max rel err =   0.8066E-11   at   2.747240
 ---------------------------------------------------
|---------------------------------------------------
| APPROXIMATING direct energy using CUBIC SPLINE INTERPOLATION
|  with   50.0 points per unit in tabled values
| Relative Error Limit not exceeded for r .gt.   2.34
| APPROXIMATING direct force using CUBIC SPLINE INTERPOLATION
|  with   50.0 points per unit in tabled values
| Relative Error Limit not exceeded for r .gt.   2.81
|---------------------------------------------------
wrapping first mol.:       12.08011       17.08386       29.59011

 NSTEP =      500   TIME(PS) =      21.000  TEMP(K) =   299.40  PRESS =     0.0
 Etot   =    -10519.7508  EKtot   =      1933.6293  EPtot      =    -12453.3800
 BOND   =         7.9188  ANGLE   =        16.1790  DIHED      =        12.9757
 1-4 NB =        12.5354  1-4 EEL =      -245.8562  VDWAALS    =      2348.2629
 EELEC  =    -14613.4568  EHBOND  =         0.0000  RESTRAINT  =         8.0613
 EAMBER (non-restraint)  =    -12461.4413
 EKCMT  =         0.0000  VIRIAL  =         0.0000  VOLUME     =     36639.9384
                                                    Density    =         0.8853
 Ewald error estimate:   0.4993E-04
 ------------------------------------------------------------------------------

wrapping first mol.:       11.99059       16.95725       29.37081

 NSTEP =     1000   TIME(PS) =      22.000  TEMP(K) =   287.33  PRESS =     0.0
 Etot   =    -10596.9635  EKtot   =      1855.7166  EPtot      =    -12452.6800
 BOND   =         6.9929  ANGLE   =        17.6080  DIHED      =        12.3439
 1-4 NB =        11.4789  1-4 EEL =      -245.8329  VDWAALS    =      2522.4203
 EELEC  =    -14786.7474  EHBOND  =         0.0000  RESTRAINT  =         9.0562
 EAMBER (non-restraint)  =    -12461.7363
 EKCMT  =         0.0000  VIRIAL  =         0.0000  VOLUME     =     35831.3297
                                                    Density    =         0.9053
 Ewald error estimate:   0.5539E-04
 ------------------------------------------------------------------------------

wrapping first mol.:       11.96577       16.92216       29.31004

 NSTEP =     1500   TIME(PS) =      23.000  TEMP(K) =   298.99  PRESS =     0.0
 Etot   =    -10620.7028  EKtot   =      1930.9718  EPtot      =    -12551.6747
 BOND   =         6.2939  ANGLE   =        18.5048  DIHED      =        13.6178
 1-4 NB =        11.5917  1-4 EEL =      -246.1671  VDWAALS    =      2414.0763
 EELEC  =    -14779.5072  EHBOND  =         0.0000  RESTRAINT  =         9.9153
 EAMBER (non-restraint)  =    -12561.5899
 EKCMT  =         0.0000  VIRIAL  =         0.0000  VOLUME     =     35609.3560
                                                    Density    =         0.9109
 Ewald error estimate:   0.3865E-03
 ------------------------------------------------------------------------------

wrapping first mol.:       11.90932       16.84233       29.17176

 NSTEP =     2000   TIME(PS) =      24.000  TEMP(K) =   298.73  PRESS =     0.0
 Etot   =    -10531.6196  EKtot   =      1929.3229  EPtot      =    -12460.9425
 BOND   =         7.9848  ANGLE   =        17.3722  DIHED      =        13.4207
 1-4 NB =        12.3908  1-4 EEL =      -248.2771  VDWAALS    =      2364.9112
 EELEC  =    -14636.2975  EHBOND  =         0.0000  RESTRAINT  =         7.5523
 EAMBER (non-restraint)  =    -12468.4948
 EKCMT  =         0.0000  VIRIAL  =         0.0000  VOLUME     =     35107.7463
                                                    Density    =         0.9239
 Ewald error estimate:   0.1148E-04
 ------------------------------------------------------------------------------

wrapping first mol.:       11.78313       16.66387       28.86266

 NSTEP =     2500   TIME(PS) =      25.000  TEMP(K) =   295.23  PRESS =     0.0
 Etot   =    -10663.0455  EKtot   =      1906.7096  EPtot      =    -12569.7551
 BOND   =         8.1053  ANGLE   =        16.8161  DIHED      =        12.1599
 1-4 NB =        12.9228  1-4 EEL =      -245.7502  VDWAALS    =      2514.6332
 EELEC  =    -14896.4652  EHBOND  =         0.0000  RESTRAINT  =         7.8230
 EAMBER (non-restraint)  =    -12577.5781
 EKCMT  =         0.0000  VIRIAL  =         0.0000  VOLUME     =     34003.5467
                                                    Density    =         0.9539
 Ewald error estimate:   0.5066E-06
 ------------------------------------------------------------------------------

wrapping first mol.:       11.78544       16.66714       28.86832

 NSTEP =     3000   TIME(PS) =      26.000  TEMP(K) =   294.27  PRESS =     0.0
 Etot   =    -10674.4711  EKtot   =      1900.4895  EPtot      =    -12574.9606
 BOND   =         7.6737  ANGLE   =        12.8459  DIHED      =        11.0043
 1-4 NB =        13.0934  1-4 EEL =      -248.5419  VDWAALS    =      2416.8679
 EELEC  =    -14795.3631  EHBOND  =         0.0000  RESTRAINT  =         7.4591
 EAMBER (non-restraint)  =    -12582.4198
 EKCMT  =         0.0000  VIRIAL  =         0.0000  VOLUME     =     34023.5488
                                                    Density    =         0.9534
 Ewald error estimate:   0.1755E-03
 ------------------------------------------------------------------------------

wrapping first mol.:       11.77714       16.65538       28.84797

 NSTEP =     3500   TIME(PS) =      27.000  TEMP(K) =   292.44  PRESS =     0.0
 Etot   =    -10685.1936  EKtot   =      1888.6796  EPtot      =    -12573.8733
 BOND   =        10.9590  ANGLE   =        19.4000  DIHED      =        11.6047
 1-4 NB =        10.2675  1-4 EEL =      -247.1270  VDWAALS    =      2529.3882
 EELEC  =    -14916.2378  EHBOND  =         0.0000  RESTRAINT  =         7.8722
 EAMBER (non-restraint)  =    -12581.7454
 EKCMT  =         0.0000  VIRIAL  =         0.0000  VOLUME     =     33951.6337
                                                    Density    =         0.9554
 Ewald error estimate:   0.1987E-03
 ------------------------------------------------------------------------------

wrapping first mol.:       11.73654       16.59798       28.74854

 NSTEP =     4000   TIME(PS) =      28.000  TEMP(K) =   293.51  PRESS =     0.0
 Etot   =    -10716.1662  EKtot   =      1895.6017  EPtot      =    -12611.7679
 BOND   =         6.1031  ANGLE   =        17.2907  DIHED      =        14.7202
 1-4 NB =        13.2491  1-4 EEL =      -244.8888  VDWAALS    =      2542.4531
 EELEC  =    -14971.5020  EHBOND  =         0.0000  RESTRAINT  =        10.8067
 EAMBER (non-restraint)  =    -12622.5746
 EKCMT  =         0.0000  VIRIAL  =         0.0000  VOLUME     =     33601.7889
                                                    Density    =         0.9653
 Ewald error estimate:   0.3226E-03
 ------------------------------------------------------------------------------

wrapping first mol.:       11.71845       16.57239       28.70422

 NSTEP =     4500   TIME(PS) =      29.000  TEMP(K) =   289.36  PRESS =     0.0
 Etot   =    -10698.9692  EKtot   =      1868.8258  EPtot      =    -12567.7950
 BOND   =         5.2574  ANGLE   =        17.2864  DIHED      =        12.8201
 1-4 NB =        13.4414  1-4 EEL =      -248.2258  VDWAALS    =      2383.0883
 EELEC  =    -14761.5931  EHBOND  =         0.0000  RESTRAINT  =        10.1304
 EAMBER (non-restraint)  =    -12577.9254
 EKCMT  =         0.0000  VIRIAL  =         0.0000  VOLUME     =     33446.6227
                                                    Density    =         0.9698
 Ewald error estimate:   0.6210E-04
 ------------------------------------------------------------------------------

wrapping first mol.:       11.69573       16.54026       28.64857

 NSTEP =     5000   TIME(PS) =      30.000  TEMP(K) =   297.65  PRESS =     0.0
 Etot   =    -10715.5119  EKtot   =      1922.3226  EPtot      =    -12637.8345
 BOND   =         4.5285  ANGLE   =        14.9805  DIHED      =        11.9047
 1-4 NB =        13.1976  1-4 EEL =      -248.4636  VDWAALS    =      2507.2366
 EELEC  =    -14950.0278  EHBOND  =         0.0000  RESTRAINT  =         8.8089
 EAMBER (non-restraint)  =    -12646.6434
 EKCMT  =         0.0000  VIRIAL  =         0.0000  VOLUME     =     33252.4777
                                                    Density    =         0.9755
 Ewald error estimate:   0.1899E-04
 ------------------------------------------------------------------------------

wrapping first mol.:       11.63739       16.45776       28.50567

 NSTEP =     5500   TIME(PS) =      31.000  TEMP(K) =   294.14  PRESS =     0.0
 Etot   =    -10738.9655  EKtot   =      1899.6871  EPtot      =    -12638.6526
 BOND   =         7.5118  ANGLE   =        10.6254  DIHED      =        12.8940
 1-4 NB =        11.7817  1-4 EEL =      -246.3273  VDWAALS    =      2486.3157
 EELEC  =    -14930.4344  EHBOND  =         0.0000  RESTRAINT  =         8.9805
 EAMBER (non-restraint)  =    -12647.6331
 EKCMT  =         0.0000  VIRIAL  =         0.0000  VOLUME     =     32757.3591
                                                    Density    =         0.9902
 Ewald error estimate:   0.4957E-04
 ------------------------------------------------------------------------------

wrapping first mol.:       11.58575       16.38473       28.37917

 NSTEP =     6000   TIME(PS) =      32.000  TEMP(K) =   297.09  PRESS =     0.0
 Etot   =    -10706.1109  EKtot   =      1918.7292  EPtot      =    -12624.8401
 BOND   =         8.5222  ANGLE   =        14.6192  DIHED      =        13.4396
 1-4 NB =        11.3768  1-4 EEL =      -247.5903  VDWAALS    =      2519.2707
 EELEC  =    -14954.4606  EHBOND  =         0.0000  RESTRAINT  =         9.9823
 EAMBER (non-restraint)  =    -12634.8224
 EKCMT  =         0.0000  VIRIAL  =         0.0000  VOLUME     =     32323.1902
                                                    Density    =         1.0035
 Ewald error estimate:   0.5738E-04
 ------------------------------------------------------------------------------

wrapping first mol.:       11.60375       16.41017       28.42325

 NSTEP =     6500   TIME(PS) =      33.000  TEMP(K) =   295.22  PRESS =     0.0
 Etot   =    -10723.3967  EKtot   =      1906.6589  EPtot      =    -12630.0556
 BOND   =         7.8551  ANGLE   =        18.0860  DIHED      =        11.8167
 1-4 NB =        11.9723  1-4 EEL =      -245.2122  VDWAALS    =      2393.3030
 EELEC  =    -14838.7016  EHBOND  =         0.0000  RESTRAINT  =        10.8252
 EAMBER (non-restraint)  =    -12640.8808
 EKCMT  =         0.0000  VIRIAL  =         0.0000  VOLUME     =     32474.0332
                                                    Density    =         0.9988
 Ewald error estimate:   0.6380E-04
 ------------------------------------------------------------------------------

wrapping first mol.:       11.58618       16.38534       28.38024

 NSTEP =     7000   TIME(PS) =      34.000  TEMP(K) =   294.48  PRESS =     0.0
 Etot   =    -10718.9386  EKtot   =      1901.8900  EPtot      =    -12620.8286
 BOND   =         6.4041  ANGLE   =        14.4499  DIHED      =        14.5371
 1-4 NB =        11.7428  1-4 EEL =      -245.4819  VDWAALS    =      2407.2571
 EELEC  =    -14839.1552  EHBOND  =         0.0000  RESTRAINT  =         9.4174
 EAMBER (non-restraint)  =    -12630.2460
 EKCMT  =         0.0000  VIRIAL  =         0.0000  VOLUME     =     32326.8240
                                                    Density    =         1.0034
 Ewald error estimate:   0.1507E-03
 ------------------------------------------------------------------------------

wrapping first mol.:       11.60841       16.41677       28.43468

 NSTEP =     7500   TIME(PS) =      35.000  TEMP(K) =   292.11  PRESS =     0.0
 Etot   =    -10731.1255  EKtot   =      1886.5397  EPtot      =    -12617.6653
 BOND   =         6.4513  ANGLE   =        14.9986  DIHED      =        12.5128
 1-4 NB =        12.4397  1-4 EEL =      -245.9815  VDWAALS    =      2470.0098
 EELEC  =    -14898.1360  EHBOND  =         0.0000  RESTRAINT  =        10.0401
 EAMBER (non-restraint)  =    -12627.7053
 EKCMT  =         0.0000  VIRIAL  =         0.0000  VOLUME     =     32513.2080
                                                    Density    =         0.9976
 Ewald error estimate:   0.1316E-03
 ------------------------------------------------------------------------------

wrapping first mol.:       11.59864       16.40296       28.41076

 NSTEP =     8000   TIME(PS) =      36.000  TEMP(K) =   298.17  PRESS =     0.0
 Etot   =    -10720.2302  EKtot   =      1925.6855  EPtot      =    -12645.9158
 BOND   =         7.5911  ANGLE   =        23.3376  DIHED      =        13.2991
 1-4 NB =        13.6521  1-4 EEL =      -245.7278  VDWAALS    =      2501.9467
 EELEC  =    -14970.6873  EHBOND  =         0.0000  RESTRAINT  =        10.6727
 EAMBER (non-restraint)  =    -12656.5885
 EKCMT  =         0.0000  VIRIAL  =         0.0000  VOLUME     =     32431.2198
                                                    Density    =         1.0002
 Ewald error estimate:   0.2823E-03
 ------------------------------------------------------------------------------

wrapping first mol.:       11.60306       16.40920       28.42157

 NSTEP =     8500   TIME(PS) =      37.000  TEMP(K) =   293.33  PRESS =     0.0
 Etot   =    -10746.6793  EKtot   =      1894.4458  EPtot      =    -12641.1250
 BOND   =         6.5796  ANGLE   =        14.5097  DIHED      =        18.5845
 1-4 NB =        11.4875  1-4 EEL =      -245.5030  VDWAALS    =      2547.1308
 EELEC  =    -15002.0469  EHBOND  =         0.0000  RESTRAINT  =         8.1327
 EAMBER (non-restraint)  =    -12649.2578
 EKCMT  =         0.0000  VIRIAL  =         0.0000  VOLUME     =     32468.2741
                                                    Density    =         0.9990
 Ewald error estimate:   0.5127E-04
 ------------------------------------------------------------------------------

wrapping first mol.:       11.59657       16.40002       28.40567

 NSTEP =     9000   TIME(PS) =      38.000  TEMP(K) =   301.20  PRESS =     0.0
 Etot   =    -10714.9779  EKtot   =      1945.2478  EPtot      =    -12660.2257
 BOND   =         8.1018  ANGLE   =        17.5827  DIHED      =        14.9361
 1-4 NB =        12.5813  1-4 EEL =      -248.7771  VDWAALS    =      2586.1723
 EELEC  =    -15059.5828  EHBOND  =         0.0000  RESTRAINT  =         8.7600
 EAMBER (non-restraint)  =    -12668.9857
 EKCMT  =         0.0000  VIRIAL  =         0.0000  VOLUME     =     32413.8015
                                                    Density    =         1.0007
 Ewald error estimate:   0.1283E-03
 ------------------------------------------------------------------------------

wrapping first mol.:       11.59112       16.39231       28.39232

 NSTEP =     9500   TIME(PS) =      39.000  TEMP(K) =   288.92  PRESS =     0.0
 Etot   =    -10713.7366  EKtot   =      1865.9645  EPtot      =    -12579.7011
 BOND   =         4.5879  ANGLE   =        17.6621  DIHED      =        12.2463
 1-4 NB =        11.8778  1-4 EEL =      -247.6037  VDWAALS    =      2471.9450
 EELEC  =    -14858.7063  EHBOND  =         0.0000  RESTRAINT  =         8.2899
 EAMBER (non-restraint)  =    -12587.9910
 EKCMT  =         0.0000  VIRIAL  =         0.0000  VOLUME     =     32368.1251
                                                    Density    =         1.0021
 Ewald error estimate:   0.5037E-05
 ------------------------------------------------------------------------------

wrapping first mol.:       11.57904       16.37524       28.36275

 NSTEP =    10000   TIME(PS) =      40.000  TEMP(K) =   299.01  PRESS =     0.0
 Etot   =    -10758.4119  EKtot   =      1931.0979  EPtot      =    -12689.5099
 BOND   =         9.8087  ANGLE   =        17.0522  DIHED      =        13.7976
 1-4 NB =        12.0175  1-4 EEL =      -249.9018  VDWAALS    =      2473.4002
 EELEC  =    -14972.8373  EHBOND  =         0.0000  RESTRAINT  =         7.1531
 EAMBER (non-restraint)  =    -12696.6629
 EKCMT  =         0.0000  VIRIAL  =         0.0000  VOLUME     =     32267.0967
                                                    Density    =         1.0053
 Ewald error estimate:   0.1194E-03
 ------------------------------------------------------------------------------

wrapping first mol.:       11.59257       16.39437       28.39588

 NSTEP =    10500   TIME(PS) =      41.000  TEMP(K) =   294.40  PRESS =     0.0
 Etot   =    -10819.0937  EKtot   =      1901.3324  EPtot      =    -12720.4261
 BOND   =         5.8014  ANGLE   =        13.9056  DIHED      =        14.5911
 1-4 NB =        12.7915  1-4 EEL =      -248.3015  VDWAALS    =      2455.1643
 EELEC  =    -14984.8060  EHBOND  =         0.0000  RESTRAINT  =        10.4275
 EAMBER (non-restraint)  =    -12730.8536
 EKCMT  =         0.0000  VIRIAL  =         0.0000  VOLUME     =     32380.2952
                                                    Density    =         1.0017
 Ewald error estimate:   0.2604E-03
 ------------------------------------------------------------------------------

wrapping first mol.:       11.59153       16.39289       28.39332

 NSTEP =    11000   TIME(PS) =      42.000  TEMP(K) =   289.89  PRESS =     0.0
 Etot   =    -10876.7692  EKtot   =      1872.2377  EPtot      =    -12749.0070
 BOND   =         5.0430  ANGLE   =        13.2859  DIHED      =        13.1742
 1-4 NB =        14.8448  1-4 EEL =      -249.1333  VDWAALS    =      2489.1720
 EELEC  =    -15044.1613  EHBOND  =         0.0000  RESTRAINT  =         8.7679
 EAMBER (non-restraint)  =    -12757.7748
 EKCMT  =         0.0000  VIRIAL  =         0.0000  VOLUME     =     32371.5529
                                                    Density    =         1.0020
 Ewald error estimate:   0.3899E-03
 ------------------------------------------------------------------------------

wrapping first mol.:       11.56652       16.35754       28.33208

 NSTEP =    11500   TIME(PS) =      43.000  TEMP(K) =   298.58  PRESS =     0.0
 Etot   =    -10751.7405  EKtot   =      1928.3130  EPtot      =    -12680.0535
 BOND   =         4.8536  ANGLE   =        20.3653  DIHED      =        13.5334
 1-4 NB =        14.0920  1-4 EEL =      -248.4577  VDWAALS    =      2555.1862
 EELEC  =    -15048.2587  EHBOND  =         0.0000  RESTRAINT  =         8.6324
 EAMBER (non-restraint)  =    -12688.6859
 EKCMT  =         0.0000  VIRIAL  =         0.0000  VOLUME     =     32162.5434
                                                    Density    =         1.0085
 Ewald error estimate:   0.1635E-03
 ------------------------------------------------------------------------------

wrapping first mol.:       11.59020       16.39102       28.39008

 NSTEP =    12000   TIME(PS) =      44.000  TEMP(K) =   301.28  PRESS =     0.0
 Etot   =    -10728.1840  EKtot   =      1945.7926  EPtot      =    -12673.9765
 BOND   =         9.5198  ANGLE   =        12.0938  DIHED      =        12.9783
 1-4 NB =        11.7402  1-4 EEL =      -245.5480  VDWAALS    =      2525.6171
 EELEC  =    -15009.7508  EHBOND  =         0.0000  RESTRAINT  =         9.3733
 EAMBER (non-restraint)  =    -12683.3499
 EKCMT  =         0.0000  VIRIAL  =         0.0000  VOLUME     =     32360.4744
                                                    Density    =         1.0024
 Ewald error estimate:   0.2959E-04
 ------------------------------------------------------------------------------

wrapping first mol.:       11.59440       16.39696       28.40036

 NSTEP =    12500   TIME(PS) =      45.000  TEMP(K) =   300.75  PRESS =     0.0
 Etot   =    -10753.2764  EKtot   =      1942.3861  EPtot      =    -12695.6626
 BOND   =         5.0187  ANGLE   =        12.0962  DIHED      =        12.4721
 1-4 NB =        12.0629  1-4 EEL =      -245.9665  VDWAALS    =      2409.2038
 EELEC  =    -14910.0503  EHBOND  =         0.0000  RESTRAINT  =         9.5005
 EAMBER (non-restraint)  =    -12705.1631
 EKCMT  =         0.0000  VIRIAL  =         0.0000  VOLUME     =     32395.6301
                                                    Density    =         1.0013
 Ewald error estimate:   0.1974E-03
 ------------------------------------------------------------------------------

wrapping first mol.:       11.58740       16.38705       28.38321

 NSTEP =    13000   TIME(PS) =      46.000  TEMP(K) =   303.84  PRESS =     0.0
 Etot   =    -10657.4269  EKtot   =      1962.2954  EPtot      =    -12619.7223
 BOND   =         6.1661  ANGLE   =        20.9902  DIHED      =        18.0000
 1-4 NB =        12.1782  1-4 EEL =      -247.6546  VDWAALS    =      2571.8498
 EELEC  =    -15011.5590  EHBOND  =         0.0000  RESTRAINT  =        10.3072
 EAMBER (non-restraint)  =    -12630.0294
 EKCMT  =         0.0000  VIRIAL  =         0.0000  VOLUME     =     32336.9663
                                                    Density    =         1.0031
 Ewald error estimate:   0.8251E-04
 ------------------------------------------------------------------------------

wrapping first mol.:       11.62170       16.43557       28.46724

 NSTEP =    13500   TIME(PS) =      47.000  TEMP(K) =   296.54  PRESS =     0.0
 Etot   =    -10706.7012  EKtot   =      1915.1399  EPtot      =    -12621.8411
 BOND   =        11.2327  ANGLE   =        15.3502  DIHED      =        14.9463
 1-4 NB =        11.3100  1-4 EEL =      -246.5836  VDWAALS    =      2500.4141
 EELEC  =    -14938.0174  EHBOND  =         0.0000  RESTRAINT  =         9.5066
 EAMBER (non-restraint)  =    -12631.3477
 EKCMT  =         0.0000  VIRIAL  =         0.0000  VOLUME     =     32625.0411
                                                    Density    =         0.9942
 Ewald error estimate:   0.2458E-03
 ------------------------------------------------------------------------------

wrapping first mol.:       11.60599       16.41334       28.42874

 NSTEP =    14000   TIME(PS) =      48.000  TEMP(K) =   298.57  PRESS =     0.0
 Etot   =    -10625.4116  EKtot   =      1928.2560  EPtot      =    -12553.6676
 BOND   =         7.8309  ANGLE   =        20.0466  DIHED      =        13.4127
 1-4 NB =        12.2738  1-4 EEL =      -247.0873  VDWAALS    =      2471.9875
 EELEC  =    -14841.7305  EHBOND  =         0.0000  RESTRAINT  =         9.5988
 EAMBER (non-restraint)  =    -12563.2665
 EKCMT  =         0.0000  VIRIAL  =         0.0000  VOLUME     =     32492.8572
                                                    Density    =         0.9983
 Ewald error estimate:   0.1123E-03
 ------------------------------------------------------------------------------

wrapping first mol.:       11.58552       16.38440       28.37861

 NSTEP =    14500   TIME(PS) =      49.000  TEMP(K) =   298.40  PRESS =     0.0
 Etot   =    -10711.6018  EKtot   =      1927.1967  EPtot      =    -12638.7985
 BOND   =         9.8282  ANGLE   =        13.1084  DIHED      =        11.7388
 1-4 NB =        11.5118  1-4 EEL =      -245.4458  VDWAALS    =      2521.1871
 EELEC  =    -14968.0705  EHBOND  =         0.0000  RESTRAINT  =         7.3435
 EAMBER (non-restraint)  =    -12646.1420
 EKCMT  =         0.0000  VIRIAL  =         0.0000  VOLUME     =     32321.2786
                                                    Density    =         1.0036
 Ewald error estimate:   0.9670E-05
 ------------------------------------------------------------------------------

wrapping first mol.:       11.55424       16.34016       28.30199

 NSTEP =    15000   TIME(PS) =      50.000  TEMP(K) =   306.08  PRESS =     0.0
 Etot   =    -10673.8856  EKtot   =      1976.7855  EPtot      =    -12650.6711
 BOND   =         5.6707  ANGLE   =        16.3184  DIHED      =        12.9826
 1-4 NB =        12.8719  1-4 EEL =      -247.9855  VDWAALS    =      2490.2906
 EELEC  =    -14950.7741  EHBOND  =         0.0000  RESTRAINT  =         9.9544
 EAMBER (non-restraint)  =    -12660.6255
 EKCMT  =         0.0000  VIRIAL  =         0.0000  VOLUME     =     32060.1751
                                                    Density    =         1.0117
 Ewald error estimate:   0.3217E-03
 ------------------------------------------------------------------------------

wrapping first mol.:       11.53581       16.31409       28.25684

 NSTEP =    15500   TIME(PS) =      51.000  TEMP(K) =   302.44  PRESS =     0.0
 Etot   =    -10714.9231  EKtot   =      1953.2710  EPtot      =    -12668.1941
 BOND   =         6.2724  ANGLE   =        14.5920  DIHED      =        11.8130
 1-4 NB =        13.6458  1-4 EEL =      -247.9604  VDWAALS    =      2533.1842
 EELEC  =    -15007.7490  EHBOND  =         0.0000  RESTRAINT  =         8.0078
 EAMBER (non-restraint)  =    -12676.2019
 EKCMT  =         0.0000  VIRIAL  =         0.0000  VOLUME     =     31906.9659
                                                    Density    =         1.0166
 Ewald error estimate:   0.2030E-03
 ------------------------------------------------------------------------------

wrapping first mol.:       11.55401       16.33984       28.30143

 NSTEP =    16000   TIME(PS) =      52.000  TEMP(K) =   299.22  PRESS =     0.0
 Etot   =    -10733.5995  EKtot   =      1932.4478  EPtot      =    -12666.0473
 BOND   =         7.8434  ANGLE   =        19.3320  DIHED      =        13.9809
 1-4 NB =        12.6276  1-4 EEL =      -247.7165  VDWAALS    =      2386.5104
 EELEC  =    -14867.9372  EHBOND  =         0.0000  RESTRAINT  =         9.3120
 EAMBER (non-restraint)  =    -12675.3593
 EKCMT  =         0.0000  VIRIAL  =         0.0000  VOLUME     =     32058.2597
                                                    Density    =         1.0118
 Ewald error estimate:   0.7493E-04
 ------------------------------------------------------------------------------

wrapping first mol.:       11.55361       16.33927       28.30044

 NSTEP =    16500   TIME(PS) =      53.000  TEMP(K) =   297.65  PRESS =     0.0
 Etot   =    -10723.5276  EKtot   =      1922.3258  EPtot      =    -12645.8534
 BOND   =         6.8297  ANGLE   =        16.4898  DIHED      =        11.5213
 1-4 NB =        11.7718  1-4 EEL =      -246.0730  VDWAALS    =      2444.1310
 EELEC  =    -14899.3794  EHBOND  =         0.0000  RESTRAINT  =         8.8556
 EAMBER (non-restraint)  =    -12654.7090
 EKCMT  =         0.0000  VIRIAL  =         0.0000  VOLUME     =     32054.9162
                                                    Density    =         1.0119
 Ewald error estimate:   0.2076E-03
 ------------------------------------------------------------------------------

wrapping first mol.:       11.58019       16.37686       28.36555

 NSTEP =    17000   TIME(PS) =      54.000  TEMP(K) =   296.48  PRESS =     0.0
 Etot   =    -10721.7757  EKtot   =      1914.7983  EPtot      =    -12636.5740
 BOND   =         9.0511  ANGLE   =        19.3656  DIHED      =        11.2305
 1-4 NB =        12.4515  1-4 EEL =      -243.8750  VDWAALS    =      2396.9078
 EELEC  =    -14849.5611  EHBOND  =         0.0000  RESTRAINT  =         7.8555
 EAMBER (non-restraint)  =    -12644.4294
 EKCMT  =         0.0000  VIRIAL  =         0.0000  VOLUME     =     32276.6735
                                                    Density    =         1.0050
 Ewald error estimate:   0.3825E-03
 ------------------------------------------------------------------------------

wrapping first mol.:       11.55605       16.34272       28.30642

 NSTEP =    17500   TIME(PS) =      55.000  TEMP(K) =   298.36  PRESS =     0.0
 Etot   =    -10696.4800  EKtot   =      1926.8931  EPtot      =    -12623.3731
 BOND   =         7.5223  ANGLE   =        13.9934  DIHED      =        13.3951
 1-4 NB =        11.7004  1-4 EEL =      -247.7161  VDWAALS    =      2450.4642
 EELEC  =    -14880.0663  EHBOND  =         0.0000  RESTRAINT  =         7.3339
 EAMBER (non-restraint)  =    -12630.7071
 EKCMT  =         0.0000  VIRIAL  =         0.0000  VOLUME     =     32075.2299
                                                    Density    =         1.0113
 Ewald error estimate:   0.2373E-03
 ------------------------------------------------------------------------------

wrapping first mol.:       11.56019       16.34857       28.31655

 NSTEP =    18000   TIME(PS) =      56.000  TEMP(K) =   288.38  PRESS =     0.0
 Etot   =    -10686.9888  EKtot   =      1862.4379  EPtot      =    -12549.4266
 BOND   =         4.1913  ANGLE   =        18.8781  DIHED      =        12.7248
 1-4 NB =        12.6570  1-4 EEL =      -247.5148  VDWAALS    =      2430.7132
 EELEC  =    -14788.4873  EHBOND  =         0.0000  RESTRAINT  =         7.4111
 EAMBER (non-restraint)  =    -12556.8377
 EKCMT  =         0.0000  VIRIAL  =         0.0000  VOLUME     =     32109.6915
                                                    Density    =         1.0102
 Ewald error estimate:   0.3664E-03
 ------------------------------------------------------------------------------

wrapping first mol.:       11.55928       16.34729       28.31433

 NSTEP =    18500   TIME(PS) =      57.000  TEMP(K) =   292.12  PRESS =     0.0
 Etot   =    -10772.9701  EKtot   =      1886.6186  EPtot      =    -12659.5888
 BOND   =         7.1468  ANGLE   =        13.8456  DIHED      =        12.2580
 1-4 NB =        11.0499  1-4 EEL =      -248.0077  VDWAALS    =      2450.2058
 EELEC  =    -14916.5589  EHBOND  =         0.0000  RESTRAINT  =        10.4717
 EAMBER (non-restraint)  =    -12670.0605
 EKCMT  =         0.0000  VIRIAL  =         0.0000  VOLUME     =     32102.1425
                                                    Density    =         1.0104
 Ewald error estimate:   0.4105E-03
 ------------------------------------------------------------------------------

wrapping first mol.:       11.56393       16.35387       28.32573

 NSTEP =    19000   TIME(PS) =      58.000  TEMP(K) =   289.28  PRESS =     0.0
 Etot   =    -10653.5446  EKtot   =      1868.2616  EPtot      =    -12521.8062
 BOND   =         7.6605  ANGLE   =        15.3436  DIHED      =        11.2548
 1-4 NB =        13.0153  1-4 EEL =      -245.2797  VDWAALS    =      2427.4196
 EELEC  =    -14760.7822  EHBOND  =         0.0000  RESTRAINT  =         9.5620
 EAMBER (non-restraint)  =    -12531.3681
 EKCMT  =         0.0000  VIRIAL  =         0.0000  VOLUME     =     32140.9049
                                                    Density    =         1.0092
 Ewald error estimate:   0.4202E-03
 ------------------------------------------------------------------------------

wrapping first mol.:       11.60466       16.41146       28.42549

 NSTEP =    19500   TIME(PS) =      59.000  TEMP(K) =   297.82  PRESS =     0.0
 Etot   =    -10660.3239  EKtot   =      1923.4414  EPtot      =    -12583.7653
 BOND   =         3.8627  ANGLE   =        15.2098  DIHED      =        12.4370
 1-4 NB =        13.2385  1-4 EEL =      -250.8896  VDWAALS    =      2453.1543
 EELEC  =    -14841.6684  EHBOND  =         0.0000  RESTRAINT  =        10.8904
 EAMBER (non-restraint)  =    -12594.6557
 EKCMT  =         0.0000  VIRIAL  =         0.0000  VOLUME     =     32481.6968
                                                    Density    =         0.9986
 Ewald error estimate:   0.3443E-04
 ------------------------------------------------------------------------------

wrapping first mol.:       11.57328       16.36709       28.34863

 NSTEP =    20000   TIME(PS) =      60.000  TEMP(K) =   304.80  PRESS =     0.0
 Etot   =    -10684.5965  EKtot   =      1968.5025  EPtot      =    -12653.0989
 BOND   =         7.8675  ANGLE   =        13.7061  DIHED      =        12.7506
 1-4 NB =        12.6481  1-4 EEL =      -246.1791  VDWAALS    =      2526.3541
 EELEC  =    -14987.2487  EHBOND  =         0.0000  RESTRAINT  =         7.0024
 EAMBER (non-restraint)  =    -12660.1013
 EKCMT  =         0.0000  VIRIAL  =         0.0000  VOLUME     =     32218.9349
                                                    Density    =         1.0068
 Ewald error estimate:   0.1949E-03
 ------------------------------------------------------------------------------

wrapping first mol.:       11.56897       16.36100       28.33808

 NSTEP =    20500   TIME(PS) =      61.000  TEMP(K) =   299.25  PRESS =     0.0
 Etot   =    -10710.7130  EKtot   =      1932.6770  EPtot      =    -12643.3900
 BOND   =         8.8865  ANGLE   =        18.3898  DIHED      =        15.0133
 1-4 NB =        11.9941  1-4 EEL =      -249.3285  VDWAALS    =      2467.0765
 EELEC  =    -14924.7869  EHBOND  =         0.0000  RESTRAINT  =         9.3652
 EAMBER (non-restraint)  =    -12652.7552
 EKCMT  =         0.0000  VIRIAL  =         0.0000  VOLUME     =     32182.9731
                                                    Density    =         1.0079
 Ewald error estimate:   0.2630E-03
 ------------------------------------------------------------------------------

wrapping first mol.:       11.54665       16.32943       28.28341

 NSTEP =    21000   TIME(PS) =      62.000  TEMP(K) =   291.27  PRESS =     0.0
 Etot   =    -10795.3027  EKtot   =      1881.1624  EPtot      =    -12676.4651
 BOND   =        10.0340  ANGLE   =        14.2500  DIHED      =        11.9828
 1-4 NB =        12.7086  1-4 EEL =      -246.4222  VDWAALS    =      2637.5081
 EELEC  =    -15125.1828  EHBOND  =         0.0000  RESTRAINT  =         8.6566
 EAMBER (non-restraint)  =    -12685.1216
 EKCMT  =         0.0000  VIRIAL  =         0.0000  VOLUME     =     31997.0598
                                                    Density    =         1.0137
 Ewald error estimate:   0.7653E-04
 ------------------------------------------------------------------------------

wrapping first mol.:       11.56580       16.35651       28.33031

 NSTEP =    21500   TIME(PS) =      63.000  TEMP(K) =   291.25  PRESS =     0.0
 Etot   =    -10770.5298  EKtot   =      1880.9725  EPtot      =    -12651.5023
 BOND   =         8.5253  ANGLE   =        16.2603  DIHED      =        13.1793
 1-4 NB =        12.1096  1-4 EEL =      -247.3025  VDWAALS    =      2509.5543
 EELEC  =    -14972.3637  EHBOND  =         0.0000  RESTRAINT  =         8.5351
 EAMBER (non-restraint)  =    -12660.0374
 EKCMT  =         0.0000  VIRIAL  =         0.0000  VOLUME     =     32156.5043
                                                    Density    =         1.0087
 Ewald error estimate:   0.5307E-04
 ------------------------------------------------------------------------------

wrapping first mol.:       11.60052       16.40562       28.41536

 NSTEP =    22000   TIME(PS) =      64.000  TEMP(K) =   302.09  PRESS =     0.0
 Etot   =    -10669.9868  EKtot   =      1951.0414  EPtot      =    -12621.0282
 BOND   =         5.5972  ANGLE   =        11.4526  DIHED      =        11.5663
 1-4 NB =        13.3422  1-4 EEL =      -249.3462  VDWAALS    =      2466.2133
 EELEC  =    -14888.0570  EHBOND  =         0.0000  RESTRAINT  =         8.2034
 EAMBER (non-restraint)  =    -12629.2316
 EKCMT  =         0.0000  VIRIAL  =         0.0000  VOLUME     =     32447.0049
                                                    Density    =         0.9997
 Ewald error estimate:   0.3736E-04
 ------------------------------------------------------------------------------

wrapping first mol.:       11.60728       16.41517       28.43191

 NSTEP =    22500   TIME(PS) =      65.000  TEMP(K) =   301.45  PRESS =     0.0
 Etot   =    -10701.8321  EKtot   =      1946.9048  EPtot      =    -12648.7369
 BOND   =         9.9686  ANGLE   =        19.8492  DIHED      =        12.9658
 1-4 NB =        12.1541  1-4 EEL =      -247.0615  VDWAALS    =      2439.1162
 EELEC  =    -14907.8815  EHBOND  =         0.0000  RESTRAINT  =        12.1523
 EAMBER (non-restraint)  =    -12660.8892
 EKCMT  =         0.0000  VIRIAL  =         0.0000  VOLUME     =     32503.7268
                                                    Density    =         0.9979
 Ewald error estimate:   0.2281E-03
 ------------------------------------------------------------------------------

wrapping first mol.:       11.65365       16.48075       28.54549

 NSTEP =    23000   TIME(PS) =      66.000  TEMP(K) =   302.32  PRESS =     0.0
 Etot   =    -10575.5633  EKtot   =      1952.4826  EPtot      =    -12528.0458
 BOND   =         7.4903  ANGLE   =        24.4703  DIHED      =        11.7115
 1-4 NB =        14.4728  1-4 EEL =      -249.9984  VDWAALS    =      2425.3871
 EELEC  =    -14772.3511  EHBOND  =         0.0000  RESTRAINT  =        10.7717
 EAMBER (non-restraint)  =    -12538.8175
 EKCMT  =         0.0000  VIRIAL  =         0.0000  VOLUME     =     32894.8296
                                                    Density    =         0.9861
 Ewald error estimate:   0.2835E-03
 ------------------------------------------------------------------------------

wrapping first mol.:       11.61002       16.41904       28.43862

 NSTEP =    23500   TIME(PS) =      67.000  TEMP(K) =   303.81  PRESS =     0.0
 Etot   =    -10618.4470  EKtot   =      1962.1073  EPtot      =    -12580.5543
 BOND   =         7.0650  ANGLE   =        16.4775  DIHED      =        14.1812
 1-4 NB =        13.6357  1-4 EEL =      -246.9319  VDWAALS    =      2463.1150
 EELEC  =    -14863.2686  EHBOND  =         0.0000  RESTRAINT  =        15.1719
 EAMBER (non-restraint)  =    -12595.7262
 EKCMT  =         0.0000  VIRIAL  =         0.0000  VOLUME     =     32526.7214
                                                    Density    =         0.9972
 Ewald error estimate:   0.3958E-05
 ------------------------------------------------------------------------------

wrapping first mol.:       11.60695       16.41470       28.43110

 NSTEP =    24000   TIME(PS) =      68.000  TEMP(K) =   300.98  PRESS =     0.0
 Etot   =    -10709.9501  EKtot   =      1943.8177  EPtot      =    -12653.7678
 BOND   =         5.3124  ANGLE   =        14.4771  DIHED      =        13.6386
 1-4 NB =        13.7007  1-4 EEL =      -247.9968  VDWAALS    =      2356.3653
 EELEC  =    -14821.5471  EHBOND  =         0.0000  RESTRAINT  =        12.2821
 EAMBER (non-restraint)  =    -12666.0498
 EKCMT  =         0.0000  VIRIAL  =         0.0000  VOLUME     =     32500.9400
                                                    Density    =         0.9980
 Ewald error estimate:   0.3132E-03
 ------------------------------------------------------------------------------

wrapping first mol.:       11.60531       16.41238       28.42707

 NSTEP =    24500   TIME(PS) =      69.000  TEMP(K) =   301.04  PRESS =     0.0
 Etot   =    -10677.0868  EKtot   =      1944.2539  EPtot      =    -12621.3408
 BOND   =         5.9367  ANGLE   =        14.8107  DIHED      =        10.9894
 1-4 NB =        13.6022  1-4 EEL =      -247.4208  VDWAALS    =      2422.1127
 EELEC  =    -14849.2250  EHBOND  =         0.0000  RESTRAINT  =         7.8533
 EAMBER (non-restraint)  =    -12629.1941
 EKCMT  =         0.0000  VIRIAL  =         0.0000  VOLUME     =     32487.1342
                                                    Density    =         0.9984
 Ewald error estimate:   0.1806E-03
 ------------------------------------------------------------------------------

wrapping first mol.:       11.57724       16.37269       28.35833

 NSTEP =    25000   TIME(PS) =      70.000  TEMP(K) =   297.60  PRESS =     0.0
 Etot   =    -10651.9831  EKtot   =      1922.0163  EPtot      =    -12573.9994
 BOND   =         9.6457  ANGLE   =        14.0711  DIHED      =        11.1615
 1-4 NB =        10.7546  1-4 EEL =      -242.5932  VDWAALS    =      2396.5313
 EELEC  =    -14779.7666  EHBOND  =         0.0000  RESTRAINT  =         6.1961
 EAMBER (non-restraint)  =    -12580.1955
 EKCMT  =         0.0000  VIRIAL  =         0.0000  VOLUME     =     32252.0209
                                                    Density    =         1.0057
 Ewald error estimate:   0.6081E-03
 ------------------------------------------------------------------------------

wrapping first mol.:       11.55398       16.33979       28.30134

 NSTEP =    25500   TIME(PS) =      71.000  TEMP(K) =   295.11  PRESS =     0.0
 Etot   =    -10689.2250  EKtot   =      1905.9463  EPtot      =    -12595.1713
 BOND   =         4.5946  ANGLE   =        21.1336  DIHED      =        11.5258
 1-4 NB =        14.1898  1-4 EEL =      -249.8887  VDWAALS    =      2468.8256
 EELEC  =    -14875.9138  EHBOND  =         0.0000  RESTRAINT  =        10.3619
 EAMBER (non-restraint)  =    -12605.5332
 EKCMT  =         0.0000  VIRIAL  =         0.0000  VOLUME     =     32057.9678
                                                    Density    =         1.0118
 Ewald error estimate:   0.1288E-03
 ------------------------------------------------------------------------------

wrapping first mol.:       11.55496       16.34118       28.30375

 NSTEP =    26000   TIME(PS) =      72.000  TEMP(K) =   303.93  PRESS =     0.0
 Etot   =    -10697.7960  EKtot   =      1962.8965  EPtot      =    -12660.6924
 BOND   =         9.7106  ANGLE   =        16.1402  DIHED      =        11.9357
 1-4 NB =        12.4947  1-4 EEL =      -248.8449  VDWAALS    =      2356.8632
 EELEC  =    -14827.7315  EHBOND  =         0.0000  RESTRAINT  =         8.7394
 EAMBER (non-restraint)  =    -12669.4319
 EKCMT  =         0.0000  VIRIAL  =         0.0000  VOLUME     =     32066.1578
                                                    Density    =         1.0116
 Ewald error estimate:   0.1474E-03
 ------------------------------------------------------------------------------

wrapping first mol.:       11.51314       16.28204       28.20132

 NSTEP =    26500   TIME(PS) =      73.000  TEMP(K) =   298.29  PRESS =     0.0
 Etot   =    -10699.4511  EKtot   =      1926.4968  EPtot      =    -12625.9479
 BOND   =         7.7074  ANGLE   =        19.6606  DIHED      =        14.6982
 1-4 NB =        12.1616  1-4 EEL =      -246.9974  VDWAALS    =      2491.0623
 EELEC  =    -14935.4293  EHBOND  =         0.0000  RESTRAINT  =        11.1886
 EAMBER (non-restraint)  =    -12637.1365
 EKCMT  =         0.0000  VIRIAL  =         0.0000  VOLUME     =     31719.2852
                                                    Density    =         1.0226
 Ewald error estimate:   0.2730E-03
 ------------------------------------------------------------------------------

wrapping first mol.:       11.56821       16.35992       28.33620

 NSTEP =    27000   TIME(PS) =      74.000  TEMP(K) =   300.55  PRESS =     0.0
 Etot   =    -10721.6787  EKtot   =      1941.0678  EPtot      =    -12662.7465
 BOND   =        10.2873  ANGLE   =        18.6670  DIHED      =        11.3239
 1-4 NB =        11.7498  1-4 EEL =      -247.8897  VDWAALS    =      2378.4973
 EELEC  =    -14855.1046  EHBOND  =         0.0000  RESTRAINT  =         9.7225
 EAMBER (non-restraint)  =    -12672.4690
 EKCMT  =         0.0000  VIRIAL  =         0.0000  VOLUME     =     32176.5856
                                                    Density    =         1.0081
 Ewald error estimate:   0.4492E-03
 ------------------------------------------------------------------------------

wrapping first mol.:       11.56521       16.35568       28.32887

 NSTEP =    27500   TIME(PS) =      75.000  TEMP(K) =   288.79  PRESS =     0.0
 Etot   =    -10712.3835  EKtot   =      1865.1010  EPtot      =    -12577.4845
 BOND   =        10.1245  ANGLE   =        13.6640  DIHED      =        16.9988
 1-4 NB =        13.1099  1-4 EEL =      -246.7348  VDWAALS    =      2396.5679
 EELEC  =    -14790.4080  EHBOND  =         0.0000  RESTRAINT  =         9.1933
 EAMBER (non-restraint)  =    -12586.6777
 EKCMT  =         0.0000  VIRIAL  =         0.0000  VOLUME     =     32151.6088
                                                    Density    =         1.0089
 Ewald error estimate:   0.1690E-04
 ------------------------------------------------------------------------------

wrapping first mol.:       11.57644       16.37156       28.35638

 NSTEP =    28000   TIME(PS) =      76.000  TEMP(K) =   299.73  PRESS =     0.0
 Etot   =    -10688.1572  EKtot   =      1935.7960  EPtot      =    -12623.9531
 BOND   =         5.8164  ANGLE   =        17.7987  DIHED      =        14.5178
 1-4 NB =        12.6528  1-4 EEL =      -248.3634  VDWAALS    =      2492.7601
 EELEC  =    -14927.0089  EHBOND  =         0.0000  RESTRAINT  =         7.8733
 EAMBER (non-restraint)  =    -12631.8265
 EKCMT  =         0.0000  VIRIAL  =         0.0000  VOLUME     =     32245.3540
                                                    Density    =         1.0059
 Ewald error estimate:   0.2901E-04
 ------------------------------------------------------------------------------

wrapping first mol.:       11.56015       16.34852       28.31646

 NSTEP =    28500   TIME(PS) =      77.000  TEMP(K) =   296.73  PRESS =     0.0
 Etot   =    -10783.4685  EKtot   =      1916.3954  EPtot      =    -12699.8639
 BOND   =         5.4038  ANGLE   =        15.7988  DIHED      =        14.3401
 1-4 NB =        11.2151  1-4 EEL =      -246.2109  VDWAALS    =      2377.7042
 EELEC  =    -14886.8824  EHBOND  =         0.0000  RESTRAINT  =         8.7674
 EAMBER (non-restraint)  =    -12708.6313
 EKCMT  =         0.0000  VIRIAL  =         0.0000  VOLUME     =     32109.3641
                                                    Density    =         1.0102
 Ewald error estimate:   0.1755E-03
 ------------------------------------------------------------------------------

wrapping first mol.:       11.58053       16.37735       28.36640

 NSTEP =    29000   TIME(PS) =      78.000  TEMP(K) =   304.50  PRESS =     0.0
 Etot   =    -10662.3083  EKtot   =      1966.5886  EPtot      =    -12628.8969
 BOND   =         6.5234  ANGLE   =        19.7188  DIHED      =        12.5443
 1-4 NB =        12.5352  1-4 EEL =      -243.9273  VDWAALS    =      2528.6129
 EELEC  =    -14974.9103  EHBOND  =         0.0000  RESTRAINT  =        10.0060
 EAMBER (non-restraint)  =    -12638.9030
 EKCMT  =         0.0000  VIRIAL  =         0.0000  VOLUME     =     32279.5459
                                                    Density    =         1.0049
 Ewald error estimate:   0.5774E-03
 ------------------------------------------------------------------------------

wrapping first mol.:       11.57065       16.36337       28.34218

 NSTEP =    29500   TIME(PS) =      79.000  TEMP(K) =   305.56  PRESS =     0.0
 Etot   =    -10613.4549  EKtot   =      1973.4438  EPtot      =    -12586.8987
 BOND   =        11.1473  ANGLE   =        13.8739  DIHED      =        13.8861
 1-4 NB =        11.5030  1-4 EEL =      -247.2555  VDWAALS    =      2488.0144
 EELEC  =    -14888.4773  EHBOND  =         0.0000  RESTRAINT  =        10.4093
 EAMBER (non-restraint)  =    -12597.3080
 EKCMT  =         0.0000  VIRIAL  =         0.0000  VOLUME     =     32196.9457
                                                    Density    =         1.0074
 Ewald error estimate:   0.2595E-03
 ------------------------------------------------------------------------------

wrapping first mol.:       11.55592       16.34253       28.30609

 NSTEP =    30000   TIME(PS) =      80.000  TEMP(K) =   297.19  PRESS =     0.0
 Etot   =    -10718.5881  EKtot   =      1919.3624  EPtot      =    -12637.9505
 BOND   =        11.4102  ANGLE   =        13.1903  DIHED      =        11.3024
 1-4 NB =        12.1461  1-4 EEL =      -248.5706  VDWAALS    =      2463.1448
 EELEC  =    -14911.6661  EHBOND  =         0.0000  RESTRAINT  =        11.0924
 EAMBER (non-restraint)  =    -12649.0429
 EKCMT  =         0.0000  VIRIAL  =         0.0000  VOLUME     =     32074.1227
                                                    Density    =         1.0113
 Ewald error estimate:   0.2633E-03
 ------------------------------------------------------------------------------

wrapping first mol.:       11.54735       16.33042       28.28511

 NSTEP =    30500   TIME(PS) =      81.000  TEMP(K) =   295.46  PRESS =     0.0
 Etot   =    -10831.6993  EKtot   =      1908.2058  EPtot      =    -12739.9050
 BOND   =         8.4576  ANGLE   =        17.8827  DIHED      =        12.0952
 1-4 NB =        13.3449  1-4 EEL =      -245.7114  VDWAALS    =      2464.8579
 EELEC  =    -15018.2314  EHBOND  =         0.0000  RESTRAINT  =         7.3995
 EAMBER (non-restraint)  =    -12747.3046
 EKCMT  =         0.0000  VIRIAL  =         0.0000  VOLUME     =     32002.8483
                                                    Density    =         1.0136
 Ewald error estimate:   0.1999E-03
 ------------------------------------------------------------------------------

wrapping first mol.:       11.55898       16.34687       28.31361

 NSTEP =    31000   TIME(PS) =      82.000  TEMP(K) =   297.01  PRESS =     0.0
 Etot   =    -10730.9481  EKtot   =      1918.2262  EPtot      =    -12649.1743
 BOND   =         6.2467  ANGLE   =        17.5143  DIHED      =        13.5893
 1-4 NB =        12.9256  1-4 EEL =      -249.8140  VDWAALS    =      2476.4066
 EELEC  =    -14935.4888  EHBOND  =         0.0000  RESTRAINT  =         9.4459
 EAMBER (non-restraint)  =    -12658.6202
 EKCMT  =         0.0000  VIRIAL  =         0.0000  VOLUME     =     32099.6652
                                                    Density    =         1.0105
 Ewald error estimate:   0.4135E-03
 ------------------------------------------------------------------------------

wrapping first mol.:       11.58704       16.38655       28.38233

 NSTEP =    31500   TIME(PS) =      83.000  TEMP(K) =   295.02  PRESS =     0.0
 Etot   =    -10862.1682  EKtot   =      1905.3640  EPtot      =    -12767.5322
 BOND   =         5.4010  ANGLE   =        22.0415  DIHED      =        14.0434
 1-4 NB =        12.5461  1-4 EEL =      -251.1124  VDWAALS    =      2476.4595
 EELEC  =    -15058.4870  EHBOND  =         0.0000  RESTRAINT  =        11.5757
 EAMBER (non-restraint)  =    -12779.1079
 EKCMT  =         0.0000  VIRIAL  =         0.0000  VOLUME     =     32333.9636
                                                    Density    =         1.0032
 Ewald error estimate:   0.1550E-03
 ------------------------------------------------------------------------------

wrapping first mol.:       11.59467       16.39734       28.40103

 NSTEP =    32000   TIME(PS) =      84.000  TEMP(K) =   285.31  PRESS =     0.0
 Etot   =    -10895.6598  EKtot   =      1842.6688  EPtot      =    -12738.3287
 BOND   =         6.1527  ANGLE   =        16.4943  DIHED      =        12.4593
 1-4 NB =        12.0998  1-4 EEL =      -247.4698  VDWAALS    =      2455.2769
 EELEC  =    -15001.8252  EHBOND  =         0.0000  RESTRAINT  =         8.4832
 EAMBER (non-restraint)  =    -12746.8119
 EKCMT  =         0.0000  VIRIAL  =         0.0000  VOLUME     =     32397.9307
                                                    Density    =         1.0012
 Ewald error estimate:   0.3373E-03
 ------------------------------------------------------------------------------

wrapping first mol.:       11.56015       16.34852       28.31646

 NSTEP =    32500   TIME(PS) =      85.000  TEMP(K) =   294.62  PRESS =     0.0
 Etot   =    -10895.1535  EKtot   =      1902.7725  EPtot      =    -12797.9261
 BOND   =         8.0789  ANGLE   =        19.7694  DIHED      =        12.9445
 1-4 NB =        12.2985  1-4 EEL =      -247.9851  VDWAALS    =      2561.0328
 EELEC  =    -15174.6429  EHBOND  =         0.0000  RESTRAINT  =        10.5778
 EAMBER (non-restraint)  =    -12808.5039
 EKCMT  =         0.0000  VIRIAL  =         0.0000  VOLUME     =     32109.3831
                                                    Density    =         1.0102
 Ewald error estimate:   0.1130E-03
 ------------------------------------------------------------------------------

wrapping first mol.:       11.58623       16.38541       28.38036

 NSTEP =    33000   TIME(PS) =      86.000  TEMP(K) =   297.28  PRESS =     0.0
 Etot   =    -10864.0932  EKtot   =      1919.9411  EPtot      =    -12784.0342
 BOND   =         7.9126  ANGLE   =        13.8280  DIHED      =        11.5697
 1-4 NB =        12.8932  1-4 EEL =      -248.8346  VDWAALS    =      2471.9022
 EELEC  =    -15062.3725  EHBOND  =         0.0000  RESTRAINT  =         9.0670
 EAMBER (non-restraint)  =    -12793.1012
 EKCMT  =         0.0000  VIRIAL  =         0.0000  VOLUME     =     32327.2436
                                                    Density    =         1.0034
 Ewald error estimate:   0.3907E-03
 ------------------------------------------------------------------------------

wrapping first mol.:       11.57812       16.37393       28.36048

 NSTEP =    33500   TIME(PS) =      87.000  TEMP(K) =   303.12  PRESS =     0.0
 Etot   =    -10736.4967  EKtot   =      1957.6671  EPtot      =    -12694.1639
 BOND   =         7.8636  ANGLE   =        12.2711  DIHED      =        16.3828
 1-4 NB =        14.1967  1-4 EEL =      -246.9917  VDWAALS    =      2545.5707
 EELEC  =    -15049.6775  EHBOND  =         0.0000  RESTRAINT  =         6.2204
 EAMBER (non-restraint)  =    -12700.3842
 EKCMT  =         0.0000  VIRIAL  =         0.0000  VOLUME     =     32259.3723
                                                    Density    =         1.0055
 Ewald error estimate:   0.4810E-04
 ------------------------------------------------------------------------------

wrapping first mol.:       11.58462       16.38313       28.37641

 NSTEP =    34000   TIME(PS) =      88.000  TEMP(K) =   295.06  PRESS =     0.0
 Etot   =    -10881.8134  EKtot   =      1905.6200  EPtot      =    -12787.4334
 BOND   =         9.2385  ANGLE   =        14.0374  DIHED      =        13.6095
 1-4 NB =        11.1268  1-4 EEL =      -244.6311  VDWAALS    =      2529.0577
 EELEC  =    -15130.3074  EHBOND  =         0.0000  RESTRAINT  =        10.4351
 EAMBER (non-restraint)  =    -12797.8685
 EKCMT  =         0.0000  VIRIAL  =         0.0000  VOLUME     =     32313.7311
                                                    Density    =         1.0038
 Ewald error estimate:   0.5018E-04
 ------------------------------------------------------------------------------

wrapping first mol.:       11.59215       16.39377       28.39485

 NSTEP =    34500   TIME(PS) =      89.000  TEMP(K) =   297.43  PRESS =     0.0
 Etot   =    -10722.2804  EKtot   =      1920.8916  EPtot      =    -12643.1720
 BOND   =        10.8271  ANGLE   =        15.2213  DIHED      =        13.4355
 1-4 NB =        10.9824  1-4 EEL =      -247.3877  VDWAALS    =      2440.8735
 EELEC  =    -14896.4429  EHBOND  =         0.0000  RESTRAINT  =         9.3189
 EAMBER (non-restraint)  =    -12652.4908
 EKCMT  =         0.0000  VIRIAL  =         0.0000  VOLUME     =     32376.7766
                                                    Density    =         1.0018
 Ewald error estimate:   0.5877E-04
 ------------------------------------------------------------------------------

wrapping first mol.:       11.59331       16.39542       28.39769

 NSTEP =    35000   TIME(PS) =      90.000  TEMP(K) =   296.51  PRESS =     0.0
 Etot   =    -10745.9930  EKtot   =      1914.9942  EPtot      =    -12660.9873
 BOND   =         7.1079  ANGLE   =        11.6302  DIHED      =        14.2188
 1-4 NB =        12.7356  1-4 EEL =      -250.0347  VDWAALS    =      2601.6591
 EELEC  =    -15067.7626  EHBOND  =         0.0000  RESTRAINT  =         9.4584
 EAMBER (non-restraint)  =    -12670.4457
 EKCMT  =         0.0000  VIRIAL  =         0.0000  VOLUME     =     32386.5070
                                                    Density    =         1.0015
 Ewald error estimate:   0.7579E-04
 ------------------------------------------------------------------------------

wrapping first mol.:       11.64238       16.46481       28.51788

 NSTEP =    35500   TIME(PS) =      91.000  TEMP(K) =   305.06  PRESS =     0.0
 Etot   =    -10649.5822  EKtot   =      1970.2154  EPtot      =    -12619.7976
 BOND   =         7.2027  ANGLE   =        12.0786  DIHED      =        16.0366
 1-4 NB =        11.7546  1-4 EEL =      -246.8855  VDWAALS    =      2392.1153
 EELEC  =    -14823.9152  EHBOND  =         0.0000  RESTRAINT  =        11.8154
 EAMBER (non-restraint)  =    -12631.6129
 EKCMT  =         0.0000  VIRIAL  =         0.0000  VOLUME     =     32799.4509
                                                    Density    =         0.9889
 Ewald error estimate:   0.3064E-03
 ------------------------------------------------------------------------------

wrapping first mol.:       11.60450       16.41125       28.42511

 NSTEP =    36000   TIME(PS) =      92.000  TEMP(K) =   292.82  PRESS =     0.0
 Etot   =    -10704.4133  EKtot   =      1891.1594  EPtot      =    -12595.5727
 BOND   =         5.7994  ANGLE   =        16.9412  DIHED      =        15.2176
 1-4 NB =        13.8351  1-4 EEL =      -247.9853  VDWAALS    =      2408.5560
 EELEC  =    -14816.2637  EHBOND  =         0.0000  RESTRAINT  =         8.3270
 EAMBER (non-restraint)  =    -12603.8997
 EKCMT  =         0.0000  VIRIAL  =         0.0000  VOLUME     =     32480.4024
                                                    Density    =         0.9987
 Ewald error estimate:   0.4708E-04
 ------------------------------------------------------------------------------

wrapping first mol.:       11.60450       16.41125       28.42511

 NSTEP =    36500   TIME(PS) =      93.000  TEMP(K) =   299.65  PRESS =     0.0
 Etot   =    -10641.9659  EKtot   =      1935.2801  EPtot      =    -12577.2460
 BOND   =         9.1813  ANGLE   =        15.5381  DIHED      =        12.3236
 1-4 NB =        11.8151  1-4 EEL =      -246.2300  VDWAALS    =      2413.8038
 EELEC  =    -14802.8859  EHBOND  =         0.0000  RESTRAINT  =         9.2079
 EAMBER (non-restraint)  =    -12586.4539
 EKCMT  =         0.0000  VIRIAL  =         0.0000  VOLUME     =     32480.4024
                                                    Density    =         0.9987
 Ewald error estimate:   0.7862E-04
 ------------------------------------------------------------------------------

wrapping first mol.:       11.58185       16.37921       28.36962

 NSTEP =    37000   TIME(PS) =      94.000  TEMP(K) =   308.07  PRESS =     0.0
 Etot   =    -10626.6761  EKtot   =      1989.6455  EPtot      =    -12616.3216
 BOND   =         6.7772  ANGLE   =        15.6442  DIHED      =        13.9896
 1-4 NB =        14.0127  1-4 EEL =      -246.8620  VDWAALS    =      2428.5735
 EELEC  =    -14858.6912  EHBOND  =         0.0000  RESTRAINT  =        10.2344
 EAMBER (non-restraint)  =    -12626.5560
 EKCMT  =         0.0000  VIRIAL  =         0.0000  VOLUME     =     32290.5638
                                                    Density    =         1.0045
 Ewald error estimate:   0.9925E-04
 ------------------------------------------------------------------------------

wrapping first mol.:       11.55599       16.34264       28.30629

 NSTEP =    37500   TIME(PS) =      95.000  TEMP(K) =   300.68  PRESS =     0.0
 Etot   =    -10712.2611  EKtot   =      1941.9229  EPtot      =    -12654.1840
 BOND   =         7.2939  ANGLE   =        15.0591  DIHED      =        12.5712
 1-4 NB =        12.2448  1-4 EEL =      -249.2601  VDWAALS    =      2454.0570
 EELEC  =    -14915.9781  EHBOND  =         0.0000  RESTRAINT  =         9.8281
 EAMBER (non-restraint)  =    -12664.0122
 EKCMT  =         0.0000  VIRIAL  =         0.0000  VOLUME     =     32074.7739
                                                    Density    =         1.0113
 Ewald error estimate:   0.1732E-03
 ------------------------------------------------------------------------------

wrapping first mol.:       11.55788       16.34531       28.31090

 NSTEP =    38000   TIME(PS) =      96.000  TEMP(K) =   298.45  PRESS =     0.0
 Etot   =    -10787.2411  EKtot   =      1927.4976  EPtot      =    -12714.7387
 BOND   =         4.9094  ANGLE   =        13.4811  DIHED      =        13.2613
 1-4 NB =        11.6228  1-4 EEL =      -247.5680  VDWAALS    =      2410.3861
 EELEC  =    -14931.4750  EHBOND  =         0.0000  RESTRAINT  =        10.6435
 EAMBER (non-restraint)  =    -12725.3822
 EKCMT  =         0.0000  VIRIAL  =         0.0000  VOLUME     =     32090.4611
                                                    Density    =         1.0108
 Ewald error estimate:   0.1483E-03
 ------------------------------------------------------------------------------

wrapping first mol.:       11.55994       16.34822       28.31594

 NSTEP =    38500   TIME(PS) =      97.000  TEMP(K) =   296.06  PRESS =     0.0
 Etot   =    -10740.3048  EKtot   =      1912.0592  EPtot      =    -12652.3640
 BOND   =         6.2935  ANGLE   =        16.5268  DIHED      =        13.4860
 1-4 NB =        13.5534  1-4 EEL =      -247.3660  VDWAALS    =      2471.5500
 EELEC  =    -14935.3077  EHBOND  =         0.0000  RESTRAINT  =         8.9000
 EAMBER (non-restraint)  =    -12661.2640
 EKCMT  =         0.0000  VIRIAL  =         0.0000  VOLUME     =     32107.6213
                                                    Density    =         1.0102
 Ewald error estimate:   0.2329E-03
 ------------------------------------------------------------------------------

wrapping first mol.:       11.54786       16.33113       28.28635

 NSTEP =    39000   TIME(PS) =      98.000  TEMP(K) =   291.22  PRESS =     0.0
 Etot   =    -10795.6107  EKtot   =      1880.8118  EPtot      =    -12676.4225
 BOND   =         5.0868  ANGLE   =        14.8960  DIHED      =        12.8798
 1-4 NB =        12.8938  1-4 EEL =      -248.4010  VDWAALS    =      2629.0066
 EELEC  =    -15114.3114  EHBOND  =         0.0000  RESTRAINT  =        11.5268
 EAMBER (non-restraint)  =    -12687.9493
 EKCMT  =         0.0000  VIRIAL  =         0.0000  VOLUME     =     32007.0575
                                                    Density    =         1.0134
 Ewald error estimate:   0.3495E-03
 ------------------------------------------------------------------------------

wrapping first mol.:       11.56336       16.35306       28.32433

 NSTEP =    39500   TIME(PS) =      99.000  TEMP(K) =   295.84  PRESS =     0.0
 Etot   =    -10742.2510  EKtot   =      1910.6624  EPtot      =    -12652.9134
 BOND   =         4.3921  ANGLE   =        16.9844  DIHED      =        12.7853
 1-4 NB =        13.1242  1-4 EEL =      -248.6935  VDWAALS    =      2531.0911
 EELEC  =    -14991.4609  EHBOND  =         0.0000  RESTRAINT  =         8.8641
 EAMBER (non-restraint)  =    -12661.7774
 EKCMT  =         0.0000  VIRIAL  =         0.0000  VOLUME     =     32136.1508
                                                    Density    =         1.0093
 Ewald error estimate:   0.2653E-03
 ------------------------------------------------------------------------------

wrapping first mol.:       11.55633       16.34312       28.30712

 NSTEP =    40000   TIME(PS) =     100.000  TEMP(K) =   291.61  PRESS =     0.0
 Etot   =    -10769.7668  EKtot   =      1883.3312  EPtot      =    -12653.0980
 BOND   =         5.0786  ANGLE   =        12.1975  DIHED      =        14.4393
 1-4 NB =        13.4791  1-4 EEL =      -249.2059  VDWAALS    =      2442.1508
 EELEC  =    -14898.7965  EHBOND  =         0.0000  RESTRAINT  =         7.5592
 EAMBER (non-restraint)  =    -12660.6572
 EKCMT  =         0.0000  VIRIAL  =         0.0000  VOLUME     =     32077.5962
                                                    Density    =         1.0112
 Ewald error estimate:   0.1611E-03
 ------------------------------------------------------------------------------

wrapping first mol.:       11.58155       16.37878       28.36888

 NSTEP =    40500   TIME(PS) =     101.000  TEMP(K) =   286.36  PRESS =     0.0
 Etot   =    -10796.2689  EKtot   =      1849.4377  EPtot      =    -12645.7065
 BOND   =         4.9026  ANGLE   =        17.1399  DIHED      =        15.3005
 1-4 NB =        12.6999  1-4 EEL =      -247.7077  VDWAALS    =      2472.6237
 EELEC  =    -14927.1876  EHBOND  =         0.0000  RESTRAINT  =         6.5222
 EAMBER (non-restraint)  =    -12652.2287
 EKCMT  =         0.0000  VIRIAL  =         0.0000  VOLUME     =     32288.0141
                                                    Density    =         1.0046
 Ewald error estimate:   0.1963E-03
 ------------------------------------------------------------------------------

wrapping first mol.:       11.60188       16.40754       28.41869

 NSTEP =    41000   TIME(PS) =     102.000  TEMP(K) =   303.64  PRESS =     0.0
 Etot   =    -10839.9179  EKtot   =      1961.0059  EPtot      =    -12800.9238
 BOND   =        10.2256  ANGLE   =        11.6086  DIHED      =        12.2082
 1-4 NB =        11.6184  1-4 EEL =      -246.2721  VDWAALS    =      2534.7083
 EELEC  =    -15142.6159  EHBOND  =         0.0000  RESTRAINT  =         7.5950
 EAMBER (non-restraint)  =    -12808.5188
 EKCMT  =         0.0000  VIRIAL  =         0.0000  VOLUME     =     32458.4009
                                                    Density    =         0.9993
 Ewald error estimate:   0.1943E-03
 ------------------------------------------------------------------------------

wrapping first mol.:       11.60188       16.40754       28.41869

 NSTEP =    41500   TIME(PS) =     103.000  TEMP(K) =   301.74  PRESS =     0.0
 Etot   =    -10779.5572  EKtot   =      1948.7365  EPtot      =    -12728.2937
 BOND   =         6.2461  ANGLE   =        14.9031  DIHED      =        14.9865
 1-4 NB =        13.2637  1-4 EEL =      -247.1693  VDWAALS    =      2560.1076
 EELEC  =    -15100.5886  EHBOND  =         0.0000  RESTRAINT  =         9.9570
 EAMBER (non-restraint)  =    -12738.2508
 EKCMT  =         0.0000  VIRIAL  =         0.0000  VOLUME     =     32458.4009
                                                    Density    =         0.9993
 Ewald error estimate:   0.3574E-04
 ------------------------------------------------------------------------------

wrapping first mol.:       11.61012       16.41920       28.43888

 NSTEP =    42000   TIME(PS) =     104.000  TEMP(K) =   295.96  PRESS =     0.0
 Etot   =    -10782.4346  EKtot   =      1911.4042  EPtot      =    -12693.8387
 BOND   =         9.6562  ANGLE   =        12.1021  DIHED      =        13.6286
 1-4 NB =        12.0769  1-4 EEL =      -245.7427  VDWAALS    =      2477.7438
 EELEC  =    -14982.7535  EHBOND  =         0.0000  RESTRAINT  =         9.4499
 EAMBER (non-restraint)  =    -12703.2886
 EKCMT  =         0.0000  VIRIAL  =         0.0000  VOLUME     =     32527.6234
                                                    Density    =         0.9972
 Ewald error estimate:   0.2084E-03
 ------------------------------------------------------------------------------

wrapping first mol.:       11.59789       16.40189       28.40890

 NSTEP =    42500   TIME(PS) =     105.000  TEMP(K) =   291.06  PRESS =     0.0
 Etot   =    -10805.0899  EKtot   =      1879.7740  EPtot      =    -12684.8640
 BOND   =         4.0365  ANGLE   =        18.0054  DIHED      =        13.0173
 1-4 NB =        13.8805  1-4 EEL =      -249.0719  VDWAALS    =      2448.7844
 EELEC  =    -14947.7326  EHBOND  =         0.0000  RESTRAINT  =        14.2163
 EAMBER (non-restraint)  =    -12699.0803
 EKCMT  =         0.0000  VIRIAL  =         0.0000  VOLUME     =     32424.8642
                                                    Density    =         1.0004
 Ewald error estimate:   0.5606E-04
 ------------------------------------------------------------------------------

wrapping first mol.:       11.57497       16.36948       28.35277

 NSTEP =    43000   TIME(PS) =     106.000  TEMP(K) =   289.43  PRESS =     0.0
 Etot   =    -10803.6827  EKtot   =      1869.2437  EPtot      =    -12672.9264
 BOND   =         5.3292  ANGLE   =        16.0842  DIHED      =        12.2437
 1-4 NB =        12.2192  1-4 EEL =      -246.7213  VDWAALS    =      2478.0340
 EELEC  =    -14962.1358  EHBOND  =         0.0000  RESTRAINT  =        12.0205
 EAMBER (non-restraint)  =    -12684.9469
 EKCMT  =         0.0000  VIRIAL  =         0.0000  VOLUME     =     32233.0471
                                                    Density    =         1.0063
 Ewald error estimate:   0.2093E-03
 ------------------------------------------------------------------------------

wrapping first mol.:       11.52426       16.29777       28.22856

 NSTEP =    43500   TIME(PS) =     107.000  TEMP(K) =   296.00  PRESS =     0.0
 Etot   =    -10812.6681  EKtot   =      1911.7013  EPtot      =    -12724.3693
 BOND   =         8.3316  ANGLE   =        14.3655  DIHED      =        13.8039
 1-4 NB =        11.5250  1-4 EEL =      -245.5125  VDWAALS    =      2611.6505
 EELEC  =    -15145.3439  EHBOND  =         0.0000  RESTRAINT  =         6.8106
 EAMBER (non-restraint)  =    -12731.1799
 EKCMT  =         0.0000  VIRIAL  =         0.0000  VOLUME     =     31811.2770
                                                    Density    =         1.0197
 Ewald error estimate:   0.2244E-03
 ------------------------------------------------------------------------------

wrapping first mol.:       11.54275       16.32391       28.27384

 NSTEP =    44000   TIME(PS) =     108.000  TEMP(K) =   298.08  PRESS =     0.0
 Etot   =    -10778.3250  EKtot   =      1925.0946  EPtot      =    -12703.4195
 BOND   =         7.4678  ANGLE   =        13.2561  DIHED      =        13.2993
 1-4 NB =        13.0377  1-4 EEL =      -248.4945  VDWAALS    =      2470.6767
 EELEC  =    -14980.6771  EHBOND  =         0.0000  RESTRAINT  =         8.0145
 EAMBER (non-restraint)  =    -12711.4340
 EKCMT  =         0.0000  VIRIAL  =         0.0000  VOLUME     =     31964.6072
                                                    Density    =         1.0148
 Ewald error estimate:   0.1141E-05
 ------------------------------------------------------------------------------

wrapping first mol.:       11.53687       16.31560       28.25945

 NSTEP =    44500   TIME(PS) =     109.000  TEMP(K) =   299.25  PRESS =     0.0
 Etot   =    -10782.7220  EKtot   =      1932.6441  EPtot      =    -12715.3660
 BOND   =         6.6638  ANGLE   =        12.5160  DIHED      =        12.9818
 1-4 NB =        12.5732  1-4 EEL =      -247.8034  VDWAALS    =      2603.8430
 EELEC  =    -15127.5844  EHBOND  =         0.0000  RESTRAINT  =        11.4440
 EAMBER (non-restraint)  =    -12726.8101
 EKCMT  =         0.0000  VIRIAL  =         0.0000  VOLUME     =     31915.8276
                                                    Density    =         1.0163
 Ewald error estimate:   0.1154E-03
 ------------------------------------------------------------------------------

wrapping first mol.:       11.56171       16.35073       28.32029

 NSTEP =    45000   TIME(PS) =     110.000  TEMP(K) =   307.32  PRESS =     0.0
 Etot   =    -10728.1140  EKtot   =      1984.8028  EPtot      =    -12712.9168
 BOND   =         5.3489  ANGLE   =        12.4695  DIHED      =        12.8582
 1-4 NB =        13.1086  1-4 EEL =      -247.8082  VDWAALS    =      2569.9085
 EELEC  =    -15087.3574  EHBOND  =         0.0000  RESTRAINT  =         8.5551
 EAMBER (non-restraint)  =    -12721.4719
 EKCMT  =         0.0000  VIRIAL  =         0.0000  VOLUME     =     32122.4130
                                                    Density    =         1.0098
 Ewald error estimate:   0.2576E-03
 ------------------------------------------------------------------------------

wrapping first mol.:       11.55915       16.34711       28.31402

 NSTEP =    45500   TIME(PS) =     111.000  TEMP(K) =   302.80  PRESS =     0.0
 Etot   =    -10729.9339  EKtot   =      1955.5641  EPtot      =    -12685.4980
 BOND   =         8.4986  ANGLE   =        11.8397  DIHED      =        11.7535
 1-4 NB =        11.9576  1-4 EEL =      -248.3519  VDWAALS    =      2494.8735
 EELEC  =    -14988.7669  EHBOND  =         0.0000  RESTRAINT  =        12.6980
 EAMBER (non-restraint)  =    -12698.1960
 EKCMT  =         0.0000  VIRIAL  =         0.0000  VOLUME     =     32101.0784
                                                    Density    =         1.0105
 Ewald error estimate:   0.1123E-03
 ------------------------------------------------------------------------------

wrapping first mol.:       11.55915       16.34711       28.31402

 NSTEP =    46000   TIME(PS) =     112.000  TEMP(K) =   296.30  PRESS =     0.0
 Etot   =    -10865.7242  EKtot   =      1913.6297  EPtot      =    -12779.3539
 BOND   =         8.3554  ANGLE   =        16.1997  DIHED      =        13.2652
 1-4 NB =        13.2160  1-4 EEL =      -246.8621  VDWAALS    =      2591.4057
 EELEC  =    -15185.4113  EHBOND  =         0.0000  RESTRAINT  =        10.4774
 EAMBER (non-restraint)  =    -12789.8313
 EKCMT  =         0.0000  VIRIAL  =         0.0000  VOLUME     =     32101.0784
                                                    Density    =         1.0105
 Ewald error estimate:   0.8366E-04
 ------------------------------------------------------------------------------

wrapping first mol.:       11.56188       16.35097       28.32071

 NSTEP =    46500   TIME(PS) =     113.000  TEMP(K) =   293.55  PRESS =     0.0
 Etot   =    -10813.7367  EKtot   =      1895.8320  EPtot      =    -12709.5687
 BOND   =         9.0025  ANGLE   =        16.4142  DIHED      =        10.0820
 1-4 NB =        11.8322  1-4 EEL =      -244.5687  VDWAALS    =      2500.4563
 EELEC  =    -15021.2841  EHBOND  =         0.0000  RESTRAINT  =         8.4971
 EAMBER (non-restraint)  =    -12718.0657
 EKCMT  =         0.0000  VIRIAL  =         0.0000  VOLUME     =     32123.8318
                                                    Density    =         1.0097
 Ewald error estimate:   0.4474E-03
 ------------------------------------------------------------------------------

wrapping first mol.:       11.57662       16.37182       28.35681

 NSTEP =    47000   TIME(PS) =     114.000  TEMP(K) =   296.82  PRESS =     0.0
 Etot   =    -10781.9239  EKtot   =      1916.9848  EPtot      =    -12698.9087
 BOND   =        10.5200  ANGLE   =        14.8708  DIHED      =        14.1575
 1-4 NB =        11.3094  1-4 EEL =      -244.8086  VDWAALS    =      2513.5992
 EELEC  =    -15032.1009  EHBOND  =         0.0000  RESTRAINT  =        13.5438
 EAMBER (non-restraint)  =    -12712.4525
 EKCMT  =         0.0000  VIRIAL  =         0.0000  VOLUME     =     32246.8485
                                                    Density    =         1.0059
 Ewald error estimate:   0.1692E-03
 ------------------------------------------------------------------------------

wrapping first mol.:       11.55589       16.34249       28.30603

 NSTEP =    47500   TIME(PS) =     115.000  TEMP(K) =   303.30  PRESS =     0.0
 Etot   =    -10762.6547  EKtot   =      1958.8134  EPtot      =    -12721.4681
 BOND   =         8.3784  ANGLE   =        15.9638  DIHED      =        13.2154
 1-4 NB =        12.6151  1-4 EEL =      -247.6242  VDWAALS    =      2472.2731
 EELEC  =    -15004.4371  EHBOND  =         0.0000  RESTRAINT  =         8.1474
 EAMBER (non-restraint)  =    -12729.6155
 EKCMT  =         0.0000  VIRIAL  =         0.0000  VOLUME     =     32073.9002
                                                    Density    =         1.0113
 Ewald error estimate:   0.2980E-03
 ------------------------------------------------------------------------------

wrapping first mol.:       11.52970       16.30546       28.24188

 NSTEP =    48000   TIME(PS) =     116.000  TEMP(K) =   295.24  PRESS =     0.0
 Etot   =    -10830.1494  EKtot   =      1906.7595  EPtot      =    -12736.9089
 BOND   =         9.5750  ANGLE   =        13.6472  DIHED      =        12.9343
 1-4 NB =        10.8840  1-4 EEL =      -247.1308  VDWAALS    =      2465.5870
 EELEC  =    -15012.2616  EHBOND  =         0.0000  RESTRAINT  =         9.8561
 EAMBER (non-restraint)  =    -12746.7650
 EKCMT  =         0.0000  VIRIAL  =         0.0000  VOLUME     =     31856.3379
                                                    Density    =         1.0182
 Ewald error estimate:   0.2152E-03
 ------------------------------------------------------------------------------

wrapping first mol.:       11.50750       16.27406       28.18750

 NSTEP =    48500   TIME(PS) =     117.000  TEMP(K) =   290.16  PRESS =     0.0
 Etot   =    -10859.2506  EKtot   =      1873.9833  EPtot      =    -12733.2339
 BOND   =         6.0170  ANGLE   =        14.9735  DIHED      =        12.9687
 1-4 NB =        12.1916  1-4 EEL =      -245.0250  VDWAALS    =      2517.8318
 EELEC  =    -15058.9947  EHBOND  =         0.0000  RESTRAINT  =         6.8033
 EAMBER (non-restraint)  =    -12740.0372
 EKCMT  =         0.0000  VIRIAL  =         0.0000  VOLUME     =     31672.6791
                                                    Density    =         1.0241
 Ewald error estimate:   0.6546E-04
 ------------------------------------------------------------------------------

wrapping first mol.:       11.49388       16.25480       28.15414

 NSTEP =    49000   TIME(PS) =     118.000  TEMP(K) =   303.91  PRESS =     0.0
 Etot   =    -10748.9890  EKtot   =      1962.7817  EPtot      =    -12711.7708
 BOND   =         5.2582  ANGLE   =        13.3578  DIHED      =        19.4681
 1-4 NB =        12.6673  1-4 EEL =      -247.4396  VDWAALS    =      2513.3737
 EELEC  =    -15042.5868  EHBOND  =         0.0000  RESTRAINT  =        14.1305
 EAMBER (non-restraint)  =    -12725.9013
 EKCMT  =         0.0000  VIRIAL  =         0.0000  VOLUME     =     31560.3378
                                                    Density    =         1.0278
 Ewald error estimate:   0.3893E-03
 ------------------------------------------------------------------------------

wrapping first mol.:       11.49359       16.25439       28.15343

 NSTEP =    49500   TIME(PS) =     119.000  TEMP(K) =   309.40  PRESS =     0.0
 Etot   =    -10751.6073  EKtot   =      1998.2396  EPtot      =    -12749.8470
 BOND   =         4.1120  ANGLE   =        17.2268  DIHED      =        12.9169
 1-4 NB =        13.9153  1-4 EEL =      -248.7638  VDWAALS    =      2550.2052
 EELEC  =    -15106.7983  EHBOND  =         0.0000  RESTRAINT  =         7.3392
 EAMBER (non-restraint)  =    -12757.1861
 EKCMT  =         0.0000  VIRIAL  =         0.0000  VOLUME     =     31557.9519
                                                    Density    =         1.0278
 Ewald error estimate:   0.3078E-03
 ------------------------------------------------------------------------------

wrapping first mol.:       11.53655       16.31514       28.25866
wrapping first mol.:       11.53655       16.31514       28.25866

 NSTEP =    50000   TIME(PS) =     120.000  TEMP(K) =   301.98  PRESS =     0.0
 Etot   =    -10759.5125  EKtot   =      1950.3006  EPtot      =    -12709.8131
 BOND   =         6.0000  ANGLE   =        17.0878  DIHED      =        14.1098
 1-4 NB =        11.6563  1-4 EEL =      -247.1766  VDWAALS    =      2562.7835
 EELEC  =    -15083.8972  EHBOND  =         0.0000  RESTRAINT  =         9.6233
 EAMBER (non-restraint)  =    -12719.4365
 EKCMT  =         0.0000  VIRIAL  =         0.0000  VOLUME     =     31913.1398
                                                    Density    =         1.0164
 Ewald error estimate:   0.2369E-03
 ------------------------------------------------------------------------------


      A V E R A G E S   O V E R     100 S T E P S


 NSTEP =    50000   TIME(PS) =     120.000  TEMP(K) =   297.36  PRESS =     0.0
 Etot   =    -10730.6433  EKtot   =      1920.4315  EPtot      =    -12651.0748
 BOND   =         7.2886  ANGLE   =        15.8775  DIHED      =        13.2583
 1-4 NB =        12.4955  1-4 EEL =      -247.2818  VDWAALS    =      2479.2910
 EELEC  =    -14941.4137  EHBOND  =         0.0000  RESTRAINT  =         9.4099
 EAMBER (non-restraint)  =    -12660.4847
 EKCMT  =         0.0000  VIRIAL  =         0.0000  VOLUME     =     32463.3276
                                                    Density    =         0.9998
 Ewald error estimate:   0.1856E-03
 ------------------------------------------------------------------------------


      R M S  F L U C T U A T I O N S


 NSTEP =    50000   TIME(PS) =     120.000  TEMP(K) =     5.05  PRESS =     0.0
 Etot   =        73.4816  EKtot   =        32.5981  EPtot      =        69.3888
 BOND   =         1.9018  ANGLE   =         2.7430  DIHED      =         1.5641
 1-4 NB =         0.9004  1-4 EEL =         1.5629  VDWAALS    =        63.8628
 EELEC  =       111.6218  EHBOND  =         0.0000  RESTRAINT  =         1.7272
 EAMBER (non-restraint)  =        67.6615
 EKCMT  =         0.0000  VIRIAL  =         0.0000  VOLUME     =       810.9626
                                                    Density    =         0.0232
 Ewald error estimate:   0.1347E-03
 ------------------------------------------------------------------------------

| MC Barostat:        500 volume changes attempted.
| MC Barostat:        240 changes successful ( 48.00%)
 ------------------------------------------------------------------------------

--------------------------------------------------------------------------------
   5.  TIMINGS
--------------------------------------------------------------------------------

|  NonSetup CPU Time in Major Routines, Average for All Tasks:
|
|     Routine           Sec        %
|     ------------------------------
|     DataDistrib       9.76    9.47
|     Nonbond          87.86   85.20
|     Bond              0.14    0.13
|     Angle             0.16    0.16
|     Dihedral          0.20    0.20
|     Shake             0.60    0.59
|     RunMD             4.20    4.07
|     Other             0.19    0.18
|     ------------------------------
|     Total           103.12

|  PME Nonbond Pairlist CPU Time, Average for All Tasks:
|
|     Routine              Sec        %
|     ---------------------------------
|     Set Up Cit           0.28    0.28
|     Build List          10.42   10.11
|     ---------------------------------
|     Total               10.71   10.38

|  PME Direct Force CPU Time, Average for All Tasks:
|
|     Routine              Sec        %
|     ---------------------------------
|     NonBonded Calc      60.73   58.89
|     Exclude Masked       0.67    0.65
|     Other                2.37    2.30
|     ---------------------------------
|     Total               63.78   61.84

|  PME Reciprocal Force CPU Time, Average for All Tasks:
|
|     Routine              Sec        %
|     ---------------------------------
|     1D bspline           1.11    1.07
|     Grid Charges         1.21    1.18
|     Scalar Sum           1.16    1.13
|     Gradient Sum         2.10    2.04
|     FFT                  7.49    7.26
|     ---------------------------------
|     Total               13.08   12.68

|  PME Load Balancing CPU Time, Average for All Tasks:
|
|     Routine                 Sec        %
|     ------------------------------------
|     Atom Reassign           0.00    0.00
|     Image Reassign          0.01    0.01
|     FFT Reassign            0.00    0.00
|     ------------------------------------
|     Total                   0.01    0.01

|  Final Performance Info:
|     -----------------------------------------------------
|     Average timings for last   20500 steps:
|     Elapsed(s) =      42.55 Per Step(ms) =       2.08
|         ns/day =      83.25   seconds/ns =    1037.79
|
|     Average timings for all steps:
|     Elapsed(s) =     103.18 Per Step(ms) =       2.06
|         ns/day =      83.74   seconds/ns =    1031.82
|     -----------------------------------------------------

|  Master Setup CPU time:            0.03 seconds
|  Master NonSetup CPU time:       102.85 seconds
|  Master Total CPU time:          102.88 seconds     0.03 hours

|  Master Setup wall time:           1    seconds
|  Master NonSetup wall time:      103    seconds
|  Master Total wall time:         104    seconds     0.03 hours
