<++>-----------------------------------------------------------------------<++>
<++> mdgx: A molecular dynamics engine in the AMBER suite of programs      <++>
<++>                                                                       <++>
<++> Written by David S. Cerutti, Case Group (2009 - 2020)                 <++>
<++>-----------------------------------------------------------------------<++>

Run on Wed Mar 30 23:30:13 2022
<++>-----------------------------------------------------------------------<++>

INPUT LINE TEXT:

mdgx -i mon_concat_G2.mdgx -O 


INPUT FILE TEXT:

&files
  -p      mon_V_G2.top
  -o      concat_G2.out
  -d      energies_G2.dat
  -x      concat_coords_G2.cdf
&end

&speval
  data    G2_CONFS_OOUT/Conf*.oout
&end

<++>-----------------------------------------------------------------------<++>

<++>-----------------------------------------------------------------------<++>
(1.) Summary of successes and failures.  A total of 16 structures and energies 
     were read in, of which 16 passed inspection and were then written to the 
     output trajectory concat_coords_G2.cdf and the energy data file 
     energies_G2.dat.

<++>-----------------------------------------------------------------------<++>

