<++>-----------------------------------------------------------------------<++>
<++> mdgx: A molecular dynamics engine in the AMBER suite of programs      <++>
<++>                                                                       <++>
<++> Written by David S. Cerutti, Case Group (2009 - 2020)                 <++>
<++>-----------------------------------------------------------------------<++>

Run on Wed Mar 30 17:14:24 2022
<++>-----------------------------------------------------------------------<++>

INPUT LINE TEXT:

mdgx -i FIT_v00.in -O 


INPUT FILE TEXT:

&files
  -parm /ihome/crc/build/amber/amber18_x64/amber18/dat/leap/parm/gaff.dat
  -fmod ../mon.frcmod
  -d FIT_v00.frcmod
  -o FIT_v00.out
&end

&param
  System    mon_V.top     concat_coords.cdf    energies.dat
  ParmOutput    frcmod
  verbose       1,
  eunits        hartree,
  accrep        report.m

  % eliminate conformations far outside of the norm for the system
  % default 0 (do not remove outliers)
  elimsig       1,
  % tolerance for deviation from mean energy value in sigmas (default 5)
  ctol          5,
  %esigtol       5

  % 0 for file akin to frcmod file, default 1 (write all parameters)
  %repall        0,

  % Angle fitting input
  fita          ce  c2  n
  FitAnglEq     1,
  arst          0.0002,
  arstcpl       1.0,  

  % Torsion fitting input
  fith          n   c3  ce  c
  fith          ca  c3  ce  c
  fith          h1  c3  ce  c
  fith          n   c3  ce  c2
  fith          ca  c3  ce  c2
  fith          h1  c3  ce  c2
  hrst          0.0002,
&end

<++>-----------------------------------------------------------------------<++>

<++>-----------------------------------------------------------------------<++>

(1.) Energies of each system, according to the fitted parameters.  Units on 
     errors are kcal/mol.  The original model's energies are compared to 
     target energies after applying an offset to make the average of each set 
     of energies for any given system equal (see Section 3).

                      RMS Error         Correlation    Fitted   Fitted   Model
      System        Orig    Fitted    Orig    Fitted   Terms    Energy   Diff.
 ----------------  -------  -------  -------  -------  ------  -------  -------
 mon_V.top          3.3858   2.0086   0.9133   0.9271      12     3.08    2.671

% Outliers among all of the fitting data were computed at   4.00 sigma.
% The data points should be scrutinized, because they were not fitted
% well by the final model.
% Eliminating these data points may yield a better result.

 Data point coordinates                                        E(mm)-E(qm)
 ------------------------------------------------------------  -----------
 concat_coords.cdf, Frame 463                                      -9.2383
<++>-----------------------------------------------------------------------<++>

<++>-----------------------------------------------------------------------<++>

(2.) Parameter sampling.  Bonds and angles are binned over 18 intervals based 
     on deviations, positive or negative, from the ideal bond length.  Each 
     interval represents 0.028 Angstrom or 0.023 radian deviation for bonds or 
     angles, respectively.  Dihedrals and impropers are binned at 10-degree 
     intervals, ranging from zero to 180 (the range of the arccosine 
     function).

 Sampling histogram key:  (zero)   . : = e o U O 0 @ X ( > ten)

 Angle sampling:
                              Bins in Degrees 
                                                  Fitted  Original
  Term  Amber Types   Count  -15     +0      15   K / Eq   K / Eq 
  ----  -----------  ------- ------------------  -------- --------
  ANGL  ce c2 n          970        OX              69.46    69.60
                                                   107.51   120.71

 Torsion term sampling:
                              Bins in Radians 
  Term  Amber Types   Count  -PI     +0      PI   Fitted  Original
  ----  -----------  ------- ------------------  -------- --------
  DIHE  n  c3 ce c       970 X               XX     36.59     0.00
  DIHE  ca c3 ce c       970     XXUX              -13.96     0.00
  DIHE  h1 c3 ce c       970           XXUX         30.58     0.38
  DIHE  h1 c3 ce c       970           XXUX        -11.87     0.00
  DIHE  h1 c3 ce c       970           XXUX        -17.88     1.15
  DIHE  n  c3 ce c2      970        XXX            -34.68     0.00
  DIHE  ca c3 ce c2      970              XXX.      16.49     0.00
  DIHE  h1 c3 ce c2      970  XXX                    2.61     0.38
  DIHE  h1 c3 ce c2      970  XXX                   15.32     0.00
  DIHE  h1 c3 ce c2      970  XXX                   11.66     1.15

<++>-----------------------------------------------------------------------<++>

<++>-----------------------------------------------------------------------<++>

(3.) Warnings concerning parameter sampling and the fitted values of new 
     parameters.

 Angle parameter warnings (2):
  - Angle ce c2 n  has lopsided sampling (  0.00% below, 100.00% above
    the optimized equilibrium value of  107.5092).
  - Angle ce c2 n  has poor sampling within 0.05 radians of its optimized
    equilbrium value ( 107.5092).

<++>-----------------------------------------------------------------------<++>

<++>-----------------------------------------------------------------------<++>

(4.) Energy adjustment constants.  These constants are included to bring the 
     overall energy of quantum mechanical and molecular mechanical 
     calculations into general agreement so that the fitted parameters can 
     address the energy differences between multiple states of each system. 
     Gross differences between quantum and molecular mechanics are first 
     eliminated by subtracting off the average energy of all states for each 
     system; these parameters are then included to "mop up."

      System      Adjustment
 ---------------- ----------
 mon_V.top           -6.7307    

<++>-----------------------------------------------------------------------<++>

<++>-----------------------------------------------------------------------<++>

(5.) Fitting matrix analysis.  This is a check against features of the fitting 
     set that might create a poorly conditioned matrix.

 - No columns with zero data detected
 - No correlated columns detected
<++>-----------------------------------------------------------------------<++>

<++>-----------------------------------------------------------------------<++>

(6.) Energy contributions of each fitted parameter.  All parameters that 
     contribute to each system are printed, this time with respect to the 
     amount of energy that they contribute to the molecular mechanical 
     system.

 System: mon_V.top
                      Energy    Std. Dev.
   DIHE n  c3 ce c2   -63.7756     4.4330
   DIHE h1 c3 ce c     55.4614     6.2943
   DIHE ca c3 ce c2    31.2595     2.1561
   DIHE h1 c3 ce c    -28.8450     2.3189
   DIHE h1 c3 ce c2    10.7857     3.3593
   DIHE h1 c3 ce c     -9.3377     2.9379
   DIHE n  c3 ce c      8.9310     7.6150
   DIHE h1 c3 ce c2     4.8649     1.2940
   ANGL ce c2 n         2.5947     0.0813
   DIHE ca c3 ce c     -2.1964     3.1081
   DIHE h1 c3 ce c2     0.3132     0.3135


<++>-----------------------------------------------------------------------<++>

<++>-----------------------------------------------------------------------<++>

(7.) Context of each parameter.  Instances of each parameter found in the 
     fitting conformations are enumerated below.

 [ Parameter ] [ Atom types ]                   Sampling Histogram
  Residue (Atom Names)                   Count  MIN     +0     MAX  Warnings
 --------------------------------------- -----  ------------------  --------
 ANGL ce c2 n    
  MON (C3   C4   N   )                     732         OX         

 DIHE n  c3 ce c 
  MON (C2   C3   C7   N1  )                732  X               XX
 DIHE ca c3 ce c 
  MON (C2   C3   C7   C8  )                732      XXUX          
 DIHE h1 c3 ce c 
  MON (C2   C3   C7   H10 )                732            XXUX    
 DIHE h1 c3 ce c 
  MON (C2   C3   C7   H10 )                732            XXUX    
 DIHE h1 c3 ce c 
  MON (C2   C3   C7   H10 )                732            XXUX    
 DIHE n  c3 ce c2
  MON (C4   C3   C7   N1  )                732         XXX        
 DIHE ca c3 ce c2
  MON (C4   C3   C7   C8  )                732               XXX. 
 DIHE h1 c3 ce c2
  MON (C4   C3   C7   H10 )                732   XXX              
 DIHE h1 c3 ce c2
  MON (C4   C3   C7   H10 )                732   XXX              
 DIHE h1 c3 ce c2
  MON (C4   C3   C7   H10 )                732   XXX              
<++>-----------------------------------------------------------------------<++>

