<++>-----------------------------------------------------------------------<++>
<++> mdgx: A molecular dynamics engine in the AMBER suite of programs      <++>
<++>                                                                       <++>
<++> Written by David S. Cerutti, Case Group (2009)                        <++>
<++>-----------------------------------------------------------------------<++>

Run on Thu Mar 31 12:10:10 2022
<++>-----------------------------------------------------------------------<++>

INPUT LINE TEXT:

mdgx -i mon_GEN_CONFS_G2.mdgx -O 


INPUT FILE TEXT:

&files
  -p    ../mon_V_G2.top
  -c    ../concat_coords.cdf
  -o    ../GenConformers_G2.out
&end

&configs
  verbose 1

  % Cull results at a tight energy convergence criterion
  % The settings above will cull structures if their molecular mechanics energies 
  % (according to the input force field, here GAFF, plus our fitted charges and 
  % first pass bonded parameters) differ by less than 0.01 kcal/mol
  simEtol   0.01,

  % Controls on the quantum mechanical operations
  qmlev    'RI-MP2',
  basis    'cc-pVTZ cc-pVTZ/c',

  % Calc settings
  ncpu '1'
  maxcore '4096'

  % Output controls: TAKE NOTE, this will generate a lot of files so
  % do this in a clean directory that you won't ls very often.
  outbase  'Conf', 'Conf'
  write    'pdb',  'orca'
  outsuff  'pdb',  'orca'
&end
<++>-----------------------------------------------------------------------<++>

<++>-----------------------------------------------------------------------<++>
(1.) Energies of the initial and final states.  Units are kcal/mol.  A number 
     of statistics could be of interest here: this table tries to anticipate 
     them.

 Statistic                Mean Value    Std. Dev.   Min. Value   Max. Value  
                           (kcal/mol)   (kcal/mol)   (kcal/mol)   (kcal/mol) 
 ------------------------ ------------ ------------ ------------ ------------
 Initial E(Model) (a)        -109.6559       7.3509    -123.4058     -54.4864
 Initial E(Restraint) (b)       0.0000       0.0000       0.0000       0.0000
 Final E(Model) (c)          -128.5076       5.6214    -133.4291    -118.9741
 Final E(Restraint) (d)         0.0000       0.0000       0.0000       0.0000
 Delta E(Model) (e)           -18.8518       6.8999     -75.8823      -8.8976
 Delta E(Restraint) (f)         0.0000       0.0000       0.0000       0.0000

  (a) The energies of the initial models, without the restraint energy (this 
      is an indicator of how strained the configurations were before mdgx 
      began to manipulate them).
  (b) When restraints were first applied to the initial models, these were the 
      restraint energies.
  (c) The energies of the final models, again excluding restraint energy. 
      This is an indicator of how strained the molecular configurations became 
      after manipulation.
  (d) Restraint energy needed to get the final configurations into place.
  (e) This is an indicator of the change in molecular mechanics energy. 
      E(model) will typically rise, indicating that structures became 
      distorted in response to pressure from external restraints.
  (f) The change in restraint energy.  E(restraint) will typically fall as 
      restraints force the structures into new configurations.
<++>-----------------------------------------------------------------------<++>

<++>-----------------------------------------------------------------------<++>
(2.) Convergence statistics for the run.  The first block of information 
     describes the energy minimization of ALL configurations, regardless of 
     whether they were printed.  Next, counts of configurations passing the 
     basic sanity checks are presented.  Configurations failing any one sanity 
     check are not printed.

 - Average steps to convergence:     851 +/-   90
 - Total converged configurations:   683
 - Unconverged configurations:       287

 - Average of the maximal residual force
   on NON-converged configurations:        2.527497e-03 kcal/mol-A
 - Average residual forces on frequently strained atoms:
     Atom    4, C2   (60 configs):         9.955955e-04 kcal/mol-A
     Atom    6, C3   (46 configs):         8.118794e-05 kcal/mol-A
     Atom    7, C4   (35 configs):         2.129414e-04 kcal/mol-A
     Atom   13, C7   (19 configs):         3.617093e-05 kcal/mol-A
     Atom    9, N    (16 configs):         7.368922e-05 kcal/mol-A

<++>-----------------------------------------------------------------------<++>

<++>-----------------------------------------------------------------------<++>
(3.) Basic sanity checks.  If a configuration fails these tests, it was not 
     printed out for further consideration but the reasons it failed will be 
     summarized here.  The tests are that, first, no bond of a configuration 
     may be strained more than 10.00 kcal/mol.  Furthermore, no angle may be 
     strained more than 10.00 kcal/mol.  Finally, the maximum tolerated 
     restraint energy (summed over all restraints) is 200.00 kcal/mol. If any 
     of these tests seem too stringent or not tight enough, the thresholds may 
     be changed in the &configs namelist.

 - Configurations passing all sanity checks:         10
 - Configurations failing bond sanity check:          0
 - Configurations failing angle sanity check:         0
 - Configurations failing restraint sanity check:     0

 Descriptions of each problematic configuration follow, along with the 
 names and numbers of atoms involved in each feature creating the problem.
 - Configuration 7:
     Restraint binding atoms () strained to    0.0000
 - Configuration 8:
     Restraint binding atoms () strained to    0.0000
 - Configuration 11:
     Restraint binding atoms () strained to    0.0000
 - Configuration 12:
     Restraint binding atoms () strained to    0.0000
 - Configuration 13:
     Restraint binding atoms () strained to    0.0000
 - Configuration 14:
     Restraint binding atoms () strained to    0.0000
 - Configuration 15:
     Restraint binding atoms () strained to    0.0000
 - Configuration 16:
     Restraint binding atoms () strained to    0.0000
 - Configuration 17:
     Restraint binding atoms () strained to    0.0000
 - Configuration 18:
     Restraint binding atoms () strained to    0.0000
 - Configuration 19:
     Restraint binding atoms () strained to    0.0000
 - Configuration 20:
     Restraint binding atoms () strained to    0.0000
 - Configuration 21:
     Restraint binding atoms () strained to    0.0000
 - Configuration 22:
     Restraint binding atoms () strained to    0.0000
 - Configuration 23:
     Restraint binding atoms () strained to    0.0000
 - Configuration 24:
     Restraint binding atoms () strained to    0.0000
 - Configuration 25:
     Restraint binding atoms () strained to    0.0000
 - Configuration 26:
     Restraint binding atoms () strained to    0.0000
 - Configuration 27:
     Restraint binding atoms () strained to    0.0000
 - Configuration 28:
     Restraint binding atoms () strained to    0.0000
 - Configuration 29:
     Restraint binding atoms () strained to    0.0000
 - Configuration 30:
     Restraint binding atoms () strained to    0.0000
 - Configuration 31:
     Restraint binding atoms () strained to    0.0000
 - Configuration 32:
     Restraint binding atoms () strained to    0.0000
 - Configuration 33:
     Restraint binding atoms () strained to    0.0000
 - Configuration 34:
     Restraint binding atoms () strained to    0.0000
 - Configuration 35:
     Restraint binding atoms () strained to    0.0000
 - Configuration 36:
     Restraint binding atoms () strained to    0.0000
 - Configuration 37:
     Restraint binding atoms () strained to    0.0000
 - Configuration 38:
     Restraint binding atoms () strained to    0.0000
 - Configuration 39:
     Restraint binding atoms () strained to    0.0000
 - Configuration 40:
     Restraint binding atoms () strained to    0.0000
 - Configuration 41:
     Restraint binding atoms () strained to    0.0000
 - Configuration 42:
     Restraint binding atoms () strained to    0.0000
 - Configuration 43:
     Restraint binding atoms () strained to    0.0000
 - Configuration 44:
     Restraint binding atoms () strained to    0.0000
 - Configuration 45:
     Restraint binding atoms () strained to    0.0000
 - Configuration 46:
     Restraint binding atoms () strained to    0.0000
 - Configuration 47:
     Restraint binding atoms () strained to    0.0000
 - Configuration 48:
     Restraint binding atoms () strained to    0.0000
 - Configuration 49:
     Restraint binding atoms () strained to    0.0000
 - Configuration 50:
     Restraint binding atoms () strained to    0.0000
 - Configuration 51:
     Restraint binding atoms () strained to    0.0000
 - Configuration 52:
     Restraint binding atoms () strained to    0.0000
 - Configuration 53:
     Restraint binding atoms () strained to    0.0000
 - Configuration 54:
     Restraint binding atoms () strained to    0.0000
 - Configuration 55:
     Restraint binding atoms () strained to    0.0000
 - Configuration 56:
     Restraint binding atoms () strained to    0.0000
 - Configuration 57:
     Restraint binding atoms () strained to    0.0000
 - Configuration 58:
     Restraint binding atoms () strained to    0.0000
 - Configuration 59:
     Restraint binding atoms () strained to    0.0000
 - Configuration 60:
     Restraint binding atoms () strained to    0.0000
 - Configuration 61:
     Restraint binding atoms () strained to    0.0000
 - Configuration 62:
     Restraint binding atoms () strained to    0.0000
 - Configuration 63:
     Restraint binding atoms () strained to    0.0000
 - Configuration 64:
     Restraint binding atoms () strained to    0.0000
 - Configuration 65:
     Restraint binding atoms () strained to    0.0000
 - Configuration 66:
     Restraint binding atoms () strained to    0.0000
 - Configuration 67:
     Restraint binding atoms () strained to    0.0000
 - Configuration 68:
     Restraint binding atoms () strained to    0.0000
 - Configuration 69:
     Restraint binding atoms () strained to    0.0000
 - Configuration 70:
     Restraint binding atoms () strained to    0.0000
 - Configuration 71:
     Restraint binding atoms () strained to    0.0000
 - Configuration 72:
     Restraint binding atoms () strained to    0.0000
 - Configuration 73:
     Restraint binding atoms () strained to    0.0000
 - Configuration 74:
     Restraint binding atoms () strained to    0.0000
 - Configuration 75:
     Restraint binding atoms () strained to    0.0000
 - Configuration 76:
     Restraint binding atoms () strained to    0.0000
 - Configuration 77:
     Restraint binding atoms () strained to    0.0000
 - Configuration 78:
     Restraint binding atoms () strained to    0.0000
 - Configuration 79:
     Restraint binding atoms () strained to    0.0000
 - Configuration 80:
     Restraint binding atoms () strained to    0.0000
 - Configuration 81:
     Restraint binding atoms () strained to    0.0000
 - Configuration 82:
     Restraint binding atoms () strained to    0.0000
 - Configuration 83:
     Restraint binding atoms () strained to    0.0000
 - Configuration 84:
     Restraint binding atoms () strained to    0.0000
 - Configuration 85:
     Restraint binding atoms () strained to    0.0000
 - Configuration 86:
     Restraint binding atoms () strained to    0.0000
 - Configuration 87:
     Restraint binding atoms () strained to    0.0000
 - Configuration 88:
     Restraint binding atoms () strained to    0.0000
 - Configuration 89:
     Restraint binding atoms () strained to    0.0000
 - Configuration 90:
     Restraint binding atoms () strained to    0.0000
 - Configuration 91:
     Restraint binding atoms () strained to    0.0000
 - Configuration 92:
     Restraint binding atoms () strained to    0.0000
 - Configuration 93:
     Restraint binding atoms () strained to    0.0000
 - Configuration 94:
     Restraint binding atoms () strained to    0.0000
 - Configuration 95:
     Restraint binding atoms () strained to    0.0000
 - Configuration 96:
     Restraint binding atoms () strained to    0.0000
 - Configuration 97:
     Restraint binding atoms () strained to    0.0000
 - Configuration 98:
     Restraint binding atoms () strained to    0.0000
 - Configuration 99:
     Restraint binding atoms () strained to    0.0000
 - Configuration 100:
     Restraint binding atoms () strained to    0.0000
 - Configuration 101:
     Restraint binding atoms () strained to    0.0000
 - Configuration 102:
     Restraint binding atoms () strained to    0.0000
 - Configuration 103:
     Restraint binding atoms () strained to    0.0000
 - Configuration 104:
     Restraint binding atoms () strained to    0.0000
 - Configuration 105:
     Restraint binding atoms () strained to    0.0000
 - Configuration 106:
     Restraint binding atoms () strained to    0.0000
 - Configuration 107:
     Restraint binding atoms () strained to    0.0000
 - Configuration 108:
     Restraint binding atoms () strained to    0.0000
 - Configuration 109:
     Restraint binding atoms () strained to    0.0000
 - Configuration 110:
     Restraint binding atoms () strained to    0.0000
 - Configuration 111:
     Restraint binding atoms () strained to    0.0000
 - Configuration 112:
     Restraint binding atoms () strained to    0.0000
 - Configuration 113:
     Restraint binding atoms () strained to    0.0000
 - Configuration 114:
     Restraint binding atoms () strained to    0.0000
 - Configuration 115:
     Restraint binding atoms () strained to    0.0000
 - Configuration 116:
     Restraint binding atoms () strained to    0.0000
 - Configuration 117:
     Restraint binding atoms () strained to    0.0000
 - Configuration 118:
     Restraint binding atoms () strained to    0.0000
 - Configuration 119:
     Restraint binding atoms () strained to    0.0000
 - Configuration 120:
     Restraint binding atoms () strained to    0.0000
 - Configuration 121:
     Restraint binding atoms () strained to    0.0000
 - Configuration 122:
     Restraint binding atoms () strained to    0.0000
 - Configuration 123:
     Restraint binding atoms () strained to    0.0000
 - Configuration 124:
     Restraint binding atoms () strained to    0.0000
 - Configuration 125:
     Restraint binding atoms () strained to    0.0000
 - Configuration 126:
     Restraint binding atoms () strained to    0.0000
 - Configuration 127:
     Restraint binding atoms () strained to    0.0000
 - Configuration 128:
     Restraint binding atoms () strained to    0.0000
 - Configuration 129:
     Restraint binding atoms () strained to    0.0000
 - Configuration 130:
     Restraint binding atoms () strained to    0.0000
 - Configuration 131:
     Restraint binding atoms () strained to    0.0000
 - Configuration 132:
     Restraint binding atoms () strained to    0.0000
 - Configuration 133:
     Restraint binding atoms () strained to    0.0000
 - Configuration 134:
     Restraint binding atoms () strained to    0.0000
 - Configuration 135:
     Restraint binding atoms () strained to    0.0000
 - Configuration 136:
     Restraint binding atoms () strained to    0.0000
 - Configuration 137:
     Restraint binding atoms () strained to    0.0000
 - Configuration 138:
     Restraint binding atoms () strained to    0.0000
 - Configuration 139:
     Restraint binding atoms () strained to    0.0000
 - Configuration 140:
     Restraint binding atoms () strained to    0.0000
 - Configuration 141:
     Restraint binding atoms () strained to    0.0000
 - Configuration 142:
     Restraint binding atoms () strained to    0.0000
 - Configuration 143:
     Restraint binding atoms () strained to    0.0000
 - Configuration 144:
     Restraint binding atoms () strained to    0.0000
 - Configuration 145:
     Restraint binding atoms () strained to    0.0000
 - Configuration 147:
     Restraint binding atoms () strained to    0.0000
 - Configuration 148:
     Restraint binding atoms () strained to    0.0000
 - Configuration 149:
     Restraint binding atoms () strained to    0.0000
 - Configuration 150:
     Restraint binding atoms () strained to    0.0000
 - Configuration 151:
     Restraint binding atoms () strained to    0.0000
 - Configuration 152:
     Restraint binding atoms () strained to    0.0000
 - Configuration 153:
     Restraint binding atoms () strained to    0.0000
 - Configuration 154:
     Restraint binding atoms () strained to    0.0000
 - Configuration 155:
     Restraint binding atoms () strained to    0.0000
 - Configuration 156:
     Restraint binding atoms () strained to    0.0000
 - Configuration 157:
     Restraint binding atoms () strained to    0.0000
 - Configuration 158:
     Restraint binding atoms () strained to    0.0000
 - Configuration 159:
     Restraint binding atoms () strained to    0.0000
 - Configuration 160:
     Restraint binding atoms () strained to    0.0000
 - Configuration 161:
     Restraint binding atoms () strained to    0.0000
 - Configuration 162:
     Restraint binding atoms () strained to    0.0000
 - Configuration 163:
     Restraint binding atoms () strained to    0.0000
 - Configuration 164:
     Restraint binding atoms () strained to    0.0000
 - Configuration 165:
     Restraint binding atoms () strained to    0.0000
 - Configuration 166:
     Restraint binding atoms () strained to    0.0000
 - Configuration 167:
     Restraint binding atoms () strained to    0.0000
 - Configuration 168:
     Restraint binding atoms () strained to    0.0000
 - Configuration 169:
     Restraint binding atoms () strained to    0.0000
 - Configuration 170:
     Restraint binding atoms () strained to    0.0000
 - Configuration 171:
     Restraint binding atoms () strained to    0.0000
 - Configuration 172:
     Restraint binding atoms () strained to    0.0000
 - Configuration 173:
     Restraint binding atoms () strained to    0.0000
 - Configuration 174:
     Restraint binding atoms () strained to    0.0000
 - Configuration 175:
     Restraint binding atoms () strained to    0.0000
 - Configuration 176:
     Restraint binding atoms () strained to    0.0000
 - Configuration 177:
     Restraint binding atoms () strained to    0.0000
 - Configuration 178:
     Restraint binding atoms () strained to    0.0000
 - Configuration 179:
     Restraint binding atoms () strained to    0.0000
 - Configuration 180:
     Restraint binding atoms () strained to    0.0000
 - Configuration 181:
     Restraint binding atoms () strained to    0.0000
 - Configuration 182:
     Restraint binding atoms () strained to    0.0000
 - Configuration 183:
     Restraint binding atoms () strained to    0.0000
 - Configuration 184:
     Restraint binding atoms () strained to    0.0000
 - Configuration 185:
     Restraint binding atoms () strained to    0.0000
 - Configuration 186:
     Restraint binding atoms () strained to    0.0000
 - Configuration 187:
     Restraint binding atoms () strained to    0.0000
 - Configuration 188:
     Restraint binding atoms () strained to    0.0000
 - Configuration 189:
     Restraint binding atoms () strained to    0.0000
 - Configuration 190:
     Restraint binding atoms () strained to    0.0000
 - Configuration 191:
     Restraint binding atoms () strained to    0.0000
 - Configuration 192:
     Restraint binding atoms () strained to    0.0000
 - Configuration 193:
     Restraint binding atoms () strained to    0.0000
 - Configuration 194:
     Restraint binding atoms () strained to    0.0000
 - Configuration 195:
     Restraint binding atoms () strained to    0.0000
 - Configuration 196:
     Restraint binding atoms () strained to    0.0000
 - Configuration 197:
     Restraint binding atoms () strained to    0.0000
 - Configuration 198:
     Restraint binding atoms () strained to    0.0000
 - Configuration 199:
     Restraint binding atoms () strained to    0.0000
 - Configuration 200:
     Restraint binding atoms () strained to    0.0000
 - Configuration 201:
     Restraint binding atoms () strained to    0.0000
 - Configuration 202:
     Restraint binding atoms () strained to    0.0000
 - Configuration 203:
     Restraint binding atoms () strained to    0.0000
 - Configuration 204:
     Restraint binding atoms () strained to    0.0000
 - Configuration 205:
     Restraint binding atoms () strained to    0.0000
 - Configuration 206:
     Restraint binding atoms () strained to    0.0000
 - Configuration 207:
     Restraint binding atoms () strained to    0.0000
 - Configuration 208:
     Restraint binding atoms () strained to    0.0000
 - Configuration 209:
     Restraint binding atoms () strained to    0.0000
 - Configuration 210:
     Restraint binding atoms () strained to    0.0000
 - Configuration 211:
     Restraint binding atoms () strained to    0.0000
 - Configuration 212:
     Restraint binding atoms () strained to    0.0000
 - Configuration 213:
     Restraint binding atoms () strained to    0.0000
 - Configuration 214:
     Restraint binding atoms () strained to    0.0000
 - Configuration 215:
     Restraint binding atoms () strained to    0.0000
 - Configuration 216:
     Restraint binding atoms () strained to    0.0000
 - Configuration 217:
     Restraint binding atoms () strained to    0.0000
 - Configuration 218:
     Restraint binding atoms () strained to    0.0000
 - Configuration 219:
     Restraint binding atoms () strained to    0.0000
 - Configuration 220:
     Restraint binding atoms () strained to    0.0000
 - Configuration 221:
     Restraint binding atoms () strained to    0.0000
 - Configuration 222:
     Restraint binding atoms () strained to    0.0000
 - Configuration 223:
     Restraint binding atoms () strained to    0.0000
 - Configuration 224:
     Restraint binding atoms () strained to    0.0000
 - Configuration 225:
     Restraint binding atoms () strained to    0.0000
 - Configuration 226:
     Restraint binding atoms () strained to    0.0000
 - Configuration 227:
     Restraint binding atoms () strained to    0.0000
 - Configuration 228:
     Restraint binding atoms () strained to    0.0000
 - Configuration 229:
     Restraint binding atoms () strained to    0.0000
 - Configuration 230:
     Restraint binding atoms () strained to    0.0000
 - Configuration 231:
     Restraint binding atoms () strained to    0.0000
 - Configuration 232:
     Restraint binding atoms () strained to    0.0000
 - Configuration 233:
     Restraint binding atoms () strained to    0.0000
 - Configuration 234:
     Restraint binding atoms () strained to    0.0000
 - Configuration 235:
     Restraint binding atoms () strained to    0.0000
 - Configuration 236:
     Restraint binding atoms () strained to    0.0000
 - Configuration 237:
     Restraint binding atoms () strained to    0.0000
 - Configuration 238:
     Restraint binding atoms () strained to    0.0000
 - Configuration 239:
     Restraint binding atoms () strained to    0.0000
 - Configuration 240:
     Restraint binding atoms () strained to    0.0000
 - Configuration 241:
     Restraint binding atoms () strained to    0.0000
 - Configuration 242:
     Restraint binding atoms () strained to    0.0000
 - Configuration 243:
     Restraint binding atoms () strained to    0.0000
 - Configuration 244:
     Restraint binding atoms () strained to    0.0000
 - Configuration 245:
     Restraint binding atoms () strained to    0.0000
 - Configuration 246:
     Restraint binding atoms () strained to    0.0000
 - Configuration 247:
     Restraint binding atoms () strained to    0.0000
 - Configuration 248:
     Restraint binding atoms () strained to    0.0000
 - Configuration 249:
     Restraint binding atoms () strained to    0.0000
 - Configuration 250:
     Restraint binding atoms () strained to    0.0000
 - Configuration 251:
     Restraint binding atoms () strained to    0.0000
 - Configuration 252:
     Restraint binding atoms () strained to    0.0000
 - Configuration 253:
     Restraint binding atoms () strained to    0.0000
 - Configuration 254:
     Restraint binding atoms () strained to    0.0000
 - Configuration 255:
     Restraint binding atoms () strained to    0.0000
 - Configuration 256:
     Restraint binding atoms () strained to    0.0000
 - Configuration 257:
     Restraint binding atoms () strained to    0.0000
 - Configuration 258:
     Restraint binding atoms () strained to    0.0000
 - Configuration 259:
     Restraint binding atoms () strained to    0.0000
 - Configuration 260:
     Restraint binding atoms () strained to    0.0000
 - Configuration 261:
     Restraint binding atoms () strained to    0.0000
 - Configuration 262:
     Restraint binding atoms () strained to    0.0000
 - Configuration 263:
     Restraint binding atoms () strained to    0.0000
 - Configuration 264:
     Restraint binding atoms () strained to    0.0000
 - Configuration 265:
     Restraint binding atoms () strained to    0.0000
 - Configuration 266:
     Restraint binding atoms () strained to    0.0000
 - Configuration 267:
     Restraint binding atoms () strained to    0.0000
 - Configuration 268:
     Restraint binding atoms () strained to    0.0000
 - Configuration 269:
     Restraint binding atoms () strained to    0.0000
 - Configuration 270:
     Restraint binding atoms () strained to    0.0000
 - Configuration 271:
     Restraint binding atoms () strained to    0.0000
 - Configuration 272:
     Restraint binding atoms () strained to    0.0000
 - Configuration 273:
     Restraint binding atoms () strained to    0.0000
 - Configuration 274:
     Restraint binding atoms () strained to    0.0000
 - Configuration 275:
     Restraint binding atoms () strained to    0.0000
 - Configuration 276:
     Restraint binding atoms () strained to    0.0000
 - Configuration 277:
     Restraint binding atoms () strained to    0.0000
 - Configuration 278:
     Restraint binding atoms () strained to    0.0000
 - Configuration 279:
     Restraint binding atoms () strained to    0.0000
 - Configuration 280:
     Restraint binding atoms () strained to    0.0000
 - Configuration 281:
     Restraint binding atoms () strained to    0.0000
 - Configuration 282:
     Restraint binding atoms () strained to    0.0000
 - Configuration 283:
     Restraint binding atoms () strained to    0.0000
 - Configuration 284:
     Restraint binding atoms () strained to    0.0000
 - Configuration 285:
     Restraint binding atoms () strained to    0.0000
 - Configuration 286:
     Restraint binding atoms () strained to    0.0000
 - Configuration 287:
     Restraint binding atoms () strained to    0.0000
 - Configuration 288:
     Restraint binding atoms () strained to    0.0000
 - Configuration 289:
     Restraint binding atoms () strained to    0.0000
 - Configuration 290:
     Restraint binding atoms () strained to    0.0000
 - Configuration 291:
     Restraint binding atoms () strained to    0.0000
 - Configuration 292:
     Restraint binding atoms () strained to    0.0000
 - Configuration 293:
     Restraint binding atoms () strained to    0.0000
 - Configuration 294:
     Restraint binding atoms () strained to    0.0000
 - Configuration 295:
     Restraint binding atoms () strained to    0.0000
 - Configuration 296:
     Restraint binding atoms () strained to    0.0000
 - Configuration 297:
     Restraint binding atoms () strained to    0.0000
 - Configuration 298:
     Restraint binding atoms () strained to    0.0000
 - Configuration 299:
     Restraint binding atoms () strained to    0.0000
 - Configuration 300:
     Restraint binding atoms () strained to    0.0000
 - Configuration 301:
     Restraint binding atoms () strained to    0.0000
 - Configuration 302:
     Restraint binding atoms () strained to    0.0000
 - Configuration 303:
     Restraint binding atoms () strained to    0.0000
 - Configuration 304:
     Restraint binding atoms () strained to    0.0000
 - Configuration 305:
     Restraint binding atoms () strained to    0.0000
 - Configuration 306:
     Restraint binding atoms () strained to    0.0000
 - Configuration 307:
     Restraint binding atoms () strained to    0.0000
 - Configuration 308:
     Restraint binding atoms () strained to    0.0000
 - Configuration 309:
     Restraint binding atoms () strained to    0.0000
 - Configuration 310:
     Restraint binding atoms () strained to    0.0000
 - Configuration 311:
     Restraint binding atoms () strained to    0.0000
 - Configuration 312:
     Restraint binding atoms () strained to    0.0000
 - Configuration 313:
     Restraint binding atoms () strained to    0.0000
 - Configuration 314:
     Restraint binding atoms () strained to    0.0000
 - Configuration 315:
     Restraint binding atoms () strained to    0.0000
 - Configuration 316:
     Restraint binding atoms () strained to    0.0000
 - Configuration 317:
     Restraint binding atoms () strained to    0.0000
 - Configuration 318:
     Restraint binding atoms () strained to    0.0000
 - Configuration 319:
     Restraint binding atoms () strained to    0.0000
 - Configuration 320:
     Restraint binding atoms () strained to    0.0000
 - Configuration 321:
     Restraint binding atoms () strained to    0.0000
 - Configuration 322:
     Restraint binding atoms () strained to    0.0000
 - Configuration 323:
     Restraint binding atoms () strained to    0.0000
 - Configuration 324:
     Restraint binding atoms () strained to    0.0000
 - Configuration 325:
     Restraint binding atoms () strained to    0.0000
 - Configuration 326:
     Restraint binding atoms () strained to    0.0000
 - Configuration 327:
     Restraint binding atoms () strained to    0.0000
 - Configuration 328:
     Restraint binding atoms () strained to    0.0000
 - Configuration 329:
     Restraint binding atoms () strained to    0.0000
 - Configuration 330:
     Restraint binding atoms () strained to    0.0000
 - Configuration 331:
     Restraint binding atoms () strained to    0.0000
 - Configuration 332:
     Restraint binding atoms () strained to    0.0000
 - Configuration 333:
     Restraint binding atoms () strained to    0.0000
 - Configuration 334:
     Restraint binding atoms () strained to    0.0000
 - Configuration 335:
     Restraint binding atoms () strained to    0.0000
 - Configuration 336:
     Restraint binding atoms () strained to    0.0000
 - Configuration 337:
     Restraint binding atoms () strained to    0.0000
 - Configuration 338:
     Restraint binding atoms () strained to    0.0000
 - Configuration 339:
     Restraint binding atoms () strained to    0.0000
 - Configuration 340:
     Restraint binding atoms () strained to    0.0000
 - Configuration 341:
     Restraint binding atoms () strained to    0.0000
 - Configuration 342:
     Restraint binding atoms () strained to    0.0000
 - Configuration 343:
     Restraint binding atoms () strained to    0.0000
 - Configuration 344:
     Restraint binding atoms () strained to    0.0000
 - Configuration 345:
     Restraint binding atoms () strained to    0.0000
 - Configuration 346:
     Restraint binding atoms () strained to    0.0000
 - Configuration 347:
     Restraint binding atoms () strained to    0.0000
 - Configuration 348:
     Restraint binding atoms () strained to    0.0000
 - Configuration 349:
     Restraint binding atoms () strained to    0.0000
 - Configuration 350:
     Restraint binding atoms () strained to    0.0000
 - Configuration 351:
     Restraint binding atoms () strained to    0.0000
 - Configuration 352:
     Restraint binding atoms () strained to    0.0000
 - Configuration 353:
     Restraint binding atoms () strained to    0.0000
 - Configuration 354:
     Restraint binding atoms () strained to    0.0000
 - Configuration 355:
     Restraint binding atoms () strained to    0.0000
 - Configuration 356:
     Restraint binding atoms () strained to    0.0000
 - Configuration 357:
     Restraint binding atoms () strained to    0.0000
 - Configuration 358:
     Restraint binding atoms () strained to    0.0000
 - Configuration 359:
     Restraint binding atoms () strained to    0.0000
 - Configuration 360:
     Restraint binding atoms () strained to    0.0000
 - Configuration 361:
     Restraint binding atoms () strained to    0.0000
 - Configuration 362:
     Restraint binding atoms () strained to    0.0000
 - Configuration 363:
     Restraint binding atoms () strained to    0.0000
 - Configuration 364:
     Restraint binding atoms () strained to    0.0000
 - Configuration 365:
     Restraint binding atoms () strained to    0.0000
 - Configuration 366:
     Restraint binding atoms () strained to    0.0000
 - Configuration 367:
     Restraint binding atoms () strained to    0.0000
 - Configuration 368:
     Restraint binding atoms () strained to    0.0000
 - Configuration 369:
     Restraint binding atoms () strained to    0.0000
 - Configuration 370:
     Restraint binding atoms () strained to    0.0000
 - Configuration 371:
     Restraint binding atoms () strained to    0.0000
 - Configuration 372:
     Restraint binding atoms () strained to    0.0000
 - Configuration 373:
     Restraint binding atoms () strained to    0.0000
 - Configuration 374:
     Restraint binding atoms () strained to    0.0000
 - Configuration 375:
     Restraint binding atoms () strained to    0.0000
 - Configuration 376:
     Restraint binding atoms () strained to    0.0000
 - Configuration 377:
     Restraint binding atoms () strained to    0.0000
 - Configuration 378:
     Restraint binding atoms () strained to    0.0000
 - Configuration 379:
     Restraint binding atoms () strained to    0.0000
 - Configuration 380:
     Restraint binding atoms () strained to    0.0000
 - Configuration 381:
     Restraint binding atoms () strained to    0.0000
 - Configuration 382:
     Restraint binding atoms () strained to    0.0000
 - Configuration 383:
     Restraint binding atoms () strained to    0.0000
 - Configuration 384:
     Restraint binding atoms () strained to    0.0000
 - Configuration 385:
     Restraint binding atoms () strained to    0.0000
 - Configuration 386:
     Restraint binding atoms () strained to    0.0000
 - Configuration 387:
     Restraint binding atoms () strained to    0.0000
 - Configuration 388:
     Restraint binding atoms () strained to    0.0000
 - Configuration 389:
     Restraint binding atoms () strained to    0.0000
 - Configuration 390:
     Restraint binding atoms () strained to    0.0000
 - Configuration 391:
     Restraint binding atoms () strained to    0.0000
 - Configuration 392:
     Restraint binding atoms () strained to    0.0000
 - Configuration 393:
     Restraint binding atoms () strained to    0.0000
 - Configuration 394:
     Restraint binding atoms () strained to    0.0000
 - Configuration 395:
     Restraint binding atoms () strained to    0.0000
 - Configuration 396:
     Restraint binding atoms () strained to    0.0000
 - Configuration 397:
     Restraint binding atoms () strained to    0.0000
 - Configuration 398:
     Restraint binding atoms () strained to    0.0000
 - Configuration 399:
     Restraint binding atoms () strained to    0.0000
 - Configuration 400:
     Restraint binding atoms () strained to    0.0000
 - Configuration 401:
     Restraint binding atoms () strained to    0.0000
 - Configuration 402:
     Restraint binding atoms () strained to    0.0000
 - Configuration 403:
     Restraint binding atoms () strained to    0.0000
 - Configuration 404:
     Restraint binding atoms () strained to    0.0000
 - Configuration 405:
     Restraint binding atoms () strained to    0.0000
 - Configuration 406:
     Restraint binding atoms () strained to    0.0000
 - Configuration 407:
     Restraint binding atoms () strained to    0.0000
 - Configuration 408:
     Restraint binding atoms () strained to    0.0000
 - Configuration 409:
     Restraint binding atoms () strained to    0.0000
 - Configuration 410:
     Restraint binding atoms () strained to    0.0000
 - Configuration 411:
     Restraint binding atoms () strained to    0.0000
 - Configuration 412:
     Restraint binding atoms () strained to    0.0000
 - Configuration 413:
     Restraint binding atoms () strained to    0.0000
 - Configuration 414:
     Restraint binding atoms () strained to    0.0000
 - Configuration 415:
     Restraint binding atoms () strained to    0.0000
 - Configuration 416:
     Restraint binding atoms () strained to    0.0000
 - Configuration 417:
     Restraint binding atoms () strained to    0.0000
 - Configuration 418:
     Restraint binding atoms () strained to    0.0000
 - Configuration 419:
     Restraint binding atoms () strained to    0.0000
 - Configuration 420:
     Restraint binding atoms () strained to    0.0000
 - Configuration 421:
     Restraint binding atoms () strained to    0.0000
 - Configuration 422:
     Restraint binding atoms () strained to    0.0000
 - Configuration 423:
     Restraint binding atoms () strained to    0.0000
 - Configuration 424:
     Restraint binding atoms () strained to    0.0000
 - Configuration 425:
     Restraint binding atoms () strained to    0.0000
 - Configuration 426:
     Restraint binding atoms () strained to    0.0000
 - Configuration 427:
     Restraint binding atoms () strained to    0.0000
 - Configuration 428:
     Restraint binding atoms () strained to    0.0000
 - Configuration 429:
     Restraint binding atoms () strained to    0.0000
 - Configuration 430:
     Restraint binding atoms () strained to    0.0000
 - Configuration 431:
     Restraint binding atoms () strained to    0.0000
 - Configuration 432:
     Restraint binding atoms () strained to    0.0000
 - Configuration 433:
     Restraint binding atoms () strained to    0.0000
 - Configuration 434:
     Restraint binding atoms () strained to    0.0000
 - Configuration 435:
     Restraint binding atoms () strained to    0.0000
 - Configuration 436:
     Restraint binding atoms () strained to    0.0000
 - Configuration 437:
     Restraint binding atoms () strained to    0.0000
 - Configuration 438:
     Restraint binding atoms () strained to    0.0000
 - Configuration 439:
     Restraint binding atoms () strained to    0.0000
 - Configuration 440:
     Restraint binding atoms () strained to    0.0000
 - Configuration 441:
     Restraint binding atoms () strained to    0.0000
 - Configuration 442:
     Restraint binding atoms () strained to    0.0000
 - Configuration 443:
     Restraint binding atoms () strained to    0.0000
 - Configuration 444:
     Restraint binding atoms () strained to    0.0000
 - Configuration 445:
     Restraint binding atoms () strained to    0.0000
 - Configuration 446:
     Restraint binding atoms () strained to    0.0000
 - Configuration 447:
     Restraint binding atoms () strained to    0.0000
 - Configuration 448:
     Restraint binding atoms () strained to    0.0000
 - Configuration 449:
     Restraint binding atoms () strained to    0.0000
 - Configuration 450:
     Restraint binding atoms () strained to    0.0000
 - Configuration 451:
     Restraint binding atoms () strained to    0.0000
 - Configuration 452:
     Restraint binding atoms () strained to    0.0000
 - Configuration 453:
     Restraint binding atoms () strained to    0.0000
 - Configuration 454:
     Restraint binding atoms () strained to    0.0000
 - Configuration 455:
     Restraint binding atoms () strained to    0.0000
 - Configuration 456:
     Restraint binding atoms () strained to    0.0000
 - Configuration 457:
     Restraint binding atoms () strained to    0.0000
 - Configuration 458:
     Restraint binding atoms () strained to    0.0000
 - Configuration 459:
     Restraint binding atoms () strained to    0.0000
 - Configuration 460:
     Restraint binding atoms () strained to    0.0000
 - Configuration 461:
     Restraint binding atoms () strained to    0.0000
 - Configuration 462:
     Restraint binding atoms () strained to    0.0000
 - Configuration 463:
     Restraint binding atoms () strained to    0.0000
 - Configuration 464:
     Restraint binding atoms () strained to    0.0000
 - Configuration 465:
     Restraint binding atoms () strained to    0.0000
 - Configuration 466:
     Restraint binding atoms () strained to    0.0000
 - Configuration 467:
     Restraint binding atoms () strained to    0.0000
 - Configuration 468:
     Restraint binding atoms () strained to    0.0000
 - Configuration 469:
     Restraint binding atoms () strained to    0.0000
 - Configuration 470:
     Restraint binding atoms () strained to    0.0000
 - Configuration 471:
     Restraint binding atoms () strained to    0.0000
 - Configuration 472:
     Restraint binding atoms () strained to    0.0000
 - Configuration 473:
     Restraint binding atoms () strained to    0.0000
 - Configuration 474:
     Restraint binding atoms () strained to    0.0000
 - Configuration 475:
     Restraint binding atoms () strained to    0.0000
 - Configuration 476:
     Restraint binding atoms () strained to    0.0000
 - Configuration 477:
     Restraint binding atoms () strained to    0.0000
 - Configuration 478:
     Restraint binding atoms () strained to    0.0000
 - Configuration 479:
     Restraint binding atoms () strained to    0.0000
 - Configuration 480:
     Restraint binding atoms () strained to    0.0000
 - Configuration 481:
     Restraint binding atoms () strained to    0.0000
 - Configuration 482:
     Restraint binding atoms () strained to    0.0000
 - Configuration 483:
     Restraint binding atoms () strained to    0.0000
 - Configuration 484:
     Restraint binding atoms () strained to    0.0000
 - Configuration 485:
     Restraint binding atoms () strained to    0.0000
 - Configuration 486:
     Restraint binding atoms () strained to    0.0000
 - Configuration 487:
     Restraint binding atoms () strained to    0.0000
 - Configuration 488:
     Restraint binding atoms () strained to    0.0000
 - Configuration 489:
     Restraint binding atoms () strained to    0.0000
 - Configuration 490:
     Restraint binding atoms () strained to    0.0000
 - Configuration 491:
     Restraint binding atoms () strained to    0.0000
 - Configuration 492:
     Restraint binding atoms () strained to    0.0000
 - Configuration 493:
     Restraint binding atoms () strained to    0.0000
 - Configuration 494:
     Restraint binding atoms () strained to    0.0000
 - Configuration 495:
     Restraint binding atoms () strained to    0.0000
 - Configuration 496:
     Restraint binding atoms () strained to    0.0000
 - Configuration 497:
     Restraint binding atoms () strained to    0.0000
 - Configuration 498:
     Restraint binding atoms () strained to    0.0000
 - Configuration 499:
     Restraint binding atoms () strained to    0.0000
 - Configuration 500:
     Restraint binding atoms () strained to    0.0000
 - Configuration 501:
     Restraint binding atoms () strained to    0.0000
 - Configuration 502:
     Restraint binding atoms () strained to    0.0000
 - Configuration 503:
     Restraint binding atoms () strained to    0.0000
 - Configuration 504:
     Restraint binding atoms () strained to    0.0000
 - Configuration 505:
     Restraint binding atoms () strained to    0.0000
 - Configuration 506:
     Restraint binding atoms () strained to    0.0000
 - Configuration 507:
     Restraint binding atoms () strained to    0.0000
 - Configuration 508:
     Restraint binding atoms () strained to    0.0000
 - Configuration 509:
     Restraint binding atoms () strained to    0.0000
 - Configuration 510:
     Restraint binding atoms () strained to    0.0000
 - Configuration 511:
     Restraint binding atoms () strained to    0.0000
 - Configuration 512:
     Restraint binding atoms () strained to    0.0000
 - Configuration 513:
     Restraint binding atoms () strained to    0.0000
 - Configuration 514:
     Restraint binding atoms () strained to    0.0000
 - Configuration 515:
     Restraint binding atoms () strained to    0.0000
 - Configuration 516:
     Restraint binding atoms () strained to    0.0000
 - Configuration 517:
     Restraint binding atoms () strained to    0.0000
 - Configuration 518:
     Restraint binding atoms () strained to    0.0000
 - Configuration 519:
     Restraint binding atoms () strained to    0.0000
 - Configuration 520:
     Restraint binding atoms () strained to    0.0000
 - Configuration 521:
     Restraint binding atoms () strained to    0.0000
 - Configuration 522:
     Restraint binding atoms () strained to    0.0000
 - Configuration 523:
     Restraint binding atoms () strained to    0.0000
 - Configuration 524:
     Restraint binding atoms () strained to    0.0000
 - Configuration 525:
     Restraint binding atoms () strained to    0.0000
 - Configuration 526:
     Restraint binding atoms () strained to    0.0000
 - Configuration 527:
     Restraint binding atoms () strained to    0.0000
 - Configuration 528:
     Restraint binding atoms () strained to    0.0000
 - Configuration 529:
     Restraint binding atoms () strained to    0.0000
 - Configuration 530:
     Restraint binding atoms () strained to    0.0000
 - Configuration 531:
     Restraint binding atoms () strained to    0.0000
 - Configuration 532:
     Restraint binding atoms () strained to    0.0000
 - Configuration 533:
     Restraint binding atoms () strained to    0.0000
 - Configuration 534:
     Restraint binding atoms () strained to    0.0000
 - Configuration 535:
     Restraint binding atoms () strained to    0.0000
 - Configuration 536:
     Restraint binding atoms () strained to    0.0000
 - Configuration 537:
     Restraint binding atoms () strained to    0.0000
 - Configuration 538:
     Restraint binding atoms () strained to    0.0000
 - Configuration 539:
     Restraint binding atoms () strained to    0.0000
 - Configuration 540:
     Restraint binding atoms () strained to    0.0000
 - Configuration 541:
     Restraint binding atoms () strained to    0.0000
 - Configuration 542:
     Restraint binding atoms () strained to    0.0000
 - Configuration 543:
     Restraint binding atoms () strained to    0.0000
 - Configuration 544:
     Restraint binding atoms () strained to    0.0000
 - Configuration 545:
     Restraint binding atoms () strained to    0.0000
 - Configuration 546:
     Restraint binding atoms () strained to    0.0000
 - Configuration 547:
     Restraint binding atoms () strained to    0.0000
 - Configuration 548:
     Restraint binding atoms () strained to    0.0000
 - Configuration 549:
     Restraint binding atoms () strained to    0.0000
 - Configuration 550:
     Restraint binding atoms () strained to    0.0000
 - Configuration 551:
     Restraint binding atoms () strained to    0.0000
 - Configuration 552:
     Restraint binding atoms () strained to    0.0000
 - Configuration 553:
     Restraint binding atoms () strained to    0.0000
 - Configuration 554:
     Restraint binding atoms () strained to    0.0000
 - Configuration 555:
     Restraint binding atoms () strained to    0.0000
 - Configuration 556:
     Restraint binding atoms () strained to    0.0000
 - Configuration 557:
     Restraint binding atoms () strained to    0.0000
 - Configuration 558:
     Restraint binding atoms () strained to    0.0000
 - Configuration 559:
     Restraint binding atoms () strained to    0.0000
 - Configuration 560:
     Restraint binding atoms () strained to    0.0000
 - Configuration 561:
     Restraint binding atoms () strained to    0.0000
 - Configuration 562:
     Restraint binding atoms () strained to    0.0000
 - Configuration 563:
     Restraint binding atoms () strained to    0.0000
 - Configuration 564:
     Restraint binding atoms () strained to    0.0000
 - Configuration 565:
     Restraint binding atoms () strained to    0.0000
 - Configuration 566:
     Restraint binding atoms () strained to    0.0000
 - Configuration 567:
     Restraint binding atoms () strained to    0.0000
 - Configuration 568:
     Restraint binding atoms () strained to    0.0000
 - Configuration 569:
     Restraint binding atoms () strained to    0.0000
 - Configuration 570:
     Restraint binding atoms () strained to    0.0000
 - Configuration 571:
     Restraint binding atoms () strained to    0.0000
 - Configuration 572:
     Restraint binding atoms () strained to    0.0000
 - Configuration 573:
     Restraint binding atoms () strained to    0.0000
 - Configuration 574:
     Restraint binding atoms () strained to    0.0000
 - Configuration 575:
     Restraint binding atoms () strained to    0.0000
 - Configuration 576:
     Restraint binding atoms () strained to    0.0000
 - Configuration 577:
     Restraint binding atoms () strained to    0.0000
 - Configuration 578:
     Restraint binding atoms () strained to    0.0000
 - Configuration 579:
     Restraint binding atoms () strained to    0.0000
 - Configuration 580:
     Restraint binding atoms () strained to    0.0000
 - Configuration 581:
     Restraint binding atoms () strained to    0.0000
 - Configuration 582:
     Restraint binding atoms () strained to    0.0000
 - Configuration 583:
     Restraint binding atoms () strained to    0.0000
 - Configuration 584:
     Restraint binding atoms () strained to    0.0000
 - Configuration 585:
     Restraint binding atoms () strained to    0.0000
 - Configuration 586:
     Restraint binding atoms () strained to    0.0000
 - Configuration 587:
     Restraint binding atoms () strained to    0.0000
 - Configuration 588:
     Restraint binding atoms () strained to    0.0000
 - Configuration 589:
     Restraint binding atoms () strained to    0.0000
 - Configuration 590:
     Restraint binding atoms () strained to    0.0000
 - Configuration 591:
     Restraint binding atoms () strained to    0.0000
 - Configuration 592:
     Restraint binding atoms () strained to    0.0000
 - Configuration 593:
     Restraint binding atoms () strained to    0.0000
 - Configuration 594:
     Restraint binding atoms () strained to    0.0000
 - Configuration 595:
     Restraint binding atoms () strained to    0.0000
 - Configuration 596:
     Restraint binding atoms () strained to    0.0000
 - Configuration 597:
     Restraint binding atoms () strained to    0.0000
 - Configuration 598:
     Restraint binding atoms () strained to    0.0000
 - Configuration 599:
     Restraint binding atoms () strained to    0.0000
 - Configuration 600:
     Restraint binding atoms () strained to    0.0000
 - Configuration 601:
     Restraint binding atoms () strained to    0.0000
 - Configuration 602:
     Restraint binding atoms () strained to    0.0000
 - Configuration 603:
     Restraint binding atoms () strained to    0.0000
 - Configuration 604:
     Restraint binding atoms () strained to    0.0000
 - Configuration 605:
     Restraint binding atoms () strained to    0.0000
 - Configuration 606:
     Restraint binding atoms () strained to    0.0000
 - Configuration 607:
     Restraint binding atoms () strained to    0.0000
 - Configuration 608:
     Restraint binding atoms () strained to    0.0000
 - Configuration 609:
     Restraint binding atoms () strained to    0.0000
 - Configuration 610:
     Restraint binding atoms () strained to    0.0000
 - Configuration 611:
     Restraint binding atoms () strained to    0.0000
 - Configuration 612:
     Restraint binding atoms () strained to    0.0000
 - Configuration 613:
     Restraint binding atoms () strained to    0.0000
 - Configuration 614:
     Restraint binding atoms () strained to    0.0000
 - Configuration 615:
     Restraint binding atoms () strained to    0.0000
 - Configuration 616:
     Restraint binding atoms () strained to    0.0000
 - Configuration 617:
     Restraint binding atoms () strained to    0.0000
 - Configuration 618:
     Restraint binding atoms () strained to    0.0000
 - Configuration 619:
     Restraint binding atoms () strained to    0.0000
 - Configuration 620:
     Restraint binding atoms () strained to    0.0000
 - Configuration 621:
     Restraint binding atoms () strained to    0.0000
 - Configuration 622:
     Restraint binding atoms () strained to    0.0000
 - Configuration 623:
     Restraint binding atoms () strained to    0.0000
 - Configuration 624:
     Restraint binding atoms () strained to    0.0000
 - Configuration 625:
     Restraint binding atoms () strained to    0.0000
 - Configuration 626:
     Restraint binding atoms () strained to    0.0000
 - Configuration 627:
     Restraint binding atoms () strained to    0.0000
 - Configuration 628:
     Restraint binding atoms () strained to    0.0000
 - Configuration 629:
     Restraint binding atoms () strained to    0.0000
 - Configuration 630:
     Restraint binding atoms () strained to    0.0000
 - Configuration 631:
     Restraint binding atoms () strained to    0.0000
 - Configuration 632:
     Restraint binding atoms () strained to    0.0000
 - Configuration 633:
     Restraint binding atoms () strained to    0.0000
 - Configuration 634:
     Restraint binding atoms () strained to    0.0000
 - Configuration 635:
     Restraint binding atoms () strained to    0.0000
 - Configuration 636:
     Restraint binding atoms () strained to    0.0000
 - Configuration 637:
     Restraint binding atoms () strained to    0.0000
 - Configuration 638:
     Restraint binding atoms () strained to    0.0000
 - Configuration 639:
     Restraint binding atoms () strained to    0.0000
 - Configuration 640:
     Restraint binding atoms () strained to    0.0000
 - Configuration 641:
     Restraint binding atoms () strained to    0.0000
 - Configuration 642:
     Restraint binding atoms () strained to    0.0000
 - Configuration 643:
     Restraint binding atoms () strained to    0.0000
 - Configuration 644:
     Restraint binding atoms () strained to    0.0000
 - Configuration 645:
     Restraint binding atoms () strained to    0.0000
 - Configuration 646:
     Restraint binding atoms () strained to    0.0000
 - Configuration 647:
     Restraint binding atoms () strained to    0.0000
 - Configuration 648:
     Restraint binding atoms () strained to    0.0000
 - Configuration 649:
     Restraint binding atoms () strained to    0.0000
 - Configuration 650:
     Restraint binding atoms () strained to    0.0000
 - Configuration 651:
     Restraint binding atoms () strained to    0.0000
 - Configuration 652:
     Restraint binding atoms () strained to    0.0000
 - Configuration 653:
     Restraint binding atoms () strained to    0.0000
 - Configuration 654:
     Restraint binding atoms () strained to    0.0000
 - Configuration 655:
     Restraint binding atoms () strained to    0.0000
 - Configuration 656:
     Restraint binding atoms () strained to    0.0000
 - Configuration 657:
     Restraint binding atoms () strained to    0.0000
 - Configuration 658:
     Restraint binding atoms () strained to    0.0000
 - Configuration 659:
     Restraint binding atoms () strained to    0.0000
 - Configuration 660:
     Restraint binding atoms () strained to    0.0000
 - Configuration 661:
     Restraint binding atoms () strained to    0.0000
 - Configuration 662:
     Restraint binding atoms () strained to    0.0000
 - Configuration 663:
     Restraint binding atoms () strained to    0.0000
 - Configuration 664:
     Restraint binding atoms () strained to    0.0000
 - Configuration 665:
     Restraint binding atoms () strained to    0.0000
 - Configuration 666:
     Restraint binding atoms () strained to    0.0000
 - Configuration 667:
     Restraint binding atoms () strained to    0.0000
 - Configuration 668:
     Restraint binding atoms () strained to    0.0000
 - Configuration 669:
     Restraint binding atoms () strained to    0.0000
 - Configuration 670:
     Restraint binding atoms () strained to    0.0000
 - Configuration 671:
     Restraint binding atoms () strained to    0.0000
 - Configuration 672:
     Restraint binding atoms () strained to    0.0000
 - Configuration 673:
     Restraint binding atoms () strained to    0.0000
 - Configuration 674:
     Restraint binding atoms () strained to    0.0000
 - Configuration 675:
     Restraint binding atoms () strained to    0.0000
 - Configuration 676:
     Restraint binding atoms () strained to    0.0000
 - Configuration 677:
     Restraint binding atoms () strained to    0.0000
 - Configuration 678:
     Restraint binding atoms () strained to    0.0000
 - Configuration 679:
     Restraint binding atoms () strained to    0.0000
 - Configuration 680:
     Restraint binding atoms () strained to    0.0000
 - Configuration 681:
     Restraint binding atoms () strained to    0.0000
 - Configuration 682:
     Restraint binding atoms () strained to    0.0000
 - Configuration 683:
     Restraint binding atoms () strained to    0.0000
 - Configuration 684:
     Restraint binding atoms () strained to    0.0000
 - Configuration 685:
     Restraint binding atoms () strained to    0.0000
 - Configuration 686:
     Restraint binding atoms () strained to    0.0000
 - Configuration 687:
     Restraint binding atoms () strained to    0.0000
 - Configuration 688:
     Restraint binding atoms () strained to    0.0000
 - Configuration 689:
     Restraint binding atoms () strained to    0.0000
 - Configuration 690:
     Restraint binding atoms () strained to    0.0000
 - Configuration 691:
     Restraint binding atoms () strained to    0.0000
 - Configuration 692:
     Restraint binding atoms () strained to    0.0000
 - Configuration 693:
     Restraint binding atoms () strained to    0.0000
 - Configuration 694:
     Restraint binding atoms () strained to    0.0000
 - Configuration 695:
     Restraint binding atoms () strained to    0.0000
 - Configuration 696:
     Restraint binding atoms () strained to    0.0000
 - Configuration 697:
     Restraint binding atoms () strained to    0.0000
 - Configuration 698:
     Restraint binding atoms () strained to    0.0000
 - Configuration 699:
     Restraint binding atoms () strained to    0.0000
 - Configuration 700:
     Restraint binding atoms () strained to    0.0000
 - Configuration 701:
     Restraint binding atoms () strained to    0.0000
 - Configuration 702:
     Restraint binding atoms () strained to    0.0000
 - Configuration 703:
     Restraint binding atoms () strained to    0.0000
 - Configuration 704:
     Restraint binding atoms () strained to    0.0000
 - Configuration 705:
     Restraint binding atoms () strained to    0.0000
 - Configuration 706:
     Restraint binding atoms () strained to    0.0000
 - Configuration 707:
     Restraint binding atoms () strained to    0.0000
 - Configuration 708:
     Restraint binding atoms () strained to    0.0000
 - Configuration 709:
     Restraint binding atoms () strained to    0.0000
 - Configuration 710:
     Restraint binding atoms () strained to    0.0000
 - Configuration 711:
     Restraint binding atoms () strained to    0.0000
 - Configuration 712:
     Restraint binding atoms () strained to    0.0000
 - Configuration 713:
     Restraint binding atoms () strained to    0.0000
 - Configuration 714:
     Restraint binding atoms () strained to    0.0000
 - Configuration 715:
     Restraint binding atoms () strained to    0.0000
 - Configuration 716:
     Restraint binding atoms () strained to    0.0000
 - Configuration 717:
     Restraint binding atoms () strained to    0.0000
 - Configuration 718:
     Restraint binding atoms () strained to    0.0000
 - Configuration 719:
     Restraint binding atoms () strained to    0.0000
 - Configuration 720:
     Restraint binding atoms () strained to    0.0000
 - Configuration 721:
     Restraint binding atoms () strained to    0.0000
 - Configuration 722:
     Restraint binding atoms () strained to    0.0000
 - Configuration 723:
     Restraint binding atoms () strained to    0.0000
 - Configuration 724:
     Restraint binding atoms () strained to    0.0000
 - Configuration 725:
     Restraint binding atoms () strained to    0.0000
 - Configuration 726:
     Restraint binding atoms () strained to    0.0000
 - Configuration 727:
     Restraint binding atoms () strained to    0.0000
 - Configuration 728:
     Restraint binding atoms () strained to    0.0000
 - Configuration 729:
     Restraint binding atoms () strained to    0.0000
 - Configuration 730:
     Restraint binding atoms () strained to    0.0000
 - Configuration 731:
     Restraint binding atoms () strained to    0.0000
 - Configuration 732:
     Restraint binding atoms () strained to    0.0000
 - Configuration 733:
     Restraint binding atoms () strained to    0.0000
 - Configuration 734:
     Restraint binding atoms () strained to    0.0000
 - Configuration 735:
     Restraint binding atoms () strained to    0.0000
 - Configuration 736:
     Restraint binding atoms () strained to    0.0000
 - Configuration 737:
     Restraint binding atoms () strained to    0.0000
 - Configuration 738:
     Restraint binding atoms () strained to    0.0000
 - Configuration 739:
     Restraint binding atoms () strained to    0.0000
 - Configuration 740:
     Restraint binding atoms () strained to    0.0000
 - Configuration 741:
     Restraint binding atoms () strained to    0.0000
 - Configuration 742:
     Restraint binding atoms () strained to    0.0000
 - Configuration 743:
     Restraint binding atoms () strained to    0.0000
 - Configuration 744:
     Restraint binding atoms () strained to    0.0000
 - Configuration 745:
     Restraint binding atoms () strained to    0.0000
 - Configuration 746:
     Restraint binding atoms () strained to    0.0000
 - Configuration 747:
     Restraint binding atoms () strained to    0.0000
 - Configuration 748:
     Restraint binding atoms () strained to    0.0000
 - Configuration 749:
     Restraint binding atoms () strained to    0.0000
 - Configuration 750:
     Restraint binding atoms () strained to    0.0000
 - Configuration 751:
     Restraint binding atoms () strained to    0.0000
 - Configuration 752:
     Restraint binding atoms () strained to    0.0000
 - Configuration 753:
     Restraint binding atoms () strained to    0.0000
 - Configuration 754:
     Restraint binding atoms () strained to    0.0000
 - Configuration 755:
     Restraint binding atoms () strained to    0.0000
 - Configuration 756:
     Restraint binding atoms () strained to    0.0000
 - Configuration 757:
     Restraint binding atoms () strained to    0.0000
 - Configuration 758:
     Restraint binding atoms () strained to    0.0000
 - Configuration 759:
     Restraint binding atoms () strained to    0.0000
 - Configuration 760:
     Restraint binding atoms () strained to    0.0000
 - Configuration 761:
     Restraint binding atoms () strained to    0.0000
 - Configuration 762:
     Restraint binding atoms () strained to    0.0000
 - Configuration 763:
     Restraint binding atoms () strained to    0.0000
 - Configuration 764:
     Restraint binding atoms () strained to    0.0000
 - Configuration 765:
     Restraint binding atoms () strained to    0.0000
 - Configuration 766:
     Restraint binding atoms () strained to    0.0000
 - Configuration 767:
     Restraint binding atoms () strained to    0.0000
 - Configuration 768:
     Restraint binding atoms () strained to    0.0000
 - Configuration 769:
     Restraint binding atoms () strained to    0.0000
 - Configuration 770:
     Restraint binding atoms () strained to    0.0000
 - Configuration 771:
     Restraint binding atoms () strained to    0.0000
 - Configuration 772:
     Restraint binding atoms () strained to    0.0000
 - Configuration 773:
     Restraint binding atoms () strained to    0.0000
 - Configuration 774:
     Restraint binding atoms () strained to    0.0000
 - Configuration 775:
     Restraint binding atoms () strained to    0.0000
 - Configuration 776:
     Restraint binding atoms () strained to    0.0000
 - Configuration 777:
     Restraint binding atoms () strained to    0.0000
 - Configuration 778:
     Restraint binding atoms () strained to    0.0000
 - Configuration 779:
     Restraint binding atoms () strained to    0.0000
 - Configuration 780:
     Restraint binding atoms () strained to    0.0000
 - Configuration 781:
     Restraint binding atoms () strained to    0.0000
 - Configuration 782:
     Restraint binding atoms () strained to    0.0000
 - Configuration 783:
     Restraint binding atoms () strained to    0.0000
 - Configuration 784:
     Restraint binding atoms () strained to    0.0000
 - Configuration 785:
     Restraint binding atoms () strained to    0.0000
 - Configuration 786:
     Restraint binding atoms () strained to    0.0000
 - Configuration 787:
     Restraint binding atoms () strained to    0.0000
 - Configuration 788:
     Restraint binding atoms () strained to    0.0000
 - Configuration 789:
     Restraint binding atoms () strained to    0.0000
 - Configuration 790:
     Restraint binding atoms () strained to    0.0000
 - Configuration 791:
     Restraint binding atoms () strained to    0.0000
 - Configuration 792:
     Restraint binding atoms () strained to    0.0000
 - Configuration 793:
     Restraint binding atoms () strained to    0.0000
 - Configuration 794:
     Restraint binding atoms () strained to    0.0000
 - Configuration 795:
     Restraint binding atoms () strained to    0.0000
 - Configuration 796:
     Restraint binding atoms () strained to    0.0000
 - Configuration 797:
     Restraint binding atoms () strained to    0.0000
 - Configuration 798:
     Restraint binding atoms () strained to    0.0000
 - Configuration 799:
     Restraint binding atoms () strained to    0.0000
 - Configuration 800:
     Restraint binding atoms () strained to    0.0000
 - Configuration 801:
     Restraint binding atoms () strained to    0.0000
 - Configuration 802:
     Restraint binding atoms () strained to    0.0000
 - Configuration 803:
     Restraint binding atoms () strained to    0.0000
 - Configuration 804:
     Restraint binding atoms () strained to    0.0000
 - Configuration 805:
     Restraint binding atoms () strained to    0.0000
 - Configuration 806:
     Restraint binding atoms () strained to    0.0000
 - Configuration 807:
     Restraint binding atoms () strained to    0.0000
 - Configuration 808:
     Restraint binding atoms () strained to    0.0000
 - Configuration 809:
     Restraint binding atoms () strained to    0.0000
 - Configuration 810:
     Restraint binding atoms () strained to    0.0000
 - Configuration 811:
     Restraint binding atoms () strained to    0.0000
 - Configuration 812:
     Restraint binding atoms () strained to    0.0000
 - Configuration 813:
     Restraint binding atoms () strained to    0.0000
 - Configuration 814:
     Restraint binding atoms () strained to    0.0000
 - Configuration 815:
     Restraint binding atoms () strained to    0.0000
 - Configuration 816:
     Restraint binding atoms () strained to    0.0000
 - Configuration 817:
     Restraint binding atoms () strained to    0.0000
 - Configuration 818:
     Restraint binding atoms () strained to    0.0000
 - Configuration 819:
     Restraint binding atoms () strained to    0.0000
 - Configuration 820:
     Restraint binding atoms () strained to    0.0000
 - Configuration 821:
     Restraint binding atoms () strained to    0.0000
 - Configuration 822:
     Restraint binding atoms () strained to    0.0000
 - Configuration 823:
     Restraint binding atoms () strained to    0.0000
 - Configuration 824:
     Restraint binding atoms () strained to    0.0000
 - Configuration 825:
     Restraint binding atoms () strained to    0.0000
 - Configuration 826:
     Restraint binding atoms () strained to    0.0000
 - Configuration 827:
     Restraint binding atoms () strained to    0.0000
 - Configuration 828:
     Restraint binding atoms () strained to    0.0000
 - Configuration 829:
     Restraint binding atoms () strained to    0.0000
 - Configuration 830:
     Restraint binding atoms () strained to    0.0000
 - Configuration 831:
     Restraint binding atoms () strained to    0.0000
 - Configuration 832:
     Restraint binding atoms () strained to    0.0000
 - Configuration 833:
     Restraint binding atoms () strained to    0.0000
 - Configuration 834:
     Restraint binding atoms () strained to    0.0000
 - Configuration 835:
     Restraint binding atoms () strained to    0.0000
 - Configuration 836:
     Restraint binding atoms () strained to    0.0000
 - Configuration 837:
     Restraint binding atoms () strained to    0.0000
 - Configuration 838:
     Restraint binding atoms () strained to    0.0000
 - Configuration 839:
     Restraint binding atoms () strained to    0.0000
 - Configuration 840:
     Restraint binding atoms () strained to    0.0000
 - Configuration 841:
     Restraint binding atoms () strained to    0.0000
 - Configuration 842:
     Restraint binding atoms () strained to    0.0000
 - Configuration 843:
     Restraint binding atoms () strained to    0.0000
 - Configuration 844:
     Restraint binding atoms () strained to    0.0000
 - Configuration 845:
     Restraint binding atoms () strained to    0.0000
 - Configuration 846:
     Restraint binding atoms () strained to    0.0000
 - Configuration 847:
     Restraint binding atoms () strained to    0.0000
 - Configuration 848:
     Restraint binding atoms () strained to    0.0000
 - Configuration 849:
     Restraint binding atoms () strained to    0.0000
 - Configuration 850:
     Restraint binding atoms () strained to    0.0000
 - Configuration 851:
     Restraint binding atoms () strained to    0.0000
 - Configuration 852:
     Restraint binding atoms () strained to    0.0000
 - Configuration 853:
     Restraint binding atoms () strained to    0.0000
 - Configuration 854:
     Restraint binding atoms () strained to    0.0000
 - Configuration 855:
     Restraint binding atoms () strained to    0.0000
 - Configuration 856:
     Restraint binding atoms () strained to    0.0000
 - Configuration 857:
     Restraint binding atoms () strained to    0.0000
 - Configuration 858:
     Restraint binding atoms () strained to    0.0000
 - Configuration 859:
     Restraint binding atoms () strained to    0.0000
 - Configuration 860:
     Restraint binding atoms () strained to    0.0000
 - Configuration 861:
     Restraint binding atoms () strained to    0.0000
 - Configuration 862:
     Restraint binding atoms () strained to    0.0000
 - Configuration 863:
     Restraint binding atoms () strained to    0.0000
 - Configuration 864:
     Restraint binding atoms () strained to    0.0000
 - Configuration 865:
     Restraint binding atoms () strained to    0.0000
 - Configuration 866:
     Restraint binding atoms () strained to    0.0000
 - Configuration 867:
     Restraint binding atoms () strained to    0.0000
 - Configuration 868:
     Restraint binding atoms () strained to    0.0000
 - Configuration 869:
     Restraint binding atoms () strained to    0.0000
 - Configuration 870:
     Restraint binding atoms () strained to    0.0000
 - Configuration 871:
     Restraint binding atoms () strained to    0.0000
 - Configuration 872:
     Restraint binding atoms () strained to    0.0000
 - Configuration 873:
     Restraint binding atoms () strained to    0.0000
 - Configuration 874:
     Restraint binding atoms () strained to    0.0000
 - Configuration 875:
     Restraint binding atoms () strained to    0.0000
 - Configuration 876:
     Restraint binding atoms () strained to    0.0000
 - Configuration 877:
     Restraint binding atoms () strained to    0.0000
 - Configuration 878:
     Restraint binding atoms () strained to    0.0000
 - Configuration 879:
     Restraint binding atoms () strained to    0.0000
 - Configuration 880:
     Restraint binding atoms () strained to    0.0000
 - Configuration 881:
     Restraint binding atoms () strained to    0.0000
 - Configuration 882:
     Restraint binding atoms () strained to    0.0000
 - Configuration 883:
     Restraint binding atoms () strained to    0.0000
 - Configuration 884:
     Restraint binding atoms () strained to    0.0000
 - Configuration 885:
     Restraint binding atoms () strained to    0.0000
 - Configuration 886:
     Restraint binding atoms () strained to    0.0000
 - Configuration 887:
     Restraint binding atoms () strained to    0.0000
 - Configuration 888:
     Restraint binding atoms () strained to    0.0000
 - Configuration 889:
     Restraint binding atoms () strained to    0.0000
 - Configuration 890:
     Restraint binding atoms () strained to    0.0000
 - Configuration 891:
     Restraint binding atoms () strained to    0.0000
 - Configuration 892:
     Restraint binding atoms () strained to    0.0000
 - Configuration 893:
     Restraint binding atoms () strained to    0.0000
 - Configuration 894:
     Restraint binding atoms () strained to    0.0000
 - Configuration 895:
     Restraint binding atoms () strained to    0.0000
 - Configuration 896:
     Restraint binding atoms () strained to    0.0000
 - Configuration 897:
     Restraint binding atoms () strained to    0.0000
 - Configuration 898:
     Restraint binding atoms () strained to    0.0000
 - Configuration 899:
     Restraint binding atoms () strained to    0.0000
 - Configuration 900:
     Restraint binding atoms () strained to    0.0000
 - Configuration 901:
     Restraint binding atoms () strained to    0.0000
 - Configuration 902:
     Restraint binding atoms () strained to    0.0000
 - Configuration 903:
     Restraint binding atoms () strained to    0.0000
 - Configuration 904:
     Restraint binding atoms () strained to    0.0000
 - Configuration 905:
     Restraint binding atoms () strained to    0.0000
 - Configuration 906:
     Restraint binding atoms () strained to    0.0000
 - Configuration 907:
     Restraint binding atoms () strained to    0.0000
 - Configuration 908:
     Restraint binding atoms () strained to    0.0000
 - Configuration 909:
     Restraint binding atoms () strained to    0.0000
 - Configuration 910:
     Restraint binding atoms () strained to    0.0000
 - Configuration 911:
     Restraint binding atoms () strained to    0.0000
 - Configuration 912:
     Restraint binding atoms () strained to    0.0000
 - Configuration 913:
     Restraint binding atoms () strained to    0.0000
 - Configuration 914:
     Restraint binding atoms () strained to    0.0000
 - Configuration 915:
     Restraint binding atoms () strained to    0.0000
 - Configuration 916:
     Restraint binding atoms () strained to    0.0000
 - Configuration 917:
     Restraint binding atoms () strained to    0.0000
 - Configuration 918:
     Restraint binding atoms () strained to    0.0000
 - Configuration 919:
     Restraint binding atoms () strained to    0.0000
 - Configuration 920:
     Restraint binding atoms () strained to    0.0000
 - Configuration 921:
     Restraint binding atoms () strained to    0.0000
 - Configuration 922:
     Restraint binding atoms () strained to    0.0000
 - Configuration 923:
     Restraint binding atoms () strained to    0.0000
 - Configuration 924:
     Restraint binding atoms () strained to    0.0000
 - Configuration 925:
     Restraint binding atoms () strained to    0.0000
 - Configuration 926:
     Restraint binding atoms () strained to    0.0000
 - Configuration 928:
     Restraint binding atoms () strained to    0.0000
 - Configuration 929:
     Restraint binding atoms () strained to    0.0000
 - Configuration 930:
     Restraint binding atoms () strained to    0.0000
 - Configuration 931:
     Restraint binding atoms () strained to    0.0000
 - Configuration 932:
     Restraint binding atoms () strained to    0.0000
 - Configuration 933:
     Restraint binding atoms () strained to    0.0000
 - Configuration 934:
     Restraint binding atoms () strained to    0.0000
 - Configuration 935:
     Restraint binding atoms () strained to    0.0000
 - Configuration 936:
     Restraint binding atoms () strained to    0.0000
 - Configuration 937:
     Restraint binding atoms () strained to    0.0000
 - Configuration 938:
     Restraint binding atoms () strained to    0.0000
 - Configuration 939:
     Restraint binding atoms () strained to    0.0000
 - Configuration 940:
     Restraint binding atoms () strained to    0.0000
 - Configuration 941:
     Restraint binding atoms () strained to    0.0000
 - Configuration 942:
     Restraint binding atoms () strained to    0.0000
 - Configuration 943:
     Restraint binding atoms () strained to    0.0000
 - Configuration 944:
     Restraint binding atoms () strained to    0.0000
 - Configuration 945:
     Restraint binding atoms () strained to    0.0000
 - Configuration 946:
     Restraint binding atoms () strained to    0.0000
 - Configuration 947:
     Restraint binding atoms () strained to    0.0000
 - Configuration 948:
     Restraint binding atoms () strained to    0.0000
 - Configuration 949:
     Restraint binding atoms () strained to    0.0000
 - Configuration 950:
     Restraint binding atoms () strained to    0.0000
 - Configuration 951:
     Restraint binding atoms () strained to    0.0000
 - Configuration 952:
     Restraint binding atoms () strained to    0.0000
 - Configuration 953:
     Restraint binding atoms () strained to    0.0000
 - Configuration 954:
     Restraint binding atoms () strained to    0.0000
 - Configuration 955:
     Restraint binding atoms () strained to    0.0000
 - Configuration 956:
     Restraint binding atoms () strained to    0.0000
 - Configuration 957:
     Restraint binding atoms () strained to    0.0000
 - Configuration 958:
     Restraint binding atoms () strained to    0.0000
 - Configuration 959:
     Restraint binding atoms () strained to    0.0000
 - Configuration 960:
     Restraint binding atoms () strained to    0.0000
 - Configuration 961:
     Restraint binding atoms () strained to    0.0000
 - Configuration 962:
     Restraint binding atoms () strained to    0.0000
 - Configuration 963:
     Restraint binding atoms () strained to    0.0000
 - Configuration 964:
     Restraint binding atoms () strained to    0.0000
 - Configuration 965:
     Restraint binding atoms () strained to    0.0000
 - Configuration 966:
     Restraint binding atoms () strained to    0.0000
 - Configuration 967:
     Restraint binding atoms () strained to    0.0000
 - Configuration 968:
     Restraint binding atoms () strained to    0.0000
 - Configuration 969:
     Restraint binding atoms () strained to    0.0000
 - Configuration 970:
     Restraint binding atoms () strained to    0.0000
<++>-----------------------------------------------------------------------<++>
