
          -------------------------------------------------------
          Amber 18 PMEMD                              2018
          -------------------------------------------------------

| PMEMD implementation of SANDER, Release 18

| Run on 03/23/2022 at 18:12:18

|   Executable path: pmemd.MPI
| Working directory: /bgfs/lchong/dty7/ff15ipq-lig/charges/gaff_02/GenConformers/Conf12
|          Hostname: smp-n123

  [-O]verwriting output

File Assignments:
|   MDIN: ../../../amber/6.3_eq2.in                                             
|  MDOUT: 6.3_eq2.out                                                           
| INPCRD: 6.2_eq1.rst                                                           
|   PARM: ../../mon.top                                                         
| RESTRT: 6.3_eq2.rst                                                           
|   REFC: 6.2_eq1.rst                                                           
|  MDVEL: mdvel                                                                 
|   MDEN: mden                                                                  
|  MDCRD: mdcrd                                                                 
| MDINFO: mdinfo                                                                
|LOGFILE: logfile                                                               
|  MDFRC: mdfrc                                                                 

 
 Here is the input file:
 
&cntrl                                                                         
  imin      = 0,                                                               
  irest     = 1,                                                               
  ntx       = 5,                                                               
  ig        = -1,                                                              
  dt        = 0.002,                                                           
  nstlim    = 50000,                                                           
  nscm      = 500,                                                             
  ntr       = 1,                                                               
  restraintmask = ':1',                                                        
  restraint_wt  = 10.0,                                                        
  ntb       = 2,                                                               
  ntp       = 1,                                                               
  barostat  = 2,                                                               
  pres0     = 1.0,                                                             
  mcbarint  = 100,                                                             
  comp      = 44.6,                                                            
  taup      = 1.0,                                                             
  ntt       = 3,                                                               
  temp0     = 298.0,                                                           
  gamma_ln  = 1.0,                                                             
  ntf       = 2,                                                               
  ntc       = 2,                                                               
  cut       = 10.0,                                                            
  ntpr      = 500,                                                             
  ntxo      = 1,                                                               
  ntwr      = 50000,                                                           
  ioutfm    = 1,                                                               
  ntwx      = 500,                                                             
  iwrap     = 1,                                                               
&end                                                                           


Note: ig = -1. Setting random seed to   213964 based on wallclock time in
      microseconds and disabling the synchronization of random numbers 
      between tasks to improve performance.
| irandom = 1, using AMBER's internal random number generator (default).
 
 
| Conditional Compilation Defines Used:
| MPI
| FFTW_FFT
| BINTRAJ
| MKL
| EMIL
 
| Largest sphere to fit in unit cell has radius =    14.843

| New format PARM file being parsed.
| Version =    1.000 Date = 03/23/22 Time = 14:37:26

| Note: 1-4 EEL scale factors are being read from the topology file.

| Note: 1-4 VDW scale factors are being read from the topology file.
| Duplicated    0 dihedrals

| Duplicated    0 dihedrals

--------------------------------------------------------------------------------
   1.  RESOURCE   USE: 
--------------------------------------------------------------------------------

 getting box info from netcdf restart file
 NATOM  =    3240 NTYPES =      13 NBONH =    3220 MBONA  =      21
 NTHETH =      33 MTHETA =      29 NPHIH =      60 MPHIA  =      45
 NHPARM =       0 NPARM  =       0 NNB   =    4456 NRES   =    1069
 NBONA  =      21 NTHETA =      29 NPHIA =      45 NUMBND =      22
 NUMANG =      35 NPTRA  =      18 NATYP =      17 NPHB   =       0
 IFBOX  =       2 NMXRS  =      36 IFCAP =       0 NEXTRA =       0
 NCOPY  =       0

| Coordinate Index Table dimensions:     5    5    5
| Direct force subcell size =     7.2715    7.2715    7.2715

     BOX TYPE: TRUNCATED OCTAHEDRON

--------------------------------------------------------------------------------
   2.  CONTROL  DATA  FOR  THE  RUN
--------------------------------------------------------------------------------

default_name                                                                    

General flags:
     imin    =       0, nmropt  =       0

Nature and format of input:
     ntx     =       5, irest   =       1, ntrx    =       1

Nature and format of output:
     ntxo    =       1, ntpr    =     500, ntrx    =       1, ntwr    =   50000
     iwrap   =       1, ntwx    =     500, ntwv    =       0, ntwe    =       0
     ioutfm  =       1, ntwprt  =       0, idecomp =       0, rbornstat=      0

Potential function:
     ntf     =       2, ntb     =       2, igb     =       0, nsnb    =      25
     ipol    =       0, gbsa    =       0, iesp    =       0
     dielc   =   1.00000, cut     =  10.00000, intdiel =   1.00000

Frozen or restrained atoms:
     ibelly  =       0, ntr     =       1
     restraint_wt =  10.00000

Molecular dynamics:
     nstlim  =     50000, nscm    =         0, nrespa  =         1
     t       =   0.00000, dt      =   0.00200, vlimit  =  20.00000

Langevin dynamics temperature regulation:
     ig      =  213964
     temp0   = 298.00000, tempi   =   0.00000, gamma_ln=   1.00000

Pressure regulation:
     ntp     =       1
     pres0   =   1.00000, comp    =  44.60000, taup    =   1.00000
     Monte-Carlo Barostat:
     mcbarint  =     100

SHAKE:
     ntc     =       2, jfastw  =       0
     tol     =   0.00001

| Intermolecular bonds treatment:
|     no_intermolecular_bonds =       1

| Energy averages sample interval:
|     ene_avg_sampling =     500

Ewald parameters:
     verbose =       0, ew_type =       0, nbflag  =       1, use_pme =       1
     vdwmeth =       1, eedmeth =       1, netfrc  =       1
     Box X =   36.357   Box Y =   36.357   Box Z =   36.357
     Alpha =  109.471   Beta  =  109.471   Gamma =  109.471
     NFFT1 =   40       NFFT2 =   40       NFFT3 =   40
     Cutoff=   10.000   Tol   =0.100E-04
     Ewald Coefficient =  0.27511
     Interpolation order =    4

| PMEMD ewald parallel performance parameters:
|     block_fft =    0
|     fft_blk_y_divisor =    2
|     excl_recip =    0
|     excl_master =    0
|     atm_redist_freq =  320

    LOADING THE CONSTRAINED ATOMS AS GROUPS


   5.  REFERENCE ATOM COORDINATES

  default_name                                                                    
     Mask :1; matches    36 atoms
| MONTE CARLO BAROSTAT IMPORTANT NOTE:
|   The Monte-Carlo barostat does not require the virial to adjust the system volume.
|   Since it is an expensive calculation, it is skipped for efficiency. A side-effect
|   is that the reported pressure is always 0 because it is not calculated.

--------------------------------------------------------------------------------
   3.  ATOMIC COORDINATES AND VELOCITIES
--------------------------------------------------------------------------------

default_name                                                                    
 begin time read from input coords =    20.000 ps

 
 Number of triangulated 3-point waters found:     1068

     Sum of charges from parm topology file =  -0.00010118
     Forcing neutrality...

| Dynamic Memory, Types Used:
| Reals             1243214
| Integers           213798

| Nonbonded Pairs Initial Allocation:      317358

| Running AMBER/MPI version on    8 MPI task

 
--------------------------------------------------------------------------------
   4.  RESULTS
--------------------------------------------------------------------------------

 ---------------------------------------------------
 APPROXIMATING switch and d/dx switch using CUBIC SPLINE INTERPOLATION
 using   5000.0 points per unit in tabled values
 TESTING RELATIVE ERROR over r ranging from 0.0 to cutoff
| CHECK switch(x): max rel err =   0.3316E-14   at   2.351880
| CHECK d/dx switch(x): max rel err =   0.8066E-11   at   2.747240
 ---------------------------------------------------
|---------------------------------------------------
| APPROXIMATING direct energy using CUBIC SPLINE INTERPOLATION
|  with   50.0 points per unit in tabled values
| Relative Error Limit not exceeded for r .gt.   2.34
| APPROXIMATING direct force using CUBIC SPLINE INTERPOLATION
|  with   50.0 points per unit in tabled values
| Relative Error Limit not exceeded for r .gt.   2.81
|---------------------------------------------------
wrapping first mol.:      -24.13822       17.06830       29.56317

 NSTEP =      500   TIME(PS) =      21.000  TEMP(K) =   302.57  PRESS =     0.0
 Etot   =    -10735.7274  EKtot   =      1954.1391  EPtot      =    -12689.8665
 BOND   =         9.3341  ANGLE   =        11.3295  DIHED      =        15.6401
 1-4 NB =        13.5542  1-4 EEL =      -671.1928  VDWAALS    =      2485.9763
 EELEC  =    -14562.7731  EHBOND  =         0.0000  RESTRAINT  =         8.2652
 EAMBER (non-restraint)  =    -12698.1316
 EKCMT  =         0.0000  VIRIAL  =         0.0000  VOLUME     =     36539.9373
                                                    Density    =         0.8877
 Ewald error estimate:   0.2915E-03
 ------------------------------------------------------------------------------

wrapping first mol.:      -24.03325       16.99408       29.43461

 NSTEP =     1000   TIME(PS) =      22.000  TEMP(K) =   296.34  PRESS =     0.0
 Etot   =    -10763.9388  EKtot   =      1913.8559  EPtot      =    -12677.7947
 BOND   =         9.6672  ANGLE   =        12.4260  DIHED      =        16.0685
 1-4 NB =        12.1873  1-4 EEL =      -666.4718  VDWAALS    =      2385.7197
 EELEC  =    -14456.4009  EHBOND  =         0.0000  RESTRAINT  =         9.0094
 EAMBER (non-restraint)  =    -12686.8041
 EKCMT  =         0.0000  VIRIAL  =         0.0000  VOLUME     =     36065.3137
                                                    Density    =         0.8994
 Ewald error estimate:   0.1261E-03
 ------------------------------------------------------------------------------

wrapping first mol.:      -23.89419       16.89575       29.26429

 NSTEP =     1500   TIME(PS) =      23.000  TEMP(K) =   298.65  PRESS =     0.0
 Etot   =    -10779.1960  EKtot   =      1928.7665  EPtot      =    -12707.9625
 BOND   =        10.2331  ANGLE   =        15.7169  DIHED      =        14.6229
 1-4 NB =        13.9350  1-4 EEL =      -672.3787  VDWAALS    =      2550.7510
 EELEC  =    -14650.7088  EHBOND  =         0.0000  RESTRAINT  =         9.8659
 EAMBER (non-restraint)  =    -12717.8284
 EKCMT  =         0.0000  VIRIAL  =         0.0000  VOLUME     =     35442.8922
                                                    Density    =         0.9152
 Ewald error estimate:   0.2048E-03
 ------------------------------------------------------------------------------

wrapping first mol.:      -23.83157       16.85147       29.18760

 NSTEP =     2000   TIME(PS) =      24.000  TEMP(K) =   303.47  PRESS =     0.0
 Etot   =    -10819.8702  EKtot   =      1959.9184  EPtot      =    -12779.7886
 BOND   =         5.0304  ANGLE   =        13.1805  DIHED      =        14.7810
 1-4 NB =        11.8796  1-4 EEL =      -660.7022  VDWAALS    =      2425.5753
 EELEC  =    -14598.9504  EHBOND  =         0.0000  RESTRAINT  =         9.4172
 EAMBER (non-restraint)  =    -12789.2058
 EKCMT  =         0.0000  VIRIAL  =         0.0000  VOLUME     =     35164.9632
                                                    Density    =         0.9224
 Ewald error estimate:   0.2919E-03
 ------------------------------------------------------------------------------

wrapping first mol.:      -23.78520       16.81868       29.13080

 NSTEP =     2500   TIME(PS) =      25.000  TEMP(K) =   300.79  PRESS =     0.0
 Etot   =    -10813.4427  EKtot   =      1942.6277  EPtot      =    -12756.0705
 BOND   =         6.9137  ANGLE   =        13.3160  DIHED      =        14.8811
 1-4 NB =        12.8670  1-4 EEL =      -665.4884  VDWAALS    =      2406.6998
 EELEC  =    -14553.5861  EHBOND  =         0.0000  RESTRAINT  =         8.3265
 EAMBER (non-restraint)  =    -12764.3969
 EKCMT  =         0.0000  VIRIAL  =         0.0000  VOLUME     =     34960.0631
                                                    Density    =         0.9278
 Ewald error estimate:   0.2050E-04
 ------------------------------------------------------------------------------

wrapping first mol.:      -23.67937       16.74384       29.00119

 NSTEP =     3000   TIME(PS) =      26.000  TEMP(K) =   298.37  PRESS =     0.0
 Etot   =    -10905.3227  EKtot   =      1926.9954  EPtot      =    -12832.3181
 BOND   =         5.3391  ANGLE   =        16.8845  DIHED      =        12.7269
 1-4 NB =        12.9581  1-4 EEL =      -665.9094  VDWAALS    =      2430.2550
 EELEC  =    -14652.7760  EHBOND  =         0.0000  RESTRAINT  =         8.2037
 EAMBER (non-restraint)  =    -12840.5218
 EKCMT  =         0.0000  VIRIAL  =         0.0000  VOLUME     =     34495.4847
                                                    Density    =         0.9403
 Ewald error estimate:   0.4842E-04
 ------------------------------------------------------------------------------

wrapping first mol.:      -23.63339       16.71133       28.94488

 NSTEP =     3500   TIME(PS) =      27.000  TEMP(K) =   295.48  PRESS =     0.0
 Etot   =    -10896.6073  EKtot   =      1908.2997  EPtot      =    -12804.9070
 BOND   =         7.6015  ANGLE   =        15.3697  DIHED      =        15.0336
 1-4 NB =        11.2528  1-4 EEL =      -668.4991  VDWAALS    =      2439.9510
 EELEC  =    -14634.6848  EHBOND  =         0.0000  RESTRAINT  =         9.0682
 EAMBER (non-restraint)  =    -12813.9752
 EKCMT  =         0.0000  VIRIAL  =         0.0000  VOLUME     =     34294.9359
                                                    Density    =         0.9458
 Ewald error estimate:   0.1007E-03
 ------------------------------------------------------------------------------

wrapping first mol.:      -23.46685       16.59357       28.74091

 NSTEP =     4000   TIME(PS) =      28.000  TEMP(K) =   300.58  PRESS =     0.0
 Etot   =    -10985.5120  EKtot   =      1941.2647  EPtot      =    -12926.7767
 BOND   =        10.2280  ANGLE   =        13.0431  DIHED      =        11.5541
 1-4 NB =        14.0573  1-4 EEL =      -670.1895  VDWAALS    =      2486.3817
 EELEC  =    -14801.5589  EHBOND  =         0.0000  RESTRAINT  =         9.7076
 EAMBER (non-restraint)  =    -12936.4843
 EKCMT  =         0.0000  VIRIAL  =         0.0000  VOLUME     =     33575.0266
                                                    Density    =         0.9661
 Ewald error estimate:   0.2220E-04
 ------------------------------------------------------------------------------

wrapping first mol.:      -23.36803       16.52369       28.61987

 NSTEP =     4500   TIME(PS) =      29.000  TEMP(K) =   290.26  PRESS =     0.0
 Etot   =    -11082.5678  EKtot   =      1874.5902  EPtot      =    -12957.1580
 BOND   =         5.0933  ANGLE   =        15.9099  DIHED      =        18.7937
 1-4 NB =        13.3144  1-4 EEL =      -669.0456  VDWAALS    =      2607.5417
 EELEC  =    -14956.7465  EHBOND  =         0.0000  RESTRAINT  =         7.9811
 EAMBER (non-restraint)  =    -12965.1391
 EKCMT  =         0.0000  VIRIAL  =         0.0000  VOLUME     =     33152.6346
                                                    Density    =         0.9784
 Ewald error estimate:   0.2178E-03
 ------------------------------------------------------------------------------

wrapping first mol.:      -23.37294       16.52717       28.62589

 NSTEP =     5000   TIME(PS) =      30.000  TEMP(K) =   297.18  PRESS =     0.0
 Etot   =    -11022.7064  EKtot   =      1919.2717  EPtot      =    -12941.9782
 BOND   =         6.9434  ANGLE   =        16.9532  DIHED      =        14.2704
 1-4 NB =        13.2110  1-4 EEL =      -670.0633  VDWAALS    =      2544.9433
 EELEC  =    -14880.7993  EHBOND  =         0.0000  RESTRAINT  =        12.5630
 EAMBER (non-restraint)  =    -12954.5412
 EKCMT  =         0.0000  VIRIAL  =         0.0000  VOLUME     =     33173.5616
                                                    Density    =         0.9778
 Ewald error estimate:   0.2307E-03
 ------------------------------------------------------------------------------

wrapping first mol.:      -23.33283       16.49881       28.57677

 NSTEP =     5500   TIME(PS) =      31.000  TEMP(K) =   301.72  PRESS =     0.0
 Etot   =    -10967.9601  EKtot   =      1948.6153  EPtot      =    -12916.5754
 BOND   =         8.7270  ANGLE   =        13.0968  DIHED      =        13.4935
 1-4 NB =        12.3288  1-4 EEL =      -665.6138  VDWAALS    =      2554.0766
 EELEC  =    -14864.7742  EHBOND  =         0.0000  RESTRAINT  =        12.0898
 EAMBER (non-restraint)  =    -12928.6653
 EKCMT  =         0.0000  VIRIAL  =         0.0000  VOLUME     =     33003.0792
                                                    Density    =         0.9828
 Ewald error estimate:   0.5278E-03
 ------------------------------------------------------------------------------

wrapping first mol.:      -23.32084       16.49033       28.56208

 NSTEP =     6000   TIME(PS) =      32.000  TEMP(K) =   300.30  PRESS =     0.0
 Etot   =    -10946.1814  EKtot   =      1939.4277  EPtot      =    -12885.6091
 BOND   =         5.2589  ANGLE   =        11.2599  DIHED      =        12.5018
 1-4 NB =        12.3276  1-4 EEL =      -664.1296  VDWAALS    =      2465.2419
 EELEC  =    -14739.0998  EHBOND  =         0.0000  RESTRAINT  =        11.0301
 EAMBER (non-restraint)  =    -12896.6392
 EKCMT  =         0.0000  VIRIAL  =         0.0000  VOLUME     =     32952.2035
                                                    Density    =         0.9844
 Ewald error estimate:   0.4308E-03
 ------------------------------------------------------------------------------

wrapping first mol.:      -23.23991       16.43310       28.46296

 NSTEP =     6500   TIME(PS) =      33.000  TEMP(K) =   292.00  PRESS =     0.0
 Etot   =    -10942.1734  EKtot   =      1885.8582  EPtot      =    -12828.0316
 BOND   =        11.0470  ANGLE   =        18.4480  DIHED      =        14.0764
 1-4 NB =        14.0230  1-4 EEL =      -675.6413  VDWAALS    =      2484.6725
 EELEC  =    -14703.2953  EHBOND  =         0.0000  RESTRAINT  =         8.6382
 EAMBER (non-restraint)  =    -12836.6698
 EKCMT  =         0.0000  VIRIAL  =         0.0000  VOLUME     =     32610.3212
                                                    Density    =         0.9947
 Ewald error estimate:   0.4351E-03
 ------------------------------------------------------------------------------

wrapping first mol.:      -23.28293       16.46352       28.51565

 NSTEP =     7000   TIME(PS) =      34.000  TEMP(K) =   301.07  PRESS =     0.0
 Etot   =    -10914.2393  EKtot   =      1944.4338  EPtot      =    -12858.6731
 BOND   =         7.2810  ANGLE   =        18.9523  DIHED      =        15.9756
 1-4 NB =        12.9517  1-4 EEL =      -670.4781  VDWAALS    =      2422.5834
 EELEC  =    -14677.0454  EHBOND  =         0.0000  RESTRAINT  =        11.1065
 EAMBER (non-restraint)  =    -12869.7796
 EKCMT  =         0.0000  VIRIAL  =         0.0000  VOLUME     =     32791.7623
                                                    Density    =         0.9892
 Ewald error estimate:   0.1231E-03
 ------------------------------------------------------------------------------

wrapping first mol.:      -23.30555       16.47952       28.54336

 NSTEP =     7500   TIME(PS) =      35.000  TEMP(K) =   300.47  PRESS =     0.0
 Etot   =    -10927.9108  EKtot   =      1940.5390  EPtot      =    -12868.4498
 BOND   =        11.0059  ANGLE   =        14.8013  DIHED      =        16.1748
 1-4 NB =        15.4240  1-4 EEL =      -672.9419  VDWAALS    =      2369.3576
 EELEC  =    -14630.5252  EHBOND  =         0.0000  RESTRAINT  =         8.2538
 EAMBER (non-restraint)  =    -12876.7036
 EKCMT  =         0.0000  VIRIAL  =         0.0000  VOLUME     =     32887.4435
                                                    Density    =         0.9863
 Ewald error estimate:   0.1131E-03
 ------------------------------------------------------------------------------

wrapping first mol.:      -23.27316       16.45661       28.50369

 NSTEP =     8000   TIME(PS) =      36.000  TEMP(K) =   294.81  PRESS =     0.0
 Etot   =    -10884.3990  EKtot   =      1903.9760  EPtot      =    -12788.3750
 BOND   =         8.0383  ANGLE   =        13.2137  DIHED      =        14.0926
 1-4 NB =        12.6043  1-4 EEL =      -663.9310  VDWAALS    =      2547.1429
 EELEC  =    -14728.9599  EHBOND  =         0.0000  RESTRAINT  =         9.4240
 EAMBER (non-restraint)  =    -12797.7990
 EKCMT  =         0.0000  VIRIAL  =         0.0000  VOLUME     =     32750.5071
                                                    Density    =         0.9904
 Ewald error estimate:   0.3634E-03
 ------------------------------------------------------------------------------

wrapping first mol.:      -23.24027       16.43336       28.46341

 NSTEP =     8500   TIME(PS) =      37.000  TEMP(K) =   295.11  PRESS =     0.0
 Etot   =    -10937.4479  EKtot   =      1905.9105  EPtot      =    -12843.3584
 BOND   =         9.4512  ANGLE   =        14.5086  DIHED      =        13.6831
 1-4 NB =        11.6807  1-4 EEL =      -664.8717  VDWAALS    =      2634.6978
 EELEC  =    -14871.0641  EHBOND  =         0.0000  RESTRAINT  =         8.5560
 EAMBER (non-restraint)  =    -12851.9144
 EKCMT  =         0.0000  VIRIAL  =         0.0000  VOLUME     =     32611.8597
                                                    Density    =         0.9946
 Ewald error estimate:   0.1769E-03
 ------------------------------------------------------------------------------

wrapping first mol.:      -23.22379       16.42170       28.44322

 NSTEP =     9000   TIME(PS) =      38.000  TEMP(K) =   290.45  PRESS =     0.0
 Etot   =    -10982.3037  EKtot   =      1875.8213  EPtot      =    -12858.1250
 BOND   =        10.8737  ANGLE   =        14.7938  DIHED      =        14.8383
 1-4 NB =        13.5117  1-4 EEL =      -667.0244  VDWAALS    =      2517.8771
 EELEC  =    -14775.1951  EHBOND  =         0.0000  RESTRAINT  =        12.1999
 EAMBER (non-restraint)  =    -12870.3249
 EKCMT  =         0.0000  VIRIAL  =         0.0000  VOLUME     =     32542.5236
                                                    Density    =         0.9967
 Ewald error estimate:   0.4899E-04
 ------------------------------------------------------------------------------

wrapping first mol.:      -23.17444       16.38681       28.38278

 NSTEP =     9500   TIME(PS) =      39.000  TEMP(K) =   298.46  PRESS =     0.0
 Etot   =    -10962.3218  EKtot   =      1927.5518  EPtot      =    -12889.8736
 BOND   =         6.5430  ANGLE   =        11.3260  DIHED      =        16.2127
 1-4 NB =        12.2383  1-4 EEL =      -669.3525  VDWAALS    =      2544.5945
 EELEC  =    -14823.3553  EHBOND  =         0.0000  RESTRAINT  =        11.9198
 EAMBER (non-restraint)  =    -12901.7934
 EKCMT  =         0.0000  VIRIAL  =         0.0000  VOLUME     =     32335.5052
                                                    Density    =         1.0031
 Ewald error estimate:   0.1779E-03
 ------------------------------------------------------------------------------

wrapping first mol.:      -23.12706       16.35330       28.32475

 NSTEP =    10000   TIME(PS) =      40.000  TEMP(K) =   296.64  PRESS =     0.0
 Etot   =    -10977.3576  EKtot   =      1915.7884  EPtot      =    -12893.1460
 BOND   =         9.6622  ANGLE   =        11.9236  DIHED      =        13.0077
 1-4 NB =        14.1631  1-4 EEL =      -665.0451  VDWAALS    =      2492.4411
 EELEC  =    -14779.5295  EHBOND  =         0.0000  RESTRAINT  =        10.2309
 EAMBER (non-restraint)  =    -12903.3769
 EKCMT  =         0.0000  VIRIAL  =         0.0000  VOLUME     =     32137.5833
                                                    Density    =         1.0093
 Ewald error estimate:   0.4406E-03
 ------------------------------------------------------------------------------

wrapping first mol.:      -23.10266       16.33605       28.29486

 NSTEP =    10500   TIME(PS) =      41.000  TEMP(K) =   296.95  PRESS =     0.0
 Etot   =    -11070.9359  EKtot   =      1917.8439  EPtot      =    -12988.7798
 BOND   =         9.2472  ANGLE   =        18.5995  DIHED      =        12.4473
 1-4 NB =        12.0892  1-4 EEL =      -669.0400  VDWAALS    =      2479.8743
 EELEC  =    -14860.6692  EHBOND  =         0.0000  RESTRAINT  =         8.6719
 EAMBER (non-restraint)  =    -12997.4517
 EKCMT  =         0.0000  VIRIAL  =         0.0000  VOLUME     =     32035.9644
                                                    Density    =         1.0125
 Ewald error estimate:   0.4554E-04
 ------------------------------------------------------------------------------

wrapping first mol.:      -23.10487       16.33761       28.29758

 NSTEP =    11000   TIME(PS) =      42.000  TEMP(K) =   290.70  PRESS =     0.0
 Etot   =    -11037.1696  EKtot   =      1877.4637  EPtot      =    -12914.6334
 BOND   =         8.7504  ANGLE   =        11.3908  DIHED      =        13.1050
 1-4 NB =        12.7247  1-4 EEL =      -662.2932  VDWAALS    =      2544.2995
 EELEC  =    -14853.6916  EHBOND  =         0.0000  RESTRAINT  =        11.0811
 EAMBER (non-restraint)  =    -12925.7145
 EKCMT  =         0.0000  VIRIAL  =         0.0000  VOLUME     =     32045.1788
                                                    Density    =         1.0122
 Ewald error estimate:   0.2215E-03
 ------------------------------------------------------------------------------

wrapping first mol.:      -23.10487       16.33761       28.29758

 NSTEP =    11500   TIME(PS) =      43.000  TEMP(K) =   289.52  PRESS =     0.0
 Etot   =    -11026.0839  EKtot   =      1869.8328  EPtot      =    -12895.9167
 BOND   =         7.4420  ANGLE   =        12.3185  DIHED      =        13.8678
 1-4 NB =        11.5771  1-4 EEL =      -661.8814  VDWAALS    =      2442.8610
 EELEC  =    -14729.7424  EHBOND  =         0.0000  RESTRAINT  =         7.6405
 EAMBER (non-restraint)  =    -12903.5573
 EKCMT  =         0.0000  VIRIAL  =         0.0000  VOLUME     =     32045.1788
                                                    Density    =         1.0122
 Ewald error estimate:   0.1899E-04
 ------------------------------------------------------------------------------

wrapping first mol.:      -23.12032       16.34854       28.31650

 NSTEP =    12000   TIME(PS) =      44.000  TEMP(K) =   301.47  PRESS =     0.0
 Etot   =    -10949.5883  EKtot   =      1947.0206  EPtot      =    -12896.6089
 BOND   =         5.4386  ANGLE   =        13.1492  DIHED      =        16.4490
 1-4 NB =        10.1129  1-4 EEL =      -651.9794  VDWAALS    =      2533.4666
 EELEC  =    -14831.2386  EHBOND  =         0.0000  RESTRAINT  =         7.9928
 EAMBER (non-restraint)  =    -12904.6017
 EKCMT  =         0.0000  VIRIAL  =         0.0000  VOLUME     =     32109.4970
                                                    Density    =         1.0102
 Ewald error estimate:   0.5698E-04
 ------------------------------------------------------------------------------

wrapping first mol.:      -23.15518       16.37318       28.35919

 NSTEP =    12500   TIME(PS) =      45.000  TEMP(K) =   296.55  PRESS =     0.0
 Etot   =    -11024.1592  EKtot   =      1915.2333  EPtot      =    -12939.3925
 BOND   =         5.0284  ANGLE   =        13.1000  DIHED      =        12.9811
 1-4 NB =        11.9254  1-4 EEL =      -662.2290  VDWAALS    =      2492.4438
 EELEC  =    -14821.4563  EHBOND  =         0.0000  RESTRAINT  =         8.8141
 EAMBER (non-restraint)  =    -12948.2066
 EKCMT  =         0.0000  VIRIAL  =         0.0000  VOLUME     =     32254.9394
                                                    Density    =         1.0056
 Ewald error estimate:   0.8807E-04
 ------------------------------------------------------------------------------

wrapping first mol.:      -23.13855       16.36143       28.33882

 NSTEP =    13000   TIME(PS) =      46.000  TEMP(K) =   299.03  PRESS =     0.0
 Etot   =    -11087.4100  EKtot   =      1931.2782  EPtot      =    -13018.6882
 BOND   =         9.4799  ANGLE   =        10.3213  DIHED      =        13.9927
 1-4 NB =        12.8869  1-4 EEL =      -666.9044  VDWAALS    =      2494.5508
 EELEC  =    -14899.8588  EHBOND  =         0.0000  RESTRAINT  =         6.8435
 EAMBER (non-restraint)  =    -13025.5317
 EKCMT  =         0.0000  VIRIAL  =         0.0000  VOLUME     =     32185.5084
                                                    Density    =         1.0078
 Ewald error estimate:   0.4286E-04
 ------------------------------------------------------------------------------

wrapping first mol.:      -23.13855       16.36143       28.33882

 NSTEP =    13500   TIME(PS) =      47.000  TEMP(K) =   298.12  PRESS =     0.0
 Etot   =    -11068.5336  EKtot   =      1925.3572  EPtot      =    -12993.8908
 BOND   =         4.8075  ANGLE   =        15.1292  DIHED      =        13.6547
 1-4 NB =        12.8832  1-4 EEL =      -661.8991  VDWAALS    =      2387.1530
 EELEC  =    -14773.5943  EHBOND  =         0.0000  RESTRAINT  =         7.9749
 EAMBER (non-restraint)  =    -13001.8657
 EKCMT  =         0.0000  VIRIAL  =         0.0000  VOLUME     =     32185.5084
                                                    Density    =         1.0078
 Ewald error estimate:   0.1223E-03
 ------------------------------------------------------------------------------

wrapping first mol.:      -23.11684       16.34608       28.31224

 NSTEP =    14000   TIME(PS) =      48.000  TEMP(K) =   289.54  PRESS =     0.0
 Etot   =    -11051.5651  EKtot   =      1869.9281  EPtot      =    -12921.4931
 BOND   =         9.9814  ANGLE   =        10.2924  DIHED      =        15.4367
 1-4 NB =        13.2318  1-4 EEL =      -667.3117  VDWAALS    =      2531.2629
 EELEC  =    -14840.9850  EHBOND  =         0.0000  RESTRAINT  =         6.5984
 EAMBER (non-restraint)  =    -12928.0915
 EKCMT  =         0.0000  VIRIAL  =         0.0000  VOLUME     =     32095.0059
                                                    Density    =         1.0106
 Ewald error estimate:   0.8140E-04
 ------------------------------------------------------------------------------

wrapping first mol.:      -23.13585       16.35952       28.33552

 NSTEP =    14500   TIME(PS) =      49.000  TEMP(K) =   294.98  PRESS =     0.0
 Etot   =    -10993.4013  EKtot   =      1905.0846  EPtot      =    -12898.4859
 BOND   =        11.3477  ANGLE   =        12.0750  DIHED      =        19.3554
 1-4 NB =        13.3755  1-4 EEL =      -669.9135  VDWAALS    =      2417.4442
 EELEC  =    -14713.1939  EHBOND  =         0.0000  RESTRAINT  =        11.0237
 EAMBER (non-restraint)  =    -12909.5096
 EKCMT  =         0.0000  VIRIAL  =         0.0000  VOLUME     =     32174.2402
                                                    Density    =         1.0082
 Ewald error estimate:   0.2578E-03
 ------------------------------------------------------------------------------

wrapping first mol.:      -23.16080       16.37717       28.36608

 NSTEP =    15000   TIME(PS) =      50.000  TEMP(K) =   299.09  PRESS =     0.0
 Etot   =    -11040.5623  EKtot   =      1931.6488  EPtot      =    -12972.2111
 BOND   =        10.4307  ANGLE   =        17.1781  DIHED      =        13.7720
 1-4 NB =        12.8553  1-4 EEL =      -672.2812  VDWAALS    =      2404.7088
 EELEC  =    -14766.4751  EHBOND  =         0.0000  RESTRAINT  =         7.6003
 EAMBER (non-restraint)  =    -12979.8114
 EKCMT  =         0.0000  VIRIAL  =         0.0000  VOLUME     =     32278.4710
                                                    Density    =         1.0049
 Ewald error estimate:   0.2608E-03
 ------------------------------------------------------------------------------

wrapping first mol.:      -23.07094       16.31362       28.25602

 NSTEP =    15500   TIME(PS) =      51.000  TEMP(K) =   295.54  PRESS =     0.0
 Etot   =    -11040.1944  EKtot   =      1908.6961  EPtot      =    -12948.8905
 BOND   =         7.2276  ANGLE   =        10.5787  DIHED      =        14.2341
 1-4 NB =        11.9475  1-4 EEL =      -657.6322  VDWAALS    =      2473.1950
 EELEC  =    -14815.2096  EHBOND  =         0.0000  RESTRAINT  =         6.7684
 EAMBER (non-restraint)  =    -12955.6589
 EKCMT  =         0.0000  VIRIAL  =         0.0000  VOLUME     =     31904.2186
                                                    Density    =         1.0167
 Ewald error estimate:   0.4516E-04
 ------------------------------------------------------------------------------

wrapping first mol.:      -23.12577       16.35240       28.32318

 NSTEP =    16000   TIME(PS) =      52.000  TEMP(K) =   289.14  PRESS =     0.0
 Etot   =    -10972.4693  EKtot   =      1867.3812  EPtot      =    -12839.8505
 BOND   =         8.2751  ANGLE   =        17.0145  DIHED      =        14.2776
 1-4 NB =        13.0604  1-4 EEL =      -672.6589  VDWAALS    =      2445.8629
 EELEC  =    -14673.5341  EHBOND  =         0.0000  RESTRAINT  =         7.8519
 EAMBER (non-restraint)  =    -12847.7024
 EKCMT  =         0.0000  VIRIAL  =         0.0000  VOLUME     =     32132.2314
                                                    Density    =         1.0095
 Ewald error estimate:   0.1895E-03
 ------------------------------------------------------------------------------

wrapping first mol.:      -23.19179       16.39908       28.40403

 NSTEP =    16500   TIME(PS) =      53.000  TEMP(K) =   290.74  PRESS =     0.0
 Etot   =    -11031.7986  EKtot   =      1877.6964  EPtot      =    -12909.4950
 BOND   =         5.9961  ANGLE   =        13.1929  DIHED      =        15.0249
 1-4 NB =        11.4065  1-4 EEL =      -666.6677  VDWAALS    =      2322.2241
 EELEC  =    -14619.2682  EHBOND  =         0.0000  RESTRAINT  =         8.5963
 EAMBER (non-restraint)  =    -12918.0913
 EKCMT  =         0.0000  VIRIAL  =         0.0000  VOLUME     =     32408.2049
                                                    Density    =         1.0009
 Ewald error estimate:   0.1361E-03
 ------------------------------------------------------------------------------

wrapping first mol.:      -23.08021       16.32018       28.26738

 NSTEP =    17000   TIME(PS) =      54.000  TEMP(K) =   298.90  PRESS =     0.0
 Etot   =    -11000.9877  EKtot   =      1930.3890  EPtot      =    -12931.3767
 BOND   =         6.9481  ANGLE   =        15.3982  DIHED      =        11.8528
 1-4 NB =        12.4911  1-4 EEL =      -662.4568  VDWAALS    =      2454.7981
 EELEC  =    -14779.2558  EHBOND  =         0.0000  RESTRAINT  =         8.8476
 EAMBER (non-restraint)  =    -12940.2243
 EKCMT  =         0.0000  VIRIAL  =         0.0000  VOLUME     =     31942.6916
                                                    Density    =         1.0155
 Ewald error estimate:   0.3017E-04
 ------------------------------------------------------------------------------

wrapping first mol.:      -23.12567       16.35232       28.32305

 NSTEP =    17500   TIME(PS) =      55.000  TEMP(K) =   291.64  PRESS =     0.0
 Etot   =    -11029.5674  EKtot   =      1883.5079  EPtot      =    -12913.0752
 BOND   =         7.2814  ANGLE   =        13.3235  DIHED      =        11.8602
 1-4 NB =        12.7320  1-4 EEL =      -669.6496  VDWAALS    =      2530.1743
 EELEC  =    -14832.8344  EHBOND  =         0.0000  RESTRAINT  =        14.0375
 EAMBER (non-restraint)  =    -12927.1127
 EKCMT  =         0.0000  VIRIAL  =         0.0000  VOLUME     =     32131.7888
                                                    Density    =         1.0095
 Ewald error estimate:   0.2783E-03
 ------------------------------------------------------------------------------

wrapping first mol.:      -23.06923       16.31241       28.25392

 NSTEP =    18000   TIME(PS) =      56.000  TEMP(K) =   296.45  PRESS =     0.0
 Etot   =    -10998.5069  EKtot   =      1914.5969  EPtot      =    -12913.1039
 BOND   =         7.4116  ANGLE   =        12.0316  DIHED      =        12.7820
 1-4 NB =        12.1506  1-4 EEL =      -662.5049  VDWAALS    =      2458.3828
 EELEC  =    -14762.3622  EHBOND  =         0.0000  RESTRAINT  =         9.0047
 EAMBER (non-restraint)  =    -12922.1085
 EKCMT  =         0.0000  VIRIAL  =         0.0000  VOLUME     =     31897.0883
                                                    Density    =         1.0169
 Ewald error estimate:   0.8615E-04
 ------------------------------------------------------------------------------

wrapping first mol.:      -23.13817       16.36116       28.33835

 NSTEP =    18500   TIME(PS) =      57.000  TEMP(K) =   297.54  PRESS =     0.0
 Etot   =    -10999.3142  EKtot   =      1921.6404  EPtot      =    -12920.9546
 BOND   =         9.9198  ANGLE   =        18.3431  DIHED      =        13.1632
 1-4 NB =        11.9754  1-4 EEL =      -667.3672  VDWAALS    =      2534.6689
 EELEC  =    -14850.3175  EHBOND  =         0.0000  RESTRAINT  =         8.6598
 EAMBER (non-restraint)  =    -12929.6145
 EKCMT  =         0.0000  VIRIAL  =         0.0000  VOLUME     =     32183.9100
                                                    Density    =         1.0079
 Ewald error estimate:   0.2843E-03
 ------------------------------------------------------------------------------

wrapping first mol.:      -23.13844       16.36135       28.33869

 NSTEP =    19000   TIME(PS) =      58.000  TEMP(K) =   299.00  PRESS =     0.0
 Etot   =    -11031.2207  EKtot   =      1931.0326  EPtot      =    -12962.2533
 BOND   =         7.3272  ANGLE   =         7.9542  DIHED      =        16.6865
 1-4 NB =        12.9362  1-4 EEL =      -668.3986  VDWAALS    =      2452.9502
 EELEC  =    -14801.1139  EHBOND  =         0.0000  RESTRAINT  =         9.4048
 EAMBER (non-restraint)  =    -12971.6582
 EKCMT  =         0.0000  VIRIAL  =         0.0000  VOLUME     =     32185.0564
                                                    Density    =         1.0078
 Ewald error estimate:   0.4516E-04
 ------------------------------------------------------------------------------

wrapping first mol.:      -23.13350       16.35786       28.33263

 NSTEP =    19500   TIME(PS) =      59.000  TEMP(K) =   296.01  PRESS =     0.0
 Etot   =    -11027.2921  EKtot   =      1911.7599  EPtot      =    -12939.0520
 BOND   =         4.4998  ANGLE   =        14.1854  DIHED      =        15.7306
 1-4 NB =        13.0476  1-4 EEL =      -665.4579  VDWAALS    =      2536.5393
 EELEC  =    -14867.3037  EHBOND  =         0.0000  RESTRAINT  =         9.7071
 EAMBER (non-restraint)  =    -12948.7590
 EKCMT  =         0.0000  VIRIAL  =         0.0000  VOLUME     =     32164.4276
                                                    Density    =         1.0085
 Ewald error estimate:   0.2193E-03
 ------------------------------------------------------------------------------

wrapping first mol.:      -23.13055       16.35577       28.32903

 NSTEP =    20000   TIME(PS) =      60.000  TEMP(K) =   305.37  PRESS =     0.0
 Etot   =    -11004.4374  EKtot   =      1972.1614  EPtot      =    -12976.5987
 BOND   =         7.2616  ANGLE   =        13.1597  DIHED      =        13.4162
 1-4 NB =        11.7505  1-4 EEL =      -665.9304  VDWAALS    =      2582.1738
 EELEC  =    -14945.2885  EHBOND  =         0.0000  RESTRAINT  =         6.8584
 EAMBER (non-restraint)  =    -12983.4571
 EKCMT  =         0.0000  VIRIAL  =         0.0000  VOLUME     =     32152.1415
                                                    Density    =         1.0088
 Ewald error estimate:   0.1119E-03
 ------------------------------------------------------------------------------

wrapping first mol.:      -23.16560       16.38056       28.37195

 NSTEP =    20500   TIME(PS) =      61.000  TEMP(K) =   290.69  PRESS =     0.0
 Etot   =    -11162.4022  EKtot   =      1877.4028  EPtot      =    -13039.8049
 BOND   =         5.7989  ANGLE   =        11.0325  DIHED      =        15.1560
 1-4 NB =        12.9972  1-4 EEL =      -669.3995  VDWAALS    =      2582.2588
 EELEC  =    -15004.2376  EHBOND  =         0.0000  RESTRAINT  =         6.5886
 EAMBER (non-restraint)  =    -13046.3935
 EKCMT  =         0.0000  VIRIAL  =         0.0000  VOLUME     =     32298.5199
                                                    Density    =         1.0043
 Ewald error estimate:   0.2701E-03
 ------------------------------------------------------------------------------

wrapping first mol.:      -23.10644       16.33872       28.29950

 NSTEP =    21000   TIME(PS) =      62.000  TEMP(K) =   292.86  PRESS =     0.0
 Etot   =    -11087.5423  EKtot   =      1891.3943  EPtot      =    -12978.9366
 BOND   =         5.2784  ANGLE   =        11.0853  DIHED      =        13.2304
 1-4 NB =        11.8838  1-4 EEL =      -664.4977  VDWAALS    =      2493.3472
 EELEC  =    -14858.5792  EHBOND  =         0.0000  RESTRAINT  =         9.3151
 EAMBER (non-restraint)  =    -12988.2517
 EKCMT  =         0.0000  VIRIAL  =         0.0000  VOLUME     =     32051.6991
                                                    Density    =         1.0120
 Ewald error estimate:   0.3933E-03
 ------------------------------------------------------------------------------

wrapping first mol.:      -23.12928       16.35487       28.32747

 NSTEP =    21500   TIME(PS) =      63.000  TEMP(K) =   293.95  PRESS =     0.0
 Etot   =    -11098.7633  EKtot   =      1898.4507  EPtot      =    -12997.2140
 BOND   =         9.9294  ANGLE   =        10.8445  DIHED      =        13.1261
 1-4 NB =        13.0351  1-4 EEL =      -672.4030  VDWAALS    =      2535.7289
 EELEC  =    -14915.1555  EHBOND  =         0.0000  RESTRAINT  =         7.6805
 EAMBER (non-restraint)  =    -13004.8945
 EKCMT  =         0.0000  VIRIAL  =         0.0000  VOLUME     =     32146.8328
                                                    Density    =         1.0090
 Ewald error estimate:   0.1093E-03
 ------------------------------------------------------------------------------

wrapping first mol.:      -23.09641       16.33163       28.28722

 NSTEP =    22000   TIME(PS) =      64.000  TEMP(K) =   300.14  PRESS =     0.0
 Etot   =    -11010.8598  EKtot   =      1938.4122  EPtot      =    -12949.2721
 BOND   =         8.7615  ANGLE   =         9.7885  DIHED      =        11.5797
 1-4 NB =        16.0783  1-4 EEL =      -674.1186  VDWAALS    =      2522.5729
 EELEC  =    -14855.5507  EHBOND  =         0.0000  RESTRAINT  =        11.6165
 EAMBER (non-restraint)  =    -12960.8885
 EKCMT  =         0.0000  VIRIAL  =         0.0000  VOLUME     =     32009.9907
                                                    Density    =         1.0133
 Ewald error estimate:   0.1590E-03
 ------------------------------------------------------------------------------

wrapping first mol.:      -23.08683       16.32486       28.27548

 NSTEP =    22500   TIME(PS) =      65.000  TEMP(K) =   295.92  PRESS =     0.0
 Etot   =    -11085.1261  EKtot   =      1911.1688  EPtot      =    -12996.2949
 BOND   =         5.7156  ANGLE   =        12.4901  DIHED      =        17.2176
 1-4 NB =        13.8270  1-4 EEL =      -671.2916  VDWAALS    =      2577.1915
 EELEC  =    -14962.8586  EHBOND  =         0.0000  RESTRAINT  =        11.4136
 EAMBER (non-restraint)  =    -13007.7085
 EKCMT  =         0.0000  VIRIAL  =         0.0000  VOLUME     =     31970.1838
                                                    Density    =         1.0146
 Ewald error estimate:   0.1545E-03
 ------------------------------------------------------------------------------

wrapping first mol.:      -23.14924       16.36899       28.35191

 NSTEP =    23000   TIME(PS) =      66.000  TEMP(K) =   286.84  PRESS =     0.0
 Etot   =    -11091.0955  EKtot   =      1852.5377  EPtot      =    -12943.6333
 BOND   =         7.9130  ANGLE   =        14.6731  DIHED      =        13.6597
 1-4 NB =        11.4535  1-4 EEL =      -659.0353  VDWAALS    =      2350.6481
 EELEC  =    -14696.7415  EHBOND  =         0.0000  RESTRAINT  =        13.7960
 EAMBER (non-restraint)  =    -12957.4293
 EKCMT  =         0.0000  VIRIAL  =         0.0000  VOLUME     =     32230.1367
                                                    Density    =         1.0064
 Ewald error estimate:   0.9825E-04
 ------------------------------------------------------------------------------

wrapping first mol.:      -23.14800       16.36811       28.35040

 NSTEP =    23500   TIME(PS) =      67.000  TEMP(K) =   301.18  PRESS =     0.0
 Etot   =    -11030.7201  EKtot   =      1945.1008  EPtot      =    -12975.8209
 BOND   =         5.9825  ANGLE   =        17.3093  DIHED      =        17.3257
 1-4 NB =        12.6178  1-4 EEL =      -664.6802  VDWAALS    =      2458.0368
 EELEC  =    -14836.2724  EHBOND  =         0.0000  RESTRAINT  =        13.8596
 EAMBER (non-restraint)  =    -12989.6805
 EKCMT  =         0.0000  VIRIAL  =         0.0000  VOLUME     =     32224.9683
                                                    Density    =         1.0066
 Ewald error estimate:   0.1272E-03
 ------------------------------------------------------------------------------

wrapping first mol.:      -23.14800       16.36811       28.35040

 NSTEP =    24000   TIME(PS) =      68.000  TEMP(K) =   297.05  PRESS =     0.0
 Etot   =    -10997.5288  EKtot   =      1918.4586  EPtot      =    -12915.9874
 BOND   =         9.5861  ANGLE   =        16.7586  DIHED      =        15.2917
 1-4 NB =        13.3723  1-4 EEL =      -668.8263  VDWAALS    =      2424.4827
 EELEC  =    -14736.0923  EHBOND  =         0.0000  RESTRAINT  =         9.4399
 EAMBER (non-restraint)  =    -12925.4273
 EKCMT  =         0.0000  VIRIAL  =         0.0000  VOLUME     =     32224.9683
                                                    Density    =         1.0066
 Ewald error estimate:   0.8371E-04
 ------------------------------------------------------------------------------

wrapping first mol.:      -23.11365       16.34382       28.30833

 NSTEP =    24500   TIME(PS) =      69.000  TEMP(K) =   300.24  PRESS =     0.0
 Etot   =    -10951.2041  EKtot   =      1939.0692  EPtot      =    -12890.2732
 BOND   =         9.5458  ANGLE   =        15.7066  DIHED      =        12.4656
 1-4 NB =        13.9345  1-4 EEL =      -669.1795  VDWAALS    =      2486.5147
 EELEC  =    -14772.1189  EHBOND  =         0.0000  RESTRAINT  =        12.8579
 EAMBER (non-restraint)  =    -12903.1311
 EKCMT  =         0.0000  VIRIAL  =         0.0000  VOLUME     =     32081.7259
                                                    Density    =         1.0111
 Ewald error estimate:   0.3900E-03
 ------------------------------------------------------------------------------

wrapping first mol.:      -23.08717       16.32510       28.27590

 NSTEP =    25000   TIME(PS) =      70.000  TEMP(K) =   300.87  PRESS =     0.0
 Etot   =    -11006.6772  EKtot   =      1943.1359  EPtot      =    -12949.8132
 BOND   =         6.0916  ANGLE   =         9.4631  DIHED      =        14.2861
 1-4 NB =        12.9158  1-4 EEL =      -668.3712  VDWAALS    =      2507.0611
 EELEC  =    -14839.6116  EHBOND  =         0.0000  RESTRAINT  =         8.3519
 EAMBER (non-restraint)  =    -12958.1650
 EKCMT  =         0.0000  VIRIAL  =         0.0000  VOLUME     =     31971.5894
                                                    Density    =         1.0145
 Ewald error estimate:   0.3009E-03
 ------------------------------------------------------------------------------

wrapping first mol.:      -23.12492       16.35179       28.32213

 NSTEP =    25500   TIME(PS) =      71.000  TEMP(K) =   301.39  PRESS =     0.0
 Etot   =    -11050.3734  EKtot   =      1946.4899  EPtot      =    -12996.8633
 BOND   =         5.0544  ANGLE   =        12.2320  DIHED      =        14.0111
 1-4 NB =        12.1469  1-4 EEL =      -664.1909  VDWAALS    =      2521.9056
 EELEC  =    -14905.1955  EHBOND  =         0.0000  RESTRAINT  =         7.1731
 EAMBER (non-restraint)  =    -13004.0364
 EKCMT  =         0.0000  VIRIAL  =         0.0000  VOLUME     =     32128.6809
                                                    Density    =         1.0096
 Ewald error estimate:   0.2789E-03
 ------------------------------------------------------------------------------

wrapping first mol.:      -23.06948       16.31259       28.25423

 NSTEP =    26000   TIME(PS) =      72.000  TEMP(K) =   296.87  PRESS =     0.0
 Etot   =    -11071.4459  EKtot   =      1917.2732  EPtot      =    -12988.7192
 BOND   =         9.7339  ANGLE   =        13.9583  DIHED      =        14.8144
 1-4 NB =        14.0209  1-4 EEL =      -672.0338  VDWAALS    =      2506.8861
 EELEC  =    -14887.0211  EHBOND  =         0.0000  RESTRAINT  =        10.9221
 EAMBER (non-restraint)  =    -12999.6412
 EKCMT  =         0.0000  VIRIAL  =         0.0000  VOLUME     =     31898.1311
                                                    Density    =         1.0169
 Ewald error estimate:   0.1949E-03
 ------------------------------------------------------------------------------

wrapping first mol.:      -23.07217       16.31449       28.25752

 NSTEP =    26500   TIME(PS) =      73.000  TEMP(K) =   297.99  PRESS =     0.0
 Etot   =    -11058.8942  EKtot   =      1924.5041  EPtot      =    -12983.3983
 BOND   =         5.0984  ANGLE   =        13.4016  DIHED      =        19.2392
 1-4 NB =        12.5131  1-4 EEL =      -663.4269  VDWAALS    =      2614.8438
 EELEC  =    -14999.0901  EHBOND  =         0.0000  RESTRAINT  =        14.0225
 EAMBER (non-restraint)  =    -12997.4208
 EKCMT  =         0.0000  VIRIAL  =         0.0000  VOLUME     =     31909.2917
                                                    Density    =         1.0165
 Ewald error estimate:   0.1018E-03
 ------------------------------------------------------------------------------

wrapping first mol.:      -23.16598       16.38083       28.37242

 NSTEP =    27000   TIME(PS) =      74.000  TEMP(K) =   293.10  PRESS =     0.0
 Etot   =    -11079.3139  EKtot   =      1892.9308  EPtot      =    -12972.2447
 BOND   =        12.9449  ANGLE   =        10.3140  DIHED      =        15.1477
 1-4 NB =        12.6743  1-4 EEL =      -664.1268  VDWAALS    =      2483.5669
 EELEC  =    -14850.2865  EHBOND  =         0.0000  RESTRAINT  =         7.5207
 EAMBER (non-restraint)  =    -12979.7654
 EKCMT  =         0.0000  VIRIAL  =         0.0000  VOLUME     =     32300.1207
                                                    Density    =         1.0042
 Ewald error estimate:   0.1125E-03
 ------------------------------------------------------------------------------

wrapping first mol.:      -23.13222       16.35696       28.33108

 NSTEP =    27500   TIME(PS) =      75.000  TEMP(K) =   302.46  PRESS =     0.0
 Etot   =    -10987.0681  EKtot   =      1953.4057  EPtot      =    -12940.4739
 BOND   =         9.2742  ANGLE   =        15.0343  DIHED      =        15.0974
 1-4 NB =        13.7334  1-4 EEL =      -669.0840  VDWAALS    =      2567.6606
 EELEC  =    -14900.3164  EHBOND  =         0.0000  RESTRAINT  =         8.1267
 EAMBER (non-restraint)  =    -12948.6005
 EKCMT  =         0.0000  VIRIAL  =         0.0000  VOLUME     =     32159.1257
                                                    Density    =         1.0086
 Ewald error estimate:   0.2589E-03
 ------------------------------------------------------------------------------

wrapping first mol.:      -23.11662       16.34592       28.31196

 NSTEP =    28000   TIME(PS) =      76.000  TEMP(K) =   293.12  PRESS =     0.0
 Etot   =    -10986.3978  EKtot   =      1893.0775  EPtot      =    -12879.4753
 BOND   =         4.4922  ANGLE   =        15.5448  DIHED      =        13.1486
 1-4 NB =        11.5478  1-4 EEL =      -662.9774  VDWAALS    =      2530.4737
 EELEC  =    -14802.0485  EHBOND  =         0.0000  RESTRAINT  =        10.3435
 EAMBER (non-restraint)  =    -12889.8188
 EKCMT  =         0.0000  VIRIAL  =         0.0000  VOLUME     =     32094.0817
                                                    Density    =         1.0107
 Ewald error estimate:   0.4467E-04
 ------------------------------------------------------------------------------

wrapping first mol.:      -23.08809       16.32575       28.27702

 NSTEP =    28500   TIME(PS) =      77.000  TEMP(K) =   301.30  PRESS =     0.0
 Etot   =    -10976.1202  EKtot   =      1945.9088  EPtot      =    -12922.0290
 BOND   =         8.5686  ANGLE   =        15.5776  DIHED      =        16.1488
 1-4 NB =        12.3577  1-4 EEL =      -670.7564  VDWAALS    =      2477.9725
 EELEC  =    -14793.6453  EHBOND  =         0.0000  RESTRAINT  =        11.7475
 EAMBER (non-restraint)  =    -12933.7765
 EKCMT  =         0.0000  VIRIAL  =         0.0000  VOLUME     =     31975.4027
                                                    Density    =         1.0144
 Ewald error estimate:   0.5427E-04
 ------------------------------------------------------------------------------

wrapping first mol.:      -23.10471       16.33750       28.29738

 NSTEP =    29000   TIME(PS) =      78.000  TEMP(K) =   293.28  PRESS =     0.0
 Etot   =    -11025.2811  EKtot   =      1894.1109  EPtot      =    -12919.3920
 BOND   =         5.4734  ANGLE   =        17.2498  DIHED      =        15.0681
 1-4 NB =        10.2487  1-4 EEL =      -661.6386  VDWAALS    =      2512.3121
 EELEC  =    -14827.5494  EHBOND  =         0.0000  RESTRAINT  =         9.4438
 EAMBER (non-restraint)  =    -12928.8358
 EKCMT  =         0.0000  VIRIAL  =         0.0000  VOLUME     =     32044.5216
                                                    Density    =         1.0122
 Ewald error estimate:   0.2845E-03
 ------------------------------------------------------------------------------

wrapping first mol.:      -23.10152       16.33525       28.29348

 NSTEP =    29500   TIME(PS) =      79.000  TEMP(K) =   296.42  PRESS =     0.0
 Etot   =    -11059.2742  EKtot   =      1914.3856  EPtot      =    -12973.6599
 BOND   =         8.8512  ANGLE   =        21.8656  DIHED      =        16.0544
 1-4 NB =        12.0270  1-4 EEL =      -664.7166  VDWAALS    =      2489.5695
 EELEC  =    -14863.8072  EHBOND  =         0.0000  RESTRAINT  =         6.4962
 EAMBER (non-restraint)  =    -12980.1560
 EKCMT  =         0.0000  VIRIAL  =         0.0000  VOLUME     =     32031.2460
                                                    Density    =         1.0127
 Ewald error estimate:   0.2156E-03
 ------------------------------------------------------------------------------

wrapping first mol.:      -23.10683       16.33900       28.29997

 NSTEP =    30000   TIME(PS) =      80.000  TEMP(K) =   304.54  PRESS =     0.0
 Etot   =    -10937.1638  EKtot   =      1966.8237  EPtot      =    -12903.9874
 BOND   =         5.4135  ANGLE   =        16.6317  DIHED      =        15.6517
 1-4 NB =        12.8534  1-4 EEL =      -662.1325  VDWAALS    =      2531.4101
 EELEC  =    -14834.8644  EHBOND  =         0.0000  RESTRAINT  =        11.0490
 EAMBER (non-restraint)  =    -12915.0364
 EKCMT  =         0.0000  VIRIAL  =         0.0000  VOLUME     =     32053.3265
                                                    Density    =         1.0120
 Ewald error estimate:   0.4385E-03
 ------------------------------------------------------------------------------

wrapping first mol.:      -23.16879       16.38281       28.37586

 NSTEP =    30500   TIME(PS) =      81.000  TEMP(K) =   303.02  PRESS =     0.0
 Etot   =    -10954.6355  EKtot   =      1956.9916  EPtot      =    -12911.6271
 BOND   =         7.1478  ANGLE   =        14.5992  DIHED      =        15.0853
 1-4 NB =        14.3189  1-4 EEL =      -666.1030  VDWAALS    =      2431.0713
 EELEC  =    -14741.3086  EHBOND  =         0.0000  RESTRAINT  =        13.5621
 EAMBER (non-restraint)  =    -12925.1891
 EKCMT  =         0.0000  VIRIAL  =         0.0000  VOLUME     =     32311.8687
                                                    Density    =         1.0039
 Ewald error estimate:   0.2552E-03
 ------------------------------------------------------------------------------

wrapping first mol.:      -23.11041       16.34153       28.30436

 NSTEP =    31000   TIME(PS) =      82.000  TEMP(K) =   296.13  PRESS =     0.0
 Etot   =    -11017.9136  EKtot   =      1912.5030  EPtot      =    -12930.4165
 BOND   =        12.8626  ANGLE   =        17.3515  DIHED      =        14.2594
 1-4 NB =        12.4124  1-4 EEL =      -661.9162  VDWAALS    =      2482.6393
 EELEC  =    -14823.1274  EHBOND  =         0.0000  RESTRAINT  =        15.1018
 EAMBER (non-restraint)  =    -12945.5184
 EKCMT  =         0.0000  VIRIAL  =         0.0000  VOLUME     =     32068.2339
                                                    Density    =         1.0115
 Ewald error estimate:   0.1529E-04
 ------------------------------------------------------------------------------

wrapping first mol.:      -23.16670       16.38134       28.37330

 NSTEP =    31500   TIME(PS) =      83.000  TEMP(K) =   304.31  PRESS =     0.0
 Etot   =    -10889.6913  EKtot   =      1965.3397  EPtot      =    -12855.0309
 BOND   =         7.2109  ANGLE   =        14.3806  DIHED      =        12.2210
 1-4 NB =        10.1954  1-4 EEL =      -658.8309  VDWAALS    =      2380.0224
 EELEC  =    -14632.8937  EHBOND  =         0.0000  RESTRAINT  =        12.6634
 EAMBER (non-restraint)  =    -12867.6943
 EKCMT  =         0.0000  VIRIAL  =         0.0000  VOLUME     =     32303.1357
                                                    Density    =         1.0041
 Ewald error estimate:   0.1555E-04
 ------------------------------------------------------------------------------

wrapping first mol.:      -23.16125       16.37748       28.36663

 NSTEP =    32000   TIME(PS) =      84.000  TEMP(K) =   300.74  PRESS =     0.0
 Etot   =    -10945.4122  EKtot   =      1942.2995  EPtot      =    -12887.7117
 BOND   =         6.5202  ANGLE   =        13.3273  DIHED      =        14.7576
 1-4 NB =        11.8235  1-4 EEL =      -665.1193  VDWAALS    =      2453.4828
 EELEC  =    -14732.5047  EHBOND  =         0.0000  RESTRAINT  =        10.0009
 EAMBER (non-restraint)  =    -12897.7126
 EKCMT  =         0.0000  VIRIAL  =         0.0000  VOLUME     =     32280.3509
                                                    Density    =         1.0048
 Ewald error estimate:   0.5011E-03
 ------------------------------------------------------------------------------

wrapping first mol.:      -23.19614       16.40215       28.40936

 NSTEP =    32500   TIME(PS) =      85.000  TEMP(K) =   300.24  PRESS =     0.0
 Etot   =    -10968.3450  EKtot   =      1939.0478  EPtot      =    -12907.3928
 BOND   =         7.6928  ANGLE   =        12.6311  DIHED      =        12.7033
 1-4 NB =        11.8913  1-4 EEL =      -661.4527  VDWAALS    =      2363.8335
 EELEC  =    -14664.6398  EHBOND  =         0.0000  RESTRAINT  =         9.9477
 EAMBER (non-restraint)  =    -12917.3404
 EKCMT  =         0.0000  VIRIAL  =         0.0000  VOLUME     =     32426.4286
                                                    Density    =         1.0003
 Ewald error estimate:   0.4615E-03
 ------------------------------------------------------------------------------

wrapping first mol.:      -23.12548       16.35218       28.32281

 NSTEP =    33000   TIME(PS) =      86.000  TEMP(K) =   293.22  PRESS =     0.0
 Etot   =    -11022.8025  EKtot   =      1893.7143  EPtot      =    -12916.5169
 BOND   =         8.5568  ANGLE   =        16.6067  DIHED      =        13.3351
 1-4 NB =        11.4954  1-4 EEL =      -668.5005  VDWAALS    =      2489.0007
 EELEC  =    -14796.1762  EHBOND  =         0.0000  RESTRAINT  =         9.1651
 EAMBER (non-restraint)  =    -12925.6820
 EKCMT  =         0.0000  VIRIAL  =         0.0000  VOLUME     =     32130.9890
                                                    Density    =         1.0095
 Ewald error estimate:   0.2856E-03
 ------------------------------------------------------------------------------

wrapping first mol.:      -23.13388       16.35813       28.33311

 NSTEP =    33500   TIME(PS) =      87.000  TEMP(K) =   303.98  PRESS =     0.0
 Etot   =    -10980.8323  EKtot   =      1963.2479  EPtot      =    -12944.0802
 BOND   =        11.2156  ANGLE   =        17.0023  DIHED      =        11.9475
 1-4 NB =        12.9220  1-4 EEL =      -672.4853  VDWAALS    =      2523.8110
 EELEC  =    -14856.9129  EHBOND  =         0.0000  RESTRAINT  =         8.4195
 EAMBER (non-restraint)  =    -12952.4997
 EKCMT  =         0.0000  VIRIAL  =         0.0000  VOLUME     =     32166.0488
                                                    Density    =         1.0084
 Ewald error estimate:   0.5029E-04
 ------------------------------------------------------------------------------

wrapping first mol.:      -23.21979       16.41888       28.43833

 NSTEP =    34000   TIME(PS) =      88.000  TEMP(K) =   288.98  PRESS =     0.0
 Etot   =    -11010.2331  EKtot   =      1866.3663  EPtot      =    -12876.5994
 BOND   =         8.3970  ANGLE   =        14.3579  DIHED      =        13.4416
 1-4 NB =        13.9016  1-4 EEL =      -669.1736  VDWAALS    =      2407.2831
 EELEC  =    -14674.7385  EHBOND  =         0.0000  RESTRAINT  =         9.9316
 EAMBER (non-restraint)  =    -12886.5310
 EKCMT  =         0.0000  VIRIAL  =         0.0000  VOLUME     =     32525.7276
                                                    Density    =         0.9973
 Ewald error estimate:   0.8055E-05
 ------------------------------------------------------------------------------

wrapping first mol.:      -23.15745       16.37479       28.36197

 NSTEP =    34500   TIME(PS) =      89.000  TEMP(K) =   289.88  PRESS =     0.0
 Etot   =    -10995.5003  EKtot   =      1872.1224  EPtot      =    -12867.6227
 BOND   =        10.1893  ANGLE   =        13.6409  DIHED      =        14.5042
 1-4 NB =        12.6561  1-4 EEL =      -663.4087  VDWAALS    =      2460.0742
 EELEC  =    -14721.5886  EHBOND  =         0.0000  RESTRAINT  =         6.3100
 EAMBER (non-restraint)  =    -12873.9327
 EKCMT  =         0.0000  VIRIAL  =         0.0000  VOLUME     =     32264.4267
                                                    Density    =         1.0053
 Ewald error estimate:   0.3395E-03
 ------------------------------------------------------------------------------

wrapping first mol.:      -23.09359       16.32964       28.28376

 NSTEP =    35000   TIME(PS) =      90.000  TEMP(K) =   290.44  PRESS =     0.0
 Etot   =    -11033.2065  EKtot   =      1875.7542  EPtot      =    -12908.9607
 BOND   =         8.2525  ANGLE   =        14.8449  DIHED      =        14.1199
 1-4 NB =        11.5987  1-4 EEL =      -663.2678  VDWAALS    =      2480.2677
 EELEC  =    -14785.9503  EHBOND  =         0.0000  RESTRAINT  =        11.1737
 EAMBER (non-restraint)  =    -12920.1344
 EKCMT  =         0.0000  VIRIAL  =         0.0000  VOLUME     =     31998.2514
                                                    Density    =         1.0137
 Ewald error estimate:   0.3589E-03
 ------------------------------------------------------------------------------

wrapping first mol.:      -23.07511       16.31657       28.26113

 NSTEP =    35500   TIME(PS) =      91.000  TEMP(K) =   291.72  PRESS =     0.0
 Etot   =    -11021.7221  EKtot   =      1884.0608  EPtot      =    -12905.7828
 BOND   =         7.1165  ANGLE   =        14.0372  DIHED      =        12.6753
 1-4 NB =        14.3272  1-4 EEL =      -669.3847  VDWAALS    =      2467.8364
 EELEC  =    -14762.0763  EHBOND  =         0.0000  RESTRAINT  =         9.6855
 EAMBER (non-restraint)  =    -12915.4683
 EKCMT  =         0.0000  VIRIAL  =         0.0000  VOLUME     =     31921.5049
                                                    Density    =         1.0161
 Ewald error estimate:   0.7447E-03
 ------------------------------------------------------------------------------

wrapping first mol.:      -23.12839       16.35424       28.32638

 NSTEP =    36000   TIME(PS) =      92.000  TEMP(K) =   303.54  PRESS =     0.0
 Etot   =    -10940.9558  EKtot   =      1960.3636  EPtot      =    -12901.3194
 BOND   =         9.0582  ANGLE   =        10.0964  DIHED      =        12.0095
 1-4 NB =        13.2741  1-4 EEL =      -669.8639  VDWAALS    =      2389.5866
 EELEC  =    -14672.7609  EHBOND  =         0.0000  RESTRAINT  =         7.2807
 EAMBER (non-restraint)  =    -12908.6001
 EKCMT  =         0.0000  VIRIAL  =         0.0000  VOLUME     =     32143.1262
                                                    Density    =         1.0091
 Ewald error estimate:   0.2894E-03
 ------------------------------------------------------------------------------

wrapping first mol.:      -23.13526       16.35910       28.33480

 NSTEP =    36500   TIME(PS) =      93.000  TEMP(K) =   294.08  PRESS =     0.0
 Etot   =    -11014.8580  EKtot   =      1899.2780  EPtot      =    -12914.1360
 BOND   =         7.1966  ANGLE   =        15.4031  DIHED      =        17.6182
 1-4 NB =        11.8836  1-4 EEL =      -666.6125  VDWAALS    =      2501.6199
 EELEC  =    -14811.7416  EHBOND  =         0.0000  RESTRAINT  =        10.4969
 EAMBER (non-restraint)  =    -12924.6328
 EKCMT  =         0.0000  VIRIAL  =         0.0000  VOLUME     =     32171.7918
                                                    Density    =         1.0082
 Ewald error estimate:   0.4125E-03
 ------------------------------------------------------------------------------

wrapping first mol.:      -23.15505       16.37310       28.35904

 NSTEP =    37000   TIME(PS) =      94.000  TEMP(K) =   292.58  PRESS =     0.0
 Etot   =    -11005.5928  EKtot   =      1889.5781  EPtot      =    -12895.1709
 BOND   =        12.2052  ANGLE   =        15.8073  DIHED      =        13.7484
 1-4 NB =        11.3489  1-4 EEL =      -668.3698  VDWAALS    =      2374.5579
 EELEC  =    -14664.1513  EHBOND  =         0.0000  RESTRAINT  =         9.6825
 EAMBER (non-restraint)  =    -12904.8534
 EKCMT  =         0.0000  VIRIAL  =         0.0000  VOLUME     =     32254.4300
                                                    Density    =         1.0056
 Ewald error estimate:   0.1642E-04
 ------------------------------------------------------------------------------

wrapping first mol.:      -23.19422       16.40080       28.40701

 NSTEP =    37500   TIME(PS) =      95.000  TEMP(K) =   296.96  PRESS =     0.0
 Etot   =    -10927.6000  EKtot   =      1917.8483  EPtot      =    -12845.4483
 BOND   =         7.6688  ANGLE   =        12.5586  DIHED      =        14.3878
 1-4 NB =        13.6285  1-4 EEL =      -671.3496  VDWAALS    =      2339.2137
 EELEC  =    -14572.4451  EHBOND  =         0.0000  RESTRAINT  =        10.8890
 EAMBER (non-restraint)  =    -12856.3373
 EKCMT  =         0.0000  VIRIAL  =         0.0000  VOLUME     =     32418.3988
                                                    Density    =         1.0006
 Ewald error estimate:   0.1716E-03
 ------------------------------------------------------------------------------

wrapping first mol.:      -23.22035       16.41927       28.43901

 NSTEP =    38000   TIME(PS) =      96.000  TEMP(K) =   300.15  PRESS =     0.0
 Etot   =    -10976.8466  EKtot   =      1938.4784  EPtot      =    -12915.3249
 BOND   =         4.6773  ANGLE   =        10.4549  DIHED      =        14.5371
 1-4 NB =        11.5633  1-4 EEL =      -659.6649  VDWAALS    =      2533.3271
 EELEC  =    -14841.0571  EHBOND  =         0.0000  RESTRAINT  =        10.8374
 EAMBER (non-restraint)  =    -12926.1623
 EKCMT  =         0.0000  VIRIAL  =         0.0000  VOLUME     =     32528.0747
                                                    Density    =         0.9972
 Ewald error estimate:   0.1295E-03
 ------------------------------------------------------------------------------

wrapping first mol.:      -23.16998       16.38366       28.37732

 NSTEP =    38500   TIME(PS) =      97.000  TEMP(K) =   298.30  PRESS =     0.0
 Etot   =    -11002.9853  EKtot   =      1926.5005  EPtot      =    -12929.4858
 BOND   =         9.2558  ANGLE   =        13.6652  DIHED      =        13.6004
 1-4 NB =        12.7564  1-4 EEL =      -667.9403  VDWAALS    =      2557.5678
 EELEC  =    -14874.7930  EHBOND  =         0.0000  RESTRAINT  =         6.4018
 EAMBER (non-restraint)  =    -12935.8876
 EKCMT  =         0.0000  VIRIAL  =         0.0000  VOLUME     =     32316.8649
                                                    Density    =         1.0037
 Ewald error estimate:   0.1344E-03
 ------------------------------------------------------------------------------

wrapping first mol.:      -23.05340       16.30122       28.23454

 NSTEP =    39000   TIME(PS) =      98.000  TEMP(K) =   305.68  PRESS =     0.0
 Etot   =    -10938.0768  EKtot   =      1974.1978  EPtot      =    -12912.2745
 BOND   =         3.3098  ANGLE   =        14.0127  DIHED      =        12.0823
 1-4 NB =        12.2802  1-4 EEL =      -663.0988  VDWAALS    =      2551.8046
 EELEC  =    -14853.8081  EHBOND  =         0.0000  RESTRAINT  =        11.1428
 EAMBER (non-restraint)  =    -12923.4174
 EKCMT  =         0.0000  VIRIAL  =         0.0000  VOLUME     =     31831.4977
                                                    Density    =         1.0190
 Ewald error estimate:   0.2669E-03
 ------------------------------------------------------------------------------

wrapping first mol.:      -23.11035       16.34149       28.30429

 NSTEP =    39500   TIME(PS) =      99.000  TEMP(K) =   305.14  PRESS =     0.0
 Etot   =    -10929.3115  EKtot   =      1970.7169  EPtot      =    -12900.0284
 BOND   =         4.5919  ANGLE   =        12.5365  DIHED      =        14.6600
 1-4 NB =        13.4918  1-4 EEL =      -668.4948  VDWAALS    =      2442.4424
 EELEC  =    -14725.4096  EHBOND  =         0.0000  RESTRAINT  =         6.1534
 EAMBER (non-restraint)  =    -12906.1818
 EKCMT  =         0.0000  VIRIAL  =         0.0000  VOLUME     =     32067.9840
                                                    Density    =         1.0115
 Ewald error estimate:   0.3280E-03
 ------------------------------------------------------------------------------

wrapping first mol.:      -23.11546       16.34510       28.31055

 NSTEP =    40000   TIME(PS) =     100.000  TEMP(K) =   304.62  PRESS =     0.0
 Etot   =    -10958.8837  EKtot   =      1967.3569  EPtot      =    -12926.2406
 BOND   =        10.3284  ANGLE   =        15.5047  DIHED      =        14.8724
 1-4 NB =        12.1696  1-4 EEL =      -663.7510  VDWAALS    =      2395.5471
 EELEC  =    -14719.2309  EHBOND  =         0.0000  RESTRAINT  =         8.3191
 EAMBER (non-restraint)  =    -12934.5597
 EKCMT  =         0.0000  VIRIAL  =         0.0000  VOLUME     =     32089.2725
                                                    Density    =         1.0108
 Ewald error estimate:   0.1918E-03
 ------------------------------------------------------------------------------

wrapping first mol.:      -23.11621       16.34563       28.31146

 NSTEP =    40500   TIME(PS) =     101.000  TEMP(K) =   298.78  PRESS =     0.0
 Etot   =    -10921.3598  EKtot   =      1929.6108  EPtot      =    -12850.9706
 BOND   =         6.2971  ANGLE   =        16.9638  DIHED      =        14.4911
 1-4 NB =        13.7390  1-4 EEL =      -663.7737  VDWAALS    =      2451.9271
 EELEC  =    -14702.5814  EHBOND  =         0.0000  RESTRAINT  =        11.9664
 EAMBER (non-restraint)  =    -12862.9370
 EKCMT  =         0.0000  VIRIAL  =         0.0000  VOLUME     =     32092.3680
                                                    Density    =         1.0107
 Ewald error estimate:   0.1434E-03
 ------------------------------------------------------------------------------

wrapping first mol.:      -23.08893       16.32634       28.27805

 NSTEP =    41000   TIME(PS) =     102.000  TEMP(K) =   289.78  PRESS =     0.0
 Etot   =    -10901.2440  EKtot   =      1871.4757  EPtot      =    -12772.7198
 BOND   =         5.8659  ANGLE   =        17.4736  DIHED      =        14.4877
 1-4 NB =        12.3355  1-4 EEL =      -669.9261  VDWAALS    =      2468.0438
 EELEC  =    -14631.3680  EHBOND  =         0.0000  RESTRAINT  =        10.3679
 EAMBER (non-restraint)  =    -12783.0876
 EKCMT  =         0.0000  VIRIAL  =         0.0000  VOLUME     =     31978.8749
                                                    Density    =         1.0143
 Ewald error estimate:   0.7433E-04
 ------------------------------------------------------------------------------

wrapping first mol.:      -23.10836       16.34008       28.30185

 NSTEP =    41500   TIME(PS) =     103.000  TEMP(K) =   300.67  PRESS =     0.0
 Etot   =    -11009.5005  EKtot   =      1941.8319  EPtot      =    -12951.3324
 BOND   =         6.8011  ANGLE   =        11.7678  DIHED      =        12.4170
 1-4 NB =        14.0890  1-4 EEL =      -673.3519  VDWAALS    =      2460.9581
 EELEC  =    -14792.2579  EHBOND  =         0.0000  RESTRAINT  =         8.2444
 EAMBER (non-restraint)  =    -12959.5768
 EKCMT  =         0.0000  VIRIAL  =         0.0000  VOLUME     =     32059.6943
                                                    Density    =         1.0118
 Ewald error estimate:   0.2419E-03
 ------------------------------------------------------------------------------

wrapping first mol.:      -23.10648       16.33875       28.29954

 NSTEP =    42000   TIME(PS) =     104.000  TEMP(K) =   300.64  PRESS =     0.0
 Etot   =    -10991.1695  EKtot   =      1941.6304  EPtot      =    -12932.7999
 BOND   =         8.8431  ANGLE   =        11.9935  DIHED      =        14.3689
 1-4 NB =        13.2378  1-4 EEL =      -671.0238  VDWAALS    =      2511.7617
 EELEC  =    -14829.7054  EHBOND  =         0.0000  RESTRAINT  =         7.7241
 EAMBER (non-restraint)  =    -12940.5240
 EKCMT  =         0.0000  VIRIAL  =         0.0000  VOLUME     =     32051.8632
                                                    Density    =         1.0120
 Ewald error estimate:   0.3233E-04
 ------------------------------------------------------------------------------

wrapping first mol.:      -23.13901       16.36175       28.33938

 NSTEP =    42500   TIME(PS) =     105.000  TEMP(K) =   299.19  PRESS =     0.0
 Etot   =    -10973.7773  EKtot   =      1932.2908  EPtot      =    -12906.0680
 BOND   =         9.5261  ANGLE   =        12.0856  DIHED      =        13.5321
 1-4 NB =        11.7559  1-4 EEL =      -667.1097  VDWAALS    =      2459.8300
 EELEC  =    -14756.3379  EHBOND  =         0.0000  RESTRAINT  =        10.6498
 EAMBER (non-restraint)  =    -12916.7178
 EKCMT  =         0.0000  VIRIAL  =         0.0000  VOLUME     =     32187.4175
                                                    Density    =         1.0077
 Ewald error estimate:   0.1321E-03
 ------------------------------------------------------------------------------

wrapping first mol.:      -23.13901       16.36175       28.33938

 NSTEP =    43000   TIME(PS) =     106.000  TEMP(K) =   302.55  PRESS =     0.0
 Etot   =    -10920.5120  EKtot   =      1953.9776  EPtot      =    -12874.4896
 BOND   =         4.8335  ANGLE   =        14.6042  DIHED      =        15.6585
 1-4 NB =        12.5947  1-4 EEL =      -667.7165  VDWAALS    =      2511.6902
 EELEC  =    -14775.8646  EHBOND  =         0.0000  RESTRAINT  =         9.7104
 EAMBER (non-restraint)  =    -12884.2000
 EKCMT  =         0.0000  VIRIAL  =         0.0000  VOLUME     =     32187.4175
                                                    Density    =         1.0077
 Ewald error estimate:   0.3514E-03
 ------------------------------------------------------------------------------

wrapping first mol.:      -23.11498       16.34476       28.30995

 NSTEP =    43500   TIME(PS) =     107.000  TEMP(K) =   296.34  PRESS =     0.0
 Etot   =    -11003.6838  EKtot   =      1913.8750  EPtot      =    -12917.5588
 BOND   =         3.8618  ANGLE   =        13.0976  DIHED      =        19.4309
 1-4 NB =        11.3698  1-4 EEL =      -659.3116  VDWAALS    =      2509.8373
 EELEC  =    -14827.8144  EHBOND  =         0.0000  RESTRAINT  =        11.9699
 EAMBER (non-restraint)  =    -12929.5287
 EKCMT  =         0.0000  VIRIAL  =         0.0000  VOLUME     =     32087.2454
                                                    Density    =         1.0109
 Ewald error estimate:   0.5202E-03
 ------------------------------------------------------------------------------

wrapping first mol.:      -23.11782       16.34677       28.31344

 NSTEP =    44000   TIME(PS) =     108.000  TEMP(K) =   290.60  PRESS =     0.0
 Etot   =    -11052.6710  EKtot   =      1876.8005  EPtot      =    -12929.4715
 BOND   =         7.4446  ANGLE   =        15.0815  DIHED      =        16.1543
 1-4 NB =        13.2655  1-4 EEL =      -671.8566  VDWAALS    =      2512.5281
 EELEC  =    -14830.9909  EHBOND  =         0.0000  RESTRAINT  =         8.9020
 EAMBER (non-restraint)  =    -12938.3734
 EKCMT  =         0.0000  VIRIAL  =         0.0000  VOLUME     =     32099.0972
                                                    Density    =         1.0105
 Ewald error estimate:   0.2880E-03
 ------------------------------------------------------------------------------

wrapping first mol.:      -23.15646       16.37409       28.36076

 NSTEP =    44500   TIME(PS) =     109.000  TEMP(K) =   300.84  PRESS =     0.0
 Etot   =    -11006.7143  EKtot   =      1942.9326  EPtot      =    -12949.6469
 BOND   =         9.2751  ANGLE   =        12.1939  DIHED      =        13.5383
 1-4 NB =        13.1543  1-4 EEL =      -664.8954  VDWAALS    =      2491.4670
 EELEC  =    -14832.6491  EHBOND  =         0.0000  RESTRAINT  =         8.2691
 EAMBER (non-restraint)  =    -12957.9159
 EKCMT  =         0.0000  VIRIAL  =         0.0000  VOLUME     =     32260.3002
                                                    Density    =         1.0055
 Ewald error estimate:   0.5597E-04
 ------------------------------------------------------------------------------

wrapping first mol.:      -23.15390       16.37228       28.35763

 NSTEP =    45000   TIME(PS) =     110.000  TEMP(K) =   301.52  PRESS =     0.0
 Etot   =    -11022.2419  EKtot   =      1947.3304  EPtot      =    -12969.5722
 BOND   =         8.0694  ANGLE   =        15.6427  DIHED      =        17.3826
 1-4 NB =        14.2548  1-4 EEL =      -667.1574  VDWAALS    =      2478.7865
 EELEC  =    -14848.0614  EHBOND  =         0.0000  RESTRAINT  =        11.5106
 EAMBER (non-restraint)  =    -12981.0829
 EKCMT  =         0.0000  VIRIAL  =         0.0000  VOLUME     =     32249.6165
                                                    Density    =         1.0058
 Ewald error estimate:   0.6925E-04
 ------------------------------------------------------------------------------

wrapping first mol.:      -23.12593       16.35250       28.32336

 NSTEP =    45500   TIME(PS) =     111.000  TEMP(K) =   289.66  PRESS =     0.0
 Etot   =    -11070.4125  EKtot   =      1870.7059  EPtot      =    -12941.1184
 BOND   =         9.8117  ANGLE   =        11.3585  DIHED      =        14.0309
 1-4 NB =        12.3107  1-4 EEL =      -666.9988  VDWAALS    =      2473.6411
 EELEC  =    -14804.8560  EHBOND  =         0.0000  RESTRAINT  =         9.5833
 EAMBER (non-restraint)  =    -12950.7018
 EKCMT  =         0.0000  VIRIAL  =         0.0000  VOLUME     =     32132.8595
                                                    Density    =         1.0095
 Ewald error estimate:   0.2210E-03
 ------------------------------------------------------------------------------

wrapping first mol.:      -23.11724       16.34636       28.31272

 NSTEP =    46000   TIME(PS) =     112.000  TEMP(K) =   292.90  PRESS =     0.0
 Etot   =    -11128.8605  EKtot   =      1891.6894  EPtot      =    -13020.5499
 BOND   =         9.3931  ANGLE   =        10.4905  DIHED      =        17.7487
 1-4 NB =        13.8647  1-4 EEL =      -673.3489  VDWAALS    =      2621.9298
 EELEC  =    -15026.2925  EHBOND  =         0.0000  RESTRAINT  =         5.6646
 EAMBER (non-restraint)  =    -13026.2146
 EKCMT  =         0.0000  VIRIAL  =         0.0000  VOLUME     =     32096.6568
                                                    Density    =         1.0106
 Ewald error estimate:   0.1995E-03
 ------------------------------------------------------------------------------

wrapping first mol.:      -23.05379       16.30150       28.23502

 NSTEP =    46500   TIME(PS) =     113.000  TEMP(K) =   296.58  PRESS =     0.0
 Etot   =    -11025.6687  EKtot   =      1915.4027  EPtot      =    -12941.0713
 BOND   =        10.0119  ANGLE   =        13.4430  DIHED      =        13.9078
 1-4 NB =        14.9764  1-4 EEL =      -672.0162  VDWAALS    =      2525.5743
 EELEC  =    -14854.5962  EHBOND  =         0.0000  RESTRAINT  =         7.6276
 EAMBER (non-restraint)  =    -12948.6990
 EKCMT  =         0.0000  VIRIAL  =         0.0000  VOLUME     =     31833.1113
                                                    Density    =         1.0190
 Ewald error estimate:   0.1393E-04
 ------------------------------------------------------------------------------

wrapping first mol.:      -23.11106       16.34199       28.30515

 NSTEP =    47000   TIME(PS) =     114.000  TEMP(K) =   305.99  PRESS =     0.0
 Etot   =    -10981.0352  EKtot   =      1976.1715  EPtot      =    -12957.2067
 BOND   =         8.8904  ANGLE   =        11.1828  DIHED      =        14.1001
 1-4 NB =        12.7062  1-4 EEL =      -672.5373  VDWAALS    =      2459.9008
 EELEC  =    -14800.4929  EHBOND  =         0.0000  RESTRAINT  =         9.0431
 EAMBER (non-restraint)  =    -12966.2498
 EKCMT  =         0.0000  VIRIAL  =         0.0000  VOLUME     =     32070.9253
                                                    Density    =         1.0114
 Ewald error estimate:   0.3176E-03
 ------------------------------------------------------------------------------

wrapping first mol.:      -23.07956       16.31972       28.26658

 NSTEP =    47500   TIME(PS) =     115.000  TEMP(K) =   292.53  PRESS =     0.0
 Etot   =    -11006.2628  EKtot   =      1889.2382  EPtot      =    -12895.5010
 BOND   =         8.3016  ANGLE   =        13.2606  DIHED      =        15.1028
 1-4 NB =        11.5378  1-4 EEL =      -661.2069  VDWAALS    =      2484.3613
 EELEC  =    -14773.3514  EHBOND  =         0.0000  RESTRAINT  =         6.4933
 EAMBER (non-restraint)  =    -12901.9943
 EKCMT  =         0.0000  VIRIAL  =         0.0000  VOLUME     =     31939.9957
                                                    Density    =         1.0155
 Ewald error estimate:   0.1999E-03
 ------------------------------------------------------------------------------

wrapping first mol.:      -23.03798       16.29031       28.21565

 NSTEP =    48000   TIME(PS) =     116.000  TEMP(K) =   303.02  PRESS =     0.0
 Etot   =    -11032.3756  EKtot   =      1957.0476  EPtot      =    -12989.4231
 BOND   =         5.0622  ANGLE   =        13.9302  DIHED      =        12.8253
 1-4 NB =        12.1950  1-4 EEL =      -663.5777  VDWAALS    =      2585.9020
 EELEC  =    -14964.5019  EHBOND  =         0.0000  RESTRAINT  =         8.7417
 EAMBER (non-restraint)  =    -12998.1648
 EKCMT  =         0.0000  VIRIAL  =         0.0000  VOLUME     =     31767.6511
                                                    Density    =         1.0211
 Ewald error estimate:   0.4422E-04
 ------------------------------------------------------------------------------

wrapping first mol.:      -23.12247       16.35006       28.31913

 NSTEP =    48500   TIME(PS) =     117.000  TEMP(K) =   306.67  PRESS =     0.0
 Etot   =    -10948.0841  EKtot   =      1980.5980  EPtot      =    -12928.6821
 BOND   =         8.5273  ANGLE   =        13.2492  DIHED      =        11.3573
 1-4 NB =        12.7636  1-4 EEL =      -668.9374  VDWAALS    =      2416.8326
 EELEC  =    -14733.3941  EHBOND  =         0.0000  RESTRAINT  =        10.9194
 EAMBER (non-restraint)  =    -12939.6015
 EKCMT  =         0.0000  VIRIAL  =         0.0000  VOLUME     =     32118.4475
                                                    Density    =         1.0099
 Ewald error estimate:   0.3326E-03
 ------------------------------------------------------------------------------

wrapping first mol.:      -23.11033       16.34147       28.30426

 NSTEP =    49000   TIME(PS) =     118.000  TEMP(K) =   293.86  PRESS =     0.0
 Etot   =    -11074.2955  EKtot   =      1897.8291  EPtot      =    -12972.1246
 BOND   =         8.8869  ANGLE   =        15.5540  DIHED      =        16.3675
 1-4 NB =        15.4579  1-4 EEL =      -673.2905  VDWAALS    =      2368.2419
 EELEC  =    -14731.0773  EHBOND  =         0.0000  RESTRAINT  =         7.7350
 EAMBER (non-restraint)  =    -12979.8596
 EKCMT  =         0.0000  VIRIAL  =         0.0000  VOLUME     =     32067.8938
                                                    Density    =         1.0115
 Ewald error estimate:   0.7089E-04
 ------------------------------------------------------------------------------

wrapping first mol.:      -23.11524       16.34495       28.31028

 NSTEP =    49500   TIME(PS) =     119.000  TEMP(K) =   299.09  PRESS =     0.0
 Etot   =    -11057.9302  EKtot   =      1931.6144  EPtot      =    -12989.5446
 BOND   =         8.4052  ANGLE   =        15.2947  DIHED      =        15.9200
 1-4 NB =        12.2794  1-4 EEL =      -669.4543  VDWAALS    =      2529.0350
 EELEC  =    -14909.4707  EHBOND  =         0.0000  RESTRAINT  =         8.4461
 EAMBER (non-restraint)  =    -12997.9906
 EKCMT  =         0.0000  VIRIAL  =         0.0000  VOLUME     =     32088.3489
                                                    Density    =         1.0109
 Ewald error estimate:   0.1109E-03
 ------------------------------------------------------------------------------

wrapping first mol.:      -23.11001       16.34125       28.30387
wrapping first mol.:      -23.11001       16.34125       28.30387

 NSTEP =    50000   TIME(PS) =     120.000  TEMP(K) =   288.95  PRESS =     0.0
 Etot   =    -10987.9925  EKtot   =      1866.1527  EPtot      =    -12854.1452
 BOND   =         8.4391  ANGLE   =        19.8199  DIHED      =        14.2569
 1-4 NB =        11.5859  1-4 EEL =      -665.4525  VDWAALS    =      2463.5609
 EELEC  =    -14718.2607  EHBOND  =         0.0000  RESTRAINT  =        11.9052
 EAMBER (non-restraint)  =    -12866.0504
 EKCMT  =         0.0000  VIRIAL  =         0.0000  VOLUME     =     32066.5567
                                                    Density    =         1.0115
 Ewald error estimate:   0.2790E-03
 ------------------------------------------------------------------------------


      A V E R A G E S   O V E R     100 S T E P S


 NSTEP =    50000   TIME(PS) =     120.000  TEMP(K) =   297.25  PRESS =     0.0
 Etot   =    -10991.3683  EKtot   =      1919.7522  EPtot      =    -12911.1205
 BOND   =         7.8788  ANGLE   =        13.9746  DIHED      =        14.4788
 1-4 NB =        12.7328  1-4 EEL =      -666.8205  VDWAALS    =      2483.0076
 EELEC  =    -14785.9150  EHBOND  =         0.0000  RESTRAINT  =         9.5424
 EAMBER (non-restraint)  =    -12920.6629
 EKCMT  =         0.0000  VIRIAL  =         0.0000  VOLUME     =     32434.5814
                                                    Density    =         1.0007
 Ewald error estimate:   0.1976E-03
 ------------------------------------------------------------------------------


      R M S  F L U C T U A T I O N S


 NSTEP =    50000   TIME(PS) =     120.000  TEMP(K) =     4.79  PRESS =     0.0
 Etot   =        72.5123  EKtot   =        30.9554  EPtot      =        66.3547
 BOND   =         2.0976  ANGLE   =         2.5160  DIHED      =         1.7293
 1-4 NB =         1.0642  1-4 EEL =         4.2498  VDWAALS    =        64.3629
 EELEC  =       103.6704  EHBOND  =         0.0000  RESTRAINT  =         2.0288
 EAMBER (non-restraint)  =        64.3259
 EKCMT  =         0.0000  VIRIAL  =         0.0000  VOLUME     =       858.0423
                                                    Density    =         0.0245
 Ewald error estimate:   0.1443E-03
 ------------------------------------------------------------------------------

| MC Barostat:        500 volume changes attempted.
| MC Barostat:        243 changes successful ( 48.60%)
 ------------------------------------------------------------------------------

--------------------------------------------------------------------------------
   5.  TIMINGS
--------------------------------------------------------------------------------

|  NonSetup CPU Time in Major Routines, Average for All Tasks:
|
|     Routine           Sec        %
|     ------------------------------
|     DataDistrib      10.61   10.20
|     Nonbond          87.93   84.52
|     Bond              0.14    0.13
|     Angle             0.16    0.15
|     Dihedral          0.21    0.20
|     Shake             0.60    0.58
|     RunMD             4.19    4.03
|     Other             0.19    0.18
|     ------------------------------
|     Total           104.04

|  PME Nonbond Pairlist CPU Time, Average for All Tasks:
|
|     Routine              Sec        %
|     ---------------------------------
|     Set Up Cit           0.28    0.27
|     Build List          10.40   10.00
|     ---------------------------------
|     Total               10.69   10.27

|  PME Direct Force CPU Time, Average for All Tasks:
|
|     Routine              Sec        %
|     ---------------------------------
|     NonBonded Calc      60.83   58.47
|     Exclude Masked       0.67    0.65
|     Other                2.39    2.30
|     ---------------------------------
|     Total               63.90   61.42

|  PME Reciprocal Force CPU Time, Average for All Tasks:
|
|     Routine              Sec        %
|     ---------------------------------
|     1D bspline           1.11    1.07
|     Grid Charges         1.21    1.17
|     Scalar Sum           1.16    1.11
|     Gradient Sum         2.10    2.02
|     FFT                  7.47    7.18
|     ---------------------------------
|     Total               13.05   12.54

|  PME Load Balancing CPU Time, Average for All Tasks:
|
|     Routine                 Sec        %
|     ------------------------------------
|     Atom Reassign           0.00    0.00
|     Image Reassign          0.01    0.01
|     FFT Reassign            0.00    0.00
|     ------------------------------------
|     Total                   0.01    0.01

|  Final Performance Info:
|     -----------------------------------------------------
|     Average timings for last   20500 steps:
|     Elapsed(s) =      43.20 Per Step(ms) =       2.11
|         ns/day =      82.01   seconds/ns =    1053.56
|
|     Average timings for all steps:
|     Elapsed(s) =     104.31 Per Step(ms) =       2.09
|         ns/day =      82.83   seconds/ns =    1043.07
|     -----------------------------------------------------

|  Master Setup CPU time:            0.03 seconds
|  Master NonSetup CPU time:       102.95 seconds
|  Master Total CPU time:          102.98 seconds     0.03 hours

|  Master Setup wall time:           0    seconds
|  Master NonSetup wall time:      105    seconds
|  Master Total wall time:         105    seconds     0.03 hours
