
          -------------------------------------------------------
          Amber 18 PMEMD                              2018
          -------------------------------------------------------

| PMEMD implementation of SANDER, Release 18

| Run on 03/14/2022 at 21:37:57

|   Executable path: pmemd.MPI
| Working directory: /bgfs/lchong/dty7/ff15ipq-lig/charges/gaff_01/GenConformers/Conf19
|          Hostname: smp-n123

  [-O]verwriting output

File Assignments:
|   MDIN: ../../../amber/6.2_eq1.in                                             
|  MDOUT: 6.2_eq1.out                                                           
| INPCRD: 6.1_min.rst                                                           
|   PARM: ../../mon.top                                                         
| RESTRT: 6.2_eq1.rst                                                           
|   REFC: 6.1_min.rst                                                           
|  MDVEL: mdvel                                                                 
|   MDEN: mden                                                                  
|  MDCRD: mdcrd                                                                 
| MDINFO: mdinfo                                                                
|LOGFILE: logfile                                                               
|  MDFRC: mdfrc                                                                 

 
 Here is the input file:
 
&cntrl                                                                         
  imin      = 0,                                                               
  irest     = 0,                                                               
  ntx       = 1,                                                               
  ig        = -1,                                                              
  dt        = 0.002,                                                           
  nstlim    = 10000,                                                           
  nscm      = 500,                                                             
  ntr       = 1,                                                               
  restraintmask = ':1',                                                        
  restraint_wt  = 10.0,                                                        
  ntb       = 1,                                                               
  ntp       = 0,                                                               
  ntt       = 3,                                                               
  tempi     = 298.0,                                                           
  temp0     = 298.0,                                                           
  gamma_ln  = 1.0,                                                             
  ntf       = 2,                                                               
  ntc       = 2,                                                               
  cut       = 10.0,                                                            
  ntpr      = 500,                                                             
  ntxo      = 2,                                                               
  ntwr      = 10000,                                                           
  ioutfm    = 1,                                                               
  ntwx      = 500,                                                             
  iwrap     = 1,                                                               
&end                                                                           


Note: ig = -1. Setting random seed to   736283 based on wallclock time in
      microseconds and disabling the synchronization of random numbers 
      between tasks to improve performance.
| irandom = 1, using AMBER's internal random number generator (default).
 
 
| Conditional Compilation Defines Used:
| MPI
| FFTW_FFT
| BINTRAJ
| MKL
| EMIL
 
| Largest sphere to fit in unit cell has radius =    14.763

| New format PARM file being parsed.
| Version =    1.000 Date = 03/14/22 Time = 17:48:27

| Note: 1-4 EEL scale factors are being read from the topology file.

| Note: 1-4 VDW scale factors are being read from the topology file.
| Duplicated    0 dihedrals

| Duplicated    0 dihedrals

--------------------------------------------------------------------------------
   1.  RESOURCE   USE: 
--------------------------------------------------------------------------------

 getting box info from netcdf restart file
 NATOM  =    3240 NTYPES =      13 NBONH =    3220 MBONA  =      21
 NTHETH =      33 MTHETA =      29 NPHIH =      60 MPHIA  =      45
 NHPARM =       0 NPARM  =       0 NNB   =    4456 NRES   =    1069
 NBONA  =      21 NTHETA =      29 NPHIA =      45 NUMBND =      22
 NUMANG =      35 NPTRA  =      18 NATYP =      17 NPHB   =       0
 IFBOX  =       2 NMXRS  =      36 IFCAP =       0 NEXTRA =       0
 NCOPY  =       0

| Coordinate Index Table dimensions:     5    5    5
| Direct force subcell size =     7.2324    7.2324    7.2324

     BOX TYPE: TRUNCATED OCTAHEDRON

--------------------------------------------------------------------------------
   2.  CONTROL  DATA  FOR  THE  RUN
--------------------------------------------------------------------------------

default_name                                                                    

General flags:
     imin    =       0, nmropt  =       0

Nature and format of input:
     ntx     =       1, irest   =       0, ntrx    =       1

Nature and format of output:
     ntxo    =       2, ntpr    =     500, ntrx    =       1, ntwr    =   10000
     iwrap   =       1, ntwx    =     500, ntwv    =       0, ntwe    =       0
     ioutfm  =       1, ntwprt  =       0, idecomp =       0, rbornstat=      0

Potential function:
     ntf     =       2, ntb     =       1, igb     =       0, nsnb    =      25
     ipol    =       0, gbsa    =       0, iesp    =       0
     dielc   =   1.00000, cut     =  10.00000, intdiel =   1.00000

Frozen or restrained atoms:
     ibelly  =       0, ntr     =       1
     restraint_wt =  10.00000

Molecular dynamics:
     nstlim  =     10000, nscm    =         0, nrespa  =         1
     t       =   0.00000, dt      =   0.00200, vlimit  =  20.00000

Langevin dynamics temperature regulation:
     ig      =  736283
     temp0   = 298.00000, tempi   = 298.00000, gamma_ln=   1.00000

SHAKE:
     ntc     =       2, jfastw  =       0
     tol     =   0.00001

| Intermolecular bonds treatment:
|     no_intermolecular_bonds =       1

| Energy averages sample interval:
|     ene_avg_sampling =     500

Ewald parameters:
     verbose =       0, ew_type =       0, nbflag  =       1, use_pme =       1
     vdwmeth =       1, eedmeth =       1, netfrc  =       1
     Box X =   36.162   Box Y =   36.162   Box Z =   36.162
     Alpha =  109.471   Beta  =  109.471   Gamma =  109.471
     NFFT1 =   40       NFFT2 =   40       NFFT3 =   40
     Cutoff=   10.000   Tol   =0.100E-04
     Ewald Coefficient =  0.27511
     Interpolation order =    4

| PMEMD ewald parallel performance parameters:
|     block_fft =    0
|     fft_blk_y_divisor =    2
|     excl_recip =    0
|     excl_master =    0
|     atm_redist_freq =  320

    LOADING THE CONSTRAINED ATOMS AS GROUPS


   5.  REFERENCE ATOM COORDINATES

  default_name                                                                    
     Mask :1; matches    36 atoms

--------------------------------------------------------------------------------
   3.  ATOMIC COORDINATES AND VELOCITIES
--------------------------------------------------------------------------------

default_name                                                                    
 begin time read from input coords =     0.000 ps

 
 Number of triangulated 3-point waters found:     1068

     Sum of charges from parm topology file =  -0.00030117
     Forcing neutrality...

| Dynamic Memory, Types Used:
| Reals             1198019
| Integers           209538

| Nonbonded Pairs Initial Allocation:      317358

| Running AMBER/MPI version on    8 MPI task

 
--------------------------------------------------------------------------------
   4.  RESULTS
--------------------------------------------------------------------------------

 ---------------------------------------------------
 APPROXIMATING switch and d/dx switch using CUBIC SPLINE INTERPOLATION
 using   5000.0 points per unit in tabled values
 TESTING RELATIVE ERROR over r ranging from 0.0 to cutoff
| CHECK switch(x): max rel err =   0.3316E-14   at   2.351880
| CHECK d/dx switch(x): max rel err =   0.8066E-11   at   2.747240
 ---------------------------------------------------
|---------------------------------------------------
| APPROXIMATING direct energy using CUBIC SPLINE INTERPOLATION
|  with   50.0 points per unit in tabled values
| Relative Error Limit not exceeded for r .gt.   2.34
| APPROXIMATING direct force using CUBIC SPLINE INTERPOLATION
|  with   50.0 points per unit in tabled values
| Relative Error Limit not exceeded for r .gt.   2.81
|---------------------------------------------------

 NSTEP =        0   TIME(PS) =       0.000  TEMP(K) =   444.36  PRESS =     0.0
 Etot   =    -14872.6178  EKtot   =      2869.8237  EPtot      =    -17742.4415
 BOND   =         1.1492  ANGLE   =         4.5444  DIHED      =        12.1963
 1-4 NB =        10.7737  1-4 EEL =      -598.6257  VDWAALS    =      3711.7827
 EELEC  =    -20884.2622  EHBOND  =         0.0000  RESTRAINT  =         0.0000
 Ewald error estimate:   0.2382E-03
 ------------------------------------------------------------------------------


 NSTEP =      500   TIME(PS) =       1.000  TEMP(K) =   241.96  PRESS =     0.0
 Etot   =    -11643.4870  EKtot   =      1562.6655  EPtot      =    -13206.1525
 BOND   =         8.5014  ANGLE   =        14.0560  DIHED      =        17.4689
 1-4 NB =        11.8538  1-4 EEL =      -598.0535  VDWAALS    =      2715.8769
 EELEC  =    -15380.0825  EHBOND  =         0.0000  RESTRAINT  =         4.2265
 EAMBER (non-restraint)  =    -13210.3790
 Ewald error estimate:   0.1062E-03
 ------------------------------------------------------------------------------


 NSTEP =     1000   TIME(PS) =       2.000  TEMP(K) =   274.29  PRESS =     0.0
 Etot   =    -11093.7552  EKtot   =      1771.4489  EPtot      =    -12865.2041
 BOND   =        10.2661  ANGLE   =        11.3582  DIHED      =        18.1824
 1-4 NB =        11.9562  1-4 EEL =      -604.9510  VDWAALS    =      2397.5486
 EELEC  =    -14719.2901  EHBOND  =         0.0000  RESTRAINT  =         9.7255
 EAMBER (non-restraint)  =    -12874.9296
 Ewald error estimate:   0.3584E-03
 ------------------------------------------------------------------------------


 NSTEP =     1500   TIME(PS) =       3.000  TEMP(K) =   287.23  PRESS =     0.0
 Etot   =    -10973.0074  EKtot   =      1855.0554  EPtot      =    -12828.0628
 BOND   =         8.2771  ANGLE   =        12.2968  DIHED      =        14.6730
 1-4 NB =        12.3458  1-4 EEL =      -601.2755  VDWAALS    =      2463.0302
 EELEC  =    -14743.6214  EHBOND  =         0.0000  RESTRAINT  =         6.2113
 EAMBER (non-restraint)  =    -12834.2741
 Ewald error estimate:   0.2097E-03
 ------------------------------------------------------------------------------


 NSTEP =     2000   TIME(PS) =       4.000  TEMP(K) =   282.96  PRESS =     0.0
 Etot   =    -10865.1887  EKtot   =      1827.4858  EPtot      =    -12692.6745
 BOND   =         4.5909  ANGLE   =        12.5371  DIHED      =        12.3103
 1-4 NB =        12.5707  1-4 EEL =      -602.5340  VDWAALS    =      2344.6686
 EELEC  =    -14480.9886  EHBOND  =         0.0000  RESTRAINT  =         4.1704
 EAMBER (non-restraint)  =    -12696.8449
 Ewald error estimate:   0.1367E-03
 ------------------------------------------------------------------------------


 NSTEP =     2500   TIME(PS) =       5.000  TEMP(K) =   293.01  PRESS =     0.0
 Etot   =    -10866.8816  EKtot   =      1892.3731  EPtot      =    -12759.2547
 BOND   =         7.1383  ANGLE   =        14.1375  DIHED      =        12.8801
 1-4 NB =        12.4468  1-4 EEL =      -598.8135  VDWAALS    =      2316.2533
 EELEC  =    -14530.0371  EHBOND  =         0.0000  RESTRAINT  =         6.7399
 EAMBER (non-restraint)  =    -12765.9945
 Ewald error estimate:   0.5331E-04
 ------------------------------------------------------------------------------


 NSTEP =     3000   TIME(PS) =       6.000  TEMP(K) =   295.18  PRESS =     0.0
 Etot   =    -10692.7771  EKtot   =      1906.4146  EPtot      =    -12599.1917
 BOND   =        11.3063  ANGLE   =        13.9699  DIHED      =        17.0009
 1-4 NB =        11.0012  1-4 EEL =      -600.7220  VDWAALS    =      2240.7387
 EELEC  =    -14303.9422  EHBOND  =         0.0000  RESTRAINT  =        11.4555
 EAMBER (non-restraint)  =    -12610.6472
 Ewald error estimate:   0.2515E-03
 ------------------------------------------------------------------------------


 NSTEP =     3500   TIME(PS) =       7.000  TEMP(K) =   288.37  PRESS =     0.0
 Etot   =    -10772.8391  EKtot   =      1862.4173  EPtot      =    -12635.2564
 BOND   =         9.0931  ANGLE   =        16.4258  DIHED      =        17.7538
 1-4 NB =        12.0190  1-4 EEL =      -604.8454  VDWAALS    =      2302.1934
 EELEC  =    -14397.0687  EHBOND  =         0.0000  RESTRAINT  =         9.1725
 EAMBER (non-restraint)  =    -12644.4289
 Ewald error estimate:   0.9460E-04
 ------------------------------------------------------------------------------


 NSTEP =     4000   TIME(PS) =       8.000  TEMP(K) =   297.48  PRESS =     0.0
 Etot   =    -10764.6737  EKtot   =      1921.2296  EPtot      =    -12685.9033
 BOND   =         9.2460  ANGLE   =        17.9372  DIHED      =        15.4470
 1-4 NB =         9.6792  1-4 EEL =      -588.7628  VDWAALS    =      2301.0428
 EELEC  =    -14457.8736  EHBOND  =         0.0000  RESTRAINT  =         7.3809
 EAMBER (non-restraint)  =    -12693.2842
 Ewald error estimate:   0.2185E-03
 ------------------------------------------------------------------------------


 NSTEP =     4500   TIME(PS) =       9.000  TEMP(K) =   288.12  PRESS =     0.0
 Etot   =    -10755.7019  EKtot   =      1860.8017  EPtot      =    -12616.5036
 BOND   =         5.8845  ANGLE   =        13.2054  DIHED      =        15.7185
 1-4 NB =        11.9923  1-4 EEL =      -597.0252  VDWAALS    =      2332.4404
 EELEC  =    -14407.0001  EHBOND  =         0.0000  RESTRAINT  =         8.2805
 EAMBER (non-restraint)  =    -12624.7842
 Ewald error estimate:   0.2978E-03
 ------------------------------------------------------------------------------


 NSTEP =     5000   TIME(PS) =      10.000  TEMP(K) =   289.19  PRESS =     0.0
 Etot   =    -10757.7523  EKtot   =      1867.6790  EPtot      =    -12625.4313
 BOND   =         7.1710  ANGLE   =        11.9759  DIHED      =        14.7141
 1-4 NB =        11.6867  1-4 EEL =      -606.0903  VDWAALS    =      2365.2734
 EELEC  =    -14435.6882  EHBOND  =         0.0000  RESTRAINT  =         5.5260
 EAMBER (non-restraint)  =    -12630.9574
 Ewald error estimate:   0.3348E-03
 ------------------------------------------------------------------------------


 NSTEP =     5500   TIME(PS) =      11.000  TEMP(K) =   295.72  PRESS =     0.0
 Etot   =    -10683.5974  EKtot   =      1909.8417  EPtot      =    -12593.4392
 BOND   =         5.1567  ANGLE   =        14.5260  DIHED      =        14.4896
 1-4 NB =        10.1931  1-4 EEL =      -599.7206  VDWAALS    =      2282.1316
 EELEC  =    -14328.1190  EHBOND  =         0.0000  RESTRAINT  =         7.9034
 EAMBER (non-restraint)  =    -12601.3426
 Ewald error estimate:   0.6309E-03
 ------------------------------------------------------------------------------


 NSTEP =     6000   TIME(PS) =      12.000  TEMP(K) =   291.60  PRESS =     0.0
 Etot   =    -10692.4618  EKtot   =      1883.2425  EPtot      =    -12575.7043
 BOND   =         8.2524  ANGLE   =        14.5571  DIHED      =        14.2339
 1-4 NB =        11.0209  1-4 EEL =      -600.2728  VDWAALS    =      2135.8500
 EELEC  =    -14170.6978  EHBOND  =         0.0000  RESTRAINT  =        11.3519
 EAMBER (non-restraint)  =    -12587.0563
 Ewald error estimate:   0.4760E-03
 ------------------------------------------------------------------------------


 NSTEP =     6500   TIME(PS) =      13.000  TEMP(K) =   298.30  PRESS =     0.0
 Etot   =    -10675.5281  EKtot   =      1926.5398  EPtot      =    -12602.0679
 BOND   =         6.2068  ANGLE   =        15.8565  DIHED      =        17.2841
 1-4 NB =        12.4800  1-4 EEL =      -602.0719  VDWAALS    =      2289.3333
 EELEC  =    -14346.7595  EHBOND  =         0.0000  RESTRAINT  =         5.6029
 EAMBER (non-restraint)  =    -12607.6708
 Ewald error estimate:   0.8676E-04
 ------------------------------------------------------------------------------


 NSTEP =     7000   TIME(PS) =      14.000  TEMP(K) =   299.12  PRESS =     0.0
 Etot   =    -10728.5399  EKtot   =      1931.8097  EPtot      =    -12660.3496
 BOND   =         5.1692  ANGLE   =         7.9762  DIHED      =        16.1988
 1-4 NB =        13.0246  1-4 EEL =      -602.3104  VDWAALS    =      2345.0904
 EELEC  =    -14451.4802  EHBOND  =         0.0000  RESTRAINT  =         5.9817
 EAMBER (non-restraint)  =    -12666.3313
 Ewald error estimate:   0.1270E-03
 ------------------------------------------------------------------------------


 NSTEP =     7500   TIME(PS) =      15.000  TEMP(K) =   295.16  PRESS =     0.0
 Etot   =    -10762.6913  EKtot   =      1906.2564  EPtot      =    -12668.9477
 BOND   =         7.4328  ANGLE   =        17.1131  DIHED      =        14.7604
 1-4 NB =        12.4421  1-4 EEL =      -599.9061  VDWAALS    =      2309.2170
 EELEC  =    -14439.4779  EHBOND  =         0.0000  RESTRAINT  =         9.4708
 EAMBER (non-restraint)  =    -12678.4185
 Ewald error estimate:   0.1076E-03
 ------------------------------------------------------------------------------


 NSTEP =     8000   TIME(PS) =      16.000  TEMP(K) =   297.52  PRESS =     0.0
 Etot   =    -10688.9714  EKtot   =      1921.5046  EPtot      =    -12610.4759
 BOND   =         6.8705  ANGLE   =         9.9846  DIHED      =        14.1847
 1-4 NB =        11.9600  1-4 EEL =      -602.7886  VDWAALS    =      2310.5673
 EELEC  =    -14366.7967  EHBOND  =         0.0000  RESTRAINT  =         5.5424
 EAMBER (non-restraint)  =    -12616.0183
 Ewald error estimate:   0.7410E-04
 ------------------------------------------------------------------------------


 NSTEP =     8500   TIME(PS) =      17.000  TEMP(K) =   300.05  PRESS =     0.0
 Etot   =    -10680.1588  EKtot   =      1937.8349  EPtot      =    -12617.9937
 BOND   =         6.7925  ANGLE   =        10.6168  DIHED      =        15.9901
 1-4 NB =        11.0227  1-4 EEL =      -599.7084  VDWAALS    =      2291.1173
 EELEC  =    -14363.1481  EHBOND  =         0.0000  RESTRAINT  =         9.3234
 EAMBER (non-restraint)  =    -12627.3171
 Ewald error estimate:   0.4109E-03
 ------------------------------------------------------------------------------


 NSTEP =     9000   TIME(PS) =      18.000  TEMP(K) =   294.49  PRESS =     0.0
 Etot   =    -10686.8188  EKtot   =      1901.9010  EPtot      =    -12588.7198
 BOND   =         6.3793  ANGLE   =        14.6006  DIHED      =        16.1551
 1-4 NB =        10.3674  1-4 EEL =      -600.1010  VDWAALS    =      2281.0264
 EELEC  =    -14323.2250  EHBOND  =         0.0000  RESTRAINT  =         6.0774
 EAMBER (non-restraint)  =    -12594.7972
 Ewald error estimate:   0.2346E-04
 ------------------------------------------------------------------------------


 NSTEP =     9500   TIME(PS) =      19.000  TEMP(K) =   298.67  PRESS =     0.0
 Etot   =    -10703.4724  EKtot   =      1928.8931  EPtot      =    -12632.3656
 BOND   =         4.0678  ANGLE   =        16.9499  DIHED      =        14.0641
 1-4 NB =        11.5100  1-4 EEL =      -602.2441  VDWAALS    =      2335.6963
 EELEC  =    -14422.4149  EHBOND  =         0.0000  RESTRAINT  =        10.0052
 EAMBER (non-restraint)  =    -12642.3708
 Ewald error estimate:   0.7488E-04
 ------------------------------------------------------------------------------


 NSTEP =    10000   TIME(PS) =      20.000  TEMP(K) =   292.83  PRESS =     0.0
 Etot   =    -10713.8273  EKtot   =      1891.2372  EPtot      =    -12605.0645
 BOND   =         7.8275  ANGLE   =        15.9934  DIHED      =        15.5054
 1-4 NB =        12.5668  1-4 EEL =      -605.0142  VDWAALS    =      2363.5706
 EELEC  =    -14423.3751  EHBOND  =         0.0000  RESTRAINT  =         7.8610
 EAMBER (non-restraint)  =    -12612.9255
 Ewald error estimate:   0.1034E-03
 ------------------------------------------------------------------------------


      A V E R A G E S   O V E R      20 S T E P S


 NSTEP =    10000   TIME(PS) =      20.000  TEMP(K) =   290.06  PRESS =     0.0
 Etot   =    -10810.1066  EKtot   =      1873.3316  EPtot      =    -12683.4382
 BOND   =         7.2815  ANGLE   =        13.8037  DIHED      =        15.4508
 1-4 NB =        11.7070  1-4 EEL =      -600.8606  VDWAALS    =      2336.1333
 EELEC  =    -14474.5543  EHBOND  =         0.0000  RESTRAINT  =         7.6005
 EAMBER (non-restraint)  =    -12691.0386
 Ewald error estimate:   0.2088E-03
 ------------------------------------------------------------------------------


      R M S  F L U C T U A T I O N S


 NSTEP =    10000   TIME(PS) =      20.000  TEMP(K) =    12.62  PRESS =     0.0
 Etot   =       218.5122  EKtot   =        81.5046  EPtot      =       142.2477
 BOND   =         1.8289  ANGLE   =         2.5299  DIHED      =         1.5500
 1-4 NB =         0.8751  1-4 EEL =         3.6538  VDWAALS    =       107.0954
 EELEC  =       243.0007  EHBOND  =         0.0000  RESTRAINT  =         2.1463
 EAMBER (non-restraint)  =       140.1015
 Ewald error estimate:   0.1589E-03
 ------------------------------------------------------------------------------

--------------------------------------------------------------------------------
   5.  TIMINGS
--------------------------------------------------------------------------------

|  NonSetup CPU Time in Major Routines, Average for All Tasks:
|
|     Routine           Sec        %
|     ------------------------------
|     DataDistrib       1.91   10.07
|     Nonbond          15.96   83.99
|     Bond              0.03    0.14
|     Angle             0.03    0.18
|     Dihedral          0.05    0.26
|     Shake             0.13    0.67
|     RunMD             0.86    4.55
|     Other             0.03    0.14
|     ------------------------------
|     Total            19.00

|  PME Nonbond Pairlist CPU Time, Average for All Tasks:
|
|     Routine              Sec        %
|     ---------------------------------
|     Set Up Cit           0.06    0.30
|     Build List           1.95   10.24
|     ---------------------------------
|     Total                2.00   10.54

|  PME Direct Force CPU Time, Average for All Tasks:
|
|     Routine              Sec        %
|     ---------------------------------
|     NonBonded Calc      10.68   56.23
|     Exclude Masked       0.14    0.72
|     Other                0.48    2.55
|     ---------------------------------
|     Total               11.30   59.49

|  PME Reciprocal Force CPU Time, Average for All Tasks:
|
|     Routine              Sec        %
|     ---------------------------------
|     1D bspline           0.22    1.16
|     Grid Charges         0.24    1.27
|     Scalar Sum           0.21    1.11
|     Gradient Sum         0.42    2.20
|     FFT                  1.50    7.91
|     ---------------------------------
|     Total                2.59   13.65

|  PME Load Balancing CPU Time, Average for All Tasks:
|
|     Routine                 Sec        %
|     ------------------------------------
|     Atom Reassign           0.00    0.00
|     Image Reassign          0.00    0.01
|     FFT Reassign            0.00    0.00
|     ------------------------------------
|     Total                   0.00    0.01

|  Final Performance Info:
|     -----------------------------------------------------
|     Average timings for last   10000 steps:
|     Elapsed(s) =      19.01 Per Step(ms) =       1.90
|         ns/day =      90.91   seconds/ns =     950.42
|
|     Average timings for all steps:
|     Elapsed(s) =      19.01 Per Step(ms) =       1.90
|         ns/day =      90.91   seconds/ns =     950.42
|     -----------------------------------------------------

|  Master Setup CPU time:            0.03 seconds
|  Master NonSetup CPU time:        18.97 seconds
|  Master Total CPU time:           19.01 seconds     0.01 hours

|  Master Setup wall time:           0    seconds
|  Master NonSetup wall time:       19    seconds
|  Master Total wall time:          19    seconds     0.01 hours
