/ihome/lchong/dty7/bgfs-dty7/ff15ipq-lig/charges/gaff_01/GenConformers/Conf19
Running Conformation 19
removed ‘mdcrd’
mkdir: created directory ‘scratch’
IPolQ >> Sampling solvent charge density.

IPolQ >> Trimming charge cloud from 45360 atoms to 44431.
IPolQ >> Fitting shell charges.

IPolQ >> Shell charge fitting complete.
IPolQ >> Running vacuum phase quantum calculation with orca.
IPolQ >> Running solution phase quantum calculation with orca.
IPolQ >> Quantum and electrostatic potential calculations completed.
============================================================================
                               JOB STATISTICS                              
============================================================================
      SubmitTime: 2022-03-15T00:38:27
         EndTime: 2022-03-16T00:38:54
         RunTime: 07:08:51
           JobId: 5423841
            TRES: cpu=1,mem=8G,node=1
       Partition: smp
        NodeList: smp-n62
         Command: /bgfs/lchong/dty7/ff15ipq-lig/charges/gaff_01/GenConformers/Conf19/conf_19_mdgx_grid_gen.slurm
          StdOut: /bgfs/lchong/dty7/ff15ipq-lig/charges/gaff_01/GenConformers/Conf19/slurm_conf_19.out
More information:
    - `sacct -M smp -j 5423841 -S 2022-03-15T00:38:27 -E 2022-03-16T00:38:54`
   Print control:
    - List of all possible fields: `sacct --helpformat`
    - Add `--format=<field1,field2,etc>` with fields of interest
============================================================================
