Thu Mar 31 21:19:57 EDT 2022
	FOR PDB = mon : ITERATION = v01 : CONF = 1 : RUN NOT COMPLETE: RERUNNING
	FOR PDB = mon : ITERATION = v01 : CONF = 2 : RUN NOT COMPLETE: RERUNNING
	FOR PDB = mon : ITERATION = v01 : CONF = 3 : RUN NOT COMPLETE: RERUNNING
	FOR PDB = mon : ITERATION = v01 : CONF = 4 : RUN NOT COMPLETE: RERUNNING
	FOR PDB = mon : ITERATION = v01 : CONF = 5 : RUN NOT COMPLETE: RERUNNING
	FOR PDB = mon : ITERATION = v01 : CONF = 6 : RUN NOT COMPLETE: RERUNNING
	FOR PDB = mon : ITERATION = v01 : CONF = 7 : RUN NOT COMPLETE: RERUNNING
	FOR PDB = mon : ITERATION = v01 : CONF = 8 : RUN NOT COMPLETE: RERUNNING
	FOR PDB = mon : ITERATION = v01 : CONF = 9 : RUN NOT COMPLETE: RERUNNING
	FOR PDB = mon : ITERATION = v01 : CONF = 10 : RUN NOT COMPLETE: RERUNNING
	FOR PDB = mon : ITERATION = v01 : CONF = 11 : RUN NOT COMPLETE: RERUNNING
	FOR PDB = mon : ITERATION = v01 : CONF = 12 : RUN NOT COMPLETE: RERUNNING
	FOR PDB = mon : ITERATION = v01 : CONF = 13 : RUN NOT COMPLETE: RERUNNING
	FOR PDB = mon : ITERATION = v01 : CONF = 14 : RUN NOT COMPLETE: RERUNNING
	FOR PDB = mon : ITERATION = v01 : CONF = 15 : RUN NOT COMPLETE: RERUNNING
	FOR PDB = mon : ITERATION = v01 : CONF = 16 : RUN NOT COMPLETE: RERUNNING
	FOR PDB = mon : ITERATION = v01 : CONF = 17 : RUN NOT COMPLETE: RERUNNING
	FOR PDB = mon : ITERATION = v01 : CONF = 18 : RUN NOT COMPLETE: RERUNNING
	FOR PDB = mon : ITERATION = v01 : CONF = 19 : RUN NOT COMPLETE: RERUNNING
	FOR PDB = mon : ITERATION = v01 : CONF = 20 : RUN NOT COMPLETE: RERUNNING
	FOR PDB = mon : ITERATION = v01 : CONF = 21 : RUN NOT COMPLETE: RERUNNING
	FOR PDB = mon : ITERATION = v01 : CONF = 22 : RUN NOT COMPLETE: RERUNNING
	FOR PDB = mon : ITERATION = v01 : CONF = 23 : RUN NOT COMPLETE: RERUNNING
	FOR PDB = mon : ITERATION = v01 : CONF = 24 : RUN NOT COMPLETE: RERUNNING
FOR PDB = mon : ITERATION = v01 : CONF = 25 : INITIAL CONF NOT GENERATED: SKIPPING
FOR PDB = mon : ITERATION = v01 : CONF = 26 : INITIAL CONF NOT GENERATED: SKIPPING
FOR PDB = mon : ITERATION = v01 : CONF = 27 : INITIAL CONF NOT GENERATED: SKIPPING
FOR PDB = mon : ITERATION = v01 : CONF = 28 : INITIAL CONF NOT GENERATED: SKIPPING
FOR PDB = mon : ITERATION = v01 : CONF = 29 : INITIAL CONF NOT GENERATED: SKIPPING
FOR PDB = mon : ITERATION = v01 : CONF = 30 : INITIAL CONF NOT GENERATED: SKIPPING
FOR PDB = mon : ITERATION = v01 : CONF = 31 : INITIAL CONF NOT GENERATED: SKIPPING
	FOR PDB = mon : ITERATION = v01 : CONF = 32 : RUN NOT COMPLETE: RERUNNING
	FOR PDB = mon : ITERATION = v01 : CONF = 33 : RUN NOT COMPLETE: RERUNNING
	FOR PDB = mon : ITERATION = v01 : CONF = 34 : RUN NOT COMPLETE: RERUNNING
	FOR PDB = mon : ITERATION = v01 : CONF = 35 : RUN NOT COMPLETE: RERUNNING
	FOR PDB = mon : ITERATION = v01 : CONF = 36 : RUN NOT COMPLETE: RERUNNING
	FOR PDB = mon : ITERATION = v01 : CONF = 37 : RUN NOT COMPLETE: RERUNNING
	FOR PDB = mon : ITERATION = v01 : CONF = 38 : RUN NOT COMPLETE: RERUNNING
	FOR PDB = mon : ITERATION = v01 : CONF = 39 : RUN NOT COMPLETE: RERUNNING
	FOR PDB = mon : ITERATION = v01 : CONF = 40 : RUN NOT COMPLETE: RERUNNING
	FOR PDB = mon : ITERATION = v01 : CONF = 41 : RUN NOT COMPLETE: RERUNNING
	FOR PDB = mon : ITERATION = v01 : CONF = 42 : RUN NOT COMPLETE: RERUNNING
	FOR PDB = mon : ITERATION = v01 : CONF = 43 : RUN NOT COMPLETE: RERUNNING
	FOR PDB = mon : ITERATION = v01 : CONF = 44 : RUN NOT COMPLETE: RERUNNING
	FOR PDB = mon : ITERATION = v01 : CONF = 45 : RUN NOT COMPLETE: RERUNNING
	FOR PDB = mon : ITERATION = v01 : CONF = 46 : RUN NOT COMPLETE: RERUNNING
	FOR PDB = mon : ITERATION = v01 : CONF = 47 : RUN NOT COMPLETE: RERUNNING
	FOR PDB = mon : ITERATION = v01 : CONF = 48 : RUN NOT COMPLETE: RERUNNING
	FOR PDB = mon : ITERATION = v01 : CONF = 49 : RUN NOT COMPLETE: RERUNNING
	FOR PDB = mon : ITERATION = v01 : CONF = 50 : RUN NOT COMPLETE: RERUNNING
	FOR PDB = mon : ITERATION = v01 : CONF = 51 : RUN NOT COMPLETE: RERUNNING
	FOR PDB = mon : ITERATION = v01 : CONF = 52 : RUN NOT COMPLETE: RERUNNING
	FOR PDB = mon : ITERATION = v01 : CONF = 53 : RUN NOT COMPLETE: RERUNNING
	FOR PDB = mon : ITERATION = v01 : CONF = 54 : RUN NOT COMPLETE: RERUNNING
	FOR PDB = mon : ITERATION = v01 : CONF = 55 : RUN NOT COMPLETE: RERUNNING
	FOR PDB = mon : ITERATION = v01 : CONF = 56 : RUN NOT COMPLETE: RERUNNING
FOR PDB = mon : ITERATION = v01 : CONF = 57 : INITIAL CONF NOT GENERATED: SKIPPING
FOR PDB = mon : ITERATION = v01 : CONF = 58 : INITIAL CONF NOT GENERATED: SKIPPING
FOR PDB = mon : ITERATION = v01 : CONF = 59 : INITIAL CONF NOT GENERATED: SKIPPING
FOR PDB = mon : ITERATION = v01 : CONF = 60 : INITIAL CONF NOT GENERATED: SKIPPING
FOR PDB = mon : ITERATION = v01 : CONF = 61 : INITIAL CONF NOT GENERATED: SKIPPING
FOR PDB = mon : ITERATION = v01 : CONF = 62 : INITIAL CONF NOT GENERATED: SKIPPING
	FOR PDB = mon : ITERATION = v01 : CONF = 63 : RUN NOT COMPLETE: RERUNNING
	FOR PDB = mon : ITERATION = v01 : CONF = 64 : RUN NOT COMPLETE: RERUNNING
	FOR PDB = mon : ITERATION = v01 : CONF = 65 : RUN NOT COMPLETE: RERUNNING
	FOR PDB = mon : ITERATION = v01 : CONF = 66 : RUN NOT COMPLETE: RERUNNING
	FOR PDB = mon : ITERATION = v01 : CONF = 67 : RUN NOT COMPLETE: RERUNNING
	FOR PDB = mon : ITERATION = v01 : CONF = 68 : RUN NOT COMPLETE: RERUNNING
	FOR PDB = mon : ITERATION = v01 : CONF = 69 : RUN NOT COMPLETE: RERUNNING
	FOR PDB = mon : ITERATION = v01 : CONF = 70 : RUN NOT COMPLETE: RERUNNING
	FOR PDB = mon : ITERATION = v01 : CONF = 71 : RUN NOT COMPLETE: RERUNNING
	FOR PDB = mon : ITERATION = v01 : CONF = 72 : RUN NOT COMPLETE: RERUNNING
	FOR PDB = mon : ITERATION = v01 : CONF = 73 : RUN NOT COMPLETE: RERUNNING
	FOR PDB = mon : ITERATION = v01 : CONF = 74 : RUN NOT COMPLETE: RERUNNING
	FOR PDB = mon : ITERATION = v01 : CONF = 75 : RUN NOT COMPLETE: RERUNNING
	FOR PDB = mon : ITERATION = v01 : CONF = 76 : RUN NOT COMPLETE: RERUNNING
	FOR PDB = mon : ITERATION = v01 : CONF = 77 : RUN NOT COMPLETE: RERUNNING
	FOR PDB = mon : ITERATION = v01 : CONF = 78 : RUN NOT COMPLETE: RERUNNING
	FOR PDB = mon : ITERATION = v01 : CONF = 79 : RUN NOT COMPLETE: RERUNNING
	FOR PDB = mon : ITERATION = v01 : CONF = 80 : RUN NOT COMPLETE: RERUNNING
	FOR PDB = mon : ITERATION = v01 : CONF = 81 : RUN NOT COMPLETE: RERUNNING
	FOR PDB = mon : ITERATION = v01 : CONF = 82 : RUN NOT COMPLETE: RERUNNING
	FOR PDB = mon : ITERATION = v01 : CONF = 83 : RUN NOT COMPLETE: RERUNNING
	FOR PDB = mon : ITERATION = v01 : CONF = 84 : RUN NOT COMPLETE: RERUNNING
	FOR PDB = mon : ITERATION = v01 : CONF = 85 : RUN NOT COMPLETE: RERUNNING
	FOR PDB = mon : ITERATION = v01 : CONF = 86 : RUN NOT COMPLETE: RERUNNING
	FOR PDB = mon : ITERATION = v01 : CONF = 87 : RUN NOT COMPLETE: RERUNNING
	FOR PDB = mon : ITERATION = v01 : CONF = 88 : RUN NOT COMPLETE: RERUNNING
FOR PDB = mon : ITERATION = v01 : CONF = 89 : INITIAL CONF NOT GENERATED: SKIPPING
FOR PDB = mon : ITERATION = v01 : CONF = 90 : INITIAL CONF NOT GENERATED: SKIPPING
FOR PDB = mon : ITERATION = v01 : CONF = 91 : INITIAL CONF NOT GENERATED: SKIPPING
FOR PDB = mon : ITERATION = v01 : CONF = 92 : INITIAL CONF NOT GENERATED: SKIPPING
FOR PDB = mon : ITERATION = v01 : CONF = 93 : INITIAL CONF NOT GENERATED: SKIPPING
	FOR PDB = mon : ITERATION = v01 : CONF = 94 : RUN NOT COMPLETE: RERUNNING
	FOR PDB = mon : ITERATION = v01 : CONF = 95 : RUN NOT COMPLETE: RERUNNING
	FOR PDB = mon : ITERATION = v01 : CONF = 96 : RUN NOT COMPLETE: RERUNNING
	FOR PDB = mon : ITERATION = v01 : CONF = 97 : RUN NOT COMPLETE: RERUNNING
	FOR PDB = mon : ITERATION = v01 : CONF = 98 : RUN NOT COMPLETE: RERUNNING
	FOR PDB = mon : ITERATION = v01 : CONF = 99 : RUN NOT COMPLETE: RERUNNING
	FOR PDB = mon : ITERATION = v01 : CONF = 100 : RUN NOT COMPLETE: RERUNNING

TOTAL SKIPPED CONFORMATIONS = 0

------------------------------------------

