Thu Mar 31 21:19:58 EDT 2022
	FOR PDB = mon : ITERATION = v01 : CONF = 101 : RUN NOT COMPLETE: RERUNNING
	FOR PDB = mon : ITERATION = v01 : CONF = 102 : RUN NOT COMPLETE: RERUNNING
	FOR PDB = mon : ITERATION = v01 : CONF = 103 : RUN NOT COMPLETE: RERUNNING
	FOR PDB = mon : ITERATION = v01 : CONF = 104 : RUN NOT COMPLETE: RERUNNING
	FOR PDB = mon : ITERATION = v01 : CONF = 105 : RUN NOT COMPLETE: RERUNNING
	FOR PDB = mon : ITERATION = v01 : CONF = 106 : RUN NOT COMPLETE: RERUNNING
	FOR PDB = mon : ITERATION = v01 : CONF = 107 : RUN NOT COMPLETE: RERUNNING
	FOR PDB = mon : ITERATION = v01 : CONF = 108 : RUN NOT COMPLETE: RERUNNING
	FOR PDB = mon : ITERATION = v01 : CONF = 109 : RUN NOT COMPLETE: RERUNNING
	FOR PDB = mon : ITERATION = v01 : CONF = 110 : RUN NOT COMPLETE: RERUNNING
	FOR PDB = mon : ITERATION = v01 : CONF = 111 : RUN NOT COMPLETE: RERUNNING
	FOR PDB = mon : ITERATION = v01 : CONF = 112 : RUN NOT COMPLETE: RERUNNING
	FOR PDB = mon : ITERATION = v01 : CONF = 113 : RUN NOT COMPLETE: RERUNNING
	FOR PDB = mon : ITERATION = v01 : CONF = 114 : RUN NOT COMPLETE: RERUNNING
	FOR PDB = mon : ITERATION = v01 : CONF = 115 : RUN NOT COMPLETE: RERUNNING
	FOR PDB = mon : ITERATION = v01 : CONF = 116 : RUN NOT COMPLETE: RERUNNING
	FOR PDB = mon : ITERATION = v01 : CONF = 117 : RUN NOT COMPLETE: RERUNNING
	FOR PDB = mon : ITERATION = v01 : CONF = 118 : RUN NOT COMPLETE: RERUNNING
	FOR PDB = mon : ITERATION = v01 : CONF = 119 : RUN NOT COMPLETE: RERUNNING
	FOR PDB = mon : ITERATION = v01 : CONF = 120 : RUN NOT COMPLETE: RERUNNING
FOR PDB = mon : ITERATION = v01 : CONF = 121 : INITIAL CONF NOT GENERATED: SKIPPING
FOR PDB = mon : ITERATION = v01 : CONF = 122 : INITIAL CONF NOT GENERATED: SKIPPING
FOR PDB = mon : ITERATION = v01 : CONF = 123 : INITIAL CONF NOT GENERATED: SKIPPING
FOR PDB = mon : ITERATION = v01 : CONF = 124 : INITIAL CONF NOT GENERATED: SKIPPING
	FOR PDB = mon : ITERATION = v01 : CONF = 125 : RUN NOT COMPLETE: RERUNNING
	FOR PDB = mon : ITERATION = v01 : CONF = 126 : RUN NOT COMPLETE: RERUNNING
	FOR PDB = mon : ITERATION = v01 : CONF = 127 : RUN NOT COMPLETE: RERUNNING
	FOR PDB = mon : ITERATION = v01 : CONF = 128 : RUN NOT COMPLETE: RERUNNING
	FOR PDB = mon : ITERATION = v01 : CONF = 129 : RUN NOT COMPLETE: RERUNNING
	FOR PDB = mon : ITERATION = v01 : CONF = 130 : RUN NOT COMPLETE: RERUNNING
	FOR PDB = mon : ITERATION = v01 : CONF = 131 : RUN NOT COMPLETE: RERUNNING
	FOR PDB = mon : ITERATION = v01 : CONF = 132 : RUN NOT COMPLETE: RERUNNING
	FOR PDB = mon : ITERATION = v01 : CONF = 133 : RUN NOT COMPLETE: RERUNNING
	FOR PDB = mon : ITERATION = v01 : CONF = 134 : RUN NOT COMPLETE: RERUNNING
	FOR PDB = mon : ITERATION = v01 : CONF = 135 : RUN NOT COMPLETE: RERUNNING
	FOR PDB = mon : ITERATION = v01 : CONF = 136 : RUN NOT COMPLETE: RERUNNING
	FOR PDB = mon : ITERATION = v01 : CONF = 137 : RUN NOT COMPLETE: RERUNNING
	FOR PDB = mon : ITERATION = v01 : CONF = 138 : RUN NOT COMPLETE: RERUNNING
	FOR PDB = mon : ITERATION = v01 : CONF = 139 : RUN NOT COMPLETE: RERUNNING
	FOR PDB = mon : ITERATION = v01 : CONF = 140 : RUN NOT COMPLETE: RERUNNING
	FOR PDB = mon : ITERATION = v01 : CONF = 141 : RUN NOT COMPLETE: RERUNNING
	FOR PDB = mon : ITERATION = v01 : CONF = 142 : RUN NOT COMPLETE: RERUNNING
	FOR PDB = mon : ITERATION = v01 : CONF = 143 : RUN NOT COMPLETE: RERUNNING
	FOR PDB = mon : ITERATION = v01 : CONF = 144 : RUN NOT COMPLETE: RERUNNING
	FOR PDB = mon : ITERATION = v01 : CONF = 145 : RUN NOT COMPLETE: RERUNNING
	FOR PDB = mon : ITERATION = v01 : CONF = 146 : RUN NOT COMPLETE: RERUNNING
	FOR PDB = mon : ITERATION = v01 : CONF = 147 : RUN NOT COMPLETE: RERUNNING
	FOR PDB = mon : ITERATION = v01 : CONF = 148 : RUN NOT COMPLETE: RERUNNING
	FOR PDB = mon : ITERATION = v01 : CONF = 149 : RUN NOT COMPLETE: RERUNNING
	FOR PDB = mon : ITERATION = v01 : CONF = 150 : RUN NOT COMPLETE: RERUNNING
	FOR PDB = mon : ITERATION = v01 : CONF = 151 : RUN NOT COMPLETE: RERUNNING
	FOR PDB = mon : ITERATION = v01 : CONF = 152 : RUN NOT COMPLETE: RERUNNING
FOR PDB = mon : ITERATION = v01 : CONF = 153 : INITIAL CONF NOT GENERATED: SKIPPING
FOR PDB = mon : ITERATION = v01 : CONF = 154 : INITIAL CONF NOT GENERATED: SKIPPING
FOR PDB = mon : ITERATION = v01 : CONF = 155 : INITIAL CONF NOT GENERATED: SKIPPING
	FOR PDB = mon : ITERATION = v01 : CONF = 156 : RUN NOT COMPLETE: RERUNNING
	FOR PDB = mon : ITERATION = v01 : CONF = 157 : RUN NOT COMPLETE: RERUNNING
	FOR PDB = mon : ITERATION = v01 : CONF = 158 : RUN NOT COMPLETE: RERUNNING
	FOR PDB = mon : ITERATION = v01 : CONF = 159 : RUN NOT COMPLETE: RERUNNING
	FOR PDB = mon : ITERATION = v01 : CONF = 160 : RUN NOT COMPLETE: RERUNNING
	FOR PDB = mon : ITERATION = v01 : CONF = 161 : RUN NOT COMPLETE: RERUNNING
	FOR PDB = mon : ITERATION = v01 : CONF = 162 : RUN NOT COMPLETE: RERUNNING
	FOR PDB = mon : ITERATION = v01 : CONF = 163 : RUN NOT COMPLETE: RERUNNING
	FOR PDB = mon : ITERATION = v01 : CONF = 164 : RUN NOT COMPLETE: RERUNNING
	FOR PDB = mon : ITERATION = v01 : CONF = 165 : RUN NOT COMPLETE: RERUNNING
	FOR PDB = mon : ITERATION = v01 : CONF = 166 : RUN NOT COMPLETE: RERUNNING
	FOR PDB = mon : ITERATION = v01 : CONF = 167 : RUN NOT COMPLETE: RERUNNING
	FOR PDB = mon : ITERATION = v01 : CONF = 168 : RUN NOT COMPLETE: RERUNNING
	FOR PDB = mon : ITERATION = v01 : CONF = 169 : RUN NOT COMPLETE: RERUNNING
	FOR PDB = mon : ITERATION = v01 : CONF = 170 : RUN NOT COMPLETE: RERUNNING
	FOR PDB = mon : ITERATION = v01 : CONF = 171 : RUN NOT COMPLETE: RERUNNING
	FOR PDB = mon : ITERATION = v01 : CONF = 172 : RUN NOT COMPLETE: RERUNNING
	FOR PDB = mon : ITERATION = v01 : CONF = 173 : RUN NOT COMPLETE: RERUNNING
	FOR PDB = mon : ITERATION = v01 : CONF = 174 : RUN NOT COMPLETE: RERUNNING
	FOR PDB = mon : ITERATION = v01 : CONF = 175 : RUN NOT COMPLETE: RERUNNING
	FOR PDB = mon : ITERATION = v01 : CONF = 176 : RUN NOT COMPLETE: RERUNNING
	FOR PDB = mon : ITERATION = v01 : CONF = 177 : RUN NOT COMPLETE: RERUNNING
	FOR PDB = mon : ITERATION = v01 : CONF = 178 : RUN NOT COMPLETE: RERUNNING
	FOR PDB = mon : ITERATION = v01 : CONF = 179 : RUN NOT COMPLETE: RERUNNING
	FOR PDB = mon : ITERATION = v01 : CONF = 180 : RUN NOT COMPLETE: RERUNNING
	FOR PDB = mon : ITERATION = v01 : CONF = 181 : RUN NOT COMPLETE: RERUNNING
	FOR PDB = mon : ITERATION = v01 : CONF = 182 : RUN NOT COMPLETE: RERUNNING
	FOR PDB = mon : ITERATION = v01 : CONF = 183 : RUN NOT COMPLETE: RERUNNING
	FOR PDB = mon : ITERATION = v01 : CONF = 184 : RUN NOT COMPLETE: RERUNNING
	FOR PDB = mon : ITERATION = v01 : CONF = 185 : RUN NOT COMPLETE: RERUNNING
	FOR PDB = mon : ITERATION = v01 : CONF = 186 : RUN NOT COMPLETE: RERUNNING
	FOR PDB = mon : ITERATION = v01 : CONF = 187 : RUN NOT COMPLETE: RERUNNING
	FOR PDB = mon : ITERATION = v01 : CONF = 188 : RUN NOT COMPLETE: RERUNNING
	FOR PDB = mon : ITERATION = v01 : CONF = 189 : RUN NOT COMPLETE: RERUNNING
	FOR PDB = mon : ITERATION = v01 : CONF = 190 : RUN NOT COMPLETE: RERUNNING
	FOR PDB = mon : ITERATION = v01 : CONF = 191 : RUN NOT COMPLETE: RERUNNING
	FOR PDB = mon : ITERATION = v01 : CONF = 192 : RUN NOT COMPLETE: RERUNNING
	FOR PDB = mon : ITERATION = v01 : CONF = 193 : RUN NOT COMPLETE: RERUNNING
	FOR PDB = mon : ITERATION = v01 : CONF = 194 : RUN NOT COMPLETE: RERUNNING
	FOR PDB = mon : ITERATION = v01 : CONF = 195 : RUN NOT COMPLETE: RERUNNING
	FOR PDB = mon : ITERATION = v01 : CONF = 196 : RUN NOT COMPLETE: RERUNNING
	FOR PDB = mon : ITERATION = v01 : CONF = 197 : RUN NOT COMPLETE: RERUNNING
	FOR PDB = mon : ITERATION = v01 : CONF = 198 : RUN NOT COMPLETE: RERUNNING
	FOR PDB = mon : ITERATION = v01 : CONF = 199 : RUN NOT COMPLETE: RERUNNING
	FOR PDB = mon : ITERATION = v01 : CONF = 200 : RUN NOT COMPLETE: RERUNNING

TOTAL SKIPPED CONFORMATIONS = 0

------------------------------------------

