
          -------------------------------------------------------
          Amber 18 PMEMD                              2018
          -------------------------------------------------------

| PMEMD implementation of SANDER, Release 18

| Run on 03/09/2022 at 00:28:36

|   Executable path: pmemd.MPI
| Working directory: /bgfs/lchong/dty7/ff15ipq-lig/charges/v00/GenConformers/Conf3
|          Hostname: smp-n123

  [-O]verwriting output

File Assignments:
|   MDIN: ../../../amber/6.2_eq1.in                                             
|  MDOUT: 6.2_eq1.out                                                           
| INPCRD: 6.1_min.rst                                                           
|   PARM: ../../mon.top                                                         
| RESTRT: 6.2_eq1.rst                                                           
|   REFC: 6.1_min.rst                                                           
|  MDVEL: mdvel                                                                 
|   MDEN: mden                                                                  
|  MDCRD: mdcrd                                                                 
| MDINFO: mdinfo                                                                
|LOGFILE: logfile                                                               
|  MDFRC: mdfrc                                                                 

 
 Here is the input file:
 
&cntrl                                                                         
  imin      = 0,                                                               
  irest     = 0,                                                               
  ntx       = 1,                                                               
  ig        = -1,                                                              
  dt        = 0.002,                                                           
  nstlim    = 10000,                                                           
  nscm      = 500,                                                             
  ntr       = 1,                                                               
  restraintmask = ':1',                                                        
  restraint_wt  = 10.0,                                                        
  ntb       = 1,                                                               
  ntp       = 0,                                                               
  ntt       = 3,                                                               
  tempi     = 298.0,                                                           
  temp0     = 298.0,                                                           
  gamma_ln  = 1.0,                                                             
  ntf       = 2,                                                               
  ntc       = 2,                                                               
  cut       = 10.0,                                                            
  ntpr      = 500,                                                             
  ntxo      = 2,                                                               
  ntwr      = 10000,                                                           
  ioutfm    = 1,                                                               
  ntwx      = 500,                                                             
  iwrap     = 1,                                                               
&end                                                                           


Note: ig = -1. Setting random seed to   992420 based on wallclock time in
      microseconds and disabling the synchronization of random numbers 
      between tasks to improve performance.
| irandom = 1, using AMBER's internal random number generator (default).
 
 
| Conditional Compilation Defines Used:
| MPI
| FFTW_FFT
| BINTRAJ
| MKL
| EMIL
 
| Largest sphere to fit in unit cell has radius =    14.865

| New format PARM file being parsed.
| Version =    1.000 Date = 03/08/22 Time = 18:50:46

| Note: 1-4 EEL scale factors are being read from the topology file.

| Note: 1-4 VDW scale factors are being read from the topology file.
| Duplicated    0 dihedrals

| Duplicated    0 dihedrals

--------------------------------------------------------------------------------
   1.  RESOURCE   USE: 
--------------------------------------------------------------------------------

 getting box info from netcdf restart file
 NATOM  =    3240 NTYPES =      14 NBONH =    3220 MBONA  =      21
 NTHETH =      33 MTHETA =      29 NPHIH =      58 MPHIA  =      46
 NHPARM =       0 NPARM  =       0 NNB   =    4456 NRES   =    1069
 NBONA  =      21 NTHETA =      29 NPHIA =      46 NUMBND =      22
 NUMANG =      35 NPTRA  =      22 NATYP =      17 NPHB   =       1
 IFBOX  =       2 NMXRS  =      36 IFCAP =       0 NEXTRA =       0
 NCOPY  =       0

| Coordinate Index Table dimensions:     5    5    5
| Direct force subcell size =     7.2823    7.2823    7.2823

     BOX TYPE: TRUNCATED OCTAHEDRON

--------------------------------------------------------------------------------
   2.  CONTROL  DATA  FOR  THE  RUN
--------------------------------------------------------------------------------

MON                                                                             

General flags:
     imin    =       0, nmropt  =       0

Nature and format of input:
     ntx     =       1, irest   =       0, ntrx    =       1

Nature and format of output:
     ntxo    =       2, ntpr    =     500, ntrx    =       1, ntwr    =   10000
     iwrap   =       1, ntwx    =     500, ntwv    =       0, ntwe    =       0
     ioutfm  =       1, ntwprt  =       0, idecomp =       0, rbornstat=      0

Potential function:
     ntf     =       2, ntb     =       1, igb     =       0, nsnb    =      25
     ipol    =       0, gbsa    =       0, iesp    =       0
     dielc   =   1.00000, cut     =  10.00000, intdiel =   1.00000

Frozen or restrained atoms:
     ibelly  =       0, ntr     =       1
     restraint_wt =  10.00000

Molecular dynamics:
     nstlim  =     10000, nscm    =         0, nrespa  =         1
     t       =   0.00000, dt      =   0.00200, vlimit  =  20.00000

Langevin dynamics temperature regulation:
     ig      =  992420
     temp0   = 298.00000, tempi   = 298.00000, gamma_ln=   1.00000

SHAKE:
     ntc     =       2, jfastw  =       0
     tol     =   0.00001

| Intermolecular bonds treatment:
|     no_intermolecular_bonds =       1

| Energy averages sample interval:
|     ene_avg_sampling =     500

Ewald parameters:
     verbose =       0, ew_type =       0, nbflag  =       1, use_pme =       1
     vdwmeth =       1, eedmeth =       1, netfrc  =       1
     Box X =   36.411   Box Y =   36.411   Box Z =   36.411
     Alpha =  109.471   Beta  =  109.471   Gamma =  109.471
     NFFT1 =   40       NFFT2 =   40       NFFT3 =   40
     Cutoff=   10.000   Tol   =0.100E-04
     Ewald Coefficient =  0.27511
     Interpolation order =    4

| PMEMD ewald parallel performance parameters:
|     block_fft =    0
|     fft_blk_y_divisor =    2
|     excl_recip =    0
|     excl_master =    0
|     atm_redist_freq =  320

    LOADING THE CONSTRAINED ATOMS AS GROUPS


   5.  REFERENCE ATOM COORDINATES

  MON                                                                             
     Mask :1; matches    36 atoms

--------------------------------------------------------------------------------
   3.  ATOMIC COORDINATES AND VELOCITIES
--------------------------------------------------------------------------------

MON                                                                             
 begin time read from input coords =     0.000 ps

 
 Number of triangulated 3-point waters found:     1068

     Sum of charges from parm topology file =  -0.00200217
     Forcing neutrality...

| Dynamic Memory, Types Used:
| Reals             1198095
| Integers           209509

| Nonbonded Pairs Initial Allocation:      317358

| Running AMBER/MPI version on    8 MPI task

 
--------------------------------------------------------------------------------
   4.  RESULTS
--------------------------------------------------------------------------------

 ---------------------------------------------------
 APPROXIMATING switch and d/dx switch using CUBIC SPLINE INTERPOLATION
 using   5000.0 points per unit in tabled values
 TESTING RELATIVE ERROR over r ranging from 0.0 to cutoff
| CHECK switch(x): max rel err =   0.3316E-14   at   2.351880
| CHECK d/dx switch(x): max rel err =   0.8066E-11   at   2.747240
 ---------------------------------------------------
|---------------------------------------------------
| APPROXIMATING direct energy using CUBIC SPLINE INTERPOLATION
|  with   50.0 points per unit in tabled values
| Relative Error Limit not exceeded for r .gt.   2.34
| APPROXIMATING direct force using CUBIC SPLINE INTERPOLATION
|  with   50.0 points per unit in tabled values
| Relative Error Limit not exceeded for r .gt.   2.81
|---------------------------------------------------

 NSTEP =        0   TIME(PS) =       0.000  TEMP(K) =   444.56  PRESS =     0.0
 Etot   =    -14560.5887  EKtot   =      2871.1595  EPtot      =    -17431.7482
 BOND   =         0.8888  ANGLE   =         6.9206  DIHED      =        11.4760
 1-4 NB =        11.6957  1-4 EEL =      -246.7664  VDWAALS    =      3694.8187
 EELEC  =    -20910.7816  EHBOND  =         0.0000  RESTRAINT  =         0.0000
 Ewald error estimate:   0.3230E-03
 ------------------------------------------------------------------------------

wrapping first mol.:       24.27419       34.32889        0.00000

 NSTEP =      500   TIME(PS) =       1.000  TEMP(K) =   244.99  PRESS =     0.0
 Etot   =    -11264.8932  EKtot   =      1582.2529  EPtot      =    -12847.1460
 BOND   =         9.6889  ANGLE   =        15.1568  DIHED      =        14.0753
 1-4 NB =        11.7095  1-4 EEL =      -245.7579  VDWAALS    =      2445.3271
 EELEC  =    -15102.3673  EHBOND  =         0.0000  RESTRAINT  =         5.0215
 EAMBER (non-restraint)  =    -12852.1675
 Ewald error estimate:   0.2440E-03
 ------------------------------------------------------------------------------

wrapping first mol.:       24.27419       34.32889        0.00000

 NSTEP =     1000   TIME(PS) =       2.000  TEMP(K) =   273.87  PRESS =     0.0
 Etot   =    -10816.4460  EKtot   =      1768.7770  EPtot      =    -12585.2230
 BOND   =         4.5704  ANGLE   =        13.4463  DIHED      =        15.7534
 1-4 NB =        12.3001  1-4 EEL =      -248.2075  VDWAALS    =      2429.5877
 EELEC  =    -14818.9670  EHBOND  =         0.0000  RESTRAINT  =         6.2936
 EAMBER (non-restraint)  =    -12591.5166
 Ewald error estimate:   0.5177E-03
 ------------------------------------------------------------------------------

wrapping first mol.:       24.27419       34.32889        0.00000

 NSTEP =     1500   TIME(PS) =       3.000  TEMP(K) =   290.54  PRESS =     0.0
 Etot   =    -10601.9090  EKtot   =      1876.4442  EPtot      =    -12478.3532
 BOND   =         8.3987  ANGLE   =        23.1966  DIHED      =        14.8837
 1-4 NB =        11.6456  1-4 EEL =      -246.4907  VDWAALS    =      2368.7977
 EELEC  =    -14664.5318  EHBOND  =         0.0000  RESTRAINT  =         5.7471
 EAMBER (non-restraint)  =    -12484.1003
 Ewald error estimate:   0.1652E-03
 ------------------------------------------------------------------------------

wrapping first mol.:       24.27419       34.32889        0.00000

 NSTEP =     2000   TIME(PS) =       4.000  TEMP(K) =   294.04  PRESS =     0.0
 Etot   =    -10548.1263  EKtot   =      1899.0317  EPtot      =    -12447.1579
 BOND   =         9.9428  ANGLE   =        16.0990  DIHED      =        13.4073
 1-4 NB =        12.3015  1-4 EEL =      -247.4060  VDWAALS    =      2353.9671
 EELEC  =    -14611.5357  EHBOND  =         0.0000  RESTRAINT  =         6.0661
 EAMBER (non-restraint)  =    -12453.2240
 Ewald error estimate:   0.3082E-04
 ------------------------------------------------------------------------------

wrapping first mol.:       24.27419       34.32889        0.00000

 NSTEP =     2500   TIME(PS) =       5.000  TEMP(K) =   304.28  PRESS =     0.0
 Etot   =    -10418.1741  EKtot   =      1965.1595  EPtot      =    -12383.3336
 BOND   =         8.6459  ANGLE   =        18.1881  DIHED      =        15.8704
 1-4 NB =        11.8386  1-4 EEL =      -249.1906  VDWAALS    =      2336.2868
 EELEC  =    -14535.8814  EHBOND  =         0.0000  RESTRAINT  =        10.9085
 EAMBER (non-restraint)  =    -12394.2421
 Ewald error estimate:   0.2196E-03
 ------------------------------------------------------------------------------

wrapping first mol.:       24.27419       34.32889        0.00000

 NSTEP =     3000   TIME(PS) =       6.000  TEMP(K) =   300.41  PRESS =     0.0
 Etot   =    -10422.0999  EKtot   =      1940.1866  EPtot      =    -12362.2865
 BOND   =         7.3579  ANGLE   =        15.7604  DIHED      =        15.1875
 1-4 NB =        11.4045  1-4 EEL =      -245.0309  VDWAALS    =      2269.4176
 EELEC  =    -14447.4927  EHBOND  =         0.0000  RESTRAINT  =        11.1093
 EAMBER (non-restraint)  =    -12373.3957
 Ewald error estimate:   0.1110E-03
 ------------------------------------------------------------------------------

wrapping first mol.:       24.27419       34.32889        0.00000

 NSTEP =     3500   TIME(PS) =       7.000  TEMP(K) =   299.83  PRESS =     0.0
 Etot   =    -10376.7634  EKtot   =      1936.3833  EPtot      =    -12313.1467
 BOND   =         7.3727  ANGLE   =        17.1637  DIHED      =        15.7797
 1-4 NB =        13.4299  1-4 EEL =      -247.7827  VDWAALS    =      2391.8611
 EELEC  =    -14516.6690  EHBOND  =         0.0000  RESTRAINT  =         5.6979
 EAMBER (non-restraint)  =    -12318.8446
 Ewald error estimate:   0.9607E-04
 ------------------------------------------------------------------------------

wrapping first mol.:       24.27419       34.32889        0.00000

 NSTEP =     4000   TIME(PS) =       8.000  TEMP(K) =   297.23  PRESS =     0.0
 Etot   =    -10210.7208  EKtot   =      1919.6067  EPtot      =    -12130.3275
 BOND   =        11.2053  ANGLE   =        15.4947  DIHED      =        15.3691
 1-4 NB =        10.9020  1-4 EEL =      -244.0569  VDWAALS    =      2216.0003
 EELEC  =    -14159.9601  EHBOND  =         0.0000  RESTRAINT  =         4.7182
 EAMBER (non-restraint)  =    -12135.0456
 Ewald error estimate:   0.4293E-03
 ------------------------------------------------------------------------------

wrapping first mol.:       24.27419       34.32889        0.00000

 NSTEP =     4500   TIME(PS) =       9.000  TEMP(K) =   304.53  PRESS =     0.0
 Etot   =    -10238.8098  EKtot   =      1966.7526  EPtot      =    -12205.5624
 BOND   =         3.9526  ANGLE   =        19.1553  DIHED      =        15.0080
 1-4 NB =        12.7173  1-4 EEL =      -249.7673  VDWAALS    =      2220.1124
 EELEC  =    -14234.3875  EHBOND  =         0.0000  RESTRAINT  =         7.6469
 EAMBER (non-restraint)  =    -12213.2093
 Ewald error estimate:   0.6241E-04
 ------------------------------------------------------------------------------

wrapping first mol.:       24.27419       34.32889        0.00000

 NSTEP =     5000   TIME(PS) =      10.000  TEMP(K) =   310.28  PRESS =     0.0
 Etot   =    -10272.5110  EKtot   =      2003.8825  EPtot      =    -12276.3935
 BOND   =         6.2589  ANGLE   =        18.8993  DIHED      =        13.3212
 1-4 NB =        12.1956  1-4 EEL =      -246.7548  VDWAALS    =      2267.4840
 EELEC  =    -14354.4947  EHBOND  =         0.0000  RESTRAINT  =         6.6971
 EAMBER (non-restraint)  =    -12283.0906
 Ewald error estimate:   0.1888E-03
 ------------------------------------------------------------------------------

wrapping first mol.:       24.27419       34.32889        0.00000

 NSTEP =     5500   TIME(PS) =      11.000  TEMP(K) =   307.55  PRESS =     0.0
 Etot   =    -10257.6809  EKtot   =      1986.2917  EPtot      =    -12243.9726
 BOND   =         9.1537  ANGLE   =        12.6228  DIHED      =        13.4534
 1-4 NB =        12.3872  1-4 EEL =      -248.5748  VDWAALS    =      2191.7214
 EELEC  =    -14240.9748  EHBOND  =         0.0000  RESTRAINT  =         6.2384
 EAMBER (non-restraint)  =    -12250.2110
 Ewald error estimate:   0.5269E-05
 ------------------------------------------------------------------------------

wrapping first mol.:       24.27419       34.32889        0.00000

 NSTEP =     6000   TIME(PS) =      12.000  TEMP(K) =   299.42  PRESS =     0.0
 Etot   =    -10348.9004  EKtot   =      1933.7433  EPtot      =    -12282.6436
 BOND   =         2.9799  ANGLE   =        17.9269  DIHED      =        12.0405
 1-4 NB =        12.5952  1-4 EEL =      -243.8497  VDWAALS    =      2283.3414
 EELEC  =    -14375.4530  EHBOND  =         0.0000  RESTRAINT  =         7.7752
 EAMBER (non-restraint)  =    -12290.4188
 Ewald error estimate:   0.4920E-05
 ------------------------------------------------------------------------------

wrapping first mol.:       24.27419       34.32889        0.00000

 NSTEP =     6500   TIME(PS) =      13.000  TEMP(K) =   302.14  PRESS =     0.0
 Etot   =    -10330.7079  EKtot   =      1951.3597  EPtot      =    -12282.0676
 BOND   =         9.4257  ANGLE   =        12.5324  DIHED      =        13.3782
 1-4 NB =        12.5181  1-4 EEL =      -246.0071  VDWAALS    =      2200.0558
 EELEC  =    -14290.9206  EHBOND  =         0.0000  RESTRAINT  =         6.9499
 EAMBER (non-restraint)  =    -12289.0175
 Ewald error estimate:   0.7893E-04
 ------------------------------------------------------------------------------

wrapping first mol.:       24.27419       34.32889        0.00000

 NSTEP =     7000   TIME(PS) =      14.000  TEMP(K) =   299.58  PRESS =     0.0
 Etot   =    -10349.0803  EKtot   =      1934.7771  EPtot      =    -12283.8574
 BOND   =         5.6893  ANGLE   =        14.6699  DIHED      =        16.7892
 1-4 NB =        12.6086  1-4 EEL =      -245.8517  VDWAALS    =      2277.2250
 EELEC  =    -14376.9245  EHBOND  =         0.0000  RESTRAINT  =        11.9367
 EAMBER (non-restraint)  =    -12295.7941
 Ewald error estimate:   0.9631E-04
 ------------------------------------------------------------------------------

wrapping first mol.:       24.27419       34.32889        0.00000

 NSTEP =     7500   TIME(PS) =      15.000  TEMP(K) =   300.81  PRESS =     0.0
 Etot   =    -10406.3712  EKtot   =      1942.7163  EPtot      =    -12349.0875
 BOND   =        10.0338  ANGLE   =        16.9771  DIHED      =        13.6913
 1-4 NB =        10.0727  1-4 EEL =      -247.2277  VDWAALS    =      2261.4655
 EELEC  =    -14421.6477  EHBOND  =         0.0000  RESTRAINT  =         7.5476
 EAMBER (non-restraint)  =    -12356.6351
 Ewald error estimate:   0.1636E-03
 ------------------------------------------------------------------------------

wrapping first mol.:       24.27419       34.32889        0.00000

 NSTEP =     8000   TIME(PS) =      16.000  TEMP(K) =   297.21  PRESS =     0.0
 Etot   =    -10463.6352  EKtot   =      1919.5123  EPtot      =    -12383.1475
 BOND   =         7.3928  ANGLE   =        14.1750  DIHED      =        12.9239
 1-4 NB =        12.1179  1-4 EEL =      -243.9132  VDWAALS    =      2313.8622
 EELEC  =    -14506.0189  EHBOND  =         0.0000  RESTRAINT  =         6.3128
 EAMBER (non-restraint)  =    -12389.4603
 Ewald error estimate:   0.5980E-04
 ------------------------------------------------------------------------------

wrapping first mol.:       24.27419       34.32889        0.00000

 NSTEP =     8500   TIME(PS) =      17.000  TEMP(K) =   292.70  PRESS =     0.0
 Etot   =    -10471.2731  EKtot   =      1890.3484  EPtot      =    -12361.6215
 BOND   =         8.3895  ANGLE   =        18.8153  DIHED      =        12.8895
 1-4 NB =        11.2580  1-4 EEL =      -248.6228  VDWAALS    =      2278.7131
 EELEC  =    -14450.4969  EHBOND  =         0.0000  RESTRAINT  =         7.4329
 EAMBER (non-restraint)  =    -12369.0544
 Ewald error estimate:   0.1254E-04
 ------------------------------------------------------------------------------

wrapping first mol.:       24.27419       34.32889        0.00000

 NSTEP =     9000   TIME(PS) =      18.000  TEMP(K) =   297.62  PRESS =     0.0
 Etot   =    -10439.0751  EKtot   =      1922.1494  EPtot      =    -12361.2245
 BOND   =         8.7206  ANGLE   =        21.0318  DIHED      =        14.1483
 1-4 NB =        10.5157  1-4 EEL =      -246.2041  VDWAALS    =      2264.5917
 EELEC  =    -14441.1124  EHBOND  =         0.0000  RESTRAINT  =         7.0838
 EAMBER (non-restraint)  =    -12368.3083
 Ewald error estimate:   0.8978E-04
 ------------------------------------------------------------------------------

wrapping first mol.:       24.27419       34.32889        0.00000

 NSTEP =     9500   TIME(PS) =      19.000  TEMP(K) =   304.64  PRESS =     0.0
 Etot   =    -10378.1003  EKtot   =      1967.4823  EPtot      =    -12345.5826
 BOND   =         3.5910  ANGLE   =        17.5212  DIHED      =        15.1768
 1-4 NB =        13.6552  1-4 EEL =      -250.2396  VDWAALS    =      2310.6129
 EELEC  =    -14462.8438  EHBOND  =         0.0000  RESTRAINT  =         6.9437
 EAMBER (non-restraint)  =    -12352.5263
 Ewald error estimate:   0.3223E-03
 ------------------------------------------------------------------------------

wrapping first mol.:       24.27419       34.32889        0.00000
wrapping first mol.:       24.27419       34.32889        0.00000

 NSTEP =    10000   TIME(PS) =      20.000  TEMP(K) =   304.47  PRESS =     0.0
 Etot   =    -10356.7874  EKtot   =      1966.3680  EPtot      =    -12323.1554
 BOND   =         6.2555  ANGLE   =        13.4878  DIHED      =        14.5184
 1-4 NB =        11.3551  1-4 EEL =      -245.5816  VDWAALS    =      2344.0949
 EELEC  =    -14475.7020  EHBOND  =         0.0000  RESTRAINT  =         8.4166
 EAMBER (non-restraint)  =    -12331.5719
 Ewald error estimate:   0.4090E-04
 ------------------------------------------------------------------------------


      A V E R A G E S   O V E R      20 S T E P S


 NSTEP =    10000   TIME(PS) =      20.000  TEMP(K) =   296.31  PRESS =     0.0
 Etot   =    -10448.6033  EKtot   =      1913.6613  EPtot      =    -12362.2645
 BOND   =         7.4513  ANGLE   =        16.6160  DIHED      =        14.3833
 1-4 NB =        11.9764  1-4 EEL =      -246.8259  VDWAALS    =      2301.2263
 EELEC  =    -14474.4191  EHBOND  =         0.0000  RESTRAINT  =         7.3272
 EAMBER (non-restraint)  =    -12369.5917
 Ewald error estimate:   0.1470E-03
 ------------------------------------------------------------------------------


      R M S  F L U C T U A T I O N S


 NSTEP =    10000   TIME(PS) =      20.000  TEMP(K) =    13.94  PRESS =     0.0
 Etot   =       230.1799  EKtot   =        90.0006  EPtot      =       146.5291
 BOND   =         2.2913  ANGLE   =         2.7507  DIHED      =         1.2077
 1-4 NB =         0.8759  1-4 EEL =         1.8514  VDWAALS    =        70.2369
 EELEC  =       207.1489  EHBOND  =         0.0000  RESTRAINT  =         1.9081
 EAMBER (non-restraint)  =       144.6209
 Ewald error estimate:   0.1373E-03
 ------------------------------------------------------------------------------

--------------------------------------------------------------------------------
   5.  TIMINGS
--------------------------------------------------------------------------------

|  NonSetup CPU Time in Major Routines, Average for All Tasks:
|
|     Routine           Sec        %
|     ------------------------------
|     DataDistrib       1.93   10.28
|     Nonbond          15.73   83.70
|     Bond              0.03    0.15
|     Angle             0.04    0.19
|     Dihedral          0.05    0.29
|     Shake             0.13    0.67
|     RunMD             0.86    4.59
|     Other             0.03    0.14
|     ------------------------------
|     Total            18.79

|  PME Nonbond Pairlist CPU Time, Average for All Tasks:
|
|     Routine              Sec        %
|     ---------------------------------
|     Set Up Cit           0.06    0.30
|     Build List           1.94   10.32
|     ---------------------------------
|     Total                2.00   10.62

|  PME Direct Force CPU Time, Average for All Tasks:
|
|     Routine              Sec        %
|     ---------------------------------
|     NonBonded Calc      10.45   55.59
|     Exclude Masked       0.14    0.73
|     Other                0.49    2.62
|     ---------------------------------
|     Total               11.08   58.95

|  PME Reciprocal Force CPU Time, Average for All Tasks:
|
|     Routine              Sec        %
|     ---------------------------------
|     1D bspline           0.22    1.17
|     Grid Charges         0.24    1.29
|     Scalar Sum           0.21    1.13
|     Gradient Sum         0.42    2.23
|     FFT                  1.50    7.99
|     ---------------------------------
|     Total                2.59   13.81

|  PME Load Balancing CPU Time, Average for All Tasks:
|
|     Routine                 Sec        %
|     ------------------------------------
|     Atom Reassign           0.00    0.00
|     Image Reassign          0.00    0.01
|     FFT Reassign            0.00    0.00
|     ------------------------------------
|     Total                   0.00    0.02

|  Final Performance Info:
|     -----------------------------------------------------
|     Average timings for last   10000 steps:
|     Elapsed(s) =      18.80 Per Step(ms) =       1.88
|         ns/day =      91.91   seconds/ns =     940.01
|
|     Average timings for all steps:
|     Elapsed(s) =      18.80 Per Step(ms) =       1.88
|         ns/day =      91.91   seconds/ns =     940.01
|     -----------------------------------------------------

|  Master Setup CPU time:            0.03 seconds
|  Master NonSetup CPU time:        18.77 seconds
|  Master Total CPU time:           18.80 seconds     0.01 hours

|  Master Setup wall time:           0    seconds
|  Master NonSetup wall time:       19    seconds
|  Master Total wall time:          19    seconds     0.01 hours
