
          -------------------------------------------------------
          Amber 18 PMEMD                              2018
          -------------------------------------------------------

| PMEMD implementation of SANDER, Release 18

| Run on 03/23/2022 at 17:51:58

|   Executable path: pmemd.MPI
| Working directory: /bgfs/lchong/dty7/ff15ipq-lig/charges/gaff_02/GenConformers/Conf4
|          Hostname: smp-n123

  [-O]verwriting output

File Assignments:
|   MDIN: ../../../amber/6.2_eq1.in                                             
|  MDOUT: 6.2_eq1.out                                                           
| INPCRD: 6.1_min.rst                                                           
|   PARM: ../../mon.top                                                         
| RESTRT: 6.2_eq1.rst                                                           
|   REFC: 6.1_min.rst                                                           
|  MDVEL: mdvel                                                                 
|   MDEN: mden                                                                  
|  MDCRD: mdcrd                                                                 
| MDINFO: mdinfo                                                                
|LOGFILE: logfile                                                               
|  MDFRC: mdfrc                                                                 

 
 Here is the input file:
 
&cntrl                                                                         
  imin      = 0,                                                               
  irest     = 0,                                                               
  ntx       = 1,                                                               
  ig        = -1,                                                              
  dt        = 0.002,                                                           
  nstlim    = 10000,                                                           
  nscm      = 500,                                                             
  ntr       = 1,                                                               
  restraintmask = ':1',                                                        
  restraint_wt  = 10.0,                                                        
  ntb       = 1,                                                               
  ntp       = 0,                                                               
  ntt       = 3,                                                               
  tempi     = 298.0,                                                           
  temp0     = 298.0,                                                           
  gamma_ln  = 1.0,                                                             
  ntf       = 2,                                                               
  ntc       = 2,                                                               
  cut       = 10.0,                                                            
  ntpr      = 500,                                                             
  ntxo      = 2,                                                               
  ntwr      = 10000,                                                           
  ioutfm    = 1,                                                               
  ntwx      = 500,                                                             
  iwrap     = 1,                                                               
&end                                                                           


Note: ig = -1. Setting random seed to   977143 based on wallclock time in
      microseconds and disabling the synchronization of random numbers 
      between tasks to improve performance.
| irandom = 1, using AMBER's internal random number generator (default).
 
 
| Conditional Compilation Defines Used:
| MPI
| FFTW_FFT
| BINTRAJ
| MKL
| EMIL
 
| Largest sphere to fit in unit cell has radius =    14.912

| New format PARM file being parsed.
| Version =    1.000 Date = 03/23/22 Time = 14:37:26

| Note: 1-4 EEL scale factors are being read from the topology file.

| Note: 1-4 VDW scale factors are being read from the topology file.
| Duplicated    0 dihedrals

| Duplicated    0 dihedrals

--------------------------------------------------------------------------------
   1.  RESOURCE   USE: 
--------------------------------------------------------------------------------

 getting box info from netcdf restart file
 NATOM  =    3240 NTYPES =      13 NBONH =    3220 MBONA  =      21
 NTHETH =      33 MTHETA =      29 NPHIH =      60 MPHIA  =      45
 NHPARM =       0 NPARM  =       0 NNB   =    4456 NRES   =    1069
 NBONA  =      21 NTHETA =      29 NPHIA =      45 NUMBND =      22
 NUMANG =      35 NPTRA  =      18 NATYP =      17 NPHB   =       0
 IFBOX  =       2 NMXRS  =      36 IFCAP =       0 NEXTRA =       0
 NCOPY  =       0

| Coordinate Index Table dimensions:     5    5    5
| Direct force subcell size =     7.3053    7.3053    7.3053

     BOX TYPE: TRUNCATED OCTAHEDRON

--------------------------------------------------------------------------------
   2.  CONTROL  DATA  FOR  THE  RUN
--------------------------------------------------------------------------------

default_name                                                                    

General flags:
     imin    =       0, nmropt  =       0

Nature and format of input:
     ntx     =       1, irest   =       0, ntrx    =       1

Nature and format of output:
     ntxo    =       2, ntpr    =     500, ntrx    =       1, ntwr    =   10000
     iwrap   =       1, ntwx    =     500, ntwv    =       0, ntwe    =       0
     ioutfm  =       1, ntwprt  =       0, idecomp =       0, rbornstat=      0

Potential function:
     ntf     =       2, ntb     =       1, igb     =       0, nsnb    =      25
     ipol    =       0, gbsa    =       0, iesp    =       0
     dielc   =   1.00000, cut     =  10.00000, intdiel =   1.00000

Frozen or restrained atoms:
     ibelly  =       0, ntr     =       1
     restraint_wt =  10.00000

Molecular dynamics:
     nstlim  =     10000, nscm    =         0, nrespa  =         1
     t       =   0.00000, dt      =   0.00200, vlimit  =  20.00000

Langevin dynamics temperature regulation:
     ig      =  977143
     temp0   = 298.00000, tempi   = 298.00000, gamma_ln=   1.00000

SHAKE:
     ntc     =       2, jfastw  =       0
     tol     =   0.00001

| Intermolecular bonds treatment:
|     no_intermolecular_bonds =       1

| Energy averages sample interval:
|     ene_avg_sampling =     500

Ewald parameters:
     verbose =       0, ew_type =       0, nbflag  =       1, use_pme =       1
     vdwmeth =       1, eedmeth =       1, netfrc  =       1
     Box X =   36.526   Box Y =   36.526   Box Z =   36.526
     Alpha =  109.471   Beta  =  109.471   Gamma =  109.471
     NFFT1 =   40       NFFT2 =   40       NFFT3 =   40
     Cutoff=   10.000   Tol   =0.100E-04
     Ewald Coefficient =  0.27511
     Interpolation order =    4

| PMEMD ewald parallel performance parameters:
|     block_fft =    0
|     fft_blk_y_divisor =    2
|     excl_recip =    0
|     excl_master =    0
|     atm_redist_freq =  320

    LOADING THE CONSTRAINED ATOMS AS GROUPS


   5.  REFERENCE ATOM COORDINATES

  default_name                                                                    
     Mask :1; matches    36 atoms

--------------------------------------------------------------------------------
   3.  ATOMIC COORDINATES AND VELOCITIES
--------------------------------------------------------------------------------

default_name                                                                    
 begin time read from input coords =     0.000 ps

 
 Number of triangulated 3-point waters found:     1068

     Sum of charges from parm topology file =  -0.00010118
     Forcing neutrality...

| Dynamic Memory, Types Used:
| Reals             1198019
| Integers           209528

| Nonbonded Pairs Initial Allocation:      317358

| Running AMBER/MPI version on    8 MPI task

 
--------------------------------------------------------------------------------
   4.  RESULTS
--------------------------------------------------------------------------------

 ---------------------------------------------------
 APPROXIMATING switch and d/dx switch using CUBIC SPLINE INTERPOLATION
 using   5000.0 points per unit in tabled values
 TESTING RELATIVE ERROR over r ranging from 0.0 to cutoff
| CHECK switch(x): max rel err =   0.3316E-14   at   2.351880
| CHECK d/dx switch(x): max rel err =   0.8066E-11   at   2.747240
 ---------------------------------------------------
|---------------------------------------------------
| APPROXIMATING direct energy using CUBIC SPLINE INTERPOLATION
|  with   50.0 points per unit in tabled values
| Relative Error Limit not exceeded for r .gt.   2.34
| APPROXIMATING direct force using CUBIC SPLINE INTERPOLATION
|  with   50.0 points per unit in tabled values
| Relative Error Limit not exceeded for r .gt.   2.81
|---------------------------------------------------

 NSTEP =        0   TIME(PS) =       0.000  TEMP(K) =   451.06  PRESS =     0.0
 Etot   =    -14743.6868  EKtot   =      2913.1454  EPtot      =    -17656.8321
 BOND   =         1.5169  ANGLE   =         3.5168  DIHED      =        14.2135
 1-4 NB =        11.5957  1-4 EEL =      -666.6953  VDWAALS    =      3633.1416
 EELEC  =    -20654.1214  EHBOND  =         0.0000  RESTRAINT  =         0.0000
 Ewald error estimate:   0.4459E-03
 ------------------------------------------------------------------------------


 NSTEP =      500   TIME(PS) =       1.000  TEMP(K) =   240.60  PRESS =     0.0
 Etot   =    -11612.7291  EKtot   =      1553.8648  EPtot      =    -13166.5939
 BOND   =         8.5093  ANGLE   =        14.2138  DIHED      =        14.9164
 1-4 NB =        12.5028  1-4 EEL =      -673.3808  VDWAALS    =      2552.9765
 EELEC  =    -15105.1560  EHBOND  =         0.0000  RESTRAINT  =         8.8240
 EAMBER (non-restraint)  =    -13175.4179
 Ewald error estimate:   0.1744E-03
 ------------------------------------------------------------------------------


 NSTEP =     1000   TIME(PS) =       2.000  TEMP(K) =   266.10  PRESS =     0.0
 Etot   =    -11197.7124  EKtot   =      1718.5917  EPtot      =    -12916.3041
 BOND   =        10.5932  ANGLE   =        13.3965  DIHED      =        15.2921
 1-4 NB =        11.0649  1-4 EEL =      -662.8913  VDWAALS    =      2362.9036
 EELEC  =    -14673.7454  EHBOND  =         0.0000  RESTRAINT  =         7.0823
 EAMBER (non-restraint)  =    -12923.3864
 Ewald error estimate:   0.1268E-03
 ------------------------------------------------------------------------------


 NSTEP =     1500   TIME(PS) =       3.000  TEMP(K) =   285.22  PRESS =     0.0
 Etot   =    -10830.9907  EKtot   =      1842.0418  EPtot      =    -12673.0325
 BOND   =         8.1536  ANGLE   =        10.8193  DIHED      =        18.7554
 1-4 NB =         9.7513  1-4 EEL =      -664.0406  VDWAALS    =      2288.4408
 EELEC  =    -14351.6325  EHBOND  =         0.0000  RESTRAINT  =         6.7201
 EAMBER (non-restraint)  =    -12679.7526
 Ewald error estimate:   0.5059E-04
 ------------------------------------------------------------------------------


 NSTEP =     2000   TIME(PS) =       4.000  TEMP(K) =   284.22  PRESS =     0.0
 Etot   =    -10801.3109  EKtot   =      1835.6166  EPtot      =    -12636.9275
 BOND   =         7.5993  ANGLE   =        13.1764  DIHED      =        16.0805
 1-4 NB =        11.7657  1-4 EEL =      -669.0237  VDWAALS    =      2167.1840
 EELEC  =    -14194.1666  EHBOND  =         0.0000  RESTRAINT  =        10.4568
 EAMBER (non-restraint)  =    -12647.3843
 Ewald error estimate:   0.6819E-04
 ------------------------------------------------------------------------------


 NSTEP =     2500   TIME(PS) =       5.000  TEMP(K) =   297.09  PRESS =     0.0
 Etot   =    -10655.9602  EKtot   =      1918.6944  EPtot      =    -12574.6545
 BOND   =         5.3293  ANGLE   =        13.8280  DIHED      =        15.8241
 1-4 NB =        12.9171  1-4 EEL =      -666.5075  VDWAALS    =      2181.5325
 EELEC  =    -14144.8779  EHBOND  =         0.0000  RESTRAINT  =         7.2999
 EAMBER (non-restraint)  =    -12581.9544
 Ewald error estimate:   0.1477E-03
 ------------------------------------------------------------------------------


 NSTEP =     3000   TIME(PS) =       6.000  TEMP(K) =   298.64  PRESS =     0.0
 Etot   =    -10668.3538  EKtot   =      1928.7574  EPtot      =    -12597.1112
 BOND   =         4.8555  ANGLE   =        14.7292  DIHED      =        17.2450
 1-4 NB =        10.8534  1-4 EEL =      -662.8281  VDWAALS    =      2368.4525
 EELEC  =    -14357.1608  EHBOND  =         0.0000  RESTRAINT  =         6.7420
 EAMBER (non-restraint)  =    -12603.8532
 Ewald error estimate:   0.9950E-04
 ------------------------------------------------------------------------------


 NSTEP =     3500   TIME(PS) =       7.000  TEMP(K) =   294.03  PRESS =     0.0
 Etot   =    -10609.9201  EKtot   =      1898.9571  EPtot      =    -12508.8772
 BOND   =         6.4529  ANGLE   =        14.6178  DIHED      =        16.7106
 1-4 NB =        12.1073  1-4 EEL =      -667.2749  VDWAALS    =      2201.1110
 EELEC  =    -14103.6912  EHBOND  =         0.0000  RESTRAINT  =        11.0894
 EAMBER (non-restraint)  =    -12519.9666
 Ewald error estimate:   0.6908E-04
 ------------------------------------------------------------------------------


 NSTEP =     4000   TIME(PS) =       8.000  TEMP(K) =   304.76  PRESS =     0.0
 Etot   =    -10648.4226  EKtot   =      1968.2716  EPtot      =    -12616.6942
 BOND   =         5.3701  ANGLE   =        17.3933  DIHED      =        16.4193
 1-4 NB =        12.7642  1-4 EEL =      -673.3423  VDWAALS    =      2234.5330
 EELEC  =    -14239.6316  EHBOND  =         0.0000  RESTRAINT  =         9.7998
 EAMBER (non-restraint)  =    -12626.4940
 Ewald error estimate:   0.7049E-04
 ------------------------------------------------------------------------------


 NSTEP =     4500   TIME(PS) =       9.000  TEMP(K) =   297.69  PRESS =     0.0
 Etot   =    -10631.3678  EKtot   =      1922.5951  EPtot      =    -12553.9629
 BOND   =         5.4303  ANGLE   =        12.8681  DIHED      =        17.7323
 1-4 NB =        12.5570  1-4 EEL =      -670.3898  VDWAALS    =      2255.4253
 EELEC  =    -14196.7144  EHBOND  =         0.0000  RESTRAINT  =         9.1284
 EAMBER (non-restraint)  =    -12563.0912
 Ewald error estimate:   0.7466E-04
 ------------------------------------------------------------------------------


 NSTEP =     5000   TIME(PS) =      10.000  TEMP(K) =   300.71  PRESS =     0.0
 Etot   =    -10638.4623  EKtot   =      1942.1092  EPtot      =    -12580.5715
 BOND   =        11.5254  ANGLE   =        10.8546  DIHED      =        18.9069
 1-4 NB =        13.9333  1-4 EEL =      -670.6378  VDWAALS    =      2240.0807
 EELEC  =    -14211.4072  EHBOND  =         0.0000  RESTRAINT  =         6.1728
 EAMBER (non-restraint)  =    -12586.7443
 Ewald error estimate:   0.1965E-04
 ------------------------------------------------------------------------------


 NSTEP =     5500   TIME(PS) =      11.000  TEMP(K) =   299.17  PRESS =     0.0
 Etot   =    -10600.9262  EKtot   =      1932.1690  EPtot      =    -12533.0952
 BOND   =        12.2701  ANGLE   =        14.1924  DIHED      =        22.0917
 1-4 NB =        10.1192  1-4 EEL =      -658.3272  VDWAALS    =      2243.4963
 EELEC  =    -14187.2150  EHBOND  =         0.0000  RESTRAINT  =        10.2773
 EAMBER (non-restraint)  =    -12543.3725
 Ewald error estimate:   0.1276E-03
 ------------------------------------------------------------------------------


 NSTEP =     6000   TIME(PS) =      12.000  TEMP(K) =   299.11  PRESS =     0.0
 Etot   =    -10618.3098  EKtot   =      1931.7723  EPtot      =    -12550.0821
 BOND   =         9.9261  ANGLE   =        12.8575  DIHED      =        16.2952
 1-4 NB =        12.3126  1-4 EEL =      -669.4420  VDWAALS    =      2272.0671
 EELEC  =    -14214.7343  EHBOND  =         0.0000  RESTRAINT  =        10.6358
 EAMBER (non-restraint)  =    -12560.7179
 Ewald error estimate:   0.1103E-03
 ------------------------------------------------------------------------------


 NSTEP =     6500   TIME(PS) =      13.000  TEMP(K) =   300.62  PRESS =     0.0
 Etot   =    -10662.1666  EKtot   =      1941.5261  EPtot      =    -12603.6927
 BOND   =         6.6545  ANGLE   =        13.0327  DIHED      =        18.8429
 1-4 NB =        10.6495  1-4 EEL =      -664.6495  VDWAALS    =      2213.9192
 EELEC  =    -14212.7079  EHBOND  =         0.0000  RESTRAINT  =        10.5658
 EAMBER (non-restraint)  =    -12614.2585
 Ewald error estimate:   0.2184E-04
 ------------------------------------------------------------------------------


 NSTEP =     7000   TIME(PS) =      14.000  TEMP(K) =   306.43  PRESS =     0.0
 Etot   =    -10605.6629  EKtot   =      1979.0197  EPtot      =    -12584.6826
 BOND   =         7.2731  ANGLE   =         8.7803  DIHED      =        17.7643
 1-4 NB =        10.7575  1-4 EEL =      -662.7082  VDWAALS    =      2286.9206
 EELEC  =    -14261.0216  EHBOND  =         0.0000  RESTRAINT  =         7.5514
 EAMBER (non-restraint)  =    -12592.2341
 Ewald error estimate:   0.1595E-03
 ------------------------------------------------------------------------------


 NSTEP =     7500   TIME(PS) =      15.000  TEMP(K) =   294.36  PRESS =     0.0
 Etot   =    -10562.5995  EKtot   =      1901.0560  EPtot      =    -12463.6555
 BOND   =         6.4410  ANGLE   =        11.1945  DIHED      =        15.3333
 1-4 NB =        11.2273  1-4 EEL =      -666.7463  VDWAALS    =      2292.8456
 EELEC  =    -14140.6894  EHBOND  =         0.0000  RESTRAINT  =         6.7386
 EAMBER (non-restraint)  =    -12470.3941
 Ewald error estimate:   0.8623E-04
 ------------------------------------------------------------------------------


 NSTEP =     8000   TIME(PS) =      16.000  TEMP(K) =   298.10  PRESS =     0.0
 Etot   =    -10617.3747  EKtot   =      1925.2252  EPtot      =    -12542.5999
 BOND   =         6.1945  ANGLE   =        16.3315  DIHED      =        15.1367
 1-4 NB =        12.7090  1-4 EEL =      -665.6938  VDWAALS    =      2196.7781
 EELEC  =    -14134.1605  EHBOND  =         0.0000  RESTRAINT  =        10.1046
 EAMBER (non-restraint)  =    -12552.7045
 Ewald error estimate:   0.6590E-04
 ------------------------------------------------------------------------------


 NSTEP =     8500   TIME(PS) =      17.000  TEMP(K) =   300.82  PRESS =     0.0
 Etot   =    -10633.1504  EKtot   =      1942.7996  EPtot      =    -12575.9500
 BOND   =         7.0350  ANGLE   =        11.8015  DIHED      =        16.7018
 1-4 NB =        12.4331  1-4 EEL =      -665.2063  VDWAALS    =      2225.8067
 EELEC  =    -14192.2100  EHBOND  =         0.0000  RESTRAINT  =         7.6881
 EAMBER (non-restraint)  =    -12583.6381
 Ewald error estimate:   0.3624E-04
 ------------------------------------------------------------------------------


 NSTEP =     9000   TIME(PS) =      18.000  TEMP(K) =   303.70  PRESS =     0.0
 Etot   =    -10600.0405  EKtot   =      1961.4102  EPtot      =    -12561.4508
 BOND   =         8.9153  ANGLE   =        11.2165  DIHED      =        18.6431
 1-4 NB =        12.3835  1-4 EEL =      -663.2839  VDWAALS    =      2340.3865
 EELEC  =    -14298.5097  EHBOND  =         0.0000  RESTRAINT  =         8.7980
 EAMBER (non-restraint)  =    -12570.2488
 Ewald error estimate:   0.1943E-03
 ------------------------------------------------------------------------------


 NSTEP =     9500   TIME(PS) =      19.000  TEMP(K) =   300.62  PRESS =     0.0
 Etot   =    -10672.2867  EKtot   =      1941.4968  EPtot      =    -12613.7835
 BOND   =         3.7954  ANGLE   =        12.6934  DIHED      =        17.3998
 1-4 NB =        12.4827  1-4 EEL =      -668.3697  VDWAALS    =      2355.7783
 EELEC  =    -14356.0732  EHBOND  =         0.0000  RESTRAINT  =         8.5097
 EAMBER (non-restraint)  =    -12622.2932
 Ewald error estimate:   0.4633E-04
 ------------------------------------------------------------------------------


 NSTEP =    10000   TIME(PS) =      20.000  TEMP(K) =   297.19  PRESS =     0.0
 Etot   =    -10602.0753  EKtot   =      1919.3487  EPtot      =    -12521.4240
 BOND   =        13.3039  ANGLE   =        17.4304  DIHED      =        15.4613
 1-4 NB =        13.7914  1-4 EEL =      -668.9583  VDWAALS    =      2285.6958
 EELEC  =    -14208.3141  EHBOND  =         0.0000  RESTRAINT  =        10.1655
 EAMBER (non-restraint)  =    -12531.5895
 Ewald error estimate:   0.3805E-03
 ------------------------------------------------------------------------------


      A V E R A G E S   O V E R      20 S T E P S


 NSTEP =    10000   TIME(PS) =      20.000  TEMP(K) =   293.46  PRESS =     0.0
 Etot   =    -10723.4911  EKtot   =      1895.2662  EPtot      =    -12618.7573
 BOND   =         7.7814  ANGLE   =        13.2714  DIHED      =        17.0776
 1-4 NB =        11.9541  1-4 EEL =      -666.6851  VDWAALS    =      2278.3167
 EELEC  =    -14289.1910  EHBOND  =         0.0000  RESTRAINT  =         8.7175
 EAMBER (non-restraint)  =    -12627.4748
 Ewald error estimate:   0.1065E-03
 ------------------------------------------------------------------------------


      R M S  F L U C T U A T I O N S


 NSTEP =    10000   TIME(PS) =      20.000  TEMP(K) =    14.94  PRESS =     0.0
 Etot   =       244.6154  EKtot   =        96.5004  EPtot      =       153.2966
 BOND   =         2.5409  ANGLE   =         2.1576  DIHED      =         1.7186
 1-4 NB =         1.1152  1-4 EEL =         3.7468  VDWAALS    =        85.8482
 EELEC  =       222.7896  EHBOND  =         0.0000  RESTRAINT  =         1.5651
 EAMBER (non-restraint)  =       151.7315
 Ewald error estimate:   0.7951E-04
 ------------------------------------------------------------------------------

--------------------------------------------------------------------------------
   5.  TIMINGS
--------------------------------------------------------------------------------

|  NonSetup CPU Time in Major Routines, Average for All Tasks:
|
|     Routine           Sec        %
|     ------------------------------
|     DataDistrib       2.02   10.77
|     Nonbond          15.62   83.22
|     Bond              0.03    0.15
|     Angle             0.03    0.19
|     Dihedral          0.05    0.27
|     Shake             0.12    0.67
|     RunMD             0.86    4.60
|     Other             0.03    0.14
|     ------------------------------
|     Total            18.77

|  PME Nonbond Pairlist CPU Time, Average for All Tasks:
|
|     Routine              Sec        %
|     ---------------------------------
|     Set Up Cit           0.06    0.30
|     Build List           1.92   10.24
|     ---------------------------------
|     Total                1.98   10.53

|  PME Direct Force CPU Time, Average for All Tasks:
|
|     Routine              Sec        %
|     ---------------------------------
|     NonBonded Calc      10.37   55.26
|     Exclude Masked       0.14    0.72
|     Other                0.48    2.58
|     ---------------------------------
|     Total               10.99   58.56

|  PME Reciprocal Force CPU Time, Average for All Tasks:
|
|     Routine              Sec        %
|     ---------------------------------
|     1D bspline           0.22    1.17
|     Grid Charges         0.24    1.28
|     Scalar Sum           0.21    1.12
|     Gradient Sum         0.42    2.23
|     FFT                  1.50    8.01
|     ---------------------------------
|     Total                2.59   13.82

|  PME Load Balancing CPU Time, Average for All Tasks:
|
|     Routine                 Sec        %
|     ------------------------------------
|     Atom Reassign           0.00    0.00
|     Image Reassign          0.00    0.01
|     FFT Reassign            0.00    0.00
|     ------------------------------------
|     Total                   0.00    0.01

|  Final Performance Info:
|     -----------------------------------------------------
|     Average timings for last   10000 steps:
|     Elapsed(s) =      19.03 Per Step(ms) =       1.90
|         ns/day =      90.81   seconds/ns =     951.43
|
|     Average timings for all steps:
|     Elapsed(s) =      19.03 Per Step(ms) =       1.90
|         ns/day =      90.81   seconds/ns =     951.43
|     -----------------------------------------------------

|  Master Setup CPU time:            0.03 seconds
|  Master NonSetup CPU time:        18.70 seconds
|  Master Total CPU time:           18.74 seconds     0.01 hours

|  Master Setup wall time:           0    seconds
|  Master NonSetup wall time:       19    seconds
|  Master Total wall time:          19    seconds     0.01 hours
