
          -------------------------------------------------------
          Amber 18 PMEMD                              2018
          -------------------------------------------------------

| PMEMD implementation of SANDER, Release 18

| Run on 03/23/2022 at 17:52:18

|   Executable path: pmemd.MPI
| Working directory: /bgfs/lchong/dty7/ff15ipq-lig/charges/gaff_02/GenConformers/Conf4
|          Hostname: smp-n123

  [-O]verwriting output

File Assignments:
|   MDIN: ../../../amber/6.3_eq2.in                                             
|  MDOUT: 6.3_eq2.out                                                           
| INPCRD: 6.2_eq1.rst                                                           
|   PARM: ../../mon.top                                                         
| RESTRT: 6.3_eq2.rst                                                           
|   REFC: 6.2_eq1.rst                                                           
|  MDVEL: mdvel                                                                 
|   MDEN: mden                                                                  
|  MDCRD: mdcrd                                                                 
| MDINFO: mdinfo                                                                
|LOGFILE: logfile                                                               
|  MDFRC: mdfrc                                                                 

 
 Here is the input file:
 
&cntrl                                                                         
  imin      = 0,                                                               
  irest     = 1,                                                               
  ntx       = 5,                                                               
  ig        = -1,                                                              
  dt        = 0.002,                                                           
  nstlim    = 50000,                                                           
  nscm      = 500,                                                             
  ntr       = 1,                                                               
  restraintmask = ':1',                                                        
  restraint_wt  = 10.0,                                                        
  ntb       = 2,                                                               
  ntp       = 1,                                                               
  barostat  = 2,                                                               
  pres0     = 1.0,                                                             
  mcbarint  = 100,                                                             
  comp      = 44.6,                                                            
  taup      = 1.0,                                                             
  ntt       = 3,                                                               
  temp0     = 298.0,                                                           
  gamma_ln  = 1.0,                                                             
  ntf       = 2,                                                               
  ntc       = 2,                                                               
  cut       = 10.0,                                                            
  ntpr      = 500,                                                             
  ntxo      = 1,                                                               
  ntwr      = 50000,                                                           
  ioutfm    = 1,                                                               
  ntwx      = 500,                                                             
  iwrap     = 1,                                                               
&end                                                                           


Note: ig = -1. Setting random seed to   691005 based on wallclock time in
      microseconds and disabling the synchronization of random numbers 
      between tasks to improve performance.
| irandom = 1, using AMBER's internal random number generator (default).
 
 
| Conditional Compilation Defines Used:
| MPI
| FFTW_FFT
| BINTRAJ
| MKL
| EMIL
 
| Largest sphere to fit in unit cell has radius =    14.912

| New format PARM file being parsed.
| Version =    1.000 Date = 03/23/22 Time = 14:37:26

| Note: 1-4 EEL scale factors are being read from the topology file.

| Note: 1-4 VDW scale factors are being read from the topology file.
| Duplicated    0 dihedrals

| Duplicated    0 dihedrals

--------------------------------------------------------------------------------
   1.  RESOURCE   USE: 
--------------------------------------------------------------------------------

 getting box info from netcdf restart file
 NATOM  =    3240 NTYPES =      13 NBONH =    3220 MBONA  =      21
 NTHETH =      33 MTHETA =      29 NPHIH =      60 MPHIA  =      45
 NHPARM =       0 NPARM  =       0 NNB   =    4456 NRES   =    1069
 NBONA  =      21 NTHETA =      29 NPHIA =      45 NUMBND =      22
 NUMANG =      35 NPTRA  =      18 NATYP =      17 NPHB   =       0
 IFBOX  =       2 NMXRS  =      36 IFCAP =       0 NEXTRA =       0
 NCOPY  =       0

| Coordinate Index Table dimensions:     5    5    5
| Direct force subcell size =     7.3053    7.3053    7.3053

     BOX TYPE: TRUNCATED OCTAHEDRON

--------------------------------------------------------------------------------
   2.  CONTROL  DATA  FOR  THE  RUN
--------------------------------------------------------------------------------

default_name                                                                    

General flags:
     imin    =       0, nmropt  =       0

Nature and format of input:
     ntx     =       5, irest   =       1, ntrx    =       1

Nature and format of output:
     ntxo    =       1, ntpr    =     500, ntrx    =       1, ntwr    =   50000
     iwrap   =       1, ntwx    =     500, ntwv    =       0, ntwe    =       0
     ioutfm  =       1, ntwprt  =       0, idecomp =       0, rbornstat=      0

Potential function:
     ntf     =       2, ntb     =       2, igb     =       0, nsnb    =      25
     ipol    =       0, gbsa    =       0, iesp    =       0
     dielc   =   1.00000, cut     =  10.00000, intdiel =   1.00000

Frozen or restrained atoms:
     ibelly  =       0, ntr     =       1
     restraint_wt =  10.00000

Molecular dynamics:
     nstlim  =     50000, nscm    =         0, nrespa  =         1
     t       =   0.00000, dt      =   0.00200, vlimit  =  20.00000

Langevin dynamics temperature regulation:
     ig      =  691005
     temp0   = 298.00000, tempi   =   0.00000, gamma_ln=   1.00000

Pressure regulation:
     ntp     =       1
     pres0   =   1.00000, comp    =  44.60000, taup    =   1.00000
     Monte-Carlo Barostat:
     mcbarint  =     100

SHAKE:
     ntc     =       2, jfastw  =       0
     tol     =   0.00001

| Intermolecular bonds treatment:
|     no_intermolecular_bonds =       1

| Energy averages sample interval:
|     ene_avg_sampling =     500

Ewald parameters:
     verbose =       0, ew_type =       0, nbflag  =       1, use_pme =       1
     vdwmeth =       1, eedmeth =       1, netfrc  =       1
     Box X =   36.526   Box Y =   36.526   Box Z =   36.526
     Alpha =  109.471   Beta  =  109.471   Gamma =  109.471
     NFFT1 =   40       NFFT2 =   40       NFFT3 =   40
     Cutoff=   10.000   Tol   =0.100E-04
     Ewald Coefficient =  0.27511
     Interpolation order =    4

| PMEMD ewald parallel performance parameters:
|     block_fft =    0
|     fft_blk_y_divisor =    2
|     excl_recip =    0
|     excl_master =    0
|     atm_redist_freq =  320

    LOADING THE CONSTRAINED ATOMS AS GROUPS


   5.  REFERENCE ATOM COORDINATES

  default_name                                                                    
     Mask :1; matches    36 atoms
| MONTE CARLO BAROSTAT IMPORTANT NOTE:
|   The Monte-Carlo barostat does not require the virial to adjust the system volume.
|   Since it is an expensive calculation, it is skipped for efficiency. A side-effect
|   is that the reported pressure is always 0 because it is not calculated.

--------------------------------------------------------------------------------
   3.  ATOMIC COORDINATES AND VELOCITIES
--------------------------------------------------------------------------------

default_name                                                                    
 begin time read from input coords =    20.000 ps

 
 Number of triangulated 3-point waters found:     1068

     Sum of charges from parm topology file =  -0.00010118
     Forcing neutrality...

| Dynamic Memory, Types Used:
| Reals             1243214
| Integers           213778

| Nonbonded Pairs Initial Allocation:      317358

| Running AMBER/MPI version on    8 MPI task

 
--------------------------------------------------------------------------------
   4.  RESULTS
--------------------------------------------------------------------------------

 ---------------------------------------------------
 APPROXIMATING switch and d/dx switch using CUBIC SPLINE INTERPOLATION
 using   5000.0 points per unit in tabled values
 TESTING RELATIVE ERROR over r ranging from 0.0 to cutoff
| CHECK switch(x): max rel err =   0.3316E-14   at   2.351880
| CHECK d/dx switch(x): max rel err =   0.8066E-11   at   2.747240
 ---------------------------------------------------
|---------------------------------------------------
| APPROXIMATING direct energy using CUBIC SPLINE INTERPOLATION
|  with   50.0 points per unit in tabled values
| Relative Error Limit not exceeded for r .gt.   2.34
| APPROXIMATING direct force using CUBIC SPLINE INTERPOLATION
|  with   50.0 points per unit in tabled values
| Relative Error Limit not exceeded for r .gt.   2.81
|---------------------------------------------------

 NSTEP =      500   TIME(PS) =      21.000  TEMP(K) =   304.22  PRESS =     0.0
 Etot   =    -10661.8207  EKtot   =      1964.7908  EPtot      =    -12626.6115
 BOND   =        13.0925  ANGLE   =        10.9106  DIHED      =        16.3449
 1-4 NB =        15.4927  1-4 EEL =      -674.4288  VDWAALS    =      2309.6519
 EELEC  =    -14325.0489  EHBOND  =         0.0000  RESTRAINT  =         7.3735
 EAMBER (non-restraint)  =    -12633.9850
 EKCMT  =         0.0000  VIRIAL  =         0.0000  VOLUME     =     37320.3642
                                                    Density    =         0.8691
 Ewald error estimate:   0.2151E-03
 ------------------------------------------------------------------------------


 NSTEP =     1000   TIME(PS) =      22.000  TEMP(K) =   292.99  PRESS =     0.0
 Etot   =    -10636.8698  EKtot   =      1892.2566  EPtot      =    -12529.1264
 BOND   =        11.9675  ANGLE   =         8.3399  DIHED      =        21.7551
 1-4 NB =        14.7213  1-4 EEL =      -678.7604  VDWAALS    =      2302.1610
 EELEC  =    -14218.7471  EHBOND  =         0.0000  RESTRAINT  =         9.4363
 EAMBER (non-restraint)  =    -12538.5627
 EKCMT  =         0.0000  VIRIAL  =         0.0000  VOLUME     =     36913.6788
                                                    Density    =         0.8787
 Ewald error estimate:   0.3805E-04
 ------------------------------------------------------------------------------


 NSTEP =     1500   TIME(PS) =      23.000  TEMP(K) =   300.13  PRESS =     0.0
 Etot   =    -10722.9763  EKtot   =      1938.3728  EPtot      =    -12661.3492
 BOND   =         6.7272  ANGLE   =        11.6659  DIHED      =        18.3063
 1-4 NB =        13.6443  1-4 EEL =      -674.1001  VDWAALS    =      2439.5878
 EELEC  =    -14483.8960  EHBOND  =         0.0000  RESTRAINT  =         6.7155
 EAMBER (non-restraint)  =    -12668.0647
 EKCMT  =         0.0000  VIRIAL  =         0.0000  VOLUME     =     36150.0092
                                                    Density    =         0.8973
 Ewald error estimate:   0.1947E-03
 ------------------------------------------------------------------------------


 NSTEP =     2000   TIME(PS) =      24.000  TEMP(K) =   299.91  PRESS =     0.0
 Etot   =    -10694.8296  EKtot   =      1936.9110  EPtot      =    -12631.7406
 BOND   =         6.0353  ANGLE   =        11.8050  DIHED      =        15.0268
 1-4 NB =        10.8669  1-4 EEL =      -662.6618  VDWAALS    =      2316.8396
 EELEC  =    -14342.6450  EHBOND  =         0.0000  RESTRAINT  =        12.9926
 EAMBER (non-restraint)  =    -12644.7332
 EKCMT  =         0.0000  VIRIAL  =         0.0000  VOLUME     =     35732.9515
                                                    Density    =         0.9077
 Ewald error estimate:   0.2159E-03
 ------------------------------------------------------------------------------


 NSTEP =     2500   TIME(PS) =      25.000  TEMP(K) =   303.87  PRESS =     0.0
 Etot   =    -10784.6727  EKtot   =      1962.4737  EPtot      =    -12747.1463
 BOND   =         7.8834  ANGLE   =        12.9944  DIHED      =        17.2254
 1-4 NB =        12.0199  1-4 EEL =      -667.9028  VDWAALS    =      2299.0030
 EELEC  =    -14435.1912  EHBOND  =         0.0000  RESTRAINT  =         6.8215
 EAMBER (non-restraint)  =    -12753.9678
 EKCMT  =         0.0000  VIRIAL  =         0.0000  VOLUME     =     35587.8659
                                                    Density    =         0.9115
 Ewald error estimate:   0.1415E-03
 ------------------------------------------------------------------------------


 NSTEP =     3000   TIME(PS) =      26.000  TEMP(K) =   292.27  PRESS =     0.0
 Etot   =    -10852.2562  EKtot   =      1887.5663  EPtot      =    -12739.8225
 BOND   =         7.9703  ANGLE   =        17.4026  DIHED      =        17.4322
 1-4 NB =        12.2069  1-4 EEL =      -670.8163  VDWAALS    =      2410.1447
 EELEC  =    -14542.1607  EHBOND  =         0.0000  RESTRAINT  =         7.9978
 EAMBER (non-restraint)  =    -12747.8203
 EKCMT  =         0.0000  VIRIAL  =         0.0000  VOLUME     =     35098.8703
                                                    Density    =         0.9241
 Ewald error estimate:   0.7651E-04
 ------------------------------------------------------------------------------


 NSTEP =     3500   TIME(PS) =      27.000  TEMP(K) =   297.91  PRESS =     0.0
 Etot   =    -10874.6393  EKtot   =      1923.9910  EPtot      =    -12798.6303
 BOND   =         8.0760  ANGLE   =        11.2979  DIHED      =        20.8408
 1-4 NB =        13.2809  1-4 EEL =      -668.4657  VDWAALS    =      2426.8399
 EELEC  =    -14618.7423  EHBOND  =         0.0000  RESTRAINT  =         8.2422
 EAMBER (non-restraint)  =    -12806.8725
 EKCMT  =         0.0000  VIRIAL  =         0.0000  VOLUME     =     34585.0078
                                                    Density    =         0.9379
 Ewald error estimate:   0.1275E-04
 ------------------------------------------------------------------------------


 NSTEP =     4000   TIME(PS) =      28.000  TEMP(K) =   292.58  PRESS =     0.0
 Etot   =    -10895.1793  EKtot   =      1889.5609  EPtot      =    -12784.7402
 BOND   =        10.1723  ANGLE   =        10.9040  DIHED      =        14.0779
 1-4 NB =        13.7279  1-4 EEL =      -666.2120  VDWAALS    =      2573.8235
 EELEC  =    -14750.8078  EHBOND  =         0.0000  RESTRAINT  =         9.5740
 EAMBER (non-restraint)  =    -12794.3142
 EKCMT  =         0.0000  VIRIAL  =         0.0000  VOLUME     =     34458.5837
                                                    Density    =         0.9413
 Ewald error estimate:   0.1814E-03
 ------------------------------------------------------------------------------


 NSTEP =     4500   TIME(PS) =      29.000  TEMP(K) =   294.83  PRESS =     0.0
 Etot   =    -10907.5220  EKtot   =      1904.0937  EPtot      =    -12811.6157
 BOND   =         6.3585  ANGLE   =        13.0161  DIHED      =        17.5934
 1-4 NB =        11.5345  1-4 EEL =      -662.5636  VDWAALS    =      2621.5048
 EELEC  =    -14830.3566  EHBOND  =         0.0000  RESTRAINT  =        11.2972
 EAMBER (non-restraint)  =    -12822.9128
 EKCMT  =         0.0000  VIRIAL  =         0.0000  VOLUME     =     34132.1648
                                                    Density    =         0.9503
 Ewald error estimate:   0.1530E-03
 ------------------------------------------------------------------------------


 NSTEP =     5000   TIME(PS) =      30.000  TEMP(K) =   296.21  PRESS =     0.0
 Etot   =    -10931.5135  EKtot   =      1913.0643  EPtot      =    -12844.5779
 BOND   =         5.7544  ANGLE   =         8.7348  DIHED      =        14.7705
 1-4 NB =        12.2228  1-4 EEL =      -664.0887  VDWAALS    =      2397.0453
 EELEC  =    -14628.6201  EHBOND  =         0.0000  RESTRAINT  =         9.6031
 EAMBER (non-restraint)  =    -12854.1810
 EKCMT  =         0.0000  VIRIAL  =         0.0000  VOLUME     =     33848.2378
                                                    Density    =         0.9583
 Ewald error estimate:   0.2319E-03
 ------------------------------------------------------------------------------


 NSTEP =     5500   TIME(PS) =      31.000  TEMP(K) =   289.30  PRESS =     0.0
 Etot   =    -10937.4885  EKtot   =      1868.4066  EPtot      =    -12805.8951
 BOND   =        10.2363  ANGLE   =        12.4740  DIHED      =        16.4575
 1-4 NB =        11.7401  1-4 EEL =      -670.8331  VDWAALS    =      2362.0822
 EELEC  =    -14555.6367  EHBOND  =         0.0000  RESTRAINT  =         7.5846
 EAMBER (non-restraint)  =    -12813.4797
 EKCMT  =         0.0000  VIRIAL  =         0.0000  VOLUME     =     33848.2378
                                                    Density    =         0.9583
 Ewald error estimate:   0.1996E-03
 ------------------------------------------------------------------------------


 NSTEP =     6000   TIME(PS) =      32.000  TEMP(K) =   304.62  PRESS =     0.0
 Etot   =    -10950.4306  EKtot   =      1967.3705  EPtot      =    -12917.8011
 BOND   =         5.5491  ANGLE   =        16.4905  DIHED      =        14.0521
 1-4 NB =        13.5809  1-4 EEL =      -667.4213  VDWAALS    =      2550.8221
 EELEC  =    -14859.4065  EHBOND  =         0.0000  RESTRAINT  =         8.5320
 EAMBER (non-restraint)  =    -12926.3331
 EKCMT  =         0.0000  VIRIAL  =         0.0000  VOLUME     =     33208.3447
                                                    Density    =         0.9768
 Ewald error estimate:   0.1057E-03
 ------------------------------------------------------------------------------


 NSTEP =     6500   TIME(PS) =      33.000  TEMP(K) =   304.38  PRESS =     0.0
 Etot   =    -10945.3919  EKtot   =      1965.7883  EPtot      =    -12911.1802
 BOND   =         8.4205  ANGLE   =         9.3768  DIHED      =        17.4246
 1-4 NB =        13.9111  1-4 EEL =      -674.0686  VDWAALS    =      2442.0427
 EELEC  =    -14738.2831  EHBOND  =         0.0000  RESTRAINT  =         9.9958
 EAMBER (non-restraint)  =    -12921.1760
 EKCMT  =         0.0000  VIRIAL  =         0.0000  VOLUME     =     33246.2010
                                                    Density    =         0.9756
 Ewald error estimate:   0.1386E-04
 ------------------------------------------------------------------------------


 NSTEP =     7000   TIME(PS) =      34.000  TEMP(K) =   303.11  PRESS =     0.0
 Etot   =    -10959.3033  EKtot   =      1957.5869  EPtot      =    -12916.8902
 BOND   =         8.0842  ANGLE   =        15.0055  DIHED      =        20.2124
 1-4 NB =        11.8166  1-4 EEL =      -665.7494  VDWAALS    =      2433.2859
 EELEC  =    -14748.3531  EHBOND  =         0.0000  RESTRAINT  =         8.8078
 EAMBER (non-restraint)  =    -12925.6979
 EKCMT  =         0.0000  VIRIAL  =         0.0000  VOLUME     =     33259.9640
                                                    Density    =         0.9752
 Ewald error estimate:   0.1881E-03
 ------------------------------------------------------------------------------


 NSTEP =     7500   TIME(PS) =      35.000  TEMP(K) =   301.61  PRESS =     0.0
 Etot   =    -10929.8596  EKtot   =      1947.9135  EPtot      =    -12877.7731
 BOND   =         6.7753  ANGLE   =        12.3726  DIHED      =        21.5887
 1-4 NB =        13.3663  1-4 EEL =      -671.6139  VDWAALS    =      2394.0643
 EELEC  =    -14663.4643  EHBOND  =         0.0000  RESTRAINT  =         9.1378
 EAMBER (non-restraint)  =    -12886.9109
 EKCMT  =         0.0000  VIRIAL  =         0.0000  VOLUME     =     33102.1370
                                                    Density    =         0.9799
 Ewald error estimate:   0.8811E-04
 ------------------------------------------------------------------------------


 NSTEP =     8000   TIME(PS) =      36.000  TEMP(K) =   304.08  PRESS =     0.0
 Etot   =    -11002.3139  EKtot   =      1963.8371  EPtot      =    -12966.1510
 BOND   =         4.8401  ANGLE   =        12.4253  DIHED      =        15.4458
 1-4 NB =        12.5107  1-4 EEL =      -671.4920  VDWAALS    =      2481.1881
 EELEC  =    -14829.4746  EHBOND  =         0.0000  RESTRAINT  =         8.4057
 EAMBER (non-restraint)  =    -12974.5566
 EKCMT  =         0.0000  VIRIAL  =         0.0000  VOLUME     =     32765.5805
                                                    Density    =         0.9900
 Ewald error estimate:   0.1722E-03
 ------------------------------------------------------------------------------


 NSTEP =     8500   TIME(PS) =      37.000  TEMP(K) =   303.26  PRESS =     0.0
 Etot   =    -10954.9089  EKtot   =      1958.5339  EPtot      =    -12913.4429
 BOND   =         9.9291  ANGLE   =        13.8539  DIHED      =        19.4136
 1-4 NB =        12.4498  1-4 EEL =      -674.0247  VDWAALS    =      2488.1604
 EELEC  =    -14790.6814  EHBOND  =         0.0000  RESTRAINT  =         7.4564
 EAMBER (non-restraint)  =    -12920.8993
 EKCMT  =         0.0000  VIRIAL  =         0.0000  VOLUME     =     32357.2324
                                                    Density    =         1.0025
 Ewald error estimate:   0.1156E-03
 ------------------------------------------------------------------------------


 NSTEP =     9000   TIME(PS) =      38.000  TEMP(K) =   296.37  PRESS =     0.0
 Etot   =    -10994.7686  EKtot   =      1914.0799  EPtot      =    -12908.8485
 BOND   =         5.8529  ANGLE   =        10.1365  DIHED      =        19.2579
 1-4 NB =        12.8256  1-4 EEL =      -668.6945  VDWAALS    =      2555.8198
 EELEC  =    -14852.3818  EHBOND  =         0.0000  RESTRAINT  =         8.3350
 EAMBER (non-restraint)  =    -12917.1835
 EKCMT  =         0.0000  VIRIAL  =         0.0000  VOLUME     =     32326.7892
                                                    Density    =         1.0034
 Ewald error estimate:   0.7074E-04
 ------------------------------------------------------------------------------


 NSTEP =     9500   TIME(PS) =      39.000  TEMP(K) =   300.50  PRESS =     0.0
 Etot   =    -11054.5293  EKtot   =      1940.7418  EPtot      =    -12995.2711
 BOND   =         4.8202  ANGLE   =        15.1250  DIHED      =        17.6422
 1-4 NB =        11.9115  1-4 EEL =      -664.5041  VDWAALS    =      2472.3341
 EELEC  =    -14863.0362  EHBOND  =         0.0000  RESTRAINT  =        10.4361
 EAMBER (non-restraint)  =    -13005.7072
 EKCMT  =         0.0000  VIRIAL  =         0.0000  VOLUME     =     32326.7892
                                                    Density    =         1.0034
 Ewald error estimate:   0.1480E-04
 ------------------------------------------------------------------------------


 NSTEP =    10000   TIME(PS) =      40.000  TEMP(K) =   304.31  PRESS =     0.0
 Etot   =    -10955.7202  EKtot   =      1965.3671  EPtot      =    -12921.0873
 BOND   =         7.7676  ANGLE   =         8.9557  DIHED      =        16.7480
 1-4 NB =        11.1437  1-4 EEL =      -662.1145  VDWAALS    =      2470.2494
 EELEC  =    -14782.2716  EHBOND  =         0.0000  RESTRAINT  =         8.4344
 EAMBER (non-restraint)  =    -12929.5216
 EKCMT  =         0.0000  VIRIAL  =         0.0000  VOLUME     =     32499.7783
                                                    Density    =         0.9981
 Ewald error estimate:   0.3699E-03
 ------------------------------------------------------------------------------


 NSTEP =    10500   TIME(PS) =      41.000  TEMP(K) =   296.73  PRESS =     0.0
 Etot   =    -11009.8206  EKtot   =      1916.3794  EPtot      =    -12926.2000
 BOND   =         6.0199  ANGLE   =        17.2868  DIHED      =        15.8237
 1-4 NB =        10.4618  1-4 EEL =      -659.7525  VDWAALS    =      2466.8875
 EELEC  =    -14793.5250  EHBOND  =         0.0000  RESTRAINT  =        10.5978
 EAMBER (non-restraint)  =    -12936.7978
 EKCMT  =         0.0000  VIRIAL  =         0.0000  VOLUME     =     32132.0068
                                                    Density    =         1.0095
 Ewald error estimate:   0.9202E-04
 ------------------------------------------------------------------------------


 NSTEP =    11000   TIME(PS) =      42.000  TEMP(K) =   297.04  PRESS =     0.0
 Etot   =    -11011.5783  EKtot   =      1918.3644  EPtot      =    -12929.9426
 BOND   =         7.5429  ANGLE   =        18.0339  DIHED      =        16.0017
 1-4 NB =        11.2248  1-4 EEL =      -668.9801  VDWAALS    =      2479.8933
 EELEC  =    -14800.8033  EHBOND  =         0.0000  RESTRAINT  =         7.1441
 EAMBER (non-restraint)  =    -12937.0867
 EKCMT  =         0.0000  VIRIAL  =         0.0000  VOLUME     =     32109.8924
                                                    Density    =         1.0102
 Ewald error estimate:   0.3286E-03
 ------------------------------------------------------------------------------


 NSTEP =    11500   TIME(PS) =      43.000  TEMP(K) =   300.65  PRESS =     0.0
 Etot   =    -11018.3079  EKtot   =      1941.6819  EPtot      =    -12959.9898
 BOND   =         6.2092  ANGLE   =        11.0430  DIHED      =        17.7434
 1-4 NB =        13.5466  1-4 EEL =      -668.1565  VDWAALS    =      2567.9769
 EELEC  =    -14916.7077  EHBOND  =         0.0000  RESTRAINT  =         8.3554
 EAMBER (non-restraint)  =    -12968.3452
 EKCMT  =         0.0000  VIRIAL  =         0.0000  VOLUME     =     32062.4898
                                                    Density    =         1.0117
 Ewald error estimate:   0.2069E-03
 ------------------------------------------------------------------------------


 NSTEP =    12000   TIME(PS) =      44.000  TEMP(K) =   294.74  PRESS =     0.0
 Etot   =    -10954.4582  EKtot   =      1903.5318  EPtot      =    -12857.9900
 BOND   =        12.1745  ANGLE   =        10.3985  DIHED      =        20.9129
 1-4 NB =        11.7034  1-4 EEL =      -671.3356  VDWAALS    =      2497.0734
 EELEC  =    -14749.3976  EHBOND  =         0.0000  RESTRAINT  =        10.4805
 EAMBER (non-restraint)  =    -12868.4705
 EKCMT  =         0.0000  VIRIAL  =         0.0000  VOLUME     =     32266.0704
                                                    Density    =         1.0053
 Ewald error estimate:   0.1150E-03
 ------------------------------------------------------------------------------


 NSTEP =    12500   TIME(PS) =      45.000  TEMP(K) =   297.73  PRESS =     0.0
 Etot   =    -10997.8412  EKtot   =      1922.8728  EPtot      =    -12920.7139
 BOND   =         7.9133  ANGLE   =        10.3798  DIHED      =        20.1357
 1-4 NB =        13.1068  1-4 EEL =      -671.4013  VDWAALS    =      2433.0485
 EELEC  =    -14741.7196  EHBOND  =         0.0000  RESTRAINT  =         7.8228
 EAMBER (non-restraint)  =    -12928.5368
 EKCMT  =         0.0000  VIRIAL  =         0.0000  VOLUME     =     32345.8884
                                                    Density    =         1.0028
 Ewald error estimate:   0.1978E-03
 ------------------------------------------------------------------------------


 NSTEP =    13000   TIME(PS) =      46.000  TEMP(K) =   294.48  PRESS =     0.0
 Etot   =    -10995.2986  EKtot   =      1901.8350  EPtot      =    -12897.1337
 BOND   =         8.0284  ANGLE   =        11.1804  DIHED      =        15.2543
 1-4 NB =        10.4761  1-4 EEL =      -660.3234  VDWAALS    =      2489.0982
 EELEC  =    -14779.2707  EHBOND  =         0.0000  RESTRAINT  =         8.4231
 EAMBER (non-restraint)  =    -12905.5568
 EKCMT  =         0.0000  VIRIAL  =         0.0000  VOLUME     =     32424.1966
                                                    Density    =         1.0004
 Ewald error estimate:   0.3446E-04
 ------------------------------------------------------------------------------


 NSTEP =    13500   TIME(PS) =      47.000  TEMP(K) =   302.00  PRESS =     0.0
 Etot   =    -10997.7715  EKtot   =      1950.4225  EPtot      =    -12948.1940
 BOND   =         9.6627  ANGLE   =        13.0320  DIHED      =        17.2309
 1-4 NB =        11.9219  1-4 EEL =      -663.9080  VDWAALS    =      2397.2271
 EELEC  =    -14741.5806  EHBOND  =         0.0000  RESTRAINT  =         8.2201
 EAMBER (non-restraint)  =    -12956.4141
 EKCMT  =         0.0000  VIRIAL  =         0.0000  VOLUME     =     32291.6490
                                                    Density    =         1.0045
 Ewald error estimate:   0.4762E-03
 ------------------------------------------------------------------------------


 NSTEP =    14000   TIME(PS) =      48.000  TEMP(K) =   304.04  PRESS =     0.0
 Etot   =    -10993.1768  EKtot   =      1963.5844  EPtot      =    -12956.7612
 BOND   =         8.2309  ANGLE   =        11.6108  DIHED      =        18.4063
 1-4 NB =        12.4847  1-4 EEL =      -670.2589  VDWAALS    =      2503.2724
 EELEC  =    -14851.7373  EHBOND  =         0.0000  RESTRAINT  =        11.2299
 EAMBER (non-restraint)  =    -12967.9911
 EKCMT  =         0.0000  VIRIAL  =         0.0000  VOLUME     =     32318.9157
                                                    Density    =         1.0036
 Ewald error estimate:   0.3877E-03
 ------------------------------------------------------------------------------


 NSTEP =    14500   TIME(PS) =      49.000  TEMP(K) =   296.09  PRESS =     0.0
 Etot   =    -11006.0352  EKtot   =      1912.2859  EPtot      =    -12918.3212
 BOND   =         9.3639  ANGLE   =        12.1637  DIHED      =        15.8577
 1-4 NB =        12.9692  1-4 EEL =      -673.0310  VDWAALS    =      2338.0875
 EELEC  =    -14644.1004  EHBOND  =         0.0000  RESTRAINT  =        10.3680
 EAMBER (non-restraint)  =    -12928.6892
 EKCMT  =         0.0000  VIRIAL  =         0.0000  VOLUME     =     32266.1129
                                                    Density    =         1.0053
 Ewald error estimate:   0.2031E-03
 ------------------------------------------------------------------------------


 NSTEP =    15000   TIME(PS) =      50.000  TEMP(K) =   299.61  PRESS =     0.0
 Etot   =    -10989.8744  EKtot   =      1934.9999  EPtot      =    -12924.8743
 BOND   =         7.4741  ANGLE   =        14.8170  DIHED      =        15.6458
 1-4 NB =        13.4876  1-4 EEL =      -671.7924  VDWAALS    =      2392.4908
 EELEC  =    -14704.3959  EHBOND  =         0.0000  RESTRAINT  =         7.3988
 EAMBER (non-restraint)  =    -12932.2731
 EKCMT  =         0.0000  VIRIAL  =         0.0000  VOLUME     =     32179.8976
                                                    Density    =         1.0080
 Ewald error estimate:   0.2988E-03
 ------------------------------------------------------------------------------


 NSTEP =    15500   TIME(PS) =      51.000  TEMP(K) =   302.90  PRESS =     0.0
 Etot   =    -10980.8480  EKtot   =      1956.2288  EPtot      =    -12937.0768
 BOND   =         3.8118  ANGLE   =        12.9707  DIHED      =        14.5340
 1-4 NB =        11.8216  1-4 EEL =      -661.2300  VDWAALS    =      2504.2863
 EELEC  =    -14831.0774  EHBOND  =         0.0000  RESTRAINT  =         7.8062
 EAMBER (non-restraint)  =    -12944.8830
 EKCMT  =         0.0000  VIRIAL  =         0.0000  VOLUME     =     32276.8592
                                                    Density    =         1.0049
 Ewald error estimate:   0.1017E-04
 ------------------------------------------------------------------------------


 NSTEP =    16000   TIME(PS) =      52.000  TEMP(K) =   302.01  PRESS =     0.0
 Etot   =    -10902.5385  EKtot   =      1950.4988  EPtot      =    -12853.0373
 BOND   =         8.1557  ANGLE   =        12.0938  DIHED      =        15.2531
 1-4 NB =        11.8541  1-4 EEL =      -664.4750  VDWAALS    =      2471.1615
 EELEC  =    -14715.6496  EHBOND  =         0.0000  RESTRAINT  =         8.5691
 EAMBER (non-restraint)  =    -12861.6064
 EKCMT  =         0.0000  VIRIAL  =         0.0000  VOLUME     =     32205.2435
                                                    Density    =         1.0072
 Ewald error estimate:   0.3273E-03
 ------------------------------------------------------------------------------


 NSTEP =    16500   TIME(PS) =      53.000  TEMP(K) =   292.51  PRESS =     0.0
 Etot   =    -11076.7569  EKtot   =      1889.1460  EPtot      =    -12965.9029
 BOND   =         4.8881  ANGLE   =        11.7940  DIHED      =        12.7516
 1-4 NB =        12.8185  1-4 EEL =      -663.5323  VDWAALS    =      2473.6830
 EELEC  =    -14828.6761  EHBOND  =         0.0000  RESTRAINT  =        10.3704
 EAMBER (non-restraint)  =    -12976.2732
 EKCMT  =         0.0000  VIRIAL  =         0.0000  VOLUME     =     32275.8718
                                                    Density    =         1.0050
 Ewald error estimate:   0.3950E-03
 ------------------------------------------------------------------------------


 NSTEP =    17000   TIME(PS) =      54.000  TEMP(K) =   295.81  PRESS =     0.0
 Etot   =    -11057.4897  EKtot   =      1910.4413  EPtot      =    -12967.9311
 BOND   =         9.1175  ANGLE   =        10.0448  DIHED      =        16.1833
 1-4 NB =        12.0522  1-4 EEL =      -665.3208  VDWAALS    =      2409.5531
 EELEC  =    -14771.7827  EHBOND  =         0.0000  RESTRAINT  =        12.2217
 EAMBER (non-restraint)  =    -12980.1528
 EKCMT  =         0.0000  VIRIAL  =         0.0000  VOLUME     =     32357.4876
                                                    Density    =         1.0024
 Ewald error estimate:   0.3029E-03
 ------------------------------------------------------------------------------


 NSTEP =    17500   TIME(PS) =      55.000  TEMP(K) =   292.63  PRESS =     0.0
 Etot   =    -11115.6083  EKtot   =      1889.9029  EPtot      =    -13005.5112
 BOND   =         8.4152  ANGLE   =        11.0665  DIHED      =        20.0132
 1-4 NB =        12.5253  1-4 EEL =      -665.2576  VDWAALS    =      2495.4716
 EELEC  =    -14895.3747  EHBOND  =         0.0000  RESTRAINT  =         7.6292
 EAMBER (non-restraint)  =    -13013.1405
 EKCMT  =         0.0000  VIRIAL  =         0.0000  VOLUME     =     32106.3350
                                                    Density    =         1.0103
 Ewald error estimate:   0.3524E-03
 ------------------------------------------------------------------------------


 NSTEP =    18000   TIME(PS) =      56.000  TEMP(K) =   302.06  PRESS =     0.0
 Etot   =    -11027.9362  EKtot   =      1950.8237  EPtot      =    -12978.7599
 BOND   =        11.4103  ANGLE   =        12.4868  DIHED      =        21.4514
 1-4 NB =        13.7648  1-4 EEL =      -669.9507  VDWAALS    =      2546.9463
 EELEC  =    -14926.3782  EHBOND  =         0.0000  RESTRAINT  =        11.5094
 EAMBER (non-restraint)  =    -12990.2693
 EKCMT  =         0.0000  VIRIAL  =         0.0000  VOLUME     =     31851.0055
                                                    Density    =         1.0184
 Ewald error estimate:   0.6906E-04
 ------------------------------------------------------------------------------


 NSTEP =    18500   TIME(PS) =      57.000  TEMP(K) =   316.34  PRESS =     0.0
 Etot   =    -10967.1984  EKtot   =      2043.0440  EPtot      =    -13010.2423
 BOND   =         6.9923  ANGLE   =        17.2313  DIHED      =        17.4396
 1-4 NB =        12.2875  1-4 EEL =      -668.3319  VDWAALS    =      2510.2127
 EELEC  =    -14913.5214  EHBOND  =         0.0000  RESTRAINT  =         7.4476
 EAMBER (non-restraint)  =    -13017.6899
 EKCMT  =         0.0000  VIRIAL  =         0.0000  VOLUME     =     31806.4708
                                                    Density    =         1.0198
 Ewald error estimate:   0.8991E-04
 ------------------------------------------------------------------------------


 NSTEP =    19000   TIME(PS) =      58.000  TEMP(K) =   293.04  PRESS =     0.0
 Etot   =    -11013.9202  EKtot   =      1892.5829  EPtot      =    -12906.5031
 BOND   =        12.2819  ANGLE   =        10.1372  DIHED      =        17.5766
 1-4 NB =        13.0067  1-4 EEL =      -674.6864  VDWAALS    =      2504.0801
 EELEC  =    -14796.9711  EHBOND  =         0.0000  RESTRAINT  =         8.0719
 EAMBER (non-restraint)  =    -12914.5749
 EKCMT  =         0.0000  VIRIAL  =         0.0000  VOLUME     =     32004.9715
                                                    Density    =         1.0135
 Ewald error estimate:   0.6360E-06
 ------------------------------------------------------------------------------


 NSTEP =    19500   TIME(PS) =      59.000  TEMP(K) =   297.40  PRESS =     0.0
 Etot   =    -11025.4644  EKtot   =      1920.7047  EPtot      =    -12946.1691
 BOND   =         8.1293  ANGLE   =        10.3296  DIHED      =        14.3250
 1-4 NB =        12.1280  1-4 EEL =      -670.3369  VDWAALS    =      2464.6670
 EELEC  =    -14796.8547  EHBOND  =         0.0000  RESTRAINT  =        11.4437
 EAMBER (non-restraint)  =    -12957.6128
 EKCMT  =         0.0000  VIRIAL  =         0.0000  VOLUME     =     32016.0914
                                                    Density    =         1.0131
 Ewald error estimate:   0.1904E-03
 ------------------------------------------------------------------------------


 NSTEP =    20000   TIME(PS) =      60.000  TEMP(K) =   297.09  PRESS =     0.0
 Etot   =    -11028.0545  EKtot   =      1918.7222  EPtot      =    -12946.7766
 BOND   =         6.3261  ANGLE   =         8.9404  DIHED      =        15.9497
 1-4 NB =        12.1073  1-4 EEL =      -668.7569  VDWAALS    =      2462.2747
 EELEC  =    -14795.0926  EHBOND  =         0.0000  RESTRAINT  =        11.4747
 EAMBER (non-restraint)  =    -12958.2513
 EKCMT  =         0.0000  VIRIAL  =         0.0000  VOLUME     =     32140.3833
                                                    Density    =         1.0092
 Ewald error estimate:   0.2963E-03
 ------------------------------------------------------------------------------


 NSTEP =    20500   TIME(PS) =      61.000  TEMP(K) =   290.06  PRESS =     0.0
 Etot   =    -11103.4746  EKtot   =      1873.3332  EPtot      =    -12976.8078
 BOND   =         5.2691  ANGLE   =        11.2430  DIHED      =        12.7622
 1-4 NB =        13.5626  1-4 EEL =      -666.9318  VDWAALS    =      2421.8662
 EELEC  =    -14786.6125  EHBOND  =         0.0000  RESTRAINT  =        12.0335
 EAMBER (non-restraint)  =    -12988.8413
 EKCMT  =         0.0000  VIRIAL  =         0.0000  VOLUME     =     32140.2143
                                                    Density    =         1.0092
 Ewald error estimate:   0.1444E-03
 ------------------------------------------------------------------------------


 NSTEP =    21000   TIME(PS) =      62.000  TEMP(K) =   297.75  PRESS =     0.0
 Etot   =    -11000.7131  EKtot   =      1922.9886  EPtot      =    -12923.7017
 BOND   =         8.3313  ANGLE   =        13.0509  DIHED      =        14.4420
 1-4 NB =        13.9203  1-4 EEL =      -669.3693  VDWAALS    =      2455.9432
 EELEC  =    -14769.0722  EHBOND  =         0.0000  RESTRAINT  =         9.0522
 EAMBER (non-restraint)  =    -12932.7539
 EKCMT  =         0.0000  VIRIAL  =         0.0000  VOLUME     =     32140.2143
                                                    Density    =         1.0092
 Ewald error estimate:   0.2152E-03
 ------------------------------------------------------------------------------


 NSTEP =    21500   TIME(PS) =      63.000  TEMP(K) =   297.50  PRESS =     0.0
 Etot   =    -11063.2987  EKtot   =      1921.3681  EPtot      =    -12984.6669
 BOND   =         5.2867  ANGLE   =        10.5208  DIHED      =        14.7482
 1-4 NB =        12.2123  1-4 EEL =      -664.7804  VDWAALS    =      2531.5286
 EELEC  =    -14902.5215  EHBOND  =         0.0000  RESTRAINT  =         8.3384
 EAMBER (non-restraint)  =    -12993.0053
 EKCMT  =         0.0000  VIRIAL  =         0.0000  VOLUME     =     31875.8759
                                                    Density    =         1.0176
 Ewald error estimate:   0.3637E-03
 ------------------------------------------------------------------------------


 NSTEP =    22000   TIME(PS) =      64.000  TEMP(K) =   294.16  PRESS =     0.0
 Etot   =    -11047.2010  EKtot   =      1899.8193  EPtot      =    -12947.0203
 BOND   =         5.2215  ANGLE   =        15.0362  DIHED      =        15.8584
 1-4 NB =        11.8125  1-4 EEL =      -659.7050  VDWAALS    =      2559.1630
 EELEC  =    -14902.7886  EHBOND  =         0.0000  RESTRAINT  =         8.3816
 EAMBER (non-restraint)  =    -12955.4019
 EKCMT  =         0.0000  VIRIAL  =         0.0000  VOLUME     =     31999.7482
                                                    Density    =         1.0137
 Ewald error estimate:   0.9708E-04
 ------------------------------------------------------------------------------


 NSTEP =    22500   TIME(PS) =      65.000  TEMP(K) =   298.81  PRESS =     0.0
 Etot   =    -11062.6649  EKtot   =      1929.8267  EPtot      =    -12992.4916
 BOND   =         8.0246  ANGLE   =        11.7490  DIHED      =        14.6213
 1-4 NB =        12.2355  1-4 EEL =      -666.7219  VDWAALS    =      2471.7127
 EELEC  =    -14855.0257  EHBOND  =         0.0000  RESTRAINT  =        10.9129
 EAMBER (non-restraint)  =    -13003.4045
 EKCMT  =         0.0000  VIRIAL  =         0.0000  VOLUME     =     32003.5374
                                                    Density    =         1.0135
 Ewald error estimate:   0.1346E-03
 ------------------------------------------------------------------------------


 NSTEP =    23000   TIME(PS) =      66.000  TEMP(K) =   296.47  PRESS =     0.0
 Etot   =    -11053.0029  EKtot   =      1914.7339  EPtot      =    -12967.7368
 BOND   =         8.1565  ANGLE   =        12.0221  DIHED      =        16.0090
 1-4 NB =        12.8231  1-4 EEL =      -671.3690  VDWAALS    =      2567.6586
 EELEC  =    -14920.4240  EHBOND  =         0.0000  RESTRAINT  =         7.3869
 EAMBER (non-restraint)  =    -12975.1237
 EKCMT  =         0.0000  VIRIAL  =         0.0000  VOLUME     =     32083.2674
                                                    Density    =         1.0110
 Ewald error estimate:   0.1188E-03
 ------------------------------------------------------------------------------


 NSTEP =    23500   TIME(PS) =      67.000  TEMP(K) =   295.46  PRESS =     0.0
 Etot   =    -10933.9930  EKtot   =      1908.1924  EPtot      =    -12842.1854
 BOND   =         5.1359  ANGLE   =        11.8253  DIHED      =        18.7870
 1-4 NB =        13.7717  1-4 EEL =      -666.9164  VDWAALS    =      2534.3434
 EELEC  =    -14770.4479  EHBOND  =         0.0000  RESTRAINT  =        11.3155
 EAMBER (non-restraint)  =    -12853.5009
 EKCMT  =         0.0000  VIRIAL  =         0.0000  VOLUME     =     31992.4075
                                                    Density    =         1.0139
 Ewald error estimate:   0.1308E-03
 ------------------------------------------------------------------------------


 NSTEP =    24000   TIME(PS) =      68.000  TEMP(K) =   299.64  PRESS =     0.0
 Etot   =    -10965.6805  EKtot   =      1935.1973  EPtot      =    -12900.8778
 BOND   =         6.2605  ANGLE   =        10.6979  DIHED      =        16.9264
 1-4 NB =        11.8100  1-4 EEL =      -665.4438  VDWAALS    =      2409.3637
 EELEC  =    -14700.7785  EHBOND  =         0.0000  RESTRAINT  =        10.2860
 EAMBER (non-restraint)  =    -12911.1638
 EKCMT  =         0.0000  VIRIAL  =         0.0000  VOLUME     =     31957.5886
                                                    Density    =         1.0150
 Ewald error estimate:   0.5450E-03
 ------------------------------------------------------------------------------


 NSTEP =    24500   TIME(PS) =      69.000  TEMP(K) =   296.28  PRESS =     0.0
 Etot   =    -10951.4369  EKtot   =      1913.4856  EPtot      =    -12864.9225
 BOND   =         6.8438  ANGLE   =        13.7995  DIHED      =        15.5524
 1-4 NB =        11.5662  1-4 EEL =      -667.1016  VDWAALS    =      2478.3064
 EELEC  =    -14735.1275  EHBOND  =         0.0000  RESTRAINT  =        11.2383
 EAMBER (non-restraint)  =    -12876.1608
 EKCMT  =         0.0000  VIRIAL  =         0.0000  VOLUME     =     31885.9986
                                                    Density    =         1.0173
 Ewald error estimate:   0.2701E-03
 ------------------------------------------------------------------------------


 NSTEP =    25000   TIME(PS) =      70.000  TEMP(K) =   299.24  PRESS =     0.0
 Etot   =    -10953.4459  EKtot   =      1932.6327  EPtot      =    -12886.0786
 BOND   =         4.1010  ANGLE   =        16.4915  DIHED      =        15.9813
 1-4 NB =        11.2625  1-4 EEL =      -660.8587  VDWAALS    =      2533.0301
 EELEC  =    -14816.6843  EHBOND  =         0.0000  RESTRAINT  =        10.5981
 EAMBER (non-restraint)  =    -12896.6767
 EKCMT  =         0.0000  VIRIAL  =         0.0000  VOLUME     =     32029.7058
                                                    Density    =         1.0127
 Ewald error estimate:   0.1160E-03
 ------------------------------------------------------------------------------


 NSTEP =    25500   TIME(PS) =      71.000  TEMP(K) =   299.41  PRESS =     0.0
 Etot   =    -10899.8349  EKtot   =      1933.7221  EPtot      =    -12833.5569
 BOND   =         4.4968  ANGLE   =        15.3512  DIHED      =        19.3753
 1-4 NB =        13.6247  1-4 EEL =      -668.3894  VDWAALS    =      2391.5293
 EELEC  =    -14620.0818  EHBOND  =         0.0000  RESTRAINT  =        10.5369
 EAMBER (non-restraint)  =    -12844.0939
 EKCMT  =         0.0000  VIRIAL  =         0.0000  VOLUME     =     32057.7900
                                                    Density    =         1.0118
 Ewald error estimate:   0.1546E-03
 ------------------------------------------------------------------------------


 NSTEP =    26000   TIME(PS) =      72.000  TEMP(K) =   296.70  PRESS =     0.0
 Etot   =    -10956.8624  EKtot   =      1916.2176  EPtot      =    -12873.0801
 BOND   =         9.6835  ANGLE   =        10.1131  DIHED      =        16.7037
 1-4 NB =        11.8145  1-4 EEL =      -664.2156  VDWAALS    =      2471.7097
 EELEC  =    -14739.0579  EHBOND  =         0.0000  RESTRAINT  =        10.1691
 EAMBER (non-restraint)  =    -12883.2492
 EKCMT  =         0.0000  VIRIAL  =         0.0000  VOLUME     =     32096.9371
                                                    Density    =         1.0106
 Ewald error estimate:   0.3438E-05
 ------------------------------------------------------------------------------


 NSTEP =    26500   TIME(PS) =      73.000  TEMP(K) =   299.91  PRESS =     0.0
 Etot   =    -11031.1032  EKtot   =      1936.9008  EPtot      =    -12968.0040
 BOND   =         9.7743  ANGLE   =        13.1233  DIHED      =        16.0593
 1-4 NB =        11.5786  1-4 EEL =      -666.5781  VDWAALS    =      2538.0053
 EELEC  =    -14902.5384  EHBOND  =         0.0000  RESTRAINT  =        12.5717
 EAMBER (non-restraint)  =    -12980.5757
 EKCMT  =         0.0000  VIRIAL  =         0.0000  VOLUME     =     32046.3379
                                                    Density    =         1.0122
 Ewald error estimate:   0.1017E-05
 ------------------------------------------------------------------------------


 NSTEP =    27000   TIME(PS) =      74.000  TEMP(K) =   292.51  PRESS =     0.0
 Etot   =    -10997.2429  EKtot   =      1889.1130  EPtot      =    -12886.3558
 BOND   =        10.9390  ANGLE   =        17.1935  DIHED      =        13.4631
 1-4 NB =        13.8929  1-4 EEL =      -674.3912  VDWAALS    =      2426.5093
 EELEC  =    -14704.3422  EHBOND  =         0.0000  RESTRAINT  =        10.3796
 EAMBER (non-restraint)  =    -12896.7354
 EKCMT  =         0.0000  VIRIAL  =         0.0000  VOLUME     =     32541.2224
                                                    Density    =         0.9968
 Ewald error estimate:   0.2521E-03
 ------------------------------------------------------------------------------


 NSTEP =    27500   TIME(PS) =      75.000  TEMP(K) =   295.28  PRESS =     0.0
 Etot   =    -10993.0729  EKtot   =      1907.0243  EPtot      =    -12900.0972
 BOND   =         7.9593  ANGLE   =        12.3011  DIHED      =        15.2951
 1-4 NB =        11.8479  1-4 EEL =      -665.8442  VDWAALS    =      2473.8151
 EELEC  =    -14768.1991  EHBOND  =         0.0000  RESTRAINT  =        12.7275
 EAMBER (non-restraint)  =    -12912.8247
 EKCMT  =         0.0000  VIRIAL  =         0.0000  VOLUME     =     32440.4713
                                                    Density    =         0.9999
 Ewald error estimate:   0.2500E-03
 ------------------------------------------------------------------------------


 NSTEP =    28000   TIME(PS) =      76.000  TEMP(K) =   300.94  PRESS =     0.0
 Etot   =    -10935.1894  EKtot   =      1943.5759  EPtot      =    -12878.7653
 BOND   =         9.9079  ANGLE   =        18.0699  DIHED      =        12.7493
 1-4 NB =        12.8711  1-4 EEL =      -670.0915  VDWAALS    =      2371.7570
 EELEC  =    -14643.7553  EHBOND  =         0.0000  RESTRAINT  =         9.7265
 EAMBER (non-restraint)  =    -12888.4918
 EKCMT  =         0.0000  VIRIAL  =         0.0000  VOLUME     =     32568.2866
                                                    Density    =         0.9960
 Ewald error estimate:   0.9738E-04
 ------------------------------------------------------------------------------


 NSTEP =    28500   TIME(PS) =      77.000  TEMP(K) =   292.82  PRESS =     0.0
 Etot   =    -11035.9420  EKtot   =      1891.1368  EPtot      =    -12927.0788
 BOND   =         9.3608  ANGLE   =        12.7780  DIHED      =        16.2043
 1-4 NB =        12.7412  1-4 EEL =      -667.2600  VDWAALS    =      2520.4965
 EELEC  =    -14841.4274  EHBOND  =         0.0000  RESTRAINT  =        10.0280
 EAMBER (non-restraint)  =    -12937.1067
 EKCMT  =         0.0000  VIRIAL  =         0.0000  VOLUME     =     32379.2225
                                                    Density    =         1.0018
 Ewald error estimate:   0.7856E-04
 ------------------------------------------------------------------------------


 NSTEP =    29000   TIME(PS) =      78.000  TEMP(K) =   290.40  PRESS =     0.0
 Etot   =    -11000.2419  EKtot   =      1875.5396  EPtot      =    -12875.7815
 BOND   =         7.5207  ANGLE   =        10.9997  DIHED      =        15.1507
 1-4 NB =        12.4087  1-4 EEL =      -665.4340  VDWAALS    =      2438.9881
 EELEC  =    -14704.2501  EHBOND  =         0.0000  RESTRAINT  =         8.8347
 EAMBER (non-restraint)  =    -12884.6162
 EKCMT  =         0.0000  VIRIAL  =         0.0000  VOLUME     =     32331.5296
                                                    Density    =         1.0032
 Ewald error estimate:   0.2708E-03
 ------------------------------------------------------------------------------


 NSTEP =    29500   TIME(PS) =      79.000  TEMP(K) =   299.27  PRESS =     0.0
 Etot   =    -10961.2342  EKtot   =      1932.7692  EPtot      =    -12894.0034
 BOND   =         7.6470  ANGLE   =        14.7486  DIHED      =        18.7053
 1-4 NB =        13.8969  1-4 EEL =      -662.2464  VDWAALS    =      2390.1318
 EELEC  =    -14686.9539  EHBOND  =         0.0000  RESTRAINT  =        10.0672
 EAMBER (non-restraint)  =    -12904.0706
 EKCMT  =         0.0000  VIRIAL  =         0.0000  VOLUME     =     32245.5172
                                                    Density    =         1.0059
 Ewald error estimate:   0.1058E-03
 ------------------------------------------------------------------------------


 NSTEP =    30000   TIME(PS) =      80.000  TEMP(K) =   298.17  PRESS =     0.0
 Etot   =    -11016.7023  EKtot   =      1925.6762  EPtot      =    -12942.3785
 BOND   =         5.2729  ANGLE   =        15.8931  DIHED      =        17.5873
 1-4 NB =        13.7368  1-4 EEL =      -667.6297  VDWAALS    =      2454.5326
 EELEC  =    -14792.6244  EHBOND  =         0.0000  RESTRAINT  =        10.8529
 EAMBER (non-restraint)  =    -12953.2314
 EKCMT  =         0.0000  VIRIAL  =         0.0000  VOLUME     =     32388.0780
                                                    Density    =         1.0015
 Ewald error estimate:   0.4278E-04
 ------------------------------------------------------------------------------


 NSTEP =    30500   TIME(PS) =      81.000  TEMP(K) =   291.06  PRESS =     0.0
 Etot   =    -11145.1839  EKtot   =      1879.7420  EPtot      =    -13024.9259
 BOND   =         7.2945  ANGLE   =        14.1041  DIHED      =        18.9849
 1-4 NB =        13.1952  1-4 EEL =      -660.4810  VDWAALS    =      2597.8906
 EELEC  =    -15025.9816  EHBOND  =         0.0000  RESTRAINT  =        10.0675
 EAMBER (non-restraint)  =    -13034.9934
 EKCMT  =         0.0000  VIRIAL  =         0.0000  VOLUME     =     32283.5877
                                                    Density    =         1.0047
 Ewald error estimate:   0.1718E-03
 ------------------------------------------------------------------------------


 NSTEP =    31000   TIME(PS) =      82.000  TEMP(K) =   295.86  PRESS =     0.0
 Etot   =    -11113.6829  EKtot   =      1910.7547  EPtot      =    -13024.4375
 BOND   =        10.4200  ANGLE   =        20.0521  DIHED      =        18.3801
 1-4 NB =        11.9417  1-4 EEL =      -669.8061  VDWAALS    =      2607.8891
 EELEC  =    -15033.4748  EHBOND  =         0.0000  RESTRAINT  =        10.1603
 EAMBER (non-restraint)  =    -13034.5978
 EKCMT  =         0.0000  VIRIAL  =         0.0000  VOLUME     =     32205.1729
                                                    Density    =         1.0072
 Ewald error estimate:   0.4602E-03
 ------------------------------------------------------------------------------


 NSTEP =    31500   TIME(PS) =      83.000  TEMP(K) =   292.86  PRESS =     0.0
 Etot   =    -11102.0399  EKtot   =      1891.3729  EPtot      =    -12993.4129
 BOND   =         9.7985  ANGLE   =        15.2695  DIHED      =        14.8812
 1-4 NB =        13.3253  1-4 EEL =      -676.2489  VDWAALS    =      2539.6059
 EELEC  =    -14920.1707  EHBOND  =         0.0000  RESTRAINT  =        10.1262
 EAMBER (non-restraint)  =    -13003.5391
 EKCMT  =         0.0000  VIRIAL  =         0.0000  VOLUME     =     32321.8597
                                                    Density    =         1.0035
 Ewald error estimate:   0.1873E-03
 ------------------------------------------------------------------------------


 NSTEP =    32000   TIME(PS) =      84.000  TEMP(K) =   298.28  PRESS =     0.0
 Etot   =    -11020.1910  EKtot   =      1926.4024  EPtot      =    -12946.5934
 BOND   =         3.4107  ANGLE   =        13.1675  DIHED      =        17.4744
 1-4 NB =        11.2228  1-4 EEL =      -661.4848  VDWAALS    =      2486.4631
 EELEC  =    -14826.8018  EHBOND  =         0.0000  RESTRAINT  =         9.9547
 EAMBER (non-restraint)  =    -12956.5481
 EKCMT  =         0.0000  VIRIAL  =         0.0000  VOLUME     =     32421.1555
                                                    Density    =         1.0005
 Ewald error estimate:   0.1079E-03
 ------------------------------------------------------------------------------


 NSTEP =    32500   TIME(PS) =      85.000  TEMP(K) =   302.52  PRESS =     0.0
 Etot   =    -10991.7771  EKtot   =      1953.7691  EPtot      =    -12945.5462
 BOND   =         8.1156  ANGLE   =        10.5036  DIHED      =        15.7285
 1-4 NB =        10.1941  1-4 EEL =      -658.8622  VDWAALS    =      2489.9641
 EELEC  =    -14832.3422  EHBOND  =         0.0000  RESTRAINT  =        11.1523
 EAMBER (non-restraint)  =    -12956.6985
 EKCMT  =         0.0000  VIRIAL  =         0.0000  VOLUME     =     32280.0935
                                                    Density    =         1.0048
 Ewald error estimate:   0.9333E-05
 ------------------------------------------------------------------------------


 NSTEP =    33000   TIME(PS) =      86.000  TEMP(K) =   302.18  PRESS =     0.0
 Etot   =    -10975.5332  EKtot   =      1951.5954  EPtot      =    -12927.1286
 BOND   =         9.9484  ANGLE   =        15.5962  DIHED      =        17.2215
 1-4 NB =        13.2184  1-4 EEL =      -668.4869  VDWAALS    =      2521.6269
 EELEC  =    -14845.4958  EHBOND  =         0.0000  RESTRAINT  =         9.2426
 EAMBER (non-restraint)  =    -12936.3712
 EKCMT  =         0.0000  VIRIAL  =         0.0000  VOLUME     =     32368.0902
                                                    Density    =         1.0021
 Ewald error estimate:   0.9015E-05
 ------------------------------------------------------------------------------


 NSTEP =    33500   TIME(PS) =      87.000  TEMP(K) =   284.93  PRESS =     0.0
 Etot   =    -11029.0714  EKtot   =      1840.2006  EPtot      =    -12869.2720
 BOND   =        11.5797  ANGLE   =        15.2290  DIHED      =        17.9794
 1-4 NB =        12.2108  1-4 EEL =      -665.4628  VDWAALS    =      2429.4106
 EELEC  =    -14698.7837  EHBOND  =         0.0000  RESTRAINT  =         8.5649
 EAMBER (non-restraint)  =    -12877.8369
 EKCMT  =         0.0000  VIRIAL  =         0.0000  VOLUME     =     32453.6248
                                                    Density    =         0.9995
 Ewald error estimate:   0.1116E-03
 ------------------------------------------------------------------------------


 NSTEP =    34000   TIME(PS) =      88.000  TEMP(K) =   304.86  PRESS =     0.0
 Etot   =    -10973.5173  EKtot   =      1968.8917  EPtot      =    -12942.4091
 BOND   =         4.5240  ANGLE   =        11.0365  DIHED      =        18.5582
 1-4 NB =        13.1009  1-4 EEL =      -669.8000  VDWAALS    =      2509.3931
 EELEC  =    -14836.4518  EHBOND  =         0.0000  RESTRAINT  =         7.2300
 EAMBER (non-restraint)  =    -12949.6390
 EKCMT  =         0.0000  VIRIAL  =         0.0000  VOLUME     =     32318.4207
                                                    Density    =         1.0037
 Ewald error estimate:   0.6581E-04
 ------------------------------------------------------------------------------


 NSTEP =    34500   TIME(PS) =      89.000  TEMP(K) =   301.56  PRESS =     0.0
 Etot   =    -10996.9436  EKtot   =      1947.5829  EPtot      =    -12944.5265
 BOND   =        13.0783  ANGLE   =        10.8539  DIHED      =        16.7884
 1-4 NB =        13.1535  1-4 EEL =      -668.2358  VDWAALS    =      2578.8185
 EELEC  =    -14916.4824  EHBOND  =         0.0000  RESTRAINT  =         7.4991
 EAMBER (non-restraint)  =    -12952.0256
 EKCMT  =         0.0000  VIRIAL  =         0.0000  VOLUME     =     32335.6666
                                                    Density    =         1.0031
 Ewald error estimate:   0.3314E-03
 ------------------------------------------------------------------------------


 NSTEP =    35000   TIME(PS) =      90.000  TEMP(K) =   291.78  PRESS =     0.0
 Etot   =    -10975.2995  EKtot   =      1884.4095  EPtot      =    -12859.7090
 BOND   =         7.6311  ANGLE   =        12.9234  DIHED      =        19.9776
 1-4 NB =        13.1514  1-4 EEL =      -672.9147  VDWAALS    =      2451.4942
 EELEC  =    -14702.3391  EHBOND  =         0.0000  RESTRAINT  =        10.3671
 EAMBER (non-restraint)  =    -12870.0761
 EKCMT  =         0.0000  VIRIAL  =         0.0000  VOLUME     =     32558.2698
                                                    Density    =         0.9963
 Ewald error estimate:   0.4873E-04
 ------------------------------------------------------------------------------


 NSTEP =    35500   TIME(PS) =      91.000  TEMP(K) =   295.06  PRESS =     0.0
 Etot   =    -11017.2012  EKtot   =      1905.5973  EPtot      =    -12922.7985
 BOND   =         7.1519  ANGLE   =        17.8637  DIHED      =        16.9445
 1-4 NB =        14.0352  1-4 EEL =      -673.4914  VDWAALS    =      2463.5718
 EELEC  =    -14781.8827  EHBOND  =         0.0000  RESTRAINT  =        13.0084
 EAMBER (non-restraint)  =    -12935.8069
 EKCMT  =         0.0000  VIRIAL  =         0.0000  VOLUME     =     32249.0084
                                                    Density    =         1.0058
 Ewald error estimate:   0.2297E-03
 ------------------------------------------------------------------------------


 NSTEP =    36000   TIME(PS) =      92.000  TEMP(K) =   305.17  PRESS =     0.0
 Etot   =    -10925.1783  EKtot   =      1970.8986  EPtot      =    -12896.0769
 BOND   =        10.1111  ANGLE   =        17.6100  DIHED      =        13.9792
 1-4 NB =        12.9014  1-4 EEL =      -665.4370  VDWAALS    =      2621.4029
 EELEC  =    -14914.5531  EHBOND  =         0.0000  RESTRAINT  =         7.9087
 EAMBER (non-restraint)  =    -12903.9856
 EKCMT  =         0.0000  VIRIAL  =         0.0000  VOLUME     =     32243.6509
                                                    Density    =         1.0060
 Ewald error estimate:   0.1031E-03
 ------------------------------------------------------------------------------


 NSTEP =    36500   TIME(PS) =      93.000  TEMP(K) =   286.39  PRESS =     0.0
 Etot   =    -11048.2083  EKtot   =      1849.6224  EPtot      =    -12897.8308
 BOND   =         7.8840  ANGLE   =        16.3797  DIHED      =        16.0162
 1-4 NB =        12.6214  1-4 EEL =      -673.7306  VDWAALS    =      2418.3706
 EELEC  =    -14706.0307  EHBOND  =         0.0000  RESTRAINT  =        10.6586
 EAMBER (non-restraint)  =    -12908.4894
 EKCMT  =         0.0000  VIRIAL  =         0.0000  VOLUME     =     32214.7502
                                                    Density    =         1.0069
 Ewald error estimate:   0.2584E-03
 ------------------------------------------------------------------------------


 NSTEP =    37000   TIME(PS) =      94.000  TEMP(K) =   297.63  PRESS =     0.0
 Etot   =    -11077.7211  EKtot   =      1922.2001  EPtot      =    -12999.9212
 BOND   =         9.4024  ANGLE   =        10.3112  DIHED      =        15.4284
 1-4 NB =        12.1001  1-4 EEL =      -671.4130  VDWAALS    =      2575.1911
 EELEC  =    -14962.1083  EHBOND  =         0.0000  RESTRAINT  =        11.1671
 EAMBER (non-restraint)  =    -13011.0883
 EKCMT  =         0.0000  VIRIAL  =         0.0000  VOLUME     =     32153.2388
                                                    Density    =         1.0088
 Ewald error estimate:   0.3829E-03
 ------------------------------------------------------------------------------


 NSTEP =    37500   TIME(PS) =      95.000  TEMP(K) =   286.53  PRESS =     0.0
 Etot   =    -11088.0842  EKtot   =      1850.4896  EPtot      =    -12938.5738
 BOND   =         6.1810  ANGLE   =        14.7584  DIHED      =        17.0875
 1-4 NB =        12.5606  1-4 EEL =      -668.2009  VDWAALS    =      2488.2420
 EELEC  =    -14819.0833  EHBOND  =         0.0000  RESTRAINT  =         9.8808
 EAMBER (non-restraint)  =    -12948.4546
 EKCMT  =         0.0000  VIRIAL  =         0.0000  VOLUME     =     32318.2481
                                                    Density    =         1.0037
 Ewald error estimate:   0.8694E-04
 ------------------------------------------------------------------------------


 NSTEP =    38000   TIME(PS) =      96.000  TEMP(K) =   296.97  PRESS =     0.0
 Etot   =    -11090.8288  EKtot   =      1917.9693  EPtot      =    -13008.7981
 BOND   =         7.2083  ANGLE   =        15.1007  DIHED      =        17.4440
 1-4 NB =        13.7485  1-4 EEL =      -666.9938  VDWAALS    =      2497.7874
 EELEC  =    -14901.4706  EHBOND  =         0.0000  RESTRAINT  =         8.3774
 EAMBER (non-restraint)  =    -13017.1755
 EKCMT  =         0.0000  VIRIAL  =         0.0000  VOLUME     =     32456.7225
                                                    Density    =         0.9994
 Ewald error estimate:   0.2602E-03
 ------------------------------------------------------------------------------


 NSTEP =    38500   TIME(PS) =      97.000  TEMP(K) =   301.97  PRESS =     0.0
 Etot   =    -11086.5739  EKtot   =      1950.2311  EPtot      =    -13036.8050
 BOND   =         5.3662  ANGLE   =        14.7138  DIHED      =        14.6827
 1-4 NB =        11.1189  1-4 EEL =      -660.3646  VDWAALS    =      2436.4438
 EELEC  =    -14870.4910  EHBOND  =         0.0000  RESTRAINT  =        11.7251
 EAMBER (non-restraint)  =    -13048.5301
 EKCMT  =         0.0000  VIRIAL  =         0.0000  VOLUME     =     32115.0259
                                                    Density    =         1.0100
 Ewald error estimate:   0.1283E-03
 ------------------------------------------------------------------------------


 NSTEP =    39000   TIME(PS) =      98.000  TEMP(K) =   282.81  PRESS =     0.0
 Etot   =    -11099.8150  EKtot   =      1826.5143  EPtot      =    -12926.3293
 BOND   =         7.8047  ANGLE   =         9.0143  DIHED      =        16.3286
 1-4 NB =        12.7145  1-4 EEL =      -671.6665  VDWAALS    =      2541.6179
 EELEC  =    -14853.3431  EHBOND  =         0.0000  RESTRAINT  =        11.2005
 EAMBER (non-restraint)  =    -12937.5298
 EKCMT  =         0.0000  VIRIAL  =         0.0000  VOLUME     =     32282.1129
                                                    Density    =         1.0048
 Ewald error estimate:   0.2005E-03
 ------------------------------------------------------------------------------


 NSTEP =    39500   TIME(PS) =      99.000  TEMP(K) =   289.28  PRESS =     0.0
 Etot   =    -11100.9077  EKtot   =      1868.2865  EPtot      =    -12969.1942
 BOND   =         5.7316  ANGLE   =        10.5081  DIHED      =        15.5462
 1-4 NB =        11.1437  1-4 EEL =      -661.0145  VDWAALS    =      2607.8018
 EELEC  =    -14966.8152  EHBOND  =         0.0000  RESTRAINT  =         7.9041
 EAMBER (non-restraint)  =    -12977.0983
 EKCMT  =         0.0000  VIRIAL  =         0.0000  VOLUME     =     31927.3388
                                                    Density    =         1.0159
 Ewald error estimate:   0.1319E-03
 ------------------------------------------------------------------------------


 NSTEP =    40000   TIME(PS) =     100.000  TEMP(K) =   289.30  PRESS =     0.0
 Etot   =    -11091.3000  EKtot   =      1868.4088  EPtot      =    -12959.7088
 BOND   =         7.2381  ANGLE   =        10.9964  DIHED      =        16.3550
 1-4 NB =        11.7267  1-4 EEL =      -662.5669  VDWAALS    =      2600.7803
 EELEC  =    -14952.5410  EHBOND  =         0.0000  RESTRAINT  =         8.3025
 EAMBER (non-restraint)  =    -12968.0113
 EKCMT  =         0.0000  VIRIAL  =         0.0000  VOLUME     =     31901.9910
                                                    Density    =         1.0168
 Ewald error estimate:   0.2482E-03
 ------------------------------------------------------------------------------


 NSTEP =    40500   TIME(PS) =     101.000  TEMP(K) =   295.14  PRESS =     0.0
 Etot   =    -11053.9255  EKtot   =      1906.1429  EPtot      =    -12960.0684
 BOND   =         8.9804  ANGLE   =        14.2276  DIHED      =        18.1015
 1-4 NB =        12.4658  1-4 EEL =      -663.4659  VDWAALS    =      2409.7386
 EELEC  =    -14773.4671  EHBOND  =         0.0000  RESTRAINT  =        13.3505
 EAMBER (non-restraint)  =    -12973.4189
 EKCMT  =         0.0000  VIRIAL  =         0.0000  VOLUME     =     31901.9910
                                                    Density    =         1.0168
 Ewald error estimate:   0.9784E-04
 ------------------------------------------------------------------------------


 NSTEP =    41000   TIME(PS) =     102.000  TEMP(K) =   299.95  PRESS =     0.0
 Etot   =    -11078.2985  EKtot   =      1937.2178  EPtot      =    -13015.5163
 BOND   =         6.7652  ANGLE   =        13.2749  DIHED      =        13.8118
 1-4 NB =        10.7491  1-4 EEL =      -660.4755  VDWAALS    =      2597.1455
 EELEC  =    -15009.4178  EHBOND  =         0.0000  RESTRAINT  =        12.6305
 EAMBER (non-restraint)  =    -13028.1468
 EKCMT  =         0.0000  VIRIAL  =         0.0000  VOLUME     =     31983.1300
                                                    Density    =         1.0142
 Ewald error estimate:   0.7106E-04
 ------------------------------------------------------------------------------


 NSTEP =    41500   TIME(PS) =     103.000  TEMP(K) =   297.07  PRESS =     0.0
 Etot   =    -11049.5829  EKtot   =      1918.6051  EPtot      =    -12968.1879
 BOND   =         3.9090  ANGLE   =        14.4790  DIHED      =        16.9809
 1-4 NB =        11.4814  1-4 EEL =      -654.5367  VDWAALS    =      2550.6901
 EELEC  =    -14922.1359  EHBOND  =         0.0000  RESTRAINT  =        10.9442
 EAMBER (non-restraint)  =    -12979.1322
 EKCMT  =         0.0000  VIRIAL  =         0.0000  VOLUME     =     31836.6179
                                                    Density    =         1.0188
 Ewald error estimate:   0.3217E-04
 ------------------------------------------------------------------------------


 NSTEP =    42000   TIME(PS) =     104.000  TEMP(K) =   289.70  PRESS =     0.0
 Etot   =    -11089.3980  EKtot   =      1870.9727  EPtot      =    -12960.3706
 BOND   =         7.8703  ANGLE   =        15.5379  DIHED      =        14.3392
 1-4 NB =        12.6552  1-4 EEL =      -668.2204  VDWAALS    =      2477.0354
 EELEC  =    -14827.9960  EHBOND  =         0.0000  RESTRAINT  =         8.4078
 EAMBER (non-restraint)  =    -12968.7784
 EKCMT  =         0.0000  VIRIAL  =         0.0000  VOLUME     =     32151.4426
                                                    Density    =         1.0089
 Ewald error estimate:   0.2024E-03
 ------------------------------------------------------------------------------


 NSTEP =    42500   TIME(PS) =     105.000  TEMP(K) =   297.48  PRESS =     0.0
 Etot   =    -11130.6079  EKtot   =      1921.2154  EPtot      =    -13051.8234
 BOND   =         7.1963  ANGLE   =        14.7262  DIHED      =        17.4277
 1-4 NB =        11.1671  1-4 EEL =      -663.6267  VDWAALS    =      2524.8544
 EELEC  =    -14970.1961  EHBOND  =         0.0000  RESTRAINT  =         6.6278
 EAMBER (non-restraint)  =    -13058.4512
 EKCMT  =         0.0000  VIRIAL  =         0.0000  VOLUME     =     32151.4426
                                                    Density    =         1.0089
 Ewald error estimate:   0.1381E-03
 ------------------------------------------------------------------------------


 NSTEP =    43000   TIME(PS) =     106.000  TEMP(K) =   293.00  PRESS =     0.0
 Etot   =    -11050.4238  EKtot   =      1892.3097  EPtot      =    -12942.7335
 BOND   =         7.9306  ANGLE   =        13.6641  DIHED      =        14.6294
 1-4 NB =        11.7116  1-4 EEL =      -667.6191  VDWAALS    =      2506.9936
 EELEC  =    -14839.2596  EHBOND  =         0.0000  RESTRAINT  =         9.2159
 EAMBER (non-restraint)  =    -12951.9494
 EKCMT  =         0.0000  VIRIAL  =         0.0000  VOLUME     =     32240.7492
                                                    Density    =         1.0061
 Ewald error estimate:   0.1627E-03
 ------------------------------------------------------------------------------


 NSTEP =    43500   TIME(PS) =     107.000  TEMP(K) =   299.68  PRESS =     0.0
 Etot   =    -10910.8172  EKtot   =      1935.4386  EPtot      =    -12846.2558
 BOND   =         7.7135  ANGLE   =        14.4218  DIHED      =        22.1286
 1-4 NB =        11.9917  1-4 EEL =      -670.2585  VDWAALS    =      2489.2216
 EELEC  =    -14729.7815  EHBOND  =         0.0000  RESTRAINT  =         8.3070
 EAMBER (non-restraint)  =    -12854.5628
 EKCMT  =         0.0000  VIRIAL  =         0.0000  VOLUME     =     32350.3875
                                                    Density    =         1.0027
 Ewald error estimate:   0.1213E-04
 ------------------------------------------------------------------------------


 NSTEP =    44000   TIME(PS) =     108.000  TEMP(K) =   293.08  PRESS =     0.0
 Etot   =    -10923.5930  EKtot   =      1892.8127  EPtot      =    -12816.4056
 BOND   =        10.6976  ANGLE   =        21.4794  DIHED      =        18.7921
 1-4 NB =        11.6150  1-4 EEL =      -665.0194  VDWAALS    =      2434.4525
 EELEC  =    -14660.0248  EHBOND  =         0.0000  RESTRAINT  =        11.6019
 EAMBER (non-restraint)  =    -12828.0075
 EKCMT  =         0.0000  VIRIAL  =         0.0000  VOLUME     =     32488.4356
                                                    Density    =         0.9984
 Ewald error estimate:   0.1844E-03
 ------------------------------------------------------------------------------


 NSTEP =    44500   TIME(PS) =     109.000  TEMP(K) =   298.92  PRESS =     0.0
 Etot   =    -10944.5474  EKtot   =      1930.5191  EPtot      =    -12875.0665
 BOND   =         7.1927  ANGLE   =        16.7270  DIHED      =        19.1480
 1-4 NB =        12.8440  1-4 EEL =      -671.8860  VDWAALS    =      2368.9721
 EELEC  =    -14636.8736  EHBOND  =         0.0000  RESTRAINT  =         8.8093
 EAMBER (non-restraint)  =    -12883.8758
 EKCMT  =         0.0000  VIRIAL  =         0.0000  VOLUME     =     32533.3894
                                                    Density    =         0.9970
 Ewald error estimate:   0.1646E-03
 ------------------------------------------------------------------------------


 NSTEP =    45000   TIME(PS) =     110.000  TEMP(K) =   302.73  PRESS =     0.0
 Etot   =    -10901.2623  EKtot   =      1955.1532  EPtot      =    -12856.4156
 BOND   =         9.4305  ANGLE   =        12.7415  DIHED      =        17.7005
 1-4 NB =        11.4487  1-4 EEL =      -671.0412  VDWAALS    =      2550.2353
 EELEC  =    -14797.6438  EHBOND  =         0.0000  RESTRAINT  =        10.7129
 EAMBER (non-restraint)  =    -12867.1285
 EKCMT  =         0.0000  VIRIAL  =         0.0000  VOLUME     =     32030.8477
                                                    Density    =         1.0127
 Ewald error estimate:   0.1162E-03
 ------------------------------------------------------------------------------


 NSTEP =    45500   TIME(PS) =     111.000  TEMP(K) =   305.38  PRESS =     0.0
 Etot   =    -10948.7340  EKtot   =      1972.2651  EPtot      =    -12920.9991
 BOND   =         6.3215  ANGLE   =        10.0091  DIHED      =        15.8727
 1-4 NB =        12.1015  1-4 EEL =      -668.4054  VDWAALS    =      2399.2721
 EELEC  =    -14708.2120  EHBOND  =         0.0000  RESTRAINT  =        12.0415
 EAMBER (non-restraint)  =    -12933.0405
 EKCMT  =         0.0000  VIRIAL  =         0.0000  VOLUME     =     32266.0046
                                                    Density    =         1.0053
 Ewald error estimate:   0.4377E-03
 ------------------------------------------------------------------------------


 NSTEP =    46000   TIME(PS) =     112.000  TEMP(K) =   293.68  PRESS =     0.0
 Etot   =    -11021.2566  EKtot   =      1896.6832  EPtot      =    -12917.9399
 BOND   =         3.8510  ANGLE   =        10.7013  DIHED      =        14.6316
 1-4 NB =        12.8482  1-4 EEL =      -668.7118  VDWAALS    =      2345.4338
 EELEC  =    -14647.1723  EHBOND  =         0.0000  RESTRAINT  =        10.4782
 EAMBER (non-restraint)  =    -12928.4181
 EKCMT  =         0.0000  VIRIAL  =         0.0000  VOLUME     =     32537.1393
                                                    Density    =         0.9969
 Ewald error estimate:   0.1671E-04
 ------------------------------------------------------------------------------


 NSTEP =    46500   TIME(PS) =     113.000  TEMP(K) =   295.82  PRESS =     0.0
 Etot   =    -11080.3254  EKtot   =      1910.4863  EPtot      =    -12990.8117
 BOND   =         5.8385  ANGLE   =        13.8066  DIHED      =        16.7977
 1-4 NB =        13.1409  1-4 EEL =      -669.4178  VDWAALS    =      2524.7006
 EELEC  =    -14902.8859  EHBOND  =         0.0000  RESTRAINT  =         7.2077
 EAMBER (non-restraint)  =    -12998.0194
 EKCMT  =         0.0000  VIRIAL  =         0.0000  VOLUME     =     32308.2559
                                                    Density    =         1.0040
 Ewald error estimate:   0.1527E-03
 ------------------------------------------------------------------------------


 NSTEP =    47000   TIME(PS) =     114.000  TEMP(K) =   300.57  PRESS =     0.0
 Etot   =    -10961.3954  EKtot   =      1941.2174  EPtot      =    -12902.6128
 BOND   =         7.5113  ANGLE   =        11.0863  DIHED      =        15.5152
 1-4 NB =        12.2706  1-4 EEL =      -664.7677  VDWAALS    =      2438.3665
 EELEC  =    -14732.2567  EHBOND  =         0.0000  RESTRAINT  =         9.6616
 EAMBER (non-restraint)  =    -12912.2744
 EKCMT  =         0.0000  VIRIAL  =         0.0000  VOLUME     =     32405.7193
                                                    Density    =         1.0010
 Ewald error estimate:   0.1548E-03
 ------------------------------------------------------------------------------


 NSTEP =    47500   TIME(PS) =     115.000  TEMP(K) =   296.68  PRESS =     0.0
 Etot   =    -10967.1018  EKtot   =      1916.0798  EPtot      =    -12883.1815
 BOND   =         9.7913  ANGLE   =        12.9545  DIHED      =        16.5983
 1-4 NB =        14.4496  1-4 EEL =      -678.6374  VDWAALS    =      2456.1215
 EELEC  =    -14728.2474  EHBOND  =         0.0000  RESTRAINT  =        13.7879
 EAMBER (non-restraint)  =    -12896.9695
 EKCMT  =         0.0000  VIRIAL  =         0.0000  VOLUME     =     32405.7193
                                                    Density    =         1.0010
 Ewald error estimate:   0.1148E-03
 ------------------------------------------------------------------------------


 NSTEP =    48000   TIME(PS) =     116.000  TEMP(K) =   297.72  PRESS =     0.0
 Etot   =    -10891.4855  EKtot   =      1922.7659  EPtot      =    -12814.2513
 BOND   =         6.3032  ANGLE   =        11.2507  DIHED      =        17.2631
 1-4 NB =        12.9576  1-4 EEL =      -669.2048  VDWAALS    =      2518.3920
 EELEC  =    -14722.8307  EHBOND  =         0.0000  RESTRAINT  =        11.6175
 EAMBER (non-restraint)  =    -12825.8689
 EKCMT  =         0.0000  VIRIAL  =         0.0000  VOLUME     =     32550.5664
                                                    Density    =         0.9965
 Ewald error estimate:   0.1864E-03
 ------------------------------------------------------------------------------


 NSTEP =    48500   TIME(PS) =     117.000  TEMP(K) =   302.59  PRESS =     0.0
 Etot   =    -10879.8707  EKtot   =      1954.2322  EPtot      =    -12834.1028
 BOND   =         6.2904  ANGLE   =        14.6907  DIHED      =        17.8536
 1-4 NB =        10.2147  1-4 EEL =      -665.9751  VDWAALS    =      2415.6341
 EELEC  =    -14641.7801  EHBOND  =         0.0000  RESTRAINT  =         8.9688
 EAMBER (non-restraint)  =    -12843.0716
 EKCMT  =         0.0000  VIRIAL  =         0.0000  VOLUME     =     32796.0300
                                                    Density    =         0.9890
 Ewald error estimate:   0.2150E-03
 ------------------------------------------------------------------------------


 NSTEP =    49000   TIME(PS) =     118.000  TEMP(K) =   312.31  PRESS =     0.0
 Etot   =    -10897.3580  EKtot   =      2017.0068  EPtot      =    -12914.3647
 BOND   =         6.2604  ANGLE   =        14.3628  DIHED      =        16.1438
 1-4 NB =         9.9587  1-4 EEL =      -661.3689  VDWAALS    =      2499.3901
 EELEC  =    -14810.3150  EHBOND  =         0.0000  RESTRAINT  =        11.2033
 EAMBER (non-restraint)  =    -12925.5680
 EKCMT  =         0.0000  VIRIAL  =         0.0000  VOLUME     =     32522.7819
                                                    Density    =         0.9973
 Ewald error estimate:   0.6138E-04
 ------------------------------------------------------------------------------


 NSTEP =    49500   TIME(PS) =     119.000  TEMP(K) =   292.98  PRESS =     0.0
 Etot   =    -10977.3645  EKtot   =      1892.1469  EPtot      =    -12869.5114
 BOND   =         6.8330  ANGLE   =         9.7946  DIHED      =        17.3261
 1-4 NB =        12.5649  1-4 EEL =      -666.1985  VDWAALS    =      2380.0162
 EELEC  =    -14639.5003  EHBOND  =         0.0000  RESTRAINT  =         9.6526
 EAMBER (non-restraint)  =    -12879.1640
 EKCMT  =         0.0000  VIRIAL  =         0.0000  VOLUME     =     32504.8334
                                                    Density    =         0.9979
 Ewald error estimate:   0.5854E-05
 ------------------------------------------------------------------------------


 NSTEP =    50000   TIME(PS) =     120.000  TEMP(K) =   304.30  PRESS =     0.0
 Etot   =    -10911.6814  EKtot   =      1965.2887  EPtot      =    -12876.9701
 BOND   =         7.2472  ANGLE   =        11.8181  DIHED      =        15.5466
 1-4 NB =        12.3181  1-4 EEL =      -668.1868  VDWAALS    =      2448.2561
 EELEC  =    -14710.4906  EHBOND  =         0.0000  RESTRAINT  =         6.5212
 EAMBER (non-restraint)  =    -12883.4914
 EKCMT  =         0.0000  VIRIAL  =         0.0000  VOLUME     =     32302.1178
                                                    Density    =         1.0042
 Ewald error estimate:   0.2998E-03
 ------------------------------------------------------------------------------


      A V E R A G E S   O V E R     100 S T E P S


 NSTEP =    50000   TIME(PS) =     120.000  TEMP(K) =   297.58  PRESS =     0.0
 Etot   =    -10983.9740  EKtot   =      1921.8751  EPtot      =    -12905.8491
 BOND   =         7.6747  ANGLE   =        13.0508  DIHED      =        16.7948
 1-4 NB =        12.4445  1-4 EEL =      -667.4630  VDWAALS    =      2473.9312
 EELEC  =    -14771.9366  EHBOND  =         0.0000  RESTRAINT  =         9.6545
 EAMBER (non-restraint)  =    -12915.5036
 EKCMT  =         0.0000  VIRIAL  =         0.0000  VOLUME     =     32610.8621
                                                    Density    =         0.9956
 Ewald error estimate:   0.1693E-03
 ------------------------------------------------------------------------------


      R M S  F L U C T U A T I O N S


 NSTEP =    50000   TIME(PS) =     120.000  TEMP(K) =     5.41  PRESS =     0.0
 Etot   =        92.2465  EKtot   =        34.9690  EPtot      =        86.0812
 BOND   =         2.1236  ANGLE   =         2.6455  DIHED      =         2.0452
 1-4 NB =         1.0309  1-4 EEL =         4.5232  VDWAALS    =        73.2306
 EELEC  =       139.9256  EHBOND  =         0.0000  RESTRAINT  =         1.7159
 EAMBER (non-restraint)  =        84.3654
 EKCMT  =         0.0000  VIRIAL  =         0.0000  VOLUME     =      1036.4580
                                                    Density    =         0.0291
 Ewald error estimate:   0.1192E-03
 ------------------------------------------------------------------------------

| MC Barostat:        500 volume changes attempted.
| MC Barostat:        234 changes successful ( 46.80%)
 ------------------------------------------------------------------------------

--------------------------------------------------------------------------------
   5.  TIMINGS
--------------------------------------------------------------------------------

|  NonSetup CPU Time in Major Routines, Average for All Tasks:
|
|     Routine           Sec        %
|     ------------------------------
|     DataDistrib      10.41   10.06
|     Nonbond          87.62   84.64
|     Bond              0.14    0.13
|     Angle             0.16    0.15
|     Dihedral          0.20    0.20
|     Shake             0.60    0.58
|     RunMD             4.20    4.05
|     Other             0.19    0.18
|     ------------------------------
|     Total           103.52

|  PME Nonbond Pairlist CPU Time, Average for All Tasks:
|
|     Routine              Sec        %
|     ---------------------------------
|     Set Up Cit           0.29    0.28
|     Build List          10.36   10.01
|     ---------------------------------
|     Total               10.65   10.29

|  PME Direct Force CPU Time, Average for All Tasks:
|
|     Routine              Sec        %
|     ---------------------------------
|     NonBonded Calc      60.51   58.45
|     Exclude Masked       0.67    0.65
|     Other                2.45    2.36
|     ---------------------------------
|     Total               63.63   61.47

|  PME Reciprocal Force CPU Time, Average for All Tasks:
|
|     Routine              Sec        %
|     ---------------------------------
|     1D bspline           1.11    1.07
|     Grid Charges         1.21    1.17
|     Scalar Sum           1.16    1.12
|     Gradient Sum         2.10    2.03
|     FFT                  7.46    7.20
|     ---------------------------------
|     Total               13.04   12.60

|  PME Load Balancing CPU Time, Average for All Tasks:
|
|     Routine                 Sec        %
|     ------------------------------------
|     Atom Reassign           0.00    0.00
|     Image Reassign          0.00    0.00
|     FFT Reassign            0.00    0.00
|     ------------------------------------
|     Total                   0.01    0.01

|  Final Performance Info:
|     -----------------------------------------------------
|     Average timings for last   20500 steps:
|     Elapsed(s) =      42.74 Per Step(ms) =       2.08
|         ns/day =      82.89   seconds/ns =    1042.35
|
|     Average timings for all steps:
|     Elapsed(s) =     103.74 Per Step(ms) =       2.07
|         ns/day =      83.29   seconds/ns =    1037.35
|     -----------------------------------------------------

|  Master Setup CPU time:            0.03 seconds
|  Master NonSetup CPU time:       102.50 seconds
|  Master Total CPU time:          102.53 seconds     0.03 hours

|  Master Setup wall time:           1    seconds
|  Master NonSetup wall time:      104    seconds
|  Master Total wall time:         105    seconds     0.03 hours
