
          -------------------------------------------------------
          Amber 18 PMEMD                              2018
          -------------------------------------------------------

| PMEMD implementation of SANDER, Release 18

| Run on 03/12/2022 at 20:35:02

|   Executable path: pmemd.MPI
| Working directory: /bgfs/lchong/dty7/ff15ipq-lig/charges/gaff_00/GenConformers/Conf6
|          Hostname: smp-n123

  [-O]verwriting output

File Assignments:
|   MDIN: ../../../amber/6.2_eq1.in                                             
|  MDOUT: 6.2_eq1.out                                                           
| INPCRD: 6.1_min.rst                                                           
|   PARM: ../../mon.top                                                         
| RESTRT: 6.2_eq1.rst                                                           
|   REFC: 6.1_min.rst                                                           
|  MDVEL: mdvel                                                                 
|   MDEN: mden                                                                  
|  MDCRD: mdcrd                                                                 
| MDINFO: mdinfo                                                                
|LOGFILE: logfile                                                               
|  MDFRC: mdfrc                                                                 

 
 Here is the input file:
 
&cntrl                                                                         
  imin      = 0,                                                               
  irest     = 0,                                                               
  ntx       = 1,                                                               
  ig        = -1,                                                              
  dt        = 0.002,                                                           
  nstlim    = 10000,                                                           
  nscm      = 500,                                                             
  ntr       = 1,                                                               
  restraintmask = ':1',                                                        
  restraint_wt  = 10.0,                                                        
  ntb       = 1,                                                               
  ntp       = 0,                                                               
  ntt       = 3,                                                               
  tempi     = 298.0,                                                           
  temp0     = 298.0,                                                           
  gamma_ln  = 1.0,                                                             
  ntf       = 2,                                                               
  ntc       = 2,                                                               
  cut       = 10.0,                                                            
  ntpr      = 500,                                                             
  ntxo      = 2,                                                               
  ntwr      = 10000,                                                           
  ioutfm    = 1,                                                               
  ntwx      = 500,                                                             
  iwrap     = 1,                                                               
&end                                                                           


Note: ig = -1. Setting random seed to   738953 based on wallclock time in
      microseconds and disabling the synchronization of random numbers 
      between tasks to improve performance.
| irandom = 1, using AMBER's internal random number generator (default).
 
 
| Conditional Compilation Defines Used:
| MPI
| FFTW_FFT
| BINTRAJ
| MKL
| EMIL
 
| Largest sphere to fit in unit cell has radius =    14.807

| New format PARM file being parsed.
| Version =    1.000 Date = 03/12/22 Time = 14:58:37

| Note: 1-4 EEL scale factors are being read from the topology file.

| Note: 1-4 VDW scale factors are being read from the topology file.
| Duplicated    0 dihedrals

| Duplicated    0 dihedrals

--------------------------------------------------------------------------------
   1.  RESOURCE   USE: 
--------------------------------------------------------------------------------

 getting box info from netcdf restart file
 NATOM  =    3240 NTYPES =      13 NBONH =    3220 MBONA  =      21
 NTHETH =      33 MTHETA =      29 NPHIH =      60 MPHIA  =      45
 NHPARM =       0 NPARM  =       0 NNB   =    4456 NRES   =    1069
 NBONA  =      21 NTHETA =      29 NPHIA =      45 NUMBND =      22
 NUMANG =      35 NPTRA  =      18 NATYP =      17 NPHB   =       0
 IFBOX  =       2 NMXRS  =      36 IFCAP =       0 NEXTRA =       0
 NCOPY  =       0

| Coordinate Index Table dimensions:     5    5    5
| Direct force subcell size =     7.2538    7.2538    7.2538

     BOX TYPE: TRUNCATED OCTAHEDRON

--------------------------------------------------------------------------------
   2.  CONTROL  DATA  FOR  THE  RUN
--------------------------------------------------------------------------------

MON                                                                             

General flags:
     imin    =       0, nmropt  =       0

Nature and format of input:
     ntx     =       1, irest   =       0, ntrx    =       1

Nature and format of output:
     ntxo    =       2, ntpr    =     500, ntrx    =       1, ntwr    =   10000
     iwrap   =       1, ntwx    =     500, ntwv    =       0, ntwe    =       0
     ioutfm  =       1, ntwprt  =       0, idecomp =       0, rbornstat=      0

Potential function:
     ntf     =       2, ntb     =       1, igb     =       0, nsnb    =      25
     ipol    =       0, gbsa    =       0, iesp    =       0
     dielc   =   1.00000, cut     =  10.00000, intdiel =   1.00000

Frozen or restrained atoms:
     ibelly  =       0, ntr     =       1
     restraint_wt =  10.00000

Molecular dynamics:
     nstlim  =     10000, nscm    =         0, nrespa  =         1
     t       =   0.00000, dt      =   0.00200, vlimit  =  20.00000

Langevin dynamics temperature regulation:
     ig      =  738953
     temp0   = 298.00000, tempi   = 298.00000, gamma_ln=   1.00000

SHAKE:
     ntc     =       2, jfastw  =       0
     tol     =   0.00001

| Intermolecular bonds treatment:
|     no_intermolecular_bonds =       1

| Energy averages sample interval:
|     ene_avg_sampling =     500

Ewald parameters:
     verbose =       0, ew_type =       0, nbflag  =       1, use_pme =       1
     vdwmeth =       1, eedmeth =       1, netfrc  =       1
     Box X =   36.269   Box Y =   36.269   Box Z =   36.269
     Alpha =  109.471   Beta  =  109.471   Gamma =  109.471
     NFFT1 =   40       NFFT2 =   40       NFFT3 =   40
     Cutoff=   10.000   Tol   =0.100E-04
     Ewald Coefficient =  0.27511
     Interpolation order =    4

| PMEMD ewald parallel performance parameters:
|     block_fft =    0
|     fft_blk_y_divisor =    2
|     excl_recip =    0
|     excl_master =    0
|     atm_redist_freq =  320

    LOADING THE CONSTRAINED ATOMS AS GROUPS


   5.  REFERENCE ATOM COORDINATES

  MON                                                                             
     Mask :1; matches    36 atoms

--------------------------------------------------------------------------------
   3.  ATOMIC COORDINATES AND VELOCITIES
--------------------------------------------------------------------------------

MON                                                                             
 begin time read from input coords =     0.000 ps

 
 Number of triangulated 3-point waters found:     1068

     Sum of charges from parm topology file =  -0.00200217
     Forcing neutrality...

| Dynamic Memory, Types Used:
| Reals             1198019
| Integers           209558

| Nonbonded Pairs Initial Allocation:      317358

| Running AMBER/MPI version on    8 MPI task

 
--------------------------------------------------------------------------------
   4.  RESULTS
--------------------------------------------------------------------------------

 ---------------------------------------------------
 APPROXIMATING switch and d/dx switch using CUBIC SPLINE INTERPOLATION
 using   5000.0 points per unit in tabled values
 TESTING RELATIVE ERROR over r ranging from 0.0 to cutoff
| CHECK switch(x): max rel err =   0.3316E-14   at   2.351880
| CHECK d/dx switch(x): max rel err =   0.8066E-11   at   2.747240
 ---------------------------------------------------
|---------------------------------------------------
| APPROXIMATING direct energy using CUBIC SPLINE INTERPOLATION
|  with   50.0 points per unit in tabled values
| Relative Error Limit not exceeded for r .gt.   2.34
| APPROXIMATING direct force using CUBIC SPLINE INTERPOLATION
|  with   50.0 points per unit in tabled values
| Relative Error Limit not exceeded for r .gt.   2.81
|---------------------------------------------------

 NSTEP =        0   TIME(PS) =       0.000  TEMP(K) =   437.80  PRESS =     0.0
 Etot   =    -14709.9744  EKtot   =      2827.4985  EPtot      =    -17537.4729
 BOND   =         0.7713  ANGLE   =         4.3139  DIHED      =         8.1079
 1-4 NB =        10.1143  1-4 EEL =      -247.0794  VDWAALS    =      3745.3992
 EELEC  =    -21059.1001  EHBOND  =         0.0000  RESTRAINT  =         0.0000
 Ewald error estimate:   0.1258E-03
 ------------------------------------------------------------------------------

wrapping first mol.:       24.17947       34.19493        0.00000

 NSTEP =      500   TIME(PS) =       1.000  TEMP(K) =   244.33  PRESS =     0.0
 Etot   =    -11416.7645  EKtot   =      1577.9599  EPtot      =    -12994.7243
 BOND   =         6.1128  ANGLE   =        11.3129  DIHED      =        11.5102
 1-4 NB =        10.9337  1-4 EEL =      -247.7702  VDWAALS    =      2498.0614
 EELEC  =    -15291.6465  EHBOND  =         0.0000  RESTRAINT  =         6.7614
 EAMBER (non-restraint)  =    -13001.4857
 Ewald error estimate:   0.2648E-03
 ------------------------------------------------------------------------------

wrapping first mol.:       24.17947       34.19493        0.00000

 NSTEP =     1000   TIME(PS) =       2.000  TEMP(K) =   268.40  PRESS =     0.0
 Etot   =    -11018.9874  EKtot   =      1733.4171  EPtot      =    -12752.4046
 BOND   =         6.4407  ANGLE   =        12.9231  DIHED      =        12.9855
 1-4 NB =        10.1816  1-4 EEL =      -245.0211  VDWAALS    =      2497.2652
 EELEC  =    -15052.7361  EHBOND  =         0.0000  RESTRAINT  =         5.5567
 EAMBER (non-restraint)  =    -12757.9612
 Ewald error estimate:   0.1037E-04
 ------------------------------------------------------------------------------

wrapping first mol.:       24.17947       34.19493        0.00000

 NSTEP =     1500   TIME(PS) =       3.000  TEMP(K) =   281.76  PRESS =     0.0
 Etot   =    -10817.0685  EKtot   =      1819.7155  EPtot      =    -12636.7839
 BOND   =         5.5242  ANGLE   =        13.3977  DIHED      =         8.0858
 1-4 NB =        11.7737  1-4 EEL =      -247.6010  VDWAALS    =      2408.7235
 EELEC  =    -14843.6297  EHBOND  =         0.0000  RESTRAINT  =         6.9419
 EAMBER (non-restraint)  =    -12643.7258
 Ewald error estimate:   0.1165E-03
 ------------------------------------------------------------------------------

wrapping first mol.:       24.17947       34.19493        0.00000

 NSTEP =     2000   TIME(PS) =       4.000  TEMP(K) =   300.64  PRESS =     0.0
 Etot   =    -10609.5560  EKtot   =      1941.6269  EPtot      =    -12551.1829
 BOND   =         7.8291  ANGLE   =        11.9620  DIHED      =        10.1966
 1-4 NB =         9.8638  1-4 EEL =      -244.8695  VDWAALS    =      2380.3819
 EELEC  =    -14735.1383  EHBOND  =         0.0000  RESTRAINT  =         8.5917
 EAMBER (non-restraint)  =    -12559.7745
 Ewald error estimate:   0.7266E-03
 ------------------------------------------------------------------------------

wrapping first mol.:       24.17947       34.19493        0.00000

 NSTEP =     2500   TIME(PS) =       5.000  TEMP(K) =   299.93  PRESS =     0.0
 Etot   =    -10549.6195  EKtot   =      1937.0734  EPtot      =    -12486.6929
 BOND   =        10.2676  ANGLE   =        15.2080  DIHED      =        13.5015
 1-4 NB =        11.0533  1-4 EEL =      -244.3620  VDWAALS    =      2360.6223
 EELEC  =    -14658.7201  EHBOND  =         0.0000  RESTRAINT  =         5.7365
 EAMBER (non-restraint)  =    -12492.4294
 Ewald error estimate:   0.1546E-04
 ------------------------------------------------------------------------------

wrapping first mol.:       24.17947       34.19493        0.00000

 NSTEP =     3000   TIME(PS) =       6.000  TEMP(K) =   290.29  PRESS =     0.0
 Etot   =    -10474.8574  EKtot   =      1874.7936  EPtot      =    -12349.6511
 BOND   =        11.3915  ANGLE   =        12.7257  DIHED      =        13.0250
 1-4 NB =        10.0457  1-4 EEL =      -249.1149  VDWAALS    =      2276.7821
 EELEC  =    -14435.6473  EHBOND  =         0.0000  RESTRAINT  =        11.1410
 EAMBER (non-restraint)  =    -12360.7921
 Ewald error estimate:   0.1255E-03
 ------------------------------------------------------------------------------

wrapping first mol.:       24.17947       34.19493        0.00000

 NSTEP =     3500   TIME(PS) =       7.000  TEMP(K) =   296.71  PRESS =     0.0
 Etot   =    -10492.4865  EKtot   =      1916.2782  EPtot      =    -12408.7647
 BOND   =         9.5466  ANGLE   =        15.2203  DIHED      =        13.3220
 1-4 NB =         9.2170  1-4 EEL =      -247.1870  VDWAALS    =      2298.5633
 EELEC  =    -14513.3021  EHBOND  =         0.0000  RESTRAINT  =         5.8552
 EAMBER (non-restraint)  =    -12414.6199
 Ewald error estimate:   0.6214E-04
 ------------------------------------------------------------------------------

wrapping first mol.:       24.17947       34.19493        0.00000

 NSTEP =     4000   TIME(PS) =       8.000  TEMP(K) =   292.74  PRESS =     0.0
 Etot   =    -10509.4184  EKtot   =      1890.6234  EPtot      =    -12400.0419
 BOND   =         7.4503  ANGLE   =        16.4188  DIHED      =        11.0091
 1-4 NB =        10.1641  1-4 EEL =      -247.8279  VDWAALS    =      2254.3041
 EELEC  =    -14462.6886  EHBOND  =         0.0000  RESTRAINT  =        11.1282
 EAMBER (non-restraint)  =    -12411.1701
 Ewald error estimate:   0.3091E-03
 ------------------------------------------------------------------------------

wrapping first mol.:       24.17947       34.19493        0.00000

 NSTEP =     4500   TIME(PS) =       9.000  TEMP(K) =   292.31  PRESS =     0.0
 Etot   =    -10534.0345  EKtot   =      1887.8237  EPtot      =    -12421.8582
 BOND   =         4.5092  ANGLE   =        14.8191  DIHED      =        12.5506
 1-4 NB =        11.3763  1-4 EEL =      -249.0570  VDWAALS    =      2245.0375
 EELEC  =    -14467.4858  EHBOND  =         0.0000  RESTRAINT  =         6.3920
 EAMBER (non-restraint)  =    -12428.2502
 Ewald error estimate:   0.5538E-04
 ------------------------------------------------------------------------------

wrapping first mol.:       24.17947       34.19493        0.00000

 NSTEP =     5000   TIME(PS) =      10.000  TEMP(K) =   298.19  PRESS =     0.0
 Etot   =    -10435.5986  EKtot   =      1925.7969  EPtot      =    -12361.3955
 BOND   =         9.5967  ANGLE   =         8.4712  DIHED      =        11.8565
 1-4 NB =         9.7538  1-4 EEL =      -247.9543  VDWAALS    =      2350.9785
 EELEC  =    -14511.4506  EHBOND  =         0.0000  RESTRAINT  =         7.3527
 EAMBER (non-restraint)  =    -12368.7482
 Ewald error estimate:   0.6209E-04
 ------------------------------------------------------------------------------

wrapping first mol.:       24.17947       34.19493        0.00000

 NSTEP =     5500   TIME(PS) =      11.000  TEMP(K) =   297.93  PRESS =     0.0
 Etot   =    -10542.5365  EKtot   =      1924.1398  EPtot      =    -12466.6763
 BOND   =         8.4754  ANGLE   =        18.7903  DIHED      =        11.1124
 1-4 NB =        10.1227  1-4 EEL =      -247.3644  VDWAALS    =      2308.3282
 EELEC  =    -14584.9911  EHBOND  =         0.0000  RESTRAINT  =         8.8503
 EAMBER (non-restraint)  =    -12475.5266
 Ewald error estimate:   0.6967E-04
 ------------------------------------------------------------------------------

wrapping first mol.:       24.17947       34.19493        0.00000

 NSTEP =     6000   TIME(PS) =      12.000  TEMP(K) =   289.97  PRESS =     0.0
 Etot   =    -10509.2947  EKtot   =      1872.7579  EPtot      =    -12382.0527
 BOND   =         7.9085  ANGLE   =        11.0963  DIHED      =        12.0916
 1-4 NB =        10.2988  1-4 EEL =      -246.3958  VDWAALS    =      2283.6323
 EELEC  =    -14467.4457  EHBOND  =         0.0000  RESTRAINT  =         6.7614
 EAMBER (non-restraint)  =    -12388.8140
 Ewald error estimate:   0.1665E-03
 ------------------------------------------------------------------------------

wrapping first mol.:       24.17947       34.19493        0.00000

 NSTEP =     6500   TIME(PS) =      13.000  TEMP(K) =   295.78  PRESS =     0.0
 Etot   =    -10518.3216  EKtot   =      1910.2742  EPtot      =    -12428.5958
 BOND   =         5.0282  ANGLE   =        12.2541  DIHED      =        11.2820
 1-4 NB =        11.0436  1-4 EEL =      -246.6586  VDWAALS    =      2329.4129
 EELEC  =    -14555.3204  EHBOND  =         0.0000  RESTRAINT  =         4.3625
 EAMBER (non-restraint)  =    -12432.9583
 Ewald error estimate:   0.2659E-03
 ------------------------------------------------------------------------------

wrapping first mol.:       24.17947       34.19493        0.00000

 NSTEP =     7000   TIME(PS) =      14.000  TEMP(K) =   291.81  PRESS =     0.0
 Etot   =    -10473.2608  EKtot   =      1884.6451  EPtot      =    -12357.9059
 BOND   =         9.1756  ANGLE   =        15.5354  DIHED      =         8.9191
 1-4 NB =        10.1982  1-4 EEL =      -247.2853  VDWAALS    =      2219.4540
 EELEC  =    -14382.2263  EHBOND  =         0.0000  RESTRAINT  =         8.3235
 EAMBER (non-restraint)  =    -12366.2294
 Ewald error estimate:   0.3318E-03
 ------------------------------------------------------------------------------

wrapping first mol.:       24.17947       34.19493        0.00000

 NSTEP =     7500   TIME(PS) =      15.000  TEMP(K) =   299.21  PRESS =     0.0
 Etot   =    -10478.7019  EKtot   =      1932.4259  EPtot      =    -12411.1279
 BOND   =         8.1587  ANGLE   =        14.4960  DIHED      =         9.5493
 1-4 NB =        11.1197  1-4 EEL =      -245.9636  VDWAALS    =      2277.2615
 EELEC  =    -14491.3511  EHBOND  =         0.0000  RESTRAINT  =         5.6017
 EAMBER (non-restraint)  =    -12416.7295
 Ewald error estimate:   0.1847E-03
 ------------------------------------------------------------------------------

wrapping first mol.:       24.17947       34.19493        0.00000

 NSTEP =     8000   TIME(PS) =      16.000  TEMP(K) =   298.27  PRESS =     0.0
 Etot   =    -10446.0837  EKtot   =      1926.3450  EPtot      =    -12372.4287
 BOND   =         6.7259  ANGLE   =        13.7766  DIHED      =        13.2111
 1-4 NB =         9.7080  1-4 EEL =      -246.3129  VDWAALS    =      2315.1953
 EELEC  =    -14491.2696  EHBOND  =         0.0000  RESTRAINT  =         6.5370
 EAMBER (non-restraint)  =    -12378.9657
 Ewald error estimate:   0.1438E-04
 ------------------------------------------------------------------------------

wrapping first mol.:       24.17947       34.19493        0.00000

 NSTEP =     8500   TIME(PS) =      17.000  TEMP(K) =   302.38  PRESS =     0.0
 Etot   =    -10431.1894  EKtot   =      1952.8780  EPtot      =    -12384.0674
 BOND   =         6.9254  ANGLE   =        17.6525  DIHED      =        11.9115
 1-4 NB =        10.7924  1-4 EEL =      -245.2425  VDWAALS    =      2244.8424
 EELEC  =    -14440.4081  EHBOND  =         0.0000  RESTRAINT  =         9.4591
 EAMBER (non-restraint)  =    -12393.5265
 Ewald error estimate:   0.2689E-03
 ------------------------------------------------------------------------------

wrapping first mol.:       24.17947       34.19493        0.00000

 NSTEP =     9000   TIME(PS) =      18.000  TEMP(K) =   293.73  PRESS =     0.0
 Etot   =    -10517.3857  EKtot   =      1897.0332  EPtot      =    -12414.4190
 BOND   =         6.9746  ANGLE   =        15.1002  DIHED      =         9.6157
 1-4 NB =        11.2636  1-4 EEL =      -246.0651  VDWAALS    =      2327.5838
 EELEC  =    -14543.9207  EHBOND  =         0.0000  RESTRAINT  =         5.0290
 EAMBER (non-restraint)  =    -12419.4479
 Ewald error estimate:   0.3394E-03
 ------------------------------------------------------------------------------

wrapping first mol.:       24.17947       34.19493        0.00000

 NSTEP =     9500   TIME(PS) =      19.000  TEMP(K) =   301.13  PRESS =     0.0
 Etot   =    -10394.6937  EKtot   =      1944.7879  EPtot      =    -12339.4816
 BOND   =         5.5061  ANGLE   =        14.0041  DIHED      =         9.8578
 1-4 NB =         9.8831  1-4 EEL =      -245.7793  VDWAALS    =      2387.1942
 EELEC  =    -14525.1347  EHBOND  =         0.0000  RESTRAINT  =         4.9870
 EAMBER (non-restraint)  =    -12344.4686
 Ewald error estimate:   0.1035E-03
 ------------------------------------------------------------------------------

wrapping first mol.:       24.17947       34.19493        0.00000
wrapping first mol.:       24.17947       34.19493        0.00000

 NSTEP =    10000   TIME(PS) =      20.000  TEMP(K) =   302.94  PRESS =     0.0
 Etot   =    -10467.5207  EKtot   =      1956.5003  EPtot      =    -12424.0210
 BOND   =         6.4244  ANGLE   =        13.3072  DIHED      =        11.7175
 1-4 NB =        11.9723  1-4 EEL =      -247.7982  VDWAALS    =      2375.1260
 EELEC  =    -14599.9302  EHBOND  =         0.0000  RESTRAINT  =         5.1600
 EAMBER (non-restraint)  =    -12429.1810
 Ewald error estimate:   0.1201E-03
 ------------------------------------------------------------------------------


      A V E R A G E S   O V E R      20 S T E P S


 NSTEP =    10000   TIME(PS) =      20.000  TEMP(K) =   291.92  PRESS =     0.0
 Etot   =    -10581.8690  EKtot   =      1885.3448  EPtot      =    -12467.2138
 BOND   =         7.4986  ANGLE   =        13.9236  DIHED      =        11.3655
 1-4 NB =        10.5383  1-4 EEL =      -246.7815  VDWAALS    =      2331.9375
 EELEC  =    -14602.7222  EHBOND  =         0.0000  RESTRAINT  =         7.0264
 EAMBER (non-restraint)  =    -12474.2402
 Ewald error estimate:   0.1806E-03
 ------------------------------------------------------------------------------


      R M S  F L U C T U A T I O N S


 NSTEP =    10000   TIME(PS) =      20.000  TEMP(K) =    13.41  PRESS =     0.0
 Etot   =       236.6773  EKtot   =        86.5834  EPtot      =       156.7631
 BOND   =         1.7917  ANGLE   =         2.3082  DIHED      =         1.5286
 1-4 NB =         0.7308  1-4 EEL =         1.3054  VDWAALS    =        75.3113
 EELEC  =       220.0125  EHBOND  =         0.0000  RESTRAINT  =         1.9233
 EAMBER (non-restraint)  =       154.8398
 Ewald error estimate:   0.1646E-03
 ------------------------------------------------------------------------------

--------------------------------------------------------------------------------
   5.  TIMINGS
--------------------------------------------------------------------------------

|  NonSetup CPU Time in Major Routines, Average for All Tasks:
|
|     Routine           Sec        %
|     ------------------------------
|     DataDistrib       1.91   10.07
|     Nonbond          15.94   83.94
|     Bond              0.03    0.14
|     Angle             0.04    0.19
|     Dihedral          0.05    0.28
|     Shake             0.13    0.67
|     RunMD             0.87    4.57
|     Other             0.03    0.14
|     ------------------------------
|     Total            18.99

|  PME Nonbond Pairlist CPU Time, Average for All Tasks:
|
|     Routine              Sec        %
|     ---------------------------------
|     Set Up Cit           0.06    0.30
|     Build List           1.95   10.27
|     ---------------------------------
|     Total                2.01   10.57

|  PME Direct Force CPU Time, Average for All Tasks:
|
|     Routine              Sec        %
|     ---------------------------------
|     NonBonded Calc      10.64   56.03
|     Exclude Masked       0.14    0.72
|     Other                0.49    2.56
|     ---------------------------------
|     Total               11.26   59.31

|  PME Reciprocal Force CPU Time, Average for All Tasks:
|
|     Routine              Sec        %
|     ---------------------------------
|     1D bspline           0.22    1.17
|     Grid Charges         0.24    1.27
|     Scalar Sum           0.21    1.13
|     Gradient Sum         0.43    2.24
|     FFT                  1.51    7.94
|     ---------------------------------
|     Total                2.61   13.74

|  PME Load Balancing CPU Time, Average for All Tasks:
|
|     Routine                 Sec        %
|     ------------------------------------
|     Atom Reassign           0.00    0.00
|     Image Reassign          0.00    0.01
|     FFT Reassign            0.00    0.00
|     ------------------------------------
|     Total                   0.00    0.01

|  Final Performance Info:
|     -----------------------------------------------------
|     Average timings for last   10000 steps:
|     Elapsed(s) =      19.02 Per Step(ms) =       1.90
|         ns/day =      90.84   seconds/ns =     951.12
|
|     Average timings for all steps:
|     Elapsed(s) =      19.02 Per Step(ms) =       1.90
|         ns/day =      90.84   seconds/ns =     951.12
|     -----------------------------------------------------

|  Master Setup CPU time:            0.04 seconds
|  Master NonSetup CPU time:        18.97 seconds
|  Master Total CPU time:           19.01 seconds     0.01 hours

|  Master Setup wall time:           0    seconds
|  Master NonSetup wall time:       19    seconds
|  Master Total wall time:          19    seconds     0.01 hours
