
          -------------------------------------------------------
          Amber 18 PMEMD                              2018
          -------------------------------------------------------

| PMEMD implementation of SANDER, Release 18

| Run on 04/22/2022 at 01:13:08

|   Executable path: pmemd
| Working directory: /bgfs/lchong/dty7/ff15ipq-lig/charges/gaff_00/GenConformers/Conf6
|          Hostname: smp-n123

  [-O]verwriting output

File Assignments:
|   MDIN: ../../../amber/6.3_eq2.in                                             
|  MDOUT: 6.3_eq2.out                                                           
| INPCRD: 6.2_eq1.rst                                                           
|   PARM: ../../mon.top                                                         
| RESTRT: 6.3_eq2.rst                                                           
|   REFC: 6.2_eq1.rst                                                           
|  MDVEL: mdvel                                                                 
|   MDEN: mden                                                                  
|  MDCRD: mdcrd                                                                 
| MDINFO: mdinfo                                                                
|  MDFRC: mdfrc                                                                 

 
 Here is the input file:
 
&cntrl                                                                         
  imin      = 0,                                                               
  irest     = 1,                                                               
  ntx       = 5,                                                               
  ig        = -1,                                                              
  dt        = 0.002,                                                           
  nstlim    = 50000,                                                           
  nscm      = 500,                                                             
  ntr       = 1,                                                               
  restraintmask = ':1',                                                        
  restraint_wt  = 10.0,                                                        
  ntb       = 2,                                                               
  ntp       = 1,                                                               
  barostat  = 2,                                                               
  pres0     = 1.0,                                                             
  mcbarint  = 100,                                                             
  comp      = 44.6,                                                            
  taup      = 1.0,                                                             
  ntt       = 3,                                                               
  temp0     = 298.0,                                                           
  gamma_ln  = 1.0,                                                             
  ntf       = 2,                                                               
  ntc       = 2,                                                               
  cut       = 10.0,                                                            
  ntpr      = 500,                                                             
  ntxo      = 1,                                                               
  ntwr      = 50000,                                                           
  ioutfm    = 1,                                                               
  ntwx      = 500,                                                             
  iwrap     = 1,                                                               
&end                                                                           


Note: ig = -1. Setting random seed to   410132 based on wallclock time in 
      microseconds.
| irandom = 1, using AMBER's internal random number generator (default).
 
 
| Conditional Compilation Defines Used:
| PUBFFT
| BINTRAJ
| MKL
| EMIL
 
| Largest sphere to fit in unit cell has radius =    14.780

| New format PARM file being parsed.
| Version =    1.000 Date = 04/21/22 Time = 16:39:25

| Note: 1-4 EEL scale factors are being read from the topology file.

| Note: 1-4 VDW scale factors are being read from the topology file.
| Duplicated    0 dihedrals

| Duplicated    0 dihedrals

--------------------------------------------------------------------------------
   1.  RESOURCE   USE: 
--------------------------------------------------------------------------------

 getting box info from netcdf restart file
 NATOM  =    3240 NTYPES =      13 NBONH =    3220 MBONA  =      21
 NTHETH =      33 MTHETA =      29 NPHIH =      60 MPHIA  =      45
 NHPARM =       0 NPARM  =       0 NNB   =    4456 NRES   =    1069
 NBONA  =      21 NTHETA =      29 NPHIA =      45 NUMBND =      22
 NUMANG =      35 NPTRA  =      18 NATYP =      17 NPHB   =       0
 IFBOX  =       2 NMXRS  =      36 IFCAP =       0 NEXTRA =       0
 NCOPY  =       0

| Coordinate Index Table dimensions:     5    5    5
| Direct force subcell size =     7.2407    7.2407    7.2407

     BOX TYPE: TRUNCATED OCTAHEDRON

--------------------------------------------------------------------------------
   2.  CONTROL  DATA  FOR  THE  RUN
--------------------------------------------------------------------------------

MON                                                                             

General flags:
     imin    =       0, nmropt  =       0

Nature and format of input:
     ntx     =       5, irest   =       1, ntrx    =       1

Nature and format of output:
     ntxo    =       1, ntpr    =     500, ntrx    =       1, ntwr    =   50000
     iwrap   =       1, ntwx    =     500, ntwv    =       0, ntwe    =       0
     ioutfm  =       1, ntwprt  =       0, idecomp =       0, rbornstat=      0

Potential function:
     ntf     =       2, ntb     =       2, igb     =       0, nsnb    =      25
     ipol    =       0, gbsa    =       0, iesp    =       0
     dielc   =   1.00000, cut     =  10.00000, intdiel =   1.00000

Frozen or restrained atoms:
     ibelly  =       0, ntr     =       1
     restraint_wt =  10.00000

Molecular dynamics:
     nstlim  =     50000, nscm    =         0, nrespa  =         1
     t       =   0.00000, dt      =   0.00200, vlimit  =  20.00000

Langevin dynamics temperature regulation:
     ig      =  410132
     temp0   = 298.00000, tempi   =   0.00000, gamma_ln=   1.00000

Pressure regulation:
     ntp     =       1
     pres0   =   1.00000, comp    =  44.60000, taup    =   1.00000
     Monte-Carlo Barostat:
     mcbarint  =     100

SHAKE:
     ntc     =       2, jfastw  =       0
     tol     =   0.00001

| Intermolecular bonds treatment:
|     no_intermolecular_bonds =       1

| Energy averages sample interval:
|     ene_avg_sampling =     500

Ewald parameters:
     verbose =       0, ew_type =       0, nbflag  =       1, use_pme =       1
     vdwmeth =       1, eedmeth =       1, netfrc  =       1
     Box X =   36.203   Box Y =   36.203   Box Z =   36.203
     Alpha =  109.471   Beta  =  109.471   Gamma =  109.471
     NFFT1 =   40       NFFT2 =   40       NFFT3 =   40
     Cutoff=   10.000   Tol   =0.100E-04
     Ewald Coefficient =  0.27511
     Interpolation order =    4

    LOADING THE CONSTRAINED ATOMS AS GROUPS


   5.  REFERENCE ATOM COORDINATES

  MON                                                                             
     Mask :1; matches    36 atoms
| MONTE CARLO BAROSTAT IMPORTANT NOTE:
|   The Monte-Carlo barostat does not require the virial to adjust the system volume.
|   Since it is an expensive calculation, it is skipped for efficiency. A side-effect
|   is that the reported pressure is always 0 because it is not calculated.

--------------------------------------------------------------------------------
   3.  ATOMIC COORDINATES AND VELOCITIES
--------------------------------------------------------------------------------

MON                                                                             
 begin time read from input coords =    20.000 ps

 
 Number of triangulated 3-point waters found:     1068

     Sum of charges from parm topology file =  -0.00200217
     Forcing neutrality...

| Dynamic Memory, Types Used:
| Reals              282990
| Integers            92714

| Nonbonded Pairs Initial Allocation:      980019

--------------------------------------------------------------------------------
   4.  RESULTS
--------------------------------------------------------------------------------

 ---------------------------------------------------
 APPROXIMATING switch and d/dx switch using CUBIC SPLINE INTERPOLATION
 using   5000.0 points per unit in tabled values
 TESTING RELATIVE ERROR over r ranging from 0.0 to cutoff
| CHECK switch(x): max rel err =   0.3316E-14   at   2.351880
| CHECK d/dx switch(x): max rel err =   0.8066E-11   at   2.747240
 ---------------------------------------------------
|---------------------------------------------------
| APPROXIMATING direct energy using CUBIC SPLINE INTERPOLATION
|  with   50.0 points per unit in tabled values
| Relative Error Limit not exceeded for r .gt.   2.34
| APPROXIMATING direct force using CUBIC SPLINE INTERPOLATION
|  with   50.0 points per unit in tabled values
| Relative Error Limit not exceeded for r .gt.   2.81
|---------------------------------------------------
wrapping first mol.:       11.99752       16.96706       29.38780

 NSTEP =      500   TIME(PS) =      21.000  TEMP(K) =   289.72  PRESS =     0.0
 Etot   =    -10590.8673  EKtot   =      1871.0895  EPtot      =    -12461.9568
 BOND   =         7.9056  ANGLE   =        14.7769  DIHED      =        11.4228
 1-4 NB =        11.2480  1-4 EEL =      -246.2289  VDWAALS    =      2391.8174
 EELEC  =    -14661.8763  EHBOND  =         0.0000  RESTRAINT  =         8.9777
 EAMBER (non-restraint)  =    -12470.9345
 EKCMT  =         0.0000  VIRIAL  =         0.0000  VOLUME     =     35893.5363
                                                    Density    =         0.9037
 Ewald error estimate:   0.1343E-03
 ------------------------------------------------------------------------------

wrapping first mol.:       11.97135       16.93005       29.32371

 NSTEP =     1000   TIME(PS) =      22.000  TEMP(K) =   299.07  PRESS =     0.0
 Etot   =    -10528.8804  EKtot   =      1931.4932  EPtot      =    -12460.3736
 BOND   =         6.5507  ANGLE   =        10.8538  DIHED      =        14.8955
 1-4 NB =        11.8713  1-4 EEL =      -247.1027  VDWAALS    =      2468.3882
 EELEC  =    -14731.6685  EHBOND  =         0.0000  RESTRAINT  =         5.8382
 EAMBER (non-restraint)  =    -12466.2118
 EKCMT  =         0.0000  VIRIAL  =         0.0000  VOLUME     =     35659.1937
                                                    Density    =         0.9096
 Ewald error estimate:   0.6534E-04
 ------------------------------------------------------------------------------

wrapping first mol.:       11.90977       16.84296       29.17285

 NSTEP =     1500   TIME(PS) =      23.000  TEMP(K) =   293.56  PRESS =     0.0
 Etot   =    -10565.8683  EKtot   =      1895.9369  EPtot      =    -12461.8051
 BOND   =         4.7025  ANGLE   =        11.7152  DIHED      =        13.1587
 1-4 NB =        12.2550  1-4 EEL =      -247.5901  VDWAALS    =      2481.1969
 EELEC  =    -14746.0353  EHBOND  =         0.0000  RESTRAINT  =         8.7921
 EAMBER (non-restraint)  =    -12470.5972
 EKCMT  =         0.0000  VIRIAL  =         0.0000  VOLUME     =     35111.6822
                                                    Density    =         0.9238
 Ewald error estimate:   0.2967E-03
 ------------------------------------------------------------------------------

wrapping first mol.:       11.81429       16.70793       28.93898

 NSTEP =     2000   TIME(PS) =      24.000  TEMP(K) =   296.05  PRESS =     0.0
 Etot   =    -10575.2934  EKtot   =      1911.9870  EPtot      =    -12487.2803
 BOND   =        12.1191  ANGLE   =        13.1584  DIHED      =        11.7201
 1-4 NB =        10.7886  1-4 EEL =      -248.0550  VDWAALS    =      2611.4922
 EELEC  =    -14905.6414  EHBOND  =         0.0000  RESTRAINT  =         7.1376
 EAMBER (non-restraint)  =    -12494.4180
 EKCMT  =         0.0000  VIRIAL  =         0.0000  VOLUME     =     34273.9851
                                                    Density    =         0.9464
 Ewald error estimate:   0.6127E-04
 ------------------------------------------------------------------------------

wrapping first mol.:       11.80975       16.70151       28.92786

 NSTEP =     2500   TIME(PS) =      25.000  TEMP(K) =   298.60  PRESS =     0.0
 Etot   =    -10616.0831  EKtot   =      1928.4736  EPtot      =    -12544.5567
 BOND   =         5.9040  ANGLE   =        10.0548  DIHED      =        11.6737
 1-4 NB =        10.9394  1-4 EEL =      -242.7450  VDWAALS    =      2515.7595
 EELEC  =    -14864.8655  EHBOND  =         0.0000  RESTRAINT  =         8.7224
 EAMBER (non-restraint)  =    -12553.2791
 EKCMT  =         0.0000  VIRIAL  =         0.0000  VOLUME     =     34234.5069
                                                    Density    =         0.9475
 Ewald error estimate:   0.3131E-03
 ------------------------------------------------------------------------------

wrapping first mol.:       11.77656       16.65458       28.84657

 NSTEP =     3000   TIME(PS) =      26.000  TEMP(K) =   301.00  PRESS =     0.0
 Etot   =    -10474.8265  EKtot   =      1943.9617  EPtot      =    -12418.7882
 BOND   =         5.9626  ANGLE   =        14.9446  DIHED      =        13.0408
 1-4 NB =         9.8169  1-4 EEL =      -244.5360  VDWAALS    =      2386.1525
 EELEC  =    -14612.6593  EHBOND  =         0.0000  RESTRAINT  =         8.4898
 EAMBER (non-restraint)  =    -12427.2780
 EKCMT  =         0.0000  VIRIAL  =         0.0000  VOLUME     =     33946.6883
                                                    Density    =         0.9555
 Ewald error estimate:   0.3522E-03
 ------------------------------------------------------------------------------

wrapping first mol.:       11.74967       16.61654       28.78069

 NSTEP =     3500   TIME(PS) =      27.000  TEMP(K) =   303.47  PRESS =     0.0
 Etot   =    -10584.5008  EKtot   =      1959.9159  EPtot      =    -12544.4166
 BOND   =         6.2878  ANGLE   =        13.0878  DIHED      =        15.1872
 1-4 NB =        11.6201  1-4 EEL =      -245.2035  VDWAALS    =      2438.7004
 EELEC  =    -14793.0792  EHBOND  =         0.0000  RESTRAINT  =         8.9828
 EAMBER (non-restraint)  =    -12553.3994
 EKCMT  =         0.0000  VIRIAL  =         0.0000  VOLUME     =     33714.6420
                                                    Density    =         0.9621
 Ewald error estimate:   0.2340E-03
 ------------------------------------------------------------------------------

wrapping first mol.:       11.69270       16.53597       28.64114

 NSTEP =     4000   TIME(PS) =      28.000  TEMP(K) =   303.97  PRESS =     0.0
 Etot   =    -10622.1416  EKtot   =      1963.1331  EPtot      =    -12585.2747
 BOND   =         8.8489  ANGLE   =        14.7550  DIHED      =        11.8453
 1-4 NB =        10.8767  1-4 EEL =      -247.0267  VDWAALS    =      2523.4092
 EELEC  =    -14915.0145  EHBOND  =         0.0000  RESTRAINT  =         7.0314
 EAMBER (non-restraint)  =    -12592.3061
 EKCMT  =         0.0000  VIRIAL  =         0.0000  VOLUME     =     33226.6105
                                                    Density    =         0.9762
 Ewald error estimate:   0.4338E-03
 ------------------------------------------------------------------------------

wrapping first mol.:       11.68693       16.52781       28.62701

 NSTEP =     4500   TIME(PS) =      29.000  TEMP(K) =   299.58  PRESS =     0.0
 Etot   =    -10660.1264  EKtot   =      1934.8148  EPtot      =    -12594.9411
 BOND   =        14.9945  ANGLE   =        13.3846  DIHED      =        14.9420
 1-4 NB =        10.8205  1-4 EEL =      -248.0300  VDWAALS    =      2544.3813
 EELEC  =    -14955.3510  EHBOND  =         0.0000  RESTRAINT  =         9.9169
 EAMBER (non-restraint)  =    -12604.8580
 EKCMT  =         0.0000  VIRIAL  =         0.0000  VOLUME     =     33177.4301
                                                    Density    =         0.9777
 Ewald error estimate:   0.2510E-05
 ------------------------------------------------------------------------------

wrapping first mol.:       11.65721       16.48579       28.55422

 NSTEP =     5000   TIME(PS) =      30.000  TEMP(K) =   293.87  PRESS =     0.0
 Etot   =    -10666.1721  EKtot   =      1897.9076  EPtot      =    -12564.0797
 BOND   =         6.8784  ANGLE   =        11.2983  DIHED      =        12.5669
 1-4 NB =        12.4397  1-4 EEL =      -246.0968  VDWAALS    =      2503.1332
 EELEC  =    -14870.5921  EHBOND  =         0.0000  RESTRAINT  =         6.2927
 EAMBER (non-restraint)  =    -12570.3724
 EKCMT  =         0.0000  VIRIAL  =         0.0000  VOLUME     =     32924.9939
                                                    Density    =         0.9852
 Ewald error estimate:   0.3342E-03
 ------------------------------------------------------------------------------

wrapping first mol.:       11.65721       16.48579       28.55422

 NSTEP =     5500   TIME(PS) =      31.000  TEMP(K) =   290.26  PRESS =     0.0
 Etot   =    -10731.3248  EKtot   =      1874.6114  EPtot      =    -12605.9362
 BOND   =         6.2361  ANGLE   =         7.4095  DIHED      =        11.4588
 1-4 NB =        11.8160  1-4 EEL =      -244.4000  VDWAALS    =      2383.0980
 EELEC  =    -14789.3004  EHBOND  =         0.0000  RESTRAINT  =         7.7458
 EAMBER (non-restraint)  =    -12613.6820
 EKCMT  =         0.0000  VIRIAL  =         0.0000  VOLUME     =     32924.9939
                                                    Density    =         0.9852
 Ewald error estimate:   0.5017E-03
 ------------------------------------------------------------------------------

wrapping first mol.:       11.60439       16.41109       28.42483

 NSTEP =     6000   TIME(PS) =      32.000  TEMP(K) =   294.10  PRESS =     0.0
 Etot   =    -10705.6344  EKtot   =      1899.4271  EPtot      =    -12605.0615
 BOND   =         3.1103  ANGLE   =        13.0308  DIHED      =         8.8476
 1-4 NB =        13.8720  1-4 EEL =      -246.4753  VDWAALS    =      2444.2884
 EELEC  =    -14849.4070  EHBOND  =         0.0000  RESTRAINT  =         7.6718
 EAMBER (non-restraint)  =    -12612.7333
 EKCMT  =         0.0000  VIRIAL  =         0.0000  VOLUME     =     32479.4481
                                                    Density    =         0.9987
 Ewald error estimate:   0.5824E-05
 ------------------------------------------------------------------------------

wrapping first mol.:       11.59419       16.39666       28.39984

 NSTEP =     6500   TIME(PS) =      33.000  TEMP(K) =   296.55  PRESS =     0.0
 Etot   =    -10761.8571  EKtot   =      1915.1983  EPtot      =    -12677.0553
 BOND   =         6.6422  ANGLE   =        14.3666  DIHED      =        12.3403
 1-4 NB =        11.3263  1-4 EEL =      -247.0725  VDWAALS    =      2508.2304
 EELEC  =    -14990.3645  EHBOND  =         0.0000  RESTRAINT  =         7.4759
 EAMBER (non-restraint)  =    -12684.5312
 EKCMT  =         0.0000  VIRIAL  =         0.0000  VOLUME     =     32393.8526
                                                    Density    =         1.0013
 Ewald error estimate:   0.4011E-03
 ------------------------------------------------------------------------------

wrapping first mol.:       11.58761       16.38736       28.38373

 NSTEP =     7000   TIME(PS) =      34.000  TEMP(K) =   287.33  PRESS =     0.0
 Etot   =    -10780.9143  EKtot   =      1855.6525  EPtot      =    -12636.5667
 BOND   =         5.5354  ANGLE   =        12.4918  DIHED      =        11.5923
 1-4 NB =        13.8648  1-4 EEL =      -250.4137  VDWAALS    =      2596.7998
 EELEC  =    -15033.9836  EHBOND  =         0.0000  RESTRAINT  =         7.5463
 EAMBER (non-restraint)  =    -12644.1130
 EKCMT  =         0.0000  VIRIAL  =         0.0000  VOLUME     =     32338.7638
                                                    Density    =         1.0030
 Ewald error estimate:   0.2840E-03
 ------------------------------------------------------------------------------

wrapping first mol.:       11.58720       16.38678       28.38273

 NSTEP =     7500   TIME(PS) =      35.000  TEMP(K) =   287.12  PRESS =     0.0
 Etot   =    -10730.9988  EKtot   =      1854.3573  EPtot      =    -12585.3562
 BOND   =         6.9049  ANGLE   =        13.6695  DIHED      =        10.4024
 1-4 NB =        11.3046  1-4 EEL =      -245.0970  VDWAALS    =      2508.0066
 EELEC  =    -14899.5448  EHBOND  =         0.0000  RESTRAINT  =         8.9976
 EAMBER (non-restraint)  =    -12594.3538
 EKCMT  =         0.0000  VIRIAL  =         0.0000  VOLUME     =     32335.3560
                                                    Density    =         1.0031
 Ewald error estimate:   0.1726E-03
 ------------------------------------------------------------------------------

wrapping first mol.:       11.59366       16.39591       28.39855

 NSTEP =     8000   TIME(PS) =      36.000  TEMP(K) =   290.00  PRESS =     0.0
 Etot   =    -10841.3862  EKtot   =      1872.9554  EPtot      =    -12714.3416
 BOND   =         6.1230  ANGLE   =        11.6478  DIHED      =        11.1943
 1-4 NB =        11.4470  1-4 EEL =      -242.9226  VDWAALS    =      2424.3851
 EELEC  =    -14945.5203  EHBOND  =         0.0000  RESTRAINT  =         9.3042
 EAMBER (non-restraint)  =    -12723.6459
 EKCMT  =         0.0000  VIRIAL  =         0.0000  VOLUME     =     32389.4362
                                                    Density    =         1.0015
 Ewald error estimate:   0.1662E-03
 ------------------------------------------------------------------------------

wrapping first mol.:       11.60489       16.41179       28.42605

 NSTEP =     8500   TIME(PS) =      37.000  TEMP(K) =   292.23  PRESS =     0.0
 Etot   =    -10715.5245  EKtot   =      1887.3557  EPtot      =    -12602.8801
 BOND   =         7.7303  ANGLE   =        10.7935  DIHED      =        13.7613
 1-4 NB =        11.6515  1-4 EEL =      -245.6743  VDWAALS    =      2584.3275
 EELEC  =    -14994.2735  EHBOND  =         0.0000  RESTRAINT  =         8.8036
 EAMBER (non-restraint)  =    -12611.6837
 EKCMT  =         0.0000  VIRIAL  =         0.0000  VOLUME     =     32483.6241
                                                    Density    =         0.9986
 Ewald error estimate:   0.4030E-04
 ------------------------------------------------------------------------------

wrapping first mol.:       11.60489       16.41179       28.42605

 NSTEP =     9000   TIME(PS) =      38.000  TEMP(K) =   296.45  PRESS =     0.0
 Etot   =    -10781.8095  EKtot   =      1914.5661  EPtot      =    -12696.3755
 BOND   =         6.7643  ANGLE   =        16.3100  DIHED      =        10.9370
 1-4 NB =        11.9062  1-4 EEL =      -245.4019  VDWAALS    =      2567.2418
 EELEC  =    -15072.7541  EHBOND  =         0.0000  RESTRAINT  =         8.6212
 EAMBER (non-restraint)  =    -12704.9967
 EKCMT  =         0.0000  VIRIAL  =         0.0000  VOLUME     =     32483.6241
                                                    Density    =         0.9986
 Ewald error estimate:   0.1063E-03
 ------------------------------------------------------------------------------

wrapping first mol.:       11.56550       16.35609       28.32958

 NSTEP =     9500   TIME(PS) =      39.000  TEMP(K) =   303.42  PRESS =     0.0
 Etot   =    -10761.3828  EKtot   =      1959.5815  EPtot      =    -12720.9643
 BOND   =         5.8374  ANGLE   =        12.6455  DIHED      =        11.2742
 1-4 NB =        10.9285  1-4 EEL =      -246.5753  VDWAALS    =      2526.8521
 EELEC  =    -15047.2425  EHBOND  =         0.0000  RESTRAINT  =         5.3158
 EAMBER (non-restraint)  =    -12726.2801
 EKCMT  =         0.0000  VIRIAL  =         0.0000  VOLUME     =     32154.0316
                                                    Density    =         1.0088
 Ewald error estimate:   0.3480E-03
 ------------------------------------------------------------------------------

wrapping first mol.:       11.52611       16.30039       28.23309

 NSTEP =    10000   TIME(PS) =      40.000  TEMP(K) =   298.11  PRESS =     0.0
 Etot   =    -10860.8946  EKtot   =      1925.3260  EPtot      =    -12786.2205
 BOND   =         4.7400  ANGLE   =        10.0190  DIHED      =        11.8569
 1-4 NB =        10.4711  1-4 EEL =      -246.4935  VDWAALS    =      2614.6565
 EELEC  =    -15204.2147  EHBOND  =         0.0000  RESTRAINT  =        12.7442
 EAMBER (non-restraint)  =    -12798.9647
 EKCMT  =         0.0000  VIRIAL  =         0.0000  VOLUME     =     31826.6057
                                                    Density    =         1.0192
 Ewald error estimate:   0.9072E-06
 ------------------------------------------------------------------------------

wrapping first mol.:       11.55024       16.33451       28.29219

 NSTEP =    10500   TIME(PS) =      41.000  TEMP(K) =   301.68  PRESS =     0.0
 Etot   =    -10806.5771  EKtot   =      1948.3548  EPtot      =    -12754.9319
 BOND   =         2.9526  ANGLE   =        13.6930  DIHED      =        16.2050
 1-4 NB =        11.7446  1-4 EEL =      -245.6087  VDWAALS    =      2571.0783
 EELEC  =    -15132.6101  EHBOND  =         0.0000  RESTRAINT  =         7.6134
 EAMBER (non-restraint)  =    -12762.5453
 EKCMT  =         0.0000  VIRIAL  =         0.0000  VOLUME     =     32026.8975
                                                    Density    =         1.0128
 Ewald error estimate:   0.3880E-03
 ------------------------------------------------------------------------------

wrapping first mol.:       11.55991       16.34818       28.31587

 NSTEP =    11000   TIME(PS) =      42.000  TEMP(K) =   301.55  PRESS =     0.0
 Etot   =    -10761.3640  EKtot   =      1947.5290  EPtot      =    -12708.8930
 BOND   =         7.3676  ANGLE   =        12.1706  DIHED      =        10.0165
 1-4 NB =        11.0867  1-4 EEL =      -245.6288  VDWAALS    =      2461.6144
 EELEC  =    -14971.6246  EHBOND  =         0.0000  RESTRAINT  =         6.1046
 EAMBER (non-restraint)  =    -12714.9976
 EKCMT  =         0.0000  VIRIAL  =         0.0000  VOLUME     =     32107.3589
                                                    Density    =         1.0103
 Ewald error estimate:   0.1311E-03
 ------------------------------------------------------------------------------

wrapping first mol.:       11.54294       16.32418       28.27431

 NSTEP =    11500   TIME(PS) =      43.000  TEMP(K) =   299.84  PRESS =     0.0
 Etot   =    -10709.8980  EKtot   =      1936.4555  EPtot      =    -12646.3535
 BOND   =         7.7856  ANGLE   =        16.5232  DIHED      =        12.3029
 1-4 NB =        11.4433  1-4 EEL =      -244.9031  VDWAALS    =      2536.6684
 EELEC  =    -14995.6579  EHBOND  =         0.0000  RESTRAINT  =         9.4839
 EAMBER (non-restraint)  =    -12655.8374
 EKCMT  =         0.0000  VIRIAL  =         0.0000  VOLUME     =     31966.1912
                                                    Density    =         1.0147
 Ewald error estimate:   0.1696E-03
 ------------------------------------------------------------------------------

wrapping first mol.:       11.54294       16.32418       28.27431

 NSTEP =    12000   TIME(PS) =      44.000  TEMP(K) =   294.78  PRESS =     0.0
 Etot   =    -10700.8931  EKtot   =      1903.8018  EPtot      =    -12604.6948
 BOND   =         7.8659  ANGLE   =        13.6416  DIHED      =        13.0246
 1-4 NB =        12.9441  1-4 EEL =      -246.6255  VDWAALS    =      2440.5245
 EELEC  =    -14852.3156  EHBOND  =         0.0000  RESTRAINT  =         6.2457
 EAMBER (non-restraint)  =    -12610.9405
 EKCMT  =         0.0000  VIRIAL  =         0.0000  VOLUME     =     31966.1912
                                                    Density    =         1.0147
 Ewald error estimate:   0.3963E-04
 ------------------------------------------------------------------------------

wrapping first mol.:       11.57084       16.36364       28.34265

 NSTEP =    12500   TIME(PS) =      45.000  TEMP(K) =   292.19  PRESS =     0.0
 Etot   =    -10755.5605  EKtot   =      1887.0726  EPtot      =    -12642.6331
 BOND   =         8.7817  ANGLE   =        15.9136  DIHED      =        14.2031
 1-4 NB =         8.9992  1-4 EEL =      -244.9406  VDWAALS    =      2588.9835
 EELEC  =    -15046.2170  EHBOND  =         0.0000  RESTRAINT  =        11.6434
 EAMBER (non-restraint)  =    -12654.2765
 EKCMT  =         0.0000  VIRIAL  =         0.0000  VOLUME     =     32198.5559
                                                    Density    =         1.0074
 Ewald error estimate:   0.1075E-03
 ------------------------------------------------------------------------------

wrapping first mol.:       11.56953       16.36179       28.33944

 NSTEP =    13000   TIME(PS) =      46.000  TEMP(K) =   290.39  PRESS =     0.0
 Etot   =    -10749.2493  EKtot   =      1875.4351  EPtot      =    -12624.6844
 BOND   =         4.6100  ANGLE   =        12.5748  DIHED      =        15.2352
 1-4 NB =        11.2078  1-4 EEL =      -245.5628  VDWAALS    =      2449.2121
 EELEC  =    -14877.7325  EHBOND  =         0.0000  RESTRAINT  =         5.7710
 EAMBER (non-restraint)  =    -12630.4554
 EKCMT  =         0.0000  VIRIAL  =         0.0000  VOLUME     =     32187.6264
                                                    Density    =         1.0077
 Ewald error estimate:   0.2177E-03
 ------------------------------------------------------------------------------

wrapping first mol.:       11.56679       16.35791       28.33272

 NSTEP =    13500   TIME(PS) =      47.000  TEMP(K) =   303.32  PRESS =     0.0
 Etot   =    -10669.4493  EKtot   =      1958.9423  EPtot      =    -12628.3917
 BOND   =         8.4095  ANGLE   =         9.3628  DIHED      =        10.4645
 1-4 NB =        12.1375  1-4 EEL =      -247.0658  VDWAALS    =      2419.2140
 EELEC  =    -14846.5098  EHBOND  =         0.0000  RESTRAINT  =         5.5956
 EAMBER (non-restraint)  =    -12633.9872
 EKCMT  =         0.0000  VIRIAL  =         0.0000  VOLUME     =     32164.7276
                                                    Density    =         1.0085
 Ewald error estimate:   0.3207E-03
 ------------------------------------------------------------------------------

wrapping first mol.:       11.58073       16.37763       28.36688

 NSTEP =    14000   TIME(PS) =      48.000  TEMP(K) =   297.64  PRESS =     0.0
 Etot   =    -10705.2021  EKtot   =      1922.2622  EPtot      =    -12627.4642
 BOND   =         5.0071  ANGLE   =        13.5816  DIHED      =        14.7884
 1-4 NB =        11.1013  1-4 EEL =      -247.5813  VDWAALS    =      2398.8113
 EELEC  =    -14829.2891  EHBOND  =         0.0000  RESTRAINT  =         6.1165
 EAMBER (non-restraint)  =    -12633.5807
 EKCMT  =         0.0000  VIRIAL  =         0.0000  VOLUME     =     32281.2105
                                                    Density    =         1.0048
 Ewald error estimate:   0.2382E-03
 ------------------------------------------------------------------------------

wrapping first mol.:       11.55684       16.34383       28.30835

 NSTEP =    14500   TIME(PS) =      49.000  TEMP(K) =   300.92  PRESS =     0.0
 Etot   =    -10714.1963  EKtot   =      1943.4859  EPtot      =    -12657.6822
 BOND   =         8.3096  ANGLE   =        15.0711  DIHED      =        13.7152
 1-4 NB =        13.1883  1-4 EEL =      -249.4682  VDWAALS    =      2449.8884
 EELEC  =    -14914.6402  EHBOND  =         0.0000  RESTRAINT  =         6.2535
 EAMBER (non-restraint)  =    -12663.9357
 EKCMT  =         0.0000  VIRIAL  =         0.0000  VOLUME     =     32081.7842
                                                    Density    =         1.0111
 Ewald error estimate:   0.1361E-03
 ------------------------------------------------------------------------------

wrapping first mol.:       11.54520       16.32738       28.27985

 NSTEP =    15000   TIME(PS) =      50.000  TEMP(K) =   294.35  PRESS =     0.0
 Etot   =    -10759.3287  EKtot   =      1901.0458  EPtot      =    -12660.3745
 BOND   =         5.5423  ANGLE   =         9.8109  DIHED      =        12.8624
 1-4 NB =        11.3189  1-4 EEL =      -245.2741  VDWAALS    =      2516.4466
 EELEC  =    -14978.1279  EHBOND  =         0.0000  RESTRAINT  =         7.0465
 EAMBER (non-restraint)  =    -12667.4210
 EKCMT  =         0.0000  VIRIAL  =         0.0000  VOLUME     =     31984.9827
                                                    Density    =         1.0141
 Ewald error estimate:   0.2223E-03
 ------------------------------------------------------------------------------

wrapping first mol.:       11.50777       16.27445       28.18816

 NSTEP =    15500   TIME(PS) =      51.000  TEMP(K) =   305.04  PRESS =     0.0
 Etot   =    -10682.3796  EKtot   =      1970.0607  EPtot      =    -12652.4403
 BOND   =         5.7507  ANGLE   =         9.1136  DIHED      =        13.7952
 1-4 NB =        11.4109  1-4 EEL =      -246.9962  VDWAALS    =      2568.7674
 EELEC  =    -15021.4280  EHBOND  =         0.0000  RESTRAINT  =         7.1461
 EAMBER (non-restraint)  =    -12659.5864
 EKCMT  =         0.0000  VIRIAL  =         0.0000  VOLUME     =     31674.9042
                                                    Density    =         1.0240
 Ewald error estimate:   0.1084E-03
 ------------------------------------------------------------------------------

wrapping first mol.:       11.51305       16.28191       28.20109

 NSTEP =    16000   TIME(PS) =      52.000  TEMP(K) =   302.89  PRESS =     0.0
 Etot   =    -10679.2334  EKtot   =      1956.1695  EPtot      =    -12635.4030
 BOND   =         5.0656  ANGLE   =        11.2963  DIHED      =        15.1476
 1-4 NB =        10.9888  1-4 EEL =      -248.8042  VDWAALS    =      2455.8362
 EELEC  =    -14895.1448  EHBOND  =         0.0000  RESTRAINT  =        10.2116
 EAMBER (non-restraint)  =    -12645.6146
 EKCMT  =         0.0000  VIRIAL  =         0.0000  VOLUME     =     31718.5151
                                                    Density    =         1.0226
 Ewald error estimate:   0.1465E-03
 ------------------------------------------------------------------------------

wrapping first mol.:       11.54932       16.33321       28.28995

 NSTEP =    16500   TIME(PS) =      53.000  TEMP(K) =   293.09  PRESS =     0.0
 Etot   =    -10773.4408  EKtot   =      1892.9144  EPtot      =    -12666.3552
 BOND   =         5.1126  ANGLE   =        15.8320  DIHED      =        12.7200
 1-4 NB =        12.8851  1-4 EEL =      -247.3436  VDWAALS    =      2428.9724
 EELEC  =    -14902.0988  EHBOND  =         0.0000  RESTRAINT  =         7.5652
 EAMBER (non-restraint)  =    -12673.9204
 EKCMT  =         0.0000  VIRIAL  =         0.0000  VOLUME     =     32019.2594
                                                    Density    =         1.0130
 Ewald error estimate:   0.1349E-03
 ------------------------------------------------------------------------------

wrapping first mol.:       11.57027       16.36283       28.34125

 NSTEP =    17000   TIME(PS) =      54.000  TEMP(K) =   303.86  PRESS =     0.0
 Etot   =    -10634.2541  EKtot   =      1962.4688  EPtot      =    -12596.7229
 BOND   =         5.1540  ANGLE   =        12.0782  DIHED      =        12.2957
 1-4 NB =        10.7987  1-4 EEL =      -245.6797  VDWAALS    =      2424.9347
 EELEC  =    -14824.2053  EHBOND  =         0.0000  RESTRAINT  =         7.9008
 EAMBER (non-restraint)  =    -12604.6237
 EKCMT  =         0.0000  VIRIAL  =         0.0000  VOLUME     =     32193.7818
                                                    Density    =         1.0075
 Ewald error estimate:   0.2636E-03
 ------------------------------------------------------------------------------

wrapping first mol.:       11.61149       16.42113       28.44223

 NSTEP =    17500   TIME(PS) =      55.000  TEMP(K) =   298.35  PRESS =     0.0
 Etot   =    -10683.8536  EKtot   =      1926.8512  EPtot      =    -12610.7049
 BOND   =         4.7473  ANGLE   =        13.7240  DIHED      =        12.4893
 1-4 NB =        13.5980  1-4 EEL =      -249.2452  VDWAALS    =      2440.2379
 EELEC  =    -14855.4229  EHBOND  =         0.0000  RESTRAINT  =         9.1667
 EAMBER (non-restraint)  =    -12619.8716
 EKCMT  =         0.0000  VIRIAL  =         0.0000  VOLUME     =     32539.1160
                                                    Density    =         0.9968
 Ewald error estimate:   0.3692E-03
 ------------------------------------------------------------------------------

wrapping first mol.:       11.57552       16.37025       28.35410

 NSTEP =    18000   TIME(PS) =      56.000  TEMP(K) =   295.88  PRESS =     0.0
 Etot   =    -10617.6466  EKtot   =      1910.8898  EPtot      =    -12528.5364
 BOND   =         4.9321  ANGLE   =        15.4541  DIHED      =        12.8399
 1-4 NB =        13.2534  1-4 EEL =      -249.1167  VDWAALS    =      2454.3452
 EELEC  =    -14791.7215  EHBOND  =         0.0000  RESTRAINT  =        11.4770
 EAMBER (non-restraint)  =    -12540.0135
 EKCMT  =         0.0000  VIRIAL  =         0.0000  VOLUME     =     32237.6017
                                                    Density    =         1.0062
 Ewald error estimate:   0.1736E-03
 ------------------------------------------------------------------------------

wrapping first mol.:       11.58858       16.38872       28.38610

 NSTEP =    18500   TIME(PS) =      57.000  TEMP(K) =   299.03  PRESS =     0.0
 Etot   =    -10640.1243  EKtot   =      1931.2554  EPtot      =    -12571.3797
 BOND   =         6.5718  ANGLE   =         5.8110  DIHED      =        11.0562
 1-4 NB =        10.9786  1-4 EEL =      -246.2406  VDWAALS    =      2450.8364
 EELEC  =    -14818.0461  EHBOND  =         0.0000  RESTRAINT  =         7.6532
 EAMBER (non-restraint)  =    -12579.0328
 EKCMT  =         0.0000  VIRIAL  =         0.0000  VOLUME     =     32346.8594
                                                    Density    =         1.0028
 Ewald error estimate:   0.4705E-04
 ------------------------------------------------------------------------------

wrapping first mol.:       11.52031       16.29218       28.21889

 NSTEP =    19000   TIME(PS) =      58.000  TEMP(K) =   297.69  PRESS =     0.0
 Etot   =    -10640.6168  EKtot   =      1922.5908  EPtot      =    -12563.2076
 BOND   =         9.1553  ANGLE   =        13.4598  DIHED      =         9.5627
 1-4 NB =        12.9513  1-4 EEL =      -244.2475  VDWAALS    =      2523.0324
 EELEC  =    -14894.8210  EHBOND  =         0.0000  RESTRAINT  =         7.6995
 EAMBER (non-restraint)  =    -12570.9071
 EKCMT  =         0.0000  VIRIAL  =         0.0000  VOLUME     =     31778.5898
                                                    Density    =         1.0207
 Ewald error estimate:   0.4285E-03
 ------------------------------------------------------------------------------

wrapping first mol.:       11.53007       16.30598       28.24278

 NSTEP =    19500   TIME(PS) =      59.000  TEMP(K) =   297.04  PRESS =     0.0
 Etot   =    -10752.1260  EKtot   =      1918.4029  EPtot      =    -12670.5289
 BOND   =         5.4797  ANGLE   =        11.2420  DIHED      =        10.4490
 1-4 NB =        10.8508  1-4 EEL =      -243.4262  VDWAALS    =      2467.3873
 EELEC  =    -14942.1942  EHBOND  =         0.0000  RESTRAINT  =         9.6826
 EAMBER (non-restraint)  =    -12680.2115
 EKCMT  =         0.0000  VIRIAL  =         0.0000  VOLUME     =     31859.3697
                                                    Density    =         1.0181
 Ewald error estimate:   0.1186E-03
 ------------------------------------------------------------------------------

wrapping first mol.:       11.55504       16.34129       28.30394

 NSTEP =    20000   TIME(PS) =      60.000  TEMP(K) =   299.22  PRESS =     0.0
 Etot   =    -10632.6746  EKtot   =      1932.4779  EPtot      =    -12565.1525
 BOND   =         8.0209  ANGLE   =        17.4522  DIHED      =        10.7360
 1-4 NB =        12.0964  1-4 EEL =      -247.5448  VDWAALS    =      2359.1862
 EELEC  =    -14732.7580  EHBOND  =         0.0000  RESTRAINT  =         7.6585
 EAMBER (non-restraint)  =    -12572.8110
 EKCMT  =         0.0000  VIRIAL  =         0.0000  VOLUME     =     32066.7939
                                                    Density    =         1.0115
 Ewald error estimate:   0.1212E-03
 ------------------------------------------------------------------------------

wrapping first mol.:       11.55819       16.34575       28.31166

 NSTEP =    20500   TIME(PS) =      61.000  TEMP(K) =   306.43  PRESS =     0.0
 Etot   =    -10574.7144  EKtot   =      1979.0472  EPtot      =    -12553.7616
 BOND   =         8.4465  ANGLE   =        14.1672  DIHED      =        15.4087
 1-4 NB =        10.1460  1-4 EEL =      -244.8050  VDWAALS    =      2385.9237
 EELEC  =    -14754.6814  EHBOND  =         0.0000  RESTRAINT  =        11.6326
 EAMBER (non-restraint)  =    -12565.3943
 EKCMT  =         0.0000  VIRIAL  =         0.0000  VOLUME     =     32093.0439
                                                    Density    =         1.0107
 Ewald error estimate:   0.2145E-04
 ------------------------------------------------------------------------------

wrapping first mol.:       11.55213       16.33718       28.29683

 NSTEP =    21000   TIME(PS) =      62.000  TEMP(K) =   298.88  PRESS =     0.0
 Etot   =    -10622.7517  EKtot   =      1930.2807  EPtot      =    -12553.0324
 BOND   =         5.0225  ANGLE   =        14.2483  DIHED      =        10.9960
 1-4 NB =        12.6154  1-4 EEL =      -246.6166  VDWAALS    =      2368.7681
 EELEC  =    -14725.7906  EHBOND  =         0.0000  RESTRAINT  =         7.7246
 EAMBER (non-restraint)  =    -12560.7571
 EKCMT  =         0.0000  VIRIAL  =         0.0000  VOLUME     =     32042.6321
                                                    Density    =         1.0123
 Ewald error estimate:   0.1518E-03
 ------------------------------------------------------------------------------

wrapping first mol.:       11.56148       16.35041       28.31973

 NSTEP =    21500   TIME(PS) =      63.000  TEMP(K) =   302.04  PRESS =     0.0
 Etot   =    -10561.7882  EKtot   =      1950.7057  EPtot      =    -12512.4939
 BOND   =         2.9110  ANGLE   =        19.4038  DIHED      =        12.9929
 1-4 NB =        11.3190  1-4 EEL =      -246.4128  VDWAALS    =      2450.2703
 EELEC  =    -14772.7177  EHBOND  =         0.0000  RESTRAINT  =         9.7395
 EAMBER (non-restraint)  =    -12522.2334
 EKCMT  =         0.0000  VIRIAL  =         0.0000  VOLUME     =     32120.4996
                                                    Density    =         1.0098
 Ewald error estimate:   0.1722E-03
 ------------------------------------------------------------------------------

wrapping first mol.:       11.55720       16.34435       28.30924

 NSTEP =    22000   TIME(PS) =      64.000  TEMP(K) =   295.98  PRESS =     0.0
 Etot   =    -10624.8776  EKtot   =      1911.5239  EPtot      =    -12536.4015
 BOND   =         5.2446  ANGLE   =        13.0354  DIHED      =        12.4609
 1-4 NB =        13.0985  1-4 EEL =      -249.7589  VDWAALS    =      2383.1551
 EELEC  =    -14723.6980  EHBOND  =         0.0000  RESTRAINT  =        10.0609
 EAMBER (non-restraint)  =    -12546.4624
 EKCMT  =         0.0000  VIRIAL  =         0.0000  VOLUME     =     32084.8354
                                                    Density    =         1.0110
 Ewald error estimate:   0.6561E-04
 ------------------------------------------------------------------------------

wrapping first mol.:       11.55048       16.33485       28.29278

 NSTEP =    22500   TIME(PS) =      65.000  TEMP(K) =   298.95  PRESS =     0.0
 Etot   =    -10650.6022  EKtot   =      1930.7335  EPtot      =    -12581.3357
 BOND   =         5.6503  ANGLE   =        10.2773  DIHED      =        11.5047
 1-4 NB =        11.3835  1-4 EEL =      -244.6634  VDWAALS    =      2463.4605
 EELEC  =    -14849.1391  EHBOND  =         0.0000  RESTRAINT  =        10.1905
 EAMBER (non-restraint)  =    -12591.5262
 EKCMT  =         0.0000  VIRIAL  =         0.0000  VOLUME     =     32028.8995
                                                    Density    =         1.0127
 Ewald error estimate:   0.1569E-03
 ------------------------------------------------------------------------------

wrapping first mol.:       11.53879       16.31831       28.26413

 NSTEP =    23000   TIME(PS) =      66.000  TEMP(K) =   299.05  PRESS =     0.0
 Etot   =    -10662.1245  EKtot   =      1931.3512  EPtot      =    -12593.4757
 BOND   =         6.1034  ANGLE   =        10.4005  DIHED      =        14.8170
 1-4 NB =        10.1559  1-4 EEL =      -243.0648  VDWAALS    =      2407.9715
 EELEC  =    -14807.7409  EHBOND  =         0.0000  RESTRAINT  =         7.8818
 EAMBER (non-restraint)  =    -12601.3574
 EKCMT  =         0.0000  VIRIAL  =         0.0000  VOLUME     =     31931.7005
                                                    Density    =         1.0158
 Ewald error estimate:   0.4198E-04
 ------------------------------------------------------------------------------

wrapping first mol.:       11.54175       16.32249       28.27138

 NSTEP =    23500   TIME(PS) =      67.000  TEMP(K) =   301.24  PRESS =     0.0
 Etot   =    -10658.9764  EKtot   =      1945.5482  EPtot      =    -12604.5246
 BOND   =         3.7331  ANGLE   =        11.3372  DIHED      =        14.6578
 1-4 NB =        12.2038  1-4 EEL =      -246.0202  VDWAALS    =      2534.5350
 EELEC  =    -14941.9082  EHBOND  =         0.0000  RESTRAINT  =         6.9368
 EAMBER (non-restraint)  =    -12611.4614
 EKCMT  =         0.0000  VIRIAL  =         0.0000  VOLUME     =     31956.2767
                                                    Density    =         1.0150
 Ewald error estimate:   0.3282E-03
 ------------------------------------------------------------------------------

wrapping first mol.:       11.52206       16.29465       28.22317

 NSTEP =    24000   TIME(PS) =      68.000  TEMP(K) =   309.67  PRESS =     0.0
 Etot   =    -10545.6634  EKtot   =      1999.9852  EPtot      =    -12545.6485
 BOND   =         5.1265  ANGLE   =        18.9497  DIHED      =        11.2878
 1-4 NB =        12.4140  1-4 EEL =      -246.1558  VDWAALS    =      2504.5241
 EELEC  =    -14859.6028  EHBOND  =         0.0000  RESTRAINT  =         7.8079
 EAMBER (non-restraint)  =    -12553.4564
 EKCMT  =         0.0000  VIRIAL  =         0.0000  VOLUME     =     31793.0499
                                                    Density    =         1.0202
 Ewald error estimate:   0.1317E-03
 ------------------------------------------------------------------------------

wrapping first mol.:       11.52376       16.29705       28.22732

 NSTEP =    24500   TIME(PS) =      69.000  TEMP(K) =   301.52  PRESS =     0.0
 Etot   =    -10700.7450  EKtot   =      1947.3176  EPtot      =    -12648.0626
 BOND   =         7.1802  ANGLE   =        17.3412  DIHED      =         7.5316
 1-4 NB =        11.2285  1-4 EEL =      -245.0894  VDWAALS    =      2518.1407
 EELEC  =    -14971.4155  EHBOND  =         0.0000  RESTRAINT  =         7.0200
 EAMBER (non-restraint)  =    -12655.0826
 EKCMT  =         0.0000  VIRIAL  =         0.0000  VOLUME     =     31807.0793
                                                    Density    =         1.0198
 Ewald error estimate:   0.1155E-03
 ------------------------------------------------------------------------------

wrapping first mol.:       11.53197       16.30866       28.24743

 NSTEP =    25000   TIME(PS) =      70.000  TEMP(K) =   290.18  PRESS =     0.0
 Etot   =    -10812.7807  EKtot   =      1874.0847  EPtot      =    -12686.8654
 BOND   =         7.0138  ANGLE   =        14.7193  DIHED      =        12.1174
 1-4 NB =        13.5342  1-4 EEL =      -250.4016  VDWAALS    =      2422.0416
 EELEC  =    -14918.3270  EHBOND  =         0.0000  RESTRAINT  =        12.4370
 EAMBER (non-restraint)  =    -12699.3025
 EKCMT  =         0.0000  VIRIAL  =         0.0000  VOLUME     =     31875.1085
                                                    Density    =         1.0176
 Ewald error estimate:   0.1446E-03
 ------------------------------------------------------------------------------

wrapping first mol.:       11.54079       16.32114       28.26905

 NSTEP =    25500   TIME(PS) =      71.000  TEMP(K) =   290.53  PRESS =     0.0
 Etot   =    -10747.1314  EKtot   =      1876.3301  EPtot      =    -12623.4615
 BOND   =         8.3730  ANGLE   =        10.9983  DIHED      =        11.0615
 1-4 NB =        11.7237  1-4 EEL =      -246.4255  VDWAALS    =      2381.5866
 EELEC  =    -14816.8855  EHBOND  =         0.0000  RESTRAINT  =        16.1064
 EAMBER (non-restraint)  =    -12639.5679
 EKCMT  =         0.0000  VIRIAL  =         0.0000  VOLUME     =     31948.3534
                                                    Density    =         1.0153
 Ewald error estimate:   0.5687E-03
 ------------------------------------------------------------------------------

wrapping first mol.:       11.56228       16.35154       28.32169

 NSTEP =    26000   TIME(PS) =      72.000  TEMP(K) =   298.00  PRESS =     0.0
 Etot   =    -10712.8821  EKtot   =      1924.6104  EPtot      =    -12637.4925
 BOND   =         4.8859  ANGLE   =        10.6733  DIHED      =        11.5494
 1-4 NB =        11.2142  1-4 EEL =      -243.4582  VDWAALS    =      2547.4576
 EELEC  =    -14989.4174  EHBOND  =         0.0000  RESTRAINT  =         9.6028
 EAMBER (non-restraint)  =    -12647.0953
 EKCMT  =         0.0000  VIRIAL  =         0.0000  VOLUME     =     32127.1721
                                                    Density    =         1.0096
 Ewald error estimate:   0.2429E-03
 ------------------------------------------------------------------------------

wrapping first mol.:       11.58538       16.38420       28.37826

 NSTEP =    26500   TIME(PS) =      73.000  TEMP(K) =   297.35  PRESS =     0.0
 Etot   =    -10686.0637  EKtot   =      1920.3677  EPtot      =    -12606.4314
 BOND   =        10.4832  ANGLE   =        14.9788  DIHED      =        11.8832
 1-4 NB =        10.4231  1-4 EEL =      -246.5988  VDWAALS    =      2413.2162
 EELEC  =    -14827.8198  EHBOND  =         0.0000  RESTRAINT  =         7.0027
 EAMBER (non-restraint)  =    -12613.4341
 EKCMT  =         0.0000  VIRIAL  =         0.0000  VOLUME     =     32320.0731
                                                    Density    =         1.0036
 Ewald error estimate:   0.7911E-04
 ------------------------------------------------------------------------------

wrapping first mol.:       11.58441       16.38283       28.37589

 NSTEP =    27000   TIME(PS) =      74.000  TEMP(K) =   298.53  PRESS =     0.0
 Etot   =    -10716.8453  EKtot   =      1927.9988  EPtot      =    -12644.8440
 BOND   =         4.7839  ANGLE   =        14.6147  DIHED      =        12.0926
 1-4 NB =        10.6897  1-4 EEL =      -246.1707  VDWAALS    =      2509.8337
 EELEC  =    -14958.4788  EHBOND  =         0.0000  RESTRAINT  =         7.7908
 EAMBER (non-restraint)  =    -12652.6349
 EKCMT  =         0.0000  VIRIAL  =         0.0000  VOLUME     =     32311.9758
                                                    Density    =         1.0039
 Ewald error estimate:   0.1383E-03
 ------------------------------------------------------------------------------

wrapping first mol.:       11.60789       16.41604       28.43341

 NSTEP =    27500   TIME(PS) =      75.000  TEMP(K) =   292.83  PRESS =     0.0
 Etot   =    -10764.2182  EKtot   =      1891.1997  EPtot      =    -12655.4179
 BOND   =         4.9078  ANGLE   =        15.9356  DIHED      =        13.4747
 1-4 NB =        11.9894  1-4 EEL =      -245.8598  VDWAALS    =      2395.4801
 EELEC  =    -14861.7567  EHBOND  =         0.0000  RESTRAINT  =        10.4110
 EAMBER (non-restraint)  =    -12665.8289
 EKCMT  =         0.0000  VIRIAL  =         0.0000  VOLUME     =     32508.8796
                                                    Density    =         0.9978
 Ewald error estimate:   0.4241E-03
 ------------------------------------------------------------------------------

wrapping first mol.:       11.60502       16.41198       28.42638

 NSTEP =    28000   TIME(PS) =      76.000  TEMP(K) =   298.24  PRESS =     0.0
 Etot   =    -10796.3826  EKtot   =      1926.1184  EPtot      =    -12722.5010
 BOND   =         3.7017  ANGLE   =        12.6080  DIHED      =         9.3984
 1-4 NB =        11.8606  1-4 EEL =      -244.9479  VDWAALS    =      2483.6848
 EELEC  =    -15011.0243  EHBOND  =         0.0000  RESTRAINT  =        12.2177
 EAMBER (non-restraint)  =    -12734.7187
 EKCMT  =         0.0000  VIRIAL  =         0.0000  VOLUME     =     32484.7692
                                                    Density    =         0.9985
 Ewald error estimate:   0.1278E-03
 ------------------------------------------------------------------------------

wrapping first mol.:       11.60197       16.40766       28.41890

 NSTEP =    28500   TIME(PS) =      77.000  TEMP(K) =   299.21  PRESS =     0.0
 Etot   =    -10792.1493  EKtot   =      1932.4045  EPtot      =    -12724.5538
 BOND   =         9.6749  ANGLE   =        11.4468  DIHED      =        11.6826
 1-4 NB =        11.4106  1-4 EEL =      -246.2108  VDWAALS    =      2507.3438
 EELEC  =    -15037.0810  EHBOND  =         0.0000  RESTRAINT  =         7.1793
 EAMBER (non-restraint)  =    -12731.7331
 EKCMT  =         0.0000  VIRIAL  =         0.0000  VOLUME     =     32459.1261
                                                    Density    =         0.9993
 Ewald error estimate:   0.2055E-03
 ------------------------------------------------------------------------------

wrapping first mol.:       11.59287       16.39480       28.39662

 NSTEP =    29000   TIME(PS) =      78.000  TEMP(K) =   288.67  PRESS =     0.0
 Etot   =    -10866.5867  EKtot   =      1864.3183  EPtot      =    -12730.9051
 BOND   =         4.1303  ANGLE   =        11.2478  DIHED      =        17.2064
 1-4 NB =        11.6021  1-4 EEL =      -247.4039  VDWAALS    =      2557.6746
 EELEC  =    -15096.6888  EHBOND  =         0.0000  RESTRAINT  =        11.3264
 EAMBER (non-restraint)  =    -12742.2314
 EKCMT  =         0.0000  VIRIAL  =         0.0000  VOLUME     =     32382.8367
                                                    Density    =         1.0017
 Ewald error estimate:   0.2110E-03
 ------------------------------------------------------------------------------

wrapping first mol.:       11.60806       16.41627       28.43381

 NSTEP =    29500   TIME(PS) =      79.000  TEMP(K) =   289.07  PRESS =     0.0
 Etot   =    -10839.2436  EKtot   =      1866.8903  EPtot      =    -12706.1339
 BOND   =         6.6927  ANGLE   =        16.2829  DIHED      =        10.9957
 1-4 NB =        11.2524  1-4 EEL =      -246.3795  VDWAALS    =      2477.8088
 EELEC  =    -14989.7726  EHBOND  =         0.0000  RESTRAINT  =         6.9859
 EAMBER (non-restraint)  =    -12713.1198
 EKCMT  =         0.0000  VIRIAL  =         0.0000  VOLUME     =     32510.2459
                                                    Density    =         0.9977
 Ewald error estimate:   0.1167E-03
 ------------------------------------------------------------------------------

wrapping first mol.:       11.61016       16.41925       28.43897

 NSTEP =    30000   TIME(PS) =      80.000  TEMP(K) =   297.93  PRESS =     0.0
 Etot   =    -10799.9695  EKtot   =      1924.1526  EPtot      =    -12724.1220
 BOND   =         8.2970  ANGLE   =         9.3208  DIHED      =        10.0355
 1-4 NB =        11.5249  1-4 EEL =      -245.2891  VDWAALS    =      2569.8361
 EELEC  =    -15096.9615  EHBOND  =         0.0000  RESTRAINT  =         9.1143
 EAMBER (non-restraint)  =    -12733.2363
 EKCMT  =         0.0000  VIRIAL  =         0.0000  VOLUME     =     32527.9374
                                                    Density    =         0.9972
 Ewald error estimate:   0.5105E-03
 ------------------------------------------------------------------------------

wrapping first mol.:       11.60686       16.41457       28.43087

 NSTEP =    30500   TIME(PS) =      81.000  TEMP(K) =   295.57  PRESS =     0.0
 Etot   =    -10815.6491  EKtot   =      1908.9104  EPtot      =    -12724.5595
 BOND   =         7.1093  ANGLE   =        11.0796  DIHED      =        10.2698
 1-4 NB =        11.7231  1-4 EEL =      -245.4001  VDWAALS    =      2545.6024
 EELEC  =    -15075.0534  EHBOND  =         0.0000  RESTRAINT  =        10.1098
 EAMBER (non-restraint)  =    -12734.6694
 EKCMT  =         0.0000  VIRIAL  =         0.0000  VOLUME     =     32500.1618
                                                    Density    =         0.9980
 Ewald error estimate:   0.1473E-03
 ------------------------------------------------------------------------------

wrapping first mol.:       11.61538       16.42663       28.45176

 NSTEP =    31000   TIME(PS) =      82.000  TEMP(K) =   294.80  PRESS =     0.0
 Etot   =    -10757.9110  EKtot   =      1903.9347  EPtot      =    -12661.8457
 BOND   =         7.4614  ANGLE   =         9.1864  DIHED      =        13.1747
 1-4 NB =        11.3926  1-4 EEL =      -244.8197  VDWAALS    =      2509.0573
 EELEC  =    -14975.7920  EHBOND  =         0.0000  RESTRAINT  =         8.4936
 EAMBER (non-restraint)  =    -12670.3393
 EKCMT  =         0.0000  VIRIAL  =         0.0000  VOLUME     =     32571.8553
                                                    Density    =         0.9958
 Ewald error estimate:   0.6046E-05
 ------------------------------------------------------------------------------

wrapping first mol.:       11.57600       16.37093       28.35528

 NSTEP =    31500   TIME(PS) =      83.000  TEMP(K) =   303.24  PRESS =     0.0
 Etot   =    -10683.2867  EKtot   =      1958.4142  EPtot      =    -12641.7008
 BOND   =         6.7458  ANGLE   =        11.4820  DIHED      =        12.4236
 1-4 NB =        12.2972  1-4 EEL =      -245.7173  VDWAALS    =      2525.1998
 EELEC  =    -14973.4802  EHBOND  =         0.0000  RESTRAINT  =         9.3483
 EAMBER (non-restraint)  =    -12651.0492
 EKCMT  =         0.0000  VIRIAL  =         0.0000  VOLUME     =     32241.6268
                                                    Density    =         1.0060
 Ewald error estimate:   0.5626E-04
 ------------------------------------------------------------------------------

wrapping first mol.:       11.58608       16.38519       28.37997

 NSTEP =    32000   TIME(PS) =      84.000  TEMP(K) =   303.55  PRESS =     0.0
 Etot   =    -10632.9724  EKtot   =      1960.4558  EPtot      =    -12593.4282
 BOND   =         6.5959  ANGLE   =        15.7743  DIHED      =        13.0336
 1-4 NB =        11.4782  1-4 EEL =      -247.1494  VDWAALS    =      2561.5569
 EELEC  =    -14968.2328  EHBOND  =         0.0000  RESTRAINT  =        13.5150
 EAMBER (non-restraint)  =    -12606.9432
 EKCMT  =         0.0000  VIRIAL  =         0.0000  VOLUME     =     32325.9191
                                                    Density    =         1.0034
 Ewald error estimate:   0.5114E-03
 ------------------------------------------------------------------------------

wrapping first mol.:       11.58608       16.38519       28.37997

 NSTEP =    32500   TIME(PS) =      85.000  TEMP(K) =   305.85  PRESS =     0.0
 Etot   =    -10673.4157  EKtot   =      1975.3073  EPtot      =    -12648.7230
 BOND   =         6.4041  ANGLE   =        15.3140  DIHED      =        13.0962
 1-4 NB =        11.5938  1-4 EEL =      -246.9321  VDWAALS    =      2499.2143
 EELEC  =    -14956.3683  EHBOND  =         0.0000  RESTRAINT  =         8.9550
 EAMBER (non-restraint)  =    -12657.6780
 EKCMT  =         0.0000  VIRIAL  =         0.0000  VOLUME     =     32325.9191
                                                    Density    =         1.0034
 Ewald error estimate:   0.2723E-03
 ------------------------------------------------------------------------------

wrapping first mol.:       11.58608       16.38519       28.37997

 NSTEP =    33000   TIME(PS) =      86.000  TEMP(K) =   298.59  PRESS =     0.0
 Etot   =    -10750.5832  EKtot   =      1928.4176  EPtot      =    -12679.0008
 BOND   =         5.4856  ANGLE   =        14.5387  DIHED      =        12.3637
 1-4 NB =        12.0543  1-4 EEL =      -244.3246  VDWAALS    =      2526.2810
 EELEC  =    -15015.6261  EHBOND  =         0.0000  RESTRAINT  =        10.2266
 EAMBER (non-restraint)  =    -12689.2274
 EKCMT  =         0.0000  VIRIAL  =         0.0000  VOLUME     =     32325.9191
                                                    Density    =         1.0034
 Ewald error estimate:   0.1016E-05
 ------------------------------------------------------------------------------

wrapping first mol.:       11.61707       16.42902       28.45589

 NSTEP =    33500   TIME(PS) =      87.000  TEMP(K) =   303.13  PRESS =     0.0
 Etot   =    -10697.0777  EKtot   =      1957.7126  EPtot      =    -12654.7904
 BOND   =         9.7665  ANGLE   =        11.5281  DIHED      =        11.9891
 1-4 NB =        11.6153  1-4 EEL =      -247.3401  VDWAALS    =      2524.1753
 EELEC  =    -14987.4012  EHBOND  =         0.0000  RESTRAINT  =        10.8766
 EAMBER (non-restraint)  =    -12665.6669
 EKCMT  =         0.0000  VIRIAL  =         0.0000  VOLUME     =     32586.0334
                                                    Density    =         0.9954
 Ewald error estimate:   0.2688E-04
 ------------------------------------------------------------------------------

wrapping first mol.:       11.60327       16.40950       28.42208

 NSTEP =    34000   TIME(PS) =      88.000  TEMP(K) =   300.45  PRESS =     0.0
 Etot   =    -10717.9272  EKtot   =      1940.4070  EPtot      =    -12658.3341
 BOND   =         8.5608  ANGLE   =        11.5611  DIHED      =        12.9739
 1-4 NB =        10.7801  1-4 EEL =      -247.2326  VDWAALS    =      2490.1860
 EELEC  =    -14954.0601  EHBOND  =         0.0000  RESTRAINT  =         8.8966
 EAMBER (non-restraint)  =    -12667.2308
 EKCMT  =         0.0000  VIRIAL  =         0.0000  VOLUME     =     32470.0219
                                                    Density    =         0.9990
 Ewald error estimate:   0.4132E-03
 ------------------------------------------------------------------------------

wrapping first mol.:       11.60272       16.40873       28.42075

 NSTEP =    34500   TIME(PS) =      89.000  TEMP(K) =   297.11  PRESS =     0.0
 Etot   =    -10698.1204  EKtot   =      1918.8759  EPtot      =    -12616.9963
 BOND   =         5.5741  ANGLE   =        12.2244  DIHED      =        10.9314
 1-4 NB =        10.7883  1-4 EEL =      -246.0029  VDWAALS    =      2553.7351
 EELEC  =    -14974.2299  EHBOND  =         0.0000  RESTRAINT  =         9.9831
 EAMBER (non-restraint)  =    -12626.9794
 EKCMT  =         0.0000  VIRIAL  =         0.0000  VOLUME     =     32465.4476
                                                    Density    =         0.9991
 Ewald error estimate:   0.1185E-03
 ------------------------------------------------------------------------------

wrapping first mol.:       11.59325       16.39532       28.39753

 NSTEP =    35000   TIME(PS) =      90.000  TEMP(K) =   309.29  PRESS =     0.0
 Etot   =    -10686.4885  EKtot   =      1997.4805  EPtot      =    -12683.9690
 BOND   =         7.5777  ANGLE   =        11.5302  DIHED      =        10.2765
 1-4 NB =        11.7209  1-4 EEL =      -242.7758  VDWAALS    =      2483.1129
 EELEC  =    -14978.2841  EHBOND  =         0.0000  RESTRAINT  =        12.8727
 EAMBER (non-restraint)  =    -12696.8417
 EKCMT  =         0.0000  VIRIAL  =         0.0000  VOLUME     =     32385.9596
                                                    Density    =         1.0016
 Ewald error estimate:   0.4880E-03
 ------------------------------------------------------------------------------

wrapping first mol.:       11.53150       16.30801       28.24630

 NSTEP =    35500   TIME(PS) =      91.000  TEMP(K) =   298.12  PRESS =     0.0
 Etot   =    -10743.0932  EKtot   =      1925.3506  EPtot      =    -12668.4438
 BOND   =         6.3970  ANGLE   =         9.7535  DIHED      =        13.9434
 1-4 NB =        10.2862  1-4 EEL =      -245.8457  VDWAALS    =      2613.4750
 EELEC  =    -15087.6331  EHBOND  =         0.0000  RESTRAINT  =        11.1800
 EAMBER (non-restraint)  =    -12679.6238
 EKCMT  =         0.0000  VIRIAL  =         0.0000  VOLUME     =     31871.2755
                                                    Density    =         1.0177
 Ewald error estimate:   0.3803E-04
 ------------------------------------------------------------------------------

wrapping first mol.:       11.53150       16.30801       28.24630

 NSTEP =    36000   TIME(PS) =      92.000  TEMP(K) =   307.88  PRESS =     0.0
 Etot   =    -10708.7215  EKtot   =      1988.3735  EPtot      =    -12697.0950
 BOND   =         6.1786  ANGLE   =         9.5829  DIHED      =        11.3034
 1-4 NB =        12.1660  1-4 EEL =      -248.7478  VDWAALS    =      2539.7749
 EELEC  =    -15036.9834  EHBOND  =         0.0000  RESTRAINT  =         9.6305
 EAMBER (non-restraint)  =    -12706.7255
 EKCMT  =         0.0000  VIRIAL  =         0.0000  VOLUME     =     31871.2755
                                                    Density    =         1.0177
 Ewald error estimate:   0.1283E-03
 ------------------------------------------------------------------------------

wrapping first mol.:       11.50080       16.26459       28.17109

 NSTEP =    36500   TIME(PS) =      93.000  TEMP(K) =   296.48  PRESS =     0.0
 Etot   =    -10753.3493  EKtot   =      1914.7791  EPtot      =    -12668.1284
 BOND   =         6.0811  ANGLE   =        11.0572  DIHED      =        11.5655
 1-4 NB =        11.8881  1-4 EEL =      -246.2897  VDWAALS    =      2504.9547
 EELEC  =    -14975.6430  EHBOND  =         0.0000  RESTRAINT  =         8.2577
 EAMBER (non-restraint)  =    -12676.3861
 EKCMT  =         0.0000  VIRIAL  =         0.0000  VOLUME     =     31617.3814
                                                    Density    =         1.0259
 Ewald error estimate:   0.2797E-03
 ------------------------------------------------------------------------------

wrapping first mol.:       11.51691       16.28737       28.21055

 NSTEP =    37000   TIME(PS) =      94.000  TEMP(K) =   305.15  PRESS =     0.0
 Etot   =    -10762.2192  EKtot   =      1970.7934  EPtot      =    -12733.0126
 BOND   =         8.6589  ANGLE   =        13.0314  DIHED      =        14.0884
 1-4 NB =        11.0212  1-4 EEL =      -246.9488  VDWAALS    =      2562.4938
 EELEC  =    -15107.2366  EHBOND  =         0.0000  RESTRAINT  =        11.8792
 EAMBER (non-restraint)  =    -12744.8917
 EKCMT  =         0.0000  VIRIAL  =         0.0000  VOLUME     =     31750.4369
                                                    Density    =         1.0216
 Ewald error estimate:   0.1764E-03
 ------------------------------------------------------------------------------

wrapping first mol.:       11.53296       16.31006       28.24986

 NSTEP =    37500   TIME(PS) =      95.000  TEMP(K) =   293.18  PRESS =     0.0
 Etot   =    -10777.0401  EKtot   =      1893.4874  EPtot      =    -12670.5276
 BOND   =         5.5942  ANGLE   =        10.9688  DIHED      =        14.9768
 1-4 NB =        12.3603  1-4 EEL =      -246.7895  VDWAALS    =      2539.3483
 EELEC  =    -15016.6675  EHBOND  =         0.0000  RESTRAINT  =         9.6809
 EAMBER (non-restraint)  =    -12680.2085
 EKCMT  =         0.0000  VIRIAL  =         0.0000  VOLUME     =     31883.3375
                                                    Density    =         1.0174
 Ewald error estimate:   0.7440E-03
 ------------------------------------------------------------------------------

wrapping first mol.:       11.50622       16.27225       28.18436

 NSTEP =    38000   TIME(PS) =      96.000  TEMP(K) =   296.24  PRESS =     0.0
 Etot   =    -10759.9338  EKtot   =      1913.2100  EPtot      =    -12673.1438
 BOND   =         7.6573  ANGLE   =        11.7840  DIHED      =        11.0235
 1-4 NB =        12.0920  1-4 EEL =      -244.2973  VDWAALS    =      2486.4068
 EELEC  =    -14965.1872  EHBOND  =         0.0000  RESTRAINT  =         7.3772
 EAMBER (non-restraint)  =    -12680.5210
 EKCMT  =         0.0000  VIRIAL  =         0.0000  VOLUME     =     31662.0829
                                                    Density    =         1.0245
 Ewald error estimate:   0.1652E-03
 ------------------------------------------------------------------------------

wrapping first mol.:       11.51270       16.28142       28.20024

 NSTEP =    38500   TIME(PS) =      97.000  TEMP(K) =   297.14  PRESS =     0.0
 Etot   =    -10719.4516  EKtot   =      1919.0683  EPtot      =    -12638.5198
 BOND   =         5.2444  ANGLE   =        13.9995  DIHED      =        10.0383
 1-4 NB =        13.9364  1-4 EEL =      -249.7816  VDWAALS    =      2487.1025
 EELEC  =    -14932.0873  EHBOND  =         0.0000  RESTRAINT  =        13.0280
 EAMBER (non-restraint)  =    -12651.5478
 EKCMT  =         0.0000  VIRIAL  =         0.0000  VOLUME     =     31715.6341
                                                    Density    =         1.0227
 Ewald error estimate:   0.7399E-04
 ------------------------------------------------------------------------------

wrapping first mol.:       11.53457       16.31234       28.25381

 NSTEP =    39000   TIME(PS) =      98.000  TEMP(K) =   300.46  PRESS =     0.0
 Etot   =    -10711.5024  EKtot   =      1940.4739  EPtot      =    -12651.9763
 BOND   =         4.3621  ANGLE   =        10.7043  DIHED      =        12.4360
 1-4 NB =        11.1032  1-4 EEL =      -245.7971  VDWAALS    =      2481.6618
 EELEC  =    -14933.9024  EHBOND  =         0.0000  RESTRAINT  =         7.4557
 EAMBER (non-restraint)  =    -12659.4320
 EKCMT  =         0.0000  VIRIAL  =         0.0000  VOLUME     =     31896.7112
                                                    Density    =         1.0169
 Ewald error estimate:   0.1037E-03
 ------------------------------------------------------------------------------

wrapping first mol.:       11.50996       16.27755       28.19353

 NSTEP =    39500   TIME(PS) =      99.000  TEMP(K) =   303.83  PRESS =     0.0
 Etot   =    -10703.0130  EKtot   =      1962.2742  EPtot      =    -12665.2872
 BOND   =         7.8143  ANGLE   =        11.5825  DIHED      =        13.9440
 1-4 NB =        12.4700  1-4 EEL =      -247.6577  VDWAALS    =      2610.2606
 EELEC  =    -15082.7120  EHBOND  =         0.0000  RESTRAINT  =         9.0111
 EAMBER (non-restraint)  =    -12674.2983
 EKCMT  =         0.0000  VIRIAL  =         0.0000  VOLUME     =     31693.0074
                                                    Density    =         1.0235
 Ewald error estimate:   0.4417E-03
 ------------------------------------------------------------------------------

wrapping first mol.:       11.52771       16.30264       28.23700

 NSTEP =    40000   TIME(PS) =     100.000  TEMP(K) =   304.08  PRESS =     0.0
 Etot   =    -10726.5362  EKtot   =      1963.8593  EPtot      =    -12690.3955
 BOND   =         6.3021  ANGLE   =        13.5622  DIHED      =        12.4714
 1-4 NB =        10.6876  1-4 EEL =      -244.4671  VDWAALS    =      2353.8233
 EELEC  =    -14852.1223  EHBOND  =         0.0000  RESTRAINT  =         9.3473
 EAMBER (non-restraint)  =    -12699.7428
 EKCMT  =         0.0000  VIRIAL  =         0.0000  VOLUME     =     31839.8145
                                                    Density    =         1.0187
 Ewald error estimate:   0.3157E-03
 ------------------------------------------------------------------------------

wrapping first mol.:       11.51126       16.27938       28.19672

 NSTEP =    40500   TIME(PS) =     101.000  TEMP(K) =   293.87  PRESS =     0.0
 Etot   =    -10763.2208  EKtot   =      1897.9328  EPtot      =    -12661.1536
 BOND   =         4.3686  ANGLE   =        10.9218  DIHED      =        10.9081
 1-4 NB =        12.5534  1-4 EEL =      -245.7301  VDWAALS    =      2483.9439
 EELEC  =    -14947.1526  EHBOND  =         0.0000  RESTRAINT  =         9.0334
 EAMBER (non-restraint)  =    -12670.1870
 EKCMT  =         0.0000  VIRIAL  =         0.0000  VOLUME     =     31703.7543
                                                    Density    =         1.0231
 Ewald error estimate:   0.2620E-05
 ------------------------------------------------------------------------------

wrapping first mol.:       11.54089       16.32128       28.26929

 NSTEP =    41000   TIME(PS) =     102.000  TEMP(K) =   292.82  PRESS =     0.0
 Etot   =    -10766.2042  EKtot   =      1891.1560  EPtot      =    -12657.3602
 BOND   =         6.7752  ANGLE   =        15.5490  DIHED      =        11.0238
 1-4 NB =        12.7157  1-4 EEL =      -246.2977  VDWAALS    =      2389.8858
 EELEC  =    -14853.6254  EHBOND  =         0.0000  RESTRAINT  =         6.6133
 EAMBER (non-restraint)  =    -12663.9735
 EKCMT  =         0.0000  VIRIAL  =         0.0000  VOLUME     =     31949.1776
                                                    Density    =         1.0153
 Ewald error estimate:   0.8932E-04
 ------------------------------------------------------------------------------

wrapping first mol.:       11.57299       16.36667       28.34791

 NSTEP =    41500   TIME(PS) =     103.000  TEMP(K) =   301.69  PRESS =     0.0
 Etot   =    -10691.0205  EKtot   =      1948.3957  EPtot      =    -12639.4162
 BOND   =         4.3688  ANGLE   =        11.6673  DIHED      =        13.7647
 1-4 NB =        10.7952  1-4 EEL =      -245.3851  VDWAALS    =      2471.4570
 EELEC  =    -14914.0838  EHBOND  =         0.0000  RESTRAINT  =         7.9997
 EAMBER (non-restraint)  =    -12647.4159
 EKCMT  =         0.0000  VIRIAL  =         0.0000  VOLUME     =     32216.4676
                                                    Density    =         1.0068
 Ewald error estimate:   0.1419E-04
 ------------------------------------------------------------------------------

wrapping first mol.:       11.51537       16.28519       28.20678

 NSTEP =    42000   TIME(PS) =     104.000  TEMP(K) =   295.85  PRESS =     0.0
 Etot   =    -10807.8879  EKtot   =      1910.7316  EPtot      =    -12718.6195
 BOND   =         6.6781  ANGLE   =        12.5327  DIHED      =        10.2532
 1-4 NB =        10.5826  1-4 EEL =      -247.2349  VDWAALS    =      2475.2666
 EELEC  =    -14996.8292  EHBOND  =         0.0000  RESTRAINT  =        10.1314
 EAMBER (non-restraint)  =    -12728.7509
 EKCMT  =         0.0000  VIRIAL  =         0.0000  VOLUME     =     31737.6900
                                                    Density    =         1.0220
 Ewald error estimate:   0.4049E-04
 ------------------------------------------------------------------------------

wrapping first mol.:       11.50283       16.26746       28.17607

 NSTEP =    42500   TIME(PS) =     105.000  TEMP(K) =   298.76  PRESS =     0.0
 Etot   =    -10840.0759  EKtot   =      1929.5287  EPtot      =    -12769.6046
 BOND   =         8.6655  ANGLE   =        13.2622  DIHED      =        10.3829
 1-4 NB =        12.7788  1-4 EEL =      -247.5465  VDWAALS    =      2577.9557
 EELEC  =    -15154.4237  EHBOND  =         0.0000  RESTRAINT  =         9.3206
 EAMBER (non-restraint)  =    -12778.9251
 EKCMT  =         0.0000  VIRIAL  =         0.0000  VOLUME     =     31634.1513
                                                    Density    =         1.0254
 Ewald error estimate:   0.4460E-03
 ------------------------------------------------------------------------------

wrapping first mol.:       11.51057       16.27841       28.19503

 NSTEP =    43000   TIME(PS) =     106.000  TEMP(K) =   307.51  PRESS =     0.0
 Etot   =    -10739.6273  EKtot   =      1986.0166  EPtot      =    -12725.6440
 BOND   =         3.2712  ANGLE   =        11.5777  DIHED      =        11.3737
 1-4 NB =        12.5084  1-4 EEL =      -245.4028  VDWAALS    =      2581.4174
 EELEC  =    -15109.5974  EHBOND  =         0.0000  RESTRAINT  =         9.2078
 EAMBER (non-restraint)  =    -12734.8518
 EKCMT  =         0.0000  VIRIAL  =         0.0000  VOLUME     =     31698.0476
                                                    Density    =         1.0233
 Ewald error estimate:   0.2254E-03
 ------------------------------------------------------------------------------

wrapping first mol.:       11.51661       16.28695       28.20982

 NSTEP =    43500   TIME(PS) =     107.000  TEMP(K) =   299.80  PRESS =     0.0
 Etot   =    -10685.5320  EKtot   =      1936.1919  EPtot      =    -12621.7239
 BOND   =         4.5353  ANGLE   =         9.8026  DIHED      =        13.6917
 1-4 NB =        12.2498  1-4 EEL =      -245.5115  VDWAALS    =      2438.1315
 EELEC  =    -14863.3654  EHBOND  =         0.0000  RESTRAINT  =         8.7421
 EAMBER (non-restraint)  =    -12630.4660
 EKCMT  =         0.0000  VIRIAL  =         0.0000  VOLUME     =     31747.9742
                                                    Density    =         1.0217
 Ewald error estimate:   0.4145E-04
 ------------------------------------------------------------------------------

wrapping first mol.:       11.52411       16.29755       28.22818

 NSTEP =    44000   TIME(PS) =     108.000  TEMP(K) =   300.43  PRESS =     0.0
 Etot   =    -10747.5901  EKtot   =      1940.3148  EPtot      =    -12687.9049
 BOND   =         3.1046  ANGLE   =        10.6346  DIHED      =        10.9954
 1-4 NB =        11.2989  1-4 EEL =      -245.6122  VDWAALS    =      2452.5081
 EELEC  =    -14939.2553  EHBOND  =         0.0000  RESTRAINT  =         8.4210
 EAMBER (non-restraint)  =    -12696.3259
 EKCMT  =         0.0000  VIRIAL  =         0.0000  VOLUME     =     31810.0044
                                                    Density    =         1.0197
 Ewald error estimate:   0.2521E-03
 ------------------------------------------------------------------------------

wrapping first mol.:       11.52938       16.30501       28.24110

 NSTEP =    44500   TIME(PS) =     109.000  TEMP(K) =   301.65  PRESS =     0.0
 Etot   =    -10766.9277  EKtot   =      1948.1611  EPtot      =    -12715.0889
 BOND   =         5.0487  ANGLE   =        16.2105  DIHED      =        12.1999
 1-4 NB =        12.6251  1-4 EEL =      -247.6323  VDWAALS    =      2565.1960
 EELEC  =    -15088.3872  EHBOND  =         0.0000  RESTRAINT  =         9.6505
 EAMBER (non-restraint)  =    -12724.7393
 EKCMT  =         0.0000  VIRIAL  =         0.0000  VOLUME     =     31853.6879
                                                    Density    =         1.0183
 Ewald error estimate:   0.2242E-03
 ------------------------------------------------------------------------------

wrapping first mol.:       11.53004       16.30593       28.24270

 NSTEP =    45000   TIME(PS) =     110.000  TEMP(K) =   294.72  PRESS =     0.0
 Etot   =    -10797.8855  EKtot   =      1903.4009  EPtot      =    -12701.2864
 BOND   =         8.3137  ANGLE   =        14.6523  DIHED      =        11.7379
 1-4 NB =        11.3162  1-4 EEL =      -244.6286  VDWAALS    =      2555.6580
 EELEC  =    -15067.5581  EHBOND  =         0.0000  RESTRAINT  =         9.2221
 EAMBER (non-restraint)  =    -12710.5085
 EKCMT  =         0.0000  VIRIAL  =         0.0000  VOLUME     =     31859.1205
                                                    Density    =         1.0181
 Ewald error estimate:   0.4000E-03
 ------------------------------------------------------------------------------

wrapping first mol.:       11.56006       16.34840       28.31625

 NSTEP =    45500   TIME(PS) =     111.000  TEMP(K) =   289.45  PRESS =     0.0
 Etot   =    -10841.5366  EKtot   =      1869.3940  EPtot      =    -12710.9306
 BOND   =         6.7198  ANGLE   =        13.2485  DIHED      =        10.2714
 1-4 NB =        13.1676  1-4 EEL =      -250.5603  VDWAALS    =      2549.4786
 EELEC  =    -15061.5403  EHBOND  =         0.0000  RESTRAINT  =         8.2842
 EAMBER (non-restraint)  =    -12719.2148
 EKCMT  =         0.0000  VIRIAL  =         0.0000  VOLUME     =     32108.6564
                                                    Density    =         1.0102
 Ewald error estimate:   0.1797E-03
 ------------------------------------------------------------------------------

wrapping first mol.:       11.53927       16.31899       28.26531

 NSTEP =    46000   TIME(PS) =     112.000  TEMP(K) =   302.32  PRESS =     0.0
 Etot   =    -10883.2947  EKtot   =      1952.4700  EPtot      =    -12835.7648
 BOND   =         5.4036  ANGLE   =        15.8306  DIHED      =        13.9487
 1-4 NB =        11.3271  1-4 EEL =      -247.7338  VDWAALS    =      2495.1935
 EELEC  =    -15139.1979  EHBOND  =         0.0000  RESTRAINT  =         9.4634
 EAMBER (non-restraint)  =    -12845.2281
 EKCMT  =         0.0000  VIRIAL  =         0.0000  VOLUME     =     31935.6876
                                                    Density    =         1.0157
 Ewald error estimate:   0.2936E-03
 ------------------------------------------------------------------------------

wrapping first mol.:       11.54000       16.32003       28.26711

 NSTEP =    46500   TIME(PS) =     113.000  TEMP(K) =   292.47  PRESS =     0.0
 Etot   =    -10906.0976  EKtot   =      1888.8510  EPtot      =    -12794.9486
 BOND   =         4.3746  ANGLE   =        10.5728  DIHED      =         9.6804
 1-4 NB =        10.7442  1-4 EEL =      -245.0617  VDWAALS    =      2546.2306
 EELEC  =    -15138.2186  EHBOND  =         0.0000  RESTRAINT  =         6.7291
 EAMBER (non-restraint)  =    -12801.6777
 EKCMT  =         0.0000  VIRIAL  =         0.0000  VOLUME     =     31941.7998
                                                    Density    =         1.0155
 Ewald error estimate:   0.4671E-04
 ------------------------------------------------------------------------------

wrapping first mol.:       11.55469       16.34079       28.30308

 NSTEP =    47000   TIME(PS) =     114.000  TEMP(K) =   299.12  PRESS =     0.0
 Etot   =    -10871.9020  EKtot   =      1931.8430  EPtot      =    -12803.7450
 BOND   =         4.4374  ANGLE   =         9.1811  DIHED      =        11.8223
 1-4 NB =        10.6164  1-4 EEL =      -244.3661  VDWAALS    =      2549.0761
 EELEC  =    -15153.8670  EHBOND  =         0.0000  RESTRAINT  =         9.3547
 EAMBER (non-restraint)  =    -12813.0997
 EKCMT  =         0.0000  VIRIAL  =         0.0000  VOLUME     =     32063.8804
                                                    Density    =         1.0116
 Ewald error estimate:   0.1427E-03
 ------------------------------------------------------------------------------

wrapping first mol.:       11.56991       16.36232       28.34037

 NSTEP =    47500   TIME(PS) =     115.000  TEMP(K) =   293.36  PRESS =     0.0
 Etot   =    -10893.2432  EKtot   =      1894.6253  EPtot      =    -12787.8685
 BOND   =         4.6143  ANGLE   =         9.4521  DIHED      =         8.3390
 1-4 NB =        11.4924  1-4 EEL =      -245.9717  VDWAALS    =      2562.2935
 EELEC  =    -15149.3325  EHBOND  =         0.0000  RESTRAINT  =        11.2443
 EAMBER (non-restraint)  =    -12799.1128
 EKCMT  =         0.0000  VIRIAL  =         0.0000  VOLUME     =     32190.7741
                                                    Density    =         1.0076
 Ewald error estimate:   0.1600E-03
 ------------------------------------------------------------------------------

wrapping first mol.:       11.55890       16.34675       28.31339

 NSTEP =    48000   TIME(PS) =     116.000  TEMP(K) =   294.07  PRESS =     0.0
 Etot   =    -10936.2101  EKtot   =      1899.2344  EPtot      =    -12835.4445
 BOND   =         8.0045  ANGLE   =        10.3520  DIHED      =        14.0995
 1-4 NB =        12.6194  1-4 EEL =      -247.1152  VDWAALS    =      2578.0519
 EELEC  =    -15221.0894  EHBOND  =         0.0000  RESTRAINT  =         9.6328
 EAMBER (non-restraint)  =    -12845.0773
 EKCMT  =         0.0000  VIRIAL  =         0.0000  VOLUME     =     32098.9381
                                                    Density    =         1.0105
 Ewald error estimate:   0.1322E-03
 ------------------------------------------------------------------------------

wrapping first mol.:       11.57179       16.36498       28.34497

 NSTEP =    48500   TIME(PS) =     117.000  TEMP(K) =   293.60  PRESS =     0.0
 Etot   =    -10875.1032  EKtot   =      1896.1834  EPtot      =    -12771.2866
 BOND   =         6.7161  ANGLE   =        12.0329  DIHED      =        10.7699
 1-4 NB =         9.8526  1-4 EEL =      -245.1334  VDWAALS    =      2480.0889
 EELEC  =    -15058.5043  EHBOND  =         0.0000  RESTRAINT  =        12.8907
 EAMBER (non-restraint)  =    -12784.1773
 EKCMT  =         0.0000  VIRIAL  =         0.0000  VOLUME     =     32206.4690
                                                    Density    =         1.0071
 Ewald error estimate:   0.8020E-04
 ------------------------------------------------------------------------------

wrapping first mol.:       11.55713       16.34425       28.30907

 NSTEP =    49000   TIME(PS) =     118.000  TEMP(K) =   307.29  PRESS =     0.0
 Etot   =    -10821.1909  EKtot   =      1984.5846  EPtot      =    -12805.7755
 BOND   =         6.9790  ANGLE   =        14.9217  DIHED      =        13.7014
 1-4 NB =         9.9652  1-4 EEL =      -244.4174  VDWAALS    =      2596.4441
 EELEC  =    -15214.1733  EHBOND  =         0.0000  RESTRAINT  =        10.8039
 EAMBER (non-restraint)  =    -12816.5794
 EKCMT  =         0.0000  VIRIAL  =         0.0000  VOLUME     =     32084.2503
                                                    Density    =         1.0110
 Ewald error estimate:   0.4368E-04
 ------------------------------------------------------------------------------

wrapping first mol.:       11.54143       16.32205       28.27062

 NSTEP =    49500   TIME(PS) =     119.000  TEMP(K) =   306.41  PRESS =     0.0
 Etot   =    -10776.0318  EKtot   =      1978.8974  EPtot      =    -12754.9292
 BOND   =         7.3813  ANGLE   =        12.1178  DIHED      =        12.4906
 1-4 NB =        12.5252  1-4 EEL =      -249.7245  VDWAALS    =      2545.9207
 EELEC  =    -15102.4070  EHBOND  =         0.0000  RESTRAINT  =         6.7669
 EAMBER (non-restraint)  =    -12761.6960
 EKCMT  =         0.0000  VIRIAL  =         0.0000  VOLUME     =     31953.6737
                                                    Density    =         1.0151
 Ewald error estimate:   0.9029E-04
 ------------------------------------------------------------------------------

wrapping first mol.:       11.54321       16.32456       28.27497
wrapping first mol.:       11.54321       16.32456       28.27497

 NSTEP =    50000   TIME(PS) =     120.000  TEMP(K) =   300.87  PRESS =     0.0
 Etot   =    -10718.4218  EKtot   =      1943.1004  EPtot      =    -12661.5222
 BOND   =         7.1586  ANGLE   =        14.8463  DIHED      =        10.3595
 1-4 NB =        12.5032  1-4 EEL =      -248.2061  VDWAALS    =      2422.7365
 EELEC  =    -14889.3103  EHBOND  =         0.0000  RESTRAINT  =         8.3900
 EAMBER (non-restraint)  =    -12669.9122
 EKCMT  =         0.0000  VIRIAL  =         0.0000  VOLUME     =     31968.4410
                                                    Density    =         1.0146
 Ewald error estimate:   0.4001E-03
 ------------------------------------------------------------------------------


      A V E R A G E S   O V E R     100 S T E P S


 NSTEP =    50000   TIME(PS) =     120.000  TEMP(K) =   298.18  PRESS =     0.0
 Etot   =    -10723.6835  EKtot   =      1925.7378  EPtot      =    -12649.4213
 BOND   =         6.4125  ANGLE   =        12.6982  DIHED      =        12.1932
 1-4 NB =        11.6573  1-4 EEL =      -246.2977  VDWAALS    =      2494.2536
 EELEC  =    -14949.2748  EHBOND  =         0.0000  RESTRAINT  =         8.9364
 EAMBER (non-restraint)  =    -12658.3577
 EKCMT  =         0.0000  VIRIAL  =         0.0000  VOLUME     =     32314.5028
                                                    Density    =         1.0043
 Ewald error estimate:   0.1990E-03
 ------------------------------------------------------------------------------


      R M S  F L U C T U A T I O N S


 NSTEP =    50000   TIME(PS) =     120.000  TEMP(K) =     5.09  PRESS =     0.0
 Etot   =        87.6308  EKtot   =        32.8972  EPtot      =        81.9101
 BOND   =         1.9315  ANGLE   =         2.4388  DIHED      =         1.7483
 1-4 NB =         0.9577  1-4 EEL =         1.6881  VDWAALS    =        65.9618
 EELEC  =       125.1549  EHBOND  =         0.0000  RESTRAINT  =         1.9668
 EAMBER (non-restraint)  =        79.9434
 EKCMT  =         0.0000  VIRIAL  =         0.0000  VOLUME     =       754.9276
                                                    Density    =         0.0220
 Ewald error estimate:   0.1519E-03
 ------------------------------------------------------------------------------

| MC Barostat:        500 volume changes attempted.
| MC Barostat:        225 changes successful ( 45.00%)
 ------------------------------------------------------------------------------

--------------------------------------------------------------------------------
   5.  TIMINGS
--------------------------------------------------------------------------------

|  NonSetup CPU Time in Major Routines:
|
|     Routine           Sec        %
|     ------------------------------
|     Nonbond         655.38   95.75
|     Bond              0.28    0.04
|     Angle             0.32    0.05
|     Dihedral          0.70    0.10
|     Shake             4.08    0.60
|     RunMD            23.32    3.41
|     Other             0.42    0.06
|     ------------------------------
|     Total           684.50

|  PME Nonbond Pairlist CPU Time:
|
|     Routine              Sec        %
|     ---------------------------------
|     Set Up Cit           0.73    0.11
|     Build List         160.16   23.40
|     ---------------------------------
|     Total              160.89   23.50

|  PME Direct Force CPU Time:
|
|     Routine              Sec        %
|     ---------------------------------
|     NonBonded Calc     382.05   55.81
|     Exclude Masked       4.28    0.63
|     Other                3.56    0.52
|     ---------------------------------
|     Total              389.88   56.96

|  PME Reciprocal Force CPU Time:
|
|     Routine              Sec        %
|     ---------------------------------
|     1D bspline           6.44    0.94
|     Grid Charges         8.66    1.26
|     Scalar Sum           7.53    1.10
|     Gradient Sum        11.13    1.63
|     FFT                 71.33   10.42
|     ---------------------------------
|     Total              105.09   15.35

|  Final Performance Info:
|     -----------------------------------------------------
|     Average timings for last    2000 steps:
|     Elapsed(s) =      26.58 Per Step(ms) =      13.29
|         ns/day =      13.00   seconds/ns =    6645.85
|
|     Average timings for all steps:
|     Elapsed(s) =     733.34 Per Step(ms) =      14.67
|         ns/day =      11.78   seconds/ns =    7333.35
|     -----------------------------------------------------

|  Setup CPU time:            0.03 seconds
|  NonSetup CPU time:       684.50 seconds
|  Total CPU time:          684.52 seconds     0.19 hours

|  Setup wall time:           2    seconds
|  NonSetup wall time:      733    seconds
|  Total wall time:         735    seconds     0.20 hours
