
          -------------------------------------------------------
          Amber 18 PMEMD                              2018
          -------------------------------------------------------

| PMEMD implementation of SANDER, Release 18

| Run on 04/22/2022 at 01:11:22

|   Executable path: pmemd
| Working directory: /bgfs/lchong/dty7/ff15ipq-lig/charges/gaff_00/GenConformers/Conf16
|          Hostname: smp-n123

  [-O]verwriting output

File Assignments:
|   MDIN: ../../../amber/6.2_eq1.in                                             
|  MDOUT: 6.2_eq1.out                                                           
| INPCRD: 6.1_min.rst                                                           
|   PARM: ../../mon.top                                                         
| RESTRT: 6.2_eq1.rst                                                           
|   REFC: 6.1_min.rst                                                           
|  MDVEL: mdvel                                                                 
|   MDEN: mden                                                                  
|  MDCRD: mdcrd                                                                 
| MDINFO: mdinfo                                                                
|  MDFRC: mdfrc                                                                 

 
 Here is the input file:
 
&cntrl                                                                         
  imin      = 0,                                                               
  irest     = 0,                                                               
  ntx       = 1,                                                               
  ig        = -1,                                                              
  dt        = 0.002,                                                           
  nstlim    = 10000,                                                           
  nscm      = 500,                                                             
  ntr       = 1,                                                               
  restraintmask = ':1',                                                        
  restraint_wt  = 10.0,                                                        
  ntb       = 1,                                                               
  ntp       = 0,                                                               
  ntt       = 3,                                                               
  tempi     = 298.0,                                                           
  temp0     = 298.0,                                                           
  gamma_ln  = 1.0,                                                             
  ntf       = 2,                                                               
  ntc       = 2,                                                               
  cut       = 10.0,                                                            
  ntpr      = 500,                                                             
  ntxo      = 2,                                                               
  ntwr      = 10000,                                                           
  ioutfm    = 1,                                                               
  ntwx      = 500,                                                             
  iwrap     = 1,                                                               
&end                                                                           


Note: ig = -1. Setting random seed to   867947 based on wallclock time in 
      microseconds.
| irandom = 1, using AMBER's internal random number generator (default).
 
 
| Conditional Compilation Defines Used:
| PUBFFT
| BINTRAJ
| MKL
| EMIL
 
| Largest sphere to fit in unit cell has radius =    14.774

| New format PARM file being parsed.
| Version =    1.000 Date = 04/21/22 Time = 16:39:25

| Note: 1-4 EEL scale factors are being read from the topology file.

| Note: 1-4 VDW scale factors are being read from the topology file.
| Duplicated    0 dihedrals

| Duplicated    0 dihedrals

--------------------------------------------------------------------------------
   1.  RESOURCE   USE: 
--------------------------------------------------------------------------------

 getting box info from netcdf restart file
 NATOM  =    3240 NTYPES =      13 NBONH =    3220 MBONA  =      21
 NTHETH =      33 MTHETA =      29 NPHIH =      60 MPHIA  =      45
 NHPARM =       0 NPARM  =       0 NNB   =    4456 NRES   =    1069
 NBONA  =      21 NTHETA =      29 NPHIA =      45 NUMBND =      22
 NUMANG =      35 NPTRA  =      18 NATYP =      17 NPHB   =       0
 IFBOX  =       2 NMXRS  =      36 IFCAP =       0 NEXTRA =       0
 NCOPY  =       0

| Coordinate Index Table dimensions:     5    5    5
| Direct force subcell size =     7.2378    7.2378    7.2378

     BOX TYPE: TRUNCATED OCTAHEDRON

--------------------------------------------------------------------------------
   2.  CONTROL  DATA  FOR  THE  RUN
--------------------------------------------------------------------------------

MON                                                                             

General flags:
     imin    =       0, nmropt  =       0

Nature and format of input:
     ntx     =       1, irest   =       0, ntrx    =       1

Nature and format of output:
     ntxo    =       2, ntpr    =     500, ntrx    =       1, ntwr    =   10000
     iwrap   =       1, ntwx    =     500, ntwv    =       0, ntwe    =       0
     ioutfm  =       1, ntwprt  =       0, idecomp =       0, rbornstat=      0

Potential function:
     ntf     =       2, ntb     =       1, igb     =       0, nsnb    =      25
     ipol    =       0, gbsa    =       0, iesp    =       0
     dielc   =   1.00000, cut     =  10.00000, intdiel =   1.00000

Frozen or restrained atoms:
     ibelly  =       0, ntr     =       1
     restraint_wt =  10.00000

Molecular dynamics:
     nstlim  =     10000, nscm    =         0, nrespa  =         1
     t       =   0.00000, dt      =   0.00200, vlimit  =  20.00000

Langevin dynamics temperature regulation:
     ig      =  867947
     temp0   = 298.00000, tempi   = 298.00000, gamma_ln=   1.00000

SHAKE:
     ntc     =       2, jfastw  =       0
     tol     =   0.00001

| Intermolecular bonds treatment:
|     no_intermolecular_bonds =       1

| Energy averages sample interval:
|     ene_avg_sampling =     500

Ewald parameters:
     verbose =       0, ew_type =       0, nbflag  =       1, use_pme =       1
     vdwmeth =       1, eedmeth =       1, netfrc  =       1
     Box X =   36.189   Box Y =   36.189   Box Z =   36.189
     Alpha =  109.471   Beta  =  109.471   Gamma =  109.471
     NFFT1 =   40       NFFT2 =   40       NFFT3 =   40
     Cutoff=   10.000   Tol   =0.100E-04
     Ewald Coefficient =  0.27511
     Interpolation order =    4

    LOADING THE CONSTRAINED ATOMS AS GROUPS


   5.  REFERENCE ATOM COORDINATES

  MON                                                                             
     Mask :1; matches    36 atoms

--------------------------------------------------------------------------------
   3.  ATOMIC COORDINATES AND VELOCITIES
--------------------------------------------------------------------------------

MON                                                                             
 begin time read from input coords =     0.000 ps

 
 Number of triangulated 3-point waters found:     1068

     Sum of charges from parm topology file =  -0.00200217
     Forcing neutrality...

| Dynamic Memory, Types Used:
| Reals              237795
| Integers            92714

| Nonbonded Pairs Initial Allocation:      980019

--------------------------------------------------------------------------------
   4.  RESULTS
--------------------------------------------------------------------------------

 ---------------------------------------------------
 APPROXIMATING switch and d/dx switch using CUBIC SPLINE INTERPOLATION
 using   5000.0 points per unit in tabled values
 TESTING RELATIVE ERROR over r ranging from 0.0 to cutoff
| CHECK switch(x): max rel err =   0.3316E-14   at   2.351880
| CHECK d/dx switch(x): max rel err =   0.8066E-11   at   2.747240
 ---------------------------------------------------
|---------------------------------------------------
| APPROXIMATING direct energy using CUBIC SPLINE INTERPOLATION
|  with   50.0 points per unit in tabled values
| Relative Error Limit not exceeded for r .gt.   2.34
| APPROXIMATING direct force using CUBIC SPLINE INTERPOLATION
|  with   50.0 points per unit in tabled values
| Relative Error Limit not exceeded for r .gt.   2.81
|---------------------------------------------------

 NSTEP =        0   TIME(PS) =       0.000  TEMP(K) =   431.85  PRESS =     0.0
 Etot   =    -14631.1783  EKtot   =      2789.0655  EPtot      =    -17420.2437
 BOND   =         0.6375  ANGLE   =         3.6471  DIHED      =        14.0300
 1-4 NB =        10.6966  1-4 EEL =      -245.6331  VDWAALS    =      3684.3129
 EELEC  =    -20887.9348  EHBOND  =         0.0000  RESTRAINT  =         0.0000
 Ewald error estimate:   0.2159E-03
 ------------------------------------------------------------------------------

wrapping first mol.:       24.12591       34.11919        0.00000

 NSTEP =      500   TIME(PS) =       1.000  TEMP(K) =   242.75  PRESS =     0.0
 Etot   =    -11289.3700  EKtot   =      1567.7636  EPtot      =    -12857.1337
 BOND   =         4.5439  ANGLE   =         9.2229  DIHED      =        15.9687
 1-4 NB =        10.0894  1-4 EEL =      -246.2155  VDWAALS    =      2478.5928
 EELEC  =    -15135.4017  EHBOND  =         0.0000  RESTRAINT  =         6.0659
 EAMBER (non-restraint)  =    -12863.1996
 Ewald error estimate:   0.3453E-03
 ------------------------------------------------------------------------------

wrapping first mol.:       24.12591       34.11919        0.00000

 NSTEP =     1000   TIME(PS) =       2.000  TEMP(K) =   278.89  PRESS =     0.0
 Etot   =    -10860.4339  EKtot   =      1801.2070  EPtot      =    -12661.6409
 BOND   =         6.9795  ANGLE   =        16.2329  DIHED      =        16.2591
 1-4 NB =        10.8712  1-4 EEL =      -247.5800  VDWAALS    =      2427.1776
 EELEC  =    -14899.7713  EHBOND  =         0.0000  RESTRAINT  =         8.1900
 EAMBER (non-restraint)  =    -12669.8309
 Ewald error estimate:   0.5022E-04
 ------------------------------------------------------------------------------

wrapping first mol.:       24.12591       34.11919        0.00000

 NSTEP =     1500   TIME(PS) =       3.000  TEMP(K) =   291.61  PRESS =     0.0
 Etot   =    -10673.2584  EKtot   =      1883.3556  EPtot      =    -12556.6140
 BOND   =         3.5389  ANGLE   =        15.6215  DIHED      =        12.4093
 1-4 NB =        13.9183  1-4 EEL =      -247.5108  VDWAALS    =      2461.3817
 EELEC  =    -14827.5782  EHBOND  =         0.0000  RESTRAINT  =        11.6052
 EAMBER (non-restraint)  =    -12568.2192
 Ewald error estimate:   0.1213E-03
 ------------------------------------------------------------------------------

wrapping first mol.:       24.12591       34.11919        0.00000

 NSTEP =     2000   TIME(PS) =       4.000  TEMP(K) =   287.16  PRESS =     0.0
 Etot   =    -10652.5340  EKtot   =      1854.5812  EPtot      =    -12507.1152
 BOND   =         5.8987  ANGLE   =        11.1999  DIHED      =        19.7889
 1-4 NB =        10.9453  1-4 EEL =      -243.6234  VDWAALS    =      2333.2270
 EELEC  =    -14651.1067  EHBOND  =         0.0000  RESTRAINT  =         6.5552
 EAMBER (non-restraint)  =    -12513.6704
 Ewald error estimate:   0.2349E-03
 ------------------------------------------------------------------------------

wrapping first mol.:       24.12591       34.11919        0.00000

 NSTEP =     2500   TIME(PS) =       5.000  TEMP(K) =   295.44  PRESS =     0.0
 Etot   =    -10537.1516  EKtot   =      1908.0486  EPtot      =    -12445.2002
 BOND   =         5.9389  ANGLE   =        11.5290  DIHED      =        14.0185
 1-4 NB =        11.6771  1-4 EEL =      -245.8628  VDWAALS    =      2297.9352
 EELEC  =    -14548.7935  EHBOND  =         0.0000  RESTRAINT  =         8.3574
 EAMBER (non-restraint)  =    -12453.5576
 Ewald error estimate:   0.2391E-03
 ------------------------------------------------------------------------------

wrapping first mol.:       24.12591       34.11919        0.00000

 NSTEP =     3000   TIME(PS) =       6.000  TEMP(K) =   302.35  PRESS =     0.0
 Etot   =    -10436.0707  EKtot   =      1952.6722  EPtot      =    -12388.7429
 BOND   =         6.6098  ANGLE   =        12.5789  DIHED      =        12.8718
 1-4 NB =        10.9218  1-4 EEL =      -248.5612  VDWAALS    =      2289.8156
 EELEC  =    -14478.9834  EHBOND  =         0.0000  RESTRAINT  =         6.0038
 EAMBER (non-restraint)  =    -12394.7467
 Ewald error estimate:   0.1938E-03
 ------------------------------------------------------------------------------

wrapping first mol.:       24.12591       34.11919        0.00000

 NSTEP =     3500   TIME(PS) =       7.000  TEMP(K) =   296.14  PRESS =     0.0
 Etot   =    -10413.0894  EKtot   =      1912.5799  EPtot      =    -12325.6693
 BOND   =         5.3729  ANGLE   =        12.0353  DIHED      =        14.3975
 1-4 NB =        11.4469  1-4 EEL =      -245.9833  VDWAALS    =      2199.6973
 EELEC  =    -14330.8610  EHBOND  =         0.0000  RESTRAINT  =         8.2251
 EAMBER (non-restraint)  =    -12333.8943
 Ewald error estimate:   0.1642E-03
 ------------------------------------------------------------------------------

wrapping first mol.:       24.12591       34.11919        0.00000

 NSTEP =     4000   TIME(PS) =       8.000  TEMP(K) =   297.29  PRESS =     0.0
 Etot   =    -10442.6522  EKtot   =      1920.0393  EPtot      =    -12362.6915
 BOND   =         5.7474  ANGLE   =        15.0680  DIHED      =        15.9108
 1-4 NB =        12.4765  1-4 EEL =      -248.5580  VDWAALS    =      2302.5492
 EELEC  =    -14474.3042  EHBOND  =         0.0000  RESTRAINT  =         8.4190
 EAMBER (non-restraint)  =    -12371.1104
 Ewald error estimate:   0.1438E-03
 ------------------------------------------------------------------------------

wrapping first mol.:       24.12591       34.11919        0.00000

 NSTEP =     4500   TIME(PS) =       9.000  TEMP(K) =   301.90  PRESS =     0.0
 Etot   =    -10495.1946  EKtot   =      1949.7682  EPtot      =    -12444.9629
 BOND   =         8.9062  ANGLE   =        12.8730  DIHED      =        16.4391
 1-4 NB =        12.2473  1-4 EEL =      -244.1700  VDWAALS    =      2266.9810
 EELEC  =    -14528.6127  EHBOND  =         0.0000  RESTRAINT  =        10.3732
 EAMBER (non-restraint)  =    -12455.3360
 Ewald error estimate:   0.2762E-04
 ------------------------------------------------------------------------------

wrapping first mol.:       24.12591       34.11919        0.00000

 NSTEP =     5000   TIME(PS) =      10.000  TEMP(K) =   297.59  PRESS =     0.0
 Etot   =    -10410.7977  EKtot   =      1921.9222  EPtot      =    -12332.7199
 BOND   =         3.4530  ANGLE   =        10.5468  DIHED      =        13.9123
 1-4 NB =        12.1372  1-4 EEL =      -246.7484  VDWAALS    =      2246.1275
 EELEC  =    -14385.0816  EHBOND  =         0.0000  RESTRAINT  =        12.9332
 EAMBER (non-restraint)  =    -12345.6532
 Ewald error estimate:   0.7822E-04
 ------------------------------------------------------------------------------

wrapping first mol.:       24.12591       34.11919        0.00000

 NSTEP =     5500   TIME(PS) =      11.000  TEMP(K) =   299.99  PRESS =     0.0
 Etot   =    -10479.1882  EKtot   =      1937.4327  EPtot      =    -12416.6209
 BOND   =         4.8257  ANGLE   =        13.3368  DIHED      =        14.6080
 1-4 NB =        11.6760  1-4 EEL =      -244.8287  VDWAALS    =      2321.4947
 EELEC  =    -14546.9992  EHBOND  =         0.0000  RESTRAINT  =         9.2657
 EAMBER (non-restraint)  =    -12425.8866
 Ewald error estimate:   0.3587E-03
 ------------------------------------------------------------------------------

wrapping first mol.:       24.12591       34.11919        0.00000

 NSTEP =     6000   TIME(PS) =      12.000  TEMP(K) =   297.92  PRESS =     0.0
 Etot   =    -10468.4199  EKtot   =      1924.0624  EPtot      =    -12392.4824
 BOND   =         5.0900  ANGLE   =         8.9659  DIHED      =        20.7768
 1-4 NB =        10.5995  1-4 EEL =      -243.2859  VDWAALS    =      2262.6005
 EELEC  =    -14463.1324  EHBOND  =         0.0000  RESTRAINT  =         5.9033
 EAMBER (non-restraint)  =    -12398.3857
 Ewald error estimate:   0.1500E-03
 ------------------------------------------------------------------------------

wrapping first mol.:       24.12591       34.11919        0.00000

 NSTEP =     6500   TIME(PS) =      13.000  TEMP(K) =   291.40  PRESS =     0.0
 Etot   =    -10523.4035  EKtot   =      1881.9893  EPtot      =    -12405.3928
 BOND   =         6.2575  ANGLE   =        13.1760  DIHED      =        14.5014
 1-4 NB =        11.0948  1-4 EEL =      -246.6310  VDWAALS    =      2291.6450
 EELEC  =    -14504.8432  EHBOND  =         0.0000  RESTRAINT  =         9.4067
 EAMBER (non-restraint)  =    -12414.7995
 Ewald error estimate:   0.5440E-03
 ------------------------------------------------------------------------------

wrapping first mol.:       24.12591       34.11919        0.00000

 NSTEP =     7000   TIME(PS) =      14.000  TEMP(K) =   294.29  PRESS =     0.0
 Etot   =    -10554.0414  EKtot   =      1900.6527  EPtot      =    -12454.6941
 BOND   =         5.1829  ANGLE   =        10.4038  DIHED      =        18.5808
 1-4 NB =        12.2319  1-4 EEL =      -246.0790  VDWAALS    =      2429.5772
 EELEC  =    -14689.9172  EHBOND  =         0.0000  RESTRAINT  =         5.3256
 EAMBER (non-restraint)  =    -12460.0197
 Ewald error estimate:   0.3594E-03
 ------------------------------------------------------------------------------

wrapping first mol.:       24.12591       34.11919        0.00000

 NSTEP =     7500   TIME(PS) =      15.000  TEMP(K) =   291.72  PRESS =     0.0
 Etot   =    -10534.5800  EKtot   =      1884.0129  EPtot      =    -12418.5930
 BOND   =         9.4951  ANGLE   =        14.1116  DIHED      =        19.6106
 1-4 NB =         9.4853  1-4 EEL =      -244.7635  VDWAALS    =      2277.9513
 EELEC  =    -14512.2643  EHBOND  =         0.0000  RESTRAINT  =         7.7810
 EAMBER (non-restraint)  =    -12426.3740
 Ewald error estimate:   0.4521E-04
 ------------------------------------------------------------------------------

wrapping first mol.:       24.12591       34.11919        0.00000

 NSTEP =     8000   TIME(PS) =      16.000  TEMP(K) =   303.58  PRESS =     0.0
 Etot   =    -10481.0106  EKtot   =      1960.6641  EPtot      =    -12441.6747
 BOND   =         7.4242  ANGLE   =        11.7098  DIHED      =        13.5409
 1-4 NB =        11.0900  1-4 EEL =      -246.3725  VDWAALS    =      2329.5656
 EELEC  =    -14577.3848  EHBOND  =         0.0000  RESTRAINT  =         8.7520
 EAMBER (non-restraint)  =    -12450.4267
 Ewald error estimate:   0.6197E-04
 ------------------------------------------------------------------------------

wrapping first mol.:       24.12591       34.11919        0.00000

 NSTEP =     8500   TIME(PS) =      17.000  TEMP(K) =   293.38  PRESS =     0.0
 Etot   =    -10523.7632  EKtot   =      1894.7720  EPtot      =    -12418.5352
 BOND   =         6.0401  ANGLE   =        10.6918  DIHED      =        12.7655
 1-4 NB =        10.8403  1-4 EEL =      -247.0867  VDWAALS    =      2344.8693
 EELEC  =    -14565.5241  EHBOND  =         0.0000  RESTRAINT  =         8.8687
 EAMBER (non-restraint)  =    -12427.4039
 Ewald error estimate:   0.1738E-03
 ------------------------------------------------------------------------------

wrapping first mol.:       24.12591       34.11919        0.00000

 NSTEP =     9000   TIME(PS) =      18.000  TEMP(K) =   295.42  PRESS =     0.0
 Etot   =    -10496.1704  EKtot   =      1907.9540  EPtot      =    -12404.1244
 BOND   =         5.0558  ANGLE   =        11.2055  DIHED      =        14.3201
 1-4 NB =        11.2890  1-4 EEL =      -247.3337  VDWAALS    =      2214.7951
 EELEC  =    -14420.0781  EHBOND  =         0.0000  RESTRAINT  =         6.6219
 EAMBER (non-restraint)  =    -12410.7463
 Ewald error estimate:   0.2974E-03
 ------------------------------------------------------------------------------

wrapping first mol.:       24.12591       34.11919        0.00000

 NSTEP =     9500   TIME(PS) =      19.000  TEMP(K) =   305.63  PRESS =     0.0
 Etot   =    -10432.7581  EKtot   =      1973.8813  EPtot      =    -12406.6393
 BOND   =         5.4547  ANGLE   =        14.8360  DIHED      =        14.7584
 1-4 NB =        11.2751  1-4 EEL =      -245.4737  VDWAALS    =      2209.0428
 EELEC  =    -14425.5552  EHBOND  =         0.0000  RESTRAINT  =         9.0227
 EAMBER (non-restraint)  =    -12415.6620
 Ewald error estimate:   0.6933E-04
 ------------------------------------------------------------------------------

wrapping first mol.:       24.12591       34.11919        0.00000
wrapping first mol.:       24.12591       34.11919        0.00000

 NSTEP =    10000   TIME(PS) =      20.000  TEMP(K) =   294.60  PRESS =     0.0
 Etot   =    -10535.2640  EKtot   =      1902.6348  EPtot      =    -12437.8988
 BOND   =         9.8398  ANGLE   =        12.0845  DIHED      =        14.2598
 1-4 NB =        10.4619  1-4 EEL =      -244.4152  VDWAALS    =      2320.4212
 EELEC  =    -14569.9387  EHBOND  =         0.0000  RESTRAINT  =         9.3879
 EAMBER (non-restraint)  =    -12447.2868
 Ewald error estimate:   0.3880E-04
 ------------------------------------------------------------------------------


      A V E R A G E S   O V E R      20 S T E P S


 NSTEP =    10000   TIME(PS) =      20.000  TEMP(K) =   292.95  PRESS =     0.0
 Etot   =    -10561.9576  EKtot   =      1891.9997  EPtot      =    -12453.9573
 BOND   =         6.0827  ANGLE   =        12.3715  DIHED      =        15.4849
 1-4 NB =        11.3387  1-4 EEL =      -246.0542  VDWAALS    =      2315.2724
 EELEC  =    -14576.8066  EHBOND  =         0.0000  RESTRAINT  =         8.3532
 EAMBER (non-restraint)  =    -12462.3105
 Ewald error estimate:   0.1849E-03
 ------------------------------------------------------------------------------


      R M S  F L U C T U A T I O N S


 NSTEP =    10000   TIME(PS) =      20.000  TEMP(K) =    12.92  PRESS =     0.0
 Etot   =       195.7826  EKtot   =        83.4728  EPtot      =       117.9222
 BOND   =         1.7014  ANGLE   =         1.9916  DIHED      =         2.3817
 1-4 NB =         0.9403  1-4 EEL =         1.4833  VDWAALS    =        78.3469
 EELEC  =       185.5717  EHBOND  =         0.0000  RESTRAINT  =         1.8979
 EAMBER (non-restraint)  =       116.0242
 Ewald error estimate:   0.1350E-03
 ------------------------------------------------------------------------------

--------------------------------------------------------------------------------
   5.  TIMINGS
--------------------------------------------------------------------------------

|  NonSetup CPU Time in Major Routines:
|
|     Routine           Sec        %
|     ------------------------------
|     Nonbond         118.95   95.36
|     Bond              0.05    0.04
|     Angle             0.07    0.05
|     Dihedral          0.14    0.11
|     Shake             0.81    0.65
|     RunMD             4.64    3.72
|     Other             0.08    0.06
|     ------------------------------
|     Total           124.75

|  PME Nonbond Pairlist CPU Time:
|
|     Routine              Sec        %
|     ---------------------------------
|     Set Up Cit           0.14    0.12
|     Build List          29.81   23.90
|     ---------------------------------
|     Total               29.96   24.01

|  PME Direct Force CPU Time:
|
|     Routine              Sec        %
|     ---------------------------------
|     NonBonded Calc      66.84   53.58
|     Exclude Masked       0.85    0.68
|     Other                0.71    0.57
|     ---------------------------------
|     Total               68.40   54.83

|  PME Reciprocal Force CPU Time:
|
|     Routine              Sec        %
|     ---------------------------------
|     1D bspline           1.27    1.02
|     Grid Charges         1.69    1.36
|     Scalar Sum           1.36    1.09
|     Gradient Sum         2.21    1.77
|     FFT                 14.17   11.36
|     ---------------------------------
|     Total               20.70   16.59

|  Final Performance Info:
|     -----------------------------------------------------
|     Average timings for last       1 steps:
|     Elapsed(s) =       0.51 Per Step(ms) =     508.31
|         ns/day =       0.34   seconds/ns =  254153.56
|
|     Average timings for all steps:
|     Elapsed(s) =     129.60 Per Step(ms) =      12.96
|         ns/day =      13.33   seconds/ns =    6480.08
|     -----------------------------------------------------

|  Setup CPU time:            0.03 seconds
|  NonSetup CPU time:       124.75 seconds
|  Total CPU time:          124.77 seconds     0.03 hours

|  Setup wall time:           4    seconds
|  NonSetup wall time:      129    seconds
|  Total wall time:         133    seconds     0.04 hours
