
          -------------------------------------------------------
          Amber 18 PMEMD                              2018
          -------------------------------------------------------

| PMEMD implementation of SANDER, Release 18

| Run on 04/22/2022 at 01:13:39

|   Executable path: pmemd
| Working directory: /bgfs/lchong/dty7/ff15ipq-lig/charges/gaff_00/GenConformers/Conf16
|          Hostname: smp-n123

  [-O]verwriting output

File Assignments:
|   MDIN: ../../../amber/6.3_eq2.in                                             
|  MDOUT: 6.3_eq2.out                                                           
| INPCRD: 6.2_eq1.rst                                                           
|   PARM: ../../mon.top                                                         
| RESTRT: 6.3_eq2.rst                                                           
|   REFC: 6.2_eq1.rst                                                           
|  MDVEL: mdvel                                                                 
|   MDEN: mden                                                                  
|  MDCRD: mdcrd                                                                 
| MDINFO: mdinfo                                                                
|  MDFRC: mdfrc                                                                 

 
 Here is the input file:
 
&cntrl                                                                         
  imin      = 0,                                                               
  irest     = 1,                                                               
  ntx       = 5,                                                               
  ig        = -1,                                                              
  dt        = 0.002,                                                           
  nstlim    = 50000,                                                           
  nscm      = 500,                                                             
  ntr       = 1,                                                               
  restraintmask = ':1',                                                        
  restraint_wt  = 10.0,                                                        
  ntb       = 2,                                                               
  ntp       = 1,                                                               
  barostat  = 2,                                                               
  pres0     = 1.0,                                                             
  mcbarint  = 100,                                                             
  comp      = 44.6,                                                            
  taup      = 1.0,                                                             
  ntt       = 3,                                                               
  temp0     = 298.0,                                                           
  gamma_ln  = 1.0,                                                             
  ntf       = 2,                                                               
  ntc       = 2,                                                               
  cut       = 10.0,                                                            
  ntpr      = 500,                                                             
  ntxo      = 1,                                                               
  ntwr      = 50000,                                                           
  ioutfm    = 1,                                                               
  ntwx      = 500,                                                             
  iwrap     = 1,                                                               
&end                                                                           


Note: ig = -1. Setting random seed to   793511 based on wallclock time in 
      microseconds.
| irandom = 1, using AMBER's internal random number generator (default).
 
 
| Conditional Compilation Defines Used:
| PUBFFT
| BINTRAJ
| MKL
| EMIL
 
| Largest sphere to fit in unit cell has radius =    14.774

| New format PARM file being parsed.
| Version =    1.000 Date = 04/21/22 Time = 16:39:25

| Note: 1-4 EEL scale factors are being read from the topology file.

| Note: 1-4 VDW scale factors are being read from the topology file.
| Duplicated    0 dihedrals

| Duplicated    0 dihedrals

--------------------------------------------------------------------------------
   1.  RESOURCE   USE: 
--------------------------------------------------------------------------------

 getting box info from netcdf restart file
 NATOM  =    3240 NTYPES =      13 NBONH =    3220 MBONA  =      21
 NTHETH =      33 MTHETA =      29 NPHIH =      60 MPHIA  =      45
 NHPARM =       0 NPARM  =       0 NNB   =    4456 NRES   =    1069
 NBONA  =      21 NTHETA =      29 NPHIA =      45 NUMBND =      22
 NUMANG =      35 NPTRA  =      18 NATYP =      17 NPHB   =       0
 IFBOX  =       2 NMXRS  =      36 IFCAP =       0 NEXTRA =       0
 NCOPY  =       0

| Coordinate Index Table dimensions:     5    5    5
| Direct force subcell size =     7.2378    7.2378    7.2378

     BOX TYPE: TRUNCATED OCTAHEDRON

--------------------------------------------------------------------------------
   2.  CONTROL  DATA  FOR  THE  RUN
--------------------------------------------------------------------------------

MON                                                                             

General flags:
     imin    =       0, nmropt  =       0

Nature and format of input:
     ntx     =       5, irest   =       1, ntrx    =       1

Nature and format of output:
     ntxo    =       1, ntpr    =     500, ntrx    =       1, ntwr    =   50000
     iwrap   =       1, ntwx    =     500, ntwv    =       0, ntwe    =       0
     ioutfm  =       1, ntwprt  =       0, idecomp =       0, rbornstat=      0

Potential function:
     ntf     =       2, ntb     =       2, igb     =       0, nsnb    =      25
     ipol    =       0, gbsa    =       0, iesp    =       0
     dielc   =   1.00000, cut     =  10.00000, intdiel =   1.00000

Frozen or restrained atoms:
     ibelly  =       0, ntr     =       1
     restraint_wt =  10.00000

Molecular dynamics:
     nstlim  =     50000, nscm    =         0, nrespa  =         1
     t       =   0.00000, dt      =   0.00200, vlimit  =  20.00000

Langevin dynamics temperature regulation:
     ig      =  793511
     temp0   = 298.00000, tempi   =   0.00000, gamma_ln=   1.00000

Pressure regulation:
     ntp     =       1
     pres0   =   1.00000, comp    =  44.60000, taup    =   1.00000
     Monte-Carlo Barostat:
     mcbarint  =     100

SHAKE:
     ntc     =       2, jfastw  =       0
     tol     =   0.00001

| Intermolecular bonds treatment:
|     no_intermolecular_bonds =       1

| Energy averages sample interval:
|     ene_avg_sampling =     500

Ewald parameters:
     verbose =       0, ew_type =       0, nbflag  =       1, use_pme =       1
     vdwmeth =       1, eedmeth =       1, netfrc  =       1
     Box X =   36.189   Box Y =   36.189   Box Z =   36.189
     Alpha =  109.471   Beta  =  109.471   Gamma =  109.471
     NFFT1 =   40       NFFT2 =   40       NFFT3 =   40
     Cutoff=   10.000   Tol   =0.100E-04
     Ewald Coefficient =  0.27511
     Interpolation order =    4

    LOADING THE CONSTRAINED ATOMS AS GROUPS


   5.  REFERENCE ATOM COORDINATES

  MON                                                                             
     Mask :1; matches    36 atoms
| MONTE CARLO BAROSTAT IMPORTANT NOTE:
|   The Monte-Carlo barostat does not require the virial to adjust the system volume.
|   Since it is an expensive calculation, it is skipped for efficiency. A side-effect
|   is that the reported pressure is always 0 because it is not calculated.

--------------------------------------------------------------------------------
   3.  ATOMIC COORDINATES AND VELOCITIES
--------------------------------------------------------------------------------

MON                                                                             
 begin time read from input coords =    20.000 ps

 
 Number of triangulated 3-point waters found:     1068

     Sum of charges from parm topology file =  -0.00200217
     Forcing neutrality...

| Dynamic Memory, Types Used:
| Reals              282990
| Integers            92714

| Nonbonded Pairs Initial Allocation:      980019

--------------------------------------------------------------------------------
   4.  RESULTS
--------------------------------------------------------------------------------

 ---------------------------------------------------
 APPROXIMATING switch and d/dx switch using CUBIC SPLINE INTERPOLATION
 using   5000.0 points per unit in tabled values
 TESTING RELATIVE ERROR over r ranging from 0.0 to cutoff
| CHECK switch(x): max rel err =   0.3316E-14   at   2.351880
| CHECK d/dx switch(x): max rel err =   0.8066E-11   at   2.747240
 ---------------------------------------------------
|---------------------------------------------------
| APPROXIMATING direct energy using CUBIC SPLINE INTERPOLATION
|  with   50.0 points per unit in tabled values
| Relative Error Limit not exceeded for r .gt.   2.34
| APPROXIMATING direct force using CUBIC SPLINE INTERPOLATION
|  with   50.0 points per unit in tabled values
| Relative Error Limit not exceeded for r .gt.   2.81
|---------------------------------------------------
wrapping first mol.:       23.94887       33.86881        0.00000

 NSTEP =      500   TIME(PS) =      21.000  TEMP(K) =   306.73  PRESS =     0.0
 Etot   =    -10541.3333  EKtot   =      1980.9814  EPtot      =    -12522.3147
 BOND   =         9.3876  ANGLE   =        12.8293  DIHED      =        13.3654
 1-4 NB =        10.2966  1-4 EEL =      -247.1957  VDWAALS    =      2455.9199
 EELEC  =    -14785.2498  EHBOND  =         0.0000  RESTRAINT  =         8.3318
 EAMBER (non-restraint)  =    -12530.6465
 EKCMT  =         0.0000  VIRIAL  =         0.0000  VOLUME     =     35686.7252
                                                    Density    =         0.9089
 Ewald error estimate:   0.6871E-04
 ------------------------------------------------------------------------------

wrapping first mol.:       23.83897       33.71339        0.00000

 NSTEP =     1000   TIME(PS) =      22.000  TEMP(K) =   294.35  PRESS =     0.0
 Etot   =    -10655.4123  EKtot   =      1901.0348  EPtot      =    -12556.4471
 BOND   =         6.5858  ANGLE   =        14.3923  DIHED      =        10.1746
 1-4 NB =        11.1057  1-4 EEL =      -246.9344  VDWAALS    =      2384.2698
 EELEC  =    -14743.4657  EHBOND  =         0.0000  RESTRAINT  =         7.4247
 EAMBER (non-restraint)  =    -12563.8719
 EKCMT  =         0.0000  VIRIAL  =         0.0000  VOLUME     =     35197.6917
                                                    Density    =         0.9216
 Ewald error estimate:   0.6950E-04
 ------------------------------------------------------------------------------

wrapping first mol.:       23.64287       33.43607        0.00000

 NSTEP =     1500   TIME(PS) =      23.000  TEMP(K) =   296.28  PRESS =     0.0
 Etot   =    -10637.1194  EKtot   =      1913.5081  EPtot      =    -12550.6275
 BOND   =         4.6284  ANGLE   =        12.5888  DIHED      =        14.3305
 1-4 NB =        10.3809  1-4 EEL =      -244.2670  VDWAALS    =      2607.4583
 EELEC  =    -14963.7336  EHBOND  =         0.0000  RESTRAINT  =         7.9863
 EAMBER (non-restraint)  =    -12558.6138
 EKCMT  =         0.0000  VIRIAL  =         0.0000  VOLUME     =     34336.2192
                                                    Density    =         0.9447
 Ewald error estimate:   0.2955E-03
 ------------------------------------------------------------------------------

wrapping first mol.:       23.63793       33.42909        0.00000

 NSTEP =     2000   TIME(PS) =      24.000  TEMP(K) =   298.95  PRESS =     0.0
 Etot   =    -10548.7832  EKtot   =      1930.7166  EPtot      =    -12479.4998
 BOND   =         5.8761  ANGLE   =        13.4332  DIHED      =        11.5816
 1-4 NB =         9.8237  1-4 EEL =      -245.7454  VDWAALS    =      2458.7015
 EELEC  =    -14742.0311  EHBOND  =         0.0000  RESTRAINT  =         8.8606
 EAMBER (non-restraint)  =    -12488.3604
 EKCMT  =         0.0000  VIRIAL  =         0.0000  VOLUME     =     34314.7141
                                                    Density    =         0.9453
 Ewald error estimate:   0.7786E-04
 ------------------------------------------------------------------------------

wrapping first mol.:       23.62361       33.40883        0.00000

 NSTEP =     2500   TIME(PS) =      25.000  TEMP(K) =   303.91  PRESS =     0.0
 Etot   =    -10596.1958  EKtot   =      1962.7576  EPtot      =    -12558.9534
 BOND   =         7.7564  ANGLE   =         9.7146  DIHED      =        12.7344
 1-4 NB =        10.4628  1-4 EEL =      -244.7799  VDWAALS    =      2443.3922
 EELEC  =    -14805.2724  EHBOND  =         0.0000  RESTRAINT  =         7.0385
 EAMBER (non-restraint)  =    -12565.9919
 EKCMT  =         0.0000  VIRIAL  =         0.0000  VOLUME     =     34252.3708
                                                    Density    =         0.9470
 Ewald error estimate:   0.5082E-04
 ------------------------------------------------------------------------------

wrapping first mol.:       23.53152       33.27859        0.00000

 NSTEP =     3000   TIME(PS) =      26.000  TEMP(K) =   300.93  PRESS =     0.0
 Etot   =    -10586.1048  EKtot   =      1943.4884  EPtot      =    -12529.5932
 BOND   =         5.8661  ANGLE   =        18.0168  DIHED      =        14.2828
 1-4 NB =        11.2872  1-4 EEL =      -245.4184  VDWAALS    =      2440.5341
 EELEC  =    -14782.5765  EHBOND  =         0.0000  RESTRAINT  =         8.4146
 EAMBER (non-restraint)  =    -12538.0078
 EKCMT  =         0.0000  VIRIAL  =         0.0000  VOLUME     =     33853.3587
                                                    Density    =         0.9581
 Ewald error estimate:   0.1081E-03
 ------------------------------------------------------------------------------

wrapping first mol.:       23.44024       33.14950        0.00000

 NSTEP =     3500   TIME(PS) =      27.000  TEMP(K) =   292.77  PRESS =     0.0
 Etot   =    -10564.6200  EKtot   =      1890.8149  EPtot      =    -12455.4349
 BOND   =         8.2449  ANGLE   =        15.6577  DIHED      =        13.4734
 1-4 NB =        10.3484  1-4 EEL =      -243.6054  VDWAALS    =      2503.1660
 EELEC  =    -14768.2488  EHBOND  =         0.0000  RESTRAINT  =         5.5289
 EAMBER (non-restraint)  =    -12460.9639
 EKCMT  =         0.0000  VIRIAL  =         0.0000  VOLUME     =     33460.9200
                                                    Density    =         0.9694
 Ewald error estimate:   0.8678E-04
 ------------------------------------------------------------------------------

wrapping first mol.:       23.34941       33.02105        0.00000

 NSTEP =     4000   TIME(PS) =      28.000  TEMP(K) =   286.64  PRESS =     0.0
 Etot   =    -10646.0215  EKtot   =      1851.1982  EPtot      =    -12497.2196
 BOND   =        12.3204  ANGLE   =        11.7363  DIHED      =        15.4836
 1-4 NB =        11.4031  1-4 EEL =      -245.7022  VDWAALS    =      2348.3869
 EELEC  =    -14657.8796  EHBOND  =         0.0000  RESTRAINT  =         7.0318
 EAMBER (non-restraint)  =    -12504.2515
 EKCMT  =         0.0000  VIRIAL  =         0.0000  VOLUME     =     33073.4564
                                                    Density    =         0.9807
 Ewald error estimate:   0.3785E-05
 ------------------------------------------------------------------------------

wrapping first mol.:       23.24210       32.86929        0.00000

 NSTEP =     4500   TIME(PS) =      29.000  TEMP(K) =   294.85  PRESS =     0.0
 Etot   =    -10760.8712  EKtot   =      1904.2306  EPtot      =    -12665.1018
 BOND   =        10.1175  ANGLE   =        13.8505  DIHED      =        12.7503
 1-4 NB =         9.4092  1-4 EEL =      -242.9775  VDWAALS    =      2569.1859
 EELEC  =    -15046.4704  EHBOND  =         0.0000  RESTRAINT  =         9.0326
 EAMBER (non-restraint)  =    -12674.1344
 EKCMT  =         0.0000  VIRIAL  =         0.0000  VOLUME     =     32619.5489
                                                    Density    =         0.9944
 Ewald error estimate:   0.2889E-03
 ------------------------------------------------------------------------------

wrapping first mol.:       23.26472       32.90128        0.00000

 NSTEP =     5000   TIME(PS) =      30.000  TEMP(K) =   291.38  PRESS =     0.0
 Etot   =    -10809.7710  EKtot   =      1881.8214  EPtot      =    -12691.5923
 BOND   =         5.1495  ANGLE   =        14.6664  DIHED      =        16.7797
 1-4 NB =        10.8824  1-4 EEL =      -246.0303  VDWAALS    =      2472.3535
 EELEC  =    -14974.6922  EHBOND  =         0.0000  RESTRAINT  =         9.2987
 EAMBER (non-restraint)  =    -12700.8910
 EKCMT  =         0.0000  VIRIAL  =         0.0000  VOLUME     =     32714.8909
                                                    Density    =         0.9915
 Ewald error estimate:   0.7718E-04
 ------------------------------------------------------------------------------

wrapping first mol.:       23.22438       32.84423        0.00000

 NSTEP =     5500   TIME(PS) =      31.000  TEMP(K) =   289.92  PRESS =     0.0
 Etot   =    -10742.1120  EKtot   =      1872.4294  EPtot      =    -12614.5414
 BOND   =         8.9404  ANGLE   =        18.8052  DIHED      =        13.2105
 1-4 NB =        10.0439  1-4 EEL =      -246.3375  VDWAALS    =      2536.4560
 EELEC  =    -14967.1008  EHBOND  =         0.0000  RESTRAINT  =        11.4411
 EAMBER (non-restraint)  =    -12625.9825
 EKCMT  =         0.0000  VIRIAL  =         0.0000  VOLUME     =     32544.9948
                                                    Density    =         0.9967
 Ewald error estimate:   0.4062E-03
 ------------------------------------------------------------------------------

wrapping first mol.:       23.23292       32.85631        0.00000

 NSTEP =     6000   TIME(PS) =      32.000  TEMP(K) =   294.29  PRESS =     0.0
 Etot   =    -10734.6774  EKtot   =      1900.6137  EPtot      =    -12635.2910
 BOND   =         4.7573  ANGLE   =        12.8433  DIHED      =        12.9547
 1-4 NB =        11.3385  1-4 EEL =      -245.1938  VDWAALS    =      2413.5076
 EELEC  =    -14854.2204  EHBOND  =         0.0000  RESTRAINT  =         8.7217
 EAMBER (non-restraint)  =    -12644.0128
 EKCMT  =         0.0000  VIRIAL  =         0.0000  VOLUME     =     32580.9056
                                                    Density    =         0.9956
 Ewald error estimate:   0.2806E-03
 ------------------------------------------------------------------------------

wrapping first mol.:       23.23292       32.85631        0.00000

 NSTEP =     6500   TIME(PS) =      33.000  TEMP(K) =   301.71  PRESS =     0.0
 Etot   =    -10719.0509  EKtot   =      1948.5750  EPtot      =    -12667.6259
 BOND   =         3.5747  ANGLE   =        16.8781  DIHED      =        14.3605
 1-4 NB =        12.8515  1-4 EEL =      -247.3942  VDWAALS    =      2507.8184
 EELEC  =    -14985.0487  EHBOND  =         0.0000  RESTRAINT  =         9.3337
 EAMBER (non-restraint)  =    -12676.9596
 EKCMT  =         0.0000  VIRIAL  =         0.0000  VOLUME     =     32580.9056
                                                    Density    =         0.9956
 Ewald error estimate:   0.5121E-04
 ------------------------------------------------------------------------------

wrapping first mol.:       23.14285       32.72894        0.00000

 NSTEP =     7000   TIME(PS) =      34.000  TEMP(K) =   294.71  PRESS =     0.0
 Etot   =    -10779.1595  EKtot   =      1903.3182  EPtot      =    -12682.4777
 BOND   =         4.8438  ANGLE   =        16.0149  DIHED      =        12.3959
 1-4 NB =        10.2527  1-4 EEL =      -245.8656  VDWAALS    =      2460.4351
 EELEC  =    -14948.7383  EHBOND  =         0.0000  RESTRAINT  =         8.1838
 EAMBER (non-restraint)  =    -12690.6616
 EKCMT  =         0.0000  VIRIAL  =         0.0000  VOLUME     =     32203.4662
                                                    Density    =         1.0072
 Ewald error estimate:   0.1379E-03
 ------------------------------------------------------------------------------

wrapping first mol.:       23.13039       32.71131        0.00000

 NSTEP =     7500   TIME(PS) =      35.000  TEMP(K) =   294.00  PRESS =     0.0
 Etot   =    -10719.2630  EKtot   =      1898.7856  EPtot      =    -12618.0486
 BOND   =         6.3388  ANGLE   =        10.5172  DIHED      =        14.8663
 1-4 NB =        10.7053  1-4 EEL =      -247.1922  VDWAALS    =      2472.3505
 EELEC  =    -14895.4649  EHBOND  =         0.0000  RESTRAINT  =         9.8304
 EAMBER (non-restraint)  =    -12627.8790
 EKCMT  =         0.0000  VIRIAL  =         0.0000  VOLUME     =     32151.4579
                                                    Density    =         1.0089
 Ewald error estimate:   0.2946E-03
 ------------------------------------------------------------------------------

wrapping first mol.:       23.19219       32.79871        0.00000

 NSTEP =     8000   TIME(PS) =      36.000  TEMP(K) =   299.61  PRESS =     0.0
 Etot   =    -10712.8169  EKtot   =      1934.9914  EPtot      =    -12647.8082
 BOND   =         8.0044  ANGLE   =        19.1695  DIHED      =        12.1900
 1-4 NB =        11.6507  1-4 EEL =      -248.7798  VDWAALS    =      2449.1467
 EELEC  =    -14907.2042  EHBOND  =         0.0000  RESTRAINT  =         8.0144
 EAMBER (non-restraint)  =    -12655.8227
 EKCMT  =         0.0000  VIRIAL  =         0.0000  VOLUME     =     32409.8660
                                                    Density    =         1.0008
 Ewald error estimate:   0.4242E-03
 ------------------------------------------------------------------------------

wrapping first mol.:       23.19947       32.80901        0.00000

 NSTEP =     8500   TIME(PS) =      37.000  TEMP(K) =   300.33  PRESS =     0.0
 Etot   =    -10766.6620  EKtot   =      1939.6751  EPtot      =    -12706.3371
 BOND   =         8.2339  ANGLE   =        15.8942  DIHED      =        13.6237
 1-4 NB =        10.8191  1-4 EEL =      -246.3389  VDWAALS    =      2507.1803
 EELEC  =    -15021.8113  EHBOND  =         0.0000  RESTRAINT  =         6.0619
 EAMBER (non-restraint)  =    -12712.3990
 EKCMT  =         0.0000  VIRIAL  =         0.0000  VOLUME     =     32440.4047
                                                    Density    =         0.9999
 Ewald error estimate:   0.2621E-03
 ------------------------------------------------------------------------------

wrapping first mol.:       23.19066       32.79654        0.00000

 NSTEP =     9000   TIME(PS) =      38.000  TEMP(K) =   297.76  PRESS =     0.0
 Etot   =    -10768.4274  EKtot   =      1923.0168  EPtot      =    -12691.4442
 BOND   =         7.8428  ANGLE   =        13.9156  DIHED      =        11.0066
 1-4 NB =        12.4774  1-4 EEL =      -248.9876  VDWAALS    =      2514.9366
 EELEC  =    -15010.5344  EHBOND  =         0.0000  RESTRAINT  =         7.8989
 EAMBER (non-restraint)  =    -12699.3431
 EKCMT  =         0.0000  VIRIAL  =         0.0000  VOLUME     =     32403.4242
                                                    Density    =         1.0010
 Ewald error estimate:   0.1140E-03
 ------------------------------------------------------------------------------

wrapping first mol.:       23.17098       32.76871        0.00000

 NSTEP =     9500   TIME(PS) =      39.000  TEMP(K) =   299.49  PRESS =     0.0
 Etot   =    -10778.2965  EKtot   =      1934.2020  EPtot      =    -12712.4985
 BOND   =         6.1643  ANGLE   =         9.5260  DIHED      =        14.7126
 1-4 NB =        10.5175  1-4 EEL =      -245.2907  VDWAALS    =      2572.9399
 EELEC  =    -15086.9375  EHBOND  =         0.0000  RESTRAINT  =         5.8694
 EAMBER (non-restraint)  =    -12718.3679
 EKCMT  =         0.0000  VIRIAL  =         0.0000  VOLUME     =     32321.0222
                                                    Density    =         1.0036
 Ewald error estimate:   0.2859E-03
 ------------------------------------------------------------------------------

wrapping first mol.:       23.19366       32.80078        0.00000

 NSTEP =    10000   TIME(PS) =      40.000  TEMP(K) =   293.47  PRESS =     0.0
 Etot   =    -10784.0021  EKtot   =      1895.3421  EPtot      =    -12679.3442
 BOND   =         6.8285  ANGLE   =        14.6446  DIHED      =        12.8693
 1-4 NB =        11.4490  1-4 EEL =      -248.5551  VDWAALS    =      2456.2399
 EELEC  =    -14941.5645  EHBOND  =         0.0000  RESTRAINT  =         8.7439
 EAMBER (non-restraint)  =    -12688.0881
 EKCMT  =         0.0000  VIRIAL  =         0.0000  VOLUME     =     32416.0026
                                                    Density    =         1.0006
 Ewald error estimate:   0.1550E-03
 ------------------------------------------------------------------------------

wrapping first mol.:       23.15257       32.74268        0.00000

 NSTEP =    10500   TIME(PS) =      41.000  TEMP(K) =   299.25  PRESS =     0.0
 Etot   =    -10757.9528  EKtot   =      1932.6935  EPtot      =    -12690.6463
 BOND   =         5.3687  ANGLE   =        11.5821  DIHED      =        13.4196
 1-4 NB =        11.5471  1-4 EEL =      -246.0983  VDWAALS    =      2491.1604
 EELEC  =    -14985.8288  EHBOND  =         0.0000  RESTRAINT  =         8.2029
 EAMBER (non-restraint)  =    -12698.8492
 EKCMT  =         0.0000  VIRIAL  =         0.0000  VOLUME     =     32244.0410
                                                    Density    =         1.0060
 Ewald error estimate:   0.2751E-03
 ------------------------------------------------------------------------------

wrapping first mol.:       23.19863       32.80782        0.00000

 NSTEP =    11000   TIME(PS) =      42.000  TEMP(K) =   291.51  PRESS =     0.0
 Etot   =    -10769.2194  EKtot   =      1882.6817  EPtot      =    -12651.9011
 BOND   =         5.6883  ANGLE   =        13.8933  DIHED      =        14.6951
 1-4 NB =        10.4761  1-4 EEL =      -246.3096  VDWAALS    =      2513.7953
 EELEC  =    -14972.5659  EHBOND  =         0.0000  RESTRAINT  =         8.4263
 EAMBER (non-restraint)  =    -12660.3274
 EKCMT  =         0.0000  VIRIAL  =         0.0000  VOLUME     =     32436.8734
                                                    Density    =         1.0000
 Ewald error estimate:   0.3426E-03
 ------------------------------------------------------------------------------

wrapping first mol.:       23.22820       32.84963        0.00000

 NSTEP =    11500   TIME(PS) =      43.000  TEMP(K) =   291.40  PRESS =     0.0
 Etot   =    -10669.5086  EKtot   =      1881.9890  EPtot      =    -12551.4976
 BOND   =         6.0916  ANGLE   =        14.1996  DIHED      =        13.0815
 1-4 NB =        10.7410  1-4 EEL =      -248.7702  VDWAALS    =      2410.5973
 EELEC  =    -14768.0759  EHBOND  =         0.0000  RESTRAINT  =        10.6375
 EAMBER (non-restraint)  =    -12562.1351
 EKCMT  =         0.0000  VIRIAL  =         0.0000  VOLUME     =     32561.0471
                                                    Density    =         0.9962
 Ewald error estimate:   0.1265E-03
 ------------------------------------------------------------------------------

wrapping first mol.:       23.14812       32.73639        0.00000

 NSTEP =    12000   TIME(PS) =      44.000  TEMP(K) =   302.22  PRESS =     0.0
 Etot   =    -10632.1528  EKtot   =      1951.8331  EPtot      =    -12583.9860
 BOND   =         7.9397  ANGLE   =        16.0518  DIHED      =        12.0392
 1-4 NB =        11.2242  1-4 EEL =      -246.0763  VDWAALS    =      2402.0113
 EELEC  =    -14794.8396  EHBOND  =         0.0000  RESTRAINT  =         7.6638
 EAMBER (non-restraint)  =    -12591.6497
 EKCMT  =         0.0000  VIRIAL  =         0.0000  VOLUME     =     32225.4672
                                                    Density    =         1.0066
 Ewald error estimate:   0.3503E-03
 ------------------------------------------------------------------------------

wrapping first mol.:       23.15158       32.74128        0.00000

 NSTEP =    12500   TIME(PS) =      45.000  TEMP(K) =   288.83  PRESS =     0.0
 Etot   =    -10837.0154  EKtot   =      1865.3564  EPtot      =    -12702.3718
 BOND   =         4.6157  ANGLE   =        12.1035  DIHED      =        13.2766
 1-4 NB =         9.7107  1-4 EEL =      -243.6931  VDWAALS    =      2531.4987
 EELEC  =    -15040.8112  EHBOND  =         0.0000  RESTRAINT  =        10.9272
 EAMBER (non-restraint)  =    -12713.2991
 EKCMT  =         0.0000  VIRIAL  =         0.0000  VOLUME     =     32239.9127
                                                    Density    =         1.0061
 Ewald error estimate:   0.2178E-03
 ------------------------------------------------------------------------------

wrapping first mol.:       23.05885       32.61014        0.00000

 NSTEP =    13000   TIME(PS) =      46.000  TEMP(K) =   297.09  PRESS =     0.0
 Etot   =    -10713.4979  EKtot   =      1918.7443  EPtot      =    -12632.2423
 BOND   =         4.7071  ANGLE   =        14.0515  DIHED      =        12.6828
 1-4 NB =        11.4224  1-4 EEL =      -247.7641  VDWAALS    =      2606.8024
 EELEC  =    -15043.1489  EHBOND  =         0.0000  RESTRAINT  =         9.0044
 EAMBER (non-restraint)  =    -12641.2466
 EKCMT  =         0.0000  VIRIAL  =         0.0000  VOLUME     =     31854.0647
                                                    Density    =         1.0183
 Ewald error estimate:   0.9650E-04
 ------------------------------------------------------------------------------

wrapping first mol.:       23.08000       32.64005        0.00000

 NSTEP =    13500   TIME(PS) =      47.000  TEMP(K) =   295.91  PRESS =     0.0
 Etot   =    -10695.2621  EKtot   =      1911.1014  EPtot      =    -12606.3635
 BOND   =         7.3556  ANGLE   =        18.9030  DIHED      =        10.1217
 1-4 NB =        10.6355  1-4 EEL =      -245.6710  VDWAALS    =      2443.3848
 EELEC  =    -14860.6070  EHBOND  =         0.0000  RESTRAINT  =         9.5139
 EAMBER (non-restraint)  =    -12615.8774
 EKCMT  =         0.0000  VIRIAL  =         0.0000  VOLUME     =     31941.8051
                                                    Density    =         1.0155
 Ewald error estimate:   0.8701E-04
 ------------------------------------------------------------------------------

wrapping first mol.:       23.11027       32.68286        0.00000

 NSTEP =    14000   TIME(PS) =      48.000  TEMP(K) =   300.16  PRESS =     0.0
 Etot   =    -10687.5784  EKtot   =      1938.5236  EPtot      =    -12626.1019
 BOND   =         5.2325  ANGLE   =        15.1466  DIHED      =        18.6312
 1-4 NB =         9.6790  1-4 EEL =      -245.3866  VDWAALS    =      2426.1343
 EELEC  =    -14863.0192  EHBOND  =         0.0000  RESTRAINT  =         7.4802
 EAMBER (non-restraint)  =    -12633.5822
 EKCMT  =         0.0000  VIRIAL  =         0.0000  VOLUME     =     32067.6492
                                                    Density    =         1.0115
 Ewald error estimate:   0.1091E-03
 ------------------------------------------------------------------------------

wrapping first mol.:       23.12820       32.70822        0.00000

 NSTEP =    14500   TIME(PS) =      49.000  TEMP(K) =   300.64  PRESS =     0.0
 Etot   =    -10676.2717  EKtot   =      1941.6545  EPtot      =    -12617.9262
 BOND   =         5.3847  ANGLE   =        12.2691  DIHED      =        14.1787
 1-4 NB =        11.5956  1-4 EEL =      -247.9704  VDWAALS    =      2467.5430
 EELEC  =    -14886.7194  EHBOND  =         0.0000  RESTRAINT  =         5.7924
 EAMBER (non-restraint)  =    -12623.7186
 EKCMT  =         0.0000  VIRIAL  =         0.0000  VOLUME     =     32142.3478
                                                    Density    =         1.0092
 Ewald error estimate:   0.2160E-03
 ------------------------------------------------------------------------------

wrapping first mol.:       23.10014       32.66852        0.00000

 NSTEP =    15000   TIME(PS) =      50.000  TEMP(K) =   301.87  PRESS =     0.0
 Etot   =    -10680.6783  EKtot   =      1949.5760  EPtot      =    -12630.2543
 BOND   =         5.4552  ANGLE   =        10.9675  DIHED      =        13.1851
 1-4 NB =        10.7317  1-4 EEL =      -246.2728  VDWAALS    =      2515.8880
 EELEC  =    -14948.0538  EHBOND  =         0.0000  RESTRAINT  =         7.8447
 EAMBER (non-restraint)  =    -12638.0990
 EKCMT  =         0.0000  VIRIAL  =         0.0000  VOLUME     =     32025.4660
                                                    Density    =         1.0128
 Ewald error estimate:   0.1551E-03
 ------------------------------------------------------------------------------

wrapping first mol.:       23.16755       32.76386        0.00000

 NSTEP =    15500   TIME(PS) =      51.000  TEMP(K) =   302.60  PRESS =     0.0
 Etot   =    -10697.0332  EKtot   =      1954.2952  EPtot      =    -12651.3285
 BOND   =         6.9847  ANGLE   =        16.5332  DIHED      =        13.2301
 1-4 NB =        12.7873  1-4 EEL =      -246.6722  VDWAALS    =      2360.4429
 EELEC  =    -14824.2884  EHBOND  =         0.0000  RESTRAINT  =         9.6540
 EAMBER (non-restraint)  =    -12660.9825
 EKCMT  =         0.0000  VIRIAL  =         0.0000  VOLUME     =     32306.6563
                                                    Density    =         1.0040
 Ewald error estimate:   0.2223E-03
 ------------------------------------------------------------------------------

wrapping first mol.:       23.06436       32.61793        0.00000

 NSTEP =    16000   TIME(PS) =      52.000  TEMP(K) =   302.79  PRESS =     0.0
 Etot   =    -10752.8112  EKtot   =      1955.5460  EPtot      =    -12708.3572
 BOND   =         4.8425  ANGLE   =        16.0199  DIHED      =        11.2681
 1-4 NB =        10.6840  1-4 EEL =      -243.9336  VDWAALS    =      2448.4881
 EELEC  =    -14963.8183  EHBOND  =         0.0000  RESTRAINT  =         8.0920
 EAMBER (non-restraint)  =    -12716.4492
 EKCMT  =         0.0000  VIRIAL  =         0.0000  VOLUME     =     31876.8974
                                                    Density    =         1.0176
 Ewald error estimate:   0.1648E-03
 ------------------------------------------------------------------------------

wrapping first mol.:       23.07257       32.62954        0.00000

 NSTEP =    16500   TIME(PS) =      53.000  TEMP(K) =   296.05  PRESS =     0.0
 Etot   =    -10675.0735  EKtot   =      1912.0251  EPtot      =    -12587.0986
 BOND   =        11.2148  ANGLE   =        17.0586  DIHED      =        14.7497
 1-4 NB =        11.9324  1-4 EEL =      -247.0328  VDWAALS    =      2449.2765
 EELEC  =    -14852.1038  EHBOND  =         0.0000  RESTRAINT  =         7.8060
 EAMBER (non-restraint)  =    -12594.9046
 EKCMT  =         0.0000  VIRIAL  =         0.0000  VOLUME     =     31910.9654
                                                    Density    =         1.0165
 Ewald error estimate:   0.1424E-03
 ------------------------------------------------------------------------------

wrapping first mol.:       23.05303       32.60190        0.00000

 NSTEP =    17000   TIME(PS) =      54.000  TEMP(K) =   302.30  PRESS =     0.0
 Etot   =    -10672.7484  EKtot   =      1952.3889  EPtot      =    -12625.1373
 BOND   =         7.2705  ANGLE   =         9.6956  DIHED      =        14.4349
 1-4 NB =        10.0013  1-4 EEL =      -245.8518  VDWAALS    =      2465.3945
 EELEC  =    -14894.3602  EHBOND  =         0.0000  RESTRAINT  =         8.2779
 EAMBER (non-restraint)  =    -12633.4152
 EKCMT  =         0.0000  VIRIAL  =         0.0000  VOLUME     =     31829.9387
                                                    Density    =         1.0191
 Ewald error estimate:   0.1487E-03
 ------------------------------------------------------------------------------

wrapping first mol.:       23.15190       32.74173        0.00000

 NSTEP =    17500   TIME(PS) =      55.000  TEMP(K) =   303.74  PRESS =     0.0
 Etot   =    -10658.2992  EKtot   =      1961.6873  EPtot      =    -12619.9865
 BOND   =         6.8500  ANGLE   =        10.6053  DIHED      =        15.7530
 1-4 NB =        11.5325  1-4 EEL =      -246.8210  VDWAALS    =      2435.8807
 EELEC  =    -14863.9788  EHBOND  =         0.0000  RESTRAINT  =        10.1919
 EAMBER (non-restraint)  =    -12630.1784
 EKCMT  =         0.0000  VIRIAL  =         0.0000  VOLUME     =     32241.2409
                                                    Density    =         1.0061
 Ewald error estimate:   0.1351E-03
 ------------------------------------------------------------------------------

wrapping first mol.:       23.15101       32.74047        0.00000

 NSTEP =    18000   TIME(PS) =      56.000  TEMP(K) =   311.94  PRESS =     0.0
 Etot   =    -10614.0914  EKtot   =      2014.5976  EPtot      =    -12628.6889
 BOND   =         5.1391  ANGLE   =        11.5699  DIHED      =        11.0851
 1-4 NB =         9.4648  1-4 EEL =      -244.4849  VDWAALS    =      2493.6374
 EELEC  =    -14924.5235  EHBOND  =         0.0000  RESTRAINT  =         9.4231
 EAMBER (non-restraint)  =    -12638.1120
 EKCMT  =         0.0000  VIRIAL  =         0.0000  VOLUME     =     32237.5277
                                                    Density    =         1.0062
 Ewald error estimate:   0.4298E-04
 ------------------------------------------------------------------------------

wrapping first mol.:       23.19113       32.79720        0.00000

 NSTEP =    18500   TIME(PS) =      57.000  TEMP(K) =   303.76  PRESS =     0.0
 Etot   =    -10611.6998  EKtot   =      1961.7831  EPtot      =    -12573.4829
 BOND   =         8.0169  ANGLE   =        16.0630  DIHED      =        13.2302
 1-4 NB =        11.4745  1-4 EEL =      -249.2837  VDWAALS    =      2455.7517
 EELEC  =    -14837.7746  EHBOND  =         0.0000  RESTRAINT  =         9.0390
 EAMBER (non-restraint)  =    -12582.5218
 EKCMT  =         0.0000  VIRIAL  =         0.0000  VOLUME     =     32405.3988
                                                    Density    =         1.0010
 Ewald error estimate:   0.3808E-03
 ------------------------------------------------------------------------------

wrapping first mol.:       23.18876       32.79386        0.00000

 NSTEP =    19000   TIME(PS) =      58.000  TEMP(K) =   293.76  PRESS =     0.0
 Etot   =    -10719.3732  EKtot   =      1897.2092  EPtot      =    -12616.5824
 BOND   =         9.9523  ANGLE   =        15.0740  DIHED      =        16.1933
 1-4 NB =        10.0491  1-4 EEL =      -245.1818  VDWAALS    =      2574.9620
 EELEC  =    -15006.4870  EHBOND  =         0.0000  RESTRAINT  =         8.8558
 EAMBER (non-restraint)  =    -12625.4382
 EKCMT  =         0.0000  VIRIAL  =         0.0000  VOLUME     =     32395.4899
                                                    Density    =         1.0013
 Ewald error estimate:   0.1934E-03
 ------------------------------------------------------------------------------

wrapping first mol.:       23.09161       32.65646        0.00000

 NSTEP =    19500   TIME(PS) =      59.000  TEMP(K) =   295.58  PRESS =     0.0
 Etot   =    -10692.9429  EKtot   =      1908.9604  EPtot      =    -12601.9033
 BOND   =         9.3493  ANGLE   =         8.9984  DIHED      =        11.1146
 1-4 NB =         9.4466  1-4 EEL =      -244.3310  VDWAALS    =      2422.3280
 EELEC  =    -14830.7162  EHBOND  =         0.0000  RESTRAINT  =        11.9070
 EAMBER (non-restraint)  =    -12613.8104
 EKCMT  =         0.0000  VIRIAL  =         0.0000  VOLUME     =     31990.0131
                                                    Density    =         1.0140
 Ewald error estimate:   0.1469E-03
 ------------------------------------------------------------------------------

wrapping first mol.:       23.04477       32.59023        0.00000

 NSTEP =    20000   TIME(PS) =      60.000  TEMP(K) =   295.51  PRESS =     0.0
 Etot   =    -10782.1055  EKtot   =      1908.4932  EPtot      =    -12690.5986
 BOND   =         7.0397  ANGLE   =        10.9733  DIHED      =        13.2927
 1-4 NB =        10.9877  1-4 EEL =      -245.6561  VDWAALS    =      2466.9799
 EELEC  =    -14963.2060  EHBOND  =         0.0000  RESTRAINT  =         8.9902
 EAMBER (non-restraint)  =    -12699.5888
 EKCMT  =         0.0000  VIRIAL  =         0.0000  VOLUME     =     31795.7647
                                                    Density    =         1.0202
 Ewald error estimate:   0.1185E-03
 ------------------------------------------------------------------------------

wrapping first mol.:       23.03442       32.57559        0.00000

 NSTEP =    20500   TIME(PS) =      61.000  TEMP(K) =   300.18  PRESS =     0.0
 Etot   =    -10728.3484  EKtot   =      1938.6835  EPtot      =    -12667.0319
 BOND   =         7.7860  ANGLE   =        12.0649  DIHED      =        15.7546
 1-4 NB =        11.3889  1-4 EEL =      -247.6262  VDWAALS    =      2416.5518
 EELEC  =    -14890.4142  EHBOND  =         0.0000  RESTRAINT  =         7.4623
 EAMBER (non-restraint)  =    -12674.4942
 EKCMT  =         0.0000  VIRIAL  =         0.0000  VOLUME     =     31752.9286
                                                    Density    =         1.0215
 Ewald error estimate:   0.2323E-03
 ------------------------------------------------------------------------------

wrapping first mol.:       23.01107       32.54256        0.00000

 NSTEP =    21000   TIME(PS) =      62.000  TEMP(K) =   299.57  PRESS =     0.0
 Etot   =    -10728.8436  EKtot   =      1934.7302  EPtot      =    -12663.5739
 BOND   =         5.4949  ANGLE   =        11.5234  DIHED      =        12.9247
 1-4 NB =        11.1170  1-4 EEL =      -247.2337  VDWAALS    =      2408.3095
 EELEC  =    -14876.3456  EHBOND  =         0.0000  RESTRAINT  =        10.6359
 EAMBER (non-restraint)  =    -12674.2098
 EKCMT  =         0.0000  VIRIAL  =         0.0000  VOLUME     =     31656.4439
                                                    Density    =         1.0246
 Ewald error estimate:   0.4381E-03
 ------------------------------------------------------------------------------

wrapping first mol.:       23.06427       32.61781        0.00000

 NSTEP =    21500   TIME(PS) =      63.000  TEMP(K) =   286.80  PRESS =     0.0
 Etot   =    -10765.1498  EKtot   =      1852.2542  EPtot      =    -12617.4040
 BOND   =         5.9631  ANGLE   =         7.2227  DIHED      =        12.0197
 1-4 NB =        11.3519  1-4 EEL =      -245.5119  VDWAALS    =      2374.2777
 EELEC  =    -14790.7088  EHBOND  =         0.0000  RESTRAINT  =         7.9815
 EAMBER (non-restraint)  =    -12625.3856
 EKCMT  =         0.0000  VIRIAL  =         0.0000  VOLUME     =     31876.5381
                                                    Density    =         1.0176
 Ewald error estimate:   0.2959E-03
 ------------------------------------------------------------------------------

wrapping first mol.:       23.07479       32.63269        0.00000

 NSTEP =    22000   TIME(PS) =      64.000  TEMP(K) =   298.76  PRESS =     0.0
 Etot   =    -10779.7854  EKtot   =      1929.5145  EPtot      =    -12709.2999
 BOND   =         3.7655  ANGLE   =         8.4923  DIHED      =        15.8977
 1-4 NB =        11.0991  1-4 EEL =      -244.6320  VDWAALS    =      2469.6887
 EELEC  =    -14981.8337  EHBOND  =         0.0000  RESTRAINT  =         8.2225
 EAMBER (non-restraint)  =    -12717.5224
 EKCMT  =         0.0000  VIRIAL  =         0.0000  VOLUME     =     31920.1839
                                                    Density    =         1.0162
 Ewald error estimate:   0.1144E-03
 ------------------------------------------------------------------------------

wrapping first mol.:       23.07457       32.63237        0.00000

 NSTEP =    22500   TIME(PS) =      65.000  TEMP(K) =   295.71  PRESS =     0.0
 Etot   =    -10762.8231  EKtot   =      1909.7955  EPtot      =    -12672.6186
 BOND   =         7.3174  ANGLE   =        15.6642  DIHED      =        14.3549
 1-4 NB =        10.4078  1-4 EEL =      -244.9185  VDWAALS    =      2573.6609
 EELEC  =    -15057.2946  EHBOND  =         0.0000  RESTRAINT  =         8.1892
 EAMBER (non-restraint)  =    -12680.8079
 EKCMT  =         0.0000  VIRIAL  =         0.0000  VOLUME     =     31919.2702
                                                    Density    =         1.0162
 Ewald error estimate:   0.1278E-04
 ------------------------------------------------------------------------------

wrapping first mol.:       23.05612       32.60628        0.00000

 NSTEP =    23000   TIME(PS) =      66.000  TEMP(K) =   305.79  PRESS =     0.0
 Etot   =    -10660.7618  EKtot   =      1974.8797  EPtot      =    -12635.6415
 BOND   =         5.4086  ANGLE   =        12.0299  DIHED      =        13.8057
 1-4 NB =        11.9801  1-4 EEL =      -248.0696  VDWAALS    =      2558.3205
 EELEC  =    -14998.7164  EHBOND  =         0.0000  RESTRAINT  =         9.5997
 EAMBER (non-restraint)  =    -12645.2412
 EKCMT  =         0.0000  VIRIAL  =         0.0000  VOLUME     =     31842.7441
                                                    Density    =         1.0186
 Ewald error estimate:   0.1930E-03
 ------------------------------------------------------------------------------

wrapping first mol.:       23.20183       32.81234        0.00000

 NSTEP =    23500   TIME(PS) =      67.000  TEMP(K) =   294.20  PRESS =     0.0
 Etot   =    -10707.5774  EKtot   =      1900.0512  EPtot      =    -12607.6286
 BOND   =         5.7367  ANGLE   =        14.6334  DIHED      =        11.0379
 1-4 NB =        11.7498  1-4 EEL =      -246.1718  VDWAALS    =      2358.7149
 EELEC  =    -14774.1178  EHBOND  =         0.0000  RESTRAINT  =        10.7883
 EAMBER (non-restraint)  =    -12618.4169
 EKCMT  =         0.0000  VIRIAL  =         0.0000  VOLUME     =     32450.2952
                                                    Density    =         0.9996
 Ewald error estimate:   0.3846E-03
 ------------------------------------------------------------------------------

wrapping first mol.:       23.16996       32.76726        0.00000

 NSTEP =    24000   TIME(PS) =      68.000  TEMP(K) =   307.42  PRESS =     0.0
 Etot   =    -10739.6664  EKtot   =      1985.4290  EPtot      =    -12725.0954
 BOND   =         5.3721  ANGLE   =        13.8937  DIHED      =        12.6576
 1-4 NB =         9.2646  1-4 EEL =      -247.8128  VDWAALS    =      2590.6381
 EELEC  =    -15115.8609  EHBOND  =         0.0000  RESTRAINT  =         6.7522
 EAMBER (non-restraint)  =    -12731.8476
 EKCMT  =         0.0000  VIRIAL  =         0.0000  VOLUME     =     32316.7335
                                                    Density    =         1.0037
 Ewald error estimate:   0.2558E-03
 ------------------------------------------------------------------------------

wrapping first mol.:       23.15306       32.74337        0.00000

 NSTEP =    24500   TIME(PS) =      69.000  TEMP(K) =   290.17  PRESS =     0.0
 Etot   =    -10755.9761  EKtot   =      1874.0361  EPtot      =    -12630.0122
 BOND   =         5.8320  ANGLE   =        17.5898  DIHED      =        13.3256
 1-4 NB =        11.0376  1-4 EEL =      -245.8621  VDWAALS    =      2504.3703
 EELEC  =    -14944.0810  EHBOND  =         0.0000  RESTRAINT  =         7.7755
 EAMBER (non-restraint)  =    -12637.7877
 EKCMT  =         0.0000  VIRIAL  =         0.0000  VOLUME     =     32246.0810
                                                    Density    =         1.0059
 Ewald error estimate:   0.3370E-03
 ------------------------------------------------------------------------------

wrapping first mol.:       23.18301       32.78573        0.00000

 NSTEP =    25000   TIME(PS) =      70.000  TEMP(K) =   295.60  PRESS =     0.0
 Etot   =    -10759.6323  EKtot   =      1909.1006  EPtot      =    -12668.7330
 BOND   =         4.9956  ANGLE   =        17.0053  DIHED      =        11.3561
 1-4 NB =        10.6073  1-4 EEL =      -245.6750  VDWAALS    =      2500.9328
 EELEC  =    -14975.7093  EHBOND  =         0.0000  RESTRAINT  =         7.7543
 EAMBER (non-restraint)  =    -12676.4873
 EKCMT  =         0.0000  VIRIAL  =         0.0000  VOLUME     =     32371.4002
                                                    Density    =         1.0020
 Ewald error estimate:   0.3685E-03
 ------------------------------------------------------------------------------

wrapping first mol.:       23.18301       32.78573        0.00000

 NSTEP =    25500   TIME(PS) =      71.000  TEMP(K) =   298.07  PRESS =     0.0
 Etot   =    -10712.7752  EKtot   =      1925.0682  EPtot      =    -12637.8435
 BOND   =         4.2743  ANGLE   =         8.7474  DIHED      =        13.7281
 1-4 NB =        10.7447  1-4 EEL =      -247.4207  VDWAALS    =      2483.6562
 EELEC  =    -14928.7695  EHBOND  =         0.0000  RESTRAINT  =        17.1960
 EAMBER (non-restraint)  =    -12655.0394
 EKCMT  =         0.0000  VIRIAL  =         0.0000  VOLUME     =     32371.4002
                                                    Density    =         1.0020
 Ewald error estimate:   0.1773E-03
 ------------------------------------------------------------------------------

wrapping first mol.:       23.19016       32.79583        0.00000

 NSTEP =    26000   TIME(PS) =      72.000  TEMP(K) =   302.43  PRESS =     0.0
 Etot   =    -10734.6586  EKtot   =      1953.2358  EPtot      =    -12687.8944
 BOND   =         8.1002  ANGLE   =        14.8183  DIHED      =        16.7666
 1-4 NB =        10.7414  1-4 EEL =      -246.4202  VDWAALS    =      2514.4263
 EELEC  =    -15016.2083  EHBOND  =         0.0000  RESTRAINT  =         9.8814
 EAMBER (non-restraint)  =    -12697.7758
 EKCMT  =         0.0000  VIRIAL  =         0.0000  VOLUME     =     32401.3376
                                                    Density    =         1.0011
 Ewald error estimate:   0.1760E-03
 ------------------------------------------------------------------------------

wrapping first mol.:       23.27540       32.91639        0.00000

 NSTEP =    26500   TIME(PS) =      73.000  TEMP(K) =   289.28  PRESS =     0.0
 Etot   =    -10778.2825  EKtot   =      1868.2801  EPtot      =    -12646.5626
 BOND   =         5.1408  ANGLE   =        14.4738  DIHED      =        12.3990
 1-4 NB =        11.3683  1-4 EEL =      -246.3714  VDWAALS    =      2569.9080
 EELEC  =    -15019.0509  EHBOND  =         0.0000  RESTRAINT  =         5.5699
 EAMBER (non-restraint)  =    -12652.1325
 EKCMT  =         0.0000  VIRIAL  =         0.0000  VOLUME     =     32759.9699
                                                    Density    =         0.9901
 Ewald error estimate:   0.2764E-03
 ------------------------------------------------------------------------------

wrapping first mol.:       23.25630       32.88937        0.00000

 NSTEP =    27000   TIME(PS) =      74.000  TEMP(K) =   293.14  PRESS =     0.0
 Etot   =    -10790.5922  EKtot   =      1893.2129  EPtot      =    -12683.8051
 BOND   =         6.1762  ANGLE   =        16.4763  DIHED      =        14.0846
 1-4 NB =        11.6045  1-4 EEL =      -247.0212  VDWAALS    =      2545.9045
 EELEC  =    -15043.2023  EHBOND  =         0.0000  RESTRAINT  =        12.1723
 EAMBER (non-restraint)  =    -12695.9774
 EKCMT  =         0.0000  VIRIAL  =         0.0000  VOLUME     =     32679.3596
                                                    Density    =         0.9926
 Ewald error estimate:   0.3290E-03
 ------------------------------------------------------------------------------

wrapping first mol.:       23.22427       32.84408        0.00000

 NSTEP =    27500   TIME(PS) =      75.000  TEMP(K) =   292.49  PRESS =     0.0
 Etot   =    -10742.5739  EKtot   =      1888.9974  EPtot      =    -12631.5713
 BOND   =         8.9131  ANGLE   =        13.7996  DIHED      =        14.3491
 1-4 NB =        11.0632  1-4 EEL =      -245.4927  VDWAALS    =      2318.9198
 EELEC  =    -14762.0590  EHBOND  =         0.0000  RESTRAINT  =         8.9355
 EAMBER (non-restraint)  =    -12640.5068
 EKCMT  =         0.0000  VIRIAL  =         0.0000  VOLUME     =     32544.5367
                                                    Density    =         0.9967
 Ewald error estimate:   0.5777E-04
 ------------------------------------------------------------------------------

wrapping first mol.:       23.15101       32.74048        0.00000

 NSTEP =    28000   TIME(PS) =      76.000  TEMP(K) =   295.18  PRESS =     0.0
 Etot   =    -10851.2484  EKtot   =      1906.4131  EPtot      =    -12757.6615
 BOND   =         7.5412  ANGLE   =        12.8255  DIHED      =        11.1804
 1-4 NB =        10.2386  1-4 EEL =      -245.0363  VDWAALS    =      2543.6221
 EELEC  =    -15103.5762  EHBOND  =         0.0000  RESTRAINT  =         5.5433
 EAMBER (non-restraint)  =    -12763.2048
 EKCMT  =         0.0000  VIRIAL  =         0.0000  VOLUME     =     32237.5426
                                                    Density    =         1.0062
 Ewald error estimate:   0.1186E-03
 ------------------------------------------------------------------------------

wrapping first mol.:       23.10620       32.67711        0.00000

 NSTEP =    28500   TIME(PS) =      77.000  TEMP(K) =   299.73  PRESS =     0.0
 Etot   =    -10837.7024  EKtot   =      1935.7582  EPtot      =    -12773.4607
 BOND   =         5.8463  ANGLE   =        13.0505  DIHED      =        12.9803
 1-4 NB =         9.2577  1-4 EEL =      -243.5764  VDWAALS    =      2653.4482
 EELEC  =    -15234.4064  EHBOND  =         0.0000  RESTRAINT  =         9.9391
 EAMBER (non-restraint)  =    -12783.3998
 EKCMT  =         0.0000  VIRIAL  =         0.0000  VOLUME     =     32050.7111
                                                    Density    =         1.0120
 Ewald error estimate:   0.4317E-03
 ------------------------------------------------------------------------------

wrapping first mol.:       23.11138       32.68442        0.00000

 NSTEP =    29000   TIME(PS) =      78.000  TEMP(K) =   288.90  PRESS =     0.0
 Etot   =    -10794.0505  EKtot   =      1865.8191  EPtot      =    -12659.8696
 BOND   =         5.6318  ANGLE   =        10.9220  DIHED      =        11.8063
 1-4 NB =        10.3348  1-4 EEL =      -243.9509  VDWAALS    =      2484.0976
 EELEC  =    -14946.6895  EHBOND  =         0.0000  RESTRAINT  =         7.9782
 EAMBER (non-restraint)  =    -12667.8478
 EKCMT  =         0.0000  VIRIAL  =         0.0000  VOLUME     =     32072.2379
                                                    Density    =         1.0114
 Ewald error estimate:   0.9655E-04
 ------------------------------------------------------------------------------

wrapping first mol.:       23.10882       32.68081        0.00000

 NSTEP =    29500   TIME(PS) =      79.000  TEMP(K) =   295.09  PRESS =     0.0
 Etot   =    -10746.2524  EKtot   =      1905.7945  EPtot      =    -12652.0469
 BOND   =         5.0634  ANGLE   =        13.6019  DIHED      =        15.8488
 1-4 NB =        10.1578  1-4 EEL =      -245.7102  VDWAALS    =      2585.1846
 EELEC  =    -15045.8515  EHBOND  =         0.0000  RESTRAINT  =         9.6582
 EAMBER (non-restraint)  =    -12661.7051
 EKCMT  =         0.0000  VIRIAL  =         0.0000  VOLUME     =     32061.5973
                                                    Density    =         1.0117
 Ewald error estimate:   0.2051E-04
 ------------------------------------------------------------------------------

wrapping first mol.:       23.17482       32.77414        0.00000

 NSTEP =    30000   TIME(PS) =      80.000  TEMP(K) =   297.97  PRESS =     0.0
 Etot   =    -10784.3471  EKtot   =      1924.3922  EPtot      =    -12708.7392
 BOND   =         3.8596  ANGLE   =        17.3450  DIHED      =        16.5155
 1-4 NB =        12.3832  1-4 EEL =      -247.7201  VDWAALS    =      2584.7973
 EELEC  =    -15107.3712  EHBOND  =         0.0000  RESTRAINT  =        11.4515
 EAMBER (non-restraint)  =    -12720.1907
 EKCMT  =         0.0000  VIRIAL  =         0.0000  VOLUME     =     32337.0939
                                                    Density    =         1.0031
 Ewald error estimate:   0.1501E-03
 ------------------------------------------------------------------------------

wrapping first mol.:       23.10505       32.67547        0.00000

 NSTEP =    30500   TIME(PS) =      81.000  TEMP(K) =   295.80  PRESS =     0.0
 Etot   =    -10806.1055  EKtot   =      1910.3624  EPtot      =    -12716.4679
 BOND   =         3.9051  ANGLE   =        15.3359  DIHED      =        16.5819
 1-4 NB =        10.8680  1-4 EEL =      -243.9915  VDWAALS    =      2644.6824
 EELEC  =    -15169.9894  EHBOND  =         0.0000  RESTRAINT  =         6.1397
 EAMBER (non-restraint)  =    -12722.6076
 EKCMT  =         0.0000  VIRIAL  =         0.0000  VOLUME     =     32045.9072
                                                    Density    =         1.0122
 Ewald error estimate:   0.3540E-03
 ------------------------------------------------------------------------------

wrapping first mol.:       23.11854       32.69455        0.00000

 NSTEP =    31000   TIME(PS) =      82.000  TEMP(K) =   302.34  PRESS =     0.0
 Etot   =    -10743.0478  EKtot   =      1952.6384  EPtot      =    -12695.6862
 BOND   =         9.2418  ANGLE   =        12.5802  DIHED      =        15.5465
 1-4 NB =        10.7724  1-4 EEL =      -247.8501  VDWAALS    =      2506.5863
 EELEC  =    -15009.4722  EHBOND  =         0.0000  RESTRAINT  =         6.9090
 EAMBER (non-restraint)  =    -12702.5951
 EKCMT  =         0.0000  VIRIAL  =         0.0000  VOLUME     =     32102.0692
                                                    Density    =         1.0104
 Ewald error estimate:   0.5131E-03
 ------------------------------------------------------------------------------

wrapping first mol.:       23.10332       32.67302        0.00000

 NSTEP =    31500   TIME(PS) =      83.000  TEMP(K) =   303.40  PRESS =     0.0
 Etot   =    -10742.8120  EKtot   =      1959.4699  EPtot      =    -12702.2818
 BOND   =         6.2557  ANGLE   =        12.7145  DIHED      =        10.6458
 1-4 NB =        10.9327  1-4 EEL =      -245.0720  VDWAALS    =      2572.5876
 EELEC  =    -15082.2438  EHBOND  =         0.0000  RESTRAINT  =        11.8976
 EAMBER (non-restraint)  =    -12714.1795
 EKCMT  =         0.0000  VIRIAL  =         0.0000  VOLUME     =     32038.7000
                                                    Density    =         1.0124
 Ewald error estimate:   0.3102E-03
 ------------------------------------------------------------------------------

wrapping first mol.:       23.07877       32.63831        0.00000

 NSTEP =    32000   TIME(PS) =      84.000  TEMP(K) =   296.12  PRESS =     0.0
 Etot   =    -10797.6957  EKtot   =      1912.4644  EPtot      =    -12710.1601
 BOND   =         7.6246  ANGLE   =        14.5891  DIHED      =        15.5270
 1-4 NB =        11.5210  1-4 EEL =      -248.3033  VDWAALS    =      2437.6380
 EELEC  =    -14954.7125  EHBOND  =         0.0000  RESTRAINT  =         5.9560
 EAMBER (non-restraint)  =    -12716.1160
 EKCMT  =         0.0000  VIRIAL  =         0.0000  VOLUME     =     31936.6971
                                                    Density    =         1.0157
 Ewald error estimate:   0.2141E-03
 ------------------------------------------------------------------------------

wrapping first mol.:       23.07734       32.63629        0.00000

 NSTEP =    32500   TIME(PS) =      85.000  TEMP(K) =   302.63  PRESS =     0.0
 Etot   =    -10745.1912  EKtot   =      1954.4753  EPtot      =    -12699.6665
 BOND   =         8.7521  ANGLE   =        13.4823  DIHED      =        11.0596
 1-4 NB =         8.9315  1-4 EEL =      -244.7374  VDWAALS    =      2509.1741
 EELEC  =    -15016.9647  EHBOND  =         0.0000  RESTRAINT  =        10.6359
 EAMBER (non-restraint)  =    -12710.3024
 EKCMT  =         0.0000  VIRIAL  =         0.0000  VOLUME     =     31930.7486
                                                    Density    =         1.0158
 Ewald error estimate:   0.2388E-03
 ------------------------------------------------------------------------------

wrapping first mol.:       23.09365       32.65935        0.00000

 NSTEP =    33000   TIME(PS) =      86.000  TEMP(K) =   292.65  PRESS =     0.0
 Etot   =    -10769.7169  EKtot   =      1890.0277  EPtot      =    -12659.7446
 BOND   =        11.9940  ANGLE   =        14.6794  DIHED      =        11.9433
 1-4 NB =        10.2800  1-4 EEL =      -248.2897  VDWAALS    =      2402.8934
 EELEC  =    -14874.9847  EHBOND  =         0.0000  RESTRAINT  =        11.7398
 EAMBER (non-restraint)  =    -12671.4844
 EKCMT  =         0.0000  VIRIAL  =         0.0000  VOLUME     =     31998.4910
                                                    Density    =         1.0137
 Ewald error estimate:   0.1673E-03
 ------------------------------------------------------------------------------

wrapping first mol.:       23.08340       32.64486        0.00000

 NSTEP =    33500   TIME(PS) =      87.000  TEMP(K) =   308.97  PRESS =     0.0
 Etot   =    -10669.8317  EKtot   =      1995.4689  EPtot      =    -12665.3006
 BOND   =         8.8998  ANGLE   =        11.2271  DIHED      =        15.9674
 1-4 NB =        10.6977  1-4 EEL =      -244.7228  VDWAALS    =      2493.1961
 EELEC  =    -14967.7574  EHBOND  =         0.0000  RESTRAINT  =         7.1914
 EAMBER (non-restraint)  =    -12672.4920
 EKCMT  =         0.0000  VIRIAL  =         0.0000  VOLUME     =     31955.9265
                                                    Density    =         1.0150
 Ewald error estimate:   0.1082E-04
 ------------------------------------------------------------------------------

wrapping first mol.:       23.04613       32.59215        0.00000

 NSTEP =    34000   TIME(PS) =      88.000  TEMP(K) =   298.11  PRESS =     0.0
 Etot   =    -10627.9547  EKtot   =      1925.2822  EPtot      =    -12553.2369
 BOND   =         9.0325  ANGLE   =        12.4455  DIHED      =        12.4054
 1-4 NB =        11.3743  1-4 EEL =      -244.0939  VDWAALS    =      2476.0972
 EELEC  =    -14838.5690  EHBOND  =         0.0000  RESTRAINT  =         8.0712
 EAMBER (non-restraint)  =    -12561.3080
 EKCMT  =         0.0000  VIRIAL  =         0.0000  VOLUME     =     31801.3861
                                                    Density    =         1.0200
 Ewald error estimate:   0.5756E-04
 ------------------------------------------------------------------------------

wrapping first mol.:       23.05603       32.60614        0.00000

 NSTEP =    34500   TIME(PS) =      89.000  TEMP(K) =   300.16  PRESS =     0.0
 Etot   =    -10661.5798  EKtot   =      1938.5595  EPtot      =    -12600.1394
 BOND   =         5.1881  ANGLE   =        17.1780  DIHED      =        13.8792
 1-4 NB =        12.6777  1-4 EEL =      -249.4717  VDWAALS    =      2535.7630
 EELEC  =    -14945.0897  EHBOND  =         0.0000  RESTRAINT  =         9.7361
 EAMBER (non-restraint)  =    -12609.8754
 EKCMT  =         0.0000  VIRIAL  =         0.0000  VOLUME     =     31842.3563
                                                    Density    =         1.0187
 Ewald error estimate:   0.4817E-04
 ------------------------------------------------------------------------------

wrapping first mol.:       23.05061       32.59849        0.00000

 NSTEP =    35000   TIME(PS) =      90.000  TEMP(K) =   293.01  PRESS =     0.0
 Etot   =    -10642.9115  EKtot   =      1892.3723  EPtot      =    -12535.2837
 BOND   =         8.5896  ANGLE   =        17.1280  DIHED      =        12.5260
 1-4 NB =         9.8532  1-4 EEL =      -246.3010  VDWAALS    =      2367.8715
 EELEC  =    -14716.4569  EHBOND  =         0.0000  RESTRAINT  =        11.5059
 EAMBER (non-restraint)  =    -12546.7896
 EKCMT  =         0.0000  VIRIAL  =         0.0000  VOLUME     =     31819.9436
                                                    Density    =         1.0194
 Ewald error estimate:   0.3766E-04
 ------------------------------------------------------------------------------

wrapping first mol.:       23.11500       32.68955        0.00000

 NSTEP =    35500   TIME(PS) =      91.000  TEMP(K) =   301.86  PRESS =     0.0
 Etot   =    -10725.1337  EKtot   =      1949.5565  EPtot      =    -12674.6902
 BOND   =         7.9586  ANGLE   =        13.2567  DIHED      =        12.9341
 1-4 NB =        11.7221  1-4 EEL =      -247.9364  VDWAALS    =      2507.2196
 EELEC  =    -14988.0298  EHBOND  =         0.0000  RESTRAINT  =         8.1849
 EAMBER (non-restraint)  =    -12682.8752
 EKCMT  =         0.0000  VIRIAL  =         0.0000  VOLUME     =     32087.3455
                                                    Density    =         1.0109
 Ewald error estimate:   0.2969E-03
 ------------------------------------------------------------------------------

wrapping first mol.:       23.09379       32.65955        0.00000

 NSTEP =    36000   TIME(PS) =      92.000  TEMP(K) =   296.01  PRESS =     0.0
 Etot   =    -10699.1806  EKtot   =      1911.7164  EPtot      =    -12610.8970
 BOND   =         5.9495  ANGLE   =        11.1421  DIHED      =        11.9367
 1-4 NB =        11.1785  1-4 EEL =      -248.7027  VDWAALS    =      2487.1531
 EELEC  =    -14896.2966  EHBOND  =         0.0000  RESTRAINT  =         6.7425
 EAMBER (non-restraint)  =    -12617.6395
 EKCMT  =         0.0000  VIRIAL  =         0.0000  VOLUME     =     31999.0706
                                                    Density    =         1.0137
 Ewald error estimate:   0.1614E-03
 ------------------------------------------------------------------------------

wrapping first mol.:       23.13819       32.72234        0.00000

 NSTEP =    36500   TIME(PS) =      93.000  TEMP(K) =   304.79  PRESS =     0.0
 Etot   =    -10610.3805  EKtot   =      1968.4335  EPtot      =    -12578.8140
 BOND   =         5.1551  ANGLE   =        14.9351  DIHED      =        11.5597
 1-4 NB =        11.0042  1-4 EEL =      -248.4977  VDWAALS    =      2428.1009
 EELEC  =    -14812.5276  EHBOND  =         0.0000  RESTRAINT  =        11.4562
 EAMBER (non-restraint)  =    -12590.2702
 EKCMT  =         0.0000  VIRIAL  =         0.0000  VOLUME     =     32183.9863
                                                    Density    =         1.0078
 Ewald error estimate:   0.3292E-03
 ------------------------------------------------------------------------------

wrapping first mol.:       23.14963       32.73852        0.00000

 NSTEP =    37000   TIME(PS) =      94.000  TEMP(K) =   304.26  PRESS =     0.0
 Etot   =    -10588.7377  EKtot   =      1965.0139  EPtot      =    -12553.7517
 BOND   =         7.3533  ANGLE   =        15.2232  DIHED      =        12.1851
 1-4 NB =        10.8652  1-4 EEL =      -244.6012  VDWAALS    =      2475.4830
 EELEC  =    -14840.0568  EHBOND  =         0.0000  RESTRAINT  =         9.7963
 EAMBER (non-restraint)  =    -12563.5480
 EKCMT  =         0.0000  VIRIAL  =         0.0000  VOLUME     =     32231.7715
                                                    Density    =         1.0064
 Ewald error estimate:   0.2594E-04
 ------------------------------------------------------------------------------

wrapping first mol.:       23.15825       32.75071        0.00000

 NSTEP =    37500   TIME(PS) =      95.000  TEMP(K) =   300.64  PRESS =     0.0
 Etot   =    -10714.0377  EKtot   =      1941.6526  EPtot      =    -12655.6903
 BOND   =         8.8500  ANGLE   =        13.0494  DIHED      =        14.7693
 1-4 NB =        11.6281  1-4 EEL =      -247.6860  VDWAALS    =      2447.5759
 EELEC  =    -14914.8392  EHBOND  =         0.0000  RESTRAINT  =        10.9621
 EAMBER (non-restraint)  =    -12666.6525
 EKCMT  =         0.0000  VIRIAL  =         0.0000  VOLUME     =     32267.7853
                                                    Density    =         1.0052
 Ewald error estimate:   0.3235E-03
 ------------------------------------------------------------------------------

wrapping first mol.:       23.09435       32.66034        0.00000

 NSTEP =    38000   TIME(PS) =      96.000  TEMP(K) =   304.10  PRESS =     0.0
 Etot   =    -10722.8311  EKtot   =      1963.9905  EPtot      =    -12686.8216
 BOND   =        10.6461  ANGLE   =        11.4644  DIHED      =        10.2901
 1-4 NB =        10.8960  1-4 EEL =      -248.3839  VDWAALS    =      2453.4391
 EELEC  =    -14943.4970  EHBOND  =         0.0000  RESTRAINT  =         8.3235
 EAMBER (non-restraint)  =    -12695.1452
 EKCMT  =         0.0000  VIRIAL  =         0.0000  VOLUME     =     32001.3990
                                                    Density    =         1.0136
 Ewald error estimate:   0.4417E-03
 ------------------------------------------------------------------------------

wrapping first mol.:       22.99954       32.52626        0.00000

 NSTEP =    38500   TIME(PS) =      97.000  TEMP(K) =   314.67  PRESS =     0.0
 Etot   =    -10689.9725  EKtot   =      2032.2435  EPtot      =    -12722.2159
 BOND   =         6.4611  ANGLE   =        14.7625  DIHED      =        10.2286
 1-4 NB =         9.4370  1-4 EEL =      -245.2281  VDWAALS    =      2538.6083
 EELEC  =    -15062.1295  EHBOND  =         0.0000  RESTRAINT  =         5.6442
 EAMBER (non-restraint)  =    -12727.8601
 EKCMT  =         0.0000  VIRIAL  =         0.0000  VOLUME     =     31608.8979
                                                    Density    =         1.0262
 Ewald error estimate:   0.1240E-03
 ------------------------------------------------------------------------------

wrapping first mol.:       22.97908       32.49733        0.00000

 NSTEP =    39000   TIME(PS) =      98.000  TEMP(K) =   296.03  PRESS =     0.0
 Etot   =    -10831.3847  EKtot   =      1911.8958  EPtot      =    -12743.2805
 BOND   =         6.3920  ANGLE   =        13.6217  DIHED      =        15.3879
 1-4 NB =         9.4558  1-4 EEL =      -246.3203  VDWAALS    =      2531.7389
 EELEC  =    -15083.9269  EHBOND  =         0.0000  RESTRAINT  =        10.3704
 EAMBER (non-restraint)  =    -12753.6509
 EKCMT  =         0.0000  VIRIAL  =         0.0000  VOLUME     =     31524.6124
                                                    Density    =         1.0289
 Ewald error estimate:   0.1327E-03
 ------------------------------------------------------------------------------

wrapping first mol.:       23.03341       32.57417        0.00000

 NSTEP =    39500   TIME(PS) =      99.000  TEMP(K) =   288.46  PRESS =     0.0
 Etot   =    -10890.2199  EKtot   =      1862.9708  EPtot      =    -12753.1907
 BOND   =         8.6374  ANGLE   =        19.1542  DIHED      =        14.1703
 1-4 NB =         9.0910  1-4 EEL =      -248.6675  VDWAALS    =      2613.7084
 EELEC  =    -15177.4709  EHBOND  =         0.0000  RESTRAINT  =         8.1865
 EAMBER (non-restraint)  =    -12761.3771
 EKCMT  =         0.0000  VIRIAL  =         0.0000  VOLUME     =     31748.7636
                                                    Density    =         1.0217
 Ewald error estimate:   0.1328E-03
 ------------------------------------------------------------------------------

wrapping first mol.:       23.03184       32.57194        0.00000

 NSTEP =    40000   TIME(PS) =     100.000  TEMP(K) =   285.52  PRESS =     0.0
 Etot   =    -10888.7077  EKtot   =      1843.9869  EPtot      =    -12732.6946
 BOND   =         5.1582  ANGLE   =        10.0356  DIHED      =        12.5235
 1-4 NB =        10.7111  1-4 EEL =      -245.1354  VDWAALS    =      2395.5935
 EELEC  =    -14933.9620  EHBOND  =         0.0000  RESTRAINT  =        12.3809
 EAMBER (non-restraint)  =    -12745.0755
 EKCMT  =         0.0000  VIRIAL  =         0.0000  VOLUME     =     31742.2607
                                                    Density    =         1.0219
 Ewald error estimate:   0.3437E-03
 ------------------------------------------------------------------------------

wrapping first mol.:       22.99948       32.52618        0.00000

 NSTEP =    40500   TIME(PS) =     101.000  TEMP(K) =   294.35  PRESS =     0.0
 Etot   =    -10905.3133  EKtot   =      1901.0350  EPtot      =    -12806.3484
 BOND   =         5.8810  ANGLE   =        12.5157  DIHED      =        13.3243
 1-4 NB =        11.4623  1-4 EEL =      -244.1633  VDWAALS    =      2534.6637
 EELEC  =    -15147.5922  EHBOND  =         0.0000  RESTRAINT  =         7.5601
 EAMBER (non-restraint)  =    -12813.9084
 EKCMT  =         0.0000  VIRIAL  =         0.0000  VOLUME     =     31608.6620
                                                    Density    =         1.0262
 Ewald error estimate:   0.3605E-04
 ------------------------------------------------------------------------------

wrapping first mol.:       22.98342       32.50346        0.00000

 NSTEP =    41000   TIME(PS) =     102.000  TEMP(K) =   304.08  PRESS =     0.0
 Etot   =    -10705.7930  EKtot   =      1963.8637  EPtot      =    -12669.6567
 BOND   =         7.8014  ANGLE   =        17.8878  DIHED      =        12.9513
 1-4 NB =        11.4067  1-4 EEL =      -248.0615  VDWAALS    =      2409.8249
 EELEC  =    -14890.7122  EHBOND  =         0.0000  RESTRAINT  =         9.2450
 EAMBER (non-restraint)  =    -12678.9016
 EKCMT  =         0.0000  VIRIAL  =         0.0000  VOLUME     =     31542.4741
                                                    Density    =         1.0283
 Ewald error estimate:   0.7379E-04
 ------------------------------------------------------------------------------

wrapping first mol.:       23.04900       32.59621        0.00000

 NSTEP =    41500   TIME(PS) =     103.000  TEMP(K) =   295.65  PRESS =     0.0
 Etot   =    -10697.8947  EKtot   =      1909.4428  EPtot      =    -12607.3375
 BOND   =         6.6858  ANGLE   =        19.3005  DIHED      =        12.0193
 1-4 NB =        11.6141  1-4 EEL =      -244.1390  VDWAALS    =      2520.0256
 EELEC  =    -14942.2615  EHBOND  =         0.0000  RESTRAINT  =         9.4177
 EAMBER (non-restraint)  =    -12616.7552
 EKCMT  =         0.0000  VIRIAL  =         0.0000  VOLUME     =     31813.2589
                                                    Density    =         1.0196
 Ewald error estimate:   0.2389E-03
 ------------------------------------------------------------------------------

wrapping first mol.:       23.00512       32.53415        0.00000

 NSTEP =    42000   TIME(PS) =     104.000  TEMP(K) =   306.46  PRESS =     0.0
 Etot   =    -10679.2585  EKtot   =      1979.2653  EPtot      =    -12658.5237
 BOND   =         8.8489  ANGLE   =        12.8116  DIHED      =        13.2197
 1-4 NB =         9.7242  1-4 EEL =      -247.5610  VDWAALS    =      2545.8452
 EELEC  =    -15006.9122  EHBOND  =         0.0000  RESTRAINT  =         5.4999
 EAMBER (non-restraint)  =    -12664.0236
 EKCMT  =         0.0000  VIRIAL  =         0.0000  VOLUME     =     31631.8914
                                                    Density    =         1.0254
 Ewald error estimate:   0.5655E-04
 ------------------------------------------------------------------------------

wrapping first mol.:       23.03704       32.57930        0.00000

 NSTEP =    42500   TIME(PS) =     105.000  TEMP(K) =   291.36  PRESS =     0.0
 Etot   =    -10787.1338  EKtot   =      1881.7206  EPtot      =    -12668.8544
 BOND   =         7.6102  ANGLE   =        13.1832  DIHED      =        15.5262
 1-4 NB =        11.1180  1-4 EEL =      -248.6641  VDWAALS    =      2532.5392
 EELEC  =    -15010.9920  EHBOND  =         0.0000  RESTRAINT  =        10.8250
 EAMBER (non-restraint)  =    -12679.6794
 EKCMT  =         0.0000  VIRIAL  =         0.0000  VOLUME     =     31763.7701
                                                    Density    =         1.0212
 Ewald error estimate:   0.3374E-03
 ------------------------------------------------------------------------------

wrapping first mol.:       23.09877       32.66660        0.00000

 NSTEP =    43000   TIME(PS) =     106.000  TEMP(K) =   295.06  PRESS =     0.0
 Etot   =    -10802.6084  EKtot   =      1905.5856  EPtot      =    -12708.1940
 BOND   =         5.6077  ANGLE   =        10.1043  DIHED      =        12.7462
 1-4 NB =        10.4740  1-4 EEL =      -245.3289  VDWAALS    =      2440.7624
 EELEC  =    -14948.2236  EHBOND  =         0.0000  RESTRAINT  =         5.6638
 EAMBER (non-restraint)  =    -12713.8578
 EKCMT  =         0.0000  VIRIAL  =         0.0000  VOLUME     =     32019.8000
                                                    Density    =         1.0130
 Ewald error estimate:   0.4122E-03
 ------------------------------------------------------------------------------

wrapping first mol.:       23.11945       32.69584        0.00000

 NSTEP =    43500   TIME(PS) =     107.000  TEMP(K) =   296.80  PRESS =     0.0
 Etot   =    -10690.3154  EKtot   =      1916.8186  EPtot      =    -12607.1339
 BOND   =         5.9273  ANGLE   =        11.1827  DIHED      =        13.3072
 1-4 NB =        11.0915  1-4 EEL =      -243.6296  VDWAALS    =      2521.3567
 EELEC  =    -14934.2186  EHBOND  =         0.0000  RESTRAINT  =         7.8488
 EAMBER (non-restraint)  =    -12614.9828
 EKCMT  =         0.0000  VIRIAL  =         0.0000  VOLUME     =     32105.8665
                                                    Density    =         1.0103
 Ewald error estimate:   0.2495E-03
 ------------------------------------------------------------------------------

wrapping first mol.:       23.05925       32.61070        0.00000

 NSTEP =    44000   TIME(PS) =     108.000  TEMP(K) =   291.94  PRESS =     0.0
 Etot   =    -10741.2273  EKtot   =      1885.4356  EPtot      =    -12626.6629
 BOND   =        12.7935  ANGLE   =        12.1508  DIHED      =        11.5383
 1-4 NB =        11.2613  1-4 EEL =      -245.8699  VDWAALS    =      2428.3148
 EELEC  =    -14864.6777  EHBOND  =         0.0000  RESTRAINT  =         7.8258
 EAMBER (non-restraint)  =    -12634.4887
 EKCMT  =         0.0000  VIRIAL  =         0.0000  VOLUME     =     31855.7082
                                                    Density    =         1.0182
 Ewald error estimate:   0.1932E-03
 ------------------------------------------------------------------------------

wrapping first mol.:       23.08575       32.64818        0.00000

 NSTEP =    44500   TIME(PS) =     109.000  TEMP(K) =   295.63  PRESS =     0.0
 Etot   =    -10799.9474  EKtot   =      1909.2985  EPtot      =    -12709.2459
 BOND   =         6.8436  ANGLE   =        13.7937  DIHED      =        13.1885
 1-4 NB =        10.5665  1-4 EEL =      -246.5583  VDWAALS    =      2448.2222
 EELEC  =    -14963.1174  EHBOND  =         0.0000  RESTRAINT  =         7.8153
 EAMBER (non-restraint)  =    -12717.0611
 EKCMT  =         0.0000  VIRIAL  =         0.0000  VOLUME     =     31965.6824
                                                    Density    =         1.0147
 Ewald error estimate:   0.2806E-03
 ------------------------------------------------------------------------------

wrapping first mol.:       23.09972       32.66793        0.00000

 NSTEP =    45000   TIME(PS) =     110.000  TEMP(K) =   295.53  PRESS =     0.0
 Etot   =    -10811.0516  EKtot   =      1908.6185  EPtot      =    -12719.6701
 BOND   =         4.0881  ANGLE   =        16.2680  DIHED      =        11.7794
 1-4 NB =        10.4047  1-4 EEL =      -244.7684  VDWAALS    =      2552.2461
 EELEC  =    -15077.3285  EHBOND  =         0.0000  RESTRAINT  =         7.6404
 EAMBER (non-restraint)  =    -12727.3104
 EKCMT  =         0.0000  VIRIAL  =         0.0000  VOLUME     =     32023.7219
                                                    Density    =         1.0129
 Ewald error estimate:   0.7049E-04
 ------------------------------------------------------------------------------

wrapping first mol.:       23.09972       32.66793        0.00000

 NSTEP =    45500   TIME(PS) =     111.000  TEMP(K) =   300.28  PRESS =     0.0
 Etot   =    -10812.3402  EKtot   =      1939.3421  EPtot      =    -12751.6823
 BOND   =         7.3943  ANGLE   =        15.3284  DIHED      =        15.2447
 1-4 NB =        11.9572  1-4 EEL =      -247.5270  VDWAALS    =      2508.9778
 EELEC  =    -15073.1247  EHBOND  =         0.0000  RESTRAINT  =        10.0672
 EAMBER (non-restraint)  =    -12761.7495
 EKCMT  =         0.0000  VIRIAL  =         0.0000  VOLUME     =     32023.7219
                                                    Density    =         1.0129
 Ewald error estimate:   0.1028E-03
 ------------------------------------------------------------------------------

wrapping first mol.:       23.05646       32.60675        0.00000

 NSTEP =    46000   TIME(PS) =     112.000  TEMP(K) =   295.09  PRESS =     0.0
 Etot   =    -10773.7946  EKtot   =      1905.7751  EPtot      =    -12679.5697
 BOND   =         6.0668  ANGLE   =        16.4143  DIHED      =        12.6331
 1-4 NB =        11.2467  1-4 EEL =      -247.7938  VDWAALS    =      2479.9977
 EELEC  =    -14966.0078  EHBOND  =         0.0000  RESTRAINT  =         7.8733
 EAMBER (non-restraint)  =    -12687.4430
 EKCMT  =         0.0000  VIRIAL  =         0.0000  VOLUME     =     31844.1465
                                                    Density    =         1.0186
 Ewald error estimate:   0.1456E-03
 ------------------------------------------------------------------------------

wrapping first mol.:       23.05646       32.60675        0.00000

 NSTEP =    46500   TIME(PS) =     113.000  TEMP(K) =   292.56  PRESS =     0.0
 Etot   =    -10779.6464  EKtot   =      1889.4599  EPtot      =    -12669.1062
 BOND   =         5.0574  ANGLE   =        16.0741  DIHED      =        12.0269
 1-4 NB =        10.8724  1-4 EEL =      -246.1354  VDWAALS    =      2457.0706
 EELEC  =    -14932.0888  EHBOND  =         0.0000  RESTRAINT  =         8.0166
 EAMBER (non-restraint)  =    -12677.1229
 EKCMT  =         0.0000  VIRIAL  =         0.0000  VOLUME     =     31844.1465
                                                    Density    =         1.0186
 Ewald error estimate:   0.2135E-03
 ------------------------------------------------------------------------------

wrapping first mol.:       23.07679       32.63552        0.00000

 NSTEP =    47000   TIME(PS) =     114.000  TEMP(K) =   295.39  PRESS =     0.0
 Etot   =    -10697.0742  EKtot   =      1907.7385  EPtot      =    -12604.8127
 BOND   =         6.3955  ANGLE   =        11.4501  DIHED      =        10.7182
 1-4 NB =         9.6374  1-4 EEL =      -245.6244  VDWAALS    =      2421.4117
 EELEC  =    -14825.1361  EHBOND  =         0.0000  RESTRAINT  =         6.3349
 EAMBER (non-restraint)  =    -12611.1476
 EKCMT  =         0.0000  VIRIAL  =         0.0000  VOLUME     =     31928.4863
                                                    Density    =         1.0159
 Ewald error estimate:   0.3764E-03
 ------------------------------------------------------------------------------

wrapping first mol.:       23.13885       32.72328        0.00000

 NSTEP =    47500   TIME(PS) =     115.000  TEMP(K) =   306.92  PRESS =     0.0
 Etot   =    -10689.4167  EKtot   =      1982.2172  EPtot      =    -12671.6339
 BOND   =         6.1696  ANGLE   =        11.2447  DIHED      =        14.2156
 1-4 NB =        12.0018  1-4 EEL =      -246.8228  VDWAALS    =      2455.9785
 EELEC  =    -14935.0350  EHBOND  =         0.0000  RESTRAINT  =        10.6137
 EAMBER (non-restraint)  =    -12682.2476
 EKCMT  =         0.0000  VIRIAL  =         0.0000  VOLUME     =     32186.7554
                                                    Density    =         1.0078
 Ewald error estimate:   0.1263E-03
 ------------------------------------------------------------------------------

wrapping first mol.:       23.13885       32.72328        0.00000

 NSTEP =    48000   TIME(PS) =     116.000  TEMP(K) =   304.75  PRESS =     0.0
 Etot   =    -10708.0763  EKtot   =      1968.2054  EPtot      =    -12676.2818
 BOND   =         5.8814  ANGLE   =        14.1491  DIHED      =        12.9221
 1-4 NB =        10.4091  1-4 EEL =      -247.7009  VDWAALS    =      2512.3201
 EELEC  =    -14995.0556  EHBOND  =         0.0000  RESTRAINT  =        10.7929
 EAMBER (non-restraint)  =    -12687.0747
 EKCMT  =         0.0000  VIRIAL  =         0.0000  VOLUME     =     32186.7554
                                                    Density    =         1.0078
 Ewald error estimate:   0.3005E-03
 ------------------------------------------------------------------------------

wrapping first mol.:       23.05668       32.60707        0.00000

 NSTEP =    48500   TIME(PS) =     117.000  TEMP(K) =   295.37  PRESS =     0.0
 Etot   =    -10790.2881  EKtot   =      1907.6390  EPtot      =    -12697.9271
 BOND   =         9.4367  ANGLE   =        15.2757  DIHED      =        13.2064
 1-4 NB =        12.2667  1-4 EEL =      -247.7530  VDWAALS    =      2505.3747
 EELEC  =    -15012.7724  EHBOND  =         0.0000  RESTRAINT  =         7.0379
 EAMBER (non-restraint)  =    -12704.9650
 EKCMT  =         0.0000  VIRIAL  =         0.0000  VOLUME     =     31845.0645
                                                    Density    =         1.0186
 Ewald error estimate:   0.1152E-03
 ------------------------------------------------------------------------------

wrapping first mol.:       23.09784       32.66528        0.00000

 NSTEP =    49000   TIME(PS) =     118.000  TEMP(K) =   296.76  PRESS =     0.0
 Etot   =    -10799.5928  EKtot   =      1916.5941  EPtot      =    -12716.1870
 BOND   =        11.4111  ANGLE   =        12.2646  DIHED      =        12.9710
 1-4 NB =        11.9954  1-4 EEL =      -245.0867  VDWAALS    =      2485.5236
 EELEC  =    -15013.5101  EHBOND  =         0.0000  RESTRAINT  =         8.2441
 EAMBER (non-restraint)  =    -12724.4310
 EKCMT  =         0.0000  VIRIAL  =         0.0000  VOLUME     =     32015.9258
                                                    Density    =         1.0131
 Ewald error estimate:   0.5123E-04
 ------------------------------------------------------------------------------

wrapping first mol.:       23.08037       32.64057        0.00000

 NSTEP =    49500   TIME(PS) =     119.000  TEMP(K) =   294.61  PRESS =     0.0
 Etot   =    -10804.9916  EKtot   =      1902.6705  EPtot      =    -12707.6622
 BOND   =         6.4644  ANGLE   =        12.6362  DIHED      =        14.2938
 1-4 NB =         9.7999  1-4 EEL =      -244.3504  VDWAALS    =      2466.1843
 EELEC  =    -14979.0907  EHBOND  =         0.0000  RESTRAINT  =         6.4002
 EAMBER (non-restraint)  =    -12714.0624
 EKCMT  =         0.0000  VIRIAL  =         0.0000  VOLUME     =     31943.3114
                                                    Density    =         1.0154
 Ewald error estimate:   0.3330E-04
 ------------------------------------------------------------------------------

wrapping first mol.:       23.06270       32.61558        0.00000
wrapping first mol.:       23.06270       32.61558        0.00000

 NSTEP =    50000   TIME(PS) =     120.000  TEMP(K) =   300.87  PRESS =     0.0
 Etot   =    -10764.7633  EKtot   =      1943.1201  EPtot      =    -12707.8834
 BOND   =        10.7433  ANGLE   =        15.1538  DIHED      =        14.1968
 1-4 NB =        10.0317  1-4 EEL =      -244.8886  VDWAALS    =      2477.8784
 EELEC  =    -14997.2360  EHBOND  =         0.0000  RESTRAINT  =         6.2372
 EAMBER (non-restraint)  =    -12714.1206
 EKCMT  =         0.0000  VIRIAL  =         0.0000  VOLUME     =     31870.0185
                                                    Density    =         1.0178
 Ewald error estimate:   0.3082E-03
 ------------------------------------------------------------------------------


      A V E R A G E S   O V E R     100 S T E P S


 NSTEP =    50000   TIME(PS) =     120.000  TEMP(K) =   297.74  PRESS =     0.0
 Etot   =    -10728.1502  EKtot   =      1922.9451  EPtot      =    -12651.0954
 BOND   =         6.9333  ANGLE   =        13.8023  DIHED      =        13.3370
 1-4 NB =        10.8477  1-4 EEL =      -246.2451  VDWAALS    =      2485.2540
 EELEC  =    -14943.6951  EHBOND  =         0.0000  RESTRAINT  =         8.6705
 EAMBER (non-restraint)  =    -12659.7659
 EKCMT  =         0.0000  VIRIAL  =         0.0000  VOLUME     =     32270.4660
                                                    Density    =         1.0056
 Ewald error estimate:   0.1966E-03
 ------------------------------------------------------------------------------


      R M S  F L U C T U A T I O N S


 NSTEP =    50000   TIME(PS) =     120.000  TEMP(K) =     5.53  PRESS =     0.0
 Etot   =        72.7545  EKtot   =        35.7086  EPtot      =        64.2630
 BOND   =         1.9934  ANGLE   =         2.5941  DIHED      =         1.6970
 1-4 NB =         0.8484  1-4 EEL =         1.5512  VDWAALS    =        65.8821
 EELEC  =       108.4691  EHBOND  =         0.0000  RESTRAINT  =         1.9252
 EAMBER (non-restraint)  =        62.3378
 EKCMT  =         0.0000  VIRIAL  =         0.0000  VOLUME     =       687.9633
                                                    Density    =         0.0203
 Ewald error estimate:   0.1233E-03
 ------------------------------------------------------------------------------

| MC Barostat:        500 volume changes attempted.
| MC Barostat:        245 changes successful ( 49.00%)
 ------------------------------------------------------------------------------

--------------------------------------------------------------------------------
   5.  TIMINGS
--------------------------------------------------------------------------------

|  NonSetup CPU Time in Major Routines:
|
|     Routine           Sec        %
|     ------------------------------
|     Nonbond         654.15   95.72
|     Bond              0.28    0.04
|     Angle             0.33    0.05
|     Dihedral          0.70    0.10
|     Shake             4.12    0.60
|     RunMD            23.41    3.43
|     Other             0.42    0.06
|     ------------------------------
|     Total           683.41

|  PME Nonbond Pairlist CPU Time:
|
|     Routine              Sec        %
|     ---------------------------------
|     Set Up Cit           0.72    0.11
|     Build List         159.54   23.34
|     ---------------------------------
|     Total              160.26   23.45

|  PME Direct Force CPU Time:
|
|     Routine              Sec        %
|     ---------------------------------
|     NonBonded Calc     380.64   55.70
|     Exclude Masked       4.27    0.62
|     Other                3.52    0.51
|     ---------------------------------
|     Total              388.43   56.84

|  PME Reciprocal Force CPU Time:
|
|     Routine              Sec        %
|     ---------------------------------
|     1D bspline           6.41    0.94
|     Grid Charges         8.68    1.27
|     Scalar Sum           7.45    1.09
|     Gradient Sum        11.09    1.62
|     FFT                 72.32   10.58
|     ---------------------------------
|     Total              105.95   15.50

|  Final Performance Info:
|     -----------------------------------------------------
|     Average timings for last    2000 steps:
|     Elapsed(s) =      25.90 Per Step(ms) =      12.95
|         ns/day =      13.35   seconds/ns =    6474.17
|
|     Average timings for all steps:
|     Elapsed(s) =     728.75 Per Step(ms) =      14.58
|         ns/day =      11.86   seconds/ns =    7287.53
|     -----------------------------------------------------

|  Setup CPU time:            0.02 seconds
|  NonSetup CPU time:       683.41 seconds
|  Total CPU time:          683.43 seconds     0.19 hours

|  Setup wall time:           2    seconds
|  NonSetup wall time:      729    seconds
|  Total wall time:         731    seconds     0.20 hours
