
          -------------------------------------------------------
          Amber 18 PMEMD                              2018
          -------------------------------------------------------

| PMEMD implementation of SANDER, Release 18

| Run on 03/12/2022 at 20:40:22

|   Executable path: pmemd.MPI
| Working directory: /bgfs/lchong/dty7/ff15ipq-lig/charges/gaff_00/GenConformers/Conf8
|          Hostname: smp-n123

  [-O]verwriting output

File Assignments:
|   MDIN: ../../../amber/6.3_eq2.in                                             
|  MDOUT: 6.3_eq2.out                                                           
| INPCRD: 6.2_eq1.rst                                                           
|   PARM: ../../mon.top                                                         
| RESTRT: 6.3_eq2.rst                                                           
|   REFC: 6.2_eq1.rst                                                           
|  MDVEL: mdvel                                                                 
|   MDEN: mden                                                                  
|  MDCRD: mdcrd                                                                 
| MDINFO: mdinfo                                                                
|LOGFILE: logfile                                                               
|  MDFRC: mdfrc                                                                 

 
 Here is the input file:
 
&cntrl                                                                         
  imin      = 0,                                                               
  irest     = 1,                                                               
  ntx       = 5,                                                               
  ig        = -1,                                                              
  dt        = 0.002,                                                           
  nstlim    = 50000,                                                           
  nscm      = 500,                                                             
  ntr       = 1,                                                               
  restraintmask = ':1',                                                        
  restraint_wt  = 10.0,                                                        
  ntb       = 2,                                                               
  ntp       = 1,                                                               
  barostat  = 2,                                                               
  pres0     = 1.0,                                                             
  mcbarint  = 100,                                                             
  comp      = 44.6,                                                            
  taup      = 1.0,                                                             
  ntt       = 3,                                                               
  temp0     = 298.0,                                                           
  gamma_ln  = 1.0,                                                             
  ntf       = 2,                                                               
  ntc       = 2,                                                               
  cut       = 10.0,                                                            
  ntpr      = 500,                                                             
  ntxo      = 1,                                                               
  ntwr      = 50000,                                                           
  ioutfm    = 1,                                                               
  ntwx      = 500,                                                             
  iwrap     = 1,                                                               
&end                                                                           


Note: ig = -1. Setting random seed to   499920 based on wallclock time in
      microseconds and disabling the synchronization of random numbers 
      between tasks to improve performance.
| irandom = 1, using AMBER's internal random number generator (default).
 
 
| Conditional Compilation Defines Used:
| MPI
| FFTW_FFT
| BINTRAJ
| MKL
| EMIL
 
| Largest sphere to fit in unit cell has radius =    14.732

| New format PARM file being parsed.
| Version =    1.000 Date = 03/12/22 Time = 14:58:37

| Note: 1-4 EEL scale factors are being read from the topology file.

| Note: 1-4 VDW scale factors are being read from the topology file.
| Duplicated    0 dihedrals

| Duplicated    0 dihedrals

--------------------------------------------------------------------------------
   1.  RESOURCE   USE: 
--------------------------------------------------------------------------------

 getting box info from netcdf restart file
 NATOM  =    3240 NTYPES =      13 NBONH =    3220 MBONA  =      21
 NTHETH =      33 MTHETA =      29 NPHIH =      60 MPHIA  =      45
 NHPARM =       0 NPARM  =       0 NNB   =    4456 NRES   =    1069
 NBONA  =      21 NTHETA =      29 NPHIA =      45 NUMBND =      22
 NUMANG =      35 NPTRA  =      18 NATYP =      17 NPHB   =       0
 IFBOX  =       2 NMXRS  =      36 IFCAP =       0 NEXTRA =       0
 NCOPY  =       0

| Coordinate Index Table dimensions:     5    5    5
| Direct force subcell size =     7.2170    7.2170    7.2170

     BOX TYPE: TRUNCATED OCTAHEDRON

--------------------------------------------------------------------------------
   2.  CONTROL  DATA  FOR  THE  RUN
--------------------------------------------------------------------------------

MON                                                                             

General flags:
     imin    =       0, nmropt  =       0

Nature and format of input:
     ntx     =       5, irest   =       1, ntrx    =       1

Nature and format of output:
     ntxo    =       1, ntpr    =     500, ntrx    =       1, ntwr    =   50000
     iwrap   =       1, ntwx    =     500, ntwv    =       0, ntwe    =       0
     ioutfm  =       1, ntwprt  =       0, idecomp =       0, rbornstat=      0

Potential function:
     ntf     =       2, ntb     =       2, igb     =       0, nsnb    =      25
     ipol    =       0, gbsa    =       0, iesp    =       0
     dielc   =   1.00000, cut     =  10.00000, intdiel =   1.00000

Frozen or restrained atoms:
     ibelly  =       0, ntr     =       1
     restraint_wt =  10.00000

Molecular dynamics:
     nstlim  =     50000, nscm    =         0, nrespa  =         1
     t       =   0.00000, dt      =   0.00200, vlimit  =  20.00000

Langevin dynamics temperature regulation:
     ig      =  499920
     temp0   = 298.00000, tempi   =   0.00000, gamma_ln=   1.00000

Pressure regulation:
     ntp     =       1
     pres0   =   1.00000, comp    =  44.60000, taup    =   1.00000
     Monte-Carlo Barostat:
     mcbarint  =     100

SHAKE:
     ntc     =       2, jfastw  =       0
     tol     =   0.00001

| Intermolecular bonds treatment:
|     no_intermolecular_bonds =       1

| Energy averages sample interval:
|     ene_avg_sampling =     500

Ewald parameters:
     verbose =       0, ew_type =       0, nbflag  =       1, use_pme =       1
     vdwmeth =       1, eedmeth =       1, netfrc  =       1
     Box X =   36.085   Box Y =   36.085   Box Z =   36.085
     Alpha =  109.471   Beta  =  109.471   Gamma =  109.471
     NFFT1 =   40       NFFT2 =   40       NFFT3 =   40
     Cutoff=   10.000   Tol   =0.100E-04
     Ewald Coefficient =  0.27511
     Interpolation order =    4

| PMEMD ewald parallel performance parameters:
|     block_fft =    0
|     fft_blk_y_divisor =    2
|     excl_recip =    0
|     excl_master =    0
|     atm_redist_freq =  320

    LOADING THE CONSTRAINED ATOMS AS GROUPS


   5.  REFERENCE ATOM COORDINATES

  MON                                                                             
     Mask :1; matches    36 atoms
| MONTE CARLO BAROSTAT IMPORTANT NOTE:
|   The Monte-Carlo barostat does not require the virial to adjust the system volume.
|   Since it is an expensive calculation, it is skipped for efficiency. A side-effect
|   is that the reported pressure is always 0 because it is not calculated.

--------------------------------------------------------------------------------
   3.  ATOMIC COORDINATES AND VELOCITIES
--------------------------------------------------------------------------------

MON                                                                             
 begin time read from input coords =    20.000 ps

 
 Number of triangulated 3-point waters found:     1068

     Sum of charges from parm topology file =  -0.00200217
     Forcing neutrality...

| Dynamic Memory, Types Used:
| Reals             1243230
| Integers           215286

| Nonbonded Pairs Initial Allocation:      317358

| Running AMBER/MPI version on    8 MPI task

 
--------------------------------------------------------------------------------
   4.  RESULTS
--------------------------------------------------------------------------------

 ---------------------------------------------------
 APPROXIMATING switch and d/dx switch using CUBIC SPLINE INTERPOLATION
 using   5000.0 points per unit in tabled values
 TESTING RELATIVE ERROR over r ranging from 0.0 to cutoff
| CHECK switch(x): max rel err =   0.3316E-14   at   2.351880
| CHECK d/dx switch(x): max rel err =   0.8066E-11   at   2.747240
 ---------------------------------------------------
|---------------------------------------------------
| APPROXIMATING direct energy using CUBIC SPLINE INTERPOLATION
|  with   50.0 points per unit in tabled values
| Relative Error Limit not exceeded for r .gt.   2.34
| APPROXIMATING direct force using CUBIC SPLINE INTERPOLATION
|  with   50.0 points per unit in tabled values
| Relative Error Limit not exceeded for r .gt.   2.81
|---------------------------------------------------
wrapping first mol.:       23.95237      -16.93688       29.33554

 NSTEP =      500   TIME(PS) =      21.000  TEMP(K) =   294.15  PRESS =     0.0
 Etot   =    -10472.7810  EKtot   =      1899.7372  EPtot      =    -12372.5181
 BOND   =         3.8161  ANGLE   =        12.8640  DIHED      =        11.1266
 1-4 NB =        13.2090  1-4 EEL =      -246.7825  VDWAALS    =      2347.6855
 EELEC  =    -14521.4047  EHBOND  =         0.0000  RESTRAINT  =         6.9678
 EAMBER (non-restraint)  =    -12379.4860
 EKCMT  =         0.0000  VIRIAL  =         0.0000  VOLUME     =     35702.3981
                                                    Density    =         0.9085
 Ewald error estimate:   0.3354E-03
 ------------------------------------------------------------------------------

wrapping first mol.:       23.89593      -16.89697       29.26641

 NSTEP =     1000   TIME(PS) =      22.000  TEMP(K) =   299.02  PRESS =     0.0
 Etot   =    -10552.9380  EKtot   =      1931.1622  EPtot      =    -12484.1002
 BOND   =         4.5812  ANGLE   =         9.8773  DIHED      =        11.6512
 1-4 NB =        10.9069  1-4 EEL =      -247.3446  VDWAALS    =      2321.3516
 EELEC  =    -14603.5078  EHBOND  =         0.0000  RESTRAINT  =         8.3840
 EAMBER (non-restraint)  =    -12492.4843
 EKCMT  =         0.0000  VIRIAL  =         0.0000  VOLUME     =     35450.5941
                                                    Density    =         0.9150
 Ewald error estimate:   0.6066E-03
 ------------------------------------------------------------------------------

wrapping first mol.:       23.79598      -16.82630       29.14401

 NSTEP =     1500   TIME(PS) =      23.000  TEMP(K) =   299.27  PRESS =     0.0
 Etot   =    -10501.5967  EKtot   =      1932.8028  EPtot      =    -12434.3995
 BOND   =         3.2037  ANGLE   =        13.8046  DIHED      =        11.7822
 1-4 NB =         9.7684  1-4 EEL =      -246.4178  VDWAALS    =      2516.7746
 EELEC  =    -14753.9824  EHBOND  =         0.0000  RESTRAINT  =        10.6672
 EAMBER (non-restraint)  =    -12445.0667
 EKCMT  =         0.0000  VIRIAL  =         0.0000  VOLUME     =     35007.6401
                                                    Density    =         0.9266
 Ewald error estimate:   0.3407E-03
 ------------------------------------------------------------------------------

wrapping first mol.:       23.69527      -16.75508       29.02066

 NSTEP =     2000   TIME(PS) =      24.000  TEMP(K) =   301.57  PRESS =     0.0
 Etot   =    -10547.2443  EKtot   =      1947.6431  EPtot      =    -12494.8874
 BOND   =         3.3549  ANGLE   =         8.0337  DIHED      =        12.7980
 1-4 NB =        10.9755  1-4 EEL =      -246.3523  VDWAALS    =      2559.8350
 EELEC  =    -14854.4165  EHBOND  =         0.0000  RESTRAINT  =        10.8843
 EAMBER (non-restraint)  =    -12505.7717
 EKCMT  =         0.0000  VIRIAL  =         0.0000  VOLUME     =     34565.0146
                                                    Density    =         0.9384
 Ewald error estimate:   0.5838E-05
 ------------------------------------------------------------------------------

wrapping first mol.:       23.62495      -16.70536       28.93453

 NSTEP =     2500   TIME(PS) =      25.000  TEMP(K) =   298.75  PRESS =     0.0
 Etot   =    -10633.8308  EKtot   =      1929.4712  EPtot      =    -12563.3020
 BOND   =         6.3554  ANGLE   =        14.0670  DIHED      =         9.8201
 1-4 NB =        11.2148  1-4 EEL =      -245.6025  VDWAALS    =      2387.1295
 EELEC  =    -14755.1897  EHBOND  =         0.0000  RESTRAINT  =         8.9034
 EAMBER (non-restraint)  =    -12572.2054
 EKCMT  =         0.0000  VIRIAL  =         0.0000  VOLUME     =     34258.1857
                                                    Density    =         0.9468
 Ewald error estimate:   0.6802E-03
 ------------------------------------------------------------------------------

wrapping first mol.:       23.56351      -16.66192       28.85929

 NSTEP =     3000   TIME(PS) =      26.000  TEMP(K) =   287.57  PRESS =     0.0
 Etot   =    -10691.5934  EKtot   =      1857.2175  EPtot      =    -12548.8109
 BOND   =         6.2135  ANGLE   =        14.8984  DIHED      =        13.9806
 1-4 NB =        12.0667  1-4 EEL =      -248.6158  VDWAALS    =      2486.7057
 EELEC  =    -14841.0920  EHBOND  =         0.0000  RESTRAINT  =         7.0320
 EAMBER (non-restraint)  =    -12555.8429
 EKCMT  =         0.0000  VIRIAL  =         0.0000  VOLUME     =     33991.6180
                                                    Density    =         0.9543
 Ewald error estimate:   0.1246E-03
 ------------------------------------------------------------------------------

wrapping first mol.:       23.44109      -16.57535       28.70935

 NSTEP =     3500   TIME(PS) =      27.000  TEMP(K) =   294.10  PRESS =     0.0
 Etot   =    -10668.8902  EKtot   =      1899.4242  EPtot      =    -12568.3145
 BOND   =        13.0132  ANGLE   =        14.4600  DIHED      =        12.7080
 1-4 NB =        10.5201  1-4 EEL =      -246.7106  VDWAALS    =      2451.4169
 EELEC  =    -14834.6931  EHBOND  =         0.0000  RESTRAINT  =        10.9711
 EAMBER (non-restraint)  =    -12579.2855
 EKCMT  =         0.0000  VIRIAL  =         0.0000  VOLUME     =     33464.5501
                                                    Density    =         0.9693
 Ewald error estimate:   0.1551E-04
 ------------------------------------------------------------------------------

wrapping first mol.:       23.33306      -16.49897       28.57705

 NSTEP =     4000   TIME(PS) =      28.000  TEMP(K) =   294.75  PRESS =     0.0
 Etot   =    -10657.3946  EKtot   =      1903.5962  EPtot      =    -12560.9908
 BOND   =         5.3093  ANGLE   =        14.6513  DIHED      =        11.7333
 1-4 NB =        11.1700  1-4 EEL =      -248.9865  VDWAALS    =      2553.7400
 EELEC  =    -14918.6235  EHBOND  =         0.0000  RESTRAINT  =        10.0153
 EAMBER (non-restraint)  =    -12571.0061
 EKCMT  =         0.0000  VIRIAL  =         0.0000  VOLUME     =     33004.0453
                                                    Density    =         0.9828
 Ewald error estimate:   0.8138E-04
 ------------------------------------------------------------------------------

wrapping first mol.:       23.37697      -16.53001       28.63082

 NSTEP =     4500   TIME(PS) =      29.000  TEMP(K) =   297.59  PRESS =     0.0
 Etot   =    -10712.0172  EKtot   =      1921.9426  EPtot      =    -12633.9598
 BOND   =        11.9641  ANGLE   =        11.2905  DIHED      =         9.7869
 1-4 NB =         9.9383  1-4 EEL =      -246.4729  VDWAALS    =      2518.1940
 EELEC  =    -14957.6689  EHBOND  =         0.0000  RESTRAINT  =         9.0081
 EAMBER (non-restraint)  =    -12642.9679
 EKCMT  =         0.0000  VIRIAL  =         0.0000  VOLUME     =     33190.7101
                                                    Density    =         0.9773
 Ewald error estimate:   0.4661E-04
 ------------------------------------------------------------------------------

wrapping first mol.:       23.32416      -16.49267       28.56615

 NSTEP =     5000   TIME(PS) =      30.000  TEMP(K) =   307.88  PRESS =     0.0
 Etot   =    -10699.1027  EKtot   =      1988.3818  EPtot      =    -12687.4846
 BOND   =         8.8577  ANGLE   =        11.5504  DIHED      =        10.9151
 1-4 NB =        10.6477  1-4 EEL =      -247.0326  VDWAALS    =      2423.8673
 EELEC  =    -14913.7782  EHBOND  =         0.0000  RESTRAINT  =         7.4881
 EAMBER (non-restraint)  =    -12694.9727
 EKCMT  =         0.0000  VIRIAL  =         0.0000  VOLUME     =     32966.2752
                                                    Density    =         0.9839
 Ewald error estimate:   0.7088E-04
 ------------------------------------------------------------------------------

wrapping first mol.:       23.17175      -16.38490       28.37948

 NSTEP =     5500   TIME(PS) =      31.000  TEMP(K) =   292.89  PRESS =     0.0
 Etot   =    -10778.3212  EKtot   =      1891.5621  EPtot      =    -12669.8834
 BOND   =         7.0120  ANGLE   =        11.5333  DIHED      =        11.2210
 1-4 NB =         9.6728  1-4 EEL =      -247.0430  VDWAALS    =      2512.8279
 EELEC  =    -14982.6900  EHBOND  =         0.0000  RESTRAINT  =         7.5827
 EAMBER (non-restraint)  =    -12677.4661
 EKCMT  =         0.0000  VIRIAL  =         0.0000  VOLUME     =     32324.2238
                                                    Density    =         1.0035
 Ewald error estimate:   0.3608E-03
 ------------------------------------------------------------------------------

wrapping first mol.:       23.16687      -16.38145       28.37351

 NSTEP =     6000   TIME(PS) =      32.000  TEMP(K) =   290.57  PRESS =     0.0
 Etot   =    -10754.8307  EKtot   =      1876.6143  EPtot      =    -12631.4450
 BOND   =         9.2360  ANGLE   =         9.9362  DIHED      =        12.3157
 1-4 NB =        11.3264  1-4 EEL =      -246.0108  VDWAALS    =      2412.4949
 EELEC  =    -14852.5603  EHBOND  =         0.0000  RESTRAINT  =        11.8170
 EAMBER (non-restraint)  =    -12643.2620
 EKCMT  =         0.0000  VIRIAL  =         0.0000  VOLUME     =     32303.8251
                                                    Density    =         1.0041
 Ewald error estimate:   0.9960E-04
 ------------------------------------------------------------------------------

wrapping first mol.:       23.19283      -16.39981       28.40530

 NSTEP =     6500   TIME(PS) =      33.000  TEMP(K) =   301.95  PRESS =     0.0
 Etot   =    -10757.7317  EKtot   =      1950.1220  EPtot      =    -12707.8537
 BOND   =         4.3173  ANGLE   =        12.1838  DIHED      =        11.1398
 1-4 NB =        10.8384  1-4 EEL =      -244.9497  VDWAALS    =      2572.3510
 EELEC  =    -15081.1166  EHBOND  =         0.0000  RESTRAINT  =         7.3823
 EAMBER (non-restraint)  =    -12715.2360
 EKCMT  =         0.0000  VIRIAL  =         0.0000  VOLUME     =     32412.5447
                                                    Density    =         1.0007
 Ewald error estimate:   0.1891E-03
 ------------------------------------------------------------------------------

wrapping first mol.:       23.19162      -16.39895       28.40382

 NSTEP =     7000   TIME(PS) =      34.000  TEMP(K) =   298.85  PRESS =     0.0
 Etot   =    -10669.8098  EKtot   =      1930.0942  EPtot      =    -12599.9040
 BOND   =         5.1432  ANGLE   =        13.9135  DIHED      =        11.3153
 1-4 NB =        11.4059  1-4 EEL =      -245.6294  VDWAALS    =      2454.1521
 EELEC  =    -14860.8617  EHBOND  =         0.0000  RESTRAINT  =        10.6571
 EAMBER (non-restraint)  =    -12610.5610
 EKCMT  =         0.0000  VIRIAL  =         0.0000  VOLUME     =     32407.4763
                                                    Density    =         1.0009
 Ewald error estimate:   0.3486E-03
 ------------------------------------------------------------------------------

wrapping first mol.:       23.17626      -16.38809       28.38501

 NSTEP =     7500   TIME(PS) =      35.000  TEMP(K) =   303.46  PRESS =     0.0
 Etot   =    -10652.3882  EKtot   =      1959.8571  EPtot      =    -12612.2453
 BOND   =         7.3730  ANGLE   =        12.2698  DIHED      =        11.2641
 1-4 NB =         9.9819  1-4 EEL =      -242.4821  VDWAALS    =      2496.8452
 EELEC  =    -14915.4261  EHBOND  =         0.0000  RESTRAINT  =         7.9288
 EAMBER (non-restraint)  =    -12620.1742
 EKCMT  =         0.0000  VIRIAL  =         0.0000  VOLUME     =     32343.1209
                                                    Density    =         1.0029
 Ewald error estimate:   0.1978E-03
 ------------------------------------------------------------------------------

wrapping first mol.:       23.20693      -16.40977       28.42256

 NSTEP =     8000   TIME(PS) =      36.000  TEMP(K) =   302.08  PRESS =     0.0
 Etot   =    -10679.4506  EKtot   =      1950.9172  EPtot      =    -12630.3678
 BOND   =         5.4439  ANGLE   =        10.3476  DIHED      =        12.9280
 1-4 NB =        11.3124  1-4 EEL =      -246.7219  VDWAALS    =      2508.1949
 EELEC  =    -14939.9453  EHBOND  =         0.0000  RESTRAINT  =         8.0726
 EAMBER (non-restraint)  =    -12638.4404
 EKCMT  =         0.0000  VIRIAL  =         0.0000  VOLUME     =     32471.6789
                                                    Density    =         0.9989
 Ewald error estimate:   0.3173E-04
 ------------------------------------------------------------------------------

wrapping first mol.:       23.13529      -16.35912       28.33483

 NSTEP =     8500   TIME(PS) =      37.000  TEMP(K) =   306.06  PRESS =     0.0
 Etot   =    -10621.0387  EKtot   =      1976.6208  EPtot      =    -12597.6595
 BOND   =         5.4479  ANGLE   =        14.6100  DIHED      =        12.1008
 1-4 NB =        10.9777  1-4 EEL =      -246.4744  VDWAALS    =      2463.3160
 EELEC  =    -14868.0838  EHBOND  =         0.0000  RESTRAINT  =        10.4464
 EAMBER (non-restraint)  =    -12608.1059
 EKCMT  =         0.0000  VIRIAL  =         0.0000  VOLUME     =     32171.9082
                                                    Density    =         1.0082
 Ewald error estimate:   0.3170E-03
 ------------------------------------------------------------------------------

wrapping first mol.:       23.12553      -16.35222       28.32287

 NSTEP =     9000   TIME(PS) =      38.000  TEMP(K) =   306.36  PRESS =     0.0
 Etot   =    -10596.6956  EKtot   =      1978.5567  EPtot      =    -12575.2523
 BOND   =         5.4401  ANGLE   =        11.3988  DIHED      =        11.6557
 1-4 NB =        10.8576  1-4 EEL =      -247.1284  VDWAALS    =      2354.0964
 EELEC  =    -14729.0554  EHBOND  =         0.0000  RESTRAINT  =         7.4828
 EAMBER (non-restraint)  =    -12582.7351
 EKCMT  =         0.0000  VIRIAL  =         0.0000  VOLUME     =     32131.1968
                                                    Density    =         1.0095
 Ewald error estimate:   0.2431E-04
 ------------------------------------------------------------------------------

wrapping first mol.:       23.07762      -16.31834       28.26420

 NSTEP =     9500   TIME(PS) =      39.000  TEMP(K) =   302.94  PRESS =     0.0
 Etot   =    -10656.8752  EKtot   =      1956.5143  EPtot      =    -12613.3894
 BOND   =         6.5953  ANGLE   =        13.2798  DIHED      =         9.8456
 1-4 NB =        10.4158  1-4 EEL =      -246.6484  VDWAALS    =      2424.3744
 EELEC  =    -14839.4581  EHBOND  =         0.0000  RESTRAINT  =         8.2061
 EAMBER (non-restraint)  =    -12621.5955
 EKCMT  =         0.0000  VIRIAL  =         0.0000  VOLUME     =     31931.9050
                                                    Density    =         1.0158
 Ewald error estimate:   0.2882E-03
 ------------------------------------------------------------------------------

wrapping first mol.:       23.07473      -16.31629       28.26065

 NSTEP =    10000   TIME(PS) =      40.000  TEMP(K) =   301.09  PRESS =     0.0
 Etot   =    -10677.3559  EKtot   =      1944.5833  EPtot      =    -12621.9392
 BOND   =         8.5417  ANGLE   =         9.4586  DIHED      =         9.9898
 1-4 NB =        10.0934  1-4 EEL =      -246.0535  VDWAALS    =      2487.2584
 EELEC  =    -14911.5287  EHBOND  =         0.0000  RESTRAINT  =        10.3012
 EAMBER (non-restraint)  =    -12632.2404
 EKCMT  =         0.0000  VIRIAL  =         0.0000  VOLUME     =     31919.9076
                                                    Density    =         1.0162
 Ewald error estimate:   0.2918E-03
 ------------------------------------------------------------------------------

wrapping first mol.:       23.09722      -16.33220       28.28820

 NSTEP =    10500   TIME(PS) =      41.000  TEMP(K) =   304.81  PRESS =     0.0
 Etot   =    -10692.9279  EKtot   =      1968.5763  EPtot      =    -12661.5041
 BOND   =         3.9872  ANGLE   =        16.4078  DIHED      =         8.3858
 1-4 NB =        10.2618  1-4 EEL =      -249.5505  VDWAALS    =      2421.8156
 EELEC  =    -14881.8052  EHBOND  =         0.0000  RESTRAINT  =         8.9934
 EAMBER (non-restraint)  =    -12670.4975
 EKCMT  =         0.0000  VIRIAL  =         0.0000  VOLUME     =     32013.3258
                                                    Density    =         1.0132
 Ewald error estimate:   0.8347E-04
 ------------------------------------------------------------------------------

wrapping first mol.:       23.10370      -16.33678       28.29614

 NSTEP =    11000   TIME(PS) =      42.000  TEMP(K) =   291.58  PRESS =     0.0
 Etot   =    -10671.0136  EKtot   =      1883.1115  EPtot      =    -12554.1251
 BOND   =         5.9391  ANGLE   =        12.9769  DIHED      =        10.6516
 1-4 NB =         9.2076  1-4 EEL =      -247.0195  VDWAALS    =      2436.2633
 EELEC  =    -14787.1613  EHBOND  =         0.0000  RESTRAINT  =         5.0171
 EAMBER (non-restraint)  =    -12559.1422
 EKCMT  =         0.0000  VIRIAL  =         0.0000  VOLUME     =     32040.3005
                                                    Density    =         1.0124
 Ewald error estimate:   0.5210E-03
 ------------------------------------------------------------------------------

wrapping first mol.:       23.10458      -16.33740       28.29722

 NSTEP =    11500   TIME(PS) =      43.000  TEMP(K) =   301.89  PRESS =     0.0
 Etot   =    -10660.8356  EKtot   =      1949.7122  EPtot      =    -12610.5479
 BOND   =         6.8508  ANGLE   =        10.6942  DIHED      =        12.0057
 1-4 NB =        10.1342  1-4 EEL =      -248.3900  VDWAALS    =      2481.2521
 EELEC  =    -14890.8727  EHBOND  =         0.0000  RESTRAINT  =         7.7777
 EAMBER (non-restraint)  =    -12618.3256
 EKCMT  =         0.0000  VIRIAL  =         0.0000  VOLUME     =     32043.9571
                                                    Density    =         1.0123
 Ewald error estimate:   0.1125E-03
 ------------------------------------------------------------------------------

wrapping first mol.:       23.07840      -16.31889       28.26515

 NSTEP =    12000   TIME(PS) =      44.000  TEMP(K) =   302.53  PRESS =     0.0
 Etot   =    -10686.3995  EKtot   =      1953.8198  EPtot      =    -12640.2193
 BOND   =         8.5982  ANGLE   =        10.3329  DIHED      =         8.6301
 1-4 NB =        10.4671  1-4 EEL =      -247.7068  VDWAALS    =      2444.8379
 EELEC  =    -14885.3545  EHBOND  =         0.0000  RESTRAINT  =         9.9757
 EAMBER (non-restraint)  =    -12650.1950
 EKCMT  =         0.0000  VIRIAL  =         0.0000  VOLUME     =     31935.1501
                                                    Density    =         1.0157
 Ewald error estimate:   0.1940E-03
 ------------------------------------------------------------------------------

wrapping first mol.:       23.08045      -16.32034       28.26766

 NSTEP =    12500   TIME(PS) =      45.000  TEMP(K) =   299.99  PRESS =     0.0
 Etot   =    -10657.2317  EKtot   =      1937.4594  EPtot      =    -12594.6911
 BOND   =         6.2649  ANGLE   =        12.9973  DIHED      =        12.2257
 1-4 NB =        10.5531  1-4 EEL =      -247.0101  VDWAALS    =      2488.6917
 EELEC  =    -14887.0695  EHBOND  =         0.0000  RESTRAINT  =         8.6558
 EAMBER (non-restraint)  =    -12603.3469
 EKCMT  =         0.0000  VIRIAL  =         0.0000  VOLUME     =     31943.6535
                                                    Density    =         1.0154
 Ewald error estimate:   0.1239E-03
 ------------------------------------------------------------------------------

wrapping first mol.:       23.04810      -16.29747       28.22804

 NSTEP =    13000   TIME(PS) =      46.000  TEMP(K) =   296.66  PRESS =     0.0
 Etot   =    -10748.3846  EKtot   =      1915.9456  EPtot      =    -12664.3302
 BOND   =         7.7686  ANGLE   =        13.2895  DIHED      =        12.1467
 1-4 NB =        12.7210  1-4 EEL =      -248.5152  VDWAALS    =      2450.3975
 EELEC  =    -14920.1954  EHBOND  =         0.0000  RESTRAINT  =         8.0572
 EAMBER (non-restraint)  =    -12672.3874
 EKCMT  =         0.0000  VIRIAL  =         0.0000  VOLUME     =     31809.5379
                                                    Density    =         1.0197
 Ewald error estimate:   0.8839E-04
 ------------------------------------------------------------------------------

wrapping first mol.:       23.11259      -16.34307       28.30702

 NSTEP =    13500   TIME(PS) =      47.000  TEMP(K) =   298.63  PRESS =     0.0
 Etot   =    -10736.6799  EKtot   =      1928.6362  EPtot      =    -12665.3162
 BOND   =         6.8948  ANGLE   =        13.2066  DIHED      =         8.8195
 1-4 NB =        10.6827  1-4 EEL =      -249.7619  VDWAALS    =      2355.0756
 EELEC  =    -14819.6582  EHBOND  =         0.0000  RESTRAINT  =         9.4248
 EAMBER (non-restraint)  =    -12674.7410
 EKCMT  =         0.0000  VIRIAL  =         0.0000  VOLUME     =     32077.2839
                                                    Density    =         1.0112
 Ewald error estimate:   0.1189E-03
 ------------------------------------------------------------------------------

wrapping first mol.:       23.15283      -16.37152       28.35631

 NSTEP =    14000   TIME(PS) =      48.000  TEMP(K) =   292.54  PRESS =     0.0
 Etot   =    -10721.1661  EKtot   =      1889.3406  EPtot      =    -12610.5067
 BOND   =         4.1376  ANGLE   =        12.2371  DIHED      =        12.6244
 1-4 NB =        11.7909  1-4 EEL =      -245.3705  VDWAALS    =      2445.8673
 EELEC  =    -14858.1264  EHBOND  =         0.0000  RESTRAINT  =         6.3329
 EAMBER (non-restraint)  =    -12616.8396
 EKCMT  =         0.0000  VIRIAL  =         0.0000  VOLUME     =     32245.1156
                                                    Density    =         1.0059
 Ewald error estimate:   0.2422E-03
 ------------------------------------------------------------------------------

wrapping first mol.:       23.20828      -16.41073       28.42423

 NSTEP =    14500   TIME(PS) =      49.000  TEMP(K) =   289.17  PRESS =     0.0
 Etot   =    -10731.2054  EKtot   =      1867.5562  EPtot      =    -12598.7616
 BOND   =         6.1732  ANGLE   =        13.4130  DIHED      =        13.0251
 1-4 NB =        11.6889  1-4 EEL =      -247.8342  VDWAALS    =      2430.3584
 EELEC  =    -14836.8210  EHBOND  =         0.0000  RESTRAINT  =        11.2349
 EAMBER (non-restraint)  =    -12609.9965
 EKCMT  =         0.0000  VIRIAL  =         0.0000  VOLUME     =     32477.3755
                                                    Density    =         0.9987
 Ewald error estimate:   0.1975E-03
 ------------------------------------------------------------------------------

wrapping first mol.:       23.16950      -16.38331       28.37673

 NSTEP =    15000   TIME(PS) =      50.000  TEMP(K) =   299.60  PRESS =     0.0
 Etot   =    -10763.6953  EKtot   =      1934.9251  EPtot      =    -12698.6204
 BOND   =         7.4072  ANGLE   =        10.3251  DIHED      =        11.2813
 1-4 NB =         9.8919  1-4 EEL =      -246.6108  VDWAALS    =      2539.0458
 EELEC  =    -15039.1515  EHBOND  =         0.0000  RESTRAINT  =         9.1906
 EAMBER (non-restraint)  =    -12707.8110
 EKCMT  =         0.0000  VIRIAL  =         0.0000  VOLUME     =     32314.8427
                                                    Density    =         1.0038
 Ewald error estimate:   0.2757E-03
 ------------------------------------------------------------------------------

wrapping first mol.:       23.14802      -16.36812       28.35041

 NSTEP =    15500   TIME(PS) =      51.000  TEMP(K) =   305.26  PRESS =     0.0
 Etot   =    -10729.0665  EKtot   =      1971.4727  EPtot      =    -12700.5393
 BOND   =         8.4345  ANGLE   =        14.8808  DIHED      =         9.4781
 1-4 NB =        11.0845  1-4 EEL =      -249.8756  VDWAALS    =      2570.2170
 EELEC  =    -15072.5521  EHBOND  =         0.0000  RESTRAINT  =         7.7934
 EAMBER (non-restraint)  =    -12708.3327
 EKCMT  =         0.0000  VIRIAL  =         0.0000  VOLUME     =     32225.0183
                                                    Density    =         1.0066
 Ewald error estimate:   0.4118E-03
 ------------------------------------------------------------------------------

wrapping first mol.:       23.17400      -16.38649       28.38224

 NSTEP =    16000   TIME(PS) =      52.000  TEMP(K) =   301.07  PRESS =     0.0
 Etot   =    -10672.2419  EKtot   =      1944.3954  EPtot      =    -12616.6373
 BOND   =        10.6415  ANGLE   =         9.9920  DIHED      =        10.6043
 1-4 NB =        10.2057  1-4 EEL =      -246.2157  VDWAALS    =      2485.0445
 EELEC  =    -14907.1719  EHBOND  =         0.0000  RESTRAINT  =        10.2622
 EAMBER (non-restraint)  =    -12626.8994
 EKCMT  =         0.0000  VIRIAL  =         0.0000  VOLUME     =     32333.6529
                                                    Density    =         1.0032
 Ewald error estimate:   0.1562E-03
 ------------------------------------------------------------------------------

wrapping first mol.:       23.21001      -16.41195       28.42634

 NSTEP =    16500   TIME(PS) =      53.000  TEMP(K) =   296.87  PRESS =     0.0
 Etot   =    -10737.0106  EKtot   =      1917.2653  EPtot      =    -12654.2759
 BOND   =         7.9912  ANGLE   =        12.0511  DIHED      =        11.9011
 1-4 NB =        10.5109  1-4 EEL =      -245.4405  VDWAALS    =      2425.6782
 EELEC  =    -14885.7231  EHBOND  =         0.0000  RESTRAINT  =         8.7551
 EAMBER (non-restraint)  =    -12663.0310
 EKCMT  =         0.0000  VIRIAL  =         0.0000  VOLUME     =     32484.6095
                                                    Density    =         0.9985
 Ewald error estimate:   0.3737E-04
 ------------------------------------------------------------------------------

wrapping first mol.:       23.14564      -16.36643       28.34750

 NSTEP =    17000   TIME(PS) =      54.000  TEMP(K) =   303.17  PRESS =     0.0
 Etot   =    -10722.5675  EKtot   =      1957.9683  EPtot      =    -12680.5358
 BOND   =         5.8031  ANGLE   =        10.1712  DIHED      =        11.2105
 1-4 NB =         9.0942  1-4 EEL =      -245.4451  VDWAALS    =      2476.1257
 EELEC  =    -14956.0735  EHBOND  =         0.0000  RESTRAINT  =         8.5778
 EAMBER (non-restraint)  =    -12689.1137
 EKCMT  =         0.0000  VIRIAL  =         0.0000  VOLUME     =     32215.0859
                                                    Density    =         1.0069
 Ewald error estimate:   0.3354E-03
 ------------------------------------------------------------------------------

wrapping first mol.:       23.21107      -16.41270       28.42763

 NSTEP =    17500   TIME(PS) =      55.000  TEMP(K) =   303.04  PRESS =     0.0
 Etot   =    -10683.6999  EKtot   =      1957.1478  EPtot      =    -12640.8477
 BOND   =         8.4949  ANGLE   =        11.7638  DIHED      =        11.1590
 1-4 NB =        11.0609  1-4 EEL =      -246.7874  VDWAALS    =      2474.5217
 EELEC  =    -14919.7335  EHBOND  =         0.0000  RESTRAINT  =         8.6728
 EAMBER (non-restraint)  =    -12649.5205
 EKCMT  =         0.0000  VIRIAL  =         0.0000  VOLUME     =     32489.0554
                                                    Density    =         0.9984
 Ewald error estimate:   0.7322E-04
 ------------------------------------------------------------------------------

wrapping first mol.:       23.12006      -16.34835       28.31618

 NSTEP =    18000   TIME(PS) =      56.000  TEMP(K) =   299.56  PRESS =     0.0
 Etot   =    -10763.0160  EKtot   =      1934.6705  EPtot      =    -12697.6865
 BOND   =         5.1749  ANGLE   =        14.2884  DIHED      =        12.7155
 1-4 NB =        10.7701  1-4 EEL =      -245.7842  VDWAALS    =      2463.6818
 EELEC  =    -14964.0167  EHBOND  =         0.0000  RESTRAINT  =         5.4836
 EAMBER (non-restraint)  =    -12703.1702
 EKCMT  =         0.0000  VIRIAL  =         0.0000  VOLUME     =     32108.4163
                                                    Density    =         1.0102
 Ewald error estimate:   0.5092E-03
 ------------------------------------------------------------------------------

wrapping first mol.:       23.12689      -16.35318       28.32454

 NSTEP =    18500   TIME(PS) =      57.000  TEMP(K) =   298.43  PRESS =     0.0
 Etot   =    -10682.4625  EKtot   =      1927.3462  EPtot      =    -12609.8087
 BOND   =         6.0434  ANGLE   =        11.2708  DIHED      =         9.8507
 1-4 NB =        10.3161  1-4 EEL =      -246.1223  VDWAALS    =      2329.5262
 EELEC  =    -14738.2308  EHBOND  =         0.0000  RESTRAINT  =         7.5372
 EAMBER (non-restraint)  =    -12617.3459
 EKCMT  =         0.0000  VIRIAL  =         0.0000  VOLUME     =     32136.8650
                                                    Density    =         1.0093
 Ewald error estimate:   0.8697E-05
 ------------------------------------------------------------------------------

wrapping first mol.:       23.14810      -16.36818       28.35052

 NSTEP =    19000   TIME(PS) =      58.000  TEMP(K) =   296.93  PRESS =     0.0
 Etot   =    -10697.6006  EKtot   =      1917.6674  EPtot      =    -12615.2680
 BOND   =         6.8211  ANGLE   =        10.5493  DIHED      =         9.4919
 1-4 NB =        10.6604  1-4 EEL =      -246.4338  VDWAALS    =      2511.9705
 EELEC  =    -14925.6611  EHBOND  =         0.0000  RESTRAINT  =         7.3336
 EAMBER (non-restraint)  =    -12622.6016
 EKCMT  =         0.0000  VIRIAL  =         0.0000  VOLUME     =     32225.3825
                                                    Density    =         1.0066
 Ewald error estimate:   0.1018E-03
 ------------------------------------------------------------------------------

wrapping first mol.:       23.14810      -16.36818       28.35052

 NSTEP =    19500   TIME(PS) =      59.000  TEMP(K) =   297.64  PRESS =     0.0
 Etot   =    -10777.2084  EKtot   =      1922.2767  EPtot      =    -12699.4851
 BOND   =         4.3979  ANGLE   =        15.3158  DIHED      =         9.9216
 1-4 NB =        10.4446  1-4 EEL =      -247.1160  VDWAALS    =      2483.5991
 EELEC  =    -14984.5538  EHBOND  =         0.0000  RESTRAINT  =         8.5057
 EAMBER (non-restraint)  =    -12707.9908
 EKCMT  =         0.0000  VIRIAL  =         0.0000  VOLUME     =     32225.3825
                                                    Density    =         1.0066
 Ewald error estimate:   0.7142E-04
 ------------------------------------------------------------------------------

wrapping first mol.:       23.17357      -16.38618       28.38171

 NSTEP =    20000   TIME(PS) =      60.000  TEMP(K) =   298.33  PRESS =     0.0
 Etot   =    -10719.9272  EKtot   =      1926.7157  EPtot      =    -12646.6429
 BOND   =         8.7930  ANGLE   =        14.8031  DIHED      =        13.7229
 1-4 NB =        10.9370  1-4 EEL =      -247.7312  VDWAALS    =      2502.9045
 EELEC  =    -14960.8367  EHBOND  =         0.0000  RESTRAINT  =        10.7647
 EAMBER (non-restraint)  =    -12657.4076
 EKCMT  =         0.0000  VIRIAL  =         0.0000  VOLUME     =     32331.8517
                                                    Density    =         1.0032
 Ewald error estimate:   0.4355E-03
 ------------------------------------------------------------------------------

wrapping first mol.:       23.05983      -16.30576       28.24241

 NSTEP =    20500   TIME(PS) =      61.000  TEMP(K) =   303.84  PRESS =     0.0
 Etot   =    -10686.6459  EKtot   =      1962.2935  EPtot      =    -12648.9394
 BOND   =         7.8510  ANGLE   =        13.8875  DIHED      =        11.7222
 1-4 NB =         9.9207  1-4 EEL =      -245.4741  VDWAALS    =      2574.8093
 EELEC  =    -15028.6368  EHBOND  =         0.0000  RESTRAINT  =         6.9808
 EAMBER (non-restraint)  =    -12655.9202
 EKCMT  =         0.0000  VIRIAL  =         0.0000  VOLUME     =     31858.1197
                                                    Density    =         1.0182
 Ewald error estimate:   0.8573E-04
 ------------------------------------------------------------------------------

wrapping first mol.:       23.10576      -16.33824       28.29866

 NSTEP =    21000   TIME(PS) =      62.000  TEMP(K) =   302.70  PRESS =     0.0
 Etot   =    -10694.1555  EKtot   =      1954.9556  EPtot      =    -12649.1111
 BOND   =         5.3592  ANGLE   =        17.8137  DIHED      =        10.8000
 1-4 NB =        10.4412  1-4 EEL =      -245.6680  VDWAALS    =      2403.7464
 EELEC  =    -14859.9174  EHBOND  =         0.0000  RESTRAINT  =         8.3139
 EAMBER (non-restraint)  =    -12657.4249
 EKCMT  =         0.0000  VIRIAL  =         0.0000  VOLUME     =     32048.8743
                                                    Density    =         1.0121
 Ewald error estimate:   0.2401E-03
 ------------------------------------------------------------------------------

wrapping first mol.:       23.11509      -16.34483       28.31009

 NSTEP =    21500   TIME(PS) =      63.000  TEMP(K) =   310.37  PRESS =     0.0
 Etot   =    -10614.5622  EKtot   =      2004.5049  EPtot      =    -12619.0672
 BOND   =         6.6247  ANGLE   =        16.7364  DIHED      =        10.7880
 1-4 NB =        11.1349  1-4 EEL =      -248.5983  VDWAALS    =      2458.1358
 EELEC  =    -14883.4063  EHBOND  =         0.0000  RESTRAINT  =         9.5178
 EAMBER (non-restraint)  =    -12628.5849
 EKCMT  =         0.0000  VIRIAL  =         0.0000  VOLUME     =     32087.7008
                                                    Density    =         1.0109
 Ewald error estimate:   0.2556E-03
 ------------------------------------------------------------------------------

wrapping first mol.:       23.07891      -16.31925       28.26577

 NSTEP =    22000   TIME(PS) =      64.000  TEMP(K) =   308.26  PRESS =     0.0
 Etot   =    -10649.2436  EKtot   =      1990.8267  EPtot      =    -12640.0703
 BOND   =         6.9890  ANGLE   =        16.9846  DIHED      =        12.5789
 1-4 NB =        10.4178  1-4 EEL =      -245.8062  VDWAALS    =      2626.4043
 EELEC  =    -15075.5262  EHBOND  =         0.0000  RESTRAINT  =         7.8875
 EAMBER (non-restraint)  =    -12647.9578
 EKCMT  =         0.0000  VIRIAL  =         0.0000  VOLUME     =     31937.2588
                                                    Density    =         1.0156
 Ewald error estimate:   0.1020E-03
 ------------------------------------------------------------------------------

wrapping first mol.:       23.11322      -16.34352       28.30780

 NSTEP =    22500   TIME(PS) =      65.000  TEMP(K) =   294.24  PRESS =     0.0
 Etot   =    -10794.6002  EKtot   =      1900.2951  EPtot      =    -12694.8954
 BOND   =         5.2620  ANGLE   =        18.0158  DIHED      =        10.5613
 1-4 NB =        11.1280  1-4 EEL =      -246.1095  VDWAALS    =      2550.7526
 EELEC  =    -15053.7111  EHBOND  =         0.0000  RESTRAINT  =         9.2056
 EAMBER (non-restraint)  =    -12704.1009
 EKCMT  =         0.0000  VIRIAL  =         0.0000  VOLUME     =     32079.9350
                                                    Density    =         1.0111
 Ewald error estimate:   0.4966E-03
 ------------------------------------------------------------------------------

wrapping first mol.:       23.06734      -16.31107       28.25161

 NSTEP =    23000   TIME(PS) =      66.000  TEMP(K) =   294.30  PRESS =     0.0
 Etot   =    -10886.4910  EKtot   =      1900.6851  EPtot      =    -12787.1760
 BOND   =         9.0458  ANGLE   =        14.1776  DIHED      =        11.3930
 1-4 NB =        11.6848  1-4 EEL =      -245.9068  VDWAALS    =      2498.2400
 EELEC  =    -15095.7593  EHBOND  =         0.0000  RESTRAINT  =         9.9488
 EAMBER (non-restraint)  =    -12797.1249
 EKCMT  =         0.0000  VIRIAL  =         0.0000  VOLUME     =     31889.2526
                                                    Density    =         1.0172
 Ewald error estimate:   0.5067E-06
 ------------------------------------------------------------------------------

wrapping first mol.:       23.09140      -16.32808       28.28107

 NSTEP =    23500   TIME(PS) =      67.000  TEMP(K) =   290.16  PRESS =     0.0
 Etot   =    -10815.6588  EKtot   =      1873.9658  EPtot      =    -12689.6247
 BOND   =         7.8061  ANGLE   =        18.0218  DIHED      =        12.9702
 1-4 NB =        10.7990  1-4 EEL =      -248.1345  VDWAALS    =      2447.7421
 EELEC  =    -14946.9192  EHBOND  =         0.0000  RESTRAINT  =         8.0898
 EAMBER (non-restraint)  =    -12697.7144
 EKCMT  =         0.0000  VIRIAL  =         0.0000  VOLUME     =     31989.1421
                                                    Density    =         1.0140
 Ewald error estimate:   0.1674E-03
 ------------------------------------------------------------------------------

wrapping first mol.:       23.10115      -16.33498       28.29302

 NSTEP =    24000   TIME(PS) =      68.000  TEMP(K) =   301.23  PRESS =     0.0
 Etot   =    -10765.9149  EKtot   =      1945.4388  EPtot      =    -12711.3536
 BOND   =         8.6782  ANGLE   =        12.7570  DIHED      =        10.9413
 1-4 NB =        11.8276  1-4 EEL =      -247.0236  VDWAALS    =      2512.8202
 EELEC  =    -15028.3159  EHBOND  =         0.0000  RESTRAINT  =         6.9615
 EAMBER (non-restraint)  =    -12718.3151
 EKCMT  =         0.0000  VIRIAL  =         0.0000  VOLUME     =     32029.6955
                                                    Density    =         1.0127
 Ewald error estimate:   0.1057E-03
 ------------------------------------------------------------------------------

wrapping first mol.:       23.17943      -16.39033       28.38889

 NSTEP =    24500   TIME(PS) =      69.000  TEMP(K) =   301.32  PRESS =     0.0
 Etot   =    -10695.4018  EKtot   =      1946.0067  EPtot      =    -12641.4085
 BOND   =        11.2079  ANGLE   =         9.6551  DIHED      =         9.5110
 1-4 NB =        10.0611  1-4 EEL =      -245.9942  VDWAALS    =      2447.6930
 EELEC  =    -14892.5790  EHBOND  =         0.0000  RESTRAINT  =         9.0366
 EAMBER (non-restraint)  =    -12650.4451
 EKCMT  =         0.0000  VIRIAL  =         0.0000  VOLUME     =     32356.3875
                                                    Density    =         1.0025
 Ewald error estimate:   0.8066E-04
 ------------------------------------------------------------------------------

wrapping first mol.:       23.20049      -16.40522       28.41468

 NSTEP =    25000   TIME(PS) =      70.000  TEMP(K) =   297.95  PRESS =     0.0
 Etot   =    -10790.7698  EKtot   =      1924.2550  EPtot      =    -12715.0248
 BOND   =         8.3641  ANGLE   =        12.6550  DIHED      =        15.2057
 1-4 NB =        11.9374  1-4 EEL =      -247.3111  VDWAALS    =      2438.8035
 EELEC  =    -14965.6674  EHBOND  =         0.0000  RESTRAINT  =        10.9881
 EAMBER (non-restraint)  =    -12726.0129
 EKCMT  =         0.0000  VIRIAL  =         0.0000  VOLUME     =     32444.6514
                                                    Density    =         0.9998
 Ewald error estimate:   0.8260E-04
 ------------------------------------------------------------------------------

wrapping first mol.:       23.13408      -16.35826       28.33335

 NSTEP =    25500   TIME(PS) =      71.000  TEMP(K) =   302.67  PRESS =     0.0
 Etot   =    -10802.9490  EKtot   =      1954.7741  EPtot      =    -12757.7231
 BOND   =        13.5330  ANGLE   =        11.7139  DIHED      =         8.8508
 1-4 NB =         9.9638  1-4 EEL =      -246.4081  VDWAALS    =      2561.2429
 EELEC  =    -15125.9591  EHBOND  =         0.0000  RESTRAINT  =         9.3397
 EAMBER (non-restraint)  =    -12767.0628
 EKCMT  =         0.0000  VIRIAL  =         0.0000  VOLUME     =     32166.8647
                                                    Density    =         1.0084
 Ewald error estimate:   0.1899E-04
 ------------------------------------------------------------------------------

wrapping first mol.:       23.13263      -16.35724       28.33158

 NSTEP =    26000   TIME(PS) =      72.000  TEMP(K) =   297.70  PRESS =     0.0
 Etot   =    -10816.2792  EKtot   =      1922.6781  EPtot      =    -12738.9573
 BOND   =         8.3862  ANGLE   =        11.7281  DIHED      =        11.2010
 1-4 NB =         9.3459  1-4 EEL =      -244.3070  VDWAALS    =      2488.4459
 EELEC  =    -15030.4873  EHBOND  =         0.0000  RESTRAINT  =         6.7298
 EAMBER (non-restraint)  =    -12745.6872
 EKCMT  =         0.0000  VIRIAL  =         0.0000  VOLUME     =     32160.8211
                                                    Density    =         1.0086
 Ewald error estimate:   0.6645E-03
 ------------------------------------------------------------------------------

wrapping first mol.:       23.14252      -16.36423       28.34368

 NSTEP =    26500   TIME(PS) =      73.000  TEMP(K) =   294.86  PRESS =     0.0
 Etot   =    -10808.1836  EKtot   =      1904.3125  EPtot      =    -12712.4961
 BOND   =         9.3995  ANGLE   =        14.6487  DIHED      =        11.2490
 1-4 NB =         8.5370  1-4 EEL =      -244.3288  VDWAALS    =      2461.0901
 EELEC  =    -14982.3641  EHBOND  =         0.0000  RESTRAINT  =         9.2725
 EAMBER (non-restraint)  =    -12721.7685
 EKCMT  =         0.0000  VIRIAL  =         0.0000  VOLUME     =     32202.0726
                                                    Density    =         1.0073
 Ewald error estimate:   0.1047E-04
 ------------------------------------------------------------------------------

wrapping first mol.:       23.09723      -16.33221       28.28821

 NSTEP =    27000   TIME(PS) =      74.000  TEMP(K) =   300.12  PRESS =     0.0
 Etot   =    -10722.4409  EKtot   =      1938.3170  EPtot      =    -12660.7579
 BOND   =         7.6139  ANGLE   =        14.9739  DIHED      =        13.2098
 1-4 NB =        11.1652  1-4 EEL =      -245.5107  VDWAALS    =      2487.0271
 EELEC  =    -14958.2719  EHBOND  =         0.0000  RESTRAINT  =         9.0348
 EAMBER (non-restraint)  =    -12669.7927
 EKCMT  =         0.0000  VIRIAL  =         0.0000  VOLUME     =     32013.3840
                                                    Density    =         1.0132
 Ewald error estimate:   0.7711E-04
 ------------------------------------------------------------------------------

wrapping first mol.:       23.14375      -16.36510       28.34519

 NSTEP =    27500   TIME(PS) =      75.000  TEMP(K) =   307.35  PRESS =     0.0
 Etot   =    -10606.1220  EKtot   =      1984.9571  EPtot      =    -12591.0790
 BOND   =         6.6124  ANGLE   =        18.1718  DIHED      =        11.7151
 1-4 NB =        12.2660  1-4 EEL =      -248.3211  VDWAALS    =      2420.4652
 EELEC  =    -14819.3243  EHBOND  =         0.0000  RESTRAINT  =         7.3358
 EAMBER (non-restraint)  =    -12598.4149
 EKCMT  =         0.0000  VIRIAL  =         0.0000  VOLUME     =     32207.1969
                                                    Density    =         1.0071
 Ewald error estimate:   0.7237E-04
 ------------------------------------------------------------------------------

wrapping first mol.:       23.15575      -16.37358       28.35988

 NSTEP =    28000   TIME(PS) =      76.000  TEMP(K) =   315.51  PRESS =     0.0
 Etot   =    -10639.3584  EKtot   =      2037.6906  EPtot      =    -12677.0490
 BOND   =         7.7820  ANGLE   =        12.9327  DIHED      =        10.6047
 1-4 NB =        10.6116  1-4 EEL =      -246.9410  VDWAALS    =      2389.1717
 EELEC  =    -14870.1331  EHBOND  =         0.0000  RESTRAINT  =         8.9223
 EAMBER (non-restraint)  =    -12685.9714
 EKCMT  =         0.0000  VIRIAL  =         0.0000  VOLUME     =     32257.3136
                                                    Density    =         1.0056
 Ewald error estimate:   0.8186E-04
 ------------------------------------------------------------------------------

wrapping first mol.:       23.08015      -16.32013       28.26729

 NSTEP =    28500   TIME(PS) =      77.000  TEMP(K) =   303.87  PRESS =     0.0
 Etot   =    -10704.5725  EKtot   =      1962.5355  EPtot      =    -12667.1081
 BOND   =         5.4921  ANGLE   =        15.8334  DIHED      =        10.9805
 1-4 NB =         9.7194  1-4 EEL =      -246.6561  VDWAALS    =      2527.3182
 EELEC  =    -14998.8695  EHBOND  =         0.0000  RESTRAINT  =         9.0741
 EAMBER (non-restraint)  =    -12676.1821
 EKCMT  =         0.0000  VIRIAL  =         0.0000  VOLUME     =     31942.3963
                                                    Density    =         1.0155
 Ewald error estimate:   0.1049E-03
 ------------------------------------------------------------------------------

wrapping first mol.:       23.18026      -16.39091       28.38990

 NSTEP =    29000   TIME(PS) =      78.000  TEMP(K) =   296.86  PRESS =     0.0
 Etot   =    -10708.4843  EKtot   =      1917.2274  EPtot      =    -12625.7117
 BOND   =         4.1043  ANGLE   =        14.2251  DIHED      =         9.8159
 1-4 NB =        11.2553  1-4 EEL =      -245.5653  VDWAALS    =      2402.0678
 EELEC  =    -14827.1861  EHBOND  =         0.0000  RESTRAINT  =         5.5713
 EAMBER (non-restraint)  =    -12631.2831
 EKCMT  =         0.0000  VIRIAL  =         0.0000  VOLUME     =     32359.8507
                                                    Density    =         1.0024
 Ewald error estimate:   0.2274E-03
 ------------------------------------------------------------------------------

wrapping first mol.:       23.18026      -16.39091       28.38990

 NSTEP =    29500   TIME(PS) =      79.000  TEMP(K) =   293.05  PRESS =     0.0
 Etot   =    -10757.6361  EKtot   =      1892.6560  EPtot      =    -12650.2921
 BOND   =         7.2111  ANGLE   =        19.2204  DIHED      =         9.7800
 1-4 NB =         9.6649  1-4 EEL =      -245.1465  VDWAALS    =      2489.2177
 EELEC  =    -14949.6435  EHBOND  =         0.0000  RESTRAINT  =         9.4038
 EAMBER (non-restraint)  =    -12659.6959
 EKCMT  =         0.0000  VIRIAL  =         0.0000  VOLUME     =     32359.8507
                                                    Density    =         1.0024
 Ewald error estimate:   0.2477E-03
 ------------------------------------------------------------------------------

wrapping first mol.:       23.17506      -16.38724       28.38354

 NSTEP =    30000   TIME(PS) =      80.000  TEMP(K) =   295.76  PRESS =     0.0
 Etot   =    -10700.2856  EKtot   =      1910.1083  EPtot      =    -12610.3939
 BOND   =         5.8869  ANGLE   =        11.8164  DIHED      =        11.0064
 1-4 NB =        12.6546  1-4 EEL =      -249.2422  VDWAALS    =      2527.2334
 EELEC  =    -14940.7074  EHBOND  =         0.0000  RESTRAINT  =        10.9581
 EAMBER (non-restraint)  =    -12621.3520
 EKCMT  =         0.0000  VIRIAL  =         0.0000  VOLUME     =     32338.1083
                                                    Density    =         1.0030
 Ewald error estimate:   0.3374E-03
 ------------------------------------------------------------------------------

wrapping first mol.:       23.17297      -16.38576       28.38098

 NSTEP =    30500   TIME(PS) =      81.000  TEMP(K) =   299.40  PRESS =     0.0
 Etot   =    -10704.7242  EKtot   =      1933.6146  EPtot      =    -12638.3388
 BOND   =         6.7541  ANGLE   =         8.1796  DIHED      =        10.0533
 1-4 NB =        10.2573  1-4 EEL =      -246.9812  VDWAALS    =      2519.6530
 EELEC  =    -14954.1781  EHBOND  =         0.0000  RESTRAINT  =         7.9232
 EAMBER (non-restraint)  =    -12646.2620
 EKCMT  =         0.0000  VIRIAL  =         0.0000  VOLUME     =     32329.3523
                                                    Density    =         1.0033
 Ewald error estimate:   0.1777E-03
 ------------------------------------------------------------------------------

wrapping first mol.:       23.14282      -16.36445       28.34406

 NSTEP =    31000   TIME(PS) =      82.000  TEMP(K) =   289.02  PRESS =     0.0
 Etot   =    -10694.3032  EKtot   =      1866.5693  EPtot      =    -12560.8725
 BOND   =         9.3535  ANGLE   =         8.2559  DIHED      =        11.9246
 1-4 NB =        10.8579  1-4 EEL =      -245.2746  VDWAALS    =      2558.0236
 EELEC  =    -14922.3518  EHBOND  =         0.0000  RESTRAINT  =         8.3384
 EAMBER (non-restraint)  =    -12569.2110
 EKCMT  =         0.0000  VIRIAL  =         0.0000  VOLUME     =     32203.3404
                                                    Density    =         1.0072
 Ewald error estimate:   0.8398E-04
 ------------------------------------------------------------------------------

wrapping first mol.:       23.14356      -16.36497       28.34496

 NSTEP =    31500   TIME(PS) =      83.000  TEMP(K) =   297.55  PRESS =     0.0
 Etot   =    -10665.1945  EKtot   =      1921.6765  EPtot      =    -12586.8710
 BOND   =         7.6615  ANGLE   =        13.4582  DIHED      =        11.0806
 1-4 NB =        11.1176  1-4 EEL =      -246.7581  VDWAALS    =      2386.6266
 EELEC  =    -14779.1473  EHBOND  =         0.0000  RESTRAINT  =         9.0899
 EAMBER (non-restraint)  =    -12595.9609
 EKCMT  =         0.0000  VIRIAL  =         0.0000  VOLUME     =     32206.4317
                                                    Density    =         1.0071
 Ewald error estimate:   0.2609E-03
 ------------------------------------------------------------------------------

wrapping first mol.:       23.17208      -16.38514       28.37989

 NSTEP =    32000   TIME(PS) =      84.000  TEMP(K) =   303.70  PRESS =     0.0
 Etot   =    -10663.2780  EKtot   =      1961.3906  EPtot      =    -12624.6686
 BOND   =         8.2131  ANGLE   =         8.2504  DIHED      =         9.8320
 1-4 NB =        11.5965  1-4 EEL =      -248.2005  VDWAALS    =      2432.7789
 EELEC  =    -14855.1898  EHBOND  =         0.0000  RESTRAINT  =         8.0507
 EAMBER (non-restraint)  =    -12632.7193
 EKCMT  =         0.0000  VIRIAL  =         0.0000  VOLUME     =     32325.6434
                                                    Density    =         1.0034
 Ewald error estimate:   0.1446E-03
 ------------------------------------------------------------------------------

wrapping first mol.:       23.09535      -16.33088       28.28592

 NSTEP =    32500   TIME(PS) =      85.000  TEMP(K) =   295.50  PRESS =     0.0
 Etot   =    -10665.2827  EKtot   =      1908.4531  EPtot      =    -12573.7358
 BOND   =        10.3071  ANGLE   =        12.6229  DIHED      =        11.0483
 1-4 NB =         9.6345  1-4 EEL =      -248.0943  VDWAALS    =      2493.2584
 EELEC  =    -14870.8481  EHBOND  =         0.0000  RESTRAINT  =         8.3355
 EAMBER (non-restraint)  =    -12582.0713
 EKCMT  =         0.0000  VIRIAL  =         0.0000  VOLUME     =     32005.5820
                                                    Density    =         1.0135
 Ewald error estimate:   0.1402E-03
 ------------------------------------------------------------------------------

wrapping first mol.:       23.13722      -16.36048       28.33719

 NSTEP =    33000   TIME(PS) =      86.000  TEMP(K) =   299.58  PRESS =     0.0
 Etot   =    -10678.0979  EKtot   =      1934.7756  EPtot      =    -12612.8735
 BOND   =         7.5868  ANGLE   =        10.3297  DIHED      =        14.7616
 1-4 NB =        10.5578  1-4 EEL =      -244.9399  VDWAALS    =      2467.4278
 EELEC  =    -14886.6950  EHBOND  =         0.0000  RESTRAINT  =         8.0976
 EAMBER (non-restraint)  =    -12620.9712
 EKCMT  =         0.0000  VIRIAL  =         0.0000  VOLUME     =     32179.9425
                                                    Density    =         1.0080
 Ewald error estimate:   0.2734E-03
 ------------------------------------------------------------------------------

wrapping first mol.:       23.13419      -16.35834       28.33348

 NSTEP =    33500   TIME(PS) =      87.000  TEMP(K) =   301.11  PRESS =     0.0
 Etot   =    -10696.2620  EKtot   =      1944.6666  EPtot      =    -12640.9285
 BOND   =         4.6729  ANGLE   =        11.8833  DIHED      =         8.0866
 1-4 NB =        10.7621  1-4 EEL =      -247.1485  VDWAALS    =      2470.2785
 EELEC  =    -14906.1460  EHBOND  =         0.0000  RESTRAINT  =         6.6825
 EAMBER (non-restraint)  =    -12647.6110
 EKCMT  =         0.0000  VIRIAL  =         0.0000  VOLUME     =     32167.2937
                                                    Density    =         1.0084
 Ewald error estimate:   0.2195E-03
 ------------------------------------------------------------------------------

wrapping first mol.:       23.08162      -16.32117       28.26910

 NSTEP =    34000   TIME(PS) =      88.000  TEMP(K) =   300.32  PRESS =     0.0
 Etot   =    -10701.2570  EKtot   =      1939.5923  EPtot      =    -12640.8493
 BOND   =         8.7266  ANGLE   =         9.4157  DIHED      =        11.4644
 1-4 NB =         9.3907  1-4 EEL =      -246.0213  VDWAALS    =      2483.0094
 EELEC  =    -14925.4676  EHBOND  =         0.0000  RESTRAINT  =         8.6327
 EAMBER (non-restraint)  =    -12649.4821
 EKCMT  =         0.0000  VIRIAL  =         0.0000  VOLUME     =     31948.5256
                                                    Density    =         1.0153
 Ewald error estimate:   0.4329E-03
 ------------------------------------------------------------------------------

wrapping first mol.:       23.08536      -16.32381       28.27368

 NSTEP =    34500   TIME(PS) =      89.000  TEMP(K) =   298.99  PRESS =     0.0
 Etot   =    -10780.9187  EKtot   =      1930.9831  EPtot      =    -12711.9018
 BOND   =         6.5163  ANGLE   =        16.8308  DIHED      =         9.4245
 1-4 NB =         9.6161  1-4 EEL =      -246.7509  VDWAALS    =      2555.6619
 EELEC  =    -15071.8775  EHBOND  =         0.0000  RESTRAINT  =         8.6770
 EAMBER (non-restraint)  =    -12720.5788
 EKCMT  =         0.0000  VIRIAL  =         0.0000  VOLUME     =     31964.0605
                                                    Density    =         1.0148
 Ewald error estimate:   0.4703E-03
 ------------------------------------------------------------------------------

wrapping first mol.:       23.11327      -16.34355       28.30786

 NSTEP =    35000   TIME(PS) =      90.000  TEMP(K) =   293.52  PRESS =     0.0
 Etot   =    -10853.5960  EKtot   =      1895.6371  EPtot      =    -12749.2331
 BOND   =         5.4094  ANGLE   =        13.8431  DIHED      =        13.4617
 1-4 NB =        11.5299  1-4 EEL =      -245.1502  VDWAALS    =      2436.9097
 EELEC  =    -14995.0217  EHBOND  =         0.0000  RESTRAINT  =         9.7850
 EAMBER (non-restraint)  =    -12759.0181
 EKCMT  =         0.0000  VIRIAL  =         0.0000  VOLUME     =     32080.1139
                                                    Density    =         1.0111
 Ewald error estimate:   0.1948E-03
 ------------------------------------------------------------------------------

wrapping first mol.:       23.07331      -16.31529       28.25892

 NSTEP =    35500   TIME(PS) =      91.000  TEMP(K) =   291.57  PRESS =     0.0
 Etot   =    -10873.5251  EKtot   =      1883.0756  EPtot      =    -12756.6006
 BOND   =         7.7089  ANGLE   =        13.8553  DIHED      =        12.8679
 1-4 NB =        12.4199  1-4 EEL =      -249.6314  VDWAALS    =      2525.8340
 EELEC  =    -15087.6412  EHBOND  =         0.0000  RESTRAINT  =         7.9859
 EAMBER (non-restraint)  =    -12764.5866
 EKCMT  =         0.0000  VIRIAL  =         0.0000  VOLUME     =     31914.0162
                                                    Density    =         1.0164
 Ewald error estimate:   0.1085E-03
 ------------------------------------------------------------------------------

wrapping first mol.:       23.06878      -16.31209       28.25338

 NSTEP =    36000   TIME(PS) =      92.000  TEMP(K) =   306.79  PRESS =     0.0
 Etot   =    -10758.2021  EKtot   =      1981.3495  EPtot      =    -12739.5516
 BOND   =         5.6184  ANGLE   =        16.4502  DIHED      =        12.3716
 1-4 NB =        10.3768  1-4 EEL =      -248.1145  VDWAALS    =      2547.3376
 EELEC  =    -15097.2398  EHBOND  =         0.0000  RESTRAINT  =        13.6480
 EAMBER (non-restraint)  =    -12753.1996
 EKCMT  =         0.0000  VIRIAL  =         0.0000  VOLUME     =     31895.2504
                                                    Density    =         1.0170
 Ewald error estimate:   0.3822E-03
 ------------------------------------------------------------------------------

wrapping first mol.:       23.08702      -16.32498       28.27571

 NSTEP =    36500   TIME(PS) =      93.000  TEMP(K) =   294.04  PRESS =     0.0
 Etot   =    -10765.9709  EKtot   =      1899.0464  EPtot      =    -12665.0174
 BOND   =         4.9947  ANGLE   =         9.8327  DIHED      =        10.0891
 1-4 NB =        10.4094  1-4 EEL =      -246.7609  VDWAALS    =      2534.2466
 EELEC  =    -14996.8966  EHBOND  =         0.0000  RESTRAINT  =         9.0675
 EAMBER (non-restraint)  =    -12674.0849
 EKCMT  =         0.0000  VIRIAL  =         0.0000  VOLUME     =     31970.9399
                                                    Density    =         1.0146
 Ewald error estimate:   0.6568E-03
 ------------------------------------------------------------------------------

wrapping first mol.:       23.05700      -16.30376       28.23894

 NSTEP =    37000   TIME(PS) =      94.000  TEMP(K) =   293.29  PRESS =     0.0
 Etot   =    -10786.5874  EKtot   =      1894.1960  EPtot      =    -12680.7834
 BOND   =         7.6587  ANGLE   =        11.1752  DIHED      =        14.2042
 1-4 NB =        11.2094  1-4 EEL =      -246.1419  VDWAALS    =      2592.1342
 EELEC  =    -15079.4521  EHBOND  =         0.0000  RESTRAINT  =         8.4290
 EAMBER (non-restraint)  =    -12689.2124
 EKCMT  =         0.0000  VIRIAL  =         0.0000  VOLUME     =     31846.3957
                                                    Density    =         1.0185
 Ewald error estimate:   0.3368E-03
 ------------------------------------------------------------------------------

wrapping first mol.:       23.11915      -16.34771       28.31506

 NSTEP =    37500   TIME(PS) =      95.000  TEMP(K) =   298.33  PRESS =     0.0
 Etot   =    -10702.9038  EKtot   =      1926.6967  EPtot      =    -12629.6005
 BOND   =         8.5438  ANGLE   =        13.8620  DIHED      =         9.8732
 1-4 NB =        10.1855  1-4 EEL =      -247.9585  VDWAALS    =      2358.8472
 EELEC  =    -14788.9562  EHBOND  =         0.0000  RESTRAINT  =         6.0025
 EAMBER (non-restraint)  =    -12635.6031
 EKCMT  =         0.0000  VIRIAL  =         0.0000  VOLUME     =     32104.6216
                                                    Density    =         1.0103
 Ewald error estimate:   0.9461E-04
 ------------------------------------------------------------------------------

wrapping first mol.:       23.07966      -16.31978       28.26669

 NSTEP =    38000   TIME(PS) =      96.000  TEMP(K) =   300.53  PRESS =     0.0
 Etot   =    -10650.7469  EKtot   =      1940.9450  EPtot      =    -12591.6920
 BOND   =         7.2354  ANGLE   =        11.8386  DIHED      =        11.4008
 1-4 NB =        10.6728  1-4 EEL =      -248.1606  VDWAALS    =      2456.7533
 EELEC  =    -14849.0667  EHBOND  =         0.0000  RESTRAINT  =         7.6346
 EAMBER (non-restraint)  =    -12599.3265
 EKCMT  =         0.0000  VIRIAL  =         0.0000  VOLUME     =     31940.3774
                                                    Density    =         1.0155
 Ewald error estimate:   0.4057E-03
 ------------------------------------------------------------------------------

wrapping first mol.:       23.07786      -16.31851       28.26450

 NSTEP =    38500   TIME(PS) =      97.000  TEMP(K) =   312.82  PRESS =     0.0
 Etot   =    -10540.8964  EKtot   =      2020.2976  EPtot      =    -12561.1941
 BOND   =         3.0812  ANGLE   =        15.4327  DIHED      =        10.6491
 1-4 NB =        10.6064  1-4 EEL =      -243.8641  VDWAALS    =      2405.7948
 EELEC  =    -14769.0931  EHBOND  =         0.0000  RESTRAINT  =         6.1989
 EAMBER (non-restraint)  =    -12567.3930
 EKCMT  =         0.0000  VIRIAL  =         0.0000  VOLUME     =     31932.9227
                                                    Density    =         1.0158
 Ewald error estimate:   0.1521E-03
 ------------------------------------------------------------------------------

wrapping first mol.:       23.10452      -16.33736       28.29715

 NSTEP =    39000   TIME(PS) =      98.000  TEMP(K) =   295.71  PRESS =     0.0
 Etot   =    -10687.6539  EKtot   =      1909.8027  EPtot      =    -12597.4566
 BOND   =         5.9173  ANGLE   =        15.4612  DIHED      =        10.3472
 1-4 NB =        10.3378  1-4 EEL =      -247.6651  VDWAALS    =      2327.2569
 EELEC  =    -14727.1468  EHBOND  =         0.0000  RESTRAINT  =         8.0349
 EAMBER (non-restraint)  =    -12605.4915
 EKCMT  =         0.0000  VIRIAL  =         0.0000  VOLUME     =     32043.7202
                                                    Density    =         1.0123
 Ewald error estimate:   0.4753E-03
 ------------------------------------------------------------------------------

wrapping first mol.:       23.14860      -16.36853       28.35113

 NSTEP =    39500   TIME(PS) =      99.000  TEMP(K) =   297.96  PRESS =     0.0
 Etot   =    -10667.7153  EKtot   =      1924.3164  EPtot      =    -12592.0317
 BOND   =         7.7247  ANGLE   =        12.8838  DIHED      =         9.9318
 1-4 NB =        10.2686  1-4 EEL =      -243.8444  VDWAALS    =      2415.3536
 EELEC  =    -14809.8250  EHBOND  =         0.0000  RESTRAINT  =         5.4751
 EAMBER (non-restraint)  =    -12597.5069
 EKCMT  =         0.0000  VIRIAL  =         0.0000  VOLUME     =     32227.4746
                                                    Density    =         1.0065
 Ewald error estimate:   0.4041E-03
 ------------------------------------------------------------------------------

wrapping first mol.:       23.09943      -16.33376       28.29091

 NSTEP =    40000   TIME(PS) =     100.000  TEMP(K) =   295.01  PRESS =     0.0
 Etot   =    -10708.0264  EKtot   =      1905.3084  EPtot      =    -12613.3347
 BOND   =         8.1535  ANGLE   =        14.7912  DIHED      =        10.2666
 1-4 NB =        10.6010  1-4 EEL =      -247.0438  VDWAALS    =      2485.2877
 EELEC  =    -14904.0671  EHBOND  =         0.0000  RESTRAINT  =         8.6762
 EAMBER (non-restraint)  =    -12622.0109
 EKCMT  =         0.0000  VIRIAL  =         0.0000  VOLUME     =     32022.5503
                                                    Density    =         1.0129
 Ewald error estimate:   0.2867E-04
 ------------------------------------------------------------------------------

wrapping first mol.:       23.12160      -16.34944       28.31806

 NSTEP =    40500   TIME(PS) =     101.000  TEMP(K) =   301.12  PRESS =     0.0
 Etot   =    -10655.8074  EKtot   =      1944.7746  EPtot      =    -12600.5819
 BOND   =         9.8369  ANGLE   =        13.3736  DIHED      =        11.7248
 1-4 NB =        10.9910  1-4 EEL =      -249.0226  VDWAALS    =      2515.6454
 EELEC  =    -14921.6750  EHBOND  =         0.0000  RESTRAINT  =         8.5439
 EAMBER (non-restraint)  =    -12609.1259
 EKCMT  =         0.0000  VIRIAL  =         0.0000  VOLUME     =     32114.8265
                                                    Density    =         1.0100
 Ewald error estimate:   0.7664E-04
 ------------------------------------------------------------------------------

wrapping first mol.:       23.16735      -16.38179       28.37410

 NSTEP =    41000   TIME(PS) =     102.000  TEMP(K) =   304.14  PRESS =     0.0
 Etot   =    -10621.0078  EKtot   =      1964.2473  EPtot      =    -12585.2551
 BOND   =         7.1862  ANGLE   =        15.8501  DIHED      =         8.9025
 1-4 NB =        10.5831  1-4 EEL =      -249.0039  VDWAALS    =      2445.2276
 EELEC  =    -14833.7625  EHBOND  =         0.0000  RESTRAINT  =         9.7618
 EAMBER (non-restraint)  =    -12595.0170
 EKCMT  =         0.0000  VIRIAL  =         0.0000  VOLUME     =     32305.8525
                                                    Density    =         1.0040
 Ewald error estimate:   0.2000E-03
 ------------------------------------------------------------------------------

wrapping first mol.:       23.10293      -16.33624       28.29520

 NSTEP =    41500   TIME(PS) =     103.000  TEMP(K) =   305.30  PRESS =     0.0
 Etot   =    -10696.3535  EKtot   =      1971.7576  EPtot      =    -12668.1111
 BOND   =         7.9880  ANGLE   =        10.6668  DIHED      =        11.5767
 1-4 NB =        10.2682  1-4 EEL =      -245.2207  VDWAALS    =      2402.9078
 EELEC  =    -14875.7676  EHBOND  =         0.0000  RESTRAINT  =         9.4697
 EAMBER (non-restraint)  =    -12677.5808
 EKCMT  =         0.0000  VIRIAL  =         0.0000  VOLUME     =     32037.0955
                                                    Density    =         1.0125
 Ewald error estimate:   0.1034E-03
 ------------------------------------------------------------------------------

wrapping first mol.:       23.10293      -16.33624       28.29520

 NSTEP =    42000   TIME(PS) =     104.000  TEMP(K) =   300.49  PRESS =     0.0
 Etot   =    -10655.7834  EKtot   =      1940.6738  EPtot      =    -12596.4572
 BOND   =         5.4897  ANGLE   =        17.7335  DIHED      =         9.3493
 1-4 NB =        10.7277  1-4 EEL =      -245.5537  VDWAALS    =      2421.5473
 EELEC  =    -14824.5434  EHBOND  =         0.0000  RESTRAINT  =         8.7924
 EAMBER (non-restraint)  =    -12605.2496
 EKCMT  =         0.0000  VIRIAL  =         0.0000  VOLUME     =     32037.0955
                                                    Density    =         1.0125
 Ewald error estimate:   0.3232E-03
 ------------------------------------------------------------------------------

wrapping first mol.:       23.16557      -16.38053       28.37192

 NSTEP =    42500   TIME(PS) =     105.000  TEMP(K) =   294.78  PRESS =     0.0
 Etot   =    -10619.4819  EKtot   =      1903.7906  EPtot      =    -12523.2725
 BOND   =         6.9227  ANGLE   =        11.7793  DIHED      =         9.6384
 1-4 NB =        10.9495  1-4 EEL =      -246.9123  VDWAALS    =      2364.4540
 EELEC  =    -14685.0619  EHBOND  =         0.0000  RESTRAINT  =         4.9579
 EAMBER (non-restraint)  =    -12528.2304
 EKCMT  =         0.0000  VIRIAL  =         0.0000  VOLUME     =     32298.4060
                                                    Density    =         1.0043
 Ewald error estimate:   0.7429E-04
 ------------------------------------------------------------------------------

wrapping first mol.:       23.14147      -16.36349       28.34239

 NSTEP =    43000   TIME(PS) =     106.000  TEMP(K) =   307.20  PRESS =     0.0
 Etot   =    -10596.7980  EKtot   =      1984.0375  EPtot      =    -12580.8354
 BOND   =         7.8705  ANGLE   =        10.3663  DIHED      =         9.9071
 1-4 NB =        11.5934  1-4 EEL =      -246.6077  VDWAALS    =      2450.3850
 EELEC  =    -14835.4102  EHBOND  =         0.0000  RESTRAINT  =        11.0601
 EAMBER (non-restraint)  =    -12591.8956
 EKCMT  =         0.0000  VIRIAL  =         0.0000  VOLUME     =     32197.6752
                                                    Density    =         1.0074
 Ewald error estimate:   0.1519E-03
 ------------------------------------------------------------------------------

wrapping first mol.:       23.15731      -16.37469       28.36180

 NSTEP =    43500   TIME(PS) =     107.000  TEMP(K) =   302.34  PRESS =     0.0
 Etot   =    -10629.8620  EKtot   =      1952.6518  EPtot      =    -12582.5138
 BOND   =         4.9527  ANGLE   =         8.5246  DIHED      =         9.9331
 1-4 NB =        12.3062  1-4 EEL =      -247.4541  VDWAALS    =      2363.3520
 EELEC  =    -14745.1641  EHBOND  =         0.0000  RESTRAINT  =        11.0358
 EAMBER (non-restraint)  =    -12593.5496
 EKCMT  =         0.0000  VIRIAL  =         0.0000  VOLUME     =     32263.8492
                                                    Density    =         1.0054
 Ewald error estimate:   0.1885E-04
 ------------------------------------------------------------------------------

wrapping first mol.:       23.22614      -16.42336       28.44610

 NSTEP =    44000   TIME(PS) =     108.000  TEMP(K) =   302.22  PRESS =     0.0
 Etot   =    -10550.3987  EKtot   =      1951.8297  EPtot      =    -12502.2284
 BOND   =         9.1959  ANGLE   =        14.9792  DIHED      =        12.6796
 1-4 NB =        10.8368  1-4 EEL =      -247.7329  VDWAALS    =      2539.4337
 EELEC  =    -14850.4700  EHBOND  =         0.0000  RESTRAINT  =         8.8493
 EAMBER (non-restraint)  =    -12511.0778
 EKCMT  =         0.0000  VIRIAL  =         0.0000  VOLUME     =     32552.4087
                                                    Density    =         0.9964
 Ewald error estimate:   0.7435E-04
 ------------------------------------------------------------------------------

wrapping first mol.:       23.23129      -16.42700       28.45241

 NSTEP =    44500   TIME(PS) =     109.000  TEMP(K) =   302.74  PRESS =     0.0
 Etot   =    -10742.9958  EKtot   =      1955.1952  EPtot      =    -12698.1911
 BOND   =        10.1217  ANGLE   =        13.4418  DIHED      =         9.4681
 1-4 NB =        13.1369  1-4 EEL =      -246.9966  VDWAALS    =      2507.0520
 EELEC  =    -15013.9246  EHBOND  =         0.0000  RESTRAINT  =         9.5096
 EAMBER (non-restraint)  =    -12707.7007
 EKCMT  =         0.0000  VIRIAL  =         0.0000  VOLUME     =     32574.0704
                                                    Density    =         0.9958
 Ewald error estimate:   0.2987E-03
 ------------------------------------------------------------------------------

wrapping first mol.:       23.17587      -16.38781       28.38452

 NSTEP =    45000   TIME(PS) =     110.000  TEMP(K) =   298.31  PRESS =     0.0
 Etot   =    -10814.1545  EKtot   =      1926.5721  EPtot      =    -12740.7267
 BOND   =        10.3593  ANGLE   =        12.8640  DIHED      =         9.9399
 1-4 NB =         9.7869  1-4 EEL =      -246.9391  VDWAALS    =      2469.8516
 EELEC  =    -15014.2283  EHBOND  =         0.0000  RESTRAINT  =         7.6390
 EAMBER (non-restraint)  =    -12748.3657
 EKCMT  =         0.0000  VIRIAL  =         0.0000  VOLUME     =     32341.4758
                                                    Density    =         1.0029
 Ewald error estimate:   0.1831E-03
 ------------------------------------------------------------------------------

wrapping first mol.:       23.17298      -16.38577       28.38099

 NSTEP =    45500   TIME(PS) =     111.000  TEMP(K) =   295.31  PRESS =     0.0
 Etot   =    -10793.3443  EKtot   =      1907.2475  EPtot      =    -12700.5918
 BOND   =         7.6176  ANGLE   =         8.9819  DIHED      =        10.1889
 1-4 NB =        10.1226  1-4 EEL =      -245.7712  VDWAALS    =      2471.6425
 EELEC  =    -14973.2911  EHBOND  =         0.0000  RESTRAINT  =         9.9170
 EAMBER (non-restraint)  =    -12710.5088
 EKCMT  =         0.0000  VIRIAL  =         0.0000  VOLUME     =     32329.3904
                                                    Density    =         1.0033
 Ewald error estimate:   0.5058E-03
 ------------------------------------------------------------------------------

wrapping first mol.:       23.15924      -16.37605       28.36416

 NSTEP =    46000   TIME(PS) =     112.000  TEMP(K) =   296.71  PRESS =     0.0
 Etot   =    -10781.6696  EKtot   =      1916.2779  EPtot      =    -12697.9475
 BOND   =         9.9016  ANGLE   =        13.8682  DIHED      =         8.7417
 1-4 NB =        10.6495  1-4 EEL =      -243.6890  VDWAALS    =      2579.9470
 EELEC  =    -15087.9411  EHBOND  =         0.0000  RESTRAINT  =        10.5745
 EAMBER (non-restraint)  =    -12708.5220
 EKCMT  =         0.0000  VIRIAL  =         0.0000  VOLUME     =     32271.9038
                                                    Density    =         1.0051
 Ewald error estimate:   0.7483E-03
 ------------------------------------------------------------------------------

wrapping first mol.:       23.14288      -16.36449       28.34413

 NSTEP =    46500   TIME(PS) =     113.000  TEMP(K) =   301.95  PRESS =     0.0
 Etot   =    -10750.0789  EKtot   =      1950.0918  EPtot      =    -12700.1707
 BOND   =        12.7196  ANGLE   =        16.2033  DIHED      =        11.4440
 1-4 NB =         9.8542  1-4 EEL =      -244.4778  VDWAALS    =      2402.0863
 EELEC  =    -14914.6237  EHBOND  =         0.0000  RESTRAINT  =         6.6233
 EAMBER (non-restraint)  =    -12706.7940
 EKCMT  =         0.0000  VIRIAL  =         0.0000  VOLUME     =     32203.5851
                                                    Density    =         1.0072
 Ewald error estimate:   0.4601E-04
 ------------------------------------------------------------------------------

wrapping first mol.:       23.14288      -16.36449       28.34413

 NSTEP =    47000   TIME(PS) =     114.000  TEMP(K) =   291.79  PRESS =     0.0
 Etot   =    -10806.7885  EKtot   =      1884.4787  EPtot      =    -12691.2672
 BOND   =         4.3424  ANGLE   =        20.3917  DIHED      =        14.2614
 1-4 NB =        12.2838  1-4 EEL =      -246.0520  VDWAALS    =      2500.7345
 EELEC  =    -15009.3474  EHBOND  =         0.0000  RESTRAINT  =        12.1184
 EAMBER (non-restraint)  =    -12703.3857
 EKCMT  =         0.0000  VIRIAL  =         0.0000  VOLUME     =     32203.5851
                                                    Density    =         1.0072
 Ewald error estimate:   0.3783E-03
 ------------------------------------------------------------------------------

wrapping first mol.:       23.11630      -16.34569       28.31157

 NSTEP =    47500   TIME(PS) =     115.000  TEMP(K) =   290.00  PRESS =     0.0
 Etot   =    -10751.2619  EKtot   =      1872.9253  EPtot      =    -12624.1872
 BOND   =         6.2842  ANGLE   =        17.1943  DIHED      =        11.2298
 1-4 NB =        10.8608  1-4 EEL =      -247.7360  VDWAALS    =      2518.5731
 EELEC  =    -14950.0267  EHBOND  =         0.0000  RESTRAINT  =         9.4333
 EAMBER (non-restraint)  =    -12633.6205
 EKCMT  =         0.0000  VIRIAL  =         0.0000  VOLUME     =     32092.7260
                                                    Density    =         1.0107
 Ewald error estimate:   0.5469E-03
 ------------------------------------------------------------------------------

wrapping first mol.:       23.11875      -16.34742       28.31456

 NSTEP =    48000   TIME(PS) =     116.000  TEMP(K) =   302.29  PRESS =     0.0
 Etot   =    -10744.5257  EKtot   =      1952.3334  EPtot      =    -12696.8591
 BOND   =         7.1162  ANGLE   =        15.3310  DIHED      =        12.0727
 1-4 NB =        10.8972  1-4 EEL =      -246.5447  VDWAALS    =      2431.1453
 EELEC  =    -14937.0556  EHBOND  =         0.0000  RESTRAINT  =        10.1787
 EAMBER (non-restraint)  =    -12707.0378
 EKCMT  =         0.0000  VIRIAL  =         0.0000  VOLUME     =     32102.9268
                                                    Density    =         1.0104
 Ewald error estimate:   0.3023E-04
 ------------------------------------------------------------------------------

wrapping first mol.:       23.02147      -16.27863       28.19543

 NSTEP =    48500   TIME(PS) =     117.000  TEMP(K) =   305.73  PRESS =     0.0
 Etot   =    -10682.3915  EKtot   =      1974.5108  EPtot      =    -12656.9023
 BOND   =         7.8797  ANGLE   =         9.5716  DIHED      =        10.7021
 1-4 NB =        11.3743  1-4 EEL =      -249.4054  VDWAALS    =      2531.9239
 EELEC  =    -14989.1803  EHBOND  =         0.0000  RESTRAINT  =        10.2318
 EAMBER (non-restraint)  =    -12667.1341
 EKCMT  =         0.0000  VIRIAL  =         0.0000  VOLUME     =     31699.3913
                                                    Density    =         1.0233
 Ewald error estimate:   0.1238E-03
 ------------------------------------------------------------------------------

wrapping first mol.:       23.01954      -16.27727       28.19306

 NSTEP =    49000   TIME(PS) =     118.000  TEMP(K) =   298.82  PRESS =     0.0
 Etot   =    -10718.0041  EKtot   =      1929.8878  EPtot      =    -12647.8919
 BOND   =         9.6464  ANGLE   =        13.3390  DIHED      =        11.7476
 1-4 NB =         9.5069  1-4 EEL =      -247.7577  VDWAALS    =      2481.8317
 EELEC  =    -14936.0243  EHBOND  =         0.0000  RESTRAINT  =         9.8182
 EAMBER (non-restraint)  =    -12657.7102
 EKCMT  =         0.0000  VIRIAL  =         0.0000  VOLUME     =     31691.4287
                                                    Density    =         1.0235
 Ewald error estimate:   0.2928E-03
 ------------------------------------------------------------------------------

wrapping first mol.:       23.05979      -16.30573       28.24236

 NSTEP =    49500   TIME(PS) =     119.000  TEMP(K) =   304.72  PRESS =     0.0
 Etot   =    -10743.9327  EKtot   =      1968.0010  EPtot      =    -12711.9337
 BOND   =         6.6708  ANGLE   =        14.4152  DIHED      =         9.9258
 1-4 NB =         9.3215  1-4 EEL =      -247.2091  VDWAALS    =      2538.2506
 EELEC  =    -15050.5520  EHBOND  =         0.0000  RESTRAINT  =         7.2435
 EAMBER (non-restraint)  =    -12719.1772
 EKCMT  =         0.0000  VIRIAL  =         0.0000  VOLUME     =     31857.9448
                                                    Density    =         1.0182
 Ewald error estimate:   0.4279E-04
 ------------------------------------------------------------------------------

wrapping first mol.:       23.08178      -16.32128       28.26929
wrapping first mol.:       23.08178      -16.32128       28.26929

 NSTEP =    50000   TIME(PS) =     120.000  TEMP(K) =   302.60  PRESS =     0.0
 Etot   =    -10750.5513  EKtot   =      1954.2999  EPtot      =    -12704.8512
 BOND   =         8.5293  ANGLE   =         9.7563  DIHED      =        11.5784
 1-4 NB =         9.4876  1-4 EEL =      -246.7382  VDWAALS    =      2493.7586
 EELEC  =    -15001.5238  EHBOND  =         0.0000  RESTRAINT  =        10.3005
 EAMBER (non-restraint)  =    -12715.1517
 EKCMT  =         0.0000  VIRIAL  =         0.0000  VOLUME     =     31949.1842
                                                    Density    =         1.0153
 Ewald error estimate:   0.1109E-03
 ------------------------------------------------------------------------------


      A V E R A G E S   O V E R     100 S T E P S


 NSTEP =    50000   TIME(PS) =     120.000  TEMP(K) =   299.44  PRESS =     0.0
 Etot   =    -10702.4632  EKtot   =      1933.8929  EPtot      =    -12636.3561
 BOND   =         7.2352  ANGLE   =        13.0865  DIHED      =        11.1297
 1-4 NB =        10.7227  1-4 EEL =      -246.7396  VDWAALS    =      2470.6414
 EELEC  =    -14911.1512  EHBOND  =         0.0000  RESTRAINT  =         8.7194
 EAMBER (non-restraint)  =    -12645.0755
 EKCMT  =         0.0000  VIRIAL  =         0.0000  VOLUME     =     32348.5693
                                                    Density    =         1.0032
 Ewald error estimate:   0.2179E-03
 ------------------------------------------------------------------------------


      R M S  F L U C T U A T I O N S


 NSTEP =    50000   TIME(PS) =     120.000  TEMP(K) =     5.23  PRESS =     0.0
 Etot   =        74.5268  EKtot   =        33.8000  EPtot      =        68.1358
 BOND   =         2.1105  ANGLE   =         2.6671  DIHED      =         1.4400
 1-4 NB =         0.8791  1-4 EEL =         1.4143  VDWAALS    =        63.7509
 EELEC  =       108.3072  EHBOND  =         0.0000  RESTRAINT  =         1.5932
 EAMBER (non-restraint)  =        66.5426
 EKCMT  =         0.0000  VIRIAL  =         0.0000  VOLUME     =       699.6580
                                                    Density    =         0.0203
 Ewald error estimate:   0.1762E-03
 ------------------------------------------------------------------------------

| MC Barostat:        500 volume changes attempted.
| MC Barostat:        234 changes successful ( 46.80%)
 ------------------------------------------------------------------------------

--------------------------------------------------------------------------------
   5.  TIMINGS
--------------------------------------------------------------------------------

|  NonSetup CPU Time in Major Routines, Average for All Tasks:
|
|     Routine           Sec        %
|     ------------------------------
|     DataDistrib      10.17    9.77
|     Nonbond          88.44   84.95
|     Bond              0.13    0.13
|     Angle             0.16    0.15
|     Dihedral          0.20    0.20
|     Shake             0.60    0.58
|     RunMD             4.22    4.05
|     Other             0.19    0.18
|     ------------------------------
|     Total           104.12

|  PME Nonbond Pairlist CPU Time, Average for All Tasks:
|
|     Routine              Sec        %
|     ---------------------------------
|     Set Up Cit           0.29    0.28
|     Build List          10.52   10.11
|     ---------------------------------
|     Total               10.81   10.39

|  PME Direct Force CPU Time, Average for All Tasks:
|
|     Routine              Sec        %
|     ---------------------------------
|     NonBonded Calc      61.09   58.67
|     Exclude Masked       0.67    0.65
|     Other                2.44    2.34
|     ---------------------------------
|     Total               64.19   61.66

|  PME Reciprocal Force CPU Time, Average for All Tasks:
|
|     Routine              Sec        %
|     ---------------------------------
|     1D bspline           1.11    1.07
|     Grid Charges         1.22    1.17
|     Scalar Sum           1.17    1.12
|     Gradient Sum         2.12    2.04
|     FFT                  7.51    7.21
|     ---------------------------------
|     Total               13.14   12.62

|  PME Load Balancing CPU Time, Average for All Tasks:
|
|     Routine                 Sec        %
|     ------------------------------------
|     Atom Reassign           0.00    0.00
|     Image Reassign          0.00    0.00
|     FFT Reassign            0.00    0.00
|     ------------------------------------
|     Total                   0.01    0.01

|  Final Performance Info:
|     -----------------------------------------------------
|     Average timings for last   21000 steps:
|     Elapsed(s) =      43.64 Per Step(ms) =       2.08
|         ns/day =      83.16   seconds/ns =    1039.01
|
|     Average timings for all steps:
|     Elapsed(s) =     104.30 Per Step(ms) =       2.09
|         ns/day =      82.84   seconds/ns =    1042.99
|     -----------------------------------------------------

|  Master Setup CPU time:            0.03 seconds
|  Master NonSetup CPU time:       103.13 seconds
|  Master Total CPU time:          103.16 seconds     0.03 hours

|  Master Setup wall time:           1    seconds
|  Master NonSetup wall time:      104    seconds
|  Master Total wall time:         105    seconds     0.03 hours
