
          -------------------------------------------------------
          Amber 18 PMEMD                              2018
          -------------------------------------------------------

| PMEMD implementation of SANDER, Release 18

| Run on 03/23/2022 at 17:59:47

|   Executable path: pmemd.MPI
| Working directory: /bgfs/lchong/dty7/ff15ipq-lig/charges/gaff_02/GenConformers/Conf7
|          Hostname: smp-n123

  [-O]verwriting output

File Assignments:
|   MDIN: ../../../amber/6.3_eq2.in                                             
|  MDOUT: 6.3_eq2.out                                                           
| INPCRD: 6.2_eq1.rst                                                           
|   PARM: ../../mon.top                                                         
| RESTRT: 6.3_eq2.rst                                                           
|   REFC: 6.2_eq1.rst                                                           
|  MDVEL: mdvel                                                                 
|   MDEN: mden                                                                  
|  MDCRD: mdcrd                                                                 
| MDINFO: mdinfo                                                                
|LOGFILE: logfile                                                               
|  MDFRC: mdfrc                                                                 

 
 Here is the input file:
 
&cntrl                                                                         
  imin      = 0,                                                               
  irest     = 1,                                                               
  ntx       = 5,                                                               
  ig        = -1,                                                              
  dt        = 0.002,                                                           
  nstlim    = 50000,                                                           
  nscm      = 500,                                                             
  ntr       = 1,                                                               
  restraintmask = ':1',                                                        
  restraint_wt  = 10.0,                                                        
  ntb       = 2,                                                               
  ntp       = 1,                                                               
  barostat  = 2,                                                               
  pres0     = 1.0,                                                             
  mcbarint  = 100,                                                             
  comp      = 44.6,                                                            
  taup      = 1.0,                                                             
  ntt       = 3,                                                               
  temp0     = 298.0,                                                           
  gamma_ln  = 1.0,                                                             
  ntf       = 2,                                                               
  ntc       = 2,                                                               
  cut       = 10.0,                                                            
  ntpr      = 500,                                                             
  ntxo      = 1,                                                               
  ntwr      = 50000,                                                           
  ioutfm    = 1,                                                               
  ntwx      = 500,                                                             
  iwrap     = 1,                                                               
&end                                                                           


Note: ig = -1. Setting random seed to   425483 based on wallclock time in
      microseconds and disabling the synchronization of random numbers 
      between tasks to improve performance.
| irandom = 1, using AMBER's internal random number generator (default).
 
 
| Conditional Compilation Defines Used:
| MPI
| FFTW_FFT
| BINTRAJ
| MKL
| EMIL
 
| Largest sphere to fit in unit cell has radius =    14.753

| New format PARM file being parsed.
| Version =    1.000 Date = 03/23/22 Time = 14:37:26

| Note: 1-4 EEL scale factors are being read from the topology file.

| Note: 1-4 VDW scale factors are being read from the topology file.
| Duplicated    0 dihedrals

| Duplicated    0 dihedrals

--------------------------------------------------------------------------------
   1.  RESOURCE   USE: 
--------------------------------------------------------------------------------

 getting box info from netcdf restart file
 NATOM  =    3240 NTYPES =      13 NBONH =    3220 MBONA  =      21
 NTHETH =      33 MTHETA =      29 NPHIH =      60 MPHIA  =      45
 NHPARM =       0 NPARM  =       0 NNB   =    4456 NRES   =    1069
 NBONA  =      21 NTHETA =      29 NPHIA =      45 NUMBND =      22
 NUMANG =      35 NPTRA  =      18 NATYP =      17 NPHB   =       0
 IFBOX  =       2 NMXRS  =      36 IFCAP =       0 NEXTRA =       0
 NCOPY  =       0

| Coordinate Index Table dimensions:     5    5    5
| Direct force subcell size =     7.2273    7.2273    7.2273

     BOX TYPE: TRUNCATED OCTAHEDRON

--------------------------------------------------------------------------------
   2.  CONTROL  DATA  FOR  THE  RUN
--------------------------------------------------------------------------------

default_name                                                                    

General flags:
     imin    =       0, nmropt  =       0

Nature and format of input:
     ntx     =       5, irest   =       1, ntrx    =       1

Nature and format of output:
     ntxo    =       1, ntpr    =     500, ntrx    =       1, ntwr    =   50000
     iwrap   =       1, ntwx    =     500, ntwv    =       0, ntwe    =       0
     ioutfm  =       1, ntwprt  =       0, idecomp =       0, rbornstat=      0

Potential function:
     ntf     =       2, ntb     =       2, igb     =       0, nsnb    =      25
     ipol    =       0, gbsa    =       0, iesp    =       0
     dielc   =   1.00000, cut     =  10.00000, intdiel =   1.00000

Frozen or restrained atoms:
     ibelly  =       0, ntr     =       1
     restraint_wt =  10.00000

Molecular dynamics:
     nstlim  =     50000, nscm    =         0, nrespa  =         1
     t       =   0.00000, dt      =   0.00200, vlimit  =  20.00000

Langevin dynamics temperature regulation:
     ig      =  425483
     temp0   = 298.00000, tempi   =   0.00000, gamma_ln=   1.00000

Pressure regulation:
     ntp     =       1
     pres0   =   1.00000, comp    =  44.60000, taup    =   1.00000
     Monte-Carlo Barostat:
     mcbarint  =     100

SHAKE:
     ntc     =       2, jfastw  =       0
     tol     =   0.00001

| Intermolecular bonds treatment:
|     no_intermolecular_bonds =       1

| Energy averages sample interval:
|     ene_avg_sampling =     500

Ewald parameters:
     verbose =       0, ew_type =       0, nbflag  =       1, use_pme =       1
     vdwmeth =       1, eedmeth =       1, netfrc  =       1
     Box X =   36.137   Box Y =   36.137   Box Z =   36.137
     Alpha =  109.471   Beta  =  109.471   Gamma =  109.471
     NFFT1 =   40       NFFT2 =   40       NFFT3 =   40
     Cutoff=   10.000   Tol   =0.100E-04
     Ewald Coefficient =  0.27511
     Interpolation order =    4

| PMEMD ewald parallel performance parameters:
|     block_fft =    0
|     fft_blk_y_divisor =    2
|     excl_recip =    0
|     excl_master =    0
|     atm_redist_freq =  320

    LOADING THE CONSTRAINED ATOMS AS GROUPS


   5.  REFERENCE ATOM COORDINATES

  default_name                                                                    
     Mask :1; matches    36 atoms
| MONTE CARLO BAROSTAT IMPORTANT NOTE:
|   The Monte-Carlo barostat does not require the virial to adjust the system volume.
|   Since it is an expensive calculation, it is skipped for efficiency. A side-effect
|   is that the reported pressure is always 0 because it is not calculated.

--------------------------------------------------------------------------------
   3.  ATOMIC COORDINATES AND VELOCITIES
--------------------------------------------------------------------------------

default_name                                                                    
 begin time read from input coords =    20.000 ps

 
 Number of triangulated 3-point waters found:     1068

     Sum of charges from parm topology file =  -0.00010118
     Forcing neutrality...

| Dynamic Memory, Types Used:
| Reals             1243214
| Integers           213778

| Nonbonded Pairs Initial Allocation:      317358

| Running AMBER/MPI version on    8 MPI task

 
--------------------------------------------------------------------------------
   4.  RESULTS
--------------------------------------------------------------------------------

 ---------------------------------------------------
 APPROXIMATING switch and d/dx switch using CUBIC SPLINE INTERPOLATION
 using   5000.0 points per unit in tabled values
 TESTING RELATIVE ERROR over r ranging from 0.0 to cutoff
| CHECK switch(x): max rel err =   0.3316E-14   at   2.351880
| CHECK d/dx switch(x): max rel err =   0.8066E-11   at   2.747240
 ---------------------------------------------------
|---------------------------------------------------
| APPROXIMATING direct energy using CUBIC SPLINE INTERPOLATION
|  with   50.0 points per unit in tabled values
| Relative Error Limit not exceeded for r .gt.   2.34
| APPROXIMATING direct force using CUBIC SPLINE INTERPOLATION
|  with   50.0 points per unit in tabled values
| Relative Error Limit not exceeded for r .gt.   2.81
|---------------------------------------------------

 NSTEP =      500   TIME(PS) =      21.000  TEMP(K) =   293.30  PRESS =     0.0
 Etot   =    -10902.9212  EKtot   =      1894.2332  EPtot      =    -12797.1544
 BOND   =         5.6687  ANGLE   =        14.4595  DIHED      =        13.8472
 1-4 NB =        14.0400  1-4 EEL =      -674.5184  VDWAALS    =      2365.6644
 EELEC  =    -14543.3440  EHBOND  =         0.0000  RESTRAINT  =         7.0282
 EAMBER (non-restraint)  =    -12804.1826
 EKCMT  =         0.0000  VIRIAL  =         0.0000  VOLUME     =     35895.6008
                                                    Density    =         0.9036
 Ewald error estimate:   0.9404E-04
 ------------------------------------------------------------------------------


 NSTEP =     1000   TIME(PS) =      22.000  TEMP(K) =   285.23  PRESS =     0.0
 Etot   =    -10924.5119  EKtot   =      1842.1019  EPtot      =    -12766.6139
 BOND   =         9.5782  ANGLE   =        14.4050  DIHED      =        10.1748
 1-4 NB =        12.3943  1-4 EEL =      -670.0300  VDWAALS    =      2425.4172
 EELEC  =    -14576.0928  EHBOND  =         0.0000  RESTRAINT  =         7.5395
 EAMBER (non-restraint)  =    -12774.1533
 EKCMT  =         0.0000  VIRIAL  =         0.0000  VOLUME     =     35539.4904
                                                    Density    =         0.9127
 Ewald error estimate:   0.2949E-03
 ------------------------------------------------------------------------------


 NSTEP =     1500   TIME(PS) =      23.000  TEMP(K) =   296.78  PRESS =     0.0
 Etot   =    -10904.6816  EKtot   =      1916.7290  EPtot      =    -12821.4106
 BOND   =         7.7052  ANGLE   =        13.8336  DIHED      =        14.2363
 1-4 NB =        11.7115  1-4 EEL =      -670.6339  VDWAALS    =      2416.8018
 EELEC  =    -14621.9839  EHBOND  =         0.0000  RESTRAINT  =         6.9187
 EAMBER (non-restraint)  =    -12828.3293
 EKCMT  =         0.0000  VIRIAL  =         0.0000  VOLUME     =     34859.6881
                                                    Density    =         0.9305
 Ewald error estimate:   0.7467E-04
 ------------------------------------------------------------------------------


 NSTEP =     2000   TIME(PS) =      24.000  TEMP(K) =   300.34  PRESS =     0.0
 Etot   =    -10901.8788  EKtot   =      1939.6963  EPtot      =    -12841.5752
 BOND   =         8.9471  ANGLE   =        14.2387  DIHED      =        13.2254
 1-4 NB =        11.3976  1-4 EEL =      -674.5078  VDWAALS    =      2406.8807
 EELEC  =    -14631.0997  EHBOND  =         0.0000  RESTRAINT  =         9.3429
 EAMBER (non-restraint)  =    -12850.9181
 EKCMT  =         0.0000  VIRIAL  =         0.0000  VOLUME     =     34431.9535
                                                    Density    =         0.9420
 Ewald error estimate:   0.3335E-03
 ------------------------------------------------------------------------------


 NSTEP =     2500   TIME(PS) =      25.000  TEMP(K) =   302.10  PRESS =     0.0
 Etot   =    -10880.5436  EKtot   =      1951.0525  EPtot      =    -12831.5961
 BOND   =         4.8373  ANGLE   =        11.9280  DIHED      =        11.7407
 1-4 NB =        10.7570  1-4 EEL =      -663.0532  VDWAALS    =      2496.3150
 EELEC  =    -14714.3033  EHBOND  =         0.0000  RESTRAINT  =        10.1823
 EAMBER (non-restraint)  =    -12841.7784
 EKCMT  =         0.0000  VIRIAL  =         0.0000  VOLUME     =     33993.6754
                                                    Density    =         0.9542
 Ewald error estimate:   0.1428E-03
 ------------------------------------------------------------------------------


 NSTEP =     3000   TIME(PS) =      26.000  TEMP(K) =   297.56  PRESS =     0.0
 Etot   =    -10954.1323  EKtot   =      1921.7527  EPtot      =    -12875.8850
 BOND   =         5.1443  ANGLE   =         9.5451  DIHED      =        12.4498
 1-4 NB =        11.6511  1-4 EEL =      -669.9715  VDWAALS    =      2539.3343
 EELEC  =    -14793.1106  EHBOND  =         0.0000  RESTRAINT  =         9.0725
 EAMBER (non-restraint)  =    -12884.9575
 EKCMT  =         0.0000  VIRIAL  =         0.0000  VOLUME     =     33386.6548
                                                    Density    =         0.9715
 Ewald error estimate:   0.1549E-03
 ------------------------------------------------------------------------------


 NSTEP =     3500   TIME(PS) =      27.000  TEMP(K) =   287.87  PRESS =     0.0
 Etot   =    -11038.7147  EKtot   =      1859.1431  EPtot      =    -12897.8578
 BOND   =        11.4226  ANGLE   =        13.0991  DIHED      =        12.2982
 1-4 NB =        13.0482  1-4 EEL =      -673.7792  VDWAALS    =      2448.6468
 EELEC  =    -14728.0349  EHBOND  =         0.0000  RESTRAINT  =         5.4415
 EAMBER (non-restraint)  =    -12903.2993
 EKCMT  =         0.0000  VIRIAL  =         0.0000  VOLUME     =     33026.0338
                                                    Density    =         0.9822
 Ewald error estimate:   0.5386E-03
 ------------------------------------------------------------------------------


 NSTEP =     4000   TIME(PS) =      28.000  TEMP(K) =   292.54  PRESS =     0.0
 Etot   =    -11025.4013  EKtot   =      1889.3059  EPtot      =    -12914.7072
 BOND   =         8.6109  ANGLE   =        13.0258  DIHED      =        14.0731
 1-4 NB =        12.7771  1-4 EEL =      -669.1738  VDWAALS    =      2596.5267
 EELEC  =    -14899.2523  EHBOND  =         0.0000  RESTRAINT  =         8.7055
 EAMBER (non-restraint)  =    -12923.4127
 EKCMT  =         0.0000  VIRIAL  =         0.0000  VOLUME     =     32702.8805
                                                    Density    =         0.9919
 Ewald error estimate:   0.1778E-03
 ------------------------------------------------------------------------------


 NSTEP =     4500   TIME(PS) =      29.000  TEMP(K) =   292.61  PRESS =     0.0
 Etot   =    -11087.8503  EKtot   =      1889.7679  EPtot      =    -12977.6182
 BOND   =         6.3549  ANGLE   =        13.6355  DIHED      =        14.1058
 1-4 NB =        12.8050  1-4 EEL =      -674.2637  VDWAALS    =      2491.5847
 EELEC  =    -14851.6790  EHBOND  =         0.0000  RESTRAINT  =         9.8386
 EAMBER (non-restraint)  =    -12987.4568
 EKCMT  =         0.0000  VIRIAL  =         0.0000  VOLUME     =     32281.7000
                                                    Density    =         1.0048
 Ewald error estimate:   0.4238E-03
 ------------------------------------------------------------------------------


 NSTEP =     5000   TIME(PS) =      30.000  TEMP(K) =   292.63  PRESS =     0.0
 Etot   =    -10982.4018  EKtot   =      1889.8902  EPtot      =    -12872.2920
 BOND   =         9.8169  ANGLE   =        15.6311  DIHED      =        15.4082
 1-4 NB =        13.5758  1-4 EEL =      -679.4760  VDWAALS    =      2441.6196
 EELEC  =    -14697.5787  EHBOND  =         0.0000  RESTRAINT  =         8.7111
 EAMBER (non-restraint)  =    -12881.0031
 EKCMT  =         0.0000  VIRIAL  =         0.0000  VOLUME     =     32224.1730
                                                    Density    =         1.0066
 Ewald error estimate:   0.1766E-03
 ------------------------------------------------------------------------------


 NSTEP =     5500   TIME(PS) =      31.000  TEMP(K) =   303.02  PRESS =     0.0
 Etot   =    -10926.0868  EKtot   =      1956.9877  EPtot      =    -12883.0745
 BOND   =         9.9878  ANGLE   =        12.0166  DIHED      =        14.5246
 1-4 NB =        13.0466  1-4 EEL =      -676.5987  VDWAALS    =      2528.9042
 EELEC  =    -14793.4959  EHBOND  =         0.0000  RESTRAINT  =         8.5403
 EAMBER (non-restraint)  =    -12891.6148
 EKCMT  =         0.0000  VIRIAL  =         0.0000  VOLUME     =     31992.3891
                                                    Density    =         1.0139
 Ewald error estimate:   0.1665E-03
 ------------------------------------------------------------------------------


 NSTEP =     6000   TIME(PS) =      32.000  TEMP(K) =   296.62  PRESS =     0.0
 Etot   =    -10956.5378  EKtot   =      1915.7111  EPtot      =    -12872.2489
 BOND   =        14.3174  ANGLE   =        13.7568  DIHED      =        14.4100
 1-4 NB =        14.5080  1-4 EEL =      -682.6614  VDWAALS    =      2439.9858
 EELEC  =    -14693.8322  EHBOND  =         0.0000  RESTRAINT  =         7.2667
 EAMBER (non-restraint)  =    -12879.5156
 EKCMT  =         0.0000  VIRIAL  =         0.0000  VOLUME     =     32350.3926
                                                    Density    =         1.0027
 Ewald error estimate:   0.1748E-03
 ------------------------------------------------------------------------------


 NSTEP =     6500   TIME(PS) =      33.000  TEMP(K) =   296.40  PRESS =     0.0
 Etot   =    -10968.4951  EKtot   =      1914.2407  EPtot      =    -12882.7358
 BOND   =        11.4323  ANGLE   =         9.9459  DIHED      =        13.3737
 1-4 NB =        14.9052  1-4 EEL =      -677.4821  VDWAALS    =      2549.6359
 EELEC  =    -14810.0685  EHBOND  =         0.0000  RESTRAINT  =         5.5218
 EAMBER (non-restraint)  =    -12888.2576
 EKCMT  =         0.0000  VIRIAL  =         0.0000  VOLUME     =     32218.0964
                                                    Density    =         1.0068
 Ewald error estimate:   0.1732E-03
 ------------------------------------------------------------------------------


 NSTEP =     7000   TIME(PS) =      34.000  TEMP(K) =   304.71  PRESS =     0.0
 Etot   =    -10883.2458  EKtot   =      1967.8993  EPtot      =    -12851.1450
 BOND   =         6.8173  ANGLE   =        15.9269  DIHED      =        10.7121
 1-4 NB =        11.2207  1-4 EEL =      -670.2395  VDWAALS    =      2410.2560
 EELEC  =    -14643.0924  EHBOND  =         0.0000  RESTRAINT  =         7.2539
 EAMBER (non-restraint)  =    -12858.3989
 EKCMT  =         0.0000  VIRIAL  =         0.0000  VOLUME     =     32151.7843
                                                    Density    =         1.0089
 Ewald error estimate:   0.1531E-03
 ------------------------------------------------------------------------------


 NSTEP =     7500   TIME(PS) =      35.000  TEMP(K) =   297.59  PRESS =     0.0
 Etot   =    -10859.0748  EKtot   =      1921.9295  EPtot      =    -12781.0043
 BOND   =         8.5105  ANGLE   =        16.5551  DIHED      =        15.0005
 1-4 NB =        14.2005  1-4 EEL =      -677.4346  VDWAALS    =      2413.7773
 EELEC  =    -14579.0932  EHBOND  =         0.0000  RESTRAINT  =         7.4795
 EAMBER (non-restraint)  =    -12788.4839
 EKCMT  =         0.0000  VIRIAL  =         0.0000  VOLUME     =     32044.2432
                                                    Density    =         1.0122
 Ewald error estimate:   0.1103E-03
 ------------------------------------------------------------------------------


 NSTEP =     8000   TIME(PS) =      36.000  TEMP(K) =   302.80  PRESS =     0.0
 Etot   =    -10895.1251  EKtot   =      1955.5840  EPtot      =    -12850.7091
 BOND   =         3.6946  ANGLE   =        13.3597  DIHED      =        12.5361
 1-4 NB =        11.8289  1-4 EEL =      -666.1531  VDWAALS    =      2416.8012
 EELEC  =    -14650.2344  EHBOND  =         0.0000  RESTRAINT  =         7.4580
 EAMBER (non-restraint)  =    -12858.1670
 EKCMT  =         0.0000  VIRIAL  =         0.0000  VOLUME     =     31967.8766
                                                    Density    =         1.0147
 Ewald error estimate:   0.5590E-03
 ------------------------------------------------------------------------------


 NSTEP =     8500   TIME(PS) =      37.000  TEMP(K) =   302.65  PRESS =     0.0
 Etot   =    -10964.1473  EKtot   =      1954.6403  EPtot      =    -12918.7876
 BOND   =         7.1482  ANGLE   =        12.9369  DIHED      =        12.6945
 1-4 NB =        10.5569  1-4 EEL =      -667.6520  VDWAALS    =      2457.9129
 EELEC  =    -14759.4245  EHBOND  =         0.0000  RESTRAINT  =         7.0395
 EAMBER (non-restraint)  =    -12925.8270
 EKCMT  =         0.0000  VIRIAL  =         0.0000  VOLUME     =     31727.6305
                                                    Density    =         1.0223
 Ewald error estimate:   0.5607E-04
 ------------------------------------------------------------------------------


 NSTEP =     9000   TIME(PS) =      38.000  TEMP(K) =   297.89  PRESS =     0.0
 Etot   =    -10997.2642  EKtot   =      1923.8617  EPtot      =    -12921.1258
 BOND   =         5.6137  ANGLE   =        13.7998  DIHED      =        13.9689
 1-4 NB =        12.7513  1-4 EEL =      -675.6253  VDWAALS    =      2433.5565
 EELEC  =    -14733.0473  EHBOND  =         0.0000  RESTRAINT  =         7.8564
 EAMBER (non-restraint)  =    -12928.9823
 EKCMT  =         0.0000  VIRIAL  =         0.0000  VOLUME     =     31965.0667
                                                    Density    =         1.0148
 Ewald error estimate:   0.1018E-03
 ------------------------------------------------------------------------------


 NSTEP =     9500   TIME(PS) =      39.000  TEMP(K) =   304.15  PRESS =     0.0
 Etot   =    -10928.6496  EKtot   =      1964.3030  EPtot      =    -12892.9526
 BOND   =         5.2903  ANGLE   =        14.9184  DIHED      =        11.4684
 1-4 NB =        12.3751  1-4 EEL =      -667.7291  VDWAALS    =      2501.5376
 EELEC  =    -14779.2998  EHBOND  =         0.0000  RESTRAINT  =         8.4864
 EAMBER (non-restraint)  =    -12901.4391
 EKCMT  =         0.0000  VIRIAL  =         0.0000  VOLUME     =     32093.1826
                                                    Density    =         1.0107
 Ewald error estimate:   0.2396E-04
 ------------------------------------------------------------------------------


 NSTEP =    10000   TIME(PS) =      40.000  TEMP(K) =   299.29  PRESS =     0.0
 Etot   =    -11015.6324  EKtot   =      1932.9523  EPtot      =    -12948.5847
 BOND   =         5.3258  ANGLE   =        13.7660  DIHED      =        11.5274
 1-4 NB =        12.0214  1-4 EEL =      -667.6442  VDWAALS    =      2574.1304
 EELEC  =    -14905.3967  EHBOND  =         0.0000  RESTRAINT  =         7.6852
 EAMBER (non-restraint)  =    -12956.2699
 EKCMT  =         0.0000  VIRIAL  =         0.0000  VOLUME     =     32093.1826
                                                    Density    =         1.0107
 Ewald error estimate:   0.7393E-03
 ------------------------------------------------------------------------------


 NSTEP =    10500   TIME(PS) =      41.000  TEMP(K) =   303.44  PRESS =     0.0
 Etot   =    -10926.2218  EKtot   =      1959.7482  EPtot      =    -12885.9700
 BOND   =        10.8279  ANGLE   =        13.7767  DIHED      =        10.9066
 1-4 NB =        13.8165  1-4 EEL =      -675.4264  VDWAALS    =      2512.6238
 EELEC  =    -14779.5206  EHBOND  =         0.0000  RESTRAINT  =         7.0255
 EAMBER (non-restraint)  =    -12892.9955
 EKCMT  =         0.0000  VIRIAL  =         0.0000  VOLUME     =     32175.0318
                                                    Density    =         1.0081
 Ewald error estimate:   0.1279E-03
 ------------------------------------------------------------------------------


 NSTEP =    11000   TIME(PS) =      42.000  TEMP(K) =   302.26  PRESS =     0.0
 Etot   =    -10868.4490  EKtot   =      1952.1167  EPtot      =    -12820.5657
 BOND   =         6.4119  ANGLE   =        12.6139  DIHED      =        14.5581
 1-4 NB =        11.9261  1-4 EEL =      -668.3387  VDWAALS    =      2466.8857
 EELEC  =    -14672.6321  EHBOND  =         0.0000  RESTRAINT  =         8.0096
 EAMBER (non-restraint)  =    -12828.5753
 EKCMT  =         0.0000  VIRIAL  =         0.0000  VOLUME     =     32117.8894
                                                    Density    =         1.0099
 Ewald error estimate:   0.1238E-04
 ------------------------------------------------------------------------------


 NSTEP =    11500   TIME(PS) =      43.000  TEMP(K) =   303.28  PRESS =     0.0
 Etot   =    -10993.8633  EKtot   =      1958.7205  EPtot      =    -12952.5838
 BOND   =        12.6793  ANGLE   =        17.3133  DIHED      =        13.3379
 1-4 NB =        14.1811  1-4 EEL =      -677.4244  VDWAALS    =      2549.9840
 EELEC  =    -14893.2030  EHBOND  =         0.0000  RESTRAINT  =        10.5479
 EAMBER (non-restraint)  =    -12963.1318
 EKCMT  =         0.0000  VIRIAL  =         0.0000  VOLUME     =     31948.1466
                                                    Density    =         1.0153
 Ewald error estimate:   0.4642E-03
 ------------------------------------------------------------------------------


 NSTEP =    12000   TIME(PS) =      44.000  TEMP(K) =   301.14  PRESS =     0.0
 Etot   =    -11010.7425  EKtot   =      1944.8796  EPtot      =    -12955.6221
 BOND   =         4.7954  ANGLE   =        17.3717  DIHED      =        14.3917
 1-4 NB =        12.4171  1-4 EEL =      -669.4671  VDWAALS    =      2424.4852
 EELEC  =    -14767.5596  EHBOND  =         0.0000  RESTRAINT  =         7.9435
 EAMBER (non-restraint)  =    -12963.5656
 EKCMT  =         0.0000  VIRIAL  =         0.0000  VOLUME     =     32143.0047
                                                    Density    =         1.0091
 Ewald error estimate:   0.3291E-04
 ------------------------------------------------------------------------------


 NSTEP =    12500   TIME(PS) =      45.000  TEMP(K) =   291.13  PRESS =     0.0
 Etot   =    -11096.7706  EKtot   =      1880.2339  EPtot      =    -12977.0045
 BOND   =         6.4597  ANGLE   =        10.7700  DIHED      =        13.8284
 1-4 NB =        11.5842  1-4 EEL =      -671.1661  VDWAALS    =      2520.9137
 EELEC  =    -14878.7600  EHBOND  =         0.0000  RESTRAINT  =         9.3656
 EAMBER (non-restraint)  =    -12986.3701
 EKCMT  =         0.0000  VIRIAL  =         0.0000  VOLUME     =     32143.0047
                                                    Density    =         1.0091
 Ewald error estimate:   0.8013E-05
 ------------------------------------------------------------------------------


 NSTEP =    13000   TIME(PS) =      46.000  TEMP(K) =   295.96  PRESS =     0.0
 Etot   =    -11133.2569  EKtot   =      1911.4004  EPtot      =    -13044.6573
 BOND   =         6.2864  ANGLE   =        15.4302  DIHED      =         9.3295
 1-4 NB =        12.5795  1-4 EEL =      -668.7737  VDWAALS    =      2560.6539
 EELEC  =    -14987.9275  EHBOND  =         0.0000  RESTRAINT  =         7.7644
 EAMBER (non-restraint)  =    -13052.4217
 EKCMT  =         0.0000  VIRIAL  =         0.0000  VOLUME     =     31815.6421
                                                    Density    =         1.0195
 Ewald error estimate:   0.2989E-03
 ------------------------------------------------------------------------------


 NSTEP =    13500   TIME(PS) =      47.000  TEMP(K) =   295.05  PRESS =     0.0
 Etot   =    -11056.6021  EKtot   =      1905.5491  EPtot      =    -12962.1512
 BOND   =         6.1032  ANGLE   =        13.8515  DIHED      =        13.9143
 1-4 NB =        13.6801  1-4 EEL =      -679.0571  VDWAALS    =      2452.0103
 EELEC  =    -14790.8328  EHBOND  =         0.0000  RESTRAINT  =         8.1794
 EAMBER (non-restraint)  =    -12970.3305
 EKCMT  =         0.0000  VIRIAL  =         0.0000  VOLUME     =     31787.6788
                                                    Density    =         1.0204
 Ewald error estimate:   0.2049E-03
 ------------------------------------------------------------------------------


 NSTEP =    14000   TIME(PS) =      48.000  TEMP(K) =   297.68  PRESS =     0.0
 Etot   =    -11113.8474  EKtot   =      1922.5421  EPtot      =    -13036.3895
 BOND   =         9.9482  ANGLE   =        11.9861  DIHED      =        12.2058
 1-4 NB =        12.6509  1-4 EEL =      -674.7621  VDWAALS    =      2577.0082
 EELEC  =    -14990.9736  EHBOND  =         0.0000  RESTRAINT  =         5.5472
 EAMBER (non-restraint)  =    -13041.9366
 EKCMT  =         0.0000  VIRIAL  =         0.0000  VOLUME     =     31820.3749
                                                    Density    =         1.0194
 Ewald error estimate:   0.1870E-03
 ------------------------------------------------------------------------------


 NSTEP =    14500   TIME(PS) =      49.000  TEMP(K) =   289.61  PRESS =     0.0
 Etot   =    -11092.3905  EKtot   =      1870.4239  EPtot      =    -12962.8144
 BOND   =         6.2854  ANGLE   =        15.9145  DIHED      =        14.1044
 1-4 NB =        11.5421  1-4 EEL =      -666.3461  VDWAALS    =      2545.7138
 EELEC  =    -14897.6517  EHBOND  =         0.0000  RESTRAINT  =         7.6232
 EAMBER (non-restraint)  =    -12970.4376
 EKCMT  =         0.0000  VIRIAL  =         0.0000  VOLUME     =     32001.2167
                                                    Density    =         1.0136
 Ewald error estimate:   0.1952E-04
 ------------------------------------------------------------------------------


 NSTEP =    15000   TIME(PS) =      50.000  TEMP(K) =   292.41  PRESS =     0.0
 Etot   =    -11180.1122  EKtot   =      1888.5022  EPtot      =    -13068.6145
 BOND   =        12.1014  ANGLE   =        14.4373  DIHED      =        11.5726
 1-4 NB =        12.3922  1-4 EEL =      -675.8045  VDWAALS    =      2536.8312
 EELEC  =    -14985.1082  EHBOND  =         0.0000  RESTRAINT  =         4.9636
 EAMBER (non-restraint)  =    -13073.5781
 EKCMT  =         0.0000  VIRIAL  =         0.0000  VOLUME     =     32093.3043
                                                    Density    =         1.0107
 Ewald error estimate:   0.6883E-05
 ------------------------------------------------------------------------------


 NSTEP =    15500   TIME(PS) =      51.000  TEMP(K) =   296.77  PRESS =     0.0
 Etot   =    -11009.3590  EKtot   =      1916.6818  EPtot      =    -12926.0409
 BOND   =         3.5730  ANGLE   =        19.1563  DIHED      =        11.8595
 1-4 NB =        11.3277  1-4 EEL =      -668.0037  VDWAALS    =      2513.1467
 EELEC  =    -14826.0328  EHBOND  =         0.0000  RESTRAINT  =         8.9326
 EAMBER (non-restraint)  =    -12934.9734
 EKCMT  =         0.0000  VIRIAL  =         0.0000  VOLUME     =     32057.7324
                                                    Density    =         1.0118
 Ewald error estimate:   0.1523E-03
 ------------------------------------------------------------------------------


 NSTEP =    16000   TIME(PS) =      52.000  TEMP(K) =   300.02  PRESS =     0.0
 Etot   =    -11126.8551  EKtot   =      1937.6347  EPtot      =    -13064.4898
 BOND   =         9.0049  ANGLE   =        12.6244  DIHED      =        13.1973
 1-4 NB =        13.3417  1-4 EEL =      -676.2564  VDWAALS    =      2565.1547
 EELEC  =    -15008.8613  EHBOND  =         0.0000  RESTRAINT  =         7.3049
 EAMBER (non-restraint)  =    -13071.7946
 EKCMT  =         0.0000  VIRIAL  =         0.0000  VOLUME     =     31707.8032
                                                    Density    =         1.0230
 Ewald error estimate:   0.2676E-03
 ------------------------------------------------------------------------------


 NSTEP =    16500   TIME(PS) =      53.000  TEMP(K) =   291.36  PRESS =     0.0
 Etot   =    -11108.0806  EKtot   =      1881.7043  EPtot      =    -12989.7849
 BOND   =         8.4658  ANGLE   =        17.1430  DIHED      =        10.8496
 1-4 NB =        11.1758  1-4 EEL =      -668.7310  VDWAALS    =      2488.0256
 EELEC  =    -14863.2587  EHBOND  =         0.0000  RESTRAINT  =         6.5452
 EAMBER (non-restraint)  =    -12996.3300
 EKCMT  =         0.0000  VIRIAL  =         0.0000  VOLUME     =     31886.3470
                                                    Density    =         1.0173
 Ewald error estimate:   0.1001E-03
 ------------------------------------------------------------------------------


 NSTEP =    17000   TIME(PS) =      54.000  TEMP(K) =   301.20  PRESS =     0.0
 Etot   =    -11085.5202  EKtot   =      1945.2355  EPtot      =    -13030.7556
 BOND   =        11.0366  ANGLE   =        14.6736  DIHED      =        15.6734
 1-4 NB =        12.9895  1-4 EEL =      -672.7800  VDWAALS    =      2447.2686
 EELEC  =    -14865.1208  EHBOND  =         0.0000  RESTRAINT  =         5.5036
 EAMBER (non-restraint)  =    -13036.2593
 EKCMT  =         0.0000  VIRIAL  =         0.0000  VOLUME     =     31730.7786
                                                    Density    =         1.0222
 Ewald error estimate:   0.1234E-04
 ------------------------------------------------------------------------------


 NSTEP =    17500   TIME(PS) =      55.000  TEMP(K) =   296.44  PRESS =     0.0
 Etot   =    -11021.9457  EKtot   =      1914.5193  EPtot      =    -12936.4650
 BOND   =         6.7082  ANGLE   =        11.5821  DIHED      =        14.2169
 1-4 NB =        11.8397  1-4 EEL =      -666.3302  VDWAALS    =      2501.0757
 EELEC  =    -14822.9687  EHBOND  =         0.0000  RESTRAINT  =         7.4112
 EAMBER (non-restraint)  =    -12943.8762
 EKCMT  =         0.0000  VIRIAL  =         0.0000  VOLUME     =     31814.0557
                                                    Density    =         1.0196
 Ewald error estimate:   0.1310E-03
 ------------------------------------------------------------------------------


 NSTEP =    18000   TIME(PS) =      56.000  TEMP(K) =   303.33  PRESS =     0.0
 Etot   =    -11006.1642  EKtot   =      1958.9925  EPtot      =    -12965.1567
 BOND   =         7.7629  ANGLE   =        12.3630  DIHED      =        14.4816
 1-4 NB =        11.8563  1-4 EEL =      -668.5437  VDWAALS    =      2511.3087
 EELEC  =    -14861.0464  EHBOND  =         0.0000  RESTRAINT  =         6.6608
 EAMBER (non-restraint)  =    -12971.8175
 EKCMT  =         0.0000  VIRIAL  =         0.0000  VOLUME     =     31716.6155
                                                    Density    =         1.0227
 Ewald error estimate:   0.1274E-03
 ------------------------------------------------------------------------------


 NSTEP =    18500   TIME(PS) =      57.000  TEMP(K) =   300.34  PRESS =     0.0
 Etot   =    -10962.9995  EKtot   =      1939.7310  EPtot      =    -12902.7305
 BOND   =         5.5719  ANGLE   =        14.5282  DIHED      =        13.5800
 1-4 NB =        11.2359  1-4 EEL =      -669.6682  VDWAALS    =      2549.8477
 EELEC  =    -14834.9245  EHBOND  =         0.0000  RESTRAINT  =         7.0986
 EAMBER (non-restraint)  =    -12909.8291
 EKCMT  =         0.0000  VIRIAL  =         0.0000  VOLUME     =     31933.7223
                                                    Density    =         1.0157
 Ewald error estimate:   0.3304E-03
 ------------------------------------------------------------------------------


 NSTEP =    19000   TIME(PS) =      58.000  TEMP(K) =   294.25  PRESS =     0.0
 Etot   =    -10979.5345  EKtot   =      1900.3755  EPtot      =    -12879.9100
 BOND   =         9.8602  ANGLE   =        15.1023  DIHED      =         9.7271
 1-4 NB =        14.7093  1-4 EEL =      -682.5554  VDWAALS    =      2483.5991
 EELEC  =    -14738.2144  EHBOND  =         0.0000  RESTRAINT  =         7.8618
 EAMBER (non-restraint)  =    -12887.7718
 EKCMT  =         0.0000  VIRIAL  =         0.0000  VOLUME     =     32196.1340
                                                    Density    =         1.0075
 Ewald error estimate:   0.7748E-04
 ------------------------------------------------------------------------------


 NSTEP =    19500   TIME(PS) =      59.000  TEMP(K) =   293.05  PRESS =     0.0
 Etot   =    -10978.6929  EKtot   =      1892.6177  EPtot      =    -12871.3106
 BOND   =        10.3720  ANGLE   =        15.3359  DIHED      =        15.9857
 1-4 NB =        12.4993  1-4 EEL =      -672.0573  VDWAALS    =      2436.9007
 EELEC  =    -14701.4712  EHBOND  =         0.0000  RESTRAINT  =        11.1241
 EAMBER (non-restraint)  =    -12882.4348
 EKCMT  =         0.0000  VIRIAL  =         0.0000  VOLUME     =     32196.1340
                                                    Density    =         1.0075
 Ewald error estimate:   0.2132E-03
 ------------------------------------------------------------------------------


 NSTEP =    20000   TIME(PS) =      60.000  TEMP(K) =   303.76  PRESS =     0.0
 Etot   =    -11032.1947  EKtot   =      1961.7670  EPtot      =    -12993.9617
 BOND   =        11.4336  ANGLE   =        19.9538  DIHED      =        12.1004
 1-4 NB =        12.3163  1-4 EEL =      -670.2462  VDWAALS    =      2462.4757
 EELEC  =    -14849.8427  EHBOND  =         0.0000  RESTRAINT  =         7.8475
 EAMBER (non-restraint)  =    -13001.8092
 EKCMT  =         0.0000  VIRIAL  =         0.0000  VOLUME     =     32156.7372
                                                    Density    =         1.0087
 Ewald error estimate:   0.2727E-03
 ------------------------------------------------------------------------------


 NSTEP =    20500   TIME(PS) =      61.000  TEMP(K) =   293.65  PRESS =     0.0
 Etot   =    -11060.9568  EKtot   =      1896.4881  EPtot      =    -12957.4449
 BOND   =        13.3214  ANGLE   =        10.2581  DIHED      =        13.6026
 1-4 NB =        14.2800  1-4 EEL =      -677.0308  VDWAALS    =      2470.9944
 EELEC  =    -14812.4580  EHBOND  =         0.0000  RESTRAINT  =         9.5875
 EAMBER (non-restraint)  =    -12967.0324
 EKCMT  =         0.0000  VIRIAL  =         0.0000  VOLUME     =     31917.0417
                                                    Density    =         1.0163
 Ewald error estimate:   0.1775E-05
 ------------------------------------------------------------------------------


 NSTEP =    21000   TIME(PS) =      62.000  TEMP(K) =   298.49  PRESS =     0.0
 Etot   =    -11056.8551  EKtot   =      1927.7498  EPtot      =    -12984.6049
 BOND   =         9.3626  ANGLE   =        11.2668  DIHED      =        16.7206
 1-4 NB =        15.4059  1-4 EEL =      -674.2427  VDWAALS    =      2468.3893
 EELEC  =    -14840.7135  EHBOND  =         0.0000  RESTRAINT  =         9.2060
 EAMBER (non-restraint)  =    -12993.8110
 EKCMT  =         0.0000  VIRIAL  =         0.0000  VOLUME     =     32045.9307
                                                    Density    =         1.0122
 Ewald error estimate:   0.4297E-03
 ------------------------------------------------------------------------------


 NSTEP =    21500   TIME(PS) =      63.000  TEMP(K) =   296.17  PRESS =     0.0
 Etot   =    -11045.7257  EKtot   =      1912.7664  EPtot      =    -12958.4921
 BOND   =         8.2647  ANGLE   =        11.3358  DIHED      =        16.1597
 1-4 NB =        12.0685  1-4 EEL =      -672.9663  VDWAALS    =      2386.7960
 EELEC  =    -14726.8968  EHBOND  =         0.0000  RESTRAINT  =         6.7464
 EAMBER (non-restraint)  =    -12965.2385
 EKCMT  =         0.0000  VIRIAL  =         0.0000  VOLUME     =     31846.7026
                                                    Density    =         1.0185
 Ewald error estimate:   0.9210E-05
 ------------------------------------------------------------------------------


 NSTEP =    22000   TIME(PS) =      64.000  TEMP(K) =   288.04  PRESS =     0.0
 Etot   =    -11007.0292  EKtot   =      1860.2456  EPtot      =    -12867.2748
 BOND   =         4.5369  ANGLE   =        14.7090  DIHED      =        10.1524
 1-4 NB =        11.8034  1-4 EEL =      -669.1496  VDWAALS    =      2539.4492
 EELEC  =    -14787.4962  EHBOND  =         0.0000  RESTRAINT  =         8.7201
 EAMBER (non-restraint)  =    -12875.9949
 EKCMT  =         0.0000  VIRIAL  =         0.0000  VOLUME     =     31929.3123
                                                    Density    =         1.0159
 Ewald error estimate:   0.5665E-04
 ------------------------------------------------------------------------------


 NSTEP =    22500   TIME(PS) =      65.000  TEMP(K) =   290.59  PRESS =     0.0
 Etot   =    -11057.4499  EKtot   =      1876.7708  EPtot      =    -12934.2206
 BOND   =         8.8151  ANGLE   =        14.0062  DIHED      =        13.9841
 1-4 NB =        12.4620  1-4 EEL =      -676.4870  VDWAALS    =      2517.5896
 EELEC  =    -14831.7150  EHBOND  =         0.0000  RESTRAINT  =         7.1244
 EAMBER (non-restraint)  =    -12941.3451
 EKCMT  =         0.0000  VIRIAL  =         0.0000  VOLUME     =     32058.8828
                                                    Density    =         1.0118
 Ewald error estimate:   0.1332E-03
 ------------------------------------------------------------------------------


 NSTEP =    23000   TIME(PS) =      66.000  TEMP(K) =   288.87  PRESS =     0.0
 Etot   =    -11042.0902  EKtot   =      1865.6319  EPtot      =    -12907.7221
 BOND   =        12.3627  ANGLE   =        16.3971  DIHED      =        11.1414
 1-4 NB =        12.1242  1-4 EEL =      -676.7950  VDWAALS    =      2390.5072
 EELEC  =    -14683.7588  EHBOND  =         0.0000  RESTRAINT  =        10.2991
 EAMBER (non-restraint)  =    -12918.0212
 EKCMT  =         0.0000  VIRIAL  =         0.0000  VOLUME     =     32108.2990
                                                    Density    =         1.0102
 Ewald error estimate:   0.3739E-04
 ------------------------------------------------------------------------------


 NSTEP =    23500   TIME(PS) =      67.000  TEMP(K) =   304.97  PRESS =     0.0
 Etot   =    -10905.4666  EKtot   =      1969.6240  EPtot      =    -12875.0906
 BOND   =         4.5517  ANGLE   =        17.6395  DIHED      =        13.8207
 1-4 NB =        12.6004  1-4 EEL =      -671.0505  VDWAALS    =      2459.9435
 EELEC  =    -14722.2111  EHBOND  =         0.0000  RESTRAINT  =         9.6153
 EAMBER (non-restraint)  =    -12884.7059
 EKCMT  =         0.0000  VIRIAL  =         0.0000  VOLUME     =     32250.6575
                                                    Density    =         1.0058
 Ewald error estimate:   0.1874E-03
 ------------------------------------------------------------------------------


 NSTEP =    24000   TIME(PS) =      68.000  TEMP(K) =   297.39  PRESS =     0.0
 Etot   =    -10851.6684  EKtot   =      1920.6508  EPtot      =    -12772.3193
 BOND   =         4.2784  ANGLE   =        12.6825  DIHED      =        12.3893
 1-4 NB =        11.3665  1-4 EEL =      -664.8720  VDWAALS    =      2444.1220
 EELEC  =    -14598.0688  EHBOND  =         0.0000  RESTRAINT  =         5.7828
 EAMBER (non-restraint)  =    -12778.1021
 EKCMT  =         0.0000  VIRIAL  =         0.0000  VOLUME     =     32297.9781
                                                    Density    =         1.0043
 Ewald error estimate:   0.2463E-04
 ------------------------------------------------------------------------------


 NSTEP =    24500   TIME(PS) =      69.000  TEMP(K) =   301.45  PRESS =     0.0
 Etot   =    -10888.3792  EKtot   =      1946.8963  EPtot      =    -12835.2755
 BOND   =         7.2083  ANGLE   =        13.4170  DIHED      =        13.0001
 1-4 NB =        11.1732  1-4 EEL =      -667.9776  VDWAALS    =      2436.5050
 EELEC  =    -14657.4765  EHBOND  =         0.0000  RESTRAINT  =         8.8750
 EAMBER (non-restraint)  =    -12844.1505
 EKCMT  =         0.0000  VIRIAL  =         0.0000  VOLUME     =     32140.4977
                                                    Density    =         1.0092
 Ewald error estimate:   0.2345E-04
 ------------------------------------------------------------------------------


 NSTEP =    25000   TIME(PS) =      70.000  TEMP(K) =   298.42  PRESS =     0.0
 Etot   =    -11010.2205  EKtot   =      1927.3266  EPtot      =    -12937.5471
 BOND   =         7.8109  ANGLE   =        14.2485  DIHED      =        13.4531
 1-4 NB =        10.0791  1-4 EEL =      -667.6194  VDWAALS    =      2527.5112
 EELEC  =    -14849.9753  EHBOND  =         0.0000  RESTRAINT  =         6.9447
 EAMBER (non-restraint)  =    -12944.4918
 EKCMT  =         0.0000  VIRIAL  =         0.0000  VOLUME     =     32038.9707
                                                    Density    =         1.0124
 Ewald error estimate:   0.5769E-04
 ------------------------------------------------------------------------------


 NSTEP =    25500   TIME(PS) =      71.000  TEMP(K) =   289.53  PRESS =     0.0
 Etot   =    -11037.8926  EKtot   =      1869.9001  EPtot      =    -12907.7927
 BOND   =         8.1555  ANGLE   =        12.3108  DIHED      =        11.3406
 1-4 NB =        12.0947  1-4 EEL =      -670.0798  VDWAALS    =      2435.1457
 EELEC  =    -14726.6643  EHBOND  =         0.0000  RESTRAINT  =         9.9042
 EAMBER (non-restraint)  =    -12917.6969
 EKCMT  =         0.0000  VIRIAL  =         0.0000  VOLUME     =     32563.8836
                                                    Density    =         0.9961
 Ewald error estimate:   0.5904E-04
 ------------------------------------------------------------------------------


 NSTEP =    26000   TIME(PS) =      72.000  TEMP(K) =   304.04  PRESS =     0.0
 Etot   =    -10990.7183  EKtot   =      1963.6223  EPtot      =    -12954.3406
 BOND   =         7.9262  ANGLE   =        10.7433  DIHED      =        12.7583
 1-4 NB =        11.6865  1-4 EEL =      -675.1731  VDWAALS    =      2460.7232
 EELEC  =    -14790.1787  EHBOND  =         0.0000  RESTRAINT  =         7.1737
 EAMBER (non-restraint)  =    -12961.5143
 EKCMT  =         0.0000  VIRIAL  =         0.0000  VOLUME     =     32352.2568
                                                    Density    =         1.0026
 Ewald error estimate:   0.3486E-03
 ------------------------------------------------------------------------------


 NSTEP =    26500   TIME(PS) =      73.000  TEMP(K) =   300.14  PRESS =     0.0
 Etot   =    -10892.7178  EKtot   =      1938.4461  EPtot      =    -12831.1639
 BOND   =         6.9812  ANGLE   =        14.1857  DIHED      =        13.3125
 1-4 NB =        10.7461  1-4 EEL =      -667.0847  VDWAALS    =      2375.2390
 EELEC  =    -14594.2395  EHBOND  =         0.0000  RESTRAINT  =         9.6958
 EAMBER (non-restraint)  =    -12840.8597
 EKCMT  =         0.0000  VIRIAL  =         0.0000  VOLUME     =     32279.6226
                                                    Density    =         1.0049
 Ewald error estimate:   0.1446E-03
 ------------------------------------------------------------------------------


 NSTEP =    27000   TIME(PS) =      74.000  TEMP(K) =   299.80  PRESS =     0.0
 Etot   =    -10877.2800  EKtot   =      1936.2419  EPtot      =    -12813.5219
 BOND   =        10.0346  ANGLE   =        14.0012  DIHED      =        13.3281
 1-4 NB =        12.6284  1-4 EEL =      -666.8866  VDWAALS    =      2457.4494
 EELEC  =    -14660.9589  EHBOND  =         0.0000  RESTRAINT  =         6.8819
 EAMBER (non-restraint)  =    -12820.4038
 EKCMT  =         0.0000  VIRIAL  =         0.0000  VOLUME     =     32461.8055
                                                    Density    =         0.9992
 Ewald error estimate:   0.5820E-04
 ------------------------------------------------------------------------------


 NSTEP =    27500   TIME(PS) =      75.000  TEMP(K) =   310.37  PRESS =     0.0
 Etot   =    -10836.1021  EKtot   =      2004.4841  EPtot      =    -12840.5861
 BOND   =         7.2660  ANGLE   =        13.2569  DIHED      =        13.8138
 1-4 NB =        11.5453  1-4 EEL =      -671.1117  VDWAALS    =      2409.3367
 EELEC  =    -14632.7673  EHBOND  =         0.0000  RESTRAINT  =         8.0739
 EAMBER (non-restraint)  =    -12848.6601
 EKCMT  =         0.0000  VIRIAL  =         0.0000  VOLUME     =     32448.6296
                                                    Density    =         0.9996
 Ewald error estimate:   0.1360E-03
 ------------------------------------------------------------------------------


 NSTEP =    28000   TIME(PS) =      76.000  TEMP(K) =   297.57  PRESS =     0.0
 Etot   =    -10901.2674  EKtot   =      1921.8149  EPtot      =    -12823.0823
 BOND   =         9.4299  ANGLE   =        11.3173  DIHED      =        12.3818
 1-4 NB =        12.6605  1-4 EEL =      -675.0565  VDWAALS    =      2359.2176
 EELEC  =    -14561.1860  EHBOND  =         0.0000  RESTRAINT  =         8.1531
 EAMBER (non-restraint)  =    -12831.2354
 EKCMT  =         0.0000  VIRIAL  =         0.0000  VOLUME     =     32637.7442
                                                    Density    =         0.9938
 Ewald error estimate:   0.1806E-03
 ------------------------------------------------------------------------------


 NSTEP =    28500   TIME(PS) =      77.000  TEMP(K) =   300.40  PRESS =     0.0
 Etot   =    -10957.8396  EKtot   =      1940.0631  EPtot      =    -12897.9027
 BOND   =         6.9070  ANGLE   =        13.5213  DIHED      =        13.3899
 1-4 NB =        11.5050  1-4 EEL =      -670.1318  VDWAALS    =      2491.8985
 EELEC  =    -14771.4853  EHBOND  =         0.0000  RESTRAINT  =         6.4927
 EAMBER (non-restraint)  =    -12904.3954
 EKCMT  =         0.0000  VIRIAL  =         0.0000  VOLUME     =     32281.2002
                                                    Density    =         1.0048
 Ewald error estimate:   0.1470E-03
 ------------------------------------------------------------------------------


 NSTEP =    29000   TIME(PS) =      78.000  TEMP(K) =   301.40  PRESS =     0.0
 Etot   =    -10965.5143  EKtot   =      1946.5410  EPtot      =    -12912.0553
 BOND   =        14.7129  ANGLE   =        15.1771  DIHED      =        13.1008
 1-4 NB =        11.7084  1-4 EEL =      -676.3091  VDWAALS    =      2379.6896
 EELEC  =    -14677.6482  EHBOND  =         0.0000  RESTRAINT  =         7.5132
 EAMBER (non-restraint)  =    -12919.5685
 EKCMT  =         0.0000  VIRIAL  =         0.0000  VOLUME     =     32229.9128
                                                    Density    =         1.0064
 Ewald error estimate:   0.1346E-03
 ------------------------------------------------------------------------------


 NSTEP =    29500   TIME(PS) =      79.000  TEMP(K) =   296.62  PRESS =     0.0
 Etot   =    -10965.4532  EKtot   =      1915.7096  EPtot      =    -12881.1627
 BOND   =         9.7657  ANGLE   =        11.5237  DIHED      =        16.3899
 1-4 NB =        11.8602  1-4 EEL =      -669.1199  VDWAALS    =      2480.3091
 EELEC  =    -14748.9421  EHBOND  =         0.0000  RESTRAINT  =         7.0506
 EAMBER (non-restraint)  =    -12888.2134
 EKCMT  =         0.0000  VIRIAL  =         0.0000  VOLUME     =     32092.8287
                                                    Density    =         1.0107
 Ewald error estimate:   0.1386E-04
 ------------------------------------------------------------------------------


 NSTEP =    30000   TIME(PS) =      80.000  TEMP(K) =   291.13  PRESS =     0.0
 Etot   =    -11100.2326  EKtot   =      1880.1946  EPtot      =    -12980.4272
 BOND   =         5.4671  ANGLE   =        13.1183  DIHED      =        14.3557
 1-4 NB =        10.9805  1-4 EEL =      -665.4041  VDWAALS    =      2483.7271
 EELEC  =    -14854.1949  EHBOND  =         0.0000  RESTRAINT  =        11.5230
 EAMBER (non-restraint)  =    -12991.9502
 EKCMT  =         0.0000  VIRIAL  =         0.0000  VOLUME     =     32341.2988
                                                    Density    =         1.0029
 Ewald error estimate:   0.1534E-04
 ------------------------------------------------------------------------------


 NSTEP =    30500   TIME(PS) =      81.000  TEMP(K) =   295.75  PRESS =     0.0
 Etot   =    -11067.7852  EKtot   =      1910.0659  EPtot      =    -12977.8512
 BOND   =         9.8829  ANGLE   =        10.8308  DIHED      =        13.9646
 1-4 NB =        12.5675  1-4 EEL =      -679.1257  VDWAALS    =      2487.5854
 EELEC  =    -14843.3754  EHBOND  =         0.0000  RESTRAINT  =         9.8188
 EAMBER (non-restraint)  =    -12987.6699
 EKCMT  =         0.0000  VIRIAL  =         0.0000  VOLUME     =     32241.4605
                                                    Density    =         1.0061
 Ewald error estimate:   0.7446E-03
 ------------------------------------------------------------------------------


 NSTEP =    31000   TIME(PS) =      82.000  TEMP(K) =   298.34  PRESS =     0.0
 Etot   =    -11006.7530  EKtot   =      1926.8144  EPtot      =    -12933.5674
 BOND   =         9.9778  ANGLE   =        11.2849  DIHED      =        13.0804
 1-4 NB =        14.2928  1-4 EEL =      -672.0478  VDWAALS    =      2406.8810
 EELEC  =    -14724.8347  EHBOND  =         0.0000  RESTRAINT  =         7.7982
 EAMBER (non-restraint)  =    -12941.3656
 EKCMT  =         0.0000  VIRIAL  =         0.0000  VOLUME     =     32439.4464
                                                    Density    =         0.9999
 Ewald error estimate:   0.1475E-03
 ------------------------------------------------------------------------------


 NSTEP =    31500   TIME(PS) =      83.000  TEMP(K) =   293.26  PRESS =     0.0
 Etot   =    -11010.8571  EKtot   =      1894.0117  EPtot      =    -12904.8688
 BOND   =         8.4938  ANGLE   =        12.1033  DIHED      =        15.1951
 1-4 NB =        12.9269  1-4 EEL =      -672.5170  VDWAALS    =      2413.4187
 EELEC  =    -14701.7887  EHBOND  =         0.0000  RESTRAINT  =         7.2990
 EAMBER (non-restraint)  =    -12912.1679
 EKCMT  =         0.0000  VIRIAL  =         0.0000  VOLUME     =     32270.6153
                                                    Density    =         1.0051
 Ewald error estimate:   0.3915E-03
 ------------------------------------------------------------------------------


 NSTEP =    32000   TIME(PS) =      84.000  TEMP(K) =   290.38  PRESS =     0.0
 Etot   =    -10954.5692  EKtot   =      1875.3624  EPtot      =    -12829.9316
 BOND   =         5.8975  ANGLE   =        15.6102  DIHED      =        10.8394
 1-4 NB =        12.7550  1-4 EEL =      -672.4436  VDWAALS    =      2483.5995
 EELEC  =    -14692.4731  EHBOND  =         0.0000  RESTRAINT  =         6.2835
 EAMBER (non-restraint)  =    -12836.2151
 EKCMT  =         0.0000  VIRIAL  =         0.0000  VOLUME     =     32316.9294
                                                    Density    =         1.0037
 Ewald error estimate:   0.1930E-03
 ------------------------------------------------------------------------------


 NSTEP =    32500   TIME(PS) =      85.000  TEMP(K) =   307.70  PRESS =     0.0
 Etot   =    -10951.0240  EKtot   =      1987.2103  EPtot      =    -12938.2342
 BOND   =         3.8738  ANGLE   =        12.9012  DIHED      =        12.7931
 1-4 NB =        12.6419  1-4 EEL =      -668.6865  VDWAALS    =      2498.6266
 EELEC  =    -14819.8111  EHBOND  =         0.0000  RESTRAINT  =         9.4269
 EAMBER (non-restraint)  =    -12947.6612
 EKCMT  =         0.0000  VIRIAL  =         0.0000  VOLUME     =     32455.5177
                                                    Density    =         0.9994
 Ewald error estimate:   0.1961E-03
 ------------------------------------------------------------------------------


 NSTEP =    33000   TIME(PS) =      86.000  TEMP(K) =   294.84  PRESS =     0.0
 Etot   =    -11003.6947  EKtot   =      1904.2087  EPtot      =    -12907.9034
 BOND   =         7.0650  ANGLE   =        19.1237  DIHED      =        13.9307
 1-4 NB =        12.6935  1-4 EEL =      -673.7518  VDWAALS    =      2495.6963
 EELEC  =    -14788.5954  EHBOND  =         0.0000  RESTRAINT  =         5.9345
 EAMBER (non-restraint)  =    -12913.8379
 EKCMT  =         0.0000  VIRIAL  =         0.0000  VOLUME     =     32032.7708
                                                    Density    =         1.0126
 Ewald error estimate:   0.2115E-03
 ------------------------------------------------------------------------------


 NSTEP =    33500   TIME(PS) =      87.000  TEMP(K) =   293.16  PRESS =     0.0
 Etot   =    -11002.2675  EKtot   =      1893.3349  EPtot      =    -12895.6024
 BOND   =         9.7580  ANGLE   =        12.9621  DIHED      =        11.9034
 1-4 NB =        12.2685  1-4 EEL =      -671.3393  VDWAALS    =      2459.1260
 EELEC  =    -14737.4190  EHBOND  =         0.0000  RESTRAINT  =         7.1379
 EAMBER (non-restraint)  =    -12902.7403
 EKCMT  =         0.0000  VIRIAL  =         0.0000  VOLUME     =     32154.5425
                                                    Density    =         1.0088
 Ewald error estimate:   0.2954E-03
 ------------------------------------------------------------------------------


 NSTEP =    34000   TIME(PS) =      88.000  TEMP(K) =   297.28  PRESS =     0.0
 Etot   =    -11017.6282  EKtot   =      1919.9609  EPtot      =    -12937.5891
 BOND   =         8.1133  ANGLE   =        11.4106  DIHED      =        13.4803
 1-4 NB =        12.3468  1-4 EEL =      -674.9115  VDWAALS    =      2537.2896
 EELEC  =    -14850.9811  EHBOND  =         0.0000  RESTRAINT  =         5.6630
 EAMBER (non-restraint)  =    -12943.2521
 EKCMT  =         0.0000  VIRIAL  =         0.0000  VOLUME     =     32408.8017
                                                    Density    =         1.0009
 Ewald error estimate:   0.2983E-03
 ------------------------------------------------------------------------------


 NSTEP =    34500   TIME(PS) =      89.000  TEMP(K) =   308.87  PRESS =     0.0
 Etot   =    -10931.4336  EKtot   =      1994.8159  EPtot      =    -12926.2495
 BOND   =        11.0408  ANGLE   =        13.8442  DIHED      =        11.0596
 1-4 NB =        13.0030  1-4 EEL =      -674.0406  VDWAALS    =      2439.4592
 EELEC  =    -14748.1331  EHBOND  =         0.0000  RESTRAINT  =         7.5175
 EAMBER (non-restraint)  =    -12933.7670
 EKCMT  =         0.0000  VIRIAL  =         0.0000  VOLUME     =     32385.4296
                                                    Density    =         1.0016
 Ewald error estimate:   0.1453E-03
 ------------------------------------------------------------------------------


 NSTEP =    35000   TIME(PS) =      90.000  TEMP(K) =   300.53  PRESS =     0.0
 Etot   =    -10955.5547  EKtot   =      1940.9193  EPtot      =    -12896.4740
 BOND   =         7.2924  ANGLE   =        14.6715  DIHED      =        16.8583
 1-4 NB =        14.0979  1-4 EEL =      -676.0271  VDWAALS    =      2437.6471
 EELEC  =    -14720.9412  EHBOND  =         0.0000  RESTRAINT  =         9.9272
 EAMBER (non-restraint)  =    -12906.4012
 EKCMT  =         0.0000  VIRIAL  =         0.0000  VOLUME     =     32495.5776
                                                    Density    =         0.9982
 Ewald error estimate:   0.3174E-03
 ------------------------------------------------------------------------------


 NSTEP =    35500   TIME(PS) =      91.000  TEMP(K) =   304.27  PRESS =     0.0
 Etot   =    -10949.3806  EKtot   =      1965.1129  EPtot      =    -12914.4935
 BOND   =         7.0401  ANGLE   =        19.3640  DIHED      =        12.5881
 1-4 NB =        11.8367  1-4 EEL =      -668.9438  VDWAALS    =      2574.4767
 EELEC  =    -14878.6068  EHBOND  =         0.0000  RESTRAINT  =         7.7517
 EAMBER (non-restraint)  =    -12922.2451
 EKCMT  =         0.0000  VIRIAL  =         0.0000  VOLUME     =     32569.2756
                                                    Density    =         0.9959
 Ewald error estimate:   0.9128E-04
 ------------------------------------------------------------------------------


 NSTEP =    36000   TIME(PS) =      92.000  TEMP(K) =   302.62  PRESS =     0.0
 Etot   =    -10953.6487  EKtot   =      1954.4280  EPtot      =    -12908.0766
 BOND   =         7.2362  ANGLE   =        20.3511  DIHED      =        12.0033
 1-4 NB =        12.4389  1-4 EEL =      -672.9149  VDWAALS    =      2520.3628
 EELEC  =    -14814.4145  EHBOND  =         0.0000  RESTRAINT  =         6.8604
 EAMBER (non-restraint)  =    -12914.9370
 EKCMT  =         0.0000  VIRIAL  =         0.0000  VOLUME     =     32585.2458
                                                    Density    =         0.9954
 Ewald error estimate:   0.1832E-03
 ------------------------------------------------------------------------------


 NSTEP =    36500   TIME(PS) =      93.000  TEMP(K) =   291.33  PRESS =     0.0
 Etot   =    -11033.9253  EKtot   =      1881.5484  EPtot      =    -12915.4737
 BOND   =         5.1651  ANGLE   =        12.2714  DIHED      =        12.5895
 1-4 NB =        11.6254  1-4 EEL =      -665.7357  VDWAALS    =      2440.2988
 EELEC  =    -14739.3083  EHBOND  =         0.0000  RESTRAINT  =         7.6200
 EAMBER (non-restraint)  =    -12923.0937
 EKCMT  =         0.0000  VIRIAL  =         0.0000  VOLUME     =     32603.4295
                                                    Density    =         0.9949
 Ewald error estimate:   0.2327E-03
 ------------------------------------------------------------------------------


 NSTEP =    37000   TIME(PS) =      94.000  TEMP(K) =   298.79  PRESS =     0.0
 Etot   =    -11044.0632  EKtot   =      1929.6810  EPtot      =    -12973.7442
 BOND   =         9.2282  ANGLE   =        15.3273  DIHED      =        10.5729
 1-4 NB =        11.8350  1-4 EEL =      -668.8772  VDWAALS    =      2494.0969
 EELEC  =    -14855.5624  EHBOND  =         0.0000  RESTRAINT  =         9.6351
 EAMBER (non-restraint)  =    -12983.3793
 EKCMT  =         0.0000  VIRIAL  =         0.0000  VOLUME     =     32603.4295
                                                    Density    =         0.9949
 Ewald error estimate:   0.6000E-03
 ------------------------------------------------------------------------------


 NSTEP =    37500   TIME(PS) =      95.000  TEMP(K) =   297.26  PRESS =     0.0
 Etot   =    -11071.0701  EKtot   =      1919.7961  EPtot      =    -12990.8662
 BOND   =         8.2016  ANGLE   =        14.2906  DIHED      =        12.6292
 1-4 NB =        11.3797  1-4 EEL =      -671.2658  VDWAALS    =      2590.3838
 EELEC  =    -14964.6878  EHBOND  =         0.0000  RESTRAINT  =         8.2027
 EAMBER (non-restraint)  =    -12999.0689
 EKCMT  =         0.0000  VIRIAL  =         0.0000  VOLUME     =     32322.2672
                                                    Density    =         1.0035
 Ewald error estimate:   0.8076E-04
 ------------------------------------------------------------------------------


 NSTEP =    38000   TIME(PS) =      96.000  TEMP(K) =   294.65  PRESS =     0.0
 Etot   =    -11040.6745  EKtot   =      1902.9481  EPtot      =    -12943.6226
 BOND   =        12.1337  ANGLE   =        13.5993  DIHED      =        11.7335
 1-4 NB =        10.5848  1-4 EEL =      -669.1409  VDWAALS    =      2586.6400
 EELEC  =    -14918.0973  EHBOND  =         0.0000  RESTRAINT  =         8.9243
 EAMBER (non-restraint)  =    -12952.5469
 EKCMT  =         0.0000  VIRIAL  =         0.0000  VOLUME     =     32095.2583
                                                    Density    =         1.0106
 Ewald error estimate:   0.1622E-03
 ------------------------------------------------------------------------------


 NSTEP =    38500   TIME(PS) =      97.000  TEMP(K) =   298.18  PRESS =     0.0
 Etot   =    -11050.8780  EKtot   =      1925.7400  EPtot      =    -12976.6180
 BOND   =        13.6467  ANGLE   =        12.8070  DIHED      =        13.6989
 1-4 NB =        13.7235  1-4 EEL =      -674.6483  VDWAALS    =      2608.3067
 EELEC  =    -14974.5651  EHBOND  =         0.0000  RESTRAINT  =        10.4126
 EAMBER (non-restraint)  =    -12987.0306
 EKCMT  =         0.0000  VIRIAL  =         0.0000  VOLUME     =     31974.3666
                                                    Density    =         1.0145
 Ewald error estimate:   0.8903E-04
 ------------------------------------------------------------------------------


 NSTEP =    39000   TIME(PS) =      98.000  TEMP(K) =   299.74  PRESS =     0.0
 Etot   =    -11053.1401  EKtot   =      1935.8226  EPtot      =    -12988.9627
 BOND   =         9.9776  ANGLE   =        11.3734  DIHED      =        14.1707
 1-4 NB =        12.5352  1-4 EEL =      -669.0749  VDWAALS    =      2397.6480
 EELEC  =    -14771.4923  EHBOND  =         0.0000  RESTRAINT  =         5.8996
 EAMBER (non-restraint)  =    -12994.8622
 EKCMT  =         0.0000  VIRIAL  =         0.0000  VOLUME     =     32231.1208
                                                    Density    =         1.0064
 Ewald error estimate:   0.1126E-03
 ------------------------------------------------------------------------------


 NSTEP =    39500   TIME(PS) =      99.000  TEMP(K) =   304.65  PRESS =     0.0
 Etot   =    -10978.3195  EKtot   =      1967.5483  EPtot      =    -12945.8678
 BOND   =         6.1387  ANGLE   =        15.2003  DIHED      =        12.7868
 1-4 NB =        11.9849  1-4 EEL =      -672.9067  VDWAALS    =      2530.2069
 EELEC  =    -14856.5444  EHBOND  =         0.0000  RESTRAINT  =         7.2657
 EAMBER (non-restraint)  =    -12953.1335
 EKCMT  =         0.0000  VIRIAL  =         0.0000  VOLUME     =     31949.6565
                                                    Density    =         1.0152
 Ewald error estimate:   0.5128E-05
 ------------------------------------------------------------------------------


 NSTEP =    40000   TIME(PS) =     100.000  TEMP(K) =   297.96  PRESS =     0.0
 Etot   =    -11005.5330  EKtot   =      1924.3474  EPtot      =    -12929.8805
 BOND   =         3.6812  ANGLE   =        13.2945  DIHED      =        12.5548
 1-4 NB =        11.4755  1-4 EEL =      -664.6136  VDWAALS    =      2408.8888
 EELEC  =    -14725.5098  EHBOND  =         0.0000  RESTRAINT  =        10.3481
 EAMBER (non-restraint)  =    -12940.2286
 EKCMT  =         0.0000  VIRIAL  =         0.0000  VOLUME     =     32134.0510
                                                    Density    =         1.0094
 Ewald error estimate:   0.9220E-04
 ------------------------------------------------------------------------------


 NSTEP =    40500   TIME(PS) =     101.000  TEMP(K) =   303.04  PRESS =     0.0
 Etot   =    -10819.1942  EKtot   =      1957.1688  EPtot      =    -12776.3629
 BOND   =        14.4113  ANGLE   =        15.7017  DIHED      =        12.2495
 1-4 NB =        13.9553  1-4 EEL =      -680.7524  VDWAALS    =      2498.4616
 EELEC  =    -14660.6898  EHBOND  =         0.0000  RESTRAINT  =        10.2999
 EAMBER (non-restraint)  =    -12786.6628
 EKCMT  =         0.0000  VIRIAL  =         0.0000  VOLUME     =     32363.8884
                                                    Density    =         1.0022
 Ewald error estimate:   0.1949E-03
 ------------------------------------------------------------------------------


 NSTEP =    41000   TIME(PS) =     102.000  TEMP(K) =   295.59  PRESS =     0.0
 Etot   =    -10914.8508  EKtot   =      1909.0252  EPtot      =    -12823.8760
 BOND   =        10.8747  ANGLE   =        13.7964  DIHED      =        12.2020
 1-4 NB =        14.2094  1-4 EEL =      -676.9555  VDWAALS    =      2535.6273
 EELEC  =    -14742.4641  EHBOND  =         0.0000  RESTRAINT  =         8.8339
 EAMBER (non-restraint)  =    -12832.7099
 EKCMT  =         0.0000  VIRIAL  =         0.0000  VOLUME     =     32294.7613
                                                    Density    =         1.0044
 Ewald error estimate:   0.1933E-03
 ------------------------------------------------------------------------------


 NSTEP =    41500   TIME(PS) =     103.000  TEMP(K) =   304.52  PRESS =     0.0
 Etot   =    -10976.7894  EKtot   =      1966.7331  EPtot      =    -12943.5225
 BOND   =         5.3846  ANGLE   =        10.0777  DIHED      =        11.7952
 1-4 NB =        12.3292  1-4 EEL =      -671.4922  VDWAALS    =      2460.1290
 EELEC  =    -14780.8416  EHBOND  =         0.0000  RESTRAINT  =         9.0956
 EAMBER (non-restraint)  =    -12952.6181
 EKCMT  =         0.0000  VIRIAL  =         0.0000  VOLUME     =     31782.1061
                                                    Density    =         1.0206
 Ewald error estimate:   0.8827E-04
 ------------------------------------------------------------------------------


 NSTEP =    42000   TIME(PS) =     104.000  TEMP(K) =   297.08  PRESS =     0.0
 Etot   =    -10898.5671  EKtot   =      1918.6231  EPtot      =    -12817.1901
 BOND   =         6.6133  ANGLE   =        14.6393  DIHED      =        13.8306
 1-4 NB =        10.0327  1-4 EEL =      -664.9775  VDWAALS    =      2497.1844
 EELEC  =    -14701.9947  EHBOND  =         0.0000  RESTRAINT  =         7.4818
 EAMBER (non-restraint)  =    -12824.6720
 EKCMT  =         0.0000  VIRIAL  =         0.0000  VOLUME     =     31996.8252
                                                    Density    =         1.0137
 Ewald error estimate:   0.3035E-03
 ------------------------------------------------------------------------------


 NSTEP =    42500   TIME(PS) =     105.000  TEMP(K) =   296.21  PRESS =     0.0
 Etot   =    -10981.0565  EKtot   =      1913.0470  EPtot      =    -12894.1035
 BOND   =         7.8287  ANGLE   =        24.8967  DIHED      =        11.2314
 1-4 NB =        13.9416  1-4 EEL =      -670.3090  VDWAALS    =      2488.7211
 EELEC  =    -14780.0488  EHBOND  =         0.0000  RESTRAINT  =         9.6348
 EAMBER (non-restraint)  =    -12903.7383
 EKCMT  =         0.0000  VIRIAL  =         0.0000  VOLUME     =     31881.0946
                                                    Density    =         1.0174
 Ewald error estimate:   0.1636E-03
 ------------------------------------------------------------------------------


 NSTEP =    43000   TIME(PS) =     106.000  TEMP(K) =   293.39  PRESS =     0.0
 Etot   =    -10986.9449  EKtot   =      1894.8153  EPtot      =    -12881.7602
 BOND   =         5.6921  ANGLE   =        18.5643  DIHED      =        14.1928
 1-4 NB =        11.7540  1-4 EEL =      -675.0546  VDWAALS    =      2496.9436
 EELEC  =    -14762.7062  EHBOND  =         0.0000  RESTRAINT  =         8.8538
 EAMBER (non-restraint)  =    -12890.6140
 EKCMT  =         0.0000  VIRIAL  =         0.0000  VOLUME     =     32313.1818
                                                    Density    =         1.0038
 Ewald error estimate:   0.2688E-03
 ------------------------------------------------------------------------------


 NSTEP =    43500   TIME(PS) =     107.000  TEMP(K) =   292.58  PRESS =     0.0
 Etot   =    -10972.1016  EKtot   =      1889.5955  EPtot      =    -12861.6971
 BOND   =         9.0934  ANGLE   =        13.8327  DIHED      =        16.9063
 1-4 NB =        12.4416  1-4 EEL =      -675.9540  VDWAALS    =      2411.9513
 EELEC  =    -14657.3791  EHBOND  =         0.0000  RESTRAINT  =         7.4107
 EAMBER (non-restraint)  =    -12869.1079
 EKCMT  =         0.0000  VIRIAL  =         0.0000  VOLUME     =     32510.5166
                                                    Density    =         0.9977
 Ewald error estimate:   0.2650E-03
 ------------------------------------------------------------------------------


 NSTEP =    44000   TIME(PS) =     108.000  TEMP(K) =   301.73  PRESS =     0.0
 Etot   =    -10913.3435  EKtot   =      1948.7037  EPtot      =    -12862.0472
 BOND   =         6.5769  ANGLE   =        19.1734  DIHED      =        11.9968
 1-4 NB =        12.9318  1-4 EEL =      -671.4145  VDWAALS    =      2455.2952
 EELEC  =    -14701.6287  EHBOND  =         0.0000  RESTRAINT  =         5.0218
 EAMBER (non-restraint)  =    -12867.0690
 EKCMT  =         0.0000  VIRIAL  =         0.0000  VOLUME     =     32167.8581
                                                    Density    =         1.0084
 Ewald error estimate:   0.3475E-03
 ------------------------------------------------------------------------------


 NSTEP =    44500   TIME(PS) =     109.000  TEMP(K) =   296.93  PRESS =     0.0
 Etot   =    -10913.3422  EKtot   =      1917.6770  EPtot      =    -12831.0193
 BOND   =         5.1303  ANGLE   =        15.5049  DIHED      =        12.2399
 1-4 NB =        12.4470  1-4 EEL =      -671.1999  VDWAALS    =      2436.7999
 EELEC  =    -14650.8021  EHBOND  =         0.0000  RESTRAINT  =         8.8607
 EAMBER (non-restraint)  =    -12839.8799
 EKCMT  =         0.0000  VIRIAL  =         0.0000  VOLUME     =     32114.1560
                                                    Density    =         1.0100
 Ewald error estimate:   0.1447E-03
 ------------------------------------------------------------------------------


 NSTEP =    45000   TIME(PS) =     110.000  TEMP(K) =   304.57  PRESS =     0.0
 Etot   =    -10985.2020  EKtot   =      1967.0323  EPtot      =    -12952.2344
 BOND   =         6.3191  ANGLE   =        14.0258  DIHED      =        14.5356
 1-4 NB =        12.2715  1-4 EEL =      -671.0233  VDWAALS    =      2458.4811
 EELEC  =    -14795.4882  EHBOND  =         0.0000  RESTRAINT  =         8.6439
 EAMBER (non-restraint)  =    -12960.8783
 EKCMT  =         0.0000  VIRIAL  =         0.0000  VOLUME     =     31911.0660
                                                    Density    =         1.0165
 Ewald error estimate:   0.7678E-04
 ------------------------------------------------------------------------------


 NSTEP =    45500   TIME(PS) =     111.000  TEMP(K) =   295.90  PRESS =     0.0
 Etot   =    -10997.6479  EKtot   =      1911.0143  EPtot      =    -12908.6622
 BOND   =         8.8187  ANGLE   =        12.6934  DIHED      =        11.0879
 1-4 NB =        12.3923  1-4 EEL =      -672.7550  VDWAALS    =      2491.5358
 EELEC  =    -14780.1783  EHBOND  =         0.0000  RESTRAINT  =         7.7429
 EAMBER (non-restraint)  =    -12916.4051
 EKCMT  =         0.0000  VIRIAL  =         0.0000  VOLUME     =     32118.4418
                                                    Density    =         1.0099
 Ewald error estimate:   0.7111E-04
 ------------------------------------------------------------------------------


 NSTEP =    46000   TIME(PS) =     112.000  TEMP(K) =   301.26  PRESS =     0.0
 Etot   =    -11046.9932  EKtot   =      1945.6787  EPtot      =    -12992.6718
 BOND   =         7.1644  ANGLE   =        11.2065  DIHED      =        14.2007
 1-4 NB =        12.2587  1-4 EEL =      -673.4241  VDWAALS    =      2527.5012
 EELEC  =    -14901.7748  EHBOND  =         0.0000  RESTRAINT  =        10.1955
 EAMBER (non-restraint)  =    -13002.8673
 EKCMT  =         0.0000  VIRIAL  =         0.0000  VOLUME     =     31956.7045
                                                    Density    =         1.0150
 Ewald error estimate:   0.8222E-04
 ------------------------------------------------------------------------------


 NSTEP =    46500   TIME(PS) =     113.000  TEMP(K) =   303.72  PRESS =     0.0
 Etot   =    -10968.4656  EKtot   =      1961.5223  EPtot      =    -12929.9878
 BOND   =         2.1712  ANGLE   =        12.0198  DIHED      =        12.0284
 1-4 NB =        12.1953  1-4 EEL =      -669.3640  VDWAALS    =      2536.5643
 EELEC  =    -14842.8975  EHBOND  =         0.0000  RESTRAINT  =         7.2947
 EAMBER (non-restraint)  =    -12937.2826
 EKCMT  =         0.0000  VIRIAL  =         0.0000  VOLUME     =     31977.5783
                                                    Density    =         1.0144
 Ewald error estimate:   0.1736E-03
 ------------------------------------------------------------------------------


 NSTEP =    47000   TIME(PS) =     114.000  TEMP(K) =   303.76  PRESS =     0.0
 Etot   =    -10994.1216  EKtot   =      1961.8222  EPtot      =    -12955.9438
 BOND   =         5.5682  ANGLE   =        12.1883  DIHED      =        11.3747
 1-4 NB =        12.0006  1-4 EEL =      -674.2402  VDWAALS    =      2574.2285
 EELEC  =    -14907.3321  EHBOND  =         0.0000  RESTRAINT  =        10.2682
 EAMBER (non-restraint)  =    -12966.2120
 EKCMT  =         0.0000  VIRIAL  =         0.0000  VOLUME     =     31784.1900
                                                    Density    =         1.0205
 Ewald error estimate:   0.2557E-03
 ------------------------------------------------------------------------------


 NSTEP =    47500   TIME(PS) =     115.000  TEMP(K) =   311.68  PRESS =     0.0
 Etot   =    -10995.5426  EKtot   =      2012.9469  EPtot      =    -13008.4895
 BOND   =        10.7332  ANGLE   =        10.8284  DIHED      =        14.0825
 1-4 NB =        13.8468  1-4 EEL =      -676.2441  VDWAALS    =      2451.7490
 EELEC  =    -14841.9044  EHBOND  =         0.0000  RESTRAINT  =         8.4191
 EAMBER (non-restraint)  =    -13016.9086
 EKCMT  =         0.0000  VIRIAL  =         0.0000  VOLUME     =     32010.5137
                                                    Density    =         1.0133
 Ewald error estimate:   0.9919E-04
 ------------------------------------------------------------------------------


 NSTEP =    48000   TIME(PS) =     116.000  TEMP(K) =   306.01  PRESS =     0.0
 Etot   =    -11000.6517  EKtot   =      1976.3500  EPtot      =    -12977.0017
 BOND   =         4.4790  ANGLE   =        14.2987  DIHED      =        14.5919
 1-4 NB =        12.5804  1-4 EEL =      -671.3913  VDWAALS    =      2545.5738
 EELEC  =    -14904.1634  EHBOND  =         0.0000  RESTRAINT  =         7.0291
 EAMBER (non-restraint)  =    -12984.0308
 EKCMT  =         0.0000  VIRIAL  =         0.0000  VOLUME     =     32096.9707
                                                    Density    =         1.0106
 Ewald error estimate:   0.2994E-03
 ------------------------------------------------------------------------------


 NSTEP =    48500   TIME(PS) =     117.000  TEMP(K) =   291.93  PRESS =     0.0
 Etot   =    -11043.8453  EKtot   =      1885.3931  EPtot      =    -12929.2384
 BOND   =         5.9436  ANGLE   =        14.9119  DIHED      =        15.1484
 1-4 NB =        13.1043  1-4 EEL =      -677.4274  VDWAALS    =      2501.7366
 EELEC  =    -14811.7735  EHBOND  =         0.0000  RESTRAINT  =         9.1176
 EAMBER (non-restraint)  =    -12938.3560
 EKCMT  =         0.0000  VIRIAL  =         0.0000  VOLUME     =     32140.2669
                                                    Density    =         1.0092
 Ewald error estimate:   0.1687E-03
 ------------------------------------------------------------------------------


 NSTEP =    49000   TIME(PS) =     118.000  TEMP(K) =   302.82  PRESS =     0.0
 Etot   =    -11065.2709  EKtot   =      1955.7370  EPtot      =    -13021.0080
 BOND   =         8.9871  ANGLE   =        13.2729  DIHED      =        15.1847
 1-4 NB =        12.5839  1-4 EEL =      -673.2415  VDWAALS    =      2588.9661
 EELEC  =    -14997.9404  EHBOND  =         0.0000  RESTRAINT  =        11.1792
 EAMBER (non-restraint)  =    -13032.1871
 EKCMT  =         0.0000  VIRIAL  =         0.0000  VOLUME     =     32186.1902
                                                    Density    =         1.0078
 Ewald error estimate:   0.1566E-03
 ------------------------------------------------------------------------------


 NSTEP =    49500   TIME(PS) =     119.000  TEMP(K) =   297.41  PRESS =     0.0
 Etot   =    -11100.2043  EKtot   =      1920.8078  EPtot      =    -13021.0121
 BOND   =         5.8071  ANGLE   =        15.0054  DIHED      =        11.7649
 1-4 NB =        12.8852  1-4 EEL =      -671.4807  VDWAALS    =      2464.5564
 EELEC  =    -14870.6385  EHBOND  =         0.0000  RESTRAINT  =        11.0879
 EAMBER (non-restraint)  =    -13032.1000
 EKCMT  =         0.0000  VIRIAL  =         0.0000  VOLUME     =     32177.6965
                                                    Density    =         1.0080
 Ewald error estimate:   0.3290E-03
 ------------------------------------------------------------------------------


 NSTEP =    50000   TIME(PS) =     120.000  TEMP(K) =   299.64  PRESS =     0.0
 Etot   =    -10972.9825  EKtot   =      1935.1817  EPtot      =    -12908.1642
 BOND   =        12.1406  ANGLE   =        12.7140  DIHED      =        19.2307
 1-4 NB =        11.5819  1-4 EEL =      -676.4134  VDWAALS    =      2429.9091
 EELEC  =    -14726.2157  EHBOND  =         0.0000  RESTRAINT  =         8.8886
 EAMBER (non-restraint)  =    -12917.0528
 EKCMT  =         0.0000  VIRIAL  =         0.0000  VOLUME     =     32257.3580
                                                    Density    =         1.0056
 Ewald error estimate:   0.2580E-03
 ------------------------------------------------------------------------------


      A V E R A G E S   O V E R     100 S T E P S


 NSTEP =    50000   TIME(PS) =     120.000  TEMP(K) =   298.17  PRESS =     0.0
 Etot   =    -10988.6108  EKtot   =      1925.6888  EPtot      =    -12914.2995
 BOND   =         8.0265  ANGLE   =        14.0380  DIHED      =        13.1850
 1-4 NB =        12.4317  1-4 EEL =      -672.1304  VDWAALS    =      2480.9830
 EELEC  =    -14778.9441  EHBOND  =         0.0000  RESTRAINT  =         8.1108
 EAMBER (non-restraint)  =    -12922.4103
 EKCMT  =         0.0000  VIRIAL  =         0.0000  VOLUME     =     32310.2106
                                                    Density    =         1.0043
 Ewald error estimate:   0.1845E-03
 ------------------------------------------------------------------------------


      R M S  F L U C T U A T I O N S


 NSTEP =    50000   TIME(PS) =     120.000  TEMP(K) =     5.21  PRESS =     0.0
 Etot   =        71.6773  EKtot   =        33.6396  EPtot      =        66.0408
 BOND   =         2.6879  ANGLE   =         2.5196  DIHED      =         1.7012
 1-4 NB =         1.0574  1-4 EEL =         4.0922  VDWAALS    =        57.8618
 EELEC  =       104.4915  EHBOND  =         0.0000  RESTRAINT  =         1.4876
 EAMBER (non-restraint)  =        64.5532
 EKCMT  =         0.0000  VIRIAL  =         0.0000  VOLUME     =       679.5418
                                                    Density    =         0.0197
 Ewald error estimate:   0.1496E-03
 ------------------------------------------------------------------------------

| MC Barostat:        500 volume changes attempted.
| MC Barostat:        228 changes successful ( 45.60%)
 ------------------------------------------------------------------------------

--------------------------------------------------------------------------------
   5.  TIMINGS
--------------------------------------------------------------------------------

|  NonSetup CPU Time in Major Routines, Average for All Tasks:
|
|     Routine           Sec        %
|     ------------------------------
|     DataDistrib      10.83   10.33
|     Nonbond          88.49   84.43
|     Bond              0.13    0.13
|     Angle             0.16    0.15
|     Dihedral          0.20    0.19
|     Shake             0.61    0.58
|     RunMD             4.20    4.01
|     Other             0.19    0.18
|     ------------------------------
|     Total           104.80

|  PME Nonbond Pairlist CPU Time, Average for All Tasks:
|
|     Routine              Sec        %
|     ---------------------------------
|     Set Up Cit           0.28    0.27
|     Build List          10.49   10.01
|     ---------------------------------
|     Total               10.77   10.28

|  PME Direct Force CPU Time, Average for All Tasks:
|
|     Routine              Sec        %
|     ---------------------------------
|     NonBonded Calc      61.15   58.35
|     Exclude Masked       0.67    0.64
|     Other                2.39    2.28
|     ---------------------------------
|     Total               64.21   61.27

|  PME Reciprocal Force CPU Time, Average for All Tasks:
|
|     Routine              Sec        %
|     ---------------------------------
|     1D bspline           1.11    1.06
|     Grid Charges         1.22    1.16
|     Scalar Sum           1.17    1.12
|     Gradient Sum         2.12    2.03
|     FFT                  7.58    7.23
|     ---------------------------------
|     Total               13.20   12.59

|  PME Load Balancing CPU Time, Average for All Tasks:
|
|     Routine                 Sec        %
|     ------------------------------------
|     Atom Reassign           0.00    0.00
|     Image Reassign          0.01    0.01
|     FFT Reassign            0.00    0.00
|     ------------------------------------
|     Total                   0.01    0.01

|  Final Performance Info:
|     -----------------------------------------------------
|     Average timings for last   21000 steps:
|     Elapsed(s) =      44.12 Per Step(ms) =       2.10
|         ns/day =      82.25   seconds/ns =    1050.46
|
|     Average timings for all steps:
|     Elapsed(s) =     105.06 Per Step(ms) =       2.10
|         ns/day =      82.24   seconds/ns =    1050.62
|     -----------------------------------------------------

|  Master Setup CPU time:            0.03 seconds
|  Master NonSetup CPU time:       103.12 seconds
|  Master Total CPU time:          103.16 seconds     0.03 hours

|  Master Setup wall time:           1    seconds
|  Master NonSetup wall time:      105    seconds
|  Master Total wall time:         106    seconds     0.03 hours
